1981
1961
1929
1935
2094
1983
2007
1992
2023
2048
1975
2012
2059
2000
2015
2000
2005
1981
2001
2039
2021
1965
2044
2061
1985
1947
1976
2006
1950
2008
1959
1934
2069
2079
2014
2017
2006
1919
2032
2061
2000
2009
2026
2020
2022
1983
1949
2073
2030
2022
2076
1962
1987
1927
2052
2035
1994
1953
1953
2000
2012
2018
1931
1985
2019
2016
1961
2087
2036
2028
1933
1970
1969
1915
2048
1992
2007
1987
2005
1991
2029
2028
1939
2096
1985
1983
1901
1949
1961
2007
2014
1951
2002
2029
1907
1910
2052
2003
2089
1954
2031
1953
2008
1949
2061
2000
1992
1965
1960
1987
2035
1972
2037
2002
2009
2072
2045
2013
2028
2086
2048
2067
1996
2027
1962
1967
1948
2007
2015
2012
2026
1959
2009
1934
2049
1985
2044
2047
1963
2072
2016
2082
2016
2027
1967
1988
2025
1978
2036
2014
1990
2030
1927
2039
1989
1995
2043
2032
2014
2054
1921
2089
1994
1922
1964
2048
2059
2087
2022
2019
1965
2016
2039
1967
2029
1983
1961
1966
1976
1949
2048
1952
2030
2028
1924
1955
2038
2004
1937
2040
1970
1943
1969
2009
2009
1992
2034
2037
1937
1985
1946
2001
1934
1995
2017
1973
1996
2039
2022
1934
1995
2010
2041
1956
1960
2042
2017
2013
1949
1985
2046
2076
1973
1992
2018
2024
1901
1969
2047
1976
2025
1928
1980
2023
2004
1943
1930
1931
2040
1990
1970
2021
1990
1994
2030
2094
2023
1959
1984
1987
1960
1957
2006
1991
1975
1996
2005
1991
1935
1949
2036
1980
1962
2084
2037
2042
2038
2000
1978
1984
2054
1946
1990
1983
2036
2107
1995
1979
1994
1957
2079
2024
1952
1966
2085
1963
2002
1966
2007
2020
1976
2017
2045
1988
2034
2087
2038
1989
1964
2025
1994
2037
1990
2009
1973
1943
2002
1960
2034
1917
1981
2024
2045
1982
2030
1947
2044
2012
2065
1976
2039
2020
1999
2027
2076
2025
1985
1963
2057
1992
1997
1909
2006
2010
1994
1917
2013
1968
2015
2021
1953
2040
1980
2008
2015
1947
1943
1999
1967
2018
2008
2010
2006
2028
2035
1909
1979
1963
2021
2044
1984
1995
1966
2013
1951
2063
1975
1950
2021
2044
2012
2009
2093
1980
1938
2037
2023
1938
2003
1969
2035
2081
1926
2029
2040
1966
2006
1949
1957
2007
1971
1975
1994
1991
1970
2035
1987
2031
1989
1933
1973
1969
2050
2063
2045
1943
1982
1920
2053
2062
2028
2013
1957
2063
2022
2094
2015
2009
2095
2000
1949
1929
2032
1992
2075
1995
2022
1887
2081
1993
1977
1985
2053
1927
1948
2022
2051
2009
2021
2029
1871
2024
2026
1996
2028
1966
2055
1992
1958
2000
1966
1965
2027
1989
2039
1977
2024
2055
1974
2007
2050
2017
2027
1996
1943
2034
2022
2002
2018
1987
2044
2003
2081
1998
2008
1996
2024
2013
2008
1937
2031
2044
2039
2008
1902
2018
2065
1955
1984
2017
1986
2010
2047
1999
2039
2094
2068
1981
2025
1960
2000
2043
1899
1957
1962
2030
2015
1992
1951
1977
1967
1972
1998
1976
1956
1984
2034
1926
2056
1925
1982
1987
2024
1989
1982
2000
1972
2015
1983
1952
1995
1984
1959
2058
1992
2032
1999
2035
1930
2060
1963
2017
1968
2042
2022
1994
1993
1983
2060
2008
1981
1994
2011
1961
1993
2036
2020
2002
1917
2090
2036
1982
1951
2002
1985
1963
2044
2024
1969
2024
2000
2021
1943
2033
2057
1984
2024
1989
1937
2020
1937
1973
2034
2007
1984
2024
1956
2011
1970
1991
1951
1974
2053
1960
1990
2003
1925
1998
2044
1977
1937
1918
1978
2008
1988
2012
2023
2007
2019
1961
2066
2028
2048
1951
2018
1957
1975
2031
1925
2019
1919
1984
2023
2004
2071
2011
2022
1957
2012
1933
2010
2009
2070
1930
1971
1951
2043
1998
2031
1948
1999
2020
2029
1940
1952
2038
1987
1982
1993
1958
1991
1991
1987
2110
1987
2007
2013
1982
1963
2060
1962
2001
1993
1976
2046
1974
2021
2043
2031
1979
1951
1972
2043
2053
2019
2008
1973
2060
1997
1996
1952
2015
2049
2027
1963
2022
2011
2060
1993
1995
2010
1992
2052
2018
2000
2035
1960
2011
1983
2051
1995
1991
2033
1932
2025
2010
2027
2009
1978
2024
2072
1959
2022
2006
2051
2038
2026
1981
1985
1954
2033
2036
1992
1990
2019
1981
2011
2033
1959
1976
1996
1923
1967
1997
2028
1994
2057
2013
1989
1968
1991
2051
1969
2024
2077
2041
2009
1998
1994
2009
2026
1957
1972
2068
1964
1932
1980
2004
1997
2051
1984
1966
2003
1960
1979
2024
2063
1984
2040
1992
2036
1980
2010
1962
1998
2077
1961
1994
1965
1958
1971
1971
2023
2064
1933
1995
2044
1983
1985
2011
1962
2051
1993
1975
1967
1954
1994
1987
1968
2020
2015
2022
1983
1950
1968
1982
2081
1993
1964
2037
1995
2012
1991
2020
2040
2005
1966
1994
1974
1950
1956
1996
1958
1999
2035
2007
2006
2045
1944
2017
1955
1994
1986
2034
1923
2020
1992
2006
2034
1990
1960
2006
1986
2007
2036
2030
1995
1986
1976
1995
1984
2045
1984
2082
1998
1973
2008
2049
1963
2016
2023
2049
2008
2049
1957
1975
2088
2043
1969
2029
1986
2019
2040
2004
1984
1968
2013
2037
1952
1959
1961
1969
1998
1966
1954
1981
1988
2009
2014
1943
2033
2001
1939
1970
1966
1971
1979
2016
1970
1997
1975
2038
2007
2043
2099
1998
1983
2004
1969
2052
1961
2060
1974
1975
2054
2015
1979
2085
1987
1965
2045
2033
2021
1982
2031
1987
1974
2019
2003
2074
1973
1967
1972
2015
2021
2030
2039
1946
1938
2047
2009
1917
2092
2020
1990
2016
2025
2016
1995
1970
1991
2022
1957
1974
2020
2000
2059
1960
2001
1998
1986
2004
2016
2020
2068
1960
1963
2060
1960
2010
2038
2087
2070
2011
1953
1987
2016
1937
1990
2041
1971
2011
1958
1984
1980
2024
2004
2026
1980
1930
1927
2064
1974
1952
2050
2017
1915
2014
2049
1959
1999
2032
1978
2011
2040
2058
1960
2036
1978
1922
1946
2020
2033
1932
2061
2043
1971
1981
2086
2053
1964
1955
2003
2014
2027
2055
2010
1968
1992
2001
2044
2021
1947
2025
1951
2037
1989
2068
2021
1975
1880
2004
2064
2013
2025
2001
2068
2043
2006
2049
2049
1956
1973
2054
2037
2031
1971
1990
2032
1982
2097
2043
1948
1990
1994
1990
2088
2006
1990
2023
2029
1991
1994
1998
1990
2007
1983
2042
2026
1989
1981
2010
1903
1986
1967
2006
1990
2021
1993
1964
2010
2058
1901
2031
1992
1969
2011
2013
2041
1981
2011
2051
2011
2005
2029
2103
2019
1986
2018
2030
2004
1992
1982
1999
2016
2017
2062
1937
1964
1987
2028
2002
2027
1937
1983
2056
1947
2007
1993
2032
1978
1951
2016
1980
2003
2028
1974
1988
1989
1926
2033
2026
1954
1958
1967
2035
1961
2037
2032
2052
2047
2020
2016
2033
1930
2014
1969
2019
2010
1940
2014
1985
2054
2027
2049
1953
1987
1976
2072
2008
2018
2025
2025
2024
1933
2074
2000
2009
1990
1991
2007
2097
2017
1918
1970
1934
1904
2005
2034
2055
1989
1986
1952
2026
1969
1962
1964
2043
2010
2037
2016
2026
2037
2004
1967
2033
1967
1954
2005
2009
2037
2025
2006
1989
2005
1968
1993
2042
1989
2009
1996
1920
1952
2041
1951
1908
2019
2036
2032
1986
2014
1998
2046
1962
1951
2096
1965
2071
2014
1993
2022
1984
2044
1980
2017
2003
2058
1988
1976
1986
1950
2029
1986
1999
1952
2018
1965
2003
2002
2046
1975
1956
1981
2024
1936
1964
2031
2091
2008
2038
2007
1944
2017
2015
1935
1954
1931
2003
2022
2063
1944
2040
2003
1942
2013
1993
1977
1945
1988
2091
2039
1991
2027
1988
1928
2058
1981
1983
2039
2030
1990
2008
1973
2014
2024
1980
2046
2026
2021
2025
1977
1978
2027
2081
2046
1973
2008
2034
1985
2026
2043
2048
2039
1998
2002
2005
2033
2022
1991
2018
1962
2058
1955
1935
2021
2061
1899
1973
2013
1913
1895
1995
1990
1961
1978
1989
2030
2060
1984
2033
2040
2003
1945
1915
1991
2047
2010
2033
1980
2023
2030
2008
2029
1946
2021
2002
2034
1989
2026
2022
1978
1983
1999
1999
2033
1962
1936
1950
1959
2016
1992
1971
2031
2059
1936
2008
2008
1995
1967
2001
2025
2047
1993
2008
1993
1927
2060
1982
2072
1974
2071
2097
2069
2036
2003
1980
2003
2021
1956
2034
1985
1965
1929
1916
2053
1976
1956
2035
2017
1972
2010
1936
2037
1994
2058
1980
1958
1935
1899
1952
2010
1987
1956
2032
1977
1894
2067
2020
1955
1999
1957
1999
2075
2012
2062
1952
1976
1946
1940
2114
2018
1931
2025
2040
2003
1989
1950
2025
1944
1948
2054
1981
1958
1997
2010
2007
1976
2042
1929
2048
1986
2048
1963
1991
1996
2028
2000
2063
2030
2009
1947
1942
2020
1897
1962
1950
2040
2023
1987
2013
1976
1929
1965
2019
2057
1909
2032
2024
2009
1914
2026
2051
1980
1957
1998
2058
1951
1962
2078
1995
1970
2052
2034
1989
2053
2017
1966
2010
1986
2039
2036
2035
1977
1942
1943
1993
1962
2014
1970
2018
2016
1944
2003
2072
2041
1997
1985
1996
1930
2005
1978
1908
1979
1992
2004
2003
1996
1986
1993
1981
1941
1962
2014
1945
1986
2000
1974
1994
1991
1976
1989
1982
1952
2015
2018
1944
1986
1938
1978
2002
2118
1960
2017
2013
2026
1961
2024
2035
2033
1998
1969
2041
2003
2007
2000
2004
2060
1970
2054
1975
1996
2018
2027
1974
2056
2074
2025
1937
1937
2096
2045
2035
2050
1947
2011
2080
2010
2021
2045
2027
2052
2054
1959
2010
2057
1980
1989
1934
2000
1963
1973
1972
1932
2022
2020
2012
2026
1969
1966
2016
1966
1978
2021
1947
2014
1946
2092
2007
1991
2076
2019
1955
1990
2002
2006
1994
2107
2038
2027
2010
2017
1954
1961
1948
2040
2030
2000
1973
2000
2023
1994
1971
1976
1978
1966
2018
1985
1969
2007
1961
1993
2014
1973
1936
2023
1985
2036
2031
1906
2030
2011
2005
2009
2037
2027
2015
1998
1994
2004
2056
2028
1881
2036
1959
1968
2004
1972
1977
2020
1987
1970
2011
1952
2037
2046
1929
2030
1992
1992
2035
2039
1976
2033
1945
1974
2028
2027
1996
2001
1987
1957
2011
2032
1939
2007
1925
1974
1943
2031
1996
1997
2022
1982
1964
2054
1969
2039
2019
1999
2026
2007
1986
2029
2030
1989
2018
1998
2037
2003
2004
2037
2019
2099
2017
2008
2053
2011
1989
2098
1929
2003
2021
2041
1960
1956
1913
2021
2023
2052
2031
1987
2009
2009
1952
2016
2050
1976
2001
2035
1994
2051
1996
2032
1993
1954
2010
2055
2025
2000
1993
1985
1932
2037
2002
1977
2028
1997
2008
1934
2037
1963
1995
1982
1953
2033
1906
2000
1993
1966
2009
2061
2009
2076
1959
2040
1989
1954
1909
1949
2041
1972
1955
1985
1974
1986
1994
1999
1992
2034
1973
2024
1980
2013
2034
2073
2003
2032
2000
2021
1959
2008
1976
2049
1978
2021
1974
1962
2006
2033
2018
2024
1924
1971
1939
1896
2031
1985
1970
1939
1955
1974
2072
2020
1950
2006
1973
1985
1958
1927
2023
1925
2006
2031
2043
1999
1999
2066
2019
1996
1929
2007
1982
1981
2030
1977
1995
2089
2001
2019
2001
2052
2002
1954
2014
1938
2023
2050
1987
1953
2022
1974
2028
2018
1996
1992
2036
2023
1984
2012
1979
2046
1995
2003
2034
2005
2000
2047
2098
1934
1989
2013
2004
2040
2034
1991
1976
2038
1948
2002
2022
1998
1948
2022
2006
1949
1967
1977
1964
2056
1934
2020
1997
1966
2023
2054
1968
2006
1993
1984
1985
2037
1968
1991
2022
1968
1977
1990
2049
2020
1966
2049
2010
1982
1971
2014
1973
1954
2035
1931
2020
2012
1980
2053
1862
1943
2000
1986
2009
2033
2051
2023
1997
2036
2053
2014
1997
1996
1998
2022
2081
1937
2003
1980
2011
2025
1998
2048
1938
1966
2059
1998
2092
2033
2054
1989
2009
2049
2047
1996
1980
2049
2018
2029
2030
2044
2033
2106
2050
1954
1983
2045
2034
1971
2025
2067
2025
2052
1989
1947
1987
2072
2017
2018
1985
1988
1962
2028
2021
1955
2082
2029
2027
2115
1997
1962
2012
1986
2010
2031
1926
2030
1957
1949
1983
2037
1994
2048
2021
2020
2000
2042
1917
1971
1969
1933
2049
1989
1969
1969
2010
2057
1999
2110
2001
2002
1979
1958
1991
1995
1931
2010
1995
1994
2012
2008
1927
1994
1963
1929
2010
2066
2020
2033
1913
2117
2032
2045
2055
1974
2027
2030
1982
1973
1969
1950
1970
1925
1982
2040
1972
2028
2052
1922
2044
1992
1897
1946
1986
1996
1975
2045
1990
1987
1948
2065
1995
2008
1990
1987
2011
2051
2054
2046
2064
2062
1939
1988
1987
2077
1979
2009
1995
1966
2030
1954
1985
2016
1986
1961
1973
1988
1981
1940
1999
1997
1924
1979
1989
2043
2010
1979
2005
1963
2008
1980
1978
2000
2062
2049
2060
1945
1976
1927
2026
1998
1978
2011
1891
2062
2061
2000
1987
2004
1985
2011
1991
2029
1987
1945
2064
1963
2047
1983
2074
1997
2072
1958
2031
1990
2003
1923
1987
1971
1939
2047
1949
1997
1974
2085
2015
1986
1979
1975
2058
1990
2016
2037
2055
2008
1914
1997
1969
2005
1990
1940
1974
2061
1992
2021
1987
1955
2027
1970
2052
1942
1925
2044
2025
2014
2011
2012
2034
1961
2006
2014
1961
2076
1984
2008
1933
1999
2030
2055
2046
1920
2040
1947
2004
1945
2011
2007
1982
2059
1939
2050
2009
2002
2026
2017
2014
1902
2013
1904
1989
1963
1975
1928
2049
2031
1964
1978
1981
1998
1958
2010
1968
1973
1989
2061
1966
1998
2021
1982
2037
1983
1992
1993
2007
2020
2002
1988
1922
1977
1952
2036
1976
2024
1975
1958
1926
1946
2006
1992
2107
1986
1957
2077
2050
2035
2022
1992
1938
1961
1928
2023
2019
1995
1996
1954
1958
1924
2010
2044
2086
1981
1994
1976
2023
1926
2108
1975
1943
1997
1958
2000
1964
1961
1933
2022
2043
2033
2038
2007
1996
2066
1958
1976
1977
2001
1940
1933
1982
2025
2041
2012
2009
2039
2014
1947
2059
2031
2067
1955
2022
1948
1955
2024
1980
1957
2025
2008
2032
2034
2052
2083
1997
1995
1949
2054
1978
1994
2012
2046
1936
1996
2058
2090
2015
2011
2011
1982
2014
2099
2034
2047
1982
1973
1985
1967
1980
2022
1940
1982
1933
1980
1987
2016
1963
2000
2018
1976
1992
1969
2022
1989
1962
1997
2015
2000
1922
2032
1991
2041
2014
2037
2049
2015
2015
2008
1971
2016
1977
1992
1979
2025
1974
1957
2009
1955
2021
1998
2038
1975
2012
1983
2010
2051
2027
1969
1995
2015
2048
2005
1994
2022
1999
2070
2001
2035
2005
2017
1927
2044
2021
1953
1977
1955
1994
1944
2061
2046
2037
1972
1999
2030
2055
1938
1965
2004
2011
2009
2046
2032
2009
1987
1987
1983
1964
2044
1980
2061
2028
1984
1986
2024
1968
1910
1955
1972
1956
2002
2070
2010
1967
1965
2011
1954
2000
2061
2043
2044
2062
1971
1958
1974
1978
1918
1972
2005
1977
1985
2037
1998
1935
2004
1947
2008
1963
2042
2046
2000
2040
2003
2021
1957
1954
1991
2047
1989
2006
1923
1989
1929
2007
2018
2011
1882
1979
2032
2058
1931
1946
1992
1987
2013
2003
2045
1995
1966
2025
1967
2049
2034
2036
1947
2034
1955
2041
2020
1986
2002
2003
1972
1998
1979
1950
2003
1933
2063
1998
1997
2064
1919
2010
1956
2043
2048
1973
2021
1947
1982
1917
2043
1945
1989
1993
1963
2011
1979
2018
1942
1992
1966
2069
1992
2011
2015
2000
1989
1958
1922
1961
1978
1986
2005
1942
1990
1951
1998
2027
2015
2000
2060
2032
2036
2006
2048
2003
1944
2009
2020
1966
1990
2045
1955
1997
2008
2015
1949
2043
2022
2000
1929
2004
2057
1996
1966
1994
1972
2004
1960
1899
2046
1989
2010
1976
1948
1974
2004
2002
2070
1997
2041
2004
2008
1959
1989
2020
1926
1986
1974
2052
1908
2026
1983
2028
2041
1974
2009
1872
2031
2026
1962
2080
2045
2059
1993
2049
1972
2033
1912
2015
2005
1974
2019
1955
2066
1951
2016
1971
1975
1930
1995
2070
1993
2024
2032
2077
1913
2060
1998
1971
2013
2046
1938
2043
2019
2045
1890
2063
1945
1984
1966
2017
1980
2010
2042
1993
2045
1986
1979
1994
2107
1971
2001
1952
1956
2084
1923
2082
2016
2014
2073
2039
1975
1996
2090
2033
2028
1911
2001
1973
1998
1954
2017
2018
2025
1992
1954
1991
2064
2000
2106
1988
1963
1923
2008
1940
2011
2005
1946
1956
1924
2010
1982
2016
2011
2017
1977
2004
1940
1991
2065
1969
1962
2005
1996
2052
2039
1992
2007
2009
2030
2084
2089
2016
2066
2013
1970
1948
1945
2006
1994
2055
2047
2003
1925
1984
1958
1982
1973
1942
2004
2019
1968
2002
2001
2012
1952
1983
1963
2008
2000
1976
1963
1953
1972
2039
1920
1945
1935
2069
1903
1942
2005
2010
2024
1991
2044
2051
2024
2095
2001
2031
2027
2011
1997
2076
1958
2020
1942
1957
2040
1971
2038
1991
1982
1984
2080
2066
2004
1972
2011
2014
1978
2014
1977
1975
1938
1985
1975
1980
1973
2063
2017
1997
2033
1970
2064
2038
1915
2046
1939
2037
1997
2010
2029
2019
2003
2030
2040
2012
2017
1974
2040
1957
2021
1985
1951
1993
2042
2029
1991
1991
2030
2057
1957
1993
2054
1981
1951
1987
2054
1997
1945
2018
2007
2046
2012
2052
1959
1995
2010
1958
1973
1989
2009
2033
2007
1991
2127
2006
2049
2037
2040
2017
1949
1959
2030
2019
2024
2000
1979
2023
1985
1970
1965
1975
1968
1967
2002
2018
1987
1979
2002
2046
1935
2098
2039
2022
2029
1997
2004
1951
1942
1926
2019
1974
1991
1984
2049
2010
2012
1971
2002
2025
1986
2043
1974
1986
2003
2020
2043
1965
2062
2021
1981
2061
1988
2031
1963
2011
2096
2000
2007
1952
1984
1977
2001
1953
2018
1978
1993
1990
1982
1985
1968
2020
2025
1992
1995
2088
2004
1953
1967
1965
2027
2048
1998
1945
2032
1986
2103
2027
2011
2042
2004
2000
2040
1981
2053
2002
2012
2040
1926
2028
1991
2010
2004
2040
1998
2055
1996
1988
1953
1964
1993
2038
1933
1979
1956
1877
1972
1917
2058
1989
2043
2048
2043
1956
1980
2092
2007
2067
1914
1985
2021
1933
1971
1994
1995
2016
1905
2016
2052
1978
2038
1984
2006
2046
1988
2019
1983
2075
2068
2082
1968
2024
2017
2010
1964
2051
1970
2014
2062
2001
1992
2029
2060
2074
2049
1993
1995
2034
1953
2036
1956
1961
1981
2001
2059
2042
2030
2059
2022
2080
2029
1972
2006
1956
1925
2010
1989
1932
1988
2024
2078
2012
2055
1980
2007
2048
1972
2021
1947
2004
1911
1965
1983
1980
1948
1992
1987
2026
2007
1980
1977
2027
2036
1988
2080
2054
1937
2018
2013
2061
2047
1993
2002
2049
2034
2006
2062
2054
1966
1936
1991
1975
1973
2100
1987
1919
2063
1997
2045
2024
2064
2000
1995
1984
1960
1995
1996
1977
2078
1942
2007
1963
1971
1869
1978
1981
1990
2049
2063
2061
1984
2000
2018
1988
2009
2017
2051
2084
1963
2096
1976
1916
2016
1975
2012
2032
2044
2005
2036
2042
2041
1991
2001
1956
2034
1974
2049
1936
2039
2039
2066
1980
2001
1973
1972
1979
1966
2020
2031
1938
1980
1968
1958
2029
1977
1948
2049
1960
2000
2065
2025
2030
2032
2035
2029
1963
2022
2041
2003
2008
2010
1940
2053
1948
1964
1985
2008
2016
2023
1943
1965
1942
1983
2025
1947
2006
1978
2126
1960
1979
2037
2059
1967
1990
2058
1920
2015
2063
1945
2067
2047
1961
1966
2034
1922
2070
2028
2052
1944
1997
2094
1987
2051
1980
1939
1941
1971
1989
2047
2045
2075
1935
2021
2067
2046
2004
1998
1981
1918
1991
1960
2027
1942
2041
1964
1973
2008
1990
2001
2032
2026
1937
2049
1986
1997
2079
1989
1999
1972
1938
2018
2026
1988
2045
1939
1987
1974
1985
2070
1991
1952
1957
1964
2032
2003
1984
1945
2003
1955
1948
1988
1964
1958
2018
1976
2033
1976
1970
1967
2051
2010
2002
1987
2050
1985
2001
2015
2007
2014
2018
2032
1989
1934
1953
1985
2006
2015
1982
1979
1990
1949
1910
1983
2038
1979
2024
2051
2011
2076
1968
1966
2053
1972
2010
2040
1969
1996
1979
2003
2057
1981
1985
1965
1955
1934
1963
2009
1995
1971
2015
1960
2080
2000
2000
2021
2010
2004
2035
1940
1978
1980
1989
2031
1958
1989
2067
1914
2009
1988
2002
2001
1893
2052
2037
1990
2001
2044
2045
1992
2003
1914
2005
2068
1938
2056
1976
2019
1970
1979
2043
1907
1934
1979
1959
1931
2013
2020
2025
1976
1936
2075
1986
1912
2000
2067
1986
1961
2034
1982
2001
2075
2006
1997
2072
1969
2064
2012
2026
2022
2028
2015
1983
2011
2040
1993
1963
1975
1960
2007
2070
2055
2004
1988
2010
2008
1978
1973
1976
1998
2014
2104
2072
2029
2055
2080
2044
1971
1989
1959
1978
1917
2016
1995
2027
1960
1877
2000
1985
2015
2008
1965
1958
1995
2045
1964
2001
2011
1996
2003
2000
1958
2053
1917
1967
2005
1985
2036
1977
2028
2021
1963
2036
1963
2010
1981
1958
2018
2005
2027
1958
2037
1959
2022
2048
1908
1941
2029
1995
1940
2013
2062
1993
2031
2042
2021
1950
1993
1927
1960
1952
2009
2060
2061
2032
1903
2017
2116
1971
1984
1986
1986
2032
1973
1996
1987
1955
1962
1978
2019
2001
2086
2027
1996
1959
2044
1973
1963
2014
2009
2023
1940
2014
2030
1983
2073
1990
2061
2072
1985
1975
2084
2087
2024
2093
1908
2059
1993
2086
2050
2012
2089
1998
2010
2012
2013
1991
1937
2013
2009
1998
2017
2087
2058
2042
1984
1991
1982
1991
1929
2055
2009
2004
2041
1958
2035
2010
1987
2018
1987
2032
1986
1956
1938
1953
2001
1988
1985
2111
2109
1953
2070
2006
1960
1933
1913
1958
2002
1908
2016
2085
1992
1957
1999
2042
1951
1946
2052
1962
2026
1988
2050
2032
2026
1965
2088
1934
2007
2043
1996
1986
2025
2019
1978
2037
1979
2050
2015
2013
1904
1948
2011
1942
1979
2036
1947
1991
2018
2032
2031
2034
2037
1969
2031
1897
2036
2050
1997
2021
1988
1970
2026
2032
2008
1916
1978
1961
1953
2048
1977
2022
1979
2021
1966
1939
2034
1936
1986
2002
2089
1960
1958
1981
2038
1960
1996
2046
2001
2004
2007
2046
1962
2033
1981
1994
1975
1956
2002
2012
2008
2035
2044
2000
2039
2059
2069
1983
1967
2033
2014
2047
1981
1965
2027
1984
1977
2060
2024
2002
2045
2025
1934
1987
1993
2086
1960
2052
1980
2025
2033
1997
2033
2044
2015
2001
2032
2031
2008
2016
2013
1948
2010
2034
1972
2032
1911
1991
2003
1966
1958
2027
2107
1979
2033
2063
2000
1954
1926
1967
1915
1908
2053
1916
1956
1987
2003
1991
2002
2034
2005
1918
2060
1938
1975
2071
1962
2083
2013
2029
2025
1962
1945
2076
1924
1999
1971
1985
1981
1981
2056
1973
2016
2009
1982
1922
2101
1976
1987
2043
2020
2025
1955
2033
1988
1980
2020
2005
2128
1980
1985
2025
2002
1960
2060
1996
2013
1964
1888
1914
2018
1989
1980
1999
2045
1949
1960
1933
1996
2048
2025
1985
2024
1989
1907
1969
1976
2026
1952
1966
1975
2004
1991
1959
2023
1964
1976
2045
1968
1977
2071
1984
1980
1987
1956
2069
2012
2010
2005
1959
2020
2064
2025
1960
1945
2001
2023
1950
2001
2010
2026
2012
2014
2025
2017
1985
2042
1978
2035
1974
1927
2057
2015
2081
1992
2033
2055
1960
1938
1991
1976
2033
2035
2039
1970
2006
1989
2022
2056
2000
1986
2020
2001
1947
1961
2035
2030
1952
1963
2034
1984
1995
1998
2019
2022
1995
2000
1907
1983
1991
1987
2022
1913
2050
1949
2049
2037
2034
1986
1992
1963
2001
1974
1940
2035
2004
1984
1998
2040
1950
1936
2003
1941
2031
2008
1950
1961
1993
2034
2025
1982
1973
2020
1990
1968
2061
1995
1920
2052
1977
2002
2024
1987
2024
1994
2020
1992
1983
1946
2011
2017
2026
1999
2031
2056
2010
2016
1998
2040
2003
2061
1979
1968
2010
2030
1950
2007
1971
1980
1978
1963
2008
1994
2026
2049
2031
1967
2008
1931
1905
2000
2003
1982
1976
1957
1933
1999
2030
1979
2025
1985
1975
1932
1993
2034
1994
1922
1975
2035
1982
2052
2019
2021
2013
1976
1988
2026
1937
1977
1944
2098
1929
2040
1984
2044
1998
2006
1943
1989
2004
2032
1993
2028
2010
2029
1981
1997
1991
2000
2020
2076
2012
1949
2009
1989
1979
1980
1976
2026
1910
1994
2031
2001
2069
1993
2028
1991
1913
2078
1977
2009
1982
1968
1982
1972
2015
2021
1999
1934
2033
2030
2019
1986
1998
2108
1988
2047
2039
2001
2077
2047
1961
1986
1990
2064
1990
2050
1990
1938
1958
2010
2012
2013
1961
1999
1982
2002
2061
1944
2028
1976
1974
2021
2034
2062
2024
1954
1986
2003
2039
2072
2021
2036
2058
1969
1982
1991
1996
2019
1981
1921
2046
1970
2027
1991
2014
1962
2044
2093
1944
1933
2020
2026
2069
1981
2007
2008
2016
2014
1927
1974
2009
1989
1992
1935
1996
1965
1987
1946
1941
1961
1998
1969
2014
2004
2012
2009
2016
1980
1999
2020
1935
1987
2028
1965
2033
1989
1998
2013
2022
2082
2045
2017
2069
2041
1906
1917
1988
2102
2044
2049
1999
1974
2072
2010
1962
2007
2004
1969
2010
1988
1944
1998
1965
2014
2003
1998
2043
2055
2046
2025
2040
1975
2005
1978
2058
2024
2009
1999
2011
2000
1958
1990
2114
2006
2079
2001
2033
1999
2041
2026
2047
2035
2034
2001
2009
1991
1972
2017
2044
1982
1976
1999
2031
1959
2021
2036
1931
1987
2022
2035
1911
1967
2028
2078
2037
1965
1974
1990
2041
1963
1983
2003
1991
2019
2006
1978
2010
1974
2023
1947
1978
2048
2044
2019
1990
2033
2034
2046
2005
2019
1977
2095
1945
2050
2023
2021
2007
2010
2003
1963
1964
2048
2037
1971
1986
1981
1980
2048
1929
2035
1973
1983
2004
2081
1965
1988
2094
1985
1990
1998
1972
1964
1975
1961
2003
2020
1974
1984
1948
2011
2037
2012
2012
2034
2031
2022
2033
1985
1950
1960
2006
2020
1934
1982
1951
2010
1990
2046
2006
1976
2002
1924
1935
1983
1998
1928
2045
1966
2006
2000
1916
1985
2010
2022
1983
2031
2002
2021
2080
1973
1983
2046
2004
2001
2019
1980
1956
2044
1927
1998
1984
1988
2023
2050
2024
1990
1970
2055
2068
1971
2015
2003
1994
2103
1989
2023
1934
2039
2065
1996
1940
2034
2036
2055
2025
1945
1981
1928
2056
1999
2028
2042
1965
2064
2069
1947
2026
2023
1930
2018
2023
1996
2025
2039
1969
1979
1958
1983
1964
1964
1997
1922
2006
2011
2006
1999
1964
2022
2063
1951
2008
2005
2009
1958
2019
2014
1925
2042
1922
2038
2031
1995
1995
1937
2068
1971
1977
2007
1964
2005
1944
2021
1961
2061
1997
2031
1991
1945
1963
1987
1994
2051
2039
2000
1973
2005
2002
1968
2001
1933
1998
2023
1991
1930
2073
2003
1982
2063
1958
2012
1968
1994
2011
2028
1968
1984
2001
1973
2007
2066
2049
1985
2028
1966
2030
2000
2002
2031
1950
1965
1961
2015
2020
2005
2009
2028
2038
2008
1985
1989
1947
1914
2016
2035
2079
2021
2062
1978
1946
1991
1982
2015
1978
2048
1937
1909
2072
2046
1985
2050
2023
1891
1950
1934
2083
1947
2017
1988
1983
2019
1987
1988
2034
1954
2009
1982
2024
1937
2000
2019
1995
2015
2052
2019
2067
1932
2041
2022
1981
1993
1990
2014
1990
1986
2062
2009
2017
2040
1984
1999
1976
2010
2057
2001
2027
1990
1960
1959
2005
1926
2053
1927
2017
1950
1987
2020
1994
2083
1963
2039
1984
2007
2007
2013
1899
2022
1996
1987
1979
2003
2047
2013
2015
2006
1934
1976
1993
1992
1928
1921
1987
2044
2028
2027
2067
2005
1937
1953
2007
2038
2006
2004
1986
1960
2060
1931
2009
1979
2016
1960
1986
2022
2074
2040
2022
2055
2054
2019
1937
1957
2071
1996
1976
1977
1926
2047
1970
2003
1989
1969
2069
2040
1994
2020
1985
2032
2012
1955
1998
1951
1976
1952
1967
1898
1995
2014
2009
1997
2038
2061
2022
1987
1949
1969
1966
1962
1965
1989
1955
2007
1986
2004
1988
1975
1991
1929
1952
1991
1928
2066
2068
1930
2051
1986
2037
2030
1918
1969
2025
2066
1904
2015
1991
1956
2009
1952
2024
1994
1988
2072
1988
2005
2000
2033
2014
1959
1921
2012
2038
2022
1994
2028
2069
2062
2022
2005
2018
1962
2004
1933
2004
1989
2028
2007
1996
1999
1937
1938
1962
2053
1979
2014
2026
2037
1971
1986
2037
1985
1983
1937
1926
2077
1983
1937
1934
2036
1965
2016
1966
1970
1996
2012
1973
2018
1979
2093
1945
1985
1954
1971
1930
2035
1958
1993
1976
2003
1990
1942
2012
1977
2022
2023
1990
1994
1983
2041
2000
1944
1995
1972
1972
2004
1968
2032
2014
1927
1976
2057
2050
2121
1910
1972
2080
1956
2013
1951
1955
2050
1986
2023
2018
1944
1925
2042
2059
1939
1968
2000
2034
1995
2006
2013
1966
1985
2016
1984
2064
1978
1981
1948
2004
1985
1950
2033
1949
1993
2039
2007
1995
1971
1950
1943
1973
1943
1920
1955
2034
2033
1995
1917
2023
2019
1986
1973
1959
1958
1980
1987
1979
2066
1957
2039
1975
2005
1940
2011
2013
1965
2018
2037
2052
2038
2035
2009
2072
2050
1927
2070
1988
1944
2081
1993
1962
2005
2000
2013
2023
1984
2022
1974
1929
2019
1945
2018
2064
1966
1984
2037
2017
2055
1979
1985
1998
2019
1989
1987
2028
2036
2090
1992
2000
2002
2025
1984
1988
1905
2084
2003
1989
2050
2044
2001
1971
1972
2022
1990
1932
2020
1992
2008
1965
1987
2031
1996
2011
1971
1970
2012
1998
1989
2029
1986
1977
2018
1945
1921
2034
2034
1985
2030
2031
2033
1914
1935
2046
1975
2079
2027
1993
1974
1990
2087
2060
1969
1950
1991
1995
1994
2036
2019
2012
1985
1987
2035
2010
1965
1954
1956
2012
2006
2033
1970
2018
1987
2041
1972
1982
1990
2002
1954
2022
2119
2006
1989
1981
1983
2014
2085
2036
2025
1977
2038
2010
1957
1971
1981
1934
1968
2038
2035
2083
2011
1986
2031
1937
2008
1931
2014
1997
2017
2010
2003
2031
1976
2014
2031
1983
1993
2017
1868
1976
1958
1983
1953
1975
1971
1999
1976
2055
2013
1978
2002
1968
2034
1940
1957
1931
2007
2026
2005
2037
1982
2044
1942
2003
2040
1979
1961
2040
2043
2001
1973
2024
2055
2024
1993
2038
2014
1958
2063
1909
2040
2019
1993
2004
1977
2004
1953
2000
1967
2015
1970
1991
1959
2008
2006
2000
2064
2069
1969
1959
2033
1980
1992
2016
1998
1937
1981
1931
1947
1973
2009
1953
2063
1975
1966
1986
1982
2017
2054
1953
1997
1995
2021
1973
1950
2014
2008
1948
1993
2043
1971
1951
1944
2023
1936
1977
1981
1987
1989
2003
2011
1975
2008
1934
2015
1929
1951
2046
2016
1982
1965
2037
2002
1985
2040
1947
2014
1998
1983
2031
1933
2026
1988
2043
1961
1947
1998
2032
2007
1998
1996
2013
1987
1920
2054
1993
2068
1935
2003
1929
1951
1975
1997
2012
1917
2051
1997
1988
1996
2001
2034
2005
1959
2041
1989
1987
2021
2005
1982
1969
2058
2012
2023
1997
2028
2002
2009
2038
1999
1992
1994
2045
2080
1954
1990
2007
1913
1989
1955
2004
2057
1948
1945
2031
2000
2017
1983
1977
1970
2022
1951
1985
2023
1980
2005
2033
1997
2085
2026
1981
2064
2084
2029
1995
1949
2038
1927
2013
1967
2021
2007
2004
1977
1915
1968
1997
2070
2005
2022
1942
1994
2018
2009
2042
1985
2060
1986
1982
1927
1994
1971
1990
2022
1960
2027
1911
1999
2060
1992
1927
2068
2017
1962
2030
1971
2034
1988
2056
1983
1994
1994
1940
2034
1983
1999
1996
1919
2026
2057
2007
1958
2047
1970
1999
2077
1934
2012
2069
1996
2036
1982
2050
2020
1978
2015
2014
1951
1958
2039
2001
1951
1998
2019
2057
2013
2020
2009
2039
1981
1948
2043
2007
1919
1986
2032
2003
2096
2030
2001
2031
1995
2073
1982
1983
1965
1955
1938
1976
1979
1993
1998
1986
2083
2028
2004
2014
2006
1981
2085
2058
1955
1987
2018
1998
1985
1988
2055
2023
1981
1932
2027
1997
1959
2050
2038
2015
1979
1950
2010
2079
2006
2014
1982
2015
1944
2007
1996
1965
2011
1951
1959
1965
1984
1961
1963
1974
1962
2042
1982
2051
2098
1997
1959
1989
1987
1981
2019
2107
2015
2006
1999
1988
2042
1995
2059
2021
1976
2034
1991
2008
1960
2100
2010
1930
2000
1996
2090
2024
1979
1928
2003
1965
2009
2022
2099
2085
1931
1970
2012
1989
2030
1981
2032
2073
1962
2041
1990
2033
2030
2003
2012
2011
1961
2016
2102
2047
2020
1980
2018
1989
2036
1961
2068
2001
2041
1980
2029
1958
1995
1999
2038
2066
2049
2055
1978
1974
1945
1993
1993
2035
1993
1975
1975
2007
2029
2034
2024
1926
2016
1986
1989
1978
1946
1999
2019
2003
2039
1957
1965
1963
1911
2005
2004
2041
1987
2025
1999
1993
2021
2060
1990
1991
1988
1975
1947
1988
2069
2064
2009
2045
2013
1954
2040
1944
1929
1914
2001
1976
2022
1978
1994
1973
2024
2075
1997
2001
1984
2015
2048
2027
1981
2076
1959
2006
1970
2004
2021
1990
2026
1994
2038
1973
1980
1993
2014
1969
1964
2018
2023
2004
1982
2014
2012
1999
2025
2059
2032
1994
1971
2034
1970
2012
1994
2011
2073
2057
2050
1932
2067
2043
2047
2029
1985
1995
1939
1964
2022
1933
1986
1995
1996
2057
1946
2053
2089
1984
1983
2035
2029
2012
1995
1983
1975
2060
1984
2091
1984
2061
1955
1946
2048
2042
2011
1996
1941
1965
1974
2022
2015
2032
2008
1918
1889
2020
2043
2026
1984
2068
1986
2021
2029
1950
1994
2056
1972
1996
1973
2013
1982
1996
1982
2010
1958
2010
2030
1980
2019
1984
2011
1982
1954
1950
2024
2012
2040
1972
1979
2039
2056
1998
2006
1959
2070
2036
2009
2036
1980
1974
2035
2004
2021
1934
1984
1999
2102
1998
2018
1992
1999
1978
1986
2007
2017
1995
2028
2006
2012
2020
2009
2041
2038
1985
1983
2091
2010
1977
1965
1932
2020
1995
2085
2063
1959
1988
1974
1930
2037
1992
1944
2020
2004
2078
2010
2028
2019
1960
1966
2040
2033
2030
1954
1991
1987
2051
2037
2033
1979
1985
1991
1971
2016
2026
2029
2049
2021
1998
1926
2031
2030
1980
1973
2022
2039
1998
1964
1934
1970
1986
2098
1965
1964
2026
1959
1928
1931
2016
2023
1979
1968
2043
1997
2034
1978
2013
1971
2053
2025
2011
2024
1931
1938
2026
2038
1938
2018
1984
1989
2037
1981
1971
2087
1963
1974
2015
2007
2074
1995
2007
2034
2056
1950
1972
1962
2009
2013
1988
2022
1933
2026
1979
2073
1985
1982
2025
2022
1998
1912
2069
1979
2010
2053
1962
2026
2017
2011
1991
2062
2011
1946
2018
2025
1969
1978
1947
2040
1970
1989
2030
2007
1997
2058
1965
1974
2027
2042
2037
2067
2044
1960
2048
2013
2089
1965
2002
1912
1954
2037
2037
1947
2058
2056
2036
1970
2022
2000
2013
1977
2007
2104
2026
1949
1991
1981
1985
1983
2008
2048
2011
2033
2035
2114
1989
2034
1970
1935
2081
2018
1955
2007
1995
2042
2021
2008
1970
2007
1983
1952
2019
1957
2063
1988
1978
1998
1994
1945
2042
1940
2014
1984
1999
1977
1975
1986
2017
2029
2007
1974
2033
1946
1996
2038
1965
2008
2052
2021
2029
2018
1952
2061
2065
2052
2002
2034
1976
2026
2033
1978
2076
1912
2023
2072
1975
2009
2003
1983
1956
1960
2015
1979
1992
2009
2028
1986
1974
1991
2008
1970
2062
2094
1991
2009
1955
1995
1969
2026
1986
2059
2026
1976
1952
1990
2001
2017
2036
2021
2021
2033
2014
2079
2029
1945
2044
2006
1951
1992
2041
2060
2028
1991
2009
1972
1998
1990
2014
1996
2059
2019
2038
2001
1929
2029
2070
1941
1977
2003
1982
1943
1959
2025
2035
1978
1987
2029
1920
2091
2010
1994
2003
1999
1979
2024
1971
2028
1959
1943
1983
2001
2026
2072
1997
2019
2026
1989
1999
2036
1998
2084
2019
1998
2020
1980
1966
2093
1919
1969
2029
1946
2006
2007
1996
1997
1995
2040
1995
1988
1931
2002
1970
2030
2015
1995
1958
2007
1986
1988
2064
2068
2062
2037
2041
1916
2019
2064
2065
1939
1991
1994
1998
2035
1972
1941
1976
2010
2039
2007
1984
1996
1983
2033
2044
2028
2057
1988
2001
1944
1995
2025
1983
1961
1994
1967
2018
2008
1960
2008
1962
1998
2032
2004
2111
1959
1987
2027
2038
2080
1937
2015
2018
1880
2072
2022
2019
2050
1926
2059
2004
1994
1976
1946
2070
1968
2007
1992
1990
2002
2019
2020
2030
2046
2051
2033
1990
2024
2037
2024
1959
2007
1954
2003
2027
1995
2071
1984
2047
2065
1958
1973
1942
2006
2038
2005
1971
2027
2000
2032
1996
2033
2006
2019
1999
1969
2022
2043
2037
2000
1997
1995
2004
1992
1997
1975
2058
2037
1986
2057
1956
1980
1940
1961
1974
2022
2016
1985
1902
2034
1993
2029
1985
1994
2072
2008
1966
2058
2013
2012
1995
1964
2013
1982
1931
2064
2025
1942
1967
2059
1996
2069
1995
2029
1965
2065
2001
2053
2035
2060
2028
2031
1979
2027
2050
2004
2008
2085
2024
2019
1970
2004
1969
2003
1980
2065
1919
1989
2036
1949
1960
1985
2038
1968
1876
1972
2018
2045
1997
1978
1961
1971
1979
2046
2052
1989
1945
2020
1972
2029
1995
2118
1942
2021
1938
1923
2049
1954
1977
1997
2008
1989
2000
1995
1972
1992
2059
1961
2061
2052
2061
1966
1998
1997
2025
2025
1966
2037
2038
1968
1948
1994
1999
2009
2010
2015
1993
2051
2010
2030
1964
1970
2005
1855
2023
2004
1957
1992
2016
2082
1969
2009
1992
2071
2054
2029
2104
2034
1954
1976
2020
2015
2022
2000
1981
2050
2012
1987
2045
1978
2005
1911
1950
1992
2015
1964
1990
1976
1971
2017
1984
2009
2043
1951
1988
1950
1974
2058
1902
1984
2035
2101
2044
2041
1949
2011
2019
2049
1950
2050
2002
2106
1977
2026
2044
2007
1970
2047
1930
2023
2021
2061
2060
1929
1990
1985
2022
1956
1914
2028
1986
1959
2024
1964
1978
1970
2005
1951
1980
2007
2028
1963
2018
1950
2044
1950
2012
2012
1943
2056
1943
2098
2031
2009
2074
1965
2144
1981
1993
1970
1991
1999
1992
2038
2040
1926
2036
1945
1982
1990
2015
2005
2014
1999
1954
2023
1947
2021
1964
1985
1948
2028
1986
2074
1986
2005
1994
1975
2016
2041
1991
1898
2048
1930
1960
1988
1977
2037
1968
1993
2048
2000
1968
1994
1960
1956
2013
2056
2016
1981
2041
2071
2010
1972
1999
1979
2059
1990
1988
2037
1999
2017
1989
2038
2044
1995
2054
2053
2000
1979
1961
2055
2003
2043
1902
1973
1982
2027
2022
2017
1946
1979
2008
1984
2006
2065
2113
2043
1974
1974
1955
2053
2052
1946
1994
2079
1944
2009
2021
1918
1994
1982
2001
2009
2067
1933
1989
1975
1977
1968
2089
1963
2036
2038
2024
2021
1971
1959
2034
1923
2120
2030
2021
2020
1976
2031
2004
2004
1982
2019
1933
2038
1955
1992
2025
1966
2037
1903
2007
1975
1980
1891
1997
1991
1972
2009
2051
2014
1963
1959
1994
1979
1998
1973
2005
2013
1989
2047
1983
2009
1989
1925
2019
2005
2036
2021
1966
1940
2033
2081
2014
1949
2024
2010
2003
1945
2052
2027
1998
2002
2047
1999
1982
2004
2009
2007
2036
2003
1994
1909
2035
1944
2038
1954
2007
2004
2046
1965
2015
1977
1977
2039
2022
1944
2013
1972
2006
2076
2001
1972
1982
1897
1956
2025
1945
2061
1974
1989
1963
1972
2041
1982
1875
1981
2058
2016
1997
1995
1946
1999
1978
2038
2032
1982
1976
1963
1965
1941
1970
2004
1975
1968
1967
1963
2023
2021
2038
2039
2056
1972
2023
1980
2022
1990
1949
2011
2043
2005
2064
1892
2038
1992
2023
1982
1951
1949
2012
2000
2029
2067
1995
1979
1939
1911
2059
2002
1950
1933
1932
1986
1992
2050
1973
2000
1974
1904
1987
2004
1989
1980
2042
2029
1975
1967
2007
2050
1978
1976
2041
2027
1979
1935
2057
2012
2030
1924
2023
1954
2010
2026
1999
1981
2032
2040
1992
2016
1996
2002
2009
2019
2042
1996
2065
2022
1991
1984
2019
1997
1980
1967
2049
2013
1910
2003
1926
2028
1981
2053
2032
2006
1996
1982
1988
2018
1983
2006
1918
2057
2026
1975
1985
1987
1971
1993
1986
1987
1987
2001
1949
1998
1953
2065
1987
2017
1975
1910
1989
1980
1972
2060
1999
1895
1968
1978
1962
1996
1908
1956
1901
1878
2005
1986
1973
1996
2011
1974
2084
2061
1997
1940
1981
2003
2003
2023
1938
1987
2051
1952
2058
1943
1978
1985
2013
2037
1987
2006
1980
2036
1870
2013
1972
1999
1983
2001
2022
2018
1949
2002
2010
2035
2023
1990
2012
2048
2013
2066
1911
2025
2022
1960
2000
2003
1981
2083
1986
2005
2059
1945
2067
1960
2034
1975
1961
1961
1996
1980
1994
2020
2007
2101
1942
2006
2007
1981
2006
2019
1977
1975
1984
1992
2024
2039
1941
1982
2044
1991
2080
2075
2005
1988
2014
2021
2017
1981
1989
1999
1960
1993
2015
2065
2022
1960
1997
1972
1984
2017
2079
1942
2007
1981
1978
2017
1957
2059
1954
1947
1995
2012
1991
2047
2008
1976
2043
1966
1994
2032
2005
1954
1982
1961
1971
2072
1964
1973
2060
2089
2034
2017
1959
1935
2012
1950
2082
1987
2058
1945
1956
1992
2020
2026
1975
1998
1977
1948
2005
1987
2020
2017
2000
2040
1978
1932
2015
2027
1995
1970
2006
2050
1946
2009
1990
2011
1995
1992
1973
2065
2025
2082
1989
2025
2072
2031
2061
1992
2006
2082
2013
1952
2095
2023
1991
2031
1996
2092
1983
2081
1984
1900
2022
1942
1988
1973
1990
2044
2025
1977
2051
2012
1995
1978
1973
2015
1998
2049
1905
2050
1992
1977
2124
1993
2010
2017
2018
1983
1982
2048
2031
1977
2020
2025
2068
1992
2018
1945
2046
1993
2088
1928
2027
2058
2021
1992
1962
2024
2012
2037
2055
1978
2038
2019
1997
2017
1927
1959
1983
2056
1957
1992
2014
1968
2020
2014
1958
2023
2031
2010
1943
2000
2022
2056
2019
1966
1978
1982
2048
2054
1994
1972
1947
1971
2035
2058
1981
2040
2051
1971
2044
2014
1951
2025
1973
1969
1985
2030
1989
2028
2083
1938
1973
1976
2001
2065
2036
2035
2008
2066
2122
1977
2020
1951
1962
2040
2034
1976
1986
2024
1955
2032
1974
1871
2056
1975
1999
1972
1962
2070
2000
2004
2024
2009
1985
2001
2014
2083
2030
2046
2008
2043
1954
1948
2054
1990
1997
1995
2009
1996
2054
1952
1937
2011
2038
1973
2028
1964
1982
2057
2024
1989
2037
2013
2026
1957
2010
2016
1923
1986
1982
1993
2047
2014
1982
1988
1983
2058
1986
1955
1998
1926
1956
2090
2005
2039
1971
2069
1927
2037
2011
1989
1992
2006
2023
1995
2095
2000
1948
2075
1948
1930
2018
2001
1938
1935
1947
1948
2032
1969
2042
1969
1983
1998
1966
1973
2002
1961
2139
2034
1974
1961
1986
1984
1973
2016
2032
2065
1994
1991
1986
2015
1902
1955
1978
2001
1933
1985
2027
1965
2013
2049
1949
1989
2036
2033
2002
1983
1954
1950
2014
2031
2022
1982
2058
1989
2000
1969
2009
2010
1968
1998
2016
2028
1983
1993
2004
2046
2000
1985
1980
1890
1979
2018
2004
2057
2000
1947
1997
1979
1963
1940
2016
1966
1974
2006
1929
2012
1975
1919
2043
1963
2068
1966
2073
1987
2091
2039
1992
1974
1948
1976
2023
1986
2054
2017
1954
2041
2066
2018
2000
1956
1983
1952
2024
1899
1986
2012
1954
2063
1932
2059
2001
2032
1977
2005
2055
2091
2024
1953
1994
2002
1995
2014
1979
2037
1981
1997
2000
1965
1995
2022
2021
2044
1980
1991
1991
2085
1985
2030
2041
2017
2001
2009
2053
1970
2066
1923
2040
1963
1956
1943
1943
1998
1939
1971
1932
2018
1918
1978
2017
1932
1979
2039
1976
1958
1972
1984
1998
1951
1939
1971
2004
2011
1958
2044
1996
2002
2036
1933
1987
1981
1952
2006
1923
2011
2088
1977
2028
2029
1961
1952
2029
1899
1935
2009
1973
2000
2016
2020
2039
2012
2037
1981
2043
2013
1940
2109
2058
1978
2057
2020
2052
1959
1998
2076
2003
1996
1985
1982
2022
2030
2062
1950
1988
1962
1956
2033
1996
1955
2004
2015
1996
1911
2009
2022
1997
2018
2036
1983
2018
1979
2002
1980
2004
1985
1990
2008
2008
2049
2017
2026
1971
2034
2016
2030
1970
1956
1972
2007
2002
2006
2017
2019
1986
2017
1971
1978
2002
1978
2060
2018
2075
2003
1966
2004
2044
2028
2016
1974
1994
1997
1949
1986
1946
2025
1937
2032
2041
1994
1954
2035
2042
1945
1953
2056
2024
1985
2091
2029
2027
2073
1950
2016
2021
1930
1963
2060
2018
1981
1999
1946
1993
2013
2037
1958
2008
1953
2084
1991
2052
1972
2001
1994
1957
2004
1969
2039
2036
1991
2042
1949
1964
2037
2029
2057
1963
2051
1978
1959
2082
1944
2022
1967
2010
2044
1999
1955
1992
2057
2033
1930
1991
1991
2077
1998
1986
1980
1980
2034
1964
1956
2073
1894
2002
2023
1945
2042
1978
1994
2025
1962
1984
2064
1962
2021
1957
1992
1972
2034
2042
1974
1983
1990
2002
1955
1913
2060
1976
2043
1975
1969
1961
1978
1978
1945
1962
1994
1949
1930
2031
1952
2046
1971
1990
2036
2025
2055
2066
1961
2030
1909
2088
1920
2039
1972
2034
2041
2035
1988
2007
1957
2019
2010
2033
1940
1991
1985
2033
2029
2023
2017
2045
2082
2039
2039
2009
1954
1965
1939
2019
1999
1982
2035
2027
2030
1960
2006
2038
2100
1977
1984
1959
1998
1968
1982
1972
2002
1964
1956
2001
2017
2059
2052
2032
1993
2012
1984
1982
1990
2040
1995
1970
1935
2044
2023
2007
2017
2038
2040
2028
2009
2038
2017
2003
1994
2000
1986
1959
1979
1958
1978
2003
2023
1984
2074
2058
2003
1926
1990
1970
2011
1968
1969
1964
2018
2017
2002
1965
2010
1994
1987
2018
1976
1982
2019
1961
1945
1993
2020
2041
1997
2131
1968
2038
1961
2006
2035
2093
1964
1996
1953
1940
1968
1895
1958
2033
2039
2042
2036
2006
2013
2043
1997
2000
2052
1974
1966
1999
1923
2033
2028
1975
1966
1989
1967
1956
1965
2016
1962
1964
2015
2063
2005
2064
1982
2014
1986
1942
1965
1927
2010
2004
2077
1910
2005
1939
1948
2039
2083
1981
2029
1983
2001
2005
2089
1902
2024
2004
1946
1911
2031
1987
2000
1999
2014
1968
1985
1961
2044
1980
2029
1963
1991
1970
1948
1992
1999
2035
2095
1964
1911
1994
2031
1951
2006
2010
1947
1981
1992
2003
1939
2099
2055
2044
1989
2060
2034
2019
1940
2109
1972
1919
1993
2017
2052
1965
2011
2045
2006
1948
2015
2031
2061
2028
1946
1949
1964
1942
2025
2010
1989
2039
2017
1992
2004
2010
1997
2006
2008
1957
1988
2037
1967
2079
1971
2056
2066
1949
1954
2026
1973
2054
1974
1975
2028
1996
2039
1996
1989
2027
1969
2056
1902
2005
1987
2049
1981
1996
2048
2001
1947
2103
2042
2029
2036
2020
2013
1970
2081
1925
1977
2070
1996
1958
1976
1978
1952
2000
1993
2042
1983
1959
2058
1936
1973
1984
1975
2038
2020
1966
1928
1944
1982
1995
1997
2006
2035
1921
2019
2010
2041
1988
1989
2005
2052
1989
1960
2003
2046
1930
2040
1946
2005
1944
1996
1990
1993
2015
1949
1995
1974
2005
1976
1979
1965
1997
2001
2037
1931
2023
2011
1990
1942
1979
1991
2029
1951
2039
2059
2026
1974
1908
1963
1930
2060
2028
2075
1943
2055
2049
1980
1971
2027
1943
2007
1989
1961
2018
2046
1998
1960
1992
2093
2020
1938
2014
1945
1981
2017
2005
2006
1890
1989
2024
2038
2000
1979
2019
1972
1988
2011
2091
2023
1941
1996
1988
1924
2003
1972
1998
2010
2018
2024
1983
2034
1949
1969
1978
2013
1900
2002
1982
2024
1991
1929
2017
1932
1970
2045
1973
2016
1936
2003
2007
1951
1939
1996
2050
2095
2041
1940
1922
2039
1946
2007
1980
2042
2033
2003
2017
2055
2022
1965
1999
1986
1981
2013
1986
2008
1951
2028
1979
2011
1950
2037
2046
1951
2017
1998
2059
1945
1950
2033
2016
1989
2076
1991
2014
1994
1992
2014
2001
2034
1974
2009
1966
1974
1982
2010
2036
2077
1976
1985
1910
1943
2037
1915
2015
1973
1979
2051
1996
2045
1977
2023
2024
2034
1959
1995
1963
2032
2063
1955
1975
1938
2019
2008
2005
2031
2011
2006
1965
2012
1940
2020
2013
2046
2040
2005
1991
1963
1996
1948
1954
2013
1960
2018
2046
1966
2005
1924
2013
2009
2036
1969
1991
1963
2010
2011
1994
2064
2056
1942
2018
2010
1968
2003
2052
1945
1982
2006
1977
2012
2004
2030
2002
2002
2050
2019
1994
2026
1961
2006
1962
2027
2024
2030
1999
2000
1966
2014
1985
1976
2012
2004
2062
2015
1956
1999
2004
1977
2005
2010
2058
1980
2070
1978
1953
1999
1958
2071
1992
1975
1981
1947
2010
1952
2027
2077
2057
2058
1984
2021
2005
2033
1946
1974
1972
1992
1961
2037
2015
2088
2025
1969
1962
2003
2049
2014
2013
2082
1977
2062
2025
2024
1931
1976
1958
1993
2046
1967
1927
1993
2030
1921
2007
2052
1958
2027
1984
2041
1953
2000
2029
1989
2029
2009
1976
1903
2016
1988
1962
1990
2009
1994
2014
2056
1983
1908
1948
2024
1972
2045
2035
1981
1996
1963
1976
1957
1976
2017
1962
2027
2029
2008
2007
2000
2011
2062
1986
1963
1972
1937
2052
1934
1978
2043
2058
2014
1912
1976
2039
2011
2076
1980
1988
1969
1994
2006
2006
1962
2004
1973
2042
1985
1997
1976
1976
2015
2005
1917
1996
2040
1992
1952
2003
1904
1991
2025
1998
1992
1888
1977
1980
2047
1988
1961
2018
2029
1923
2105
1988
2040
2009
1983
1963
2078
1987
2041
1949
2009
2022
1958
1985
1980
1994
2066
2050
2044
1965
2001
2013
2063
1982
1918
2040
2080
1968
2051
1949
2001
1938
2028
1975
2057
2069
1951
1992
1944
1948
2069
1948
2067
1979
1995
2004
2021
2062
1985
2003
1996
1974
1980
1976
2026
2015
2055
2018
1971
1977
1912
2016
1963
2050
2067
2052
2016
2010
1982
1922
2041
2082
2012
1972
1957
2045
1942
1982
2000
2007
1964
2052
1996
2024
2066
2014
2112
2032
2030
1934
2030
1996
2033
2017
2031
2023
2013
2019
2001
1923
1984
2055
1975
1988
2041
1908
2022
1989
2045
2024
2009
2056
1977
2024
2044
2047
1957
1987
2002
2075
1996
1993
2050
1956
1915
1950
1957
2059
2038
1969
2022
1961
1995
2029
1999
2022
1922
1900
2009
1992
2029
1978
2020
2045
1984
1936
2030
1937
1997
2022
1971
2062
2051
1983
1996
1994
1969
2004
1955
1947
1914
1923
2027
1973
2037
1938
2070
1933
1996
1992
1927
2031
2008
1966
2015
1967
2011
2036
1980
2001
1913
1984
2016
1963
2053
1985
2082
1947
2019
2003
2018
2066
1917
2003
2065
1954
2028
1996
1967
1983
1966
2018
1967
2038
1985
2013
1960
2008
2041
2070
1962
1915
1968
2028
2008
2001
2034
1950
1968
1945
2007
2040
2044
1983
1979
1995
1976
1998
2023
1964
2027
1953
2048
1971
1910
1962
2042
2007
2043
2022
1974
1960
2011
1978
2024
2002
1973
2009
1956
2029
2011
2000
2031
1989
2020
2027
2035
2034
2026
1971
1970
2019
2032
1986
2025
1964
2025
1972
1967
2009
2008
2035
1992
2066
2015
2050
1908
2068
2020
2015
1992
1983
2004
1972
2009
2030
1974
2072
2027
2039
1957
1981
2021
1899
2001
1997
2017
1986
2057
2008
1988
1955
2050
2020
1990
2022
1977
1998
1965
2026
2017
2024
2023
1993
2060
1919
1993
1962
1985
1985
2045
1990
2031
1996
2006
1967
2068
2030
1989
1971
1996
1977
2016
2067
1965
2022
1943
2039
2010
2072
2010
1999
2090
2005
2006
1998
1965
2026
1973
1983
1989
2001
1928
1966
1997
1978
1962
2017
1970
1980
2027
2002
2032
2036
1993
1968
1981
1956
2044
1974
2007
2019
1966
2039
2058
1989
2023
1959
2034
2064
1979
1976
1951
1997
1987
1964
2030
1989
2025
1954
1979
2003
2067
1966
2010
2022
1983
2043
1988
1934
2031
2033
1981
1996
1985
2023
2009
2005
1961
1941
2003
1978
1949
2025
1979
2053
1974
2016
2025
1988
2036
2014
2024
2073
2023
2007
2041
1968
1998
1972
1955
2037
1933
2098
1983
2006
1971
1984
1953
2003
2028
1997
2052
2008
2031
2025
1991
1914
2014
1958
1977
1982
1967
1916
1984
2013
1966
1955
1929
2041
1934
2015
1933
1975
1932
1998
2006
2000
2031
2019
2050
1977
1975
1970
2030
2031
2017
1972
1952
1895
2005
2077
1938
2034
2006
1966
2003
1986
1977
2046
2077
1988
1976
2123
2110
1947
2081
1965
1994
1994
2006
1966
2022
2047
2037
2016
2045
2030
1993
1897
2038
1999
2043
2021
1992
2132
1977
1948
2017
1997
1999
2022
1973
2034
2020
2066
1993
2030
2014
2005
1961
2008
1990
2004
1971
1977
1949
1979
1970
1890
2003
1953
1995
2065
1966
2010
1991
2032
2054
2050
2042
1952
1962
2028
2004
2060
1995
2004
1943
2060
2089
1976
2017
2017
2040
1956
2021
1938
1948
2000
2003
2024
1958
2024
2059
1940
2052
2002
2011
2039
2037
1984
1926
1963
2008
1965
1994
1969
1967
2031
1938
1963
2028
2032
1995
1980
2067
1993
2057
1936
1933
2064
1928
1976
1967
1993
1993
2049
2028
2026
1972
1997
1953
1995
2005
2015
2028
1988
2000
2041
2029
1929
1987
1969
1967
1969
1964
2018
2036
2029
2003
2030
2034
1979
1983
2067
2003
2011
2044
2076
2048
1968
1950
2005
1985
1975
2035
2020
1977
1997
2055
1919
1961
2008
2071
1994
2056
2048
2033
1966
1998
2006
2051
1934
2025
1971
1976
1997
2046
1947
2076
1957
2031
1976
1967
1999
1936
2041
1983
1967
2035
2034
2016
2037
1969
1983
2015
1996
2019
2021
2029
1967
2062
2035
2001
2008
1993
1963
1959
1971
2060
2015
1950
2034
2025
1989
2077
1909
2055
1947
2003
1992
2032
1973
1962
2020
1932
2026
1949
2006
2062
1986
2011
2027
1991
2048
2027
1949
1984
2042
2024
1967
2042
1993
2066
1969
1976
2052
1991
2064
1943
2030
1922
1947
1977
1971
1998
1991
1987
2039
2036
2023
2067
2016
2024
2061
2031
1973
1976
1993
2032
2002
2021
1941
1968
1948
2051
2010
2005
2011
2024
1979
1973
1993
2013
2053
2012
2039
1945
1988
2018
1983
2001
1975
2018
2084
2075
2030
1966
1950
1982
2037
2059
2017
1958
2013
2009
2010
1916
1999
2015
2054
2008
1953
2035
2029
1999
1970
1903
1978
1967
2078
1989
1996
1996
2012
1954
1988
2003
1965
2098
2003
1973
2009
2057
2040
1968
2052
2003
1977
1963
2054
2003
2058
1980
1975
1983
1968
2052
2061
2009
2014
1951
2062
2016
2057
2044
2046
2027
1950
1976
2014
1958
1981
1945
2022
1965
2033
1959
1958
1983
1960
1950
1968
2024
2015
2044
2064
1995
2079
2043
2012
1971
2041
2032
1995
1978
2028
1924
1979
1986
1954
2006
1995
2083
2004
1995
2081
2058
2055
1971
1974
1970
1998
1947
2023
1983
2020
2039
2080
1975
2018
1931
1999
1976
2010
2004
2034
1912
1968
2043
1936
1940
2066
2033
2001
1964
2033
2051
2120
2063
2063
1991
2016
1980
1945
1979
1989
2000
2029
1962
2007
1981
1987
1967
2005
2009
1982
2008
1913
1952
1959
1995
2066
2061
1973
1986
1940
2035
1993
2062
2075
2001
1960
2102
1960
1920
2063
1962
1993
2000
2032
1968
1950
2073
2003
2038
1973
1990
1965
2054
2103
2001
1968
1959
2056
2081
1965
1952
2007
1993
2027
1976
2024
2004
2028
2071
2008
1988
1931
2020
2005
2036
1996
1953
2090
1955
2000
1986
1955
1997
2011
1993
1999
2001
2046
1989
1983
1971
2022
2043
1959
1948
2004
2027
2028
2008
2011
1983
1994
1992
2088
2045
1985
1997
1997
2037
1975
1992
1973
2003
2031
2010
2001
2017
1905
1943
1942
1920
2012
2003
2032
1990
1991
1955
1970
2051
1959
1965
1986
1981
2059
2013
1975
2045
2027
2043
2020
1954
1956
1962
2002
2038
2025
2013
2126
2018
2053
2055
1969
1931
2062
1996
2038
2020
1953
1984
1975
1995
2003
2013
2064
1899
1978
1958
1971
2049
2002
2037
2041
2018
1981
2063
1922
1979
1984
2034
2000
1976
2009
2036
2004
1963
1985
1987
2045
2001
2040
1978
1964
2014
1948
1980
1968
2008
1944
2044
2076
2006
2013
2040
2048
1976
1987
2014
2006
1984
1987
2028
2068
2015
1974
2035
1962
2005
1971
1979
2046
1915
2055
2011
1957
2001
1994
1975
2001
1991
1966
1990
2011
1973
2001
2007
2006
2027
2009
2049
1964
1987
2032
1961
2027
2013
1979
1999
2043
2017
1961
2037
1970
2007
1960
1982
1998
1993
2017
2016
2069
1949
2018
1911
2041
2000
2071
2045
2000
1916
2057
2000
2071
1990
1994
2020
1952
1926
2043
1995
1943
1993
1986
2006
2025
1990
2044
1979
2008
2002
2014
2017
1995
2016
1980
1991
2044
1946
2039
1864
1941
1978
2006
2003
2005
2039
2045
1926
2060
1945
2054
1948
2011
1955
1934
1996
1968
1935
1900
1930
2007
2090
2022
1930
2010
2020
2018
1999
2057
2063
2019
1995
1999
2002
2043
1940
1973
1995
2000
2051
2029
1880
2029
1958
2053
1991
2013
1972
1998
1940
1970
2018
2052
2034
1974
2009
2032
2003
1984
2025
1956
1967
2002
1967
1992
2055
1972
1968
2022
1995
1978
2043
1934
1973
2093
2017
1951
2074
2088
1997
2048
2019
1946
2014
1978
1935
1998
2056
1987
2021
2024
2011
2013
2019
1981
2003
2074
2024
2038
1998
2010
2059
2000
1981
2059
2035
2030
1970
1981
2028
2029
1969
1994
2062
2016
1966
2066
1994
2011
1979
2032
1998
2054
1957
2003
1965
2044
2025
2057
2045
1957
2067
2016
2008
2007
1966
2069
2004
1961
2082
2044
1985
1971
1960
2011
2039
1909
1973
1986
1975
2004
1973
2032
2004
2019
2014
1969
2021
2034
2004
1971
2065
1937
2040
2023
1940
2027
2023
2011
2021
2012
1969
2014
2022
1937
1974
1984
1903
2079
1972
1981
1990
1999
1971
2020
1945
2058
2017
2019
2025
2022
2045
1963
1999
1976
2027
1966
2025
2077
1918
2037
1930
2019
2033
1953
2061
1921
1923
1915
1982
2050
1961
1947
2009
1956
1960
1985
1960
2004
2028
2056
1970
2037
2026
2070
2018
1990
2046
2010
2008
1992
1948
1941
1990
2005
2010
2009
1955
2031
2023
2013
2030
2044
2014
2063
2042
1956
1962
1975
1956
2024
1983
2012
2064
2063
2011
1981
1958
2053
2009
1972
1971
1967
2077
1923
1986
2020
2069
1964
2007
1989
2072
2008
2078
1977
1991
2016
2067
1996
1961
2021
1959
1971
1961
2003
2038
2017
2015
1918
2032
2000
1969
2020
1999
1994
2025
1983
1985
1913
1980
2066
1973
2046
1963
2003
2003
1954
1992
1980
2001
2006
2016
2033
1984
1996
2062
1974
1953
2004
2003
1971
2028
1928
1991
1964
2022
2064
1974
1994
1958
1984
2031
1979
1989
1959
2013
2012
1972
1998
2013
1994
2011
1963
1990
1930
1961
2016
2015
2016
2026
2040
2034
1945
1981
2036
2023
1919
1972
1988
2036
2084
2033
1971
2005
2046
2032
1968
1898
2059
1845
2014
1975
2014
1924
2022
