10.00 -0.4876 -0.4819 -0.4761 -0.4938 -0.4781 -0.2950
20.00 -0.4542 -0.4624 -0.4612 -0.4541 -0.4506 -0.3012
30.00 -0.5114 -0.5179 -0.5023 -0.5035 -0.5017 -0.3313
40.00 -0.5081 -0.4980 -0.4949 -0.4909 -0.4921 -0.3230
50.00 -0.4733 -0.4780 -0.4843 -0.4735 -0.4641 -0.3056
60.00 -0.4837 -0.4842 -0.4959 -0.4784 -0.4714 -0.3177
70.00 -0.4909 -0.4949 -0.4812 -0.4889 -0.4992 -0.3177
80.00 -0.5038 -0.5110 -0.5096 -0.5026 -0.5001 -0.3312
90.00 -0.4811 -0.4910 -0.4747 -0.4836 -0.4761 -0.2956
100.00 -0.5169 -0.5099 -0.5073 -0.5025 -0.5086 -0.3250
110.00 -0.4583 -0.4699 -0.4584 -0.4717 -0.4605 -0.3134
120.00 -0.4743 -0.4881 -0.4946 -0.4668 -0.4799 -0.3079
130.00 -0.4922 -0.4670 -0.4953 -0.4940 -0.4809 -0.3163
140.00 -0.5175 -0.5171 -0.5341 -0.5395 -0.5339 -0.3318
150.00 -0.4684 -0.4663 -0.4685 -0.4614 -0.4664 -0.2981
160.00 -0.5025 -0.4894 -0.4988 -0.4980 -0.5029 -0.3283
170.00 -0.4888 -0.4833 -0.4937 -0.4914 -0.4808 -0.3187
180.00 -0.4778 -0.4751 -0.4870 -0.4795 -0.4800 -0.3249
190.00 -0.5103 -0.5124 -0.5062 -0.5098 -0.5016 -0.3384
200.00 -0.4802 -0.4864 -0.4862 -0.4956 -0.4727 -0.3047
210.00 -0.5109 -0.4987 -0.5022 -0.5142 -0.4973 -0.3184
220.00 -0.4898 -0.4711 -0.4769 -0.4768 -0.4755 -0.3134
230.00 -0.5047 -0.4942 -0.5012 -0.4995 -0.4853 -0.3231
240.00 -0.4904 -0.4906 -0.4865 -0.4856 -0.4884 -0.3157
250.00 -0.4924 -0.4811 -0.4771 -0.4754 -0.4963 -0.3235
260.00 -0.5232 -0.5143 -0.5099 -0.4882 -0.5084 -0.3433
270.00 -0.4570 -0.4519 -0.4575 -0.4521 -0.4502 -0.2941
280.00 -0.5044 -0.4949 -0.4987 -0.4930 -0.5023 -0.3156
290.00 -0.4937 -0.4838 -0.4751 -0.4785 -0.4915 -0.3169
300.00 -0.5127 -0.4973 -0.4900 -0.5029 -0.5048 -0.3202
310.00 -0.4917 -0.4721 -0.4706 -0.4839 -0.4959 -0.3152
320.00 -0.4971 -0.4928 -0.5138 -0.4902 -0.5026 -0.3180
330.00 -0.5103 -0.5034 -0.5057 -0.5012 -0.4885 -0.3259
340.00 -0.4562 -0.4573 -0.4650 -0.4556 -0.4504 -0.2964
350.00 -0.4760 -0.4816 -0.4948 -0.4922 -0.4889 -0.3203
360.00 -0.4555 -0.4750 -0.4639 -0.4656 -0.4667 -0.3142
370.00 -0.5351 -0.5326 -0.5391 -0.5210 -0.5411 -0.3474
380.00 -0.4853 -0.4751 -0.4844 -0.4750 -0.4861 -0.3068
390.00 -0.5107 -0.4980 -0.4953 -0.4953 -0.4851 -0.3148
400.00 -0.4897 -0.5031 -0.5032 -0.4969 -0.4963 -0.3210
410.00 -0.4575 -0.4678 -0.4681 -0.4657 -0.4715 -0.3055
420.00 -0.5128 -0.5083 -0.5166 -0.5123 -0.5026 -0.3346
430.00 -0.4951 -0.5007 -0.5008 -0.4966 -0.4954 -0.3237
440.00 -0.4610 -0.4724 -0.4754 -0.4588 -0.4702 -0.3020
450.00 -0.5077 -0.5089 -0.5144 -0.5181 -0.5145 -0.3241
460.00 -0.4688 -0.4694 -0.4796 -0.4658 -0.4821 -0.3040
470.00 -0.4617 -0.4741 -0.4768 -0.4667 -0.4681 -0.3132
480.00 -0.5342 -0.5357 -0.5263 -0.5381 -0.5289 -0.3364
490.00 -0.4726 -0.4866 -0.4875 -0.4792 -0.4794 -0.3117
500.00 -0.5162 -0.5205 -0.5180 -0.5193 -0.4962 -0.3243
510.00 -0.4982 -0.5032 -0.5086 -0.5096 -0.5058 -0.3194
520.00 -0.4770 -0.4674 -0.4764 -0.4692 -0.4584 -0.3169
530.00 -0.5265 -0.5216 -0.5430 -0.5413 -0.5290 -0.3381
540.00 -0.4499 -0.4514 -0.4556 -0.4474 -0.4480 -0.3021
550.00 -0.5037 -0.4907 -0.4956 -0.4890 -0.5028 -0.3025
560.00 -0.5055 -0.5018 -0.5126 -0.4974 -0.4912 -0.3413
570.00 -0.4615 -0.4675 -0.4655 -0.4656 -0.4687 -0.3029
580.00 -0.5109 -0.4962 -0.5071 -0.5064 -0.4996 -0.3194
590.00 -0.4866 -0.4972 -0.4975 -0.4859 -0.4877 -0.3266
600.00 -0.4888 -0.4949 -0.4907 -0.4665 -0.4960 -0.3058
610.00 -0.4739 -0.4742 -0.4784 -0.4840 -0.4542 -0.3105
620.00 -0.5242 -0.5042 -0.5176 -0.5051 -0.4986 -0.3277
630.00 -0.5132 -0.4748 -0.5009 -0.5093 -0.4945 -0.3182
640.00 -0.4928 -0.4896 -0.5020 -0.4940 -0.5018 -0.3299
650.00 -0.4581 -0.4700 -0.4732 -0.4519 -0.4754 -0.3008
660.00 -0.5006 -0.5018 -0.5011 -0.5034 -0.4910 -0.3185
670.00 -0.5094 -0.4922 -0.5076 -0.4936 -0.4993 -0.3188
680.00 -0.5034 -0.5084 -0.5140 -0.4988 -0.5149 -0.3268
690.00 -0.4664 -0.4642 -0.4666 -0.4484 -0.4531 -0.3023
700.00 -0.4956 -0.4963 -0.5010 -0.4988 -0.4968 -0.3298
710.00 -0.4543 -0.4659 -0.4747 -0.4582 -0.4579 -0.2989
720.00 -0.5122 -0.5040 -0.5155 -0.5266 -0.5086 -0.3288
730.00 -0.4811 -0.4871 -0.4920 -0.4705 -0.4896 -0.3295
740.00 -0.4997 -0.4897 -0.4891 -0.4906 -0.4988 -0.3113
750.00 -0.4899 -0.4798 -0.4859 -0.4913 -0.4893 -0.3164
760.00 -0.4799 -0.4878 -0.4920 -0.4892 -0.4981 -0.3201
770.00 -0.4797 -0.5023 -0.4894 -0.4976 -0.4847 -0.3096
780.00 -0.4778 -0.4995 -0.4982 -0.4835 -0.4816 -0.3202
790.00 -0.4836 -0.4956 -0.4833 -0.4964 -0.5001 -0.3192
800.00 -0.4966 -0.4838 -0.4986 -0.4786 -0.4986 -0.3125
810.00 -0.4579 -0.4580 -0.4623 -0.4572 -0.4639 -0.3108
820.00 -0.4929 -0.4888 -0.4900 -0.4876 -0.4917 -0.2976
830.00 -0.5103 -0.4984 -0.5000 -0.5003 -0.4864 -0.3315
840.00 -0.5172 -0.5099 -0.5243 -0.5204 -0.5127 -0.3305
850.00 -0.4667 -0.4826 -0.4815 -0.4836 -0.4844 -0.3227
860.00 -0.4765 -0.4776 -0.4808 -0.4639 -0.4695 -0.3085
870.00 -0.4829 -0.4737 -0.4794 -0.4790 -0.4672 -0.3049
880.00 -0.4988 -0.4922 -0.5109 -0.5017 -0.5023 -0.3172
890.00 -0.4774 -0.4921 -0.4907 -0.4898 -0.4912 -0.3154
900.00 -0.4827 -0.4752 -0.4816 -0.4864 -0.4850 -0.3138
910.00 -0.4941 -0.4957 -0.5102 -0.5006 -0.4922 -0.3201
920.00 -0.4853 -0.4756 -0.4925 -0.4868 -0.4854 -0.3124
930.00 -0.5014 -0.4880 -0.5105 -0.5081 -0.5070 -0.3167
940.00 -0.4995 -0.4814 -0.5013 -0.4898 -0.4941 -0.3211
950.00 -0.4985 -0.4875 -0.4933 -0.4916 -0.4893 -0.3315
960.00 -0.4969 -0.5037 -0.5102 -0.4989 -0.4894 -0.2997
970.00 -0.4787 -0.4685 -0.4676 -0.4651 -0.4655 -0.2991
980.00 -0.5091 -0.5216 -0.5090 -0.5037 -0.5030 -0.3301
990.00 -0.4537 -0.4587 -0.4528 -0.4522 -0.4575 -0.3052
1000.00 -0.5060 -0.5086 -0.5013 -0.5091 -0.5104 -0.3274
1010.00 -0.4932 -0.5729 -0.5867 -0.5736 -0.5712 -0.3303
1020.00 -0.5759 -0.8783 -0.8775 -0.8835 -0.8758 -0.3391
1030.00 -0.5539 -0.8762 -0.8810 -0.8722 -0.8660 -0.3267
1040.00 -0.5694 -0.8108 -0.7989 -0.8109 -0.8166 -0.3290
1050.00 -0.5527 -0.8852 -0.8955 -0.8991 -0.8865 -0.3191
1060.00 -0.5579 -0.9109 -0.9128 -0.9086 -0.9141 -0.3308
1070.00 -0.5166 -0.8873 -0.9038 -0.9044 -0.8940 -0.3044
1080.00 -0.5161 -0.8014 -0.7898 -0.7949 -0.7911 -0.3238
1090.00 -0.4234 -0.4934 -0.4904 -0.4904 -0.4910 -0.3148
1100.00 -0.4179 -0.5432 -0.5471 -0.5485 -0.5515 -0.3061
1110.00 -0.4447 -0.5328 -0.5360 -0.5332 -0.5301 -0.3312
1120.00 -0.4356 -0.5345 -0.5369 -0.5376 -0.5374 -0.3181
1130.00 -0.4335 -0.5034 -0.5127 -0.5144 -0.5080 -0.3197
1140.00 -0.4326 -0.5259 -0.5352 -0.5289 -0.5316 -0.3183
1150.00 -0.4258 -0.5485 -0.5471 -0.5507 -0.5497 -0.3256
1160.00 -0.4572 -0.6164 -0.6178 -0.6088 -0.6166 -0.3263
1170.00 -0.4302 -0.5182 -0.5105 -0.5244 -0.5238 -0.3043
1180.00 -0.4334 -0.5089 -0.5103 -0.5044 -0.5022 -0.3232
1190.00 -0.4181 -0.5289 -0.5279 -0.5234 -0.5275 -0.3067
1200.00 -0.4409 -0.5335 -0.5245 -0.5267 -0.5291 -0.3234
1210.00 -0.4518 -0.6104 -0.6104 -0.6031 -0.6044 -0.3325
1220.00 -0.4310 -0.5328 -0.5328 -0.5248 -0.5366 -0.3190
1230.00 -0.4266 -0.5325 -0.5388 -0.5483 -0.5377 -0.3065
1240.00 -0.4201 -0.5272 -0.5313 -0.5385 -0.5356 -0.3127
1250.00 -0.4591 -0.6781 -0.6787 -0.6755 -0.6758 -0.3360
1260.00 -0.4182 -0.5684 -0.5648 -0.5714 -0.5683 -0.3083
1270.00 -0.4401 -0.6521 -0.6436 -0.6535 -0.6487 -0.3290
1280.00 -0.4264 -0.5611 -0.5632 -0.5643 -0.5597 -0.3135
1290.00 -0.4117 -0.5566 -0.5595 -0.5593 -0.5607 -0.3103
1300.00 -0.4590 -0.6541 -0.6647 -0.6602 -0.6615 -0.3381
1310.00 -0.4154 -0.5487 -0.5474 -0.5466 -0.5399 -0.3187
1320.00 -0.4091 -0.5586 -0.5563 -0.5573 -0.5596 -0.3139
1330.00 -0.4322 -0.6081 -0.6077 -0.6000 -0.5995 -0.3313
1340.00 -0.4224 -0.6460 -0.6515 -0.6441 -0.6543 -0.3132
1350.00 -0.4307 -0.5606 -0.5613 -0.5635 -0.5662 -0.3306
1360.00 -0.4079 -0.5780 -0.5753 -0.5799 -0.5715 -0.3116
1370.00 -0.4207 -0.5985 -0.5961 -0.5988 -0.5986 -0.3248
1380.00 -0.4249 -0.5989 -0.5954 -0.5958 -0.5937 -0.3228
1390.00 -0.4384 -0.6164 -0.6200 -0.6173 -0.6218 -0.3362
1400.00 -0.4247 -0.5603 -0.5664 -0.5647 -0.5664 -0.3082
1410.00 -0.4279 -0.5700 -0.5662 -0.5751 -0.5623 -0.3265
1420.00 -0.4311 -0.6179 -0.6188 -0.6115 -0.6045 -0.3291
1430.00 -0.4425 -0.5354 -0.5373 -0.5432 -0.5427 -0.3375
1440.00 -0.4106 -0.6258 -0.6167 -0.6160 -0.6189 -0.3165
1450.00 -0.4173 -0.5333 -0.5248 -0.5246 -0.5310 -0.3257
1460.00 -0.4178 -0.6757 -0.6833 -0.6895 -0.6792 -0.3151
1470.00 -0.4112 -0.5768 -0.5685 -0.5770 -0.5857 -0.3170
1480.00 -0.4601 -0.7482 -0.7446 -0.7501 -0.7437 -0.3524
1490.00 -0.3965 -0.5948 -0.5999 -0.5971 -0.5886 -0.2990
1500.00 -0.4075 -0.5336 -0.5409 -0.5429 -0.5354 -0.3130
1510.00 -0.4188 -0.6147 -0.6209 -0.6279 -0.6208 -0.3167
1520.00 -0.4400 -0.6326 -0.6249 -0.6283 -0.6238 -0.3348
1530.00 -0.4276 -0.6223 -0.6240 -0.6218 -0.6215 -0.3273
1540.00 -0.4106 -0.5781 -0.5831 -0.5749 -0.5721 -0.3169
1550.00 -0.4366 -0.7686 -0.7635 -0.7585 -0.7642 -0.3384
1560.00 -0.4175 -0.6994 -0.6986 -0.6971 -0.7019 -0.3187
1570.00 -0.4150 -0.6415 -0.6373 -0.6341 -0.6443 -0.3201
1580.00 -0.4167 -0.5814 -0.5813 -0.5851 -0.5836 -0.3107
1590.00 -0.4246 -0.6485 -0.6493 -0.6462 -0.6547 -0.3298
1600.00 -0.4330 -0.5964 -0.5942 -0.5909 -0.5971 -0.3312
1610.00 -0.4164 -0.7020 -0.7091 -0.7010 -0.7038 -0.3113
1620.00 -0.4287 -0.5581 -0.5507 -0.5576 -0.5549 -0.3262
1630.00 -0.4394 -0.5750 -0.5728 -0.5826 -0.5753 -0.3285
1640.00 -0.4162 -0.5462 -0.5465 -0.5520 -0.5438 -0.3092
1650.00 -0.4255 -0.5758 -0.5775 -0.5774 -0.5706 -0.3126
1660.00 -0.4269 -0.6053 -0.6049 -0.6117 -0.6062 -0.3344
1670.00 -0.4121 -0.6742 -0.6740 -0.6722 -0.6719 -0.3234
1680.00 -0.4404 -0.7019 -0.6919 -0.6918 -0.7009 -0.3358
1690.00 -0.4029 -0.7046 -0.7059 -0.6987 -0.6983 -0.3111
1700.00 -0.4325 -0.6137 -0.6135 -0.6146 -0.6195 -0.3276
1710.00 -0.4318 -0.7600 -0.7698 -0.7623 -0.7588 -0.3239
1720.00 -0.4393 -0.7835 -0.7814 -0.7861 -0.7843 -0.3374
1730.00 -0.3982 -0.4772 -0.4786 -0.4860 -0.4837 -0.3011
1740.00 -0.4378 -0.6174 -0.6133 -0.6211 -0.6192 -0.3172
1750.00 -0.4210 -0.6562 -0.6599 -0.6614 -0.6639 -0.3125
1760.00 -0.4487 -0.7045 -0.7078 -0.7009 -0.7011 -0.3442
1770.00 -0.3972 -0.5877 -0.5894 -0.5782 -0.5835 -0.2986
1780.00 -0.4142 -0.5745 -0.5723 -0.5684 -0.5673 -0.3183
1790.00 -0.4243 -0.6913 -0.7018 -0.6989 -0.6891 -0.3133
1800.00 -0.4240 -0.6628 -0.6634 -0.6615 -0.6595 -0.3294
1810.00 -0.4181 -0.6482 -0.6372 -0.6496 -0.6461 -0.3259
1820.00 -0.4289 -0.7959 -0.7889 -0.7829 -0.7971 -0.3197
1830.00 -0.4228 -0.7463 -0.7439 -0.7417 -0.7378 -0.3114
1840.00 -0.4397 -0.6159 -0.6169 -0.6247 -0.6154 -0.3245
1850.00 -0.4179 -0.5522 -0.5483 -0.5595 -0.5595 -0.3122
1860.00 -0.4187 -0.6396 -0.6417 -0.6365 -0.6450 -0.3242
1870.00 -0.4366 -0.7307 -0.7302 -0.7236 -0.7362 -0.3328
1880.00 -0.4002 -0.6257 -0.6265 -0.6302 -0.6261 -0.3052
1890.00 -0.4461 -0.6821 -0.6801 -0.6830 -0.6811 -0.3489
1900.00 -0.4203 -0.5727 -0.5729 -0.5733 -0.5775 -0.3168
1910.00 -0.4311 -0.7080 -0.7072 -0.7022 -0.7149 -0.3248
1920.00 -0.4276 -0.7716 -0.7768 -0.7770 -0.7703 -0.3306
1930.00 -0.4059 -0.6202 -0.6146 -0.6210 -0.6161 -0.3131
1940.00 -0.4499 -0.6841 -0.6843 -0.6773 -0.6808 -0.3486
1950.00 -0.4073 -0.7312 -0.7359 -0.7385 -0.7319 -0.3170
1960.00 -0.3823 -0.7680 -0.7650 -0.7730 -0.7626 -0.3046
1970.00 -0.4442 -0.6053 -0.6124 -0.6031 -0.6053 -0.3337
1980.00 -0.4076 -0.6047 -0.6065 -0.6032 -0.6125 -0.3005
1990.00 -0.3996 -0.5448 -0.5487 -0.5423 -0.5410 -0.3031
2000.00 -0.4596 -0.7320 -0.7245 -0.7303 -0.7337 -0.3405
2010.00 -0.4333 -0.6672 -0.6673 -0.6617 -0.6691 -0.3314
2020.00 -0.4058 -0.6582 -0.6640 -0.6631 -0.6645 -0.3204
2030.00 -0.4488 -0.7569 -0.7472 -0.7494 -0.7489 -0.3361
2040.00 -0.3990 -0.6021 -0.6111 -0.6035 -0.6053 -0.3045
2050.00 -0.4303 -0.7252 -0.7235 -0.7220 -0.7275 -0.3286
2060.00 -0.4165 -0.7013 -0.7122 -0.7098 -0.6956 -0.3150
2070.00 -0.4242 -0.5855 -0.5976 -0.5876 -0.5883 -0.3294
2080.00 -0.4227 -0.6483 -0.6507 -0.6462 -0.6473 -0.3331
2090.00 -0.4090 -0.6040 -0.6106 -0.6111 -0.6049 -0.3078
2100.00 -0.4275 -0.5661 -0.5657 -0.5618 -0.5601 -0.3264
2110.00 -0.4259 -0.7319 -0.7197 -0.7204 -0.7320 -0.3260
2120.00 -0.4189 -0.6370 -0.6469 -0.6408 -0.6437 -0.3253
2130.00 -0.4250 -0.6181 -0.6184 -0.6114 -0.6302 -0.3245
2140.00 -0.4221 -0.7797 -0.7788 -0.7806 -0.7782 -0.3195
2150.00 -0.3987 -0.6817 -0.6863 -0.6835 -0.6865 -0.3107
2160.00 -0.4432 -0.8245 -0.8228 -0.8380 -0.8316 -0.3364
2170.00 -0.3905 -0.5818 -0.5795 -0.5806 -0.5821 -0.3065
2180.00 -0.4517 -0.9055 -0.8931 -0.8913 -0.8839 -0.3513
2190.00 -0.4247 -0.5958 -0.5968 -0.5910 -0.5932 -0.3132
2200.00 -0.4410 -0.6098 -0.6191 -0.6168 -0.6186 -0.3397
2210.00 -0.3899 -0.4895 -0.4904 -0.4927 -0.4887 -0.2841
2220.00 -0.4686 -0.7278 -0.7256 -0.7266 -0.7274 -0.3550
2230.00 -0.3899 -0.5482 -0.5430 -0.5369 -0.5395 -0.3047
2240.00 -0.4239 -0.7923 -0.7930 -0.7961 -0.7994 -0.3224
2250.00 -0.4177 -0.6121 -0.6272 -0.6306 -0.6231 -0.3243
2260.00 -0.4560 -0.8102 -0.8151 -0.8074 -0.8139 -0.3452
2270.00 -0.3867 -0.6899 -0.6882 -0.6863 -0.6912 -0.2927
2280.00 -0.4044 -0.6024 -0.5995 -0.6033 -0.5985 -0.3273
2290.00 -0.4344 -0.7982 -0.8037 -0.7836 -0.7904 -0.3320
2300.00 -0.4404 -0.7768 -0.7699 -0.7741 -0.7797 -0.3300
2310.00 -0.4020 -0.6135 -0.6164 -0.6152 -0.6103 -0.3173
2320.00 -0.4617 -0.6734 -0.6758 -0.6701 -0.6697 -0.3261
2330.00 -0.4005 -0.5804 -0.5785 -0.5719 -0.5742 -0.3107
2340.00 -0.4346 -0.5833 -0.5887 -0.5863 -0.5867 -0.3212
2350.00 -0.4355 -0.6210 -0.6229 -0.6302 -0.6300 -0.3284
2360.00 -0.4353 -0.6177 -0.6169 -0.6099 -0.6135 -0.3264
2370.00 -0.4125 -0.7739 -0.7754 -0.7819 -0.7786 -0.3317
2380.00 -0.4273 -0.6023 -0.6028 -0.6007 -0.6011 -0.3291
2390.00 -0.4393 -0.7063 -0.7042 -0.7009 -0.7019 -0.3439
2400.00 -0.3895 -0.6988 -0.6970 -0.7014 -0.7012 -0.2926
2410.00 -0.4030 -0.6299 -0.6302 -0.6418 -0.6293 -0.3055
2420.00 -0.4523 -0.8051 -0.8093 -0.8057 -0.8132 -0.3548
2430.00 -0.3908 -0.6978 -0.7052 -0.7078 -0.7047 -0.3134
2440.00 -0.4513 -0.6560 -0.6589 -0.6602 -0.6595 -0.3391
2450.00 -0.4056 -0.5673 -0.5661 -0.5685 -0.5624 -0.3055
2460.00 -0.4413 -0.6870 -0.6863 -0.6816 -0.6892 -0.3363
2470.00 -0.3871 -0.5401 -0.5343 -0.5407 -0.5385 -0.2984
2480.00 -0.4323 -0.7706 -0.7748 -0.7729 -0.7767 -0.3315
2490.00 -0.4618 -0.7952 -0.8047 -0.7976 -0.8043 -0.3422
2500.00 -0.4128 -0.4860 -0.4797 -0.4797 -0.4781 -0.3070
2510.00 -0.4087 -0.5008 -0.5084 -0.5044 -0.5114 -0.3129
2520.00 -0.4161 -0.8240 -0.8174 -0.8302 -0.8176 -0.3227
2530.00 -0.4265 -0.6458 -0.6444 -0.6417 -0.6462 -0.3153
2540.00 -0.4524 -0.6851 -0.6893 -0.6855 -0.6878 -0.3444
2550.00 -0.3781 -0.5752 -0.5761 -0.5789 -0.5777 -0.2985
2560.00 -0.4569 -0.9358 -0.9371 -0.9320 -0.9300 -0.3555
2570.00 -0.3973 -0.5219 -0.5155 -0.5138 -0.5159 -0.2961
2580.00 -0.4107 -0.6119 -0.6098 -0.6138 -0.6136 -0.3166
2590.00 -0.4164 -0.7532 -0.7539 -0.7523 -0.7563 -0.3284
2600.00 -0.4406 -0.6600 -0.6454 -0.6513 -0.6530 -0.3207
2610.00 -0.4374 -0.7074 -0.7058 -0.6990 -0.7076 -0.3240
2620.00 -0.4332 -0.8585 -0.8675 -0.8613 -0.8652 -0.3373
2630.00 -0.3879 -0.6485 -0.6482 -0.6459 -0.6451 -0.3009
2640.00 -0.4412 -0.6460 -0.6490 -0.6499 -0.6521 -0.3140
2650.00 -0.4061 -0.5842 -0.5849 -0.5913 -0.5880 -0.3073
2660.00 -0.4272 -0.6555 -0.6570 -0.6616 -0.6594 -0.3300
2670.00 -0.4305 -0.8525 -0.8457 -0.8583 -0.8538 -0.3423
2680.00 -0.4083 -0.5433 -0.5473 -0.5517 -0.5530 -0.3102
2690.00 -0.4315 -0.7500 -0.7538 -0.7470 -0.7425 -0.3171
2700.00 -0.4157 -0.5084 -0.5046 -0.5109 -0.5011 -0.3269
2710.00 -0.4221 -0.8573 -0.8579 -0.8600 -0.8603 -0.3288
2720.00 -0.4273 -0.6676 -0.6655 -0.6694 -0.6657 -0.3218
2730.00 -0.4206 -0.5553 -0.5575 -0.5524 -0.5555 -0.3154
2740.00 -0.4137 -0.5893 -0.5830 -0.5799 -0.5947 -0.3098
2750.00 -0.4492 -0.8544 -0.8566 -0.8604 -0.8592 -0.3381
2760.00 -0.4173 -0.7530 -0.7594 -0.7467 -0.7509 -0.3269
2770.00 -0.4104 -0.8135 -0.8126 -0.8082 -0.8129 -0.3086
2780.00 -0.4021 -0.5473 -0.5368 -0.5365 -0.5460 -0.3074
2790.00 -0.4428 -0.6076 -0.6083 -0.6150 -0.6154 -0.3287
2800.00 -0.4357 -0.5776 -0.5814 -0.5841 -0.5798 -0.3273
2810.00 -0.4391 -0.6754 -0.6792 -0.6725 -0.6708 -0.3216
2820.00 -0.4105 -0.6673 -0.6578 -0.6668 -0.6674 -0.3332
2830.00 -0.4110 -0.7148 -0.7108 -0.7050 -0.7095 -0.3244
2840.00 -0.4406 -0.8529 -0.8584 -0.8552 -0.8536 -0.3340
2850.00 -0.4089 -0.7731 -0.7580 -0.7658 -0.7682 -0.3057
2860.00 -0.4465 -0.8479 -0.8485 -0.8477 -0.8471 -0.3348
2870.00 -0.3869 -0.5145 -0.5121 -0.5170 -0.5138 -0.3077
2880.00 -0.4596 -0.7351 -0.7463 -0.7344 -0.7394 -0.3444
2890.00 -0.4002 -0.6154 -0.6111 -0.6167 -0.6305 -0.3066
2900.00 -0.4308 -0.7262 -0.7280 -0.7204 -0.7174 -0.3279
2910.00 -0.4069 -0.5666 -0.5690 -0.5630 -0.5707 -0.3084
2920.00 -0.4353 -0.6103 -0.6032 -0.6076 -0.6102 -0.3253
2930.00 -0.4362 -0.6465 -0.6492 -0.6492 -0.6534 -0.3328
2940.00 -0.4184 -0.6844 -0.6853 -0.6772 -0.6819 -0.3223
2950.00 -0.4478 -0.6844 -0.6774 -0.6785 -0.6752 -0.3266
2960.00 -0.4041 -0.5411 -0.5322 -0.5400 -0.5363 -0.3138
2970.00 -0.4398 -0.8254 -0.8227 -0.8218 -0.8201 -0.3467
2980.00 -0.3880 -0.6300 -0.6188 -0.6162 -0.6204 -0.2993
2990.00 -0.4290 -1.0350 -1.0394 -1.0633 -1.0451 -0.3475
3000.00 -0.4144 -0.6241 -0.6249 -0.6231 -0.6231 -0.3031
3010.00 -0.4071 -0.6222 -0.6230 -0.6146 -0.6214 -0.3194
3020.00 -0.4325 -0.6855 -0.6847 -0.6841 -0.6878 -0.3219
3030.00 -0.4224 -0.6493 -0.6534 -0.6498 -0.6578 -0.3174
3040.00 -0.4378 -0.7023 -0.6922 -0.6994 -0.6947 -0.3313
3050.00 -0.4406 -0.7072 -0.7042 -0.7031 -0.7004 -0.3283
3060.00 -0.4112 -0.6173 -0.6166 -0.6159 -0.6212 -0.3011
3070.00 -0.4223 -0.6049 -0.6197 -0.6113 -0.6163 -0.3182
3080.00 -0.4376 -0.9226 -0.9139 -0.9080 -0.9033 -0.3361
3090.00 -0.4320 -0.6726 -0.6657 -0.6773 -0.6747 -0.3224
3100.00 -0.3935 -0.5047 -0.4982 -0.4919 -0.5019 -0.2942
3110.00 -0.4378 -0.6058 -0.6035 -0.6015 -0.6056 -0.3348
3120.00 -0.4329 -0.6778 -0.6746 -0.6774 -0.6805 -0.3208
3130.00 -0.4073 -0.5546 -0.5513 -0.5607 -0.5533 -0.3134
3140.00 -0.4543 -1.3182 -1.3047 -1.3054 -1.3139 -0.3714
3150.00 -0.3808 -0.8562 -0.8453 -0.8495 -0.8490 -0.3046
3160.00 -0.4093 -0.5568 -0.5700 -0.5721 -0.5734 -0.2936
3170.00 -0.4330 -0.6293 -0.6302 -0.6264 -0.6288 -0.3266
3180.00 -0.4147 -0.5303 -0.5234 -0.5166 -0.5200 -0.3106
3190.00 -0.4261 -0.6649 -0.6584 -0.6577 -0.6627 -0.3270
3200.00 -0.4505 -0.7648 -0.7682 -0.7561 -0.7706 -0.3277
3210.00 -0.4064 -0.5877 -0.5946 -0.5893 -0.5890 -0.2977
3220.00 -0.4319 -0.5986 -0.5924 -0.5914 -0.5966 -0.3362
3230.00 -0.4276 -0.5914 -0.5866 -0.5869 -0.5852 -0.3222
3240.00 -0.4084 -0.6157 -0.6224 -0.6184 -0.6210 -0.3110
3250.00 -0.4227 -0.7376 -0.7300 -0.7374 -0.7350 -0.3343
3260.00 -0.4370 -0.7731 -0.7819 -0.7853 -0.7809 -0.3463
3270.00 -0.4204 -0.6667 -0.6701 -0.6657 -0.6598 -0.3096
3280.00 -0.4209 -0.7039 -0.6984 -0.7095 -0.7057 -0.3345
3290.00 -0.4066 -0.5938 -0.5914 -0.5978 -0.5903 -0.3066
3300.00 -0.4146 -0.6244 -0.6332 -0.6362 -0.6355 -0.3216
3310.00 -0.4393 -0.7497 -0.7455 -0.7427 -0.7499 -0.3400
3320.00 -0.4140 -0.7020 -0.7068 -0.7133 -0.7007 -0.3236
3330.00 -0.3931 -0.7492 -0.7476 -0.7415 -0.7522 -0.3259
3340.00 -0.4238 -0.8874 -0.8924 -0.8904 -0.8906 -0.3065
3350.00 -0.4538 -0.6493 -0.6515 -0.6517 -0.6424 -0.3421
3360.00 -0.4278 -0.7521 -0.7637 -0.7602 -0.7662 -0.3153
3370.00 -0.4314 -0.5563 -0.5623 -0.5667 -0.5571 -0.3244
3380.00 -0.4034 -0.5195 -0.5133 -0.5174 -0.5186 -0.3065
3390.00 -0.4413 -0.7511 -0.7401 -0.7424 -0.7483 -0.3313
3400.00 -0.4284 -0.5583 -0.5658 -0.5619 -0.5639 -0.3090
3410.00 -0.4156 -0.6509 -0.6481 -0.6587 -0.6446 -0.3211
3420.00 -0.4301 -0.7782 -0.7882 -0.7846 -0.7877 -0.3443
3430.00 -0.4097 -0.5263 -0.5228 -0.5260 -0.5232 -0.2933
3440.00 -0.4329 -0.7555 -0.7531 -0.7546 -0.7496 -0.3406
3450.00 -0.4146 -0.6361 -0.6422 -0.6322 -0.6394 -0.3184
3460.00 -0.4133 -0.8413 -0.8423 -0.8415 -0.8433 -0.3311
3470.00 -0.4180 -0.7216 -0.7113 -0.7216 -0.7150 -0.3159
3480.00 -0.4333 -0.7178 -0.7163 -0.7167 -0.7133 -0.3226
3490.00 -0.4379 -0.6438 -0.6470 -0.6435 -0.6538 -0.3305
3500.00 -0.4420 -0.5631 -0.5688 -0.5675 -0.5627 -0.3206
3510.00 -0.3936 -0.6560 -0.6502 -0.6529 -0.6530 -0.3169
3520.00 -0.4116 -0.6660 -0.6666 -0.6629 -0.6645 -0.3161
3530.00 -0.4395 -0.6436 -0.6439 -0.6462 -0.6389 -0.3318
3540.00 -0.4383 -0.6853 -0.6792 -0.6810 -0.6880 -0.3364
3550.00 -0.4296 -0.8056 -0.8095 -0.8020 -0.8006 -0.3159
3560.00 -0.4143 -0.8313 -0.8347 -0.8269 -0.8351 -0.3250
3570.00 -0.4235 -0.5548 -0.5475 -0.5478 -0.5602 -0.3211
3580.00 -0.4059 -0.6071 -0.6070 -0.6036 -0.6117 -0.3000
3590.00 -0.4528 -0.8497 -0.8502 -0.8494 -0.8480 -0.3450
3600.00 -0.3911 -0.5899 -0.5818 -0.5856 -0.5853 -0.3067
3610.00 -0.4156 -0.6399 -0.6402 -0.6457 -0.6452 -0.3124
3620.00 -0.4162 -0.6635 -0.6677 -0.6643 -0.6632 -0.3217
3630.00 -0.4383 -0.9095 -0.9160 -0.9115 -0.9021 -0.3417
3640.00 -0.4264 -0.7251 -0.7259 -0.7226 -0.7258 -0.3143
3650.00 -0.4222 -0.5650 -0.5582 -0.5635 -0.5628 -0.3141
3660.00 -0.4318 -0.5737 -0.5726 -0.5705 -0.5716 -0.3230
3670.00 -0.4209 -0.5889 -0.6009 -0.5881 -0.5953 -0.3195
3680.00 -0.4048 -0.8587 -0.8669 -0.8705 -0.8605 -0.3395
3690.00 -0.4396 -0.8218 -0.8167 -0.8197 -0.8190 -0.3316
3700.00 -0.4070 -0.5741 -0.5654 -0.5643 -0.5632 -0.3096
3710.00 -0.4329 -0.7753 -0.7741 -0.7605 -0.7742 -0.3427
3720.00 -0.4100 -0.6239 -0.6170 -0.6151 -0.6196 -0.2970
3730.00 -0.4337 -0.5400 -0.5453 -0.5468 -0.5394 -0.3236
3740.00 -0.4371 -0.6705 -0.6726 -0.6634 -0.6722 -0.3313
3750.00 -0.4459 -0.8430 -0.8375 -0.8421 -0.8447 -0.3367
3760.00 -0.3876 -0.6428 -0.6450 -0.6414 -0.6406 -0.3078
3770.00 -0.4296 -0.6499 -0.6449 -0.6503 -0.6426 -0.3268
3780.00 -0.4241 -0.6258 -0.6279 -0.6270 -0.6297 -0.3151
3790.00 -0.4320 -0.6949 -0.6878 -0.6916 -0.6896 -0.3210
3800.00 -0.4387 -0.6045 -0.6026 -0.6038 -0.6025 -0.3360
3810.00 -0.4007 -0.6788 -0.6810 -0.6882 -0.6840 -0.3145
3820.00 -0.4224 -0.8859 -0.8863 -0.8865 -0.8870 -0.3232
3830.00 -0.4112 -0.7070 -0.7154 -0.7173 -0.7133 -0.3117
3840.00 -0.4353 -0.7171 -0.7090 -0.7168 -0.7098 -0.3176
3850.00 -0.4343 -0.7372 -0.7381 -0.7339 -0.7414 -0.3278
3860.00 -0.4324 -0.6329 -0.6299 -0.6197 -0.6289 -0.3346
3870.00 -0.3916 -0.6446 -0.6431 -0.6471 -0.6482 -0.3107
3880.00 -0.4332 -0.6907 -0.6923 -0.6911 -0.6802 -0.3301
3890.00 -0.4350 -0.6667 -0.6682 -0.6682 -0.6596 -0.3420
3900.00 -0.4051 -0.6661 -0.6687 -0.6680 -0.6705 -0.2808
3910.00 -0.4207 -0.6983 -0.6981 -0.7022 -0.7021 -0.3240
3920.00 -0.4297 -0.5826 -0.5854 -0.5781 -0.5923 -0.3170
3930.00 -0.4065 -0.5689 -0.5702 -0.5562 -0.5606 -0.3260
3940.00 -0.4368 -0.9793 -0.9712 -0.9713 -0.9811 -0.3498
3950.00 -0.4300 -0.7651 -0.7578 -0.7620 -0.7665 -0.3020
3960.00 -0.4324 -0.6011 -0.5995 -0.6062 -0.6034 -0.3282
3970.00 -0.4001 -0.8099 -0.8275 -0.8226 -0.8239 -0.3191
3980.00 -0.4075 -0.5777 -0.5840 -0.5796 -0.5828 -0.3055
3990.00 -0.4219 -0.5833 -0.5883 -0.5916 -0.5864 -0.3168
4000.00 -0.4432 -0.6945 -0.6913 -0.6977 -0.6970 -0.3298
