10.00 -0.4784 -0.4855 -0.4867 -0.4848 -0.4829 -0.3093
20.00 -0.5043 -0.5096 -0.5133 -0.5029 -0.5006 -0.3220
30.00 -0.4644 -0.4691 -0.4662 -0.4693 -0.4632 -0.3096
40.00 -0.4918 -0.4928 -0.5015 -0.5018 -0.5007 -0.3002
50.00 -0.5065 -0.4875 -0.4928 -0.5032 -0.4910 -0.3226
60.00 -0.5121 -0.5029 -0.4960 -0.5105 -0.5028 -0.3239
70.00 -0.4664 -0.4749 -0.4749 -0.4861 -0.4721 -0.3106
80.00 -0.5086 -0.5227 -0.5061 -0.5189 -0.5199 -0.3166
90.00 -0.4671 -0.4737 -0.4635 -0.4651 -0.4527 -0.3059
100.00 -0.5073 -0.5010 -0.4974 -0.5008 -0.5034 -0.3243
110.00 -0.5033 -0.5026 -0.4941 -0.5028 -0.5022 -0.3173
120.00 -0.4807 -0.4826 -0.4952 -0.4780 -0.4907 -0.3259
130.00 -0.5103 -0.4949 -0.4999 -0.4989 -0.5084 -0.3064
140.00 -0.4783 -0.4661 -0.4761 -0.4811 -0.4844 -0.3101
150.00 -0.5306 -0.5061 -0.5315 -0.5200 -0.5323 -0.3366
160.00 -0.4667 -0.4627 -0.4686 -0.4638 -0.4679 -0.2961
170.00 -0.5046 -0.5037 -0.4970 -0.4893 -0.5024 -0.3236
180.00 -0.5114 -0.5172 -0.5001 -0.5030 -0.5092 -0.3203
190.00 -0.5072 -0.4916 -0.4987 -0.4957 -0.4944 -0.3254
200.00 -0.4906 -0.4867 -0.4816 -0.4967 -0.4790 -0.3053
210.00 -0.5066 -0.4912 -0.5015 -0.4906 -0.4971 -0.3230
220.00 -0.5015 -0.4911 -0.4902 -0.4975 -0.4917 -0.3137
230.00 -0.4750 -0.4779 -0.4684 -0.4876 -0.4836 -0.3085
240.00 -0.4831 -0.4798 -0.4791 -0.4833 -0.4828 -0.3126
250.00 -0.4964 -0.4840 -0.4850 -0.5023 -0.4843 -0.3206
260.00 -0.4923 -0.4866 -0.4954 -0.4859 -0.4912 -0.3078
270.00 -0.5101 -0.4982 -0.4984 -0.4983 -0.4983 -0.3262
280.00 -0.4975 -0.4934 -0.5007 -0.4928 -0.4844 -0.3319
290.00 -0.4723 -0.4744 -0.4776 -0.4647 -0.4590 -0.2942
300.00 -0.5339 -0.5379 -0.5374 -0.5174 -0.5313 -0.3432
310.00 -0.5004 -0.5022 -0.4992 -0.4873 -0.4812 -0.3226
320.00 -0.4803 -0.4706 -0.4704 -0.4739 -0.4734 -0.3252
330.00 -0.4945 -0.4969 -0.5058 -0.4892 -0.4957 -0.3224
340.00 -0.4679 -0.4806 -0.4685 -0.4773 -0.4697 -0.3085
350.00 -0.5005 -0.5046 -0.5082 -0.5002 -0.4974 -0.3183
360.00 -0.4890 -0.5115 -0.5091 -0.5020 -0.4995 -0.3132
370.00 -0.5202 -0.5158 -0.5066 -0.4971 -0.5083 -0.3223
380.00 -0.4519 -0.4620 -0.4587 -0.4376 -0.4535 -0.3051
390.00 -0.4978 -0.5104 -0.5098 -0.5026 -0.5136 -0.3262
400.00 -0.4947 -0.4743 -0.4800 -0.4756 -0.4792 -0.3125
410.00 -0.5041 -0.4932 -0.4903 -0.4816 -0.4847 -0.3176
420.00 -0.5085 -0.5127 -0.5072 -0.5088 -0.5133 -0.3200
430.00 -0.4861 -0.4997 -0.4840 -0.4857 -0.4861 -0.3172
440.00 -0.4820 -0.4856 -0.4703 -0.4885 -0.4741 -0.3208
450.00 -0.5130 -0.5079 -0.5046 -0.5088 -0.5055 -0.3270
460.00 -0.4694 -0.4798 -0.4654 -0.4667 -0.4616 -0.3123
470.00 -0.4745 -0.4767 -0.4834 -0.4646 -0.4679 -0.3008
480.00 -0.5199 -0.5217 -0.5156 -0.5270 -0.5199 -0.3316
490.00 -0.4863 -0.4810 -0.4825 -0.4885 -0.4864 -0.3077
500.00 -0.4987 -0.4943 -0.4908 -0.5037 -0.4896 -0.3270
510.00 -0.5263 -0.5146 -0.5232 -0.5287 -0.5260 -0.3361
520.00 -0.4457 -0.4379 -0.4521 -0.4562 -0.4550 -0.2922
530.00 -0.4807 -0.4846 -0.4737 -0.4963 -0.4804 -0.3156
540.00 -0.4843 -0.4601 -0.4704 -0.4827 -0.4807 -0.3205
550.00 -0.5432 -0.5347 -0.5306 -0.5455 -0.5322 -0.3277
560.00 -0.4615 -0.4389 -0.4545 -0.4560 -0.4622 -0.2986
570.00 -0.4958 -0.4843 -0.5094 -0.4939 -0.4983 -0.3172
580.00 -0.5121 -0.5159 -0.5042 -0.5212 -0.5228 -0.3313
590.00 -0.4730 -0.4666 -0.4668 -0.4716 -0.4761 -0.3072
600.00 -0.4987 -0.5026 -0.4907 -0.5051 -0.5047 -0.3372
610.00 -0.5056 -0.5121 -0.5067 -0.5158 -0.5095 -0.3187
620.00 -0.4894 -0.4816 -0.4707 -0.4880 -0.4916 -0.3179
630.00 -0.4830 -0.4953 -0.4861 -0.4881 -0.4865 -0.3209
640.00 -0.4766 -0.4829 -0.4754 -0.4715 -0.4838 -0.3085
650.00 -0.5291 -0.5312 -0.5159 -0.5285 -0.5056 -0.3314
660.00 -0.4797 -0.4839 -0.4692 -0.4744 -0.4671 -0.3107
670.00 -0.4921 -0.4722 -0.4875 -0.4747 -0.4905 -0.3064
680.00 -0.4822 -0.4789 -0.4858 -0.4755 -0.4871 -0.3110
690.00 -0.4900 -0.4883 -0.5006 -0.4992 -0.5091 -0.3257
700.00 -0.5013 -0.5051 -0.5106 -0.5070 -0.5030 -0.3294
710.00 -0.5161 -0.5101 -0.5146 -0.5081 -0.5011 -0.3336
720.00 -0.4838 -0.4778 -0.4840 -0.4845 -0.4688 -0.3151
730.00 -0.4612 -0.4672 -0.4668 -0.4708 -0.4722 -0.2884
740.00 -0.5029 -0.5006 -0.4971 -0.5130 -0.5144 -0.3311
750.00 -0.4902 -0.4890 -0.4942 -0.5018 -0.4851 -0.3110
760.00 -0.5145 -0.5102 -0.4932 -0.4987 -0.5064 -0.3293
770.00 -0.4910 -0.4954 -0.4919 -0.4960 -0.4895 -0.3144
780.00 -0.4909 -0.5059 -0.4886 -0.4950 -0.5028 -0.3215
790.00 -0.4857 -0.4872 -0.4825 -0.4785 -0.4873 -0.2990
800.00 -0.5012 -0.4975 -0.4974 -0.4993 -0.4907 -0.3184
810.00 -0.4489 -0.4446 -0.4528 -0.4536 -0.4523 -0.3053
820.00 -0.4932 -0.4992 -0.5157 -0.4917 -0.5009 -0.3133
830.00 -0.5126 -0.5127 -0.5077 -0.5122 -0.5142 -0.3238
840.00 -0.4897 -0.4912 -0.4860 -0.4896 -0.4923 -0.3234
850.00 -0.4885 -0.4896 -0.4893 -0.4825 -0.4750 -0.3133
860.00 -0.4764 -0.4757 -0.4769 -0.4838 -0.4727 -0.3251
870.00 -0.5092 -0.4957 -0.5130 -0.5107 -0.5083 -0.3178
880.00 -0.4892 -0.4849 -0.5057 -0.4940 -0.4880 -0.3325
890.00 -0.4982 -0.5017 -0.4988 -0.4819 -0.5015 -0.3186
900.00 -0.4924 -0.4840 -0.4924 -0.4785 -0.4942 -0.3070
910.00 -0.4887 -0.4736 -0.4870 -0.4745 -0.4815 -0.3183
920.00 -0.5116 -0.5129 -0.5087 -0.5212 -0.5129 -0.3176
930.00 -0.4942 -0.4954 -0.5010 -0.4961 -0.5030 -0.3293
940.00 -0.4560 -0.4588 -0.4684 -0.4590 -0.4704 -0.3048
950.00 -0.5031 -0.5022 -0.4815 -0.5133 -0.5133 -0.3201
960.00 -0.4876 -0.4873 -0.4730 -0.4906 -0.4885 -0.3126
970.00 -0.4833 -0.4856 -0.4909 -0.4825 -0.4874 -0.3150
980.00 -0.4821 -0.4768 -0.4724 -0.4730 -0.4840 -0.2990
990.00 -0.4860 -0.4943 -0.4913 -0.4967 -0.4857 -0.3245
1000.00 -0.4954 -0.4952 -0.4904 -0.4976 -0.4824 -0.3174
1010.00 -0.5331 -0.6461 -0.6476 -0.6406 -0.6369 -0.3355
1020.00 -0.5623 -0.8804 -0.8904 -0.8890 -0.8920 -0.3379
1030.00 -0.5674 -0.8947 -0.8955 -0.8906 -0.8931 -0.3236
1040.00 -0.5703 -0.8925 -0.8925 -0.8993 -0.9026 -0.3441
1050.00 -0.5552 -0.9213 -0.9260 -0.9319 -0.9210 -0.3163
1060.00 -0.5149 -0.8150 -0.8152 -0.8167 -0.8122 -0.3092
1070.00 -0.5495 -0.8659 -0.8694 -0.8640 -0.8663 -0.3303
1080.00 -0.4458 -0.5649 -0.5661 -0.5656 -0.5697 -0.3182
1090.00 -0.4313 -0.4995 -0.5070 -0.5020 -0.5051 -0.3161
1100.00 -0.4256 -0.4827 -0.4883 -0.4857 -0.4898 -0.3142
1110.00 -0.4275 -0.4953 -0.4970 -0.5003 -0.4984 -0.3147
1120.00 -0.4587 -0.4903 -0.4856 -0.4805 -0.4873 -0.3194
1130.00 -0.4690 -0.4961 -0.4905 -0.5021 -0.4871 -0.3165
1140.00 -0.4903 -0.5069 -0.4990 -0.4778 -0.4903 -0.3234
1150.00 -0.4630 -0.4819 -0.4799 -0.4870 -0.4871 -0.3062
1160.00 -0.4865 -0.4994 -0.5128 -0.5110 -0.4995 -0.3384
1170.00 -0.4572 -0.4709 -0.4925 -0.4811 -0.4737 -0.3102
1180.00 -0.5084 -0.5296 -0.5137 -0.5272 -0.5085 -0.3266
1190.00 -0.5020 -0.4955 -0.4817 -0.4870 -0.4926 -0.3148
1200.00 -0.5088 -0.4972 -0.4905 -0.5097 -0.5076 -0.3299
1210.00 -0.4653 -0.4724 -0.4590 -0.4564 -0.4692 -0.3088
1220.00 -0.4738 -0.4665 -0.4589 -0.4631 -0.4657 -0.2962
1230.00 -0.5265 -0.5085 -0.5271 -0.5173 -0.5230 -0.3447
1240.00 -0.4918 -0.4962 -0.4837 -0.4985 -0.4969 -0.3188
1250.00 -0.4665 -0.4863 -0.4767 -0.4830 -0.4869 -0.3117
1260.00 -0.4744 -0.4952 -0.4923 -0.5011 -0.4972 -0.3080
1270.00 -0.4818 -0.4678 -0.4721 -0.4796 -0.4705 -0.3115
1280.00 -0.4900 -0.4914 -0.5069 -0.4971 -0.5042 -0.3258
1290.00 -0.5069 -0.4995 -0.5189 -0.5235 -0.5226 -0.3138
1300.00 -0.4898 -0.4954 -0.4895 -0.4853 -0.4846 -0.3240
1310.00 -0.4903 -0.4877 -0.4959 -0.4973 -0.5034 -0.3129
1320.00 -0.4774 -0.4706 -0.4801 -0.4749 -0.4756 -0.3139
1330.00 -0.4822 -0.4859 -0.4960 -0.4936 -0.4870 -0.3074
1340.00 -0.4862 -0.5001 -0.4790 -0.5030 -0.4800 -0.3193
1350.00 -0.5063 -0.5127 -0.5100 -0.5077 -0.5172 -0.3340
1360.00 -0.4788 -0.4815 -0.4826 -0.4775 -0.4812 -0.3036
1370.00 -0.4849 -0.4811 -0.4795 -0.4922 -0.4885 -0.3084
1380.00 -0.5127 -0.5161 -0.4968 -0.5200 -0.5082 -0.3220
1390.00 -0.4578 -0.4742 -0.4712 -0.4724 -0.4572 -0.3041
1400.00 -0.5163 -0.4988 -0.4968 -0.5095 -0.5014 -0.3317
1410.00 -0.4617 -0.4908 -0.4777 -0.4874 -0.4669 -0.3118
1420.00 -0.4653 -0.4979 -0.4981 -0.5095 -0.4808 -0.3172
1430.00 -0.4945 -0.5345 -0.5222 -0.5355 -0.5271 -0.3369
1440.00 -0.4617 -0.5092 -0.5077 -0.5085 -0.5083 -0.3228
1450.00 -0.4529 -0.4592 -0.4616 -0.4688 -0.4546 -0.2969
1460.00 -0.4876 -0.4970 -0.4954 -0.4986 -0.5035 -0.3265
1470.00 -0.4973 -0.5396 -0.5397 -0.5334 -0.5343 -0.3287
1480.00 -0.4309 -0.4950 -0.4848 -0.4975 -0.4917 -0.3126
1490.00 -0.4503 -0.4885 -0.4961 -0.4852 -0.4807 -0.3142
1500.00 -0.4842 -0.5128 -0.5186 -0.5177 -0.5158 -0.3262
1510.00 -0.4471 -0.4754 -0.4626 -0.4739 -0.4694 -0.3023
1520.00 -0.4407 -0.4936 -0.4887 -0.4880 -0.4878 -0.3090
1530.00 -0.5151 -0.5282 -0.5037 -0.5169 -0.5191 -0.3265
1540.00 -0.4725 -0.4919 -0.4856 -0.4857 -0.4853 -0.3038
1550.00 -0.5050 -0.5161 -0.4992 -0.5168 -0.4972 -0.3419
1560.00 -0.4598 -0.4755 -0.4794 -0.4828 -0.4727 -0.3038
1570.00 -0.5059 -0.5049 -0.5175 -0.5096 -0.5195 -0.3273
1580.00 -0.4682 -0.4835 -0.4766 -0.4752 -0.4861 -0.3153
1590.00 -0.4705 -0.4750 -0.4858 -0.4866 -0.4812 -0.3138
1600.00 -0.4891 -0.4891 -0.4813 -0.4941 -0.4934 -0.3223
1610.00 -0.4813 -0.4810 -0.4834 -0.4739 -0.4567 -0.3046
1620.00 -0.4963 -0.5176 -0.5044 -0.5106 -0.5155 -0.3312
1630.00 -0.4856 -0.4932 -0.4860 -0.4837 -0.4874 -0.3160
1640.00 -0.5066 -0.5123 -0.5022 -0.5045 -0.5097 -0.3249
1650.00 -0.4686 -0.4783 -0.4823 -0.4833 -0.4824 -0.3136
1660.00 -0.5023 -0.5008 -0.5061 -0.5011 -0.5069 -0.3158
1670.00 -0.4938 -0.4913 -0.4945 -0.4849 -0.4888 -0.3274
1680.00 -0.4558 -0.4734 -0.4719 -0.4782 -0.4798 -0.3017
1690.00 -0.5238 -0.5248 -0.5175 -0.5248 -0.5267 -0.3186
1700.00 -0.4963 -0.5066 -0.4800 -0.5100 -0.5154 -0.3298
1710.00 -0.4714 -0.4727 -0.4666 -0.4644 -0.4742 -0.3116
1720.00 -0.4947 -0.5046 -0.5002 -0.4985 -0.5046 -0.3248
1730.00 -0.4950 -0.5099 -0.5087 -0.4888 -0.4829 -0.3209
1740.00 -0.4488 -0.4586 -0.4467 -0.4496 -0.4477 -0.2941
1750.00 -0.5169 -0.5049 -0.5084 -0.5027 -0.5172 -0.3242
1760.00 -0.4878 -0.4877 -0.4880 -0.4953 -0.4881 -0.3135
1770.00 -0.4727 -0.4741 -0.4717 -0.4571 -0.4772 -0.3138
1780.00 -0.5137 -0.5233 -0.5307 -0.5316 -0.5157 -0.3296
1790.00 -0.4619 -0.4727 -0.4492 -0.4754 -0.4637 -0.3014
1800.00 -0.4871 -0.5001 -0.4827 -0.4923 -0.5036 -0.3203
1810.00 -0.4845 -0.4827 -0.4855 -0.4811 -0.4918 -0.3090
1820.00 -0.5292 -0.5166 -0.5229 -0.5256 -0.5239 -0.3383
1830.00 -0.4436 -0.4614 -0.4626 -0.4543 -0.4691 -0.2988
1840.00 -0.4828 -0.4902 -0.4859 -0.4931 -0.4781 -0.3129
1850.00 -0.4836 -0.5013 -0.5068 -0.5102 -0.5132 -0.3124
1860.00 -0.4885 -0.5135 -0.5060 -0.5151 -0.5150 -0.3212
1870.00 -0.4885 -0.4846 -0.4771 -0.4907 -0.4952 -0.3235
1880.00 -0.4689 -0.4736 -0.4724 -0.4549 -0.4641 -0.3004
1890.00 -0.4976 -0.5120 -0.4964 -0.4926 -0.5097 -0.3161
1900.00 -0.5015 -0.5146 -0.5121 -0.5210 -0.5173 -0.3338
1910.00 -0.4851 -0.4785 -0.4804 -0.4769 -0.4842 -0.3070
1920.00 -0.5046 -0.5151 -0.4943 -0.5164 -0.5045 -0.3232
1930.00 -0.4327 -0.4511 -0.4517 -0.4469 -0.4528 -0.3002
1940.00 -0.4901 -0.5190 -0.5204 -0.5195 -0.5219 -0.3280
1950.00 -0.4806 -0.4823 -0.4937 -0.4953 -0.4946 -0.3167
1960.00 -0.4711 -0.4928 -0.5089 -0.5014 -0.4987 -0.3197
1970.00 -0.5007 -0.5370 -0.5216 -0.5211 -0.5308 -0.3300
1980.00 -0.4541 -0.4656 -0.4533 -0.4656 -0.4765 -0.3070
1990.00 -0.5017 -0.5100 -0.5129 -0.5198 -0.5150 -0.3261
2000.00 -0.4930 -0.4783 -0.4852 -0.4854 -0.4810 -0.3011
2010.00 -0.5240 -0.5136 -0.5225 -0.5162 -0.5179 -0.3292
2020.00 -0.4558 -0.4553 -0.4505 -0.4422 -0.4543 -0.2939
2030.00 -0.4827 -0.4784 -0.4880 -0.4814 -0.4834 -0.3302
2040.00 -0.5183 -0.5284 -0.5173 -0.5102 -0.5238 -0.3273
2050.00 -0.5032 -0.5089 -0.4889 -0.5052 -0.5057 -0.3242
2060.00 -0.4918 -0.4875 -0.4888 -0.4779 -0.4946 -0.3157
2070.00 -0.4963 -0.5125 -0.5232 -0.5176 -0.5228 -0.3166
2080.00 -0.4434 -0.4567 -0.4638 -0.4688 -0.4640 -0.3083
2090.00 -0.4762 -0.4771 -0.4748 -0.4858 -0.4726 -0.3143
2100.00 -0.4999 -0.5262 -0.5205 -0.5309 -0.5345 -0.3314
2110.00 -0.4424 -0.4742 -0.4744 -0.4729 -0.4706 -0.3027
2120.00 -0.5031 -0.5077 -0.5100 -0.5106 -0.5094 -0.3278
2130.00 -0.4652 -0.4643 -0.4675 -0.4651 -0.4682 -0.3070
2140.00 -0.5000 -0.5054 -0.5002 -0.5049 -0.4918 -0.3253
2150.00 -0.4841 -0.4805 -0.4589 -0.4805 -0.4781 -0.3096
2160.00 -0.5076 -0.5011 -0.5127 -0.4960 -0.5105 -0.3230
2170.00 -0.4399 -0.4758 -0.4754 -0.4857 -0.4839 -0.3094
2180.00 -0.4908 -0.4977 -0.4972 -0.4854 -0.4898 -0.3118
2190.00 -0.4649 -0.4828 -0.4919 -0.4787 -0.4842 -0.3194
2200.00 -0.5145 -0.5330 -0.5419 -0.5099 -0.5133 -0.3258
2210.00 -0.4841 -0.4909 -0.5042 -0.5010 -0.4818 -0.3278
2220.00 -0.4670 -0.4719 -0.4909 -0.4559 -0.4749 -0.3124
2230.00 -0.4698 -0.4777 -0.4848 -0.4850 -0.4921 -0.3323
2240.00 -0.5230 -0.5288 -0.5266 -0.5232 -0.5357 -0.3311
2250.00 -0.4523 -0.4594 -0.4678 -0.4785 -0.4660 -0.3019
2260.00 -0.4857 -0.5390 -0.5291 -0.5301 -0.5455 -0.3293
2270.00 -0.4481 -0.4528 -0.4649 -0.4646 -0.4726 -0.3029
2280.00 -0.4995 -0.4877 -0.5012 -0.4975 -0.4903 -0.3139
2290.00 -0.5081 -0.4990 -0.5036 -0.4991 -0.5019 -0.3300
2300.00 -0.4981 -0.4821 -0.5034 -0.5067 -0.4979 -0.3140
2310.00 -0.4924 -0.4834 -0.4852 -0.4805 -0.4895 -0.3219
2320.00 -0.4783 -0.4988 -0.4926 -0.4859 -0.4925 -0.3065
2330.00 -0.5000 -0.4940 -0.4891 -0.4810 -0.4809 -0.3223
2340.00 -0.5062 -0.5053 -0.5030 -0.4977 -0.4916 -0.3197
2350.00 -0.4929 -0.4844 -0.4913 -0.4821 -0.4992 -0.3058
2360.00 -0.4853 -0.5014 -0.4952 -0.4876 -0.5037 -0.3334
2370.00 -0.4725 -0.4822 -0.4852 -0.4737 -0.4836 -0.3049
2380.00 -0.4684 -0.4576 -0.4658 -0.4610 -0.4723 -0.3177
2390.00 -0.4901 -0.5259 -0.5268 -0.5377 -0.5318 -0.3133
2400.00 -0.4686 -0.4806 -0.4835 -0.4671 -0.4790 -0.3302
2410.00 -0.4914 -0.4903 -0.4855 -0.4756 -0.4933 -0.3183
2420.00 -0.4979 -0.5103 -0.5246 -0.5192 -0.5170 -0.3175
2430.00 -0.4631 -0.4779 -0.4754 -0.4657 -0.4858 -0.3078
2440.00 -0.5206 -0.5235 -0.5169 -0.5050 -0.5221 -0.3376
2450.00 -0.4734 -0.4715 -0.4658 -0.4643 -0.4770 -0.3138
2460.00 -0.4994 -0.5045 -0.4991 -0.4978 -0.5059 -0.3132
2470.00 -0.4771 -0.4816 -0.4757 -0.4850 -0.4767 -0.3192
2480.00 -0.4638 -0.4889 -0.4892 -0.4876 -0.4709 -0.3029
2490.00 -0.4815 -0.5011 -0.5115 -0.5095 -0.5054 -0.3159
2500.00 -0.4857 -0.4757 -0.4796 -0.4743 -0.4891 -0.3277
2510.00 -0.4874 -0.4829 -0.4888 -0.4791 -0.4902 -0.3160
2520.00 -0.5031 -0.5306 -0.5221 -0.5251 -0.5171 -0.3289
2530.00 -0.4884 -0.4921 -0.4854 -0.4979 -0.4920 -0.3105
2540.00 -0.4814 -0.4922 -0.4769 -0.4885 -0.4954 -0.3189
2550.00 -0.4861 -0.4840 -0.4874 -0.4936 -0.4839 -0.2991
2560.00 -0.4787 -0.4850 -0.4682 -0.4901 -0.4894 -0.3316
2570.00 -0.5104 -0.4912 -0.4919 -0.4985 -0.4959 -0.3140
2580.00 -0.5055 -0.5009 -0.4873 -0.5118 -0.5167 -0.3211
2590.00 -0.5048 -0.4928 -0.5117 -0.5034 -0.4895 -0.3107
2600.00 -0.4896 -0.4985 -0.5022 -0.5039 -0.4945 -0.3291
2610.00 -0.4938 -0.4623 -0.4961 -0.4883 -0.4750 -0.3068
2620.00 -0.4798 -0.4803 -0.4726 -0.4974 -0.4787 -0.3176
2630.00 -0.4881 -0.4938 -0.4797 -0.4913 -0.4881 -0.3157
2640.00 -0.4741 -0.4939 -0.5006 -0.4885 -0.4971 -0.3215
2650.00 -0.5132 -0.4987 -0.5147 -0.5066 -0.5179 -0.3198
2660.00 -0.5067 -0.4801 -0.4991 -0.4906 -0.5086 -0.3178
2670.00 -0.4558 -0.4515 -0.4576 -0.4516 -0.4550 -0.3103
2680.00 -0.5010 -0.4925 -0.4990 -0.4832 -0.4900 -0.3128
2690.00 -0.5101 -0.4980 -0.5039 -0.5044 -0.5016 -0.3338
2700.00 -0.4566 -0.4629 -0.4494 -0.4659 -0.4644 -0.3088
2710.00 -0.4914 -0.5035 -0.4964 -0.5053 -0.4961 -0.3281
2720.00 -0.5044 -0.5032 -0.4960 -0.4927 -0.5011 -0.3222
2730.00 -0.4787 -0.4797 -0.4901 -0.4833 -0.4879 -0.3093
2740.00 -0.4725 -0.4993 -0.4996 -0.4835 -0.5047 -0.2991
2750.00 -0.4975 -0.5092 -0.5126 -0.5071 -0.5100 -0.3331
2760.00 -0.4726 -0.4836 -0.4917 -0.4853 -0.4913 -0.3119
2770.00 -0.4872 -0.4940 -0.4831 -0.4817 -0.4925 -0.3270
2780.00 -0.4807 -0.4984 -0.4867 -0.4974 -0.5034 -0.3176
2790.00 -0.4741 -0.4852 -0.4885 -0.4810 -0.4837 -0.3171
2800.00 -0.4590 -0.4747 -0.4839 -0.4954 -0.4879 -0.3029
2810.00 -0.5157 -0.5226 -0.5192 -0.5240 -0.5291 -0.3307
2820.00 -0.4469 -0.4659 -0.4640 -0.4526 -0.4574 -0.3112
2830.00 -0.5013 -0.5035 -0.5064 -0.5057 -0.4809 -0.3203
2840.00 -0.5296 -0.5169 -0.5261 -0.5194 -0.5122 -0.3306
2850.00 -0.4743 -0.4780 -0.4703 -0.4778 -0.4680 -0.3131
2860.00 -0.5013 -0.4962 -0.4956 -0.5014 -0.4807 -0.3162
2870.00 -0.4776 -0.4815 -0.4753 -0.4755 -0.4734 -0.3068
2880.00 -0.5062 -0.5279 -0.5113 -0.5176 -0.4991 -0.3263
2890.00 -0.5091 -0.5186 -0.5093 -0.5056 -0.5032 -0.3244
2900.00 -0.4683 -0.4636 -0.4761 -0.4721 -0.4685 -0.3120
2910.00 -0.4925 -0.5008 -0.4966 -0.4879 -0.4897 -0.3149
2920.00 -0.4993 -0.4917 -0.4891 -0.4895 -0.4922 -0.3156
2930.00 -0.5210 -0.5238 -0.5162 -0.5067 -0.5214 -0.3251
2940.00 -0.4815 -0.4722 -0.4711 -0.4705 -0.4681 -0.3087
2950.00 -0.4896 -0.4965 -0.4899 -0.4971 -0.4993 -0.3222
2960.00 -0.4853 -0.4831 -0.4758 -0.4789 -0.4765 -0.3223
2970.00 -0.5183 -0.5063 -0.5231 -0.5094 -0.5150 -0.3333
2980.00 -0.4765 -0.4958 -0.4986 -0.5027 -0.5024 -0.3124
2990.00 -0.4738 -0.4753 -0.4863 -0.4742 -0.4786 -0.3171
3000.00 -0.4697 -0.4670 -0.4681 -0.4693 -0.4533 -0.2982
3010.00 -0.5117 -0.5172 -0.5133 -0.4979 -0.5114 -0.3233
3020.00 -0.5005 -0.4981 -0.4955 -0.4661 -0.4966 -0.3146
3030.00 -0.4645 -0.4702 -0.4629 -0.4518 -0.4767 -0.3113
3040.00 -0.5099 -0.5216 -0.5094 -0.5171 -0.5180 -0.3325
3050.00 -0.4886 -0.4873 -0.4886 -0.5031 -0.4934 -0.3111
3060.00 -0.4876 -0.4774 -0.4822 -0.4896 -0.4840 -0.3105
3070.00 -0.4908 -0.5113 -0.4975 -0.5016 -0.5079 -0.3295
3080.00 -0.4948 -0.4910 -0.4887 -0.4916 -0.5012 -0.3198
3090.00 -0.4779 -0.4889 -0.4727 -0.4970 -0.4971 -0.3071
3100.00 -0.4857 -0.4953 -0.4827 -0.4917 -0.4963 -0.3253
3110.00 -0.4876 -0.4835 -0.4853 -0.4870 -0.4844 -0.3189
3120.00 -0.5209 -0.5320 -0.5250 -0.5353 -0.5292 -0.3328
3130.00 -0.4672 -0.4671 -0.4574 -0.4593 -0.4710 -0.3123
3140.00 -0.4795 -0.4852 -0.4958 -0.4883 -0.4906 -0.3183
3150.00 -0.4717 -0.4682 -0.4542 -0.4583 -0.4671 -0.2893
3160.00 -0.4916 -0.4909 -0.4979 -0.4912 -0.4880 -0.3236
3170.00 -0.4864 -0.5040 -0.4929 -0.4975 -0.4876 -0.3242
3180.00 -0.4780 -0.4716 -0.4749 -0.4788 -0.4701 -0.3106
3190.00 -0.5061 -0.5141 -0.5147 -0.5117 -0.5201 -0.3356
3200.00 -0.4601 -0.4884 -0.4847 -0.4864 -0.4791 -0.3088
3210.00 -0.4822 -0.4867 -0.4853 -0.4811 -0.4888 -0.3163
3220.00 -0.4913 -0.5069 -0.5005 -0.5073 -0.5085 -0.3223
3230.00 -0.5216 -0.5243 -0.5242 -0.5172 -0.5204 -0.3148
3240.00 -0.4817 -0.4908 -0.4909 -0.4916 -0.4878 -0.3207
3250.00 -0.5048 -0.5053 -0.5015 -0.4957 -0.4923 -0.3249
3260.00 -0.4506 -0.4487 -0.4465 -0.4481 -0.4504 -0.3060
3270.00 -0.5084 -0.5076 -0.4834 -0.5162 -0.4932 -0.3229
3280.00 -0.4793 -0.4971 -0.4845 -0.4995 -0.5025 -0.3201
3290.00 -0.5078 -0.5137 -0.4894 -0.5061 -0.4986 -0.3278
3300.00 -0.4868 -0.4965 -0.4925 -0.4812 -0.4915 -0.3231
3310.00 -0.4621 -0.4682 -0.4530 -0.4663 -0.4644 -0.3000
3320.00 -0.4953 -0.5065 -0.4962 -0.5043 -0.4899 -0.3135
3330.00 -0.4875 -0.4911 -0.4799 -0.4620 -0.4808 -0.3184
3340.00 -0.5419 -0.5403 -0.5436 -0.5363 -0.5351 -0.3385
3350.00 -0.4534 -0.4559 -0.4538 -0.4523 -0.4587 -0.2951
3360.00 -0.4931 -0.4866 -0.4861 -0.4811 -0.4898 -0.3159
3370.00 -0.4763 -0.4904 -0.4772 -0.4721 -0.4848 -0.3142
3380.00 -0.4957 -0.5142 -0.5145 -0.5120 -0.5113 -0.3271
3390.00 -0.4774 -0.4706 -0.4743 -0.4731 -0.4828 -0.3025
3400.00 -0.5115 -0.5080 -0.5211 -0.5180 -0.5170 -0.3381
3410.00 -0.4654 -0.4604 -0.4686 -0.4657 -0.4623 -0.3070
3420.00 -0.5011 -0.5003 -0.4796 -0.4929 -0.4954 -0.3070
3430.00 -0.5348 -0.5266 -0.5233 -0.5257 -0.5210 -0.3412
3440.00 -0.4691 -0.4647 -0.4882 -0.4682 -0.4736 -0.3070
3450.00 -0.5089 -0.5019 -0.5053 -0.5168 -0.5162 -0.3258
3460.00 -0.5070 -0.4885 -0.4885 -0.5002 -0.4853 -0.3075
3470.00 -0.4712 -0.4731 -0.4616 -0.4784 -0.4816 -0.3166
3480.00 -0.5094 -0.5193 -0.5171 -0.5238 -0.5323 -0.3383
3490.00 -0.4658 -0.4724 -0.4699 -0.4651 -0.4723 -0.3068
3500.00 -0.4905 -0.4720 -0.4794 -0.4856 -0.4761 -0.2962
3510.00 -0.5001 -0.5069 -0.5103 -0.4989 -0.5024 -0.3310
3520.00 -0.4966 -0.4980 -0.4942 -0.5016 -0.4956 -0.3218
3530.00 -0.4712 -0.4735 -0.4779 -0.4692 -0.4613 -0.3112
3540.00 -0.4884 -0.4842 -0.4830 -0.4973 -0.4668 -0.3146
3550.00 -0.5100 -0.4974 -0.5046 -0.5075 -0.5073 -0.3242
3560.00 -0.5154 -0.5220 -0.5230 -0.5189 -0.5342 -0.3432
3570.00 -0.4298 -0.4556 -0.4598 -0.4421 -0.4577 -0.3011
3580.00 -0.4951 -0.4816 -0.4829 -0.4742 -0.4846 -0.3105
3590.00 -0.5536 -0.5465 -0.5424 -0.5417 -0.5327 -0.3446
3600.00 -0.4623 -0.4730 -0.4657 -0.4760 -0.4650 -0.3072
3610.00 -0.4950 -0.4891 -0.5002 -0.4859 -0.4973 -0.3213
3620.00 -0.4763 -0.4702 -0.4816 -0.4854 -0.4815 -0.2946
3630.00 -0.5128 -0.5100 -0.5200 -0.5038 -0.5128 -0.3229
3640.00 -0.4781 -0.4824 -0.4727 -0.4806 -0.4832 -0.3073
3650.00 -0.4905 -0.4879 -0.4972 -0.4786 -0.4919 -0.3249
3660.00 -0.4784 -0.4863 -0.4863 -0.4799 -0.4833 -0.3039
3670.00 -0.4994 -0.4934 -0.4838 -0.4936 -0.4978 -0.3275
3680.00 -0.4872 -0.4899 -0.4977 -0.4808 -0.4902 -0.3187
3690.00 -0.5127 -0.5030 -0.5142 -0.5059 -0.5112 -0.3184
3700.00 -0.4688 -0.4780 -0.4622 -0.4748 -0.4767 -0.3216
3710.00 -0.5244 -0.5033 -0.5119 -0.5193 -0.5135 -0.3221
3720.00 -0.4948 -0.5014 -0.4939 -0.5039 -0.4946 -0.3225
3730.00 -0.5085 -0.5126 -0.5099 -0.4927 -0.5017 -0.3300
3740.00 -0.4692 -0.4797 -0.4750 -0.4776 -0.4640 -0.2994
3750.00 -0.4778 -0.4817 -0.4790 -0.4748 -0.4820 -0.3168
3760.00 -0.4956 -0.4951 -0.4945 -0.4935 -0.4991 -0.3327
3770.00 -0.5163 -0.5098 -0.5065 -0.4985 -0.5129 -0.3310
3780.00 -0.4613 -0.4480 -0.4543 -0.4584 -0.4557 -0.2942
3790.00 -0.5054 -0.5220 -0.5196 -0.5048 -0.5070 -0.3255
3800.00 -0.5074 -0.5302 -0.5260 -0.5166 -0.5194 -0.3376
3810.00 -0.4640 -0.4861 -0.4818 -0.4724 -0.4703 -0.3129
3820.00 -0.4758 -0.4802 -0.4730 -0.4688 -0.4534 -0.2994
3830.00 -0.4986 -0.5126 -0.5102 -0.5054 -0.4965 -0.3278
3840.00 -0.5070 -0.5122 -0.5205 -0.4956 -0.4956 -0.3178
3850.00 -0.4688 -0.4772 -0.4745 -0.4637 -0.4542 -0.3028
3860.00 -0.5180 -0.5189 -0.5184 -0.4926 -0.5171 -0.3246
3870.00 -0.4722 -0.4725 -0.4814 -0.4774 -0.4800 -0.3199
3880.00 -0.4676 -0.4855 -0.4859 -0.4858 -0.4835 -0.3096
3890.00 -0.4890 -0.4891 -0.4939 -0.5021 -0.4975 -0.3195
3900.00 -0.4790 -0.4798 -0.4903 -0.4859 -0.4758 -0.3026
3910.00 -0.5437 -0.5609 -0.5543 -0.5626 -0.5680 -0.3479
3920.00 -0.4316 -0.4416 -0.4476 -0.4554 -0.4498 -0.2918
3930.00 -0.4864 -0.4944 -0.4937 -0.4924 -0.5029 -0.3232
3940.00 -0.5034 -0.5161 -0.5176 -0.5059 -0.5258 -0.3172
3950.00 -0.4729 -0.4691 -0.4708 -0.4825 -0.4761 -0.3196
3960.00 -0.5097 -0.5153 -0.5180 -0.5007 -0.5098 -0.3165
3970.00 -0.4431 -0.4713 -0.4525 -0.4577 -0.4604 -0.3077
3980.00 -0.5165 -0.5360 -0.5360 -0.5374 -0.5406 -0.3250
3990.00 -0.4630 -0.4744 -0.4666 -0.4650 -0.4576 -0.3048
4000.00 -0.4851 -0.5014 -0.4979 -0.4982 -0.4912 -0.3136
