10.00 -0.5522 -0.5475 -0.5448 -0.5497 -0.5375 -0.3419
20.00 -0.4662 -0.4652 -0.4767 -0.4739 -0.4533 -0.2977
30.00 -0.4855 -0.4842 -0.4798 -0.4748 -0.4728 -0.3250
40.00 -0.5146 -0.5292 -0.5212 -0.5067 -0.5135 -0.3142
50.00 -0.4959 -0.4798 -0.4938 -0.4826 -0.4657 -0.3117
60.00 -0.4417 -0.4528 -0.4533 -0.4550 -0.4507 -0.3048
70.00 -0.5366 -0.5450 -0.5285 -0.5300 -0.5131 -0.3353
80.00 -0.4709 -0.4811 -0.4813 -0.4751 -0.4617 -0.3231
90.00 -0.4537 -0.4895 -0.4819 -0.4815 -0.4697 -0.3097
100.00 -0.4842 -0.5023 -0.4804 -0.4969 -0.4952 -0.3069
110.00 -0.4985 -0.5112 -0.5103 -0.4983 -0.5017 -0.3384
120.00 -0.4622 -0.4651 -0.4593 -0.4726 -0.4619 -0.3058
130.00 -0.4985 -0.5058 -0.5000 -0.4916 -0.4991 -0.3221
140.00 -0.4985 -0.4904 -0.4924 -0.4980 -0.4966 -0.3278
150.00 -0.4838 -0.4786 -0.4847 -0.4814 -0.4705 -0.3064
160.00 -0.4711 -0.4750 -0.4735 -0.4673 -0.4618 -0.3043
170.00 -0.5027 -0.5102 -0.4944 -0.4826 -0.5056 -0.3308
180.00 -0.4678 -0.4757 -0.4744 -0.4749 -0.4741 -0.2984
190.00 -0.4746 -0.4816 -0.4969 -0.4897 -0.4875 -0.3225
200.00 -0.4812 -0.4809 -0.4755 -0.4709 -0.4833 -0.3171
210.00 -0.4869 -0.4804 -0.4829 -0.4861 -0.4889 -0.3189
220.00 -0.4904 -0.4685 -0.4797 -0.4865 -0.4968 -0.3074
230.00 -0.5148 -0.5135 -0.5291 -0.5323 -0.5291 -0.3319
240.00 -0.4837 -0.4865 -0.4863 -0.4844 -0.4836 -0.3229
250.00 -0.4582 -0.4537 -0.4426 -0.4420 -0.4606 -0.2996
260.00 -0.5162 -0.5179 -0.5261 -0.5337 -0.5291 -0.3328
270.00 -0.4667 -0.4801 -0.4720 -0.4731 -0.4827 -0.3152
280.00 -0.4965 -0.4874 -0.4991 -0.4857 -0.4795 -0.3214
290.00 -0.5029 -0.4959 -0.4966 -0.5035 -0.4877 -0.3239
300.00 -0.4890 -0.4945 -0.5025 -0.4912 -0.4796 -0.3330
310.00 -0.4719 -0.4737 -0.4831 -0.4898 -0.4540 -0.2968
320.00 -0.5045 -0.5068 -0.5107 -0.5056 -0.4903 -0.3245
330.00 -0.5165 -0.5114 -0.5170 -0.5086 -0.5096 -0.3374
340.00 -0.4825 -0.4810 -0.4864 -0.4736 -0.4623 -0.3109
350.00 -0.4970 -0.5096 -0.5121 -0.5006 -0.5082 -0.3232
360.00 -0.4533 -0.4574 -0.4447 -0.4493 -0.4477 -0.2919
370.00 -0.5028 -0.4953 -0.5002 -0.5011 -0.5004 -0.3303
380.00 -0.4900 -0.4968 -0.4909 -0.4843 -0.4967 -0.3197
390.00 -0.5164 -0.5196 -0.5091 -0.5099 -0.5075 -0.3406
400.00 -0.4869 -0.4815 -0.4828 -0.4797 -0.4736 -0.3155
410.00 -0.5025 -0.5160 -0.5013 -0.4929 -0.4904 -0.3129
420.00 -0.4525 -0.4783 -0.4637 -0.4843 -0.4764 -0.3096
430.00 -0.5051 -0.4988 -0.4983 -0.4981 -0.4833 -0.3327
440.00 -0.4773 -0.4869 -0.4784 -0.4883 -0.4653 -0.3078
450.00 -0.5003 -0.5050 -0.5088 -0.5017 -0.5080 -0.3321
460.00 -0.4723 -0.4755 -0.4876 -0.4678 -0.4674 -0.2985
470.00 -0.5075 -0.5125 -0.5097 -0.5041 -0.4930 -0.3303
480.00 -0.4512 -0.4753 -0.4751 -0.4653 -0.4726 -0.2961
490.00 -0.5243 -0.5272 -0.5239 -0.5400 -0.5146 -0.3437
500.00 -0.4558 -0.4569 -0.4437 -0.4548 -0.4161 -0.2951
510.00 -0.5337 -0.5249 -0.5287 -0.5353 -0.5046 -0.3384
520.00 -0.4795 -0.4940 -0.4972 -0.4806 -0.4702 -0.3136
530.00 -0.4966 -0.4866 -0.5030 -0.4983 -0.5003 -0.3208
540.00 -0.4679 -0.4953 -0.4905 -0.4865 -0.4691 -0.2981
550.00 -0.4794 -0.4979 -0.4853 -0.4911 -0.4855 -0.3299
560.00 -0.4783 -0.4963 -0.4770 -0.4912 -0.4782 -0.3140
570.00 -0.4573 -0.4667 -0.4739 -0.4536 -0.4597 -0.3028
580.00 -0.5383 -0.5332 -0.5352 -0.5231 -0.5124 -0.3284
590.00 -0.4753 -0.4706 -0.4634 -0.4614 -0.4764 -0.3195
600.00 -0.4833 -0.4802 -0.4811 -0.4753 -0.4698 -0.3060
610.00 -0.4959 -0.4962 -0.4942 -0.4981 -0.4990 -0.3253
620.00 -0.4697 -0.4880 -0.4921 -0.4872 -0.4877 -0.3121
630.00 -0.5108 -0.5093 -0.5017 -0.4835 -0.5042 -0.3112
640.00 -0.4820 -0.4758 -0.4632 -0.4802 -0.4691 -0.3088
650.00 -0.5249 -0.5317 -0.5112 -0.5253 -0.5050 -0.3296
660.00 -0.4700 -0.4636 -0.4692 -0.4609 -0.4707 -0.2996
670.00 -0.4911 -0.4946 -0.4860 -0.4846 -0.4941 -0.3195
680.00 -0.5061 -0.4921 -0.5126 -0.5113 -0.5126 -0.3194
690.00 -0.4649 -0.4698 -0.4554 -0.4729 -0.4679 -0.3135
700.00 -0.4952 -0.4975 -0.4890 -0.4989 -0.4854 -0.3134
710.00 -0.4699 -0.4701 -0.4714 -0.4751 -0.4684 -0.3079
720.00 -0.5076 -0.5108 -0.4934 -0.5114 -0.4905 -0.3245
730.00 -0.5035 -0.5129 -0.5074 -0.5106 -0.5168 -0.3279
740.00 -0.4707 -0.4639 -0.4584 -0.4805 -0.4717 -0.2980
750.00 -0.5113 -0.5130 -0.5021 -0.5061 -0.4914 -0.3350
760.00 -0.4826 -0.5018 -0.4800 -0.5005 -0.4911 -0.3205
770.00 -0.4802 -0.4817 -0.4798 -0.4804 -0.4782 -0.2992
780.00 -0.5163 -0.5185 -0.5149 -0.5175 -0.4945 -0.3205
790.00 -0.4980 -0.4803 -0.4781 -0.4902 -0.4810 -0.3176
800.00 -0.4898 -0.4757 -0.4741 -0.4780 -0.4799 -0.3109
810.00 -0.5062 -0.5056 -0.5044 -0.5013 -0.5051 -0.3199
820.00 -0.4849 -0.4897 -0.4894 -0.4817 -0.4839 -0.3137
830.00 -0.4803 -0.4880 -0.4829 -0.4747 -0.4742 -0.3122
840.00 -0.4870 -0.4959 -0.4984 -0.4975 -0.4906 -0.3246
850.00 -0.4802 -0.4715 -0.4699 -0.4541 -0.4623 -0.2931
860.00 -0.5282 -0.5337 -0.5282 -0.5244 -0.5334 -0.3335
870.00 -0.4610 -0.4647 -0.4599 -0.4687 -0.4697 -0.2971
880.00 -0.5009 -0.5058 -0.4968 -0.4997 -0.4875 -0.3331
890.00 -0.5071 -0.4991 -0.5035 -0.4957 -0.4857 -0.3247
900.00 -0.4905 -0.4776 -0.4813 -0.4549 -0.4902 -0.3194
910.00 -0.4829 -0.4663 -0.4837 -0.4629 -0.4791 -0.2988
920.00 -0.4946 -0.5078 -0.5115 -0.5024 -0.4940 -0.3334
930.00 -0.5086 -0.5140 -0.5186 -0.5114 -0.5034 -0.3237
940.00 -0.4655 -0.4752 -0.4817 -0.4793 -0.4695 -0.3211
950.00 -0.5032 -0.5010 -0.5037 -0.4974 -0.4810 -0.3129
960.00 -0.4891 -0.4947 -0.4921 -0.4778 -0.4715 -0.3239
970.00 -0.4807 -0.4709 -0.4848 -0.4769 -0.4679 -0.3078
980.00 -0.4967 -0.4899 -0.4956 -0.4854 -0.4878 -0.3269
990.00 -0.4968 -0.4931 -0.4952 -0.4945 -0.5047 -0.3071
1000.00 -0.4913 -0.5041 -0.5040 -0.5012 -0.4937 -0.3258
1010.00 -0.4930 -0.6043 -0.6144 -0.6232 -0.6134 -0.3216
1020.00 -0.5772 -0.9044 -0.9001 -0.8996 -0.9043 -0.3562
1030.00 -0.5345 -0.9285 -0.9306 -0.9295 -0.9255 -0.3092
1040.00 -0.5371 -0.8974 -0.8906 -0.8921 -0.8957 -0.3257
1050.00 -0.4362 -0.6212 -0.6197 -0.6170 -0.6204 -0.2917
1060.00 -0.4340 -0.4899 -0.4934 -0.4929 -0.4959 -0.3158
1070.00 -0.4225 -0.4892 -0.4946 -0.4946 -0.4939 -0.3138
1080.00 -0.4200 -0.5270 -0.5281 -0.5319 -0.5224 -0.3085
1090.00 -0.4526 -0.6161 -0.6218 -0.6225 -0.6286 -0.3338
1100.00 -0.4179 -0.5595 -0.5530 -0.5591 -0.5585 -0.3127
1110.00 -0.4393 -0.5658 -0.5671 -0.5602 -0.5625 -0.3265
1120.00 -0.4265 -0.4901 -0.4912 -0.4965 -0.4838 -0.3195
1130.00 -0.4364 -0.5105 -0.5032 -0.5176 -0.5138 -0.3087
1140.00 -0.4684 -0.5602 -0.5607 -0.5578 -0.5625 -0.3401
1150.00 -0.4110 -0.4811 -0.4811 -0.4862 -0.4898 -0.2933
1160.00 -0.4580 -0.5756 -0.5824 -0.5708 -0.5781 -0.3299
1170.00 -0.4052 -0.4748 -0.4812 -0.4816 -0.4848 -0.2958
1180.00 -0.4452 -0.5426 -0.5441 -0.5430 -0.5482 -0.3177
1190.00 -0.4439 -0.5406 -0.5323 -0.5300 -0.5326 -0.3262
1200.00 -0.4474 -0.5246 -0.5245 -0.5243 -0.5195 -0.3303
1210.00 -0.4563 -0.4746 -0.4881 -0.4832 -0.4866 -0.3142
1220.00 -0.4334 -0.4799 -0.4740 -0.4762 -0.4748 -0.3090
1230.00 -0.4760 -0.5556 -0.5533 -0.5501 -0.5550 -0.3336
1240.00 -0.4650 -0.5284 -0.5205 -0.5348 -0.5352 -0.3263
1250.00 -0.4185 -0.4603 -0.4693 -0.4676 -0.4617 -0.2960
1260.00 -0.4524 -0.4768 -0.4576 -0.4782 -0.4701 -0.3092
1270.00 -0.4895 -0.5044 -0.5055 -0.5033 -0.4784 -0.3295
1280.00 -0.4890 -0.5040 -0.5034 -0.5036 -0.5023 -0.3190
1290.00 -0.4976 -0.4990 -0.4958 -0.4948 -0.4908 -0.3158
1300.00 -0.4520 -0.4745 -0.4625 -0.4649 -0.4634 -0.3078
1310.00 -0.5191 -0.5293 -0.5172 -0.5300 -0.5305 -0.3327
1320.00 -0.4599 -0.4704 -0.4567 -0.4695 -0.4593 -0.2939
1330.00 -0.4868 -0.4874 -0.4835 -0.4844 -0.4859 -0.3176
1340.00 -0.4810 -0.4957 -0.4958 -0.4917 -0.4911 -0.3217
1350.00 -0.5194 -0.5203 -0.5236 -0.5132 -0.5286 -0.3276
1360.00 -0.4962 -0.4861 -0.4808 -0.4920 -0.4872 -0.3128
1370.00 -0.4861 -0.4804 -0.4851 -0.4913 -0.4802 -0.3067
1380.00 -0.4730 -0.4665 -0.4731 -0.4651 -0.4709 -0.3043
1390.00 -0.4771 -0.4763 -0.4847 -0.4733 -0.4797 -0.3065
1400.00 -0.4866 -0.4985 -0.4836 -0.4910 -0.4884 -0.3196
1410.00 -0.4989 -0.5169 -0.5158 -0.4948 -0.5132 -0.3206
1420.00 -0.4368 -0.4728 -0.4534 -0.4656 -0.4667 -0.3148
1430.00 -0.4733 -0.5380 -0.5423 -0.5394 -0.5399 -0.3260
1440.00 -0.4735 -0.4738 -0.4839 -0.4718 -0.4450 -0.3044
1450.00 -0.4885 -0.4948 -0.4853 -0.4781 -0.4767 -0.3117
1460.00 -0.4741 -0.4972 -0.5014 -0.4972 -0.4999 -0.3357
1470.00 -0.4785 -0.4852 -0.4827 -0.4826 -0.4794 -0.3149
1480.00 -0.5089 -0.5051 -0.5164 -0.5063 -0.4636 -0.3068
1490.00 -0.4930 -0.4900 -0.4923 -0.4933 -0.4764 -0.3293
1500.00 -0.4860 -0.4982 -0.4924 -0.4989 -0.4767 -0.3087
1510.00 -0.4724 -0.4703 -0.4809 -0.4872 -0.4785 -0.3047
1520.00 -0.4959 -0.5172 -0.5151 -0.5027 -0.5242 -0.3260
1530.00 -0.4523 -0.4910 -0.5059 -0.4878 -0.4939 -0.3040
1540.00 -0.4413 -0.4986 -0.4949 -0.4899 -0.4848 -0.3022
1550.00 -0.4734 -0.5342 -0.5306 -0.5216 -0.5337 -0.3317
1560.00 -0.4498 -0.5386 -0.5285 -0.5421 -0.5334 -0.3309
1570.00 -0.4097 -0.6531 -0.6519 -0.6505 -0.6558 -0.3353
1580.00 -0.3924 -0.7553 -0.7595 -0.7592 -0.7613 -0.3061
1590.00 -0.4079 -0.7055 -0.6994 -0.7116 -0.7003 -0.3297
1600.00 -0.4181 -0.7523 -0.7530 -0.7461 -0.7589 -0.3163
1610.00 -0.4142 -0.6348 -0.6357 -0.6306 -0.6308 -0.3223
1620.00 -0.4112 -0.6106 -0.6140 -0.6153 -0.6197 -0.3108
1630.00 -0.4324 -0.6839 -0.6791 -0.6812 -0.6847 -0.3327
1640.00 -0.4095 -0.5542 -0.5524 -0.5565 -0.5530 -0.3046
1650.00 -0.4490 -0.7367 -0.7300 -0.7400 -0.7340 -0.3312
1660.00 -0.4263 -0.6456 -0.6412 -0.6544 -0.6436 -0.3235
1670.00 -0.3744 -0.4427 -0.4527 -0.4403 -0.4520 -0.2961
1680.00 -0.4498 -0.6738 -0.6842 -0.6760 -0.6816 -0.3411
1690.00 -0.4222 -0.6693 -0.6705 -0.6685 -0.6679 -0.3261
1700.00 -0.4388 -0.6237 -0.6240 -0.6220 -0.6249 -0.3325
1710.00 -0.4021 -0.5864 -0.5794 -0.5796 -0.5912 -0.3087
1720.00 -0.4038 -0.5540 -0.5550 -0.5513 -0.5500 -0.3062
1730.00 -0.4625 -0.6906 -0.6908 -0.6895 -0.6885 -0.3458
1740.00 -0.4015 -0.5673 -0.5607 -0.5593 -0.5590 -0.3217
1750.00 -0.4357 -0.6162 -0.6131 -0.6180 -0.6157 -0.3349
1760.00 -0.4525 -0.7250 -0.7281 -0.7273 -0.7281 -0.3424
1770.00 -0.3809 -0.4827 -0.4803 -0.4788 -0.4786 -0.2949
1780.00 -0.4057 -0.6375 -0.6393 -0.6359 -0.6383 -0.3126
1790.00 -0.4579 -0.7168 -0.7195 -0.7202 -0.7173 -0.3437
1800.00 -0.4029 -0.5724 -0.5840 -0.5791 -0.5792 -0.3094
1810.00 -0.4071 -0.7206 -0.7110 -0.7106 -0.7236 -0.3226
1820.00 -0.4112 -0.8095 -0.8035 -0.8148 -0.8111 -0.3050
1830.00 -0.4113 -0.7090 -0.7042 -0.7066 -0.6997 -0.3194
1840.00 -0.4247 -0.6269 -0.6299 -0.6281 -0.6265 -0.3255
1850.00 -0.4178 -0.5933 -0.6020 -0.6043 -0.5987 -0.3211
1860.00 -0.4252 -0.6192 -0.6349 -0.6266 -0.6238 -0.3079
1870.00 -0.4113 -0.5713 -0.5651 -0.5762 -0.5719 -0.3225
1880.00 -0.4400 -0.7546 -0.7500 -0.7480 -0.7478 -0.3306
1890.00 -0.4284 -0.6709 -0.6728 -0.6730 -0.6746 -0.3193
1900.00 -0.4093 -0.5567 -0.5605 -0.5646 -0.5597 -0.3190
1910.00 -0.4324 -0.6758 -0.6759 -0.6748 -0.6815 -0.3263
1920.00 -0.4281 -0.6724 -0.6703 -0.6771 -0.6671 -0.3311
1930.00 -0.4164 -0.6162 -0.6200 -0.6247 -0.6306 -0.3174
1940.00 -0.4348 -0.6008 -0.6021 -0.5987 -0.6041 -0.3273
1950.00 -0.4052 -0.5536 -0.5518 -0.5504 -0.5458 -0.3132
1960.00 -0.3964 -0.5942 -0.5827 -0.5908 -0.5866 -0.2983
1970.00 -0.4279 -0.7237 -0.7208 -0.7240 -0.7207 -0.3429
1980.00 -0.4212 -0.8138 -0.8060 -0.8096 -0.8115 -0.3118
1990.00 -0.4078 -0.5501 -0.5475 -0.5537 -0.5457 -0.3155
2000.00 -0.4072 -0.5439 -0.5476 -0.5465 -0.5442 -0.3060
2010.00 -0.4388 -0.6041 -0.6098 -0.6097 -0.6036 -0.3367
2020.00 -0.4230 -0.6349 -0.6344 -0.6256 -0.6322 -0.3183
2030.00 -0.3959 -0.5769 -0.5845 -0.5787 -0.5836 -0.3052
2040.00 -0.4263 -0.6927 -0.6899 -0.6893 -0.6958 -0.3306
2050.00 -0.4062 -0.5615 -0.5604 -0.5634 -0.5590 -0.3174
2060.00 -0.4161 -0.7386 -0.7318 -0.7295 -0.7300 -0.3226
2070.00 -0.4238 -0.6884 -0.6990 -0.6847 -0.6886 -0.3301
2080.00 -0.4268 -0.7012 -0.6988 -0.7133 -0.7039 -0.3295
2090.00 -0.3977 -0.5261 -0.5335 -0.5270 -0.5341 -0.3113
2100.00 -0.4182 -0.7158 -0.7160 -0.7126 -0.7123 -0.3241
2110.00 -0.4180 -0.6668 -0.6708 -0.6604 -0.6673 -0.3240
2120.00 -0.4101 -0.6581 -0.6616 -0.6598 -0.6562 -0.3152
2130.00 -0.4299 -0.6853 -0.6802 -0.6803 -0.6852 -0.3288
2140.00 -0.4042 -0.5991 -0.6019 -0.5972 -0.5973 -0.3180
2150.00 -0.4189 -0.6058 -0.6036 -0.6045 -0.6032 -0.3328
2160.00 -0.4258 -0.8196 -0.8271 -0.8246 -0.8265 -0.3285
2170.00 -0.4226 -0.7395 -0.7428 -0.7340 -0.7336 -0.3087
2180.00 -0.3975 -0.6200 -0.6116 -0.6135 -0.6149 -0.3171
2190.00 -0.4167 -0.7399 -0.7405 -0.7452 -0.7507 -0.3169
2200.00 -0.4247 -0.6871 -0.6980 -0.6908 -0.6934 -0.3288
2210.00 -0.4155 -0.5688 -0.5648 -0.5700 -0.5661 -0.3235
2220.00 -0.4075 -0.5203 -0.5188 -0.5124 -0.5090 -0.3060
2230.00 -0.4274 -0.6122 -0.6031 -0.6011 -0.6014 -0.3270
2240.00 -0.4143 -0.6981 -0.6934 -0.6915 -0.6959 -0.3140
2250.00 -0.4247 -0.7639 -0.7566 -0.7581 -0.7629 -0.3416
2260.00 -0.4079 -0.7548 -0.7520 -0.7534 -0.7594 -0.3074
2270.00 -0.4125 -0.7208 -0.7293 -0.7372 -0.7201 -0.3121
2280.00 -0.4390 -0.7364 -0.7354 -0.7312 -0.7268 -0.3475
2290.00 -0.4210 -0.5701 -0.5653 -0.5685 -0.5756 -0.3128
2300.00 -0.3953 -0.6991 -0.7076 -0.7001 -0.7062 -0.3025
2310.00 -0.4514 -0.7754 -0.7661 -0.7618 -0.7642 -0.3380
2320.00 -0.3675 -0.7708 -0.7853 -0.7846 -0.7839 -0.3126
2330.00 -0.4303 -0.7563 -0.7560 -0.7640 -0.7534 -0.3104
2340.00 -0.4065 -0.5490 -0.5478 -0.5387 -0.5535 -0.3134
2350.00 -0.4390 -0.5796 -0.5792 -0.5871 -0.5754 -0.3263
2360.00 -0.4482 -0.5680 -0.5730 -0.5773 -0.5762 -0.3417
2370.00 -0.4160 -0.5852 -0.5851 -0.5775 -0.5790 -0.3092
2380.00 -0.4370 -0.5607 -0.5597 -0.5649 -0.5612 -0.3299
2390.00 -0.4046 -0.5233 -0.5271 -0.5239 -0.5211 -0.3160
2400.00 -0.4165 -0.7735 -0.7658 -0.7699 -0.7652 -0.3203
2410.00 -0.3994 -0.7940 -0.7928 -0.7968 -0.8016 -0.3322
2420.00 -0.4188 -0.8271 -0.8330 -0.8280 -0.8370 -0.3321
2430.00 -0.4007 -0.7150 -0.7143 -0.7242 -0.7231 -0.3248
2440.00 -0.4176 -0.6633 -0.6728 -0.6519 -0.6778 -0.3099
2450.00 -0.4231 -0.6405 -0.6360 -0.6357 -0.6344 -0.3268
2460.00 -0.4281 -0.6189 -0.6270 -0.6203 -0.6290 -0.3252
2470.00 -0.4206 -0.5551 -0.5528 -0.5562 -0.5585 -0.3150
2480.00 -0.4107 -0.5770 -0.5761 -0.5680 -0.5766 -0.3147
2490.00 -0.4370 -0.8223 -0.8163 -0.8157 -0.8186 -0.3389
2500.00 -0.4077 -0.5843 -0.5861 -0.5895 -0.5864 -0.2965
2510.00 -0.4288 -0.6779 -0.6686 -0.6782 -0.6718 -0.3324
2520.00 -0.4407 -0.7333 -0.7423 -0.7454 -0.7470 -0.3317
2530.00 -0.3844 -0.6213 -0.6107 -0.6021 -0.6107 -0.2982
2540.00 -0.4539 -0.8446 -0.8372 -0.8385 -0.8435 -0.3486
2550.00 -0.3593 -0.7446 -0.7505 -0.7497 -0.7530 -0.2910
2560.00 -0.4302 -0.5990 -0.6042 -0.5948 -0.5994 -0.3235
2570.00 -0.4355 -0.5939 -0.5861 -0.5895 -0.5791 -0.3239
2580.00 -0.4356 -0.6127 -0.6109 -0.6142 -0.6100 -0.3381
2590.00 -0.4494 -0.8839 -0.8958 -0.8895 -0.8910 -0.3421
2600.00 -0.3990 -0.6703 -0.6733 -0.6708 -0.6797 -0.2971
2610.00 -0.4043 -0.6146 -0.6113 -0.6128 -0.6172 -0.3272
2620.00 -0.4045 -0.6871 -0.6941 -0.7039 -0.6981 -0.3111
2630.00 -0.4338 -0.6534 -0.6551 -0.6496 -0.6455 -0.3158
2640.00 -0.4190 -0.7059 -0.7070 -0.7048 -0.7113 -0.3186
2650.00 -0.4034 -0.6149 -0.6050 -0.6082 -0.6092 -0.3121
2660.00 -0.4172 -0.7596 -0.7587 -0.7536 -0.7576 -0.3297
2670.00 -0.4155 -0.7882 -0.7860 -0.7859 -0.7856 -0.3169
2680.00 -0.3935 -0.5669 -0.5693 -0.5652 -0.5712 -0.3010
2690.00 -0.4468 -0.6637 -0.6689 -0.6620 -0.6682 -0.3483
2700.00 -0.4009 -0.7390 -0.7391 -0.7464 -0.7365 -0.3215
2710.00 -0.4255 -0.7938 -0.7998 -0.7984 -0.7984 -0.3311
2720.00 -0.4012 -0.5904 -0.5910 -0.5896 -0.5855 -0.2957
2730.00 -0.4261 -0.6412 -0.6455 -0.6415 -0.6508 -0.3311
2740.00 -0.4364 -0.6167 -0.6290 -0.6195 -0.6360 -0.3208
2750.00 -0.3965 -0.7269 -0.7145 -0.7244 -0.7271 -0.3188
2760.00 -0.4708 -0.8165 -0.8097 -0.8109 -0.8088 -0.3416
2770.00 -0.3848 -0.5253 -0.5312 -0.5208 -0.5311 -0.2963
2780.00 -0.4086 -0.5113 -0.5062 -0.5093 -0.5053 -0.3255
2790.00 -0.4242 -0.6363 -0.6336 -0.6311 -0.6344 -0.3232
2800.00 -0.4333 -0.7224 -0.7353 -0.7367 -0.7336 -0.3272
2810.00 -0.4054 -0.7644 -0.7572 -0.7631 -0.7597 -0.3238
2820.00 -0.4309 -0.6886 -0.6799 -0.6930 -0.6903 -0.3246
2830.00 -0.3872 -0.6991 -0.6959 -0.6925 -0.6858 -0.3104
2840.00 -0.3967 -0.7415 -0.7245 -0.7262 -0.7294 -0.3301
2850.00 -0.4301 -0.7287 -0.7300 -0.7273 -0.7208 -0.3300
2860.00 -0.3850 -0.7914 -0.7991 -0.7945 -0.7983 -0.3053
2870.00 -0.4388 -0.5877 -0.5820 -0.5946 -0.5893 -0.3274
2880.00 -0.4318 -0.9061 -0.8967 -0.9017 -0.8992 -0.3392
2890.00 -0.4069 -0.5142 -0.5149 -0.5179 -0.5127 -0.2986
2900.00 -0.4283 -0.5627 -0.5636 -0.5598 -0.5618 -0.3313
2910.00 -0.4271 -0.5751 -0.5816 -0.5713 -0.5732 -0.3168
2920.00 -0.4061 -0.6411 -0.6381 -0.6432 -0.6371 -0.3205
2930.00 -0.4568 -0.6891 -0.6876 -0.6874 -0.6838 -0.3404
2940.00 -0.4054 -0.8272 -0.8317 -0.8272 -0.8242 -0.3201
2950.00 -0.4161 -0.6374 -0.6411 -0.6360 -0.6425 -0.3174
2960.00 -0.4296 -0.7919 -0.8069 -0.8012 -0.7994 -0.3211
2970.00 -0.3928 -0.5192 -0.5217 -0.5198 -0.5241 -0.2953
2980.00 -0.4438 -0.6228 -0.6092 -0.6108 -0.6159 -0.3331
2990.00 -0.3965 -0.5588 -0.5512 -0.5593 -0.5547 -0.2989
3000.00 -0.4211 -0.8476 -0.8522 -0.8459 -0.8472 -0.3250
3010.00 -0.4242 -0.7180 -0.7235 -0.7276 -0.7217 -0.3275
3020.00 -0.4478 -0.6157 -0.6127 -0.6096 -0.6113 -0.3357
3030.00 -0.3882 -0.5970 -0.6016 -0.6020 -0.6026 -0.3074
3040.00 -0.4181 -0.8300 -0.8382 -0.8434 -0.8453 -0.3132
3050.00 -0.4468 -0.8867 -0.8868 -0.8838 -0.8847 -0.3422
3060.00 -0.3713 -0.5853 -0.5819 -0.5853 -0.5776 -0.2956
3070.00 -0.4460 -0.6624 -0.6655 -0.6638 -0.6611 -0.3391
3080.00 -0.4004 -0.5813 -0.5897 -0.5902 -0.5929 -0.3064
3090.00 -0.4185 -0.6373 -0.6376 -0.6376 -0.6393 -0.3216
3100.00 -0.4177 -0.5940 -0.5981 -0.6017 -0.5973 -0.3168
3110.00 -0.4276 -0.6954 -0.6954 -0.6902 -0.6859 -0.3296
3120.00 -0.4092 -0.6612 -0.6660 -0.6622 -0.6624 -0.3240
3130.00 -0.4211 -0.7696 -0.7687 -0.7695 -0.7659 -0.3384
3140.00 -0.3883 -1.0225 -1.0114 -1.0245 -1.0218 -0.3179
3150.00 -0.4546 -0.7045 -0.7093 -0.7003 -0.7072 -0.3334
3160.00 -0.4202 -0.6148 -0.6098 -0.6217 -0.6153 -0.3106
3170.00 -0.3908 -0.5729 -0.5735 -0.5716 -0.5681 -0.3067
3180.00 -0.4415 -0.5838 -0.5839 -0.5799 -0.5884 -0.3352
3190.00 -0.4068 -0.6273 -0.6310 -0.6240 -0.6223 -0.3040
3200.00 -0.4340 -0.6290 -0.6260 -0.6286 -0.6220 -0.3265
3210.00 -0.4587 -0.7035 -0.7053 -0.6998 -0.7043 -0.3286
3220.00 -0.3750 -0.6506 -0.6609 -0.6568 -0.6648 -0.3263
3230.00 -0.4230 -0.9328 -0.9238 -0.9256 -0.9272 -0.3055
3240.00 -0.4377 -0.6008 -0.5955 -0.5941 -0.5957 -0.3231
3250.00 -0.4168 -0.7026 -0.7131 -0.7098 -0.7042 -0.3216
3260.00 -0.4389 -0.6463 -0.6389 -0.6521 -0.6544 -0.3319
3270.00 -0.4062 -0.6309 -0.6306 -0.6275 -0.6176 -0.3136
3280.00 -0.4190 -0.8068 -0.8020 -0.7908 -0.8070 -0.3283
3290.00 -0.4059 -0.6517 -0.6498 -0.6496 -0.6416 -0.3269
3300.00 -0.3943 -0.8980 -0.9026 -0.8992 -0.8938 -0.3144
3310.00 -0.4282 -0.7915 -0.7887 -0.7853 -0.7893 -0.3072
3320.00 -0.4312 -0.5347 -0.5367 -0.5415 -0.5349 -0.3262
3330.00 -0.4497 -0.5927 -0.5935 -0.5917 -0.5966 -0.3276
3340.00 -0.4092 -0.5991 -0.5987 -0.6015 -0.5980 -0.3141
3350.00 -0.4306 -0.5839 -0.5867 -0.5883 -0.5839 -0.3233
3360.00 -0.4295 -0.7099 -0.7048 -0.7029 -0.7014 -0.3371
3370.00 -0.3866 -0.6705 -0.6749 -0.6600 -0.6702 -0.3110
3380.00 -0.4202 -0.8019 -0.8105 -0.8086 -0.8157 -0.3149
3390.00 -0.4135 -0.8266 -0.8181 -0.8233 -0.8191 -0.3374
3400.00 -0.4216 -0.7168 -0.7157 -0.7155 -0.7109 -0.3222
3410.00 -0.4059 -0.6323 -0.6373 -0.6269 -0.6321 -0.3026
3420.00 -0.3945 -0.5921 -0.5830 -0.5896 -0.5866 -0.3073
3430.00 -0.4553 -0.8149 -0.8173 -0.8137 -0.8175 -0.3433
3440.00 -0.4154 -0.7650 -0.7613 -0.7705 -0.7591 -0.3146
3450.00 -0.4256 -0.5652 -0.5605 -0.5615 -0.5635 -0.3266
3460.00 -0.4036 -0.6238 -0.6141 -0.6164 -0.6245 -0.3036
3470.00 -0.4448 -0.8919 -0.8887 -0.8917 -0.8826 -0.3479
3480.00 -0.3989 -0.5930 -0.6006 -0.5949 -0.6034 -0.3005
3490.00 -0.4321 -0.6392 -0.6347 -0.6335 -0.6364 -0.3239
3500.00 -0.4185 -0.5483 -0.5448 -0.5506 -0.5488 -0.3163
3510.00 -0.4488 -0.5311 -0.5423 -0.5478 -0.5433 -0.3316
3520.00 -0.3909 -0.7287 -0.7323 -0.7279 -0.7361 -0.3183
3530.00 -0.4200 -0.8158 -0.8141 -0.8155 -0.8160 -0.3225
3540.00 -0.4227 -0.7752 -0.7756 -0.7706 -0.7718 -0.3406
3550.00 -0.4150 -0.7436 -0.7543 -0.7523 -0.7520 -0.3223
3560.00 -0.3897 -0.5815 -0.5720 -0.5789 -0.5743 -0.2952
3570.00 -0.4353 -0.8658 -0.8689 -0.8691 -0.8744 -0.3401
3580.00 -0.4137 -0.6415 -0.6320 -0.6373 -0.6342 -0.3210
3590.00 -0.4174 -0.5686 -0.5642 -0.5667 -0.5635 -0.3180
3600.00 -0.3872 -0.7230 -0.7201 -0.7207 -0.7210 -0.2990
3610.00 -0.4290 -0.8056 -0.8095 -0.8110 -0.8129 -0.3315
3620.00 -0.4478 -0.6146 -0.6182 -0.6099 -0.6111 -0.3279
3630.00 -0.4093 -0.5959 -0.5971 -0.6085 -0.5898 -0.3261
3640.00 -0.4299 -0.6914 -0.6915 -0.6860 -0.6952 -0.3232
3650.00 -0.3854 -0.5625 -0.5602 -0.5606 -0.5667 -0.3012
3660.00 -0.4590 -0.8453 -0.8416 -0.8500 -0.8481 -0.3508
3670.00 -0.3786 -0.4950 -0.5044 -0.5050 -0.5055 -0.2867
3680.00 -0.4116 -0.5877 -0.5872 -0.5911 -0.5831 -0.3320
3690.00 -0.4214 -1.1292 -1.1342 -1.1303 -1.1310 -0.3397
3700.00 -0.4168 -0.6096 -0.6081 -0.6068 -0.6094 -0.3080
3710.00 -0.3974 -0.5584 -0.5577 -0.5580 -0.5573 -0.3041
3720.00 -0.4344 -0.6279 -0.6380 -0.6290 -0.6263 -0.3199
3730.00 -0.4494 -0.6829 -0.6841 -0.6913 -0.6827 -0.3367
3740.00 -0.4332 -0.6442 -0.6490 -0.6449 -0.6465 -0.3414
3750.00 -0.4137 -0.6391 -0.6331 -0.6395 -0.6335 -0.3135
3760.00 -0.3993 -0.7334 -0.7291 -0.7291 -0.7251 -0.3168
3770.00 -0.4149 -0.8147 -0.8154 -0.8036 -0.8132 -0.3302
3780.00 -0.4132 -0.6923 -0.6840 -0.6844 -0.6936 -0.3255
3790.00 -0.4179 -0.6452 -0.6486 -0.6396 -0.6393 -0.3145
3800.00 -0.4398 -0.6245 -0.6209 -0.6293 -0.6319 -0.3195
3810.00 -0.4314 -0.6088 -0.6136 -0.6167 -0.6067 -0.3257
3820.00 -0.3657 -0.8282 -0.8220 -0.8251 -0.8280 -0.3177
3830.00 -0.4075 -0.5386 -0.5354 -0.5323 -0.5426 -0.3026
3840.00 -0.4363 -0.8008 -0.8029 -0.8067 -0.8111 -0.3473
3850.00 -0.4215 -0.7106 -0.7070 -0.7123 -0.7072 -0.3235
3860.00 -0.4213 -0.7255 -0.7292 -0.7221 -0.7224 -0.3152
3870.00 -0.3994 -0.6025 -0.6016 -0.5982 -0.6147 -0.3088
3880.00 -0.4386 -0.6372 -0.6396 -0.6429 -0.6350 -0.3363
3890.00 -0.4222 -0.6054 -0.6055 -0.6079 -0.6070 -0.3190
3900.00 -0.4392 -0.8576 -0.8514 -0.8572 -0.8534 -0.3410
3910.00 -0.3842 -0.6061 -0.6160 -0.6146 -0.6120 -0.3059
3920.00 -0.4312 -0.6868 -0.6866 -0.6971 -0.6807 -0.3338
3930.00 -0.4538 -0.7199 -0.7193 -0.7111 -0.7049 -0.3365
3940.00 -0.3907 -0.5592 -0.5572 -0.5659 -0.5603 -0.3097
3950.00 -0.4420 -0.9340 -0.9370 -0.9315 -0.9345 -0.3467
3960.00 -0.3891 -0.6153 -0.6188 -0.6138 -0.6143 -0.3069
3970.00 -0.4221 -0.7793 -0.7788 -0.7844 -0.7811 -0.3296
3980.00 -0.4117 -0.5836 -0.5745 -0.5856 -0.5836 -0.3150
3990.00 -0.4040 -0.4987 -0.4945 -0.4914 -0.4989 -0.3052
4000.00 -0.4289 -0.5983 -0.5976 -0.5962 -0.5948 -0.3353
