10.00 -0.4883 -0.4847 -0.4722 -0.4833 -0.4755 -0.3170
20.00 -0.4619 -0.4640 -0.4607 -0.4702 -0.4555 -0.3128
30.00 -0.4638 -0.4605 -0.4741 -0.4721 -0.4653 -0.3018
40.00 -0.4970 -0.4955 -0.4815 -0.4909 -0.4883 -0.3132
50.00 -0.4473 -0.4454 -0.4492 -0.4454 -0.4526 -0.3043
60.00 -0.5086 -0.5052 -0.5067 -0.5115 -0.5168 -0.3210
70.00 -0.4427 -0.4526 -0.4596 -0.4422 -0.4513 -0.2964
80.00 -0.4923 -0.4869 -0.4906 -0.4829 -0.4911 -0.3323
90.00 -0.4601 -0.4488 -0.4570 -0.4528 -0.4561 -0.3004
100.00 -0.4973 -0.4883 -0.4895 -0.4930 -0.4658 -0.3085
110.00 -0.4866 -0.4858 -0.4843 -0.4858 -0.4870 -0.3266
120.00 -0.4616 -0.4597 -0.4629 -0.4754 -0.4796 -0.3047
130.00 -0.5170 -0.5025 -0.5178 -0.5188 -0.5108 -0.3410
140.00 -0.4582 -0.4605 -0.4668 -0.4574 -0.4513 -0.3032
150.00 -0.4651 -0.4735 -0.4624 -0.4661 -0.4541 -0.3085
160.00 -0.4759 -0.4758 -0.4643 -0.4886 -0.4648 -0.3131
170.00 -0.4752 -0.4879 -0.4738 -0.4886 -0.4822 -0.3272
180.00 -0.4628 -0.4625 -0.4695 -0.4703 -0.4658 -0.2973
190.00 -0.4832 -0.4677 -0.4860 -0.4853 -0.4796 -0.3186
200.00 -0.4647 -0.4745 -0.4800 -0.4738 -0.4775 -0.3107
210.00 -0.4910 -0.5074 -0.4987 -0.4916 -0.4915 -0.3344
220.00 -0.4480 -0.4486 -0.4398 -0.4441 -0.4530 -0.3068
230.00 -0.4778 -0.4810 -0.4696 -0.4775 -0.4810 -0.3046
240.00 -0.4588 -0.4639 -0.4537 -0.4634 -0.4694 -0.3055
250.00 -0.5174 -0.5015 -0.5053 -0.5121 -0.5003 -0.3364
260.00 -0.4748 -0.4747 -0.4694 -0.4795 -0.4700 -0.3009
270.00 -0.4797 -0.4786 -0.4717 -0.4778 -0.4562 -0.3166
280.00 -0.4726 -0.4821 -0.4604 -0.4717 -0.4678 -0.3074
290.00 -0.4856 -0.4842 -0.4822 -0.4692 -0.4794 -0.3120
300.00 -0.4778 -0.4824 -0.4823 -0.4856 -0.4794 -0.3146
310.00 -0.4911 -0.4938 -0.4970 -0.4958 -0.4801 -0.3187
320.00 -0.4694 -0.4691 -0.4677 -0.4700 -0.4698 -0.3003
330.00 -0.4687 -0.4775 -0.4581 -0.4726 -0.4796 -0.3142
340.00 -0.4453 -0.4551 -0.4506 -0.4596 -0.4488 -0.3032
350.00 -0.5081 -0.4994 -0.5036 -0.4974 -0.5078 -0.3285
360.00 -0.4759 -0.4641 -0.4659 -0.4777 -0.4558 -0.2903
370.00 -0.4947 -0.4899 -0.4939 -0.4911 -0.4879 -0.3283
380.00 -0.4416 -0.4475 -0.4473 -0.4393 -0.4388 -0.2978
390.00 -0.5087 -0.5139 -0.5178 -0.5160 -0.5059 -0.3181
400.00 -0.4790 -0.4750 -0.4711 -0.4843 -0.4810 -0.3110
410.00 -0.4832 -0.4905 -0.4820 -0.4879 -0.4904 -0.3109
420.00 -0.4612 -0.4662 -0.4602 -0.4577 -0.4603 -0.3087
430.00 -0.4610 -0.4491 -0.4585 -0.4590 -0.4624 -0.3058
440.00 -0.4782 -0.4871 -0.4953 -0.4915 -0.4818 -0.3222
450.00 -0.4805 -0.4860 -0.4787 -0.4859 -0.4910 -0.3124
460.00 -0.4648 -0.4598 -0.4403 -0.4641 -0.4670 -0.2933
470.00 -0.5059 -0.4870 -0.4915 -0.5009 -0.4957 -0.3175
480.00 -0.4942 -0.4933 -0.4914 -0.4820 -0.4846 -0.3310
490.00 -0.4805 -0.4711 -0.4714 -0.4749 -0.4832 -0.3120
500.00 -0.4739 -0.4783 -0.4754 -0.4826 -0.4721 -0.3197
510.00 -0.4717 -0.4658 -0.4681 -0.4516 -0.4705 -0.3229
520.00 -0.4626 -0.4497 -0.4579 -0.4489 -0.4566 -0.2984
530.00 -0.4873 -0.4930 -0.4992 -0.4868 -0.4847 -0.3185
540.00 -0.4743 -0.4764 -0.4708 -0.4692 -0.4767 -0.3115
550.00 -0.4609 -0.4588 -0.4514 -0.4698 -0.4510 -0.2985
560.00 -0.4971 -0.4949 -0.4915 -0.4999 -0.4977 -0.3385
570.00 -0.4904 -0.4805 -0.4873 -0.4804 -0.4881 -0.3129
580.00 -0.4640 -0.4663 -0.4629 -0.4616 -0.4702 -0.2976
590.00 -0.4750 -0.4677 -0.4843 -0.4737 -0.4865 -0.3209
600.00 -0.4527 -0.4716 -0.4699 -0.4636 -0.4620 -0.3056
610.00 -0.4747 -0.4821 -0.4807 -0.4693 -0.4695 -0.3044
620.00 -0.4659 -0.4600 -0.4705 -0.4674 -0.4677 -0.3076
630.00 -0.4907 -0.4866 -0.4882 -0.4972 -0.4902 -0.3289
640.00 -0.4699 -0.4755 -0.4854 -0.4724 -0.4682 -0.3093
650.00 -0.4719 -0.4813 -0.4847 -0.4841 -0.4927 -0.3078
660.00 -0.4445 -0.4577 -0.4520 -0.4547 -0.4487 -0.2993
670.00 -0.5077 -0.4980 -0.5126 -0.5157 -0.5057 -0.3240
680.00 -0.4524 -0.4577 -0.4672 -0.4524 -0.4542 -0.3110
690.00 -0.4785 -0.4807 -0.4994 -0.4828 -0.4869 -0.3226
700.00 -0.4578 -0.4797 -0.4751 -0.4900 -0.4916 -0.3041
710.00 -0.4431 -0.4509 -0.4644 -0.4492 -0.4426 -0.3102
720.00 -0.4888 -0.4861 -0.4905 -0.4758 -0.4902 -0.2921
730.00 -0.4839 -0.4844 -0.4950 -0.4916 -0.4926 -0.3351
740.00 -0.4796 -0.4749 -0.4868 -0.4828 -0.4904 -0.3071
750.00 -0.4523 -0.4636 -0.4732 -0.4612 -0.4663 -0.3063
760.00 -0.4927 -0.4979 -0.4968 -0.5015 -0.4945 -0.3233
770.00 -0.4251 -0.4283 -0.4332 -0.4147 -0.4333 -0.2797
780.00 -0.4812 -0.4802 -0.4863 -0.4640 -0.4823 -0.3187
790.00 -0.4757 -0.4945 -0.4670 -0.4876 -0.4784 -0.3103
800.00 -0.4718 -0.4732 -0.4715 -0.4661 -0.4729 -0.3095
810.00 -0.4565 -0.4640 -0.4620 -0.4653 -0.4669 -0.3081
820.00 -0.5164 -0.5041 -0.5037 -0.5193 -0.5193 -0.3415
830.00 -0.4425 -0.4566 -0.4585 -0.4462 -0.4577 -0.2862
840.00 -0.4625 -0.4683 -0.4679 -0.4689 -0.4672 -0.3133
850.00 -0.4918 -0.4805 -0.4811 -0.4776 -0.4864 -0.3136
860.00 -0.4843 -0.4935 -0.4779 -0.4887 -0.4851 -0.3168
870.00 -0.4842 -0.4797 -0.4801 -0.4801 -0.4691 -0.3056
880.00 -0.4738 -0.4751 -0.4655 -0.4712 -0.4770 -0.3071
890.00 -0.4907 -0.4768 -0.4856 -0.4802 -0.4841 -0.3306
900.00 -0.4717 -0.4797 -0.4802 -0.4725 -0.4819 -0.3178
910.00 -0.4549 -0.4563 -0.4572 -0.4407 -0.4576 -0.2827
920.00 -0.4953 -0.4948 -0.5053 -0.4919 -0.4935 -0.3329
930.00 -0.4966 -0.4996 -0.5027 -0.4839 -0.4934 -0.3201
940.00 -0.4608 -0.4609 -0.4519 -0.4548 -0.4623 -0.3071
950.00 -0.4650 -0.4702 -0.4659 -0.4660 -0.4642 -0.3139
960.00 -0.4697 -0.4649 -0.4617 -0.4682 -0.4521 -0.3061
970.00 -0.5015 -0.4951 -0.4885 -0.5054 -0.4975 -0.3214
980.00 -0.4791 -0.4823 -0.4733 -0.4856 -0.4930 -0.3199
990.00 -0.4701 -0.4616 -0.4630 -0.4726 -0.4727 -0.3158
1000.00 -0.4838 -0.4694 -0.4709 -0.4779 -0.4671 -0.3038
1010.00 -0.4866 -0.6178 -0.6137 -0.6132 -0.6094 -0.3186
1020.00 -0.4729 -0.8098 -0.8222 -0.8117 -0.8031 -0.3195
1030.00 -0.4971 -0.8526 -0.8560 -0.8426 -0.8454 -0.3256
1040.00 -0.4973 -0.9561 -0.9683 -0.9609 -0.9632 -0.3170
1050.00 -0.4572 -0.7948 -0.7946 -0.7954 -0.7847 -0.2915
1060.00 -0.4961 -0.8817 -0.8819 -0.8813 -0.8901 -0.3146
1070.00 -0.4887 -0.8059 -0.8048 -0.8087 -0.8044 -0.3065
1080.00 -0.5029 -0.8427 -0.8505 -0.8473 -0.8356 -0.3119
1090.00 -0.4920 -0.8111 -0.8136 -0.8159 -0.8171 -0.3013
1100.00 -0.4790 -0.6826 -0.6789 -0.6828 -0.6859 -0.3285
1110.00 -0.3765 -0.4502 -0.4535 -0.4549 -0.4526 -0.2735
1120.00 -0.4187 -0.4880 -0.4961 -0.4900 -0.4867 -0.3172
1130.00 -0.4095 -0.4445 -0.4494 -0.4450 -0.4478 -0.3085
1140.00 -0.4681 -0.5102 -0.5156 -0.5034 -0.5025 -0.3226
1150.00 -0.4544 -0.4886 -0.4704 -0.4814 -0.4893 -0.3139
1160.00 -0.4733 -0.4869 -0.4800 -0.4813 -0.4797 -0.3269
1170.00 -0.4354 -0.4493 -0.4485 -0.4544 -0.4541 -0.2877
1180.00 -0.4756 -0.4853 -0.4781 -0.4845 -0.4885 -0.3261
1190.00 -0.4578 -0.4769 -0.4727 -0.4859 -0.4798 -0.3045
1200.00 -0.4766 -0.4981 -0.4993 -0.5044 -0.4918 -0.3313
1210.00 -0.4732 -0.4707 -0.4600 -0.4654 -0.4648 -0.3122
1220.00 -0.4916 -0.4880 -0.4901 -0.4886 -0.4817 -0.3064
1230.00 -0.4583 -0.4595 -0.4544 -0.4621 -0.4644 -0.3028
1240.00 -0.4945 -0.4934 -0.4997 -0.5018 -0.4942 -0.3313
1250.00 -0.4486 -0.4556 -0.4664 -0.4575 -0.4640 -0.2917
1260.00 -0.4885 -0.4734 -0.4726 -0.4762 -0.4846 -0.3073
1270.00 -0.4850 -0.4719 -0.4868 -0.4735 -0.4794 -0.3221
1280.00 -0.4678 -0.4679 -0.4727 -0.4652 -0.4785 -0.3192
1290.00 -0.4481 -0.4629 -0.4666 -0.4570 -0.4559 -0.2982
1300.00 -0.4637 -0.4806 -0.4839 -0.4749 -0.4775 -0.3177
1310.00 -0.4817 -0.4932 -0.4958 -0.4832 -0.4958 -0.3226
1320.00 -0.4623 -0.4659 -0.4807 -0.4714 -0.4800 -0.3086
1330.00 -0.4522 -0.4395 -0.4420 -0.4527 -0.4458 -0.2987
1340.00 -0.4928 -0.5160 -0.5080 -0.5258 -0.5266 -0.3324
1350.00 -0.4585 -0.4668 -0.4674 -0.4720 -0.4744 -0.3164
1360.00 -0.4527 -0.4824 -0.4739 -0.4949 -0.4769 -0.3098
1370.00 -0.4771 -0.4753 -0.4551 -0.4750 -0.4701 -0.3132
1380.00 -0.4832 -0.5020 -0.4950 -0.4902 -0.4873 -0.3318
1390.00 -0.4508 -0.4621 -0.4578 -0.4677 -0.4533 -0.3076
1400.00 -0.4652 -0.4731 -0.4719 -0.4781 -0.4757 -0.3060
1410.00 -0.4905 -0.4983 -0.4897 -0.4925 -0.5056 -0.3331
1420.00 -0.4598 -0.4715 -0.4665 -0.4684 -0.4608 -0.3093
1430.00 -0.4812 -0.4885 -0.4842 -0.4716 -0.4929 -0.3128
1440.00 -0.4607 -0.4802 -0.4767 -0.4798 -0.4789 -0.3177
1450.00 -0.4362 -0.4702 -0.4540 -0.4610 -0.4531 -0.2925
1460.00 -0.4720 -0.4682 -0.4718 -0.4728 -0.4664 -0.3155
1470.00 -0.4695 -0.4732 -0.4801 -0.4672 -0.4825 -0.3170
1480.00 -0.4690 -0.4846 -0.4879 -0.4821 -0.4856 -0.3121
1490.00 -0.4646 -0.4783 -0.4902 -0.4880 -0.4736 -0.3208
1500.00 -0.4772 -0.4886 -0.4860 -0.4874 -0.4861 -0.3243
1510.00 -0.4750 -0.4767 -0.4800 -0.4823 -0.4724 -0.3092
1520.00 -0.4545 -0.4778 -0.4724 -0.4676 -0.4720 -0.3104
1530.00 -0.4849 -0.4852 -0.4960 -0.4947 -0.4907 -0.3219
1540.00 -0.4326 -0.4605 -0.4707 -0.4585 -0.4644 -0.2919
1550.00 -0.4690 -0.4875 -0.4893 -0.4849 -0.4817 -0.3209
1560.00 -0.4683 -0.4820 -0.4885 -0.4817 -0.4946 -0.3184
1570.00 -0.4739 -0.4787 -0.4698 -0.4792 -0.4735 -0.3190
1580.00 -0.4550 -0.4672 -0.4543 -0.4667 -0.4566 -0.3027
1590.00 -0.4804 -0.5033 -0.4967 -0.5051 -0.5085 -0.3317
1600.00 -0.4672 -0.4878 -0.4764 -0.4832 -0.4894 -0.3113
1610.00 -0.4617 -0.4622 -0.4714 -0.4690 -0.4628 -0.3119
1620.00 -0.4784 -0.4917 -0.4909 -0.4802 -0.4841 -0.3129
1630.00 -0.4600 -0.4585 -0.4707 -0.4561 -0.4600 -0.3009
1640.00 -0.4787 -0.4915 -0.5110 -0.5016 -0.4940 -0.3247
1650.00 -0.4342 -0.4877 -0.4870 -0.4854 -0.4823 -0.3122
1660.00 -0.4523 -0.4872 -0.4923 -0.4991 -0.4957 -0.3154
1670.00 -0.4318 -0.4761 -0.4770 -0.4815 -0.4872 -0.3207
1680.00 -0.4077 -0.5039 -0.5095 -0.5140 -0.5127 -0.3097
1690.00 -0.3687 -0.6118 -0.6172 -0.6056 -0.6170 -0.3112
1700.00 -0.3078 -0.9379 -0.9358 -0.9365 -0.9322 -0.3218
1710.00 -0.3315 -0.8863 -0.8860 -0.8918 -0.8986 -0.3028
1720.00 -0.3717 -0.6475 -0.6481 -0.6505 -0.6547 -0.3043
1730.00 -0.3805 -0.5842 -0.5789 -0.5700 -0.5725 -0.3029
1740.00 -0.4110 -0.5509 -0.5572 -0.5577 -0.5547 -0.3170
1750.00 -0.3777 -0.5379 -0.5465 -0.5499 -0.5516 -0.2983
1760.00 -0.4173 -0.4821 -0.4768 -0.4834 -0.4835 -0.3143
1770.00 -0.4257 -0.5183 -0.5208 -0.5214 -0.5199 -0.3177
1780.00 -0.4022 -0.4901 -0.4829 -0.4738 -0.4776 -0.3040
1790.00 -0.4440 -0.5067 -0.4964 -0.5053 -0.5001 -0.3225
1800.00 -0.4797 -0.4931 -0.4834 -0.4996 -0.4824 -0.3136
1810.00 -0.4538 -0.4554 -0.4638 -0.4585 -0.4591 -0.2999
1820.00 -0.4677 -0.4779 -0.4651 -0.4698 -0.4692 -0.3119
1830.00 -0.4827 -0.4904 -0.4788 -0.4969 -0.4887 -0.3186
1840.00 -0.4684 -0.4632 -0.4572 -0.4675 -0.4565 -0.3087
1850.00 -0.4656 -0.4656 -0.4645 -0.4576 -0.4580 -0.2965
1860.00 -0.5062 -0.5179 -0.5115 -0.5137 -0.5174 -0.3361
1870.00 -0.4485 -0.4469 -0.4540 -0.4605 -0.4548 -0.3010
1880.00 -0.4896 -0.4973 -0.4928 -0.4805 -0.5014 -0.3256
1890.00 -0.4451 -0.4454 -0.4460 -0.4373 -0.4362 -0.2963
1900.00 -0.4841 -0.5059 -0.5012 -0.5085 -0.5042 -0.3298
1910.00 -0.4628 -0.4779 -0.4761 -0.4734 -0.4692 -0.3015
1920.00 -0.4747 -0.4704 -0.4768 -0.4784 -0.4665 -0.3082
1930.00 -0.4637 -0.4732 -0.4650 -0.4672 -0.4771 -0.3124
1940.00 -0.4713 -0.4630 -0.4652 -0.4629 -0.4748 -0.3123
1950.00 -0.4723 -0.4756 -0.4778 -0.4684 -0.4781 -0.3288
1960.00 -0.4755 -0.4880 -0.4896 -0.4864 -0.4959 -0.3117
1970.00 -0.4184 -0.4801 -0.4724 -0.4692 -0.4677 -0.2984
1980.00 -0.4710 -0.5248 -0.5159 -0.5304 -0.5239 -0.3350
1990.00 -0.4139 -0.4766 -0.4802 -0.4781 -0.4708 -0.3063
2000.00 -0.4175 -0.5140 -0.5092 -0.5047 -0.5105 -0.3131
2010.00 -0.4107 -0.4630 -0.4601 -0.4697 -0.4546 -0.2992
2020.00 -0.4450 -0.5070 -0.4945 -0.5059 -0.4974 -0.3084
2030.00 -0.4198 -0.4940 -0.4886 -0.4891 -0.4920 -0.3245
2040.00 -0.4153 -0.5150 -0.5328 -0.5261 -0.5168 -0.3087
2050.00 -0.3844 -0.5661 -0.5524 -0.5590 -0.5633 -0.3237
2060.00 -0.1910 -1.5380 -1.5399 -1.5372 -1.5402 -0.3251
2070.00 -0.3650 -0.5992 -0.6129 -0.6033 -0.6009 -0.2984
2080.00 -0.3741 -0.4813 -0.4849 -0.4828 -0.4855 -0.2853
2090.00 -0.4074 -0.5699 -0.5717 -0.5743 -0.5748 -0.3181
2100.00 -0.4100 -0.5112 -0.5168 -0.5141 -0.5162 -0.3216
2110.00 -0.3915 -0.4788 -0.4803 -0.4719 -0.4775 -0.2919
2120.00 -0.4224 -0.5076 -0.5086 -0.5065 -0.5104 -0.3191
2130.00 -0.4529 -0.5227 -0.5198 -0.5194 -0.5182 -0.3236
2140.00 -0.4193 -0.4621 -0.4708 -0.4547 -0.4631 -0.3067
2150.00 -0.4668 -0.5164 -0.5058 -0.5206 -0.5109 -0.3259
2160.00 -0.4221 -0.4439 -0.4488 -0.4392 -0.4552 -0.3109
2170.00 -0.4498 -0.4840 -0.4865 -0.4850 -0.4914 -0.3092
2180.00 -0.4596 -0.4857 -0.4701 -0.4833 -0.4772 -0.3248
2190.00 -0.4703 -0.4931 -0.4981 -0.4934 -0.4833 -0.3220
2200.00 -0.4501 -0.4525 -0.4485 -0.4534 -0.4634 -0.2927
2210.00 -0.4928 -0.4983 -0.4804 -0.4966 -0.4908 -0.3274
2220.00 -0.4636 -0.4872 -0.4937 -0.4963 -0.4804 -0.3050
2230.00 -0.4670 -0.4939 -0.4907 -0.4930 -0.4841 -0.3138
2240.00 -0.4750 -0.4882 -0.4898 -0.4891 -0.4943 -0.3132
2250.00 -0.4556 -0.4708 -0.4862 -0.4785 -0.4832 -0.3189
2260.00 -0.4555 -0.4757 -0.4697 -0.4722 -0.4642 -0.2989
2270.00 -0.4400 -0.4612 -0.4508 -0.4584 -0.4614 -0.2996
2280.00 -0.4702 -0.4951 -0.4952 -0.5023 -0.5002 -0.3289
2290.00 -0.4758 -0.4920 -0.5017 -0.4919 -0.4926 -0.3108
2300.00 -0.3925 -0.4553 -0.4421 -0.4530 -0.4511 -0.2948
2310.00 -0.4851 -0.5105 -0.5102 -0.5018 -0.5034 -0.3367
2320.00 -0.4503 -0.4578 -0.4468 -0.4622 -0.4552 -0.2962
2330.00 -0.4467 -0.5156 -0.5038 -0.5216 -0.5229 -0.3093
2340.00 -0.4409 -0.4627 -0.4678 -0.4664 -0.4787 -0.3158
2350.00 -0.4549 -0.4599 -0.4546 -0.4578 -0.4613 -0.2949
2360.00 -0.4564 -0.4911 -0.4974 -0.4977 -0.5004 -0.3239
2370.00 -0.4621 -0.4805 -0.4916 -0.4942 -0.4694 -0.3099
2380.00 -0.4597 -0.4707 -0.4675 -0.4715 -0.4692 -0.3135
2390.00 -0.4733 -0.5066 -0.4746 -0.4982 -0.4951 -0.3125
2400.00 -0.4570 -0.4850 -0.4771 -0.4830 -0.4721 -0.3129
2410.00 -0.4312 -0.4562 -0.4599 -0.4520 -0.4542 -0.2930
2420.00 -0.4628 -0.4680 -0.4860 -0.4857 -0.4751 -0.3149
2430.00 -0.4830 -0.5025 -0.5097 -0.5068 -0.5053 -0.3352
2440.00 -0.4014 -0.4478 -0.4530 -0.4537 -0.4495 -0.2793
2450.00 -0.4250 -0.5107 -0.5114 -0.5049 -0.5092 -0.3235
2460.00 0.0744 -1.9281 -1.9215 -1.9156 -1.9356 -0.3244
2470.00 -0.3376 -0.8197 -0.8288 -0.8352 -0.8236 -0.2893
2480.00 -0.3713 -0.4548 -0.4526 -0.4446 -0.4486 -0.2805
2490.00 -0.3983 -0.4660 -0.4625 -0.4635 -0.4621 -0.3086
2500.00 -0.4154 -0.5065 -0.5115 -0.5063 -0.5118 -0.3005
2510.00 -0.4298 -0.4881 -0.4836 -0.4810 -0.4790 -0.3239
2520.00 -0.4514 -0.4877 -0.4915 -0.4849 -0.4874 -0.3292
2530.00 -0.4219 -0.4887 -0.4796 -0.4917 -0.4765 -0.2947
2540.00 -0.4510 -0.4874 -0.4856 -0.4946 -0.4880 -0.3076
2550.00 -0.4310 -0.4690 -0.4731 -0.4714 -0.4833 -0.3061
2560.00 -0.4605 -0.4918 -0.4871 -0.4800 -0.4911 -0.3169
2570.00 -0.4654 -0.4914 -0.4834 -0.4849 -0.4823 -0.3004
2580.00 -0.4660 -0.4761 -0.4703 -0.4724 -0.4736 -0.3085
2590.00 -0.4472 -0.4579 -0.4644 -0.4618 -0.4630 -0.3003
2600.00 -0.4927 -0.4819 -0.4878 -0.4972 -0.4871 -0.3359
2610.00 -0.4818 -0.4684 -0.4757 -0.4812 -0.4834 -0.3149
2620.00 -0.4694 -0.4821 -0.4873 -0.4819 -0.4876 -0.3114
2630.00 -0.4582 -0.4671 -0.4679 -0.4716 -0.4546 -0.3195
2640.00 -0.4567 -0.4625 -0.4529 -0.4553 -0.4618 -0.2857
2650.00 -0.5032 -0.4990 -0.5181 -0.5041 -0.5024 -0.3232
2660.00 -0.4476 -0.4705 -0.4745 -0.4731 -0.4689 -0.3086
2670.00 -0.4770 -0.4935 -0.4975 -0.4929 -0.4938 -0.3209
2680.00 -0.4795 -0.4874 -0.5002 -0.4952 -0.4962 -0.3271
2690.00 -0.4318 -0.4508 -0.4529 -0.4618 -0.4496 -0.3079
2700.00 -0.4543 -0.4794 -0.4830 -0.4809 -0.4776 -0.3095
2710.00 -0.4628 -0.4824 -0.4939 -0.4859 -0.4919 -0.3103
2720.00 -0.4653 -0.4958 -0.4935 -0.4889 -0.4993 -0.3193
2730.00 -0.4484 -0.4608 -0.4574 -0.4520 -0.4579 -0.3008
2740.00 -0.4440 -0.4897 -0.4943 -0.4929 -0.4952 -0.3181
2750.00 -0.4424 -0.4669 -0.4561 -0.4665 -0.4651 -0.3182
2760.00 -0.4609 -0.4983 -0.4879 -0.4959 -0.4926 -0.3252
2770.00 -0.4118 -0.5061 -0.5049 -0.5035 -0.5057 -0.3095
2780.00 -0.4451 -0.5204 -0.5245 -0.5214 -0.5233 -0.3247
2790.00 -0.2934 -0.6547 -0.6557 -0.6527 -0.6666 -0.3016
2800.00 0.0689 -2.0757 -2.0718 -2.0845 -2.0804 -0.2703
2810.00 -0.4027 -0.4497 -0.4565 -0.4597 -0.4651 -0.3057
2820.00 -0.4169 -0.4929 -0.4905 -0.4840 -0.4832 -0.3191
2830.00 -0.3991 -0.4573 -0.4535 -0.4505 -0.4469 -0.2954
2840.00 -0.4272 -0.4944 -0.4978 -0.4997 -0.5034 -0.3130
2850.00 -0.4172 -0.4661 -0.4672 -0.4631 -0.4636 -0.3147
2860.00 -0.4229 -0.4869 -0.4899 -0.4810 -0.4880 -0.3130
2870.00 -0.4634 -0.4849 -0.4940 -0.4885 -0.4861 -0.3133
2880.00 -0.4706 -0.4853 -0.4851 -0.4772 -0.4848 -0.3145
2890.00 -0.4586 -0.4685 -0.4631 -0.4653 -0.4654 -0.3009
2900.00 -0.4728 -0.4843 -0.4895 -0.4818 -0.4940 -0.3128
2910.00 -0.4600 -0.4552 -0.4673 -0.4638 -0.4748 -0.3083
2920.00 -0.4902 -0.4896 -0.4922 -0.4818 -0.4897 -0.3272
2930.00 -0.4688 -0.4757 -0.4711 -0.4625 -0.4698 -0.3078
2940.00 -0.4685 -0.4926 -0.4913 -0.4926 -0.4949 -0.3177
2950.00 -0.4625 -0.4657 -0.4631 -0.4645 -0.4656 -0.3107
2960.00 -0.4706 -0.4678 -0.4807 -0.4802 -0.4715 -0.2982
2970.00 -0.5006 -0.5105 -0.5045 -0.5069 -0.4984 -0.3219
2980.00 -0.4601 -0.4659 -0.4661 -0.4603 -0.4663 -0.3070
2990.00 -0.4507 -0.4769 -0.4686 -0.4786 -0.4734 -0.3111
3000.00 -0.4424 -0.4932 -0.5027 -0.4983 -0.4877 -0.3095
3010.00 -0.4666 -0.4942 -0.4922 -0.4988 -0.5012 -0.3112
3020.00 -0.4758 -0.4893 -0.4785 -0.4995 -0.4881 -0.3307
3030.00 -0.4539 -0.4757 -0.4817 -0.4781 -0.4704 -0.3146
3040.00 -0.4709 -0.4891 -0.5052 -0.4809 -0.4995 -0.3201
3050.00 -0.4539 -0.4586 -0.4635 -0.4560 -0.4696 -0.3034
3060.00 -0.4662 -0.4772 -0.4825 -0.4852 -0.4793 -0.3228
3070.00 -0.4670 -0.4827 -0.4843 -0.4923 -0.4816 -0.3038
3080.00 -0.4422 -0.4505 -0.4439 -0.4397 -0.4509 -0.2934
3090.00 -0.4753 -0.4915 -0.4934 -0.4904 -0.4944 -0.3156
3100.00 -0.4646 -0.4729 -0.4577 -0.4678 -0.4715 -0.3012
3110.00 -0.4691 -0.4638 -0.4602 -0.4679 -0.4707 -0.3147
3120.00 -0.4816 -0.4788 -0.4729 -0.4739 -0.4705 -0.3253
3130.00 -0.4787 -0.4945 -0.4880 -0.4800 -0.4865 -0.3175
3140.00 -0.4638 -0.4741 -0.4756 -0.4706 -0.4750 -0.3139
3150.00 -0.5037 -0.4885 -0.4958 -0.4876 -0.4817 -0.3208
3160.00 -0.4661 -0.4629 -0.4632 -0.4668 -0.4595 -0.3054
3170.00 -0.4844 -0.4963 -0.4950 -0.5047 -0.4988 -0.3297
3180.00 -0.4364 -0.4871 -0.4788 -0.4820 -0.4842 -0.3040
3190.00 -0.4658 -0.5094 -0.5168 -0.5107 -0.5139 -0.3258
3200.00 -0.3934 -0.4725 -0.4726 -0.4660 -0.4684 -0.3035
3210.00 0.0244 -1.3207 -1.3210 -1.3154 -1.3130 -0.3268
3220.00 -0.0377 -1.4639 -1.4568 -1.4593 -1.4630 -0.3017
3230.00 -0.3754 -0.3979 -0.4023 -0.3987 -0.3974 -0.2856
3240.00 -0.4055 -0.4588 -0.4614 -0.4631 -0.4600 -0.3084
3250.00 -0.4227 -0.4903 -0.4875 -0.4913 -0.4834 -0.3225
3260.00 -0.3940 -0.4564 -0.4534 -0.4564 -0.4616 -0.2914
3270.00 -0.4366 -0.5014 -0.4987 -0.4981 -0.4966 -0.3223
3280.00 -0.4239 -0.4975 -0.5000 -0.4981 -0.5026 -0.3061
3290.00 -0.4260 -0.5121 -0.5109 -0.5098 -0.5125 -0.3099
3300.00 -0.4243 -0.4763 -0.4738 -0.4725 -0.4762 -0.2948
3310.00 -0.4552 -0.4662 -0.4734 -0.4771 -0.4723 -0.3190
3320.00 -0.4754 -0.4962 -0.5117 -0.5000 -0.4994 -0.3258
3330.00 -0.4584 -0.4596 -0.4567 -0.4628 -0.4601 -0.3066
3340.00 -0.4605 -0.4798 -0.4866 -0.4777 -0.4792 -0.3253
3350.00 -0.4796 -0.4840 -0.4938 -0.4863 -0.4973 -0.3040
3360.00 -0.4824 -0.4967 -0.5004 -0.4974 -0.5098 -0.3349
3370.00 -0.4373 -0.4581 -0.4626 -0.4566 -0.4717 -0.3019
3380.00 -0.4657 -0.4593 -0.4573 -0.4585 -0.4586 -0.3177
3390.00 -0.4942 -0.5022 -0.5020 -0.4992 -0.5091 -0.3248
3400.00 -0.4250 -0.4553 -0.4555 -0.4672 -0.4650 -0.3037
3410.00 -0.4630 -0.4855 -0.4747 -0.4754 -0.4809 -0.3239
3420.00 -0.4531 -0.4888 -0.4806 -0.4880 -0.4851 -0.3124
3430.00 -0.4676 -0.4834 -0.4967 -0.5016 -0.5020 -0.3210
3440.00 -0.4094 -0.4817 -0.4932 -0.4859 -0.4940 -0.3004
3450.00 -0.4162 -0.4775 -0.4829 -0.4776 -0.4756 -0.2994
3460.00 -0.3940 -0.5327 -0.5335 -0.5434 -0.5337 -0.3206
3470.00 0.0056 -2.2193 -2.2292 -2.2204 -2.2483 -0.2974
3480.00 -0.3532 -0.4316 -0.4241 -0.4246 -0.4264 -0.2639
3490.00 -0.4373 -0.4757 -0.4781 -0.4838 -0.4782 -0.3195
3500.00 -0.4086 -0.4625 -0.4585 -0.4611 -0.4626 -0.2959
3510.00 -0.4142 -0.4556 -0.4573 -0.4599 -0.4588 -0.3176
3520.00 -0.4390 -0.4581 -0.4797 -0.4623 -0.4763 -0.3095
3530.00 -0.4500 -0.4745 -0.4780 -0.4758 -0.4821 -0.3153
3540.00 -0.4559 -0.5017 -0.5003 -0.5001 -0.5007 -0.3199
3550.00 -0.4464 -0.4658 -0.4698 -0.4729 -0.4650 -0.3131
3560.00 -0.4640 -0.4697 -0.4725 -0.4812 -0.4794 -0.3127
3570.00 -0.5124 -0.5123 -0.5169 -0.5180 -0.5217 -0.3417
3580.00 -0.4379 -0.4457 -0.4531 -0.4479 -0.4329 -0.2903
3590.00 -0.4739 -0.4880 -0.4926 -0.4899 -0.4831 -0.3271
3600.00 -0.4445 -0.4546 -0.4515 -0.4520 -0.4577 -0.3012
3610.00 -0.4796 -0.5209 -0.5210 -0.5126 -0.5073 -0.3319
3620.00 -0.4419 -0.4870 -0.4839 -0.4731 -0.4813 -0.3090
3630.00 -0.4757 -0.4849 -0.4801 -0.4820 -0.4884 -0.3261
3640.00 -0.4496 -0.4579 -0.4625 -0.4631 -0.4571 -0.3060
3650.00 -0.4640 -0.4780 -0.4697 -0.4759 -0.4843 -0.3144
3660.00 -0.4613 -0.4706 -0.4818 -0.4823 -0.4761 -0.3096
3670.00 -0.4756 -0.4906 -0.4840 -0.4828 -0.4810 -0.3183
3680.00 -0.4851 -0.4864 -0.4874 -0.4901 -0.4833 -0.3236
3690.00 -0.4549 -0.4651 -0.4568 -0.4497 -0.4544 -0.3041
3700.00 -0.4443 -0.4648 -0.4718 -0.4678 -0.4704 -0.2984
3710.00 -0.4729 -0.5044 -0.5043 -0.5138 -0.5125 -0.3359
3720.00 -0.4429 -0.4706 -0.4841 -0.4843 -0.4792 -0.3104
3730.00 -0.4842 -0.4831 -0.4904 -0.4889 -0.4765 -0.3177
3740.00 -0.4743 -0.4672 -0.4819 -0.4972 -0.4885 -0.3152
3750.00 -0.4383 -0.4465 -0.4590 -0.4645 -0.4552 -0.3029
3760.00 -0.4708 -0.4737 -0.4961 -0.4960 -0.4867 -0.3184
3770.00 -0.4613 -0.4675 -0.4778 -0.4831 -0.4806 -0.3150
3780.00 -0.4433 -0.4855 -0.4741 -0.4863 -0.4755 -0.3090
3790.00 -0.4877 -0.4897 -0.4835 -0.4892 -0.4952 -0.3145
3800.00 -0.4609 -0.4661 -0.4726 -0.4814 -0.4717 -0.3163
3810.00 -0.4728 -0.4763 -0.4788 -0.4751 -0.4822 -0.3221
3820.00 -0.4625 -0.4720 -0.4646 -0.4699 -0.4735 -0.3064
3830.00 -0.4867 -0.5250 -0.5204 -0.5186 -0.5207 -0.3261
3840.00 -0.4351 -0.4892 -0.4907 -0.4875 -0.4841 -0.3124
3850.00 -0.3454 -0.4754 -0.4826 -0.4739 -0.4913 -0.2915
3860.00 0.4537 -2.2106 -2.2243 -2.2276 -2.2236 -0.2907
3870.00 -0.3761 -0.3962 -0.4025 -0.4048 -0.3980 -0.2889
3880.00 -0.4398 -0.4945 -0.4946 -0.4875 -0.4931 -0.3221
3890.00 -0.4199 -0.4638 -0.4614 -0.4629 -0.4673 -0.3144
3900.00 -0.4171 -0.4834 -0.4724 -0.4778 -0.4712 -0.3153
3910.00 -0.4219 -0.4564 -0.4538 -0.4590 -0.4627 -0.3168
3920.00 -0.4739 -0.5205 -0.5097 -0.5012 -0.5083 -0.3305
3930.00 -0.4262 -0.4545 -0.4453 -0.4569 -0.4466 -0.2900
3940.00 -0.4435 -0.4844 -0.4741 -0.4893 -0.4791 -0.3141
3950.00 -0.4737 -0.5015 -0.4891 -0.4885 -0.4841 -0.3174
3960.00 -0.4496 -0.4815 -0.4804 -0.4726 -0.4732 -0.3226
3970.00 -0.4602 -0.4911 -0.4951 -0.4835 -0.4889 -0.3254
3980.00 -0.4440 -0.4616 -0.4719 -0.4648 -0.4598 -0.2876
3990.00 -0.4615 -0.4768 -0.4870 -0.4827 -0.4780 -0.3247
4000.00 -0.4780 -0.4737 -0.4954 -0.4849 -0.4811 -0.3256
