10.00 -0.4555 -0.4653 -0.4526 -0.4554 -0.4492 -0.2924
20.00 -0.4903 -0.4874 -0.5034 -0.5008 -0.4937 -0.3202
30.00 -0.4837 -0.4856 -0.4718 -0.4797 -0.4901 -0.3073
40.00 -0.4664 -0.4655 -0.4588 -0.4651 -0.4641 -0.3113
50.00 -0.4730 -0.4706 -0.4639 -0.4619 -0.4760 -0.3115
60.00 -0.4871 -0.4712 -0.4816 -0.4829 -0.4800 -0.3143
70.00 -0.4780 -0.4655 -0.4733 -0.4649 -0.4592 -0.3093
80.00 -0.5018 -0.4989 -0.4970 -0.4878 -0.4930 -0.3276
90.00 -0.4588 -0.4633 -0.4638 -0.4653 -0.4643 -0.3076
100.00 -0.4954 -0.4833 -0.4907 -0.4954 -0.4955 -0.3180
110.00 -0.4575 -0.4692 -0.4662 -0.4637 -0.4675 -0.2989
120.00 -0.4678 -0.4668 -0.4523 -0.4653 -0.4714 -0.3125
130.00 -0.4891 -0.4829 -0.4898 -0.4667 -0.4818 -0.3107
140.00 -0.5048 -0.5010 -0.4923 -0.5022 -0.4991 -0.3248
150.00 -0.4588 -0.4338 -0.4425 -0.4544 -0.4634 -0.3026
160.00 -0.4762 -0.4732 -0.4804 -0.4849 -0.4827 -0.3150
170.00 -0.4923 -0.4932 -0.4845 -0.4795 -0.4888 -0.3328
180.00 -0.4715 -0.4738 -0.4759 -0.4762 -0.4658 -0.3090
190.00 -0.4715 -0.4776 -0.4830 -0.4908 -0.4825 -0.3232
200.00 -0.4704 -0.4697 -0.4627 -0.4593 -0.4731 -0.2929
210.00 -0.4907 -0.4934 -0.4895 -0.4903 -0.4908 -0.3181
220.00 -0.4571 -0.4501 -0.4560 -0.4414 -0.4533 -0.2987
230.00 -0.4891 -0.4921 -0.4767 -0.4883 -0.4923 -0.3175
240.00 -0.5160 -0.5159 -0.5178 -0.5215 -0.5175 -0.3308
250.00 -0.4491 -0.4440 -0.4447 -0.4474 -0.4545 -0.2924
260.00 -0.4964 -0.5067 -0.5003 -0.4957 -0.5033 -0.3252
270.00 -0.4758 -0.4613 -0.4799 -0.4684 -0.4699 -0.3072
280.00 -0.4810 -0.4779 -0.4796 -0.4781 -0.4834 -0.3282
290.00 -0.4560 -0.4510 -0.4653 -0.4535 -0.4521 -0.2979
300.00 -0.4785 -0.4791 -0.4780 -0.4763 -0.4725 -0.3081
310.00 -0.4955 -0.5064 -0.4925 -0.4970 -0.4842 -0.3235
320.00 -0.4727 -0.4598 -0.4673 -0.4767 -0.4670 -0.3028
330.00 -0.4729 -0.4749 -0.4672 -0.4605 -0.4744 -0.3091
340.00 -0.4776 -0.4706 -0.4787 -0.4789 -0.4775 -0.3140
350.00 -0.4993 -0.4917 -0.4902 -0.4814 -0.4931 -0.3298
360.00 -0.4801 -0.4876 -0.4654 -0.4855 -0.4848 -0.2955
370.00 -0.4494 -0.4455 -0.4551 -0.4562 -0.4579 -0.3051
380.00 -0.4933 -0.4943 -0.4992 -0.4903 -0.5048 -0.3302
390.00 -0.4861 -0.4829 -0.4771 -0.4841 -0.4708 -0.3043
400.00 -0.4881 -0.4925 -0.4992 -0.4948 -0.4787 -0.3333
410.00 -0.4855 -0.4804 -0.4662 -0.4853 -0.4785 -0.3145
420.00 -0.4469 -0.4523 -0.4620 -0.4501 -0.4331 -0.3014
430.00 -0.4792 -0.4768 -0.4880 -0.4677 -0.4824 -0.3102
440.00 -0.4744 -0.4705 -0.4858 -0.4804 -0.4790 -0.3202
450.00 -0.4644 -0.4711 -0.4693 -0.4543 -0.4594 -0.3022
460.00 -0.4804 -0.4904 -0.4850 -0.4839 -0.4859 -0.3145
470.00 -0.4612 -0.4625 -0.4572 -0.4490 -0.4553 -0.2959
480.00 -0.4863 -0.4840 -0.4795 -0.4872 -0.4865 -0.3270
490.00 -0.4873 -0.4656 -0.4778 -0.4848 -0.4763 -0.3134
500.00 -0.4851 -0.4856 -0.4735 -0.4781 -0.4899 -0.3145
510.00 -0.4988 -0.4821 -0.4944 -0.4958 -0.4910 -0.3183
520.00 -0.4665 -0.4605 -0.4660 -0.4679 -0.4709 -0.3042
530.00 -0.4640 -0.4548 -0.4654 -0.4717 -0.4535 -0.3137
540.00 -0.4889 -0.4972 -0.4874 -0.4852 -0.4863 -0.3210
550.00 -0.4991 -0.4832 -0.4876 -0.4923 -0.4941 -0.3292
560.00 -0.4599 -0.4614 -0.4541 -0.4538 -0.4509 -0.3042
570.00 -0.4800 -0.4788 -0.4814 -0.4739 -0.4716 -0.3071
580.00 -0.5060 -0.5030 -0.5055 -0.4966 -0.5042 -0.3270
590.00 -0.4507 -0.4542 -0.4489 -0.4463 -0.4479 -0.2998
600.00 -0.4915 -0.4888 -0.4858 -0.4897 -0.4763 -0.3265
610.00 -0.4500 -0.4508 -0.4493 -0.4562 -0.4543 -0.2897
620.00 -0.4766 -0.4694 -0.4775 -0.4781 -0.4816 -0.3101
630.00 -0.4804 -0.4776 -0.4741 -0.4863 -0.4722 -0.3155
640.00 -0.4938 -0.4921 -0.4946 -0.4995 -0.4973 -0.3280
650.00 -0.4591 -0.4533 -0.4574 -0.4499 -0.4645 -0.3051
660.00 -0.4647 -0.4621 -0.4632 -0.4445 -0.4670 -0.3005
670.00 -0.4809 -0.4934 -0.5011 -0.4926 -0.4847 -0.3275
680.00 -0.4769 -0.4923 -0.4929 -0.4956 -0.4884 -0.3227
690.00 -0.4664 -0.4563 -0.4637 -0.4662 -0.4722 -0.2959
700.00 -0.4746 -0.4780 -0.4655 -0.4691 -0.4550 -0.3104
710.00 -0.4779 -0.4800 -0.4820 -0.4770 -0.4735 -0.3207
720.00 -0.4849 -0.4688 -0.4725 -0.4849 -0.4769 -0.3085
730.00 -0.4679 -0.4661 -0.4693 -0.4760 -0.4717 -0.3089
740.00 -0.4757 -0.4740 -0.4692 -0.4745 -0.4657 -0.3144
750.00 -0.4758 -0.4787 -0.4859 -0.4852 -0.4775 -0.3065
760.00 -0.4725 -0.4739 -0.4725 -0.4707 -0.4802 -0.3026
770.00 -0.4736 -0.4730 -0.4622 -0.4703 -0.4654 -0.3092
780.00 -0.4935 -0.4971 -0.4824 -0.4807 -0.4782 -0.3208
790.00 -0.4784 -0.4867 -0.4690 -0.4796 -0.4863 -0.3161
800.00 -0.4658 -0.4617 -0.4675 -0.4707 -0.4651 -0.3078
810.00 -0.4995 -0.4914 -0.4948 -0.4988 -0.5025 -0.3354
820.00 -0.4505 -0.4413 -0.4372 -0.4406 -0.4317 -0.2872
830.00 -0.4820 -0.4768 -0.4818 -0.4859 -0.4713 -0.3201
840.00 -0.4745 -0.4655 -0.4751 -0.4754 -0.4697 -0.3111
850.00 -0.4718 -0.4758 -0.4739 -0.4711 -0.4582 -0.3124
860.00 -0.4988 -0.5000 -0.4961 -0.4949 -0.4854 -0.3232
870.00 -0.4598 -0.4689 -0.4724 -0.4629 -0.4627 -0.3046
880.00 -0.4891 -0.4915 -0.4914 -0.4852 -0.4961 -0.3334
890.00 -0.4564 -0.4610 -0.4523 -0.4602 -0.4625 -0.2869
900.00 -0.4834 -0.4876 -0.4941 -0.4698 -0.4837 -0.3187
910.00 -0.4672 -0.4658 -0.4499 -0.4596 -0.4664 -0.2965
920.00 -0.4815 -0.4910 -0.4715 -0.4940 -0.4989 -0.3163
930.00 -0.4849 -0.4754 -0.4794 -0.4725 -0.4785 -0.3217
940.00 -0.4789 -0.4811 -0.4761 -0.4687 -0.4786 -0.3071
950.00 -0.4567 -0.4496 -0.4612 -0.4620 -0.4520 -0.2969
960.00 -0.4931 -0.5023 -0.4913 -0.5044 -0.4994 -0.3256
970.00 -0.5083 -0.4947 -0.4817 -0.4994 -0.4952 -0.3186
980.00 -0.4524 -0.4641 -0.4658 -0.4668 -0.4519 -0.3034
990.00 -0.4710 -0.4778 -0.4681 -0.4645 -0.4788 -0.3082
1000.00 -0.4783 -0.4853 -0.4801 -0.4666 -0.4774 -0.3188
1010.00 -0.4680 -0.5843 -0.5817 -0.5748 -0.5733 -0.3061
1020.00 -0.5205 -0.8054 -0.8029 -0.8022 -0.8017 -0.3373
1030.00 -0.4889 -0.8014 -0.7930 -0.7995 -0.7972 -0.2973
1040.00 -0.4814 -0.7821 -0.7845 -0.7914 -0.7869 -0.3109
1050.00 -0.5033 -0.8671 -0.8698 -0.8542 -0.8581 -0.3099
1060.00 -0.5064 -0.8379 -0.8355 -0.8269 -0.8370 -0.3243
1070.00 -0.4645 -0.8051 -0.8116 -0.8139 -0.8147 -0.2846
1080.00 -0.4880 -0.7550 -0.7586 -0.7637 -0.7554 -0.3127
1090.00 -0.4944 -0.7708 -0.7713 -0.7653 -0.7626 -0.3122
1100.00 -0.5166 -0.8010 -0.7913 -0.7968 -0.7946 -0.3315
1110.00 -0.5129 -0.8153 -0.8276 -0.8157 -0.8224 -0.3053
1120.00 -0.4798 -0.7398 -0.7307 -0.7314 -0.7378 -0.3019
1130.00 -0.4847 -0.6778 -0.6728 -0.6684 -0.6754 -0.3066
1140.00 -0.4213 -0.4962 -0.4970 -0.4916 -0.4904 -0.3004
1150.00 -0.4148 -0.4714 -0.4768 -0.4733 -0.4751 -0.3154
1160.00 -0.4081 -0.4689 -0.4632 -0.4694 -0.4702 -0.2971
1170.00 -0.4351 -0.4852 -0.4823 -0.4993 -0.4887 -0.3170
1180.00 -0.4325 -0.4802 -0.4620 -0.4827 -0.4808 -0.2967
1190.00 -0.4733 -0.4844 -0.5029 -0.4963 -0.4989 -0.3163
1200.00 -0.4580 -0.4704 -0.4649 -0.4780 -0.4690 -0.3071
1210.00 -0.4819 -0.4868 -0.4903 -0.4944 -0.4871 -0.3219
1220.00 -0.4565 -0.4727 -0.4648 -0.4719 -0.4600 -0.3105
1230.00 -0.4901 -0.4838 -0.4738 -0.5002 -0.4995 -0.3094
1240.00 -0.4562 -0.4471 -0.4610 -0.4614 -0.4643 -0.3103
1250.00 -0.4789 -0.4816 -0.4916 -0.4907 -0.4818 -0.3176
1260.00 -0.4803 -0.4671 -0.4674 -0.4737 -0.4755 -0.3190
1270.00 -0.4571 -0.4572 -0.4489 -0.4605 -0.4364 -0.2977
1280.00 -0.4874 -0.4876 -0.4854 -0.4815 -0.4979 -0.3243
1290.00 -0.4659 -0.4720 -0.4683 -0.4791 -0.4805 -0.3046
1300.00 -0.4535 -0.4590 -0.4617 -0.4640 -0.4540 -0.3073
1310.00 -0.4878 -0.4870 -0.4946 -0.4907 -0.4931 -0.3236
1320.00 -0.4813 -0.4891 -0.4825 -0.4892 -0.4829 -0.3192
1330.00 -0.4789 -0.4911 -0.4841 -0.4765 -0.4822 -0.3159
1340.00 -0.4806 -0.4680 -0.4719 -0.4746 -0.4805 -0.3061
1350.00 -0.4490 -0.4668 -0.4724 -0.4701 -0.4715 -0.3156
1360.00 -0.4713 -0.4842 -0.4803 -0.4748 -0.4899 -0.3109
1370.00 -0.4766 -0.4744 -0.4702 -0.4660 -0.4709 -0.3091
1380.00 -0.4684 -0.4851 -0.4809 -0.4693 -0.4826 -0.3086
1390.00 -0.4478 -0.4573 -0.4462 -0.4623 -0.4490 -0.2924
1400.00 -0.5160 -0.5014 -0.5119 -0.4955 -0.5145 -0.3302
1410.00 -0.4525 -0.4636 -0.4575 -0.4503 -0.4698 -0.3142
1420.00 -0.4665 -0.4856 -0.4719 -0.4752 -0.4783 -0.3160
1430.00 -0.4420 -0.4626 -0.4647 -0.4552 -0.4606 -0.3080
1440.00 -0.4776 -0.4961 -0.5017 -0.5096 -0.4968 -0.3060
1450.00 -0.4584 -0.4696 -0.4719 -0.4683 -0.4730 -0.3124
1460.00 -0.4639 -0.4724 -0.4784 -0.4716 -0.4738 -0.3118
1470.00 -0.4956 -0.4841 -0.4938 -0.4904 -0.4940 -0.3143
1480.00 -0.4631 -0.4550 -0.4640 -0.4580 -0.4663 -0.3020
1490.00 -0.4673 -0.4866 -0.4983 -0.4912 -0.4950 -0.3280
1500.00 -0.4662 -0.4791 -0.4731 -0.4732 -0.4646 -0.3094
1510.00 -0.4297 -0.4615 -0.4640 -0.4666 -0.4730 -0.3061
1520.00 -0.4884 -0.5143 -0.4938 -0.5085 -0.4969 -0.3146
1530.00 -0.4833 -0.5006 -0.4864 -0.4969 -0.4981 -0.3301
1540.00 -0.4493 -0.4662 -0.4655 -0.4773 -0.4691 -0.3067
1550.00 -0.4691 -0.4844 -0.4942 -0.4847 -0.4959 -0.3257
1560.00 -0.4592 -0.4687 -0.4699 -0.4731 -0.4710 -0.3132
1570.00 -0.4637 -0.4582 -0.4624 -0.4625 -0.4719 -0.3054
1580.00 -0.4594 -0.4865 -0.4699 -0.4651 -0.4744 -0.3013
1590.00 -0.4811 -0.4931 -0.5015 -0.4903 -0.4995 -0.3285
1600.00 -0.4726 -0.4924 -0.4811 -0.4793 -0.4885 -0.3086
1610.00 -0.4480 -0.4532 -0.4509 -0.4454 -0.4591 -0.2974
1620.00 -0.4665 -0.4835 -0.4703 -0.4781 -0.4794 -0.3265
1630.00 -0.4603 -0.4694 -0.4614 -0.4640 -0.4667 -0.3090
1640.00 -0.4511 -0.4577 -0.4632 -0.4624 -0.4562 -0.3021
1650.00 -0.4951 -0.5044 -0.5088 -0.5188 -0.5177 -0.3276
1660.00 -0.4592 -0.4780 -0.4652 -0.4772 -0.4718 -0.3114
1670.00 -0.4611 -0.4598 -0.4539 -0.4400 -0.4593 -0.3067
1680.00 -0.4901 -0.4916 -0.4933 -0.4848 -0.4778 -0.3172
1690.00 -0.4777 -0.4932 -0.4776 -0.4816 -0.4812 -0.3198
1700.00 -0.4764 -0.4857 -0.4737 -0.4696 -0.4693 -0.2992
1710.00 -0.4731 -0.4841 -0.4757 -0.4812 -0.4751 -0.3108
1720.00 -0.4780 -0.4743 -0.4783 -0.4831 -0.4770 -0.3046
1730.00 -0.4660 -0.4780 -0.4738 -0.4794 -0.4650 -0.3248
1740.00 -0.4359 -0.4445 -0.4438 -0.4585 -0.4468 -0.2952
1750.00 -0.4761 -0.4784 -0.4876 -0.4764 -0.4875 -0.3220
1760.00 -0.4639 -0.4741 -0.4921 -0.4975 -0.4819 -0.3001
1770.00 -0.4786 -0.4914 -0.4936 -0.4962 -0.4870 -0.3276
1780.00 -0.4690 -0.4838 -0.4775 -0.4843 -0.4823 -0.3140
1790.00 -0.4625 -0.4761 -0.4802 -0.4724 -0.4717 -0.3119
1800.00 -0.4555 -0.4588 -0.4715 -0.4717 -0.4660 -0.3112
1810.00 -0.4626 -0.4989 -0.5034 -0.5044 -0.5153 -0.3284
1820.00 -0.4268 -0.4632 -0.4683 -0.4530 -0.4656 -0.2882
1830.00 -0.4453 -0.4875 -0.5040 -0.4899 -0.4953 -0.3132
1840.00 -0.4184 -0.4555 -0.4513 -0.4559 -0.4440 -0.2984
1850.00 -0.4755 -0.4885 -0.4954 -0.4785 -0.4770 -0.2989
1860.00 -0.4764 -0.4977 -0.4990 -0.5074 -0.4942 -0.3245
1870.00 -0.4574 -0.4705 -0.4713 -0.4839 -0.4702 -0.3095
1880.00 -0.4581 -0.4742 -0.4671 -0.4596 -0.4587 -0.3054
1890.00 -0.4893 -0.4876 -0.4856 -0.4887 -0.4789 -0.3305
1900.00 -0.4622 -0.4601 -0.4734 -0.4771 -0.4733 -0.3117
1910.00 -0.4493 -0.4761 -0.4807 -0.4730 -0.4798 -0.3080
1920.00 -0.4707 -0.4877 -0.4883 -0.4932 -0.4929 -0.3123
1930.00 -0.4718 -0.4770 -0.4821 -0.4822 -0.4738 -0.3155
1940.00 -0.4573 -0.4709 -0.4731 -0.4739 -0.4745 -0.3069
1950.00 -0.4653 -0.4931 -0.4893 -0.4924 -0.4954 -0.3234
1960.00 -0.4206 -0.4604 -0.4577 -0.4531 -0.4551 -0.2822
1970.00 -0.4437 -0.5171 -0.5122 -0.5111 -0.5178 -0.3233
1980.00 -0.4229 -0.4782 -0.4817 -0.4722 -0.4827 -0.3062
1990.00 -0.4407 -0.4760 -0.4664 -0.4768 -0.4819 -0.3137
2000.00 -0.4269 -0.5027 -0.5024 -0.5100 -0.4913 -0.3179
2010.00 -0.4075 -0.5024 -0.5048 -0.5036 -0.5005 -0.3024
2020.00 -0.3761 -0.5711 -0.5636 -0.5640 -0.5680 -0.3123
2030.00 -0.3305 -0.9906 -0.9889 -0.9932 -0.9930 -0.3307
2040.00 -0.3435 -0.6795 -0.6744 -0.6846 -0.6721 -0.2966
2050.00 -0.3994 -0.5511 -0.5508 -0.5470 -0.5461 -0.3155
2060.00 -0.3899 -0.5091 -0.5032 -0.5078 -0.5045 -0.3055
2070.00 -0.4214 -0.5707 -0.5766 -0.5702 -0.5718 -0.3213
2080.00 -0.4134 -0.4668 -0.4681 -0.4667 -0.4708 -0.3167
2090.00 -0.4178 -0.5410 -0.5350 -0.5388 -0.5398 -0.3209
2100.00 -0.4123 -0.5055 -0.5051 -0.5091 -0.5081 -0.3159
2110.00 -0.4008 -0.4764 -0.4705 -0.4782 -0.4692 -0.2986
2120.00 -0.4206 -0.5009 -0.4977 -0.5064 -0.5012 -0.3119
2130.00 -0.4188 -0.4944 -0.5037 -0.4980 -0.4971 -0.3082
2140.00 -0.4179 -0.4642 -0.4650 -0.4633 -0.4571 -0.2989
2150.00 -0.4436 -0.4863 -0.4871 -0.4854 -0.4824 -0.3006
2160.00 -0.4957 -0.5193 -0.4957 -0.5074 -0.5016 -0.3320
2170.00 -0.4474 -0.4752 -0.4725 -0.4730 -0.4778 -0.3194
2180.00 -0.4498 -0.4661 -0.4631 -0.4677 -0.4650 -0.2971
2190.00 -0.4689 -0.5048 -0.5023 -0.4998 -0.4958 -0.3187
2200.00 -0.4494 -0.4677 -0.4703 -0.4691 -0.4714 -0.3054
2210.00 -0.4506 -0.4798 -0.4817 -0.4863 -0.4820 -0.3240
2220.00 -0.4657 -0.4746 -0.4859 -0.4852 -0.4870 -0.3091
2230.00 -0.4795 -0.4878 -0.4959 -0.5014 -0.4773 -0.3111
2240.00 -0.4750 -0.4729 -0.4711 -0.4784 -0.4670 -0.3126
2250.00 -0.4500 -0.4513 -0.4539 -0.4372 -0.4535 -0.2981
2260.00 -0.4669 -0.4849 -0.4858 -0.4785 -0.4841 -0.3132
2270.00 -0.4573 -0.4663 -0.4636 -0.4615 -0.4619 -0.3001
2280.00 -0.4785 -0.4995 -0.4953 -0.4984 -0.5054 -0.3241
2290.00 -0.4534 -0.4743 -0.4851 -0.4844 -0.4812 -0.3073
2300.00 -0.4588 -0.5186 -0.5103 -0.5115 -0.5020 -0.3283
2310.00 -0.4192 -0.4537 -0.4495 -0.4508 -0.4508 -0.2950
2320.00 -0.4629 -0.4752 -0.4829 -0.4678 -0.4764 -0.3166
2330.00 -0.4616 -0.4757 -0.4671 -0.4738 -0.4741 -0.3066
2340.00 -0.4908 -0.4989 -0.4995 -0.4908 -0.5089 -0.3267
2350.00 -0.4429 -0.4679 -0.4644 -0.4645 -0.4658 -0.3058
2360.00 -0.4753 -0.4969 -0.5013 -0.4883 -0.4955 -0.3232
2370.00 -0.4469 -0.4674 -0.4497 -0.4611 -0.4563 -0.3020
2380.00 -0.5070 -0.5065 -0.4960 -0.4958 -0.4962 -0.3339
2390.00 -0.4733 -0.4871 -0.4688 -0.4777 -0.4880 -0.3103
2400.00 -0.4352 -0.4571 -0.4543 -0.4667 -0.4585 -0.3006
2410.00 -0.4596 -0.4866 -0.4871 -0.4822 -0.4852 -0.3115
2420.00 -0.4561 -0.4860 -0.4843 -0.4906 -0.4871 -0.3220
2430.00 -0.4066 -0.4583 -0.4606 -0.4514 -0.4622 -0.2944
2440.00 -0.4570 -0.4911 -0.4885 -0.4950 -0.4879 -0.3201
2450.00 -0.4540 -0.4669 -0.4865 -0.4757 -0.4723 -0.3134
2460.00 -0.4322 -0.4796 -0.4815 -0.4806 -0.4866 -0.3121
2470.00 -0.4663 -0.4891 -0.4958 -0.4955 -0.4911 -0.3113
2480.00 -0.4566 -0.4652 -0.4784 -0.4769 -0.4627 -0.3094
2490.00 -0.4686 -0.4716 -0.4681 -0.4703 -0.4663 -0.3156
2500.00 -0.4726 -0.4806 -0.4753 -0.4722 -0.4729 -0.3067
2510.00 -0.4980 -0.4916 -0.4840 -0.4897 -0.4987 -0.3241
2520.00 -0.4847 -0.4845 -0.4863 -0.4867 -0.4916 -0.3209
2530.00 -0.4509 -0.4688 -0.4715 -0.4757 -0.4712 -0.3002
2540.00 -0.4585 -0.4704 -0.4834 -0.4776 -0.4671 -0.3009
2550.00 -0.4692 -0.4718 -0.4719 -0.4781 -0.4661 -0.3058
2560.00 -0.4826 -0.4911 -0.4979 -0.4892 -0.4840 -0.3286
2570.00 -0.4571 -0.4516 -0.4521 -0.4627 -0.4524 -0.2989
2580.00 -0.5121 -0.5163 -0.4980 -0.5094 -0.5249 -0.3339
2590.00 -0.4513 -0.4546 -0.4615 -0.4439 -0.4489 -0.3031
2600.00 -0.4968 -0.4982 -0.5000 -0.5002 -0.4943 -0.3190
2610.00 -0.4499 -0.4719 -0.4650 -0.4653 -0.4651 -0.3059
2620.00 -0.4890 -0.4893 -0.4936 -0.4904 -0.4792 -0.3098
2630.00 -0.4704 -0.4850 -0.4623 -0.4753 -0.4784 -0.3066
2640.00 -0.5086 -0.5101 -0.4961 -0.5067 -0.4990 -0.3360
2650.00 -0.4544 -0.4669 -0.4721 -0.4631 -0.4702 -0.3080
2660.00 -0.4615 -0.4850 -0.4763 -0.4776 -0.4799 -0.3077
2670.00 -0.4544 -0.4619 -0.4677 -0.4621 -0.4721 -0.3045
2680.00 -0.4543 -0.4725 -0.4665 -0.4767 -0.4745 -0.2953
2690.00 -0.4913 -0.4821 -0.4685 -0.4862 -0.4810 -0.3261
2700.00 -0.4707 -0.5008 -0.4917 -0.5022 -0.4877 -0.3224
2710.00 -0.4518 -0.4730 -0.4685 -0.4718 -0.4613 -0.2984
2720.00 -0.4732 -0.4825 -0.4896 -0.4936 -0.4825 -0.3143
2730.00 -0.4377 -0.4514 -0.4504 -0.4574 -0.4584 -0.3108
2740.00 -0.4729 -0.4670 -0.4669 -0.4684 -0.4736 -0.3013
2750.00 -0.4709 -0.4828 -0.4738 -0.4913 -0.4809 -0.3134
2760.00 -0.4761 -0.4843 -0.4743 -0.4860 -0.4809 -0.3155
2770.00 -0.4741 -0.4747 -0.4749 -0.4756 -0.4670 -0.3049
2780.00 -0.4829 -0.4723 -0.4890 -0.4880 -0.4928 -0.3249
2790.00 -0.4435 -0.4583 -0.4528 -0.4492 -0.4521 -0.2872
2800.00 -0.4804 -0.4788 -0.4697 -0.4767 -0.4655 -0.3156
2810.00 -0.4884 -0.4955 -0.4969 -0.5000 -0.5039 -0.3286
2820.00 -0.4522 -0.4655 -0.4641 -0.4696 -0.4653 -0.3115
2830.00 -0.4599 -0.4656 -0.4547 -0.4583 -0.4653 -0.2948
2840.00 -0.4868 -0.4774 -0.4715 -0.4783 -0.4812 -0.3048
2850.00 -0.4799 -0.4775 -0.4650 -0.4795 -0.4713 -0.3134
2860.00 -0.4563 -0.4546 -0.4727 -0.4681 -0.4628 -0.3130
2870.00 -0.4830 -0.4774 -0.4859 -0.4825 -0.4770 -0.3177
2880.00 -0.4736 -0.4812 -0.4762 -0.4832 -0.4864 -0.3136
2890.00 -0.4647 -0.4820 -0.4817 -0.4779 -0.4791 -0.3194
2900.00 -0.4528 -0.4711 -0.4646 -0.4845 -0.4789 -0.3089
2910.00 -0.4689 -0.4674 -0.4653 -0.4685 -0.4625 -0.3018
2920.00 -0.4816 -0.4937 -0.4842 -0.4872 -0.4857 -0.3189
2930.00 -0.4631 -0.4579 -0.4861 -0.4734 -0.4745 -0.3059
2940.00 -0.4598 -0.4639 -0.4623 -0.4571 -0.4536 -0.2959
2950.00 -0.4726 -0.4929 -0.4876 -0.4916 -0.4871 -0.3234
2960.00 -0.4845 -0.4866 -0.4992 -0.4825 -0.4799 -0.3119
2970.00 -0.4877 -0.4970 -0.5009 -0.4981 -0.4894 -0.3368
2980.00 -0.4405 -0.4402 -0.4444 -0.4521 -0.4427 -0.2841
2990.00 -0.4811 -0.4878 -0.4885 -0.5008 -0.4944 -0.3158
3000.00 -0.4725 -0.4695 -0.4652 -0.4666 -0.4654 -0.3190
3010.00 -0.4489 -0.4679 -0.4636 -0.4601 -0.4499 -0.2870
3020.00 -0.4744 -0.4838 -0.4725 -0.4718 -0.4729 -0.3171
3030.00 -0.4853 -0.4754 -0.4735 -0.4830 -0.4894 -0.3249
3040.00 -0.4843 -0.4838 -0.4720 -0.4772 -0.4847 -0.3207
3050.00 -0.4752 -0.4711 -0.4624 -0.4857 -0.4705 -0.3155
3060.00 -0.4861 -0.4856 -0.4896 -0.4876 -0.4896 -0.3028
3070.00 -0.4624 -0.4748 -0.4820 -0.4851 -0.4763 -0.3320
3080.00 -0.4674 -0.4581 -0.4608 -0.4574 -0.4473 -0.2926
3090.00 -0.5063 -0.4818 -0.5041 -0.5011 -0.4872 -0.3236
3100.00 -0.4590 -0.4552 -0.4552 -0.4565 -0.4524 -0.2943
3110.00 -0.4633 -0.4669 -0.4630 -0.4741 -0.4742 -0.3135
3120.00 -0.4967 -0.4768 -0.4970 -0.4967 -0.4846 -0.3173
3130.00 -0.4728 -0.4632 -0.4774 -0.4593 -0.4758 -0.3037
3140.00 -0.4793 -0.4846 -0.4867 -0.4845 -0.4865 -0.3246
3150.00 -0.4656 -0.4625 -0.4708 -0.4722 -0.4690 -0.3099
3160.00 -0.4704 -0.4739 -0.4723 -0.4697 -0.4592 -0.3146
3170.00 -0.4948 -0.4825 -0.4926 -0.4885 -0.4763 -0.3135
3180.00 -0.4605 -0.4768 -0.4794 -0.4704 -0.4726 -0.3101
3190.00 -0.4675 -0.4645 -0.4722 -0.4711 -0.4665 -0.3034
3200.00 -0.4940 -0.4921 -0.4967 -0.4904 -0.4906 -0.3301
3210.00 -0.4418 -0.4535 -0.4561 -0.4537 -0.4464 -0.2953
3220.00 -0.4716 -0.4847 -0.4779 -0.4677 -0.4774 -0.3099
3230.00 -0.4965 -0.5038 -0.5046 -0.5020 -0.4895 -0.3159
3240.00 -0.4708 -0.4852 -0.4758 -0.4747 -0.4718 -0.3196
3250.00 -0.4487 -0.4569 -0.4613 -0.4556 -0.4582 -0.3036
3260.00 -0.4725 -0.4866 -0.4930 -0.4997 -0.4999 -0.3236
3270.00 -0.4817 -0.4974 -0.4999 -0.5027 -0.4994 -0.3155
3280.00 -0.4295 -0.4484 -0.4362 -0.4415 -0.4376 -0.3053
3290.00 -0.5011 -0.5234 -0.5211 -0.5264 -0.5155 -0.3401
3300.00 -0.4400 -0.4473 -0.4456 -0.4389 -0.4421 -0.2935
3310.00 -0.4962 -0.5018 -0.5063 -0.5052 -0.5001 -0.3296
3320.00 -0.4497 -0.4571 -0.4552 -0.4497 -0.4550 -0.3053
3330.00 -0.4861 -0.5011 -0.4969 -0.4908 -0.4932 -0.3181
3340.00 -0.4741 -0.4881 -0.4820 -0.4828 -0.4875 -0.3107
3350.00 -0.4662 -0.4599 -0.4726 -0.4534 -0.4648 -0.3078
3360.00 -0.4757 -0.4873 -0.4718 -0.4706 -0.4796 -0.3021
3370.00 -0.4735 -0.4823 -0.4815 -0.4810 -0.4766 -0.3228
3380.00 -0.4448 -0.4659 -0.4692 -0.4599 -0.4736 -0.3043
3390.00 -0.4732 -0.4872 -0.4937 -0.4957 -0.4907 -0.3228
3400.00 -0.4525 -0.4858 -0.4791 -0.4883 -0.4918 -0.3044
3410.00 -0.4500 -0.4673 -0.4620 -0.4718 -0.4704 -0.3101
3420.00 -0.4739 -0.4841 -0.4879 -0.4870 -0.4816 -0.3124
3430.00 -0.4876 -0.4948 -0.4820 -0.4893 -0.4960 -0.3247
3440.00 -0.4527 -0.4666 -0.4503 -0.4510 -0.4549 -0.2996
3450.00 -0.4766 -0.4853 -0.4916 -0.4890 -0.4779 -0.3214
3460.00 -0.4544 -0.4603 -0.4718 -0.4611 -0.4705 -0.3106
3470.00 -0.4849 -0.4914 -0.4992 -0.4971 -0.4925 -0.3265
3480.00 -0.4797 -0.4822 -0.4885 -0.4783 -0.4925 -0.3097
3490.00 -0.4426 -0.4596 -0.4528 -0.4524 -0.4577 -0.2931
3500.00 -0.4771 -0.4890 -0.4929 -0.4881 -0.4914 -0.3224
3510.00 -0.4726 -0.4838 -0.4719 -0.4805 -0.4750 -0.3247
3520.00 -0.4625 -0.4627 -0.4680 -0.4662 -0.4714 -0.2990
3530.00 -0.4793 -0.4875 -0.4756 -0.4831 -0.4843 -0.3129
3540.00 -0.4640 -0.4871 -0.4887 -0.4732 -0.4787 -0.3101
3550.00 -0.4782 -0.4869 -0.4771 -0.4740 -0.4751 -0.3249
3560.00 -0.4601 -0.4659 -0.4572 -0.4611 -0.4648 -0.3044
3570.00 -0.4923 -0.5005 -0.4913 -0.4850 -0.4953 -0.3126
3580.00 -0.4707 -0.4870 -0.4684 -0.4861 -0.4708 -0.3085
3590.00 -0.4588 -0.4782 -0.4602 -0.4813 -0.4668 -0.2986
3600.00 -0.4762 -0.4829 -0.4735 -0.4720 -0.4815 -0.3259
3610.00 -0.4760 -0.4788 -0.4678 -0.4759 -0.4764 -0.3037
3620.00 -0.4766 -0.4712 -0.4708 -0.4674 -0.4695 -0.3101
3630.00 -0.4862 -0.4993 -0.4925 -0.4879 -0.4961 -0.3255
3640.00 -0.4617 -0.4627 -0.4708 -0.4576 -0.4702 -0.3023
3650.00 -0.4836 -0.4883 -0.4967 -0.4845 -0.4996 -0.3178
3660.00 -0.4763 -0.4774 -0.4825 -0.4825 -0.4735 -0.3259
3670.00 -0.4532 -0.4677 -0.4654 -0.4607 -0.4558 -0.3095
3680.00 -0.4409 -0.4496 -0.4354 -0.4452 -0.4267 -0.2924
3690.00 -0.5062 -0.5057 -0.5046 -0.5065 -0.4927 -0.3294
3700.00 -0.4764 -0.4832 -0.4671 -0.4673 -0.4766 -0.3047
3710.00 -0.4954 -0.4920 -0.4938 -0.4783 -0.4802 -0.3118
3720.00 -0.4783 -0.4746 -0.4762 -0.4659 -0.4775 -0.3154
3730.00 -0.4687 -0.4727 -0.4787 -0.4731 -0.4741 -0.3137
3740.00 -0.4727 -0.4854 -0.4776 -0.4596 -0.4661 -0.3017
3750.00 -0.4876 -0.4850 -0.4983 -0.4814 -0.4813 -0.3184
3760.00 -0.4720 -0.4724 -0.4739 -0.4655 -0.4720 -0.3125
3770.00 -0.5033 -0.5083 -0.5003 -0.5000 -0.5099 -0.3234
3780.00 -0.4416 -0.4628 -0.4627 -0.4585 -0.4607 -0.2983
3790.00 -0.4853 -0.4848 -0.4783 -0.4906 -0.4831 -0.3250
3800.00 -0.4543 -0.4584 -0.4654 -0.4536 -0.4563 -0.3026
3810.00 -0.4632 -0.4643 -0.4773 -0.4715 -0.4633 -0.3212
3820.00 -0.4836 -0.4776 -0.4939 -0.4950 -0.4863 -0.3143
3830.00 -0.4490 -0.4645 -0.4522 -0.4609 -0.4701 -0.3061
3840.00 -0.4624 -0.4872 -0.4856 -0.4802 -0.4861 -0.3149
3850.00 -0.4841 -0.4712 -0.4569 -0.4782 -0.4720 -0.3153
3860.00 -0.4858 -0.4843 -0.4763 -0.4901 -0.4890 -0.3117
3870.00 -0.4683 -0.4601 -0.4445 -0.4677 -0.4590 -0.3068
3880.00 -0.4872 -0.4846 -0.4755 -0.4729 -0.4722 -0.3183
3890.00 -0.4788 -0.4837 -0.4861 -0.4687 -0.4807 -0.3272
3900.00 -0.4617 -0.4788 -0.4718 -0.4842 -0.4689 -0.3055
3910.00 -0.4609 -0.4636 -0.4717 -0.4588 -0.4698 -0.2919
3920.00 -0.4800 -0.4755 -0.4725 -0.4767 -0.4809 -0.3220
3930.00 -0.4661 -0.4780 -0.4762 -0.4785 -0.4778 -0.3169
3940.00 -0.4830 -0.4919 -0.4764 -0.4999 -0.4860 -0.3256
3950.00 -0.4765 -0.4834 -0.4839 -0.4753 -0.4772 -0.3116
3960.00 -0.4576 -0.4591 -0.4663 -0.4679 -0.4616 -0.3201
3970.00 -0.4909 -0.4905 -0.4872 -0.4924 -0.4772 -0.3152
3980.00 -0.4749 -0.4747 -0.4665 -0.4702 -0.4738 -0.3126
3990.00 -0.4824 -0.4836 -0.4931 -0.4713 -0.4795 -0.3126
4000.00 -0.4678 -0.4600 -0.4733 -0.4671 -0.4731 -0.3155
4010.00 -0.4530 -0.4463 -0.4651 -0.4627 -0.4693 -0.2994
4020.00 -0.4802 -0.5019 -0.4933 -0.4941 -0.4935 -0.3150
4030.00 -0.4783 -0.4954 -0.4864 -0.4841 -0.4803 -0.3204
4040.00 -0.4784 -0.4802 -0.4715 -0.4667 -0.4868 -0.3136
4050.00 -0.4551 -0.4602 -0.4588 -0.4547 -0.4574 -0.2942
4060.00 -0.4828 -0.4709 -0.4812 -0.4710 -0.4876 -0.3190
4070.00 -0.4723 -0.4848 -0.4864 -0.4910 -0.4781 -0.3180
4080.00 -0.4594 -0.4698 -0.4840 -0.4805 -0.4856 -0.3142
4090.00 -0.4844 -0.4845 -0.4871 -0.4850 -0.4834 -0.3239
