10.00 -0.4879 -0.4793 -0.4710 -0.4683 -0.4651 -0.3150
20.00 -0.4702 -0.4659 -0.4666 -0.4595 -0.4680 -0.3121
30.00 -0.4687 -0.4781 -0.4785 -0.4955 -0.4951 -0.3115
40.00 -0.5260 -0.5040 -0.5192 -0.5199 -0.5062 -0.3479
50.00 -0.4221 -0.4296 -0.4390 -0.4438 -0.4320 -0.2703
60.00 -0.5033 -0.4746 -0.4809 -0.4951 -0.4918 -0.3134
70.00 -0.4904 -0.4890 -0.4827 -0.4945 -0.4761 -0.3368
80.00 -0.4818 -0.4997 -0.4489 -0.4819 -0.4804 -0.3106
90.00 -0.4439 -0.4514 -0.4321 -0.4499 -0.4431 -0.2911
100.00 -0.4935 -0.4737 -0.4798 -0.4915 -0.4940 -0.3176
110.00 -0.4664 -0.4610 -0.4585 -0.4745 -0.4728 -0.3035
120.00 -0.4992 -0.4847 -0.4894 -0.4904 -0.4786 -0.3211
130.00 -0.4719 -0.4686 -0.4810 -0.4813 -0.4824 -0.3153
140.00 -0.4701 -0.4706 -0.4841 -0.4738 -0.4732 -0.3097
150.00 -0.4511 -0.4736 -0.4592 -0.4612 -0.4696 -0.3098
160.00 -0.4906 -0.4992 -0.4953 -0.4888 -0.4865 -0.3174
170.00 -0.4574 -0.4523 -0.4487 -0.4564 -0.4528 -0.3046
180.00 -0.4910 -0.4895 -0.4801 -0.5031 -0.4839 -0.3008
190.00 -0.4775 -0.4840 -0.4907 -0.4837 -0.4846 -0.3221
200.00 -0.4747 -0.4733 -0.4840 -0.4782 -0.4778 -0.3136
210.00 -0.4854 -0.4733 -0.4856 -0.4724 -0.4793 -0.3209
220.00 -0.4747 -0.4880 -0.4919 -0.4817 -0.4576 -0.3107
230.00 -0.4829 -0.4799 -0.4708 -0.4653 -0.4809 -0.3201
240.00 -0.4702 -0.4676 -0.4768 -0.4698 -0.4708 -0.3124
250.00 -0.5042 -0.4848 -0.5009 -0.4876 -0.5095 -0.3112
260.00 -0.4409 -0.4364 -0.4522 -0.4375 -0.4511 -0.2975
270.00 -0.4891 -0.5043 -0.5079 -0.4905 -0.5058 -0.3352
280.00 -0.4847 -0.4918 -0.4799 -0.4785 -0.4833 -0.3136
290.00 -0.4757 -0.4769 -0.4800 -0.4619 -0.4598 -0.3124
300.00 -0.4849 -0.4840 -0.4801 -0.4462 -0.4833 -0.3144
310.00 -0.4733 -0.4792 -0.4903 -0.4598 -0.4817 -0.3111
320.00 -0.4562 -0.4564 -0.4547 -0.4423 -0.4594 -0.3010
330.00 -0.4881 -0.4809 -0.4776 -0.4754 -0.4930 -0.3158
340.00 -0.4987 -0.4992 -0.4870 -0.4951 -0.4944 -0.3310
350.00 -0.4614 -0.4543 -0.4658 -0.4267 -0.4559 -0.2823
360.00 -0.4840 -0.4694 -0.4848 -0.4551 -0.4828 -0.2961
370.00 -0.5181 -0.5026 -0.5057 -0.4970 -0.5094 -0.3208
380.00 -0.4685 -0.4723 -0.4576 -0.4754 -0.4550 -0.3024
390.00 -0.4731 -0.4728 -0.4691 -0.4677 -0.4840 -0.3187
400.00 -0.4869 -0.4827 -0.4903 -0.4963 -0.4932 -0.3231
410.00 -0.4605 -0.4609 -0.4735 -0.4664 -0.4674 -0.3117
420.00 -0.4671 -0.4666 -0.4731 -0.4673 -0.4722 -0.3105
430.00 -0.4907 -0.4831 -0.4852 -0.4920 -0.4882 -0.3157
440.00 -0.4878 -0.4847 -0.4811 -0.4844 -0.4766 -0.3246
450.00 -0.4761 -0.4450 -0.4602 -0.4662 -0.4588 -0.2925
460.00 -0.4956 -0.4806 -0.4916 -0.4785 -0.4794 -0.3280
470.00 -0.4685 -0.4630 -0.4715 -0.4679 -0.4609 -0.3094
480.00 -0.4843 -0.4910 -0.4956 -0.5055 -0.4908 -0.3197
490.00 -0.4603 -0.4706 -0.4648 -0.4733 -0.4737 -0.3016
500.00 -0.4603 -0.4659 -0.4565 -0.4581 -0.4581 -0.3137
510.00 -0.5048 -0.5017 -0.4991 -0.5036 -0.4968 -0.3257
520.00 -0.4524 -0.4464 -0.4472 -0.4617 -0.4624 -0.2916
530.00 -0.4678 -0.4763 -0.4736 -0.4906 -0.4765 -0.3174
540.00 -0.4887 -0.4969 -0.5049 -0.5033 -0.4911 -0.3209
550.00 -0.4625 -0.4795 -0.4720 -0.4775 -0.4863 -0.3175
560.00 -0.4577 -0.4595 -0.4395 -0.4514 -0.4402 -0.2944
570.00 -0.4702 -0.4870 -0.4906 -0.4760 -0.5003 -0.3150
580.00 -0.4679 -0.4807 -0.4628 -0.4716 -0.4705 -0.3225
590.00 -0.4905 -0.4917 -0.4796 -0.4883 -0.4939 -0.3195
600.00 -0.4892 -0.4773 -0.4879 -0.4788 -0.4870 -0.3042
610.00 -0.4826 -0.4789 -0.4888 -0.4809 -0.4816 -0.3278
620.00 -0.4803 -0.4815 -0.4582 -0.4832 -0.4769 -0.3191
630.00 -0.4796 -0.4823 -0.4745 -0.4892 -0.4856 -0.3077
640.00 -0.4862 -0.4939 -0.4663 -0.4851 -0.5032 -0.3270
650.00 -0.4459 -0.4639 -0.4527 -0.4663 -0.4625 -0.3059
660.00 -0.4936 -0.4860 -0.4841 -0.4931 -0.4893 -0.3191
670.00 -0.4552 -0.4417 -0.4540 -0.4628 -0.4644 -0.3039
680.00 -0.4877 -0.4624 -0.4730 -0.4744 -0.4930 -0.3165
690.00 -0.4823 -0.4867 -0.4756 -0.4733 -0.4990 -0.3074
700.00 -0.5034 -0.4861 -0.4738 -0.4845 -0.4826 -0.3292
710.00 -0.4926 -0.4798 -0.4785 -0.4951 -0.4890 -0.3158
720.00 -0.4572 -0.4659 -0.4579 -0.4648 -0.4710 -0.3113
730.00 -0.4998 -0.4712 -0.4897 -0.4928 -0.4807 -0.3157
740.00 -0.4858 -0.4947 -0.4720 -0.4898 -0.4824 -0.3162
750.00 -0.4839 -0.4806 -0.4815 -0.4999 -0.4977 -0.3176
760.00 -0.4850 -0.4867 -0.5007 -0.4967 -0.4860 -0.3222
770.00 -0.4606 -0.4467 -0.4412 -0.4397 -0.4486 -0.2929
780.00 -0.4816 -0.4744 -0.4759 -0.4825 -0.4838 -0.3177
790.00 -0.4910 -0.4985 -0.4797 -0.4903 -0.4923 -0.3227
800.00 -0.4761 -0.4670 -0.4662 -0.4412 -0.4734 -0.3062
810.00 -0.4730 -0.4843 -0.4930 -0.4794 -0.4939 -0.3102
820.00 -0.4674 -0.4822 -0.4680 -0.4683 -0.4837 -0.3064
830.00 -0.4940 -0.4837 -0.4745 -0.4927 -0.5013 -0.3286
840.00 -0.4601 -0.4521 -0.4562 -0.4472 -0.4539 -0.3018
850.00 -0.4910 -0.4980 -0.4965 -0.5054 -0.4929 -0.3258
860.00 -0.4972 -0.4680 -0.4882 -0.4685 -0.4886 -0.3090
870.00 -0.4639 -0.4491 -0.4630 -0.4569 -0.4640 -0.2907
880.00 -0.5125 -0.4882 -0.5011 -0.5031 -0.5124 -0.3274
890.00 -0.4724 -0.4569 -0.4823 -0.4633 -0.4749 -0.3108
900.00 -0.5030 -0.4976 -0.5103 -0.5150 -0.4970 -0.3350
910.00 -0.4236 -0.4413 -0.4479 -0.4486 -0.4465 -0.2860
920.00 -0.4848 -0.5007 -0.4894 -0.4903 -0.4908 -0.3178
930.00 -0.4688 -0.4713 -0.4712 -0.4661 -0.4617 -0.3074
940.00 -0.4920 -0.5031 -0.5037 -0.5046 -0.4940 -0.3127
950.00 -0.4663 -0.4692 -0.4767 -0.4644 -0.4695 -0.3161
960.00 -0.4777 -0.4680 -0.4663 -0.4725 -0.4667 -0.3107
970.00 -0.4706 -0.5029 -0.4902 -0.4741 -0.4867 -0.3017
980.00 -0.4843 -0.4870 -0.4807 -0.4761 -0.4849 -0.3202
990.00 -0.4620 -0.4739 -0.4704 -0.4744 -0.4717 -0.3045
1000.00 -0.4877 -0.4934 -0.4945 -0.4762 -0.4935 -0.3169
1010.00 -0.4570 -0.6249 -0.6012 -0.6187 -0.6215 -0.3161
1020.00 -0.4485 -1.0402 -1.0366 -1.0461 -1.0372 -0.3376
1030.00 -0.3887 -0.5336 -0.5391 -0.5343 -0.5323 -0.2950
1040.00 -0.4012 -0.5385 -0.5483 -0.5370 -0.5464 -0.3179
1050.00 -0.3836 -0.5884 -0.5773 -0.5845 -0.5776 -0.2898
1060.00 -0.4007 -0.5672 -0.5622 -0.5723 -0.5667 -0.3103
1070.00 -0.4142 -0.5374 -0.5383 -0.5335 -0.5372 -0.3185
1080.00 -0.4284 -0.5016 -0.5010 -0.4973 -0.5080 -0.3337
1090.00 -0.4043 -0.4474 -0.4583 -0.4530 -0.4511 -0.2917
1100.00 -0.4480 -0.5494 -0.5554 -0.5534 -0.5475 -0.3421
1110.00 -0.3896 -0.5095 -0.5112 -0.5129 -0.5093 -0.2957
1120.00 -0.4038 -0.4966 -0.4977 -0.4966 -0.5009 -0.3055
1130.00 -0.4171 -0.5118 -0.5127 -0.5145 -0.5103 -0.3087
1140.00 -0.4320 -0.5457 -0.5567 -0.5458 -0.5481 -0.3272
1150.00 -0.3955 -0.5776 -0.5736 -0.5764 -0.5794 -0.3141
1160.00 -0.4037 -0.5949 -0.5928 -0.5878 -0.5922 -0.3221
1170.00 -0.3774 -0.5658 -0.5632 -0.5609 -0.5587 -0.3006
1180.00 -0.3801 -0.4637 -0.4676 -0.4687 -0.4617 -0.2981
1190.00 -0.4337 -0.6409 -0.6301 -0.6304 -0.6227 -0.3429
1200.00 -0.3782 -0.4762 -0.4792 -0.4795 -0.4822 -0.2952
1210.00 -0.4052 -0.5602 -0.5517 -0.5518 -0.5636 -0.3201
1220.00 -0.4215 -0.5441 -0.5363 -0.5384 -0.5381 -0.3207
1230.00 -0.3949 -0.5206 -0.5302 -0.5108 -0.5186 -0.3073
1240.00 -0.4012 -0.5091 -0.5176 -0.5085 -0.5144 -0.3070
1250.00 -0.4260 -0.5769 -0.5736 -0.5730 -0.5758 -0.3371
1260.00 -0.3517 -0.6259 -0.6295 -0.6330 -0.6220 -0.2888
1270.00 -0.4129 -0.6072 -0.6124 -0.6148 -0.6214 -0.3297
1280.00 -0.3936 -0.5323 -0.5445 -0.5372 -0.5457 -0.3188
1290.00 -0.3869 -0.7029 -0.7064 -0.7116 -0.7072 -0.3212
1300.00 -0.3665 -0.6707 -0.6611 -0.6703 -0.6672 -0.3023
1310.00 -0.3887 -0.5843 -0.5848 -0.5868 -0.5805 -0.3151
1320.00 -0.4129 -0.5477 -0.5477 -0.5516 -0.5569 -0.3209
1330.00 -0.3945 -0.5747 -0.5738 -0.5695 -0.5737 -0.3198
1340.00 -0.4022 -0.6187 -0.6140 -0.6083 -0.6169 -0.3168
1350.00 -0.3832 -0.5612 -0.5613 -0.5644 -0.5614 -0.3097
1360.00 -0.3963 -0.5422 -0.5388 -0.5453 -0.5424 -0.3119
1370.00 -0.3936 -0.5453 -0.5372 -0.5449 -0.5397 -0.3100
1380.00 -0.4091 -0.5051 -0.5064 -0.5045 -0.5074 -0.3166
1390.00 -0.4057 -0.5631 -0.5658 -0.5637 -0.5675 -0.3162
1400.00 -0.3883 -0.5877 -0.5859 -0.5868 -0.5792 -0.3171
1410.00 -0.3659 -0.7491 -0.7529 -0.7470 -0.7563 -0.3091
1420.00 -0.3928 -0.5186 -0.5143 -0.5188 -0.5191 -0.3067
1430.00 -0.3959 -0.6352 -0.6259 -0.6241 -0.6243 -0.3215
1440.00 -0.4040 -0.5756 -0.5708 -0.5726 -0.5731 -0.3177
1450.00 -0.3719 -0.4886 -0.4928 -0.4930 -0.4990 -0.2884
1460.00 -0.4080 -0.6008 -0.6035 -0.5997 -0.6134 -0.3313
1470.00 -0.3884 -0.5800 -0.5732 -0.5807 -0.5689 -0.3141
1480.00 -0.3853 -0.5713 -0.5806 -0.5686 -0.5652 -0.3069
1490.00 -0.4313 -0.6433 -0.6484 -0.6437 -0.6494 -0.3337
1500.00 -0.3613 -0.5087 -0.5108 -0.5097 -0.5095 -0.2871
1510.00 -0.4122 -0.5757 -0.5751 -0.5598 -0.5703 -0.3213
1520.00 -0.4168 -0.5651 -0.5656 -0.5673 -0.5658 -0.3288
1530.00 -0.3957 -0.5590 -0.5654 -0.5608 -0.5559 -0.3152
1540.00 -0.3854 -0.5782 -0.5727 -0.5815 -0.5744 -0.2991
1550.00 -0.3979 -0.5925 -0.5983 -0.5910 -0.5909 -0.3255
1560.00 -0.3811 -0.6656 -0.6660 -0.6650 -0.6710 -0.3142
1570.00 -0.4005 -0.5873 -0.5822 -0.5830 -0.5710 -0.3201
1580.00 -0.4076 -0.5488 -0.5400 -0.5399 -0.5411 -0.3135
1590.00 -0.4109 -0.5205 -0.5298 -0.5253 -0.5322 -0.3206
1600.00 -0.3849 -0.5724 -0.5681 -0.5696 -0.5715 -0.3131
1610.00 -0.3758 -0.6711 -0.6711 -0.6670 -0.6694 -0.3086
1620.00 -0.4219 -0.6450 -0.6488 -0.6433 -0.6445 -0.3350
1630.00 -0.3888 -0.5420 -0.5463 -0.5448 -0.5537 -0.3092
1640.00 -0.3865 -0.6376 -0.6336 -0.6302 -0.6309 -0.3103
1650.00 -0.3740 -0.6805 -0.6838 -0.6883 -0.6881 -0.3021
1660.00 -0.3919 -0.5514 -0.5449 -0.5472 -0.5552 -0.3089
1670.00 -0.4134 -0.5420 -0.5474 -0.5500 -0.5488 -0.3296
1680.00 -0.4030 -0.5993 -0.5998 -0.5902 -0.5987 -0.3210
1690.00 -0.3711 -0.5328 -0.5255 -0.5361 -0.5312 -0.2931
1700.00 -0.4055 -0.5879 -0.5741 -0.5785 -0.5736 -0.3086
1710.00 -0.3854 -0.5884 -0.5913 -0.5887 -0.5883 -0.3102
1720.00 -0.4078 -0.5830 -0.5813 -0.5806 -0.5842 -0.3232
1730.00 -0.3721 -0.6409 -0.6434 -0.6411 -0.6474 -0.3196
1740.00 -0.3916 -0.5734 -0.5693 -0.5796 -0.5742 -0.3176
1750.00 -0.4071 -0.7182 -0.7153 -0.7186 -0.7141 -0.3295
1760.00 -0.3768 -0.5352 -0.5427 -0.5289 -0.5374 -0.2985
1770.00 -0.4044 -0.5606 -0.5677 -0.5641 -0.5633 -0.3120
1780.00 -0.3891 -0.4956 -0.5005 -0.4974 -0.4962 -0.3064
1790.00 -0.4105 -0.5643 -0.5666 -0.5711 -0.5753 -0.3241
1800.00 -0.3944 -0.6402 -0.6470 -0.6396 -0.6326 -0.3211
1810.00 -0.3739 -0.5502 -0.5432 -0.5446 -0.5433 -0.2892
1820.00 -0.4033 -0.7124 -0.7227 -0.7168 -0.7138 -0.3315
1830.00 -0.4179 -0.5616 -0.5508 -0.5522 -0.5559 -0.3244
1840.00 -0.3797 -0.4950 -0.4968 -0.5059 -0.4959 -0.3082
1850.00 -0.3998 -0.5747 -0.5732 -0.5755 -0.5724 -0.3101
1860.00 -0.4092 -0.5790 -0.5815 -0.5798 -0.5796 -0.3343
1870.00 -0.3632 -0.7090 -0.7148 -0.7117 -0.7066 -0.3064
1880.00 -0.3720 -0.7472 -0.7453 -0.7358 -0.7445 -0.3123
1890.00 -0.4095 -0.6003 -0.6000 -0.6032 -0.6085 -0.3165
1900.00 -0.3844 -0.6778 -0.6796 -0.6783 -0.6699 -0.3214
1910.00 -0.3839 -0.4499 -0.4533 -0.4506 -0.4519 -0.2937
1920.00 -0.4026 -0.6653 -0.6617 -0.6609 -0.6558 -0.3198
1930.00 -0.4093 -0.6323 -0.6381 -0.6352 -0.6308 -0.3280
1940.00 -0.3803 -0.5623 -0.5714 -0.5727 -0.5647 -0.2970
1950.00 -0.4043 -0.5607 -0.5573 -0.5598 -0.5625 -0.3164
1960.00 -0.4062 -0.5127 -0.5120 -0.5075 -0.5172 -0.3108
1970.00 -0.3905 -0.5803 -0.5786 -0.5739 -0.5795 -0.3096
1980.00 -0.4184 -0.5701 -0.5711 -0.5701 -0.5669 -0.3304
1990.00 -0.3766 -0.5882 -0.5853 -0.5929 -0.5882 -0.3061
2000.00 -0.4062 -0.5559 -0.5565 -0.5673 -0.5650 -0.3301
2010.00 -0.3686 -0.6354 -0.6360 -0.6382 -0.6349 -0.2964
2020.00 -0.3748 -0.6333 -0.6411 -0.6362 -0.6413 -0.3135
2030.00 -0.3708 -0.6185 -0.6257 -0.6196 -0.6112 -0.2942
2040.00 -0.4122 -0.5364 -0.5273 -0.5332 -0.5311 -0.3160
2050.00 -0.4041 -0.5346 -0.5393 -0.5339 -0.5307 -0.3121
2060.00 -0.4174 -0.5916 -0.5912 -0.5946 -0.5970 -0.3220
2070.00 -0.3976 -0.4969 -0.4898 -0.4981 -0.4929 -0.3114
2080.00 -0.4511 -0.5635 -0.5598 -0.5593 -0.5562 -0.3421
2090.00 -0.3884 -0.5821 -0.5833 -0.5807 -0.5743 -0.3179
2100.00 -0.3710 -0.5389 -0.5408 -0.5367 -0.5394 -0.2993
2110.00 -0.4019 -0.8149 -0.8110 -0.8201 -0.8160 -0.3400
2120.00 -0.3383 -0.6721 -0.6763 -0.6702 -0.6704 -0.2899
2130.00 -0.3666 -0.7431 -0.7408 -0.7384 -0.7478 -0.3165
2140.00 -0.4136 -0.6884 -0.6829 -0.6817 -0.6853 -0.3260
2150.00 -0.3663 -0.5023 -0.5041 -0.5063 -0.5044 -0.2965
2160.00 -0.4000 -0.5471 -0.5505 -0.5465 -0.5471 -0.3076
2170.00 -0.4101 -0.5601 -0.5701 -0.5725 -0.5683 -0.3168
2180.00 -0.4128 -0.5300 -0.5380 -0.5364 -0.5317 -0.3173
2190.00 -0.4209 -0.5416 -0.5355 -0.5393 -0.5415 -0.3247
2200.00 -0.3771 -0.6370 -0.6442 -0.6477 -0.6350 -0.3077
2210.00 -0.3721 -0.5895 -0.5867 -0.5861 -0.5907 -0.2941
2220.00 -0.3864 -0.6080 -0.6066 -0.6047 -0.6110 -0.3137
2230.00 -0.4131 -0.5611 -0.5708 -0.5713 -0.5744 -0.3226
2240.00 -0.4090 -0.4873 -0.4885 -0.4944 -0.4917 -0.3191
2250.00 -0.3983 -0.4992 -0.5006 -0.4964 -0.4943 -0.3089
2260.00 -0.4028 -0.5621 -0.5699 -0.5693 -0.5735 -0.3103
2270.00 -0.3550 -0.8636 -0.8596 -0.8514 -0.8535 -0.3252
2280.00 -0.3552 -0.8683 -0.8649 -0.8642 -0.8552 -0.3204
2290.00 -0.3727 -0.5478 -0.5358 -0.5443 -0.5420 -0.2808
2300.00 -0.4071 -0.5554 -0.5589 -0.5651 -0.5630 -0.3161
2310.00 -0.3855 -0.4873 -0.4853 -0.4923 -0.4891 -0.3021
2320.00 -0.3956 -0.5498 -0.5527 -0.5521 -0.5542 -0.3115
2330.00 -0.4256 -0.5252 -0.5322 -0.5305 -0.5367 -0.3243
2340.00 -0.3847 -0.5184 -0.5231 -0.5212 -0.5246 -0.3039
2350.00 -0.3886 -0.5564 -0.5613 -0.5579 -0.5597 -0.3127
2360.00 -0.3963 -0.6955 -0.6841 -0.6885 -0.6825 -0.3214
2370.00 -0.3962 -0.5454 -0.5500 -0.5494 -0.5508 -0.3267
2380.00 -0.4054 -0.6778 -0.6778 -0.6769 -0.6816 -0.3083
2390.00 -0.3550 -0.5483 -0.5556 -0.5533 -0.5573 -0.3059
2400.00 -0.3981 -0.6765 -0.6654 -0.6700 -0.6841 -0.3219
2410.00 -0.3846 -0.6423 -0.6508 -0.6501 -0.6399 -0.3254
2420.00 -0.4039 -0.6511 -0.6525 -0.6522 -0.6513 -0.3190
2430.00 -0.3853 -0.5267 -0.5309 -0.5334 -0.5303 -0.3003
2440.00 -0.4082 -0.5258 -0.5186 -0.5189 -0.5280 -0.3184
2450.00 -0.4346 -0.6153 -0.6167 -0.6143 -0.6090 -0.3223
2460.00 -0.3744 -0.5636 -0.5614 -0.5600 -0.5624 -0.3037
2470.00 -0.3746 -0.6995 -0.7133 -0.7008 -0.6979 -0.3183
2480.00 -0.3973 -0.6138 -0.6062 -0.6102 -0.6089 -0.3143
2490.00 -0.3853 -0.6941 -0.6998 -0.6940 -0.6991 -0.3133
2500.00 -0.3798 -0.5182 -0.5276 -0.5207 -0.5196 -0.3033
2510.00 -0.3931 -0.6095 -0.6062 -0.6130 -0.6078 -0.2972
2520.00 -0.4232 -0.5593 -0.5586 -0.5528 -0.5537 -0.3243
2530.00 -0.3952 -0.5303 -0.5216 -0.5268 -0.5291 -0.3193
2540.00 -0.3984 -0.5658 -0.5741 -0.5662 -0.5635 -0.3135
2550.00 -0.3799 -0.6213 -0.6125 -0.6265 -0.6128 -0.3137
2560.00 -0.3870 -0.5966 -0.6124 -0.6029 -0.6034 -0.3051
2570.00 -0.3544 -0.6853 -0.6838 -0.6916 -0.6833 -0.3014
2580.00 -0.3832 -0.7568 -0.7581 -0.7551 -0.7521 -0.3250
2590.00 -0.4348 -0.5671 -0.5593 -0.5632 -0.5653 -0.3374
2600.00 -0.3457 -0.4514 -0.4473 -0.4484 -0.4504 -0.2716
2610.00 -0.4265 -0.6574 -0.6528 -0.6545 -0.6548 -0.3394
2620.00 -0.4072 -0.5205 -0.5152 -0.5222 -0.5204 -0.3173
2630.00 -0.3678 -0.5556 -0.5608 -0.5459 -0.5610 -0.2995
2640.00 -0.3762 -0.7122 -0.7122 -0.7140 -0.7155 -0.3220
2650.00 -0.3572 -0.8166 -0.8228 -0.8232 -0.8136 -0.3159
2660.00 -0.4252 -0.6878 -0.6922 -0.6815 -0.6958 -0.3311
2670.00 -0.3932 -0.4837 -0.4779 -0.4793 -0.4787 -0.3040
2680.00 -0.4086 -0.5472 -0.5405 -0.5460 -0.5462 -0.3159
2690.00 -0.3993 -0.4567 -0.4564 -0.4584 -0.4596 -0.3082
2700.00 -0.4324 -0.5724 -0.5801 -0.5793 -0.5800 -0.3167
2710.00 -0.4044 -0.5316 -0.5358 -0.5247 -0.5265 -0.3152
2720.00 -0.3879 -0.5867 -0.5979 -0.5874 -0.5887 -0.3124
2730.00 -0.3630 -0.6972 -0.6922 -0.6917 -0.6913 -0.3046
2740.00 -0.4044 -0.7373 -0.7367 -0.7480 -0.7318 -0.3326
2750.00 -0.4118 -0.4950 -0.4947 -0.4917 -0.4952 -0.3166
2760.00 -0.3581 -0.6000 -0.6096 -0.6115 -0.6116 -0.2965
2770.00 -0.3974 -0.5689 -0.5738 -0.5709 -0.5643 -0.3061
2780.00 -0.4096 -0.5935 -0.5923 -0.5955 -0.5916 -0.3225
2790.00 -0.3923 -0.5175 -0.5211 -0.5169 -0.5226 -0.3012
2800.00 -0.4182 -0.6155 -0.6120 -0.6034 -0.6152 -0.3375
2810.00 -0.4030 -0.5941 -0.5902 -0.5881 -0.5827 -0.3165
2820.00 -0.3685 -0.5886 -0.5876 -0.5907 -0.5859 -0.3033
2830.00 -0.3692 -0.7336 -0.7375 -0.7274 -0.7273 -0.3210
2840.00 -0.4016 -0.7238 -0.7223 -0.7243 -0.7349 -0.3206
2850.00 -0.4031 -0.5665 -0.5659 -0.5660 -0.5712 -0.3136
2860.00 -0.3920 -0.4726 -0.4746 -0.4725 -0.4681 -0.2953
2870.00 -0.4004 -0.5263 -0.5300 -0.5350 -0.5318 -0.3094
2880.00 -0.4251 -0.6188 -0.6125 -0.6097 -0.6151 -0.3436
2890.00 -0.3817 -0.5683 -0.5761 -0.5763 -0.5825 -0.3018
2900.00 -0.4100 -0.5804 -0.5768 -0.5762 -0.5818 -0.3218
2910.00 -0.3683 -0.5769 -0.5809 -0.5766 -0.5757 -0.3090
2920.00 -0.3835 -0.6737 -0.6694 -0.6700 -0.6667 -0.3166
2930.00 -0.3741 -0.6133 -0.6126 -0.6091 -0.6192 -0.2950
2940.00 -0.3927 -0.5301 -0.5297 -0.5352 -0.5349 -0.3122
2950.00 -0.4001 -0.7261 -0.7239 -0.7193 -0.7199 -0.3307
2960.00 -0.3707 -0.7051 -0.7032 -0.7121 -0.7160 -0.3088
2970.00 -0.3953 -0.5474 -0.5399 -0.5443 -0.5451 -0.3021
2980.00 -0.3876 -0.6161 -0.6201 -0.6142 -0.6120 -0.3119
2990.00 -0.4010 -0.6313 -0.6283 -0.6380 -0.6271 -0.3196
3000.00 -0.3873 -0.5966 -0.6068 -0.6030 -0.5998 -0.3189
3010.00 -0.4119 -0.5634 -0.5680 -0.5657 -0.5673 -0.3325
3020.00 -0.3827 -0.5158 -0.5143 -0.5131 -0.5123 -0.2917
3030.00 -0.4092 -0.5570 -0.5625 -0.5615 -0.5547 -0.3123
3040.00 -0.3808 -0.5913 -0.5913 -0.5853 -0.5886 -0.3037
3050.00 -0.4161 -0.6961 -0.6879 -0.7009 -0.7057 -0.3427
3060.00 -0.4005 -0.4965 -0.4998 -0.4956 -0.4934 -0.3030
3070.00 -0.3978 -0.6052 -0.6108 -0.6059 -0.6102 -0.3176
3080.00 -0.3885 -0.5624 -0.5710 -0.5675 -0.5609 -0.2999
3090.00 -0.3837 -0.5096 -0.5133 -0.5156 -0.5085 -0.3095
3100.00 -0.3763 -0.6357 -0.6361 -0.6371 -0.6323 -0.3134
3110.00 -0.3692 -0.8297 -0.8351 -0.8316 -0.8229 -0.3276
3120.00 -0.3741 -0.7429 -0.7402 -0.7369 -0.7368 -0.2991
3130.00 -0.4281 -0.5469 -0.5554 -0.5510 -0.5530 -0.3258
3140.00 -0.3798 -0.4886 -0.4895 -0.4928 -0.4919 -0.2922
3150.00 -0.3833 -0.5471 -0.5492 -0.5418 -0.5446 -0.2993
3160.00 -0.4285 -0.5723 -0.5722 -0.5731 -0.5689 -0.3433
3170.00 -0.4130 -0.5643 -0.5618 -0.5610 -0.5563 -0.3161
3180.00 -0.3766 -0.4933 -0.4941 -0.4932 -0.4910 -0.3068
3190.00 -0.4064 -0.6638 -0.6734 -0.6686 -0.6674 -0.3196
3200.00 -0.3757 -0.5748 -0.5858 -0.5859 -0.5808 -0.3114
3210.00 -0.3871 -0.5414 -0.5370 -0.5364 -0.5414 -0.3085
3220.00 -0.3927 -0.6545 -0.6601 -0.6591 -0.6567 -0.3294
3230.00 -0.3589 -0.7021 -0.7092 -0.6946 -0.7064 -0.3114
3240.00 -0.4112 -0.7232 -0.7229 -0.7354 -0.7344 -0.3257
3250.00 -0.3916 -0.5973 -0.5899 -0.5972 -0.5847 -0.3232
3260.00 -0.3724 -0.5185 -0.5235 -0.5145 -0.5190 -0.2997
3270.00 -0.4164 -0.6190 -0.6219 -0.6242 -0.6259 -0.3190
3280.00 -0.4050 -0.5423 -0.5458 -0.5383 -0.5481 -0.3207
3290.00 -0.3777 -0.5705 -0.5723 -0.5745 -0.5737 -0.3041
3300.00 -0.3958 -0.5410 -0.5372 -0.5322 -0.5363 -0.3196
3310.00 -0.4269 -0.6021 -0.6015 -0.6038 -0.6031 -0.3274
3320.00 -0.3742 -0.6617 -0.6602 -0.6600 -0.6604 -0.3213
3330.00 -0.3399 -0.7111 -0.7031 -0.7140 -0.7140 -0.3041
3340.00 -0.4269 -0.6561 -0.6622 -0.6546 -0.6538 -0.3248
3350.00 -0.3819 -0.4789 -0.4856 -0.4758 -0.4780 -0.3056
3360.00 -0.3826 -0.6107 -0.6115 -0.6153 -0.6163 -0.3124
3370.00 -0.4108 -0.5826 -0.5848 -0.5787 -0.5820 -0.3241
3380.00 -0.4103 -0.5521 -0.5445 -0.5506 -0.5484 -0.3156
3390.00 -0.3698 -0.5088 -0.5119 -0.5131 -0.5123 -0.3002
3400.00 -0.3841 -0.7431 -0.7418 -0.7474 -0.7449 -0.3190
3410.00 -0.4031 -0.5360 -0.5246 -0.5284 -0.5285 -0.3122
3420.00 -0.4033 -0.5178 -0.5228 -0.5132 -0.5140 -0.3110
3430.00 -0.4149 -0.5681 -0.5666 -0.5705 -0.5603 -0.3291
3440.00 -0.3721 -0.8176 -0.8141 -0.8136 -0.8135 -0.3150
3450.00 -0.3869 -0.5915 -0.5895 -0.5836 -0.5915 -0.3138
3460.00 -0.3923 -0.5493 -0.5474 -0.5500 -0.5547 -0.3100
3470.00 -0.4059 -0.5076 -0.5111 -0.5068 -0.5055 -0.3134
3480.00 -0.3969 -0.5847 -0.5781 -0.5799 -0.5818 -0.3168
3490.00 -0.3912 -0.6475 -0.6525 -0.6459 -0.6504 -0.3179
3500.00 -0.3689 -0.7219 -0.7134 -0.7251 -0.7231 -0.3177
3510.00 -0.3926 -0.5526 -0.5600 -0.5654 -0.5571 -0.3093
3520.00 -0.4121 -0.4772 -0.4782 -0.4786 -0.4816 -0.3179
3530.00 -0.3925 -0.6176 -0.6080 -0.6052 -0.6043 -0.3230
3540.00 -0.4054 -0.6414 -0.6500 -0.6502 -0.6538 -0.3129
3550.00 -0.3671 -0.5538 -0.5558 -0.5553 -0.5520 -0.3119
3560.00 -0.3903 -0.7426 -0.7412 -0.7443 -0.7374 -0.3188
3570.00 -0.4193 -0.5470 -0.5433 -0.5417 -0.5458 -0.3332
3580.00 -0.3867 -0.5239 -0.5223 -0.5225 -0.5188 -0.3037
3590.00 -0.4066 -0.5257 -0.5333 -0.5264 -0.5267 -0.3083
3600.00 -0.4052 -0.6205 -0.6185 -0.6221 -0.6216 -0.3337
3610.00 -0.3469 -0.8019 -0.8026 -0.7992 -0.8061 -0.3122
3620.00 -0.4061 -0.6286 -0.6339 -0.6331 -0.6273 -0.3230
3630.00 -0.3624 -0.6021 -0.5854 -0.5953 -0.5992 -0.2917
3640.00 -0.4259 -0.5300 -0.5329 -0.5230 -0.5267 -0.3232
3650.00 -0.4012 -0.5819 -0.5795 -0.5869 -0.5850 -0.3278
3660.00 -0.4050 -0.4754 -0.4736 -0.4701 -0.4832 -0.3103
3670.00 -0.4112 -0.5460 -0.5517 -0.5471 -0.5490 -0.3229
3680.00 -0.3877 -0.6439 -0.6419 -0.6437 -0.6408 -0.3143
3690.00 -0.3597 -0.6704 -0.6650 -0.6586 -0.6604 -0.3135
3700.00 -0.3788 -0.6581 -0.6605 -0.6639 -0.6599 -0.3061
3710.00 -0.3863 -0.6476 -0.6404 -0.6392 -0.6394 -0.3148
3720.00 -0.4058 -0.5727 -0.5683 -0.5672 -0.5728 -0.3159
3730.00 -0.4305 -0.5537 -0.5524 -0.5543 -0.5521 -0.3333
3740.00 -0.3563 -0.5002 -0.5026 -0.5048 -0.4977 -0.2830
3750.00 -0.4073 -0.6140 -0.6150 -0.6077 -0.6057 -0.3330
3760.00 -0.3707 -0.6849 -0.6788 -0.6830 -0.6799 -0.3134
3770.00 -0.4072 -0.6705 -0.6673 -0.6675 -0.6714 -0.3304
3780.00 -0.3694 -0.5626 -0.5668 -0.5678 -0.5728 -0.3074
3790.00 -0.3571 -0.5589 -0.5679 -0.5554 -0.5528 -0.2888
3800.00 -0.4118 -0.5693 -0.5634 -0.5677 -0.5633 -0.3220
3810.00 -0.4028 -0.6965 -0.6993 -0.7003 -0.6990 -0.3188
3820.00 -0.3945 -0.4885 -0.4884 -0.4884 -0.4841 -0.3191
3830.00 -0.3683 -0.7402 -0.7370 -0.7387 -0.7432 -0.3060
3840.00 -0.3800 -0.6041 -0.6130 -0.6024 -0.6027 -0.3195
3850.00 -0.3894 -0.5359 -0.5388 -0.5379 -0.5357 -0.3093
3860.00 -0.3681 -0.6240 -0.6262 -0.6163 -0.6342 -0.3010
3870.00 -0.4052 -0.6699 -0.6614 -0.6580 -0.6656 -0.3331
3880.00 -0.4158 -0.6070 -0.6060 -0.6192 -0.6138 -0.3234
3890.00 -0.4113 -0.5254 -0.5272 -0.5289 -0.5229 -0.3125
3900.00 -0.4029 -0.4972 -0.5021 -0.5008 -0.4960 -0.3142
3910.00 -0.3914 -0.5164 -0.5094 -0.5132 -0.5156 -0.3115
3920.00 -0.4204 -0.5227 -0.5257 -0.5307 -0.5258 -0.3319
3930.00 -0.3886 -0.5840 -0.5956 -0.5933 -0.5852 -0.3129
3940.00 -0.3660 -0.7288 -0.7202 -0.7227 -0.7236 -0.3172
3950.00 -0.3776 -0.8664 -0.8701 -0.8813 -0.8693 -0.3087
3960.00 -0.3705 -0.4537 -0.4575 -0.4558 -0.4556 -0.2891
3970.00 -0.4087 -0.6240 -0.6096 -0.6108 -0.6123 -0.3206
3980.00 -0.3947 -0.5640 -0.5568 -0.5561 -0.5556 -0.3155
3990.00 -0.3895 -0.5318 -0.5445 -0.5354 -0.5401 -0.3044
4000.00 -0.4178 -0.6308 -0.6359 -0.6268 -0.6280 -0.3395
