10.00 -0.4609 -0.4618 -0.4506 -0.4661 -0.4622 -0.2958
20.00 -0.5024 -0.4934 -0.4998 -0.4983 -0.5046 -0.3218
30.00 -0.4633 -0.4528 -0.4659 -0.4559 -0.4563 -0.2999
40.00 -0.5011 -0.4858 -0.4988 -0.4952 -0.4997 -0.3301
50.00 -0.5228 -0.5171 -0.5142 -0.5142 -0.5232 -0.3391
60.00 -0.4667 -0.4688 -0.4775 -0.4725 -0.4633 -0.3009
70.00 -0.4863 -0.4893 -0.4979 -0.4914 -0.4939 -0.3169
80.00 -0.4894 -0.4879 -0.4850 -0.4941 -0.4805 -0.3228
90.00 -0.5231 -0.5102 -0.5101 -0.5170 -0.5240 -0.3274
100.00 -0.4577 -0.4581 -0.4500 -0.4528 -0.4551 -0.3008
110.00 -0.4990 -0.5165 -0.5120 -0.5033 -0.5157 -0.3342
120.00 -0.4865 -0.4886 -0.4797 -0.4765 -0.4793 -0.3195
130.00 -0.5141 -0.5201 -0.5112 -0.5238 -0.5186 -0.3283
140.00 -0.4766 -0.4771 -0.4718 -0.4687 -0.4618 -0.3131
150.00 -0.5156 -0.5148 -0.4966 -0.4937 -0.5076 -0.3190
160.00 -0.4823 -0.4855 -0.4869 -0.4913 -0.4871 -0.3288
170.00 -0.5035 -0.5160 -0.5038 -0.5128 -0.5133 -0.3261
180.00 -0.4531 -0.4582 -0.4488 -0.4470 -0.4500 -0.2839
190.00 -0.4805 -0.4782 -0.4831 -0.4870 -0.4800 -0.3259
200.00 -0.5240 -0.5187 -0.5193 -0.5216 -0.5124 -0.3322
210.00 -0.4900 -0.5056 -0.4836 -0.5048 -0.5015 -0.3241
220.00 -0.4321 -0.4411 -0.4547 -0.4481 -0.4477 -0.2838
230.00 -0.5016 -0.4902 -0.5082 -0.5096 -0.5153 -0.3147
240.00 -0.5071 -0.5087 -0.5016 -0.5012 -0.5005 -0.3336
250.00 -0.5000 -0.4981 -0.5119 -0.4820 -0.4803 -0.3139
260.00 -0.5051 -0.5105 -0.4916 -0.5043 -0.5044 -0.3148
270.00 -0.4735 -0.4630 -0.4817 -0.4810 -0.4768 -0.3156
280.00 -0.4777 -0.4630 -0.4814 -0.4808 -0.4641 -0.3137
290.00 -0.5175 -0.5145 -0.5208 -0.5215 -0.5224 -0.3343
300.00 -0.5136 -0.5059 -0.4849 -0.5056 -0.5097 -0.3202
310.00 -0.4908 -0.4721 -0.4754 -0.4809 -0.4920 -0.3156
320.00 -0.4737 -0.4850 -0.4837 -0.4870 -0.4757 -0.3192
330.00 -0.4790 -0.4792 -0.4780 -0.4785 -0.4823 -0.3198
340.00 -0.5095 -0.5050 -0.5074 -0.5087 -0.5048 -0.3190
350.00 -0.5090 -0.5085 -0.5156 -0.5197 -0.5214 -0.3295
360.00 -0.4780 -0.4626 -0.4798 -0.4729 -0.4822 -0.2957
370.00 -0.4691 -0.4729 -0.4830 -0.4775 -0.4781 -0.3024
380.00 -0.5167 -0.5255 -0.5148 -0.4912 -0.5088 -0.3193
390.00 -0.5115 -0.5086 -0.5055 -0.4904 -0.5092 -0.3239
400.00 -0.4660 -0.4739 -0.4658 -0.4636 -0.4598 -0.3148
410.00 -0.4936 -0.5034 -0.4974 -0.4975 -0.4891 -0.3257
420.00 -0.4970 -0.5002 -0.4954 -0.4956 -0.4876 -0.3176
430.00 -0.4668 -0.4671 -0.4753 -0.4521 -0.4675 -0.3038
440.00 -0.5184 -0.5079 -0.5194 -0.5037 -0.5084 -0.3275
450.00 -0.5013 -0.4884 -0.4690 -0.4932 -0.4900 -0.3050
460.00 -0.5072 -0.4937 -0.5017 -0.5076 -0.4914 -0.3220
470.00 -0.4888 -0.4632 -0.4829 -0.4756 -0.4703 -0.3011
480.00 -0.4973 -0.4958 -0.4995 -0.4962 -0.4954 -0.3331
490.00 -0.4979 -0.4975 -0.4784 -0.4921 -0.4801 -0.3146
500.00 -0.4857 -0.4993 -0.4895 -0.5038 -0.4965 -0.3242
510.00 -0.5106 -0.4995 -0.4998 -0.4999 -0.4832 -0.3182
520.00 -0.5037 -0.4991 -0.4976 -0.4994 -0.4858 -0.3313
530.00 -0.4753 -0.4726 -0.4755 -0.4794 -0.4802 -0.3052
540.00 -0.5321 -0.5139 -0.5217 -0.5322 -0.5215 -0.3349
550.00 -0.4593 -0.4471 -0.4468 -0.4357 -0.4419 -0.2887
560.00 -0.5231 -0.5033 -0.5252 -0.5154 -0.5338 -0.3338
570.00 -0.4775 -0.4695 -0.4715 -0.4570 -0.4673 -0.3119
580.00 -0.5077 -0.5044 -0.5033 -0.4826 -0.5072 -0.3250
590.00 -0.4831 -0.4701 -0.4784 -0.4711 -0.4868 -0.2938
600.00 -0.5074 -0.5252 -0.5040 -0.5186 -0.5156 -0.3448
610.00 -0.4911 -0.5010 -0.4790 -0.4672 -0.4935 -0.3127
620.00 -0.4653 -0.4764 -0.4676 -0.4691 -0.4716 -0.3076
630.00 -0.4849 -0.4792 -0.4784 -0.4869 -0.4831 -0.3167
640.00 -0.5136 -0.5106 -0.5038 -0.5131 -0.5088 -0.3163
650.00 -0.4744 -0.4835 -0.4671 -0.4718 -0.4837 -0.3143
660.00 -0.4882 -0.4886 -0.4806 -0.4798 -0.4786 -0.3171
670.00 -0.5101 -0.5183 -0.5010 -0.5129 -0.4924 -0.3123
680.00 -0.5033 -0.5165 -0.5028 -0.5026 -0.4975 -0.3313
690.00 -0.4745 -0.4944 -0.4825 -0.4924 -0.4748 -0.3094
700.00 -0.4822 -0.4864 -0.4814 -0.4886 -0.4602 -0.3119
710.00 -0.4646 -0.4684 -0.4586 -0.4663 -0.4566 -0.3030
720.00 -0.4934 -0.4891 -0.4948 -0.4901 -0.4976 -0.3244
730.00 -0.4898 -0.4972 -0.5031 -0.5068 -0.5058 -0.3264
740.00 -0.4746 -0.4917 -0.5039 -0.4875 -0.5009 -0.3148
750.00 -0.4692 -0.4651 -0.4657 -0.4595 -0.4674 -0.3064
760.00 -0.5174 -0.4975 -0.5109 -0.5025 -0.5147 -0.3304
770.00 -0.5299 -0.5231 -0.5342 -0.4987 -0.5247 -0.3337
780.00 -0.4702 -0.4677 -0.4620 -0.4411 -0.4624 -0.2971
790.00 -0.5088 -0.5143 -0.5095 -0.5057 -0.5252 -0.3424
800.00 -0.4988 -0.4956 -0.4981 -0.4778 -0.4906 -0.3145
810.00 -0.5025 -0.4993 -0.4951 -0.4753 -0.4989 -0.3187
820.00 -0.5187 -0.5112 -0.5223 -0.5278 -0.5284 -0.3311
830.00 -0.4603 -0.4620 -0.4694 -0.4605 -0.4736 -0.3112
840.00 -0.4632 -0.4562 -0.4633 -0.4533 -0.4663 -0.3143
850.00 -0.5233 -0.5229 -0.5158 -0.5105 -0.5192 -0.3339
860.00 -0.5016 -0.4824 -0.4798 -0.4838 -0.4908 -0.3026
870.00 -0.5001 -0.5040 -0.5161 -0.5026 -0.5147 -0.3346
880.00 -0.4787 -0.4743 -0.4776 -0.4802 -0.4833 -0.3066
890.00 -0.4707 -0.4704 -0.4674 -0.4625 -0.4754 -0.3143
900.00 -0.4999 -0.4949 -0.4865 -0.4900 -0.4839 -0.3201
910.00 -0.4740 -0.4885 -0.4687 -0.4867 -0.4781 -0.3048
920.00 -0.5188 -0.5146 -0.5103 -0.4986 -0.5102 -0.3269
930.00 -0.5028 -0.5068 -0.4986 -0.4992 -0.4950 -0.3225
940.00 -0.4684 -0.4768 -0.4728 -0.4554 -0.4606 -0.3056
950.00 -0.4806 -0.5051 -0.4889 -0.4905 -0.4909 -0.3052
960.00 -0.5206 -0.5311 -0.5304 -0.5320 -0.5190 -0.3463
970.00 -0.4568 -0.4749 -0.4704 -0.4723 -0.4694 -0.3033
980.00 -0.4939 -0.5014 -0.5051 -0.4921 -0.4915 -0.3163
990.00 -0.4717 -0.4755 -0.4635 -0.4732 -0.4802 -0.3104
1000.00 -0.5210 -0.5229 -0.5248 -0.5208 -0.5246 -0.3293
1010.00 -0.5179 -0.5994 -0.6086 -0.6049 -0.6076 -0.3249
1020.00 -0.5680 -0.8579 -0.8608 -0.8611 -0.8507 -0.3390
1030.00 -0.5476 -0.8774 -0.8745 -0.8733 -0.8733 -0.3270
1040.00 -0.5565 -0.8824 -0.8761 -0.8690 -0.8666 -0.3249
1050.00 -0.5714 -0.8633 -0.8548 -0.8588 -0.8656 -0.3350
1060.00 -0.5347 -0.8428 -0.8491 -0.8427 -0.8480 -0.3040
1070.00 -0.5733 -0.8922 -0.8975 -0.8998 -0.8916 -0.3445
1080.00 -0.4558 -0.6088 -0.5988 -0.6064 -0.6020 -0.3125
1090.00 -0.4315 -0.5377 -0.5310 -0.5310 -0.5324 -0.3055
1100.00 -0.4333 -0.5115 -0.5143 -0.5177 -0.5162 -0.3153
1110.00 -0.4620 -0.5977 -0.5986 -0.5974 -0.6044 -0.3285
1120.00 -0.4289 -0.4663 -0.4649 -0.4711 -0.4671 -0.3175
1130.00 -0.4189 -0.5014 -0.5008 -0.5009 -0.4984 -0.3091
1140.00 -0.4616 -0.5897 -0.5886 -0.5885 -0.5959 -0.3357
1150.00 -0.4483 -0.5212 -0.5157 -0.5258 -0.5186 -0.3256
1160.00 -0.4419 -0.5285 -0.5319 -0.5290 -0.5306 -0.3189
1170.00 -0.4317 -0.5306 -0.5250 -0.5368 -0.5272 -0.3240
1180.00 -0.4616 -0.5902 -0.5786 -0.5761 -0.5839 -0.3232
1190.00 -0.4128 -0.5000 -0.4996 -0.5021 -0.4947 -0.2957
1200.00 -0.4334 -0.5501 -0.5510 -0.5514 -0.5480 -0.3212
1210.00 -0.4444 -0.5926 -0.5907 -0.5936 -0.5996 -0.3399
1220.00 -0.4192 -0.5037 -0.5097 -0.4958 -0.5093 -0.3017
1230.00 -0.4374 -0.5539 -0.5487 -0.5535 -0.5581 -0.3242
1240.00 -0.4362 -0.5513 -0.5503 -0.5481 -0.5472 -0.3194
1250.00 -0.4006 -0.5036 -0.5095 -0.5057 -0.5090 -0.2965
1260.00 -0.4523 -0.6075 -0.6001 -0.6077 -0.6069 -0.3329
1270.00 -0.4607 -0.6119 -0.6148 -0.6131 -0.6116 -0.3372
1280.00 -0.4537 -0.6388 -0.6404 -0.6449 -0.6402 -0.3302
1290.00 -0.3839 -0.4536 -0.4594 -0.4613 -0.4603 -0.2939
1300.00 -0.4418 -0.6329 -0.6244 -0.6201 -0.6234 -0.3238
1310.00 -0.4375 -0.6046 -0.6061 -0.6118 -0.6056 -0.3284
1320.00 -0.4194 -0.5785 -0.5829 -0.5827 -0.5866 -0.3240
1330.00 -0.4344 -0.5773 -0.5765 -0.5738 -0.5755 -0.3349
1340.00 -0.4180 -0.5111 -0.5125 -0.5045 -0.5098 -0.3078
1350.00 -0.4311 -0.5790 -0.5804 -0.5900 -0.5808 -0.3176
1360.00 -0.4300 -0.6072 -0.6093 -0.6123 -0.6102 -0.3246
1370.00 -0.4321 -0.5825 -0.5793 -0.5688 -0.5718 -0.3285
1380.00 -0.4185 -0.5621 -0.5666 -0.5681 -0.5633 -0.3093
1390.00 -0.4431 -0.6695 -0.6638 -0.6658 -0.6781 -0.3347
1400.00 -0.4279 -0.5984 -0.6008 -0.6027 -0.6072 -0.3148
1410.00 -0.4090 -0.5501 -0.5471 -0.5509 -0.5501 -0.3137
1420.00 -0.4433 -0.6564 -0.6613 -0.6539 -0.6566 -0.3322
1430.00 -0.4119 -0.5372 -0.5450 -0.5436 -0.5409 -0.3102
1440.00 -0.4398 -0.6084 -0.6117 -0.6118 -0.6113 -0.3327
1450.00 -0.4174 -0.5894 -0.5933 -0.5920 -0.5915 -0.3181
1460.00 -0.4279 -0.7640 -0.7629 -0.7653 -0.7721 -0.3285
1470.00 -0.4227 -0.6215 -0.6230 -0.6199 -0.6228 -0.3137
1480.00 -0.4212 -0.6743 -0.6745 -0.6793 -0.6693 -0.3201
1490.00 -0.4270 -0.6518 -0.6487 -0.6534 -0.6524 -0.3215
1500.00 -0.4154 -0.5667 -0.5686 -0.5689 -0.5672 -0.3209
1510.00 -0.4231 -0.7472 -0.7496 -0.7421 -0.7428 -0.3244
1520.00 -0.4325 -0.6236 -0.6181 -0.6292 -0.6226 -0.3209
1530.00 -0.4413 -0.5798 -0.5848 -0.5832 -0.5839 -0.3338
1540.00 -0.4328 -0.5711 -0.5745 -0.5723 -0.5736 -0.3206
1550.00 -0.4296 -0.5502 -0.5526 -0.5571 -0.5581 -0.3246
1560.00 -0.4332 -0.5943 -0.5910 -0.5938 -0.5927 -0.3137
1570.00 -0.4280 -0.6522 -0.6454 -0.6443 -0.6459 -0.3263
1580.00 -0.4269 -0.6683 -0.6717 -0.6690 -0.6702 -0.3239
1590.00 -0.4381 -0.6443 -0.6432 -0.6365 -0.6407 -0.3306
1600.00 -0.4282 -0.7085 -0.7078 -0.7068 -0.7091 -0.3105
1610.00 -0.4223 -0.6192 -0.6243 -0.6242 -0.6202 -0.3190
1620.00 -0.3966 -0.6001 -0.5976 -0.5874 -0.5908 -0.3130
1630.00 -0.4648 -0.6961 -0.6982 -0.6989 -0.6988 -0.3362
1640.00 -0.4224 -0.5724 -0.5672 -0.5694 -0.5622 -0.3214
1650.00 -0.4259 -0.6710 -0.6712 -0.6669 -0.6734 -0.3140
1660.00 -0.4246 -0.5315 -0.5349 -0.5318 -0.5305 -0.3281
1670.00 -0.4208 -0.6436 -0.6531 -0.6543 -0.6492 -0.3158
1680.00 -0.4103 -0.6194 -0.6127 -0.6215 -0.6249 -0.3178
1690.00 -0.4220 -0.6879 -0.6952 -0.6947 -0.6851 -0.3162
1700.00 -0.4146 -0.6390 -0.6482 -0.6483 -0.6476 -0.3161
1710.00 -0.4239 -0.5929 -0.5950 -0.5917 -0.6006 -0.3189
1720.00 -0.4005 -0.6654 -0.6623 -0.6620 -0.6612 -0.3205
1730.00 -0.4442 -0.6964 -0.6989 -0.7034 -0.6948 -0.3275
1740.00 -0.4230 -0.6168 -0.6118 -0.6106 -0.6185 -0.3054
1750.00 -0.3974 -0.5535 -0.5532 -0.5594 -0.5521 -0.3128
1760.00 -0.4527 -0.8090 -0.8014 -0.8121 -0.8075 -0.3357
1770.00 -0.4118 -0.7092 -0.7191 -0.7103 -0.7027 -0.3166
1780.00 -0.4298 -0.6081 -0.6028 -0.6091 -0.6139 -0.3223
1790.00 -0.4419 -0.6004 -0.6127 -0.5964 -0.6114 -0.3332
1800.00 -0.4054 -0.5592 -0.5569 -0.5547 -0.5559 -0.3101
1810.00 -0.4385 -0.7342 -0.7382 -0.7424 -0.7327 -0.3313
1820.00 -0.3902 -0.5048 -0.5018 -0.5016 -0.5097 -0.2994
1830.00 -0.4453 -0.7678 -0.7748 -0.7789 -0.7721 -0.3380
1840.00 -0.4163 -0.6294 -0.6251 -0.6191 -0.6184 -0.3215
1850.00 -0.4124 -0.6634 -0.6726 -0.6688 -0.6634 -0.3142
1860.00 -0.4458 -0.6276 -0.6223 -0.6228 -0.6235 -0.3383
1870.00 -0.4182 -0.6516 -0.6591 -0.6568 -0.6564 -0.3202
1880.00 -0.4286 -0.9135 -0.9233 -0.9239 -0.9162 -0.3245
1890.00 -0.3713 -0.5708 -0.5593 -0.5590 -0.5652 -0.2862
1900.00 -0.4624 -0.6848 -0.6866 -0.6815 -0.6879 -0.3608
1910.00 -0.4058 -0.7613 -0.7569 -0.7500 -0.7564 -0.3120
1920.00 -0.4348 -0.6170 -0.6182 -0.6179 -0.6257 -0.3233
1930.00 -0.4169 -0.5812 -0.5797 -0.5797 -0.5809 -0.3141
1940.00 -0.4333 -0.6225 -0.6292 -0.6259 -0.6233 -0.3161
1950.00 -0.4346 -0.6848 -0.6905 -0.6793 -0.6867 -0.3427
1960.00 -0.4008 -0.5671 -0.5631 -0.5666 -0.5716 -0.3004
1970.00 -0.4405 -0.6125 -0.6096 -0.6174 -0.6169 -0.3307
1980.00 -0.4210 -0.6813 -0.6835 -0.6788 -0.6862 -0.3114
1990.00 -0.4258 -0.7050 -0.6969 -0.6969 -0.6981 -0.3304
2000.00 -0.4252 -0.5588 -0.5576 -0.5543 -0.5641 -0.3323
2010.00 -0.4311 -0.7405 -0.7412 -0.7385 -0.7468 -0.3255
2020.00 -0.4361 -0.8225 -0.8292 -0.8207 -0.8270 -0.3287
2030.00 -0.4064 -0.7790 -0.7709 -0.7754 -0.7765 -0.3056
2040.00 -0.3893 -0.5296 -0.5288 -0.5319 -0.5292 -0.3061
2050.00 -0.4270 -0.6626 -0.6660 -0.6659 -0.6563 -0.3243
2060.00 -0.4530 -0.6636 -0.6692 -0.6578 -0.6573 -0.3368
2070.00 -0.4189 -0.5260 -0.5236 -0.5258 -0.5252 -0.3235
2080.00 -0.4176 -0.5722 -0.5802 -0.5707 -0.5752 -0.3143
2090.00 -0.4282 -0.6161 -0.6192 -0.6130 -0.6115 -0.3277
2100.00 -0.4439 -0.7232 -0.7178 -0.7215 -0.7185 -0.3432
2110.00 -0.3970 -0.7230 -0.7168 -0.7309 -0.7184 -0.3087
2120.00 -0.4283 -0.7831 -0.7897 -0.7860 -0.7973 -0.3275
2130.00 -0.3993 -0.5898 -0.5774 -0.5873 -0.5885 -0.3119
2140.00 -0.4391 -0.8198 -0.8269 -0.8314 -0.8305 -0.3318
2150.00 -0.3970 -0.7353 -0.7371 -0.7308 -0.7342 -0.3143
2160.00 -0.4262 -0.5913 -0.5936 -0.5869 -0.5870 -0.3245
2170.00 -0.4113 -0.6694 -0.6671 -0.6732 -0.6689 -0.3213
2180.00 -0.4282 -0.6185 -0.6283 -0.6225 -0.6261 -0.3140
2190.00 -0.4229 -0.8220 -0.8164 -0.8136 -0.8170 -0.3330
2200.00 -0.4236 -0.7593 -0.7616 -0.7616 -0.7663 -0.3294
2210.00 -0.4291 -0.6591 -0.6508 -0.6594 -0.6532 -0.3153
2220.00 -0.4207 -0.5858 -0.5936 -0.5790 -0.5877 -0.3233
2230.00 -0.4049 -0.5269 -0.5393 -0.5291 -0.5332 -0.3076
2240.00 -0.4308 -0.6386 -0.6423 -0.6311 -0.6415 -0.3247
2250.00 -0.4560 -0.7524 -0.7497 -0.7567 -0.7545 -0.3413
2260.00 -0.4099 -0.5881 -0.5769 -0.5879 -0.5826 -0.3106
2270.00 -0.4123 -0.6152 -0.6150 -0.6143 -0.6155 -0.3186
2280.00 -0.4446 -0.7331 -0.7317 -0.7381 -0.7379 -0.3268
2290.00 -0.4212 -0.7887 -0.7884 -0.7708 -0.7853 -0.3312
2300.00 -0.4228 -0.8113 -0.8035 -0.8105 -0.8147 -0.3305
2310.00 -0.4215 -0.7105 -0.7077 -0.7148 -0.7169 -0.3232
2320.00 -0.4110 -0.5591 -0.5602 -0.5610 -0.5639 -0.3127
2330.00 -0.4374 -0.5707 -0.5718 -0.5701 -0.5659 -0.3226
2340.00 -0.4257 -0.7207 -0.7206 -0.7148 -0.7181 -0.3150
2350.00 -0.4286 -0.6435 -0.6373 -0.6423 -0.6435 -0.3336
2360.00 -0.4077 -0.7477 -0.7478 -0.7481 -0.7419 -0.3148
2370.00 -0.4397 -0.6730 -0.6694 -0.6690 -0.6652 -0.3312
2380.00 -0.4053 -0.4919 -0.4934 -0.4913 -0.5027 -0.3011
2390.00 -0.3998 -0.5884 -0.5982 -0.6017 -0.5948 -0.3025
2400.00 -0.4390 -0.7738 -0.7745 -0.7716 -0.7816 -0.3429
2410.00 -0.4372 -0.9482 -0.9540 -0.9430 -0.9467 -0.3426
2420.00 -0.4154 -0.6350 -0.6268 -0.6363 -0.6312 -0.3184
2430.00 -0.4051 -0.5553 -0.5491 -0.5555 -0.5504 -0.3100
2440.00 -0.4290 -0.6638 -0.6756 -0.6647 -0.6587 -0.3245
2450.00 -0.4297 -0.5855 -0.5880 -0.5861 -0.5842 -0.3268
2460.00 -0.4321 -0.5586 -0.5542 -0.5588 -0.5545 -0.3166
2470.00 -0.4300 -0.6774 -0.6784 -0.6697 -0.6687 -0.3305
2480.00 -0.3969 -0.6635 -0.6723 -0.6785 -0.6813 -0.3194
2490.00 -0.4511 -0.6757 -0.6756 -0.6755 -0.6717 -0.3308
2500.00 -0.4045 -0.5380 -0.5377 -0.5378 -0.5385 -0.3032
2510.00 -0.4435 -0.7490 -0.7511 -0.7392 -0.7451 -0.3373
2520.00 -0.4030 -0.7345 -0.7382 -0.7402 -0.7420 -0.3104
2530.00 -0.4415 -0.9104 -0.9064 -0.9100 -0.9106 -0.3558
2540.00 -0.4036 -0.7032 -0.7000 -0.7020 -0.6954 -0.3018
2550.00 -0.3920 -0.4686 -0.4606 -0.4644 -0.4756 -0.2947
2560.00 -0.4784 -0.7797 -0.7819 -0.7763 -0.7829 -0.3578
2570.00 -0.3903 -0.5144 -0.5128 -0.5101 -0.5164 -0.2945
2580.00 -0.4504 -0.6044 -0.5995 -0.5959 -0.6096 -0.3423
2590.00 -0.4525 -1.0065 -1.0138 -1.0056 -1.0009 -0.3355
2600.00 -0.3923 -0.5981 -0.5928 -0.5886 -0.5920 -0.2957
2610.00 -0.4326 -0.6555 -0.6567 -0.6728 -0.6577 -0.3361
2620.00 -0.4305 -0.6083 -0.6097 -0.6082 -0.6043 -0.3245
2630.00 -0.4226 -0.9390 -0.9381 -0.9476 -0.9523 -0.3420
2640.00 -0.4030 -0.6673 -0.6655 -0.6625 -0.6546 -0.3121
2650.00 -0.4342 -0.5321 -0.5435 -0.5443 -0.5435 -0.3185
2660.00 -0.4130 -0.5417 -0.5415 -0.5449 -0.5329 -0.3209
2670.00 -0.4263 -0.6784 -0.6767 -0.6702 -0.6687 -0.3198
2680.00 -0.4155 -0.6369 -0.6290 -0.6382 -0.6354 -0.3199
2690.00 -0.4270 -0.8547 -0.8539 -0.8638 -0.8618 -0.3323
2700.00 -0.4119 -0.5790 -0.5773 -0.5786 -0.5783 -0.3119
2710.00 -0.4485 -0.7233 -0.7260 -0.7241 -0.7208 -0.3387
2720.00 -0.3797 -0.7226 -0.7188 -0.7120 -0.7226 -0.3024
2730.00 -0.4388 -0.7114 -0.7053 -0.7111 -0.7099 -0.3268
2740.00 -0.4330 -0.7582 -0.7618 -0.7539 -0.7523 -0.3309
2750.00 -0.4596 -0.8503 -0.8542 -0.8490 -0.8598 -0.3507
2760.00 -0.3814 -0.6833 -0.6873 -0.6857 -0.6884 -0.2977
2770.00 -0.4467 -0.6103 -0.6192 -0.6227 -0.6165 -0.3406
2780.00 -0.4215 -0.6249 -0.6262 -0.6247 -0.6215 -0.3153
2790.00 -0.4085 -0.5619 -0.5644 -0.5699 -0.5638 -0.3136
2800.00 -0.4316 -0.7482 -0.7504 -0.7419 -0.7508 -0.3300
2810.00 -0.4188 -0.6657 -0.6684 -0.6650 -0.6622 -0.3186
2820.00 -0.4293 -0.5783 -0.5758 -0.5703 -0.5814 -0.3154
2830.00 -0.4056 -0.6318 -0.6361 -0.6389 -0.6364 -0.3234
2840.00 -0.4357 -0.6814 -0.6783 -0.6728 -0.6782 -0.3348
2850.00 -0.3992 -0.5674 -0.5616 -0.5643 -0.5627 -0.2954
2860.00 -0.4349 -0.6016 -0.6039 -0.6077 -0.6035 -0.3326
2870.00 -0.4402 -0.7686 -0.7665 -0.7725 -0.7690 -0.3432
2880.00 -0.4039 -0.7327 -0.7341 -0.7381 -0.7347 -0.2987
2890.00 -0.4050 -0.6976 -0.7092 -0.7024 -0.6893 -0.3143
2900.00 -0.4397 -0.7229 -0.7136 -0.7164 -0.7232 -0.3397
2910.00 -0.4320 -0.7087 -0.7132 -0.7028 -0.7078 -0.3257
2920.00 -0.3897 -0.8463 -0.8442 -0.8549 -0.8418 -0.3359
2930.00 -0.4281 -0.8842 -0.8842 -0.8703 -0.8858 -0.3266
2940.00 -0.4108 -0.6084 -0.6100 -0.6021 -0.6067 -0.3012
2950.00 -0.4506 -0.6256 -0.6284 -0.6256 -0.6305 -0.3372
2960.00 -0.4146 -0.6293 -0.6289 -0.6221 -0.6237 -0.3106
2970.00 -0.4356 -0.7679 -0.7792 -0.7677 -0.7766 -0.3549
2980.00 -0.4039 -0.6671 -0.6698 -0.6747 -0.6709 -0.2924
2990.00 -0.4246 -0.6160 -0.6197 -0.6125 -0.6054 -0.3165
3000.00 -0.4231 -0.5858 -0.5763 -0.5802 -0.5837 -0.3289
3010.00 -0.4266 -0.6071 -0.6085 -0.6103 -0.6107 -0.3201
3020.00 -0.4184 -0.7224 -0.7211 -0.7212 -0.7149 -0.3204
3030.00 -0.4327 -0.7606 -0.7639 -0.7554 -0.7657 -0.3297
3040.00 -0.4221 -0.5830 -0.5810 -0.5771 -0.5774 -0.3153
3050.00 -0.4660 -0.7202 -0.7281 -0.7237 -0.7270 -0.3555
3060.00 -0.3769 -0.6075 -0.6078 -0.6125 -0.6133 -0.2868
3070.00 -0.4396 -0.5944 -0.5906 -0.5937 -0.5891 -0.3429
3080.00 -0.4261 -0.7830 -0.7841 -0.7844 -0.7973 -0.3245
3090.00 -0.3979 -0.6529 -0.6584 -0.6454 -0.6502 -0.3110
3100.00 -0.4302 -0.7287 -0.7313 -0.7369 -0.7384 -0.3234
3110.00 -0.4291 -0.6909 -0.6873 -0.6876 -0.6932 -0.3340
3120.00 -0.4067 -0.8375 -0.8319 -0.8369 -0.8300 -0.3165
3130.00 -0.4266 -0.5618 -0.5611 -0.5639 -0.5666 -0.3238
3140.00 -0.3969 -0.5732 -0.5723 -0.5735 -0.5771 -0.2978
3150.00 -0.4492 -0.7057 -0.7082 -0.7065 -0.6982 -0.3330
3160.00 -0.4140 -0.6215 -0.6227 -0.6198 -0.6250 -0.3139
3170.00 -0.4500 -0.7280 -0.7255 -0.7193 -0.7269 -0.3422
3180.00 -0.4208 -0.6494 -0.6512 -0.6508 -0.6484 -0.3120
3190.00 -0.4432 -0.7902 -0.7997 -0.7920 -0.7929 -0.3421
3200.00 -0.4383 -0.6727 -0.6651 -0.6715 -0.6679 -0.3231
3210.00 -0.4243 -0.7614 -0.7544 -0.7532 -0.7608 -0.3272
3220.00 -0.4014 -0.5475 -0.5401 -0.5474 -0.5548 -0.2972
3230.00 -0.4326 -0.6662 -0.6519 -0.6587 -0.6628 -0.3378
3240.00 -0.4268 -0.7355 -0.7414 -0.7463 -0.7430 -0.3218
3250.00 -0.4317 -0.6542 -0.6625 -0.6616 -0.6570 -0.3243
3260.00 -0.4273 -0.6723 -0.6725 -0.6775 -0.6814 -0.3316
3270.00 -0.4262 -0.6625 -0.6523 -0.6446 -0.6543 -0.3308
3280.00 -0.3784 -0.6067 -0.6170 -0.6072 -0.6130 -0.3013
3290.00 -0.4552 -1.0073 -0.9997 -1.0051 -1.0133 -0.3591
3300.00 -0.4081 -0.6600 -0.6595 -0.6571 -0.6547 -0.3126
3310.00 -0.4252 -0.7926 -0.7923 -0.7928 -0.7879 -0.3258
3320.00 -0.4339 -0.6349 -0.6449 -0.6401 -0.6344 -0.3226
3330.00 -0.4521 -0.6325 -0.6282 -0.6237 -0.6238 -0.3450
3340.00 -0.4037 -0.6609 -0.6620 -0.6691 -0.6752 -0.3054
3350.00 -0.3885 -0.5146 -0.5145 -0.5098 -0.5175 -0.2855
3360.00 -0.4479 -0.6091 -0.6017 -0.6086 -0.6024 -0.3414
3370.00 -0.4186 -0.8009 -0.8024 -0.7915 -0.7982 -0.3194
3380.00 -0.4562 -0.7999 -0.8054 -0.7997 -0.7984 -0.3387
3390.00 -0.3820 -0.5725 -0.5703 -0.5748 -0.5800 -0.3038
3400.00 -0.4393 -0.7512 -0.7518 -0.7520 -0.7502 -0.3291
3410.00 -0.4231 -0.6360 -0.6388 -0.6380 -0.6322 -0.3191
3420.00 -0.4352 -0.6213 -0.6267 -0.6249 -0.6194 -0.3267
3430.00 -0.4210 -0.6694 -0.6780 -0.6668 -0.6732 -0.3235
3440.00 -0.4203 -0.7540 -0.7414 -0.7434 -0.7507 -0.3295
3450.00 -0.4122 -0.6528 -0.6581 -0.6541 -0.6487 -0.3127
3460.00 -0.4099 -0.6254 -0.6255 -0.6188 -0.6236 -0.3089
3470.00 -0.4165 -0.7350 -0.7240 -0.7276 -0.7251 -0.3243
3480.00 -0.3973 -0.7030 -0.7077 -0.7086 -0.7124 -0.3222
3490.00 -0.4484 -0.7813 -0.7784 -0.7829 -0.7878 -0.3442
3500.00 -0.3999 -0.6631 -0.6621 -0.6660 -0.6665 -0.3070
3510.00 -0.4630 -0.7146 -0.7108 -0.7174 -0.7133 -0.3408
3520.00 -0.4455 -0.5982 -0.6070 -0.6046 -0.6044 -0.3324
3530.00 -0.3951 -0.7554 -0.7473 -0.7484 -0.7502 -0.3106
3540.00 -0.4116 -0.6266 -0.6270 -0.6217 -0.6304 -0.3092
3550.00 -0.4356 -0.6135 -0.6146 -0.6152 -0.6218 -0.3308
3560.00 -0.4334 -0.5860 -0.5789 -0.5744 -0.5738 -0.3307
3570.00 -0.4389 -0.7882 -0.7827 -0.7834 -0.7821 -0.3300
3580.00 -0.3800 -0.5784 -0.5810 -0.5878 -0.5895 -0.2964
3590.00 -0.4449 -0.7918 -0.8008 -0.7978 -0.8059 -0.3308
3600.00 -0.4100 -0.5429 -0.5436 -0.5488 -0.5397 -0.3116
3610.00 -0.4284 -0.7175 -0.7154 -0.7193 -0.7199 -0.3318
3620.00 -0.4190 -0.7372 -0.7429 -0.7435 -0.7446 -0.3307
3630.00 -0.4320 -0.8593 -0.8557 -0.8639 -0.8522 -0.3308
3640.00 -0.4217 -0.6540 -0.6521 -0.6628 -0.6560 -0.3140
3650.00 -0.4883 -0.7025 -0.7040 -0.7091 -0.7136 -0.3415
3660.00 -0.3879 -0.4580 -0.4597 -0.4524 -0.4636 -0.3033
3670.00 -0.4073 -0.7093 -0.7055 -0.7057 -0.6948 -0.3132
3680.00 -0.4137 -0.9837 -0.9854 -0.9788 -0.9745 -0.3422
3690.00 -0.4342 -0.8404 -0.8223 -0.8391 -0.8384 -0.3348
3700.00 -0.4055 -0.5639 -0.5609 -0.5648 -0.5642 -0.2997
3710.00 -0.4387 -0.6104 -0.6126 -0.6074 -0.6124 -0.3237
3720.00 -0.4246 -0.5516 -0.5484 -0.5412 -0.5491 -0.3241
3730.00 -0.4246 -0.5742 -0.5793 -0.5714 -0.5776 -0.3206
3740.00 -0.4391 -0.5278 -0.5311 -0.5303 -0.5358 -0.3143
3750.00 -0.4072 -0.6554 -0.6446 -0.6583 -0.6519 -0.3388
3760.00 -0.4159 -1.0300 -1.0267 -1.0375 -1.0290 -0.3074
3770.00 -0.4066 -0.4823 -0.4945 -0.4926 -0.4865 -0.3089
3780.00 -0.4459 -0.6230 -0.6301 -0.6283 -0.6209 -0.3400
3790.00 -0.4403 -0.7094 -0.7124 -0.7162 -0.7115 -0.3238
3800.00 -0.4097 -0.5708 -0.5727 -0.5630 -0.5822 -0.3181
3810.00 -0.4116 -0.8515 -0.8410 -0.8529 -0.8461 -0.3427
3820.00 -0.4117 -0.9170 -0.9168 -0.9020 -0.9127 -0.3316
3830.00 -0.4277 -0.7082 -0.7112 -0.7186 -0.7105 -0.3202
3840.00 -0.4013 -0.6117 -0.6125 -0.6134 -0.6160 -0.2986
3850.00 -0.4168 -0.6370 -0.6405 -0.6397 -0.6332 -0.3176
3860.00 -0.4342 -0.8480 -0.8493 -0.8494 -0.8585 -0.3309
3870.00 -0.4394 -0.5875 -0.5814 -0.5927 -0.5847 -0.3288
3880.00 -0.4399 -0.5886 -0.5821 -0.5834 -0.5860 -0.3304
3890.00 -0.4159 -0.5519 -0.5480 -0.5472 -0.5414 -0.3122
3900.00 -0.4139 -0.6887 -0.6904 -0.6878 -0.6907 -0.3245
3910.00 -0.4295 -0.8390 -0.8304 -0.8370 -0.8332 -0.3317
3920.00 -0.3861 -0.5292 -0.5287 -0.5236 -0.5285 -0.2931
3930.00 -0.4435 -0.6213 -0.6201 -0.6235 -0.6190 -0.3311
3940.00 -0.4392 -0.8501 -0.8442 -0.8559 -0.8544 -0.3422
3950.00 -0.4030 -0.6903 -0.6922 -0.6858 -0.6973 -0.3200
3960.00 -0.3973 -0.6197 -0.6300 -0.6252 -0.6227 -0.3164
3970.00 -0.4437 -0.7383 -0.7428 -0.7364 -0.7362 -0.3274
3980.00 -0.4171 -0.6974 -0.6912 -0.6909 -0.6941 -0.3291
3990.00 -0.4232 -0.5826 -0.5910 -0.5873 -0.5855 -0.3098
4000.00 -0.4412 -0.6263 -0.6163 -0.6233 -0.6244 -0.3391
