10.00 -0.4489 -0.4350 -0.4494 -0.4553 -0.4566 -0.2898
20.00 -0.4650 -0.4695 -0.4697 -0.4785 -0.4714 -0.3226
30.00 -0.4678 -0.4687 -0.4850 -0.4752 -0.4775 -0.3039
40.00 -0.4959 -0.4798 -0.4920 -0.4866 -0.4883 -0.3156
50.00 -0.4852 -0.4910 -0.4934 -0.4905 -0.4981 -0.3263
60.00 -0.4642 -0.4670 -0.4649 -0.4591 -0.4588 -0.3034
70.00 -0.5129 -0.5164 -0.5105 -0.5015 -0.4948 -0.3255
80.00 -0.4909 -0.4819 -0.4768 -0.4849 -0.4695 -0.3181
90.00 -0.4635 -0.4613 -0.4652 -0.4643 -0.4586 -0.3117
100.00 -0.4890 -0.4947 -0.4645 -0.4912 -0.4880 -0.3265
110.00 -0.4784 -0.4745 -0.4556 -0.4893 -0.4758 -0.3119
120.00 -0.4839 -0.4742 -0.4811 -0.4666 -0.4747 -0.3185
130.00 -0.4953 -0.4863 -0.4727 -0.4820 -0.4798 -0.2989
140.00 -0.5182 -0.5057 -0.4976 -0.5186 -0.4876 -0.3262
150.00 -0.4756 -0.4692 -0.4722 -0.4773 -0.4511 -0.3094
160.00 -0.4893 -0.5076 -0.4947 -0.4959 -0.4802 -0.3229
170.00 -0.4744 -0.4741 -0.4620 -0.4675 -0.4425 -0.3144
180.00 -0.4678 -0.4653 -0.4660 -0.4769 -0.4672 -0.3122
190.00 -0.4969 -0.4982 -0.5221 -0.5091 -0.4990 -0.3258
200.00 -0.4378 -0.4530 -0.4571 -0.4546 -0.4568 -0.2994
210.00 -0.5080 -0.4978 -0.5090 -0.5167 -0.4938 -0.3233
220.00 -0.4420 -0.4501 -0.4489 -0.4493 -0.4409 -0.3033
230.00 -0.4986 -0.4957 -0.5037 -0.4879 -0.4863 -0.3254
240.00 -0.4754 -0.4518 -0.4766 -0.4723 -0.4750 -0.3118
250.00 -0.4971 -0.5005 -0.5140 -0.4917 -0.4877 -0.3173
260.00 -0.4632 -0.4759 -0.4713 -0.4545 -0.4737 -0.3041
270.00 -0.5142 -0.5065 -0.4845 -0.4969 -0.4981 -0.3297
280.00 -0.4742 -0.4847 -0.4904 -0.4624 -0.4860 -0.2990
290.00 -0.4609 -0.4616 -0.4466 -0.4551 -0.4656 -0.3014
300.00 -0.5184 -0.5234 -0.5180 -0.4578 -0.5172 -0.3196
310.00 -0.4750 -0.4800 -0.4918 -0.4623 -0.4764 -0.3078
320.00 -0.4927 -0.5022 -0.4982 -0.5065 -0.4799 -0.3248
330.00 -0.4815 -0.4805 -0.4724 -0.4790 -0.4635 -0.3095
340.00 -0.4727 -0.4653 -0.4537 -0.4697 -0.4535 -0.3163
350.00 -0.4927 -0.4990 -0.4874 -0.4933 -0.4811 -0.3159
360.00 -0.4714 -0.4820 -0.4647 -0.4829 -0.4722 -0.3136
370.00 -0.4889 -0.4945 -0.4814 -0.4882 -0.4715 -0.3142
380.00 -0.4820 -0.4853 -0.4695 -0.4824 -0.4655 -0.3052
390.00 -0.5055 -0.4962 -0.5029 -0.5106 -0.5061 -0.3308
400.00 -0.4846 -0.4512 -0.4617 -0.4763 -0.4751 -0.3109
410.00 -0.4779 -0.4814 -0.4677 -0.4717 -0.4660 -0.3055
420.00 -0.4496 -0.4935 -0.4784 -0.4680 -0.4723 -0.3067
430.00 -0.4946 -0.4851 -0.4820 -0.4697 -0.4869 -0.3056
440.00 -0.4960 -0.4929 -0.5011 -0.4910 -0.4850 -0.3226
450.00 -0.4815 -0.4857 -0.4759 -0.4936 -0.4922 -0.3175
460.00 -0.4901 -0.4911 -0.4977 -0.4996 -0.4969 -0.3282
470.00 -0.4747 -0.4749 -0.4780 -0.4872 -0.4858 -0.3175
480.00 -0.4795 -0.4673 -0.4586 -0.4586 -0.4650 -0.3125
490.00 -0.4896 -0.4875 -0.4665 -0.4902 -0.4799 -0.3166
500.00 -0.4903 -0.4924 -0.4888 -0.5060 -0.4933 -0.3170
510.00 -0.4455 -0.4621 -0.4498 -0.4484 -0.4551 -0.2900
520.00 -0.4539 -0.4652 -0.4740 -0.4818 -0.4761 -0.3113
530.00 -0.4875 -0.4885 -0.4929 -0.4995 -0.4873 -0.3163
540.00 -0.4673 -0.4675 -0.4646 -0.4714 -0.4555 -0.2983
550.00 -0.4857 -0.4830 -0.4721 -0.4917 -0.4839 -0.3171
560.00 -0.5196 -0.5232 -0.5089 -0.5138 -0.5157 -0.3320
570.00 -0.4629 -0.4638 -0.4295 -0.4598 -0.4651 -0.2966
580.00 -0.5218 -0.5175 -0.5116 -0.5175 -0.5239 -0.3405
590.00 -0.4484 -0.4491 -0.4429 -0.4325 -0.4405 -0.2908
600.00 -0.4998 -0.5054 -0.5182 -0.4952 -0.5020 -0.3254
610.00 -0.4619 -0.4684 -0.4643 -0.4725 -0.4634 -0.3194
620.00 -0.4632 -0.4727 -0.4831 -0.4592 -0.4752 -0.3149
630.00 -0.4572 -0.4590 -0.4642 -0.4553 -0.4565 -0.2952
640.00 -0.5212 -0.5209 -0.5122 -0.5199 -0.5209 -0.3357
650.00 -0.4406 -0.4498 -0.4541 -0.4385 -0.4430 -0.3036
660.00 -0.5180 -0.5212 -0.5067 -0.5114 -0.5092 -0.3284
670.00 -0.4795 -0.4709 -0.4641 -0.4654 -0.4566 -0.3012
680.00 -0.4724 -0.4723 -0.4882 -0.4838 -0.4714 -0.3163
690.00 -0.4510 -0.4617 -0.4711 -0.4643 -0.4753 -0.3094
700.00 -0.4669 -0.4768 -0.4746 -0.4771 -0.4601 -0.3064
710.00 -0.5051 -0.5225 -0.5046 -0.5053 -0.5025 -0.3265
720.00 -0.4734 -0.4502 -0.4556 -0.4549 -0.4694 -0.3056
730.00 -0.4840 -0.4828 -0.4829 -0.4909 -0.4914 -0.3118
740.00 -0.4914 -0.5141 -0.4961 -0.5008 -0.5097 -0.3205
750.00 -0.4600 -0.4696 -0.4693 -0.4798 -0.4678 -0.3046
760.00 -0.4807 -0.4897 -0.4831 -0.4551 -0.4842 -0.3140
770.00 -0.4718 -0.4806 -0.4815 -0.4550 -0.4704 -0.3121
780.00 -0.4961 -0.5154 -0.4776 -0.4831 -0.4967 -0.3107
790.00 -0.4725 -0.4843 -0.4769 -0.4901 -0.4909 -0.3259
800.00 -0.4705 -0.4708 -0.4677 -0.4703 -0.4641 -0.3008
810.00 -0.4733 -0.4769 -0.4626 -0.4665 -0.4852 -0.3188
820.00 -0.4928 -0.4942 -0.4911 -0.4816 -0.4937 -0.3290
830.00 -0.4876 -0.5006 -0.4795 -0.4751 -0.4866 -0.3040
840.00 -0.4552 -0.4781 -0.4619 -0.4764 -0.4826 -0.2922
850.00 -0.4954 -0.5161 -0.5008 -0.5022 -0.5123 -0.3370
860.00 -0.4715 -0.4928 -0.4785 -0.4788 -0.4840 -0.3222
870.00 -0.4673 -0.4899 -0.4774 -0.4860 -0.4838 -0.3074
880.00 -0.4636 -0.4695 -0.4791 -0.4819 -0.4879 -0.3148
890.00 -0.4780 -0.4797 -0.4816 -0.4894 -0.4824 -0.3120
900.00 -0.4775 -0.4835 -0.4812 -0.4712 -0.4750 -0.3206
910.00 -0.4562 -0.4685 -0.4724 -0.4533 -0.4685 -0.3054
920.00 -0.4992 -0.5156 -0.5139 -0.4902 -0.5039 -0.3247
930.00 -0.4598 -0.4792 -0.4763 -0.4673 -0.4812 -0.3074
940.00 -0.4815 -0.4895 -0.4997 -0.4585 -0.4956 -0.3107
950.00 -0.4792 -0.5066 -0.5113 -0.4835 -0.4982 -0.3188
960.00 -0.4815 -0.4897 -0.4876 -0.4783 -0.4944 -0.3111
970.00 -0.4590 -0.4701 -0.4779 -0.4700 -0.4735 -0.3050
980.00 -0.4466 -0.4649 -0.4674 -0.4642 -0.4474 -0.3114
990.00 -0.4767 -0.4777 -0.4825 -0.4719 -0.4699 -0.3154
1000.00 -0.5177 -0.5175 -0.4844 -0.5029 -0.4953 -0.3126
1010.00 -0.4447 -0.5234 -0.5089 -0.5170 -0.5094 -0.3163
1020.00 -0.4416 -0.5715 -0.5716 -0.5788 -0.5748 -0.3317
1030.00 -0.4050 -0.4961 -0.5105 -0.5089 -0.5100 -0.3126
1040.00 -0.4328 -0.5244 -0.5272 -0.5206 -0.5208 -0.3143
1050.00 -0.3874 -0.4761 -0.4869 -0.4784 -0.4820 -0.3017
1060.00 -0.4106 -0.5815 -0.5969 -0.5820 -0.5859 -0.3038
1070.00 -0.4263 -0.5600 -0.5582 -0.5653 -0.5591 -0.3223
1080.00 -0.4093 -0.5349 -0.5366 -0.5416 -0.5398 -0.3228
1090.00 -0.4241 -0.7136 -0.7255 -0.7209 -0.7172 -0.3376
1100.00 -0.3960 -0.5831 -0.5899 -0.5781 -0.5830 -0.3045
1110.00 -0.4034 -0.5545 -0.5595 -0.5663 -0.5581 -0.3158
1120.00 -0.3977 -0.6242 -0.6171 -0.6218 -0.6210 -0.3113
1130.00 -0.4086 -0.6401 -0.6388 -0.6395 -0.6385 -0.3287
1140.00 -0.3949 -0.5451 -0.5470 -0.5411 -0.5470 -0.3108
1150.00 -0.3943 -0.6385 -0.6321 -0.6313 -0.6288 -0.3271
1160.00 -0.3879 -0.7383 -0.7289 -0.7310 -0.7325 -0.3076
1170.00 -0.3831 -0.7037 -0.7046 -0.7115 -0.7101 -0.3131
1180.00 -0.4042 -0.5348 -0.5326 -0.5392 -0.5408 -0.3213
1190.00 -0.4090 -0.7175 -0.7151 -0.7166 -0.7245 -0.3248
1200.00 -0.4066 -0.5832 -0.5909 -0.5919 -0.5944 -0.3229
1210.00 -0.3705 -0.6364 -0.6398 -0.6363 -0.6254 -0.2986
1220.00 -0.4118 -0.6621 -0.6620 -0.6669 -0.6685 -0.3289
1230.00 -0.3888 -0.4735 -0.4820 -0.4746 -0.4791 -0.3051
1240.00 -0.4117 -0.6848 -0.6848 -0.6928 -0.6913 -0.3230
1250.00 -0.3647 -0.5581 -0.5652 -0.5629 -0.5637 -0.2893
1260.00 -0.4338 -0.6964 -0.6914 -0.6878 -0.6902 -0.3477
1270.00 -0.4069 -0.5785 -0.5747 -0.5744 -0.5741 -0.3160
1280.00 -0.3861 -0.6214 -0.6183 -0.6239 -0.6170 -0.3197
1290.00 -0.3999 -0.6391 -0.6265 -0.6365 -0.6324 -0.3112
1300.00 -0.3843 -0.6665 -0.6690 -0.6617 -0.6681 -0.3133
1310.00 -0.4042 -0.7004 -0.7103 -0.7038 -0.7085 -0.3261
1320.00 -0.3914 -0.7007 -0.7063 -0.7037 -0.7045 -0.3142
1330.00 -0.4077 -0.5696 -0.5781 -0.5755 -0.5787 -0.3211
1340.00 -0.3940 -0.5957 -0.5906 -0.5982 -0.5957 -0.3124
1350.00 -0.3773 -0.6859 -0.6862 -0.6817 -0.6785 -0.3120
1360.00 -0.4097 -0.6402 -0.6332 -0.6322 -0.6360 -0.3150
1370.00 -0.3969 -0.5722 -0.5745 -0.5703 -0.5746 -0.3090
1380.00 -0.4037 -0.6932 -0.7045 -0.6970 -0.7029 -0.3246
1390.00 -0.3995 -0.5977 -0.6007 -0.6017 -0.5975 -0.3111
1400.00 -0.4158 -0.6374 -0.6414 -0.6394 -0.6401 -0.3224
1410.00 -0.4004 -0.6812 -0.6746 -0.6774 -0.6867 -0.3191
1420.00 -0.3655 -0.5695 -0.5806 -0.5761 -0.5786 -0.3019
1430.00 -0.4146 -0.6873 -0.6876 -0.6871 -0.6956 -0.3299
1440.00 -0.3935 -0.7138 -0.7125 -0.7058 -0.7115 -0.3251
1450.00 -0.4050 -0.5923 -0.5810 -0.5835 -0.5804 -0.3132
1460.00 -0.3729 -0.5418 -0.5493 -0.5539 -0.5470 -0.3005
1470.00 -0.4008 -0.6978 -0.6960 -0.6982 -0.6936 -0.3183
1480.00 -0.3889 -0.5562 -0.5581 -0.5557 -0.5618 -0.3130
1490.00 -0.3822 -0.6702 -0.6750 -0.6741 -0.6693 -0.3020
1500.00 -0.4046 -0.6525 -0.6602 -0.6550 -0.6575 -0.3266
1510.00 -0.4252 -0.7808 -0.7794 -0.7841 -0.7774 -0.3304
1520.00 -0.4114 -0.6230 -0.6221 -0.6257 -0.6318 -0.3245
1530.00 -0.3961 -0.5332 -0.5316 -0.5339 -0.5339 -0.3111
1540.00 -0.3939 -0.5449 -0.5403 -0.5478 -0.5386 -0.3083
1550.00 -0.3833 -0.5693 -0.5668 -0.5735 -0.5676 -0.3105
1560.00 -0.3984 -0.9970 -1.0067 -0.9923 -0.9947 -0.3420
1570.00 -0.3890 -0.5543 -0.5450 -0.5532 -0.5448 -0.2883
1580.00 -0.4149 -0.5266 -0.5198 -0.5219 -0.5260 -0.3262
1590.00 -0.3806 -0.6265 -0.6232 -0.6263 -0.6292 -0.3045
1600.00 -0.4101 -0.6414 -0.6454 -0.6454 -0.6357 -0.3274
1610.00 -0.4024 -0.5919 -0.5936 -0.5933 -0.5920 -0.3211
1620.00 -0.4096 -0.5564 -0.5592 -0.5623 -0.5547 -0.3173
1630.00 -0.4133 -0.6731 -0.6723 -0.6627 -0.6688 -0.3260
1640.00 -0.3613 -0.8630 -0.8658 -0.8716 -0.8644 -0.3113
1650.00 -0.4055 -0.6099 -0.6109 -0.6123 -0.6166 -0.3258
1660.00 -0.3664 -0.5103 -0.5081 -0.5037 -0.5106 -0.2868
1670.00 -0.4140 -0.7249 -0.7280 -0.7216 -0.7284 -0.3267
1680.00 -0.3756 -0.5222 -0.5181 -0.5256 -0.5226 -0.3041
1690.00 -0.4146 -0.6521 -0.6525 -0.6415 -0.6442 -0.3213
1700.00 -0.4267 -0.7391 -0.7326 -0.7240 -0.7309 -0.3347
1710.00 -0.4029 -0.5543 -0.5593 -0.5572 -0.5518 -0.3104
1720.00 -0.4043 -0.6003 -0.6098 -0.6043 -0.6062 -0.3219
1730.00 -0.3594 -0.7591 -0.7596 -0.7594 -0.7599 -0.3065
1740.00 -0.3732 -0.6405 -0.6398 -0.6358 -0.6438 -0.3094
1750.00 -0.4215 -0.6620 -0.6576 -0.6601 -0.6643 -0.3285
1760.00 -0.3806 -0.5918 -0.5929 -0.5927 -0.5904 -0.3042
1770.00 -0.3858 -0.7395 -0.7460 -0.7389 -0.7420 -0.3202
1780.00 -0.3987 -0.5804 -0.5807 -0.5893 -0.5871 -0.3098
1790.00 -0.3842 -0.6482 -0.6482 -0.6489 -0.6504 -0.3191
1800.00 -0.3967 -0.5723 -0.5676 -0.5766 -0.5747 -0.3032
1810.00 -0.4270 -0.6147 -0.6152 -0.6104 -0.6111 -0.3359
1820.00 -0.3913 -0.5957 -0.5899 -0.5873 -0.6000 -0.3089
1830.00 -0.3936 -0.6638 -0.6659 -0.6551 -0.6509 -0.3214
1840.00 -0.3867 -0.7565 -0.7451 -0.7439 -0.7518 -0.3242
1850.00 -0.4228 -0.5270 -0.5356 -0.5382 -0.5369 -0.3199
1860.00 -0.3845 -0.7305 -0.7264 -0.7244 -0.7166 -0.3044
1870.00 -0.3978 -0.6558 -0.6612 -0.6522 -0.6554 -0.3164
1880.00 -0.4052 -0.5739 -0.5708 -0.5665 -0.5738 -0.3155
1890.00 -0.3766 -0.6913 -0.6876 -0.6904 -0.6826 -0.3183
1900.00 -0.4132 -0.6317 -0.6260 -0.6230 -0.6333 -0.3241
1910.00 -0.3931 -0.6528 -0.6532 -0.6585 -0.6490 -0.3152
1920.00 -0.3639 -0.7141 -0.7156 -0.7125 -0.7099 -0.3144
1930.00 -0.3989 -0.8343 -0.8378 -0.8274 -0.8296 -0.3175
1940.00 -0.3947 -0.4950 -0.4879 -0.4835 -0.4895 -0.2952
1950.00 -0.4040 -0.5772 -0.5742 -0.5697 -0.5693 -0.3188
1960.00 -0.4170 -0.6268 -0.6281 -0.6242 -0.6248 -0.3253
1970.00 -0.3868 -0.7445 -0.7458 -0.7472 -0.7494 -0.3202
1980.00 -0.3898 -0.5928 -0.5935 -0.5935 -0.5890 -0.2918
1990.00 -0.4064 -0.6358 -0.6303 -0.6348 -0.6319 -0.3313
2000.00 -0.4001 -0.7362 -0.7427 -0.7411 -0.7461 -0.3321
2010.00 -0.3885 -0.5966 -0.5930 -0.5989 -0.5987 -0.3015
2020.00 -0.4135 -0.7598 -0.7597 -0.7603 -0.7571 -0.3229
2030.00 -0.3894 -0.6857 -0.6786 -0.6807 -0.6746 -0.3159
2040.00 -0.3823 -0.5764 -0.5734 -0.5757 -0.5743 -0.3056
2050.00 -0.4058 -0.4798 -0.4897 -0.4906 -0.4785 -0.3086
2060.00 -0.4062 -0.6466 -0.6445 -0.6509 -0.6557 -0.3226
2070.00 -0.3906 -0.6186 -0.6183 -0.6224 -0.6233 -0.3114
2080.00 -0.3933 -0.5597 -0.5672 -0.5601 -0.5638 -0.3160
2090.00 -0.3851 -0.7687 -0.7682 -0.7725 -0.7665 -0.3210
2100.00 -0.4038 -0.8162 -0.8189 -0.8211 -0.8162 -0.3350
2110.00 -0.3722 -0.6611 -0.6518 -0.6583 -0.6727 -0.2984
2120.00 -0.3877 -0.6905 -0.6894 -0.6895 -0.6831 -0.3079
2130.00 -0.3701 -0.5620 -0.5560 -0.5598 -0.5629 -0.2843
2140.00 -0.4405 -0.5934 -0.6109 -0.6014 -0.5983 -0.3389
2150.00 -0.4109 -0.5272 -0.5236 -0.5292 -0.5236 -0.3085
2160.00 -0.4032 -0.5100 -0.5103 -0.5018 -0.5020 -0.3226
2170.00 -0.3933 -0.6177 -0.6149 -0.6179 -0.6168 -0.3128
2180.00 -0.3953 -0.8231 -0.8253 -0.8348 -0.8370 -0.3344
2190.00 -0.3677 -0.7372 -0.7373 -0.7352 -0.7322 -0.3085
2200.00 -0.3845 -0.6800 -0.6685 -0.6658 -0.6712 -0.3217
2210.00 -0.3846 -0.6984 -0.6960 -0.6922 -0.6918 -0.3027
2220.00 -0.4266 -0.7495 -0.7506 -0.7637 -0.7492 -0.3250
2230.00 -0.3963 -0.5353 -0.5388 -0.5381 -0.5386 -0.3031
2240.00 -0.3842 -0.5844 -0.5913 -0.5871 -0.5877 -0.3072
2250.00 -0.4147 -0.7235 -0.7325 -0.7255 -0.7250 -0.3373
2260.00 -0.4020 -0.6127 -0.6142 -0.6202 -0.6226 -0.3171
2270.00 -0.4097 -0.7274 -0.7333 -0.7336 -0.7203 -0.3209
2280.00 -0.3643 -0.5065 -0.5111 -0.5092 -0.5048 -0.2975
2290.00 -0.4056 -0.6326 -0.6355 -0.6308 -0.6390 -0.3241
2300.00 -0.3567 -0.7967 -0.7986 -0.8069 -0.7932 -0.3040
2310.00 -0.4081 -0.7618 -0.7629 -0.7647 -0.7658 -0.3139
2320.00 -0.4010 -0.5202 -0.5218 -0.5274 -0.5208 -0.3240
2330.00 -0.3781 -0.5775 -0.5785 -0.5778 -0.5819 -0.2984
2340.00 -0.3981 -0.6104 -0.6196 -0.6135 -0.6177 -0.3106
2350.00 -0.4327 -0.7092 -0.7047 -0.6990 -0.7037 -0.3321
2360.00 -0.3810 -0.5908 -0.5964 -0.5831 -0.5954 -0.3038
2370.00 -0.4215 -0.7949 -0.7947 -0.7948 -0.7960 -0.3299
2380.00 -0.3536 -0.6462 -0.6362 -0.6530 -0.6352 -0.3040
2390.00 -0.4171 -0.7413 -0.7593 -0.7547 -0.7450 -0.3294
2400.00 -0.4122 -0.5803 -0.5811 -0.5817 -0.5844 -0.3206
2410.00 -0.3936 -0.6640 -0.6637 -0.6689 -0.6702 -0.3113
2420.00 -0.3542 -0.5496 -0.5521 -0.5528 -0.5451 -0.2804
2430.00 -0.4175 -0.6090 -0.6089 -0.6144 -0.6153 -0.3222
2440.00 -0.3972 -0.6143 -0.6075 -0.6066 -0.6097 -0.3177
2450.00 -0.4008 -0.6499 -0.6488 -0.6469 -0.6520 -0.3207
2460.00 -0.3933 -0.6324 -0.6390 -0.6312 -0.6404 -0.3164
2470.00 -0.4093 -0.5548 -0.5510 -0.5577 -0.5547 -0.3149
2480.00 -0.3760 -0.5851 -0.5861 -0.5917 -0.5912 -0.3030
2490.00 -0.4088 -0.6431 -0.6448 -0.6332 -0.6408 -0.3201
2500.00 -0.4147 -0.6795 -0.6741 -0.6755 -0.6719 -0.3433
2510.00 -0.3586 -0.9684 -0.9822 -0.9861 -0.9815 -0.3186
2520.00 -0.3488 -0.7757 -0.7871 -0.7855 -0.7901 -0.2958
2530.00 -0.4402 -0.6109 -0.6105 -0.6087 -0.6045 -0.3308
2540.00 -0.3948 -0.6214 -0.6183 -0.6153 -0.6169 -0.3110
2550.00 -0.3990 -0.6287 -0.6252 -0.6245 -0.6217 -0.3163
2560.00 -0.3976 -0.4882 -0.4950 -0.4872 -0.4956 -0.3202
2570.00 -0.3860 -0.7506 -0.7537 -0.7544 -0.7480 -0.3080
2580.00 -0.4262 -0.6142 -0.6168 -0.6194 -0.6142 -0.3212
2590.00 -0.4166 -0.5143 -0.5185 -0.5082 -0.5097 -0.3282
2600.00 -0.3835 -0.5126 -0.5067 -0.5121 -0.5057 -0.3048
2610.00 -0.4145 -0.6182 -0.6241 -0.6178 -0.6243 -0.3214
2620.00 -0.3793 -0.7341 -0.7237 -0.7290 -0.7365 -0.3165
2630.00 -0.3536 -0.6843 -0.6812 -0.6854 -0.6786 -0.2981
2640.00 -0.3867 -0.9987 -1.0065 -1.0143 -1.0079 -0.3386
2650.00 -0.3671 -0.6516 -0.6514 -0.6535 -0.6525 -0.2962
2660.00 -0.4088 -0.5915 -0.5842 -0.5871 -0.5896 -0.3215
2670.00 -0.3969 -0.5945 -0.6033 -0.6006 -0.6034 -0.2986
2680.00 -0.4363 -0.5579 -0.5480 -0.5551 -0.5569 -0.3323
2690.00 -0.4138 -0.5123 -0.5061 -0.5123 -0.5103 -0.3211
2700.00 -0.4162 -0.6381 -0.6393 -0.6451 -0.6407 -0.3263
2710.00 -0.4112 -0.5384 -0.5472 -0.5436 -0.5389 -0.3171
2720.00 -0.3940 -0.8115 -0.8055 -0.8168 -0.8179 -0.3249
2730.00 -0.3521 -0.8009 -0.8034 -0.7912 -0.8037 -0.3155
2740.00 -0.3643 -0.6449 -0.6452 -0.6458 -0.6526 -0.2900
2750.00 -0.4133 -0.6530 -0.6472 -0.6417 -0.6416 -0.3241
2760.00 -0.4141 -0.5676 -0.5703 -0.5628 -0.5720 -0.3291
2770.00 -0.3902 -0.6397 -0.6428 -0.6416 -0.6432 -0.3159
2780.00 -0.3941 -0.6086 -0.6041 -0.6072 -0.6015 -0.2891
2790.00 -0.4114 -0.6602 -0.6629 -0.6645 -0.6689 -0.3370
2800.00 -0.3818 -0.6107 -0.6165 -0.6141 -0.6063 -0.3087
2810.00 -0.3827 -0.7108 -0.7237 -0.7147 -0.7208 -0.3219
2820.00 -0.4083 -0.6637 -0.6620 -0.6600 -0.6606 -0.3177
2830.00 -0.3900 -0.6519 -0.6496 -0.6475 -0.6556 -0.3097
2840.00 -0.4212 -0.5535 -0.5614 -0.5666 -0.5631 -0.3332
2850.00 -0.3679 -0.7998 -0.8000 -0.7998 -0.7982 -0.3143
2860.00 -0.3639 -0.6451 -0.6430 -0.6404 -0.6462 -0.2939
2870.00 -0.4130 -0.6980 -0.6986 -0.6863 -0.6827 -0.3289
2880.00 -0.3854 -0.7437 -0.7431 -0.7336 -0.7408 -0.3152
2890.00 -0.4193 -0.6489 -0.6584 -0.6543 -0.6487 -0.3160
2900.00 -0.3822 -0.5152 -0.5122 -0.5196 -0.5186 -0.2968
2910.00 -0.4006 -0.4999 -0.5008 -0.4993 -0.5068 -0.3135
2920.00 -0.4200 -0.6236 -0.6257 -0.6216 -0.6172 -0.3281
2930.00 -0.4067 -0.6737 -0.6809 -0.6738 -0.6676 -0.3267
2940.00 -0.3801 -0.6205 -0.6198 -0.6151 -0.6052 -0.3188
2950.00 -0.3641 -0.9741 -0.9701 -0.9790 -0.9809 -0.3207
2960.00 -0.3926 -0.7810 -0.7909 -0.7849 -0.7864 -0.2937
2970.00 -0.4016 -0.4765 -0.4768 -0.4802 -0.4742 -0.3162
2980.00 -0.4183 -0.5337 -0.5348 -0.5274 -0.5346 -0.3076
2990.00 -0.4077 -0.4983 -0.4907 -0.4957 -0.4967 -0.3102
3000.00 -0.4092 -0.5927 -0.5853 -0.5936 -0.5937 -0.3247
3010.00 -0.3908 -0.7052 -0.7138 -0.6981 -0.7107 -0.3284
3020.00 -0.3916 -0.6645 -0.6704 -0.6665 -0.6610 -0.3243
3030.00 -0.3862 -0.6605 -0.6678 -0.6690 -0.6606 -0.3167
3040.00 -0.3492 -0.9190 -0.9151 -0.9152 -0.9234 -0.3042
3050.00 -0.4338 -0.7763 -0.7671 -0.7649 -0.7711 -0.3235
3060.00 -0.4312 -0.4987 -0.5009 -0.5015 -0.5027 -0.3208
3070.00 -0.3792 -0.4958 -0.4932 -0.4968 -0.4976 -0.2982
3080.00 -0.4049 -0.7059 -0.7059 -0.6973 -0.7044 -0.3260
3090.00 -0.4122 -0.5178 -0.5210 -0.5169 -0.5172 -0.3089
3100.00 -0.3978 -0.5402 -0.5418 -0.5387 -0.5324 -0.3244
3110.00 -0.3595 -0.7630 -0.7672 -0.7817 -0.7636 -0.3132
3120.00 -0.3890 -1.0416 -1.0267 -1.0347 -1.0334 -0.3391
3130.00 -0.3854 -0.6629 -0.6620 -0.6577 -0.6545 -0.2984
3140.00 -0.3925 -0.5799 -0.5727 -0.5786 -0.5799 -0.3110
3150.00 -0.4211 -0.6335 -0.6319 -0.6315 -0.6327 -0.3196
3160.00 -0.3901 -0.5353 -0.5312 -0.5409 -0.5415 -0.3082
3170.00 -0.3913 -0.6500 -0.6503 -0.6498 -0.6500 -0.3129
3180.00 -0.3985 -0.5782 -0.5804 -0.5719 -0.5752 -0.3075
3190.00 -0.3889 -0.6856 -0.6915 -0.6866 -0.6923 -0.3190
3200.00 -0.3724 -0.8721 -0.8840 -0.8777 -0.8891 -0.3143
3210.00 -0.3916 -0.5933 -0.5915 -0.5927 -0.5907 -0.2966
3220.00 -0.4247 -0.6365 -0.6380 -0.6329 -0.6449 -0.3302
3230.00 -0.4023 -0.6503 -0.6472 -0.6483 -0.6486 -0.3217
3240.00 -0.3994 -0.5677 -0.5738 -0.5706 -0.5652 -0.3105
3250.00 -0.4315 -0.5894 -0.5799 -0.5900 -0.5841 -0.3304
3260.00 -0.3682 -0.7381 -0.7348 -0.7342 -0.7411 -0.2986
3270.00 -0.4152 -0.6845 -0.6701 -0.6845 -0.6845 -0.3247
3280.00 -0.3628 -0.6323 -0.6285 -0.6443 -0.6381 -0.3020
3290.00 -0.4239 -0.5557 -0.5601 -0.5489 -0.5565 -0.3154
3300.00 -0.4063 -0.5980 -0.6038 -0.5962 -0.5992 -0.3271
3310.00 -0.3807 -0.6269 -0.6252 -0.6296 -0.6233 -0.3087
3320.00 -0.4094 -0.8128 -0.8101 -0.8205 -0.8097 -0.3354
3330.00 -0.3624 -0.6220 -0.6200 -0.6205 -0.6204 -0.2887
3340.00 -0.4075 -0.5805 -0.5775 -0.5808 -0.5831 -0.3127
3350.00 -0.4030 -0.6334 -0.6409 -0.6367 -0.6435 -0.3110
3360.00 -0.4221 -0.5927 -0.6001 -0.5984 -0.6032 -0.3256
3370.00 -0.4035 -0.5598 -0.5508 -0.5560 -0.5607 -0.3141
3380.00 -0.3748 -0.7697 -0.7682 -0.7642 -0.7728 -0.3247
3390.00 -0.3933 -0.7939 -0.8109 -0.7960 -0.7937 -0.3350
3400.00 -0.3678 -0.6541 -0.6488 -0.6524 -0.6504 -0.2953
3410.00 -0.3595 -0.6482 -0.6570 -0.6546 -0.6532 -0.2874
3420.00 -0.4344 -0.5941 -0.5936 -0.5967 -0.5846 -0.3439
3430.00 -0.3858 -0.7852 -0.7877 -0.7841 -0.7880 -0.3075
3440.00 -0.3801 -0.5506 -0.5438 -0.5522 -0.5512 -0.3113
3450.00 -0.3906 -0.6654 -0.6637 -0.6654 -0.6632 -0.3090
3460.00 -0.4058 -0.7181 -0.7140 -0.7124 -0.7100 -0.3183
3470.00 -0.3976 -0.5598 -0.5603 -0.5655 -0.5731 -0.3095
3480.00 -0.3890 -0.5200 -0.5224 -0.5221 -0.5202 -0.3119
3490.00 -0.4352 -0.7363 -0.7310 -0.7406 -0.7291 -0.3350
3500.00 -0.3760 -0.5832 -0.5892 -0.5887 -0.5982 -0.3032
3510.00 -0.4067 -0.5522 -0.5500 -0.5559 -0.5464 -0.3147
3520.00 -0.3840 -0.6310 -0.6323 -0.6340 -0.6357 -0.3176
3530.00 -0.3746 -0.9195 -0.9279 -0.9372 -0.9171 -0.3389
3540.00 -0.3610 -0.6646 -0.6757 -0.6626 -0.6712 -0.2948
3550.00 -0.4198 -0.6407 -0.6409 -0.6452 -0.6525 -0.3157
3560.00 -0.3778 -0.4902 -0.4908 -0.4866 -0.4901 -0.2930
3570.00 -0.4450 -0.5565 -0.5656 -0.5597 -0.5581 -0.3380
3580.00 -0.3668 -0.6547 -0.6564 -0.6633 -0.6571 -0.3117
3590.00 -0.3818 -0.8680 -0.8567 -0.8582 -0.8529 -0.3282
3600.00 -0.3619 -0.8577 -0.8456 -0.8408 -0.8483 -0.3124
3610.00 -0.4091 -0.6106 -0.6058 -0.6053 -0.6041 -0.3120
3620.00 -0.4168 -0.6061 -0.6091 -0.6124 -0.6098 -0.3231
3630.00 -0.4159 -0.5294 -0.5295 -0.5323 -0.5292 -0.3234
3640.00 -0.3613 -0.5436 -0.5469 -0.5448 -0.5445 -0.2919
3650.00 -0.4111 -0.7372 -0.7407 -0.7473 -0.7401 -0.3232
3660.00 -0.4160 -0.5859 -0.5911 -0.5981 -0.5905 -0.3155
3670.00 -0.3921 -0.6797 -0.6684 -0.6766 -0.6804 -0.3213
3680.00 -0.3999 -0.6408 -0.6407 -0.6361 -0.6341 -0.3112
3690.00 -0.3940 -0.6530 -0.6560 -0.6515 -0.6542 -0.3110
3700.00 -0.3854 -0.5764 -0.5700 -0.5680 -0.5756 -0.3008
3710.00 -0.4004 -0.7966 -0.8037 -0.7934 -0.7958 -0.3254
3720.00 -0.4183 -0.6151 -0.6188 -0.6226 -0.6152 -0.3156
3730.00 -0.3678 -0.5739 -0.5716 -0.5750 -0.5703 -0.3050
3740.00 -0.3703 -0.9110 -0.9136 -0.9060 -0.9125 -0.3240
3750.00 -0.3917 -0.7407 -0.7384 -0.7316 -0.7387 -0.3147
3760.00 -0.4008 -0.5683 -0.5703 -0.5701 -0.5756 -0.3096
3770.00 -0.4101 -0.5313 -0.5298 -0.5306 -0.5302 -0.3110
3780.00 -0.4104 -0.5028 -0.5014 -0.5049 -0.5124 -0.3186
3790.00 -0.4274 -0.6155 -0.6164 -0.6149 -0.6115 -0.3356
3800.00 -0.3627 -0.6699 -0.6810 -0.6702 -0.6847 -0.3069
3810.00 -0.3947 -0.6362 -0.6276 -0.6305 -0.6351 -0.3210
3820.00 -0.3784 -0.6838 -0.6833 -0.6881 -0.6768 -0.3167
3830.00 -0.3946 -0.6106 -0.6173 -0.6139 -0.6095 -0.3110
3840.00 -0.3490 -0.7064 -0.7024 -0.7048 -0.7031 -0.3091
3850.00 -0.3952 -0.8702 -0.8719 -0.8752 -0.8709 -0.3175
3860.00 -0.3986 -0.6469 -0.6569 -0.6471 -0.6525 -0.3113
3870.00 -0.4405 -0.5798 -0.5846 -0.5795 -0.5816 -0.3365
3880.00 -0.3890 -0.4480 -0.4513 -0.4487 -0.4471 -0.2959
3890.00 -0.3886 -0.6353 -0.6249 -0.6324 -0.6174 -0.3083
3900.00 -0.4050 -0.7064 -0.7048 -0.7009 -0.6963 -0.3296
3910.00 -0.3852 -0.7895 -0.7947 -0.7931 -0.7997 -0.3256
3920.00 -0.3931 -0.6496 -0.6450 -0.6572 -0.6533 -0.3112
3930.00 -0.4008 -0.6629 -0.6615 -0.6631 -0.6663 -0.3195
3940.00 -0.3902 -0.5845 -0.5745 -0.5816 -0.5800 -0.3186
3950.00 -0.4148 -0.6396 -0.6506 -0.6262 -0.6350 -0.3174
3960.00 -0.3699 -0.6157 -0.6157 -0.6145 -0.6135 -0.3007
3970.00 -0.3644 -0.6848 -0.6884 -0.6836 -0.6885 -0.3000
3980.00 -0.4394 -0.6971 -0.6922 -0.6979 -0.6962 -0.3346
3990.00 -0.3911 -0.6959 -0.6903 -0.6952 -0.6866 -0.3136
4000.00 -0.3947 -0.5304 -0.5294 -0.5437 -0.5363 -0.3105
