10.00 -0.4975 -0.4922 -0.4962 -0.4874 -0.4870 -0.3198
20.00 -0.5145 -0.4997 -0.5145 -0.5119 -0.4966 -0.3210
30.00 -0.4880 -0.4877 -0.4719 -0.4768 -0.4811 -0.3170
40.00 -0.4618 -0.4707 -0.4709 -0.4770 -0.4788 -0.3135
50.00 -0.4760 -0.4927 -0.4777 -0.5014 -0.5007 -0.3072
60.00 -0.4916 -0.4952 -0.5108 -0.5058 -0.5053 -0.3184
70.00 -0.4657 -0.4743 -0.4640 -0.4736 -0.4754 -0.3154
80.00 -0.4972 -0.4959 -0.4821 -0.4921 -0.4942 -0.3156
90.00 -0.4621 -0.4525 -0.4571 -0.4653 -0.4540 -0.3061
100.00 -0.5221 -0.5221 -0.5159 -0.5167 -0.5370 -0.3226
110.00 -0.5111 -0.5159 -0.5118 -0.5141 -0.5222 -0.3226
120.00 -0.4685 -0.4717 -0.4722 -0.4790 -0.4761 -0.3134
130.00 -0.4753 -0.4644 -0.4639 -0.4679 -0.4756 -0.3149
140.00 -0.5013 -0.4957 -0.5110 -0.5130 -0.5098 -0.3356
150.00 -0.4700 -0.4748 -0.4713 -0.4708 -0.4656 -0.3151
160.00 -0.4776 -0.4816 -0.4992 -0.4939 -0.4831 -0.3141
170.00 -0.4891 -0.4968 -0.4984 -0.4958 -0.4760 -0.3155
180.00 -0.5083 -0.5220 -0.5077 -0.4936 -0.4950 -0.3340
190.00 -0.4812 -0.4666 -0.4693 -0.4729 -0.4768 -0.3045
200.00 -0.5149 -0.5034 -0.5003 -0.5112 -0.4955 -0.3257
210.00 -0.4565 -0.4502 -0.4466 -0.4443 -0.4432 -0.3036
220.00 -0.5097 -0.4960 -0.5049 -0.5141 -0.4925 -0.3280
230.00 -0.4723 -0.4735 -0.4762 -0.4737 -0.4656 -0.3004
240.00 -0.5123 -0.5165 -0.5057 -0.5340 -0.5179 -0.3285
250.00 -0.4706 -0.4884 -0.4810 -0.4861 -0.4801 -0.3126
260.00 -0.4883 -0.4742 -0.4850 -0.4931 -0.4899 -0.3217
270.00 -0.5148 -0.5176 -0.4849 -0.5088 -0.5156 -0.3236
280.00 -0.4736 -0.4677 -0.4373 -0.4646 -0.4784 -0.2981
290.00 -0.5245 -0.5171 -0.5168 -0.4944 -0.5162 -0.3340
300.00 -0.5119 -0.4946 -0.4992 -0.4734 -0.5038 -0.3038
310.00 -0.4773 -0.4608 -0.4810 -0.4613 -0.4801 -0.3089
320.00 -0.4875 -0.4867 -0.4840 -0.4912 -0.4834 -0.3107
330.00 -0.4912 -0.5023 -0.4867 -0.5026 -0.5099 -0.3208
340.00 -0.4764 -0.4776 -0.4519 -0.4715 -0.4734 -0.3115
350.00 -0.4900 -0.5016 -0.4893 -0.4988 -0.5114 -0.3167
360.00 -0.4887 -0.4865 -0.4847 -0.5004 -0.4944 -0.3205
370.00 -0.4689 -0.4605 -0.4737 -0.4751 -0.4616 -0.3074
380.00 -0.4961 -0.5039 -0.4907 -0.5112 -0.4979 -0.3217
390.00 -0.5067 -0.4888 -0.4933 -0.4889 -0.5025 -0.3198
400.00 -0.4678 -0.4732 -0.4680 -0.4733 -0.4854 -0.3199
410.00 -0.5081 -0.5046 -0.5077 -0.5131 -0.5105 -0.3352
420.00 -0.4864 -0.4820 -0.4724 -0.4618 -0.4934 -0.2941
430.00 -0.4770 -0.4688 -0.4685 -0.4777 -0.4764 -0.3151
440.00 -0.5093 -0.5166 -0.5091 -0.5071 -0.5183 -0.3242
450.00 -0.4946 -0.4754 -0.4933 -0.4880 -0.4886 -0.3192
460.00 -0.4645 -0.4660 -0.4688 -0.4732 -0.4661 -0.3100
470.00 -0.5327 -0.5204 -0.5215 -0.5149 -0.5185 -0.3175
480.00 -0.4691 -0.4525 -0.4721 -0.4785 -0.4618 -0.3056
490.00 -0.4858 -0.4697 -0.4625 -0.4859 -0.4728 -0.3144
500.00 -0.4971 -0.4847 -0.4736 -0.4945 -0.4976 -0.3164
510.00 -0.5007 -0.5138 -0.5107 -0.5153 -0.5055 -0.3169
520.00 -0.4936 -0.4860 -0.4981 -0.4917 -0.4745 -0.3322
530.00 -0.4763 -0.4816 -0.4777 -0.4706 -0.4735 -0.3138
540.00 -0.5007 -0.5155 -0.5128 -0.5035 -0.5080 -0.3221
550.00 -0.4778 -0.4771 -0.4852 -0.4855 -0.4625 -0.3194
560.00 -0.4873 -0.4787 -0.4832 -0.4716 -0.4842 -0.3101
570.00 -0.4961 -0.4947 -0.4939 -0.4931 -0.4952 -0.3141
580.00 -0.4967 -0.4925 -0.4903 -0.4902 -0.4982 -0.3206
590.00 -0.4761 -0.4843 -0.4675 -0.4866 -0.4796 -0.3168
600.00 -0.4923 -0.4893 -0.4837 -0.4909 -0.4893 -0.3171
610.00 -0.4692 -0.4834 -0.4750 -0.4804 -0.4863 -0.3073
620.00 -0.5232 -0.5191 -0.5218 -0.5177 -0.5313 -0.3216
630.00 -0.4852 -0.4793 -0.4894 -0.4678 -0.4784 -0.3158
640.00 -0.4984 -0.4932 -0.4877 -0.4990 -0.4837 -0.3123
650.00 -0.4862 -0.4743 -0.4948 -0.4918 -0.4678 -0.3095
660.00 -0.4734 -0.4721 -0.4711 -0.4699 -0.4812 -0.3190
670.00 -0.5013 -0.4971 -0.5188 -0.4976 -0.5044 -0.3250
680.00 -0.4937 -0.4875 -0.4947 -0.4647 -0.4890 -0.3123
690.00 -0.4861 -0.4969 -0.4949 -0.4793 -0.4916 -0.3218
700.00 -0.4630 -0.4583 -0.4654 -0.4466 -0.4592 -0.2923
710.00 -0.5452 -0.5495 -0.5365 -0.5158 -0.5369 -0.3388
720.00 -0.4730 -0.4575 -0.4540 -0.4534 -0.4561 -0.3012
730.00 -0.4726 -0.4752 -0.4736 -0.4647 -0.4530 -0.3089
740.00 -0.5062 -0.5063 -0.4957 -0.5004 -0.5004 -0.3224
750.00 -0.5000 -0.4979 -0.5095 -0.4882 -0.5000 -0.3178
760.00 -0.4800 -0.4782 -0.4688 -0.4652 -0.4761 -0.3171
770.00 -0.4975 -0.5085 -0.5003 -0.5041 -0.4963 -0.3272
780.00 -0.4788 -0.4759 -0.4798 -0.4728 -0.4740 -0.3002
790.00 -0.5217 -0.5127 -0.5147 -0.5055 -0.5225 -0.3204
800.00 -0.4859 -0.4829 -0.4812 -0.4934 -0.4885 -0.3315
810.00 -0.4780 -0.4938 -0.4803 -0.5020 -0.4870 -0.3036
820.00 -0.4706 -0.4859 -0.4876 -0.4813 -0.4720 -0.3209
830.00 -0.4804 -0.4832 -0.4732 -0.4651 -0.4936 -0.3182
840.00 -0.4819 -0.4693 -0.4689 -0.4677 -0.4671 -0.2993
850.00 -0.4989 -0.4860 -0.4931 -0.5002 -0.5050 -0.3314
860.00 -0.4786 -0.4915 -0.4888 -0.4944 -0.4976 -0.3162
870.00 -0.4546 -0.4528 -0.4518 -0.4567 -0.4631 -0.2968
880.00 -0.5059 -0.4919 -0.4903 -0.5000 -0.5096 -0.3207
890.00 -0.4889 -0.4990 -0.4982 -0.4989 -0.4950 -0.3089
900.00 -0.4931 -0.4865 -0.4834 -0.4852 -0.4891 -0.3221
910.00 -0.5105 -0.5072 -0.5210 -0.5203 -0.5023 -0.3293
920.00 -0.4759 -0.4609 -0.4667 -0.4730 -0.4770 -0.3154
930.00 -0.4974 -0.4804 -0.5035 -0.5000 -0.4920 -0.3161
940.00 -0.4580 -0.4495 -0.4432 -0.4529 -0.4559 -0.2995
950.00 -0.5089 -0.5112 -0.5244 -0.5201 -0.5101 -0.3258
960.00 -0.4671 -0.4861 -0.4786 -0.4776 -0.4827 -0.3151
970.00 -0.4901 -0.4868 -0.5012 -0.5098 -0.5000 -0.3183
980.00 -0.4807 -0.4679 -0.4843 -0.4829 -0.4696 -0.3150
990.00 -0.4980 -0.4996 -0.5021 -0.4938 -0.5014 -0.3244
1000.00 -0.4792 -0.4837 -0.4783 -0.4666 -0.4814 -0.3076
1010.00 -0.5220 -0.6234 -0.6323 -0.6391 -0.6293 -0.3363
1020.00 -0.5599 -0.8961 -0.9034 -0.9043 -0.9093 -0.3501
1030.00 -0.5419 -0.9232 -0.9281 -0.9245 -0.9218 -0.3122
1040.00 -0.4740 -0.7289 -0.7200 -0.7225 -0.7284 -0.3061
1050.00 -0.4098 -0.5005 -0.5055 -0.5039 -0.5065 -0.3011
1060.00 -0.4317 -0.5542 -0.5578 -0.5550 -0.5582 -0.3129
1070.00 -0.4301 -0.5316 -0.5316 -0.5313 -0.5316 -0.3237
1080.00 -0.4435 -0.5905 -0.5881 -0.5889 -0.5880 -0.3231
1090.00 -0.4068 -0.5305 -0.5315 -0.5326 -0.5376 -0.3038
1100.00 -0.4469 -0.6051 -0.6058 -0.6053 -0.6078 -0.3203
1110.00 -0.4161 -0.4890 -0.4934 -0.4955 -0.4834 -0.3142
1120.00 -0.4362 -0.5469 -0.5557 -0.5505 -0.5551 -0.3218
1130.00 -0.4364 -0.6108 -0.6071 -0.6007 -0.6007 -0.3168
1140.00 -0.4240 -0.6065 -0.6080 -0.6084 -0.6081 -0.3145
1150.00 -0.4285 -0.5646 -0.5657 -0.5595 -0.5683 -0.3206
1160.00 -0.4169 -0.5231 -0.5250 -0.5161 -0.5253 -0.3142
1170.00 -0.4233 -0.6128 -0.6080 -0.6089 -0.6104 -0.3138
1180.00 -0.4337 -0.6068 -0.6016 -0.6099 -0.6033 -0.3247
1190.00 -0.4185 -0.5939 -0.6002 -0.5958 -0.6005 -0.3096
1200.00 -0.4111 -0.5198 -0.5134 -0.5159 -0.5203 -0.3137
1210.00 -0.4184 -0.5056 -0.5031 -0.5034 -0.5006 -0.3189
1220.00 -0.4426 -0.7065 -0.7078 -0.7094 -0.7063 -0.3397
1230.00 -0.4264 -0.5657 -0.5665 -0.5665 -0.5715 -0.3214
1240.00 -0.4086 -0.5269 -0.5239 -0.5311 -0.5305 -0.3261
1250.00 -0.4322 -0.6561 -0.6488 -0.6500 -0.6543 -0.3216
1260.00 -0.4109 -0.6230 -0.6189 -0.6193 -0.6176 -0.3023
1270.00 -0.4395 -0.6135 -0.6074 -0.6090 -0.6040 -0.3387
1280.00 -0.4129 -0.5646 -0.5720 -0.5738 -0.5729 -0.3108
1290.00 -0.4042 -0.5701 -0.5680 -0.5674 -0.5746 -0.3132
1300.00 -0.4162 -0.5682 -0.5666 -0.5649 -0.5636 -0.3147
1310.00 -0.4435 -0.5803 -0.5854 -0.5868 -0.5878 -0.3356
1320.00 -0.4181 -0.5693 -0.5705 -0.5618 -0.5629 -0.3182
1330.00 -0.4245 -0.5844 -0.5762 -0.5833 -0.5813 -0.3255
1340.00 -0.4076 -0.5833 -0.5896 -0.5854 -0.5837 -0.3213
1350.00 -0.4254 -0.6999 -0.6998 -0.7004 -0.7004 -0.3162
1360.00 -0.4277 -0.7223 -0.7165 -0.7202 -0.7225 -0.3272
1370.00 -0.4011 -0.5315 -0.5305 -0.5292 -0.5291 -0.2995
1380.00 -0.4145 -0.7028 -0.6963 -0.7013 -0.6972 -0.3285
1390.00 -0.3912 -0.5925 -0.5949 -0.5897 -0.5983 -0.3075
1400.00 -0.4537 -0.7691 -0.7772 -0.7661 -0.7769 -0.3448
1410.00 -0.4007 -0.5672 -0.5685 -0.5690 -0.5684 -0.3061
1420.00 -0.4155 -0.6995 -0.6919 -0.6921 -0.6937 -0.3204
1430.00 -0.4243 -0.7013 -0.7038 -0.6952 -0.6970 -0.3276
1440.00 -0.4102 -0.6673 -0.6696 -0.6675 -0.6592 -0.3198
1450.00 -0.3962 -0.6023 -0.6035 -0.6034 -0.6073 -0.3043
1460.00 -0.4284 -0.7433 -0.7324 -0.7363 -0.7367 -0.3344
1470.00 -0.4211 -0.7098 -0.7072 -0.7119 -0.7038 -0.3211
1480.00 -0.3875 -0.5004 -0.5028 -0.5023 -0.4982 -0.3009
1490.00 -0.4383 -0.7228 -0.7233 -0.7167 -0.7324 -0.3396
1500.00 -0.4320 -0.7887 -0.7943 -0.7897 -0.7775 -0.3326
1510.00 -0.3919 -0.6816 -0.6751 -0.6775 -0.6783 -0.3060
1520.00 -0.4009 -0.6150 -0.6106 -0.6219 -0.6154 -0.3032
1530.00 -0.3966 -0.5977 -0.5941 -0.5953 -0.5839 -0.2948
1540.00 -0.4360 -0.5590 -0.5663 -0.5678 -0.5649 -0.3267
1550.00 -0.4117 -0.5706 -0.5727 -0.5800 -0.5707 -0.3186
1560.00 -0.4264 -0.6183 -0.6173 -0.6185 -0.6184 -0.3189
1570.00 -0.4021 -0.6163 -0.6325 -0.6292 -0.6219 -0.3120
1580.00 -0.4169 -0.6341 -0.6356 -0.6296 -0.6355 -0.3232
1590.00 -0.4175 -0.7833 -0.7800 -0.7796 -0.7727 -0.3413
1600.00 -0.3890 -0.5673 -0.5683 -0.5780 -0.5711 -0.2897
1610.00 -0.4168 -0.6328 -0.6313 -0.6388 -0.6316 -0.3243
1620.00 -0.4286 -0.5697 -0.5791 -0.5679 -0.5790 -0.3299
1630.00 -0.4230 -0.5916 -0.5893 -0.5832 -0.5886 -0.3196
1640.00 -0.4106 -0.7059 -0.7011 -0.7082 -0.7068 -0.3239
1650.00 -0.4143 -0.7971 -0.8007 -0.7907 -0.7960 -0.3253
1660.00 -0.3906 -0.5197 -0.5287 -0.5276 -0.5182 -0.3006
1670.00 -0.4180 -0.8436 -0.8251 -0.8322 -0.8208 -0.3296
1680.00 -0.4146 -0.8762 -0.8877 -0.8758 -0.8867 -0.3231
1690.00 -0.4426 -0.6496 -0.6558 -0.6551 -0.6530 -0.3251
1700.00 -0.3935 -0.6065 -0.6089 -0.6120 -0.6115 -0.3089
1710.00 -0.4359 -0.6037 -0.6033 -0.6094 -0.6005 -0.3338
1720.00 -0.4137 -0.5854 -0.5859 -0.5842 -0.5943 -0.3156
1730.00 -0.4349 -0.8119 -0.8195 -0.8101 -0.8028 -0.3381
1740.00 -0.4153 -0.5695 -0.5637 -0.5713 -0.5675 -0.3071
1750.00 -0.4071 -0.5181 -0.5162 -0.5142 -0.5225 -0.3148
1760.00 -0.4157 -0.8712 -0.8614 -0.8609 -0.8639 -0.3358
1770.00 -0.3928 -0.6418 -0.6387 -0.6509 -0.6465 -0.3092
1780.00 -0.4090 -0.7878 -0.7759 -0.7782 -0.7723 -0.3201
1790.00 -0.4172 -0.5499 -0.5528 -0.5491 -0.5480 -0.3134
1800.00 -0.4426 -0.8126 -0.8077 -0.8080 -0.8035 -0.3341
1810.00 -0.4045 -0.6016 -0.5979 -0.5965 -0.6032 -0.3155
1820.00 -0.3895 -0.5107 -0.5061 -0.5059 -0.5132 -0.2943
1830.00 -0.4388 -0.6514 -0.6499 -0.6416 -0.6519 -0.3434
1840.00 -0.4355 -0.6797 -0.6814 -0.6766 -0.6784 -0.3400
1850.00 -0.4188 -0.6869 -0.6861 -0.6855 -0.6910 -0.3293
1860.00 -0.3871 -0.5599 -0.5730 -0.5634 -0.5660 -0.3030
1870.00 -0.4075 -0.7148 -0.7253 -0.7211 -0.7229 -0.3234
1880.00 -0.4000 -0.7168 -0.7067 -0.7105 -0.7084 -0.3154
1890.00 -0.4552 -0.7502 -0.7416 -0.7530 -0.7420 -0.3519
1900.00 -0.3927 -0.5850 -0.5813 -0.5762 -0.5850 -0.3012
1910.00 -0.4266 -0.8071 -0.8042 -0.8137 -0.8037 -0.3247
1920.00 -0.4294 -0.7156 -0.7221 -0.7096 -0.7185 -0.3305
1930.00 -0.4069 -0.7370 -0.7478 -0.7432 -0.7476 -0.3192
1940.00 -0.4085 -0.6016 -0.5996 -0.5997 -0.5974 -0.3094
1950.00 -0.3627 -0.6482 -0.6495 -0.6468 -0.6414 -0.2944
1960.00 -0.4621 -0.7340 -0.7280 -0.7282 -0.7207 -0.3426
1970.00 -0.4166 -0.5489 -0.5463 -0.5419 -0.5492 -0.3153
1980.00 -0.3921 -0.8354 -0.8269 -0.8319 -0.8323 -0.3167
1990.00 -0.3983 -0.7755 -0.7740 -0.7706 -0.7644 -0.3075
2000.00 -0.4499 -0.6132 -0.6105 -0.6172 -0.6142 -0.3379
2010.00 -0.3970 -0.5562 -0.5540 -0.5485 -0.5569 -0.3124
2020.00 -0.4175 -0.5937 -0.5930 -0.6004 -0.6019 -0.3122
2030.00 -0.4059 -0.7115 -0.7165 -0.7193 -0.7233 -0.3254
2040.00 -0.4081 -0.8670 -0.8580 -0.8566 -0.8497 -0.3272
2050.00 -0.3877 -0.5998 -0.6025 -0.6066 -0.6002 -0.2982
2060.00 -0.4300 -0.6457 -0.6446 -0.6514 -0.6536 -0.3231
2070.00 -0.4372 -0.6172 -0.6283 -0.6238 -0.6223 -0.3336
2080.00 -0.3982 -0.5251 -0.5321 -0.5340 -0.5305 -0.3060
2090.00 -0.4134 -0.6758 -0.6813 -0.6754 -0.6755 -0.3165
2100.00 -0.4155 -0.5730 -0.5713 -0.5809 -0.5737 -0.3130
2110.00 -0.4133 -0.7223 -0.7191 -0.7238 -0.7237 -0.3291
2120.00 -0.4349 -0.6413 -0.6379 -0.6372 -0.6374 -0.3322
2130.00 -0.4477 -0.7990 -0.7994 -0.8017 -0.8009 -0.3442
2140.00 -0.3850 -0.5172 -0.5224 -0.5170 -0.5230 -0.3076
2150.00 -0.4195 -0.9696 -0.9753 -0.9646 -0.9614 -0.3561
2160.00 -0.3857 -0.7943 -0.7850 -0.7905 -0.7874 -0.2959
2170.00 -0.4066 -0.5905 -0.5945 -0.5861 -0.5957 -0.3045
2180.00 -0.4446 -0.5438 -0.5405 -0.5374 -0.5394 -0.3285
2190.00 -0.4022 -0.5968 -0.6025 -0.6063 -0.5968 -0.3127
2200.00 -0.4038 -0.6051 -0.6034 -0.5964 -0.6021 -0.3112
2210.00 -0.4448 -0.7965 -0.8022 -0.7988 -0.8044 -0.3475
2220.00 -0.3978 -0.5598 -0.5541 -0.5552 -0.5520 -0.3125
2230.00 -0.4146 -0.7961 -0.7917 -0.7942 -0.8058 -0.3311
2240.00 -0.4171 -0.8960 -0.8903 -0.9048 -0.8959 -0.3386
2250.00 -0.4079 -0.8914 -0.9039 -0.9020 -0.9031 -0.3239
2260.00 -0.3848 -0.5420 -0.5409 -0.5408 -0.5418 -0.2860
2270.00 -0.4268 -0.6040 -0.6049 -0.6058 -0.6025 -0.3456
2280.00 -0.4108 -0.7039 -0.7119 -0.7162 -0.7131 -0.3056
2290.00 -0.4150 -0.6238 -0.6195 -0.6155 -0.6271 -0.3232
2300.00 -0.4232 -0.6491 -0.6559 -0.6509 -0.6400 -0.3254
2310.00 -0.4138 -0.5872 -0.5797 -0.5762 -0.5869 -0.3138
2320.00 -0.4431 -0.6778 -0.6787 -0.6733 -0.6768 -0.3434
2330.00 -0.3842 -0.6233 -0.6274 -0.6248 -0.6189 -0.3030
2340.00 -0.4218 -0.6925 -0.7053 -0.6961 -0.6919 -0.3324
2350.00 -0.4323 -0.6736 -0.6775 -0.6686 -0.6695 -0.3301
2360.00 -0.4106 -0.7488 -0.7390 -0.7468 -0.7576 -0.3193
2370.00 -0.3945 -0.8112 -0.8156 -0.8165 -0.8150 -0.3239
2380.00 -0.3847 -0.6263 -0.6206 -0.6281 -0.6286 -0.2954
2390.00 -0.4383 -0.7123 -0.7165 -0.7136 -0.7111 -0.3475
2400.00 -0.3776 -0.7551 -0.7487 -0.7600 -0.7510 -0.3160
2410.00 -0.4412 -1.0000 -0.9968 -0.9991 -0.9948 -0.3416
2420.00 -0.3939 -0.5093 -0.5101 -0.4982 -0.5095 -0.2907
2430.00 -0.4375 -0.5821 -0.5819 -0.5725 -0.5818 -0.3269
2440.00 -0.3780 -0.5455 -0.5387 -0.5397 -0.5447 -0.2945
2450.00 -0.4609 -0.9624 -0.9654 -0.9621 -0.9663 -0.3639
2460.00 -0.3976 -0.5012 -0.4991 -0.4994 -0.4986 -0.3059
2470.00 -0.4103 -0.6115 -0.6083 -0.6220 -0.6114 -0.3163
2480.00 -0.4031 -0.6377 -0.6323 -0.6325 -0.6349 -0.3053
2490.00 -0.4239 -0.7370 -0.7378 -0.7381 -0.7316 -0.3363
2500.00 -0.4233 -0.6433 -0.6323 -0.6382 -0.6329 -0.3192
2510.00 -0.4120 -0.6088 -0.6103 -0.6108 -0.6149 -0.3185
2520.00 -0.4291 -0.7274 -0.7353 -0.7215 -0.7288 -0.3370
2530.00 -0.3993 -0.6072 -0.6040 -0.6007 -0.6024 -0.3174
2540.00 -0.4402 -0.7356 -0.7308 -0.7370 -0.7338 -0.3344
2550.00 -0.4185 -0.6957 -0.6910 -0.6897 -0.6888 -0.3122
2560.00 -0.3825 -0.8008 -0.8148 -0.8197 -0.8081 -0.3246
2570.00 -0.3938 -0.7938 -0.7882 -0.7994 -0.7848 -0.3004
2580.00 -0.4056 -0.5233 -0.5329 -0.5239 -0.5227 -0.3160
2590.00 -0.4481 -0.6683 -0.6787 -0.6715 -0.6710 -0.3409
2600.00 -0.4257 -0.5104 -0.5061 -0.5074 -0.5078 -0.3099
2610.00 -0.3971 -0.6271 -0.6246 -0.6214 -0.6333 -0.3072
2620.00 -0.4117 -0.8279 -0.8259 -0.8340 -0.8285 -0.3330
2630.00 -0.4122 -0.9164 -0.9230 -0.9227 -0.9129 -0.3182
2640.00 -0.3966 -0.7719 -0.7733 -0.7648 -0.7694 -0.3290
2650.00 -0.4387 -0.6871 -0.6804 -0.6861 -0.6865 -0.3277
2660.00 -0.4152 -0.5642 -0.5524 -0.5619 -0.5599 -0.3098
2670.00 -0.4365 -0.6718 -0.6802 -0.6715 -0.6790 -0.3240
2680.00 -0.3987 -0.5727 -0.5692 -0.5764 -0.5661 -0.3102
2690.00 -0.4301 -0.8427 -0.8500 -0.8464 -0.8545 -0.3466
2700.00 -0.4020 -0.6835 -0.6869 -0.6831 -0.6824 -0.3174
2710.00 -0.4167 -0.6339 -0.6380 -0.6407 -0.6368 -0.3081
2720.00 -0.4470 -0.6809 -0.6765 -0.6717 -0.6763 -0.3436
2730.00 -0.4169 -0.6889 -0.6974 -0.6913 -0.6897 -0.3273
2740.00 -0.4128 -0.6810 -0.6820 -0.6802 -0.6847 -0.3075
2750.00 -0.3906 -0.6810 -0.6785 -0.6819 -0.6783 -0.3147
2760.00 -0.4030 -0.5527 -0.5530 -0.5545 -0.5545 -0.3045
2770.00 -0.4381 -0.7983 -0.8048 -0.8020 -0.8066 -0.3528
2780.00 -0.4008 -0.6307 -0.6298 -0.6301 -0.6283 -0.3144
2790.00 -0.4062 -0.6353 -0.6431 -0.6332 -0.6392 -0.3266
2800.00 -0.4073 -0.5970 -0.6006 -0.5976 -0.6022 -0.3019
2810.00 -0.4433 -0.8190 -0.8083 -0.8183 -0.8070 -0.3624
2820.00 -0.3830 -0.8386 -0.8337 -0.8360 -0.8341 -0.3100
2830.00 -0.4127 -0.6520 -0.6542 -0.6574 -0.6558 -0.3093
2840.00 -0.4035 -0.9415 -0.9411 -0.9363 -0.9391 -0.3311
2850.00 -0.4132 -0.6553 -0.6650 -0.6550 -0.6464 -0.3004
2860.00 -0.4177 -0.5590 -0.5539 -0.5560 -0.5595 -0.3180
2870.00 -0.4186 -0.5652 -0.5577 -0.5552 -0.5521 -0.3210
2880.00 -0.4262 -0.8330 -0.8410 -0.8262 -0.8297 -0.3398
2890.00 -0.3975 -0.6757 -0.6712 -0.6689 -0.6762 -0.3037
2900.00 -0.3964 -0.5942 -0.5974 -0.6014 -0.6050 -0.3021
2910.00 -0.4293 -0.5633 -0.5744 -0.5698 -0.5648 -0.3309
2920.00 -0.4059 -0.7265 -0.7274 -0.7276 -0.7244 -0.3219
2930.00 -0.4234 -0.7552 -0.7518 -0.7567 -0.7516 -0.3325
2940.00 -0.4332 -0.5580 -0.5656 -0.5623 -0.5620 -0.3347
2950.00 -0.3918 -0.6463 -0.6465 -0.6411 -0.6456 -0.3092
2960.00 -0.4310 -0.6696 -0.6686 -0.6737 -0.6736 -0.3409
2970.00 -0.3990 -0.8260 -0.8225 -0.8269 -0.8305 -0.3066
2980.00 -0.4248 -0.7498 -0.7433 -0.7545 -0.7443 -0.3380
2990.00 -0.4098 -0.5356 -0.5351 -0.5342 -0.5379 -0.3117
3000.00 -0.4231 -0.6407 -0.6421 -0.6418 -0.6491 -0.3219
3010.00 -0.4362 -0.7372 -0.7292 -0.7316 -0.7218 -0.3457
3020.00 -0.4053 -0.6968 -0.6933 -0.6973 -0.6905 -0.3089
3030.00 -0.4023 -0.6524 -0.6576 -0.6551 -0.6629 -0.3092
3040.00 -0.4083 -0.5852 -0.5887 -0.5822 -0.5804 -0.3198
3050.00 -0.4033 -0.6694 -0.6668 -0.6756 -0.6760 -0.3074
3060.00 -0.4389 -0.7439 -0.7516 -0.7449 -0.7475 -0.3448
3070.00 -0.3624 -0.9755 -0.9935 -0.9853 -0.9853 -0.2996
3080.00 -0.3961 -0.6071 -0.6005 -0.6110 -0.6059 -0.3047
3090.00 -0.4293 -0.7654 -0.7646 -0.7592 -0.7586 -0.3306
3100.00 -0.4203 -0.6307 -0.6285 -0.6261 -0.6319 -0.3062
3110.00 -0.4362 -0.6639 -0.6633 -0.6689 -0.6661 -0.3410
3120.00 -0.3925 -0.5869 -0.5804 -0.5765 -0.5783 -0.3044
3130.00 -0.4180 -0.8214 -0.8265 -0.8243 -0.8314 -0.3275
3140.00 -0.3864 -0.5130 -0.5186 -0.5137 -0.5171 -0.2980
3150.00 -0.4580 -0.7012 -0.7030 -0.7036 -0.7028 -0.3422
3160.00 -0.4235 -0.5293 -0.5320 -0.5367 -0.5352 -0.3213
3170.00 -0.4231 -0.6896 -0.6920 -0.6899 -0.6912 -0.3338
3180.00 -0.3772 -0.8419 -0.8300 -0.8242 -0.8306 -0.3278
3190.00 -0.4160 -0.8577 -0.8582 -0.8572 -0.8632 -0.3267
3200.00 -0.4045 -0.5658 -0.5643 -0.5643 -0.5688 -0.2984
3210.00 -0.4421 -0.7660 -0.7763 -0.7764 -0.7739 -0.3334
3220.00 -0.4086 -0.5924 -0.5956 -0.6019 -0.5933 -0.3091
3230.00 -0.4047 -0.5246 -0.5174 -0.5147 -0.5197 -0.3095
3240.00 -0.4115 -0.5018 -0.5000 -0.5087 -0.5071 -0.3205
3250.00 -0.4223 -0.6459 -0.6614 -0.6465 -0.6442 -0.3300
3260.00 -0.4044 -0.7952 -0.8013 -0.8002 -0.7990 -0.3209
3270.00 -0.4186 -0.7132 -0.7154 -0.7041 -0.7084 -0.3237
3280.00 -0.4027 -0.5810 -0.5817 -0.5786 -0.5852 -0.3174
3290.00 -0.4097 -0.8418 -0.8427 -0.8442 -0.8488 -0.3251
3300.00 -0.4323 -0.6923 -0.6971 -0.6955 -0.6906 -0.3276
3310.00 -0.4177 -0.6954 -0.6997 -0.7025 -0.6967 -0.3295
3320.00 -0.4080 -0.7132 -0.7078 -0.7030 -0.7150 -0.3074
3330.00 -0.4159 -0.7730 -0.7827 -0.7914 -0.7889 -0.3392
3340.00 -0.3863 -0.7687 -0.7730 -0.7752 -0.7729 -0.3080
3350.00 -0.4108 -0.7102 -0.6976 -0.7143 -0.7033 -0.3104
3360.00 -0.4182 -0.6020 -0.6086 -0.6027 -0.6143 -0.3089
3370.00 -0.4238 -0.6087 -0.6174 -0.6126 -0.6048 -0.3192
3380.00 -0.3904 -0.6471 -0.6432 -0.6542 -0.6513 -0.3139
3390.00 -0.4268 -0.7408 -0.7436 -0.7454 -0.7399 -0.3263
3400.00 -0.4304 -1.0567 -1.0680 -1.0649 -1.0738 -0.3565
3410.00 -0.3660 -0.6057 -0.6037 -0.6033 -0.6024 -0.2891
3420.00 -0.3978 -0.6697 -0.6767 -0.6818 -0.6711 -0.3121
3430.00 -0.4628 -0.7225 -0.7216 -0.7278 -0.7246 -0.3379
3440.00 -0.4186 -0.5857 -0.5841 -0.5849 -0.5874 -0.3223
3450.00 -0.3950 -0.5718 -0.5654 -0.5692 -0.5686 -0.2977
3460.00 -0.4033 -0.6075 -0.6180 -0.6100 -0.6167 -0.3138
3470.00 -0.4168 -0.8204 -0.8134 -0.8213 -0.8155 -0.3341
3480.00 -0.4334 -0.7306 -0.7191 -0.7206 -0.7286 -0.3189
3490.00 -0.4058 -0.6613 -0.6549 -0.6445 -0.6572 -0.3157
3500.00 -0.4334 -0.7314 -0.7234 -0.7218 -0.7269 -0.3364
3510.00 -0.3812 -0.5991 -0.5918 -0.5966 -0.5968 -0.2904
3520.00 -0.4197 -0.5711 -0.5711 -0.5730 -0.5817 -0.3187
3530.00 -0.4177 -0.6536 -0.6580 -0.6526 -0.6478 -0.3333
3540.00 -0.4140 -0.6874 -0.6819 -0.6853 -0.6856 -0.3155
3550.00 -0.4149 -0.6258 -0.6267 -0.6341 -0.6230 -0.3153
3560.00 -0.4114 -0.8045 -0.8092 -0.8116 -0.8130 -0.3338
3570.00 -0.3899 -0.8789 -0.8757 -0.8833 -0.8759 -0.3032
3580.00 -0.4154 -0.6166 -0.6128 -0.6190 -0.6174 -0.3157
3590.00 -0.4167 -0.6326 -0.6356 -0.6362 -0.6355 -0.3222
3600.00 -0.3814 -0.6432 -0.6460 -0.6402 -0.6541 -0.3035
3610.00 -0.4505 -0.7436 -0.7406 -0.7453 -0.7505 -0.3454
3620.00 -0.4146 -0.7918 -0.7955 -0.7893 -0.7973 -0.3185
3630.00 -0.3809 -0.6191 -0.6161 -0.6136 -0.6158 -0.3003
3640.00 -0.4599 -0.6093 -0.6186 -0.6182 -0.6232 -0.3360
3650.00 -0.3720 -0.5531 -0.5512 -0.5507 -0.5567 -0.2903
3660.00 -0.4144 -0.7439 -0.7317 -0.7359 -0.7357 -0.3225
3670.00 -0.4115 -0.6367 -0.6417 -0.6394 -0.6379 -0.3229
3680.00 -0.4171 -0.7006 -0.7035 -0.7064 -0.7035 -0.3148
3690.00 -0.4444 -0.9507 -0.9522 -0.9423 -0.9528 -0.3515
3700.00 -0.3896 -0.5818 -0.5819 -0.5835 -0.5862 -0.2961
3710.00 -0.4397 -0.6216 -0.6154 -0.6293 -0.6191 -0.3270
3720.00 -0.4132 -0.7321 -0.7328 -0.7253 -0.7277 -0.3100
3730.00 -0.4096 -0.8078 -0.8148 -0.8057 -0.8118 -0.3260
3740.00 -0.3977 -0.6308 -0.6249 -0.6319 -0.6244 -0.3073
3750.00 -0.4111 -0.6097 -0.5996 -0.6111 -0.6098 -0.3083
3760.00 -0.4292 -0.5699 -0.5682 -0.5726 -0.5709 -0.3290
3770.00 -0.4359 -0.6410 -0.6533 -0.6455 -0.6402 -0.3358
3780.00 -0.3967 -0.6411 -0.6341 -0.6329 -0.6421 -0.3074
3790.00 -0.4108 -0.6409 -0.6374 -0.6361 -0.6380 -0.3346
3800.00 -0.4018 -0.9914 -0.9679 -0.9706 -0.9810 -0.3232
3810.00 -0.4009 -0.6903 -0.6916 -0.6871 -0.6900 -0.3068
3820.00 -0.4314 -0.6772 -0.6884 -0.6843 -0.6723 -0.3253
3830.00 -0.4505 -0.7098 -0.7110 -0.7223 -0.7154 -0.3445
3840.00 -0.3926 -0.5130 -0.5140 -0.5048 -0.5120 -0.2983
3850.00 -0.4189 -0.8157 -0.8148 -0.8214 -0.8243 -0.3365
3860.00 -0.4139 -0.8677 -0.8706 -0.8694 -0.8605 -0.3304
3870.00 -0.4052 -0.5764 -0.5673 -0.5666 -0.5691 -0.3084
3880.00 -0.4006 -0.6568 -0.6552 -0.6587 -0.6651 -0.3020
3890.00 -0.4130 -0.5447 -0.5444 -0.5456 -0.5490 -0.3166
3900.00 -0.4211 -0.6074 -0.6098 -0.6096 -0.6139 -0.3206
3910.00 -0.4315 -0.7024 -0.7091 -0.6982 -0.6989 -0.3361
3920.00 -0.4134 -0.7484 -0.7523 -0.7596 -0.7471 -0.3279
3930.00 -0.3908 -0.8471 -0.8358 -0.8401 -0.8390 -0.3067
3940.00 -0.4191 -0.5277 -0.5309 -0.5248 -0.5308 -0.3154
3950.00 -0.4331 -0.6747 -0.6802 -0.6786 -0.6681 -0.3184
3960.00 -0.3767 -0.6972 -0.6909 -0.7058 -0.6963 -0.3103
3970.00 -0.4243 -0.6662 -0.6676 -0.6674 -0.6689 -0.3205
3980.00 -0.3934 -0.8432 -0.8378 -0.8454 -0.8418 -0.3213
3990.00 -0.4089 -0.7325 -0.7350 -0.7284 -0.7325 -0.3164
4000.00 -0.4255 -0.6790 -0.6738 -0.6707 -0.6785 -0.3227
