10.00 -0.4586 -0.4553 -0.4610 -0.4604 -0.4660 -0.2990
20.00 -0.4764 -0.4675 -0.4768 -0.4758 -0.4799 -0.3158
30.00 -0.4730 -0.4524 -0.4571 -0.4758 -0.4679 -0.3054
40.00 -0.4663 -0.4545 -0.4648 -0.4553 -0.4432 -0.2991
50.00 -0.4947 -0.4815 -0.4952 -0.4891 -0.4971 -0.3244
60.00 -0.4968 -0.4995 -0.4926 -0.4955 -0.5070 -0.3383
70.00 -0.4810 -0.4804 -0.4572 -0.4590 -0.4782 -0.2901
80.00 -0.4642 -0.4587 -0.4613 -0.4596 -0.4620 -0.3127
90.00 -0.4854 -0.4842 -0.4942 -0.4739 -0.4935 -0.3273
100.00 -0.4733 -0.4650 -0.4646 -0.4596 -0.4688 -0.3039
110.00 -0.4627 -0.4656 -0.4586 -0.4647 -0.4601 -0.3017
120.00 -0.5333 -0.5409 -0.5439 -0.5419 -0.5448 -0.3518
130.00 -0.4250 -0.4228 -0.4228 -0.4220 -0.4225 -0.2827
140.00 -0.5055 -0.5084 -0.5011 -0.5012 -0.5002 -0.3272
150.00 -0.4554 -0.4595 -0.4516 -0.4623 -0.4512 -0.2913
160.00 -0.4859 -0.4898 -0.4811 -0.4821 -0.4832 -0.3300
170.00 -0.4827 -0.4803 -0.4822 -0.4817 -0.4803 -0.3273
180.00 -0.4500 -0.4468 -0.4539 -0.4476 -0.4551 -0.2972
190.00 -0.4861 -0.4851 -0.4877 -0.4892 -0.4915 -0.3237
200.00 -0.4822 -0.4643 -0.4741 -0.4704 -0.4796 -0.3131
210.00 -0.4933 -0.5066 -0.4956 -0.4854 -0.4992 -0.3366
220.00 -0.4636 -0.4621 -0.4601 -0.4659 -0.4566 -0.2942
230.00 -0.4733 -0.4763 -0.4625 -0.4598 -0.4584 -0.3096
240.00 -0.4850 -0.4701 -0.4786 -0.4678 -0.4816 -0.3113
250.00 -0.4886 -0.4933 -0.4883 -0.4748 -0.4889 -0.3125
260.00 -0.4658 -0.4577 -0.4701 -0.4682 -0.4722 -0.3077
270.00 -0.4840 -0.4894 -0.4723 -0.4803 -0.4799 -0.3132
280.00 -0.4638 -0.4755 -0.4679 -0.4791 -0.4707 -0.3196
290.00 -0.4770 -0.4792 -0.4856 -0.4899 -0.4812 -0.3230
300.00 -0.4584 -0.4522 -0.4578 -0.4538 -0.4635 -0.3050
310.00 -0.5079 -0.4928 -0.5155 -0.5006 -0.4955 -0.3124
320.00 -0.4776 -0.4796 -0.4923 -0.4851 -0.4685 -0.3214
330.00 -0.4744 -0.4710 -0.4727 -0.4740 -0.4511 -0.3052
340.00 -0.4911 -0.4899 -0.4602 -0.4878 -0.4822 -0.3067
350.00 -0.4717 -0.4734 -0.4714 -0.4712 -0.4718 -0.3116
360.00 -0.5018 -0.4981 -0.5081 -0.5016 -0.4898 -0.3377
370.00 -0.4724 -0.4638 -0.4747 -0.4766 -0.4674 -0.2966
380.00 -0.4874 -0.4731 -0.4828 -0.4796 -0.4796 -0.3063
390.00 -0.4688 -0.4818 -0.4784 -0.4796 -0.4717 -0.3165
400.00 -0.4502 -0.4474 -0.4433 -0.4493 -0.4513 -0.2968
410.00 -0.4728 -0.4718 -0.4738 -0.4678 -0.4824 -0.3130
420.00 -0.4962 -0.5056 -0.4987 -0.4900 -0.4975 -0.3333
430.00 -0.4837 -0.4708 -0.4816 -0.4916 -0.4889 -0.3133
440.00 -0.4513 -0.4565 -0.4614 -0.4634 -0.4547 -0.3050
450.00 -0.4946 -0.4631 -0.4906 -0.4856 -0.4907 -0.3183
460.00 -0.4539 -0.4605 -0.4516 -0.4591 -0.4544 -0.3028
470.00 -0.4899 -0.5050 -0.4977 -0.4934 -0.5092 -0.3181
480.00 -0.4663 -0.4726 -0.4726 -0.4824 -0.4724 -0.3148
490.00 -0.4445 -0.4691 -0.4637 -0.4672 -0.4644 -0.3101
500.00 -0.4660 -0.4818 -0.4733 -0.4832 -0.4727 -0.3144
510.00 -0.4603 -0.4642 -0.4610 -0.4661 -0.4518 -0.3065
520.00 -0.4787 -0.4971 -0.4872 -0.4972 -0.4953 -0.3185
530.00 -0.4990 -0.4923 -0.4665 -0.4925 -0.4761 -0.3047
540.00 -0.4821 -0.4617 -0.4646 -0.4729 -0.4726 -0.3121
550.00 -0.4844 -0.4911 -0.4749 -0.4640 -0.4887 -0.3024
560.00 -0.4734 -0.4754 -0.4781 -0.4736 -0.4629 -0.3056
570.00 -0.4923 -0.4892 -0.5017 -0.4954 -0.4938 -0.3237
580.00 -0.4560 -0.4396 -0.4538 -0.4493 -0.4547 -0.3046
590.00 -0.4832 -0.4867 -0.4809 -0.4898 -0.4829 -0.3215
600.00 -0.4726 -0.4747 -0.4707 -0.4543 -0.4656 -0.3112
610.00 -0.4954 -0.4980 -0.5025 -0.4876 -0.4946 -0.3219
620.00 -0.4777 -0.4914 -0.4823 -0.4697 -0.4866 -0.3094
630.00 -0.4648 -0.4689 -0.4700 -0.4756 -0.4684 -0.3076
640.00 -0.4660 -0.4718 -0.4785 -0.4743 -0.4815 -0.3257
650.00 -0.4672 -0.4621 -0.4660 -0.4666 -0.4707 -0.3024
660.00 -0.4677 -0.4650 -0.4512 -0.4760 -0.4717 -0.2910
670.00 -0.4959 -0.4992 -0.4832 -0.4966 -0.4810 -0.3346
680.00 -0.4766 -0.4774 -0.4797 -0.4726 -0.4818 -0.3271
690.00 -0.4850 -0.4783 -0.4794 -0.4714 -0.4824 -0.3149
700.00 -0.5022 -0.5082 -0.5086 -0.5046 -0.5085 -0.3259
710.00 -0.4403 -0.4419 -0.4446 -0.4333 -0.4449 -0.2935
720.00 -0.4924 -0.4911 -0.4825 -0.4935 -0.5014 -0.3246
730.00 -0.4518 -0.4631 -0.4640 -0.4542 -0.4678 -0.3110
740.00 -0.4962 -0.4836 -0.4813 -0.4884 -0.4917 -0.3318
750.00 -0.4629 -0.4702 -0.4586 -0.4741 -0.4731 -0.3002
760.00 -0.4670 -0.4598 -0.4646 -0.4750 -0.4614 -0.3065
770.00 -0.4842 -0.4724 -0.4749 -0.4781 -0.4807 -0.3148
780.00 -0.4667 -0.4527 -0.4704 -0.4604 -0.4501 -0.2932
790.00 -0.4987 -0.4995 -0.4991 -0.4873 -0.4843 -0.3240
800.00 -0.4723 -0.4638 -0.4693 -0.4671 -0.4704 -0.3047
810.00 -0.4990 -0.5089 -0.5042 -0.5126 -0.5070 -0.3417
820.00 -0.4516 -0.4563 -0.4622 -0.4695 -0.4631 -0.2896
830.00 -0.4537 -0.4523 -0.4562 -0.4672 -0.4557 -0.2924
840.00 -0.4969 -0.4837 -0.4990 -0.4941 -0.4951 -0.3226
850.00 -0.4524 -0.4361 -0.4582 -0.4475 -0.4565 -0.3048
860.00 -0.5078 -0.5078 -0.5232 -0.5103 -0.5126 -0.3363
870.00 -0.4616 -0.4589 -0.4721 -0.4677 -0.4698 -0.3110
880.00 -0.4664 -0.4533 -0.4744 -0.4671 -0.4685 -0.3051
890.00 -0.4604 -0.4781 -0.4795 -0.4713 -0.4755 -0.3104
900.00 -0.5031 -0.5165 -0.5102 -0.4918 -0.5069 -0.3375
910.00 -0.4486 -0.4385 -0.4378 -0.4346 -0.4522 -0.2923
920.00 -0.5047 -0.4916 -0.5004 -0.4948 -0.5004 -0.3215
930.00 -0.4512 -0.4460 -0.4489 -0.4500 -0.4462 -0.3072
940.00 -0.5145 -0.5167 -0.5121 -0.5182 -0.5085 -0.3399
950.00 -0.4300 -0.4214 -0.4352 -0.4347 -0.4234 -0.2797
960.00 -0.4854 -0.4850 -0.4974 -0.4934 -0.4930 -0.3172
970.00 -0.4931 -0.4878 -0.5013 -0.4989 -0.5000 -0.3310
980.00 -0.4570 -0.4552 -0.4647 -0.4663 -0.4592 -0.2999
990.00 -0.4876 -0.4810 -0.4969 -0.4847 -0.4878 -0.3107
1000.00 -0.4696 -0.4670 -0.4778 -0.4735 -0.4755 -0.3098
1010.00 -0.4781 -0.6415 -0.6381 -0.6478 -0.6429 -0.3155
1020.00 -0.4779 -0.9090 -0.9107 -0.9111 -0.9132 -0.3123
1030.00 -0.4669 -0.9443 -0.9308 -0.9478 -0.9362 -0.2993
1040.00 -0.4532 -0.9535 -0.9471 -0.9588 -0.9534 -0.3020
1050.00 -0.4854 -0.8811 -0.8785 -0.8649 -0.8773 -0.3170
1060.00 -0.4975 -0.8752 -0.8847 -0.8793 -0.8821 -0.3188
1070.00 -0.4782 -0.8021 -0.7942 -0.8061 -0.7995 -0.3075
1080.00 -0.4252 -0.6079 -0.6153 -0.6067 -0.6143 -0.2990
1090.00 -0.4279 -0.5097 -0.5097 -0.5095 -0.5039 -0.3277
1100.00 -0.3798 -0.4542 -0.4591 -0.4585 -0.4587 -0.2836
1110.00 -0.4318 -0.4954 -0.4872 -0.4981 -0.4965 -0.3261
1120.00 -0.4180 -0.4894 -0.4853 -0.4853 -0.4822 -0.3145
1130.00 -0.4381 -0.4837 -0.4909 -0.4759 -0.4941 -0.3047
1140.00 -0.4395 -0.4924 -0.4992 -0.4986 -0.5019 -0.3133
1150.00 -0.4432 -0.4733 -0.4691 -0.4660 -0.4657 -0.3045
1160.00 -0.4761 -0.4911 -0.5005 -0.5036 -0.5085 -0.3260
1170.00 -0.4403 -0.4674 -0.4655 -0.4740 -0.4626 -0.2975
1180.00 -0.4675 -0.4754 -0.4684 -0.4876 -0.4679 -0.3160
1190.00 -0.4988 -0.4986 -0.4914 -0.4975 -0.4810 -0.3229
1200.00 -0.4632 -0.4532 -0.4647 -0.4674 -0.4629 -0.3085
1210.00 -0.5015 -0.5028 -0.4989 -0.5072 -0.5145 -0.3349
1220.00 -0.4776 -0.4802 -0.4734 -0.4875 -0.4902 -0.3062
1230.00 -0.4583 -0.4599 -0.4541 -0.4480 -0.4594 -0.3041
1240.00 -0.4528 -0.4618 -0.4567 -0.4431 -0.4521 -0.2874
1250.00 -0.5048 -0.4961 -0.5049 -0.5013 -0.4925 -0.3400
1260.00 -0.4696 -0.4880 -0.4911 -0.4999 -0.4883 -0.3166
1270.00 -0.4573 -0.4779 -0.4838 -0.4892 -0.4933 -0.3079
1280.00 -0.4468 -0.4496 -0.4485 -0.4596 -0.4598 -0.3095
1290.00 -0.4496 -0.4571 -0.4572 -0.4675 -0.4578 -0.2913
1300.00 -0.4912 -0.5045 -0.5097 -0.5124 -0.5227 -0.3271
1310.00 -0.4565 -0.4740 -0.4774 -0.4740 -0.4704 -0.3119
1320.00 -0.4946 -0.5079 -0.5043 -0.4900 -0.5033 -0.3188
1330.00 -0.4464 -0.4614 -0.4760 -0.4726 -0.4594 -0.3143
1340.00 -0.4309 -0.4680 -0.4642 -0.4609 -0.4570 -0.2999
1350.00 -0.4635 -0.4708 -0.4844 -0.4746 -0.4797 -0.3216
1360.00 -0.4956 -0.4969 -0.4998 -0.4990 -0.5047 -0.3263
1370.00 -0.4705 -0.4662 -0.4741 -0.4752 -0.4728 -0.3072
1380.00 -0.4518 -0.4705 -0.4625 -0.4687 -0.4776 -0.3147
1390.00 -0.4609 -0.4546 -0.4815 -0.4809 -0.4823 -0.3008
1400.00 -0.4783 -0.4638 -0.4586 -0.4685 -0.4703 -0.3152
1410.00 -0.4733 -0.4791 -0.4938 -0.4781 -0.4788 -0.3060
1420.00 -0.4799 -0.4828 -0.4885 -0.4889 -0.4808 -0.3168
1430.00 -0.4769 -0.4710 -0.4767 -0.4787 -0.4752 -0.3209
1440.00 -0.4834 -0.4765 -0.4789 -0.4783 -0.4748 -0.3114
1450.00 -0.4658 -0.4772 -0.4603 -0.4607 -0.4729 -0.3088
1460.00 -0.4481 -0.4671 -0.4646 -0.4564 -0.4655 -0.3043
1470.00 -0.4926 -0.5050 -0.5018 -0.5031 -0.5065 -0.3309
1480.00 -0.4674 -0.4662 -0.4727 -0.4718 -0.4632 -0.3122
1490.00 -0.4750 -0.4529 -0.4670 -0.4721 -0.4731 -0.3023
1500.00 -0.4759 -0.4661 -0.4603 -0.4646 -0.4835 -0.3119
1510.00 -0.4916 -0.4855 -0.4916 -0.4765 -0.4755 -0.3169
1520.00 -0.4694 -0.4746 -0.4761 -0.4764 -0.4911 -0.3067
1530.00 -0.4555 -0.4645 -0.4558 -0.4561 -0.4765 -0.2974
1540.00 -0.4529 -0.4658 -0.4621 -0.4696 -0.4720 -0.3084
1550.00 -0.4717 -0.4938 -0.4961 -0.4990 -0.5052 -0.3140
1560.00 -0.4559 -0.4777 -0.4711 -0.4633 -0.4730 -0.3032
1570.00 -0.4956 -0.5114 -0.4994 -0.4941 -0.4834 -0.3235
1580.00 -0.4509 -0.4606 -0.4689 -0.4626 -0.4551 -0.3046
1590.00 -0.4740 -0.4658 -0.4562 -0.4600 -0.4642 -0.3135
1600.00 -0.4705 -0.4880 -0.4907 -0.4855 -0.4806 -0.3033
1610.00 -0.4965 -0.5139 -0.5164 -0.5067 -0.5124 -0.3358
1620.00 -0.4499 -0.4566 -0.4636 -0.4621 -0.4612 -0.3039
1630.00 -0.4794 -0.4739 -0.4652 -0.4814 -0.4838 -0.3108
1640.00 -0.4619 -0.4709 -0.4782 -0.4764 -0.4789 -0.3122
1650.00 -0.4770 -0.4718 -0.4776 -0.4784 -0.4701 -0.3222
1660.00 -0.4530 -0.4716 -0.4781 -0.4558 -0.4718 -0.3144
1670.00 -0.4580 -0.5035 -0.5049 -0.5161 -0.4959 -0.3243
1680.00 -0.4444 -0.4777 -0.4755 -0.4692 -0.4717 -0.2874
1690.00 -0.4576 -0.4836 -0.4744 -0.4794 -0.4884 -0.3187
1700.00 -0.4562 -0.4897 -0.4839 -0.4977 -0.4942 -0.3086
1710.00 -0.4255 -0.4756 -0.4649 -0.4734 -0.4723 -0.3028
1720.00 -0.3703 -0.6091 -0.5901 -0.5982 -0.5996 -0.2993
1730.00 -0.3764 -0.6081 -0.6090 -0.6123 -0.6082 -0.3297
1740.00 -0.2295 -1.1985 -1.2072 -1.2075 -1.2107 -0.3036
1750.00 -0.3556 -0.7760 -0.7845 -0.7814 -0.7791 -0.3067
1760.00 -0.3796 -0.6332 -0.6322 -0.6373 -0.6414 -0.3024
1770.00 -0.4006 -0.5634 -0.5662 -0.5600 -0.5683 -0.3076
1780.00 -0.4091 -0.5433 -0.5331 -0.5372 -0.5281 -0.3175
1790.00 -0.3887 -0.5120 -0.5206 -0.5225 -0.5083 -0.2984
1800.00 -0.4061 -0.4881 -0.4902 -0.4899 -0.4906 -0.3071
1810.00 -0.4384 -0.5034 -0.4949 -0.4934 -0.5092 -0.3137
1820.00 -0.4098 -0.4518 -0.4524 -0.4525 -0.4608 -0.2931
1830.00 -0.4376 -0.5091 -0.5007 -0.4991 -0.5000 -0.3155
1840.00 -0.4499 -0.5146 -0.5094 -0.5160 -0.5077 -0.3321
1850.00 -0.4565 -0.5048 -0.4966 -0.4894 -0.5032 -0.3131
1860.00 -0.4658 -0.4982 -0.4920 -0.4967 -0.5047 -0.3205
1870.00 -0.4339 -0.4443 -0.4435 -0.4514 -0.4512 -0.2988
1880.00 -0.4837 -0.4866 -0.4887 -0.4826 -0.4853 -0.3275
1890.00 -0.4381 -0.4816 -0.4823 -0.4766 -0.4825 -0.3046
1900.00 -0.4217 -0.4537 -0.4398 -0.4460 -0.4501 -0.2945
1910.00 -0.4405 -0.4730 -0.4818 -0.4608 -0.4842 -0.3049
1920.00 -0.4743 -0.5204 -0.5125 -0.5249 -0.5235 -0.3210
1930.00 -0.4433 -0.4757 -0.4747 -0.4705 -0.4742 -0.3173
1940.00 -0.4481 -0.4807 -0.4964 -0.4817 -0.4830 -0.3063
1950.00 -0.4700 -0.4671 -0.4787 -0.4838 -0.4800 -0.3206
1960.00 -0.4782 -0.4926 -0.4829 -0.4778 -0.4861 -0.3197
1970.00 -0.4488 -0.4730 -0.4787 -0.4729 -0.4619 -0.3102
1980.00 -0.4640 -0.4813 -0.4756 -0.4871 -0.4840 -0.3159
1990.00 -0.4742 -0.4787 -0.4680 -0.4996 -0.4821 -0.3117
2000.00 -0.5021 -0.5016 -0.4983 -0.4963 -0.5018 -0.3158
2010.00 -0.4427 -0.4404 -0.4403 -0.4415 -0.4472 -0.3009
2020.00 -0.4586 -0.4570 -0.4773 -0.4530 -0.4597 -0.2960
2030.00 -0.4579 -0.4982 -0.5038 -0.4884 -0.4970 -0.3143
2040.00 -0.4659 -0.4879 -0.4852 -0.4873 -0.5080 -0.3159
2050.00 -0.4693 -0.4778 -0.4844 -0.4725 -0.4786 -0.3184
2060.00 -0.4703 -0.4810 -0.4831 -0.4811 -0.4819 -0.3244
2070.00 -0.4660 -0.4712 -0.4753 -0.4645 -0.4677 -0.2986
2080.00 -0.4808 -0.4850 -0.4926 -0.4710 -0.4934 -0.3146
2090.00 -0.4601 -0.4593 -0.4613 -0.4561 -0.4714 -0.3076
2100.00 -0.4728 -0.4715 -0.4903 -0.4690 -0.4849 -0.3038
2110.00 -0.4661 -0.4804 -0.4813 -0.4809 -0.4921 -0.3172
2120.00 -0.4591 -0.4692 -0.4624 -0.4735 -0.4722 -0.3084
2130.00 -0.4738 -0.4737 -0.4757 -0.4793 -0.4942 -0.3072
2140.00 -0.5072 -0.5036 -0.4869 -0.5006 -0.4989 -0.3315
2150.00 -0.4615 -0.4677 -0.4580 -0.4685 -0.4654 -0.3133
2160.00 -0.4651 -0.4708 -0.4714 -0.4804 -0.4716 -0.3079
2170.00 -0.4772 -0.4876 -0.4815 -0.4967 -0.4838 -0.3252
2180.00 -0.4475 -0.4638 -0.4613 -0.4714 -0.4694 -0.2949
2190.00 -0.4633 -0.4840 -0.4810 -0.4734 -0.4826 -0.3191
2200.00 -0.4770 -0.4795 -0.4736 -0.4879 -0.4813 -0.3088
2210.00 -0.4651 -0.4684 -0.4687 -0.4806 -0.4732 -0.3193
2220.00 -0.4910 -0.5090 -0.5102 -0.5051 -0.5033 -0.3223
2230.00 -0.4243 -0.4254 -0.4327 -0.4357 -0.4186 -0.2841
2240.00 -0.4907 -0.5141 -0.5228 -0.5043 -0.5071 -0.3229
2250.00 -0.4974 -0.4946 -0.5009 -0.4940 -0.4907 -0.3257
2260.00 -0.4522 -0.4721 -0.4694 -0.4590 -0.4556 -0.3017
2270.00 -0.4378 -0.4627 -0.4671 -0.4668 -0.4574 -0.3156
2280.00 -0.4403 -0.4809 -0.4921 -0.4787 -0.4883 -0.3014
2290.00 -0.4785 -0.4856 -0.4780 -0.4757 -0.4829 -0.3253
2300.00 -0.4717 -0.4703 -0.4763 -0.4789 -0.4824 -0.3098
2310.00 -0.4605 -0.5120 -0.5031 -0.5110 -0.5143 -0.3185
2320.00 -0.4175 -0.4859 -0.4989 -0.4848 -0.4921 -0.3117
2330.00 -0.3784 -0.4954 -0.4915 -0.4901 -0.4954 -0.3019
2340.00 -0.2953 -0.8074 -0.8129 -0.8112 -0.8117 -0.3327
2350.00 0.0708 -1.9926 -1.9930 -1.9960 -1.9806 -0.2589
2360.00 -0.3701 -0.4391 -0.4378 -0.4364 -0.4361 -0.2856
2370.00 -0.4156 -0.5099 -0.4996 -0.5105 -0.5069 -0.3191
2380.00 -0.4311 -0.5352 -0.5399 -0.5373 -0.5363 -0.3213
2390.00 -0.3976 -0.4912 -0.4982 -0.4943 -0.4851 -0.2958
2400.00 -0.4274 -0.5302 -0.5339 -0.5449 -0.5414 -0.3214
2410.00 -0.4125 -0.4784 -0.4717 -0.4813 -0.4703 -0.3116
2420.00 -0.4225 -0.5250 -0.5227 -0.5239 -0.5260 -0.3108
2430.00 -0.4482 -0.5053 -0.4977 -0.5004 -0.4976 -0.3264
2440.00 -0.4198 -0.4507 -0.4525 -0.4399 -0.4434 -0.3004
2450.00 -0.4535 -0.4893 -0.4865 -0.4870 -0.4989 -0.3101
2460.00 -0.4643 -0.4968 -0.4868 -0.4985 -0.4947 -0.3135
2470.00 -0.4816 -0.4973 -0.4899 -0.5049 -0.5006 -0.3276
2480.00 -0.4745 -0.4725 -0.4852 -0.4874 -0.4974 -0.3060
2490.00 -0.4461 -0.4461 -0.4583 -0.4524 -0.4533 -0.3047
2500.00 -0.4732 -0.4730 -0.4747 -0.4651 -0.4762 -0.3100
2510.00 -0.4725 -0.4687 -0.4672 -0.4750 -0.4675 -0.3032
2520.00 -0.4738 -0.4748 -0.4743 -0.4760 -0.4667 -0.3133
2530.00 -0.4871 -0.4902 -0.5010 -0.4953 -0.5019 -0.3147
2540.00 -0.4585 -0.4820 -0.4799 -0.4612 -0.4672 -0.3086
2550.00 -0.4611 -0.4658 -0.4521 -0.4631 -0.4588 -0.2917
2560.00 -0.4813 -0.5014 -0.4887 -0.5014 -0.4869 -0.3316
2570.00 -0.4737 -0.4714 -0.4979 -0.4889 -0.4795 -0.3124
2580.00 -0.4447 -0.4635 -0.4642 -0.4720 -0.4638 -0.3108
2590.00 -0.5066 -0.4893 -0.4939 -0.4897 -0.4929 -0.3235
2600.00 -0.4626 -0.4560 -0.4709 -0.4575 -0.4545 -0.2954
2610.00 -0.4962 -0.4962 -0.4902 -0.4791 -0.4810 -0.3231
2620.00 -0.5149 -0.5213 -0.5113 -0.5247 -0.5091 -0.3377
2630.00 -0.4735 -0.4821 -0.4770 -0.4740 -0.4739 -0.3131
2640.00 -0.4295 -0.4287 -0.4353 -0.4374 -0.4318 -0.2828
2650.00 -0.4729 -0.5003 -0.4772 -0.4831 -0.4857 -0.3264
2660.00 -0.4649 -0.4725 -0.4731 -0.4812 -0.4767 -0.2933
2670.00 -0.4904 -0.4839 -0.4910 -0.4925 -0.5018 -0.3342
2680.00 -0.4320 -0.4452 -0.4638 -0.4558 -0.4619 -0.2900
2690.00 -0.4856 -0.4730 -0.4839 -0.4717 -0.4656 -0.3141
2700.00 -0.4796 -0.5025 -0.4991 -0.5047 -0.5058 -0.3201
2710.00 -0.4387 -0.4724 -0.4720 -0.4693 -0.4733 -0.3048
2720.00 -0.4616 -0.4663 -0.4824 -0.4799 -0.4682 -0.3134
2730.00 -0.4668 -0.4878 -0.4967 -0.4974 -0.4825 -0.3144
2740.00 -0.4312 -0.4540 -0.4539 -0.4550 -0.4494 -0.2984
2750.00 -0.4619 -0.4874 -0.4917 -0.4819 -0.4876 -0.3209
2760.00 -0.4623 -0.5008 -0.5100 -0.5057 -0.5044 -0.3146
2770.00 -0.4237 -0.4573 -0.4562 -0.4587 -0.4461 -0.3129
2780.00 -0.3743 -0.5448 -0.5447 -0.5472 -0.5499 -0.3164
2790.00 0.3010 -2.3260 -2.3194 -2.3236 -2.3135 -0.3062
2800.00 -0.3670 -0.4068 -0.4066 -0.4089 -0.4042 -0.2808
2810.00 -0.4335 -0.5306 -0.5364 -0.5353 -0.5409 -0.3103
2820.00 -0.4001 -0.4484 -0.4498 -0.4548 -0.4542 -0.3034
2830.00 -0.4086 -0.4656 -0.4676 -0.4684 -0.4655 -0.3075
2840.00 -0.4416 -0.5367 -0.5413 -0.5312 -0.5407 -0.3255
2850.00 -0.4115 -0.4619 -0.4705 -0.4629 -0.4661 -0.3034
2860.00 -0.4537 -0.4889 -0.4913 -0.4947 -0.4995 -0.3147
2870.00 -0.4468 -0.4580 -0.4628 -0.4624 -0.4579 -0.3059
2880.00 -0.4662 -0.4665 -0.4745 -0.4771 -0.4767 -0.3231
2890.00 -0.4752 -0.4755 -0.4865 -0.4850 -0.4740 -0.2990
2900.00 -0.4805 -0.4801 -0.4644 -0.4732 -0.4821 -0.3172
2910.00 -0.4636 -0.4430 -0.4808 -0.4614 -0.4640 -0.3069
2920.00 -0.4698 -0.4732 -0.4818 -0.4790 -0.4629 -0.3064
2930.00 -0.5110 -0.4976 -0.5035 -0.5052 -0.4964 -0.3216
2940.00 -0.4667 -0.4687 -0.4767 -0.4746 -0.4765 -0.2997
2950.00 -0.4618 -0.4658 -0.4661 -0.4620 -0.4792 -0.3093
2960.00 -0.4915 -0.4952 -0.5032 -0.4998 -0.5035 -0.3306
2970.00 -0.4391 -0.4752 -0.4637 -0.4704 -0.4664 -0.2938
2980.00 -0.4999 -0.4852 -0.4928 -0.4890 -0.4942 -0.3210
2990.00 -0.4611 -0.4690 -0.4774 -0.4665 -0.4694 -0.3084
3000.00 -0.4721 -0.4660 -0.4629 -0.4781 -0.4660 -0.3126
3010.00 -0.4663 -0.4785 -0.4659 -0.4767 -0.4727 -0.3066
3020.00 -0.4915 -0.4920 -0.4937 -0.4863 -0.4908 -0.3293
3030.00 -0.4631 -0.4853 -0.4853 -0.4868 -0.4757 -0.3161
3040.00 -0.4436 -0.4755 -0.4881 -0.4702 -0.4696 -0.3124
3050.00 -0.4924 -0.4907 -0.5014 -0.4934 -0.5038 -0.3254
3060.00 -0.4218 -0.4500 -0.4502 -0.4564 -0.4549 -0.2866
3070.00 -0.4507 -0.4925 -0.5078 -0.5055 -0.5138 -0.3178
3080.00 -0.4096 -0.4684 -0.4600 -0.4708 -0.4653 -0.3059
3090.00 -0.2400 -0.8218 -0.8112 -0.8166 -0.8150 -0.3165
3100.00 0.1496 -1.9835 -1.9962 -1.9853 -1.9928 -0.2788
3110.00 -0.3861 -0.4403 -0.4399 -0.4419 -0.4374 -0.2865
3120.00 -0.4324 -0.4774 -0.4820 -0.4784 -0.4835 -0.3089
3130.00 -0.4069 -0.4388 -0.4345 -0.4328 -0.4331 -0.3115
3140.00 -0.4344 -0.5407 -0.5439 -0.5436 -0.5373 -0.3224
3150.00 -0.4164 -0.4773 -0.4813 -0.4854 -0.4802 -0.3034
3160.00 -0.4331 -0.4968 -0.4917 -0.4963 -0.5039 -0.3160
3170.00 -0.4340 -0.4721 -0.4626 -0.4668 -0.4666 -0.2973
3180.00 -0.4484 -0.4930 -0.4791 -0.4835 -0.4925 -0.3028
3190.00 -0.4799 -0.4933 -0.4829 -0.4983 -0.4963 -0.3339
3200.00 -0.4453 -0.4497 -0.4541 -0.4551 -0.4426 -0.2904
3210.00 -0.4682 -0.4923 -0.4859 -0.4824 -0.4968 -0.3219
3220.00 -0.4914 -0.5012 -0.4933 -0.4966 -0.4863 -0.3260
3230.00 -0.4594 -0.4805 -0.4926 -0.4857 -0.4781 -0.3046
3240.00 -0.4376 -0.4611 -0.4531 -0.4600 -0.4583 -0.3025
3250.00 -0.4638 -0.4629 -0.4664 -0.4578 -0.4615 -0.3005
3260.00 -0.5157 -0.5119 -0.5208 -0.5179 -0.5157 -0.3297
3270.00 -0.4773 -0.4887 -0.4798 -0.4822 -0.4746 -0.3267
3280.00 -0.4708 -0.4696 -0.4687 -0.4607 -0.4577 -0.3127
3290.00 -0.4627 -0.4787 -0.4796 -0.4702 -0.4855 -0.3114
3300.00 -0.4564 -0.5087 -0.4981 -0.5018 -0.4972 -0.2985
3310.00 -0.4519 -0.4730 -0.4693 -0.4643 -0.4650 -0.3203
3320.00 -0.4721 -0.4870 -0.4927 -0.4874 -0.4909 -0.3202
3330.00 -0.4314 -0.4722 -0.4683 -0.4653 -0.4763 -0.3040
3340.00 -0.4589 -0.4850 -0.4923 -0.4935 -0.4951 -0.3180
3350.00 -0.4574 -0.4845 -0.4821 -0.4781 -0.4796 -0.3249
3360.00 -0.4468 -0.4641 -0.4547 -0.4597 -0.4523 -0.3031
3370.00 -0.4662 -0.5188 -0.5305 -0.5329 -0.5262 -0.3235
3380.00 -0.3903 -0.5245 -0.5283 -0.5303 -0.5140 -0.3090
3390.00 0.2679 -2.3560 -2.3564 -2.3474 -2.3717 -0.3058
3400.00 -0.3499 -0.3775 -0.3721 -0.3809 -0.3709 -0.2670
3410.00 -0.4373 -0.5206 -0.5292 -0.5266 -0.5216 -0.3117
3420.00 -0.3913 -0.4341 -0.4396 -0.4357 -0.4359 -0.2963
3430.00 -0.4223 -0.4720 -0.4706 -0.4816 -0.4706 -0.3111
3440.00 -0.4659 -0.5424 -0.5327 -0.5378 -0.5370 -0.3299
3450.00 -0.4249 -0.4634 -0.4750 -0.4737 -0.4742 -0.3092
3460.00 -0.4386 -0.4662 -0.4623 -0.4685 -0.4718 -0.3145
3470.00 -0.4458 -0.4771 -0.4733 -0.4739 -0.4718 -0.3135
3480.00 -0.4681 -0.4859 -0.4952 -0.4990 -0.4932 -0.3127
3490.00 -0.4726 -0.4781 -0.4820 -0.4902 -0.4947 -0.3138
3500.00 -0.4530 -0.4548 -0.4795 -0.4738 -0.4691 -0.2936
3510.00 -0.4932 -0.4940 -0.5007 -0.4950 -0.4851 -0.3311
3520.00 -0.4645 -0.4681 -0.4656 -0.4603 -0.4569 -0.3035
3530.00 -0.5029 -0.5011 -0.4980 -0.5054 -0.5043 -0.3194
3540.00 -0.4662 -0.4636 -0.4719 -0.4683 -0.4672 -0.3134
3550.00 -0.4611 -0.4616 -0.4706 -0.4753 -0.4680 -0.3049
3560.00 -0.4629 -0.4746 -0.4673 -0.4629 -0.4651 -0.3123
3570.00 -0.4436 -0.4566 -0.4636 -0.4490 -0.4473 -0.2936
3580.00 -0.5061 -0.5167 -0.5023 -0.5077 -0.5072 -0.3320
3590.00 -0.4540 -0.4529 -0.4476 -0.4420 -0.4624 -0.2887
3600.00 -0.4983 -0.5156 -0.5148 -0.5165 -0.5163 -0.3331
3610.00 -0.4592 -0.4782 -0.4745 -0.4803 -0.4723 -0.3073
3620.00 -0.4514 -0.4795 -0.4722 -0.4657 -0.4714 -0.3110
3630.00 -0.4714 -0.4690 -0.4588 -0.4721 -0.4700 -0.3087
3640.00 -0.4685 -0.4605 -0.4721 -0.4786 -0.4676 -0.3131
3650.00 -0.4767 -0.4844 -0.4779 -0.4894 -0.4890 -0.3118
3660.00 -0.4759 -0.4886 -0.4840 -0.4663 -0.5034 -0.3008
3670.00 -0.4607 -0.4611 -0.4741 -0.4626 -0.4713 -0.3206
3680.00 -0.4736 -0.5019 -0.5009 -0.4908 -0.5004 -0.3176
3690.00 -0.4533 -0.4894 -0.4865 -0.4918 -0.4901 -0.3151
3700.00 -0.4509 -0.4726 -0.4762 -0.4675 -0.4807 -0.3189
3710.00 -0.4177 -0.5007 -0.5020 -0.5105 -0.5139 -0.3080
3720.00 0.4970 -2.3200 -2.3281 -2.3184 -2.3254 -0.3148
3730.00 -0.3292 -0.3356 -0.3376 -0.3401 -0.3355 -0.2602
3740.00 -0.4278 -0.4696 -0.4651 -0.4730 -0.4630 -0.3172
3750.00 -0.3805 -0.4347 -0.4325 -0.4349 -0.4357 -0.2849
3760.00 -0.4295 -0.5088 -0.5092 -0.5076 -0.5066 -0.3163
3770.00 -0.4489 -0.5077 -0.5040 -0.5090 -0.5110 -0.3313
3780.00 -0.4110 -0.4829 -0.4833 -0.4762 -0.4779 -0.3056
3790.00 -0.4461 -0.4988 -0.4991 -0.5096 -0.5030 -0.3178
3800.00 -0.4204 -0.4610 -0.4548 -0.4611 -0.4556 -0.2872
3810.00 -0.4382 -0.4735 -0.4824 -0.4831 -0.4886 -0.3105
3820.00 -0.4515 -0.4898 -0.4936 -0.4874 -0.4911 -0.3178
3830.00 -0.4660 -0.4830 -0.4968 -0.4880 -0.4808 -0.3109
3840.00 -0.4601 -0.4612 -0.4597 -0.4488 -0.4520 -0.3009
3850.00 -0.5020 -0.5010 -0.4954 -0.4952 -0.5019 -0.3300
3860.00 -0.4587 -0.4539 -0.4529 -0.4555 -0.4681 -0.3059
3870.00 -0.4928 -0.4834 -0.4847 -0.4843 -0.4967 -0.3172
3880.00 -0.4818 -0.4805 -0.4940 -0.4848 -0.4725 -0.3195
3890.00 -0.4359 -0.4590 -0.4615 -0.4598 -0.4454 -0.3065
3900.00 -0.4696 -0.4943 -0.5005 -0.4968 -0.5016 -0.3180
3910.00 -0.4708 -0.4942 -0.4789 -0.4744 -0.4811 -0.3282
3920.00 -0.4545 -0.4776 -0.4763 -0.4927 -0.4859 -0.3086
3930.00 -0.4756 -0.4980 -0.5011 -0.4944 -0.4928 -0.3324
3940.00 -0.4674 -0.4626 -0.4627 -0.4513 -0.4588 -0.2978
3950.00 -0.4620 -0.4667 -0.4731 -0.4701 -0.4683 -0.3175
3960.00 -0.4526 -0.4942 -0.4921 -0.4879 -0.4989 -0.3145
3970.00 -0.4670 -0.5099 -0.4934 -0.5025 -0.4979 -0.3191
3980.00 -0.4412 -0.4569 -0.4647 -0.4609 -0.4730 -0.2996
3990.00 -0.4473 -0.4819 -0.4818 -0.4860 -0.4861 -0.3127
4000.00 -0.4274 -0.4781 -0.4897 -0.4857 -0.4971 -0.3064
