10.00 -0.4623 -0.4615 -0.4641 -0.4607 -0.4629 -0.3062
20.00 -0.4531 -0.4709 -0.4609 -0.4615 -0.4731 -0.3024
30.00 -0.4833 -0.4937 -0.4824 -0.4946 -0.4942 -0.3223
40.00 -0.4616 -0.4706 -0.4631 -0.4699 -0.4675 -0.3124
50.00 -0.4807 -0.4852 -0.4919 -0.4914 -0.4932 -0.3120
60.00 -0.4794 -0.4844 -0.4909 -0.4868 -0.4875 -0.3233
70.00 -0.4633 -0.4666 -0.4711 -0.4641 -0.4662 -0.3058
80.00 -0.4724 -0.4806 -0.4745 -0.4732 -0.4761 -0.3019
90.00 -0.4934 -0.5014 -0.4901 -0.4796 -0.4912 -0.3197
100.00 -0.4545 -0.4550 -0.4629 -0.4659 -0.4691 -0.3079
110.00 -0.4638 -0.4691 -0.4608 -0.4706 -0.4633 -0.3092
120.00 -0.4768 -0.4786 -0.4695 -0.4831 -0.4796 -0.3099
130.00 -0.4724 -0.4810 -0.4630 -0.4660 -0.4787 -0.3151
140.00 -0.4863 -0.4889 -0.4857 -0.4818 -0.4922 -0.3088
150.00 -0.4450 -0.4691 -0.4630 -0.4487 -0.4599 -0.2992
160.00 -0.4671 -0.4678 -0.4787 -0.4714 -0.4704 -0.3057
170.00 -0.5009 -0.4981 -0.4975 -0.4972 -0.5063 -0.3332
180.00 -0.4334 -0.4454 -0.4523 -0.4419 -0.4426 -0.2909
190.00 -0.4837 -0.4995 -0.5093 -0.5070 -0.5105 -0.3253
200.00 -0.4919 -0.4948 -0.4981 -0.4998 -0.4896 -0.3303
210.00 -0.4550 -0.4524 -0.4592 -0.4625 -0.4675 -0.2999
220.00 -0.4764 -0.4828 -0.4758 -0.4785 -0.4741 -0.3163
230.00 -0.4914 -0.4881 -0.4910 -0.4811 -0.4975 -0.3335
240.00 -0.4633 -0.4592 -0.4624 -0.4455 -0.4447 -0.2972
250.00 -0.4772 -0.4755 -0.4874 -0.4693 -0.4799 -0.3174
260.00 -0.4709 -0.4627 -0.4795 -0.4688 -0.4699 -0.3098
270.00 -0.4730 -0.4773 -0.4825 -0.4883 -0.4835 -0.3141
280.00 -0.4917 -0.4807 -0.4822 -0.4924 -0.4937 -0.3047
290.00 -0.4853 -0.4935 -0.4757 -0.4905 -0.4846 -0.3211
300.00 -0.4609 -0.4601 -0.4614 -0.4586 -0.4684 -0.3066
310.00 -0.4605 -0.4542 -0.4503 -0.4517 -0.4551 -0.2993
320.00 -0.4846 -0.4944 -0.4907 -0.4927 -0.4953 -0.3310
330.00 -0.4976 -0.4985 -0.4813 -0.4871 -0.4919 -0.3208
340.00 -0.4666 -0.4650 -0.4755 -0.4739 -0.4682 -0.3092
350.00 -0.4876 -0.4833 -0.4798 -0.4714 -0.4844 -0.3128
360.00 -0.4583 -0.4575 -0.4602 -0.4621 -0.4560 -0.3018
370.00 -0.4964 -0.4817 -0.4863 -0.4810 -0.4817 -0.3060
380.00 -0.4639 -0.4755 -0.4786 -0.4679 -0.4732 -0.3234
390.00 -0.4565 -0.4621 -0.4713 -0.4669 -0.4707 -0.3017
400.00 -0.4740 -0.4803 -0.4753 -0.4689 -0.4731 -0.3081
410.00 -0.5086 -0.4981 -0.5033 -0.5047 -0.4963 -0.3266
420.00 -0.4701 -0.4626 -0.4682 -0.4646 -0.4694 -0.3208
430.00 -0.4808 -0.4855 -0.4968 -0.4841 -0.4705 -0.3063
440.00 -0.4513 -0.4352 -0.4502 -0.4568 -0.4499 -0.2966
450.00 -0.5036 -0.4959 -0.4963 -0.4944 -0.4910 -0.3262
460.00 -0.4806 -0.4667 -0.4739 -0.4847 -0.4716 -0.3097
470.00 -0.4557 -0.4422 -0.4455 -0.4339 -0.4549 -0.2953
480.00 -0.5252 -0.5158 -0.5104 -0.5094 -0.5223 -0.3234
490.00 -0.4709 -0.4745 -0.4688 -0.4746 -0.4735 -0.3201
500.00 -0.4759 -0.4657 -0.4787 -0.4712 -0.4827 -0.3162
510.00 -0.4722 -0.4687 -0.4763 -0.4720 -0.4777 -0.3129
520.00 -0.4661 -0.4657 -0.4633 -0.4725 -0.4700 -0.3122
530.00 -0.4808 -0.4840 -0.4863 -0.4865 -0.4825 -0.3105
540.00 -0.4524 -0.4680 -0.4740 -0.4759 -0.4605 -0.3126
550.00 -0.4873 -0.4957 -0.5031 -0.4933 -0.4831 -0.3130
560.00 -0.4870 -0.4794 -0.4945 -0.4922 -0.4964 -0.3224
570.00 -0.4807 -0.4759 -0.4812 -0.4837 -0.4735 -0.3176
580.00 -0.4817 -0.4938 -0.4701 -0.4932 -0.4845 -0.3287
590.00 -0.4640 -0.4598 -0.4609 -0.4532 -0.4545 -0.3004
600.00 -0.4609 -0.4595 -0.4643 -0.4618 -0.4645 -0.3062
610.00 -0.4937 -0.5061 -0.5001 -0.4976 -0.5002 -0.3264
620.00 -0.4716 -0.4726 -0.4597 -0.4720 -0.4683 -0.3152
630.00 -0.4720 -0.4623 -0.4643 -0.4637 -0.4723 -0.3127
640.00 -0.4670 -0.4668 -0.4671 -0.4664 -0.4679 -0.2990
650.00 -0.4825 -0.4832 -0.4888 -0.4862 -0.4874 -0.3306
660.00 -0.4773 -0.4776 -0.4812 -0.4863 -0.4788 -0.3091
670.00 -0.4682 -0.4654 -0.4569 -0.4488 -0.4561 -0.3005
680.00 -0.4721 -0.4677 -0.4669 -0.4588 -0.4676 -0.3048
690.00 -0.4917 -0.5063 -0.4986 -0.5001 -0.4850 -0.3196
700.00 -0.4534 -0.4524 -0.4511 -0.4571 -0.4492 -0.3083
710.00 -0.5116 -0.5296 -0.5257 -0.5260 -0.5189 -0.3188
720.00 -0.4552 -0.4555 -0.4564 -0.4574 -0.4608 -0.2990
730.00 -0.4593 -0.4564 -0.4572 -0.4490 -0.4489 -0.3066
740.00 -0.5005 -0.4960 -0.4971 -0.4947 -0.5059 -0.3201
750.00 -0.4765 -0.4923 -0.4865 -0.4968 -0.4729 -0.3230
760.00 -0.4483 -0.4560 -0.4500 -0.4569 -0.4558 -0.3106
770.00 -0.4863 -0.4928 -0.4947 -0.4953 -0.4870 -0.3228
780.00 -0.4772 -0.4698 -0.4734 -0.4780 -0.4764 -0.3114
790.00 -0.4692 -0.4932 -0.4886 -0.4852 -0.4889 -0.3255
800.00 -0.4852 -0.4956 -0.4979 -0.4798 -0.4912 -0.3115
810.00 -0.4363 -0.4543 -0.4514 -0.4477 -0.4467 -0.2988
820.00 -0.5030 -0.5143 -0.5186 -0.5161 -0.5176 -0.3388
830.00 -0.4521 -0.4461 -0.4475 -0.4567 -0.4612 -0.2870
840.00 -0.4738 -0.4736 -0.4675 -0.4719 -0.4824 -0.3198
850.00 -0.4858 -0.4785 -0.4631 -0.4801 -0.4704 -0.3091
860.00 -0.4766 -0.4687 -0.4785 -0.4706 -0.4649 -0.3016
870.00 -0.4816 -0.4749 -0.4833 -0.4862 -0.4832 -0.3127
880.00 -0.4650 -0.4607 -0.4663 -0.4624 -0.4590 -0.3058
890.00 -0.4612 -0.4746 -0.4753 -0.4606 -0.4701 -0.3227
900.00 -0.4716 -0.4804 -0.4844 -0.4963 -0.4853 -0.3161
910.00 -0.4700 -0.4704 -0.4676 -0.4734 -0.4638 -0.3178
920.00 -0.4919 -0.4977 -0.4828 -0.5015 -0.4920 -0.3128
930.00 -0.4754 -0.4712 -0.4586 -0.4755 -0.4696 -0.3107
940.00 -0.4783 -0.4764 -0.4620 -0.4723 -0.4731 -0.3158
950.00 -0.4658 -0.4694 -0.4700 -0.4766 -0.4702 -0.2946
960.00 -0.4705 -0.4744 -0.4689 -0.4761 -0.4762 -0.3203
970.00 -0.4850 -0.4811 -0.4662 -0.4833 -0.4699 -0.3207
980.00 -0.4615 -0.4665 -0.4670 -0.4585 -0.4604 -0.2898
990.00 -0.4747 -0.4773 -0.4826 -0.4733 -0.4706 -0.3101
1000.00 -0.5073 -0.5167 -0.5136 -0.5171 -0.5137 -0.3413
1010.00 -0.4676 -0.5621 -0.5679 -0.5651 -0.5633 -0.3116
1020.00 -0.5038 -0.8547 -0.8578 -0.8497 -0.8637 -0.3204
1030.00 -0.4720 -0.8174 -0.8253 -0.8156 -0.8051 -0.2988
1040.00 -0.5172 -0.9344 -0.9377 -0.9491 -0.9447 -0.3248
1050.00 -0.4666 -0.7701 -0.7756 -0.7748 -0.7671 -0.2968
1060.00 -0.4940 -0.8616 -0.8510 -0.8550 -0.8544 -0.3119
1070.00 -0.4760 -0.8111 -0.8229 -0.8152 -0.8181 -0.2984
1080.00 -0.4905 -0.8063 -0.8069 -0.8029 -0.8063 -0.2953
1090.00 -0.4966 -0.8043 -0.8005 -0.8049 -0.8015 -0.3100
1100.00 -0.5068 -0.7486 -0.7583 -0.7569 -0.7575 -0.3075
1110.00 -0.5103 -0.7679 -0.7637 -0.7709 -0.7695 -0.3180
1120.00 -0.4871 -0.7221 -0.7301 -0.7203 -0.7262 -0.3090
1130.00 -0.4800 -0.6640 -0.6730 -0.6692 -0.6707 -0.3087
1140.00 -0.4344 -0.4956 -0.4901 -0.4941 -0.4910 -0.3203
1150.00 -0.4241 -0.4850 -0.4757 -0.4738 -0.4755 -0.3141
1160.00 -0.4074 -0.4527 -0.4563 -0.4499 -0.4542 -0.2997
1170.00 -0.4519 -0.4999 -0.4929 -0.4958 -0.5043 -0.3185
1180.00 -0.4367 -0.4749 -0.4742 -0.4673 -0.4699 -0.2951
1190.00 -0.4663 -0.4905 -0.4742 -0.4866 -0.4866 -0.3154
1200.00 -0.4666 -0.4693 -0.4666 -0.4679 -0.4700 -0.3207
1210.00 -0.4868 -0.4940 -0.4900 -0.4913 -0.4838 -0.3164
1220.00 -0.4888 -0.4933 -0.4818 -0.4935 -0.5027 -0.3190
1230.00 -0.4632 -0.4673 -0.4596 -0.4643 -0.4620 -0.3115
1240.00 -0.4670 -0.4805 -0.4690 -0.4739 -0.4625 -0.3028
1250.00 -0.4756 -0.4745 -0.4732 -0.4821 -0.4702 -0.3126
1260.00 -0.4728 -0.4980 -0.4822 -0.4859 -0.4912 -0.3236
1270.00 -0.4730 -0.4856 -0.4792 -0.4849 -0.4833 -0.3107
1280.00 -0.4573 -0.4811 -0.4657 -0.4663 -0.4629 -0.3177
1290.00 -0.5014 -0.5030 -0.4982 -0.4862 -0.4945 -0.3168
1300.00 -0.4556 -0.4543 -0.4487 -0.4623 -0.4563 -0.3011
1310.00 -0.4996 -0.5015 -0.5149 -0.5004 -0.4966 -0.3243
1320.00 -0.4682 -0.4633 -0.4766 -0.4584 -0.4629 -0.3160
1330.00 -0.4508 -0.4746 -0.4780 -0.4529 -0.4601 -0.3040
1340.00 -0.4719 -0.4675 -0.4733 -0.4689 -0.4728 -0.3041
1350.00 -0.4740 -0.4893 -0.4834 -0.4787 -0.4795 -0.3103
1360.00 -0.4785 -0.4780 -0.4920 -0.4717 -0.4856 -0.3168
1370.00 -0.4877 -0.4838 -0.4955 -0.4837 -0.4865 -0.3183
1380.00 -0.4466 -0.4481 -0.4484 -0.4483 -0.4503 -0.2965
1390.00 -0.4673 -0.4764 -0.4898 -0.4911 -0.4768 -0.3074
1400.00 -0.4928 -0.5060 -0.4918 -0.5067 -0.4976 -0.3258
1410.00 -0.4612 -0.4698 -0.4659 -0.4697 -0.4556 -0.3045
1420.00 -0.4673 -0.4890 -0.4950 -0.4856 -0.4730 -0.3235
1430.00 -0.4426 -0.4693 -0.4543 -0.4695 -0.4709 -0.3067
1440.00 -0.4692 -0.4790 -0.4853 -0.4773 -0.4886 -0.3143
1450.00 -0.4876 -0.4911 -0.4818 -0.4763 -0.5008 -0.3179
1460.00 -0.4696 -0.4796 -0.4754 -0.4790 -0.4802 -0.3238
1470.00 -0.4712 -0.4875 -0.4816 -0.4936 -0.4631 -0.2989
1480.00 -0.4453 -0.4605 -0.4561 -0.4660 -0.4572 -0.3034
1490.00 -0.4824 -0.4866 -0.4678 -0.4907 -0.4907 -0.3182
1500.00 -0.4728 -0.5046 -0.4960 -0.4949 -0.4967 -0.3375
1510.00 -0.4548 -0.4712 -0.4577 -0.4714 -0.4682 -0.3109
1520.00 -0.4746 -0.4960 -0.4885 -0.4878 -0.4956 -0.3081
1530.00 -0.4715 -0.4865 -0.4783 -0.4806 -0.4739 -0.3140
1540.00 -0.4398 -0.4597 -0.4601 -0.4704 -0.4496 -0.3069
1550.00 -0.4992 -0.5078 -0.4991 -0.4915 -0.4861 -0.3194
1560.00 -0.4292 -0.4375 -0.4463 -0.4380 -0.4383 -0.3006
1570.00 -0.4860 -0.5079 -0.4996 -0.5059 -0.4925 -0.3235
1580.00 -0.4258 -0.4869 -0.4881 -0.4880 -0.4851 -0.3104
1590.00 -0.4617 -0.4646 -0.4685 -0.4773 -0.4788 -0.3149
1600.00 -0.4864 -0.4986 -0.5085 -0.5093 -0.4945 -0.3185
1610.00 -0.4588 -0.4728 -0.4651 -0.4670 -0.4601 -0.3136
1620.00 -0.4408 -0.4755 -0.4710 -0.4685 -0.4696 -0.3077
1630.00 -0.4799 -0.4869 -0.4877 -0.4761 -0.4714 -0.3150
1640.00 -0.4989 -0.5187 -0.5036 -0.5069 -0.4934 -0.3111
1650.00 -0.4391 -0.4383 -0.4381 -0.4278 -0.4402 -0.3016
1660.00 -0.4714 -0.5071 -0.5048 -0.4990 -0.5074 -0.3159
1670.00 -0.4351 -0.4771 -0.4758 -0.4811 -0.4685 -0.3175
1680.00 -0.4546 -0.4796 -0.4915 -0.4922 -0.4922 -0.2992
1690.00 -0.4829 -0.4993 -0.5099 -0.5201 -0.4948 -0.3355
1700.00 -0.4395 -0.4681 -0.4644 -0.4683 -0.4573 -0.2968
1710.00 -0.4507 -0.4752 -0.4710 -0.4710 -0.4867 -0.3126
1720.00 -0.4453 -0.4680 -0.4670 -0.4591 -0.4616 -0.2981
1730.00 -0.4837 -0.5052 -0.5154 -0.5111 -0.5134 -0.3287
1740.00 -0.4586 -0.4751 -0.4711 -0.4650 -0.4744 -0.3136
1750.00 -0.4858 -0.4978 -0.4822 -0.4840 -0.4941 -0.3093
1760.00 -0.4532 -0.4677 -0.4627 -0.4659 -0.4625 -0.3090
1770.00 -0.4522 -0.4584 -0.4555 -0.4534 -0.4474 -0.3071
1780.00 -0.4842 -0.4944 -0.5069 -0.4968 -0.4933 -0.3231
1790.00 -0.4854 -0.4755 -0.4720 -0.4986 -0.4827 -0.3131
1800.00 -0.4580 -0.4521 -0.4444 -0.4602 -0.4576 -0.3055
1810.00 -0.5156 -0.5208 -0.5272 -0.4970 -0.5322 -0.3308
1820.00 -0.4127 -0.4498 -0.4470 -0.4434 -0.4474 -0.2878
1830.00 -0.4451 -0.4714 -0.4777 -0.4781 -0.4864 -0.3135
1840.00 -0.4697 -0.4729 -0.4766 -0.4771 -0.4776 -0.3115
1850.00 -0.4788 -0.4797 -0.4866 -0.4728 -0.4955 -0.3110
1860.00 -0.4694 -0.4577 -0.4817 -0.4863 -0.4802 -0.3005
1870.00 -0.4987 -0.5185 -0.5145 -0.5074 -0.5101 -0.3419
1880.00 -0.4526 -0.4634 -0.4577 -0.4670 -0.4590 -0.3040
1890.00 -0.4704 -0.4792 -0.4715 -0.4851 -0.4799 -0.3166
1900.00 -0.4685 -0.4779 -0.4689 -0.4808 -0.4704 -0.3008
1910.00 -0.4483 -0.4812 -0.4846 -0.4682 -0.4798 -0.3099
1920.00 -0.4451 -0.5071 -0.5020 -0.5091 -0.5016 -0.3241
1930.00 -0.4399 -0.4849 -0.4854 -0.4841 -0.4757 -0.3127
1940.00 -0.4219 -0.5173 -0.5203 -0.5140 -0.5121 -0.3068
1950.00 -0.4039 -0.5230 -0.5121 -0.5184 -0.5214 -0.3136
1960.00 -0.3791 -0.5691 -0.5795 -0.5721 -0.5719 -0.3109
1970.00 -0.3474 -0.7347 -0.7301 -0.7339 -0.7376 -0.3213
1980.00 -0.3686 -0.7496 -0.7570 -0.7544 -0.7604 -0.3285
1990.00 -0.3784 -0.6050 -0.5975 -0.5993 -0.5948 -0.3027
2000.00 -0.3602 -0.6528 -0.6487 -0.6474 -0.6641 -0.3034
2010.00 -0.3945 -0.6097 -0.6171 -0.6186 -0.6206 -0.3086
2020.00 -0.3926 -0.5053 -0.5095 -0.5150 -0.5078 -0.3115
2030.00 -0.3947 -0.4997 -0.5042 -0.4991 -0.5004 -0.2991
2040.00 -0.3999 -0.4975 -0.5029 -0.5045 -0.5082 -0.3061
2050.00 -0.4271 -0.4922 -0.4934 -0.4908 -0.4854 -0.3237
2060.00 -0.4016 -0.5055 -0.5071 -0.5115 -0.5035 -0.3032
2070.00 -0.4435 -0.5408 -0.5394 -0.5453 -0.5386 -0.3279
2080.00 -0.4205 -0.4920 -0.4870 -0.4880 -0.4851 -0.3159
2090.00 -0.4247 -0.5167 -0.5096 -0.5063 -0.5009 -0.3141
2100.00 -0.4270 -0.4772 -0.4803 -0.4777 -0.4825 -0.3098
2110.00 -0.4651 -0.4814 -0.4721 -0.4697 -0.4798 -0.3125
2120.00 -0.4634 -0.4724 -0.4882 -0.4813 -0.4844 -0.3058
2130.00 -0.4388 -0.4686 -0.4734 -0.4666 -0.4643 -0.3049
2140.00 -0.4728 -0.4760 -0.4832 -0.4729 -0.4762 -0.3158
2150.00 -0.4853 -0.4736 -0.4720 -0.4706 -0.4761 -0.3081
2160.00 -0.4465 -0.4677 -0.4673 -0.4646 -0.4585 -0.3069
2170.00 -0.5029 -0.5033 -0.4958 -0.5072 -0.5060 -0.3276
2180.00 -0.4374 -0.4537 -0.4505 -0.4559 -0.4591 -0.3022
2190.00 -0.4633 -0.4812 -0.4809 -0.4812 -0.4721 -0.3181
2200.00 -0.5032 -0.5183 -0.5137 -0.5147 -0.5009 -0.3213
2210.00 -0.4614 -0.4739 -0.4759 -0.4746 -0.4776 -0.2969
2220.00 -0.4628 -0.4842 -0.4807 -0.4835 -0.4774 -0.3260
2230.00 -0.4523 -0.4510 -0.4551 -0.4610 -0.4606 -0.3080
2240.00 -0.4677 -0.4812 -0.4621 -0.4814 -0.4723 -0.3099
2250.00 -0.4657 -0.4872 -0.4799 -0.4681 -0.4746 -0.3067
2260.00 -0.4813 -0.4869 -0.4746 -0.4886 -0.4844 -0.3174
2270.00 -0.4641 -0.4768 -0.4643 -0.4839 -0.4837 -0.3214
2280.00 -0.4585 -0.4621 -0.4587 -0.4493 -0.4556 -0.2965
2290.00 -0.4791 -0.4722 -0.4768 -0.4624 -0.4762 -0.3145
2300.00 -0.4738 -0.4945 -0.4772 -0.4873 -0.4763 -0.3210
2310.00 -0.4603 -0.4581 -0.4684 -0.4616 -0.4679 -0.3087
2320.00 -0.4702 -0.4932 -0.4949 -0.4916 -0.4852 -0.3303
2330.00 -0.4484 -0.4564 -0.4475 -0.4502 -0.4585 -0.2947
2340.00 -0.4778 -0.4862 -0.4798 -0.4879 -0.4934 -0.3121
2350.00 -0.4903 -0.5122 -0.4783 -0.4984 -0.4968 -0.3259
2360.00 -0.4739 -0.4669 -0.4785 -0.4746 -0.4773 -0.3140
2370.00 -0.4632 -0.4666 -0.4643 -0.4587 -0.4689 -0.3003
2380.00 -0.4604 -0.4610 -0.4636 -0.4642 -0.4501 -0.2996
2390.00 -0.5075 -0.5170 -0.5203 -0.5135 -0.5095 -0.3327
2400.00 -0.4524 -0.4468 -0.4524 -0.4580 -0.4493 -0.2976
2410.00 -0.4628 -0.4796 -0.4700 -0.4761 -0.4704 -0.3146
2420.00 -0.4804 -0.4805 -0.4782 -0.4693 -0.4706 -0.3181
2430.00 -0.4762 -0.4770 -0.4756 -0.4828 -0.4764 -0.3123
2440.00 -0.4876 -0.4966 -0.5004 -0.4821 -0.5003 -0.3310
2450.00 -0.4604 -0.4686 -0.4664 -0.4696 -0.4665 -0.3077
2460.00 -0.4811 -0.4775 -0.4831 -0.4750 -0.4738 -0.2984
2470.00 -0.4495 -0.4716 -0.4617 -0.4677 -0.4580 -0.3137
2480.00 -0.4793 -0.5018 -0.5003 -0.5038 -0.5027 -0.3273
2490.00 -0.4540 -0.4779 -0.4621 -0.4734 -0.4798 -0.3105
2500.00 -0.4209 -0.4683 -0.4804 -0.4703 -0.4641 -0.2915
2510.00 -0.4445 -0.4813 -0.4835 -0.4857 -0.4857 -0.3173
2520.00 -0.4940 -0.5160 -0.5061 -0.5060 -0.5149 -0.3210
2530.00 -0.4431 -0.4614 -0.4532 -0.4608 -0.4609 -0.3109
2540.00 -0.4692 -0.4966 -0.4794 -0.4937 -0.4931 -0.3288
2550.00 -0.4516 -0.4838 -0.4721 -0.4793 -0.4908 -0.2966
2560.00 -0.4413 -0.4478 -0.4482 -0.4527 -0.4532 -0.3101
2570.00 -0.5021 -0.4984 -0.5083 -0.5024 -0.5073 -0.3248
2580.00 -0.4739 -0.4770 -0.4768 -0.4795 -0.4902 -0.3091
2590.00 -0.4516 -0.4643 -0.4623 -0.4725 -0.4637 -0.3085
2600.00 -0.4544 -0.4580 -0.4648 -0.4540 -0.4570 -0.3031
2610.00 -0.4775 -0.4806 -0.4829 -0.4747 -0.4925 -0.3193
2620.00 -0.4767 -0.5046 -0.5158 -0.5037 -0.5171 -0.3265
2630.00 -0.4530 -0.4728 -0.4641 -0.4758 -0.4717 -0.3094
2640.00 -0.4549 -0.4596 -0.4544 -0.4562 -0.4518 -0.2913
2650.00 -0.5059 -0.5084 -0.5049 -0.5048 -0.4991 -0.3348
2660.00 -0.4745 -0.4846 -0.4747 -0.4827 -0.4774 -0.3192
2670.00 -0.4741 -0.4781 -0.4779 -0.4706 -0.4793 -0.3146
2680.00 -0.4336 -0.4305 -0.4340 -0.4413 -0.4494 -0.2907
2690.00 -0.4721 -0.4911 -0.4923 -0.4940 -0.4874 -0.3055
2700.00 -0.4682 -0.4870 -0.4816 -0.4794 -0.4739 -0.3166
2710.00 -0.4627 -0.4981 -0.4944 -0.4995 -0.5034 -0.3256
2720.00 -0.4571 -0.4696 -0.4799 -0.4756 -0.4800 -0.3106
2730.00 -0.4748 -0.4919 -0.4868 -0.4835 -0.4906 -0.3159
2740.00 -0.4328 -0.4467 -0.4511 -0.4482 -0.4549 -0.3088
2750.00 -0.4730 -0.5329 -0.5183 -0.5218 -0.5259 -0.3246
2760.00 -0.4260 -0.4490 -0.4575 -0.4468 -0.4625 -0.3007
2770.00 -0.4556 -0.4878 -0.4714 -0.4713 -0.4823 -0.3109
2780.00 -0.4686 -0.5063 -0.4980 -0.4958 -0.4949 -0.3187
2790.00 -0.4508 -0.4725 -0.4715 -0.4635 -0.4606 -0.3068
2800.00 -0.4558 -0.4729 -0.4795 -0.4752 -0.4775 -0.3192
2810.00 -0.4578 -0.4488 -0.4668 -0.4629 -0.4517 -0.2931
2820.00 -0.5077 -0.5090 -0.5327 -0.5369 -0.5296 -0.3557
2830.00 -0.4875 -0.4879 -0.4864 -0.4987 -0.4973 -0.3186
2840.00 -0.4623 -0.4640 -0.4553 -0.4523 -0.4685 -0.3028
2850.00 -0.4573 -0.4853 -0.4746 -0.4815 -0.4975 -0.3111
2860.00 -0.4556 -0.4772 -0.4776 -0.4860 -0.4742 -0.3232
2870.00 -0.4386 -0.4681 -0.4641 -0.4657 -0.4658 -0.3064
2880.00 -0.4595 -0.4784 -0.4800 -0.4847 -0.4820 -0.3119
2890.00 -0.4699 -0.4773 -0.4763 -0.4679 -0.4776 -0.3206
2900.00 -0.4748 -0.4986 -0.4828 -0.4771 -0.4896 -0.3108
2910.00 -0.4584 -0.4733 -0.4767 -0.4771 -0.4779 -0.3179
2920.00 -0.5027 -0.4955 -0.5048 -0.5056 -0.5066 -0.3271
2930.00 -0.4503 -0.4628 -0.4605 -0.4547 -0.4672 -0.3020
2940.00 -0.4698 -0.4869 -0.4905 -0.4906 -0.4894 -0.3132
2950.00 -0.4554 -0.4644 -0.4651 -0.4602 -0.4628 -0.3063
2960.00 -0.4863 -0.4928 -0.4958 -0.4964 -0.4822 -0.3190
2970.00 -0.4855 -0.4923 -0.4939 -0.4982 -0.4789 -0.3250
2980.00 -0.4326 -0.4526 -0.4474 -0.4413 -0.4191 -0.2776
2990.00 -0.5017 -0.5006 -0.5001 -0.5085 -0.4887 -0.3362
3000.00 -0.4896 -0.5012 -0.4906 -0.5053 -0.4915 -0.3248
3010.00 -0.4385 -0.4542 -0.4520 -0.4550 -0.4498 -0.2920
3020.00 -0.4611 -0.4970 -0.4881 -0.4951 -0.4851 -0.3160
3030.00 -0.4440 -0.4557 -0.4614 -0.4596 -0.4489 -0.3053
3040.00 -0.4960 -0.5234 -0.5161 -0.5231 -0.5056 -0.3258
3050.00 -0.4426 -0.4826 -0.4813 -0.4846 -0.4755 -0.3081
3060.00 -0.4469 -0.4579 -0.4621 -0.4686 -0.4659 -0.3030
3070.00 -0.4687 -0.4959 -0.4972 -0.4978 -0.4859 -0.3236
3080.00 -0.4479 -0.4825 -0.4775 -0.4683 -0.4763 -0.3041
3090.00 -0.4595 -0.4612 -0.4722 -0.4749 -0.4548 -0.3019
3100.00 -0.4935 -0.4916 -0.5146 -0.5075 -0.5089 -0.3263
3110.00 -0.4173 -0.4422 -0.4421 -0.4317 -0.4474 -0.2949
3120.00 -0.4307 -0.4707 -0.4772 -0.4643 -0.4658 -0.2996
3130.00 -0.5120 -0.5480 -0.5493 -0.5528 -0.5358 -0.3468
3140.00 -0.4468 -0.4561 -0.4516 -0.4456 -0.4556 -0.3150
3150.00 -0.4416 -0.4723 -0.4718 -0.4639 -0.4645 -0.3055
3160.00 -0.4580 -0.4759 -0.4774 -0.4796 -0.4731 -0.3077
3170.00 -0.4745 -0.4914 -0.4835 -0.4773 -0.4879 -0.3208
3180.00 -0.4537 -0.4786 -0.4959 -0.4861 -0.4935 -0.3109
3190.00 -0.4742 -0.4769 -0.4769 -0.4783 -0.4828 -0.3111
3200.00 -0.4715 -0.4790 -0.4944 -0.4754 -0.4796 -0.3148
3210.00 -0.4556 -0.4589 -0.4602 -0.4473 -0.4456 -0.2998
3220.00 -0.4870 -0.4973 -0.4978 -0.4925 -0.4900 -0.3307
3230.00 -0.4528 -0.4706 -0.4708 -0.4817 -0.4671 -0.3091
3240.00 -0.4683 -0.4915 -0.4782 -0.4874 -0.4811 -0.3066
3250.00 -0.4593 -0.4656 -0.4576 -0.4659 -0.4601 -0.3115
3260.00 -0.4740 -0.4871 -0.4917 -0.4805 -0.4795 -0.3279
3270.00 -0.4576 -0.4497 -0.4646 -0.4636 -0.4630 -0.3119
3280.00 -0.4655 -0.4836 -0.4826 -0.4734 -0.4780 -0.3115
3290.00 -0.4879 -0.5007 -0.4947 -0.5041 -0.5033 -0.3196
3300.00 -0.4539 -0.4562 -0.4710 -0.4647 -0.4676 -0.3108
3310.00 -0.4659 -0.4932 -0.4994 -0.4924 -0.4836 -0.3079
3320.00 -0.4384 -0.4531 -0.4595 -0.4546 -0.4517 -0.2973
3330.00 -0.4697 -0.4767 -0.4815 -0.4809 -0.4678 -0.3234
3340.00 -0.4750 -0.4724 -0.4980 -0.4862 -0.4865 -0.3038
3350.00 -0.4684 -0.4815 -0.4761 -0.4847 -0.4741 -0.3263
3360.00 -0.4618 -0.4700 -0.4798 -0.4695 -0.4634 -0.2986
3370.00 -0.4651 -0.4650 -0.4851 -0.4630 -0.4683 -0.3013
3380.00 -0.4765 -0.4851 -0.4852 -0.4789 -0.4901 -0.3188
3390.00 -0.4793 -0.4905 -0.4882 -0.4878 -0.4842 -0.3052
3400.00 -0.4609 -0.4734 -0.4802 -0.4671 -0.4732 -0.3197
3410.00 -0.4928 -0.4946 -0.4831 -0.5011 -0.4912 -0.3277
3420.00 -0.4577 -0.4684 -0.4561 -0.4587 -0.4731 -0.2986
3430.00 -0.4661 -0.4907 -0.4957 -0.4864 -0.4838 -0.3191
3440.00 -0.4733 -0.4697 -0.4686 -0.4703 -0.4722 -0.3163
3450.00 -0.4666 -0.4776 -0.4855 -0.4656 -0.4765 -0.3006
3460.00 -0.4784 -0.4794 -0.4722 -0.4822 -0.4779 -0.3055
3470.00 -0.4763 -0.4859 -0.4855 -0.4804 -0.4923 -0.3102
3480.00 -0.4666 -0.4653 -0.4756 -0.4785 -0.4894 -0.3214
3490.00 -0.4623 -0.4585 -0.4604 -0.4639 -0.4640 -0.3070
3500.00 -0.4726 -0.4695 -0.4770 -0.4685 -0.4794 -0.3098
3510.00 -0.4764 -0.4918 -0.4895 -0.4799 -0.4883 -0.3047
3520.00 -0.4704 -0.4751 -0.4617 -0.4598 -0.4672 -0.3167
3530.00 -0.4740 -0.4639 -0.4790 -0.4716 -0.4701 -0.3144
3540.00 -0.4692 -0.4690 -0.4771 -0.4686 -0.4734 -0.3094
3550.00 -0.5052 -0.5124 -0.5133 -0.5106 -0.5183 -0.3370
3560.00 -0.4383 -0.4365 -0.4438 -0.4583 -0.4441 -0.3061
3570.00 -0.4762 -0.4835 -0.4807 -0.4897 -0.4824 -0.3123
3580.00 -0.4483 -0.4726 -0.4669 -0.4588 -0.4774 -0.3027
3590.00 -0.4640 -0.4885 -0.4980 -0.4944 -0.4864 -0.3323
3600.00 -0.4457 -0.4601 -0.4641 -0.4665 -0.4616 -0.2980
3610.00 -0.4702 -0.4924 -0.4970 -0.5006 -0.4862 -0.3173
3620.00 -0.4746 -0.5030 -0.5004 -0.4985 -0.5016 -0.3311
3630.00 -0.4393 -0.4605 -0.4529 -0.4608 -0.4644 -0.2989
3640.00 -0.4614 -0.4848 -0.4782 -0.4747 -0.4811 -0.3117
3650.00 -0.4601 -0.4875 -0.4821 -0.4808 -0.4800 -0.3097
3660.00 -0.4384 -0.4713 -0.4700 -0.4719 -0.4668 -0.3091
3670.00 -0.4717 -0.5108 -0.4999 -0.4896 -0.5007 -0.3142
3680.00 -0.4516 -0.4550 -0.4480 -0.4592 -0.4512 -0.3064
3690.00 -0.4749 -0.4858 -0.4812 -0.4800 -0.4833 -0.3028
3700.00 -0.4687 -0.4923 -0.4889 -0.4857 -0.4944 -0.3247
3710.00 -0.4521 -0.4643 -0.4587 -0.4569 -0.4672 -0.3001
3720.00 -0.4694 -0.4960 -0.4837 -0.4918 -0.5050 -0.3216
3730.00 -0.4785 -0.4900 -0.4800 -0.4873 -0.4860 -0.3206
3740.00 -0.4473 -0.4476 -0.4493 -0.4489 -0.4572 -0.2961
3750.00 -0.4943 -0.5067 -0.4938 -0.4859 -0.4868 -0.3214
3760.00 -0.4752 -0.4736 -0.4824 -0.4816 -0.4761 -0.3179
3770.00 -0.4812 -0.4834 -0.4785 -0.4895 -0.4859 -0.3203
3780.00 -0.4438 -0.4446 -0.4405 -0.4536 -0.4517 -0.2925
3790.00 -0.4846 -0.4976 -0.4875 -0.4922 -0.4897 -0.3223
3800.00 -0.4449 -0.4432 -0.4533 -0.4572 -0.4363 -0.2982
3810.00 -0.4945 -0.4810 -0.5149 -0.5009 -0.5028 -0.3199
3820.00 -0.4511 -0.4685 -0.4751 -0.4641 -0.4699 -0.3015
3830.00 -0.4845 -0.4958 -0.4888 -0.4911 -0.4787 -0.3210
3840.00 -0.4616 -0.4451 -0.4576 -0.4582 -0.4545 -0.3063
3850.00 -0.4728 -0.4861 -0.4830 -0.4773 -0.4764 -0.3055
3860.00 -0.5043 -0.5033 -0.5063 -0.4964 -0.5072 -0.3292
3870.00 -0.4604 -0.4586 -0.4633 -0.4657 -0.4643 -0.3158
3880.00 -0.4729 -0.4826 -0.4805 -0.4903 -0.4795 -0.3129
3890.00 -0.4854 -0.4808 -0.4737 -0.4881 -0.4835 -0.3066
3900.00 -0.4510 -0.4674 -0.4664 -0.4567 -0.4644 -0.3077
3910.00 -0.4552 -0.4799 -0.4640 -0.4756 -0.4729 -0.3111
3920.00 -0.4668 -0.4711 -0.4621 -0.4809 -0.4667 -0.3175
3930.00 -0.4785 -0.4874 -0.4933 -0.5036 -0.4863 -0.3168
3940.00 -0.4531 -0.4696 -0.4665 -0.4659 -0.4681 -0.3150
3950.00 -0.4614 -0.4615 -0.4643 -0.4542 -0.4647 -0.3102
3960.00 -0.5011 -0.5065 -0.5121 -0.4840 -0.5082 -0.3156
3970.00 -0.4734 -0.4758 -0.4732 -0.4594 -0.4736 -0.3104
3980.00 -0.4708 -0.4723 -0.4802 -0.4598 -0.4737 -0.3223
3990.00 -0.4697 -0.4669 -0.4728 -0.4589 -0.4670 -0.3014
4000.00 -0.4684 -0.4847 -0.4858 -0.4709 -0.4709 -0.3096
