10.00 -0.5032 -0.4890 -0.4979 -0.4900 -0.4887 -0.3247
20.00 -0.4867 -0.4874 -0.4903 -0.4762 -0.4831 -0.3090
30.00 -0.4653 -0.4515 -0.4561 -0.4547 -0.4603 -0.3077
40.00 -0.4698 -0.4862 -0.4766 -0.4850 -0.4747 -0.3052
50.00 -0.4881 -0.4941 -0.4821 -0.4897 -0.4855 -0.3361
60.00 -0.4444 -0.4489 -0.4542 -0.4658 -0.4496 -0.3004
70.00 -0.4977 -0.4829 -0.5051 -0.4997 -0.5067 -0.3175
80.00 -0.4748 -0.4730 -0.4678 -0.4622 -0.4599 -0.3082
90.00 -0.5092 -0.5021 -0.5115 -0.4945 -0.5089 -0.3322
100.00 -0.4594 -0.4567 -0.4557 -0.4545 -0.4600 -0.2915
110.00 -0.4717 -0.4651 -0.4623 -0.4656 -0.4633 -0.3188
120.00 -0.4886 -0.4793 -0.4773 -0.4841 -0.4786 -0.3109
130.00 -0.4752 -0.4647 -0.4707 -0.4679 -0.4728 -0.3111
140.00 -0.4759 -0.4834 -0.4844 -0.4800 -0.4724 -0.3157
150.00 -0.4906 -0.4859 -0.4799 -0.4913 -0.4896 -0.3141
160.00 -0.4710 -0.4751 -0.4699 -0.4703 -0.4682 -0.3054
170.00 -0.4683 -0.4886 -0.4731 -0.4951 -0.4704 -0.3141
180.00 -0.4672 -0.4729 -0.4725 -0.4681 -0.4750 -0.3219
190.00 -0.4532 -0.4565 -0.4446 -0.4455 -0.4529 -0.2929
200.00 -0.5060 -0.5088 -0.5056 -0.5065 -0.4947 -0.3363
210.00 -0.4776 -0.4685 -0.4528 -0.4670 -0.4617 -0.3027
220.00 -0.4656 -0.4725 -0.4625 -0.4708 -0.4551 -0.3006
230.00 -0.4867 -0.4889 -0.4776 -0.4837 -0.4735 -0.3179
240.00 -0.4569 -0.4847 -0.4891 -0.4824 -0.4846 -0.2992
250.00 -0.4925 -0.4976 -0.4917 -0.4883 -0.4964 -0.3260
260.00 -0.4670 -0.4729 -0.4571 -0.4654 -0.4671 -0.3043
270.00 -0.4652 -0.4942 -0.4851 -0.4867 -0.5018 -0.3088
280.00 -0.4609 -0.4631 -0.4745 -0.4623 -0.4661 -0.3147
290.00 -0.4579 -0.4725 -0.4729 -0.4740 -0.4629 -0.2989
300.00 -0.4731 -0.4702 -0.4802 -0.4825 -0.4819 -0.3260
310.00 -0.4965 -0.5007 -0.5147 -0.4918 -0.5090 -0.3194
320.00 -0.4321 -0.4594 -0.4425 -0.4623 -0.4567 -0.2896
330.00 -0.4775 -0.4824 -0.4856 -0.4978 -0.5014 -0.3317
340.00 -0.4781 -0.4766 -0.4915 -0.4906 -0.4758 -0.3175
350.00 -0.4419 -0.4649 -0.4552 -0.4756 -0.4683 -0.3052
360.00 -0.4404 -0.4596 -0.4586 -0.4678 -0.4474 -0.2948
370.00 -0.5129 -0.5234 -0.5122 -0.5156 -0.5204 -0.3337
380.00 -0.4329 -0.4485 -0.4461 -0.4467 -0.4487 -0.2948
390.00 -0.4686 -0.5041 -0.5103 -0.4982 -0.5156 -0.3173
400.00 -0.4481 -0.4579 -0.4622 -0.4679 -0.4609 -0.2996
410.00 -0.4654 -0.4870 -0.4959 -0.4873 -0.4915 -0.3117
420.00 -0.4575 -0.4705 -0.4800 -0.4803 -0.4792 -0.3123
430.00 -0.4780 -0.4840 -0.4931 -0.4965 -0.4921 -0.3164
440.00 -0.4725 -0.4617 -0.4793 -0.4825 -0.4778 -0.3179
450.00 -0.4841 -0.4837 -0.4769 -0.4964 -0.4867 -0.3152
460.00 -0.4673 -0.4519 -0.4470 -0.4703 -0.4477 -0.2952
470.00 -0.4811 -0.4770 -0.4762 -0.4801 -0.4696 -0.3090
480.00 -0.4746 -0.4857 -0.4823 -0.4807 -0.4899 -0.3112
490.00 -0.4492 -0.4499 -0.4356 -0.4368 -0.4467 -0.3030
500.00 -0.5099 -0.5054 -0.5000 -0.5119 -0.5098 -0.3252
510.00 -0.4540 -0.4557 -0.4482 -0.4522 -0.4535 -0.3036
520.00 -0.4930 -0.4954 -0.4896 -0.5029 -0.4998 -0.3319
530.00 -0.4677 -0.4586 -0.4700 -0.4695 -0.4561 -0.3045
540.00 -0.4811 -0.4794 -0.4704 -0.4839 -0.4717 -0.3206
550.00 -0.4654 -0.5001 -0.4969 -0.4844 -0.4851 -0.3207
560.00 -0.4709 -0.4725 -0.4659 -0.4724 -0.4589 -0.3053
570.00 -0.4627 -0.4751 -0.4779 -0.4809 -0.4753 -0.3170
580.00 -0.5015 -0.5034 -0.4907 -0.5093 -0.4904 -0.3313
590.00 -0.4782 -0.4852 -0.4669 -0.4831 -0.4668 -0.3052
600.00 -0.4675 -0.4555 -0.4559 -0.4621 -0.4621 -0.3064
610.00 -0.4758 -0.4846 -0.4774 -0.4732 -0.4768 -0.3126
620.00 -0.4680 -0.4543 -0.4414 -0.4713 -0.4605 -0.2966
630.00 -0.4913 -0.4659 -0.4696 -0.4729 -0.4791 -0.3173
640.00 -0.4755 -0.4775 -0.4690 -0.4912 -0.4874 -0.3153
650.00 -0.4796 -0.4978 -0.4831 -0.4873 -0.4879 -0.3202
660.00 -0.4660 -0.4651 -0.4695 -0.4719 -0.4656 -0.3207
670.00 -0.4634 -0.4683 -0.4614 -0.4723 -0.4759 -0.3062
680.00 -0.4607 -0.4548 -0.4688 -0.4555 -0.4665 -0.3016
690.00 -0.4993 -0.4937 -0.4956 -0.5010 -0.4892 -0.3247
700.00 -0.4730 -0.4610 -0.4793 -0.4893 -0.4868 -0.3060
710.00 -0.4744 -0.4617 -0.4866 -0.4721 -0.4795 -0.3096
720.00 -0.4627 -0.4570 -0.4651 -0.4663 -0.4636 -0.2974
730.00 -0.5071 -0.4919 -0.4888 -0.5047 -0.5026 -0.3335
740.00 -0.4690 -0.4684 -0.4490 -0.4726 -0.4706 -0.2842
750.00 -0.4946 -0.4718 -0.4824 -0.4877 -0.4867 -0.3298
760.00 -0.4761 -0.4778 -0.4749 -0.4772 -0.4904 -0.3115
770.00 -0.4628 -0.4603 -0.4534 -0.4693 -0.4647 -0.3146
780.00 -0.5045 -0.4849 -0.5030 -0.5087 -0.5065 -0.3297
790.00 -0.4779 -0.4647 -0.4721 -0.4581 -0.4658 -0.3013
800.00 -0.4934 -0.4767 -0.4712 -0.4980 -0.4783 -0.3104
810.00 -0.4905 -0.4880 -0.4814 -0.4817 -0.4742 -0.3184
820.00 -0.4625 -0.4608 -0.4513 -0.4518 -0.4523 -0.2890
830.00 -0.4829 -0.4773 -0.4792 -0.4960 -0.4826 -0.3304
840.00 -0.4842 -0.4927 -0.4878 -0.4805 -0.4851 -0.3215
850.00 -0.4571 -0.4551 -0.4527 -0.4595 -0.4522 -0.2969
860.00 -0.5060 -0.5059 -0.5117 -0.4961 -0.5036 -0.3340
870.00 -0.4521 -0.4562 -0.4665 -0.4672 -0.4642 -0.2954
880.00 -0.4614 -0.4777 -0.4764 -0.4803 -0.4747 -0.3155
890.00 -0.4591 -0.4548 -0.4737 -0.4661 -0.4705 -0.3122
900.00 -0.5095 -0.5144 -0.5187 -0.5217 -0.4922 -0.3296
910.00 -0.4800 -0.4591 -0.4751 -0.4799 -0.4732 -0.3093
920.00 -0.4674 -0.4727 -0.4660 -0.4785 -0.4649 -0.3052
930.00 -0.4884 -0.4806 -0.4906 -0.4787 -0.4618 -0.3249
940.00 -0.4629 -0.4648 -0.4730 -0.4738 -0.4697 -0.3052
950.00 -0.4670 -0.4642 -0.4755 -0.4676 -0.4512 -0.3026
960.00 -0.4857 -0.4833 -0.4913 -0.4931 -0.4645 -0.3279
970.00 -0.4792 -0.4678 -0.4735 -0.4872 -0.4692 -0.3073
980.00 -0.4703 -0.4654 -0.4725 -0.4591 -0.4711 -0.3181
990.00 -0.4823 -0.4823 -0.4896 -0.4933 -0.4990 -0.3132
1000.00 -0.4793 -0.4801 -0.4913 -0.4981 -0.4892 -0.3306
1010.00 -0.4486 -0.7044 -0.7027 -0.7014 -0.6926 -0.3084
1020.00 -0.4536 -1.0101 -1.0075 -1.0064 -0.9938 -0.3136
1030.00 -0.4208 -1.0713 -1.0697 -1.0755 -1.0762 -0.2874
1040.00 -0.4201 -0.8383 -0.8351 -0.8319 -0.8384 -0.3043
1050.00 -0.3982 -0.4843 -0.4879 -0.4865 -0.4812 -0.3010
1060.00 -0.4371 -0.5313 -0.5298 -0.5259 -0.5287 -0.3328
1070.00 -0.3731 -0.4388 -0.4405 -0.4445 -0.4419 -0.2868
1080.00 -0.4499 -0.5260 -0.5343 -0.5281 -0.5352 -0.3359
1090.00 -0.4083 -0.4586 -0.4617 -0.4663 -0.4590 -0.3039
1100.00 -0.4160 -0.4704 -0.4695 -0.4632 -0.4712 -0.2935
1110.00 -0.4608 -0.4904 -0.4990 -0.4928 -0.4955 -0.3243
1120.00 -0.4633 -0.4864 -0.4870 -0.4822 -0.4818 -0.3185
1130.00 -0.4684 -0.4808 -0.4715 -0.4694 -0.4829 -0.2996
1140.00 -0.4435 -0.4522 -0.4640 -0.4619 -0.4559 -0.2978
1150.00 -0.4799 -0.5022 -0.5119 -0.5083 -0.4871 -0.3309
1160.00 -0.4512 -0.4631 -0.4612 -0.4581 -0.4513 -0.3100
1170.00 -0.4687 -0.4589 -0.4688 -0.4723 -0.4775 -0.3094
1180.00 -0.4944 -0.4992 -0.4838 -0.5009 -0.5093 -0.3262
1190.00 -0.4700 -0.4950 -0.4820 -0.4924 -0.4797 -0.3161
1200.00 -0.4478 -0.4610 -0.4483 -0.4528 -0.4582 -0.3039
1210.00 -0.4952 -0.4659 -0.4746 -0.4689 -0.4748 -0.2966
1220.00 -0.4841 -0.4656 -0.4740 -0.4665 -0.4776 -0.3220
1230.00 -0.4861 -0.4920 -0.4874 -0.4864 -0.4958 -0.3147
1240.00 -0.4628 -0.4722 -0.4739 -0.4810 -0.4685 -0.3224
1250.00 -0.4641 -0.4696 -0.4816 -0.4844 -0.4604 -0.3087
1260.00 -0.4577 -0.4796 -0.4764 -0.4723 -0.4721 -0.3026
1270.00 -0.5031 -0.4986 -0.5098 -0.5030 -0.5110 -0.3285
1280.00 -0.4672 -0.4753 -0.4780 -0.4660 -0.4644 -0.3052
1290.00 -0.4724 -0.4853 -0.4792 -0.4772 -0.4780 -0.3240
1300.00 -0.4564 -0.4635 -0.4635 -0.4695 -0.4670 -0.2964
1310.00 -0.4753 -0.4702 -0.4863 -0.4778 -0.4865 -0.3135
1320.00 -0.4762 -0.4617 -0.4883 -0.4736 -0.4731 -0.3155
1330.00 -0.4528 -0.4573 -0.4652 -0.4652 -0.4574 -0.3079
1340.00 -0.4769 -0.4870 -0.4843 -0.4723 -0.4829 -0.3180
1350.00 -0.4682 -0.4735 -0.4724 -0.4809 -0.4849 -0.3029
1360.00 -0.4748 -0.4748 -0.4758 -0.4878 -0.4829 -0.3166
1370.00 -0.4604 -0.4707 -0.4887 -0.4802 -0.4741 -0.3236
1380.00 -0.4711 -0.4746 -0.4761 -0.4776 -0.4845 -0.2996
1390.00 -0.4794 -0.4836 -0.4913 -0.4654 -0.4785 -0.3248
1400.00 -0.4658 -0.4775 -0.4691 -0.4837 -0.4868 -0.3076
1410.00 -0.4880 -0.4661 -0.4903 -0.4951 -0.4715 -0.3171
1420.00 -0.4709 -0.4802 -0.4782 -0.4780 -0.4897 -0.3099
1430.00 -0.4575 -0.4554 -0.4638 -0.4464 -0.4680 -0.3050
1440.00 -0.4457 -0.4595 -0.4678 -0.4643 -0.4668 -0.3104
1450.00 -0.4487 -0.4630 -0.4665 -0.4715 -0.4626 -0.3097
1460.00 -0.4371 -0.4660 -0.4631 -0.4736 -0.4835 -0.3026
1470.00 -0.5061 -0.5433 -0.5330 -0.5229 -0.5252 -0.3335
1480.00 -0.4700 -0.4650 -0.4538 -0.4667 -0.4652 -0.3099
1490.00 -0.4664 -0.4740 -0.4774 -0.4765 -0.4869 -0.3115
1500.00 -0.4552 -0.4872 -0.4846 -0.4906 -0.4854 -0.3100
1510.00 -0.4420 -0.4575 -0.4620 -0.4637 -0.4579 -0.3085
1520.00 -0.4635 -0.4861 -0.4813 -0.4868 -0.4753 -0.3151
1530.00 -0.4784 -0.4842 -0.4910 -0.4875 -0.4784 -0.3254
1540.00 -0.4484 -0.4720 -0.4678 -0.4887 -0.4621 -0.2990
1550.00 -0.4665 -0.5194 -0.4994 -0.5062 -0.5195 -0.2990
1560.00 -0.4584 -0.4744 -0.4812 -0.4851 -0.4736 -0.3180
1570.00 -0.4631 -0.4713 -0.4694 -0.4781 -0.4631 -0.3050
1580.00 -0.4536 -0.4765 -0.4806 -0.4920 -0.4818 -0.3193
1590.00 -0.4641 -0.4980 -0.4970 -0.4928 -0.5022 -0.3248
1600.00 -0.4540 -0.4599 -0.4562 -0.4649 -0.4427 -0.3092
1610.00 -0.4821 -0.4720 -0.4806 -0.4810 -0.4680 -0.3023
1620.00 -0.4825 -0.4882 -0.4879 -0.4891 -0.4846 -0.3171
1630.00 -0.4432 -0.4471 -0.4519 -0.4636 -0.4530 -0.2994
1640.00 -0.4819 -0.4925 -0.5048 -0.4927 -0.4747 -0.3209
1650.00 -0.4833 -0.4806 -0.4862 -0.4912 -0.4713 -0.3191
1660.00 -0.4555 -0.4640 -0.4676 -0.4718 -0.4500 -0.2979
1670.00 -0.4988 -0.5110 -0.5105 -0.5293 -0.5105 -0.3417
1680.00 -0.4812 -0.4765 -0.4900 -0.4864 -0.4751 -0.3158
1690.00 -0.4473 -0.4514 -0.4596 -0.4449 -0.4420 -0.2977
1700.00 -0.4392 -0.4528 -0.4417 -0.4494 -0.4482 -0.2980
1710.00 -0.4670 -0.4732 -0.4718 -0.4727 -0.4671 -0.3118
1720.00 -0.4786 -0.5239 -0.5039 -0.5200 -0.5217 -0.3150
1730.00 -0.4492 -0.4514 -0.4670 -0.4604 -0.4685 -0.3018
1740.00 -0.4721 -0.4859 -0.4877 -0.4860 -0.4903 -0.3216
1750.00 -0.4652 -0.4710 -0.4671 -0.4572 -0.4593 -0.3037
1760.00 -0.5114 -0.4982 -0.4984 -0.5036 -0.4980 -0.3279
1770.00 -0.4338 -0.4581 -0.4577 -0.4586 -0.4582 -0.2984
1780.00 -0.4669 -0.4954 -0.4931 -0.4975 -0.5029 -0.3265
1790.00 -0.4505 -0.4779 -0.4692 -0.4814 -0.4811 -0.3089
1800.00 -0.4642 -0.4947 -0.4895 -0.5012 -0.4858 -0.3258
1810.00 -0.4443 -0.4804 -0.4915 -0.4836 -0.4843 -0.3158
1820.00 -0.4300 -0.4787 -0.4684 -0.4640 -0.4662 -0.2971
1830.00 -0.4154 -0.5618 -0.5487 -0.5670 -0.5732 -0.3234
1840.00 -0.3896 -0.4864 -0.4803 -0.4924 -0.4845 -0.3100
1850.00 -0.3840 -0.6630 -0.6622 -0.6559 -0.6514 -0.3234
1860.00 -0.3278 -0.8284 -0.8251 -0.8276 -0.8360 -0.3115
1870.00 -0.3711 -0.7419 -0.7340 -0.7336 -0.7245 -0.3228
1880.00 -0.3531 -0.6843 -0.6889 -0.6854 -0.6867 -0.2957
1890.00 -0.3866 -0.5822 -0.5890 -0.5826 -0.5891 -0.3165
1900.00 -0.3877 -0.6483 -0.6504 -0.6476 -0.6443 -0.3085
1910.00 -0.4046 -0.5633 -0.5664 -0.5763 -0.5810 -0.3229
1920.00 -0.3809 -0.5515 -0.5602 -0.5491 -0.5472 -0.2994
1930.00 -0.3894 -0.5401 -0.5383 -0.5366 -0.5408 -0.3060
1940.00 -0.4133 -0.6256 -0.6182 -0.6292 -0.6252 -0.3399
1950.00 -0.3904 -0.5248 -0.5330 -0.5288 -0.5189 -0.2985
1960.00 -0.4142 -0.5415 -0.5361 -0.5314 -0.5319 -0.3098
1970.00 -0.4016 -0.5318 -0.5395 -0.5346 -0.5372 -0.3185
1980.00 -0.4074 -0.5869 -0.5837 -0.5816 -0.5814 -0.3220
1990.00 -0.3859 -0.4794 -0.4714 -0.4770 -0.4826 -0.3021
2000.00 -0.3848 -0.5174 -0.5137 -0.5275 -0.5304 -0.3058
2010.00 -0.4047 -0.5522 -0.5587 -0.5651 -0.5569 -0.3121
2020.00 -0.4172 -0.5145 -0.5223 -0.5188 -0.5288 -0.3247
2030.00 -0.3901 -0.5808 -0.5728 -0.5752 -0.5744 -0.3090
2040.00 -0.3849 -0.5395 -0.5374 -0.5434 -0.5332 -0.2984
2050.00 -0.4449 -0.5942 -0.5967 -0.6019 -0.5951 -0.3428
2060.00 -0.3714 -0.4931 -0.4985 -0.4952 -0.4895 -0.2898
2070.00 -0.3795 -0.6265 -0.6213 -0.6304 -0.6285 -0.3108
2080.00 -0.4157 -0.6186 -0.6300 -0.6258 -0.6294 -0.3261
2090.00 -0.3932 -0.5797 -0.5814 -0.5788 -0.5848 -0.3150
2100.00 -0.3875 -0.4918 -0.5000 -0.4973 -0.4970 -0.3023
2110.00 -0.4024 -0.5950 -0.5948 -0.6022 -0.5962 -0.3210
2120.00 -0.4089 -0.5411 -0.5350 -0.5360 -0.5413 -0.3080
2130.00 -0.4103 -0.5377 -0.5330 -0.5304 -0.5336 -0.3202
2140.00 -0.3908 -0.4818 -0.4875 -0.4791 -0.4822 -0.3032
2150.00 -0.4213 -0.5511 -0.5523 -0.5575 -0.5525 -0.3361
2160.00 -0.4063 -0.5002 -0.4969 -0.4973 -0.4996 -0.3082
2170.00 -0.4055 -0.5576 -0.5682 -0.5606 -0.5577 -0.3228
2180.00 -0.3892 -0.5354 -0.5365 -0.5381 -0.5387 -0.3122
2190.00 -0.3770 -0.5062 -0.5000 -0.4983 -0.4993 -0.3015
2200.00 -0.4008 -0.5913 -0.5950 -0.6001 -0.5878 -0.3165
2210.00 -0.4106 -0.6755 -0.6759 -0.6702 -0.6773 -0.3238
2220.00 -0.3910 -0.4601 -0.4626 -0.4611 -0.4573 -0.3092
2230.00 -0.4019 -0.6361 -0.6379 -0.6379 -0.6417 -0.3186
2240.00 -0.3895 -0.4897 -0.4900 -0.4784 -0.4816 -0.3000
2250.00 -0.4008 -0.6564 -0.6570 -0.6507 -0.6441 -0.3247
2260.00 -0.3830 -0.5555 -0.5458 -0.5556 -0.5553 -0.3122
2270.00 -0.4087 -0.5554 -0.5591 -0.5682 -0.5684 -0.3180
2280.00 -0.3897 -0.5779 -0.5796 -0.5769 -0.5827 -0.3073
2290.00 -0.4012 -0.6870 -0.6795 -0.6872 -0.6761 -0.3285
2300.00 -0.3897 -0.5201 -0.5183 -0.5168 -0.5130 -0.2982
2310.00 -0.4018 -0.4859 -0.4959 -0.4958 -0.4963 -0.3106
2320.00 -0.3963 -0.6192 -0.6234 -0.6237 -0.6196 -0.3192
2330.00 -0.3901 -0.6105 -0.5981 -0.6125 -0.6112 -0.3157
2340.00 -0.3948 -0.5616 -0.5656 -0.5527 -0.5691 -0.3091
2350.00 -0.4150 -0.5610 -0.5460 -0.5549 -0.5570 -0.3176
2360.00 -0.3860 -0.4948 -0.4948 -0.4960 -0.5008 -0.3062
2370.00 -0.4042 -0.5469 -0.5537 -0.5538 -0.5562 -0.3122
2380.00 -0.3908 -0.6161 -0.6102 -0.6086 -0.6071 -0.3195
2390.00 -0.3947 -0.6631 -0.6595 -0.6614 -0.6605 -0.3186
2400.00 -0.4011 -0.5774 -0.5765 -0.5796 -0.5743 -0.3182
2410.00 -0.3965 -0.5259 -0.5228 -0.5298 -0.5286 -0.3151
2420.00 -0.3964 -0.5236 -0.5312 -0.5227 -0.5271 -0.2978
2430.00 -0.4163 -0.4951 -0.4975 -0.4989 -0.5038 -0.3142
2440.00 -0.3951 -0.5392 -0.5327 -0.5348 -0.5319 -0.3080
2450.00 -0.4290 -0.5213 -0.5215 -0.5195 -0.5189 -0.3200
2460.00 -0.4190 -0.4705 -0.4763 -0.4760 -0.4693 -0.3082
2470.00 -0.3920 -0.5507 -0.5600 -0.5573 -0.5594 -0.3110
2480.00 -0.4080 -0.6177 -0.6154 -0.6206 -0.6209 -0.3317
2490.00 -0.3933 -0.5734 -0.5705 -0.5613 -0.5691 -0.3110
2500.00 -0.3903 -0.5716 -0.5704 -0.5642 -0.5681 -0.3150
2510.00 -0.3545 -0.7594 -0.7662 -0.7642 -0.7669 -0.3017
2520.00 -0.4190 -0.5501 -0.5475 -0.5518 -0.5517 -0.3330
2530.00 -0.3608 -0.5656 -0.5666 -0.5644 -0.5690 -0.2894
2540.00 -0.3864 -0.6820 -0.6746 -0.6736 -0.6796 -0.3194
2550.00 -0.3841 -0.5384 -0.5389 -0.5303 -0.5406 -0.3018
2560.00 -0.4072 -0.5986 -0.6091 -0.6130 -0.6101 -0.3170
2570.00 -0.4087 -0.5499 -0.5490 -0.5486 -0.5466 -0.3140
2580.00 -0.4017 -0.5152 -0.5196 -0.5158 -0.5163 -0.3150
2590.00 -0.3948 -0.5203 -0.5207 -0.5189 -0.5252 -0.3029
2600.00 -0.4411 -0.5304 -0.5334 -0.5292 -0.5187 -0.3314
2610.00 -0.3787 -0.4801 -0.4770 -0.4781 -0.4728 -0.2863
2620.00 -0.4095 -0.5287 -0.5229 -0.5252 -0.5410 -0.3104
2630.00 -0.4047 -0.5333 -0.5234 -0.5269 -0.5221 -0.3200
2640.00 -0.3983 -0.5187 -0.5255 -0.5141 -0.5206 -0.2925
2650.00 -0.3912 -0.5687 -0.5584 -0.5685 -0.5623 -0.3247
2660.00 -0.3730 -0.7302 -0.7429 -0.7451 -0.7435 -0.3135
2670.00 -0.3573 -0.6616 -0.6621 -0.6661 -0.6587 -0.3026
2680.00 -0.4217 -0.5556 -0.5539 -0.5583 -0.5547 -0.3326
2690.00 -0.4010 -0.5410 -0.5497 -0.5516 -0.5427 -0.3154
2700.00 -0.3946 -0.5298 -0.5192 -0.5191 -0.5237 -0.3004
2710.00 -0.3889 -0.4924 -0.4939 -0.4876 -0.4914 -0.3023
2720.00 -0.3927 -0.6273 -0.6250 -0.6383 -0.6253 -0.3140
2730.00 -0.3891 -0.5458 -0.5340 -0.5346 -0.5382 -0.3112
2740.00 -0.3931 -0.6055 -0.6103 -0.6094 -0.6151 -0.3311
2750.00 -0.3804 -0.6265 -0.6204 -0.6296 -0.6232 -0.3132
2760.00 -0.4012 -0.5609 -0.5624 -0.5612 -0.5590 -0.3130
2770.00 -0.4102 -0.5834 -0.5757 -0.5773 -0.5816 -0.3262
2780.00 -0.3743 -0.4993 -0.5052 -0.5014 -0.5072 -0.2912
2790.00 -0.3949 -0.5332 -0.5460 -0.5463 -0.5415 -0.3074
2800.00 -0.4172 -0.5160 -0.5137 -0.5197 -0.5199 -0.3277
2810.00 -0.4029 -0.5029 -0.5006 -0.4958 -0.5018 -0.3068
2820.00 -0.3822 -0.5598 -0.5611 -0.5556 -0.5521 -0.3129
2830.00 -0.4131 -0.6328 -0.6309 -0.6243 -0.6344 -0.3370
2840.00 -0.3805 -0.5634 -0.5660 -0.5602 -0.5662 -0.3064
2850.00 -0.3593 -0.6242 -0.6244 -0.6154 -0.6223 -0.2963
2860.00 -0.3818 -0.7187 -0.7291 -0.7249 -0.7227 -0.3173
2870.00 -0.3845 -0.5817 -0.5874 -0.5845 -0.5842 -0.3146
2880.00 -0.4044 -0.4795 -0.4748 -0.4809 -0.4770 -0.3154
2890.00 -0.3903 -0.5603 -0.5611 -0.5598 -0.5643 -0.2987
2900.00 -0.3957 -0.5556 -0.5552 -0.5568 -0.5531 -0.3140
2910.00 -0.3872 -0.6298 -0.6278 -0.6251 -0.6266 -0.3120
2920.00 -0.3971 -0.5660 -0.5648 -0.5639 -0.5730 -0.3150
2930.00 -0.4097 -0.5465 -0.5583 -0.5522 -0.5423 -0.3286
2940.00 -0.3993 -0.5814 -0.5744 -0.5748 -0.5666 -0.3205
2950.00 -0.4143 -0.5528 -0.5557 -0.5537 -0.5477 -0.3221
2960.00 -0.3724 -0.5404 -0.5437 -0.5434 -0.5378 -0.2980
2970.00 -0.3888 -0.7195 -0.7181 -0.7217 -0.7084 -0.3158
2980.00 -0.4033 -0.5154 -0.5069 -0.5059 -0.5130 -0.3230
2990.00 -0.3862 -0.5872 -0.5813 -0.5847 -0.5837 -0.3018
3000.00 -0.3948 -0.5766 -0.5787 -0.5777 -0.5838 -0.3125
3010.00 -0.3993 -0.5094 -0.5188 -0.5107 -0.5164 -0.3119
3020.00 -0.4086 -0.5244 -0.5296 -0.5319 -0.5261 -0.3133
3030.00 -0.3828 -0.5412 -0.5380 -0.5404 -0.5319 -0.3057
3040.00 -0.4010 -0.5180 -0.5225 -0.5166 -0.5228 -0.3122
3050.00 -0.4141 -0.5507 -0.5511 -0.5486 -0.5475 -0.3259
3060.00 -0.3795 -0.5425 -0.5474 -0.5403 -0.5391 -0.2974
3070.00 -0.3919 -0.6801 -0.6778 -0.6763 -0.6770 -0.3177
3080.00 -0.3912 -0.5806 -0.5919 -0.5799 -0.5895 -0.3257
3090.00 -0.3856 -0.5790 -0.5798 -0.5833 -0.5869 -0.3160
3100.00 -0.3766 -0.6356 -0.6377 -0.6257 -0.6251 -0.3258
3110.00 -0.3959 -0.8298 -0.8323 -0.8292 -0.8348 -0.3133
3120.00 -0.3763 -0.4780 -0.4712 -0.4701 -0.4791 -0.2908
3130.00 -0.3870 -0.5303 -0.5335 -0.5361 -0.5290 -0.3021
3140.00 -0.3997 -0.5082 -0.5065 -0.5066 -0.5115 -0.3081
3150.00 -0.4005 -0.5724 -0.5708 -0.5732 -0.5784 -0.3169
3160.00 -0.3977 -0.5346 -0.5300 -0.5331 -0.5309 -0.3150
3170.00 -0.3978 -0.6097 -0.6137 -0.6134 -0.6139 -0.3246
3180.00 -0.3915 -0.5727 -0.5628 -0.5662 -0.5703 -0.2987
3190.00 -0.4090 -0.5279 -0.5235 -0.5285 -0.5188 -0.3205
3200.00 -0.4118 -0.5652 -0.5602 -0.5594 -0.5596 -0.3280
3210.00 -0.3718 -0.5197 -0.5216 -0.5190 -0.5131 -0.2908
3220.00 -0.4028 -0.6158 -0.6022 -0.6084 -0.6130 -0.3206
3230.00 -0.3770 -0.6459 -0.6463 -0.6371 -0.6452 -0.3087
3240.00 -0.3939 -0.5197 -0.5140 -0.5166 -0.5147 -0.3034
3250.00 -0.4170 -0.5565 -0.5504 -0.5548 -0.5570 -0.3167
3260.00 -0.4102 -0.5715 -0.5704 -0.5766 -0.5738 -0.3194
3270.00 -0.3886 -0.5747 -0.5685 -0.5738 -0.5771 -0.3135
3280.00 -0.3734 -0.6124 -0.6227 -0.6163 -0.6240 -0.3117
3290.00 -0.3841 -0.5939 -0.5923 -0.5912 -0.5852 -0.3029
3300.00 -0.3889 -0.5425 -0.5395 -0.5404 -0.5390 -0.3100
3310.00 -0.4154 -0.5609 -0.5688 -0.5719 -0.5647 -0.3257
3320.00 -0.3795 -0.5797 -0.5749 -0.5736 -0.5759 -0.3007
3330.00 -0.4048 -0.6059 -0.6040 -0.5997 -0.6057 -0.3260
3340.00 -0.3851 -0.5781 -0.5724 -0.5855 -0.5705 -0.3000
3350.00 -0.4127 -0.5581 -0.5593 -0.5605 -0.5539 -0.3228
3360.00 -0.4076 -0.5311 -0.5298 -0.5221 -0.5247 -0.3122
3370.00 -0.4015 -0.5438 -0.5415 -0.5434 -0.5378 -0.3142
3380.00 -0.4009 -0.5515 -0.5487 -0.5601 -0.5546 -0.3138
3390.00 -0.3972 -0.6534 -0.6539 -0.6431 -0.6516 -0.3271
3400.00 -0.3850 -0.6168 -0.6192 -0.6190 -0.6180 -0.3129
3410.00 -0.3810 -0.5002 -0.4910 -0.4944 -0.4913 -0.3014
3420.00 -0.4016 -0.5625 -0.5632 -0.5634 -0.5654 -0.3216
3430.00 -0.4131 -0.5571 -0.5547 -0.5594 -0.5618 -0.3217
3440.00 -0.4128 -0.5194 -0.5133 -0.5190 -0.5150 -0.3150
3450.00 -0.3837 -0.5448 -0.5470 -0.5366 -0.5430 -0.3009
3460.00 -0.4043 -0.6241 -0.6213 -0.6160 -0.6220 -0.3306
3470.00 -0.3782 -0.6138 -0.6198 -0.6134 -0.6128 -0.3025
3480.00 -0.3839 -0.6281 -0.6138 -0.6220 -0.6222 -0.2999
3490.00 -0.3953 -0.5478 -0.5387 -0.5408 -0.5468 -0.3231
3500.00 -0.3915 -0.6308 -0.6391 -0.6364 -0.6323 -0.3209
3510.00 -0.3964 -0.6036 -0.6035 -0.5988 -0.5919 -0.3237
3520.00 -0.3819 -0.5407 -0.5352 -0.5416 -0.5384 -0.2962
3530.00 -0.4008 -0.5276 -0.5239 -0.5294 -0.5295 -0.3059
3540.00 -0.4003 -0.5267 -0.5303 -0.5254 -0.5294 -0.3104
3550.00 -0.3816 -0.5935 -0.5939 -0.5961 -0.5935 -0.3098
3560.00 -0.3904 -0.6226 -0.6146 -0.6336 -0.6196 -0.3233
3570.00 -0.3866 -0.6333 -0.6330 -0.6229 -0.6271 -0.3035
3580.00 -0.4068 -0.5025 -0.5031 -0.5004 -0.4979 -0.3147
3590.00 -0.4169 -0.5766 -0.5776 -0.5833 -0.5824 -0.3302
3600.00 -0.3860 -0.5035 -0.5061 -0.5065 -0.5073 -0.3099
3610.00 -0.3723 -0.6940 -0.6876 -0.7087 -0.6966 -0.3065
3620.00 -0.3986 -0.5440 -0.5468 -0.5406 -0.5456 -0.3110
3630.00 -0.3789 -0.5411 -0.5482 -0.5469 -0.5384 -0.2973
3640.00 -0.4205 -0.5198 -0.5211 -0.5248 -0.5233 -0.3248
3650.00 -0.4137 -0.5288 -0.5305 -0.5362 -0.5349 -0.3189
3660.00 -0.3873 -0.5887 -0.5934 -0.5909 -0.5886 -0.3116
3670.00 -0.4003 -0.5964 -0.5914 -0.5966 -0.5891 -0.3119
3680.00 -0.3976 -0.5702 -0.5574 -0.5689 -0.5669 -0.3150
3690.00 -0.3912 -0.5022 -0.4977 -0.5104 -0.4994 -0.3053
3700.00 -0.4110 -0.6377 -0.6462 -0.6346 -0.6385 -0.3327
3710.00 -0.3682 -0.6132 -0.6098 -0.6092 -0.6057 -0.3074
3720.00 -0.4062 -0.6275 -0.6246 -0.6256 -0.6234 -0.3254
3730.00 -0.3638 -0.5497 -0.5541 -0.5516 -0.5448 -0.2966
3740.00 -0.4133 -0.5577 -0.5668 -0.5654 -0.5593 -0.3243
3750.00 -0.3874 -0.4857 -0.4865 -0.4911 -0.4891 -0.3014
3760.00 -0.3980 -0.5435 -0.5457 -0.5383 -0.5422 -0.3092
3770.00 -0.4290 -0.5600 -0.5556 -0.5514 -0.5548 -0.3405
3780.00 -0.3980 -0.5378 -0.5295 -0.5260 -0.5368 -0.3079
3790.00 -0.3937 -0.5194 -0.5227 -0.5199 -0.5127 -0.3128
3800.00 -0.3912 -0.6959 -0.6958 -0.6993 -0.7070 -0.3284
3810.00 -0.3806 -0.5656 -0.5780 -0.5744 -0.5723 -0.3026
3820.00 -0.3636 -0.6027 -0.6070 -0.6101 -0.6003 -0.2967
3830.00 -0.3982 -0.6252 -0.6197 -0.6223 -0.6211 -0.3257
3840.00 -0.3867 -0.6380 -0.6319 -0.6269 -0.6322 -0.3096
3850.00 -0.3974 -0.5076 -0.5074 -0.5064 -0.5065 -0.3102
3860.00 -0.4249 -0.5259 -0.5276 -0.5318 -0.5295 -0.3261
3870.00 -0.3969 -0.5323 -0.5339 -0.5344 -0.5329 -0.3156
3880.00 -0.4084 -0.6213 -0.6236 -0.6158 -0.6224 -0.3161
3890.00 -0.3738 -0.6893 -0.6816 -0.6816 -0.6863 -0.3118
3900.00 -0.3855 -0.5778 -0.5789 -0.5709 -0.5748 -0.3068
3910.00 -0.4008 -0.4913 -0.4888 -0.4835 -0.4830 -0.3075
3920.00 -0.3711 -0.5841 -0.5823 -0.5815 -0.5832 -0.3217
3930.00 -0.4102 -0.7200 -0.7271 -0.7283 -0.7296 -0.3295
3940.00 -0.3731 -0.4622 -0.4576 -0.4559 -0.4557 -0.2923
3950.00 -0.4065 -0.5303 -0.5319 -0.5374 -0.5410 -0.3276
3960.00 -0.4236 -0.5781 -0.5671 -0.5708 -0.5779 -0.3346
3970.00 -0.3742 -0.5038 -0.4951 -0.5023 -0.4996 -0.2874
3980.00 -0.3789 -0.8254 -0.8310 -0.8281 -0.8223 -0.3277
3990.00 -0.3908 -0.5699 -0.5607 -0.5719 -0.5651 -0.3082
4000.00 -0.4155 -0.5562 -0.5439 -0.5548 -0.5561 -0.3239
