10.00 -0.4723 -0.4708 -0.4894 -0.4860 -0.4870 -0.3022
20.00 -0.4813 -0.5090 -0.4995 -0.5020 -0.4940 -0.3173
30.00 -0.4628 -0.4753 -0.4605 -0.4663 -0.4671 -0.3199
40.00 -0.4956 -0.4978 -0.5026 -0.4963 -0.5048 -0.3254
50.00 -0.4977 -0.4896 -0.5020 -0.4919 -0.4977 -0.3239
60.00 -0.5092 -0.5046 -0.4989 -0.5060 -0.5033 -0.3190
70.00 -0.4654 -0.4739 -0.4776 -0.4772 -0.4869 -0.3013
80.00 -0.4962 -0.4960 -0.5077 -0.4963 -0.4993 -0.3221
90.00 -0.5056 -0.5046 -0.5196 -0.4954 -0.5146 -0.3256
100.00 -0.4716 -0.4728 -0.4644 -0.4656 -0.4771 -0.3051
110.00 -0.4974 -0.5108 -0.5077 -0.5128 -0.5158 -0.3277
120.00 -0.4751 -0.4905 -0.4862 -0.4918 -0.4951 -0.3227
130.00 -0.4814 -0.4896 -0.4854 -0.4887 -0.4684 -0.3214
140.00 -0.4892 -0.4827 -0.5005 -0.4967 -0.4845 -0.3171
150.00 -0.4545 -0.4687 -0.4661 -0.4672 -0.4603 -0.3020
160.00 -0.5126 -0.5129 -0.5084 -0.5187 -0.5115 -0.3238
170.00 -0.4885 -0.4907 -0.4770 -0.4886 -0.4800 -0.3085
180.00 -0.4656 -0.4849 -0.4744 -0.4672 -0.4663 -0.3126
190.00 -0.5039 -0.5077 -0.5029 -0.5140 -0.4978 -0.3217
200.00 -0.4668 -0.4775 -0.4668 -0.4736 -0.4762 -0.3208
210.00 -0.5084 -0.5098 -0.5123 -0.5168 -0.5083 -0.3251
220.00 -0.4962 -0.4854 -0.4914 -0.4883 -0.4698 -0.3155
230.00 -0.4939 -0.4845 -0.4972 -0.4909 -0.4795 -0.3208
240.00 -0.5233 -0.5194 -0.5144 -0.5274 -0.5118 -0.3167
250.00 -0.4815 -0.4802 -0.4731 -0.4953 -0.4722 -0.3159
260.00 -0.4581 -0.4551 -0.4717 -0.4489 -0.4636 -0.2955
270.00 -0.4993 -0.4964 -0.5107 -0.5070 -0.5121 -0.3312
280.00 -0.5117 -0.4960 -0.5029 -0.5059 -0.5033 -0.3320
290.00 -0.5052 -0.4941 -0.5041 -0.5053 -0.4930 -0.3148
300.00 -0.4903 -0.4998 -0.5003 -0.4974 -0.4942 -0.3163
310.00 -0.4808 -0.4947 -0.4884 -0.4907 -0.4863 -0.3269
320.00 -0.4805 -0.5010 -0.4993 -0.5003 -0.4957 -0.3112
330.00 -0.4896 -0.4841 -0.4836 -0.4777 -0.4847 -0.3224
340.00 -0.4701 -0.4765 -0.4775 -0.4737 -0.4794 -0.3011
350.00 -0.4928 -0.4822 -0.4910 -0.4994 -0.4935 -0.3265
360.00 -0.4811 -0.4616 -0.4770 -0.4787 -0.4781 -0.2976
370.00 -0.5103 -0.5188 -0.5265 -0.5224 -0.5118 -0.3274
380.00 -0.4747 -0.4623 -0.4792 -0.4749 -0.4704 -0.3153
390.00 -0.5131 -0.5121 -0.4980 -0.5072 -0.5109 -0.3220
400.00 -0.4823 -0.4759 -0.4677 -0.4772 -0.4867 -0.2969
410.00 -0.4905 -0.4831 -0.4940 -0.4944 -0.4970 -0.3310
420.00 -0.4770 -0.4723 -0.4753 -0.4699 -0.4662 -0.3112
430.00 -0.5017 -0.5068 -0.4969 -0.5098 -0.4953 -0.3143
440.00 -0.4952 -0.4772 -0.5008 -0.4845 -0.4990 -0.3205
450.00 -0.4889 -0.4958 -0.5002 -0.4801 -0.4872 -0.3168
460.00 -0.4895 -0.4817 -0.4886 -0.4918 -0.4782 -0.3264
470.00 -0.5092 -0.5006 -0.5154 -0.5137 -0.5134 -0.3236
480.00 -0.4924 -0.4940 -0.4955 -0.4857 -0.4767 -0.3106
490.00 -0.5078 -0.4948 -0.4965 -0.4756 -0.4950 -0.3066
500.00 -0.5088 -0.5041 -0.5004 -0.4918 -0.5040 -0.3242
510.00 -0.4795 -0.4837 -0.4716 -0.4730 -0.4772 -0.3109
520.00 -0.5026 -0.4954 -0.4789 -0.4787 -0.4802 -0.3140
530.00 -0.4894 -0.4954 -0.4875 -0.4880 -0.4811 -0.3255
540.00 -0.5001 -0.4947 -0.4822 -0.4879 -0.5008 -0.3110
550.00 -0.4849 -0.4851 -0.4806 -0.4871 -0.4881 -0.3171
560.00 -0.4912 -0.4863 -0.4913 -0.4905 -0.4747 -0.3171
570.00 -0.4644 -0.4632 -0.4597 -0.4651 -0.4623 -0.3016
580.00 -0.5359 -0.5458 -0.5397 -0.5449 -0.5421 -0.3428
590.00 -0.5057 -0.5045 -0.4898 -0.5139 -0.4895 -0.3211
600.00 -0.4862 -0.4902 -0.4659 -0.4827 -0.4727 -0.3138
610.00 -0.4630 -0.4657 -0.4644 -0.4687 -0.4707 -0.3022
620.00 -0.5119 -0.5025 -0.4970 -0.4992 -0.5161 -0.3295
630.00 -0.4890 -0.4928 -0.4712 -0.4847 -0.4771 -0.3076
640.00 -0.4871 -0.4919 -0.4898 -0.5007 -0.4848 -0.3204
650.00 -0.5013 -0.4985 -0.4867 -0.5010 -0.4991 -0.3272
660.00 -0.4802 -0.4742 -0.4872 -0.4889 -0.4700 -0.3077
670.00 -0.5274 -0.5380 -0.5366 -0.5566 -0.5305 -0.3336
680.00 -0.4417 -0.4290 -0.4324 -0.4405 -0.4321 -0.2985
690.00 -0.4771 -0.4974 -0.4957 -0.4840 -0.4943 -0.3139
700.00 -0.5198 -0.5290 -0.5126 -0.5173 -0.5188 -0.3405
710.00 -0.4982 -0.5039 -0.4950 -0.4968 -0.4910 -0.3270
720.00 -0.4823 -0.4881 -0.4886 -0.4925 -0.4893 -0.3083
730.00 -0.4649 -0.4648 -0.4694 -0.4679 -0.4627 -0.3103
740.00 -0.4955 -0.4966 -0.4961 -0.4981 -0.4868 -0.3208
750.00 -0.5193 -0.5191 -0.5113 -0.5086 -0.5197 -0.3280
760.00 -0.4678 -0.4675 -0.4649 -0.4707 -0.4609 -0.3082
770.00 -0.4921 -0.5016 -0.4944 -0.4918 -0.4859 -0.3192
780.00 -0.5211 -0.5207 -0.5192 -0.5116 -0.5197 -0.3351
790.00 -0.4666 -0.4638 -0.4686 -0.4636 -0.4668 -0.3056
800.00 -0.5299 -0.5197 -0.5296 -0.5222 -0.5149 -0.3248
810.00 -0.4716 -0.4758 -0.4675 -0.4689 -0.4645 -0.3144
820.00 -0.4557 -0.4569 -0.4691 -0.4667 -0.4500 -0.3135
830.00 -0.4938 -0.4850 -0.4973 -0.4975 -0.4990 -0.3225
840.00 -0.5018 -0.5024 -0.4998 -0.5128 -0.5138 -0.3284
850.00 -0.4917 -0.4991 -0.4997 -0.4933 -0.4941 -0.3093
860.00 -0.4928 -0.4955 -0.4925 -0.5052 -0.5055 -0.3277
870.00 -0.4840 -0.4927 -0.4739 -0.4877 -0.4911 -0.3005
880.00 -0.4944 -0.4789 -0.4880 -0.4817 -0.4849 -0.3217
890.00 -0.5037 -0.5064 -0.4983 -0.5001 -0.5057 -0.3256
900.00 -0.4936 -0.4862 -0.4842 -0.4963 -0.4968 -0.3126
910.00 -0.4761 -0.4920 -0.4737 -0.4941 -0.4879 -0.3189
920.00 -0.4969 -0.5010 -0.4949 -0.5083 -0.4989 -0.3191
930.00 -0.4735 -0.4883 -0.4944 -0.5011 -0.5015 -0.3202
940.00 -0.4906 -0.5105 -0.4944 -0.5127 -0.5170 -0.3095
950.00 -0.4670 -0.4767 -0.4694 -0.4777 -0.4808 -0.3137
960.00 -0.5131 -0.5171 -0.5244 -0.5141 -0.5258 -0.3273
970.00 -0.4603 -0.4574 -0.4644 -0.4641 -0.4630 -0.3033
980.00 -0.4946 -0.5195 -0.5020 -0.4977 -0.5035 -0.3233
990.00 -0.4628 -0.4873 -0.4723 -0.4900 -0.4680 -0.3047
1000.00 -0.5070 -0.5152 -0.5143 -0.4976 -0.5060 -0.3346
1010.00 -0.5221 -0.6425 -0.6476 -0.6447 -0.6468 -0.3321
1020.00 -0.5674 -0.8651 -0.8671 -0.8691 -0.8646 -0.3480
1030.00 -0.5488 -0.8437 -0.8374 -0.8462 -0.8429 -0.3153
1040.00 -0.5502 -0.9024 -0.8991 -0.8993 -0.9030 -0.3301
1050.00 -0.5394 -0.8979 -0.9080 -0.8985 -0.8959 -0.3033
1060.00 -0.5953 -0.9654 -0.9560 -0.9570 -0.9603 -0.3496
1070.00 -0.4390 -0.6583 -0.6595 -0.6636 -0.6653 -0.2821
1080.00 -0.4238 -0.5242 -0.5251 -0.5239 -0.5180 -0.3093
1090.00 -0.4205 -0.5201 -0.5200 -0.5079 -0.5116 -0.3104
1100.00 -0.4425 -0.5437 -0.5434 -0.5575 -0.5566 -0.3249
1110.00 -0.4413 -0.5340 -0.5322 -0.5327 -0.5281 -0.3244
1120.00 -0.4220 -0.4690 -0.4729 -0.4779 -0.4748 -0.3152
1130.00 -0.4586 -0.5616 -0.5547 -0.5585 -0.5553 -0.3192
1140.00 -0.4594 -0.5051 -0.5098 -0.5047 -0.5014 -0.3288
1150.00 -0.4234 -0.4889 -0.4855 -0.4906 -0.4991 -0.2982
1160.00 -0.4675 -0.5127 -0.5182 -0.5098 -0.5201 -0.3314
1170.00 -0.4811 -0.5181 -0.5111 -0.5221 -0.5124 -0.3264
1180.00 -0.4919 -0.4851 -0.4767 -0.5006 -0.5016 -0.3269
1190.00 -0.4707 -0.5198 -0.5275 -0.5191 -0.5196 -0.3245
1200.00 -0.4524 -0.4633 -0.4422 -0.4526 -0.4550 -0.2940
1210.00 -0.4921 -0.5066 -0.4897 -0.4967 -0.4902 -0.3138
1220.00 -0.4570 -0.4888 -0.4888 -0.4915 -0.4685 -0.3012
1230.00 -0.5028 -0.5067 -0.5022 -0.5163 -0.5056 -0.3344
1240.00 -0.5077 -0.5209 -0.5027 -0.5230 -0.5230 -0.3210
1250.00 -0.4843 -0.4870 -0.4968 -0.4798 -0.4863 -0.3167
1260.00 -0.4626 -0.4572 -0.4550 -0.4577 -0.4470 -0.2982
1270.00 -0.4800 -0.4893 -0.4859 -0.4802 -0.4979 -0.3135
1280.00 -0.4988 -0.5082 -0.5018 -0.4955 -0.4974 -0.3226
1290.00 -0.5036 -0.4946 -0.5043 -0.5038 -0.4903 -0.3316
1300.00 -0.4869 -0.5029 -0.4917 -0.4933 -0.4824 -0.3243
1310.00 -0.5008 -0.5230 -0.5207 -0.5175 -0.5047 -0.3215
1320.00 -0.4541 -0.4684 -0.4627 -0.4568 -0.4524 -0.2990
1330.00 -0.4901 -0.5319 -0.5301 -0.5372 -0.5293 -0.3343
1340.00 -0.4665 -0.4787 -0.4876 -0.4766 -0.4696 -0.3087
1350.00 -0.4828 -0.4806 -0.4771 -0.4820 -0.4852 -0.3160
1360.00 -0.5007 -0.4896 -0.5027 -0.4934 -0.5029 -0.3192
1370.00 -0.4995 -0.5070 -0.5071 -0.4812 -0.5032 -0.3178
1380.00 -0.4764 -0.4721 -0.4692 -0.4720 -0.4606 -0.3155
1390.00 -0.5120 -0.5179 -0.5328 -0.5140 -0.5156 -0.3180
1400.00 -0.4442 -0.4725 -0.4761 -0.4814 -0.4843 -0.3105
1410.00 -0.5311 -0.5264 -0.5120 -0.5272 -0.5231 -0.3322
1420.00 -0.4528 -0.4656 -0.4670 -0.4554 -0.4654 -0.3028
1430.00 -0.5044 -0.5121 -0.5112 -0.5055 -0.5083 -0.3268
1440.00 -0.4724 -0.4869 -0.4886 -0.4744 -0.4749 -0.3118
1450.00 -0.4652 -0.4612 -0.4813 -0.4703 -0.4702 -0.3197
1460.00 -0.4942 -0.5520 -0.5453 -0.5506 -0.5398 -0.3277
1470.00 -0.4511 -0.4543 -0.4561 -0.4671 -0.4636 -0.2964
1480.00 -0.4853 -0.4882 -0.5053 -0.4998 -0.5040 -0.3208
1490.00 -0.4681 -0.4611 -0.4698 -0.4716 -0.4718 -0.3090
1500.00 -0.5206 -0.5292 -0.5339 -0.5424 -0.5388 -0.3390
1510.00 -0.4455 -0.4973 -0.4834 -0.4867 -0.4823 -0.3144
1520.00 -0.4691 -0.5333 -0.5307 -0.5366 -0.5296 -0.3256
1530.00 -0.4564 -0.4738 -0.4776 -0.4728 -0.4790 -0.3124
1540.00 -0.4748 -0.4932 -0.4885 -0.4800 -0.4844 -0.3146
1550.00 -0.4606 -0.4863 -0.4808 -0.4892 -0.4754 -0.3139
1560.00 -0.4491 -0.4866 -0.4893 -0.4840 -0.4858 -0.3230
1570.00 -0.4691 -0.5126 -0.5054 -0.5114 -0.5058 -0.3173
1580.00 -0.4555 -0.4780 -0.4696 -0.4799 -0.4705 -0.3128
1590.00 -0.4958 -0.5131 -0.5112 -0.5069 -0.5182 -0.3346
1600.00 -0.4526 -0.4796 -0.4752 -0.4710 -0.4655 -0.3005
1610.00 -0.5139 -0.5279 -0.5329 -0.5276 -0.5308 -0.3448
1620.00 -0.4757 -0.4883 -0.4767 -0.4694 -0.4779 -0.3066
1630.00 -0.4535 -0.5035 -0.5104 -0.5009 -0.5128 -0.3121
1640.00 -0.4672 -0.5161 -0.4973 -0.5154 -0.4976 -0.3238
1650.00 -0.4686 -0.5147 -0.5036 -0.5012 -0.5111 -0.3268
1660.00 -0.4636 -0.4810 -0.4882 -0.4973 -0.4942 -0.3062
1670.00 -0.4586 -0.4901 -0.4689 -0.4838 -0.4825 -0.2967
1680.00 -0.4920 -0.5137 -0.5110 -0.5081 -0.5128 -0.3355
1690.00 -0.4675 -0.5018 -0.4871 -0.4958 -0.4922 -0.2888
1700.00 -0.4962 -0.5157 -0.5132 -0.5012 -0.5122 -0.3351
1710.00 -0.4656 -0.4819 -0.4701 -0.4661 -0.4736 -0.3195
1720.00 -0.4905 -0.5290 -0.5319 -0.5163 -0.5157 -0.3252
1730.00 -0.4614 -0.4634 -0.4629 -0.4706 -0.4785 -0.3024
1740.00 -0.4618 -0.4608 -0.4535 -0.4564 -0.4639 -0.3110
1750.00 -0.4715 -0.5264 -0.5245 -0.5247 -0.5206 -0.3208
1760.00 -0.4304 -0.5108 -0.5107 -0.5033 -0.5049 -0.3008
1770.00 -0.4638 -0.4760 -0.5021 -0.4886 -0.4944 -0.3285
1780.00 -0.4600 -0.5147 -0.5157 -0.5227 -0.5246 -0.3278
1790.00 -0.4420 -0.5177 -0.5276 -0.5245 -0.5294 -0.3270
1800.00 -0.4595 -0.5393 -0.5406 -0.5360 -0.5283 -0.3267
1810.00 -0.4375 -0.4648 -0.4633 -0.4740 -0.4641 -0.3043
1820.00 -0.4350 -0.5042 -0.5145 -0.4991 -0.5085 -0.2979
1830.00 -0.4359 -0.5062 -0.5024 -0.5082 -0.5141 -0.3211
1840.00 -0.4598 -0.5574 -0.5555 -0.5718 -0.5700 -0.3322
1850.00 -0.4331 -0.4939 -0.5011 -0.4948 -0.4949 -0.3234
1860.00 -0.4159 -0.5997 -0.5911 -0.5861 -0.6012 -0.3188
1870.00 -0.4406 -0.7532 -0.7649 -0.7574 -0.7615 -0.3322
1880.00 -0.3940 -0.6618 -0.6579 -0.6615 -0.6580 -0.3123
1890.00 -0.4329 -0.8075 -0.8092 -0.8065 -0.8148 -0.3244
1900.00 -0.4325 -0.6392 -0.6424 -0.6407 -0.6392 -0.3256
1910.00 -0.4169 -0.6280 -0.6239 -0.6250 -0.6312 -0.3196
1920.00 -0.4279 -0.6402 -0.6456 -0.6455 -0.6423 -0.3241
1930.00 -0.4307 -0.6449 -0.6468 -0.6507 -0.6427 -0.3227
1940.00 -0.4326 -0.6061 -0.6026 -0.5949 -0.6109 -0.3241
1950.00 -0.3993 -0.5908 -0.5903 -0.5883 -0.5862 -0.3039
1960.00 -0.4225 -0.6078 -0.6145 -0.6204 -0.6097 -0.3167
1970.00 -0.4269 -0.6348 -0.6446 -0.6398 -0.6410 -0.3252
1980.00 -0.4622 -0.6579 -0.6550 -0.6546 -0.6504 -0.3495
1990.00 -0.4129 -0.5013 -0.5020 -0.5056 -0.5077 -0.3136
2000.00 -0.4136 -0.5566 -0.5529 -0.5533 -0.5506 -0.3072
2010.00 -0.4149 -0.6565 -0.6604 -0.6515 -0.6609 -0.3273
2020.00 -0.4208 -0.5791 -0.5836 -0.5877 -0.5877 -0.3173
2030.00 -0.4300 -0.6288 -0.6084 -0.6232 -0.6164 -0.3114
2040.00 -0.4159 -0.4474 -0.4436 -0.4470 -0.4509 -0.3129
2050.00 -0.4309 -0.5817 -0.5792 -0.5857 -0.5822 -0.3247
2060.00 -0.4430 -0.5672 -0.5733 -0.5761 -0.5727 -0.3366
2070.00 -0.4217 -0.5863 -0.5886 -0.5853 -0.5866 -0.3145
2080.00 -0.4145 -0.5676 -0.5656 -0.5611 -0.5637 -0.3126
2090.00 -0.4450 -0.6785 -0.6832 -0.6919 -0.6822 -0.3387
2100.00 -0.4343 -0.6761 -0.6634 -0.6700 -0.6690 -0.3272
2110.00 -0.4272 -0.6159 -0.6165 -0.6092 -0.6198 -0.3258
2120.00 -0.4103 -0.5581 -0.5669 -0.5545 -0.5690 -0.3176
2130.00 -0.4226 -0.7699 -0.7735 -0.7690 -0.7668 -0.3291
2140.00 -0.4334 -0.7428 -0.7462 -0.7473 -0.7450 -0.3249
2150.00 -0.4209 -0.6178 -0.6244 -0.6185 -0.6251 -0.3277
2160.00 -0.4183 -0.5525 -0.5610 -0.5490 -0.5550 -0.3132
2170.00 -0.4162 -0.4991 -0.5052 -0.5063 -0.4974 -0.3204
2180.00 -0.4204 -0.6404 -0.6404 -0.6337 -0.6339 -0.3129
2190.00 -0.4345 -0.6584 -0.6683 -0.6585 -0.6618 -0.3309
2200.00 -0.4207 -0.6654 -0.6644 -0.6632 -0.6644 -0.3140
2210.00 -0.4366 -0.6276 -0.6246 -0.6280 -0.6259 -0.3321
2220.00 -0.4220 -0.7272 -0.7297 -0.7263 -0.7276 -0.3168
2230.00 -0.3957 -0.5536 -0.5550 -0.5645 -0.5625 -0.3089
2240.00 -0.4109 -0.6497 -0.6562 -0.6533 -0.6469 -0.3142
2250.00 -0.4598 -0.7683 -0.7668 -0.7750 -0.7732 -0.3356
2260.00 -0.4119 -0.7721 -0.7622 -0.7711 -0.7659 -0.3159
2270.00 -0.4197 -0.7080 -0.7188 -0.7094 -0.6993 -0.3243
2280.00 -0.4142 -0.6824 -0.6844 -0.6819 -0.6728 -0.3180
2290.00 -0.4461 -0.7314 -0.7331 -0.7334 -0.7328 -0.3271
2300.00 -0.3949 -0.4917 -0.4932 -0.5010 -0.4982 -0.2958
2310.00 -0.4367 -0.5769 -0.5831 -0.5753 -0.5700 -0.3252
2320.00 -0.4356 -0.5737 -0.5829 -0.5798 -0.5874 -0.3322
2330.00 -0.4195 -0.6473 -0.6371 -0.6431 -0.6508 -0.3086
2340.00 -0.4402 -0.6503 -0.6570 -0.6525 -0.6554 -0.3328
2350.00 -0.4021 -0.5326 -0.5281 -0.5312 -0.5299 -0.3140
2360.00 -0.4412 -0.5671 -0.5646 -0.5578 -0.5585 -0.3409
2370.00 -0.4199 -0.6226 -0.6181 -0.6151 -0.6158 -0.3220
2380.00 -0.4370 -0.8320 -0.8307 -0.8369 -0.8382 -0.3453
2390.00 -0.4085 -0.6441 -0.6435 -0.6405 -0.6422 -0.3092
2400.00 -0.4262 -0.7686 -0.7626 -0.7629 -0.7708 -0.3378
2410.00 -0.3972 -0.7537 -0.7548 -0.7470 -0.7567 -0.3063
2420.00 -0.4183 -0.6476 -0.6471 -0.6463 -0.6462 -0.3135
2430.00 -0.4358 -0.6208 -0.6222 -0.6196 -0.6249 -0.3256
2440.00 -0.4408 -0.6409 -0.6408 -0.6421 -0.6476 -0.3236
2450.00 -0.4173 -0.6303 -0.6324 -0.6278 -0.6300 -0.3165
2460.00 -0.4101 -0.5762 -0.5659 -0.5696 -0.5667 -0.3071
2470.00 -0.4255 -0.6491 -0.6521 -0.6436 -0.6485 -0.3344
2480.00 -0.4208 -0.7677 -0.7829 -0.7800 -0.7697 -0.3230
2490.00 -0.4376 -0.7093 -0.7154 -0.7119 -0.7198 -0.3364
2500.00 -0.4042 -0.6364 -0.6205 -0.6266 -0.6246 -0.3124
2510.00 -0.4481 -0.7545 -0.7508 -0.7455 -0.7540 -0.3418
2520.00 -0.4316 -0.6242 -0.6382 -0.6386 -0.6435 -0.3249
2530.00 -0.3836 -0.5976 -0.5981 -0.5990 -0.6069 -0.2925
2540.00 -0.4338 -0.6350 -0.6221 -0.6257 -0.6201 -0.3295
2550.00 -0.4030 -0.7354 -0.7272 -0.7321 -0.7387 -0.3176
2560.00 -0.4321 -0.5771 -0.5892 -0.5847 -0.5906 -0.3332
2570.00 -0.4312 -0.6689 -0.6667 -0.6625 -0.6652 -0.3343
2580.00 -0.4110 -0.9405 -0.9426 -0.9437 -0.9419 -0.3161
2590.00 -0.4084 -0.6162 -0.6079 -0.6163 -0.6138 -0.3167
2600.00 -0.4122 -0.6575 -0.6526 -0.6568 -0.6545 -0.3027
2610.00 -0.4670 -0.6908 -0.7029 -0.7009 -0.6955 -0.3447
2620.00 -0.4036 -0.5391 -0.5362 -0.5412 -0.5460 -0.3105
2630.00 -0.4296 -0.6283 -0.6233 -0.6186 -0.6240 -0.3230
2640.00 -0.4225 -0.6595 -0.6571 -0.6648 -0.6612 -0.3236
2650.00 -0.4311 -0.7176 -0.7081 -0.7165 -0.7128 -0.3218
2660.00 -0.4017 -0.5637 -0.5527 -0.5585 -0.5593 -0.3148
2670.00 -0.4201 -0.6239 -0.6362 -0.6376 -0.6318 -0.3164
2680.00 -0.4330 -0.9407 -0.9460 -0.9432 -0.9427 -0.3400
2690.00 -0.4224 -0.6014 -0.5961 -0.6088 -0.5989 -0.3170
2700.00 -0.4167 -0.5324 -0.5299 -0.5263 -0.5217 -0.3181
2710.00 -0.4496 -0.6089 -0.6232 -0.6123 -0.6108 -0.3334
2720.00 -0.4391 -0.5739 -0.5698 -0.5721 -0.5746 -0.3466
2730.00 -0.4049 -0.7065 -0.7014 -0.7087 -0.7011 -0.3133
2740.00 -0.4250 -0.5960 -0.5911 -0.5962 -0.5931 -0.3116
2750.00 -0.4347 -0.7332 -0.7513 -0.7420 -0.7385 -0.3367
2760.00 -0.3989 -0.7550 -0.7460 -0.7512 -0.7586 -0.3156
2770.00 -0.4178 -0.7540 -0.7465 -0.7519 -0.7462 -0.3191
2780.00 -0.4240 -0.6426 -0.6439 -0.6408 -0.6407 -0.3360
2790.00 -0.4413 -1.1614 -1.1607 -1.1514 -1.1587 -0.3384
2800.00 -0.4217 -0.5304 -0.5315 -0.5385 -0.5354 -0.3089
2810.00 -0.4104 -0.5723 -0.5671 -0.5745 -0.5794 -0.3016
2820.00 -0.4018 -0.5277 -0.5309 -0.5301 -0.5313 -0.3059
2830.00 -0.4350 -0.5943 -0.5910 -0.5968 -0.5982 -0.3266
2840.00 -0.4228 -0.5329 -0.5263 -0.5291 -0.5299 -0.3101
2850.00 -0.4500 -0.7083 -0.7054 -0.7077 -0.7064 -0.3436
2860.00 -0.4242 -0.7076 -0.7116 -0.7094 -0.7075 -0.3269
2870.00 -0.4170 -0.5928 -0.5865 -0.6024 -0.5899 -0.3164
2880.00 -0.4364 -1.1223 -1.1173 -1.1271 -1.1285 -0.3471
2890.00 -0.3668 -0.6130 -0.6115 -0.6127 -0.6067 -0.2938
2900.00 -0.4150 -0.6206 -0.6264 -0.6278 -0.6277 -0.3135
2910.00 -0.4288 -0.6566 -0.6619 -0.6671 -0.6606 -0.3323
2920.00 -0.4187 -0.5744 -0.5751 -0.5791 -0.5775 -0.3125
2930.00 -0.4430 -0.7693 -0.7611 -0.7640 -0.7667 -0.3314
2940.00 -0.4200 -0.6616 -0.6682 -0.6647 -0.6588 -0.3213
2950.00 -0.4054 -0.5484 -0.5546 -0.5510 -0.5537 -0.2953
2960.00 -0.4609 -0.5999 -0.5985 -0.5981 -0.6004 -0.3475
2970.00 -0.4107 -0.6469 -0.6450 -0.6491 -0.6575 -0.3196
2980.00 -0.4132 -0.5692 -0.5762 -0.5767 -0.5666 -0.3228
2990.00 -0.4036 -0.8407 -0.8334 -0.8433 -0.8333 -0.3155
3000.00 -0.4455 -0.8751 -0.8764 -0.8833 -0.8765 -0.3253
3010.00 -0.4094 -0.5107 -0.5099 -0.5074 -0.5106 -0.3076
3020.00 -0.4375 -0.8053 -0.8029 -0.7879 -0.7944 -0.3507
3030.00 -0.4330 -0.7395 -0.7393 -0.7293 -0.7287 -0.3137
3040.00 -0.3802 -0.5651 -0.5636 -0.5650 -0.5604 -0.2888
3050.00 -0.4416 -0.5702 -0.5609 -0.5674 -0.5687 -0.3401
3060.00 -0.4620 -1.0097 -1.0101 -1.0040 -0.9961 -0.3558
3070.00 -0.3677 -0.5862 -0.5881 -0.5976 -0.5881 -0.2764
3080.00 -0.4548 -0.5794 -0.5934 -0.5884 -0.5839 -0.3266
3090.00 -0.4271 -0.6672 -0.6703 -0.6702 -0.6705 -0.3276
3100.00 -0.4214 -0.6419 -0.6448 -0.6388 -0.6423 -0.3156
3110.00 -0.4301 -0.8055 -0.8087 -0.7999 -0.8073 -0.3346
3120.00 -0.4187 -0.5954 -0.5984 -0.5856 -0.6031 -0.3121
3130.00 -0.4359 -0.6998 -0.7045 -0.7049 -0.7082 -0.3247
3140.00 -0.4328 -0.6129 -0.6130 -0.6168 -0.6081 -0.3327
3150.00 -0.4225 -0.6323 -0.6311 -0.6313 -0.6378 -0.3374
3160.00 -0.4338 -0.6496 -0.6572 -0.6608 -0.6619 -0.3174
3170.00 -0.4094 -0.9558 -0.9548 -0.9561 -0.9460 -0.3229
3180.00 -0.4200 -0.5925 -0.5951 -0.5897 -0.5941 -0.3283
3190.00 -0.4279 -0.6725 -0.6728 -0.6792 -0.6726 -0.3212
3200.00 -0.4366 -0.6611 -0.6597 -0.6586 -0.6601 -0.3260
3210.00 -0.4142 -0.6460 -0.6476 -0.6534 -0.6569 -0.3165
3220.00 -0.4137 -0.6104 -0.6122 -0.6092 -0.6173 -0.3218
3230.00 -0.4035 -0.6866 -0.6840 -0.6841 -0.6843 -0.3012
3240.00 -0.4460 -0.7590 -0.7591 -0.7566 -0.7575 -0.3420
3250.00 -0.4233 -0.7211 -0.7148 -0.7200 -0.7152 -0.3210
3260.00 -0.4048 -0.5613 -0.5615 -0.5604 -0.5615 -0.3096
3270.00 -0.4474 -0.8460 -0.8437 -0.8455 -0.8345 -0.3365
3280.00 -0.4009 -0.5561 -0.5494 -0.5462 -0.5516 -0.3060
3290.00 -0.4491 -0.6986 -0.6925 -0.7015 -0.6963 -0.3473
3300.00 -0.3856 -0.5180 -0.5258 -0.5283 -0.5185 -0.2971
3310.00 -0.4511 -0.7650 -0.7744 -0.7658 -0.7696 -0.3538
3320.00 -0.3908 -0.9026 -0.9081 -0.9107 -0.9039 -0.3211
3330.00 -0.3789 -0.6359 -0.6359 -0.6311 -0.6353 -0.3042
3340.00 -0.4465 -0.8166 -0.8229 -0.8194 -0.8176 -0.3292
3350.00 -0.4152 -0.5481 -0.5444 -0.5452 -0.5426 -0.3233
3360.00 -0.4369 -0.6007 -0.6109 -0.6009 -0.5991 -0.3214
3370.00 -0.4065 -0.6090 -0.6071 -0.6119 -0.6062 -0.3094
3380.00 -0.4400 -0.6928 -0.6965 -0.6953 -0.6915 -0.3273
3390.00 -0.4286 -0.6535 -0.6505 -0.6520 -0.6499 -0.3242
3400.00 -0.3922 -0.5131 -0.5060 -0.5103 -0.5188 -0.2995
3410.00 -0.4382 -0.6298 -0.6293 -0.6233 -0.6197 -0.3272
3420.00 -0.4469 -0.7543 -0.7591 -0.7658 -0.7573 -0.3411
3430.00 -0.4074 -0.8880 -0.8837 -0.8820 -0.8796 -0.3340
3440.00 -0.3971 -0.6356 -0.6460 -0.6413 -0.6361 -0.3141
3450.00 -0.4182 -0.6436 -0.6479 -0.6467 -0.6559 -0.3171
3460.00 -0.4499 -0.8731 -0.8718 -0.8679 -0.8658 -0.3455
3470.00 -0.4232 -0.5612 -0.5630 -0.5547 -0.5603 -0.3116
3480.00 -0.3865 -0.5079 -0.5154 -0.5137 -0.5113 -0.2926
3490.00 -0.4826 -0.7135 -0.7104 -0.7106 -0.7080 -0.3405
3500.00 -0.3997 -0.5665 -0.5609 -0.5664 -0.5691 -0.3131
3510.00 -0.4411 -0.9773 -0.9832 -0.9731 -0.9727 -0.3407
3520.00 -0.4185 -0.6354 -0.6395 -0.6550 -0.6500 -0.3157
3530.00 -0.3952 -0.6228 -0.6206 -0.6175 -0.6145 -0.3001
3540.00 -0.4331 -0.7621 -0.7686 -0.7621 -0.7627 -0.3431
3550.00 -0.4477 -0.6990 -0.6983 -0.6925 -0.6884 -0.3229
3560.00 -0.3767 -0.4803 -0.4819 -0.4866 -0.4815 -0.2977
3570.00 -0.4531 -0.6765 -0.6763 -0.6650 -0.6703 -0.3434
3580.00 -0.4116 -0.7074 -0.7098 -0.6997 -0.7021 -0.3147
3590.00 -0.4449 -0.8989 -0.8936 -0.8960 -0.8988 -0.3426
3600.00 -0.4016 -0.6337 -0.6390 -0.6468 -0.6439 -0.3052
3610.00 -0.3972 -0.6822 -0.6746 -0.6787 -0.6757 -0.3157
3620.00 -0.4494 -0.7267 -0.7288 -0.7254 -0.7291 -0.3362
3630.00 -0.4001 -0.5736 -0.5800 -0.5799 -0.5837 -0.3111
3640.00 -0.3963 -0.6378 -0.6318 -0.6346 -0.6487 -0.3169
3650.00 -0.4431 -0.8395 -0.8446 -0.8366 -0.8488 -0.3424
3660.00 -0.4374 -0.6555 -0.6553 -0.6617 -0.6570 -0.3208
3670.00 -0.4073 -0.5100 -0.5086 -0.5073 -0.5115 -0.3124
3680.00 -0.4541 -0.6902 -0.6890 -0.6886 -0.6907 -0.3476
3690.00 -0.4044 -0.7149 -0.7138 -0.7205 -0.7150 -0.3129
3700.00 -0.4369 -0.8951 -0.8949 -0.8924 -0.9043 -0.3526
3710.00 -0.4200 -0.7580 -0.7580 -0.7600 -0.7633 -0.3099
3720.00 -0.4153 -0.6499 -0.6589 -0.6633 -0.6529 -0.3184
3730.00 -0.4241 -0.6371 -0.6382 -0.6331 -0.6350 -0.3105
3740.00 -0.4433 -0.6410 -0.6363 -0.6421 -0.6428 -0.3207
3750.00 -0.4242 -0.5600 -0.5637 -0.5627 -0.5679 -0.3151
3760.00 -0.4226 -0.7297 -0.7404 -0.7457 -0.7349 -0.3260
3770.00 -0.4092 -0.7898 -0.7929 -0.7964 -0.7876 -0.3193
3780.00 -0.4178 -0.5354 -0.5362 -0.5402 -0.5391 -0.3150
3790.00 -0.4732 -0.7670 -0.7635 -0.7741 -0.7611 -0.3606
3800.00 -0.3996 -0.5971 -0.5967 -0.5986 -0.5938 -0.3023
3810.00 -0.4175 -0.7908 -0.7908 -0.7930 -0.7889 -0.3284
3820.00 -0.4191 -0.8814 -0.8779 -0.8873 -0.8761 -0.3335
3830.00 -0.4453 -0.5883 -0.5893 -0.5889 -0.5885 -0.3252
3840.00 -0.4130 -0.5357 -0.5397 -0.5301 -0.5386 -0.3077
3850.00 -0.4425 -0.6980 -0.7048 -0.7002 -0.6973 -0.3433
3860.00 -0.4268 -0.6212 -0.6204 -0.6197 -0.6207 -0.3151
3870.00 -0.4051 -0.8634 -0.8635 -0.8618 -0.8645 -0.3282
3880.00 -0.4115 -0.6408 -0.6498 -0.6514 -0.6436 -0.3162
3890.00 -0.4205 -0.6740 -0.6748 -0.6837 -0.6771 -0.3148
3900.00 -0.4303 -0.6320 -0.6362 -0.6439 -0.6400 -0.3189
3910.00 -0.4303 -0.6524 -0.6576 -0.6475 -0.6476 -0.3399
3920.00 -0.4230 -0.7029 -0.6955 -0.6993 -0.7012 -0.3037
3930.00 -0.4066 -0.5800 -0.5890 -0.5854 -0.5827 -0.3198
3940.00 -0.4286 -1.1629 -1.1601 -1.1535 -1.1619 -0.3480
3950.00 -0.3857 -0.6429 -0.6539 -0.6398 -0.6392 -0.2979
3960.00 -0.4298 -0.6282 -0.6188 -0.6265 -0.6173 -0.3231
3970.00 -0.4217 -0.6167 -0.6112 -0.6075 -0.6121 -0.3137
3980.00 -0.4339 -0.5622 -0.5714 -0.5586 -0.5652 -0.3351
3990.00 -0.4435 -0.7061 -0.7103 -0.7004 -0.7024 -0.3358
4000.00 -0.3749 -0.5498 -0.5407 -0.5452 -0.5437 -0.2952
