10.00 -0.5033 -0.5005 -0.4821 -0.5069 -0.4977 -0.3190
20.00 -0.4911 -0.4917 -0.4834 -0.4804 -0.4717 -0.3245
30.00 -0.5199 -0.5087 -0.5037 -0.5135 -0.5128 -0.3255
40.00 -0.4641 -0.4566 -0.4496 -0.4611 -0.4556 -0.3114
50.00 -0.4875 -0.4895 -0.4988 -0.4969 -0.4857 -0.3086
60.00 -0.5331 -0.5448 -0.5155 -0.5318 -0.5303 -0.3546
70.00 -0.4703 -0.4795 -0.4527 -0.4807 -0.4724 -0.3036
80.00 -0.4862 -0.4867 -0.4847 -0.4940 -0.4915 -0.3250
90.00 -0.4764 -0.4643 -0.4782 -0.4795 -0.4755 -0.3073
100.00 -0.5274 -0.5353 -0.5409 -0.5153 -0.5186 -0.3241
110.00 -0.4602 -0.4790 -0.4661 -0.4793 -0.4755 -0.3158
120.00 -0.5014 -0.5174 -0.5206 -0.5164 -0.5223 -0.3300
130.00 -0.4544 -0.4473 -0.4474 -0.4573 -0.4531 -0.2875
140.00 -0.5020 -0.5127 -0.4999 -0.5163 -0.5011 -0.3233
150.00 -0.4423 -0.4581 -0.4695 -0.4633 -0.4678 -0.3153
160.00 -0.5146 -0.5461 -0.5416 -0.5329 -0.5399 -0.3361
170.00 -0.4765 -0.4936 -0.4775 -0.4764 -0.4961 -0.3128
180.00 -0.4968 -0.4990 -0.4591 -0.4986 -0.5035 -0.3138
190.00 -0.5043 -0.4907 -0.4959 -0.4793 -0.4857 -0.3042
200.00 -0.5384 -0.5272 -0.5258 -0.5190 -0.5287 -0.3411
210.00 -0.4206 -0.4126 -0.4193 -0.4144 -0.4146 -0.2818
220.00 -0.5229 -0.5238 -0.5102 -0.5295 -0.5192 -0.3374
230.00 -0.5028 -0.4898 -0.5051 -0.5028 -0.5061 -0.3227
240.00 -0.5258 -0.5176 -0.5207 -0.5354 -0.5314 -0.3364
250.00 -0.4494 -0.4376 -0.4567 -0.4520 -0.4401 -0.2944
260.00 -0.5188 -0.4801 -0.5070 -0.4968 -0.5130 -0.3151
270.00 -0.4776 -0.4898 -0.4878 -0.4857 -0.4834 -0.3170
280.00 -0.5058 -0.5180 -0.5055 -0.5167 -0.5051 -0.3217
290.00 -0.4839 -0.4803 -0.5026 -0.4862 -0.4942 -0.3218
300.00 -0.4825 -0.4648 -0.4735 -0.4798 -0.4787 -0.3205
310.00 -0.4946 -0.4818 -0.4987 -0.4941 -0.5038 -0.3238
320.00 -0.4873 -0.4915 -0.5032 -0.5077 -0.4954 -0.3274
330.00 -0.4813 -0.4864 -0.4949 -0.4800 -0.4909 -0.3141
340.00 -0.4575 -0.4756 -0.4843 -0.4704 -0.4743 -0.3092
350.00 -0.4482 -0.4619 -0.4785 -0.4899 -0.4761 -0.3082
360.00 -0.5186 -0.5215 -0.5336 -0.5264 -0.5333 -0.3425
370.00 -0.4811 -0.4733 -0.4823 -0.4969 -0.4737 -0.2951
380.00 -0.4903 -0.4900 -0.5000 -0.4980 -0.4778 -0.3155
390.00 -0.4883 -0.4877 -0.5070 -0.4874 -0.4871 -0.3272
400.00 -0.4898 -0.4842 -0.4866 -0.4885 -0.4913 -0.3102
410.00 -0.5359 -0.5257 -0.5342 -0.5338 -0.5324 -0.3419
420.00 -0.4655 -0.4667 -0.4699 -0.4574 -0.4526 -0.3091
430.00 -0.5015 -0.5003 -0.5102 -0.5069 -0.4983 -0.3275
440.00 -0.4884 -0.4864 -0.4790 -0.4913 -0.4877 -0.3104
450.00 -0.4956 -0.4959 -0.4881 -0.4917 -0.4965 -0.3134
460.00 -0.5060 -0.5133 -0.4877 -0.5056 -0.4972 -0.3105
470.00 -0.4788 -0.4980 -0.4926 -0.5089 -0.4926 -0.3206
480.00 -0.4718 -0.4641 -0.4698 -0.4775 -0.4701 -0.3059
490.00 -0.4791 -0.5042 -0.4956 -0.4995 -0.4961 -0.3136
500.00 -0.4688 -0.4830 -0.4748 -0.4783 -0.4721 -0.3107
510.00 -0.5129 -0.5029 -0.4953 -0.4932 -0.5107 -0.3368
520.00 -0.5058 -0.5007 -0.5071 -0.5046 -0.5126 -0.3229
530.00 -0.4644 -0.4835 -0.4816 -0.4711 -0.4766 -0.3065
540.00 -0.4712 -0.4735 -0.4707 -0.4605 -0.4660 -0.3004
550.00 -0.5139 -0.5281 -0.5119 -0.5056 -0.5241 -0.3267
560.00 -0.4903 -0.4943 -0.4846 -0.4888 -0.4851 -0.3195
570.00 -0.4926 -0.4908 -0.4878 -0.4886 -0.5018 -0.3147
580.00 -0.4833 -0.4948 -0.4912 -0.4823 -0.4840 -0.3184
590.00 -0.5136 -0.5107 -0.5115 -0.5255 -0.5107 -0.3306
600.00 -0.4585 -0.4575 -0.4617 -0.4363 -0.4469 -0.2972
610.00 -0.5274 -0.5247 -0.5461 -0.5390 -0.5283 -0.3290
620.00 -0.4324 -0.4443 -0.4379 -0.4335 -0.4347 -0.2957
630.00 -0.4782 -0.4650 -0.4895 -0.4767 -0.4713 -0.3128
640.00 -0.5200 -0.5183 -0.5236 -0.5235 -0.5232 -0.3286
650.00 -0.4935 -0.4890 -0.5032 -0.4821 -0.5058 -0.3182
660.00 -0.4841 -0.4744 -0.4879 -0.4902 -0.4802 -0.3229
670.00 -0.4758 -0.4619 -0.4777 -0.4672 -0.4703 -0.3061
680.00 -0.4958 -0.5083 -0.5108 -0.5126 -0.5061 -0.3344
690.00 -0.4797 -0.4734 -0.4823 -0.4933 -0.4847 -0.3118
700.00 -0.4843 -0.4863 -0.4890 -0.4737 -0.4817 -0.3184
710.00 -0.5065 -0.4922 -0.4971 -0.4984 -0.4976 -0.3151
720.00 -0.4808 -0.4709 -0.4887 -0.4859 -0.4895 -0.3119
730.00 -0.4952 -0.4957 -0.5024 -0.4919 -0.5078 -0.3118
740.00 -0.5089 -0.5108 -0.5068 -0.5094 -0.5176 -0.3308
750.00 -0.4603 -0.4527 -0.4648 -0.4618 -0.4579 -0.2958
760.00 -0.4945 -0.5081 -0.5018 -0.4859 -0.5144 -0.3304
770.00 -0.5277 -0.5320 -0.5341 -0.5134 -0.5401 -0.3332
780.00 -0.4841 -0.4657 -0.4737 -0.4716 -0.4819 -0.3189
790.00 -0.4893 -0.4953 -0.4864 -0.4881 -0.4933 -0.3188
800.00 -0.4758 -0.4930 -0.4928 -0.4849 -0.4885 -0.2997
810.00 -0.4925 -0.4896 -0.5070 -0.4957 -0.4902 -0.3165
820.00 -0.4695 -0.4718 -0.4726 -0.4695 -0.4723 -0.2915
830.00 -0.5186 -0.5235 -0.5186 -0.5359 -0.5182 -0.3389
840.00 -0.4527 -0.4595 -0.4622 -0.4538 -0.4593 -0.3036
850.00 -0.4922 -0.4717 -0.4971 -0.4855 -0.4988 -0.3228
860.00 -0.5079 -0.4894 -0.4921 -0.5118 -0.5005 -0.3189
870.00 -0.5002 -0.4919 -0.4994 -0.4949 -0.5032 -0.3225
880.00 -0.4973 -0.4666 -0.4886 -0.4960 -0.4968 -0.3118
890.00 -0.4919 -0.4832 -0.4966 -0.4917 -0.4870 -0.3139
900.00 -0.4817 -0.4811 -0.4923 -0.4880 -0.4914 -0.3363
910.00 -0.4661 -0.4723 -0.4733 -0.4841 -0.4686 -0.3096
920.00 -0.4896 -0.4881 -0.4935 -0.4867 -0.4822 -0.3040
930.00 -0.4960 -0.4928 -0.5045 -0.4995 -0.4920 -0.3178
940.00 -0.4935 -0.4952 -0.4951 -0.4877 -0.4798 -0.3269
950.00 -0.4985 -0.5035 -0.5043 -0.4862 -0.5023 -0.3174
960.00 -0.5020 -0.4850 -0.4920 -0.4805 -0.5003 -0.3175
970.00 -0.5040 -0.5051 -0.5156 -0.4953 -0.5134 -0.3319
980.00 -0.4966 -0.4948 -0.4885 -0.4912 -0.4902 -0.3167
990.00 -0.4897 -0.4776 -0.4818 -0.5023 -0.4884 -0.3046
1000.00 -0.4691 -0.4569 -0.4591 -0.4631 -0.4572 -0.3059
1010.00 -0.5068 -0.6006 -0.5982 -0.5965 -0.5858 -0.3262
1020.00 -0.5535 -0.8293 -0.8209 -0.8258 -0.8340 -0.3514
1030.00 -0.5644 -0.9472 -0.9526 -0.9488 -0.9507 -0.3358
1040.00 -0.5550 -0.8901 -0.8917 -0.9078 -0.8983 -0.3359
1050.00 -0.5150 -0.8956 -0.8889 -0.8883 -0.9023 -0.3026
1060.00 -0.5642 -1.0412 -1.0471 -1.0459 -1.0457 -0.3237
1070.00 -0.4681 -0.6977 -0.6923 -0.6879 -0.6833 -0.3049
1080.00 -0.4410 -0.5308 -0.5425 -0.5363 -0.5398 -0.3172
1090.00 -0.4190 -0.5206 -0.5109 -0.5118 -0.5229 -0.3124
1100.00 -0.4392 -0.5444 -0.5433 -0.5406 -0.5390 -0.3221
1110.00 -0.4332 -0.5156 -0.5114 -0.5105 -0.5229 -0.3238
1120.00 -0.4174 -0.5839 -0.5883 -0.5899 -0.5822 -0.2943
1130.00 -0.4292 -0.5557 -0.5551 -0.5581 -0.5546 -0.3231
1140.00 -0.4347 -0.5548 -0.5572 -0.5500 -0.5561 -0.3256
1150.00 -0.4272 -0.5415 -0.5377 -0.5412 -0.5476 -0.3161
1160.00 -0.4189 -0.5393 -0.5389 -0.5401 -0.5453 -0.3066
1170.00 -0.4280 -0.5495 -0.5364 -0.5451 -0.5340 -0.3138
1180.00 -0.4528 -0.5477 -0.5421 -0.5456 -0.5411 -0.3336
1190.00 -0.4329 -0.5354 -0.5403 -0.5438 -0.5441 -0.3227
1200.00 -0.4356 -0.5853 -0.5973 -0.5954 -0.5927 -0.3183
1210.00 -0.4456 -0.6272 -0.6206 -0.6210 -0.6199 -0.3322
1220.00 -0.3853 -0.4645 -0.4745 -0.4695 -0.4687 -0.2966
1230.00 -0.4292 -0.6414 -0.6474 -0.6481 -0.6466 -0.3209
1240.00 -0.4539 -0.6369 -0.6440 -0.6387 -0.6370 -0.3406
1250.00 -0.4209 -0.5961 -0.6043 -0.6001 -0.5993 -0.3128
1260.00 -0.4474 -0.5822 -0.5702 -0.5748 -0.5781 -0.3277
1270.00 -0.3974 -0.5363 -0.5370 -0.5364 -0.5356 -0.2978
1280.00 -0.4328 -0.6163 -0.6251 -0.6179 -0.6227 -0.3206
1290.00 -0.4440 -0.5620 -0.5632 -0.5564 -0.5577 -0.3260
1300.00 -0.3920 -0.5192 -0.5203 -0.5155 -0.5204 -0.3064
1310.00 -0.4310 -0.6402 -0.6336 -0.6376 -0.6397 -0.3171
1320.00 -0.4421 -0.6856 -0.6734 -0.6823 -0.6786 -0.3296
1330.00 -0.4112 -0.5513 -0.5601 -0.5489 -0.5481 -0.3130
1340.00 -0.4285 -0.6384 -0.6458 -0.6430 -0.6393 -0.3270
1350.00 -0.4461 -0.6963 -0.6883 -0.6945 -0.6974 -0.3254
1360.00 -0.4080 -0.6152 -0.6122 -0.6196 -0.6102 -0.3167
1370.00 -0.4150 -0.6329 -0.6309 -0.6383 -0.6348 -0.3147
1380.00 -0.4337 -0.6670 -0.6669 -0.6741 -0.6664 -0.3373
1390.00 -0.3986 -0.5270 -0.5349 -0.5270 -0.5288 -0.3087
1400.00 -0.4368 -0.6328 -0.6256 -0.6233 -0.6326 -0.3334
1410.00 -0.4355 -0.6747 -0.6737 -0.6748 -0.6759 -0.3294
1420.00 -0.4067 -0.6187 -0.6089 -0.6121 -0.6144 -0.3131
1430.00 -0.4281 -0.7222 -0.7338 -0.7282 -0.7333 -0.3269
1440.00 -0.4081 -0.5190 -0.5201 -0.5193 -0.5174 -0.3047
1450.00 -0.4391 -0.6231 -0.6256 -0.6245 -0.6216 -0.3264
1460.00 -0.4062 -0.5741 -0.5848 -0.5836 -0.5723 -0.3067
1470.00 -0.4403 -0.6937 -0.7060 -0.7008 -0.6922 -0.3287
1480.00 -0.4031 -0.5420 -0.5491 -0.5518 -0.5490 -0.3025
1490.00 -0.4549 -0.7296 -0.7314 -0.7371 -0.7272 -0.3466
1500.00 -0.3902 -0.6716 -0.6699 -0.6690 -0.6685 -0.3036
1510.00 -0.4266 -0.6993 -0.6915 -0.6917 -0.6969 -0.3213
1520.00 -0.4551 -0.6397 -0.6375 -0.6368 -0.6422 -0.3301
1530.00 -0.4124 -0.6253 -0.6210 -0.6285 -0.6226 -0.3132
1540.00 -0.4149 -0.5552 -0.5639 -0.5553 -0.5605 -0.3211
1550.00 -0.4182 -0.5713 -0.5614 -0.5625 -0.5618 -0.3233
1560.00 -0.4209 -0.7824 -0.7699 -0.7696 -0.7830 -0.3111
1570.00 -0.4291 -0.7135 -0.7115 -0.7150 -0.7136 -0.3332
1580.00 -0.4057 -0.6360 -0.6343 -0.6379 -0.6251 -0.3207
1590.00 -0.4282 -0.7124 -0.7127 -0.7143 -0.7191 -0.3232
1600.00 -0.4043 -0.5945 -0.5970 -0.5909 -0.5945 -0.3122
1610.00 -0.4195 -0.6682 -0.6501 -0.6647 -0.6556 -0.3104
1620.00 -0.4214 -0.6953 -0.6962 -0.6942 -0.6934 -0.3225
1630.00 -0.4335 -0.6421 -0.6379 -0.6353 -0.6376 -0.3319
1640.00 -0.4038 -0.5209 -0.5267 -0.5203 -0.5245 -0.3046
1650.00 -0.4409 -0.7754 -0.7863 -0.7850 -0.7758 -0.3265
1660.00 -0.4074 -0.5191 -0.5148 -0.5106 -0.5158 -0.3084
1670.00 -0.4448 -0.6301 -0.6298 -0.6286 -0.6320 -0.3318
1680.00 -0.4126 -0.6058 -0.6081 -0.6173 -0.6193 -0.3185
1690.00 -0.4191 -0.6590 -0.6524 -0.6572 -0.6527 -0.3267
1700.00 -0.4316 -0.7210 -0.7324 -0.7197 -0.7312 -0.3289
1710.00 -0.3943 -0.6422 -0.6453 -0.6490 -0.6418 -0.3069
1720.00 -0.4134 -0.7208 -0.7307 -0.7266 -0.7220 -0.3201
1730.00 -0.4193 -0.6178 -0.6182 -0.6130 -0.6253 -0.3135
1740.00 -0.4325 -0.7615 -0.7636 -0.7650 -0.7669 -0.3382
1750.00 -0.4211 -0.7336 -0.7341 -0.7389 -0.7315 -0.3204
1760.00 -0.4098 -0.5923 -0.6031 -0.5980 -0.5924 -0.3108
1770.00 -0.4282 -0.5790 -0.5744 -0.5731 -0.5746 -0.3312
1780.00 -0.4290 -0.6560 -0.6538 -0.6546 -0.6518 -0.3102
1790.00 -0.4162 -0.6564 -0.6663 -0.6685 -0.6618 -0.3185
1800.00 -0.3950 -0.5451 -0.5388 -0.5377 -0.5462 -0.3020
1810.00 -0.4304 -0.6243 -0.6301 -0.6302 -0.6258 -0.3365
1820.00 -0.4097 -0.8315 -0.8465 -0.8457 -0.8407 -0.3170
1830.00 -0.4302 -0.6787 -0.6698 -0.6729 -0.6707 -0.3209
1840.00 -0.4074 -0.7571 -0.7686 -0.7587 -0.7579 -0.3225
1850.00 -0.4009 -0.5895 -0.5899 -0.5963 -0.5931 -0.3000
1860.00 -0.4449 -0.7207 -0.7194 -0.7255 -0.7152 -0.3491
1870.00 -0.4118 -0.5801 -0.5804 -0.5825 -0.5877 -0.3091
1880.00 -0.4405 -0.7666 -0.7640 -0.7616 -0.7610 -0.3365
1890.00 -0.4049 -0.6370 -0.6380 -0.6449 -0.6498 -0.3069
1900.00 -0.4138 -0.6948 -0.7010 -0.7029 -0.7020 -0.3209
1910.00 -0.4035 -0.8513 -0.8494 -0.8501 -0.8516 -0.3176
1920.00 -0.4227 -0.5685 -0.5683 -0.5657 -0.5665 -0.3128
1930.00 -0.4104 -0.5336 -0.5371 -0.5389 -0.5394 -0.3178
1940.00 -0.4265 -0.7735 -0.7741 -0.7801 -0.7746 -0.3225
1950.00 -0.4404 -0.6898 -0.6909 -0.6918 -0.6912 -0.3282
1960.00 -0.4249 -0.6034 -0.5979 -0.6047 -0.5962 -0.3256
1970.00 -0.4303 -0.6269 -0.6272 -0.6248 -0.6307 -0.3204
1980.00 -0.4255 -0.5400 -0.5395 -0.5533 -0.5412 -0.3321
1990.00 -0.4003 -0.5274 -0.5287 -0.5239 -0.5274 -0.3001
2000.00 -0.4381 -0.9211 -0.9289 -0.9211 -0.9221 -0.3416
2010.00 -0.3863 -0.7119 -0.7164 -0.7097 -0.7142 -0.3150
2020.00 -0.4500 -0.7523 -0.7556 -0.7628 -0.7559 -0.3340
2030.00 -0.4122 -0.5734 -0.5642 -0.5655 -0.5610 -0.3082
2040.00 -0.4304 -0.5352 -0.5338 -0.5368 -0.5367 -0.3281
2050.00 -0.4559 -0.8343 -0.8339 -0.8317 -0.8291 -0.3505
2060.00 -0.3776 -0.6129 -0.6156 -0.6164 -0.6133 -0.3082
2070.00 -0.4286 -0.8058 -0.8063 -0.8039 -0.8123 -0.3405
2080.00 -0.4064 -0.7174 -0.7180 -0.7222 -0.7232 -0.2997
2090.00 -0.4260 -0.5898 -0.5790 -0.5822 -0.5812 -0.3291
2100.00 -0.4204 -0.5968 -0.5983 -0.5987 -0.6023 -0.3107
2110.00 -0.4200 -0.5808 -0.5772 -0.5830 -0.5812 -0.3227
2120.00 -0.4386 -0.7310 -0.7326 -0.7275 -0.7422 -0.3377
2130.00 -0.4052 -0.5436 -0.5392 -0.5440 -0.5416 -0.3014
2140.00 -0.3915 -0.7257 -0.7255 -0.7197 -0.7287 -0.3150
2150.00 -0.4539 -0.9814 -0.9914 -0.9950 -0.9905 -0.3548
2160.00 -0.4112 -0.6645 -0.6635 -0.6642 -0.6635 -0.3056
2170.00 -0.4039 -0.5987 -0.6009 -0.5938 -0.5986 -0.3094
2180.00 -0.4625 -0.6134 -0.6150 -0.6299 -0.6162 -0.3384
2190.00 -0.4228 -0.6187 -0.6299 -0.6240 -0.6174 -0.3165
2200.00 -0.3962 -0.5921 -0.5947 -0.5915 -0.5929 -0.3111
2210.00 -0.4301 -0.9210 -0.9213 -0.9250 -0.9187 -0.3421
2220.00 -0.4126 -0.7366 -0.7405 -0.7403 -0.7339 -0.3151
2230.00 -0.3982 -0.5832 -0.5827 -0.5840 -0.5832 -0.3077
2240.00 -0.4316 -0.6212 -0.6233 -0.6171 -0.6246 -0.3280
2250.00 -0.4459 -0.6886 -0.6916 -0.6912 -0.6806 -0.3340
2260.00 -0.3843 -0.5592 -0.5547 -0.5530 -0.5566 -0.2905
2270.00 -0.4469 -0.8734 -0.8757 -0.8651 -0.8659 -0.3556
2280.00 -0.4288 -0.6952 -0.6956 -0.6971 -0.6963 -0.3217
2290.00 -0.3935 -0.5292 -0.5343 -0.5369 -0.5323 -0.2960
2300.00 -0.4433 -0.7647 -0.7601 -0.7671 -0.7614 -0.3316
2310.00 -0.4177 -0.5703 -0.5633 -0.5657 -0.5686 -0.3167
2320.00 -0.4334 -0.6775 -0.6734 -0.6727 -0.6732 -0.3384
2330.00 -0.4170 -0.6382 -0.6473 -0.6434 -0.6360 -0.3228
2340.00 -0.4137 -0.7329 -0.7343 -0.7369 -0.7334 -0.3128
2350.00 -0.4280 -0.7292 -0.7339 -0.7256 -0.7386 -0.3417
2360.00 -0.4118 -0.7747 -0.7780 -0.7701 -0.7823 -0.3352
2370.00 -0.4137 -0.6475 -0.6435 -0.6506 -0.6467 -0.3118
2380.00 -0.4453 -0.6978 -0.7056 -0.7015 -0.6977 -0.3218
2390.00 -0.4012 -0.5623 -0.5520 -0.5515 -0.5531 -0.3162
2400.00 -0.4237 -0.6932 -0.6963 -0.6955 -0.7012 -0.3189
2410.00 -0.4037 -0.6293 -0.6405 -0.6314 -0.6348 -0.3086
2420.00 -0.4547 -0.8083 -0.8077 -0.7907 -0.7943 -0.3428
2430.00 -0.4093 -0.7385 -0.7412 -0.7438 -0.7477 -0.3092
2440.00 -0.4137 -0.6203 -0.6285 -0.6264 -0.6167 -0.3214
2450.00 -0.4350 -0.8763 -0.8685 -0.8649 -0.8723 -0.3354
2460.00 -0.4250 -0.5580 -0.5586 -0.5648 -0.5590 -0.3218
2470.00 -0.4177 -0.5856 -0.5798 -0.5822 -0.5790 -0.3129
2480.00 -0.4129 -0.5443 -0.5484 -0.5426 -0.5530 -0.3102
2490.00 -0.4113 -0.6209 -0.6208 -0.6252 -0.6226 -0.3180
2500.00 -0.4359 -0.7744 -0.7772 -0.7782 -0.7801 -0.3457
2510.00 -0.3903 -0.6275 -0.6214 -0.6159 -0.6252 -0.2987
2520.00 -0.4322 -0.8600 -0.8673 -0.8719 -0.8677 -0.3448
2530.00 -0.4312 -0.6271 -0.6164 -0.6295 -0.6287 -0.3152
2540.00 -0.3955 -0.5578 -0.5571 -0.5595 -0.5503 -0.3063
2550.00 -0.4097 -0.7763 -0.7769 -0.7817 -0.7789 -0.3247
2560.00 -0.4195 -0.8562 -0.8639 -0.8619 -0.8620 -0.3195
2570.00 -0.4236 -0.6634 -0.6625 -0.6529 -0.6646 -0.3221
2580.00 -0.4197 -0.6145 -0.6216 -0.6263 -0.6121 -0.3141
2590.00 -0.4019 -0.5052 -0.4991 -0.5009 -0.5024 -0.3108
2600.00 -0.4634 -0.9229 -0.9268 -0.9219 -0.9396 -0.3496
2610.00 -0.3658 -0.4945 -0.5021 -0.4966 -0.4922 -0.2841
2620.00 -0.4458 -0.7067 -0.6946 -0.7015 -0.6977 -0.3387
2630.00 -0.4069 -0.5835 -0.5864 -0.5837 -0.5878 -0.3093
2640.00 -0.4447 -0.7142 -0.7199 -0.7140 -0.7096 -0.3406
2650.00 -0.4275 -0.8232 -0.8275 -0.8343 -0.8343 -0.3364
2660.00 -0.4118 -0.6044 -0.6090 -0.6074 -0.6055 -0.3013
2670.00 -0.4246 -0.6217 -0.6150 -0.6060 -0.6191 -0.3188
2680.00 -0.4159 -0.5797 -0.5820 -0.5901 -0.5872 -0.3178
2690.00 -0.4326 -0.6236 -0.6217 -0.6187 -0.6236 -0.3243
2700.00 -0.4056 -0.6879 -0.6882 -0.6869 -0.6876 -0.3223
2710.00 -0.3961 -0.8173 -0.8131 -0.8240 -0.8134 -0.3135
2720.00 -0.4330 -0.8112 -0.8131 -0.8107 -0.8088 -0.3432
2730.00 -0.4241 -0.6087 -0.6072 -0.6034 -0.6040 -0.3093
2740.00 -0.4465 -0.8415 -0.8427 -0.8409 -0.8473 -0.3342
2750.00 -0.3914 -0.5094 -0.5097 -0.5084 -0.5173 -0.3023
2760.00 -0.4372 -0.6951 -0.7042 -0.7038 -0.6916 -0.3400
2770.00 -0.4225 -0.6648 -0.6633 -0.6633 -0.6560 -0.3182
2780.00 -0.4139 -0.6040 -0.5957 -0.6057 -0.5966 -0.3089
2790.00 -0.4131 -0.5950 -0.6013 -0.5977 -0.6065 -0.3232
2800.00 -0.4449 -0.7386 -0.7380 -0.7365 -0.7352 -0.3374
2810.00 -0.4121 -0.7530 -0.7676 -0.7561 -0.7507 -0.3186
2820.00 -0.3950 -0.5481 -0.5456 -0.5480 -0.5486 -0.3034
2830.00 -0.4676 -0.8652 -0.8510 -0.8587 -0.8544 -0.3630
2840.00 -0.3798 -0.6443 -0.6320 -0.6374 -0.6371 -0.3033
2850.00 -0.4238 -0.7646 -0.7708 -0.7696 -0.7737 -0.3197
2860.00 -0.4270 -0.5704 -0.5666 -0.5634 -0.5553 -0.3148
2870.00 -0.4085 -0.5243 -0.5287 -0.5338 -0.5239 -0.3163
2880.00 -0.4402 -0.8245 -0.8322 -0.8329 -0.8373 -0.3492
2890.00 -0.4104 -0.6397 -0.6393 -0.6342 -0.6365 -0.3124
2900.00 -0.4268 -0.7409 -0.7502 -0.7422 -0.7500 -0.3242
2910.00 -0.4106 -0.7543 -0.7575 -0.7585 -0.7482 -0.3213
2920.00 -0.4049 -0.6453 -0.6437 -0.6413 -0.6481 -0.3248
2930.00 -0.4215 -0.6564 -0.6528 -0.6592 -0.6553 -0.3313
2940.00 -0.4117 -0.7828 -0.7771 -0.7827 -0.7831 -0.3134
2950.00 -0.4170 -0.5179 -0.5111 -0.5147 -0.5133 -0.3131
2960.00 -0.4437 -0.7668 -0.7681 -0.7688 -0.7790 -0.3434
2970.00 -0.4052 -0.7465 -0.7440 -0.7517 -0.7466 -0.3153
2980.00 -0.4452 -0.6858 -0.6878 -0.6893 -0.6918 -0.3332
2990.00 -0.4080 -0.4923 -0.4958 -0.4955 -0.4952 -0.3058
3000.00 -0.4364 -0.6542 -0.6558 -0.6454 -0.6502 -0.3315
3010.00 -0.4169 -0.9165 -0.9093 -0.9170 -0.9128 -0.3413
3020.00 -0.3946 -0.6052 -0.6112 -0.6116 -0.6117 -0.3051
3030.00 -0.4420 -0.8100 -0.8149 -0.8123 -0.8183 -0.3440
3040.00 -0.3962 -0.5579 -0.5525 -0.5552 -0.5588 -0.3016
3050.00 -0.4294 -0.8308 -0.8206 -0.8245 -0.8219 -0.3348
3060.00 -0.4387 -0.6874 -0.6877 -0.6876 -0.6900 -0.3250
3070.00 -0.4134 -0.6644 -0.6734 -0.6620 -0.6683 -0.3187
3080.00 -0.4192 -0.5343 -0.5357 -0.5383 -0.5324 -0.3130
3090.00 -0.4333 -0.6932 -0.6934 -0.6943 -0.6929 -0.3386
3100.00 -0.4298 -0.6448 -0.6491 -0.6374 -0.6499 -0.3203
3110.00 -0.4177 -0.8461 -0.8519 -0.8588 -0.8610 -0.3373
3120.00 -0.3807 -0.8370 -0.8302 -0.8280 -0.8281 -0.3044
3130.00 -0.4402 -0.7257 -0.7181 -0.7144 -0.7141 -0.3269
3140.00 -0.4240 -0.5725 -0.5727 -0.5761 -0.5680 -0.3161
3150.00 -0.3998 -0.5605 -0.5522 -0.5566 -0.5547 -0.3071
3160.00 -0.4217 -0.5656 -0.5741 -0.5778 -0.5767 -0.3108
3170.00 -0.4368 -0.6009 -0.5997 -0.5978 -0.5966 -0.3281
3180.00 -0.4354 -0.8265 -0.8200 -0.8178 -0.8296 -0.3543
3190.00 -0.3942 -0.7399 -0.7427 -0.7437 -0.7378 -0.2881
3200.00 -0.4051 -0.5470 -0.5518 -0.5463 -0.5413 -0.3158
3210.00 -0.4300 -0.9432 -0.9490 -0.9415 -0.9488 -0.3401
3220.00 -0.4045 -0.5639 -0.5626 -0.5635 -0.5607 -0.3116
3230.00 -0.4487 -0.7734 -0.7788 -0.7758 -0.7730 -0.3470
3240.00 -0.4050 -0.5663 -0.5725 -0.5649 -0.5754 -0.2938
3250.00 -0.4097 -0.5346 -0.5323 -0.5388 -0.5342 -0.3107
3260.00 -0.4146 -0.6553 -0.6481 -0.6552 -0.6530 -0.3271
3270.00 -0.4279 -1.0982 -1.0979 -1.0962 -1.1023 -0.3446
3280.00 -0.3887 -0.5871 -0.5902 -0.5863 -0.5936 -0.2869
3290.00 -0.4377 -0.5493 -0.5460 -0.5517 -0.5489 -0.3314
3300.00 -0.4268 -0.5567 -0.5605 -0.5552 -0.5514 -0.3234
3310.00 -0.4090 -0.5523 -0.5578 -0.5558 -0.5535 -0.3041
3320.00 -0.4573 -0.7607 -0.7545 -0.7593 -0.7566 -0.3439
3330.00 -0.3832 -0.5482 -0.5482 -0.5530 -0.5498 -0.3053
3340.00 -0.4325 -0.6303 -0.6309 -0.6330 -0.6388 -0.3292
3350.00 -0.4387 -0.7743 -0.7642 -0.7801 -0.7811 -0.3314
3360.00 -0.3739 -0.7284 -0.7273 -0.7254 -0.7212 -0.3067
3370.00 -0.4570 -0.8668 -0.8755 -0.8667 -0.8801 -0.3478
3380.00 -0.3979 -0.7043 -0.7092 -0.7021 -0.7005 -0.3083
3390.00 -0.4217 -0.7753 -0.7713 -0.7689 -0.7680 -0.3378
3400.00 -0.4118 -0.7615 -0.7680 -0.7616 -0.7707 -0.3157
3410.00 -0.4248 -0.5651 -0.5726 -0.5609 -0.5669 -0.3217
3420.00 -0.4229 -0.6866 -0.6950 -0.6944 -0.6872 -0.3241
3430.00 -0.4377 -0.6807 -0.6809 -0.6685 -0.6684 -0.3248
3440.00 -0.4030 -0.5365 -0.5336 -0.5256 -0.5325 -0.3024
3450.00 -0.4239 -0.7382 -0.7398 -0.7531 -0.7478 -0.3211
3460.00 -0.4282 -0.5804 -0.5716 -0.5793 -0.5747 -0.3238
3470.00 -0.4360 -0.6500 -0.6475 -0.6429 -0.6496 -0.3334
3480.00 -0.4098 -0.8277 -0.8307 -0.8306 -0.8399 -0.3388
3490.00 -0.3964 -1.0363 -1.0512 -1.0501 -1.0443 -0.3244
3500.00 -0.3976 -0.5177 -0.5149 -0.5235 -0.5270 -0.2925
3510.00 -0.4648 -0.7373 -0.7243 -0.7253 -0.7212 -0.3424
3520.00 -0.3831 -0.6501 -0.6401 -0.6376 -0.6468 -0.3018
3530.00 -0.4406 -0.6905 -0.6992 -0.6968 -0.6931 -0.3358
3540.00 -0.3714 -0.4875 -0.4913 -0.4851 -0.4836 -0.2851
3550.00 -0.4534 -0.7962 -0.8028 -0.8118 -0.8000 -0.3515
3560.00 -0.4200 -0.6059 -0.6030 -0.6068 -0.6061 -0.3010
3570.00 -0.4235 -0.7098 -0.7114 -0.7021 -0.7104 -0.3411
3580.00 -0.4228 -0.6163 -0.6236 -0.6206 -0.6240 -0.3068
3590.00 -0.4166 -0.8098 -0.8025 -0.8134 -0.7997 -0.3228
3600.00 -0.4358 -0.6160 -0.6218 -0.6235 -0.6226 -0.3292
3610.00 -0.4571 -0.8250 -0.8374 -0.8257 -0.8279 -0.3520
3620.00 -0.3747 -0.6649 -0.6582 -0.6743 -0.6713 -0.2981
3630.00 -0.4477 -0.6321 -0.6268 -0.6351 -0.6302 -0.3260
3640.00 -0.3928 -0.5586 -0.5625 -0.5586 -0.5582 -0.3067
3650.00 -0.4333 -0.7480 -0.7421 -0.7388 -0.7452 -0.3284
3660.00 -0.4375 -0.7168 -0.7251 -0.7189 -0.7298 -0.3200
3670.00 -0.4113 -0.5645 -0.5552 -0.5597 -0.5571 -0.3147
3680.00 -0.4293 -0.5971 -0.5966 -0.5976 -0.5904 -0.3136
3690.00 -0.4258 -0.5578 -0.5563 -0.5656 -0.5610 -0.3310
3700.00 -0.4107 -0.6664 -0.6721 -0.6665 -0.6665 -0.3125
3710.00 -0.4217 -0.8370 -0.8366 -0.8325 -0.8435 -0.3408
3720.00 -0.4194 -0.7589 -0.7624 -0.7665 -0.7516 -0.3231
3730.00 -0.3985 -0.7823 -0.7880 -0.7891 -0.7830 -0.3141
3740.00 -0.4143 -0.8443 -0.8422 -0.8513 -0.8499 -0.3268
3750.00 -0.4145 -0.6899 -0.6935 -0.6867 -0.6970 -0.3180
3760.00 -0.4494 -0.8290 -0.8287 -0.8249 -0.8162 -0.3383
3770.00 -0.4062 -0.5036 -0.5002 -0.5065 -0.5000 -0.3061
3780.00 -0.4160 -0.5862 -0.5986 -0.5956 -0.5898 -0.3010
3790.00 -0.4354 -0.5405 -0.5368 -0.5350 -0.5378 -0.3235
3800.00 -0.4243 -0.6587 -0.6571 -0.6638 -0.6599 -0.3214
3810.00 -0.4164 -0.5816 -0.5827 -0.5896 -0.5837 -0.3231
3820.00 -0.4366 -0.7515 -0.7505 -0.7462 -0.7533 -0.3369
3830.00 -0.4240 -0.5911 -0.5935 -0.5926 -0.5837 -0.3140
3840.00 -0.4131 -0.6982 -0.7011 -0.7019 -0.7042 -0.3259
3850.00 -0.4269 -0.7670 -0.7653 -0.7657 -0.7661 -0.3296
3860.00 -0.4036 -0.8280 -0.8265 -0.8285 -0.8281 -0.3403
3870.00 -0.4036 -0.7353 -0.7340 -0.7441 -0.7429 -0.2984
3880.00 -0.4556 -0.6367 -0.6384 -0.6325 -0.6278 -0.3478
3890.00 -0.3951 -0.6373 -0.6402 -0.6382 -0.6365 -0.3110
3900.00 -0.4173 -0.9219 -0.9262 -0.9147 -0.9170 -0.3217
3910.00 -0.4080 -0.5618 -0.5663 -0.5688 -0.5601 -0.3105
3920.00 -0.4216 -0.5634 -0.5638 -0.5550 -0.5602 -0.3177
3930.00 -0.4226 -0.5779 -0.5729 -0.5794 -0.5781 -0.3151
3940.00 -0.4223 -0.6142 -0.6132 -0.6148 -0.6148 -0.3187
3950.00 -0.4263 -0.9271 -0.9168 -0.9244 -0.9231 -0.3534
3960.00 -0.4078 -0.9587 -0.9711 -0.9568 -0.9537 -0.3177
3970.00 -0.3856 -0.5915 -0.5932 -0.5868 -0.5950 -0.2900
3980.00 -0.4422 -0.6500 -0.6462 -0.6486 -0.6472 -0.3277
3990.00 -0.4225 -0.5551 -0.5644 -0.5695 -0.5622 -0.3234
4000.00 -0.3962 -0.5018 -0.5002 -0.5043 -0.4989 -0.3170
