10.00 0.25 0.00 0.88 0.13 1.00 4.95
20.00 0.50 0.75 0.38 0.25 0.63 5.05
30.00 0.75 0.50 1.13 0.88 0.38 5.20
40.00 0.38 0.63 1.13 0.25 0.50 4.95
50.00 0.50 1.13 1.00 0.75 0.13 5.15
60.00 0.38 1.13 0.25 0.75 0.75 4.95
70.00 0.00 0.50 0.50 0.63 1.13 5.05
80.00 0.38 0.25 0.50 1.00 0.75 5.20
90.00 0.63 0.38 0.38 0.38 0.75 5.00
100.00 0.75 0.75 0.63 0.50 0.50 5.20
110.00 0.75 0.88 0.50 0.63 0.63 5.00
120.00 0.88 0.38 1.00 0.88 0.13 5.00
130.00 0.63 0.50 0.50 1.63 0.63 5.25
140.00 0.38 0.75 0.88 1.00 0.75 5.25
150.00 0.13 1.25 1.00 0.25 0.13 4.90
160.00 0.88 1.25 0.50 0.25 0.63 5.05
170.00 0.38 0.38 0.75 0.88 0.25 5.15
180.00 0.50 0.75 0.63 0.38 0.63 5.15
190.00 1.13 0.50 0.25 0.38 0.38 5.00
200.00 0.50 1.00 0.88 0.75 0.50 5.05
210.00 0.38 0.88 0.75 1.25 0.50 5.30
220.00 0.38 1.00 0.38 0.88 0.25 4.85
230.00 0.38 0.25 0.75 0.63 0.25 5.15
240.00 0.75 0.75 0.75 0.50 1.00 5.55
250.00 0.38 0.63 0.88 0.75 0.25 4.95
260.00 0.88 0.38 0.75 1.00 0.38 5.20
270.00 0.63 0.75 0.13 0.50 0.25 5.05
280.00 0.50 0.25 0.50 0.88 0.50 5.05
290.00 0.50 0.88 0.50 0.63 1.00 4.95
300.00 0.63 0.00 0.25 0.88 0.75 5.10
310.00 0.50 0.38 0.38 0.25 1.13 5.20
320.00 0.25 0.63 0.88 0.50 0.88 5.05
330.00 0.25 0.38 0.50 1.38 0.63 5.10
340.00 0.50 0.75 0.38 0.38 0.25 5.05
350.00 0.38 0.63 0.50 1.25 0.50 5.20
360.00 1.00 0.38 1.38 0.38 0.50 5.25
370.00 0.50 0.75 0.25 0.38 0.00 4.75
380.00 0.50 0.50 0.25 0.63 0.13 5.15
390.00 0.63 0.50 0.75 0.50 0.75 5.25
400.00 0.38 0.50 0.38 0.25 1.25 5.05
410.00 0.38 0.50 1.38 0.63 0.38 5.25
420.00 0.38 0.63 0.25 0.25 1.38 4.75
430.00 0.63 0.63 0.25 0.75 0.50 5.10
440.00 0.50 0.75 0.25 0.75 0.50 5.10
450.00 0.63 0.13 0.50 0.75 0.75 4.90
460.00 0.63 0.25 0.88 0.63 0.38 5.15
470.00 0.25 0.63 1.00 1.00 0.88 4.95
480.00 0.00 0.25 0.38 0.25 0.50 5.05
490.00 0.50 1.25 0.50 0.25 0.63 5.15
500.00 0.50 0.50 1.13 0.75 0.25 5.20
510.00 0.25 1.25 0.38 0.50 0.88 5.20
520.00 0.75 1.13 0.88 0.63 0.38 5.20
530.00 0.63 1.13 0.50 0.00 0.75 4.70
540.00 0.50 0.63 0.63 1.00 0.63 5.35
550.00 0.25 0.88 0.38 0.50 0.25 5.10
560.00 0.25 0.38 0.63 0.50 0.63 5.00
570.00 0.25 0.38 0.75 0.88 0.50 4.95
580.00 0.25 0.50 0.25 0.75 0.38 5.40
590.00 0.50 0.63 0.50 0.38 0.63 4.65
600.00 0.38 0.25 0.75 0.38 0.75 5.20
610.00 0.63 0.50 0.63 0.25 0.50 4.80
620.00 0.63 1.00 0.38 0.38 0.50 5.20
630.00 0.38 0.75 0.63 0.00 0.50 5.15
640.00 0.50 0.50 0.50 0.63 0.63 5.15
650.00 0.25 0.88 0.63 0.88 0.50 4.90
660.00 0.50 0.50 0.50 1.38 0.25 4.95
670.00 0.75 0.38 0.00 0.50 0.63 5.20
680.00 1.00 0.38 0.38 0.25 0.88 5.25
690.00 0.63 0.63 0.75 0.63 0.38 4.95
700.00 0.13 0.50 0.63 0.38 1.13 4.95
710.00 0.75 0.63 0.63 0.50 0.63 5.10
720.00 0.13 1.00 0.63 0.25 0.50 5.10
730.00 0.63 0.75 0.38 0.38 0.50 5.05
740.00 0.13 0.38 0.38 0.38 0.88 5.00
750.00 0.50 0.50 0.38 0.13 0.88 5.15
760.00 0.63 0.50 1.00 0.63 0.38 5.10
770.00 0.25 0.25 1.13 0.50 0.50 5.00
780.00 0.50 0.25 0.63 0.63 0.88 5.10
790.00 0.75 0.38 1.38 0.75 0.38 5.15
800.00 0.63 0.88 0.63 0.38 0.50 5.00
810.00 0.13 0.63 0.38 0.13 0.38 5.15
820.00 0.13 0.50 0.63 0.25 1.00 4.75
830.00 0.50 0.75 0.13 0.25 0.88 5.05
840.00 0.25 1.13 0.38 0.38 0.63 5.10
850.00 0.38 0.38 0.25 0.38 0.75 5.10
860.00 0.38 0.50 0.38 0.63 1.38 5.10
870.00 1.00 0.00 0.13 0.75 0.88 5.10
880.00 0.75 0.88 0.50 0.88 0.13 5.10
890.00 1.13 0.63 1.00 0.75 0.38 5.10
900.00 0.50 0.50 0.38 1.38 0.75 5.10
910.00 0.75 0.50 1.00 0.75 0.88 5.00
920.00 0.63 0.25 1.75 0.38 0.00 5.20
930.00 0.13 0.38 0.50 0.88 0.50 5.10
940.00 0.50 0.13 0.75 1.13 0.50 5.05
950.00 0.38 0.50 0.25 0.25 0.88 4.85
960.00 0.88 0.38 0.75 0.00 0.75 5.30
970.00 0.25 0.88 1.63 0.50 1.00 5.35
980.00 0.50 0.38 0.25 0.25 1.13 4.90
990.00 0.63 0.25 1.25 1.00 0.13 5.15
1000.00 0.63 0.13 0.38 1.00 0.50 5.05
1010.00 8.88 0.25 0.25 0.63 0.63 6.25
1020.00 18.38 0.00 0.00 0.00 0.00 8.85
1030.00 22.88 0.00 0.00 0.00 0.00 8.95
1040.00 19.13 0.00 0.00 0.00 0.00 8.60
1050.00 25.13 0.00 0.00 0.00 0.00 9.75
1060.00 20.38 0.00 0.00 0.00 0.00 9.25
1070.00 24.13 0.00 0.00 0.00 0.00 9.25
1080.00 18.63 0.00 0.00 0.00 0.00 8.30
1090.00 18.63 0.00 0.00 0.00 0.00 8.40
1100.00 19.50 0.00 0.00 0.00 0.00 8.75
1110.00 21.25 0.00 0.00 0.00 0.00 9.00
1120.00 18.38 0.00 0.00 0.00 0.00 8.05
1130.00 13.88 0.00 0.00 0.00 0.00 7.20
1140.00 5.25 0.00 0.00 0.00 0.00 5.15
1150.00 4.25 0.00 0.00 0.00 0.00 4.95
1160.00 4.38 0.00 0.13 0.13 0.13 4.85
1170.00 4.00 0.13 0.00 0.00 0.00 5.10
1180.00 2.75 0.25 0.75 0.38 0.13 5.10
1190.00 2.13 1.25 0.25 0.13 0.25 5.35
1200.00 1.00 0.88 0.63 0.38 0.75 5.05
1210.00 1.00 0.50 0.75 0.50 0.63 5.15
1220.00 0.38 0.25 0.38 0.25 0.75 4.95
1230.00 0.75 1.13 1.50 0.25 0.13 5.35
1240.00 0.75 0.75 0.63 0.25 0.38 4.90
1250.00 0.75 0.75 0.13 0.38 0.50 5.10
1260.00 0.13 0.88 1.13 0.50 0.63 5.10
1270.00 0.25 0.63 0.63 0.38 1.38 4.85
1280.00 0.88 0.75 0.75 0.75 0.25 5.25
1290.00 1.00 0.63 1.13 0.25 0.50 5.10
1300.00 0.75 0.63 0.50 0.13 0.50 4.90
1310.00 0.38 0.63 0.25 0.50 0.50 5.20
1320.00 0.75 0.75 0.88 0.38 0.75 5.20
1330.00 0.63 0.38 0.75 0.63 0.50 5.10
1340.00 0.25 0.88 0.63 0.75 0.50 5.10
1350.00 1.25 0.63 0.25 0.25 0.38 5.10
1360.00 0.88 0.50 0.75 1.00 0.25 5.15
1370.00 0.50 0.38 0.50 1.13 0.75 5.05
1380.00 1.13 0.38 0.88 1.00 0.38 5.10
1390.00 0.63 0.63 0.75 0.25 0.38 5.05
1400.00 0.25 0.75 0.63 1.25 0.25 5.25
1410.00 0.75 0.38 0.50 0.88 0.13 5.00
1420.00 1.00 0.25 0.63 0.63 0.50 5.05
1430.00 1.25 0.25 0.50 0.50 0.50 4.95
1440.00 1.38 1.13 0.25 0.25 0.88 5.40
1450.00 1.38 0.63 0.25 0.50 0.75 5.15
1460.00 0.75 1.00 0.75 1.00 0.75 5.20
1470.00 0.50 1.25 0.75 0.38 0.75 5.25
1480.00 0.75 1.38 0.50 0.75 0.38 4.85
1490.00 1.13 0.75 0.13 0.75 0.25 5.25
1500.00 0.50 0.13 0.63 0.38 0.75 5.10
1510.00 1.88 0.38 0.50 0.25 0.13 4.90
1520.00 1.38 0.38 1.00 0.25 1.00 5.40
1530.00 1.00 0.38 1.13 0.50 0.50 5.35
1540.00 1.00 1.00 0.75 0.25 0.50 5.10
1550.00 1.13 0.38 0.25 0.63 0.25 5.10
1560.00 1.00 0.50 0.63 0.50 0.38 5.05
1570.00 0.50 1.00 1.00 0.88 0.25 5.05
1580.00 1.00 0.13 1.00 0.75 0.25 5.00
1590.00 0.88 0.63 0.25 0.50 0.50 5.30
1600.00 0.75 0.38 0.25 1.38 0.13 5.20
1610.00 0.75 0.75 1.00 0.75 0.50 4.95
1620.00 0.88 0.13 1.00 0.25 0.50 5.05
1630.00 0.50 0.63 0.75 0.50 0.63 4.95
1640.00 1.00 0.00 0.38 0.38 0.88 4.95
1650.00 0.63 0.88 0.63 0.13 0.13 5.40
1660.00 0.88 0.25 0.63 0.25 0.50 5.10
1670.00 0.50 0.25 0.88 1.13 0.38 4.90
1680.00 0.25 0.25 0.38 0.63 1.13 5.05
1690.00 0.38 0.50 0.50 0.75 0.63 5.25
1700.00 0.50 0.25 0.50 0.88 1.13 5.10
1710.00 0.63 0.38 0.75 0.75 1.13 5.05
1720.00 0.50 0.50 0.25 0.50 0.88 5.10
1730.00 0.50 0.25 0.50 0.25 0.75 5.00
1740.00 1.25 0.88 0.50 0.50 0.88 5.00
1750.00 0.88 1.00 0.63 0.50 0.38 5.05
1760.00 1.13 0.88 0.25 0.38 0.50 5.35
1770.00 1.25 1.00 0.75 0.25 0.88 5.15
1780.00 1.00 0.38 0.50 0.38 0.38 5.15
1790.00 0.88 0.25 0.13 0.63 0.50 5.10
1800.00 0.75 0.88 0.25 0.38 0.75 4.95
1810.00 1.88 0.75 0.25 0.63 0.13 5.40
1820.00 2.38 1.00 0.25 1.00 0.38 5.10
1830.00 2.38 0.38 0.25 0.75 0.38 5.25
1840.00 1.63 0.13 0.38 0.13 0.38 4.90
1850.00 1.13 0.50 0.50 0.88 1.13 5.25
1860.00 1.75 1.00 0.50 0.13 0.75 5.35
1870.00 1.25 0.63 0.50 0.25 1.13 5.15
1880.00 0.88 0.00 0.13 0.63 0.88 5.00
1890.00 0.38 0.75 0.38 0.50 1.13 5.10
1900.00 0.50 0.88 0.50 0.25 0.50 5.05
1910.00 1.38 0.63 0.50 0.50 0.63 5.20
1920.00 1.25 0.88 0.50 0.50 0.63 5.25
1930.00 0.75 0.63 0.50 0.38 0.63 5.00
1940.00 1.13 0.75 0.50 0.13 0.50 5.05
1950.00 1.25 0.25 0.75 0.38 0.38 5.25
1960.00 1.88 0.25 0.38 1.00 0.50 4.95
1970.00 3.25 0.75 0.13 0.50 0.13 5.60
1980.00 2.50 0.13 0.13 0.75 0.25 5.15
1990.00 2.13 0.50 0.63 0.25 0.13 5.05
2000.00 3.38 0.25 0.13 0.25 0.50 5.35
2010.00 5.13 0.25 0.13 0.25 0.38 5.70
2020.00 9.13 0.13 0.00 0.00 0.13 6.15
2030.00 31.75 0.00 0.00 0.00 0.00 11.75
2040.00 16.38 0.00 0.00 0.00 0.00 7.60
2050.00 7.75 0.00 0.00 0.00 0.00 5.95
2060.00 7.00 0.00 0.00 0.00 0.00 5.40
2070.00 8.63 0.00 0.00 0.00 0.00 6.10
2080.00 3.50 0.00 0.13 0.00 0.00 4.85
2090.00 6.38 0.13 0.00 0.00 0.13 5.80
2100.00 6.00 0.25 0.25 0.13 0.13 5.50
2110.00 4.25 0.00 0.13 0.13 0.25 5.00
2120.00 4.50 0.38 0.38 0.00 0.38 5.30
2130.00 4.38 0.38 0.00 0.25 0.13 5.35
2140.00 2.75 0.38 0.13 0.13 0.50 4.90
2150.00 3.13 0.38 0.63 0.38 0.25 5.30
2160.00 1.00 0.13 1.00 0.38 0.88 5.40
2170.00 1.38 0.25 0.50 0.13 0.13 5.00
2180.00 1.13 0.38 0.25 0.13 0.38 4.95
2190.00 2.00 0.38 1.00 0.50 0.63 5.35
2200.00 1.63 0.63 0.50 0.63 0.50 5.05
2210.00 1.75 0.25 0.38 0.38 0.13 5.00
2220.00 1.13 0.63 0.50 0.75 0.63 5.15
2230.00 0.75 0.75 0.13 0.38 1.25 5.25
2240.00 0.38 0.38 0.50 0.38 0.88 5.05
2250.00 0.50 0.50 0.75 0.75 0.63 4.90
2260.00 0.75 0.38 0.50 0.50 0.63 4.95
2270.00 0.50 0.25 0.50 0.63 0.38 4.95
2280.00 1.13 0.25 0.75 0.50 0.38 5.30
2290.00 1.75 1.13 0.50 0.25 0.25 5.35
2300.00 2.75 0.25 0.63 0.25 1.00 5.35
2310.00 1.88 0.50 0.63 0.25 0.38 4.90
2320.00 0.88 0.25 0.25 1.13 0.50 5.05
2330.00 1.25 0.50 0.50 0.63 0.25 5.05
2340.00 0.88 0.63 0.25 1.00 0.13 5.35
2350.00 1.25 0.38 0.38 0.50 0.50 5.00
2360.00 0.88 0.50 0.25 0.63 0.75 5.35
2370.00 0.63 0.13 0.38 0.38 1.00 4.85
2380.00 0.13 0.13 1.00 1.00 0.75 5.15
2390.00 1.00 0.13 1.25 1.00 0.25 5.25
2400.00 1.63 0.50 0.75 0.25 0.88 4.90
2410.00 1.63 0.13 0.63 0.88 0.38 5.25
2420.00 1.50 0.63 0.38 0.50 0.63 5.15
2430.00 2.13 0.00 0.25 0.63 0.38 5.00
2440.00 1.75 0.50 0.25 0.63 0.75 5.20
2450.00 1.13 1.13 0.25 0.38 0.88 5.05
2460.00 2.75 0.38 0.25 0.50 0.13 5.20
2470.00 1.75 0.50 0.25 0.38 1.00 5.25
2480.00 1.00 0.63 0.38 0.25 1.00 4.95
2490.00 0.50 0.38 0.63 0.50 0.50 5.00
2500.00 0.50 0.25 0.50 0.50 0.50 5.05
2510.00 0.25 0.25 0.75 0.88 0.38 5.20
2520.00 0.50 0.50 0.50 0.75 0.50 5.20
2530.00 1.25 1.13 0.63 0.25 0.38 5.05
2540.00 1.00 0.50 0.13 0.00 0.75 5.20
2550.00 0.63 0.88 0.63 0.25 1.13 5.05
2560.00 0.63 0.13 0.50 0.38 1.50 5.15
2570.00 0.50 0.50 1.63 0.50 0.13 4.95
2580.00 0.50 0.63 1.38 0.88 0.38 5.45
2590.00 0.88 0.25 0.25 0.75 0.75 4.75
2600.00 0.38 0.50 0.25 0.38 0.63 5.30
2610.00 0.75 0.25 0.38 0.38 0.50 5.05
2620.00 0.38 0.88 0.50 0.25 0.75 5.20
2630.00 0.38 0.13 1.75 0.25 0.50 5.15
2640.00 0.25 0.38 0.63 0.50 0.50 5.25
2650.00 0.88 0.50 0.50 0.75 0.38 5.05
2660.00 1.25 0.25 0.38 0.50 0.50 5.15
2670.00 0.50 0.88 0.13 0.63 0.63 4.90
2680.00 1.13 0.13 1.00 0.25 0.25 5.10
2690.00 0.50 0.63 1.25 0.25 0.50 5.00
2700.00 1.25 0.13 0.63 0.38 0.88 5.35
2710.00 1.25 0.38 0.75 0.38 1.13 5.05
2720.00 1.25 0.75 0.50 0.38 0.88 5.20
2730.00 1.13 0.50 0.38 0.25 0.25 4.80
2740.00 0.13 0.63 0.63 0.63 0.13 5.00
2750.00 1.00 0.50 0.88 0.00 0.75 5.25
2760.00 0.88 0.25 1.00 0.63 0.50 5.15
2770.00 0.50 0.38 0.25 0.88 0.88 5.05
2780.00 0.50 1.50 0.25 0.25 0.25 5.10
2790.00 0.88 0.50 1.00 0.63 0.75 4.95
2800.00 0.13 0.38 1.13 0.38 0.88 5.05
2810.00 0.88 0.63 0.38 0.50 0.50 5.30
2820.00 0.88 0.50 0.25 0.38 0.25 5.00
2830.00 0.50 0.25 0.88 0.75 0.38 4.90
2840.00 0.38 0.75 1.63 1.00 0.75 5.10
2850.00 0.13 0.63 0.75 0.50 0.50 5.10
2860.00 0.50 1.00 0.25 0.38 0.25 4.95
2870.00 0.50 0.63 0.50 0.50 0.63 5.10
2880.00 0.88 0.75 1.00 0.50 0.25 5.15
2890.00 1.00 0.75 0.38 0.63 0.38 5.15
2900.00 1.25 0.25 1.00 0.50 0.25 5.05
2910.00 0.38 0.38 0.75 0.38 0.63 4.95
2920.00 0.63 0.50 0.88 0.38 0.50 5.25
2930.00 1.00 1.50 0.25 0.38 0.25 5.10
2940.00 0.50 0.63 0.63 0.63 0.50 5.10
2950.00 1.00 0.38 0.50 0.38 0.75 4.95
2960.00 0.63 0.63 0.25 0.88 0.63 5.35
2970.00 0.88 0.25 0.50 0.75 0.75 5.20
2980.00 0.38 0.88 0.25 0.25 1.00 4.75
2990.00 0.50 0.75 0.63 0.25 0.75 5.30
3000.00 0.13 0.25 0.63 0.25 0.63 4.80
3010.00 1.13 0.25 0.50 0.63 1.00 5.10
3020.00 0.63 0.13 0.88 0.88 0.63 5.05
3030.00 0.50 0.50 0.88 0.50 0.38 5.20
3040.00 0.13 0.13 1.00 0.75 0.25 5.05
3050.00 0.13 0.63 0.88 0.38 0.50 5.00
3060.00 0.75 1.13 0.38 0.38 0.75 5.30
3070.00 0.88 0.38 0.13 0.00 0.25 5.00
3080.00 0.25 0.38 0.63 0.38 1.00 4.95
3090.00 0.25 1.38 0.38 0.63 0.88 5.25
3100.00 0.50 0.50 0.50 0.63 1.00 4.90
3110.00 0.63 1.13 1.00 0.25 0.50 5.10
3120.00 0.38 1.38 0.38 0.63 1.00 5.25
3130.00 0.25 0.75 0.25 1.25 0.38 5.00
3140.00 0.50 0.75 0.25 0.25 0.50 5.15
3150.00 0.63 0.88 0.63 0.50 0.38 5.10
3160.00 0.25 0.38 0.38 0.38 0.75 4.80
3170.00 0.25 0.63 0.38 0.75 1.50 5.30
3180.00 1.00 0.63 0.13 1.13 0.75 4.95
3190.00 0.63 0.75 0.50 0.50 1.25 5.15
3200.00 0.38 0.38 0.13 1.00 0.38 5.20
3210.00 0.75 0.13 0.13 0.50 1.00 4.70
3220.00 0.75 0.13 0.63 1.13 0.75 5.15
3230.00 0.50 0.50 0.75 0.75 1.50 5.50
3240.00 0.63 0.25 0.50 0.50 0.50 4.95
3250.00 0.63 0.75 0.50 0.63 0.38 4.90
3260.00 1.38 0.75 0.63 0.38 0.25 5.35
3270.00 1.25 0.63 0.38 0.50 0.50 5.30
3280.00 0.75 0.13 0.13 0.25 0.50 4.65
3290.00 1.50 0.63 0.88 0.63 0.50 5.55
3300.00 0.63 0.13 0.50 0.50 0.75 4.65
3310.00 0.63 0.38 0.00 0.50 0.63 5.40
3320.00 0.50 0.13 0.63 0.25 0.63 4.70
3330.00 0.63 0.38 0.63 0.75 0.63 5.45
3340.00 0.88 0.63 0.50 0.75 0.13 5.05
3350.00 0.38 0.50 0.13 1.25 0.63 4.95
3360.00 0.75 0.25 1.00 0.75 0.63 5.20
3370.00 0.88 0.38 0.63 0.63 0.75 5.20
3380.00 1.25 0.63 0.75 0.63 0.25 5.05
3390.00 1.38 0.63 0.50 0.25 0.50 4.95
3400.00 1.88 0.50 0.63 0.50 0.38 5.40
3410.00 1.38 0.50 0.50 0.25 0.25 4.85
3420.00 0.75 0.50 0.63 0.50 0.75 5.15
3430.00 1.00 0.50 1.00 0.50 0.63 5.30
3440.00 0.50 0.50 0.88 1.00 0.50 4.80
3450.00 1.25 0.50 0.25 0.38 0.88 5.35
3460.00 0.75 0.50 0.25 0.63 0.63 4.90
3470.00 0.75 1.00 0.13 0.00 0.38 5.20
3480.00 1.00 0.88 0.50 1.25 0.25 5.35
3490.00 1.25 0.63 1.00 0.88 0.50 4.90
3500.00 0.63 0.50 0.63 0.38 0.38 5.15
3510.00 0.63 0.25 0.50 0.25 0.50 5.00
3520.00 1.00 0.38 0.63 1.00 0.50 5.00
3530.00 0.50 0.38 0.75 0.25 0.63 5.25
3540.00 1.13 0.13 0.25 0.88 0.75 5.10
3550.00 0.50 0.25 0.75 0.50 0.50 5.05
3560.00 0.38 0.25 0.75 0.75 0.38 4.95
3570.00 0.75 0.38 0.75 0.88 0.25 5.45
3580.00 0.50 0.25 1.00 0.38 0.88 4.95
3590.00 1.25 0.63 1.50 0.38 0.88 5.20
3600.00 0.63 0.13 0.88 0.75 0.38 5.10
3610.00 0.50 0.25 0.63 0.63 0.63 5.05
3620.00 0.50 0.38 0.50 0.75 0.50 4.95
3630.00 0.88 0.13 0.63 0.88 0.38 5.20
3640.00 0.63 0.63 0.63 0.88 0.38 5.00
3650.00 1.25 1.00 0.38 1.00 0.25 5.30
3660.00 0.38 0.13 0.63 0.25 0.50 5.05
3670.00 0.88 0.38 0.38 0.50 0.88 5.00
3680.00 0.38 0.38 0.50 0.13 1.50 4.70
3690.00 0.38 0.63 0.88 1.13 0.88 5.50
3700.00 0.25 0.25 1.25 1.00 0.50 4.95
3710.00 0.13 0.25 0.13 1.25 1.25 5.25
3720.00 0.25 0.63 0.13 0.88 0.63 5.10
3730.00 0.63 0.50 0.25 0.63 0.50 5.00
3740.00 0.50 0.13 0.25 1.63 1.63 5.15
3750.00 0.50 0.75 0.13 0.75 1.25 5.20
3760.00 0.38 0.50 0.50 0.88 0.50 5.05
3770.00 0.50 0.50 0.63 1.38 0.50 5.30
3780.00 0.88 0.38 0.50 0.38 0.38 4.90
3790.00 0.38 0.50 0.63 0.25 0.38 5.25
3800.00 0.63 0.50 0.38 0.75 0.88 4.95
3810.00 0.38 0.50 0.13 0.38 0.63 4.75
3820.00 0.50 1.13 0.13 0.38 0.88 5.45
3830.00 0.63 0.50 0.75 0.25 0.50 4.75
3840.00 1.25 0.25 0.38 0.25 0.13 5.10
3850.00 0.25 0.88 1.50 0.63 0.88 5.15
3860.00 0.63 0.75 1.00 0.50 0.50 5.20
3870.00 0.25 0.63 1.50 0.25 0.63 4.90
3880.00 0.00 0.25 0.75 0.63 1.00 5.10
3890.00 0.75 0.88 0.25 1.25 0.13 5.10
3900.00 1.25 0.38 1.00 0.50 1.00 5.20
3910.00 0.63 0.75 0.25 0.75 1.00 5.00
3920.00 0.25 0.63 0.63 0.38 0.25 5.00
3930.00 0.88 0.25 0.13 0.38 0.38 5.00
3940.00 0.50 0.63 1.00 0.38 0.75 5.20
3950.00 0.50 0.88 0.50 0.75 1.13 5.20
3960.00 0.88 0.75 0.25 0.25 0.88 5.00
3970.00 0.63 0.50 0.88 0.38 1.13 5.15
3980.00 0.38 0.63 0.88 0.75 0.63 5.10
3990.00 0.13 0.50 0.25 1.25 0.63 5.10
4000.00 0.63 0.88 0.50 0.38 0.63 5.15
4010.00 0.75 1.50 0.75 0.63 0.38 4.85
4020.00 1.25 0.38 0.88 0.63 0.38 5.35
4030.00 1.00 0.50 0.75 0.38 0.75 5.10
4040.00 0.38 0.63 0.38 1.25 0.13 5.10
4050.00 0.63 0.63 0.50 0.50 0.25 4.90
4060.00 0.38 1.13 0.63 0.63 0.00 5.10
4070.00 1.00 0.88 0.50 0.38 0.75 5.20
4080.00 1.13 1.00 0.38 0.38 0.38 5.05
4090.00 0.75 0.63 0.50 0.50 0.50 5.15
