10.00 0.38 0.75 0.38 0.63 1.00 5.30
20.00 0.38 0.50 0.63 1.13 0.50 5.20
30.00 0.13 0.75 0.63 0.50 0.13 4.95
40.00 0.75 0.25 0.75 0.38 0.63 5.25
50.00 0.25 0.25 0.75 0.38 0.50 5.10
60.00 0.75 1.00 0.38 0.13 0.75 4.95
70.00 1.00 1.13 0.50 0.63 0.50 5.40
80.00 0.38 0.50 0.38 0.88 0.75 5.10
90.00 0.50 1.00 0.63 1.13 0.25 5.40
100.00 0.50 0.63 0.88 0.50 1.00 5.05
110.00 0.38 0.25 0.38 0.50 0.25 4.95
120.00 0.75 1.00 1.00 0.75 1.13 5.20
130.00 0.25 0.63 0.38 0.50 0.50 4.95
140.00 0.63 0.13 0.25 0.63 0.88 5.15
150.00 0.63 0.38 1.00 0.63 0.63 5.40
160.00 0.63 0.38 0.50 0.63 0.88 4.95
170.00 0.50 0.13 0.75 0.00 0.88 5.20
180.00 0.50 0.38 0.75 0.63 0.38 5.00
190.00 0.63 0.50 0.75 0.63 0.25 4.90
200.00 0.38 0.38 0.38 0.63 1.00 5.40
210.00 0.25 0.38 0.88 0.38 0.63 5.10
220.00 0.38 0.38 0.75 0.38 0.75 4.95
230.00 0.38 0.25 0.88 0.38 1.25 5.45
240.00 1.63 0.50 0.38 0.25 0.25 5.05
250.00 0.63 0.13 0.13 0.75 0.38 5.35
260.00 0.75 0.13 0.88 0.75 0.50 4.90
270.00 1.75 0.13 0.75 0.75 0.00 5.25
280.00 0.88 0.38 0.13 0.50 0.63 4.95
290.00 1.13 0.25 0.38 0.38 0.63 5.10
300.00 0.75 0.88 0.38 0.25 0.25 5.10
310.00 1.25 0.75 0.25 1.00 0.50 5.55
320.00 1.38 0.13 1.13 0.13 0.50 4.95
330.00 1.38 0.75 0.38 0.25 0.38 5.15
340.00 0.88 1.00 0.25 0.25 0.75 5.20
350.00 1.38 0.50 0.63 0.13 0.38 5.10
360.00 1.13 0.50 0.25 0.13 0.88 4.85
370.00 0.88 0.38 0.75 0.75 0.75 5.60
380.00 1.25 0.25 0.63 0.13 0.38 4.80
390.00 2.13 0.50 0.38 0.88 0.00 5.45
400.00 1.13 0.50 0.50 0.25 0.50 4.90
410.00 1.50 0.88 0.13 0.75 0.38 5.30
420.00 1.25 0.75 0.25 0.25 0.25 5.10
430.00 1.25 0.75 0.38 0.25 0.38 5.40
440.00 0.63 1.38 0.25 0.13 0.50 5.00
450.00 0.75 0.63 1.00 0.13 0.88 5.25
460.00 0.63 1.00 0.75 0.13 1.13 5.05
470.00 0.63 0.50 0.75 0.38 0.88 5.05
480.00 0.88 0.63 0.63 0.50 0.38 5.30
490.00 0.25 0.38 0.88 1.00 0.13 4.85
500.00 0.75 0.63 1.00 0.50 0.50 5.30
510.00 0.88 0.50 0.50 0.50 0.63 4.95
520.00 0.88 0.88 0.63 0.25 0.63 5.25
530.00 0.25 0.50 0.25 0.38 1.00 4.95
540.00 0.25 0.38 1.13 0.38 1.00 5.20
550.00 1.38 0.25 0.13 0.88 0.50 5.20
560.00 0.50 0.25 0.50 0.13 1.13 5.05
570.00 1.13 0.50 0.25 0.50 0.75 5.00
580.00 0.38 0.50 0.75 0.00 0.75 5.35
590.00 0.88 0.25 1.00 0.13 0.88 5.20
600.00 0.25 1.00 0.63 0.38 0.63 4.95
610.00 0.88 0.63 0.63 0.75 0.63 5.10
620.00 0.38 1.00 1.25 0.25 0.63 5.05
630.00 0.00 1.00 1.00 0.63 0.38 5.15
640.00 1.00 0.63 1.38 0.13 0.38 5.15
650.00 0.50 0.25 0.50 0.63 0.63 5.20
660.00 0.50 0.75 0.50 0.50 0.88 5.10
670.00 0.50 0.63 0.75 0.50 0.13 5.10
680.00 0.38 1.00 0.13 0.75 0.50 5.00
690.00 0.38 0.50 0.25 0.50 0.75 5.30
700.00 0.88 1.25 0.75 0.38 0.63 5.15
710.00 0.63 1.25 0.50 0.50 0.00 5.10
720.00 0.50 1.00 0.50 0.75 0.50 5.05
730.00 0.50 0.75 0.63 0.63 0.25 5.30
740.00 0.63 0.50 1.50 0.25 0.75 5.25
750.00 0.25 1.38 0.63 0.50 0.38 5.05
760.00 0.63 0.75 0.63 0.63 0.13 5.25
770.00 0.63 0.88 0.50 0.38 0.63 4.90
780.00 0.38 1.00 0.63 0.38 0.50 5.35
790.00 0.13 0.75 0.38 1.13 0.38 5.05
800.00 0.25 1.13 1.25 0.13 1.13 5.25
810.00 0.50 0.00 0.63 0.63 1.25 5.15
820.00 0.25 0.38 1.00 0.63 0.88 5.15
830.00 0.63 0.88 0.75 0.25 0.38 5.00
840.00 0.50 0.38 0.50 0.88 0.88 5.20
850.00 0.38 0.50 0.63 0.25 0.50 5.00
860.00 0.38 0.63 0.13 0.50 0.75 5.30
870.00 1.00 0.63 0.38 0.25 0.25 5.05
880.00 1.00 0.50 0.50 0.25 0.63 5.00
890.00 1.00 1.13 0.25 0.63 0.25 5.15
900.00 0.88 0.63 0.38 0.38 1.63 5.50
910.00 0.25 1.38 0.50 0.50 0.63 5.10
920.00 0.63 0.75 1.13 0.13 0.88 5.15
930.00 0.13 0.63 0.00 0.63 1.38 5.00
940.00 0.63 1.00 0.63 0.25 0.63 5.10
950.00 0.50 0.75 0.13 0.63 1.38 5.00
960.00 0.38 0.50 0.13 0.25 1.50 5.15
970.00 0.50 1.00 0.75 0.38 1.25 5.20
980.00 0.50 1.00 0.38 0.50 0.25 5.05
990.00 0.88 1.00 0.75 0.75 0.50 5.30
1000.00 0.75 0.63 0.38 0.13 0.88 5.30
1010.00 15.00 0.13 0.13 0.13 1.00 7.85
1020.00 29.88 0.00 0.00 0.00 0.00 11.65
1030.00 36.13 0.00 0.00 0.00 0.00 12.80
1040.00 21.00 0.00 0.00 0.00 0.00 9.25
1050.00 5.25 0.00 0.00 0.00 0.00 5.15
1060.00 5.13 0.00 0.00 0.00 0.00 5.50
1070.00 4.00 0.00 0.00 0.00 0.13 4.65
1080.00 4.75 0.13 0.00 0.38 0.13 5.55
1090.00 3.00 0.38 0.00 0.13 0.13 4.90
1100.00 2.63 0.25 0.13 0.50 0.25 5.15
1110.00 2.00 0.63 0.00 0.50 0.25 5.30
1120.00 1.13 0.38 0.25 0.25 0.38 4.95
1130.00 1.50 0.38 0.38 1.13 0.63 5.30
1140.00 1.50 0.88 0.25 0.38 0.63 5.05
1150.00 1.25 0.75 0.38 0.38 1.13 5.35
1160.00 0.75 0.38 0.50 0.38 0.88 4.85
1170.00 0.75 1.00 0.63 0.25 0.25 5.15
1180.00 0.75 0.88 1.13 0.38 0.25 5.35
1190.00 1.00 0.25 0.63 0.25 0.63 5.20
1200.00 0.88 0.38 0.63 0.25 0.75 4.90
1210.00 0.13 0.88 0.50 0.75 0.50 5.25
1220.00 0.00 0.75 0.38 0.63 0.25 4.90
1230.00 0.75 0.50 0.75 0.75 0.75 5.40
1240.00 0.88 0.38 0.50 0.13 0.25 4.95
1250.00 0.63 0.75 0.63 0.25 0.88 5.15
1260.00 1.25 0.63 0.25 0.63 0.63 5.15
1270.00 0.63 0.75 0.50 0.88 0.38 5.45
1280.00 0.88 0.38 0.50 0.75 1.00 5.10
1290.00 0.50 0.38 0.75 1.00 0.38 5.15
1300.00 1.00 0.75 0.75 0.25 0.38 5.05
1310.00 0.63 1.50 0.50 0.75 0.38 5.25
1320.00 0.38 1.25 0.50 0.63 0.38 5.10
1330.00 1.00 0.38 0.50 0.25 0.75 4.95
1340.00 0.75 0.63 0.38 0.88 0.38 5.25
1350.00 0.88 0.88 0.50 0.63 0.13 5.15
1360.00 1.00 0.63 0.75 0.25 0.75 5.25
1370.00 1.00 1.00 0.13 0.25 0.63 5.20
1380.00 1.00 1.13 0.88 0.88 0.63 5.05
1390.00 0.88 0.50 0.13 0.88 0.50 5.20
1400.00 0.75 0.63 0.63 0.63 0.25 5.20
1410.00 0.50 1.25 0.13 0.13 1.13 5.20
1420.00 1.00 0.75 1.25 1.13 0.25 5.20
1430.00 0.38 0.88 0.38 1.00 0.00 5.05
1440.00 1.50 0.75 0.25 0.50 0.25 4.95
1450.00 1.00 0.50 0.50 0.38 0.38 4.85
1460.00 1.75 0.50 0.88 0.50 0.13 5.20
1470.00 1.50 0.25 0.50 0.75 1.00 5.70
1480.00 0.25 0.50 1.00 0.50 0.25 4.90
1490.00 0.88 0.63 0.63 1.00 0.25 5.25
1500.00 1.63 0.63 0.38 0.38 0.50 5.20
1510.00 1.38 0.50 0.63 0.38 0.50 5.00
1520.00 1.13 0.63 0.38 0.38 1.25 5.15
1530.00 0.75 0.63 0.63 0.63 0.75 5.20
1540.00 1.50 0.88 0.75 0.00 1.00 5.20
1550.00 2.75 0.25 1.50 1.25 0.50 5.70
1560.00 0.75 0.75 0.38 0.25 0.50 5.10
1570.00 1.13 0.50 0.75 0.38 1.13 5.25
1580.00 1.38 0.75 0.13 0.25 0.25 5.20
1590.00 1.50 0.63 0.38 0.38 0.13 5.30
1600.00 0.50 0.13 0.63 0.13 0.88 4.85
1610.00 0.38 1.13 0.38 0.50 1.13 5.10
1620.00 0.75 0.50 0.38 0.50 0.38 5.10
1630.00 1.13 1.00 0.63 0.38 0.63 5.00
1640.00 0.88 0.38 0.25 0.63 1.88 5.40
1650.00 0.13 0.63 0.25 0.13 1.25 5.00
1660.00 0.88 0.63 0.50 0.38 1.38 5.25
1670.00 0.88 0.75 0.75 0.00 0.63 5.30
1680.00 0.50 0.88 0.38 0.38 1.50 5.20
1690.00 0.38 0.25 0.25 0.38 0.75 4.85
1700.00 0.63 0.00 0.88 0.38 0.63 4.85
1710.00 1.13 0.38 0.50 0.50 0.50 4.95
1720.00 1.75 0.38 1.00 0.50 0.75 5.80
1730.00 1.13 0.88 0.13 0.50 0.25 4.90
1740.00 1.13 1.00 0.63 0.50 0.25 5.20
1750.00 0.50 0.25 0.50 0.88 0.63 5.10
1760.00 0.13 0.63 0.63 0.13 0.88 5.30
1770.00 1.38 0.63 0.50 0.50 0.50 4.95
1780.00 1.75 0.63 0.63 0.63 0.13 5.25
1790.00 1.25 0.50 1.00 0.50 0.25 5.10
1800.00 1.25 0.25 0.75 0.00 0.38 5.30
1810.00 2.13 0.63 0.38 0.13 0.50 5.15
1820.00 1.75 0.00 0.25 0.63 0.88 5.15
1830.00 6.63 0.50 0.88 0.25 0.38 6.20
1840.00 4.25 0.13 0.38 0.00 0.25 5.30
1850.00 13.25 0.00 0.00 0.13 0.25 7.35
1860.00 24.75 0.00 0.00 0.00 0.00 9.90
1870.00 15.38 0.00 0.00 0.00 0.00 8.30
1880.00 15.38 0.00 0.00 0.00 0.00 7.80
1890.00 10.25 0.00 0.00 0.00 0.00 6.45
1900.00 13.63 0.00 0.00 0.00 0.00 7.15
1910.00 7.75 0.00 0.00 0.00 0.00 6.25
1920.00 9.13 0.00 0.00 0.00 0.00 6.05
1930.00 8.13 0.00 0.00 0.00 0.00 5.90
1940.00 9.75 0.00 0.00 0.00 0.00 6.75
1950.00 7.75 0.00 0.00 0.00 0.00 5.65
1960.00 6.75 0.00 0.00 0.00 0.00 5.65
1970.00 6.88 0.38 0.00 0.00 0.00 5.80
1980.00 9.00 0.00 0.00 0.00 0.00 6.30
1990.00 4.75 0.00 0.00 0.13 0.00 5.20
2000.00 6.50 0.38 0.13 0.00 0.00 5.55
2010.00 8.38 0.13 0.00 0.00 0.00 6.10
2020.00 5.38 0.13 0.13 0.00 0.00 5.50
2030.00 9.50 0.00 0.13 0.00 0.00 6.35
2040.00 7.50 0.00 0.00 0.13 0.00 5.95
2050.00 7.75 0.13 0.00 0.00 0.00 6.35
2060.00 6.63 0.13 0.00 0.00 0.13 5.30
2070.00 12.13 0.00 0.00 0.00 0.00 6.95
2080.00 10.63 0.00 0.00 0.00 0.00 6.85
2090.00 9.13 0.00 0.00 0.00 0.00 6.30
2100.00 6.50 0.00 0.00 0.00 0.00 5.40
2110.00 9.25 0.00 0.00 0.00 0.00 6.45
2120.00 7.50 0.00 0.13 0.00 0.13 5.80
2130.00 6.00 0.00 0.00 0.00 0.00 5.70
2140.00 5.00 0.00 0.00 0.13 0.00 5.15
2150.00 6.38 0.13 0.13 0.00 0.13 5.90
2160.00 5.00 0.13 0.13 0.25 0.13 5.30
2170.00 7.25 0.00 0.00 0.13 0.00 6.10
2180.00 7.38 0.13 0.00 0.00 0.00 5.85
2190.00 6.75 0.00 0.00 0.00 0.13 5.35
2200.00 9.88 0.13 0.00 0.00 0.13 6.55
2210.00 13.13 0.00 0.00 0.00 0.00 7.45
2220.00 3.75 0.00 0.00 0.00 0.00 4.80
2230.00 12.13 0.00 0.00 0.00 0.13 7.15
2240.00 5.13 0.00 0.00 0.00 0.00 5.10
2250.00 12.00 0.00 0.00 0.00 0.00 7.20
2260.00 8.25 0.00 0.00 0.00 0.00 6.05
2270.00 8.25 0.13 0.00 0.00 0.00 6.05
2280.00 10.50 0.00 0.13 0.00 0.00 6.40
2290.00 13.13 0.00 0.00 0.00 0.00 7.65
2300.00 7.00 0.00 0.00 0.00 0.00 5.50
2310.00 5.25 0.00 0.00 0.00 0.00 5.25
2320.00 11.50 0.13 0.00 0.00 0.00 6.90
2330.00 10.38 0.00 0.13 0.00 0.00 6.70
2340.00 8.25 0.00 0.00 0.00 0.00 6.15
2350.00 7.75 0.00 0.00 0.00 0.00 5.90
2360.00 6.25 0.00 0.00 0.13 0.00 5.40
2370.00 7.50 0.13 0.00 0.00 0.00 5.85
2380.00 10.88 0.00 0.00 0.13 0.00 6.80
2390.00 13.13 0.00 0.00 0.00 0.00 7.45
2400.00 9.13 0.00 0.00 0.00 0.00 6.25
2410.00 6.50 0.00 0.00 0.00 0.13 5.60
2420.00 7.88 0.13 0.13 0.00 0.00 5.70
2430.00 4.38 0.00 0.13 0.13 0.00 5.30
2440.00 7.13 0.00 0.00 0.00 0.13 5.70
2450.00 5.00 0.00 0.13 0.13 0.13 5.65
2460.00 3.38 0.38 0.13 0.13 0.25 4.95
2470.00 8.38 0.25 0.00 0.00 0.00 6.15
2480.00 10.00 0.00 0.00 0.00 0.00 6.80
2490.00 8.88 0.00 0.00 0.00 0.00 6.15
2500.00 8.75 0.00 0.00 0.00 0.00 6.25
2510.00 20.00 0.00 0.00 0.00 0.00 8.85
2520.00 6.38 0.00 0.00 0.00 0.00 5.80
2530.00 11.13 0.00 0.00 0.00 0.00 6.35
2540.00 13.50 0.00 0.00 0.00 0.00 7.60
2550.00 8.25 0.00 0.00 0.00 0.00 5.85
2560.00 10.00 0.00 0.00 0.00 0.00 6.45
2570.00 7.75 0.00 0.00 0.00 0.00 5.95
2580.00 6.13 0.00 0.00 0.00 0.00 5.45
2590.00 6.63 0.00 0.00 0.00 0.00 5.75
2600.00 4.50 0.13 0.00 0.13 0.25 5.45
2610.00 5.25 0.13 0.00 0.13 0.25 5.20
2620.00 5.75 0.13 0.25 0.50 0.13 5.80
2630.00 5.63 0.13 0.00 0.13 0.25 5.70
2640.00 6.38 0.13 0.13 0.13 0.00 5.60
2650.00 8.63 0.00 0.00 0.13 0.13 6.40
2660.00 17.38 0.00 0.00 0.00 0.00 8.20
2670.00 14.25 0.00 0.00 0.00 0.00 7.45
2680.00 6.38 0.00 0.00 0.00 0.00 5.90
2690.00 7.75 0.00 0.00 0.00 0.00 5.85
2700.00 7.13 0.00 0.00 0.00 0.00 5.65
2710.00 5.75 0.00 0.00 0.00 0.13 5.20
2720.00 11.25 0.00 0.00 0.00 0.13 7.05
2730.00 7.63 0.00 0.00 0.00 0.00 5.70
2740.00 10.25 0.00 0.00 0.00 0.00 6.70
2750.00 11.25 0.00 0.00 0.00 0.00 6.90
2760.00 8.38 0.00 0.00 0.00 0.00 6.15
2770.00 8.25 0.00 0.00 0.00 0.00 6.25
2780.00 6.75 0.00 0.00 0.00 0.00 5.50
2790.00 7.63 0.13 0.00 0.00 0.25 5.85
2800.00 4.88 0.13 0.00 0.00 0.13 5.50
2810.00 5.25 0.13 0.00 0.13 0.13 5.25
2820.00 9.25 0.00 0.00 0.13 0.00 6.30
2830.00 9.50 0.00 0.00 0.00 0.00 6.80
2840.00 8.75 0.00 0.00 0.00 0.00 6.15
2850.00 13.38 0.00 0.00 0.00 0.00 7.05
2860.00 16.50 0.00 0.00 0.00 0.00 8.10
2870.00 10.13 0.00 0.00 0.00 0.00 6.55
2880.00 3.63 0.00 0.00 0.00 0.00 4.85
2890.00 9.25 0.00 0.00 0.13 0.00 6.15
2900.00 7.88 0.13 0.00 0.00 0.00 6.00
2910.00 12.88 0.00 0.00 0.00 0.00 7.10
2920.00 8.38 0.00 0.13 0.00 0.00 6.05
2930.00 7.13 0.00 0.00 0.00 0.00 5.90
2940.00 8.38 0.00 0.00 0.00 0.00 6.20
2950.00 7.38 0.00 0.00 0.00 0.13 6.00
2960.00 9.50 0.00 0.00 0.00 0.00 5.85
2970.00 15.25 0.00 0.00 0.00 0.00 8.10
2980.00 5.00 0.00 0.00 0.00 0.00 5.35
2990.00 10.50 0.00 0.00 0.00 0.00 6.55
3000.00 9.38 0.00 0.00 0.00 0.00 6.15
3010.00 6.13 0.00 0.00 0.00 0.00 5.50
3020.00 6.25 0.00 0.00 0.00 0.00 5.65
3030.00 7.88 0.00 0.00 0.00 0.00 5.85
3040.00 6.38 0.25 0.00 0.00 0.00 5.70
3050.00 6.13 0.00 0.25 0.25 0.00 5.80
3060.00 8.63 0.00 0.00 0.00 0.00 6.00
3070.00 14.25 0.00 0.00 0.00 0.00 7.60
3080.00 8.88 0.00 0.00 0.00 0.00 6.25
3090.00 9.25 0.00 0.00 0.00 0.00 6.50
3100.00 12.63 0.00 0.00 0.00 0.00 7.10
3110.00 21.13 0.00 0.00 0.00 0.00 9.35
3120.00 5.50 0.00 0.00 0.00 0.00 5.10
3130.00 7.88 0.00 0.00 0.00 0.00 5.70
3140.00 6.63 0.13 0.00 0.00 0.00 5.40
3150.00 7.75 0.00 0.00 0.00 0.00 6.30
3160.00 7.13 0.00 0.00 0.00 0.13 5.75
3170.00 9.75 0.00 0.13 0.00 0.00 6.65
3180.00 10.13 0.00 0.13 0.00 0.00 6.30
3190.00 5.75 0.00 0.00 0.00 0.00 5.55
3200.00 7.50 0.00 0.00 0.13 0.00 6.15
3210.00 8.00 0.00 0.00 0.00 0.00 5.75
3220.00 10.13 0.13 0.13 0.13 0.00 6.60
3230.00 14.13 0.00 0.00 0.00 0.00 7.30
3240.00 6.00 0.00 0.00 0.00 0.00 5.60
3250.00 7.50 0.13 0.13 0.00 0.13 5.85
3260.00 8.25 0.00 0.00 0.00 0.00 6.15
3270.00 9.00 0.00 0.00 0.00 0.00 6.25
3280.00 13.13 0.13 0.00 0.00 0.00 7.05
3290.00 9.63 0.00 0.00 0.00 0.00 6.40
3300.00 7.75 0.00 0.13 0.00 0.00 5.80
3310.00 7.63 0.00 0.00 0.00 0.13 6.20
3320.00 10.38 0.00 0.00 0.00 0.00 6.30
3330.00 9.75 0.00 0.00 0.00 0.13 6.75
3340.00 9.63 0.00 0.25 0.00 0.00 6.20
3350.00 8.25 0.00 0.00 0.00 0.00 6.05
3360.00 6.13 0.00 0.13 0.00 0.13 5.80
3370.00 7.13 0.00 0.00 0.00 0.00 5.65
3380.00 8.38 0.00 0.13 0.13 0.13 6.05
3390.00 11.50 0.00 0.00 0.00 0.00 7.15
3400.00 11.50 0.00 0.00 0.00 0.00 6.90
3410.00 6.38 0.00 0.00 0.00 0.00 5.30
3420.00 8.00 0.00 0.00 0.00 0.00 6.00
3430.00 7.25 0.00 0.00 0.00 0.00 6.00
3440.00 5.75 0.00 0.13 0.00 0.00 5.55
3450.00 8.50 0.00 0.00 0.00 0.00 6.00
3460.00 9.88 0.13 0.00 0.13 0.00 6.75
3470.00 12.25 0.00 0.00 0.13 0.13 6.85
3480.00 12.00 0.00 0.00 0.00 0.00 7.00
3490.00 7.63 0.00 0.00 0.00 0.00 5.85
3500.00 11.88 0.00 0.00 0.00 0.00 6.95
3510.00 9.75 0.00 0.00 0.00 0.00 6.60
3520.00 8.13 0.00 0.00 0.00 0.00 5.90
3530.00 7.00 0.00 0.00 0.00 0.00 5.50
3540.00 7.00 0.13 0.00 0.00 0.00 5.75
3550.00 10.00 0.00 0.25 0.00 0.13 6.50
3560.00 12.00 0.00 0.00 0.00 0.00 7.00
3570.00 11.75 0.00 0.00 0.00 0.00 6.95
3580.00 5.13 0.00 0.00 0.00 0.00 5.40
3590.00 8.00 0.00 0.00 0.00 0.00 6.20
3600.00 6.00 0.13 0.00 0.00 0.00 5.35
3610.00 17.25 0.00 0.00 0.00 0.00 8.00
3620.00 7.00 0.00 0.00 0.00 0.00 5.95
3630.00 9.00 0.00 0.00 0.00 0.00 5.80
3640.00 4.13 0.00 0.13 0.00 0.00 5.50
3650.00 6.38 0.13 0.25 0.00 0.00 5.70
3660.00 10.38 0.13 0.00 0.00 0.00 6.50
3670.00 10.38 0.00 0.00 0.00 0.00 6.55
3680.00 8.00 0.00 0.25 0.00 0.00 6.10
3690.00 6.00 0.00 0.00 0.00 0.00 5.45
3700.00 11.00 0.00 0.00 0.13 0.00 6.95
3710.00 11.88 0.00 0.00 0.00 0.00 6.90
3720.00 10.75 0.00 0.00 0.00 0.00 6.85
3730.00 9.63 0.00 0.00 0.00 0.13 6.05
3740.00 7.38 0.00 0.00 0.00 0.00 6.00
3750.00 5.63 0.00 0.00 0.00 0.00 5.15
3760.00 7.75 0.13 0.00 0.00 0.00 5.95
3770.00 5.75 0.00 0.00 0.13 0.00 5.85
3780.00 6.88 0.00 0.13 0.00 0.13 5.80
3790.00 6.25 0.13 0.13 0.00 0.00 5.50
3800.00 15.00 0.00 0.00 0.13 0.00 7.90
3810.00 9.13 0.00 0.00 0.00 0.00 6.25
3820.00 12.38 0.00 0.00 0.00 0.00 7.05
3830.00 11.63 0.00 0.00 0.00 0.00 6.60
3840.00 12.38 0.00 0.00 0.00 0.00 7.15
3850.00 5.63 0.00 0.00 0.00 0.00 5.45
3860.00 5.25 0.00 0.00 0.00 0.00 5.60
3870.00 7.00 0.00 0.00 0.00 0.00 5.70
3880.00 11.13 0.13 0.00 0.00 0.00 6.80
3890.00 15.00 0.13 0.00 0.00 0.00 7.70
3900.00 9.00 0.00 0.00 0.00 0.00 6.30
3910.00 4.88 0.00 0.00 0.00 0.00 5.05
3920.00 10.63 0.00 0.00 0.00 0.00 6.45
3930.00 14.50 0.00 0.00 0.00 0.00 8.20
3940.00 5.00 0.00 0.00 0.00 0.00 4.85
3950.00 6.25 0.00 0.00 0.00 0.00 5.65
3960.00 7.13 0.00 0.38 0.00 0.13 6.10
3970.00 6.75 0.13 0.13 0.00 0.00 5.55
3980.00 22.38 0.00 0.00 0.00 0.00 9.45
3990.00 8.13 0.00 0.00 0.00 0.00 6.15
4000.00 6.88 0.00 0.00 0.00 0.00 5.80
