10.00 0.50 0.13 1.13 0.50 0.75 5.50
20.00 0.38 0.50 1.38 0.88 0.88 5.35
30.00 0.13 0.13 0.25 0.38 0.75 4.95
40.00 0.75 0.50 1.50 0.75 0.38 5.45
50.00 0.38 0.38 1.00 0.50 0.88 5.10
60.00 0.75 0.00 1.00 0.63 0.75 5.10
70.00 0.25 0.25 0.75 0.13 1.00 5.35
80.00 0.88 0.50 0.25 0.75 1.00 5.15
90.00 0.75 0.63 0.88 0.50 0.38 5.15
100.00 0.38 0.50 0.38 0.38 0.50 5.00
110.00 0.38 0.75 0.38 0.25 0.50 5.25
120.00 0.88 0.63 0.38 0.38 0.25 5.25
130.00 0.25 0.13 0.38 0.50 0.88 5.15
140.00 0.13 1.13 0.50 0.25 0.75 5.15
150.00 0.50 0.25 1.38 0.63 0.75 5.30
160.00 0.50 0.63 1.00 0.38 0.38 5.30
170.00 0.25 0.63 0.63 0.38 0.25 5.15
180.00 0.13 0.75 0.88 0.63 0.38 4.95
190.00 0.75 0.25 1.38 0.50 0.38 5.45
200.00 0.63 0.25 1.88 1.00 0.25 5.25
210.00 0.25 0.38 1.13 0.13 0.38 5.25
220.00 0.75 0.50 0.75 0.50 0.25 4.90
230.00 0.38 0.88 0.50 1.50 0.38 5.35
240.00 0.25 0.88 0.88 0.63 1.00 5.45
250.00 0.38 0.75 0.50 0.38 0.38 5.05
260.00 0.63 0.63 0.38 0.38 0.88 5.45
270.00 0.63 0.25 0.63 0.63 0.38 4.90
280.00 1.00 0.25 0.75 0.50 0.25 5.25
290.00 0.50 1.00 0.88 0.25 0.38 5.30
300.00 0.63 0.88 0.00 1.25 0.25 4.90
310.00 1.00 0.38 1.00 0.50 0.50 5.45
320.00 1.38 1.00 0.25 0.63 0.88 5.50
330.00 0.38 0.75 0.38 0.38 0.88 5.00
340.00 0.13 0.50 0.75 0.63 0.75 5.30
350.00 0.25 0.63 0.00 0.75 1.13 5.05
360.00 0.75 0.13 0.25 1.25 0.88 5.25
370.00 0.75 0.38 0.88 0.50 0.25 5.25
380.00 1.00 1.13 0.25 0.88 0.50 5.15
390.00 0.38 0.50 0.25 0.38 0.13 5.10
400.00 0.63 0.63 0.50 1.00 0.75 5.30
410.00 0.38 0.75 0.50 0.25 0.63 5.15
420.00 0.50 0.88 0.25 0.50 0.63 5.10
430.00 0.38 0.88 1.00 0.25 0.63 5.20
440.00 0.38 0.88 0.63 0.13 1.25 5.45
450.00 0.63 0.38 0.63 0.13 0.75 4.85
460.00 0.50 1.00 1.25 1.25 0.50 5.60
470.00 0.50 0.63 0.13 0.50 1.38 5.20
480.00 0.13 0.75 0.38 0.38 1.00 5.35
490.00 0.63 0.25 0.63 0.25 0.75 4.95
500.00 0.38 0.25 0.88 0.50 0.75 5.40
510.00 0.38 0.63 0.50 0.38 0.38 5.20
520.00 0.50 0.88 0.13 1.38 1.38 5.35
530.00 0.50 0.25 0.88 0.63 1.25 5.15
540.00 0.50 0.75 0.63 0.38 1.63 5.35
550.00 0.38 0.63 0.25 0.25 1.13 5.25
560.00 0.88 0.75 0.38 0.38 1.25 5.35
570.00 0.25 0.38 0.63 0.25 1.13 5.20
580.00 0.75 0.13 0.13 0.13 2.00 5.05
590.00 0.50 0.38 0.88 0.75 1.50 5.35
600.00 0.50 0.38 0.63 0.50 0.25 5.05
610.00 0.38 0.38 0.63 0.50 0.63 5.15
620.00 0.13 1.63 0.38 0.50 0.75 5.50
630.00 0.38 0.25 0.50 0.38 0.88 5.10
640.00 0.50 1.13 0.25 0.25 1.13 5.40
650.00 0.13 1.00 0.88 0.63 0.38 5.05
660.00 0.25 1.13 0.88 0.38 0.25 5.10
670.00 0.13 1.25 0.75 0.38 0.63 5.55
680.00 0.63 1.38 0.25 0.25 0.25 5.15
690.00 0.25 1.50 0.25 1.63 0.13 5.10
700.00 0.75 0.88 0.13 0.75 0.50 5.30
710.00 0.38 2.13 0.13 0.25 0.75 5.25
720.00 0.25 2.13 0.38 0.13 0.25 5.20
730.00 0.75 1.13 0.13 0.63 0.38 5.00
740.00 0.38 2.50 0.00 0.63 0.25 5.25
750.00 0.38 2.00 0.13 0.88 0.63 5.35
760.00 0.38 2.13 0.13 0.63 0.63 5.50
770.00 1.00 1.00 0.25 0.50 0.38 5.30
780.00 0.38 0.75 0.50 0.38 0.63 4.75
790.00 1.13 0.50 0.38 0.50 0.38 5.65
800.00 0.50 0.63 0.38 0.25 0.75 5.05
810.00 0.63 0.50 0.63 0.63 1.25 5.35
820.00 0.38 0.75 0.25 0.13 1.50 4.95
830.00 0.50 0.63 0.38 0.75 0.88 5.50
840.00 0.88 1.13 0.25 0.75 0.63 5.20
850.00 1.13 1.13 0.63 0.25 0.50 5.10
860.00 0.75 0.25 0.13 1.25 0.25 5.00
870.00 0.88 0.50 0.50 1.13 0.13 5.50
880.00 0.00 0.75 0.63 0.88 0.38 5.15
890.00 0.13 0.88 1.00 1.25 0.50 5.45
900.00 0.63 0.75 1.13 0.38 0.13 5.50
910.00 0.50 0.50 1.13 0.75 0.13 4.90
920.00 0.25 0.13 0.75 1.38 0.75 5.50
930.00 0.88 0.63 1.13 0.88 0.38 5.20
940.00 0.50 0.75 1.13 0.75 0.50 5.20
950.00 0.50 1.00 1.25 0.25 0.38 5.35
960.00 0.25 1.00 0.75 0.38 0.38 5.10
970.00 0.38 0.75 1.75 0.38 0.75 5.25
980.00 1.25 0.63 0.50 0.00 0.13 5.45
990.00 0.25 1.25 1.00 0.63 0.25 5.30
1000.00 1.13 0.38 0.13 0.25 0.63 4.95
1010.00 8.88 0.25 0.63 0.38 0.38 7.20
1020.00 7.38 0.00 0.00 0.00 0.00 5.65
1030.00 7.13 0.00 0.00 0.00 0.00 6.55
1040.00 7.13 0.13 0.00 0.00 0.00 5.90
1050.00 5.38 0.13 0.00 0.13 0.00 5.55
1060.00 6.00 0.13 0.00 0.00 0.00 5.80
1070.00 7.88 0.00 0.00 0.00 0.13 6.10
1080.00 8.00 0.00 0.00 0.00 0.00 6.20
1090.00 7.25 0.00 0.00 0.00 0.00 6.10
1100.00 8.13 0.00 0.00 0.00 0.00 6.25
1110.00 11.13 0.00 0.00 0.00 0.00 7.30
1120.00 8.63 0.00 0.00 0.00 0.00 6.05
1130.00 10.50 0.00 0.00 0.00 0.00 6.80
1140.00 6.75 0.00 0.00 0.13 0.00 5.95
1150.00 6.13 0.00 0.00 0.00 0.00 5.75
1160.00 15.25 0.00 0.00 0.00 0.00 8.40
1170.00 5.88 0.00 0.00 0.00 0.00 5.80
1180.00 8.63 0.13 0.00 0.00 0.00 6.20
1190.00 5.25 0.13 0.00 0.13 0.00 5.55
1200.00 11.13 0.00 0.00 0.00 0.00 6.55
1210.00 11.13 0.00 0.00 0.00 0.00 7.70
1220.00 8.25 0.00 0.00 0.00 0.00 6.10
1230.00 9.75 0.00 0.00 0.00 0.00 6.25
1240.00 8.00 0.00 0.00 0.00 0.00 6.45
1250.00 17.00 0.00 0.00 0.00 0.00 9.00
1260.00 8.13 0.00 0.00 0.00 0.00 6.05
1270.00 11.13 0.00 0.00 0.00 0.00 7.05
1280.00 13.88 0.00 0.00 0.00 0.00 7.95
1290.00 6.25 0.00 0.00 0.00 0.00 5.55
1300.00 15.50 0.00 0.00 0.00 0.00 8.20
1310.00 6.25 0.00 0.00 0.00 0.00 5.70
1320.00 9.63 0.00 0.13 0.00 0.00 6.55
1330.00 12.00 0.00 0.00 0.00 0.00 7.60
1340.00 9.25 0.00 0.00 0.00 0.00 6.40
1350.00 7.63 0.00 0.00 0.00 0.00 6.25
1360.00 6.25 0.00 0.00 0.00 0.00 5.30
1370.00 9.38 0.00 0.00 0.00 0.00 6.90
1380.00 9.00 0.00 0.00 0.00 0.00 6.50
1390.00 15.75 0.00 0.00 0.13 0.00 7.80
1400.00 10.63 0.00 0.00 0.00 0.00 7.45
1410.00 5.38 0.00 0.00 0.00 0.13 5.50
1420.00 8.00 0.00 0.00 0.00 0.00 6.40
1430.00 6.88 0.00 0.00 0.00 0.00 5.65
1440.00 9.00 0.00 0.00 0.00 0.00 6.60
1450.00 7.50 0.00 0.00 0.00 0.00 5.95
1460.00 10.13 0.00 0.13 0.00 0.00 6.60
1470.00 11.25 0.00 0.00 0.00 0.00 7.00
1480.00 16.13 0.00 0.00 0.00 0.00 9.20
1490.00 5.75 0.00 0.00 0.00 0.00 5.35
1500.00 6.88 0.00 0.00 0.00 0.00 5.90
1510.00 12.25 0.00 0.00 0.00 0.00 7.50
1520.00 10.88 0.00 0.00 0.00 0.00 6.75
1530.00 8.50 0.00 0.00 0.00 0.00 6.30
1540.00 12.38 0.00 0.00 0.00 0.00 7.55
1550.00 14.13 0.00 0.00 0.00 0.00 7.80
1560.00 12.75 0.00 0.00 0.00 0.00 7.85
1570.00 7.13 0.00 0.00 0.00 0.00 5.90
1580.00 6.00 0.00 0.00 0.00 0.00 5.40
1590.00 10.88 0.13 0.00 0.00 0.00 7.10
1600.00 7.75 0.00 0.00 0.00 0.00 5.95
1610.00 14.38 0.00 0.00 0.00 0.00 8.30
1620.00 9.75 0.00 0.00 0.00 0.00 6.60
1630.00 5.63 0.00 0.00 0.00 0.00 5.50
1640.00 8.63 0.00 0.00 0.00 0.00 6.00
1650.00 14.38 0.00 0.00 0.00 0.00 8.30
1660.00 5.13 0.00 0.00 0.00 0.00 5.40
1670.00 18.50 0.00 0.00 0.00 0.13 8.90
1680.00 11.63 0.00 0.00 0.00 0.00 7.25
1690.00 15.63 0.00 0.00 0.00 0.00 8.50
1700.00 5.88 0.00 0.00 0.00 0.00 5.65
1710.00 8.13 0.00 0.00 0.00 0.00 6.15
1720.00 6.13 0.00 0.00 0.00 0.00 5.65
1730.00 13.63 0.00 0.00 0.13 0.00 7.35
1740.00 17.00 0.00 0.00 0.00 0.00 9.00
1750.00 10.00 0.00 0.00 0.00 0.00 6.70
1760.00 14.13 0.00 0.00 0.00 0.00 7.65
1770.00 9.50 0.00 0.00 0.00 0.00 7.00
1780.00 8.38 0.00 0.00 0.00 0.00 6.05
1790.00 5.88 0.00 0.00 0.00 0.00 5.80
1800.00 3.88 0.25 0.00 0.00 0.00 5.30
1810.00 4.75 0.00 0.00 0.00 0.00 5.30
1820.00 7.75 0.13 0.13 0.00 0.13 5.95
1830.00 9.13 0.00 0.00 0.13 0.00 7.05
1840.00 10.00 0.13 0.00 0.00 0.00 6.65
1850.00 21.13 0.00 0.00 0.00 0.00 10.10
1860.00 22.63 0.00 0.00 0.00 0.00 9.45
1870.00 10.00 0.00 0.00 0.00 0.00 7.25
1880.00 11.00 0.00 0.00 0.00 0.00 7.40
1890.00 4.88 0.00 0.00 0.00 0.00 5.20
1900.00 3.75 0.13 0.00 0.00 0.00 5.10
1910.00 8.00 0.00 0.00 0.00 0.00 6.05
1920.00 9.50 0.00 0.00 0.00 0.00 6.80
1930.00 11.38 0.00 0.13 0.00 0.00 7.00
1940.00 18.00 0.00 0.00 0.00 0.00 8.80
1950.00 11.63 0.00 0.00 0.00 0.00 7.05
1960.00 13.13 0.00 0.00 0.00 0.00 7.90
1970.00 8.38 0.00 0.00 0.00 0.00 6.30
1980.00 4.25 0.00 0.00 0.00 0.00 4.85
1990.00 16.38 0.00 0.00 0.00 0.00 8.70
2000.00 14.38 0.00 0.00 0.00 0.00 8.20
2010.00 6.88 0.00 0.00 0.00 0.00 5.70
2020.00 12.50 0.00 0.00 0.00 0.00 7.20
2030.00 9.13 0.00 0.00 0.00 0.00 6.55
2040.00 6.63 0.00 0.00 0.00 0.00 5.75
2050.00 12.25 0.00 0.00 0.00 0.00 7.60
2060.00 10.75 0.00 0.00 0.00 0.00 6.85
2070.00 10.63 0.00 0.00 0.00 0.00 6.80
2080.00 9.00 0.00 0.00 0.00 0.00 6.55
2090.00 8.88 0.00 0.00 0.00 0.00 6.35
2100.00 6.00 0.00 0.00 0.13 0.00 5.50
2110.00 10.25 0.00 0.00 0.00 0.00 7.05
2120.00 6.38 0.00 0.00 0.00 0.00 5.65
2130.00 13.00 0.00 0.00 0.00 0.00 7.55
2140.00 18.63 0.00 0.00 0.00 0.00 9.20
2150.00 7.38 0.00 0.00 0.00 0.00 5.95
2160.00 9.63 0.00 0.00 0.00 0.00 6.85
2170.00 3.63 0.00 0.00 0.00 0.00 5.10
2180.00 7.75 0.00 0.00 0.00 0.00 6.25
2190.00 16.88 0.00 0.13 0.00 0.00 8.85
2200.00 9.38 0.00 0.00 0.00 0.00 6.45
2210.00 17.50 0.00 0.00 0.00 0.00 8.60
2220.00 8.00 0.00 0.00 0.00 0.00 6.25
2230.00 8.38 0.00 0.00 0.13 0.00 5.95
2240.00 15.25 0.00 0.00 0.00 0.00 8.50
2250.00 15.88 0.00 0.00 0.00 0.00 8.35
2260.00 12.75 0.00 0.00 0.00 0.00 7.45
2270.00 7.50 0.00 0.00 0.00 0.00 5.95
2280.00 6.13 0.00 0.00 0.00 0.00 6.10
2290.00 6.88 0.00 0.00 0.00 0.00 5.65
2300.00 6.25 0.00 0.00 0.00 0.00 5.60
2310.00 8.00 0.00 0.00 0.00 0.00 6.30
2320.00 24.38 0.00 0.00 0.00 0.00 10.95
2330.00 20.00 0.00 0.00 0.00 0.00 9.35
2340.00 5.63 0.00 0.00 0.00 0.00 5.55
2350.00 4.13 0.00 0.00 0.00 0.00 4.80
2360.00 5.50 0.00 0.38 0.00 0.13 5.65
2370.00 6.13 0.00 0.00 0.00 0.00 5.85
2380.00 10.63 0.00 0.00 0.00 0.00 6.95
2390.00 10.00 0.00 0.00 0.00 0.00 6.90
2400.00 8.50 0.00 0.00 0.00 0.00 6.25
2410.00 18.50 0.00 0.00 0.00 0.00 9.30
2420.00 14.50 0.00 0.00 0.00 0.00 7.85
2430.00 14.63 0.00 0.00 0.00 0.00 7.70
2440.00 8.13 0.00 0.00 0.00 0.00 6.40
2450.00 8.38 0.00 0.00 0.00 0.00 5.95
2460.00 8.13 0.00 0.00 0.00 0.00 6.60
2470.00 8.13 0.00 0.00 0.13 0.00 6.25
2480.00 9.63 0.00 0.00 0.00 0.00 6.55
2490.00 11.25 0.00 0.00 0.00 0.00 7.05
2500.00 21.13 0.00 0.00 0.00 0.00 9.50
2510.00 7.50 0.00 0.00 0.00 0.00 6.00
2520.00 7.25 0.00 0.00 0.00 0.00 6.15
2530.00 7.38 0.00 0.00 0.00 0.00 5.95
2540.00 13.25 0.00 0.00 0.13 0.00 7.75
2550.00 12.25 0.00 0.00 0.00 0.00 7.25
2560.00 10.63 0.00 0.00 0.00 0.00 7.05
2570.00 7.00 0.00 0.00 0.00 0.00 5.75
2580.00 14.13 0.00 0.00 0.00 0.00 7.65
2590.00 9.38 0.00 0.00 0.00 0.00 6.70
2600.00 13.63 0.00 0.00 0.00 0.00 7.75
2610.00 14.25 0.00 0.00 0.00 0.00 7.85
2620.00 13.25 0.00 0.00 0.00 0.00 7.65
2630.00 3.88 0.00 0.00 0.00 0.00 5.20
2640.00 8.50 0.00 0.00 0.00 0.00 6.15
2650.00 10.63 0.00 0.00 0.00 0.00 6.90
2660.00 15.88 0.00 0.00 0.00 0.00 8.35
2670.00 5.75 0.00 0.00 0.00 0.00 6.05
2680.00 9.50 0.00 0.00 0.00 0.00 6.15
2690.00 16.25 0.00 0.00 0.00 0.00 8.45
2700.00 12.63 0.00 0.00 0.00 0.00 7.85
2710.00 8.63 0.00 0.00 0.00 0.00 6.30
2720.00 7.38 0.00 0.00 0.00 0.00 6.00
2730.00 8.00 0.00 0.00 0.13 0.00 6.10
2740.00 10.88 0.00 0.00 0.00 0.00 6.65
2750.00 12.13 0.00 0.00 0.00 0.00 7.65
2760.00 9.00 0.00 0.00 0.00 0.00 6.60
2770.00 9.63 0.00 0.00 0.00 0.00 6.25
2780.00 9.75 0.00 0.00 0.00 0.00 6.90
2790.00 12.38 0.00 0.00 0.00 0.00 7.10
2800.00 16.50 0.00 0.00 0.00 0.00 9.25
2810.00 7.00 0.00 0.00 0.00 0.00 5.70
2820.00 6.13 0.00 0.00 0.00 0.13 6.05
2830.00 8.50 0.00 0.00 0.00 0.00 6.00
2840.00 23.25 0.00 0.00 0.00 0.00 10.45
2850.00 7.25 0.00 0.00 0.00 0.00 6.05
2860.00 6.50 0.00 0.00 0.00 0.00 5.95
2870.00 9.25 0.00 0.00 0.00 0.00 6.45
2880.00 8.25 0.00 0.00 0.00 0.13 6.20
2890.00 8.13 0.00 0.13 0.00 0.00 6.25
2900.00 14.63 0.00 0.00 0.00 0.00 7.95
2910.00 22.00 0.00 0.00 0.00 0.00 9.80
2920.00 13.63 0.00 0.00 0.00 0.00 8.15
2930.00 8.63 0.00 0.00 0.00 0.00 6.40
2940.00 8.13 0.00 0.00 0.00 0.00 6.20
2950.00 5.88 0.00 0.00 0.00 0.00 5.70
2960.00 9.00 0.00 0.00 0.00 0.13 6.30
2970.00 5.63 0.00 0.00 0.13 0.00 5.75
2980.00 7.25 0.00 0.00 0.00 0.00 5.90
2990.00 23.88 0.00 0.00 0.00 0.13 10.70
3000.00 7.75 0.00 0.00 0.00 0.00 6.20
3010.00 7.00 0.00 0.00 0.00 0.00 5.55
3020.00 9.50 0.00 0.00 0.00 0.00 6.90
3030.00 6.13 0.00 0.00 0.00 0.00 5.65
3040.00 9.50 0.00 0.00 0.00 0.00 6.55
3050.00 7.75 0.00 0.00 0.00 0.00 5.95
3060.00 21.75 0.00 0.00 0.00 0.00 10.10
3070.00 10.25 0.00 0.00 0.00 0.00 6.75
3080.00 13.88 0.00 0.00 0.00 0.00 7.60
3090.00 7.63 0.00 0.00 0.00 0.00 6.35
3100.00 13.63 0.00 0.00 0.00 0.00 7.95
3110.00 13.75 0.00 0.00 0.00 0.00 7.85
3120.00 15.88 0.00 0.00 0.00 0.00 8.35
3130.00 7.00 0.00 0.00 0.00 0.00 5.80
3140.00 9.25 0.00 0.00 0.00 0.00 6.60
3150.00 7.13 0.00 0.00 0.00 0.00 5.60
3160.00 6.00 0.00 0.00 0.00 0.00 5.95
3170.00 12.63 0.00 0.00 0.00 0.00 7.35
3180.00 19.25 0.00 0.00 0.00 0.00 9.50
3190.00 7.38 0.00 0.00 0.00 0.00 5.85
3200.00 8.25 0.00 0.00 0.00 0.00 6.20
3210.00 16.63 0.00 0.00 0.00 0.00 8.75
3220.00 6.63 0.00 0.00 0.00 0.00 5.65
3230.00 4.38 0.00 0.00 0.00 0.00 5.15
3240.00 13.13 0.00 0.00 0.00 0.00 7.70
3250.00 7.63 0.00 0.00 0.00 0.00 6.10
3260.00 11.63 0.00 0.00 0.00 0.00 6.95
3270.00 9.75 0.00 0.13 0.00 0.00 6.85
3280.00 18.75 0.00 0.00 0.00 0.00 9.45
3290.00 14.38 0.00 0.00 0.00 0.00 7.75
3300.00 8.38 0.00 0.00 0.00 0.00 6.10
3310.00 7.25 0.00 0.00 0.00 0.00 5.70
3320.00 9.50 0.00 0.00 0.00 0.00 6.95
3330.00 7.75 0.00 0.00 0.00 0.00 6.00
3340.00 7.13 0.13 0.00 0.00 0.00 5.95
3350.00 15.63 0.00 0.00 0.00 0.00 7.55
3360.00 9.88 0.00 0.00 0.00 0.00 7.65
3370.00 11.50 0.00 0.00 0.00 0.00 6.75
3380.00 16.13 0.00 0.00 0.00 0.00 8.75
3390.00 11.13 0.00 0.00 0.00 0.00 7.00
3400.00 14.50 0.00 0.00 0.00 0.00 8.30
3410.00 5.00 0.00 0.00 0.00 0.00 5.40
3420.00 8.13 0.00 0.00 0.00 0.00 5.75
3430.00 7.25 0.00 0.00 0.00 0.00 6.25
3440.00 12.38 0.00 0.00 0.00 0.00 7.25
3450.00 11.38 0.00 0.00 0.00 0.00 7.45
3460.00 10.25 0.00 0.00 0.00 0.00 6.45
3470.00 10.50 0.00 0.00 0.00 0.00 7.25
3480.00 8.75 0.00 0.00 0.00 0.00 6.15
3490.00 9.75 0.00 0.00 0.00 0.00 6.65
3500.00 4.63 0.00 0.00 0.00 0.00 5.40
3510.00 19.00 0.00 0.00 0.00 0.00 9.40
3520.00 21.00 0.00 0.00 0.00 0.00 10.00
3530.00 8.63 0.00 0.00 0.00 0.00 6.55
3540.00 4.50 0.00 0.00 0.00 0.00 5.15
3550.00 2.38 0.13 0.00 0.00 0.00 4.60
3560.00 8.38 0.13 0.00 0.00 0.00 6.55
3570.00 11.88 0.00 0.13 0.00 0.00 7.25
3580.00 8.38 0.00 0.00 0.00 0.00 6.20
3590.00 16.50 0.00 0.00 0.00 0.00 8.80
3600.00 13.00 0.00 0.00 0.00 0.00 7.30
3610.00 12.88 0.00 0.00 0.00 0.00 7.90
3620.00 5.88 0.00 0.00 0.13 0.00 5.45
3630.00 11.00 0.00 0.00 0.00 0.00 7.05
3640.00 9.75 0.00 0.00 0.00 0.00 6.85
3650.00 12.38 0.00 0.00 0.00 0.00 7.55
3660.00 9.25 0.00 0.00 0.00 0.00 6.80
3670.00 19.38 0.00 0.00 0.00 0.00 9.25
3680.00 6.88 0.00 0.00 0.00 0.00 5.80
3690.00 6.50 0.00 0.13 0.13 0.00 5.55
3700.00 10.75 0.00 0.00 0.00 0.00 6.85
3710.00 12.75 0.00 0.00 0.00 0.00 7.60
3720.00 14.88 0.00 0.00 0.00 0.00 8.30
3730.00 8.13 0.00 0.00 0.00 0.00 6.00
3740.00 12.63 0.00 0.00 0.00 0.00 7.75
3750.00 10.63 0.00 0.00 0.00 0.00 6.60
3760.00 9.25 0.00 0.00 0.00 0.00 6.55
3770.00 12.75 0.00 0.00 0.00 0.00 7.85
3780.00 8.75 0.00 0.00 0.00 0.00 5.95
3790.00 8.75 0.00 0.00 0.00 0.00 6.55
3800.00 10.63 0.00 0.00 0.00 0.00 6.65
3810.00 9.50 0.13 0.00 0.00 0.00 6.75
3820.00 9.75 0.00 0.00 0.00 0.00 6.70
3830.00 13.75 0.13 0.00 0.00 0.00 7.70
3840.00 9.13 0.00 0.00 0.00 0.00 6.60
3850.00 10.00 0.00 0.00 0.00 0.00 6.85
3860.00 9.75 0.00 0.00 0.00 0.00 6.25
3870.00 5.75 0.00 0.00 0.00 0.00 5.80
3880.00 5.50 0.00 0.00 0.00 0.00 5.25
3890.00 19.38 0.00 0.00 0.00 0.00 9.45
3900.00 21.50 0.00 0.00 0.00 0.00 9.95
3910.00 7.25 0.00 0.00 0.00 0.00 5.70
3920.00 6.38 0.00 0.00 0.00 0.00 6.10
3930.00 9.00 0.00 0.00 0.00 0.00 6.20
3940.00 12.25 0.00 0.00 0.00 0.00 7.65
3950.00 15.38 0.00 0.00 0.00 0.00 8.10
3960.00 9.13 0.00 0.00 0.00 0.00 6.60
3970.00 8.50 0.00 0.00 0.00 0.00 6.10
