10.00 0.00 0.63 0.75 0.00 0.38 5.05
20.00 0.38 0.00 0.38 0.38 1.13 5.05
30.00 0.25 0.13 0.13 0.50 0.25 5.15
40.00 0.13 0.50 0.25 0.50 0.63 5.25
50.00 0.38 0.38 0.13 0.38 0.75 5.00
60.00 0.13 0.13 0.00 0.38 0.63 5.20
70.00 0.25 0.38 0.50 0.25 0.13 5.15
80.00 0.38 0.00 0.25 0.50 0.38 5.35
90.00 0.25 0.25 0.63 0.75 0.75 5.25
100.00 0.13 0.25 0.38 0.50 0.38 5.45
110.00 0.38 0.00 0.38 0.13 0.63 4.95
120.00 0.50 0.13 0.13 0.75 0.63 5.15
130.00 0.25 1.00 0.00 0.00 0.50 5.05
140.00 0.50 0.75 0.25 0.38 0.50 5.70
150.00 0.50 0.25 0.25 0.38 0.38 5.00
160.00 0.00 0.63 0.38 0.75 0.25 5.20
170.00 0.38 0.63 0.00 0.50 0.63 5.20
180.00 0.13 0.38 0.00 0.13 0.38 5.15
190.00 0.25 0.13 0.50 0.25 0.38 5.25
200.00 0.50 0.38 0.50 0.13 0.50 5.20
210.00 0.38 0.50 0.50 0.25 0.75 5.40
220.00 0.00 0.38 0.38 0.13 0.13 5.00
230.00 0.38 0.50 0.25 0.25 0.88 5.30
240.00 0.13 0.38 0.13 0.25 0.38 5.15
250.00 0.13 0.38 0.63 0.50 0.13 5.20
260.00 0.00 0.25 0.38 1.38 0.38 5.35
270.00 0.25 0.38 0.13 0.25 0.25 4.90
280.00 0.13 0.63 0.25 0.50 0.50 5.30
290.00 0.13 0.38 0.63 0.63 0.00 5.05
300.00 0.13 0.50 1.00 0.25 0.13 5.40
310.00 0.00 0.63 0.75 0.25 0.00 5.10
320.00 0.25 0.75 0.00 0.75 0.25 5.25
330.00 0.25 0.25 0.13 0.25 0.88 5.30
340.00 0.25 0.13 0.13 0.25 0.63 4.85
350.00 0.50 0.38 0.13 0.38 0.13 5.20
360.00 0.63 0.13 0.38 0.25 0.38 4.95
370.00 0.25 0.25 0.25 0.88 0.13 5.55
380.00 0.25 0.63 0.00 0.63 0.50 5.20
390.00 0.13 0.38 0.38 0.25 0.63 5.30
400.00 0.38 0.25 0.00 0.13 0.50 5.20
410.00 0.38 0.38 0.13 0.25 0.13 4.90
420.00 0.25 0.25 0.13 0.13 0.38 5.55
430.00 0.25 0.38 0.25 0.50 0.50 5.10
440.00 0.50 0.38 0.00 0.75 0.25 4.95
450.00 0.38 0.38 0.25 0.25 0.38 5.55
460.00 0.50 0.25 0.13 0.50 0.25 5.05
470.00 0.63 0.38 0.00 0.25 0.25 4.95
480.00 0.38 0.25 0.50 0.00 0.38 5.55
490.00 0.63 0.38 0.38 0.63 0.38 5.30
500.00 0.25 0.25 0.00 0.25 1.00 5.35
510.00 0.13 0.63 0.13 0.13 0.13 5.35
520.00 0.25 0.38 0.13 0.13 0.50 5.00
530.00 0.38 0.75 0.25 0.25 0.38 5.70
540.00 0.50 0.25 0.25 0.50 0.25 4.80
550.00 0.50 1.13 0.38 0.75 0.13 5.60
560.00 0.13 0.13 0.00 0.63 0.63 5.00
570.00 0.50 0.25 0.13 0.13 0.13 5.05
580.00 0.38 0.75 0.38 0.25 0.63 5.40
590.00 0.38 0.13 0.25 0.38 0.38 5.05
600.00 0.25 0.13 0.13 1.25 0.25 5.20
610.00 0.25 0.25 0.00 0.13 0.88 5.00
620.00 0.13 0.50 0.13 0.63 0.75 5.45
630.00 0.13 1.38 0.38 0.13 0.63 5.35
640.00 0.25 0.50 0.00 0.25 0.13 5.15
650.00 0.63 0.13 0.13 0.75 0.25 5.00
660.00 0.38 0.38 0.38 0.25 0.75 5.25
670.00 0.25 0.88 0.13 0.63 0.38 5.30
680.00 0.13 0.38 0.13 0.75 0.00 5.40
690.00 0.13 0.25 0.13 0.63 0.25 4.80
700.00 0.38 0.38 0.13 0.38 0.38 5.30
710.00 0.50 0.00 0.13 0.38 0.38 4.90
720.00 0.63 0.50 0.13 0.00 0.63 5.50
730.00 0.38 0.00 0.00 0.88 0.13 5.05
740.00 0.25 0.50 0.50 0.38 0.38 5.20
750.00 0.38 1.00 0.38 0.25 0.38 5.20
760.00 0.75 0.38 0.13 0.25 0.00 5.20
770.00 0.75 0.25 0.75 0.25 0.63 5.25
780.00 0.63 0.00 0.00 0.38 0.75 5.10
790.00 0.88 0.38 0.25 0.25 0.00 5.25
800.00 0.25 0.38 0.13 0.63 0.13 5.20
810.00 0.25 0.25 0.25 0.25 0.13 4.90
820.00 0.25 0.25 0.13 0.25 0.38 5.10
830.00 0.25 0.38 0.13 0.13 0.50 5.25
840.00 0.25 0.38 0.13 0.38 0.13 5.55
850.00 0.75 0.00 0.38 0.25 0.13 4.95
860.00 0.25 0.00 0.13 0.50 0.63 5.00
870.00 0.13 0.38 0.50 0.38 0.63 5.10
880.00 0.50 0.63 0.00 0.50 0.25 5.35
890.00 0.63 0.13 0.25 0.25 0.38 5.15
900.00 0.13 0.63 0.25 0.00 0.25 5.20
910.00 0.38 0.75 0.13 0.50 0.63 5.20
920.00 0.38 0.50 0.13 0.25 0.25 5.25
930.00 0.63 0.88 0.25 0.13 0.38 5.35
940.00 0.13 0.88 0.13 0.50 0.38 5.35
950.00 0.13 0.50 0.13 0.38 0.00 5.05
960.00 0.50 0.13 0.13 0.50 0.88 5.40
970.00 0.13 0.50 0.38 0.38 0.25 5.05
980.00 0.63 0.13 0.13 0.50 0.50 5.30
990.00 0.25 0.00 0.25 0.50 0.13 4.75
1000.00 0.25 0.50 0.50 0.38 0.13 5.30
1010.00 4.13 0.13 0.00 0.13 0.38 6.20
1020.00 13.13 0.00 0.00 0.00 0.00 9.90
1030.00 12.75 0.00 0.00 0.00 0.00 9.35
1040.00 11.00 0.00 0.00 0.00 0.00 8.90
1050.00 13.13 0.00 0.00 0.00 0.00 9.90
1060.00 13.75 0.00 0.00 0.00 0.00 10.00
1070.00 16.38 0.00 0.00 0.00 0.00 10.35
1080.00 9.25 0.00 0.00 0.00 0.00 8.50
1090.00 2.50 0.00 0.00 0.00 0.00 5.05
1100.00 5.00 0.00 0.00 0.00 0.00 6.10
1110.00 3.13 0.00 0.00 0.00 0.00 5.35
1120.00 3.75 0.13 0.13 0.00 0.00 5.70
1130.00 2.88 0.25 0.00 0.00 0.00 5.40
1140.00 3.63 0.00 0.00 0.00 0.00 5.60
1150.00 4.63 0.00 0.00 0.00 0.00 5.70
1160.00 5.88 0.00 0.00 0.00 0.00 6.75
1170.00 3.25 0.00 0.25 0.00 0.00 5.45
1180.00 2.38 0.13 0.00 0.00 0.00 5.25
1190.00 4.13 0.00 0.00 0.00 0.00 5.70
1200.00 3.25 0.00 0.13 0.00 0.00 5.70
1210.00 4.88 0.00 0.13 0.00 0.00 6.35
1220.00 3.88 0.00 0.00 0.13 0.00 5.70
1230.00 3.75 0.13 0.00 0.00 0.00 5.75
1240.00 4.25 0.13 0.13 0.00 0.00 5.70
1250.00 7.38 0.00 0.00 0.00 0.00 7.45
1260.00 5.00 0.00 0.13 0.00 0.00 6.15
1270.00 7.25 0.00 0.00 0.00 0.00 7.15
1280.00 4.75 0.00 0.00 0.00 0.00 5.85
1290.00 4.88 0.00 0.00 0.00 0.00 6.05
1300.00 6.50 0.00 0.00 0.00 0.00 7.05
1310.00 4.38 0.00 0.00 0.00 0.00 5.95
1320.00 5.13 0.00 0.00 0.00 0.13 5.90
1330.00 5.38 0.00 0.00 0.00 0.00 6.45
1340.00 7.13 0.00 0.00 0.00 0.00 7.15
1350.00 4.38 0.00 0.00 0.00 0.00 6.05
1360.00 5.75 0.00 0.00 0.00 0.00 6.20
1370.00 5.50 0.00 0.00 0.00 0.00 6.65
1380.00 6.00 0.00 0.00 0.00 0.00 6.45
1390.00 5.50 0.00 0.00 0.00 0.00 6.60
1400.00 5.25 0.13 0.00 0.00 0.00 6.15
1410.00 5.25 0.00 0.00 0.00 0.13 6.00
1420.00 5.00 0.00 0.00 0.00 0.00 6.65
1430.00 3.00 0.00 0.00 0.00 0.00 5.70
1440.00 6.63 0.00 0.00 0.00 0.00 6.80
1450.00 3.88 0.00 0.00 0.13 0.00 5.60
1460.00 8.75 0.00 0.00 0.00 0.00 7.65
1470.00 4.88 0.00 0.00 0.00 0.00 6.15
1480.00 9.00 0.00 0.00 0.00 0.00 8.30
1490.00 6.13 0.00 0.00 0.00 0.00 6.55
1500.00 4.25 0.00 0.00 0.00 0.00 5.70
1510.00 7.25 0.00 0.00 0.00 0.00 6.85
1520.00 5.75 0.00 0.00 0.00 0.00 6.80
1530.00 6.50 0.00 0.00 0.00 0.00 6.95
1540.00 5.13 0.00 0.00 0.00 0.00 6.10
1550.00 11.25 0.00 0.00 0.00 0.00 8.65
1560.00 7.88 0.00 0.00 0.00 0.00 7.65
1570.00 7.00 0.00 0.00 0.00 0.00 7.10
1580.00 5.63 0.00 0.00 0.00 0.00 6.25
1590.00 7.00 0.00 0.00 0.00 0.00 7.15
1600.00 5.13 0.00 0.00 0.00 0.00 6.45
1610.00 9.13 0.00 0.00 0.00 0.00 7.75
1620.00 4.75 0.00 0.00 0.00 0.00 5.95
1630.00 4.50 0.00 0.00 0.00 0.00 6.15
1640.00 4.63 0.00 0.00 0.00 0.00 5.85
1650.00 5.13 0.00 0.00 0.00 0.00 6.40
1660.00 5.88 0.00 0.00 0.00 0.00 6.45
1670.00 8.13 0.00 0.13 0.00 0.00 7.45
1680.00 8.38 0.00 0.00 0.00 0.00 7.85
1690.00 9.13 0.00 0.00 0.00 0.00 7.95
1700.00 6.00 0.00 0.00 0.00 0.00 6.55
1710.00 10.38 0.00 0.00 0.00 0.00 8.55
1720.00 10.75 0.00 0.00 0.00 0.00 8.80
1730.00 2.88 0.00 0.00 0.00 0.00 5.05
1740.00 6.63 0.00 0.00 0.00 0.00 6.75
1750.00 7.88 0.00 0.00 0.00 0.00 7.20
1760.00 8.25 0.00 0.00 0.00 0.00 7.80
1770.00 6.13 0.00 0.00 0.00 0.00 6.35
1780.00 4.88 0.00 0.00 0.00 0.00 6.20
1790.00 8.88 0.00 0.00 0.00 0.00 7.65
1800.00 7.75 0.00 0.00 0.00 0.00 7.30
1810.00 6.63 0.00 0.00 0.00 0.00 7.10
1820.00 11.88 0.00 0.00 0.00 0.00 9.10
1830.00 10.50 0.00 0.00 0.00 0.00 8.30
1840.00 5.63 0.00 0.00 0.00 0.00 6.65
1850.00 5.00 0.00 0.00 0.00 0.00 5.90
1860.00 6.63 0.00 0.00 0.00 0.00 7.10
1870.00 9.25 0.00 0.00 0.00 0.00 8.15
1880.00 7.25 0.00 0.00 0.00 0.00 6.95
1890.00 7.75 0.00 0.00 0.00 0.00 7.45
1900.00 4.63 0.00 0.00 0.00 0.00 6.15
1910.00 9.13 0.00 0.00 0.00 0.00 7.90
1920.00 11.38 0.00 0.00 0.00 0.00 8.75
1930.00 6.00 0.00 0.00 0.00 0.00 6.85
1940.00 7.38 0.00 0.00 0.00 0.00 7.30
1950.00 10.25 0.00 0.00 0.00 0.00 8.35
1960.00 11.50 0.00 0.00 0.00 0.00 8.80
1970.00 4.75 0.00 0.00 0.00 0.00 6.40
1980.00 6.75 0.00 0.00 0.00 0.00 6.70
1990.00 5.00 0.00 0.00 0.00 0.00 5.90
2000.00 8.75 0.00 0.00 0.00 0.00 8.05
2010.00 7.50 0.00 0.00 0.00 0.00 7.20
2020.00 7.75 0.00 0.00 0.00 0.00 7.40
2030.00 9.63 0.00 0.00 0.00 0.00 8.40
2040.00 7.13 0.00 0.00 0.00 0.00 6.85
2050.00 8.88 0.00 0.00 0.00 0.00 7.90
2060.00 9.50 0.00 0.00 0.00 0.00 8.00
2070.00 5.00 0.00 0.00 0.00 0.00 6.35
2080.00 6.75 0.00 0.00 0.00 0.00 7.10
2090.00 6.63 0.00 0.00 0.00 0.00 6.65
2100.00 4.50 0.00 0.00 0.00 0.00 6.00
2110.00 10.25 0.00 0.00 0.00 0.00 8.25
2120.00 6.38 0.00 0.00 0.00 0.00 6.95
2130.00 6.75 0.00 0.00 0.00 0.00 6.90
2140.00 11.38 0.00 0.00 0.00 0.00 8.80
2150.00 9.75 0.00 0.00 0.00 0.00 7.80
2160.00 11.63 0.00 0.00 0.00 0.00 9.35
2170.00 5.38 0.00 0.00 0.00 0.00 6.20
2180.00 13.13 0.00 0.00 0.00 0.00 10.15
2190.00 5.63 0.00 0.00 0.00 0.00 6.55
2200.00 5.63 0.00 0.00 0.00 0.00 6.50
2210.00 4.38 0.00 0.00 0.00 0.00 5.45
2220.00 7.88 0.00 0.00 0.00 0.00 7.85
2230.00 5.13 0.00 0.00 0.00 0.00 5.95
2240.00 11.50 0.00 0.00 0.00 0.00 8.95
2250.00 6.38 0.00 0.00 0.00 0.00 6.70
2260.00 10.88 0.00 0.00 0.00 0.00 9.25
2270.00 10.25 0.00 0.00 0.00 0.00 7.80
2280.00 5.25 0.00 0.00 0.00 0.00 6.35
2290.00 11.00 0.00 0.00 0.00 0.00 9.00
2300.00 10.50 0.00 0.00 0.00 0.00 8.65
2310.00 8.63 0.00 0.00 0.00 0.00 6.90
2320.00 5.50 0.00 0.00 0.00 0.00 7.20
2330.00 5.50 0.00 0.00 0.00 0.00 6.30
2340.00 5.38 0.00 0.00 0.00 0.00 6.35
2350.00 6.50 0.00 0.00 0.00 0.00 6.75
2360.00 5.63 0.00 0.00 0.13 0.00 6.65
2370.00 11.75 0.00 0.00 0.00 0.00 9.05
2380.00 5.00 0.00 0.00 0.00 0.00 6.25
2390.00 8.00 0.00 0.00 0.00 0.00 7.80
2400.00 10.50 0.00 0.00 0.00 0.00 8.00
2410.00 6.75 0.00 0.00 0.00 0.00 6.85
2420.00 10.88 0.00 0.00 0.00 0.00 9.20
2430.00 9.25 0.00 0.00 0.00 0.00 8.10
2440.00 6.63 0.00 0.00 0.00 0.00 6.95
2450.00 5.50 0.00 0.00 0.00 0.00 6.10
2460.00 7.63 0.00 0.00 0.00 0.00 7.70
2470.00 5.25 0.00 0.00 0.00 0.00 5.70
2480.00 12.38 0.00 0.00 0.00 0.00 8.90
2490.00 8.63 0.00 0.00 0.00 0.00 8.80
2500.00 2.63 0.00 0.00 0.00 0.00 4.90
2510.00 3.75 0.00 0.00 0.00 0.00 5.40
2520.00 12.13 0.00 0.00 0.00 0.00 9.50
2530.00 7.38 0.00 0.00 0.00 0.00 7.00
2540.00 7.75 0.00 0.00 0.00 0.00 7.60
2550.00 7.25 0.00 0.00 0.00 0.00 6.50
2560.00 13.50 0.00 0.00 0.00 0.00 10.50
2570.00 3.88 0.00 0.00 0.00 0.00 5.55
2580.00 6.50 0.00 0.00 0.00 0.00 6.70
2590.00 10.88 0.00 0.00 0.00 0.00 8.50
2600.00 7.25 0.00 0.00 0.00 0.00 7.10
2610.00 8.25 0.00 0.00 0.00 0.00 7.85
2620.00 13.00 0.00 0.00 0.00 0.00 9.85
2630.00 8.25 0.00 0.00 0.00 0.00 7.35
2640.00 7.25 0.00 0.00 0.00 0.00 6.95
2650.00 5.50 0.00 0.00 0.00 0.00 6.40
2660.00 7.38 0.00 0.00 0.00 0.13 7.20
2670.00 13.63 0.00 0.00 0.00 0.00 9.85
2680.00 3.88 0.00 0.00 0.00 0.00 5.80
2690.00 10.13 0.00 0.00 0.00 0.00 8.40
2700.00 3.25 0.00 0.00 0.00 0.00 5.35
2710.00 14.50 0.00 0.00 0.00 0.00 10.15
2720.00 6.13 0.00 0.00 0.00 0.00 7.05
2730.00 4.50 0.00 0.00 0.00 0.00 5.90
2740.00 6.75 0.00 0.00 0.00 0.00 6.45
2750.00 12.00 0.00 0.00 0.00 0.00 9.75
2760.00 10.75 0.00 0.00 0.00 0.00 8.40
2770.00 12.25 0.00 0.00 0.00 0.00 9.35
2780.00 4.75 0.00 0.00 0.00 0.00 5.90
2790.00 5.50 0.00 0.00 0.00 0.00 6.45
2800.00 4.75 0.00 0.13 0.00 0.00 6.25
2810.00 8.13 0.00 0.00 0.00 0.00 7.40
2820.00 8.13 0.00 0.00 0.00 0.00 7.60
2830.00 8.63 0.00 0.00 0.00 0.00 7.75
2840.00 12.75 0.00 0.00 0.00 0.00 9.80
2850.00 12.38 0.00 0.00 0.00 0.00 8.80
2860.00 12.25 0.00 0.00 0.00 0.00 9.50
2870.00 3.25 0.00 0.00 0.00 0.00 5.45
2880.00 9.50 0.00 0.00 0.00 0.00 8.20
2890.00 7.13 0.00 0.00 0.00 0.00 6.90
2900.00 8.88 0.00 0.00 0.00 0.00 8.05
2910.00 5.13 0.00 0.00 0.00 0.00 6.15
2920.00 6.00 0.00 0.00 0.00 0.00 6.55
2930.00 6.88 0.00 0.00 0.00 0.00 7.05
2940.00 8.75 0.00 0.00 0.00 0.00 7.60
2950.00 6.88 0.00 0.00 0.00 0.00 7.35
2960.00 4.38 0.00 0.00 0.00 0.00 5.80
2970.00 11.63 0.00 0.00 0.00 0.00 9.30
2980.00 7.88 0.00 0.00 0.00 0.00 6.95
2990.00 17.75 0.00 0.00 0.00 0.00 12.10
3000.00 6.75 0.00 0.00 0.00 0.00 6.75
3010.00 7.88 0.00 0.00 0.00 0.00 6.90
3020.00 7.00 0.00 0.00 0.00 0.00 7.55
3030.00 7.75 0.00 0.00 0.00 0.00 7.15
3040.00 8.25 0.00 0.00 0.00 0.00 7.70
3050.00 8.13 0.00 0.00 0.00 0.00 7.70
3060.00 7.00 0.00 0.00 0.00 0.00 6.80
3070.00 7.00 0.00 0.00 0.00 0.00 6.60
3080.00 14.00 0.00 0.00 0.00 0.00 10.55
3090.00 8.13 0.00 0.00 0.00 0.00 7.40
3100.00 3.75 0.00 0.00 0.00 0.00 5.40
3110.00 5.50 0.00 0.00 0.00 0.00 6.40
3120.00 8.25 0.00 0.00 0.00 0.00 7.60
3130.00 4.63 0.00 0.00 0.00 0.00 5.95
3140.00 25.13 0.00 0.00 0.00 0.00 15.45
3150.00 14.13 0.00 0.00 0.00 0.00 10.00
3160.00 5.88 0.00 0.00 0.00 0.00 6.05
3170.00 6.25 0.00 0.00 0.00 0.00 6.75
3180.00 4.00 0.00 0.00 0.00 0.00 5.55
3190.00 8.25 0.00 0.00 0.00 0.00 7.40
3200.00 9.75 0.00 0.00 0.00 0.00 8.40
3210.00 6.38 0.00 0.00 0.00 0.00 6.55
3220.00 5.13 0.00 0.00 0.00 0.00 6.40
3230.00 5.38 0.00 0.00 0.00 0.00 6.35
3240.00 7.00 0.00 0.00 0.00 0.00 6.85
3250.00 9.25 0.00 0.00 0.00 0.00 8.25
3260.00 10.50 0.00 0.00 0.00 0.00 8.60
3270.00 7.75 0.00 0.00 0.00 0.00 7.35
3280.00 9.38 0.00 0.00 0.00 0.00 7.80
3290.00 5.75 0.00 0.00 0.00 0.00 6.55
3300.00 6.63 0.00 0.00 0.00 0.00 7.10
3310.00 10.25 0.00 0.00 0.00 0.00 8.25
3320.00 8.75 0.00 0.00 0.00 0.00 7.80
3330.00 11.13 0.00 0.00 0.00 0.00 8.50
3340.00 13.88 0.00 0.00 0.00 0.00 10.30
3350.00 6.25 0.00 0.00 0.00 0.00 6.95
3360.00 11.00 0.00 0.00 0.00 0.00 8.70
3370.00 4.50 0.00 0.00 0.00 0.00 5.95
3380.00 4.25 0.00 0.00 0.00 0.00 5.60
3390.00 9.25 0.00 0.00 0.00 0.00 8.10
3400.00 4.88 0.00 0.00 0.00 0.00 6.10
3410.00 7.63 0.00 0.00 0.00 0.00 7.25
3420.00 11.25 0.00 0.00 0.00 0.00 8.80
3430.00 3.63 0.00 0.00 0.00 0.00 5.55
3440.00 10.38 0.00 0.00 0.00 0.00 8.60
3450.00 7.13 0.00 0.00 0.00 0.00 7.05
3460.00 12.88 0.00 0.00 0.00 0.00 9.55
3470.00 9.38 0.00 0.00 0.00 0.00 7.95
3480.00 9.00 0.00 0.00 0.00 0.00 8.00
3490.00 6.25 0.00 0.00 0.00 0.00 7.05
3500.00 4.88 0.00 0.00 0.00 0.00 6.00
3510.00 8.88 0.00 0.00 0.00 0.00 7.40
3520.00 6.75 0.00 0.00 0.00 0.00 7.20
3530.00 7.38 0.00 0.00 0.00 0.00 7.15
3540.00 7.25 0.00 0.00 0.00 0.00 7.40
3550.00 11.88 0.00 0.00 0.00 0.00 9.15
3560.00 13.00 0.00 0.00 0.00 0.00 9.55
3570.00 4.25 0.00 0.00 0.00 0.00 5.80
3580.00 6.63 0.00 0.00 0.00 0.00 6.75
3590.00 12.50 0.00 0.00 0.00 0.00 9.55
3600.00 6.75 0.00 0.00 0.00 0.00 6.40
3610.00 6.75 0.00 0.00 0.00 0.00 7.10
3620.00 8.00 0.00 0.00 0.00 0.00 7.35
3630.00 14.13 0.00 0.00 0.00 0.00 10.50
3640.00 10.25 0.00 0.00 0.00 0.00 8.15
3650.00 4.50 0.00 0.00 0.00 0.00 6.00
3660.00 5.38 0.00 0.00 0.00 0.00 6.30
3670.00 5.00 0.00 0.00 0.00 0.00 6.20
3680.00 14.00 0.00 0.00 0.00 0.00 10.00
3690.00 11.25 0.00 0.00 0.00 0.00 9.20
3700.00 5.25 0.00 0.00 0.00 0.00 6.10
3710.00 10.00 0.00 0.00 0.00 0.00 8.60
3720.00 7.50 0.00 0.00 0.00 0.00 6.80
3730.00 3.50 0.00 0.00 0.00 0.00 5.75
3740.00 8.25 0.00 0.00 0.00 0.00 7.55
3750.00 11.50 0.00 0.00 0.00 0.00 9.30
3760.00 8.38 0.00 0.00 0.00 0.00 7.20
3770.00 6.25 0.00 0.00 0.00 0.00 7.05
3780.00 6.88 0.00 0.00 0.00 0.00 6.80
3790.00 8.63 0.00 0.00 0.00 0.00 7.75
3800.00 5.00 0.00 0.00 0.00 0.00 6.40
3810.00 8.75 0.00 0.00 0.00 0.00 7.70
3820.00 14.75 0.00 0.00 0.00 0.00 10.20
3830.00 9.50 0.00 0.00 0.00 0.00 8.05
3840.00 9.13 0.00 0.00 0.00 0.00 7.95
3850.00 9.38 0.00 0.00 0.00 0.00 8.20
3860.00 6.00 0.00 0.00 0.00 0.00 6.80
3870.00 8.25 0.00 0.00 0.00 0.00 7.25
3880.00 7.63 0.00 0.00 0.00 0.00 7.55
3890.00 8.25 0.00 0.00 0.00 0.00 7.35
3900.00 8.88 0.00 0.00 0.00 0.00 7.60
3910.00 8.25 0.00 0.00 0.00 0.00 7.70
3920.00 5.38 0.00 0.00 0.00 0.00 6.40
3930.00 4.88 0.00 0.00 0.00 0.00 6.00
3940.00 19.00 0.00 0.00 0.00 0.00 11.60
3950.00 8.00 0.00 0.00 0.00 0.00 8.20
3960.00 5.63 0.00 0.00 0.00 0.00 6.50
3970.00 12.13 0.00 0.00 0.00 0.00 9.45
3980.00 6.13 0.00 0.00 0.00 0.00 6.20
3990.00 5.38 0.00 0.00 0.00 0.00 6.45
4000.00 8.63 0.00 0.00 0.00 0.00 7.65
