10.00 0.00 0.50 0.63 0.50 0.63 5.00
20.00 0.13 0.75 0.25 0.75 0.50 5.10
30.00 0.75 0.38 1.13 0.13 0.63 5.15
40.00 0.50 0.88 0.38 0.50 0.63 5.55
50.00 0.88 1.38 0.38 0.13 1.00 4.75
60.00 0.13 1.50 1.25 0.38 0.25 5.45
70.00 0.38 0.50 0.63 0.13 0.75 5.10
80.00 0.25 0.00 2.13 0.63 0.75 5.25
90.00 0.63 0.50 0.88 0.63 0.50 4.80
100.00 0.38 1.25 1.25 0.25 0.63 5.45
110.00 0.63 0.63 0.75 0.38 0.38 4.95
120.00 0.38 0.88 0.63 0.50 1.00 5.35
130.00 0.88 1.00 0.63 0.38 1.13 5.15
140.00 1.13 0.63 0.13 0.75 0.63 5.15
150.00 0.88 0.00 0.88 0.88 0.25 5.00
160.00 0.63 0.38 0.50 0.88 1.25 5.35
170.00 0.13 0.63 1.00 0.50 0.38 4.90
180.00 1.00 0.88 1.00 0.63 1.25 5.50
190.00 0.88 0.63 0.63 0.63 0.38 5.20
200.00 0.88 0.63 0.25 0.50 0.75 5.10
210.00 0.38 1.00 0.50 0.88 0.63 5.20
220.00 0.88 0.38 0.13 0.75 1.63 5.35
230.00 0.50 0.25 0.75 1.00 0.13 5.00
240.00 0.38 0.75 0.50 0.63 0.50 5.20
250.00 0.50 1.38 0.88 1.00 0.38 5.50
260.00 0.50 0.75 0.13 1.00 0.38 4.80
270.00 0.88 0.38 0.25 0.88 0.25 5.30
280.00 0.75 0.38 0.88 1.13 0.38 5.40
290.00 0.50 0.38 0.25 0.88 1.00 5.05
300.00 0.13 0.25 0.25 1.63 0.13 5.10
310.00 1.38 0.63 0.25 1.25 0.38 5.20
320.00 0.38 0.63 0.38 1.25 0.25 4.90
330.00 0.13 0.50 0.63 1.38 0.38 5.20
340.00 0.50 0.38 0.75 0.38 0.25 5.35
350.00 0.38 0.50 0.13 1.75 0.50 5.00
360.00 0.38 1.00 0.63 1.88 0.50 5.30
370.00 0.25 0.75 0.63 1.25 0.50 5.50
380.00 0.25 0.50 1.00 0.25 0.88 5.20
390.00 0.25 0.63 0.50 0.63 0.38 5.00
400.00 1.13 1.13 0.38 0.63 0.25 5.30
410.00 0.88 0.75 0.50 0.50 0.63 5.10
420.00 0.75 0.63 0.50 0.38 0.25 5.05
430.00 0.50 0.88 0.63 0.63 0.75 5.25
440.00 0.38 0.75 0.50 0.63 1.00 5.25
450.00 0.38 1.50 0.88 0.88 0.88 5.15
460.00 0.13 0.50 0.50 0.75 0.63 5.15
470.00 0.50 0.75 0.38 0.13 0.75 5.05
480.00 0.75 0.63 0.75 0.13 0.88 5.30
490.00 0.88 0.38 0.75 0.50 0.50 5.15
500.00 0.75 0.13 0.50 0.63 0.50 4.95
510.00 0.75 0.63 0.63 0.50 0.88 5.55
520.00 0.38 1.00 1.13 0.25 0.38 4.95
530.00 1.50 0.75 0.50 0.13 0.75 5.15
540.00 0.88 0.75 0.38 0.38 0.75 5.50
550.00 1.00 0.38 0.75 0.50 0.25 5.05
560.00 0.75 0.38 1.38 0.63 1.13 5.00
570.00 1.38 0.63 0.63 1.00 0.25 5.35
580.00 0.88 0.13 0.88 0.75 0.50 5.00
590.00 0.25 0.50 0.88 0.75 0.50 5.40
600.00 0.50 1.13 0.38 1.38 0.38 5.25
610.00 0.38 0.63 0.75 0.50 0.38 5.35
620.00 0.50 0.25 1.00 0.25 0.50 4.95
630.00 0.50 0.88 1.00 0.38 0.50 5.25
640.00 0.63 0.38 1.38 0.50 0.25 5.25
650.00 1.13 0.38 0.88 0.25 0.25 4.95
660.00 0.50 0.63 1.13 0.25 0.75 5.40
670.00 0.75 1.13 0.38 0.38 0.38 4.85
680.00 0.25 1.25 1.25 0.88 0.13 5.20
690.00 0.88 0.63 0.88 1.13 0.25 5.40
700.00 0.13 0.88 1.13 0.63 0.63 5.20
710.00 0.38 0.75 0.75 0.38 0.38 5.30
720.00 0.50 0.38 0.88 0.50 0.25 5.00
730.00 0.13 1.25 0.63 0.50 0.88 5.30
740.00 0.50 0.25 1.25 0.38 0.75 5.30
750.00 0.63 1.00 1.00 0.00 0.38 5.30
760.00 1.00 0.63 0.38 0.38 0.63 5.25
770.00 0.13 0.75 0.63 0.63 0.50 4.90
780.00 0.63 0.75 0.75 0.38 0.50 5.15
790.00 0.63 0.25 0.38 0.63 0.25 5.25
800.00 0.25 0.25 1.00 1.75 0.38 5.15
810.00 0.88 0.75 0.50 1.25 0.25 5.30
820.00 1.25 0.63 0.50 0.88 0.38 5.15
830.00 0.38 0.88 1.38 0.63 0.13 5.35
840.00 0.50 0.63 0.38 0.75 0.38 4.90
850.00 1.13 0.63 0.50 0.38 0.88 5.40
860.00 0.38 1.25 0.50 1.13 0.50 5.30
870.00 0.63 1.00 0.25 0.88 0.63 5.20
880.00 0.25 1.38 0.50 0.38 0.13 5.30
890.00 0.75 1.00 0.00 0.88 0.38 5.10
900.00 0.38 1.00 0.50 0.25 0.75 5.45
910.00 1.50 0.50 0.25 0.38 0.38 4.90
920.00 0.75 0.50 0.63 0.25 0.38 5.35
930.00 0.50 0.50 0.38 0.63 0.63 5.05
940.00 1.25 0.50 0.38 0.63 1.00 5.40
950.00 0.25 0.50 0.00 0.25 0.25 4.95
960.00 0.38 0.63 0.75 0.25 0.63 5.25
970.00 1.50 0.25 0.75 1.00 0.38 5.55
980.00 0.63 0.25 0.75 1.38 1.00 4.95
990.00 1.25 0.38 0.63 0.25 0.50 5.15
1000.00 0.88 0.13 0.50 1.13 0.38 5.25
1010.00 9.75 0.00 1.50 0.13 0.25 6.95
1020.00 28.75 0.00 0.00 0.00 0.00 12.00
1030.00 7.88 0.00 0.00 0.00 0.00 5.80
1040.00 7.13 0.00 0.00 0.00 0.00 5.85
1050.00 10.63 0.00 0.00 0.00 0.00 6.45
1060.00 8.50 0.00 0.00 0.00 0.00 6.20
1070.00 5.75 0.00 0.00 0.13 0.00 5.65
1080.00 3.88 0.00 0.00 0.00 0.13 5.20
1090.00 2.63 0.38 0.00 0.00 0.13 4.85
1100.00 4.88 0.00 0.13 0.00 0.13 5.85
1110.00 6.50 0.13 0.13 0.00 0.13 5.60
1120.00 4.63 0.25 0.25 0.00 0.00 5.30
1130.00 4.88 0.00 0.25 0.13 0.13 5.40
1140.00 5.88 0.13 0.00 0.00 0.00 5.95
1150.00 8.50 0.13 0.13 0.13 0.00 6.40
1160.00 9.00 0.13 0.00 0.00 0.00 6.35
1170.00 9.13 0.00 0.00 0.00 0.00 6.20
1180.00 4.38 0.00 0.13 0.00 0.13 5.00
1190.00 8.75 0.00 0.00 0.00 0.13 6.75
1200.00 5.00 0.00 0.00 0.00 0.00 5.15
1210.00 7.38 0.00 0.25 0.00 0.00 6.00
1220.00 6.00 0.00 0.25 0.13 0.25 5.75
1230.00 5.50 0.13 0.00 0.13 0.00 5.65
1240.00 5.88 0.13 0.13 0.13 0.00 5.75
1250.00 6.50 0.13 0.13 0.25 0.13 6.05
1260.00 13.25 0.00 0.00 0.00 0.00 7.15
1270.00 9.63 0.00 0.00 0.00 0.00 6.80
1280.00 7.38 0.00 0.00 0.00 0.00 5.80
1290.00 14.75 0.00 0.00 0.00 0.00 7.85
1300.00 14.38 0.00 0.00 0.00 0.00 7.50
1310.00 8.88 0.00 0.00 0.00 0.00 6.40
1320.00 7.13 0.00 0.00 0.00 0.00 5.85
1330.00 8.50 0.00 0.00 0.00 0.00 6.25
1340.00 10.25 0.00 0.00 0.00 0.00 6.75
1350.00 8.50 0.00 0.00 0.13 0.00 6.15
1360.00 6.88 0.00 0.13 0.00 0.00 5.75
1370.00 7.00 0.00 0.00 0.00 0.00 5.85
1380.00 5.38 0.13 0.00 0.00 0.00 5.50
1390.00 8.13 0.13 0.00 0.00 0.00 6.10
1400.00 9.38 0.00 0.00 0.00 0.00 6.40
1410.00 17.88 0.00 0.00 0.00 0.00 8.70
1420.00 5.75 0.00 0.00 0.00 0.00 5.45
1430.00 11.50 0.00 0.00 0.00 0.00 6.90
1440.00 7.88 0.00 0.00 0.00 0.00 6.40
1450.00 6.75 0.00 0.13 0.00 0.00 5.25
1460.00 9.50 0.13 0.00 0.00 0.00 6.60
1470.00 8.13 0.00 0.00 0.00 0.00 6.30
1480.00 9.63 0.00 0.00 0.13 0.00 6.15
1490.00 10.25 0.00 0.00 0.00 0.00 7.15
1500.00 8.13 0.00 0.00 0.00 0.00 5.50
1510.00 7.00 0.00 0.00 0.13 0.00 6.10
1520.00 7.38 0.00 0.00 0.00 0.00 6.10
1530.00 8.25 0.00 0.00 0.00 0.00 6.00
1540.00 10.00 0.00 0.00 0.00 0.13 6.50
1550.00 8.63 0.00 0.00 0.00 0.00 6.50
1560.00 13.88 0.00 0.00 0.00 0.00 7.50
1570.00 8.50 0.00 0.00 0.00 0.00 6.35
1580.00 6.88 0.00 0.00 0.00 0.13 5.65
1590.00 5.88 0.00 0.13 0.00 0.00 5.75
1600.00 9.63 0.00 0.00 0.00 0.00 6.30
1610.00 13.63 0.00 0.00 0.00 0.00 7.55
1620.00 11.13 0.00 0.00 0.00 0.00 7.05
1630.00 7.75 0.00 0.00 0.00 0.00 5.90
1640.00 12.00 0.00 0.00 0.00 0.00 7.05
1650.00 15.00 0.00 0.00 0.00 0.00 7.70
1660.00 8.00 0.00 0.00 0.00 0.00 6.00
1670.00 6.00 0.00 0.00 0.00 0.00 5.85
1680.00 9.25 0.00 0.00 0.00 0.00 6.50
1690.00 8.38 0.00 0.00 0.00 0.00 5.85
1700.00 9.25 0.00 0.00 0.00 0.00 6.35
1710.00 9.75 0.00 0.00 0.00 0.00 6.45
1720.00 8.88 0.00 0.00 0.00 0.00 6.30
1730.00 12.25 0.00 0.00 0.00 0.00 7.20
1740.00 8.50 0.13 0.00 0.00 0.00 6.30
1750.00 15.38 0.00 0.00 0.00 0.00 8.05
1760.00 7.75 0.00 0.00 0.00 0.00 5.80
1770.00 7.88 0.00 0.00 0.00 0.00 6.10
1780.00 5.75 0.00 0.00 0.00 0.00 5.25
1790.00 7.75 0.00 0.13 0.00 0.00 6.25
1800.00 12.00 0.00 0.00 0.00 0.13 7.05
1810.00 7.88 0.00 0.00 0.00 0.00 5.95
1820.00 15.13 0.13 0.00 0.00 0.00 8.10
1830.00 7.00 0.00 0.00 0.00 0.00 5.90
1840.00 5.13 0.00 0.00 0.00 0.00 5.25
1850.00 9.50 0.00 0.00 0.00 0.00 6.35
1860.00 8.13 0.00 0.00 0.00 0.00 6.30
1870.00 16.13 0.00 0.00 0.00 0.00 8.15
1880.00 17.13 0.00 0.00 0.00 0.00 8.35
1890.00 9.63 0.00 0.00 0.00 0.00 6.60
1900.00 13.63 0.00 0.00 0.00 0.00 7.50
1910.00 4.25 0.00 0.00 0.00 0.13 4.70
1920.00 13.00 0.00 0.00 0.00 0.00 7.50
1930.00 10.13 0.00 0.00 0.13 0.00 6.90
1940.00 9.50 0.00 0.00 0.00 0.13 6.25
1950.00 7.88 0.00 0.00 0.00 0.00 6.00
1960.00 5.63 0.00 0.00 0.13 0.00 5.50
1970.00 9.25 0.00 0.00 0.00 0.00 6.35
1980.00 6.75 0.00 0.00 0.00 0.00 6.00
1990.00 10.50 0.13 0.00 0.00 0.00 6.60
2000.00 7.00 0.00 0.00 0.00 0.00 6.10
2010.00 14.25 0.00 0.13 0.00 0.13 7.10
2020.00 11.13 0.00 0.00 0.00 0.00 7.10
2030.00 12.38 0.00 0.00 0.00 0.00 7.15
2040.00 5.75 0.00 0.00 0.00 0.00 5.45
2050.00 7.38 0.13 0.00 0.00 0.00 5.85
2060.00 8.63 0.00 0.00 0.00 0.00 6.30
2070.00 4.75 0.00 0.00 0.00 0.00 5.45
2080.00 5.00 0.13 0.13 0.00 0.25 5.80
2090.00 9.38 0.00 0.13 0.00 0.13 6.40
2100.00 8.00 0.00 0.00 0.13 0.13 6.15
2110.00 18.38 0.00 0.00 0.00 0.00 9.10
2120.00 16.13 0.00 0.00 0.00 0.00 7.95
2130.00 17.50 0.00 0.00 0.00 0.00 8.40
2140.00 13.38 0.00 0.00 0.00 0.00 7.65
2150.00 6.25 0.00 0.00 0.00 0.00 5.35
2160.00 7.75 0.00 0.00 0.00 0.00 5.95
2170.00 8.38 0.00 0.00 0.00 0.00 6.25
2180.00 6.50 0.00 0.00 0.00 0.00 5.65
2190.00 5.75 0.00 0.00 0.00 0.13 5.65
2200.00 13.63 0.13 0.00 0.00 0.00 7.30
2210.00 10.13 0.00 0.00 0.00 0.00 6.70
2220.00 11.50 0.00 0.00 0.00 0.00 6.60
2230.00 6.63 0.00 0.00 0.13 0.00 6.05
2240.00 4.13 0.00 0.00 0.00 0.00 5.30
2250.00 5.00 0.00 0.00 0.00 0.00 5.05
2260.00 8.25 0.25 0.13 0.00 0.00 6.30
2270.00 23.00 0.00 0.00 0.00 0.00 9.95
2280.00 22.63 0.00 0.00 0.00 0.00 10.00
2290.00 9.50 0.00 0.00 0.00 0.00 6.15
2300.00 7.50 0.00 0.00 0.00 0.00 5.75
2310.00 5.63 0.00 0.00 0.00 0.00 5.30
2320.00 7.38 0.00 0.00 0.00 0.00 5.95
2330.00 6.00 0.13 0.00 0.00 0.00 5.60
2340.00 6.88 0.00 0.00 0.00 0.00 5.65
2350.00 7.88 0.00 0.00 0.00 0.00 6.05
2360.00 14.00 0.00 0.00 0.00 0.00 7.75
2370.00 6.75 0.00 0.00 0.00 0.00 5.90
2380.00 14.00 0.00 0.00 0.00 0.00 7.50
2390.00 9.25 0.00 0.00 0.00 0.00 6.15
2400.00 13.25 0.00 0.00 0.00 0.00 7.50
2410.00 11.63 0.00 0.00 0.00 0.00 7.20
2420.00 11.88 0.00 0.00 0.00 0.00 7.25
2430.00 7.13 0.00 0.00 0.00 0.00 5.75
2440.00 5.75 0.13 0.00 0.00 0.00 5.60
2450.00 10.13 0.00 0.00 0.00 0.00 6.60
2460.00 8.88 0.00 0.00 0.00 0.00 6.35
2470.00 14.75 0.00 0.00 0.00 0.00 7.95
2480.00 10.75 0.13 0.00 0.00 0.00 6.70
2490.00 14.63 0.00 0.00 0.00 0.00 7.70
2500.00 7.13 0.00 0.00 0.00 0.00 5.65
2510.00 11.25 0.00 0.00 0.00 0.00 6.85
2520.00 7.25 0.00 0.00 0.00 0.00 5.95
2530.00 6.25 0.00 0.00 0.00 0.00 5.65
2540.00 8.63 0.00 0.00 0.00 0.13 6.10
2550.00 10.63 0.00 0.00 0.00 0.00 6.90
2560.00 11.75 0.00 0.00 0.00 0.00 6.75
2570.00 15.75 0.00 0.00 0.00 0.00 7.65
2580.00 16.75 0.00 0.00 0.00 0.00 8.60
2590.00 5.75 0.00 0.00 0.00 0.00 5.95
2600.00 6.00 0.00 0.00 0.00 0.00 4.85
2610.00 11.00 0.00 0.13 0.00 0.00 7.15
2620.00 5.63 0.00 0.00 0.00 0.00 5.55
2630.00 9.13 0.00 0.00 0.00 0.00 6.05
2640.00 15.00 0.13 0.00 0.00 0.00 8.25
2650.00 21.25 0.00 0.00 0.00 0.00 9.30
2660.00 12.50 0.00 0.00 0.00 0.00 7.60
2670.00 4.63 0.00 0.00 0.00 0.00 5.15
2680.00 6.75 0.00 0.00 0.00 0.00 5.85
2690.00 3.25 0.00 0.00 0.00 0.00 4.75
2700.00 8.13 0.25 0.13 0.00 0.00 6.15
2710.00 5.88 0.00 0.00 0.25 0.25 5.75
2720.00 10.25 0.00 0.00 0.13 0.00 6.55
2730.00 16.00 0.00 0.00 0.00 0.00 7.80
2740.00 15.38 0.00 0.00 0.00 0.00 8.50
2750.00 4.00 0.00 0.00 0.00 0.00 5.00
2760.00 12.88 0.00 0.00 0.00 0.00 6.95
2770.00 8.13 0.00 0.00 0.00 0.00 6.25
2780.00 9.50 0.00 0.00 0.00 0.00 6.35
2790.00 6.75 0.00 0.13 0.00 0.00 5.60
2800.00 8.63 0.00 0.00 0.00 0.00 6.60
2810.00 9.75 0.00 0.00 0.00 0.00 6.45
2820.00 10.13 0.00 0.00 0.00 0.00 6.60
2830.00 18.13 0.00 0.00 0.00 0.00 8.35
2840.00 13.88 0.00 0.00 0.00 0.00 8.25
2850.00 7.88 0.00 0.00 0.00 0.00 6.00
2860.00 5.00 0.00 0.00 0.00 0.00 5.00
2870.00 7.00 0.00 0.13 0.00 0.00 5.85
2880.00 8.50 0.00 0.00 0.13 0.00 6.45
2890.00 9.25 0.13 0.25 0.00 0.00 6.40
2900.00 8.50 0.00 0.00 0.13 0.00 6.30
2910.00 9.88 0.00 0.00 0.00 0.00 6.30
2920.00 12.88 0.00 0.00 0.00 0.00 7.45
2930.00 11.50 0.00 0.00 0.00 0.00 6.80
2940.00 7.00 0.00 0.00 0.00 0.00 5.90
2950.00 15.38 0.00 0.00 0.00 0.00 8.00
2960.00 15.38 0.00 0.00 0.00 0.00 8.15
2970.00 8.00 0.00 0.00 0.00 0.00 5.90
2980.00 11.00 0.00 0.00 0.00 0.00 6.75
2990.00 11.88 0.00 0.00 0.00 0.00 7.20
3000.00 9.38 0.00 0.00 0.00 0.00 6.45
3010.00 7.50 0.00 0.00 0.00 0.00 6.20
3020.00 7.13 0.00 0.00 0.00 0.00 5.45
3030.00 7.75 0.00 0.00 0.00 0.00 6.15
3040.00 11.13 0.00 0.00 0.00 0.00 6.50
3050.00 12.50 0.00 0.00 0.00 0.00 7.60
3060.00 4.63 0.00 0.00 0.00 0.00 5.35
3070.00 11.13 0.00 0.00 0.00 0.00 6.65
3080.00 8.63 0.00 0.00 0.00 0.00 6.15
3090.00 6.00 0.00 0.00 0.00 0.00 5.60
3100.00 13.63 0.00 0.00 0.00 0.00 7.05
3110.00 19.63 0.00 0.00 0.00 0.00 9.55
3120.00 16.88 0.00 0.00 0.00 0.00 8.45
3130.00 7.25 0.00 0.00 0.00 0.00 5.75
3140.00 5.88 0.00 0.00 0.00 0.00 5.20
3150.00 8.38 0.00 0.00 0.00 0.00 5.95
3160.00 6.13 0.13 0.00 0.00 0.00 6.10
3170.00 7.75 0.00 0.13 0.00 0.00 6.10
3180.00 5.50 0.00 0.00 0.00 0.00 5.15
3190.00 12.88 0.13 0.00 0.00 0.00 7.50
3200.00 9.25 0.00 0.00 0.00 0.00 6.50
3210.00 8.38 0.00 0.00 0.13 0.00 5.75
3220.00 11.88 0.00 0.00 0.00 0.00 7.40
3230.00 15.50 0.00 0.00 0.00 0.00 7.95
3240.00 15.13 0.00 0.00 0.00 0.00 8.15
3250.00 9.38 0.00 0.00 0.00 0.00 6.45
3260.00 7.38 0.00 0.00 0.00 0.00 5.65
3270.00 10.75 0.00 0.00 0.00 0.00 6.90
3280.00 6.50 0.00 0.00 0.00 0.00 5.80
3290.00 9.75 0.00 0.00 0.00 0.00 6.30
3300.00 7.00 0.00 0.00 0.00 0.00 5.95
3310.00 8.38 0.00 0.00 0.00 0.00 6.30
3320.00 13.00 0.00 0.00 0.00 0.00 7.50
3330.00 17.38 0.00 0.00 0.00 0.00 8.25
3340.00 10.50 0.00 0.00 0.00 0.00 7.10
3350.00 5.63 0.00 0.00 0.00 0.00 5.15
3360.00 11.38 0.00 0.00 0.00 0.00 6.85
3370.00 7.63 0.00 0.00 0.00 0.00 6.30
3380.00 7.13 0.00 0.13 0.00 0.00 5.85
3390.00 7.75 0.00 0.00 0.00 0.00 5.60
3400.00 17.13 0.00 0.00 0.00 0.13 8.45
3410.00 5.75 0.00 0.00 0.00 0.00 5.65
3420.00 6.50 0.00 0.00 0.00 0.00 5.50
3430.00 7.13 0.00 0.00 0.00 0.13 6.20
3440.00 20.63 0.00 0.00 0.00 0.00 9.40
3450.00 9.38 0.00 0.00 0.00 0.00 6.35
3460.00 7.88 0.00 0.00 0.00 0.00 6.05
3470.00 5.13 0.00 0.00 0.00 0.00 5.30
3480.00 9.50 0.00 0.13 0.00 0.00 6.40
3490.00 11.50 0.00 0.00 0.00 0.00 7.25
3500.00 16.38 0.00 0.00 0.00 0.00 8.20
3510.00 8.00 0.00 0.00 0.00 0.00 6.05
3520.00 3.88 0.00 0.00 0.00 0.00 5.00
3530.00 10.13 0.00 0.00 0.00 0.00 6.75
3540.00 12.13 0.00 0.00 0.00 0.00 7.20
3550.00 9.00 0.00 0.00 0.00 0.00 6.10
3560.00 16.88 0.00 0.00 0.00 0.00 8.40
3570.00 5.50 0.13 0.00 0.00 0.00 5.75
3580.00 6.25 0.00 0.00 0.00 0.00 5.60
3590.00 6.50 0.00 0.00 0.13 0.00 5.70
3600.00 10.38 0.13 0.00 0.00 0.00 6.85
3610.00 21.25 0.00 0.00 0.00 0.00 9.35
3620.00 9.50 0.00 0.00 0.00 0.00 6.80
3630.00 11.88 0.00 0.00 0.00 0.00 6.70
3640.00 5.13 0.00 0.00 0.00 0.00 5.55
3650.00 8.75 0.00 0.00 0.13 0.00 6.40
3660.00 3.63 0.13 0.13 0.00 0.00 5.00
3670.00 6.75 0.13 0.00 0.00 0.00 5.85
3680.00 12.25 0.00 0.13 0.00 0.13 7.30
3690.00 14.00 0.00 0.00 0.00 0.00 7.45
3700.00 12.63 0.00 0.00 0.00 0.00 7.35
3710.00 12.75 0.00 0.00 0.00 0.00 7.25
3720.00 7.75 0.00 0.00 0.00 0.00 6.25
3730.00 6.00 0.00 0.00 0.00 0.00 5.80
3740.00 8.25 0.00 0.00 0.00 0.00 5.65
3750.00 9.13 0.00 0.00 0.00 0.00 6.50
3760.00 15.38 0.00 0.00 0.00 0.13 7.70
3770.00 10.63 0.00 0.00 0.00 0.00 7.50
3780.00 9.50 0.00 0.00 0.00 0.00 6.15
3790.00 9.50 0.00 0.00 0.00 0.00 6.25
3800.00 7.50 0.00 0.00 0.00 0.00 6.00
3810.00 15.38 0.00 0.00 0.00 0.00 7.85
3820.00 3.75 0.00 0.00 0.00 0.00 5.15
3830.00 18.50 0.00 0.00 0.00 0.00 8.55
3840.00 9.38 0.00 0.00 0.00 0.00 6.60
3850.00 7.63 0.00 0.00 0.00 0.00 5.85
3860.00 12.50 0.13 0.00 0.00 0.00 7.05
3870.00 12.00 0.00 0.00 0.00 0.00 7.35
3880.00 9.25 0.00 0.00 0.00 0.00 6.60
3890.00 6.63 0.00 0.00 0.00 0.00 5.65
3900.00 4.75 0.00 0.13 0.00 0.13 5.30
3910.00 5.63 0.13 0.13 0.13 0.00 5.50
3920.00 4.25 0.00 0.13 0.13 0.00 5.55
3930.00 9.25 0.00 0.00 0.00 0.25 6.60
3940.00 16.88 0.00 0.00 0.00 0.00 8.35
3950.00 22.88 0.00 0.00 0.00 0.00 10.00
3960.00 5.63 0.00 0.00 0.00 0.00 5.15
3970.00 9.13 0.00 0.00 0.00 0.00 6.50
3980.00 8.75 0.00 0.00 0.00 0.00 6.05
3990.00 8.25 0.00 0.00 0.00 0.00 5.90
4000.00 10.00 0.00 0.00 0.00 0.00 6.75
