10.00 0.50 0.75 0.00 0.25 0.38 4.85
20.00 1.00 0.13 0.63 0.50 0.25 5.10
30.00 1.13 0.50 1.00 0.63 0.38 5.05
40.00 0.38 0.50 0.75 0.25 0.38 5.00
50.00 1.13 1.00 0.75 0.75 0.38 5.35
60.00 0.75 0.50 0.13 0.50 0.75 5.10
70.00 0.50 0.63 0.25 0.63 0.75 5.00
80.00 1.00 0.38 0.88 0.50 0.50 5.15
90.00 0.75 0.13 0.63 1.25 0.75 5.25
100.00 0.88 0.88 0.63 0.50 0.38 4.90
110.00 0.38 0.50 0.75 0.50 0.50 5.00
120.00 0.88 0.50 1.13 0.25 0.88 5.10
130.00 0.50 0.38 1.25 0.63 0.25 5.20
140.00 0.75 0.38 0.88 0.88 0.50 5.05
150.00 1.50 0.38 0.50 0.75 0.63 4.95
160.00 0.88 0.75 0.00 0.50 0.75 5.00
170.00 0.88 0.75 0.63 0.50 0.13 5.30
180.00 1.50 0.63 0.25 0.63 0.63 4.75
190.00 1.75 0.50 0.38 0.38 0.25 5.45
200.00 0.88 0.13 0.00 0.38 0.88 5.20
210.00 0.63 0.88 0.38 0.25 0.38 4.90
220.00 0.63 0.75 0.63 0.38 0.38 5.05
230.00 0.25 0.63 0.38 0.75 0.50 5.15
240.00 0.25 0.25 0.13 0.88 1.00 4.90
250.00 0.63 0.25 0.63 1.25 0.63 5.15
260.00 0.25 1.00 0.13 0.63 0.50 4.90
270.00 1.00 0.75 0.25 0.13 0.25 5.10
280.00 0.75 1.63 1.25 0.13 0.50 5.30
290.00 0.75 0.63 1.25 0.38 0.75 5.25
300.00 0.75 0.63 0.25 0.75 0.38 4.85
310.00 0.63 0.13 0.63 0.88 0.38 5.00
320.00 0.88 0.25 0.75 0.38 0.38 5.10
330.00 0.38 0.38 1.13 0.75 0.50 5.30
340.00 1.13 0.63 0.13 0.50 0.88 5.00
350.00 0.38 0.75 0.63 1.25 0.75 5.30
360.00 0.63 0.38 0.75 0.38 0.50 4.70
370.00 0.63 1.13 0.50 0.88 0.88 5.35
380.00 0.75 0.50 0.13 0.38 0.50 4.85
390.00 0.88 0.50 0.38 0.88 0.38 4.95
400.00 0.75 0.25 0.63 0.63 0.25 5.05
410.00 0.38 0.50 0.50 0.63 0.75 5.40
420.00 0.50 1.13 0.13 0.38 0.63 4.95
430.00 0.63 0.75 0.50 0.63 1.38 5.30
440.00 0.50 1.13 0.25 0.00 0.63 4.85
450.00 0.00 0.50 0.50 0.50 0.88 5.25
460.00 0.38 1.00 1.13 0.50 0.88 5.10
470.00 0.13 0.88 0.50 1.13 0.50 4.85
480.00 0.13 1.00 0.63 1.00 0.38 5.45
490.00 0.38 0.38 0.75 0.13 0.13 5.00
500.00 0.63 0.75 0.25 0.50 0.50 5.10
510.00 0.63 0.88 0.50 0.75 0.50 4.95
520.00 0.50 0.50 0.38 0.38 0.13 4.90
530.00 1.00 0.50 0.38 0.25 1.00 5.40
540.00 1.13 0.38 0.13 0.25 0.63 4.75
550.00 0.50 0.63 0.13 0.63 1.00 5.20
560.00 0.75 1.00 0.25 0.50 0.13 5.25
570.00 0.50 0.63 0.50 0.50 0.75 5.20
580.00 0.38 0.38 1.13 0.25 0.75 5.05
590.00 0.50 0.50 0.38 0.75 0.88 4.90
600.00 0.38 0.25 0.38 0.38 0.50 4.95
610.00 0.88 0.50 0.75 0.38 0.38 5.40
620.00 0.50 0.38 0.88 0.63 0.50 4.85
630.00 0.13 0.50 0.38 1.00 0.50 5.05
640.00 0.50 0.50 0.75 0.75 0.63 4.95
650.00 0.50 0.38 0.50 0.25 0.50 5.05
660.00 0.75 0.75 0.50 0.25 0.25 5.15
670.00 0.25 0.00 0.50 0.88 0.38 4.90
680.00 0.25 0.25 0.63 0.63 0.50 4.95
690.00 0.63 0.50 0.38 0.38 1.25 5.30
700.00 0.38 0.63 0.75 0.13 0.63 4.70
710.00 1.25 0.25 0.50 0.88 1.13 5.75
720.00 0.63 0.75 0.50 0.50 0.50 4.85
730.00 0.50 0.25 0.38 0.88 0.88 4.90
740.00 0.63 0.38 0.25 0.75 0.75 5.40
750.00 0.88 0.38 0.63 0.13 1.25 5.10
760.00 0.75 0.38 0.38 0.13 0.50 4.80
770.00 0.63 0.75 0.25 0.50 1.00 5.20
780.00 0.38 0.38 0.50 0.25 0.38 5.05
790.00 1.38 0.13 0.25 0.50 0.38 5.10
800.00 0.88 0.25 0.63 1.13 0.38 5.20
810.00 1.38 0.38 0.38 0.75 0.25 4.85
820.00 0.75 0.38 0.38 0.38 0.38 5.35
830.00 0.75 0.88 1.00 0.38 0.25 4.85
840.00 0.25 0.63 0.88 0.25 0.13 5.15
850.00 0.38 0.50 1.50 0.50 0.88 5.00
860.00 0.38 0.75 0.38 0.50 1.25 5.05
870.00 0.50 0.75 0.63 0.63 0.63 5.15
880.00 0.38 0.50 0.25 0.50 0.50 4.95
890.00 1.00 0.13 0.13 0.88 0.50 5.10
900.00 1.25 0.88 0.75 0.00 0.50 5.05
910.00 0.75 0.38 0.38 0.25 0.88 4.95
920.00 0.88 0.50 0.88 0.38 0.25 5.25
930.00 0.50 0.38 1.38 0.38 0.50 5.00
940.00 0.25 0.75 1.00 0.38 0.63 5.30
950.00 0.63 0.75 0.50 0.25 0.75 4.90
960.00 0.50 0.38 0.63 0.25 0.25 4.95
970.00 0.13 0.13 0.88 0.50 0.88 5.10
980.00 0.88 0.38 0.13 1.00 1.13 5.00
990.00 0.38 0.88 0.13 0.50 0.75 5.10
1000.00 0.63 0.63 0.50 0.25 0.50 5.30
1010.00 8.13 0.50 0.25 0.38 0.50 6.15
1020.00 22.63 0.00 0.00 0.00 0.13 9.80
1030.00 22.50 0.00 0.00 0.00 0.00 9.10
1040.00 26.25 0.00 0.00 0.00 0.00 10.60
1050.00 20.63 0.00 0.00 0.00 0.00 8.55
1060.00 22.88 0.00 0.00 0.00 0.00 9.50
1070.00 22.50 0.00 0.00 0.00 0.00 9.20
1080.00 21.50 0.00 0.00 0.00 0.00 9.05
1090.00 20.63 0.00 0.00 0.00 0.00 8.85
1100.00 17.63 0.00 0.00 0.00 0.00 8.20
1110.00 18.88 0.00 0.00 0.00 0.00 8.35
1120.00 17.13 0.00 0.00 0.00 0.00 7.95
1130.00 12.50 0.00 0.00 0.00 0.00 7.15
1140.00 4.25 0.00 0.00 0.00 0.00 5.05
1150.00 4.13 0.00 0.00 0.13 0.00 5.10
1160.00 3.25 0.00 0.13 0.38 0.13 4.65
1170.00 3.25 0.25 0.25 0.25 0.00 5.25
1180.00 2.75 0.63 0.25 0.50 0.38 5.00
1190.00 1.63 0.13 0.75 0.38 0.25 5.15
1200.00 0.63 0.38 0.50 0.38 0.13 4.90
1210.00 0.75 0.63 0.63 0.38 0.63 5.15
1220.00 0.75 0.38 1.25 0.25 0.25 5.35
1230.00 0.63 0.25 0.88 0.50 0.50 4.95
1240.00 0.50 0.38 0.75 0.25 0.63 5.05
1250.00 0.63 0.25 0.88 0.25 0.88 5.10
1260.00 0.88 0.13 1.13 0.38 0.38 5.15
1270.00 1.13 0.50 0.50 0.50 0.50 5.15
1280.00 0.75 0.13 0.50 0.13 0.50 4.90
1290.00 0.50 0.13 0.50 1.38 1.00 5.35
1300.00 0.25 0.63 0.63 0.25 0.38 4.85
1310.00 0.25 0.63 0.25 0.50 0.75 5.35
1320.00 0.50 0.50 0.13 1.00 0.63 4.95
1330.00 0.75 0.13 0.25 1.13 0.50 4.90
1340.00 0.88 1.00 0.38 0.88 0.50 5.20
1350.00 0.63 0.50 0.88 0.88 0.63 5.25
1360.00 0.75 0.88 0.25 1.00 0.63 5.05
1370.00 0.25 0.75 0.38 0.75 0.75 5.20
1380.00 0.63 1.00 0.25 0.50 0.50 4.85
1390.00 1.25 1.00 0.13 0.25 1.25 5.20
1400.00 0.50 0.38 1.00 0.38 0.75 5.30
1410.00 0.75 0.38 0.38 0.25 0.63 4.90
1420.00 0.63 0.38 0.25 0.25 0.63 5.30
1430.00 1.38 0.50 1.00 0.50 0.63 4.95
1440.00 1.13 0.88 0.50 0.75 0.25 5.15
1450.00 0.38 0.25 0.88 0.88 0.38 5.20
1460.00 1.00 0.50 0.38 0.50 0.88 5.10
1470.00 0.88 0.25 1.00 0.50 1.25 5.30
1480.00 1.00 0.38 0.75 0.13 0.75 4.95
1490.00 0.50 0.50 1.00 0.13 0.13 5.05
1500.00 1.00 0.25 0.38 0.38 0.25 5.15
1510.00 0.88 0.25 1.00 0.50 0.38 5.00
1520.00 1.00 0.38 1.13 0.88 0.38 5.30
1530.00 1.00 0.13 0.75 0.50 1.25 5.15
1540.00 1.00 0.50 0.25 0.13 0.88 4.90
1550.00 0.38 0.25 0.50 0.75 1.00 5.35
1560.00 0.88 0.50 0.13 0.50 0.50 4.75
1570.00 1.25 0.38 0.38 0.75 0.88 5.30
1580.00 2.63 0.50 0.38 0.13 0.88 5.30
1590.00 1.00 1.00 0.63 0.25 0.25 5.05
1600.00 0.88 0.75 0.50 0.38 1.13 5.40
1610.00 0.50 0.50 0.38 0.50 0.50 4.90
1620.00 1.38 0.25 0.50 0.38 0.38 5.10
1630.00 0.75 0.50 0.50 0.75 1.13 5.10
1640.00 1.00 0.38 0.63 0.88 1.50 5.55
1650.00 0.38 0.00 0.38 1.25 0.38 4.60
1660.00 1.88 0.25 0.75 0.88 0.50 5.40
1670.00 1.75 0.38 0.25 0.13 0.50 5.05
1680.00 2.50 0.63 0.38 0.38 0.75 5.45
1690.00 1.00 1.25 0.13 0.13 1.00 5.30
1700.00 1.50 0.13 0.75 0.25 1.00 5.10
1710.00 1.13 0.38 1.00 0.63 0.13 5.05
1720.00 1.50 0.38 0.38 0.63 0.88 4.95
1730.00 1.38 0.88 0.50 0.38 0.13 5.35
1740.00 0.50 0.50 0.75 0.50 0.50 5.10
1750.00 1.00 0.00 1.00 0.75 0.38 5.30
1760.00 0.63 0.38 0.50 0.75 0.75 4.95
1770.00 0.50 0.13 0.13 0.38 0.75 4.80
1780.00 0.88 0.75 0.38 0.75 1.00 5.25
1790.00 0.50 1.00 1.25 0.25 0.38 5.25
1800.00 0.38 0.88 1.00 0.88 0.50 4.85
1810.00 0.50 0.63 0.25 1.50 0.13 5.60
1820.00 1.38 0.13 0.38 0.50 0.00 4.75
1830.00 1.75 1.00 0.25 0.63 0.13 5.10
1840.00 0.88 0.63 0.63 0.88 0.25 5.10
1850.00 0.38 1.25 0.38 1.13 0.00 5.15
1860.00 0.63 1.25 0.50 0.38 0.38 5.30
1870.00 0.75 0.13 0.38 0.50 0.38 5.25
1880.00 0.75 0.75 0.38 0.38 1.13 5.05
1890.00 0.38 0.25 0.75 0.38 0.38 5.00
1900.00 0.88 0.50 0.50 0.25 0.75 5.05
1910.00 1.63 0.13 0.25 0.75 0.25 5.25
1920.00 3.00 0.63 0.38 0.13 0.13 5.40
1930.00 1.88 0.13 0.25 0.25 0.75 5.15
1940.00 4.50 0.25 0.25 0.25 0.63 5.60
1950.00 5.75 0.13 0.25 0.13 0.00 5.85
1960.00 9.50 0.25 0.00 0.00 0.25 6.30
1970.00 19.38 0.00 0.00 0.00 0.00 8.35
1980.00 17.50 0.13 0.00 0.00 0.00 8.65
1990.00 11.50 0.00 0.00 0.00 0.00 6.55
2000.00 15.13 0.00 0.00 0.00 0.00 7.50
2010.00 11.75 0.00 0.00 0.00 0.00 6.80
2020.00 6.25 0.00 0.00 0.00 0.00 5.30
2030.00 6.38 0.00 0.13 0.00 0.00 5.30
2040.00 6.38 0.00 0.00 0.00 0.00 5.40
2050.00 3.88 0.13 0.00 0.00 0.13 5.20
2060.00 5.38 0.25 0.13 0.13 0.00 5.40
2070.00 5.38 0.25 0.13 0.13 0.38 5.80
2080.00 4.13 0.00 0.00 0.00 0.25 5.15
2090.00 4.50 0.00 0.13 0.13 0.25 5.40
2100.00 3.13 0.38 0.00 0.38 0.13 5.00
2110.00 1.38 0.25 0.38 0.88 0.25 5.20
2120.00 1.00 0.63 0.13 0.50 0.63 5.05
2130.00 1.50 0.63 0.13 0.25 0.38 5.05
2140.00 0.75 0.63 0.38 1.00 0.38 5.05
2150.00 0.13 0.50 0.63 0.63 0.88 5.10
2160.00 1.13 0.63 0.13 0.50 0.38 4.95
2170.00 0.50 0.88 1.00 0.75 0.38 5.25
2180.00 1.13 0.50 0.88 0.63 0.13 4.90
2190.00 1.00 0.50 0.38 0.63 0.63 5.00
2200.00 0.88 0.25 0.63 0.50 1.00 5.50
2210.00 1.13 0.50 0.63 0.50 1.00 5.20
2220.00 1.25 0.50 0.38 0.50 0.38 5.00
2230.00 0.50 0.75 0.38 0.63 0.63 4.95
2240.00 0.88 0.38 0.88 0.38 0.75 5.05
2250.00 1.00 0.50 0.75 0.88 1.13 5.10
2260.00 0.50 0.50 1.00 0.25 0.38 5.25
2270.00 0.75 0.50 1.00 0.38 0.25 5.10
2280.00 0.50 0.25 0.63 0.63 0.88 4.85
2290.00 0.38 0.50 0.38 1.25 0.50 5.10
2300.00 0.75 0.13 0.75 0.63 1.13 5.15
2310.00 0.50 0.88 0.25 0.25 0.50 4.85
2320.00 0.88 0.38 0.13 0.13 0.50 5.20
2330.00 0.63 0.25 1.13 0.63 0.38 4.85
2340.00 1.00 0.75 1.25 0.75 0.50 5.20
2350.00 0.63 0.25 1.63 0.38 0.38 5.30
2360.00 0.25 0.88 0.75 0.50 0.88 5.10
2370.00 0.50 1.00 0.50 0.88 0.50 4.95
2380.00 0.38 0.00 0.38 0.63 0.75 4.85
2390.00 0.88 0.63 0.38 0.75 1.13 5.45
2400.00 0.63 0.63 0.38 0.50 0.88 4.90
2410.00 1.00 0.50 0.38 0.50 1.00 5.15
2420.00 0.13 0.38 0.38 1.13 0.88 5.00
2430.00 0.50 0.38 0.75 0.63 0.63 5.10
2440.00 0.63 0.13 0.38 0.88 0.13 5.15
2450.00 0.63 0.63 0.50 0.50 0.38 5.05
2460.00 0.63 0.38 0.75 0.88 0.50 5.20
2470.00 0.75 0.25 0.38 0.63 0.75 5.00
2480.00 1.25 0.75 0.38 0.38 0.13 5.30
2490.00 0.88 0.50 1.00 0.38 0.50 5.05
2500.00 2.50 0.38 0.38 0.25 0.50 5.05
2510.00 1.75 0.63 0.63 0.63 0.00 5.20
2520.00 1.63 0.38 0.75 0.75 0.50 5.55
2530.00 0.88 0.25 0.75 0.25 0.38 4.90
2540.00 1.25 0.38 0.75 0.25 0.50 5.20
2550.00 1.38 0.38 1.00 0.38 0.25 5.30
2560.00 0.75 0.25 0.63 0.25 0.25 4.65
2570.00 0.38 0.88 0.50 0.88 0.25 5.45
2580.00 0.63 1.13 0.88 0.25 0.25 5.10
2590.00 1.13 0.75 1.00 0.25 0.88 5.00
2600.00 0.50 0.50 0.13 0.50 0.63 4.90
2610.00 0.38 0.63 0.63 1.25 0.38 5.15
2620.00 1.50 0.75 0.25 0.50 0.00 5.40
2630.00 1.50 0.13 1.13 0.38 0.25 5.05
2640.00 0.38 0.13 0.50 0.50 0.50 4.90
2650.00 0.38 0.38 0.75 0.88 0.88 5.40
2660.00 0.63 0.50 0.63 0.38 0.50 5.05
2670.00 0.50 0.25 0.25 1.00 0.50 5.05
2680.00 0.25 1.00 0.75 0.00 0.13 4.65
2690.00 1.38 0.88 1.00 0.75 0.75 5.35
2700.00 0.63 0.38 0.25 0.50 0.50 5.15
2710.00 1.88 0.50 0.50 0.25 0.38 5.25
2720.00 1.00 1.13 0.25 0.63 0.38 5.05
2730.00 0.88 0.50 0.50 0.63 0.63 5.20
2740.00 0.88 0.38 0.63 0.25 0.13 4.80
2750.00 2.38 0.00 0.50 0.63 0.50 5.55
2760.00 1.88 0.38 0.25 0.63 0.13 4.95
2770.00 1.13 0.25 0.50 0.88 0.25 5.00
2780.00 1.75 0.25 0.50 0.88 0.63 5.40
2790.00 0.88 0.38 0.25 0.75 0.63 5.00
2800.00 1.25 0.63 0.25 0.50 0.50 5.05
2810.00 0.63 1.13 0.13 0.38 0.63 4.90
2820.00 1.13 1.00 0.13 0.13 0.25 5.50
2830.00 0.63 1.25 0.75 0.63 0.63 5.30
2840.00 0.38 0.38 1.25 0.88 0.25 4.90
2850.00 1.38 0.50 1.00 0.25 0.38 5.15
2860.00 1.25 0.50 0.38 0.00 0.75 5.15
2870.00 1.25 0.50 0.38 0.38 0.25 4.85
2880.00 1.25 0.88 0.50 0.38 0.25 5.05
2890.00 0.75 0.38 0.50 0.63 0.50 5.00
2900.00 0.75 0.25 0.88 0.88 0.75 5.30
2910.00 0.75 0.63 0.38 0.50 0.50 5.10
2920.00 0.50 1.00 0.38 0.38 0.50 5.25
2930.00 0.88 0.63 0.38 0.88 0.38 4.90
2940.00 1.25 0.75 0.75 0.38 0.50 5.35
2950.00 0.63 0.25 0.38 0.88 0.50 4.80
2960.00 0.75 0.38 0.25 0.75 1.25 5.30
2970.00 0.75 0.13 0.50 0.25 1.25 5.20
2980.00 0.75 0.25 0.13 0.25 2.13 4.85
2990.00 0.13 0.63 0.63 0.25 1.00 5.30
3000.00 0.88 0.25 0.88 0.50 1.00 5.25
3010.00 1.13 0.50 0.75 0.38 0.88 5.05
3020.00 1.88 0.13 0.63 0.25 1.00 5.05
3030.00 0.63 0.25 0.50 0.38 0.75 4.85
3040.00 1.25 0.50 0.38 0.13 0.75 5.55
3050.00 2.00 0.63 0.38 0.25 0.63 5.30
3060.00 1.13 0.63 0.38 0.25 0.13 4.75
3070.00 1.38 0.13 0.00 0.25 0.75 5.25
3080.00 1.63 0.13 0.38 1.13 0.75 5.10
3090.00 0.88 0.88 0.25 0.50 1.50 5.00
3100.00 1.00 1.13 0.25 0.63 0.38 5.45
3110.00 0.75 0.13 0.38 0.63 0.13 4.60
3120.00 2.13 0.38 0.13 0.63 0.63 5.25
3130.00 2.25 0.75 0.88 0.13 0.88 5.70
3140.00 0.63 0.25 0.38 0.50 0.13 4.80
3150.00 1.13 0.13 0.50 0.75 0.50 4.95
3160.00 1.00 0.38 0.38 0.38 0.75 5.15
3170.00 1.00 0.25 0.38 0.88 0.25 5.00
3180.00 1.75 0.75 0.13 0.50 0.25 5.35
3190.00 0.88 0.75 0.25 0.38 0.38 5.10
3200.00 0.88 1.00 0.13 0.75 0.50 5.10
3210.00 0.38 0.38 0.13 1.13 1.00 4.85
3220.00 0.38 0.25 0.63 0.75 0.50 5.20
3230.00 1.50 1.00 0.63 0.25 0.63 5.10
3240.00 1.00 0.38 0.50 0.63 0.38 5.15
3250.00 0.50 0.63 0.75 0.50 0.63 4.95
3260.00 0.88 0.38 0.13 0.38 0.38 5.10
3270.00 0.63 0.50 0.25 0.25 0.50 4.90
3280.00 0.75 0.38 1.00 0.88 0.63 5.10
3290.00 1.38 0.63 0.88 0.50 0.63 5.35
3300.00 0.75 0.75 0.38 0.38 0.63 5.05
3310.00 1.88 0.63 0.38 0.63 0.88 5.25
3320.00 0.88 0.63 0.00 0.25 0.50 4.85
3330.00 0.75 0.50 0.38 0.38 0.88 5.00
3340.00 1.13 1.00 0.38 0.88 0.88 5.30
3350.00 0.88 0.25 0.13 0.25 0.63 5.15
3360.00 0.75 0.88 0.38 0.75 1.00 5.00
3370.00 0.88 0.88 0.00 1.00 0.50 5.00
3380.00 0.88 0.75 0.63 1.13 0.63 5.25
3390.00 1.00 0.38 0.75 0.63 1.00 5.25
3400.00 0.88 0.75 0.38 0.63 0.50 5.00
3410.00 0.38 0.25 0.88 0.13 0.38 5.15
3420.00 0.75 0.50 1.00 1.25 0.13 5.00
3430.00 1.38 0.38 0.13 0.63 0.38 5.30
3440.00 0.25 0.50 0.38 0.38 0.50 5.00
3450.00 0.88 0.63 0.38 0.88 0.50 5.05
3460.00 0.38 0.63 0.50 0.38 0.88 5.10
3470.00 1.00 0.63 0.50 0.88 0.25 5.25
3480.00 1.00 0.75 0.50 0.50 0.00 5.10
3490.00 0.25 0.88 0.50 0.63 0.38 4.80
3500.00 0.63 0.75 0.38 0.25 0.25 5.05
3510.00 0.63 0.75 0.38 1.25 0.38 5.35
3520.00 0.25 0.63 0.75 1.13 0.63 5.00
3530.00 0.38 0.50 0.25 0.75 0.63 4.85
3540.00 0.75 0.75 0.25 0.75 0.38 5.05
3550.00 0.88 0.88 0.25 0.75 0.25 5.50
3560.00 0.50 0.63 0.63 0.13 0.38 4.70
3570.00 0.63 0.75 0.63 0.13 0.75 5.25
3580.00 1.50 0.38 0.75 1.00 0.25 5.15
3590.00 1.38 0.63 0.00 0.25 0.50 5.10
3600.00 1.38 0.25 0.50 0.38 0.75 4.85
3610.00 1.25 0.88 0.25 0.50 0.75 5.35
3620.00 1.50 0.38 0.38 0.00 0.13 5.25
3630.00 1.63 0.50 0.75 0.50 0.25 4.95
3640.00 1.00 0.38 0.50 0.63 0.38 5.15
3650.00 1.50 0.25 0.38 0.50 0.63 5.05
3660.00 1.50 0.13 0.13 0.38 0.38 4.95
3670.00 1.75 0.25 0.88 0.88 0.63 5.40
3680.00 0.63 0.50 0.88 0.25 0.25 4.80
3690.00 1.13 0.50 0.63 1.00 0.50 5.15
3700.00 1.25 0.38 0.75 0.75 0.25 5.20
3710.00 1.00 0.63 1.00 0.88 0.38 5.00
3720.00 1.88 0.25 0.75 0.88 0.13 5.35
3730.00 0.75 0.50 0.63 0.63 0.50 5.05
3740.00 0.63 0.75 0.63 0.50 0.00 4.85
3750.00 0.63 0.25 0.38 0.75 1.00 5.25
3760.00 0.50 0.50 0.38 0.13 0.75 5.05
3770.00 0.50 0.50 1.25 0.50 0.75 5.15
3780.00 0.50 0.63 0.88 0.50 0.13 4.80
3790.00 0.88 0.13 0.63 0.50 0.50 5.35
3800.00 0.63 1.13 0.25 0.25 0.88 4.70
3810.00 0.63 1.75 0.13 0.25 1.00 5.40
3820.00 1.13 0.38 0.38 0.50 0.63 4.95
3830.00 0.75 0.25 0.25 0.75 0.88 5.25
3840.00 0.25 1.00 0.00 0.38 0.63 4.75
3850.00 0.63 0.38 0.63 0.50 0.88 5.20
3860.00 0.38 0.63 0.50 0.75 0.88 5.35
3870.00 0.50 0.63 0.63 0.38 0.50 4.85
3880.00 0.88 0.88 0.50 0.25 0.38 5.15
3890.00 0.63 0.50 1.50 0.25 0.75 5.20
3900.00 0.50 0.50 0.38 0.50 0.75 4.95
3910.00 1.38 0.25 0.75 0.25 0.38 5.10
3920.00 0.63 0.38 0.50 0.25 0.50 4.90
3930.00 1.00 0.63 0.88 0.38 0.75 5.35
3940.00 1.25 0.38 0.75 0.38 0.50 5.00
3950.00 0.38 0.50 0.50 0.63 0.13 4.85
3960.00 0.75 0.75 0.38 1.38 0.63 5.40
3970.00 0.25 0.63 0.25 1.38 0.50 5.05
3980.00 0.38 0.25 0.00 0.50 0.25 4.95
3990.00 0.50 0.50 0.25 0.88 0.88 5.00
4000.00 1.00 0.25 0.25 1.38 0.75 5.10
