10.00 0.75 0.63 0.13 0.13 0.13 5.30
20.00 0.63 0.13 0.13 0.38 0.13 4.85
30.00 0.63 0.00 0.63 0.38 0.38 5.20
40.00 0.50 0.38 0.88 0.13 0.38 5.05
50.00 0.00 0.63 0.63 0.25 0.50 5.25
60.00 0.38 0.38 0.25 0.13 1.38 5.70
70.00 0.25 0.00 0.25 0.13 0.75 4.75
80.00 0.50 0.38 0.88 0.38 0.50 5.55
90.00 0.00 0.50 0.38 0.38 0.63 4.85
100.00 0.63 0.38 0.88 1.13 0.88 5.75
110.00 0.00 0.63 0.88 0.63 0.13 5.30
120.00 1.25 0.50 0.25 0.88 0.25 5.15
130.00 0.88 0.50 0.75 0.25 0.13 5.10
140.00 0.63 0.00 0.38 0.38 0.13 5.10
150.00 0.75 0.38 0.25 0.63 0.25 5.10
160.00 0.88 0.75 0.25 0.63 0.38 5.30
170.00 0.13 0.75 0.50 0.38 0.38 5.45
180.00 0.88 0.25 0.63 0.38 0.25 5.20
190.00 0.38 0.13 0.63 1.00 0.13 5.25
200.00 0.25 0.38 0.13 0.38 0.25 5.35
210.00 1.38 0.25 0.25 0.38 0.25 5.15
220.00 0.50 0.38 0.63 0.50 0.75 5.05
230.00 0.13 0.50 0.38 0.38 0.63 5.20
240.00 0.50 0.50 0.25 0.38 0.38 5.20
250.00 0.63 0.00 0.38 0.50 0.50 5.30
260.00 0.13 0.25 0.25 1.00 0.38 5.25
270.00 0.00 0.88 0.38 0.25 0.25 5.00
280.00 0.75 0.13 0.13 0.50 0.00 5.30
290.00 0.38 0.38 0.38 0.25 0.63 5.30
300.00 1.38 0.38 0.50 0.25 0.13 5.20
310.00 1.00 1.00 0.38 0.38 0.25 5.40
320.00 0.88 0.38 0.13 0.13 0.38 4.95
330.00 0.75 0.38 0.63 0.13 0.63 5.40
340.00 0.13 1.13 0.13 0.13 0.50 5.05
350.00 0.13 0.38 0.25 0.25 0.13 5.30
360.00 0.13 0.38 0.13 0.50 0.00 4.80
370.00 0.50 0.63 0.38 0.63 0.75 5.40
380.00 0.38 0.63 0.13 0.63 0.88 5.30
390.00 0.88 0.50 0.00 0.88 0.50 5.45
400.00 0.50 0.38 0.63 0.38 0.13 5.05
410.00 0.50 0.13 0.75 0.38 0.25 5.20
420.00 0.75 0.50 0.63 1.13 0.25 5.35
430.00 0.25 0.63 0.13 0.25 0.13 4.95
440.00 0.25 0.63 0.25 0.63 0.63 5.20
450.00 0.13 1.00 0.38 0.75 0.50 5.40
460.00 0.13 0.13 0.25 0.50 0.25 5.00
470.00 0.13 0.63 0.38 1.00 0.25 5.50
480.00 0.00 1.00 0.38 0.13 0.38 5.05
490.00 1.13 0.38 0.50 0.13 0.38 5.50
500.00 0.50 0.00 0.38 0.25 0.50 4.85
510.00 0.50 0.75 0.38 0.13 0.25 4.70
520.00 0.25 0.50 0.50 0.25 1.13 5.55
530.00 0.25 0.38 0.13 0.38 2.13 5.60
540.00 0.25 0.25 0.25 0.25 1.50 4.90
550.00 0.50 0.13 0.38 0.13 0.88 5.45
560.00 0.25 0.38 0.25 0.00 0.75 5.15
570.00 0.13 0.13 0.38 0.50 1.25 5.40
580.00 0.13 0.25 0.13 0.50 0.00 5.20
590.00 0.38 0.63 0.50 0.13 0.50 5.25
600.00 0.75 0.50 0.50 0.00 0.50 5.10
610.00 0.38 0.00 0.25 0.50 1.00 4.95
620.00 0.25 1.00 0.50 0.50 0.13 5.55
630.00 0.38 0.25 0.63 0.00 0.63 5.20
640.00 0.50 0.88 0.63 0.75 0.38 5.05
650.00 0.50 0.75 0.50 0.25 1.13 5.50
660.00 0.25 0.25 1.13 0.50 0.75 5.45
670.00 0.25 0.13 0.25 0.63 0.75 4.95
680.00 1.00 0.25 0.13 0.50 0.25 5.20
690.00 0.50 0.13 0.38 0.25 0.50 5.25
700.00 0.00 0.38 0.63 0.75 0.63 5.25
710.00 0.50 0.00 0.38 0.50 0.00 4.85
720.00 0.50 0.13 0.75 0.75 0.25 5.45
730.00 0.38 0.38 0.50 0.50 0.13 5.15
740.00 0.38 0.38 1.00 0.25 0.75 5.15
750.00 0.38 0.25 0.88 0.25 0.25 5.20
760.00 0.50 0.25 0.38 0.25 1.00 5.35
770.00 0.25 1.13 0.38 0.25 0.88 5.30
780.00 0.13 0.50 0.13 0.50 0.38 4.95
790.00 0.50 1.13 0.25 0.50 0.38 5.65
800.00 0.25 0.50 0.25 0.38 0.25 4.55
810.00 0.50 0.50 0.50 0.50 0.50 5.10
820.00 0.38 0.63 0.50 0.25 0.63 5.75
830.00 0.25 0.13 0.50 0.25 0.50 5.10
840.00 0.25 0.13 0.75 0.50 1.00 5.35
850.00 0.25 0.38 0.00 0.50 0.63 5.05
860.00 0.38 1.00 1.00 0.38 0.38 5.80
870.00 0.25 0.75 0.50 0.50 0.75 5.25
880.00 0.25 0.38 0.38 0.13 0.75 5.15
890.00 0.25 0.38 0.25 0.63 0.38 5.20
900.00 1.00 0.38 0.13 0.25 0.38 5.10
910.00 0.25 0.50 0.13 0.38 0.88 5.10
920.00 1.00 0.13 0.25 0.63 0.13 5.20
930.00 1.00 0.25 0.25 0.25 0.25 5.30
940.00 0.38 0.75 0.13 0.38 0.50 5.45
950.00 0.25 0.50 0.13 0.50 0.25 4.95
960.00 0.63 0.50 0.50 0.00 0.38 5.10
970.00 0.88 0.13 0.25 0.63 0.13 5.40
980.00 0.75 0.38 1.25 0.13 0.38 5.40
990.00 0.00 0.88 0.75 0.13 0.25 4.80
1000.00 0.13 0.88 0.25 0.50 0.25 5.20
1010.00 9.88 0.50 0.25 0.25 0.00 8.05
1020.00 4.88 0.00 0.00 0.00 0.00 5.70
1030.00 4.00 0.00 0.00 0.00 0.00 6.00
1040.00 5.88 0.00 0.00 0.00 0.13 5.85
1050.00 4.50 0.00 0.00 0.00 0.00 5.60
1060.00 3.13 0.25 0.00 0.00 0.25 5.55
1070.00 4.50 0.13 0.00 0.13 0.13 5.85
1080.00 3.38 0.00 0.00 0.00 0.00 5.10
1090.00 5.00 0.13 0.13 0.00 0.13 6.10
1100.00 3.38 0.00 0.13 0.00 0.00 5.45
1110.00 2.38 0.00 0.25 0.00 0.00 5.20
1120.00 2.13 0.00 0.25 0.00 0.13 5.15
1130.00 2.25 0.63 0.25 0.00 0.00 5.70
1140.00 2.38 0.25 0.13 0.13 0.13 4.85
1150.00 1.00 0.75 0.00 0.00 0.13 5.35
1160.00 1.13 0.38 0.38 0.50 0.00 5.05
1170.00 0.88 0.50 0.13 0.13 0.13 5.20
1180.00 0.63 0.25 0.38 0.25 0.63 5.25
1190.00 0.63 0.38 1.75 0.13 0.38 5.10
1200.00 0.88 0.13 0.50 0.00 0.75 5.50
1210.00 0.63 0.50 0.88 0.25 0.38 5.35
1220.00 0.13 0.00 0.50 0.25 0.13 5.05
1230.00 0.38 0.50 0.38 0.25 0.50 5.10
1240.00 0.38 1.00 0.38 0.88 0.13 5.45
1250.00 0.50 0.75 0.25 0.13 0.25 5.10
1260.00 0.63 0.25 0.50 0.25 0.63 5.20
1270.00 0.25 0.75 0.38 0.13 0.50 5.65
1280.00 0.50 0.13 0.38 0.25 0.50 5.10
1290.00 0.38 0.88 0.38 0.25 0.00 5.10
1300.00 0.25 0.25 0.63 0.25 0.50 4.95
1310.00 0.50 0.38 0.38 0.00 0.38 5.50
1320.00 0.75 0.13 0.38 0.25 0.63 5.05
1330.00 0.13 0.88 0.25 0.38 0.63 5.30
1340.00 0.38 0.38 0.13 0.25 0.63 5.25
1350.00 0.50 0.63 0.00 0.25 0.25 4.95
1360.00 0.50 0.50 0.50 0.25 0.50 5.50
1370.00 0.13 0.50 0.13 0.75 0.25 5.00
1380.00 0.88 1.13 1.00 0.13 0.25 5.55
1390.00 0.63 0.50 0.50 0.13 0.38 4.80
1400.00 0.50 0.63 0.88 0.00 0.75 5.55
1410.00 0.50 0.50 0.38 0.38 0.25 5.15
1420.00 0.63 1.00 0.25 0.25 0.25 5.20
1430.00 0.13 0.25 0.25 0.13 0.25 4.95
1440.00 0.63 0.50 0.25 0.50 0.38 5.20
1450.00 0.25 0.25 0.50 0.25 0.63 5.25
1460.00 1.38 0.50 0.38 0.38 0.00 5.40
1470.00 0.63 0.50 0.00 0.50 0.63 5.05
1480.00 0.13 0.50 0.63 0.50 0.13 5.30
1490.00 0.25 1.00 0.25 0.25 0.13 5.05
1500.00 1.00 0.63 0.50 0.25 0.25 5.40
1510.00 0.50 0.13 0.63 0.13 0.25 5.35
1520.00 0.88 0.38 0.13 0.38 0.25 5.25
1530.00 0.63 0.38 0.38 1.13 0.25 5.35
1540.00 0.25 0.50 0.38 0.88 0.00 5.15
1550.00 0.50 0.50 0.75 0.13 0.50 5.25
1560.00 0.00 0.13 0.50 0.50 0.25 5.20
1570.00 0.00 1.00 0.88 0.25 0.50 5.40
1580.00 0.13 0.50 0.75 0.75 0.63 5.35
1590.00 0.25 0.38 0.13 1.00 0.50 5.30
1600.00 0.50 0.13 0.63 0.38 0.38 4.90
1610.00 0.25 0.13 0.13 1.13 0.63 5.05
1620.00 0.75 0.63 0.50 0.38 0.13 5.25
1630.00 1.00 0.13 0.75 0.88 0.25 5.50
1640.00 0.63 0.38 1.13 0.00 0.38 4.95
1650.00 0.88 0.13 0.13 0.50 0.00 5.50
1660.00 0.13 0.13 0.63 0.50 0.50 5.00
1670.00 1.25 0.13 0.75 0.25 0.13 5.35
1680.00 0.38 0.75 0.25 0.50 0.75 5.35
1690.00 0.13 0.38 0.75 0.38 0.13 5.30
1700.00 0.38 0.25 0.63 0.25 0.38 5.00
1710.00 0.00 0.63 0.63 0.75 0.13 5.30
1720.00 0.75 0.75 0.50 0.38 0.00 5.25
1730.00 1.00 0.13 0.25 0.00 0.13 4.90
1740.00 1.25 0.25 0.63 0.38 0.13 5.60
1750.00 0.75 0.50 0.38 0.50 0.38 5.10
1760.00 0.75 0.25 0.25 0.25 0.38 5.40
1770.00 0.50 0.25 0.88 0.38 0.50 5.40
1780.00 0.50 0.25 0.63 0.38 0.50 4.80
1790.00 0.63 0.38 0.50 0.25 0.63 5.45
1800.00 0.38 0.50 0.38 0.13 0.63 5.25
1810.00 0.13 0.13 0.50 0.63 0.50 5.20
1820.00 0.75 0.25 0.25 0.38 0.63 5.55
1830.00 0.25 0.13 0.13 0.63 1.50 4.85
1840.00 0.63 0.50 0.00 0.75 0.25 5.05
1850.00 0.25 0.00 0.13 0.38 1.25 5.50
1860.00 1.00 0.38 0.13 0.50 0.63 5.60
1870.00 0.50 0.63 0.13 0.38 0.38 5.05
1880.00 0.38 0.50 0.25 0.25 0.50 5.20
1890.00 0.88 0.25 0.25 0.63 0.13 5.20
1900.00 0.50 0.38 0.50 0.13 0.38 5.35
1910.00 0.75 0.63 0.75 0.38 0.50 5.15
1920.00 0.38 0.63 0.75 0.38 0.25 4.90
1930.00 0.13 0.25 0.50 0.13 0.50 5.40
1940.00 0.25 0.63 0.50 0.25 0.75 4.95
1950.00 0.25 0.75 0.75 0.38 0.13 5.30
1960.00 0.13 0.88 0.50 0.50 0.25 5.50
1970.00 0.13 0.88 0.13 0.75 0.63 5.05
1980.00 0.38 0.38 0.50 0.38 0.50 5.30
1990.00 0.88 0.38 0.00 0.50 0.50 5.30
2000.00 1.63 0.25 0.00 0.38 0.00 5.00
2010.00 1.88 0.00 0.25 0.75 0.25 5.60
2020.00 2.50 0.25 0.38 0.38 0.38 5.45
2030.00 1.50 0.00 0.00 0.13 0.13 5.05
2040.00 2.50 0.13 0.25 0.50 0.38 5.75
2050.00 2.25 0.50 0.13 0.13 0.25 5.30
2060.00 2.75 0.00 0.50 0.13 0.00 5.20
2070.00 4.00 0.13 0.00 0.00 0.25 6.20
2080.00 3.50 0.13 0.13 0.13 0.25 5.25
2090.00 5.75 0.00 0.00 0.13 0.13 6.35
2100.00 6.63 0.00 0.00 0.00 0.00 6.55
2110.00 7.88 0.00 0.13 0.00 0.00 6.80
2120.00 5.00 0.00 0.00 0.00 0.00 5.75
2130.00 5.88 0.00 0.00 0.00 0.00 6.25
2140.00 8.88 0.00 0.00 0.00 0.00 7.15
2150.00 5.75 0.00 0.00 0.00 0.00 6.05
2160.00 9.75 0.00 0.00 0.00 0.00 7.75
2170.00 3.50 0.00 0.00 0.00 0.00 5.20
2180.00 9.38 0.00 0.00 0.00 0.00 7.55
2190.00 8.50 0.00 0.00 0.00 0.00 6.80
2200.00 7.25 0.00 0.00 0.00 0.00 7.00
2210.00 8.00 0.00 0.00 0.00 0.00 6.75
2220.00 5.88 0.00 0.00 0.00 0.00 6.20
2230.00 8.13 0.00 0.00 0.00 0.00 7.10
2240.00 8.13 0.00 0.00 0.00 0.00 6.75
2250.00 11.38 0.00 0.00 0.00 0.00 8.15
2260.00 8.25 0.00 0.00 0.00 0.00 7.25
2270.00 7.38 0.00 0.00 0.00 0.00 6.35
2280.00 8.75 0.00 0.00 0.00 0.00 7.40
2290.00 5.25 0.00 0.00 0.00 0.00 5.70
2300.00 8.25 0.00 0.00 0.00 0.00 7.00
2310.00 8.88 0.00 0.00 0.00 0.00 6.75
2320.00 6.75 0.00 0.00 0.00 0.00 7.15
2330.00 9.13 0.00 0.00 0.00 0.00 6.95
2340.00 5.88 0.00 0.00 0.00 0.00 6.40
2350.00 10.50 0.00 0.00 0.00 0.00 7.70
2360.00 10.00 0.00 0.00 0.00 0.00 7.50
2370.00 8.00 0.00 0.00 0.00 0.00 7.00
2380.00 7.38 0.00 0.00 0.00 0.00 6.60
2390.00 5.00 0.00 0.25 0.00 0.00 5.50
2400.00 7.00 0.00 0.00 0.00 0.00 6.70
2410.00 9.50 0.00 0.00 0.00 0.00 7.40
2420.00 9.00 0.00 0.00 0.00 0.00 7.15
2430.00 13.13 0.00 0.00 0.00 0.00 8.80
2440.00 5.00 0.00 0.00 0.00 0.00 5.90
2450.00 10.75 0.00 0.00 0.00 0.00 8.10
2460.00 16.00 0.00 0.00 0.00 0.00 9.75
2470.00 7.63 0.00 0.00 0.00 0.00 6.50
2480.00 9.75 0.00 0.00 0.00 0.00 7.85
2490.00 7.00 0.00 0.00 0.00 0.00 6.65
2500.00 9.00 0.00 0.00 0.00 0.00 6.85
2510.00 13.25 0.00 0.00 0.00 0.00 9.15
2520.00 3.00 0.00 0.00 0.00 0.00 5.00
2530.00 10.63 0.00 0.00 0.00 0.00 8.05
2540.00 5.13 0.00 0.00 0.00 0.00 5.65
2550.00 7.88 0.00 0.00 0.00 0.00 6.70
2560.00 11.63 0.00 0.00 0.00 0.00 8.70
2570.00 6.75 0.00 0.00 0.00 0.00 6.30
2580.00 8.38 0.00 0.00 0.00 0.00 7.15
2590.00 6.38 0.00 0.00 0.00 0.00 6.25
2600.00 8.63 0.00 0.00 0.00 0.00 7.20
2610.00 17.13 0.00 0.00 0.00 0.00 9.65
2620.00 9.25 0.00 0.00 0.00 0.00 7.95
2630.00 8.50 0.00 0.00 0.00 0.00 6.85
2640.00 6.63 0.00 0.00 0.00 0.00 6.45
2650.00 10.50 0.00 0.00 0.00 0.00 7.60
2660.00 8.13 0.00 0.00 0.00 0.00 7.05
2670.00 5.88 0.00 0.00 0.00 0.00 6.20
2680.00 15.75 0.00 0.00 0.00 0.00 9.25
2690.00 7.75 0.00 0.00 0.00 0.00 6.95
2700.00 12.63 0.00 0.00 0.00 0.00 8.95
2710.00 8.75 0.00 0.00 0.00 0.00 7.05
2720.00 5.63 0.00 0.00 0.00 0.00 5.90
2730.00 5.50 0.00 0.13 0.00 0.00 6.10
2740.00 5.75 0.00 0.00 0.00 0.00 6.15
2750.00 8.13 0.00 0.00 0.00 0.00 6.85
2760.00 10.00 0.00 0.00 0.00 0.00 7.90
2770.00 17.75 0.00 0.00 0.00 0.00 10.60
2780.00 10.88 0.00 0.00 0.00 0.00 7.45
2790.00 13.88 0.00 0.00 0.00 0.00 9.30
2800.00 10.75 0.00 0.00 0.00 0.00 7.95
2810.00 5.00 0.00 0.00 0.00 0.00 5.70
2820.00 6.00 0.00 0.00 0.00 0.00 6.15
2830.00 11.63 0.00 0.00 0.00 0.00 8.30
2840.00 7.25 0.00 0.00 0.00 0.00 6.70
2850.00 9.25 0.00 0.00 0.00 0.00 7.35
2860.00 8.63 0.00 0.00 0.00 0.00 6.75
2870.00 13.63 0.00 0.00 0.00 0.00 9.65
2880.00 8.25 0.00 0.00 0.00 0.00 6.30
2890.00 11.00 0.00 0.00 0.00 0.00 8.55
2900.00 8.63 0.00 0.00 0.00 0.00 7.05
2910.00 6.38 0.00 0.00 0.00 0.00 6.35
2920.00 4.75 0.00 0.00 0.00 0.00 5.85
2930.00 9.50 0.00 0.00 0.00 0.00 7.30
2940.00 8.88 0.00 0.00 0.00 0.00 7.35
2950.00 12.25 0.00 0.00 0.00 0.00 8.20
2960.00 16.00 0.00 0.00 0.00 0.00 9.85
2970.00 12.25 0.00 0.00 0.00 0.00 8.30
2980.00 9.38 0.00 0.00 0.00 0.00 7.80
2990.00 7.88 0.00 0.00 0.00 0.00 6.80
3000.00 9.88 0.00 0.00 0.00 0.00 7.60
3010.00 4.75 0.00 0.00 0.00 0.00 5.65
3020.00 6.00 0.00 0.00 0.00 0.00 6.10
3030.00 8.88 0.00 0.00 0.00 0.00 7.35
3040.00 9.50 0.00 0.00 0.00 0.00 7.30
3050.00 13.88 0.00 0.00 0.00 0.00 9.05
3060.00 6.63 0.00 0.00 0.00 0.00 6.70
3070.00 8.25 0.00 0.00 0.00 0.00 6.95
3080.00 19.88 0.00 0.00 0.00 0.00 11.45
3090.00 11.88 0.00 0.00 0.00 0.00 8.40
3100.00 3.88 0.00 0.00 0.00 0.00 5.05
3110.00 7.63 0.00 0.00 0.00 0.00 6.80
3120.00 8.63 0.00 0.00 0.00 0.00 7.35
3130.00 7.88 0.00 0.00 0.00 0.00 6.75
3140.00 11.13 0.00 0.00 0.00 0.00 8.25
3150.00 9.75 0.00 0.00 0.00 0.00 7.45
3160.00 14.88 0.00 0.00 0.00 0.00 8.95
3170.00 9.00 0.00 0.00 0.00 0.00 7.50
3180.00 5.75 0.00 0.00 0.00 0.00 6.00
3190.00 7.25 0.00 0.00 0.00 0.00 6.70
3200.00 8.75 0.00 0.00 0.00 0.00 7.00
3210.00 12.63 0.00 0.00 0.00 0.00 9.05
3220.00 14.50 0.00 0.00 0.00 0.00 9.25
3230.00 12.50 0.00 0.00 0.00 0.00 8.45
3240.00 4.88 0.00 0.00 0.00 0.00 5.85
3250.00 5.25 0.00 0.00 0.00 0.00 5.80
3260.00 12.13 0.00 0.00 0.00 0.00 8.55
3270.00 5.13 0.00 0.00 0.00 0.00 5.65
3280.00 10.13 0.00 0.00 0.00 0.00 7.50
3290.00 15.13 0.00 0.00 0.00 0.00 10.05
3300.00 20.63 0.00 0.00 0.00 0.00 11.35
3310.00 7.88 0.00 0.00 0.00 0.00 6.80
3320.00 4.63 0.00 0.00 0.00 0.00 5.65
3330.00 6.13 0.00 0.00 0.00 0.00 5.65
3340.00 11.38 0.00 0.00 0.00 0.00 8.50
3350.00 8.00 0.00 0.00 0.00 0.00 6.90
3360.00 11.38 0.00 0.00 0.00 0.00 7.85
3370.00 11.00 0.00 0.00 0.00 0.00 8.10
3380.00 6.63 0.00 0.00 0.00 0.00 6.75
3390.00 6.25 0.00 0.00 0.00 0.00 6.10
3400.00 12.25 0.00 0.00 0.00 0.00 8.35
3410.00 10.88 0.00 0.00 0.00 0.00 7.80
3420.00 8.13 0.00 0.00 0.00 0.00 7.10
3430.00 9.63 0.00 0.00 0.00 0.00 7.55
3440.00 8.38 0.00 0.00 0.00 0.00 7.15
3450.00 12.00 0.00 0.00 0.00 0.00 8.45
3460.00 7.00 0.00 0.00 0.00 0.00 6.00
3470.00 12.13 0.00 0.00 0.00 0.00 8.75
3480.00 6.50 0.00 0.00 0.00 0.00 6.30
3490.00 11.38 0.00 0.00 0.00 0.00 8.55
3500.00 11.75 0.00 0.00 0.00 0.00 8.20
3510.00 8.88 0.00 0.00 0.00 0.00 7.35
3520.00 7.63 0.00 0.00 0.00 0.00 6.35
3530.00 5.25 0.00 0.00 0.00 0.00 5.95
3540.00 16.38 0.00 0.00 0.00 0.00 10.05
3550.00 11.63 0.00 0.00 0.00 0.00 7.90
3560.00 11.63 0.00 0.00 0.00 0.00 8.40
3570.00 10.38 0.00 0.00 0.00 0.00 7.90
3580.00 13.13 0.00 0.00 0.00 0.00 8.75
3590.00 6.63 0.00 0.00 0.00 0.00 6.35
3600.00 7.13 0.00 0.00 0.00 0.00 6.40
3610.00 7.38 0.00 0.00 0.00 0.00 6.90
3620.00 9.25 0.00 0.00 0.00 0.00 7.25
3630.00 18.63 0.00 0.00 0.00 0.00 10.65
3640.00 6.75 0.00 0.00 0.00 0.00 6.50
3650.00 10.38 0.00 0.00 0.00 0.00 7.70
3660.00 16.00 0.00 0.00 0.00 0.00 10.15
3670.00 4.00 0.00 0.00 0.00 0.00 5.10
3680.00 6.63 0.00 0.00 0.00 0.00 6.55
3690.00 7.50 0.00 0.00 0.00 0.00 6.60
3700.00 4.25 0.00 0.00 0.00 0.00 5.40
3710.00 9.63 0.00 0.00 0.00 0.00 7.60
3720.00 10.50 0.00 0.00 0.00 0.00 7.90
3730.00 19.38 0.00 0.00 0.00 0.00 11.05
3740.00 12.13 0.00 0.00 0.00 0.00 8.25
3750.00 10.13 0.00 0.00 0.00 0.00 7.90
3760.00 7.00 0.00 0.00 0.00 0.00 6.30
3770.00 8.00 0.00 0.00 0.00 0.00 6.70
3780.00 15.25 0.00 0.00 0.00 0.00 9.15
3790.00 6.88 0.00 0.00 0.00 0.00 6.95
3800.00 8.13 0.00 0.00 0.00 0.00 7.00
3810.00 3.75 0.00 0.00 0.00 0.00 5.40
3820.00 8.13 0.00 0.00 0.00 0.00 6.75
3830.00 9.25 0.00 0.00 0.13 0.00 7.40
3840.00 11.88 0.00 0.00 0.00 0.00 8.35
3850.00 6.38 0.00 0.00 0.00 0.00 6.55
3860.00 22.13 0.00 0.00 0.00 0.00 12.05
3870.00 18.50 0.00 0.00 0.00 0.00 10.40
3880.00 3.63 0.00 0.00 0.00 0.00 5.60
3890.00 4.63 0.00 0.00 0.00 0.00 5.55
3900.00 8.50 0.00 0.00 0.00 0.00 7.15
3910.00 5.13 0.00 0.00 0.00 0.00 6.20
3920.00 7.88 0.00 0.00 0.00 0.00 6.40
3930.00 13.38 0.00 0.00 0.00 0.00 9.20
3940.00 17.25 0.00 0.00 0.00 0.00 10.05
3950.00 12.13 0.00 0.00 0.00 0.00 8.35
3960.00 5.63 0.00 0.00 0.00 0.00 6.45
3970.00 4.75 0.00 0.00 0.00 0.00 5.40
3980.00 4.38 0.00 0.00 0.00 0.00 5.75
3990.00 7.63 0.00 0.00 0.00 0.13 6.65
4000.00 14.63 0.13 0.00 0.00 0.00 9.60
