10.00	0.99581	0.99719	0.99535	0.99771	0.99730	
20.00	0.99542	0.99726	0.99558	0.99729	0.99737	
30.00	0.99564	0.99717	0.99535	0.99733	0.99739	
40.00	0.99585	0.99730	0.99539	0.99655	0.99726	
50.00	0.99605	0.99722	0.99546	0.99660	0.99739	
60.00	0.99587	0.99709	0.99533	0.99659	0.99752	
70.00	0.99604	0.99723	0.99550	0.99620	0.99759	
80.00	0.99612	0.99736	0.99569	0.99636	0.99745	
90.00	0.99617	0.99734	0.99588	0.99610	0.99758	
100.00	0.99634	0.99732	0.99607	0.99612	0.99725	
110.00	0.99608	0.99744	0.99612	0.99631	0.99704	
120.00	0.99610	0.99755	0.99630	0.99618	0.99713	
130.00	0.99618	0.99739	0.99648	0.99635	0.99727	
140.00	0.99636	0.99728	0.99621	0.99653	0.99723	
150.00	0.99654	0.99701	0.99636	0.99618	0.99704	
160.00	0.99671	0.99704	0.99649	0.99636	0.99716	
170.00	0.99682	0.99694	0.99618	0.99649	0.99730	
180.00	0.99695	0.99692	0.99636	0.99609	0.99740	
190.00	0.99684	0.99697	0.99618	0.99628	0.99714	
200.00	0.99690	0.99689	0.99615	0.99624	0.99724	
210.00	0.99700	0.99705	0.99630	0.99622	0.99735	
220.00	0.99695	0.99717	0.99648	0.99631	0.99710	
230.00	0.99696	0.99727	0.99644	0.99620	0.99712	
240.00	0.99698	0.99721	0.99648	0.99638	0.99720	
250.00	0.99709	0.99735	0.99660	0.99627	0.99732	
260.00	0.99720	0.99725	0.99676	0.99645	0.99742	
270.00	0.99733	0.99734	0.99688	0.99635	0.99745	
280.00	0.99744	0.99745	0.99684	0.99635	0.99755	
290.00	0.99747	0.99754	0.99698	0.99653	0.99760	
300.00	0.99729	0.99749	0.99703	0.99647	0.99770	
310.00	0.99730	0.99750	0.99714	0.99638	0.99718	
320.00	0.99738	0.99755	0.99727	0.99634	0.99729	
330.00	0.99721	0.99739	0.99735	0.99636	0.99726	
340.00	0.99734	0.99751	0.99721	0.99652	0.99710	
350.00	0.99743	0.99763	0.99734	0.99659	0.99713	
360.00	0.99747	0.99756	0.99747	0.99653	0.99713	
370.00	0.99711	0.99763	0.99739	0.99663	0.99720	
380.00	0.99720	0.99757	0.99752	0.99677	0.99680	
390.00	0.99705	0.99731	0.99738	0.99690	0.99686	
400.00	0.99697	0.99710	0.99734	0.99701	0.99700	
410.00	0.99705	0.99667	0.99702	0.99689	0.99688	
420.00	0.99692	0.99663	0.99695	0.99667	0.99677	
430.00	0.99686	0.99669	0.99681	0.99682	0.99690	
440.00	0.99686	0.99676	0.99684	0.99698	0.99689	
450.00	0.99662	0.99660	0.99699	0.99690	0.99704	
460.00	0.99652	0.99677	0.99694	0.99705	0.99718	
470.00	0.99655	0.99660	0.99670	0.99705	0.99732	
480.00	0.99669	0.99674	0.99626	0.99703	0.99725	
490.00	0.99654	0.99686	0.99644	0.99717	0.99725	
500.00	0.99640	0.99677	0.99621	0.99695	0.99729	
510.00	0.99654	0.99693	0.99631	0.99710	0.99725	
520.00	0.99658	0.99681	0.99627	0.99723	0.99722	
530.00	0.99670	0.99694	0.99590	0.99736	0.99677	
540.00	0.99686	0.99693	0.99598	0.99719	0.99654	
550.00	0.99652	0.99698	0.99616	0.99707	0.99669	
560.00	0.99649	0.99711	0.99617	0.99721	0.99633	
570.00	0.99664	0.99698	0.99636	0.99731	0.99617	
580.00	0.99680	0.99712	0.99653	0.99730	0.99589	
590.00	0.99686	0.99726	0.99653	0.99743	0.99594	
600.00	0.99700	0.99734	0.99659	0.99741	0.99608	
610.00	0.99673	0.99746	0.99673	0.99697	0.99620	
620.00	0.99672	0.99725	0.99685	0.99638	0.99613	
630.00	0.99685	0.99736	0.99670	0.99652	0.99574	
640.00	0.99654	0.99742	0.99656	0.99584	0.99595	
650.00	0.99671	0.99708	0.99660	0.99574	0.99614	
660.00	0.99677	0.99706	0.99642	0.99562	0.99626	
670.00	0.99693	0.99718	0.99646	0.99583	0.99634	
680.00	0.99664	0.99724	0.99634	0.99597	0.99652	
690.00	0.99680	0.99669	0.99643	0.99598	0.99664	
700.00	0.99695	0.99656	0.99647	0.99603	0.99680	
710.00	0.99688	0.99672	0.99640	0.99611	0.99690	
720.00	0.99689	0.99646	0.99653	0.99627	0.99683	
730.00	0.99643	0.99658	0.99663	0.99586	0.99698	
740.00	0.99661	0.99671	0.99646	0.99601	0.99710	
750.00	0.99633	0.99687	0.99602	0.99597	0.99675	
760.00	0.99650	0.99653	0.99618	0.99613	0.99669	
770.00	0.99651	0.99665	0.99636	0.99623	0.99685	
780.00	0.99654	0.99672	0.99653	0.99635	0.99692	
790.00	0.99670	0.99659	0.99660	0.99624	0.99702	
800.00	0.99685	0.99651	0.99650	0.99610	0.99714	
810.00	0.99692	0.99629	0.99652	0.99618	0.99727	
820.00	0.99690	0.99617	0.99660	0.99636	0.99726	
830.00	0.99694	0.99620	0.99644	0.99647	0.99739	
840.00	0.99698	0.99601	0.99660	0.99664	0.99752	
850.00	0.99712	0.99589	0.99676	0.99617	0.99764	
860.00	0.99696	0.99609	0.99692	0.99634	0.99730	
870.00	0.99706	0.99625	0.99707	0.99636	0.99741	
880.00	0.99689	0.99630	0.99709	0.99615	0.99746	
890.00	0.99694	0.99641	0.99716	0.99634	0.99759	
900.00	0.99669	0.99629	0.99699	0.99577	0.99767	
910.00	0.99685	0.99567	0.99711	0.99572	0.99759	
920.00	0.99696	0.99579	0.99725	0.99558	0.99745	
930.00	0.99685	0.99550	0.99709	0.99579	0.99752	
940.00	0.99695	0.99572	0.99691	0.99563	0.99750	
950.00	0.99706	0.99536	0.99704	0.99584	0.99709	
960.00	0.99692	0.99531	0.99717	0.99601	0.99716	
970.00	0.99687	0.99521	0.99718	0.99620	0.99726	
980.00	0.99689	0.99522	0.99731	0.99638	0.99705	
990.00	0.99693	0.99539	0.99744	0.99646	0.99703	
1000.00	0.99699	0.99531	0.99747	0.99663	0.99717	
1010.00	0.99251	0.99529	0.99759	0.99679	0.99726	
1020.00	0.98356	0.99552	0.99770	0.99695	0.99739	
1030.00	0.96512	0.99574	0.99781	0.99710	0.99752	
1040.00	0.92295	0.99595	0.99792	0.99724	0.99764	
1050.00	0.88643	0.99614	0.99802	0.99737	0.99775	
1060.00	0.84189	0.99633	0.99812	0.99750	0.99786	
1070.00	0.80466	0.99651	0.99821	0.99762	0.99797	
1080.00	0.79070	0.99668	0.99830	0.99774	0.99807	
1090.00	0.79165	0.99684	0.99838	0.99785	0.99816	
1100.00	0.78900	0.99700	0.99846	0.99795	0.99825	
1110.00	0.79129	0.99714	0.99854	0.99805	0.99834	
1120.00	0.79288	0.99728	0.99861	0.99815	0.99840	
1130.00	0.79691	0.99736	0.99867	0.99821	0.99847	
1140.00	0.79915	0.99743	0.99871	0.99830	0.99855	
1150.00	0.80613	0.99756	0.99848	0.99836	0.99858	
1160.00	0.81235	0.99736	0.99834	0.99844	0.99865	
1170.00	0.81909	0.99729	0.99831	0.99852	0.99850	
1180.00	0.82646	0.99742	0.99824	0.99859	0.99843	
1190.00	0.83434	0.99713	0.99833	0.99866	0.99822	
1200.00	0.84206	0.99680	0.99839	0.99841	0.99817	
1210.00	0.84832	0.99690	0.99823	0.99830	0.99825	
1220.00	0.85429	0.99666	0.99813	0.99833	0.99834	
1230.00	0.86018	0.99678	0.99817	0.99801	0.99837	
1240.00	0.86630	0.99694	0.99823	0.99763	0.99835	
1250.00	0.87242	0.99709	0.99812	0.99772	0.99833	
1260.00	0.87677	0.99716	0.99821	0.99783	0.99839	
1270.00	0.88095	0.99721	0.99788	0.99792	0.99847	
1280.00	0.88566	0.99726	0.99795	0.99802	0.99855	
1290.00	0.88984	0.99729	0.99802	0.99812	0.99862	
1300.00	0.89362	0.99716	0.99812	0.99809	0.99868	
1310.00	0.89740	0.99724	0.99803	0.99805	0.99850	
1320.00	0.90160	0.99737	0.99812	0.99769	0.99857	
1330.00	0.90512	0.99746	0.99822	0.99780	0.99846	
1340.00	0.90822	0.99758	0.99818	0.99784	0.99838	
1350.00	0.91212	0.99729	0.99827	0.99791	0.99815	
1360.00	0.91568	0.99741	0.99834	0.99796	0.99824	
1370.00	0.91931	0.99645	0.99812	0.99803	0.99827	
1380.00	0.92227	0.99657	0.99818	0.99813	0.99836	
1390.00	0.92548	0.99614	0.99827	0.99821	0.99843	
1400.00	0.92905	0.99631	0.99819	0.99829	0.99851	
1410.00	0.93130	0.99619	0.99828	0.99836	0.99858	
1420.00	0.93366	0.99613	0.99817	0.99843	0.99848	
1430.00	0.93655	0.99610	0.99786	0.99848	0.99830	
1440.00	0.93933	0.99582	0.99792	0.99845	0.99817	
1450.00	0.94210	0.99602	0.99785	0.99840	0.99815	
1460.00	0.94419	0.99615	0.99795	0.99840	0.99821	
1470.00	0.94615	0.99596	0.99801	0.99815	0.99818	
1480.00	0.94855	0.99614	0.99771	0.99816	0.99802	
1490.00	0.95099	0.99571	0.99776	0.99824	0.99782	
1500.00	0.95331	0.99575	0.99753	0.99830	0.99782	
1510.00	0.95552	0.99563	0.99731	0.99834	0.99759	
1520.00	0.95699	0.99554	0.99739	0.99834	0.99763	
1530.00	0.95893	0.99574	0.99715	0.99834	0.99775	
1540.00	0.96031	0.99584	0.99664	0.99839	0.99786	
1550.00	0.96150	0.99580	0.99672	0.99814	0.99796	
1560.00	0.96280	0.99600	0.99687	0.99810	0.99782	
1570.00	0.96427	0.99612	0.99694	0.99791	0.99745	
1580.00	0.96576	0.99608	0.99709	0.99781	0.99754	
1590.00	0.96743	0.99612	0.99717	0.99785	0.99750	
1600.00	0.96874	0.99614	0.99730	0.99755	0.99756	
1610.00	0.96995	0.99633	0.99702	0.99739	0.99747	
1620.00	0.97065	0.99649	0.99715	0.99749	0.99759	
1630.00	0.97204	0.99653	0.99728	0.99735	0.99771	
1640.00	0.97268	0.99622	0.99735	0.99722	0.99724	
1650.00	0.97390	0.99592	0.99748	0.99734	0.99712	
1660.00	0.97428	0.99598	0.99760	0.99747	0.99726	
1670.00	0.97438	0.99617	0.99772	0.99759	0.99738	
1680.00	0.97491	0.99636	0.99762	0.99766	0.99736	
1690.00	0.97545	0.99654	0.99774	0.99754	0.99749	
1700.00	0.97567	0.99665	0.99769	0.99766	0.99702	
1710.00	0.97578	0.99681	0.99775	0.99777	0.99698	
1720.00	0.96835	0.99697	0.99785	0.99788	0.99694	
1730.00	0.96349	0.99712	0.99795	0.99798	0.99709	
1740.00	0.90416	0.99726	0.99805	0.99808	0.99723	
1750.00	0.87525	0.99739	0.99815	0.99817	0.99737	
1760.00	0.85315	0.99752	0.99824	0.99826	0.99750	
1770.00	0.84043	0.99764	0.99832	0.99835	0.99762	
1780.00	0.83021	0.99776	0.99840	0.99843	0.99773	
1790.00	0.81951	0.99786	0.99848	0.99850	0.99784	
1800.00	0.81741	0.99797	0.99856	0.99858	0.99795	
1810.00	0.81669	0.99803	0.99863	0.99865	0.99805	
1820.00	0.81958	0.99807	0.99860	0.99867	0.99814	
1830.00	0.81936	0.99816	0.99866	0.99874	0.99821	
1840.00	0.82244	0.99817	0.99873	0.99878	0.99830	
1850.00	0.82678	0.99826	0.99879	0.99867	0.99838	
1860.00	0.83153	0.99827	0.99883	0.99856	0.99826	
1870.00	0.83781	0.99836	0.99889	0.99854	0.99835	
1880.00	0.84444	0.99829	0.99880	0.99857	0.99828	
1890.00	0.84879	0.99830	0.99882	0.99850	0.99832	
1900.00	0.85323	0.99838	0.99882	0.99849	0.99822	
1910.00	0.85717	0.99846	0.99887	0.99831	0.99828	
1920.00	0.85948	0.99851	0.99885	0.99839	0.99816	
1930.00	0.86372	0.99852	0.99885	0.99839	0.99809	
1940.00	0.86823	0.99859	0.99890	0.99828	0.99819	
1950.00	0.87298	0.99861	0.99865	0.99834	0.99822	
1960.00	0.87836	0.99868	0.99867	0.99814	0.99828	
1970.00	0.88326	0.99875	0.99873	0.99822	0.99835	
1980.00	0.88804	0.99874	0.99872	0.99831	0.99837	
1990.00	0.89289	0.99855	0.99855	0.99839	0.99835	
2000.00	0.89748	0.99862	0.99862	0.99845	0.99838	
2010.00	0.90209	0.99850	0.99862	0.99845	0.99846	
2020.00	0.90613	0.99854	0.99869	0.99793	0.99846	
2030.00	0.90943	0.99855	0.99874	0.99801	0.99851	
2040.00	0.91237	0.99862	0.99875	0.99766	0.99859	
2050.00	0.91547	0.99867	0.99875	0.99745	0.99849	
2060.00	0.91868	0.99871	0.99882	0.99752	0.99846	
2070.00	0.92224	0.99860	0.99887	0.99741	0.99811	
2080.00	0.92536	0.99836	0.99884	0.99688	0.99814	
2090.00	0.92876	0.99808	0.99883	0.99685	0.99823	
2100.00	0.93181	0.99804	0.99888	0.99678	0.99831	
2110.00	0.93438	0.99794	0.99893	0.99656	0.99822	
2120.00	0.93745	0.99798	0.99869	0.99671	0.99831	
2130.00	0.93989	0.99804	0.99833	0.99655	0.99839	
2140.00	0.94265	0.99813	0.99803	0.99670	0.99831	
2150.00	0.94503	0.99814	0.99793	0.99667	0.99820	
2160.00	0.94707	0.99821	0.99774	0.99669	0.99806	
2170.00	0.94875	0.99752	0.99752	0.99685	0.99811	
2180.00	0.95064	0.99751	0.99752	0.99692	0.99820	
2190.00	0.95267	0.99761	0.99760	0.99707	0.99801	
2200.00	0.95475	0.99768	0.99739	0.99721	0.99799	
2210.00	0.95642	0.99777	0.99751	0.99734	0.99805	
2220.00	0.95776	0.99785	0.99762	0.99723	0.99814	
2230.00	0.95956	0.99792	0.99730	0.99731	0.99812	
2240.00	0.96070	0.99765	0.99743	0.99713	0.99802	
2250.00	0.96222	0.99708	0.99756	0.99722	0.99800	
2260.00	0.96297	0.99710	0.99766	0.99702	0.99756	
2270.00	0.96405	0.99723	0.99777	0.99708	0.99765	
2280.00	0.96446	0.99695	0.99765	0.99710	0.99776	
2290.00	0.96605	0.99710	0.99761	0.99701	0.99785	
2300.00	0.96757	0.99715	0.99772	0.99694	0.99795	
2310.00	0.96737	0.99729	0.99779	0.99686	0.99799	
2320.00	0.96621	0.99742	0.99790	0.99691	0.99803	
2330.00	0.96474	0.99748	0.99800	0.99698	0.99813	
2340.00	0.94053	0.99760	0.99810	0.99712	0.99822	
2350.00	0.81438	0.99772	0.99819	0.99726	0.99831	
2360.00	0.80613	0.99783	0.99828	0.99740	0.99839	
2370.00	0.79739	0.99794	0.99836	0.99752	0.99847	
2380.00	0.78605	0.99804	0.99844	0.99765	0.99854	
2390.00	0.77727	0.99813	0.99852	0.99776	0.99861	
2400.00	0.76844	0.99822	0.99859	0.99787	0.99868	
2410.00	0.76920	0.99830	0.99842	0.99797	0.99855	
2420.00	0.76517	0.99839	0.99849	0.99804	0.99862	
2430.00	0.76896	0.99847	0.99855	0.99805	0.99858	
2440.00	0.77657	0.99854	0.99862	0.99814	0.99864	
2450.00	0.78196	0.99830	0.99856	0.99819	0.99871	
2460.00	0.78925	0.99838	0.99862	0.99827	0.99869	
2470.00	0.79668	0.99845	0.99853	0.99833	0.99875	
2480.00	0.80369	0.99838	0.99848	0.99839	0.99881	
2490.00	0.81194	0.99839	0.99855	0.99846	0.99879	
2500.00	0.82028	0.99840	0.99826	0.99842	0.99877	
2510.00	0.82864	0.99836	0.99835	0.99850	0.99875	
2520.00	0.83661	0.99832	0.99814	0.99857	0.99879	
2530.00	0.84374	0.99766	0.99823	0.99854	0.99862	
2540.00	0.85001	0.99777	0.99832	0.99817	0.99867	
2550.00	0.85670	0.99788	0.99816	0.99819	0.99841	
2560.00	0.86314	0.99781	0.99822	0.99828	0.99813	
2570.00	0.86865	0.99676	0.99831	0.99816	0.99816	
2580.00	0.87375	0.99679	0.99839	0.99822	0.99812	
2590.00	0.87974	0.99672	0.99846	0.99804	0.99815	
2600.00	0.88529	0.99661	0.99839	0.99812	0.99818	
2610.00	0.89077	0.99677	0.99842	0.99756	0.99822	
2620.00	0.89572	0.99690	0.99843	0.99768	0.99828	
2630.00	0.90019	0.99692	0.99831	0.99773	0.99830	
2640.00	0.90457	0.99679	0.99839	0.99784	0.99837	
2650.00	0.90815	0.99694	0.99814	0.99773	0.99818	
2660.00	0.91183	0.99694	0.99792	0.99784	0.99819	
2670.00	0.91562	0.99702	0.99785	0.99763	0.99826	
2680.00	0.91860	0.99710	0.99792	0.99772	0.99833	
2690.00	0.92247	0.99695	0.99802	0.99752	0.99795	
2700.00	0.92505	0.99669	0.99802	0.99762	0.99804	
2710.00	0.92697	0.99681	0.99811	0.99773	0.99812	
2720.00	0.92970	0.99688	0.99820	0.99784	0.99814	
2730.00	0.93176	0.99671	0.99810	0.99761	0.99778	
2740.00	0.93435	0.99668	0.99820	0.99751	0.99735	
2750.00	0.93641	0.99680	0.99828	0.99761	0.99669	
2760.00	0.93851	0.99641	0.99837	0.99763	0.99659	
2770.00	0.94004	0.99659	0.99845	0.99763	0.99604	
2780.00	0.93657	0.99676	0.99852	0.99775	0.99623	
2790.00	0.78693	0.99691	0.99859	0.99786	0.99642	
2800.00	0.78585	0.99706	0.99866	0.99796	0.99659	
2810.00	0.76920	0.99721	0.99873	0.99806	0.99676	
2820.00	0.76927	0.99734	0.99879	0.99816	0.99692	
2830.00	0.76655	0.99747	0.99885	0.99825	0.99707	
2840.00	0.75956	0.99760	0.99890	0.99833	0.99721	
2850.00	0.76325	0.99766	0.99896	0.99841	0.99735	
2860.00	0.76756	0.99774	0.99901	0.99833	0.99748	
2870.00	0.77514	0.99782	0.99906	0.99818	0.99760	
2880.00	0.78446	0.99789	0.99902	0.99827	0.99750	
2890.00	0.79411	0.99784	0.99891	0.99835	0.99758	
2900.00	0.80373	0.99795	0.99888	0.99823	0.99763	
2910.00	0.81210	0.99797	0.99894	0.99825	0.99772	
2920.00	0.81957	0.99779	0.99899	0.99834	0.99770	
2930.00	0.82739	0.99769	0.99894	0.99837	0.99780	
2940.00	0.83385	0.99770	0.99899	0.99845	0.99791	
2950.00	0.84060	0.99781	0.99902	0.99853	0.99801	
2960.00	0.84724	0.99791	0.99906	0.99859	0.99811	
2970.00	0.85287	0.99801	0.99902	0.99845	0.99815	
2980.00	0.85954	0.99753	0.99907	0.99852	0.99808	
2990.00	0.86566	0.99743	0.99908	0.99842	0.99783	
3000.00	0.87139	0.99737	0.99900	0.99845	0.99772	
3010.00	0.87692	0.99731	0.99894	0.99824	0.99776	
3020.00	0.88257	0.99712	0.99884	0.99832	0.99787	
3030.00	0.88706	0.99688	0.99890	0.99840	0.99797	
3040.00	0.89035	0.99668	0.99895	0.99847	0.99806	
3050.00	0.89504	0.99634	0.99897	0.99854	0.99803	
3060.00	0.89838	0.99624	0.99855	0.99838	0.99809	
3070.00	0.90094	0.99632	0.99862	0.99828	0.99818	
3080.00	0.90313	0.99650	0.99869	0.99804	0.99817	
3090.00	0.85147	0.99663	0.99875	0.99813	0.99804	
3100.00	0.73135	0.99679	0.99881	0.99822	0.99814	
3110.00	0.72832	0.99695	0.99887	0.99831	0.99823	
3120.00	0.72608	0.99710	0.99893	0.99839	0.99832	
3130.00	0.73089	0.99724	0.99898	0.99847	0.99840	
3140.00	0.72436	0.99737	0.99903	0.99855	0.99848	
3150.00	0.72518	0.99750	0.99908	0.99862	0.99855	
3160.00	0.72692	0.99762	0.99901	0.99868	0.99862	
3170.00	0.73343	0.99769	0.99904	0.99874	0.99869	
3180.00	0.74102	0.99780	0.99893	0.99880	0.99875	
3190.00	0.75060	0.99744	0.99872	0.99886	0.99881	
3200.00	0.75955	0.99756	0.99869	0.99885	0.99884	
3210.00	0.76858	0.99768	0.99876	0.99891	0.99890	
3220.00	0.77844	0.99760	0.99879	0.99894	0.99863	
3230.00	0.78646	0.99771	0.99877	0.99873	0.99869	
3240.00	0.79441	0.99768	0.99880	0.99879	0.99875	
3250.00	0.80329	0.99780	0.99885	0.99881	0.99880	
3260.00	0.81235	0.99788	0.99890	0.99876	0.99884	
3270.00	0.82060	0.99790	0.99893	0.99881	0.99866	
3280.00	0.82870	0.99800	0.99862	0.99863	0.99864	
3290.00	0.83520	0.99806	0.99867	0.99867	0.99868	
3300.00	0.83996	0.99811	0.99864	0.99866	0.99867	
3310.00	0.84664	0.99813	0.99851	0.99848	0.99844	
3320.00	0.85268	0.99818	0.99849	0.99854	0.99851	
3330.00	0.85755	0.99821	0.99838	0.99854	0.99857	
3340.00	0.86202	0.99830	0.99838	0.99842	0.99864	
3350.00	0.86704	0.99828	0.99814	0.99841	0.99871	
3360.00	0.87274	0.99816	0.99821	0.99828	0.99848	
3370.00	0.87583	0.99821	0.99811	0.99836	0.99817	
3380.00	0.87433	0.99814	0.99820	0.99844	0.99811	
3390.00	0.69031	0.99823	0.99829	0.99852	0.99820	
3400.00	0.69751	0.99832	0.99837	0.99859	0.99829	
3410.00	0.68808	0.99840	0.99845	0.99866	0.99837	
3420.00	0.69150	0.99848	0.99853	0.99872	0.99845	
3430.00	0.69389	0.99855	0.99860	0.99878	0.99853	
3440.00	0.69347	0.99862	0.99867	0.99884	0.99860	
3450.00	0.69940	0.99869	0.99873	0.99890	0.99867	
3460.00	0.70823	0.99875	0.99874	0.99895	0.99873	
3470.00	0.71701	0.99881	0.99875	0.99900	0.99878	
3480.00	0.72496	0.99884	0.99855	0.99905	0.99865	
3490.00	0.73610	0.99886	0.99827	0.99907	0.99871	
3500.00	0.74593	0.99878	0.99835	0.99891	0.99874	
3510.00	0.75732	0.99884	0.99843	0.99879	0.99864	
3520.00	0.76873	0.99890	0.99833	0.99870	0.99833	
3530.00	0.77866	0.99891	0.99823	0.99873	0.99831	
3540.00	0.78852	0.99864	0.99831	0.99876	0.99839	
3550.00	0.79745	0.99832	0.99839	0.99868	0.99845	
3560.00	0.80639	0.99836	0.99841	0.99867	0.99853	
3570.00	0.81479	0.99844	0.99847	0.99865	0.99860	
3580.00	0.82266	0.99829	0.99854	0.99856	0.99850	
3590.00	0.83066	0.99805	0.99860	0.99847	0.99857	
3600.00	0.83776	0.99770	0.99866	0.99844	0.99864	
3610.00	0.84482	0.99781	0.99873	0.99810	0.99862	
3620.00	0.85059	0.99792	0.99872	0.99819	0.99868	
3630.00	0.85763	0.99762	0.99854	0.99817	0.99868	
3640.00	0.86433	0.99730	0.99825	0.99825	0.99874	
3650.00	0.87025	0.99741	0.99828	0.99798	0.99866	
3660.00	0.87592	0.99749	0.99834	0.99800	0.99873	
3670.00	0.88127	0.99738	0.99842	0.99805	0.99879	
3680.00	0.88567	0.99737	0.99850	0.99814	0.99885	
3690.00	0.88927	0.99750	0.99853	0.99817	0.99862	
3700.00	0.89352	0.99761	0.99844	0.99814	0.99866	
3710.00	0.89574	0.99742	0.99850	0.99823	0.99873	
3720.00	0.73579	0.99754	0.99858	0.99831	0.99878	
3730.00	0.74525	0.99766	0.99865	0.99840	0.99884	
3740.00	0.74278	0.99778	0.99871	0.99847	0.99889	
3750.00	0.73703	0.99789	0.99877	0.99855	0.99895	
3760.00	0.73325	0.99799	0.99883	0.99862	0.99900	
3770.00	0.73139	0.99801	0.99889	0.99868	0.99905	
3780.00	0.73039	0.99810	0.99895	0.99874	0.99910	
3790.00	0.73426	0.99819	0.99880	0.99880	0.99906	
3800.00	0.74043	0.99827	0.99874	0.99886	0.99906	
3810.00	0.74576	0.99834	0.99880	0.99892	0.99910	
3820.00	0.75443	0.99842	0.99886	0.99886	0.99913	
3830.00	0.76320	0.99818	0.99892	0.99892	0.99875	
3840.00	0.77394	0.99825	0.99895	0.99849	0.99878	
3850.00	0.78448	0.99830	0.99891	0.99855	0.99882	
3860.00	0.79467	0.99838	0.99888	0.99858	0.99888	
3870.00	0.80396	0.99837	0.99843	0.99858	0.99892	
3880.00	0.81233	0.99845	0.99850	0.99847	0.99891	
3890.00	0.81955	0.99852	0.99858	0.99852	0.99889	
3900.00	0.82582	0.99859	0.99864	0.99853	0.99895	
3910.00	0.83304	0.99866	0.99862	0.99860	0.99881	
3920.00	0.83874	0.99859	0.99865	0.99867	0.99887	
3930.00	0.84500	0.99865	0.99871	0.99873	0.99885	
3940.00	0.85200	0.99872	0.99877	0.99842	0.99890	
3950.00	0.85852	0.99874	0.99883	0.99820	0.99886	
3960.00	0.86320	0.99878	0.99888	0.99827	0.99891	
3970.00	0.86744	0.99884	0.99854	0.99813	0.99897	
3980.00	0.87208	0.99871	0.99839	0.99814	0.99902	
3990.00	0.87695	0.99870	0.99844	0.99821	0.99893	
4000.00	0.87979	0.99868	0.99852	0.99827	0.99899	
