10.00	0.99649	0.99728	0.99672	0.99690	0.99675	
20.00	0.99651	0.99676	0.99659	0.99679	0.99672	
30.00	0.99668	0.99681	0.99644	0.99661	0.99682	
40.00	0.99673	0.99669	0.99661	0.99677	0.99689	
50.00	0.99688	0.99683	0.99635	0.99675	0.99693	
60.00	0.99663	0.99696	0.99616	0.99661	0.99691	
70.00	0.99679	0.99656	0.99633	0.99674	0.99665	
80.00	0.99694	0.99588	0.99650	0.99677	0.99661	
90.00	0.99708	0.99608	0.99642	0.99692	0.99645	
100.00	0.99692	0.99627	0.99652	0.99703	0.99649	
110.00	0.99693	0.99611	0.99663	0.99718	0.99635	
120.00	0.99699	0.99612	0.99679	0.99727	0.99637	
130.00	0.99713	0.99618	0.99687	0.99721	0.99628	
140.00	0.99698	0.99634	0.99702	0.99722	0.99646	
150.00	0.99672	0.99652	0.99716	0.99728	0.99614	
160.00	0.99655	0.99666	0.99704	0.99693	0.99603	
170.00	0.99672	0.99641	0.99697	0.99694	0.99622	
180.00	0.99663	0.99615	0.99704	0.99709	0.99633	
190.00	0.99670	0.99627	0.99690	0.99678	0.99609	
200.00	0.99686	0.99643	0.99660	0.99671	0.99627	
210.00	0.99688	0.99660	0.99648	0.99646	0.99638	
220.00	0.99703	0.99657	0.99642	0.99648	0.99636	
230.00	0.99687	0.99665	0.99639	0.99659	0.99652	
240.00	0.99701	0.99681	0.99655	0.99676	0.99669	
250.00	0.99683	0.99696	0.99670	0.99689	0.99663	
260.00	0.99698	0.99710	0.99664	0.99667	0.99666	
270.00	0.99712	0.99704	0.99639	0.99671	0.99682	
280.00	0.99715	0.99709	0.99631	0.99684	0.99695	
290.00	0.99717	0.99695	0.99648	0.99676	0.99639	
300.00	0.99721	0.99710	0.99631	0.99681	0.99656	
310.00	0.99733	0.99721	0.99633	0.99687	0.99662	
320.00	0.99734	0.99703	0.99616	0.99667	0.99671	
330.00	0.99746	0.99716	0.99619	0.99681	0.99677	
340.00	0.99713	0.99730	0.99592	0.99696	0.99684	
350.00	0.99705	0.99743	0.99610	0.99700	0.99699	
360.00	0.99717	0.99755	0.99567	0.99705	0.99645	
370.00	0.99731	0.99738	0.99588	0.99686	0.99655	
380.00	0.99734	0.99724	0.99600	0.99691	0.99661	
390.00	0.99745	0.99731	0.99620	0.99705	0.99678	
400.00	0.99752	0.99702	0.99638	0.99712	0.99639	
410.00	0.99764	0.99717	0.99649	0.99706	0.99645	
420.00	0.99749	0.99729	0.99656	0.99691	0.99659	
430.00	0.99761	0.99734	0.99629	0.99689	0.99651	
440.00	0.99762	0.99740	0.99634	0.99700	0.99661	
450.00	0.99743	0.99753	0.99614	0.99710	0.99662	
460.00	0.99716	0.99764	0.99632	0.99698	0.99675	
470.00	0.99698	0.99772	0.99608	0.99685	0.99686	
480.00	0.99696	0.99771	0.99621	0.99701	0.99667	
490.00	0.99708	0.99782	0.99583	0.99704	0.99640	
500.00	0.99695	0.99789	0.99573	0.99667	0.99653	
510.00	0.99699	0.99796	0.99594	0.99671	0.99663	
520.00	0.99711	0.99781	0.99595	0.99667	0.99656	
530.00	0.99719	0.99788	0.99584	0.99656	0.99668	
540.00	0.99718	0.99794	0.99569	0.99642	0.99684	
550.00	0.99691	0.99802	0.99555	0.99658	0.99699	
560.00	0.99681	0.99785	0.99576	0.99661	0.99707	
570.00	0.99696	0.99771	0.99569	0.99672	0.99720	
580.00	0.99686	0.99745	0.99575	0.99676	0.99707	
590.00	0.99688	0.99755	0.99595	0.99690	0.99689	
600.00	0.99698	0.99767	0.99586	0.99681	0.99696	
610.00	0.99712	0.99748	0.99563	0.99696	0.99670	
620.00	0.99724	0.99750	0.99529	0.99711	0.99683	
630.00	0.99713	0.99762	0.99534	0.99725	0.99694	
640.00	0.99720	0.99747	0.99542	0.99726	0.99708	
650.00	0.99734	0.99759	0.99544	0.99700	0.99722	
660.00	0.99713	0.99759	0.99566	0.99671	0.99726	
670.00	0.99709	0.99757	0.99587	0.99669	0.99715	
680.00	0.99711	0.99741	0.99586	0.99665	0.99686	
690.00	0.99724	0.99754	0.99565	0.99629	0.99629	
700.00	0.99715	0.99754	0.99556	0.99634	0.99642	
710.00	0.99717	0.99766	0.99552	0.99620	0.99655	
720.00	0.99730	0.99771	0.99574	0.99573	0.99666	
730.00	0.99744	0.99773	0.99592	0.99576	0.99663	
740.00	0.99753	0.99763	0.99612	0.99594	0.99678	
750.00	0.99755	0.99756	0.99617	0.99602	0.99686	
760.00	0.99741	0.99751	0.99615	0.99544	0.99664	
770.00	0.99719	0.99762	0.99626	0.99563	0.99674	
780.00	0.99708	0.99768	0.99606	0.99542	0.99690	
790.00	0.99707	0.99764	0.99602	0.99564	0.99705	
800.00	0.99658	0.99775	0.99619	0.99544	0.99716	
810.00	0.99622	0.99775	0.99637	0.99543	0.99724	
820.00	0.99628	0.99773	0.99648	0.99518	0.99726	
830.00	0.99625	0.99773	0.99650	0.99534	0.99740	
840.00	0.99608	0.99779	0.99648	0.99539	0.99721	
850.00	0.99623	0.99769	0.99665	0.99540	0.99735	
860.00	0.99642	0.99779	0.99672	0.99523	0.99747	
870.00	0.99639	0.99780	0.99646	0.99516	0.99739	
880.00	0.99657	0.99765	0.99621	0.99530	0.99735	
890.00	0.99673	0.99751	0.99638	0.99543	0.99746	
900.00	0.99689	0.99754	0.99612	0.99515	0.99758	
910.00	0.99694	0.99766	0.99626	0.99520	0.99770	
920.00	0.99689	0.99753	0.99645	0.99543	0.99765	
930.00	0.99693	0.99716	0.99612	0.99562	0.99757	
940.00	0.99698	0.99730	0.99622	0.99513	0.99768	
950.00	0.99712	0.99743	0.99636	0.99509	0.99780	
960.00	0.99701	0.99755	0.99641	0.99533	0.99790	
970.00	0.99665	0.99767	0.99584	0.99531	0.99799	
980.00	0.99637	0.99764	0.99598	0.99549	0.99809	
990.00	0.99627	0.99758	0.99618	0.99540	0.99791	
1000.00	0.99630	0.99770	0.99631	0.99554	0.99792	
1010.00	0.99422	0.99764	0.99620	0.99557	0.99802	
1020.00	0.98625	0.99776	0.99638	0.99579	0.99812	
1030.00	0.97029	0.99787	0.99656	0.99599	0.99821	
1040.00	0.94981	0.99797	0.99673	0.99619	0.99830	
1050.00	0.91680	0.99807	0.99689	0.99637	0.99838	
1060.00	0.87404	0.99816	0.99704	0.99655	0.99846	
1070.00	0.83532	0.99825	0.99718	0.99672	0.99854	
1080.00	0.79844	0.99834	0.99732	0.99688	0.99861	
1090.00	0.75792	0.99842	0.99745	0.99703	0.99867	
1100.00	0.73376	0.99850	0.99758	0.99718	0.99874	
1110.00	0.70016	0.99857	0.99769	0.99731	0.99880	
1120.00	0.69012	0.99864	0.99781	0.99744	0.99886	
1130.00	0.69521	0.99871	0.99787	0.99757	0.99892	
1140.00	0.70464	0.99877	0.99793	0.99769	0.99897	
1150.00	0.71370	0.99883	0.99800	0.99779	0.99902	
1160.00	0.72256	0.99885	0.99809	0.99779	0.99907	
1170.00	0.73179	0.99862	0.99804	0.99789	0.99911	
1180.00	0.74191	0.99866	0.99802	0.99798	0.99911	
1190.00	0.75154	0.99872	0.99787	0.99803	0.99903	
1200.00	0.76252	0.99878	0.99779	0.99792	0.99901	
1210.00	0.77337	0.99883	0.99776	0.99796	0.99906	
1220.00	0.78264	0.99889	0.99781	0.99806	0.99910	
1230.00	0.79104	0.99895	0.99792	0.99815	0.99914	
1240.00	0.79984	0.99887	0.99792	0.99806	0.99917	
1250.00	0.80742	0.99882	0.99798	0.99814	0.99921	
1260.00	0.81598	0.99887	0.99806	0.99822	0.99918	
1270.00	0.82393	0.99885	0.99808	0.99822	0.99906	
1280.00	0.83195	0.99890	0.99817	0.99828	0.99906	
1290.00	0.83990	0.99894	0.99819	0.99784	0.99851	
1300.00	0.84693	0.99895	0.99817	0.99778	0.99858	
1310.00	0.85390	0.99899	0.99787	0.99786	0.99853	
1320.00	0.86037	0.99904	0.99776	0.99782	0.99830	
1330.00	0.86686	0.99903	0.99762	0.99791	0.99771	
1340.00	0.87274	0.99907	0.99745	0.99744	0.99779	
1350.00	0.87851	0.99911	0.99754	0.99756	0.99759	
1360.00	0.88402	0.99897	0.99762	0.99764	0.99738	
1370.00	0.88933	0.99899	0.99765	0.99749	0.99745	
1380.00	0.89407	0.99904	0.99761	0.99719	0.99714	
1390.00	0.89798	0.99908	0.99766	0.99706	0.99728	
1400.00	0.90208	0.99909	0.99772	0.99690	0.99735	
1410.00	0.90655	0.99912	0.99765	0.99617	0.99730	
1420.00	0.90955	0.99883	0.99767	0.99632	0.99677	
1430.00	0.91367	0.99871	0.99778	0.99644	0.99682	
1440.00	0.91718	0.99865	0.99789	0.99662	0.99669	
1450.00	0.92000	0.99870	0.99796	0.99678	0.99649	
1460.00	0.92305	0.99877	0.99790	0.99694	0.99664	
1470.00	0.92588	0.99860	0.99794	0.99709	0.99666	
1480.00	0.92798	0.99846	0.99803	0.99713	0.99655	
1490.00	0.93007	0.99831	0.99811	0.99708	0.99665	
1500.00	0.93244	0.99839	0.99797	0.99699	0.99680	
1510.00	0.93467	0.99847	0.99806	0.99714	0.99695	
1520.00	0.93709	0.99816	0.99814	0.99727	0.99692	
1530.00	0.93942	0.99805	0.99765	0.99675	0.99634	
1540.00	0.94186	0.99814	0.99774	0.99689	0.99627	
1550.00	0.94434	0.99823	0.99784	0.99703	0.99629	
1560.00	0.94582	0.99831	0.99793	0.99717	0.99636	
1570.00	0.94788	0.99839	0.99762	0.99685	0.99642	
1580.00	0.94908	0.99845	0.99737	0.99686	0.99645	
1590.00	0.95078	0.99852	0.99718	0.99688	0.99660	
1600.00	0.95202	0.99859	0.99732	0.99694	0.99675	
1610.00	0.95284	0.99857	0.99744	0.99707	0.99691	
1620.00	0.95213	0.99855	0.99756	0.99705	0.99706	
1630.00	0.95193	0.99860	0.99767	0.99687	0.99701	
1640.00	0.94810	0.99867	0.99778	0.99702	0.99714	
1650.00	0.89528	0.99873	0.99789	0.99716	0.99728	
1660.00	0.84585	0.99880	0.99799	0.99730	0.99741	
1670.00	0.83872	0.99885	0.99809	0.99743	0.99754	
1680.00	0.82614	0.99891	0.99818	0.99756	0.99766	
1690.00	0.82056	0.99896	0.99827	0.99768	0.99777	
1700.00	0.81590	0.99901	0.99836	0.99779	0.99788	
1710.00	0.81104	0.99905	0.99836	0.99790	0.99774	
1720.00	0.81214	0.99910	0.99844	0.99800	0.99785	
1730.00	0.81676	0.99914	0.99842	0.99807	0.99796	
1740.00	0.81924	0.99910	0.99843	0.99807	0.99805	
1750.00	0.82640	0.99895	0.99837	0.99782	0.99815	
1760.00	0.83299	0.99900	0.99834	0.99792	0.99824	
1770.00	0.83912	0.99892	0.99842	0.99800	0.99831	
1780.00	0.84573	0.99891	0.99848	0.99809	0.99835	
1790.00	0.85249	0.99872	0.99855	0.99818	0.99829	
1800.00	0.85935	0.99874	0.99862	0.99823	0.99836	
1810.00	0.86561	0.99845	0.99868	0.99830	0.99841	
1820.00	0.87164	0.99851	0.99874	0.99778	0.99841	
1830.00	0.87622	0.99812	0.99874	0.99748	0.99845	
1840.00	0.87989	0.99820	0.99880	0.99760	0.99852	
1850.00	0.88421	0.99781	0.99862	0.99771	0.99857	
1860.00	0.88767	0.99739	0.99869	0.99779	0.99849	
1870.00	0.89083	0.99734	0.99873	0.99787	0.99851	
1880.00	0.89420	0.99723	0.99879	0.99795	0.99858	
1890.00	0.89563	0.99707	0.99864	0.99800	0.99829	
1900.00	0.89767	0.99713	0.99870	0.99806	0.99832	
1910.00	0.89900	0.99671	0.99872	0.99813	0.99840	
1920.00	0.89888	0.99687	0.99860	0.99794	0.99847	
1930.00	0.89773	0.99688	0.99867	0.99803	0.99854	
1940.00	0.89947	0.99704	0.99872	0.99810	0.99861	
1950.00	0.89382	0.99718	0.99848	0.99815	0.99865	
1960.00	0.81680	0.99732	0.99855	0.99824	0.99872	
1970.00	0.77676	0.99745	0.99862	0.99833	0.99878	
1980.00	0.77011	0.99757	0.99869	0.99841	0.99884	
1990.00	0.76593	0.99769	0.99876	0.99849	0.99890	
2000.00	0.75170	0.99780	0.99882	0.99856	0.99895	
2010.00	0.75118	0.99791	0.99887	0.99863	0.99900	
2020.00	0.75116	0.99801	0.99893	0.99870	0.99896	
2030.00	0.75656	0.99811	0.99898	0.99876	0.99871	
2040.00	0.76194	0.99820	0.99870	0.99882	0.99877	
2050.00	0.76907	0.99821	0.99866	0.99887	0.99883	
2060.00	0.77790	0.99829	0.99873	0.99892	0.99844	
2070.00	0.78765	0.99827	0.99875	0.99874	0.99851	
2080.00	0.79749	0.99834	0.99880	0.99854	0.99842	
2090.00	0.80593	0.99841	0.99857	0.99856	0.99845	
2100.00	0.81239	0.99848	0.99841	0.99863	0.99853	
2110.00	0.82022	0.99855	0.99843	0.99870	0.99860	
2120.00	0.82749	0.99862	0.99838	0.99867	0.99867	
2130.00	0.83506	0.99861	0.99818	0.99870	0.99855	
2140.00	0.84236	0.99867	0.99767	0.99856	0.99856	
2150.00	0.84918	0.99872	0.99777	0.99853	0.99852	
2160.00	0.85509	0.99878	0.99762	0.99860	0.99853	
2170.00	0.86148	0.99876	0.99770	0.99861	0.99859	
2180.00	0.86742	0.99844	0.99739	0.99864	0.99866	
2190.00	0.87345	0.99828	0.99752	0.99830	0.99860	
2200.00	0.87913	0.99820	0.99764	0.99836	0.99867	
2210.00	0.88436	0.99825	0.99774	0.99814	0.99873	
2220.00	0.88950	0.99833	0.99785	0.99822	0.99879	
2230.00	0.89463	0.99829	0.99794	0.99779	0.99852	
2240.00	0.89864	0.99837	0.99753	0.99790	0.99831	
2250.00	0.90298	0.99798	0.99758	0.99800	0.99838	
2260.00	0.90697	0.99808	0.99744	0.99809	0.99843	
2270.00	0.91058	0.99817	0.99757	0.99819	0.99847	
2280.00	0.91350	0.99817	0.99769	0.99826	0.99839	
2290.00	0.91542	0.99826	0.99772	0.99830	0.99846	
2300.00	0.91704	0.99834	0.99781	0.99837	0.99853	
2310.00	0.89549	0.99842	0.99791	0.99845	0.99860	
2320.00	0.76216	0.99850	0.99801	0.99853	0.99867	
2330.00	0.76575	0.99857	0.99811	0.99860	0.99873	
2340.00	0.76022	0.99864	0.99820	0.99867	0.99879	
2350.00	0.75631	0.99871	0.99829	0.99873	0.99885	
2360.00	0.75696	0.99877	0.99837	0.99879	0.99891	
2370.00	0.76063	0.99872	0.99845	0.99885	0.99896	
2380.00	0.75837	0.99869	0.99853	0.99878	0.99898	
2390.00	0.76715	0.99876	0.99848	0.99883	0.99888	
2400.00	0.77501	0.99882	0.99828	0.99870	0.99894	
2410.00	0.78390	0.99887	0.99835	0.99868	0.99899	
2420.00	0.79216	0.99875	0.99830	0.99874	0.99886	
2430.00	0.80074	0.99849	0.99838	0.99872	0.99880	
2440.00	0.80925	0.99850	0.99810	0.99867	0.99881	
2450.00	0.81502	0.99856	0.99810	0.99871	0.99884	
2460.00	0.82188	0.99843	0.99792	0.99877	0.99890	
2470.00	0.82832	0.99851	0.99802	0.99883	0.99895	
2480.00	0.83399	0.99854	0.99807	0.99889	0.99900	
2490.00	0.83752	0.99846	0.99805	0.99894	0.99898	
2500.00	0.84369	0.99853	0.99814	0.99899	0.99891	
2510.00	0.84629	0.99859	0.99822	0.99898	0.99891	
2520.00	0.85096	0.99865	0.99831	0.99900	0.99897	
2530.00	0.85388	0.99867	0.99836	0.99905	0.99902	
2540.00	0.85880	0.99873	0.99840	0.99910	0.99906	
2550.00	0.86207	0.99837	0.99839	0.99866	0.99911	
2560.00	0.86287	0.99845	0.99829	0.99867	0.99915	
2570.00	0.86572	0.99835	0.99810	0.99874	0.99919	
2580.00	0.86356	0.99842	0.99820	0.99880	0.99923	
2590.00	0.81935	0.99850	0.99828	0.99886	0.99927	
2600.00	0.70757	0.99857	0.99837	0.99891	0.99930	
2610.00	0.70663	0.99864	0.99845	0.99897	0.99934	
2620.00	0.70529	0.99871	0.99852	0.99902	0.99937	
2630.00	0.70195	0.99877	0.99860	0.99906	0.99940	
2640.00	0.70620	0.99883	0.99866	0.99911	0.99943	
2650.00	0.70969	0.99889	0.99873	0.99915	0.99946	
2660.00	0.71871	0.99894	0.99878	0.99919	0.99948	
2670.00	0.72436	0.99891	0.99884	0.99923	0.99951	
2680.00	0.73438	0.99896	0.99889	0.99927	0.99953	
2690.00	0.74514	0.99898	0.99895	0.99929	0.99954	
2700.00	0.75496	0.99882	0.99897	0.99930	0.99934	
2710.00	0.76656	0.99858	0.99885	0.99933	0.99901	
2720.00	0.77635	0.99865	0.99888	0.99926	0.99903	
2730.00	0.78671	0.99868	0.99881	0.99926	0.99907	
2740.00	0.79591	0.99875	0.99865	0.99929	0.99912	
2750.00	0.80471	0.99881	0.99867	0.99897	0.99916	
2760.00	0.81346	0.99870	0.99874	0.99891	0.99907	
2770.00	0.82113	0.99863	0.99880	0.99885	0.99910	
2780.00	0.82757	0.99844	0.99884	0.99889	0.99905	
2790.00	0.83434	0.99843	0.99890	0.99894	0.99910	
2800.00	0.84110	0.99850	0.99895	0.99896	0.99909	
2810.00	0.84687	0.99857	0.99900	0.99901	0.99912	
2820.00	0.85037	0.99864	0.99904	0.99903	0.99888	
2830.00	0.85491	0.99821	0.99909	0.99904	0.99877	
2840.00	0.85013	0.99830	0.99902	0.99907	0.99883	
2850.00	0.68557	0.99838	0.99907	0.99911	0.99889	
2860.00	0.68570	0.99846	0.99912	0.99916	0.99895	
2870.00	0.68736	0.99854	0.99916	0.99920	0.99900	
2880.00	0.68809	0.99861	0.99920	0.99924	0.99905	
2890.00	0.69444	0.99868	0.99924	0.99927	0.99909	
2900.00	0.69845	0.99874	0.99914	0.99906	0.99914	
2910.00	0.70631	0.99880	0.99918	0.99876	0.99915	
2920.00	0.71926	0.99884	0.99922	0.99808	0.99915	
2930.00	0.72895	0.99877	0.99925	0.99817	0.99915	
2940.00	0.73850	0.99869	0.99929	0.99823	0.99919	
2950.00	0.75010	0.99876	0.99927	0.99789	0.99923	
2960.00	0.76060	0.99881	0.99921	0.99797	0.99916	
2970.00	0.77054	0.99887	0.99925	0.99794	0.99915	
2980.00	0.78023	0.99892	0.99928	0.99782	0.99913	
2990.00	0.78825	0.99893	0.99932	0.99793	0.99899	
3000.00	0.79683	0.99886	0.99933	0.99802	0.99904	
3010.00	0.80330	0.99861	0.99874	0.99805	0.99907	
3020.00	0.81025	0.99867	0.99859	0.99814	0.99911	
3030.00	0.81630	0.99874	0.99853	0.99816	0.99912	
3040.00	0.82312	0.99879	0.99860	0.99825	0.99916	
3050.00	0.83005	0.99859	0.99867	0.99808	0.99918	
3060.00	0.83612	0.99853	0.99873	0.99803	0.99891	
3070.00	0.84323	0.99860	0.99874	0.99813	0.99850	
3080.00	0.85011	0.99866	0.99880	0.99815	0.99858	
3090.00	0.85597	0.99873	0.99885	0.99817	0.99828	
3100.00	0.86166	0.99850	0.99891	0.99826	0.99825	
3110.00	0.86710	0.99842	0.99858	0.99787	0.99834	
3120.00	0.87189	0.99849	0.99863	0.99797	0.99840	
3130.00	0.87701	0.99833	0.99857	0.99785	0.99824	
3140.00	0.88140	0.99841	0.99864	0.99736	0.99825	
3150.00	0.88365	0.99813	0.99869	0.99740	0.99813	
3160.00	0.88602	0.99821	0.99875	0.99741	0.99821	
3170.00	0.88670	0.99803	0.99881	0.99745	0.99807	
3180.00	0.88935	0.99809	0.99866	0.99757	0.99816	
3190.00	0.75523	0.99819	0.99872	0.99769	0.99825	
3200.00	0.71392	0.99828	0.99879	0.99780	0.99833	
3210.00	0.70727	0.99836	0.99885	0.99791	0.99842	
3220.00	0.70744	0.99844	0.99890	0.99801	0.99849	
3230.00	0.70822	0.99852	0.99896	0.99811	0.99857	
3240.00	0.71319	0.99859	0.99901	0.99820	0.99864	
3250.00	0.71564	0.99866	0.99905	0.99829	0.99870	
3260.00	0.72699	0.99872	0.99910	0.99806	0.99862	
3270.00	0.73621	0.99878	0.99914	0.99801	0.99841	
3280.00	0.74709	0.99868	0.99918	0.99811	0.99825	
3290.00	0.75725	0.99859	0.99922	0.99800	0.99833	
3300.00	0.76755	0.99866	0.99926	0.99797	0.99832	
3310.00	0.77784	0.99870	0.99923	0.99780	0.99822	
3320.00	0.78707	0.99875	0.99923	0.99790	0.99825	
3330.00	0.79696	0.99879	0.99917	0.99796	0.99816	
3340.00	0.80369	0.99875	0.99919	0.99806	0.99814	
3350.00	0.81214	0.99881	0.99923	0.99783	0.99814	
3360.00	0.81983	0.99886	0.99926	0.99789	0.99820	
3370.00	0.82694	0.99838	0.99926	0.99791	0.99780	
3380.00	0.83412	0.99812	0.99930	0.99801	0.99790	
3390.00	0.84063	0.99822	0.99933	0.99806	0.99797	
3400.00	0.84585	0.99794	0.99924	0.99781	0.99804	
3410.00	0.85231	0.99805	0.99927	0.99792	0.99795	
3420.00	0.85898	0.99798	0.99884	0.99798	0.99805	
3430.00	0.86463	0.99808	0.99872	0.99802	0.99814	
3440.00	0.87047	0.99792	0.99827	0.99811	0.99823	
3450.00	0.87516	0.99784	0.99803	0.99820	0.99832	
3460.00	0.87988	0.99775	0.99811	0.99824	0.99820	
3470.00	0.88432	0.99784	0.99817	0.99833	0.99797	
3480.00	0.88872	0.99795	0.99821	0.99840	0.99783	
3490.00	0.88965	0.99804	0.99830	0.99848	0.99794	
3500.00	0.72070	0.99814	0.99838	0.99855	0.99804	
3510.00	0.71208	0.99823	0.99846	0.99862	0.99813	
3520.00	0.71469	0.99831	0.99854	0.99869	0.99823	
3530.00	0.71332	0.99840	0.99861	0.99876	0.99831	
3540.00	0.71164	0.99845	0.99867	0.99882	0.99839	
3550.00	0.71208	0.99852	0.99873	0.99887	0.99847	
3560.00	0.71345	0.99859	0.99880	0.99893	0.99855	
3570.00	0.71438	0.99866	0.99885	0.99884	0.99853	
3580.00	0.72110	0.99873	0.99872	0.99869	0.99858	
3590.00	0.73132	0.99879	0.99879	0.99872	0.99865	
3600.00	0.74153	0.99885	0.99884	0.99874	0.99870	
3610.00	0.75062	0.99858	0.99890	0.99847	0.99874	
3620.00	0.75919	0.99865	0.99882	0.99854	0.99880	
3630.00	0.76914	0.99860	0.99867	0.99861	0.99877	
3640.00	0.77825	0.99867	0.99869	0.99863	0.99877	
3650.00	0.78864	0.99870	0.99864	0.99843	0.99845	
3660.00	0.79808	0.99864	0.99870	0.99849	0.99852	
3670.00	0.80714	0.99870	0.99877	0.99848	0.99859	
3680.00	0.81500	0.99876	0.99875	0.99848	0.99849	
3690.00	0.82214	0.99882	0.99881	0.99835	0.99830	
3700.00	0.82867	0.99888	0.99887	0.99818	0.99828	
3710.00	0.83546	0.99892	0.99892	0.99801	0.99796	
3720.00	0.84215	0.99896	0.99882	0.99736	0.99769	
3730.00	0.84886	0.99882	0.99888	0.99744	0.99781	
3740.00	0.85375	0.99887	0.99858	0.99752	0.99782	
3750.00	0.85978	0.99863	0.99859	0.99763	0.99793	
3760.00	0.86536	0.99869	0.99821	0.99773	0.99803	
3770.00	0.87133	0.99876	0.99820	0.99780	0.99812	
3780.00	0.87749	0.99876	0.99803	0.99741	0.99821	
3790.00	0.88305	0.99854	0.99764	0.99748	0.99807	
3800.00	0.88784	0.99861	0.99775	0.99690	0.99816	
3810.00	0.89022	0.99868	0.99786	0.99701	0.99818	
3820.00	0.89291	0.99874	0.99768	0.99677	0.99827	
3830.00	0.88851	0.99876	0.99779	0.99693	0.99833	
3840.00	0.73204	0.99882	0.99790	0.99708	0.99841	
3850.00	0.73844	0.99888	0.99800	0.99722	0.99849	
3860.00	0.73580	0.99893	0.99810	0.99736	0.99857	
3870.00	0.73857	0.99899	0.99819	0.99749	0.99864	
3880.00	0.73926	0.99903	0.99828	0.99738	0.99870	
3890.00	0.74382	0.99902	0.99836	0.99731	0.99877	
3900.00	0.75281	0.99906	0.99841	0.99715	0.99882	
3910.00	0.75981	0.99910	0.99831	0.99728	0.99885	
3920.00	0.77021	0.99915	0.99827	0.99689	0.99891	
3930.00	0.77946	0.99919	0.99833	0.99684	0.99895	
3940.00	0.78887	0.99923	0.99818	0.99699	0.99898	
3950.00	0.79756	0.99922	0.99820	0.99706	0.99894	
3960.00	0.80604	0.99913	0.99777	0.99705	0.99889	
3970.00	0.81448	0.99914	0.99788	0.99700	0.99895	
3980.00	0.82022	0.99918	0.99799	0.99715	0.99893	
3990.00	0.82690	0.99906	0.99808	0.99729	0.99871	
4000.00	0.83434	0.99911	0.99794	0.99730	0.99866	
