10.00	0.99791	0.99629	0.99609	0.99684	0.99765	
20.00	0.99799	0.99645	0.99628	0.99699	0.99777	
30.00	0.99794	0.99596	0.99646	0.99699	0.99784	
40.00	0.99804	0.99580	0.99663	0.99712	0.99776	
50.00	0.99813	0.99590	0.99677	0.99722	0.99786	
60.00	0.99747	0.99594	0.99688	0.99725	0.99743	
70.00	0.99747	0.99587	0.99703	0.99730	0.99745	
80.00	0.99759	0.99607	0.99688	0.99743	0.99698	
90.00	0.99771	0.99600	0.99697	0.99755	0.99698	
100.00	0.99782	0.99620	0.99674	0.99767	0.99711	
110.00	0.99771	0.99596	0.99667	0.99775	0.99708	
120.00	0.99765	0.99616	0.99682	0.99722	0.99722	
130.00	0.99776	0.99635	0.99678	0.99711	0.99653	
140.00	0.99787	0.99641	0.99662	0.99722	0.99607	
150.00	0.99797	0.99658	0.99676	0.99722	0.99613	
160.00	0.99786	0.99674	0.99681	0.99734	0.99595	
170.00	0.99779	0.99689	0.99694	0.99744	0.99580	
180.00	0.99759	0.99704	0.99708	0.99757	0.99595	
190.00	0.99760	0.99687	0.99722	0.99764	0.99571	
200.00	0.99755	0.99697	0.99732	0.99776	0.99570	
210.00	0.99767	0.99704	0.99741	0.99776	0.99589	
220.00	0.99778	0.99691	0.99753	0.99769	0.99608	
230.00	0.99789	0.99678	0.99765	0.99780	0.99592	
240.00	0.99773	0.99663	0.99757	0.99790	0.99612	
250.00	0.99777	0.99675	0.99768	0.99800	0.99619	
260.00	0.99788	0.99690	0.99777	0.99781	0.99637	
270.00	0.99798	0.99684	0.99781	0.99745	0.99609	
280.00	0.99781	0.99696	0.99777	0.99750	0.99628	
290.00	0.99791	0.99700	0.99788	0.99760	0.99646	
300.00	0.99801	0.99695	0.99798	0.99652	0.99659	
310.00	0.99809	0.99710	0.99807	0.99659	0.99653	
320.00	0.99814	0.99724	0.99810	0.99675	0.99591	
330.00	0.99818	0.99737	0.99816	0.99672	0.99607	
340.00	0.99827	0.99750	0.99815	0.99688	0.99588	
350.00	0.99818	0.99743	0.99785	0.99684	0.99531	
360.00	0.99796	0.99756	0.99776	0.99679	0.99539	
370.00	0.99783	0.99768	0.99774	0.99692	0.99519	
380.00	0.99793	0.99779	0.99783	0.99707	0.99491	
390.00	0.99790	0.99761	0.99772	0.99719	0.99503	
400.00	0.99800	0.99722	0.99757	0.99732	0.99517	
410.00	0.99784	0.99728	0.99738	0.99745	0.99533	
420.00	0.99752	0.99741	0.99743	0.99700	0.99553	
430.00	0.99760	0.99752	0.99755	0.99702	0.99557	
440.00	0.99722	0.99761	0.99765	0.99698	0.99572	
450.00	0.99701	0.99771	0.99748	0.99713	0.99588	
460.00	0.99703	0.99776	0.99738	0.99727	0.99584	
470.00	0.99717	0.99777	0.99750	0.99740	0.99593	
480.00	0.99731	0.99784	0.99733	0.99744	0.99604	
490.00	0.99738	0.99794	0.99733	0.99748	0.99601	
500.00	0.99747	0.99780	0.99712	0.99760	0.99605	
510.00	0.99760	0.99791	0.99725	0.99765	0.99617	
520.00	0.99729	0.99765	0.99725	0.99777	0.99636	
530.00	0.99703	0.99755	0.99697	0.99787	0.99642	
540.00	0.99703	0.99708	0.99652	0.99781	0.99541	
550.00	0.99718	0.99712	0.99667	0.99791	0.99526	
560.00	0.99726	0.99724	0.99673	0.99790	0.99549	
570.00	0.99728	0.99732	0.99657	0.99782	0.99569	
580.00	0.99741	0.99739	0.99673	0.99791	0.99586	
590.00	0.99738	0.99749	0.99687	0.99793	0.99581	
600.00	0.99747	0.99752	0.99702	0.99771	0.99582	
610.00	0.99725	0.99762	0.99670	0.99783	0.99600	
620.00	0.99708	0.99773	0.99664	0.99769	0.99620	
630.00	0.99721	0.99768	0.99666	0.99748	0.99621	
640.00	0.99718	0.99779	0.99670	0.99747	0.99603	
650.00	0.99702	0.99789	0.99686	0.99759	0.99619	
660.00	0.99688	0.99798	0.99698	0.99755	0.99637	
670.00	0.99699	0.99808	0.99667	0.99767	0.99635	
680.00	0.99712	0.99801	0.99683	0.99776	0.99582	
690.00	0.99724	0.99789	0.99699	0.99775	0.99603	
700.00	0.99711	0.99798	0.99708	0.99784	0.99601	
710.00	0.99717	0.99808	0.99717	0.99764	0.99591	
720.00	0.99730	0.99773	0.99703	0.99753	0.99611	
730.00	0.99738	0.99783	0.99693	0.99764	0.99627	
740.00	0.99744	0.99793	0.99706	0.99757	0.99626	
750.00	0.99747	0.99803	0.99686	0.99769	0.99630	
760.00	0.99752	0.99813	0.99697	0.99705	0.99637	
770.00	0.99764	0.99822	0.99712	0.99713	0.99654	
780.00	0.99759	0.99831	0.99711	0.99685	0.99670	
790.00	0.99733	0.99837	0.99713	0.99700	0.99660	
800.00	0.99746	0.99845	0.99697	0.99712	0.99649	
810.00	0.99759	0.99852	0.99689	0.99723	0.99666	
820.00	0.99770	0.99848	0.99703	0.99732	0.99680	
830.00	0.99781	0.99855	0.99676	0.99730	0.99676	
840.00	0.99771	0.99850	0.99666	0.99723	0.99689	
850.00	0.99746	0.99843	0.99654	0.99736	0.99703	
860.00	0.99737	0.99850	0.99583	0.99715	0.99709	
870.00	0.99683	0.99821	0.99557	0.99728	0.99722	
880.00	0.99687	0.99825	0.99571	0.99734	0.99735	
890.00	0.99631	0.99806	0.99572	0.99747	0.99738	
900.00	0.99649	0.99808	0.99592	0.99722	0.99712	
910.00	0.99597	0.99817	0.99580	0.99711	0.99720	
920.00	0.99553	0.99826	0.99600	0.99709	0.99717	
930.00	0.99530	0.99835	0.99617	0.99718	0.99715	
940.00	0.99529	0.99825	0.99632	0.99663	0.99727	
950.00	0.99499	0.99833	0.99650	0.99606	0.99702	
960.00	0.99510	0.99841	0.99632	0.99552	0.99712	
970.00	0.99532	0.99822	0.99650	0.99543	0.99725	
980.00	0.99548	0.99831	0.99645	0.99558	0.99718	
990.00	0.99536	0.99837	0.99662	0.99549	0.99725	
1000.00	0.99551	0.99820	0.99636	0.99551	0.99687	
1010.00	0.99510	0.99828	0.99609	0.99551	0.99695	
1020.00	0.99245	0.99837	0.99623	0.99573	0.99699	
1030.00	0.99149	0.99817	0.99642	0.99594	0.99713	
1040.00	0.99008	0.99826	0.99652	0.99599	0.99727	
1050.00	0.98701	0.99835	0.99669	0.99619	0.99741	
1060.00	0.98360	0.99843	0.99686	0.99637	0.99753	
1070.00	0.98020	0.99850	0.99701	0.99655	0.99765	
1080.00	0.97703	0.99858	0.99716	0.99672	0.99777	
1090.00	0.96659	0.99865	0.99729	0.99688	0.99788	
1100.00	0.95950	0.99871	0.99743	0.99703	0.99798	
1110.00	0.95406	0.99877	0.99755	0.99717	0.99808	
1120.00	0.94381	0.99883	0.99767	0.99731	0.99817	
1130.00	0.93427	0.99889	0.99778	0.99744	0.99826	
1140.00	0.92965	0.99895	0.99789	0.99757	0.99835	
1150.00	0.91916	0.99900	0.99800	0.99769	0.99843	
1160.00	0.89967	0.99905	0.99809	0.99780	0.99850	
1170.00	0.88413	0.99909	0.99819	0.99791	0.99858	
1180.00	0.88123	0.99914	0.99827	0.99801	0.99865	
1190.00	0.86219	0.99918	0.99836	0.99811	0.99871	
1200.00	0.85630	0.99922	0.99844	0.99820	0.99877	
1210.00	0.84457	0.99926	0.99852	0.99829	0.99883	
1220.00	0.83285	0.99929	0.99859	0.99837	0.99889	
1230.00	0.83134	0.99933	0.99866	0.99845	0.99894	
1240.00	0.81894	0.99936	0.99872	0.99852	0.99900	
1250.00	0.81012	0.99939	0.99878	0.99860	0.99905	
1260.00	0.80175	0.99942	0.99884	0.99867	0.99909	
1270.00	0.79651	0.99945	0.99890	0.99873	0.99914	
1280.00	0.79074	0.99948	0.99895	0.99879	0.99918	
1290.00	0.77979	0.99950	0.99900	0.99885	0.99922	
1300.00	0.76794	0.99953	0.99905	0.99891	0.99926	
1310.00	0.75623	0.99955	0.99910	0.99896	0.99929	
1320.00	0.74223	0.99957	0.99914	0.99901	0.99933	
1330.00	0.74209	0.99959	0.99919	0.99906	0.99936	
1340.00	0.73818	0.99961	0.99923	0.99911	0.99939	
1350.00	0.72465	0.99963	0.99926	0.99915	0.99942	
1360.00	0.71929	0.99965	0.99930	0.99919	0.99945	
1370.00	0.71593	0.99967	0.99933	0.99923	0.99948	
1380.00	0.70527	0.99968	0.99937	0.99927	0.99950	
1390.00	0.70252	0.99970	0.99940	0.99930	0.99953	
1400.00	0.69917	0.99971	0.99943	0.99934	0.99955	
1410.00	0.68971	0.99973	0.99945	0.99937	0.99957	
1420.00	0.68851	0.99974	0.99948	0.99940	0.99959	
1430.00	0.68361	0.99975	0.99951	0.99943	0.99961	
1440.00	0.67469	0.99976	0.99953	0.99946	0.99963	
1450.00	0.67555	0.99978	0.99955	0.99948	0.99965	
1460.00	0.67512	0.99979	0.99958	0.99951	0.99967	
1470.00	0.66524	0.99980	0.99960	0.99953	0.99968	
1480.00	0.66779	0.99981	0.99962	0.99956	0.99970	
1490.00	0.65691	0.99982	0.99963	0.99958	0.99971	
1500.00	0.65486	0.99983	0.99965	0.99960	0.99973	
1510.00	0.64179	0.99983	0.99967	0.99962	0.99974	
1520.00	0.64104	0.99984	0.99968	0.99964	0.99975	
1530.00	0.64640	0.99985	0.99970	0.99965	0.99977	
1540.00	0.65067	0.99986	0.99972	0.99967	0.99978	
1550.00	0.65327	0.99986	0.99973	0.99969	0.99979	
1560.00	0.62377	0.99987	0.99974	0.99970	0.99980	
1570.00	0.62720	0.99988	0.99976	0.99972	0.99981	
1580.00	0.63627	0.99988	0.99977	0.99973	0.99982	
1590.00	0.63256	0.99989	0.99978	0.99974	0.99983	
1600.00	0.63305	0.99989	0.99979	0.99976	0.99983	
1610.00	0.63536	0.99990	0.99980	0.99977	0.99984	
1620.00	0.64003	0.99990	0.99981	0.99978	0.99985	
1630.00	0.63406	0.99991	0.99982	0.99979	0.99986	
1640.00	0.61558	0.99991	0.99983	0.99980	0.99986	
1650.00	0.61703	0.99992	0.99984	0.99981	0.99987	
1660.00	0.62200	0.99992	0.99984	0.99982	0.99988	
1670.00	0.61497	0.99993	0.99985	0.99983	0.99988	
1680.00	0.62137	0.99993	0.99986	0.99984	0.99989	
1690.00	0.61988	0.99993	0.99987	0.99985	0.99989	
1700.00	0.61209	0.99994	0.99987	0.99985	0.99990	
1710.00	0.61641	0.99994	0.99988	0.99986	0.99990	
1720.00	0.61850	0.99994	0.99988	0.99987	0.99991	
1730.00	0.60183	0.99995	0.99989	0.99987	0.99991	
1740.00	0.60187	0.99995	0.99990	0.99988	0.99992	
1750.00	0.60093	0.99995	0.99990	0.99989	0.99992	
1760.00	0.59958	0.99995	0.99991	0.99989	0.99993	
1770.00	0.59142	0.99996	0.99991	0.99990	0.99993	
1780.00	0.59649	0.99996	0.99991	0.99990	0.99993	
1790.00	0.59625	0.99996	0.99992	0.99991	0.99994	
1800.00	0.59781	0.99996	0.99992	0.99991	0.99994	
1810.00	0.60056	0.99996	0.99993	0.99992	0.99994	
1820.00	0.60482	0.99997	0.99993	0.99992	0.99995	
1830.00	0.60305	0.99997	0.99993	0.99992	0.99995	
1840.00	0.59184	0.99997	0.99994	0.99993	0.99995	
1850.00	0.60103	0.99997	0.99994	0.99993	0.99995	
1860.00	0.59224	0.99997	0.99994	0.99993	0.99996	
1870.00	0.58890	0.99997	0.99995	0.99994	0.99996	
1880.00	0.59374	0.99997	0.99995	0.99994	0.99996	
1890.00	0.59084	0.99998	0.99995	0.99994	0.99996	
1900.00	0.59183	0.99998	0.99995	0.99995	0.99996	
1910.00	0.58900	0.99998	0.99996	0.99995	0.99997	
1920.00	0.58026	0.99998	0.99996	0.99995	0.99997	
1930.00	0.56469	0.99998	0.99996	0.99995	0.99997	
1940.00	0.57496	0.99998	0.99996	0.99996	0.99997	
1950.00	0.58046	0.99998	0.99996	0.99996	0.99997	
1960.00	0.58240	0.99998	0.99997	0.99996	0.99997	
1970.00	0.57194	0.99998	0.99997	0.99996	0.99997	
1980.00	0.57461	0.99998	0.99997	0.99996	0.99998	
1990.00	0.57943	0.99999	0.99997	0.99997	0.99998	
2000.00	0.57279	0.99999	0.99997	0.99997	0.99998	
2010.00	0.57707	0.99999	0.99997	0.99997	0.99998	
2020.00	0.56713	0.99999	0.99997	0.99997	0.99998	
2030.00	0.56264	0.99999	0.99998	0.99997	0.99998	
2040.00	0.57059	0.99999	0.99998	0.99997	0.99998	
2050.00	0.58341	0.99999	0.99998	0.99997	0.99998	
2060.00	0.58150	0.99999	0.99998	0.99998	0.99998	
2070.00	0.58196	0.99999	0.99998	0.99998	0.99998	
2080.00	0.58687	0.99999	0.99998	0.99998	0.99999	
2090.00	0.57898	0.99999	0.99998	0.99998	0.99999	
2100.00	0.56580	0.99999	0.99998	0.99998	0.99999	
2110.00	0.56093	0.99999	0.99998	0.99998	0.99999	
2120.00	0.55667	0.99999	0.99998	0.99998	0.99999	
2130.00	0.56070	0.99999	0.99999	0.99998	0.99999	
2140.00	0.56884	0.99999	0.99999	0.99998	0.99999	
2150.00	0.57838	0.99999	0.99999	0.99998	0.99999	
2160.00	0.58984	0.99999	0.99999	0.99999	0.99999	
2170.00	0.59134	0.99999	0.99999	0.99999	0.99999	
2180.00	0.57866	0.99999	0.99999	0.99999	0.99999	
2190.00	0.56838	0.99999	0.99999	0.99999	0.99999	
2200.00	0.56767	1.00000	0.99999	0.99999	0.99999	
2210.00	0.56295	1.00000	0.99999	0.99999	0.99999	
2220.00	0.55355	1.00000	0.99999	0.99999	0.99999	
2230.00	0.56030	1.00000	0.99999	0.99999	0.99999	
2240.00	0.56185	1.00000	0.99999	0.99999	0.99999	
2250.00	0.55788	1.00000	0.99999	0.99999	0.99999	
2260.00	0.55970	1.00000	0.99999	0.99999	0.99999	
2270.00	0.55509	1.00000	0.99999	0.99999	0.99999	
2280.00	0.56607	1.00000	0.99999	0.99999	0.99999	
2290.00	0.56720	1.00000	0.99999	0.99999	1.00000	
2300.00	0.55130	1.00000	0.99999	0.99999	1.00000	
2310.00	0.54046	1.00000	0.99999	0.99999	1.00000	
2320.00	0.55479	1.00000	0.99999	0.99999	1.00000	
2330.00	0.55844	1.00000	0.99999	0.99999	1.00000	
2340.00	0.55992	1.00000	1.00000	0.99999	1.00000	
2350.00	0.55804	1.00000	1.00000	0.99999	1.00000	
2360.00	0.56055	1.00000	1.00000	1.00000	1.00000	
2370.00	0.55154	1.00000	1.00000	1.00000	1.00000	
2380.00	0.55099	1.00000	1.00000	1.00000	1.00000	
2390.00	0.54387	1.00000	1.00000	1.00000	1.00000	
2400.00	0.54964	1.00000	1.00000	1.00000	1.00000	
2410.00	0.54872	1.00000	1.00000	1.00000	1.00000	
2420.00	0.55254	1.00000	1.00000	1.00000	1.00000	
2430.00	0.55702	1.00000	1.00000	1.00000	1.00000	
2440.00	0.55913	1.00000	1.00000	1.00000	1.00000	
2450.00	0.55787	1.00000	1.00000	1.00000	1.00000	
2460.00	0.56052	1.00000	1.00000	1.00000	1.00000	
2470.00	0.57018	1.00000	1.00000	1.00000	1.00000	
2480.00	0.57155	1.00000	1.00000	1.00000	1.00000	
2490.00	0.57413	1.00000	1.00000	1.00000	1.00000	
2500.00	0.57623	1.00000	1.00000	1.00000	1.00000	
2510.00	0.54607	1.00000	1.00000	1.00000	1.00000	
2520.00	0.53344	1.00000	1.00000	1.00000	1.00000	
2530.00	0.54126	1.00000	1.00000	1.00000	1.00000	
2540.00	0.54208	1.00000	1.00000	1.00000	1.00000	
2550.00	0.54285	1.00000	1.00000	1.00000	1.00000	
2560.00	0.55724	1.00000	1.00000	1.00000	1.00000	
2570.00	0.54634	1.00000	1.00000	1.00000	1.00000	
2580.00	0.55066	1.00000	1.00000	1.00000	1.00000	
2590.00	0.56358	1.00000	1.00000	1.00000	1.00000	
2600.00	0.57315	1.00000	1.00000	1.00000	1.00000	
2610.00	0.57721	1.00000	1.00000	1.00000	1.00000	
2620.00	0.57020	1.00000	1.00000	1.00000	1.00000	
2630.00	0.56683	1.00000	1.00000	1.00000	1.00000	
2640.00	0.53814	1.00000	1.00000	1.00000	1.00000	
2650.00	0.53781	1.00000	1.00000	1.00000	1.00000	
2660.00	0.54474	1.00000	1.00000	1.00000	1.00000	
2670.00	0.54206	1.00000	1.00000	1.00000	1.00000	
2680.00	0.55375	1.00000	1.00000	1.00000	1.00000	
2690.00	0.56684	1.00000	1.00000	1.00000	1.00000	
2700.00	0.56661	1.00000	1.00000	1.00000	1.00000	
2710.00	0.57619	1.00000	1.00000	1.00000	1.00000	
2720.00	0.56513	1.00000	1.00000	1.00000	1.00000	
2730.00	0.55133	1.00000	1.00000	1.00000	1.00000	
2740.00	0.54855	1.00000	1.00000	1.00000	1.00000	
2750.00	0.55086	1.00000	1.00000	1.00000	1.00000	
2760.00	0.55847	1.00000	1.00000	1.00000	1.00000	
2770.00	0.55765	1.00000	1.00000	1.00000	1.00000	
2780.00	0.56169	1.00000	1.00000	1.00000	1.00000	
2790.00	0.56374	1.00000	1.00000	1.00000	1.00000	
2800.00	0.56627	1.00000	1.00000	1.00000	1.00000	
2810.00	0.56425	1.00000	1.00000	1.00000	1.00000	
2820.00	0.56346	1.00000	1.00000	1.00000	1.00000	
2830.00	0.55984	1.00000	1.00000	1.00000	1.00000	
2840.00	0.57096	1.00000	1.00000	1.00000	1.00000	
2850.00	0.55207	1.00000	1.00000	1.00000	1.00000	
2860.00	0.55286	1.00000	1.00000	1.00000	1.00000	
2870.00	0.55305	1.00000	1.00000	1.00000	1.00000	
2880.00	0.54509	1.00000	1.00000	1.00000	1.00000	
2890.00	0.54648	1.00000	1.00000	1.00000	1.00000	
2900.00	0.55488	1.00000	1.00000	1.00000	1.00000	
2910.00	0.56589	1.00000	1.00000	1.00000	1.00000	
2920.00	0.57062	1.00000	1.00000	1.00000	1.00000	
2930.00	0.57147	1.00000	1.00000	1.00000	1.00000	
2940.00	0.56655	1.00000	1.00000	1.00000	1.00000	
2950.00	0.54306	1.00000	1.00000	1.00000	1.00000	
2960.00	0.53006	1.00000	1.00000	1.00000	1.00000	
2970.00	0.54553	1.00000	1.00000	1.00000	1.00000	
2980.00	0.55595	1.00000	1.00000	1.00000	1.00000	
2990.00	0.56795	1.00000	1.00000	1.00000	1.00000	
3000.00	0.57242	1.00000	1.00000	1.00000	1.00000	
3010.00	0.56710	1.00000	1.00000	1.00000	1.00000	
3020.00	0.56891	1.00000	1.00000	1.00000	1.00000	
3030.00	0.56421	1.00000	1.00000	1.00000	1.00000	
3040.00	0.54098	1.00000	1.00000	1.00000	1.00000	
3050.00	0.53329	1.00000	1.00000	1.00000	1.00000	
3060.00	0.54751	1.00000	1.00000	1.00000	1.00000	
3070.00	0.55910	1.00000	1.00000	1.00000	1.00000	
3080.00	0.55610	1.00000	1.00000	1.00000	1.00000	
3090.00	0.56726	1.00000	1.00000	1.00000	1.00000	
3100.00	0.57567	1.00000	1.00000	1.00000	1.00000	
3110.00	0.56180	1.00000	1.00000	1.00000	1.00000	
3120.00	0.52962	1.00000	1.00000	1.00000	1.00000	
3130.00	0.53028	1.00000	1.00000	1.00000	1.00000	
3140.00	0.53815	1.00000	1.00000	1.00000	1.00000	
3150.00	0.54029	1.00000	1.00000	1.00000	1.00000	
3160.00	0.54874	1.00000	1.00000	1.00000	1.00000	
3170.00	0.54860	1.00000	1.00000	1.00000	1.00000	
3180.00	0.55364	1.00000	1.00000	1.00000	1.00000	
3190.00	0.54954	1.00000	1.00000	1.00000	1.00000	
3200.00	0.53229	1.00000	1.00000	1.00000	1.00000	
3210.00	0.53575	1.00000	1.00000	1.00000	1.00000	
3220.00	0.53887	1.00000	1.00000	1.00000	1.00000	
3230.00	0.54247	1.00000	1.00000	1.00000	1.00000	
3240.00	0.54901	1.00000	1.00000	1.00000	1.00000	
3250.00	0.55512	1.00000	1.00000	1.00000	1.00000	
3260.00	0.54577	1.00000	1.00000	1.00000	1.00000	
3270.00	0.54549	1.00000	1.00000	1.00000	1.00000	
3280.00	0.54578	1.00000	1.00000	1.00000	1.00000	
3290.00	0.55506	1.00000	1.00000	1.00000	1.00000	
3300.00	0.56249	1.00000	1.00000	1.00000	1.00000	
3310.00	0.56149	1.00000	1.00000	1.00000	1.00000	
3320.00	0.54982	1.00000	1.00000	1.00000	1.00000	
3330.00	0.55188	1.00000	1.00000	1.00000	1.00000	
3340.00	0.55723	1.00000	1.00000	1.00000	1.00000	
3350.00	0.55757	1.00000	1.00000	1.00000	1.00000	
3360.00	0.55989	1.00000	1.00000	1.00000	1.00000	
3370.00	0.56989	1.00000	1.00000	1.00000	1.00000	
3380.00	0.56074	1.00000	1.00000	1.00000	1.00000	
3390.00	0.55278	1.00000	1.00000	1.00000	1.00000	
3400.00	0.54768	1.00000	1.00000	1.00000	1.00000	
3410.00	0.54252	1.00000	1.00000	1.00000	1.00000	
3420.00	0.55248	1.00000	1.00000	1.00000	1.00000	
3430.00	0.53996	1.00000	1.00000	1.00000	1.00000	
3440.00	0.54791	1.00000	1.00000	1.00000	1.00000	
3450.00	0.54533	1.00000	1.00000	1.00000	1.00000	
3460.00	0.54200	1.00000	1.00000	1.00000	1.00000	
3470.00	0.54742	1.00000	1.00000	1.00000	1.00000	
3480.00	0.55691	1.00000	1.00000	1.00000	1.00000	
3490.00	0.55634	1.00000	1.00000	1.00000	1.00000	
3500.00	0.56087	1.00000	1.00000	1.00000	1.00000	
3510.00	0.56908	1.00000	1.00000	1.00000	1.00000	
3520.00	0.56826	1.00000	1.00000	1.00000	1.00000	
3530.00	0.54950	1.00000	1.00000	1.00000	1.00000	
3540.00	0.54672	1.00000	1.00000	1.00000	1.00000	
3550.00	0.54797	1.00000	1.00000	1.00000	1.00000	
3560.00	0.55790	1.00000	1.00000	1.00000	1.00000	
3570.00	0.57020	1.00000	1.00000	1.00000	1.00000	
3580.00	0.56596	1.00000	1.00000	1.00000	1.00000	
3590.00	0.55003	1.00000	1.00000	1.00000	1.00000	
3600.00	0.53479	1.00000	1.00000	1.00000	1.00000	
3610.00	0.53880	1.00000	1.00000	1.00000	1.00000	
3620.00	0.54346	1.00000	1.00000	1.00000	1.00000	
3630.00	0.55280	1.00000	1.00000	1.00000	1.00000	
3640.00	0.55921	1.00000	1.00000	1.00000	1.00000	
3650.00	0.55158	1.00000	1.00000	1.00000	1.00000	
3660.00	0.55614	1.00000	1.00000	1.00000	1.00000	
3670.00	0.55406	1.00000	1.00000	1.00000	1.00000	
3680.00	0.55815	1.00000	1.00000	1.00000	1.00000	
3690.00	0.55553	1.00000	1.00000	1.00000	1.00000	
3700.00	0.55918	1.00000	1.00000	1.00000	1.00000	
3710.00	0.54973	1.00000	1.00000	1.00000	1.00000	
3720.00	0.55264	1.00000	1.00000	1.00000	1.00000	
3730.00	0.55516	1.00000	1.00000	1.00000	1.00000	
3740.00	0.53436	1.00000	1.00000	1.00000	1.00000	
3750.00	0.52885	1.00000	1.00000	1.00000	1.00000	
3760.00	0.53723	1.00000	1.00000	1.00000	1.00000	
3770.00	0.54969	1.00000	1.00000	1.00000	1.00000	
3780.00	0.56286	1.00000	1.00000	1.00000	1.00000	
3790.00	0.56699	1.00000	1.00000	1.00000	1.00000	
3800.00	0.56378	1.00000	1.00000	1.00000	1.00000	
3810.00	0.56735	1.00000	1.00000	1.00000	1.00000	
3820.00	0.56314	1.00000	1.00000	1.00000	1.00000	
3830.00	0.56483	1.00000	1.00000	1.00000	1.00000	
3840.00	0.55443	1.00000	1.00000	1.00000	1.00000	
3850.00	0.54238	1.00000	1.00000	1.00000	1.00000	
3860.00	0.54114	1.00000	1.00000	1.00000	1.00000	
3870.00	0.54949	1.00000	1.00000	1.00000	1.00000	
3880.00	0.56439	1.00000	1.00000	1.00000	1.00000	
3890.00	0.56167	1.00000	1.00000	1.00000	1.00000	
3900.00	0.55938	1.00000	1.00000	1.00000	1.00000	
3910.00	0.54920	1.00000	1.00000	1.00000	1.00000	
3920.00	0.54839	1.00000	1.00000	1.00000	1.00000	
3930.00	0.55069	1.00000	1.00000	1.00000	1.00000	
3940.00	0.55655	1.00000	1.00000	1.00000	1.00000	
3950.00	0.55729	1.00000	1.00000	1.00000	1.00000	
3960.00	0.55720	1.00000	1.00000	1.00000	1.00000	
3970.00	0.55089	1.00000	1.00000	1.00000	1.00000	
3980.00	0.55134	1.00000	1.00000	1.00000	1.00000	
3990.00	0.54840	1.00000	1.00000	1.00000	1.00000	
4000.00	0.55883	1.00000	1.00000	1.00000	1.00000	
