10.00	0.99812	0.99851	0.99819	0.99796	0.99859	
20.00	0.99820	0.99859	0.99827	0.99770	0.99866	
30.00	0.99819	0.99865	0.99828	0.99781	0.99872	
40.00	0.99818	0.99870	0.99836	0.99790	0.99878	
50.00	0.99827	0.99873	0.99844	0.99799	0.99880	
60.00	0.99833	0.99862	0.99843	0.99800	0.99877	
70.00	0.99834	0.99869	0.99851	0.99804	0.99881	
80.00	0.99840	0.99873	0.99843	0.99771	0.99886	
90.00	0.99848	0.99879	0.99850	0.99763	0.99889	
100.00	0.99833	0.99878	0.99823	0.99742	0.99793	
110.00	0.99841	0.99878	0.99805	0.99752	0.99803	
120.00	0.99823	0.99839	0.99815	0.99759	0.99813	
130.00	0.99818	0.99846	0.99824	0.99769	0.99822	
140.00	0.99825	0.99854	0.99831	0.99760	0.99830	
150.00	0.99823	0.99861	0.99839	0.99759	0.99837	
160.00	0.99799	0.99845	0.99841	0.99761	0.99845	
170.00	0.99805	0.99833	0.99841	0.99773	0.99852	
180.00	0.99810	0.99818	0.99842	0.99784	0.99854	
190.00	0.99819	0.99827	0.99831	0.99764	0.99861	
200.00	0.99828	0.99829	0.99839	0.99771	0.99851	
210.00	0.99771	0.99837	0.99829	0.99778	0.99859	
220.00	0.99741	0.99843	0.99825	0.99789	0.99865	
230.00	0.99744	0.99844	0.99830	0.99769	0.99867	
240.00	0.99726	0.99838	0.99838	0.99780	0.99864	
250.00	0.99733	0.99845	0.99845	0.99770	0.99856	
260.00	0.99746	0.99853	0.99853	0.99763	0.99861	
270.00	0.99758	0.99812	0.99860	0.99770	0.99859	
280.00	0.99752	0.99820	0.99835	0.99779	0.99866	
290.00	0.99749	0.99829	0.99843	0.99789	0.99862	
300.00	0.99682	0.99836	0.99846	0.99798	0.99869	
310.00	0.99659	0.99843	0.99853	0.99805	0.99872	
320.00	0.99656	0.99815	0.99860	0.99810	0.99878	
330.00	0.99669	0.99794	0.99855	0.99818	0.99873	
340.00	0.99685	0.99796	0.99862	0.99826	0.99879	
350.00	0.99694	0.99806	0.99867	0.99835	0.99885	
360.00	0.99705	0.99806	0.99873	0.99835	0.99891	
370.00	0.99718	0.99815	0.99877	0.99812	0.99881	
380.00	0.99731	0.99821	0.99883	0.99793	0.99884	
390.00	0.99728	0.99806	0.99888	0.99772	0.99890	
400.00	0.99741	0.99787	0.99887	0.99783	0.99895	
410.00	0.99714	0.99794	0.99882	0.99774	0.99900	
420.00	0.99718	0.99768	0.99879	0.99782	0.99905	
430.00	0.99726	0.99778	0.99885	0.99793	0.99909	
440.00	0.99717	0.99779	0.99891	0.99791	0.99904	
450.00	0.99731	0.99784	0.99882	0.99771	0.99908	
460.00	0.99744	0.99794	0.99888	0.99776	0.99912	
470.00	0.99756	0.99782	0.99894	0.99732	0.99902	
480.00	0.99768	0.99747	0.99888	0.99743	0.99906	
490.00	0.99776	0.99756	0.99860	0.99756	0.99911	
500.00	0.99771	0.99768	0.99848	0.99767	0.99893	
510.00	0.99761	0.99721	0.99856	0.99779	0.99897	
520.00	0.99773	0.99682	0.99862	0.99786	0.99874	
530.00	0.99784	0.99691	0.99866	0.99759	0.99869	
540.00	0.99794	0.99706	0.99849	0.99770	0.99832	
550.00	0.99767	0.99719	0.99831	0.99780	0.99840	
560.00	0.99776	0.99705	0.99837	0.99791	0.99846	
570.00	0.99787	0.99719	0.99844	0.99782	0.99851	
580.00	0.99771	0.99709	0.99852	0.99779	0.99859	
590.00	0.99780	0.99698	0.99851	0.99790	0.99865	
600.00	0.99774	0.99700	0.99847	0.99800	0.99872	
610.00	0.99785	0.99715	0.99853	0.99787	0.99871	
620.00	0.99795	0.99723	0.99847	0.99739	0.99877	
630.00	0.99805	0.99737	0.99854	0.99752	0.99882	
640.00	0.99814	0.99743	0.99861	0.99760	0.99888	
650.00	0.99815	0.99745	0.99866	0.99762	0.99891	
660.00	0.99823	0.99757	0.99840	0.99773	0.99894	
670.00	0.99832	0.99769	0.99848	0.99770	0.99868	
680.00	0.99838	0.99780	0.99853	0.99766	0.99875	
690.00	0.99846	0.99790	0.99860	0.99777	0.99868	
700.00	0.99854	0.99794	0.99837	0.99781	0.99867	
710.00	0.99859	0.99804	0.99845	0.99780	0.99873	
720.00	0.99856	0.99814	0.99808	0.99751	0.99879	
730.00	0.99863	0.99823	0.99811	0.99759	0.99885	
740.00	0.99868	0.99798	0.99787	0.99769	0.99867	
750.00	0.99874	0.99808	0.99772	0.99779	0.99873	
760.00	0.99856	0.99817	0.99783	0.99760	0.99828	
770.00	0.99862	0.99822	0.99793	0.99771	0.99807	
780.00	0.99868	0.99831	0.99803	0.99739	0.99804	
790.00	0.99874	0.99834	0.99812	0.99746	0.99814	
800.00	0.99864	0.99840	0.99821	0.99759	0.99823	
810.00	0.99867	0.99847	0.99830	0.99770	0.99828	
820.00	0.99870	0.99852	0.99838	0.99781	0.99806	
830.00	0.99875	0.99859	0.99818	0.99788	0.99814	
840.00	0.99878	0.99866	0.99823	0.99780	0.99771	
850.00	0.99880	0.99872	0.99831	0.99787	0.99747	
860.00	0.99871	0.99851	0.99826	0.99785	0.99751	
870.00	0.99878	0.99853	0.99824	0.99773	0.99720	
880.00	0.99883	0.99860	0.99818	0.99784	0.99715	
890.00	0.99889	0.99843	0.99825	0.99794	0.99724	
900.00	0.99889	0.99836	0.99834	0.99796	0.99729	
910.00	0.99895	0.99836	0.99842	0.99797	0.99710	
920.00	0.99875	0.99844	0.99831	0.99776	0.99724	
930.00	0.99879	0.99851	0.99839	0.99751	0.99737	
940.00	0.99885	0.99846	0.99847	0.99763	0.99700	
950.00	0.99870	0.99854	0.99854	0.99760	0.99715	
960.00	0.99858	0.99861	0.99855	0.99772	0.99724	
970.00	0.99840	0.99868	0.99862	0.99766	0.99727	
980.00	0.99848	0.99873	0.99820	0.99777	0.99724	
990.00	0.99855	0.99877	0.99797	0.99787	0.99738	
1000.00	0.99862	0.99870	0.99807	0.99797	0.99744	
1010.00	0.99642	0.99866	0.99816	0.99807	0.99756	
1020.00	0.99577	0.99873	0.99825	0.99817	0.99768	
1030.00	0.99572	0.99879	0.99834	0.99826	0.99779	
1040.00	0.99274	0.99885	0.99842	0.99834	0.99788	
1050.00	0.99023	0.99890	0.99850	0.99842	0.99798	
1060.00	0.98864	0.99892	0.99857	0.99850	0.99807	
1070.00	0.98670	0.99895	0.99864	0.99857	0.99816	
1080.00	0.98319	0.99900	0.99871	0.99864	0.99825	
1090.00	0.97993	0.99904	0.99877	0.99871	0.99833	
1100.00	0.97895	0.99909	0.99883	0.99877	0.99841	
1110.00	0.97775	0.99914	0.99889	0.99883	0.99849	
1120.00	0.97735	0.99918	0.99894	0.99889	0.99854	
1130.00	0.97535	0.99908	0.99894	0.99894	0.99862	
1140.00	0.97436	0.99902	0.99899	0.99899	0.99865	
1150.00	0.97454	0.99906	0.99904	0.99904	0.99872	
1160.00	0.97450	0.99905	0.99909	0.99907	0.99878	
1170.00	0.97537	0.99897	0.99905	0.99910	0.99884	
1180.00	0.97615	0.99902	0.99909	0.99914	0.99884	
1190.00	0.97663	0.99904	0.99895	0.99918	0.99885	
1200.00	0.97733	0.99908	0.99899	0.99922	0.99891	
1210.00	0.97752	0.99903	0.99894	0.99926	0.99885	
1220.00	0.97862	0.99908	0.99898	0.99929	0.99891	
1230.00	0.97926	0.99903	0.99903	0.99933	0.99896	
1240.00	0.98026	0.99848	0.99908	0.99932	0.99901	
1250.00	0.98092	0.99852	0.99912	0.99935	0.99906	
1260.00	0.98165	0.99859	0.99908	0.99938	0.99889	
1270.00	0.98241	0.99866	0.99887	0.99933	0.99886	
1280.00	0.98308	0.99873	0.99890	0.99933	0.99891	
1290.00	0.98381	0.99865	0.99895	0.99936	0.99897	
1300.00	0.98459	0.99871	0.99860	0.99940	0.99896	
1310.00	0.98495	0.99876	0.99866	0.99942	0.99900	
1320.00	0.98522	0.99882	0.99863	0.99945	0.99901	
1330.00	0.98594	0.99881	0.99869	0.99944	0.99899	
1340.00	0.98644	0.99880	0.99875	0.99946	0.99888	
1350.00	0.98649	0.99871	0.99881	0.99944	0.99894	
1360.00	0.98687	0.99877	0.99885	0.99946	0.99899	
1370.00	0.98751	0.99880	0.99891	0.99933	0.99904	
1380.00	0.98792	0.99861	0.99870	0.99937	0.99872	
1390.00	0.98828	0.99856	0.99876	0.99939	0.99864	
1400.00	0.98860	0.99844	0.99879	0.99942	0.99841	
1410.00	0.98896	0.99848	0.99884	0.99945	0.99849	
1420.00	0.98919	0.99783	0.99890	0.99947	0.99856	
1430.00	0.98937	0.99793	0.99895	0.99950	0.99837	
1440.00	0.98971	0.99794	0.99886	0.99952	0.99845	
1450.00	0.99013	0.99803	0.99860	0.99954	0.99848	
1460.00	0.98973	0.99795	0.99867	0.99955	0.99856	
1470.00	0.98991	0.99805	0.99873	0.99953	0.99860	
1480.00	0.99035	0.99810	0.99869	0.99955	0.99867	
1490.00	0.99078	0.99789	0.99875	0.99957	0.99873	
1500.00	0.99108	0.99798	0.99872	0.99959	0.99862	
1510.00	0.99142	0.99808	0.99872	0.99961	0.99869	
1520.00	0.99143	0.99817	0.99878	0.99955	0.99873	
1530.00	0.99180	0.99826	0.99884	0.99942	0.99879	
1540.00	0.99220	0.99823	0.99889	0.99943	0.99885	
1550.00	0.99236	0.99832	0.99891	0.99946	0.99890	
1560.00	0.99273	0.99830	0.99881	0.99944	0.99895	
1570.00	0.99309	0.99831	0.99882	0.99917	0.99899	
1580.00	0.99340	0.99821	0.99886	0.99920	0.99895	
1590.00	0.99368	0.99829	0.99892	0.99922	0.99898	
1600.00	0.99391	0.99837	0.99892	0.99926	0.99902	
1610.00	0.99389	0.99845	0.99898	0.99885	0.99907	
1620.00	0.99371	0.99812	0.99902	0.99868	0.99911	
1630.00	0.99375	0.99820	0.99896	0.99841	0.99915	
1640.00	0.99400	0.99824	0.99901	0.99848	0.99920	
1650.00	0.99420	0.99832	0.99905	0.99824	0.99923	
1660.00	0.99446	0.99839	0.99894	0.99787	0.99921	
1670.00	0.99432	0.99847	0.99893	0.99798	0.99924	
1680.00	0.99451	0.99853	0.99892	0.99792	0.99928	
1690.00	0.99478	0.99830	0.99873	0.99802	0.99931	
1700.00	0.99475	0.99836	0.99800	0.99812	0.99932	
1710.00	0.99501	0.99844	0.99809	0.99781	0.99935	
1720.00	0.99507	0.99841	0.99810	0.99792	0.99938	
1730.00	0.99487	0.99849	0.99810	0.99802	0.99941	
1740.00	0.99490	0.99856	0.99819	0.99812	0.99944	
1750.00	0.99478	0.99853	0.99771	0.99816	0.99947	
1760.00	0.99502	0.99860	0.99781	0.99811	0.99916	
1770.00	0.99520	0.99867	0.99789	0.99821	0.99905	
1780.00	0.99531	0.99874	0.99781	0.99829	0.99909	
1790.00	0.99523	0.99874	0.99792	0.99831	0.99913	
1800.00	0.99545	0.99877	0.99802	0.99839	0.99907	
1810.00	0.99565	0.99876	0.99803	0.99845	0.99885	
1820.00	0.99545	0.99871	0.99812	0.99848	0.99890	
1830.00	0.99535	0.99876	0.99821	0.99802	0.99869	
1840.00	0.99531	0.99858	0.99830	0.99810	0.99873	
1850.00	0.99539	0.99865	0.99838	0.99816	0.99876	
1860.00	0.99559	0.99866	0.99846	0.99825	0.99875	
1870.00	0.99540	0.99869	0.99854	0.99807	0.99869	
1880.00	0.99561	0.99866	0.99861	0.99816	0.99875	
1890.00	0.99551	0.99871	0.99868	0.99816	0.99881	
1900.00	0.99516	0.99877	0.99866	0.99825	0.99866	
1910.00	0.99539	0.99875	0.99873	0.99828	0.99872	
1920.00	0.99549	0.99881	0.99845	0.99807	0.99874	
1930.00	0.99571	0.99887	0.99840	0.99816	0.99874	
1940.00	0.99592	0.99888	0.99834	0.99791	0.99880	
1950.00	0.99606	0.99826	0.99842	0.99799	0.99886	
1960.00	0.99601	0.99805	0.99850	0.99809	0.99884	
1970.00	0.99621	0.99807	0.99854	0.99786	0.99889	
1980.00	0.99635	0.99816	0.99861	0.99797	0.99883	
1990.00	0.99632	0.99825	0.99867	0.99804	0.99850	
2000.00	0.99609	0.99833	0.99874	0.99813	0.99857	
2010.00	0.99576	0.99841	0.99880	0.99801	0.99863	
2020.00	0.99550	0.99849	0.99873	0.99807	0.99860	
2030.00	0.99567	0.99856	0.99879	0.99816	0.99867	
2040.00	0.99485	0.99861	0.99873	0.99817	0.99872	
2050.00	0.99469	0.99864	0.99879	0.99826	0.99877	
2060.00	0.99314	0.99871	0.99883	0.99812	0.99883	
2070.00	0.99041	0.99869	0.99888	0.99821	0.99888	
2080.00	0.98933	0.99875	0.99894	0.99819	0.99893	
2090.00	0.98627	0.99881	0.99899	0.99828	0.99899	
2100.00	0.98426	0.99887	0.99904	0.99836	0.99904	
2110.00	0.97873	0.99892	0.99903	0.99844	0.99908	
2120.00	0.97497	0.99898	0.99908	0.99852	0.99913	
2130.00	0.96947	0.99903	0.99912	0.99859	0.99917	
2140.00	0.96425	0.99907	0.99916	0.99866	0.99921	
2150.00	0.96031	0.99912	0.99920	0.99872	0.99925	
2160.00	0.95006	0.99916	0.99924	0.99879	0.99929	
2170.00	0.94815	0.99920	0.99928	0.99885	0.99932	
2180.00	0.93766	0.99924	0.99932	0.99890	0.99935	
2190.00	0.92949	0.99928	0.99935	0.99896	0.99939	
2200.00	0.92306	0.99931	0.99938	0.99901	0.99942	
2210.00	0.91571	0.99935	0.99941	0.99905	0.99944	
2220.00	0.91138	0.99938	0.99944	0.99910	0.99947	
2230.00	0.90420	0.99941	0.99947	0.99914	0.99950	
2240.00	0.89619	0.99944	0.99949	0.99919	0.99952	
2250.00	0.88382	0.99947	0.99952	0.99923	0.99954	
2260.00	0.87621	0.99949	0.99954	0.99926	0.99957	
2270.00	0.87015	0.99952	0.99956	0.99930	0.99959	
2280.00	0.86102	0.99954	0.99958	0.99933	0.99961	
2290.00	0.85859	0.99956	0.99961	0.99937	0.99963	
2300.00	0.84991	0.99958	0.99962	0.99940	0.99965	
2310.00	0.84254	0.99960	0.99964	0.99943	0.99966	
2320.00	0.83975	0.99962	0.99966	0.99945	0.99968	
2330.00	0.83073	0.99964	0.99968	0.99948	0.99969	
2340.00	0.83026	0.99966	0.99969	0.99951	0.99971	
2350.00	0.81952	0.99968	0.99971	0.99953	0.99972	
2360.00	0.80982	0.99969	0.99972	0.99955	0.99974	
2370.00	0.80395	0.99971	0.99974	0.99958	0.99975	
2380.00	0.79948	0.99972	0.99975	0.99960	0.99976	
2390.00	0.79980	0.99973	0.99976	0.99962	0.99977	
2400.00	0.79587	0.99975	0.99977	0.99963	0.99979	
2410.00	0.78752	0.99976	0.99978	0.99965	0.99980	
2420.00	0.78219	0.99977	0.99979	0.99967	0.99981	
2430.00	0.77031	0.99978	0.99980	0.99969	0.99981	
2440.00	0.77298	0.99979	0.99981	0.99970	0.99982	
2450.00	0.76237	0.99980	0.99982	0.99972	0.99983	
2460.00	0.74426	0.99981	0.99983	0.99973	0.99984	
2470.00	0.74175	0.99982	0.99984	0.99974	0.99985	
2480.00	0.73654	0.99983	0.99985	0.99976	0.99986	
2490.00	0.73486	0.99984	0.99986	0.99977	0.99986	
2500.00	0.72991	0.99985	0.99986	0.99978	0.99987	
2510.00	0.71719	0.99985	0.99987	0.99979	0.99988	
2520.00	0.72466	0.99986	0.99987	0.99980	0.99988	
2530.00	0.71724	0.99987	0.99988	0.99981	0.99989	
2540.00	0.71985	0.99988	0.99989	0.99982	0.99989	
2550.00	0.71936	0.99988	0.99989	0.99983	0.99990	
2560.00	0.71033	0.99989	0.99990	0.99984	0.99990	
2570.00	0.71211	0.99989	0.99990	0.99984	0.99991	
2580.00	0.70981	0.99990	0.99991	0.99985	0.99991	
2590.00	0.71153	0.99990	0.99991	0.99986	0.99992	
2600.00	0.70877	0.99991	0.99992	0.99987	0.99992	
2610.00	0.68972	0.99991	0.99992	0.99987	0.99993	
2620.00	0.68828	0.99992	0.99992	0.99988	0.99993	
2630.00	0.68551	0.99992	0.99993	0.99988	0.99993	
2640.00	0.68787	0.99992	0.99993	0.99989	0.99994	
2650.00	0.68113	0.99993	0.99994	0.99990	0.99994	
2660.00	0.67978	0.99993	0.99994	0.99990	0.99994	
2670.00	0.68327	0.99993	0.99994	0.99991	0.99994	
2680.00	0.66696	0.99994	0.99994	0.99991	0.99995	
2690.00	0.66846	0.99994	0.99995	0.99991	0.99995	
2700.00	0.65935	0.99994	0.99995	0.99992	0.99995	
2710.00	0.65902	0.99995	0.99995	0.99992	0.99995	
2720.00	0.66357	0.99995	0.99995	0.99993	0.99996	
2730.00	0.66879	0.99995	0.99995	0.99993	0.99996	
2740.00	0.67260	0.99995	0.99996	0.99993	0.99996	
2750.00	0.67122	0.99996	0.99996	0.99994	0.99996	
2760.00	0.67030	0.99996	0.99996	0.99994	0.99996	
2770.00	0.65374	0.99996	0.99996	0.99994	0.99997	
2780.00	0.64811	0.99996	0.99997	0.99995	0.99997	
2790.00	0.63878	0.99996	0.99997	0.99995	0.99997	
2800.00	0.63574	0.99997	0.99997	0.99995	0.99997	
2810.00	0.64261	0.99997	0.99997	0.99995	0.99997	
2820.00	0.64601	0.99997	0.99997	0.99996	0.99997	
2830.00	0.63885	0.99997	0.99997	0.99996	0.99998	
2840.00	0.64364	0.99997	0.99997	0.99996	0.99998	
2850.00	0.64343	0.99997	0.99998	0.99996	0.99998	
2860.00	0.64451	0.99997	0.99998	0.99996	0.99998	
2870.00	0.63391	0.99998	0.99998	0.99997	0.99998	
2880.00	0.63488	0.99998	0.99998	0.99997	0.99998	
2890.00	0.63030	0.99998	0.99998	0.99997	0.99998	
2900.00	0.62920	0.99998	0.99998	0.99997	0.99998	
2910.00	0.63485	0.99998	0.99998	0.99997	0.99998	
2920.00	0.64174	0.99998	0.99998	0.99997	0.99998	
2930.00	0.63819	0.99998	0.99998	0.99997	0.99999	
2940.00	0.63967	0.99998	0.99998	0.99998	0.99999	
2950.00	0.63411	0.99998	0.99999	0.99998	0.99999	
2960.00	0.62007	0.99999	0.99999	0.99998	0.99999	
2970.00	0.61601	0.99999	0.99999	0.99998	0.99999	
2980.00	0.61706	0.99999	0.99999	0.99998	0.99999	
2990.00	0.61765	0.99999	0.99999	0.99998	0.99999	
3000.00	0.61649	0.99999	0.99999	0.99998	0.99999	
3010.00	0.62387	0.99999	0.99999	0.99998	0.99999	
3020.00	0.62960	0.99999	0.99999	0.99998	0.99999	
3030.00	0.62925	0.99999	0.99999	0.99998	0.99999	
3040.00	0.62866	0.99999	0.99999	0.99999	0.99999	
3050.00	0.62100	0.99999	0.99999	0.99999	0.99999	
3060.00	0.62690	0.99999	0.99999	0.99999	0.99999	
3070.00	0.62775	0.99999	0.99999	0.99999	0.99999	
3080.00	0.60738	0.99999	0.99999	0.99999	0.99999	
3090.00	0.60246	0.99999	0.99999	0.99999	0.99999	
3100.00	0.61343	0.99999	0.99999	0.99999	0.99999	
3110.00	0.61643	0.99999	0.99999	0.99999	0.99999	
3120.00	0.61857	0.99999	0.99999	0.99999	0.99999	
3130.00	0.61981	0.99999	0.99999	0.99999	0.99999	
3140.00	0.61631	0.99999	0.99999	0.99999	0.99999	
3150.00	0.61507	0.99999	0.99999	0.99999	1.00000	
3160.00	0.60216	0.99999	0.99999	0.99999	1.00000	
3170.00	0.60257	0.99999	1.00000	0.99999	1.00000	
3180.00	0.60907	1.00000	1.00000	0.99999	1.00000	
3190.00	0.61190	1.00000	1.00000	0.99999	1.00000	
3200.00	0.61269	1.00000	1.00000	0.99999	1.00000	
3210.00	0.60610	1.00000	1.00000	0.99999	1.00000	
3220.00	0.59830	1.00000	1.00000	0.99999	1.00000	
3230.00	0.59038	1.00000	1.00000	0.99999	1.00000	
3240.00	0.59904	1.00000	1.00000	0.99999	1.00000	
3250.00	0.60787	1.00000	1.00000	1.00000	1.00000	
3260.00	0.60426	1.00000	1.00000	1.00000	1.00000	
3270.00	0.61314	1.00000	1.00000	1.00000	1.00000	
3280.00	0.61176	1.00000	1.00000	1.00000	1.00000	
3290.00	0.60012	1.00000	1.00000	1.00000	1.00000	
3300.00	0.57723	1.00000	1.00000	1.00000	1.00000	
3310.00	0.58125	1.00000	1.00000	1.00000	1.00000	
3320.00	0.59142	1.00000	1.00000	1.00000	1.00000	
3330.00	0.59788	1.00000	1.00000	1.00000	1.00000	
3340.00	0.59430	1.00000	1.00000	1.00000	1.00000	
3350.00	0.59619	1.00000	1.00000	1.00000	1.00000	
3360.00	0.59521	1.00000	1.00000	1.00000	1.00000	
3370.00	0.59356	1.00000	1.00000	1.00000	1.00000	
3380.00	0.60056	1.00000	1.00000	1.00000	1.00000	
3390.00	0.60734	1.00000	1.00000	1.00000	1.00000	
3400.00	0.60216	1.00000	1.00000	1.00000	1.00000	
3410.00	0.59964	1.00000	1.00000	1.00000	1.00000	
3420.00	0.60504	1.00000	1.00000	1.00000	1.00000	
3430.00	0.60348	1.00000	1.00000	1.00000	1.00000	
3440.00	0.60569	1.00000	1.00000	1.00000	1.00000	
3450.00	0.60067	1.00000	1.00000	1.00000	1.00000	
3460.00	0.60508	1.00000	1.00000	1.00000	1.00000	
3470.00	0.60032	1.00000	1.00000	1.00000	1.00000	
3480.00	0.60727	1.00000	1.00000	1.00000	1.00000	
3490.00	0.60339	1.00000	1.00000	1.00000	1.00000	
3500.00	0.59838	1.00000	1.00000	1.00000	1.00000	
3510.00	0.60025	1.00000	1.00000	1.00000	1.00000	
3520.00	0.60407	1.00000	1.00000	1.00000	1.00000	
3530.00	0.61224	1.00000	1.00000	1.00000	1.00000	
3540.00	0.60061	1.00000	1.00000	1.00000	1.00000	
3550.00	0.59413	1.00000	1.00000	1.00000	1.00000	
3560.00	0.59057	1.00000	1.00000	1.00000	1.00000	
3570.00	0.58799	1.00000	1.00000	1.00000	1.00000	
3580.00	0.58121	1.00000	1.00000	1.00000	1.00000	
3590.00	0.58645	1.00000	1.00000	1.00000	1.00000	
3600.00	0.59170	1.00000	1.00000	1.00000	1.00000	
3610.00	0.59670	1.00000	1.00000	1.00000	1.00000	
3620.00	0.59724	1.00000	1.00000	1.00000	1.00000	
3630.00	0.58055	1.00000	1.00000	1.00000	1.00000	
3640.00	0.58655	1.00000	1.00000	1.00000	1.00000	
3650.00	0.58637	1.00000	1.00000	1.00000	1.00000	
3660.00	0.57311	1.00000	1.00000	1.00000	1.00000	
3670.00	0.58530	1.00000	1.00000	1.00000	1.00000	
3680.00	0.59096	1.00000	1.00000	1.00000	1.00000	
3690.00	0.59438	1.00000	1.00000	1.00000	1.00000	
3700.00	0.60592	1.00000	1.00000	1.00000	1.00000	
3710.00	0.60567	1.00000	1.00000	1.00000	1.00000	
3720.00	0.60416	1.00000	1.00000	1.00000	1.00000	
3730.00	0.58607	1.00000	1.00000	1.00000	1.00000	
3740.00	0.58053	1.00000	1.00000	1.00000	1.00000	
3750.00	0.58027	1.00000	1.00000	1.00000	1.00000	
3760.00	0.58726	1.00000	1.00000	1.00000	1.00000	
3770.00	0.59011	1.00000	1.00000	1.00000	1.00000	
3780.00	0.57833	1.00000	1.00000	1.00000	1.00000	
3790.00	0.58296	1.00000	1.00000	1.00000	1.00000	
3800.00	0.58657	1.00000	1.00000	1.00000	1.00000	
3810.00	0.59846	1.00000	1.00000	1.00000	1.00000	
3820.00	0.60211	1.00000	1.00000	1.00000	1.00000	
3830.00	0.60028	1.00000	1.00000	1.00000	1.00000	
3840.00	0.59882	1.00000	1.00000	1.00000	1.00000	
3850.00	0.60532	1.00000	1.00000	1.00000	1.00000	
3860.00	0.58236	1.00000	1.00000	1.00000	1.00000	
3870.00	0.56584	1.00000	1.00000	1.00000	1.00000	
3880.00	0.57954	1.00000	1.00000	1.00000	1.00000	
3890.00	0.59098	1.00000	1.00000	1.00000	1.00000	
3900.00	0.59332	1.00000	1.00000	1.00000	1.00000	
3910.00	0.60264	1.00000	1.00000	1.00000	1.00000	
3920.00	0.60522	1.00000	1.00000	1.00000	1.00000	
3930.00	0.59782	1.00000	1.00000	1.00000	1.00000	
3940.00	0.58251	1.00000	1.00000	1.00000	1.00000	
3950.00	0.57688	1.00000	1.00000	1.00000	1.00000	
3960.00	0.58493	1.00000	1.00000	1.00000	1.00000	
3970.00	0.59353	1.00000	1.00000	1.00000	1.00000	
3980.00	0.60443	1.00000	1.00000	1.00000	1.00000	
3990.00	0.60808	1.00000	1.00000	1.00000	1.00000	
4000.00	0.59800	1.00000	1.00000	1.00000	1.00000	
