10.00	0.99775	0.99646	0.99730	0.99710	0.99603	
20.00	0.99786	0.99631	0.99725	0.99720	0.99593	
30.00	0.99796	0.99628	0.99738	0.99733	0.99601	
40.00	0.99799	0.99629	0.99751	0.99717	0.99621	
50.00	0.99808	0.99616	0.99699	0.99730	0.99613	
60.00	0.99792	0.99632	0.99711	0.99727	0.99632	
70.00	0.99799	0.99617	0.99702	0.99690	0.99636	
80.00	0.99806	0.99623	0.99681	0.99647	0.99615	
90.00	0.99815	0.99630	0.99687	0.99646	0.99611	
100.00	0.99814	0.99634	0.99695	0.99632	0.99610	
110.00	0.99823	0.99577	0.99710	0.99635	0.99628	
120.00	0.99830	0.99564	0.99718	0.99610	0.99645	
130.00	0.99839	0.99584	0.99730	0.99605	0.99626	
140.00	0.99846	0.99604	0.99743	0.99624	0.99625	
150.00	0.99833	0.99621	0.99727	0.99640	0.99615	
160.00	0.99841	0.99640	0.99734	0.99588	0.99633	
170.00	0.99846	0.99598	0.99747	0.99608	0.99628	
180.00	0.99837	0.99617	0.99751	0.99608	0.99606	
190.00	0.99829	0.99636	0.99743	0.99621	0.99624	
200.00	0.99834	0.99630	0.99740	0.99633	0.99638	
210.00	0.99840	0.99634	0.99735	0.99651	0.99653	
220.00	0.99819	0.99639	0.99729	0.99658	0.99669	
230.00	0.99827	0.99636	0.99709	0.99665	0.99684	
240.00	0.99835	0.99653	0.99723	0.99676	0.99666	
250.00	0.99834	0.99670	0.99736	0.99682	0.99674	
260.00	0.99808	0.99665	0.99693	0.99686	0.99689	
270.00	0.99787	0.99680	0.99688	0.99699	0.99682	
280.00	0.99772	0.99659	0.99703	0.99714	0.99696	
290.00	0.99782	0.99634	0.99702	0.99717	0.99709	
300.00	0.99764	0.99626	0.99715	0.99724	0.99717	
310.00	0.99765	0.99627	0.99679	0.99724	0.99730	
320.00	0.99759	0.99587	0.99693	0.99730	0.99741	
330.00	0.99749	0.99566	0.99698	0.99712	0.99732	
340.00	0.99746	0.99580	0.99711	0.99725	0.99737	
350.00	0.99734	0.99598	0.99725	0.99683	0.99750	
360.00	0.99720	0.99608	0.99738	0.99676	0.99762	
370.00	0.99733	0.99626	0.99733	0.99652	0.99772	
380.00	0.99745	0.99623	0.99745	0.99657	0.99770	
390.00	0.99726	0.99585	0.99758	0.99657	0.99717	
400.00	0.99727	0.99589	0.99767	0.99674	0.99684	
410.00	0.99725	0.99594	0.99779	0.99662	0.99695	
420.00	0.99719	0.99599	0.99787	0.99605	0.99680	
430.00	0.99722	0.99575	0.99781	0.99605	0.99684	
440.00	0.99736	0.99590	0.99792	0.99610	0.99657	
450.00	0.99736	0.99610	0.99794	0.99602	0.99644	
460.00	0.99748	0.99629	0.99804	0.99614	0.99649	
470.00	0.99756	0.99646	0.99813	0.99617	0.99666	
480.00	0.99766	0.99634	0.99802	0.99578	0.99660	
490.00	0.99774	0.99620	0.99801	0.99558	0.99676	
500.00	0.99784	0.99639	0.99810	0.99548	0.99635	
510.00	0.99782	0.99568	0.99784	0.99543	0.99640	
520.00	0.99766	0.99589	0.99786	0.99535	0.99634	
530.00	0.99778	0.99585	0.99774	0.99547	0.99632	
540.00	0.99759	0.99602	0.99749	0.99569	0.99589	
550.00	0.99736	0.99618	0.99747	0.99587	0.99609	
560.00	0.99737	0.99614	0.99736	0.99585	0.99615	
570.00	0.99730	0.99632	0.99740	0.99605	0.99626	
580.00	0.99743	0.99649	0.99683	0.99625	0.99603	
590.00	0.99751	0.99664	0.99680	0.99617	0.99606	
600.00	0.99764	0.99663	0.99694	0.99626	0.99602	
610.00	0.99764	0.99672	0.99667	0.99635	0.99614	
620.00	0.99773	0.99669	0.99647	0.99629	0.99603	
630.00	0.99754	0.99685	0.99632	0.99636	0.99576	
640.00	0.99766	0.99701	0.99650	0.99648	0.99551	
650.00	0.99770	0.99679	0.99660	0.99665	0.99520	
660.00	0.99782	0.99652	0.99636	0.99681	0.99488	
670.00	0.99790	0.99663	0.99654	0.99683	0.99434	
680.00	0.99800	0.99671	0.99668	0.99671	0.99418	
690.00	0.99809	0.99680	0.99682	0.99680	0.99396	
700.00	0.99810	0.99665	0.99694	0.99694	0.99374	
710.00	0.99818	0.99667	0.99708	0.99702	0.99376	
720.00	0.99817	0.99682	0.99666	0.99693	0.99406	
730.00	0.99801	0.99692	0.99680	0.99693	0.99423	
740.00	0.99786	0.99683	0.99684	0.99697	0.99418	
750.00	0.99764	0.99698	0.99694	0.99694	0.99363	
760.00	0.99761	0.99707	0.99701	0.99708	0.99347	
770.00	0.99773	0.99715	0.99705	0.99715	0.99345	
780.00	0.99783	0.99693	0.99717	0.99695	0.99375	
790.00	0.99761	0.99675	0.99725	0.99688	0.99406	
800.00	0.99700	0.99665	0.99676	0.99703	0.99420	
810.00	0.99707	0.99680	0.99683	0.99717	0.99418	
820.00	0.99701	0.99683	0.99688	0.99678	0.99437	
830.00	0.99698	0.99697	0.99661	0.99680	0.99464	
840.00	0.99711	0.99678	0.99677	0.99682	0.99490	
850.00	0.99715	0.99694	0.99610	0.99698	0.99463	
860.00	0.99667	0.99704	0.99610	0.99654	0.99485	
870.00	0.99660	0.99699	0.99629	0.99657	0.99509	
880.00	0.99675	0.99700	0.99641	0.99671	0.99508	
890.00	0.99670	0.99711	0.99659	0.99673	0.99462	
900.00	0.99632	0.99725	0.99672	0.99684	0.99463	
910.00	0.99647	0.99679	0.99650	0.99698	0.99486	
920.00	0.99662	0.99695	0.99660	0.99687	0.99506	
930.00	0.99678	0.99695	0.99645	0.99679	0.99491	
940.00	0.99668	0.99693	0.99657	0.99682	0.99510	
950.00	0.99678	0.99700	0.99660	0.99684	0.99474	
960.00	0.99693	0.99709	0.99676	0.99694	0.99494	
970.00	0.99654	0.99659	0.99687	0.99667	0.99498	
980.00	0.99670	0.99651	0.99702	0.99635	0.99518	
990.00	0.99685	0.99652	0.99703	0.99630	0.99519	
1000.00	0.99683	0.99665	0.99698	0.99635	0.99543	
1010.00	0.99542	0.99669	0.99705	0.99640	0.99514	
1020.00	0.98965	0.99685	0.99720	0.99657	0.99538	
1030.00	0.97796	0.99700	0.99733	0.99674	0.99560	
1040.00	0.95793	0.99715	0.99746	0.99690	0.99582	
1050.00	0.92799	0.99729	0.99759	0.99705	0.99602	
1060.00	0.89802	0.99742	0.99770	0.99720	0.99622	
1070.00	0.86510	0.99754	0.99782	0.99733	0.99640	
1080.00	0.82342	0.99767	0.99792	0.99746	0.99658	
1090.00	0.78955	0.99778	0.99802	0.99759	0.99674	
1100.00	0.75584	0.99789	0.99812	0.99770	0.99690	
1110.00	0.72608	0.99799	0.99821	0.99782	0.99705	
1120.00	0.70403	0.99809	0.99830	0.99792	0.99720	
1130.00	0.69867	0.99818	0.99838	0.99802	0.99733	
1140.00	0.70411	0.99827	0.99846	0.99812	0.99746	
1150.00	0.70936	0.99835	0.99854	0.99821	0.99759	
1160.00	0.71968	0.99843	0.99861	0.99830	0.99771	
1170.00	0.73012	0.99851	0.99834	0.99838	0.99782	
1180.00	0.74252	0.99852	0.99836	0.99813	0.99790	
1190.00	0.75403	0.99833	0.99842	0.99815	0.99785	
1200.00	0.76373	0.99841	0.99849	0.99823	0.99777	
1210.00	0.77427	0.99847	0.99832	0.99820	0.99786	
1220.00	0.78331	0.99853	0.99822	0.99827	0.99796	
1230.00	0.79330	0.99860	0.99798	0.99836	0.99806	
1240.00	0.80242	0.99838	0.99807	0.99842	0.99815	
1250.00	0.81039	0.99834	0.99816	0.99839	0.99816	
1260.00	0.81864	0.99841	0.99824	0.99817	0.99814	
1270.00	0.82705	0.99841	0.99804	0.99825	0.99823	
1280.00	0.83455	0.99849	0.99814	0.99819	0.99823	
1290.00	0.84190	0.99849	0.99777	0.99797	0.99811	
1300.00	0.84902	0.99826	0.99741	0.99806	0.99811	
1310.00	0.85584	0.99781	0.99752	0.99815	0.99820	
1320.00	0.86195	0.99786	0.99758	0.99769	0.99826	
1330.00	0.86823	0.99787	0.99757	0.99737	0.99830	
1340.00	0.87396	0.99791	0.99757	0.99701	0.99828	
1350.00	0.87901	0.99769	0.99768	0.99716	0.99829	
1360.00	0.88445	0.99780	0.99777	0.99727	0.99834	
1370.00	0.88981	0.99791	0.99787	0.99715	0.99840	
1380.00	0.89508	0.99787	0.99793	0.99727	0.99835	
1390.00	0.89966	0.99798	0.99784	0.99735	0.99841	
1400.00	0.90406	0.99806	0.99771	0.99748	0.99846	
1410.00	0.90821	0.99815	0.99742	0.99758	0.99852	
1420.00	0.91193	0.99824	0.99751	0.99763	0.99843	
1430.00	0.91503	0.99829	0.99761	0.99775	0.99817	
1440.00	0.91783	0.99837	0.99748	0.99776	0.99812	
1450.00	0.92077	0.99804	0.99760	0.99787	0.99799	
1460.00	0.92305	0.99813	0.99762	0.99761	0.99797	
1470.00	0.92443	0.99822	0.99773	0.99762	0.99775	
1480.00	0.92700	0.99830	0.99784	0.99731	0.99765	
1490.00	0.92971	0.99835	0.99795	0.99724	0.99775	
1500.00	0.93162	0.99838	0.99805	0.99736	0.99786	
1510.00	0.93397	0.99829	0.99814	0.99731	0.99796	
1520.00	0.93635	0.99837	0.99822	0.99743	0.99791	
1530.00	0.93767	0.99845	0.99806	0.99753	0.99783	
1540.00	0.93914	0.99852	0.99810	0.99765	0.99792	
1550.00	0.93921	0.99832	0.99808	0.99777	0.99801	
1560.00	0.94000	0.99818	0.99817	0.99788	0.99810	
1570.00	0.93354	0.99827	0.99826	0.99798	0.99809	
1580.00	0.92152	0.99835	0.99835	0.99808	0.99818	
1590.00	0.86092	0.99843	0.99843	0.99817	0.99827	
1600.00	0.84182	0.99851	0.99850	0.99826	0.99835	
1610.00	0.82909	0.99858	0.99858	0.99834	0.99843	
1620.00	0.82314	0.99865	0.99865	0.99843	0.99851	
1630.00	0.81449	0.99872	0.99871	0.99850	0.99858	
1640.00	0.80651	0.99878	0.99878	0.99857	0.99865	
1650.00	0.80352	0.99884	0.99884	0.99864	0.99871	
1660.00	0.80405	0.99889	0.99889	0.99871	0.99878	
1670.00	0.80687	0.99880	0.99895	0.99865	0.99883	
1680.00	0.80978	0.99886	0.99881	0.99871	0.99883	
1690.00	0.81523	0.99886	0.99884	0.99877	0.99888	
1700.00	0.81901	0.99892	0.99876	0.99858	0.99882	
1710.00	0.82582	0.99896	0.99882	0.99855	0.99888	
1720.00	0.83306	0.99901	0.99878	0.99855	0.99893	
1730.00	0.83967	0.99906	0.99875	0.99862	0.99898	
1740.00	0.84612	0.99910	0.99859	0.99858	0.99889	
1750.00	0.85235	0.99914	0.99863	0.99865	0.99860	
1760.00	0.85859	0.99918	0.99870	0.99871	0.99852	
1770.00	0.86487	0.99885	0.99866	0.99838	0.99851	
1780.00	0.86921	0.99891	0.99871	0.99842	0.99858	
1790.00	0.87438	0.99885	0.99830	0.99813	0.99865	
1800.00	0.87979	0.99889	0.99832	0.99803	0.99872	
1810.00	0.88443	0.99895	0.99820	0.99804	0.99867	
1820.00	0.88976	0.99900	0.99822	0.99792	0.99873	
1830.00	0.89462	0.99904	0.99822	0.99802	0.99878	
1840.00	0.89913	0.99908	0.99830	0.99809	0.99880	
1850.00	0.90322	0.99909	0.99834	0.99817	0.99880	
1860.00	0.90604	0.99902	0.99798	0.99819	0.99879	
1870.00	0.90968	0.99906	0.99772	0.99828	0.99885	
1880.00	0.91327	0.99904	0.99780	0.99836	0.99890	
1890.00	0.91623	0.99909	0.99787	0.99844	0.99895	
1900.00	0.91938	0.99901	0.99764	0.99817	0.99901	
1910.00	0.92281	0.99900	0.99760	0.99799	0.99878	
1920.00	0.92640	0.99905	0.99763	0.99807	0.99844	
1930.00	0.92859	0.99908	0.99747	0.99759	0.99851	
1940.00	0.93099	0.99902	0.99758	0.99764	0.99858	
1950.00	0.93226	0.99905	0.99770	0.99776	0.99846	
1960.00	0.93466	0.99878	0.99756	0.99786	0.99853	
1970.00	0.93579	0.99883	0.99751	0.99796	0.99856	
1980.00	0.92991	0.99888	0.99704	0.99806	0.99863	
1990.00	0.83461	0.99894	0.99719	0.99815	0.99851	
2000.00	0.79801	0.99899	0.99732	0.99824	0.99859	
2010.00	0.79221	0.99904	0.99745	0.99833	0.99866	
2020.00	0.78281	0.99909	0.99758	0.99841	0.99872	
2030.00	0.77487	0.99913	0.99770	0.99849	0.99878	
2040.00	0.77369	0.99917	0.99781	0.99856	0.99884	
2050.00	0.77223	0.99921	0.99791	0.99862	0.99890	
2060.00	0.77820	0.99924	0.99791	0.99862	0.99894	
2070.00	0.78704	0.99902	0.99801	0.99859	0.99897	
2080.00	0.79484	0.99906	0.99811	0.99866	0.99899	
2090.00	0.80317	0.99910	0.99803	0.99871	0.99899	
2100.00	0.81027	0.99915	0.99764	0.99838	0.99882	
2110.00	0.81861	0.99918	0.99775	0.99846	0.99886	
2120.00	0.82734	0.99920	0.99765	0.99853	0.99879	
2130.00	0.83406	0.99896	0.99772	0.99855	0.99877	
2140.00	0.83947	0.99849	0.99782	0.99861	0.99883	
2150.00	0.84637	0.99830	0.99792	0.99866	0.99876	
2160.00	0.85296	0.99827	0.99802	0.99864	0.99853	
2170.00	0.85974	0.99835	0.99799	0.99868	0.99860	
2180.00	0.86528	0.99800	0.99787	0.99875	0.99867	
2190.00	0.86898	0.99794	0.99789	0.99881	0.99855	
2200.00	0.87439	0.99800	0.99799	0.99883	0.99803	
2210.00	0.87746	0.99778	0.99779	0.99864	0.99805	
2220.00	0.88192	0.99789	0.99790	0.99862	0.99814	
2230.00	0.88351	0.99800	0.99800	0.99864	0.99817	
2240.00	0.88346	0.99799	0.99810	0.99871	0.99786	
2250.00	0.88315	0.99804	0.99819	0.99865	0.99776	
2260.00	0.88148	0.99813	0.99817	0.99868	0.99768	
2270.00	0.87790	0.99822	0.99826	0.99875	0.99779	
2280.00	0.83180	0.99831	0.99835	0.99881	0.99790	
2290.00	0.75682	0.99839	0.99843	0.99887	0.99800	
2300.00	0.74661	0.99847	0.99850	0.99892	0.99810	
2310.00	0.73823	0.99854	0.99858	0.99898	0.99819	
2320.00	0.73779	0.99861	0.99865	0.99903	0.99828	
2330.00	0.74023	0.99868	0.99871	0.99907	0.99837	
2340.00	0.74322	0.99846	0.99877	0.99912	0.99845	
2350.00	0.75059	0.99853	0.99883	0.99913	0.99843	
2360.00	0.75824	0.99860	0.99889	0.99917	0.99848	
2370.00	0.76746	0.99867	0.99881	0.99912	0.99854	
2380.00	0.77583	0.99873	0.99884	0.99910	0.99862	
2390.00	0.78451	0.99879	0.99889	0.99914	0.99868	
2400.00	0.79104	0.99885	0.99889	0.99913	0.99874	
2410.00	0.79613	0.99887	0.99895	0.99913	0.99880	
2420.00	0.80300	0.99876	0.99863	0.99913	0.99886	
2430.00	0.80896	0.99877	0.99817	0.99907	0.99874	
2440.00	0.81561	0.99883	0.99823	0.99884	0.99880	
2450.00	0.81944	0.99887	0.99832	0.99890	0.99856	
2460.00	0.82476	0.99893	0.99840	0.99884	0.99862	
2470.00	0.82893	0.99897	0.99837	0.99890	0.99867	
2480.00	0.83346	0.99902	0.99845	0.99879	0.99873	
2490.00	0.83481	0.99903	0.99853	0.99885	0.99880	
2500.00	0.82622	0.99907	0.99860	0.99891	0.99885	
2510.00	0.75794	0.99911	0.99867	0.99896	0.99891	
2520.00	0.72755	0.99916	0.99873	0.99901	0.99896	
2530.00	0.72424	0.99920	0.99879	0.99906	0.99901	
2540.00	0.72782	0.99924	0.99885	0.99911	0.99906	
2550.00	0.72568	0.99927	0.99891	0.99915	0.99911	
2560.00	0.72719	0.99931	0.99896	0.99919	0.99911	
2570.00	0.73261	0.99933	0.99901	0.99923	0.99915	
2580.00	0.73935	0.99936	0.99905	0.99926	0.99914	
2590.00	0.74660	0.99938	0.99910	0.99930	0.99918	
2600.00	0.75491	0.99941	0.99911	0.99930	0.99922	
2610.00	0.76088	0.99944	0.99899	0.99923	0.99925	
2620.00	0.76978	0.99934	0.99904	0.99926	0.99928	
2630.00	0.78008	0.99921	0.99908	0.99926	0.99931	
2640.00	0.78959	0.99924	0.99903	0.99929	0.99885	
2650.00	0.79862	0.99906	0.99895	0.99932	0.99891	
2660.00	0.80752	0.99910	0.99900	0.99932	0.99896	
2670.00	0.81463	0.99910	0.99899	0.99915	0.99901	
2680.00	0.82213	0.99888	0.99903	0.99906	0.99892	
2690.00	0.82970	0.99894	0.99908	0.99897	0.99897	
2700.00	0.83661	0.99899	0.99900	0.99902	0.99871	
2710.00	0.84167	0.99904	0.99905	0.99907	0.99875	
2720.00	0.84759	0.99909	0.99909	0.99911	0.99879	
2730.00	0.85178	0.99904	0.99913	0.99893	0.99851	
2740.00	0.85264	0.99868	0.99918	0.99898	0.99858	
2750.00	0.85636	0.99874	0.99916	0.99903	0.99865	
2760.00	0.85544	0.99855	0.99920	0.99908	0.99871	
2770.00	0.68532	0.99862	0.99924	0.99912	0.99878	
2780.00	0.69161	0.99868	0.99928	0.99917	0.99884	
2790.00	0.69190	0.99875	0.99931	0.99921	0.99889	
2800.00	0.69550	0.99881	0.99935	0.99925	0.99895	
2810.00	0.69554	0.99887	0.99938	0.99928	0.99900	
2820.00	0.70121	0.99892	0.99928	0.99931	0.99905	
2830.00	0.70902	0.99898	0.99932	0.99923	0.99909	
2840.00	0.71773	0.99903	0.99935	0.99925	0.99913	
2850.00	0.72647	0.99904	0.99920	0.99923	0.99918	
2860.00	0.73622	0.99895	0.99922	0.99920	0.99922	
2870.00	0.74824	0.99900	0.99925	0.99919	0.99926	
2880.00	0.75994	0.99905	0.99929	0.99922	0.99892	
2890.00	0.76923	0.99908	0.99931	0.99926	0.99897	
2900.00	0.77933	0.99873	0.99933	0.99928	0.99901	
2910.00	0.78837	0.99879	0.99936	0.99929	0.99906	
2920.00	0.79724	0.99881	0.99913	0.99927	0.99910	
2930.00	0.80596	0.99887	0.99895	0.99920	0.99908	
2940.00	0.81492	0.99881	0.99898	0.99916	0.99913	
2950.00	0.82318	0.99885	0.99903	0.99889	0.99896	
2960.00	0.82998	0.99891	0.99908	0.99869	0.99892	
2970.00	0.83695	0.99896	0.99901	0.99875	0.99895	
2980.00	0.84388	0.99901	0.99904	0.99881	0.99900	
2990.00	0.84898	0.99904	0.99902	0.99887	0.99883	
3000.00	0.85414	0.99889	0.99907	0.99892	0.99883	
3010.00	0.85707	0.99879	0.99907	0.99897	0.99888	
3020.00	0.84265	0.99874	0.99912	0.99902	0.99851	
3030.00	0.67530	0.99880	0.99916	0.99907	0.99859	
3040.00	0.68530	0.99886	0.99920	0.99911	0.99865	
3050.00	0.68470	0.99892	0.99924	0.99915	0.99872	
3060.00	0.69061	0.99897	0.99928	0.99920	0.99878	
3070.00	0.69006	0.99902	0.99931	0.99923	0.99884	
3080.00	0.69700	0.99903	0.99935	0.99927	0.99890	
3090.00	0.70363	0.99907	0.99938	0.99931	0.99888	
3100.00	0.71330	0.99881	0.99935	0.99934	0.99894	
3110.00	0.72283	0.99869	0.99934	0.99937	0.99899	
3120.00	0.73367	0.99875	0.99937	0.99928	0.99898	
3130.00	0.74510	0.99872	0.99940	0.99929	0.99903	
3140.00	0.75441	0.99868	0.99942	0.99932	0.99908	
3150.00	0.76458	0.99870	0.99942	0.99935	0.99912	
3160.00	0.77278	0.99877	0.99945	0.99929	0.99917	
3170.00	0.78165	0.99882	0.99943	0.99915	0.99903	
3180.00	0.79130	0.99881	0.99946	0.99888	0.99892	
3190.00	0.79980	0.99887	0.99937	0.99876	0.99893	
3200.00	0.80800	0.99874	0.99924	0.99882	0.99887	
3210.00	0.81617	0.99871	0.99925	0.99883	0.99889	
3220.00	0.82355	0.99874	0.99922	0.99882	0.99888	
3230.00	0.83116	0.99880	0.99917	0.99885	0.99894	
3240.00	0.83874	0.99866	0.99921	0.99884	0.99899	
3250.00	0.84622	0.99872	0.99914	0.99890	0.99901	
3260.00	0.85324	0.99879	0.99879	0.99891	0.99905	
3270.00	0.85867	0.99879	0.99884	0.99880	0.99899	
3280.00	0.86424	0.99885	0.99890	0.99885	0.99844	
3290.00	0.86900	0.99879	0.99870	0.99891	0.99828	
3300.00	0.87311	0.99884	0.99876	0.99894	0.99836	
3310.00	0.87749	0.99866	0.99882	0.99865	0.99844	
3320.00	0.88281	0.99873	0.99888	0.99853	0.99851	
3330.00	0.88522	0.99872	0.99860	0.99860	0.99858	
3340.00	0.88904	0.99864	0.99867	0.99867	0.99852	
3350.00	0.88830	0.99853	0.99873	0.99874	0.99859	
3360.00	0.70907	0.99860	0.99880	0.99880	0.99866	
3370.00	0.71978	0.99867	0.99885	0.99886	0.99872	
3380.00	0.72006	0.99873	0.99891	0.99891	0.99879	
3390.00	0.72065	0.99880	0.99896	0.99896	0.99885	
3400.00	0.72286	0.99885	0.99901	0.99902	0.99890	
3410.00	0.72284	0.99891	0.99905	0.99906	0.99871	
3420.00	0.72350	0.99896	0.99905	0.99911	0.99877	
3430.00	0.72347	0.99901	0.99910	0.99912	0.99883	
3440.00	0.73138	0.99906	0.99914	0.99911	0.99888	
3450.00	0.74047	0.99910	0.99918	0.99915	0.99876	
3460.00	0.75020	0.99913	0.99922	0.99919	0.99868	
3470.00	0.76182	0.99890	0.99907	0.99895	0.99874	
3480.00	0.77221	0.99891	0.99911	0.99894	0.99868	
3490.00	0.78149	0.99875	0.99899	0.99899	0.99874	
3500.00	0.79062	0.99861	0.99899	0.99903	0.99880	
3510.00	0.79788	0.99850	0.99855	0.99908	0.99886	
3520.00	0.80558	0.99851	0.99848	0.99885	0.99875	
3530.00	0.81333	0.99839	0.99826	0.99875	0.99838	
3540.00	0.82164	0.99846	0.99834	0.99870	0.99845	
3550.00	0.82894	0.99810	0.99814	0.99867	0.99833	
3560.00	0.83476	0.99819	0.99823	0.99872	0.99837	
3570.00	0.83910	0.99820	0.99825	0.99853	0.99845	
3580.00	0.84208	0.99829	0.99834	0.99860	0.99853	
3590.00	0.84174	0.99794	0.99842	0.99866	0.99860	
3600.00	0.70537	0.99804	0.99849	0.99873	0.99867	
3610.00	0.67688	0.99813	0.99857	0.99879	0.99873	
3620.00	0.67302	0.99822	0.99864	0.99885	0.99879	
3630.00	0.67431	0.99831	0.99870	0.99891	0.99885	
3640.00	0.67394	0.99839	0.99877	0.99896	0.99891	
3650.00	0.67768	0.99847	0.99882	0.99901	0.99896	
3660.00	0.68631	0.99855	0.99888	0.99905	0.99901	
3670.00	0.69354	0.99862	0.99893	0.99910	0.99906	
3680.00	0.70174	0.99829	0.99884	0.99914	0.99910	
3690.00	0.71179	0.99828	0.99889	0.99918	0.99899	
3700.00	0.72165	0.99836	0.99895	0.99920	0.99903	
3710.00	0.73351	0.99840	0.99883	0.99924	0.99908	
3720.00	0.74452	0.99847	0.99886	0.99927	0.99896	
3730.00	0.75621	0.99854	0.99891	0.99921	0.99901	
3740.00	0.76658	0.99849	0.99889	0.99925	0.99900	
3750.00	0.77627	0.99849	0.99895	0.99929	0.99903	
3760.00	0.78592	0.99856	0.99900	0.99917	0.99904	
3770.00	0.79464	0.99859	0.99903	0.99921	0.99909	
3780.00	0.80423	0.99853	0.99897	0.99925	0.99910	
3790.00	0.81309	0.99861	0.99886	0.99925	0.99910	
3800.00	0.82056	0.99867	0.99873	0.99929	0.99911	
3810.00	0.82780	0.99870	0.99873	0.99918	0.99903	
3820.00	0.83418	0.99874	0.99879	0.99881	0.99906	
3830.00	0.84142	0.99875	0.99868	0.99887	0.99911	
3840.00	0.84770	0.99861	0.99868	0.99892	0.99895	
3850.00	0.85350	0.99863	0.99875	0.99855	0.99883	
3860.00	0.85892	0.99869	0.99881	0.99852	0.99869	
3870.00	0.86450	0.99865	0.99864	0.99859	0.99830	
3880.00	0.86964	0.99872	0.99842	0.99863	0.99815	
3890.00	0.87434	0.99878	0.99829	0.99867	0.99823	
3900.00	0.87859	0.99884	0.99801	0.99846	0.99823	
3910.00	0.88256	0.99889	0.99804	0.99832	0.99831	
3920.00	0.88677	0.99894	0.99797	0.99836	0.99828	
3930.00	0.89091	0.99897	0.99784	0.99844	0.99834	
3940.00	0.89390	0.99883	0.99793	0.99838	0.99815	
3950.00	0.89474	0.99888	0.99803	0.99832	0.99791	
3960.00	0.71876	0.99888	0.99813	0.99840	0.99802	
3970.00	0.72694	0.99894	0.99822	0.99848	0.99811	
3980.00	0.72999	0.99899	0.99830	0.99856	0.99820	
3990.00	0.72762	0.99904	0.99839	0.99863	0.99829	
4000.00	0.72430	0.99908	0.99847	0.99869	0.99838	
