1930
1991
2050
2020
2049
2041
2076
1932
1999
1991
2038
2023
1995
1917
2011
1988
2053
1987
2035
2018
2024
1981
1992
1948
1950
1985
1981
1982
1934
2002
2033
1992
1996
1996
2070
2068
1967
2003
1949
1970
1895
2063
2033
1972
1978
2008
1995
1975
1961
2022
1972
1986
1943
1991
2057
1992
1967
1998
2015
2040
1945
2025
2070
2043
2080
2004
2018
2010
1990
2019
1961
2031
1918
1957
2036
2038
2023
1960
1973
1977
2015
2108
1983
1946
2000
1989
2007
2058
2088
1947
2093
2021
2037
1944
1961
2018
2034
2125
1983
1984
2016
1995
1927
1957
1986
2015
1954
1992
1950
1935
2008
2032
1964
2032
1941
2010
1958
1997
2001
1989
2037
2024
2017
1945
2029
1970
1983
1907
2083
1930
1982
1952
2015
2008
2028
2068
2036
2003
2016
1902
1951
2052
1960
1961
2064
2056
2067
1982
2062
2007
2034
2057
1996
2033
2056
1873
1975
1975
2043
2051
2030
2026
1931
1982
1990
2020
2059
1929
2001
1924
1992
2063
1976
2006
1984
2079
2033
2024
2006
1962
1994
1999
2061
1989
2044
2033
2015
2017
2032
1966
2028
1980
2002
2010
1972
1987
1981
1939
2031
2062
1927
2014
2051
1934
2065
1940
1949
2096
1959
1945
1993
2009
2053
1955
1969
1964
1934
1972
1935
1990
1963
1997
1921
1934
1962
1952
2010
2116
2004
2083
1989
2020
2046
1987
1970
2011
1943
1944
1978
2005
1922
2060
1962
1985
2010
1920
2029
2008
1985
2038
2015
2022
2062
2021
1945
2042
1976
1957
1992
1980
2057
2020
1954
2027
1978
1979
1978
1904
2009
2041
1940
2058
2090
2044
2029
1959
1992
2071
1937
2065
1961
2085
1955
1969
2004
1958
1974
2057
2024
2069
1979
1959
2061
1979
2000
2053
2011
2041
1975
2012
2012
2028
1953
1999
1925
1917
2011
1997
1994
1955
2014
2003
2137
2068
2007
1960
2010
1938
2040
2009
2016
1946
1990
1984
1954
2051
1949
1933
2036
2063
1972
2032
1967
2070
1977
1959
2023
2007
1932
1929
1953
1963
2038
1964
2001
1983
2048
1984
2024
2009
2031
2042
1998
2050
1983
2011
2043
1977
1956
1959
1941
2027
2014
1984
1958
2004
1983
1981
2010
2040
2000
1986
1967
1969
1980
1966
1992
1975
1971
1966
2000
2051
2032
2044
2030
1917
1975
1993
2040
2000
2003
1931
2050
1991
2034
1939
2064
2000
2035
1927
1996
2037
2016
2031
2006
2039
2021
2034
2016
1986
2012
1984
2002
2109
1943
2039
1944
1960
2018
2011
2067
1938
2020
1962
1982
2045
1990
1994
2001
1967
2044
2005
1976
2068
1948
2021
1965
2037
2039
1955
2041
2013
2028
1995
1917
2007
1934
2018
1980
1992
1985
2009
2115
2064
1979
1977
2023
2075
2057
1990
2016
2046
1929
2082
2009
2019
2060
1982
2001
1978
2020
2089
2042
1964
1941
2026
2059
2037
2104
1947
1953
2028
1934
1984
2035
1996
1957
2012
2057
2071
1957
1998
2013
2045
2042
1949
1988
1973
1969
1910
1984
2053
2062
2004
1957
1988
2045
2045
2022
2055
2065
2025
1976
2007
2021
1989
1967
2104
1925
1974
2006
1968
1940
1997
2047
1991
1959
1970
2022
2036
2090
1927
2010
2035
2024
1993
1947
1943
1991
1964
2060
1962
2021
1971
2025
2136
1972
2032
2005
2019
2066
2020
2079
1991
2002
2037
2014
1936
1973
2059
2005
2020
2075
1988
1990
1979
1971
2022
2031
1951
1981
1998
2000
2012
1989
2010
2032
1998
2001
2075
2020
1948
1973
2021
2025
2050
2004
1926
1998
2029
2056
1997
1963
1977
2054
1871
1977
2109
1996
2042
1997
2064
2046
1917
1986
1999
1918
1975
2023
1968
1917
1989
1975
2058
1991
1958
1989
1945
1947
1960
2006
2094
2012
2040
2008
2006
2062
2070
2021
2026
1994
2016
2026
2004
1949
2022
2012
2000
1982
2075
1990
1988
1951
1983
2009
1992
1962
2006
2000
1941
1951
1941
1950
1949
2041
1945
1912
1930
2056
1988
2002
2065
1970
1976
1993
1897
1969
1981
1914
1982
2014
1986
1950
1944
1974
1988
1936
2010
2018
1970
1900
2020
2041
2064
2044
1994
2034
2030
1975
2044
2013
1941
1953
1939
2017
1944
1969
1976
1984
2065
2003
1949
1990
2032
1966
2016
1940
1950
1966
1910
1960
1986
2031
2058
1992
2016
2038
2011
1926
2007
2017
1984
2043
1999
1956
2076
1998
1996
1974
1913
2068
1956
2061
2016
2005
2056
1927
2014
2027
1976
2038
1971
2025
2047
2021
1928
2080
2015
1969
1990
1994
2036
2030
1992
2058
1948
1997
1998
2035
2015
2036
1983
1998
1975
1979
1995
1921
2039
2019
2010
1967
1938
1992
1989
2084
2012
2070
1932
2005
2041
2041
1979
1964
1985
2074
2009
1950
2040
2079
2062
1925
1989
2002
1982
2050
2019
2008
1981
1990
2062
1956
2009
1952
2046
1992
1913
1997
1981
1987
1997
2000
1963
1971
1994
1956
2038
2075
1980
2005
2010
1928
1978
2016
1990
2027
2077
1910
2102
2000
1991
1978
1958
1902
2002
1994
1934
1934
2061
2070
2023
2029
1990
2025
2039
2033
1967
2022
1993
2047
2026
1937
1921
2010
1893
1943
1974
1989
1960
1982
2042
1971
1921
1963
2004
2094
2009
1987
1986
1964
2037
2040
1963
1977
2084
1973
2025
1981
2014
1979
2018
1966
2035
2108
2021
1937
1959
2008
1987
2004
2009
2016
1976
2032
1902
2007
1980
1958
2038
2024
1966
1961
1993
2082
1987
1981
1953
2047
2070
1933
2008
2039
2043
1983
2028
2006
2022
1992
2024
2000
1976
1964
1948
2046
2017
2002
1985
1929
1977
1955
1997
2005
1974
2067
2000
1978
2013
2058
1978
2011
1999
2001
1926
2062
2034
1996
2031
1967
1993
2000
2004
2064
2019
2043
1975
1982
1952
2005
1985
2042
2003
1982
2018
1992
1986
1916
2105
1958
1991
2059
2042
1983
2002
1938
1970
2020
2030
1947
2053
2055
2017
1998
1941
2010
1976
1974
1931
1996
2001
2034
1955
2039
1956
2035
1994
2029
1988
2017
1965
1940
1995
1951
2060
2007
2025
1972
1983
2034
2090
2022
1954
1968
2026
2035
2049
1943
2017
1998
2066
2008
1987
2056
1994
2029
1924
2010
1996
1976
2016
1937
2058
2016
1952
1928
1944
2009
2013
1937
1965
2032
2066
2017
2044
2008
2028
1960
1970
2014
1966
2000
1922
1997
1987
2116
2024
1972
2020
2040
2010
2031
2004
2027
1979
2066
2073
2007
1972
2025
1976
2042
2010
2005
1976
2063
1975
1958
2000
2016
1964
1992
1996
1971
2024
2054
2009
2022
1923
2004
1948
2010
1914
2031
2017
2037
2036
2011
2014
1987
2015
1993
2031
2022
1989
2002
2053
2033
2052
2014
1971
2055
1988
2031
1903
1937
2020
2002
1983
2018
1926
1974
2032
1989
1981
1978
2025
1958
1997
1891
1997
1980
1975
2013
2053
1969
1973
2003
1933
2008
2002
1974
1974
2019
2120
2013
2085
2061
2047
2037
2029
1989
1998
1985
1962
2020
2010
1957
1998
1981
2062
2000
2002
2014
1996
2018
2033
2073
2006
2038
1977
2038
2024
2060
1980
2017
1975
1927
1982
1978
2040
1973
2045
2022
2020
1955
2015
2088
1996
1999
1981
2018
1971
2033
1920
1957
2056
2059
1962
2000
2021
2016
2015
1969
2011
1925
1989
1948
2053
1972
1976
2012
2031
2068
1947
1896
1977
1960
2007
1971
2047
1968
2018
1950
1942
2025
2035
1965
2002
1993
1960
1988
1998
1993
2008
1957
2012
1998
1975
1975
2017
2018
2036
2010
2064
2017
1954
1932
1993
2058
1991
1981
1992
2050
2000
1933
2000
2021
2017
2033
2015
2070
2090
1955
2012
1959
2034
2015
2123
1997
2001
2022
2035
2024
2033
1939
1969
2012
2013
1985
1973
1966
2021
1952
1984
1935
1982
2053
1991
2014
2019
2018
1976
1940
2025
1979
2040
2011
1967
1995
2041
1919
2001
2077
1997
2042
1999
1978
2067
2023
2042
1982
1994
1934
2063
1913
1985
2020
2008
1980
1901
1998
2001
2074
2029
2011
2017
1920
2034
1988
2010
2044
1912
1978
2041
1976
2006
2022
1941
1929
1968
2043
2073
1976
1971
2015
2033
1998
1987
2035
1994
1975
2069
2076
1976
2040
2067
2004
1956
2024
2055
1979
2037
1970
2054
2012
1997
1977
2050
1999
1946
2012
1966
2022
1959
2048
1965
2001
2025
2050
1942
1989
2055
2072
1982
1981
1932
2047
1988
1977
2036
1965
2081
1976
1986
2032
1954
1885
1989
2041
1923
1988
1968
2049
2042
2033
1938
2016
2009
1965
1942
1904
2009
1928
1999
1986
2008
1984
2102
2007
2097
2085
2034
2076
1951
1987
1993
1967
1981
2032
2046
1952
1982
2012
2000
1971
1990
2028
2002
2057
2006
2031
1999
2004
2020
1913
2002
2042
1965
1912
1994
2011
1984
2051
1904
2004
2002
1990
2036
1924
1953
1998
2088
2004
1971
1960
1936
2013
2020
1990
1990
1978
1950
2078
1921
2006
2013
1970
2009
2010
1957
1946
2022
2015
2049
2054
1976
2006
2000
2002
1982
2048
2073
2063
1991
2018
1960
2059
2036
2052
2025
2063
2036
1995
1985
1959
2030
2000
1989
1984
2000
2025
1998
2006
1976
2031
1977
2038
1942
1972
1929
1938
2033
1964
1960
2017
2019
1971
1989
2014
1945
1985
1889
1997
1975
1951
2023
2001
2048
1996
1967
1917
2017
1922
1960
2078
1998
1964
2008
1989
2094
1978
1996
1962
2021
1995
1988
2050
2015
2030
1970
2012
2005
2021
2006
1984
2034
1996
2056
1983
1979
2043
1958
1946
1984
1988
1959
2042
1989
2057
1963
1939
2045
1994
1999
2062
2020
2000
1993
2050
2015
1974
2032
2065
2021
2064
2029
2032
1973
2017
1926
2018
2034
2005
1968
1966
1965
1962
2085
1957
1971
2041
2066
1965
1987
1943
2013
1920
1983
2017
1959
1974
2004
1965
2061
1987
1995
1946
1931
1953
2024
1989
2022
2006
2003
2016
1991
1976
1954
2051
2019
2086
1919
1966
1958
2013
2014
2027
1960
2049
1977
2010
1973
2002
1929
2024
1964
2003
2028
2004
2019
1915
1956
2044
2045
2090
1980
2030
2030
1984
2005
1977
1997
2032
2015
1966
2034
1974
2079
2057
2055
2043
1960
2015
2010
2027
1934
2006
2013
1955
2023
1971
1965
1947
2051
2027
1980
2087
1902
2014
2058
2039
2071
1940
1992
1998
2030
2063
2062
1994
1927
1953
2009
2031
1994
2021
2020
1976
1988
2069
2003
2011
1974
1984
1993
2036
2042
1902
1928
2025
2112
2019
2006
2036
1926
1967
1955
2044
1943
2040
1974
2005
1978
1961
2037
1955
2003
2011
2038
1999
1998
2039
1994
2016
2021
1998
2038
2019
2003
1981
1932
2020
1998
2028
1999
1924
2002
1951
1989
1999
1957
1980
2016
2012
2001
1982
2048
1982
1929
2058
1961
1989
1994
1996
2036
2071
2000
2020
1965
2052
1998
1970
1998
2023
2012
1955
1950
1989
1933
1917
2065
2005
2035
1963
2070
1936
2073
1966
2005
2008
2055
1988
2034
2054
1984
1970
1990
2046
1935
1953
2067
1955
2075
1992
2035
1994
1943
2020
1905
1987
2006
2004
2015
1984
1898
2000
1908
2027
2079
1970
2075
1988
2056
1958
2065
1950
2050
1970
1970
1940
1963
2035
2025
2037
2005
2006
1996
2029
1971
2038
2029
2076
2046
2031
2061
2061
1965
2006
1935
2015
2036
1985
2027
2020
1961
1948
1946
1966
1978
1976
1988
1962
2010
1982
2012
2032
1972
1962
1942
2014
1967
1992
1967
2026
1896
2025
2000
2003
2070
1959
1965
1940
2023
2000
1920
2023
2015
2087
2041
2017
1970
2015
1974
2032
2063
1974
1970
1978
2011
2035
2047
2020
2005
2022
1960
1980
2003
1975
2046
2011
1988
2015
2039
2046
2052
1980
2052
2043
2024
1952
1964
2042
1944
1980
1986
2037
2055
2071
1950
1991
2042
2037
2015
2004
2003
1895
1983
2073
2051
1963
2005
2000
1973
1950
1979
1992
1970
2054
2047
1965
2032
2045
1953
2014
2022
2027
2008
1952
1887
1909
2080
1994
2010
2026
2014
1952
2071
1969
2007
1898
2027
2033
1979
1981
1946
2002
2086
2031
2043
1988
2026
1991
1993
2015
1916
2036
2030
2024
2035
2018
2071
1955
1995
2044
1978
1985
2031
2040
1963
2043
2050
1921
1992
2057
1961
2004
2018
2021
2034
2012
2033
2034
1997
1980
2032
2006
1982
1943
1971
2027
2005
1978
1936
1978
2004
2085
1980
2018
2039
1977
1942
1995
2080
1977
2022
2017
1929
2023
1988
2009
2004
2060
2030
2017
1982
2042
2001
2010
2014
2027
1999
1961
2020
2029
1976
1972
2061
2013
2000
1974
1923
1972
2014
2053
2014
2025
2046
1967
2005
2024
2051
2010
1998
1977
2026
2062
2007
2013
2052
2043
1978
2013
2108
1956
2117
1949
1967
1932
2007
2021
1969
2060
1988
1992
1984
1994
1952
2019
1994
1938
2057
2008
1988
1990
1997
1992
1971
1968
1966
2045
1919
2000
1947
1985
2065
1974
2034
2003
1992
1983
2078
1966
1989
1970
1986
2000
2039
2010
2025
2071
2007
1955
1986
1994
1965
1991
1997
1954
1966
2064
1988
2008
1992
2011
1998
2005
1918
2073
1966
1944
1971
1959
1963
2005
1976
1995
2016
2058
2035
1999
1934
1940
1989
2013
1926
1999
1910
1944
2021
1985
2068
1962
2032
1943
1985
1971
2004
2027
2010
2016
1985
2058
2016
1984
1996
1914
1947
1955
2045
1922
1996
1991
1964
2034
2047
2002
1993
2037
1941
2008
1915
2020
2028
1972
1945
1966
2020
2004
1987
2017
2033
2026
2049
1965
1976
2006
2065
1973
2046
2095
2040
1963
2054
1988
2011
1993
1987
1926
1964
1982
1921
1987
2043
1969
2008
1992
2009
2081
1963
2079
2038
1992
2001
1988
1955
2017
1982
2032
1998
1988
1990
2048
1999
1989
2029
1996
2001
2014
1896
2005
2002
2041
2098
1953
2034
2029
1974
2000
1952
1966
1983
1920
1981
2013
2017
2056
1999
1982
1965
1994
2013
2066
2023
1903
1998
2005
2007
1940
2065
1979
1985
1966
2007
1979
2012
1976
2033
2012
2028
1999
2023
2024
2035
2047
2045
2011
2032
2010
2018
1989
1978
1991
2050
1986
2033
1945
2067
2024
1989
1980
1981
1965
1972
2026
1998
1964
1995
1977
1969
1998
1991
1958
1980
1951
1963
2015
2008
2068
2049
1979
2021
1980
2051
1963
1987
2024
2017
2019
1983
2038
1952
1970
2116
2006
1972
1960
1982
2022
1997
2020
1949
1984
2065
2007
1895
2049
1964
2037
1893
2006
2022
2020
2007
2024
1957
2021
2050
2033
2009
2052
1970
1962
1990
1934
2028
1987
2048
2047
2029
2030
2009
2004
2034
2021
1965
1990
2029
2007
2034
1962
2006
1987
2014
2014
1967
2053
1993
2063
2008
1928
2066
2022
2013
2000
2034
2011
2008
2015
1979
2006
1989
2029
2053
2035
2056
2036
2053
1978
2029
1990
1927
1995
1981
2007
2028
2024
2030
1965
2014
2062
1932
2051
2002
1906
1971
2007
1987
1992
1983
2016
2067
1987
2025
1995
1985
1980
2055
1989
1991
2043
2055
2074
1960
1977
2016
1971
2046
2009
2064
1996
1990
2004
2082
1984
2020
2011
2012
2013
2000
2001
2012
2008
1955
1986
1982
1956
2099
2012
2009
1984
1957
2013
2008
2036
1998
1992
2085
1889
1961
2013
1940
1956
2063
1970
1943
2037
2010
2035
2000
1992
2005
2029
2012
1936
2032
2049
2028
1957
1998
2036
1964
1988
1963
2066
1935
1919
2038
2054
1970
2021
1940
2014
1988
1995
1950
2016
2009
2014
1962
2021
1993
1965
1988
2054
2087
1972
1980
2056
2054
2008
2029
1978
2015
1994
2036
1996
1963
1955
1999
2043
1957
2038
1926
2019
2060
1988
2024
2077
2001
2083
1952
2036
2037
1959
2020
1995
2022
1971
2016
2018
2009
1932
2002
2035
1989
2047
2008
1905
2011
2088
1941
1990
1992
2059
2039
2093
1981
1920
1967
2029
1970
1942
1993
2030
1990
1985
1969
1958
1977
2019
1993
1999
2061
1993
1967
2014
2031
1986
1998
1964
2007
1996
2009
2009
1990
2001
2018
1900
1948
2017
2010
1949
1967
1992
1981
1976
1941
1989
1947
1987
2066
2046
1946
2035
2015
1990
2056
1997
2030
1986
1974
1940
1968
2004
2008
1936
2003
2002
2016
2067
1963
2042
1986
2060
1944
2027
2028
1914
1974
2103
1993
2052
2028
2036
1938
2059
1970
1978
1965
1978
2033
1978
1945
2000
2108
1978
1985
2017
1996
1988
2028
1984
2068
1923
1958
2025
2011
1978
2021
1967
2028
2088
2059
1950
1933
1933
2024
1913
2019
1942
1959
1941
1998
1953
1957
1916
2004
1881
1996
2026
2008
1959
1981
2032
1987
2025
1967
2057
1940
1968
1889
1977
1961
1995
1968
1974
2062
2045
1976
1888
2020
1987
2002
1970
2043
2069
2053
2015
2012
2008
2079
2059
2088
1983
2042
1952
2056
2026
2041
1910
2036
2032
1947
1962
2028
1917
2010
1976
2043
2069
2016
2010
2037
1904
1978
2011
1965
2024
1984
1987
1991
2002
2010
2036
2011
2010
2025
1985
1948
1991
2031
2004
1928
2098
1968
1977
2019
2014
1959
1992
1993
2022
1982
1973
1991
2081
2088
2007
1993
2016
2050
2077
1980
2067
2001
1966
2003
1985
1981
2020
1987
1997
1991
1995
2024
1984
1992
1979
2019
1940
1969
2005
1932
2042
1996
2061
2009
1949
1988
2007
1973
1943
2054
2007
2046
1958
1956
1972
1961
2021
1955
1922
2004
1957
1971
2020
2025
1952
2036
2007
1942
1962
2024
2068
2072
2021
2021
2004
2069
2013
2012
2032
2015
1990
2042
1975
1861
2033
2055
2038
2024
1936
1889
2018
1921
1974
1947
1980
1974
1922
1990
2041
1956
2009
1961
1990
2055
1992
2001
2068
2018
2045
1991
1995
2008
1953
2037
1982
2013
1932
1996
2043
2008
1967
1942
1977
2026
1991
1987
2003
2016
1996
2012
1969
2030
2050
2024
1985
1992
1983
1993
1984
1959
2031
2007
2000
1948
1929
2075
2010
2070
1973
2028
2080
2051
2039
1917
1939
2073
2018
1972
1994
1932
1966
2080
2018
1991
2001
2040
2021
2009
2013
2038
1979
2010
2029
1993
1999
2001
1993
2068
1967
2014
2006
2064
1988
1965
1973
2043
2049
1923
2011
2020
2028
1989
2002
2036
2013
2075
2009
1980
2071
1975
1947
1973
1983
1947
1996
2086
1997
1978
2039
2018
2027
2016
2031
2060
2058
2026
1977
1967
1952
2021
1986
1942
1977
1969
1974
1992
2038
1968
2075
2017
2025
1956
1985
2012
1953
2057
1967
2011
2038
2022
2026
1984
1988
1993
1979
1998
1977
2061
2016
2055
1957
1967
2046
1965
1961
1969
1986
1961
2048
2005
2052
1999
1946
1978
1931
2021
2040
2007
1974
1950
2071
1975
2001
2034
2014
1991
1957
1991
2049
1930
1945
2002
2014
1977
2004
2022
1986
1945
2041
1986
1987
2017
1980
2020
1946
1917
1915
2049
1916
2003
1967
1950
2050
2019
1933
1997
2086
2091
1954
2059
2006
1876
2071
2050
2012
2017
2016
2011
1969
1966
2028
1926
1979
1999
2016
1964
1912
1994
1967
1998
2001
1991
1908
1971
1964
1995
1954
1973
2091
1997
2007
1933
2040
1996
1971
2032
1968
1953
1972
2020
2053
1985
2006
1988
2106
2001
2010
2067
1988
1959
1948
1985
1983
1994
2031
2009
2014
1927
1995
1994
2057
1970
2014
2040
2027
1981
2047
2022
2009
2011
1966
2088
2047
2045
2064
1992
1974
1990
1993
1988
1951
2035
1934
1998
2001
1930
1926
1989
2031
2058
2090
1947
2031
1962
2020
2029
2034
1948
1942
2063
2005
1977
1941
1958
1978
2030
1999
1959
1994
1967
2017
2021
2007
1985
1986
2006
1926
2062
1961
2043
2001
1994
1958
1994
2056
2011
1994
2014
2009
1989
2051
2036
1982
2016
1989
1959
2036
2066
1947
1973
2012
2067
2056
2058
1991
2018
2035
1996
2001
1993
2028
1967
1974
1996
2053
2034
2069
2010
2090
2072
2005
1972
2022
2006
1950
2013
1999
2009
1949
1942
2025
2027
1913
1982
1954
1974
2048
2028
1979
2022
1986
2026
2024
2036
2065
2129
1977
2037
2025
1971
1941
1938
2013
1927
1962
1961
2033
1968
2005
1990
2029
2071
1998
1999
1994
1988
2040
2028
1984
1957
2029
1981
1994
1981
2003
2006
2049
2029
2012
1928
2070
1989
1964
2015
2020
2043
1973
1931
2012
1970
2079
2088
1944
2008
1959
2023
1990
1962
2001
1991
1925
2014
2071
1951
1994
1989
2018
1952
1982
1917
1953
1995
2033
2009
2001
1989
2033
2005
2032
1986
2029
2080
2022
1996
1998
2005
1948
2056
2073
1980
1940
1983
2010
2006
2039
1947
2027
1968
2009
1975
1996
1952
1994
1926
1966
1982
2000
1994
2004
2001
1958
1974
1944
1998
2031
2047
2004
1965
2031
1971
1970
1996
1947
1904
1987
2005
2072
1924
2045
1967
1958
2007
1961
2040
2097
1942
2028
1957
2054
1990
2037
2054
2017
1975
2087
2019
1996
2007
1982
2012
1933
2007
2011
1991
1968
1994
1991
1997
2010
1992
1979
1926
1969
2024
2003
2032
2088
2023
2036
2046
2044
1943
1990
2016
1996
2052
2084
1955
1972
1989
2003
1899
1984
1978
1971
1973
2007
1963
1973
1963
1958
2017
1973
1986
2057
2032
1983
2017
2004
1954
1985
1990
2048
1956
1986
1976
2057
1976
2031
2000
2034
2079
2008
2034
2037
1917
1921
1989
1983
2026
1948
2007
1987
1990
2017
1965
1975
1985
1981
2027
1970
2012
2101
1929
2024
2002
1932
1979
1992
2040
2009
2002
1950
2023
2024
1987
1914
2006
2027
2041
1993
2039
2034
2015
2088
2023
2030
1990
2026
1926
2005
1961
1995
1936
2037
1969
2000
2005
1998
1930
1988
1992
2017
2011
1993
2006
1992
2002
1992
2033
1996
2015
2015
1932
2024
1912
1984
1975
1979
2099
2030
1997
2002
1954
1974
2014
2018
1984
2016
2061
2003
1990
2062
1971
1978
2043
1974
1975
1945
2014
2096
1986
2048
2008
1955
2013
2045
2001
1979
1937
1962
2027
2016
1981
2031
1967
1952
1982
2037
2037
1988
1963
2016
2050
2079
1932
2024
2071
1961
2028
1947
1990
1983
2105
2056
2065
1973
2006
2001
1944
1964
1992
2011
1934
1939
2037
2024
2000
2047
2043
1933
1969
2069
2012
2050
2041
2039
1984
1964
1994
2028
1944
1982
1966
1975
1969
1967
1942
1872
2031
2015
2048
2018
1974
1897
1991
1950
1974
1991
2042
1967
1969
1945
2063
2023
2005
1981
2042
2007
2026
1989
2036
2008
1971
2017
1968
1948
2019
2016
1974
1977
2037
1970
1952
1954
1997
2050
2031
1959
1962
2024
1976
2026
2009
1946
2089
2016
2018
2033
2045
2044
1966
1982
2064
1976
2060
2088
1990
2009
1977
2007
2038
2017
2008
2001
2058
1994
1993
2032
2024
2003
2045
1970
1963
2050
2001
2077
1969
1992
2006
2058
2009
1976
2008
1997
1961
2005
2054
2034
1921
2028
2044
1976
1956
2027
2005
1987
1981
2039
2044
2005
1963
1999
1970
1966
1922
1949
1989
1973
1966
1997
1981
1980
1985
1974
2049
2071
2000
2020
1991
1976
2064
1998
1962
1975
1976
1964
2039
1978
2021
1982
1974
1974
2015
2037
2017
2008
1999
1998
2000
1997
1979
2015
2025
1985
2053
1972
1994
1997
1982
2040
1998
2035
2044
2016
2000
1977
1999
2073
2027
2018
1977
2028
1983
1955
1984
1970
2016
1987
1939
2016
1961
2029
1985
2032
2021
2025
2069
1986
2002
2065
1997
1952
2007
1974
2026
2032
1981
2017
1989
2021
2001
1981
2029
1956
2009
2055
1985
1987
1989
2055
2006
1923
1964
2065
1914
2059
2031
1992
1994
2080
2029
2000
1946
1968
1968
1958
1982
2006
2000
1945
2063
1995
1992
2093
1929
2037
2001
1938
1952
1944
2065
2048
1998
2012
2063
2024
2031
1987
2047
2082
2052
1981
1973
2038
1917
2023
2023
1980
1910
2000
1977
1981
1942
1969
1914
1993
2002
1999
2012
2042
2005
1970
1936
1995
2005
2087
2026
1982
2019
1992
2001
1957
1994
1952
2043
1919
2059
1967
1990
2035
1964
1972
1986
2018
2033
2009
2033
1930
1984
1992
2014
2031
2090
2040
2098
1977
1971
2002
2006
2022
1985
2078
2027
1975
1982
2017
1985
2003
2003
1964
1965
1991
1991
2017
2029
1974
2047
2008
1952
1983
1983
1992
1973
2033
1944
1984
2011
1974
2066
2021
1988
1976
2069
2045
1931
1960
1980
2050
1983
1983
2005
2057
1981
2000
2051
2000
2050
1998
2004
2004
2015
2086
1986
1978
2013
1983
2013
1989
1999
1993
1980
1953
1994
2025
1995
2070
2002
1970
1999
2045
1933
2068
2007
1988
2035
2026
1964
1987
1975
2019
1997
1998
1977
2084
2004
1974
1977
1984
1987
1973
1999
2044
2022
2000
1995
1977
1985
1954
1997
1962
2000
2030
2023
2031
2031
2016
1911
1981
1986
1997
2026
1960
1987
2020
2045
2090
1987
1965
2045
2004
1972
1943
1920
1934
1973
2035
2021
2031
2042
2023
1936
2049
1983
2001
1997
2087
1971
2028
1954
2044
2006
1947
1996
2053
2042
1935
1991
2067
2011
2002
2003
1968
2003
2059
2035
2073
1995
1998
1968
1943
1969
1968
1993
2047
2007
2020
2067
1988
2014
1958
2007
2050
2028
1992
1979
2055
2020
2044
2040
2031
1995
2020
1935
2031
1944
2008
2008
1983
1996
1983
2001
1971
1962
1987
2007
1993
1969
1968
1993
1933
1977
1976
2040
2001
1970
2049
1988
2024
2073
1984
1960
1970
1967
1996
1964
2044
1951
2059
1968
2045
1965
2090
1965
1972
2019
1972
2044
2016
2039
2025
1921
2025
1964
1964
2009
1948
1963
1984
1971
2008
2014
2074
2011
2038
1979
1956
1970
1981
1984
1966
1981
2024
1992
2039
2072
2015
2006
1974
1888
2021
2005
2024
2011
2036
1928
1965
2003
2021
2011
1884
2047
2078
2041
2004
1990
1949
1990
2085
2003
1987
2068
1915
2019
2036
2046
1951
1989
1984
2033
1985
1998
2043
2047
2004
2043
1995
1937
1990
2034
1995
1999
1975
2017
2034
1934
2001
1969
2020
1957
1961
2002
2010
2015
1972
2026
2042
1993
1919
2018
2049
1989
2055
2027
2047
1958
2002
2018
1988
1932
2000
1956
1997
2000
2029
1986
1972
2059
2012
2009
2004
1998
2028
1974
1884
2005
1985
2037
1947
2013
2083
1998
2046
1999
1974
2081
2003
2021
2026
1988
2049
2014
1996
2010
1986
1944
1998
2109
2011
2012
1984
1953
2037
2021
1947
2041
1972
1904
2005
1966
1962
1937
1964
2028
2047
2016
2048
1968
1947
2012
2034
2052
1940
2045
2001
1975
1914
2035
2047
1960
1944
2001
2156
1989
2016
1923
2007
1998
2084
1968
1971
2004
2005
1958
2027
1977
1972
1984
1990
2005
1965
2017
2072
2062
1970
2022
2027
2010
1977
1981
1974
2026
1950
2049
2009
1982
1974
2060
2028
2018
1985
1966
1995
1972
2033
1944
2014
1955
1976
2006
1974
1973
2038
1962
1978
2024
1972
1944
1949
2038
2051
2043
2006
2042
1989
2066
2107
1998
2007
1993
1936
1999
2053
2046
2017
2029
1977
2035
2018
1971
2007
1983
2017
1940
2036
2042
1971
1995
2033
2058
1949
2058
1986
2027
1949
2084
1991
1911
2023
1996
1979
1992
1927
1915
1969
1968
1948
2000
1991
2008
1988
1972
2024
1977
2097
1956
2026
1985
1999
2001
1974
1980
2039
1959
1994
2013
1968
1912
1950
2001
2013
2077
2013
2026
2030
1939
2052
2043
2024
2041
1967
2004
2046
1925
2000
1995
1954
2005
2000
1924
1995
1999
1949
1927
2067
1976
2025
2016
1981
2001
2047
1950
1971
1975
2040
2036
2038
1985
1976
1972
1964
1968
2027
1973
1983
1867
2019
2021
2012
2048
2034
1954
1987
1876
2076
1974
1980
1998
1990
2063
2014
1972
2006
1921
1979
1961
2046
1986
2025
2058
1987
2026
2014
2045
1983
2045
1986
1948
1951
2018
2067
2008
1961
1999
1965
2046
2026
2066
2055
2025
1979
2038
1986
1971
2072
1975
1995
1938
2006
1982
1951
2071
2056
2128
1975
1982
1963
1954
2044
2039
1926
1994
1969
1978
2031
1996
1919
2016
1964
2042
2088
2006
2007
2054
2010
1978
1985
1945
1994
1980
1973
2029
1959
1969
2029
1983
1981
1969
2081
2018
2059
1964
2006
1982
1904
2027
1954
2061
1974
2024
1960
2017
1994
1923
1927
2132
1963
1953
2079
2047
2008
2010
2036
2001
1995
1966
2048
2005
1937
1988
1985
1928
1990
2063
2009
1966
2055
2017
1976
1987
2078
2008
1978
2041
2090
1989
2051
1999
2050
2036
1936
1984
2053
1970
2004
2000
1980
1998
1980
2009
1975
2048
1981
1973
2044
1948
2045
1994
2032
1976
2017
1962
2028
1959
1980
2010
2028
1993
2063
1936
2020
2095
2024
1955
2010
1980
2012
2025
1996
2075
2005
2014
1978
1973
1963
1982
2028
1932
1987
1914
2000
1974
2113
1964
2060
2032
1990
1976
2065
2009
1977
2011
2006
2042
2028
2045
1927
2008
2037
1983
1941
1831
2018
2051
2032
1960
1959
2029
2023
2036
2038
2004
2019
2057
2015
2024
1973
2024
2020
1987
2009
2061
1934
1961
2024
2031
2021
1959
1924
2007
2082
2022
1919
2016
1950
1961
1965
2060
1970
1984
1953
2013
2060
2002
2012
2021
2026
2098
1974
1972
2028
2036
1932
2037
2020
2005
2056
1958
1999
2020
2010
1937
2012
2127
1948
1921
2007
2018
1924
2017
2003
2006
2057
2040
2022
1994
1967
1952
1954
1941
1992
1977
2062
1949
1977
1966
1985
2025
1983
2026
2047
2062
2004
2059
1999
1987
2049
1996
1968
2012
2000
1990
2038
2053
2012
2016
2027
1950
1952
2053
2034
2049
2043
2034
1977
1961
1970
1907
2041
2030
1949
2014
2012
1988
1961
2065
2036
2006
2022
2048
1960
1969
2005
2075
1930
2008
1983
1920
2078
1994
1994
2076
2018
2030
2007
2061
2007
2066
2074
1949
1990
1939
2020
1998
2008
1971
1931
1995
2085
1997
1938
1938
1933
2034
2025
2014
1947
2062
1998
1966
1950
1961
1996
2024
2006
1927
2063
2009
1973
1995
2000
1955
1990
2042
1963
2011
2017
1990
1880
1968
2003
1997
1961
2045
2034
1977
1978
2048
2051
1961
1971
2011
1964
2084
1996
2029
1945
1942
2035
2032
2030
2025
1974
1928
2050
1996
1958
1942
2066
2004
1990
2068
1985
2029
1963
1967
2049
1918
2018
2066
2070
2076
1951
2038
2000
1982
1969
2006
2025
1922
2057
2016
1942
1988
2021
2089
1983
1936
2014
2042
1986
1985
2052
1979
2024
2047
1972
1962
2083
2024
1975
2019
2015
1987
1991
2028
1965
2049
1986
1991
1968
2047
2014
2031
1994
1968
2012
2016
1980
2000
1984
2009
2019
2047
1996
1942
1980
1943
1982
2049
2014
1980
2004
2041
1982
2041
2004
2024
2043
2015
2001
1973
2028
1984
1960
1986
1952
2002
1993
2035
1970
2000
2009
2049
2040
1986
1989
2025
2036
1920
2023
1924
2007
2033
1963
1950
2042
2014
2001
1964
2027
2026
2065
1961
2001
1964
1911
2015
1974
1957
1959
1980
1958
1994
2015
1970
1971
2033
2064
2008
2060
1977
2030
1970
2028
1984
2038
1993
1981
1989
1992
2042
1973
1959
1998
1973
1995
2045
2008
1994
1988
2003
2017
2029
2026
1966
2011
2073
1985
2018
1920
1969
2001
1991
1931
2050
2035
1950
2059
1975
1970
1973
2001
1978
1977
2027
2074
2005
1990
1997
1997
2039
1971
2012
1994
2028
1977
2013
1978
1965
1987
2043
1942
1983
1990
1970
1925
1981
2009
2022
1980
1974
2056
1914
2025
2078
1991
2029
2073
2043
1977
2013
1974
2024
2048
1979
2006
1945
2010
2003
1995
2058
1944
1994
2027
2013
2038
2000
2034
2044
2022
1974
2034
2048
2039
1982
2033
2033
1953
2026
2057
1997
2059
1992
2039
1973
2035
1912
1986
1896
2076
1963
1958
2005
2050
1954
1948
1953
1997
1976
2016
2062
1995
2000
1904
2025
1996
1987
2050
2007
2019
2009
2061
1980
1994
1954
1968
1967
2010
2028
1962
2017
1988
1985
2024
2017
1985
2024
2009
1965
1981
1949
1969
1985
2013
2036
2087
1983
1980
2030
1943
1972
1994
2040
1957
2056
2014
1987
2075
1978
2017
2050
1982
1911
2040
1913
1988
2054
1976
1989
2063
2031
2001
1944
1976
2064
1986
2004
1993
2008
2020
1972
1991
2020
1998
2032
1993
2035
1986
1980
1993
2007
1988
1994
2021
2015
2025
2032
1914
2034
1961
1975
2002
2005
1990
2028
2029
2008
1960
1967
1993
2033
1945
2005
1998
2017
2013
1979
2022
2023
1968
1943
2013
2056
2051
2038
2004
2036
1952
2051
1977
1959
2068
2030
2000
1998
1992
1967
2008
1950
1988
2012
2002
2053
1939
2081
1990
2026
1938
2009
2002
1960
1979
1982
2016
1955
1992
1987
2011
2059
1985
2005
1971
1983
2008
2010
2062
2016
1960
2008
1950
1994
2030
2010
2031
2069
2004
2013
1962
1962
2067
1982
1952
1984
1921
1978
2000
2039
1968
1944
1981
2013
1930
1992
2011
2049
2031
1999
1958
2004
1973
2008
2090
1987
2121
1991
1981
1956
1938
2051
1943
2000
1969
1973
2088
2064
1924
2051
2003
1935
2026
1957
1949
2003
1954
1985
1950
2041
1990
2038
1903
2000
2054
2058
1978
1945
2024
2056
2079
2051
2049
1991
2022
1990
2020
1937
1977
2008
2007
1965
2015
1977
2003
1994
2052
2047
1973
2065
1915
1995
1983
2009
2068
2009
2065
2070
1985
2034
2001
1981
2047
1935
1969
1981
2031
1989
2020
2135
1996
2018
2032
1977
2005
1954
2005
1999
1994
1989
2039
2067
2031
2044
1958
1993
2028
2011
2066
2000
1953
1988
2006
1973
1991
2052
2019
2054
2032
1974
1963
1943
2022
1915
2017
2044
2031
1984
2017
1945
1994
1945
2050
2022
2114
1974
2043
1978
2006
1933
2035
1997
2008
2021
2004
1959
1985
2015
1998
1990
1914
1983
1981
2027
1995
1940
1988
2063
1952
1983
1977
2004
2062
2015
2003
1969
1983
2006
1991
1973
2007
2003
1935
2067
1896
1981
1963
2005
2019
2118
1988
2012
2096
1958
1969
1960
2027
2033
2023
1996
2037
1996
1984
1988
1962
1976
1978
1965
1930
1997
1927
2037
1972
2032
2000
1977
1899
1980
2023
2009
1923
1951
1945
1973
2026
2056
2023
2005
2062
2039
1996
1974
1980
2012
1957
2021
1924
2005
1987
1945
1961
1979
1968
1961
1993
1994
1993
1907
1982
1999
1986
2045
1953
1966
2039
2012
2013
1921
2004
2057
1948
1904
2010
1976
1993
2030
2044
1936
2036
2010
2036
2020
1932
1972
1949
2011
1987
2015
1951
2003
1989
1952
1987
2016
1961
1975
1925
1958
2026
1998
1994
2043
1969
1920
2019
1979
1917
2022
2094
2074
2042
2039
2035
2016
2105
2008
2005
1979
1972
2018
1966
2003
2025
2114
1962
1980
1955
2049
2053
1974
1985
1968
1997
2019
2006
1997
1976
1950
2039
1898
1965
2053
2007
2034
1999
2063
2010
1988
1975
2009
1999
2015
2044
2048
1973
1991
2004
2014
1998
2006
1966
2016
1994
2012
1945
2065
2013
2015
1982
2018
1969
2043
1959
1962
1999
2016
2044
2035
2029
1986
2019
1956
1965
1966
1987
2006
2006
1979
2037
1968
1956
2006
1988
1943
2041
2041
2045
1957
2008
1961
2030
1993
2035
2017
2008
2043
1962
1982
1947
1966
2058
1970
2018
1977
1985
1937
2080
1971
2022
2052
2042
2074
2012
1991
1981
1999
2006
2007
2010
2015
2033
2018
1989
2006
2088
2010
1997
2018
2033
2038
2017
1985
2044
2053
1974
1960
1980
2012
1993
2047
2028
2023
1949
1970
1952
2030
2017
1950
1971
2067
1971
1942
1993
2041
2006
1957
1998
1956
1967
2046
1998
2018
1963
1980
1966
1971
1976
1960
2036
1998
1976
1952
1975
1984
1995
2028
2034
2031
1984
2047
1984
1948
1963
2089
2031
1954
2004
2050
2046
2013
2059
1936
1967
2037
1971
2048
2039
2034
1984
1989
2116
1934
2047
1937
1944
1985
2059
2031
2034
2005
2007
2005
2032
2022
1993
2004
1997
2037
2068
2049
1972
1981
1968
2055
1931
1953
1918
1985
2001
1991
1989
2018
2029
2002
1923
2013
2025
1973
2036
2033
1964
1993
1967
2013
2080
2062
2034
1963
2005
1960
1991
1943
2004
1994
1937
2033
2003
2095
2019
1992
1906
2035
1973
2012
2045
1982
2025
1986
2027
1964
1973
2050
2020
1992
2029
2015
2029
2040
2018
1979
1923
1998
2003
2083
1986
1873
2009
2015
2036
1995
2018
1968
2014
2018
2029
1953
1989
2013
2044
2023
1986
2031
2074
2034
2031
2033
2029
2061
2023
2006
1979
2043
1957
2039
1950
2026
1950
1967
2011
2023
1986
1960
1989
1975
1964
2013
1991
2043
2004
1947
2002
2025
2011
1998
2055
1985
2038
1987
2003
1955
2001
1980
1996
1994
2007
1999
1976
1988
2004
2015
2065
2049
1912
2003
1974
2001
2010
1957
2062
1948
2076
1965
2020
1942
1967
1996
1929
2009
1968
2010
2059
2035
1972
1973
2004
2003
2064
2010
1929
1970
1978
1977
2007
2051
2014
2044
2058
1964
2001
1946
1976
1983
2039
2011
1968
1997
1993
2066
1966
2030
1922
1993
1982
2076
1992
2011
1980
1977
1980
2034
2017
2023
1943
1951
2097
2000
1999
2000
2069
1971
2019
2004
2090
1969
2028
1975
1948
1995
1985
2043
1973
2051
2024
1971
1902
1992
2016
2095
2046
2028
1955
2031
1986
1998
1881
1995
1935
2015
1990
2060
2006
2075
1973
2040
1961
1975
1994
2014
2009
2005
2004
2025
2035
1980
2061
2011
1953
2020
2032
2006
2003
2008
2094
2008
2025
2065
2094
1959
2009
1987
2024
2015
1949
1987
2012
2007
1962
1978
1944
2014
2047
2055
1974
2002
1973
2008
2002
2028
2016
1958
1981
1921
2038
2009
1915
2010
1990
1987
1953
2039
2035
1931
1988
1960
1967
2010
2017
1933
2018
2005
1983
2050
2058
2063
1982
1953
2071
2010
2045
2035
2055
2015
1977
1988
2048
2053
2004
1934
1955
2021
2090
2049
1981
1965
2053
1980
2013
2022
2039
1989
2057
2012
2028
2073
2015
1984
2069
2043
1983
1947
1951
1962
1957
2013
2000
2002
1912
1951
2011
1990
2001
2014
2060
2019
2007
2008
1964
1989
1987
2004
1964
1899
1991
1949
2046
1959
1983
1939
1998
2087
2002
2017
1978
1998
1963
1998
2025
2059
2012
1955
2005
2001
1969
2013
1883
1997
2027
1992
1954
2019
2091
2051
1997
1971
1953
1958
1997
1990
1990
1960
1974
2004
2007
2029
1986
2033
1971
2006
1981
2033
2018
1972
1913
1944
1986
1969
1954
1927
1998
2037
2011
2034
1990
2012
1982
1976
2120
2085
1970
2011
1974
2029
2001
2053
1996
2017
1990
1990
1876
1995
1975
1973
2030
1983
1998
2027
2005
2005
1991
2000
2073
1943
1958
2039
1984
2031
2030
2025
1979
1999
2022
2036
1960
1992
1883
1984
1945
2038
2005
1991
1941
2012
1987
1982
1965
1956
1973
1998
1986
2017
2019
1934
2050
2052
1989
2080
1981
1980
1878
1947
2008
2057
1983
2040
2043
2033
2007
2055
2018
1986
2028
2025
2016
2043
2019
1917
2021
1935
1969
1958
2016
2033
1971
2038
1967
1975
1978
2003
1963
1988
1963
2046
1951
1953
1971
2013
2047
2007
1995
1993
1946
1986
1904
2101
1994
2009
2006
2043
2022
2041
2002
2063
1978
1980
1978
1922
1998
1880
2061
1980
2018
2079
1983
2051
1970
2003
2007
2021
1978
2047
2012
2014
2050
1987
2013
1943
1959
1993
2037
1965
1986
1963
2036
2047
1975
2017
1973
1962
1970
2009
1917
2085
2044
2008
2007
1999
2023
1963
2012
2047
1962
1915
2022
2022
1994
1969
1940
1977
2028
1940
2094
1951
1969
1995
1974
1962
1969
1988
1980
2021
2029
2050
1976
1990
1984
2027
1917
2051
1895
2021
2009
1991
2074
1999
1971
1977
1979
2009
2036
2002
2014
2013
2026
1982
2052
2001
1992
1966
2077
2084
2056
1945
2042
2027
1999
1907
2053
1994
2023
2001
1942
1994
2033
1917
1975
1940
1973
2012
1960
1995
2017
1936
1978
1974
2036
2053
1960
1972
2002
1932
2042
1967
1987
1960
2012
1993
1989
1938
2008
2032
2040
1920
2015
1952
2025
1978
1984
2018
1960
2023
1987
1976
2009
1969
1974
1964
1992
2059
2011
1953
2017
1979
1951
1969
1961
2003
2016
2035
2002
1984
1978
2072
2036
2061
1974
2006
2007
1991
2035
1976
2019
1977
1957
1962
2050
2021
1989
2018
1927
1936
2042
1885
1938
1970
2019
2001
2055
1980
2005
2059
1916
1986
2112
1932
1918
2006
1962
2037
1927
2036
1933
1989
1937
2002
2041
2000
1977
2009
2046
2040
2004
1977
1997
1981
1997
1969
1999
2002
2063
2013
2031
2042
2012
2029
1976
2037
2008
1958
1927
2077
1960
2055
1935
1965
2047
1979
1953
1977
1994
2070
1952
2023
2024
2042
2048
2020
2043
1983
2024
1998
2004
2051
1981
1960
2050
2070
1992
1924
2034
2034
1932
1953
2054
2032
2022
1965
1997
2019
1961
2031
1964
2011
2059
1960
2089
1962
1988
1980
2009
2001
1954
2093
1961
1999
1977
2009
1910
2068
2048
1957
1953
1986
1970
2014
1951
2048
1984
1915
1972
2012
2090
1956
2025
1995
2049
1968
1980
1984
2009
2067
2018
1991
1928
1970
2004
2020
2000
1929
2002
1956
2047
2004
1977
1923
2048
2062
2044
1960
1942
1949
1965
2061
1917
2021
1992
2017
2086
2014
1993
2013
1982
2071
2000
2003
1958
1937
2015
1964
1931
1915
1961
2065
1995
1998
2018
2034
1981
2042
1957
2019
2005
2010
1988
2019
2114
1998
2033
1913
1968
1967
1956
2040
2005
1999
2000
2045
1954
2017
1995
2060
2011
2060
1979
2022
1981
2064
1985
2086
1966
2002
2056
1998
2030
2047
2088
1993
1971
1942
1966
1972
1930
1969
1990
1971
2024
2022
1971
1990
1958
2002
1937
2047
2006
1995
1935
1966
2045
2036
2010
1967
2008
1946
1954
1956
2066
2067
2016
2001
1958
1966
2007
1949
2099
1954
2037
1953
2010
2005
1947
1994
1974
2050
1945
1996
2090
1976
2072
1958
1979
1993
1988
2026
1925
1941
1975
1992
2067
1983
1931
2011
1998
2060
1999
1950
2048
2049
2007
2095
2079
1922
2055
2004
2042
2069
1986
2024
1992
2048
1962
1966
2010
1993
2004
2041
2023
1956
2002
2053
1945
2009
2024
1917
1994
2026
1959
1989
2047
1978
1986
2008
2003
1991
2031
2022
1978
2016
1977
2017
1944
2027
2006
1958
1990
2045
2024
1986
1943
1999
1990
2087
1952
2037
1994
1991
2071
1962
1943
1958
1985
1999
2011
1916
2034
1951
1966
1981
2014
2027
2045
2025
2008
1961
1924
2088
2016
2006
2041
2045
2014
1899
1980
2011
2010
2091
1958
1958
1987
1986
1937
1962
2018
2017
1955
2007
2010
2026
1997
1962
1955
1971
2008
1975
2004
2042
1946
1946
1969
1954
2009
2035
1997
1984
1997
2028
2008
1944
1960
1964
1961
2069
2060
2127
2014
2053
2008
1995
1975
2053
1947
2058
2039
2020
2020
2005
1935
2043
2014
1992
1976
1958
1959
1974
1966
2070
1988
2027
1923
2009
1982
1939
1950
1996
2060
1983
2007
1935
2023
2027
1958
2031
2013
1958
1999
2056
2044
2027
1964
1994
2080
1948
2007
1945
2039
1918
1956
2006
2005
2029
1971
2014
2022
2021
1990
1979
2056
2043
2007
2030
2078
1966
2002
2058
1944
1990
2035
2012
1984
2012
1918
1996
1973
1956
1944
1947
2027
1978
1971
2041
1956
2085
2020
1993
1989
1988
2004
1997
2026
2017
1933
2014
2051
1981
1964
1950
2069
2000
1969
2004
1987
1995
1931
2038
2014
2045
2041
1986
2008
2056
1945
2008
2024
2065
2029
1926
1949
2030
1934
2018
2047
2066
2019
1999
1988
1963
1985
1897
2041
2002
1961
1985
2043
1953
1970
1936
2023
1863
2026
2004
2021
2014
2061
1957
1951
2072
1990
2000
2054
1992
2013
2022
2018
1987
1976
1995
1993
2045
2082
1989
1957
2091
2056
2041
2010
1953
1929
1986
2039
1910
2003
1983
2002
1999
2026
2028
2023
2063
1959
2027
2008
2049
2022
1987
2046
2094
1985
1939
2061
2015
1980
2050
1972
2031
2034
1957
2039
1978
2005
1939
1952
2016
1993
1929
1984
2049
1949
2022
1944
1972
2004
2037
1923
1942
2024
2076
2048
1992
2002
2016
1983
1999
2033
2007
1953
2044
1992
2062
1988
2005
2019
2044
1986
2013
1943
1981
1989
1954
1986
1973
1986
1942
1990
2012
2006
2025
1977
2037
2035
2074
1980
2043
1997
1989
2069
1942
1949
2040
2016
1975
1988
2001
1948
2022
1997
1953
1935
1995
1988
2061
1986
2026
2009
2019
1988
1921
2021
2003
2009
1968
1880
2073
2020
1969
1914
2097
2022
1988
2051
2024
1963
2056
1974
2020
2005
2002
1973
1957
2007
2017
1918
1927
2018
1951
1951
1989
2099
2027
1973
1987
1997
2036
1971
2009
2008
1986
1957
2072
1989
2094
2012
2028
2064
1943
1946
1972
1982
2043
2079
1992
1979
2005
2031
2029
1980
1921
1956
2002
2030
2032
2016
1914
1925
2050
1997
1948
1994
2025
1967
2046
2006
2062
1980
2025
2017
2048
2047
2059
1967
1951
1980
2008
1979
2006
1962
1993
2008
1976
1967
1992
1982
2022
1999
1958
1973
2084
1986
1974
1995
2087
2041
2021
1988
2001
1961
2065
2103
1976
1947
1983
1919
1966
1998
1959
1926
1998
1941
2008
2027
2028
2031
2050
2001
2015
1976
2014
1978
1962
2008
2004
2034
2039
2038
2037
2057
2041
1999
1986
1983
2036
2031
1990
2004
2008
1995
2048
2056
2051
1971
2004
2012
2049
1981
1946
2023
1997
2023
1946
1983
1969
2063
2006
2000
2056
2037
2086
2062
2045
1958
2053
2092
1966
2008
1911
2015
2102
1965
2034
2004
1978
1970
1969
1968
2048
2007
1885
2001
2017
2031
1971
1992
1966
2010
1991
1993
2026
1982
2082
2013
2041
1961
2056
1994
2044
1972
2013
1948
2029
1993
2032
1978
1996
1982
1961
1987
2007
1986
1943
2014
2002
1974
1960
2071
1998
2017
2055
2019
1956
2030
2016
2077
1972
2018
2061
2057
1960
1995
1995
1996
1953
1891
2050
2050
2004
2010
2064
2059
2083
2015
1979
1978
1996
2012
2014
2086
2048
2019
2061
1996
1920
1971
2002
1987
1978
1989
2038
2002
2036
2005
1976
2031
1990
1931
2045
2055
2043
1957
1946
2038
1962
1927
2001
2038
2054
2022
1958
2002
2018
1970
2110
1957
2015
2005
2027
1977
1961
1948
2041
2057
1929
2042
1950
1978
1976
2009
1981
2015
2049
1891
2060
1979
1997
1919
1874
1973
2029
2033
2009
2029
2050
1990
2090
1905
2005
1953
1993
1972
2013
1997
2067
2040
1976
1961
1924
2010
1988
1992
1972
1992
2044
2021
1951
1976
2047
1994
1968
1986
1987
1980
2002
2028
2015
2053
2031
1986
2016
1941
2009
2024
1999
1979
2040
1969
1944
2079
2066
1992
1988
2015
1977
1992
1970
1970
2067
1988
2027
2037
1986
1941
2001
1989
1998
2027
1998
2013
1961
1950
2034
1985
2059
1967
1997
1933
1958
1916
1986
2062
1994
1981
2014
1948
1993
2004
2031
2042
2002
2017
2010
1977
2049
1964
1963
1917
1990
1951
2013
1995
1979
1979
1938
2024
2025
2018
1966
2068
2038
2061
2059
2040
2053
1985
2006
1970
2005
1999
1952
1946
1995
2013
1939
1995
2029
1997
1995
2074
2052
1959
2005
2000
2021
2030
1960
2020
2012
2015
1961
2038
1963
2047
1987
1983
1919
2033
2032
1943
1917
1967
2057
1902
2030
2007
2073
2018
1968
2107
1965
2035
1942
2037
1994
1955
2028
2074
1992
2023
1958
2021
1990
1999
1932
2007
2016
2002
2039
1980
2005
1999
1970
2035
2041
2028
1996
2020
2044
1978
1895
2008
1987
2031
1941
2027
2079
2030
1948
2006
1977
2003
2031
1988
1945
1939
1955
2008
1952
2041
2108
2022
2023
2037
2002
2016
2010
1976
1991
2036
1951
2030
2082
2000
2058
2043
2027
2022
1962
2083
1957
1992
2064
2019
2046
2016
2044
2030
1989
1952
1997
2003
1978
2020
1944
1943
2052
2038
1950
1969
1993
1953
2018
1950
2034
2008
1996
2041
1911
1968
1997
2027
1958
2003
1982
1955
2035
2015
2009
1971
1949
2008
1965
2016
2029
2027
1959
1951
1976
1992
2097
2020
2062
2037
2043
1986
1987
2037
1982
1974
2006
1941
1966
2033
2080
1936
2028
2042
2051
2054
2070
2046
1940
1964
2002
2010
1952
2005
2013
1951
2030
1972
1993
1879
1950
2005
1944
1986
2080
1949
1977
1903
1981
2015
2067
1997
2017
1974
2002
1998
1943
2054
1940
1929
1948
1944
1911
2030
1967
1937
1941
1988
2036
2014
2035
1996
1967
2096
2000
2032
1992
1963
2044
2033
2004
2013
2020
1998
1946
2008
2004
1965
2002
2071
1994
2039
2085
1966
1952
1987
1993
1980
1945
2008
2008
1886
2024
2032
2090
2085
2038
1970
2005
2025
2026
1989
2046
1982
2013
2014
1932
1964
2008
2068
1942
2009
2007
2013
2040
1932
1981
1975
2005
2004
1955
2025
1998
1993
2020
2025
2038
1987
2072
2030
1956
1939
1991
1957
2022
1920
2001
1958
2045
2026
1955
1950
2040
2012
2015
2030
2045
1999
2049
1982
2015
1980
2017
1963
2002
1957
2047
1978
2047
2004
2046
2074
2030
2016
2012
2054
1978
1991
1959
1971
2015
2003
1992
2042
2045
2039
1963
2025
2036
1997
1964
1959
2028
2056
2025
2031
2022
1962
2019
1963
1944
2050
1971
1995
2014
2017
1998
2093
1999
1995
1998
2031
1970
2036
1965
2003
1894
1964
1979
1952
2065
2004
1977
2054
1950
2056
1982
1954
2016
1959
1975
1975
1931
2070
2036
1989
1956
1971
2000
2001
1964
2053
2091
1939
1989
2112
2070
2000
2051
2051
2047
1977
1956
1960
2023
2044
1993
2001
2004
2038
1994
2012
1965
2008
2021
2001
2008
1916
2042
1945
1945
2000
2086
2022
2050
1955
2013
2048
1948
1986
1981
2052
1977
2006
2032
2011
2013
2008
2010
2045
2037
1987
2003
2002
2004
2009
2082
2070
1973
2041
1908
2044
1981
2002
2032
1960
1967
1993
1990
2026
2041
1942
1962
2033
1947
1918
1989
2059
2029
1971
2012
2022
2016
1951
1984
2010
2036
1991
2045
2039
1931
1967
2005
2001
1993
1996
1970
2009
1982
2005
1966
1986
2006
1961
2028
1964
1981
1954
2052
2010
1996
2006
2017
2025
1960
1948
1999
2020
2025
2031
2035
2004
2077
1949
2008
2002
2029
1944
2077
2051
1996
1999
2056
2070
1981
1904
2055
1984
1968
1963
2044
1972
2057
2020
1972
1989
1983
2014
2018
1988
2009
1992
1950
2012
2002
2008
2029
2051
1973
1982
2062
1970
2035
2038
2035
1961
2004
1998
2049
1996
2061
1973
2007
1943
2010
1998
2086
1954
2040
2033
1987
2057
1956
1992
2028
2050
1983
2042
2010
2026
1965
2003
1923
1969
2055
2024
1993
1991
1980
2006
1934
2002
2061
2012
1998
2089
1988
2004
2078
2045
1945
1985
2000
1939
2012
1972
2002
2004
2044
2036
2000
2030
1984
2025
2015
1985
1964
2014
1934
1971
1993
1970
1992
1946
1971
2063
1979
1997
2025
1951
2075
1940
1972
2005
1944
2020
2008
1942
2029
2034
1973
2103
1975
2023
2032
1999
1993
1996
2053
1992
2006
1989
2025
2033
1908
1976
1986
1977
1985
2030
1977
1957
1971
1999
1986
1968
2042
2076
2061
2001
2025
2044
1980
2014
2038
1942
2035
2028
2016
1982
1994
1972
1971
2023
1984
2011
2052
1942
2020
1994
1993
1962
2028
1987
2046
1909
2059
2040
1967
2026
2065
1957
2063
1945
2052
1987
2024
2015
2014
1965
1962
1990
2007
1976
1975
2060
2000
1948
1954
2021
2041
1999
2038
1961
1923
2022
1979
2048
2027
1984
2021
2017
2013
1983
1994
1970
2089
1960
1985
2031
2021
2000
1990
2099
1948
2021
2002
1992
2011
1939
1990
1998
1987
2012
1997
2020
2022
2031
2051
2060
1945
2003
2050
1982
1980
1992
2027
1996
2002
2003
2015
2043
2028
2030
1981
2071
1939
1989
1984
1986
1987
2045
2023
2007
1956
1927
2006
2023
2024
1987
2071
2008
1957
2040
1982
2088
2029
1958
2013
1999
2051
1943
1922
2024
2021
2009
1990
2001
2009
2001
1994
2060
2022
1981
1939
2050
2006
2026
1940
1934
2027
2014
2032
1946
1991
1960
1996
1952
2003
1960
1993
1990
1996
1955
1981
2033
1974
2061
1958
1923
1974
1973
1965
1969
1998
2096
1918
1966
1925
2069
2009
1987
2003
2055
1979
1960
2008
1939
1990
2050
2001
2029
2001
2034
1986
1970
2015
2027
2091
2005
2044
1938
1994
2013
2001
2007
1996
1940
1995
2105
1939
1917
2009
2048
2007
2061
1995
1973
1942
1998
2077
2024
1946
1954
2053
2059
2048
2026
1974
2029
1984
1988
2038
1965
1959
1987
1912
2036
2020
2026
2016
2008
1978
1944
2062
2005
2024
2026
1902
1949
1958
2032
1988
2063
2026
1982
1913
2002
2022
1970
2048
2003
1990
2025
1990
1984
2007
1975
1958
1937
2015
1997
2022
2036
2033
1993
2025
1981
1994
1962
2025
2068
2078
2044
2033
1951
2007
2042
2036
2014
2013
1934
1986
1880
1975
2000
2044
2079
1971
2039
1938
1980
2066
1958
1981
2008
2014
1903
2004
2049
2046
2037
1970
2014
1940
2007
1971
1930
2060
1916
2012
1962
2001
2039
1933
2011
1998
1985
2021
1975
2015
1961
2041
1968
1946
1976
2011
2006
1984
2013
2022
1989
2015
1918
2033
2033
1894
1951
1972
2047
2021
2079
1935
1990
2074
1982
1903
1902
1990
1994
2010
2055
2003
2002
1913
2015
2008
1999
2029
2028
2034
2010
2024
2048
1987
1999
2002
1999
1989
2019
1974
2017
1994
2119
1974
2024
2035
2006
1981
1935
1987
1953
1997
1956
1970
2073
2012
2028
1937
1997
1919
2026
2076
1913
1973
1997
1980
1995
1978
2025
2013
1980
2005
1941
2040
2040
1936
2068
2007
2028
2017
2071
2055
2034
1975
1947
2000
2001
2011
1988
2031
1996
2005
2019
2006
2049
1955
1958
2009
1969
1936
2022
1989
2040
1997
2008
2000
2035
1981
1940
2038
2019
2009
1896
2052
1904
1943
1950
2051
1945
2037
2026
2044
2059
2021
2078
1991
2052
2018
1995
2003
1977
2018
1980
2012
2010
1956
1981
1973
1983
2018
1981
2027
1928
2019
2010
2008
1984
1975
1986
1987
2010
1963
1994
1984
1983
2057
2011
2005
1968
2067
2042
2023
1978
2033
2005
2021
1964
1924
1990
1987
1934
1934
2050
2001
1978
1949
2062
1958
1922
1950
2026
1993
1907
2024
1960
1942
2011
2009
2066
2003
1986
1920
2013
2038
1920
1982
1984
2002
1984
1983
2001
2055
1997
2041
1999
1937
2027
2006
2071
2026
2032
2028
2060
2008
2012
1930
2000
1966
1997
1991
1922
2012
2061
1920
1984
2000
1975
1978
2048
2039
1940
2057
2044
1967
1999
1992
2028
2040
2009
2024
1938
1957
2018
2020
2024
2075
2056
2097
1996
2036
2012
2022
2021
1968
2008
1928
2035
2078
1996
1981
1980
1989
2056
1993
2005
1921
1988
1969
1965
2002
2004
2000
1987
1931
1914
2022
1953
1983
2008
2037
1966
1980
1985
2018
1963
2015
1943
1967
2029
1989
1933
2003
1982
2019
2035
1955
1967
1954
1975
1978
1988
1965
1984
1967
2047
1980
1947
1908
2014
2000
2008
1929
2061
1975
1944
1975
2034
2007
2051
2022
2008
2051
2039
2017
2013
1958
2038
2005
1991
2018
2049
1986
1966
2023
1922
2018
1939
1962
2066
1981
2010
1976
2005
2004
1969
2004
1995
2041
1974
2070
1999
1972
2005
2017
2002
2090
2059
2004
1937
1994
1963
2020
2013
2035
2037
1952
1990
1981
1977
1938
2033
1969
2012
2066
1965
1931
1999
1987
1931
2021
2087
2055
2001
1914
2000
2000
1974
1940
1957
1976
1981
2034
2071
2029
2064
1982
1974
2031
1979
1955
1979
2016
2060
2023
1959
1973
2011
2035
1955
1954
1991
1975
2018
2014
2022
2061
2026
1990
2035
2035
2096
2015
2014
1993
1994
2042
2036
2057
2033
1982
1992
2024
2013
2040
2012
2043
1991
1958
1979
1942
1986
1940
2002
1969
1972
1995
2039
2087
1944
1951
1987
1991
2021
2006
1959
1964
1980
2005
2052
2012
1960
1952
1962
1996
1975
2004
1959
2032
2006
2032
2039
1984
2007
1996
2011
1963
2026
2054
2012
2032
2059
1978
2005
1958
1964
2061
1981
1990
1974
1971
2005
1947
1961
1973
2068
2021
2015
2075
2032
2041
2047
2040
2007
2003
1970
1956
1990
1970
2016
1922
1991
1916
1996
1970
1986
2028
2025
2050
1927
2003
1966
2045
2020
1958
2009
2019
2026
2008
1976
2021
2006
2012
2050
2041
2013
1996
2064
1988
2041
2021
2023
2031
1933
1967
1983
1941
2006
2060
2071
2040
1963
2041
2000
1970
1931
1996
2061
2023
1961
2011
1991
2021
1961
1996
2023
1978
2030
2015
1997
2042
2006
1940
2051
2088
1989
2094
2068
1979
2015
1956
2022
1971
1972
1992
2020
2071
1976
1978
1947
1993
1994
1965
2010
2002
1991
2001
1967
1999
2115
1974
2021
2008
2010
1981
1917
1950
2015
2053
2081
1957
2013
2025
2033
1961
2026
2050
2051
1991
1970
1958
2017
2045
2010
2010
1954
1931
2003
1936
2016
1976
1987
2012
2021
2008
2068
1983
2050
2042
1959
2005
2066
2015
2064
1969
1950
2048
2007
1954
1971
2011
1942
2010
2026
1906
2029
1928
2017
2011
2011
1954
2013
2000
2045
2019
2037
1989
1885
2023
1985
1953
1954
1949
1946
2010
1953
2051
1990
2042
1985
2003
1992
1959
1932
2037
2001
1993
1960
1958
1990
2036
2011
2003
2009
2018
1922
2009
2011
2027
2028
1971
1960
2002
2092
2009
1895
2005
1985
1982
2035
1971
1959
2021
1981
2060
2011
2062
2007
2045
2034
1939
2041
1964
2039
1980
2065
2021
1980
2003
1960
2072
2004
2037
2052
2007
2055
1970
1987
2066
2092
1943
2024
2014
1929
2056
2002
2038
2034
1988
2006
1934
2058
1994
2007
1962
2035
2042
2030
1996
2025
2049
1994
2017
1978
1925
1998
1995
1935
1938
1924
2051
1980
1978
1924
2027
2007
1985
1941
2000
1950
2043
2014
2059
1993
2068
1994
1977
1974
1999
2033
1939
1978
2063
1959
1928
1997
2026
2043
1990
2046
1935
1970
1984
1987
1972
1968
1950
1937
2043
1987
1979
1962
1990
2050
1994
2028
2017
1935
1959
2059
1945
1943
1993
1965
2013
1973
2033
2001
2040
1992
2017
1998
2033
2031
1959
2061
1995
1991
2065
2028
2075
2030
2076
2024
2009
2023
2019
1942
1964
1953
2040
1959
2004
2000
1990
1933
1981
1997
1943
2008
2031
1968
2027
2055
2024
1956
1960
2095
1974
2024
2017
1949
2009
2050
2031
2035
1948
1947
1897
2014
1973
1925
1996
2048
2007
2012
1979
1991
2034
2065
2046
2065
2035
2036
1996
1953
2018
2052
1996
1981
2016
2018
1994
1917
2013
2036
1963
1986
2003
2037
2010
2021
1974
2001
2049
1982
1972
1984
2029
2048
2031
2047
2061
1945
1958
1945
1951
1997
2043
2047
2042
1989
1958
1977
1946
1972
2035
2021
1977
1979
2025
1983
1972
1891
1980
1988
2043
2013
2039
1977
1983
2019
1931
1964
1939
1996
2088
2059
2011
2023
1954
1994
2044
2035
1941
2028
2047
1938
2027
1967
1933
2006
2102
2001
2035
1972
2019
2076
2067
2008
1962
1973
1953
1967
1985
1977
1993
2006
1971
2047
1919
2013
2000
2052
1956
2059
2031
2027
2008
2049
2074
1931
1954
1998
1906
1970
2023
1993
1974
2016
2026
2155
1995
2033
2005
2010
2041
2038
2020
2049
2104
1994
1967
1927
2048
2039
1963
1990
2018
1966
2039
1982
2004
1985
2034
1967
1971
2051
1967
1995
1985
2014
2024
1963
1992
2054
1962
1977
2021
1969
2008
1995
2042
2067
2037
1934
2009
1987
2013
1973
2002
2008
1965
1993
1995
1935
2026
2046
1968
1983
2037
2047
2030
1988
1994
1947
1994
1909
1972
1997
1984
1955
2021
2026
1992
1977
1977
1898
1965
1945
1978
1976
1968
2020
1997
2005
1971
2019
1994
1965
1964
1986
2042
1989
2018
2002
2030
2009
1983
2048
1976
1963
2069
1978
1980
1964
2008
1990
2011
2000
2028
1990
2030
2019
2045
1972
1985
1997
2046
2003
2024
2019
1965
1953
1982
2009
1990
2051
1983
2023
1982
2076
2020
2062
1936
1991
1906
1968
1920
2025
1943
2050
1965
2031
2052
2023
2024
2068
1995
1997
1989
1984
1972
1958
2081
2053
2050
2045
2011
2034
1939
1973
1973
1992
1984
1923
1968
2015
1977
2015
1995
1905
1971
1964
2080
