10.00 -0.4763 -0.4814 -0.4858 -0.4665 -0.4753 -0.3154
20.00 -0.4940 -0.4939 -0.4966 -0.4706 -0.5065 -0.3193
30.00 -0.4745 -0.4747 -0.4733 -0.4536 -0.4672 -0.3062
40.00 -0.5070 -0.4905 -0.4959 -0.4974 -0.4786 -0.3146
50.00 -0.4858 -0.4806 -0.4973 -0.4974 -0.4864 -0.3270
60.00 -0.4608 -0.4397 -0.4543 -0.4355 -0.4528 -0.2925
70.00 -0.4992 -0.4890 -0.4834 -0.4957 -0.5050 -0.3171
80.00 -0.4829 -0.4769 -0.4753 -0.4744 -0.4801 -0.3310
90.00 -0.4806 -0.4834 -0.4764 -0.4779 -0.4791 -0.3105
100.00 -0.4696 -0.4762 -0.4573 -0.4808 -0.4730 -0.3196
110.00 -0.5143 -0.5091 -0.4713 -0.5126 -0.4997 -0.3161
120.00 -0.5240 -0.5110 -0.5074 -0.5166 -0.5185 -0.3255
130.00 -0.4681 -0.4759 -0.4697 -0.4699 -0.4692 -0.3034
140.00 -0.4847 -0.4690 -0.4725 -0.4640 -0.4773 -0.3080
150.00 -0.5033 -0.4954 -0.5121 -0.4963 -0.4995 -0.3159
160.00 -0.4802 -0.4885 -0.4844 -0.4829 -0.4757 -0.3016
170.00 -0.5034 -0.4891 -0.4880 -0.4986 -0.4525 -0.3143
180.00 -0.4603 -0.4580 -0.4655 -0.4691 -0.4514 -0.3146
190.00 -0.5065 -0.5142 -0.5133 -0.5181 -0.4882 -0.3280
200.00 -0.4907 -0.5001 -0.5114 -0.5048 -0.4857 -0.3164
210.00 -0.4595 -0.4756 -0.4478 -0.4732 -0.4658 -0.3042
220.00 -0.5043 -0.5049 -0.4939 -0.5145 -0.5079 -0.3279
230.00 -0.4499 -0.4499 -0.4532 -0.4536 -0.4496 -0.2957
240.00 -0.5037 -0.5132 -0.5191 -0.5052 -0.5074 -0.3272
250.00 -0.5019 -0.5284 -0.5179 -0.5368 -0.5193 -0.3352
260.00 -0.4284 -0.4408 -0.4478 -0.4431 -0.4471 -0.2896
270.00 -0.4670 -0.4982 -0.4962 -0.4975 -0.4879 -0.3147
280.00 -0.4422 -0.5015 -0.4749 -0.5103 -0.4873 -0.3149
290.00 -0.4573 -0.5010 -0.5014 -0.4957 -0.5032 -0.3163
300.00 -0.4749 -0.5083 -0.5006 -0.4795 -0.4912 -0.3090
310.00 -0.4521 -0.4887 -0.4892 -0.4870 -0.4728 -0.3072
320.00 -0.4711 -0.4742 -0.4829 -0.4840 -0.4737 -0.3088
330.00 -0.4802 -0.5081 -0.5154 -0.5116 -0.5084 -0.3236
340.00 -0.4534 -0.4611 -0.4733 -0.4715 -0.4761 -0.3120
350.00 -0.4689 -0.4889 -0.4873 -0.4883 -0.4651 -0.3146
360.00 -0.4872 -0.4910 -0.4826 -0.4735 -0.4904 -0.3247
370.00 -0.4733 -0.4720 -0.4689 -0.4796 -0.4755 -0.2964
380.00 -0.4754 -0.4929 -0.4892 -0.4850 -0.4919 -0.3227
390.00 -0.4844 -0.5077 -0.4916 -0.4838 -0.4869 -0.3041
400.00 -0.4963 -0.4900 -0.4908 -0.4946 -0.4931 -0.3249
410.00 -0.4650 -0.4820 -0.4863 -0.4742 -0.4939 -0.3105
420.00 -0.4898 -0.4835 -0.4989 -0.4774 -0.5028 -0.3168
430.00 -0.4551 -0.4563 -0.4589 -0.4625 -0.4727 -0.3073
440.00 -0.4911 -0.4820 -0.4818 -0.5015 -0.4994 -0.3269
450.00 -0.5030 -0.4985 -0.5180 -0.4917 -0.5051 -0.3236
460.00 -0.4727 -0.4882 -0.4792 -0.4691 -0.4888 -0.3042
470.00 -0.4471 -0.4558 -0.4469 -0.4585 -0.4615 -0.3066
480.00 -0.5130 -0.4771 -0.4954 -0.5102 -0.5112 -0.3232
490.00 -0.4894 -0.4969 -0.4839 -0.4986 -0.4834 -0.3206
500.00 -0.4614 -0.4595 -0.4682 -0.4724 -0.4622 -0.3029
510.00 -0.4783 -0.4813 -0.4667 -0.4891 -0.4760 -0.3088
520.00 -0.5017 -0.4958 -0.4924 -0.4975 -0.4878 -0.3116
530.00 -0.4904 -0.4794 -0.4891 -0.4840 -0.4847 -0.3203
540.00 -0.5000 -0.4843 -0.5093 -0.5102 -0.5102 -0.3201
550.00 -0.4733 -0.4802 -0.4783 -0.4838 -0.4721 -0.3201
560.00 -0.4768 -0.4622 -0.4787 -0.4763 -0.4548 -0.3030
570.00 -0.5051 -0.4892 -0.5121 -0.5069 -0.4878 -0.3313
580.00 -0.4856 -0.4783 -0.4684 -0.4800 -0.4752 -0.3120
590.00 -0.4927 -0.4886 -0.4854 -0.5010 -0.4806 -0.3080
600.00 -0.4962 -0.4831 -0.5029 -0.5079 -0.5007 -0.3242
610.00 -0.4731 -0.4618 -0.4748 -0.4778 -0.4562 -0.3112
620.00 -0.4984 -0.4933 -0.5002 -0.5033 -0.4726 -0.3091
630.00 -0.4779 -0.4712 -0.4813 -0.4826 -0.4497 -0.3184
640.00 -0.5026 -0.4993 -0.5119 -0.5043 -0.4793 -0.3107
650.00 -0.4681 -0.4903 -0.4924 -0.4876 -0.4772 -0.3116
660.00 -0.4845 -0.5010 -0.4911 -0.4902 -0.4818 -0.3194
670.00 -0.4708 -0.4836 -0.4829 -0.4693 -0.4663 -0.3103
680.00 -0.4714 -0.4724 -0.4730 -0.4641 -0.4521 -0.3025
690.00 -0.5018 -0.4914 -0.4891 -0.5038 -0.4939 -0.3289
700.00 -0.5031 -0.5121 -0.4981 -0.4830 -0.4839 -0.2990
710.00 -0.4803 -0.4900 -0.4923 -0.4963 -0.5045 -0.3318
720.00 -0.4718 -0.4728 -0.4745 -0.4731 -0.4737 -0.3127
730.00 -0.5160 -0.5078 -0.5228 -0.5156 -0.4956 -0.3238
740.00 -0.4729 -0.4628 -0.4765 -0.4597 -0.4671 -0.3060
750.00 -0.4913 -0.4952 -0.4818 -0.4865 -0.4812 -0.3269
760.00 -0.4879 -0.4817 -0.4783 -0.4913 -0.5031 -0.3170
770.00 -0.4639 -0.4567 -0.4584 -0.4654 -0.4585 -0.2985
780.00 -0.4798 -0.4799 -0.5035 -0.4923 -0.4950 -0.3238
790.00 -0.4876 -0.4883 -0.4762 -0.5092 -0.5059 -0.3230
800.00 -0.5113 -0.5143 -0.5160 -0.5304 -0.5162 -0.3324
810.00 -0.4584 -0.4665 -0.4621 -0.4634 -0.4512 -0.2981
820.00 -0.4817 -0.5042 -0.4928 -0.4967 -0.5091 -0.3278
830.00 -0.4770 -0.4697 -0.4626 -0.4800 -0.4738 -0.3020
840.00 -0.4515 -0.4610 -0.4717 -0.4742 -0.4747 -0.3104
850.00 -0.4783 -0.4864 -0.5016 -0.4935 -0.4904 -0.3266
860.00 -0.4855 -0.4826 -0.4756 -0.4804 -0.4784 -0.3065
870.00 -0.4711 -0.4798 -0.4935 -0.4908 -0.4733 -0.3165
880.00 -0.4612 -0.4648 -0.4653 -0.4719 -0.4705 -0.3038
890.00 -0.4651 -0.4666 -0.4772 -0.4556 -0.4671 -0.3137
900.00 -0.5114 -0.5118 -0.5133 -0.4796 -0.5167 -0.3180
910.00 -0.5112 -0.4981 -0.4946 -0.5018 -0.4949 -0.3175
920.00 -0.5073 -0.4933 -0.4976 -0.4853 -0.5030 -0.3288
930.00 -0.4642 -0.4514 -0.4633 -0.4642 -0.4678 -0.3127
940.00 -0.4712 -0.4400 -0.4785 -0.4848 -0.4822 -0.3060
950.00 -0.5117 -0.4935 -0.5035 -0.5140 -0.5141 -0.3462
960.00 -0.4666 -0.4641 -0.4540 -0.4624 -0.4580 -0.2985
970.00 -0.4922 -0.4950 -0.4793 -0.4857 -0.4798 -0.3162
980.00 -0.4946 -0.5086 -0.5001 -0.4920 -0.4904 -0.3200
990.00 -0.4728 -0.4840 -0.4723 -0.4897 -0.4630 -0.3060
1000.00 -0.4936 -0.5046 -0.5123 -0.5054 -0.4995 -0.3404
1010.00 -0.4623 -0.7628 -0.7556 -0.7645 -0.7525 -0.3230
1020.00 -0.4411 -1.3917 -1.3978 -1.4022 -1.4117 -0.3190
1030.00 -0.4406 -1.4479 -1.4303 -1.4359 -1.4306 -0.2872
1040.00 -0.4649 -1.4430 -1.4538 -1.4462 -1.4420 -0.3296
1050.00 -0.4471 -1.2503 -1.2592 -1.2502 -1.2517 -0.2954
1060.00 -0.4747 -1.0848 -1.0690 -1.0881 -1.0800 -0.2934
1070.00 -0.4943 -1.0477 -1.0380 -1.0565 -1.0394 -0.3073
1080.00 -0.5205 -1.0313 -1.0308 -1.0432 -1.0217 -0.3166
1090.00 -0.5218 -0.9297 -0.9397 -0.9319 -0.9301 -0.3186
1100.00 -0.5106 -0.9251 -0.9155 -0.9152 -0.9205 -0.2974
1110.00 -0.5252 -0.8654 -0.8625 -0.8683 -0.8616 -0.3171
1120.00 -0.5524 -0.9136 -0.9035 -0.9127 -0.9136 -0.3396
1130.00 -0.5314 -0.8785 -0.8823 -0.8780 -0.8796 -0.3135
1140.00 -0.5295 -0.8544 -0.8421 -0.8523 -0.8443 -0.3239
1150.00 -0.5340 -0.9387 -0.9382 -0.9472 -0.9411 -0.3106
1160.00 -0.5135 -0.8635 -0.8640 -0.8592 -0.8633 -0.3091
1170.00 -0.5180 -0.8397 -0.8423 -0.8398 -0.8356 -0.3253
1180.00 -0.5362 -0.9034 -0.9082 -0.9052 -0.9080 -0.3231
1190.00 -0.4972 -0.8054 -0.8023 -0.8044 -0.8053 -0.2954
1200.00 -0.5141 -0.7755 -0.7785 -0.7745 -0.7816 -0.3296
1210.00 -0.4239 -0.5629 -0.5609 -0.5614 -0.5579 -0.3068
1220.00 -0.4354 -0.5108 -0.5164 -0.5091 -0.5057 -0.3174
1230.00 -0.4052 -0.5163 -0.5064 -0.5077 -0.5053 -0.3201
1240.00 -0.4194 -0.5085 -0.5041 -0.5070 -0.5139 -0.3053
1250.00 -0.4430 -0.5615 -0.5659 -0.5712 -0.5737 -0.3251
1260.00 -0.4301 -0.5412 -0.5379 -0.5352 -0.5427 -0.3230
1270.00 -0.4043 -0.4887 -0.4882 -0.4888 -0.4925 -0.2969
1280.00 -0.4577 -0.5102 -0.5016 -0.5093 -0.5013 -0.3282
1290.00 -0.4087 -0.5202 -0.5060 -0.5157 -0.5243 -0.3115
1300.00 -0.3687 -0.7597 -0.7635 -0.7554 -0.7515 -0.3265
1310.00 -0.3196 -1.5735 -1.5716 -1.5676 -1.5704 -0.3306
1320.00 -0.3790 -0.5503 -0.5518 -0.5474 -0.5577 -0.2877
1330.00 -0.4354 -0.7957 -0.7983 -0.7973 -0.7968 -0.3350
1340.00 -0.3859 -0.5349 -0.5367 -0.5314 -0.5372 -0.3040
1350.00 -0.3805 -0.5582 -0.5619 -0.5586 -0.5606 -0.2899
1360.00 -0.4483 -0.6933 -0.6987 -0.6954 -0.6941 -0.3526
1370.00 -0.3957 -0.5457 -0.5342 -0.5407 -0.5376 -0.2968
1380.00 -0.4041 -0.5139 -0.5025 -0.5037 -0.4989 -0.3100
1390.00 -0.4137 -0.8005 -0.8075 -0.8002 -0.8074 -0.3410
1400.00 -0.4027 -0.7447 -0.7449 -0.7466 -0.7399 -0.3198
1410.00 -0.3906 -0.6293 -0.6243 -0.6311 -0.6254 -0.3166
1420.00 -0.3832 -0.5917 -0.5903 -0.5883 -0.5934 -0.2973
1430.00 -0.4119 -0.8540 -0.8513 -0.8549 -0.8547 -0.3327
1440.00 -0.4160 -0.7620 -0.7566 -0.7595 -0.7617 -0.3254
1450.00 -0.4026 -0.7121 -0.7170 -0.7186 -0.7114 -0.3250
1460.00 -0.4048 -0.6502 -0.6430 -0.6481 -0.6482 -0.3166
1470.00 -0.4078 -0.5021 -0.5029 -0.5019 -0.5020 -0.3159
1480.00 -0.4078 -0.7275 -0.7206 -0.7260 -0.7291 -0.3373
1490.00 -0.3916 -0.7688 -0.7674 -0.7629 -0.7652 -0.3167
1500.00 -0.4167 -0.6903 -0.6899 -0.6993 -0.6935 -0.3218
1510.00 -0.3780 -0.6087 -0.6128 -0.6065 -0.6112 -0.2936
1520.00 -0.3794 -0.9283 -0.9342 -0.9483 -0.9403 -0.3193
1530.00 -0.4375 -0.6752 -0.6725 -0.6668 -0.6744 -0.3381
1540.00 -0.3820 -0.6176 -0.6088 -0.6095 -0.6059 -0.3007
1550.00 -0.4295 -0.5022 -0.5074 -0.5072 -0.5088 -0.3200
1560.00 -0.4278 -0.5905 -0.5879 -0.5865 -0.5880 -0.3260
1570.00 -0.3782 -0.6798 -0.6810 -0.6829 -0.6812 -0.3214
1580.00 -0.4058 -0.7752 -0.7784 -0.7777 -0.7743 -0.3122
1590.00 -0.4323 -0.5886 -0.5910 -0.5906 -0.5939 -0.3371
1600.00 -0.3545 -1.0618 -1.0566 -1.0586 -1.0506 -0.3311
1610.00 -0.3810 -0.6754 -0.6702 -0.6727 -0.6752 -0.2885
1620.00 -0.4143 -0.6056 -0.6086 -0.6169 -0.6034 -0.3248
1630.00 -0.4179 -0.7450 -0.7473 -0.7342 -0.7500 -0.3244
1640.00 -0.3953 -0.6641 -0.6703 -0.6546 -0.6612 -0.3101
1650.00 -0.4171 -0.5600 -0.5707 -0.5796 -0.5649 -0.3159
1660.00 -0.3828 -0.8172 -0.8171 -0.8065 -0.8146 -0.3275
1670.00 -0.3812 -0.5371 -0.5385 -0.5411 -0.5370 -0.2923
1680.00 -0.4291 -0.8209 -0.8165 -0.8171 -0.8218 -0.3375
1690.00 -0.3988 -0.6543 -0.6464 -0.6517 -0.6494 -0.3223
1700.00 -0.4105 -0.6440 -0.6399 -0.6466 -0.6451 -0.3117
1710.00 -0.4168 -0.5950 -0.5974 -0.5950 -0.6005 -0.3219
1720.00 -0.4266 -0.5608 -0.5494 -0.5539 -0.5504 -0.3302
1730.00 -0.3979 -0.6002 -0.6021 -0.6033 -0.6029 -0.3078
1740.00 -0.3896 -0.7354 -0.7275 -0.7283 -0.7357 -0.3327
1750.00 -0.3765 -0.9047 -0.9211 -0.9238 -0.9251 -0.3211
1760.00 -0.3867 -0.5240 -0.5241 -0.5239 -0.5239 -0.2981
1770.00 -0.4368 -0.7014 -0.6958 -0.6960 -0.6981 -0.3332
1780.00 -0.4255 -0.5986 -0.5856 -0.5930 -0.5886 -0.3200
1790.00 -0.3847 -0.5351 -0.5376 -0.5364 -0.5323 -0.3006
1800.00 -0.3869 -0.7483 -0.7431 -0.7429 -0.7442 -0.3245
1810.00 -0.4176 -1.0080 -0.9934 -1.0079 -1.0040 -0.3365
1820.00 -0.3896 -0.6167 -0.6191 -0.6265 -0.6164 -0.3137
1830.00 -0.3885 -0.6342 -0.6343 -0.6253 -0.6362 -0.3107
1840.00 -0.4108 -1.0667 -1.0703 -1.0851 -1.0782 -0.3532
1850.00 -0.3920 -0.5746 -0.5768 -0.5756 -0.5762 -0.2994
1860.00 -0.4268 -0.6126 -0.6170 -0.6174 -0.6117 -0.3195
1870.00 -0.4070 -0.5413 -0.5342 -0.5343 -0.5417 -0.3042
1880.00 -0.4174 -0.6634 -0.6763 -0.6773 -0.6696 -0.3371
1890.00 -0.4181 -0.6725 -0.6717 -0.6839 -0.6768 -0.3317
1900.00 -0.3910 -0.5938 -0.6024 -0.5935 -0.5978 -0.3061
1910.00 -0.4180 -0.6799 -0.6823 -0.6853 -0.6786 -0.3170
1920.00 -0.4022 -0.7087 -0.7224 -0.7150 -0.7248 -0.3298
1930.00 -0.3329 -1.0890 -1.0899 -1.0784 -1.0838 -0.3060
1940.00 -0.3959 -0.5189 -0.5157 -0.5237 -0.5142 -0.3032
1950.00 -0.4123 -0.6668 -0.6600 -0.6555 -0.6614 -0.3135
1960.00 -0.4309 -0.5366 -0.5363 -0.5368 -0.5410 -0.3328
1970.00 -0.3974 -0.6269 -0.6193 -0.6313 -0.6278 -0.3042
1980.00 -0.3895 -0.7323 -0.7231 -0.7254 -0.7254 -0.3229
1990.00 -0.4258 -0.5755 -0.5768 -0.5802 -0.5850 -0.3335
2000.00 -0.4014 -0.5771 -0.5795 -0.5751 -0.5774 -0.3069
2010.00 -0.3838 -0.7517 -0.7380 -0.7500 -0.7472 -0.3303
2020.00 -0.4028 -0.6973 -0.6897 -0.6856 -0.6945 -0.3087
2030.00 -0.3991 -0.8560 -0.8576 -0.8570 -0.8575 -0.3204
2040.00 -0.3954 -0.6686 -0.6845 -0.6740 -0.6813 -0.3267
2050.00 -0.3915 -0.9712 -0.9619 -0.9707 -0.9593 -0.3250
2060.00 -0.4024 -0.6205 -0.6266 -0.6210 -0.6328 -0.3141
2070.00 -0.3889 -0.6727 -0.6832 -0.6759 -0.6749 -0.3063
2080.00 -0.3920 -0.6915 -0.6960 -0.7004 -0.6971 -0.3070
2090.00 -0.4148 -0.6170 -0.6100 -0.6141 -0.6110 -0.3021
2100.00 -0.4335 -0.6042 -0.5946 -0.5983 -0.5992 -0.3321
2110.00 -0.4076 -0.5596 -0.5574 -0.5639 -0.5595 -0.3123
2120.00 -0.4010 -0.5700 -0.5756 -0.5711 -0.5814 -0.3086
2130.00 -0.3956 -0.5944 -0.5913 -0.5906 -0.5862 -0.3254
2140.00 -0.3687 -1.1049 -1.0953 -1.0906 -1.1065 -0.3323
2150.00 -0.3993 -0.6262 -0.6264 -0.6186 -0.6183 -0.3209
2160.00 -0.3965 -0.8729 -0.8783 -0.8887 -0.8804 -0.3114
2170.00 -0.3872 -0.5262 -0.5273 -0.5241 -0.5228 -0.3048
2180.00 -0.4219 -0.7182 -0.7229 -0.7166 -0.7285 -0.3309
2190.00 -0.4038 -0.5566 -0.5550 -0.5528 -0.5485 -0.3131
2200.00 -0.3971 -0.5242 -0.5139 -0.5216 -0.5197 -0.3112
2210.00 -0.4164 -0.7424 -0.7424 -0.7390 -0.7418 -0.3420
2220.00 -0.4033 -0.5798 -0.5808 -0.5807 -0.5866 -0.3065
2230.00 -0.3974 -0.6593 -0.6515 -0.6484 -0.6424 -0.3293
2240.00 -0.3959 -0.6601 -0.6600 -0.6583 -0.6624 -0.3008
2250.00 -0.3857 -0.9960 -0.9992 -1.0012 -0.9983 -0.3435
2260.00 -0.4042 -0.6480 -0.6534 -0.6506 -0.6501 -0.3133
2270.00 -0.4013 -0.5619 -0.5670 -0.5744 -0.5656 -0.2978
2280.00 -0.4028 -0.8035 -0.7962 -0.7994 -0.7923 -0.3336
2290.00 -0.3936 -1.0000 -0.9999 -0.9995 -0.9987 -0.3068
2300.00 -0.4059 -0.4820 -0.4781 -0.4802 -0.4853 -0.3164
2310.00 -0.4167 -0.5805 -0.5800 -0.5740 -0.5748 -0.3259
2320.00 -0.4082 -0.5296 -0.5384 -0.5236 -0.5322 -0.3073
2330.00 -0.3961 -0.5793 -0.5772 -0.5808 -0.5793 -0.3124
2340.00 -0.4050 -0.9429 -0.9493 -0.9521 -0.9431 -0.3448
2350.00 -0.3757 -0.7133 -0.7111 -0.6970 -0.7061 -0.2964
2360.00 -0.4067 -0.7087 -0.7077 -0.7084 -0.7071 -0.3189
2370.00 -0.4388 -0.6291 -0.6325 -0.6350 -0.6309 -0.3140
2380.00 -0.4091 -0.4931 -0.5021 -0.4957 -0.4963 -0.3193
2390.00 -0.3834 -0.6408 -0.6317 -0.6347 -0.6288 -0.3025
2400.00 -0.4175 -0.6556 -0.6510 -0.6535 -0.6568 -0.3334
2410.00 -0.3657 -0.8449 -0.8424 -0.8434 -0.8520 -0.3255
2420.00 -0.4034 -0.8202 -0.8246 -0.8352 -0.8252 -0.3005
2430.00 -0.3776 -0.6897 -0.6971 -0.6948 -0.6953 -0.3249
2440.00 -0.4085 -0.5871 -0.5763 -0.5726 -0.5751 -0.3122
2450.00 -0.4244 -0.8978 -0.8954 -0.8929 -0.8964 -0.3326
2460.00 -0.3644 -0.5021 -0.4974 -0.5018 -0.4997 -0.2972
2470.00 -0.4330 -0.7056 -0.6994 -0.7041 -0.6969 -0.3270
2480.00 -0.4230 -0.5654 -0.5591 -0.5675 -0.5663 -0.3361
2490.00 -0.3884 -0.7331 -0.7365 -0.7371 -0.7347 -0.3055
2500.00 -0.4169 -0.6172 -0.6264 -0.6200 -0.6182 -0.3302
2510.00 -0.3980 -0.7045 -0.7053 -0.7061 -0.7080 -0.3220
2520.00 -0.4099 -0.9005 -0.8961 -0.8894 -0.8899 -0.3383
2530.00 -0.3979 -0.5846 -0.5851 -0.5891 -0.5887 -0.3066
2540.00 -0.4125 -0.5792 -0.5806 -0.5777 -0.5743 -0.3096
2550.00 -0.4061 -0.7162 -0.7147 -0.7141 -0.7191 -0.3286
2560.00 -0.4213 -1.0174 -1.0223 -1.0219 -1.0125 -0.3484
2570.00 -0.3910 -0.6203 -0.6158 -0.6179 -0.6275 -0.2983
2580.00 -0.3969 -0.7761 -0.7720 -0.7697 -0.7710 -0.3134
2590.00 -0.4183 -0.5751 -0.5938 -0.5805 -0.5854 -0.3159
2600.00 -0.4063 -0.5477 -0.5344 -0.5407 -0.5424 -0.3084
2610.00 -0.3917 -0.6009 -0.6016 -0.6114 -0.6057 -0.3238
2620.00 -0.4047 -0.8376 -0.8362 -0.8274 -0.8390 -0.3263
2630.00 -0.3949 -0.6112 -0.6056 -0.6091 -0.6109 -0.3091
2640.00 -0.4118 -0.6231 -0.6295 -0.6222 -0.6158 -0.3325
2650.00 -0.3842 -0.7100 -0.7108 -0.7041 -0.7083 -0.3028
2660.00 -0.4055 -0.9379 -0.9402 -0.9374 -0.9388 -0.3457
2670.00 -0.3843 -0.6640 -0.6580 -0.6723 -0.6671 -0.3024
2680.00 -0.3962 -0.5092 -0.5082 -0.5059 -0.5106 -0.3038
2690.00 -0.4166 -0.7449 -0.7385 -0.7380 -0.7428 -0.3256
2700.00 -0.3772 -0.6811 -0.6817 -0.6836 -0.6831 -0.3041
2710.00 -0.4159 -0.7721 -0.7734 -0.7675 -0.7619 -0.3267
2720.00 -0.3791 -0.6720 -0.6667 -0.6747 -0.6752 -0.3116
2730.00 -0.4087 -0.6751 -0.6745 -0.6769 -0.6755 -0.3181
2740.00 -0.4523 -0.8088 -0.8009 -0.8023 -0.8047 -0.3407
2750.00 -0.3952 -0.5878 -0.5912 -0.5930 -0.5864 -0.3012
2760.00 -0.3975 -0.8646 -0.8616 -0.8659 -0.8670 -0.3231
2770.00 -0.3997 -0.7046 -0.7026 -0.7053 -0.7056 -0.3043
2780.00 -0.4032 -0.5281 -0.5293 -0.5319 -0.5311 -0.3088
2790.00 -0.3936 -0.5496 -0.5478 -0.5439 -0.5471 -0.3208
2800.00 -0.4266 -0.9042 -0.9012 -0.9012 -0.9052 -0.3449
2810.00 -0.3865 -0.5747 -0.5730 -0.5709 -0.5706 -0.3038
2820.00 -0.3857 -0.5325 -0.5348 -0.5417 -0.5327 -0.3077
2830.00 -0.4248 -0.6156 -0.6166 -0.6126 -0.6088 -0.3131
2840.00 -0.4148 -0.8066 -0.8089 -0.8123 -0.8102 -0.3525
2850.00 -0.4024 -0.6872 -0.6911 -0.6805 -0.6872 -0.3137
2860.00 -0.3771 -0.7583 -0.7578 -0.7555 -0.7604 -0.3131
2870.00 -0.3880 -0.8002 -0.7986 -0.8038 -0.8004 -0.3216
2880.00 -0.4079 -0.7688 -0.7742 -0.7680 -0.7638 -0.3117
2890.00 -0.4314 -0.6620 -0.6633 -0.6604 -0.6656 -0.3187
2900.00 -0.4032 -0.4997 -0.4918 -0.4950 -0.4965 -0.3082
2910.00 -0.4044 -0.4841 -0.4766 -0.4819 -0.4756 -0.3109
2920.00 -0.4019 -0.9406 -0.9529 -0.9432 -0.9500 -0.3511
2930.00 -0.3618 -0.8430 -0.8417 -0.8418 -0.8406 -0.2960
2940.00 -0.4169 -0.6666 -0.6627 -0.6648 -0.6648 -0.3230
2950.00 -0.4086 -0.5660 -0.5629 -0.5679 -0.5630 -0.3050
2960.00 -0.4390 -0.6306 -0.6279 -0.6248 -0.6359 -0.3362
2970.00 -0.3999 -0.5618 -0.5688 -0.5663 -0.5657 -0.2976
2980.00 -0.3934 -0.7527 -0.7563 -0.7499 -0.7514 -0.3254
2990.00 -0.3842 -0.7017 -0.7076 -0.6968 -0.7047 -0.3174
3000.00 -0.4022 -0.8577 -0.8529 -0.8573 -0.8584 -0.3160
3010.00 -0.4025 -0.5370 -0.5359 -0.5343 -0.5442 -0.3136
3020.00 -0.4050 -0.6552 -0.6589 -0.6551 -0.6551 -0.3170
3030.00 -0.4052 -0.8369 -0.8344 -0.8356 -0.8249 -0.3361
3040.00 -0.3600 -0.7681 -0.7621 -0.7641 -0.7737 -0.2919
3050.00 -0.4377 -0.7269 -0.7282 -0.7250 -0.7295 -0.3446
3060.00 -0.4017 -0.4829 -0.4960 -0.4847 -0.4859 -0.2980
3070.00 -0.3907 -0.6373 -0.6407 -0.6429 -0.6336 -0.3165
3080.00 -0.4259 -1.0620 -1.0587 -1.0500 -1.0535 -0.3434
3090.00 -0.3617 -0.5666 -0.5789 -0.5856 -0.5812 -0.2934
3100.00 -0.4234 -0.5985 -0.6050 -0.6021 -0.6034 -0.3221
3110.00 -0.4198 -0.6373 -0.6326 -0.6391 -0.6418 -0.3256
3120.00 -0.3805 -0.4868 -0.4875 -0.4879 -0.4831 -0.2877
3130.00 -0.4268 -0.6281 -0.6267 -0.6282 -0.6241 -0.3262
3140.00 -0.4011 -0.8658 -0.8546 -0.8628 -0.8585 -0.3419
3150.00 -0.3886 -0.6919 -0.6895 -0.6887 -0.6943 -0.3079
3160.00 -0.4018 -0.6929 -0.7008 -0.6957 -0.6872 -0.3202
3170.00 -0.4136 -0.9584 -0.9601 -0.9523 -0.9614 -0.3319
3180.00 -0.3713 -0.6387 -0.6341 -0.6340 -0.6395 -0.3026
3190.00 -0.4120 -0.5864 -0.5827 -0.5799 -0.5803 -0.3067
3200.00 -0.4276 -0.6151 -0.6128 -0.6216 -0.6223 -0.3282
3210.00 -0.3951 -0.6362 -0.6436 -0.6419 -0.6464 -0.3140
3220.00 -0.3838 -0.7478 -0.7474 -0.7491 -0.7516 -0.3092
3230.00 -0.4205 -0.8280 -0.8254 -0.8214 -0.8284 -0.3237
3240.00 -0.3778 -0.6054 -0.6046 -0.5971 -0.6021 -0.2910
3250.00 -0.4292 -0.6171 -0.6240 -0.6270 -0.6209 -0.3340
3260.00 -0.4050 -0.6369 -0.6360 -0.6358 -0.6441 -0.3153
3270.00 -0.3983 -0.5771 -0.5787 -0.5742 -0.5786 -0.3304
3280.00 -0.3884 -0.9954 -1.0010 -0.9970 -0.9905 -0.3230
3290.00 -0.3924 -0.6470 -0.6528 -0.6450 -0.6576 -0.3101
3300.00 -0.4261 -0.6270 -0.6257 -0.6257 -0.6250 -0.3315
3310.00 -0.3901 -0.5430 -0.5474 -0.5485 -0.5467 -0.2971
3320.00 -0.3795 -0.7415 -0.7255 -0.7309 -0.7353 -0.3076
3330.00 -0.4099 -0.6841 -0.6832 -0.6778 -0.6823 -0.3265
3340.00 -0.4125 -0.6955 -0.6985 -0.6974 -0.6934 -0.3152
3350.00 -0.3733 -0.9783 -0.9786 -0.9816 -0.9825 -0.3183
3360.00 -0.3907 -0.6949 -0.6970 -0.6994 -0.6967 -0.3120
3370.00 -0.4052 -0.6251 -0.6255 -0.6256 -0.6262 -0.3068
3380.00 -0.4125 -0.6255 -0.6233 -0.6248 -0.6167 -0.3176
3390.00 -0.4094 -0.5578 -0.5540 -0.5584 -0.5613 -0.3092
3400.00 -0.4343 -0.8171 -0.8200 -0.8118 -0.8081 -0.3514
3410.00 -0.3673 -0.5658 -0.5687 -0.5741 -0.5739 -0.2946
3420.00 -0.4130 -0.7141 -0.7082 -0.7050 -0.7063 -0.3260
3430.00 -0.4387 -0.6082 -0.6173 -0.6112 -0.6116 -0.3286
3440.00 -0.3680 -0.5227 -0.5196 -0.5261 -0.5244 -0.3045
3450.00 -0.3960 -0.9379 -0.9475 -0.9438 -0.9454 -0.3394
3460.00 -0.3612 -0.7629 -0.7732 -0.7762 -0.7677 -0.2959
3470.00 -0.4328 -0.7729 -0.7791 -0.7693 -0.7843 -0.3389
3480.00 -0.3793 -0.6295 -0.6175 -0.6301 -0.6319 -0.2959
3490.00 -0.4134 -0.6550 -0.6551 -0.6574 -0.6427 -0.3319
3500.00 -0.4217 -0.6250 -0.6148 -0.6129 -0.6228 -0.3265
3510.00 -0.3847 -0.5563 -0.5551 -0.5531 -0.5584 -0.3077
3520.00 -0.4387 -0.8209 -0.8114 -0.8231 -0.8308 -0.3403
3530.00 -0.3999 -0.6166 -0.6270 -0.6141 -0.6225 -0.3259
3540.00 -0.3622 -1.2707 -1.2697 -1.2723 -1.2596 -0.3335
3550.00 -0.3874 -0.5656 -0.5713 -0.5660 -0.5778 -0.2858
3560.00 -0.4180 -0.4885 -0.4797 -0.4858 -0.4805 -0.3098
3570.00 -0.4123 -0.5672 -0.5653 -0.5674 -0.5658 -0.3172
3580.00 -0.4215 -0.5120 -0.5204 -0.5229 -0.5157 -0.3284
3590.00 -0.4085 -0.5282 -0.5332 -0.5377 -0.5436 -0.3043
3600.00 -0.4227 -0.6841 -0.6869 -0.6856 -0.6845 -0.3455
3610.00 -0.3540 -0.8952 -0.8896 -0.8965 -0.9015 -0.3056
3620.00 -0.3931 -0.9259 -0.9328 -0.9263 -0.9134 -0.3220
3630.00 -0.4039 -0.5970 -0.6028 -0.6084 -0.5992 -0.3136
3640.00 -0.4070 -0.5124 -0.5035 -0.5078 -0.5072 -0.3077
3650.00 -0.4010 -0.6094 -0.6081 -0.6115 -0.6173 -0.3295
3660.00 -0.3522 -1.1638 -1.1590 -1.1643 -1.1605 -0.3168
3670.00 -0.4061 -0.5836 -0.5904 -0.5813 -0.5828 -0.3299
3680.00 -0.4135 -0.6432 -0.6432 -0.6408 -0.6394 -0.3013
3690.00 -0.4126 -0.6046 -0.6007 -0.6014 -0.6002 -0.3229
3700.00 -0.4066 -0.5225 -0.5095 -0.5126 -0.5164 -0.3023
3710.00 -0.4384 -0.6797 -0.6846 -0.6789 -0.6844 -0.3337
3720.00 -0.4098 -0.7764 -0.7801 -0.7806 -0.7837 -0.3402
3730.00 -0.3696 -0.5992 -0.5965 -0.5881 -0.6000 -0.2997
3740.00 -0.3971 -0.7755 -0.7686 -0.7682 -0.7812 -0.3351
3750.00 -0.3757 -0.8673 -0.8795 -0.8690 -0.8609 -0.3157
3760.00 -0.3951 -0.7436 -0.7488 -0.7559 -0.7530 -0.3076
3770.00 -0.4449 -0.5852 -0.5911 -0.5883 -0.5930 -0.3397
3780.00 -0.3970 -0.5211 -0.5192 -0.5218 -0.5208 -0.2923
3790.00 -0.3998 -0.8602 -0.8654 -0.8635 -0.8588 -0.3285
3800.00 -0.4273 -0.6202 -0.6190 -0.6233 -0.6164 -0.3273
3810.00 -0.3806 -0.6075 -0.5949 -0.5975 -0.6009 -0.3104
3820.00 -0.4008 -0.6496 -0.6501 -0.6543 -0.6498 -0.3078
3830.00 -0.4156 -0.8318 -0.8315 -0.8238 -0.8248 -0.3520
3840.00 -0.3671 -0.6243 -0.6249 -0.6286 -0.6315 -0.2904
3850.00 -0.4305 -0.6557 -0.6652 -0.6611 -0.6681 -0.3288
3860.00 -0.4103 -0.6306 -0.6241 -0.6315 -0.6274 -0.3238
3870.00 -0.4093 -0.7114 -0.7075 -0.7088 -0.7108 -0.3097
3880.00 -0.3603 -0.5972 -0.5955 -0.5934 -0.5904 -0.3143
3890.00 -0.4411 -0.9431 -0.9461 -0.9418 -0.9512 -0.3469
3900.00 -0.3993 -0.5397 -0.5391 -0.5370 -0.5392 -0.2936
3910.00 -0.3918 -0.6208 -0.6165 -0.6190 -0.6211 -0.3073
3920.00 -0.3871 -0.5083 -0.5160 -0.5162 -0.5103 -0.3050
3930.00 -0.4247 -0.7944 -0.8057 -0.8138 -0.8059 -0.3484
3940.00 -0.3995 -0.8688 -0.8721 -0.8676 -0.8737 -0.3305
3950.00 -0.3839 -0.8596 -0.8631 -0.8632 -0.8658 -0.3197
3960.00 -0.3701 -0.7073 -0.6949 -0.6987 -0.7034 -0.3000
3970.00 -0.4335 -0.5983 -0.5907 -0.5901 -0.6005 -0.3114
3980.00 -0.3910 -0.5020 -0.5053 -0.4987 -0.4959 -0.3090
3990.00 -0.4451 -0.6708 -0.6716 -0.6674 -0.6767 -0.3497
4000.00 -0.3762 -0.5449 -0.5401 -0.5472 -0.5465 -0.2915
