10.00 -0.4620 -0.4758 -0.4618 -0.4768 -0.4615 -0.2893
20.00 -0.4853 -0.4910 -0.4861 -0.4936 -0.4921 -0.3278
30.00 -0.5176 -0.5093 -0.5174 -0.5161 -0.5121 -0.3196
40.00 -0.4513 -0.4759 -0.4632 -0.4783 -0.4747 -0.3109
50.00 -0.5093 -0.5232 -0.4858 -0.4994 -0.5161 -0.3216
60.00 -0.4705 -0.4789 -0.4842 -0.4866 -0.4906 -0.3216
70.00 -0.4686 -0.4799 -0.4837 -0.4788 -0.4904 -0.3011
80.00 -0.4936 -0.5227 -0.5122 -0.5252 -0.5239 -0.3378
90.00 -0.4875 -0.4939 -0.4854 -0.4964 -0.4986 -0.3179
100.00 -0.4978 -0.4803 -0.4939 -0.4938 -0.4969 -0.3203
110.00 -0.5055 -0.5012 -0.4983 -0.4938 -0.5068 -0.3313
120.00 -0.4743 -0.4831 -0.4846 -0.4808 -0.4788 -0.3058
130.00 -0.4777 -0.4743 -0.4900 -0.4887 -0.4864 -0.3184
140.00 -0.5196 -0.5312 -0.5298 -0.5076 -0.5307 -0.3366
150.00 -0.4668 -0.4636 -0.4633 -0.4664 -0.4725 -0.3094
160.00 -0.4827 -0.4815 -0.4797 -0.4836 -0.4871 -0.3201
170.00 -0.4965 -0.5040 -0.5172 -0.5092 -0.5029 -0.2979
180.00 -0.4867 -0.4827 -0.4859 -0.4896 -0.4917 -0.3126
190.00 -0.5043 -0.4862 -0.4956 -0.4877 -0.4952 -0.3156
200.00 -0.5255 -0.5012 -0.5207 -0.4994 -0.5085 -0.3254
210.00 -0.4772 -0.4717 -0.4720 -0.4732 -0.4774 -0.3121
220.00 -0.4848 -0.4865 -0.4815 -0.4975 -0.4912 -0.3082
230.00 -0.4999 -0.5087 -0.5095 -0.4921 -0.5137 -0.3292
240.00 -0.4987 -0.5065 -0.5107 -0.4994 -0.5017 -0.3308
250.00 -0.4812 -0.4801 -0.4810 -0.4676 -0.4832 -0.3161
260.00 -0.4774 -0.4890 -0.4877 -0.4838 -0.4900 -0.3106
270.00 -0.5090 -0.5129 -0.5134 -0.4997 -0.5032 -0.3204
280.00 -0.4908 -0.4825 -0.4881 -0.4727 -0.4804 -0.3177
290.00 -0.4767 -0.4937 -0.4786 -0.4741 -0.4871 -0.3032
300.00 -0.4979 -0.4892 -0.5097 -0.5102 -0.5013 -0.3230
310.00 -0.4969 -0.5107 -0.4961 -0.4948 -0.4993 -0.3251
320.00 -0.4594 -0.4545 -0.4639 -0.4577 -0.4718 -0.3044
330.00 -0.5490 -0.5455 -0.5404 -0.5430 -0.5329 -0.3251
340.00 -0.4774 -0.4939 -0.4922 -0.4884 -0.4858 -0.3242
350.00 -0.4730 -0.4780 -0.4651 -0.4720 -0.4541 -0.3064
360.00 -0.4752 -0.4781 -0.4882 -0.4891 -0.4741 -0.3170
370.00 -0.5031 -0.4957 -0.4913 -0.4899 -0.4778 -0.3063
380.00 -0.4976 -0.4925 -0.4942 -0.4985 -0.4839 -0.3074
390.00 -0.5092 -0.5064 -0.5162 -0.5172 -0.5076 -0.3356
400.00 -0.5042 -0.5023 -0.5078 -0.4999 -0.4979 -0.3167
410.00 -0.4847 -0.4660 -0.4882 -0.4824 -0.4766 -0.3237
420.00 -0.5050 -0.4888 -0.5036 -0.5016 -0.4988 -0.3168
430.00 -0.4688 -0.4852 -0.4841 -0.4613 -0.4877 -0.2962
440.00 -0.5222 -0.5099 -0.5111 -0.5186 -0.5219 -0.3440
450.00 -0.4423 -0.4459 -0.4390 -0.4514 -0.4478 -0.2804
460.00 -0.5092 -0.5159 -0.5082 -0.5197 -0.5162 -0.3384
470.00 -0.5216 -0.5164 -0.4999 -0.5052 -0.5031 -0.3254
480.00 -0.4764 -0.4608 -0.4709 -0.4771 -0.4741 -0.3058
490.00 -0.5070 -0.5000 -0.5062 -0.5115 -0.5050 -0.3186
500.00 -0.4722 -0.4578 -0.4585 -0.4675 -0.4733 -0.3124
510.00 -0.5118 -0.5048 -0.4865 -0.5183 -0.5118 -0.3203
520.00 -0.5194 -0.5105 -0.5108 -0.5160 -0.5020 -0.3284
530.00 -0.4514 -0.4503 -0.4574 -0.4530 -0.4418 -0.2922
540.00 -0.5139 -0.5167 -0.5218 -0.5215 -0.5117 -0.3396
550.00 -0.4848 -0.4664 -0.4888 -0.4895 -0.4797 -0.2997
560.00 -0.5090 -0.5101 -0.5015 -0.5137 -0.4988 -0.3267
570.00 -0.4832 -0.4837 -0.4898 -0.4953 -0.4926 -0.3147
580.00 -0.5324 -0.5111 -0.5297 -0.5330 -0.5224 -0.3252
590.00 -0.4825 -0.4843 -0.4786 -0.4952 -0.4824 -0.3205
600.00 -0.4703 -0.4576 -0.4473 -0.4631 -0.4601 -0.2994
610.00 -0.5223 -0.5252 -0.5199 -0.5304 -0.5277 -0.3330
620.00 -0.4763 -0.4730 -0.4681 -0.4923 -0.4774 -0.3083
630.00 -0.4902 -0.4952 -0.4863 -0.4912 -0.5000 -0.3182
640.00 -0.4906 -0.4981 -0.4909 -0.5020 -0.4963 -0.3265
650.00 -0.4413 -0.4596 -0.4632 -0.4561 -0.4689 -0.2937
660.00 -0.4945 -0.4961 -0.4924 -0.4826 -0.4909 -0.3197
670.00 -0.4993 -0.5006 -0.5161 -0.5106 -0.4984 -0.3170
680.00 -0.5151 -0.5008 -0.4908 -0.5120 -0.5105 -0.3219
690.00 -0.4661 -0.4625 -0.4756 -0.4611 -0.4596 -0.3117
700.00 -0.5271 -0.5269 -0.5329 -0.5285 -0.5072 -0.3307
710.00 -0.5056 -0.5037 -0.4873 -0.4989 -0.5021 -0.3182
720.00 -0.4772 -0.4722 -0.4837 -0.4888 -0.4748 -0.3129
730.00 -0.4839 -0.5069 -0.5038 -0.4906 -0.4828 -0.3250
740.00 -0.4730 -0.4893 -0.4688 -0.4884 -0.4685 -0.3067
750.00 -0.4991 -0.4996 -0.4961 -0.4955 -0.4976 -0.3181
760.00 -0.4581 -0.4823 -0.4634 -0.4747 -0.4650 -0.3017
770.00 -0.4930 -0.5067 -0.5011 -0.4945 -0.5049 -0.3246
780.00 -0.5356 -0.5212 -0.5334 -0.5231 -0.5309 -0.3365
790.00 -0.4824 -0.4784 -0.4859 -0.4756 -0.4814 -0.3090
800.00 -0.4798 -0.4815 -0.4788 -0.4645 -0.4693 -0.3174
810.00 -0.4788 -0.4822 -0.4689 -0.4747 -0.4678 -0.3161
820.00 -0.5075 -0.5043 -0.5076 -0.5027 -0.5120 -0.3137
830.00 -0.4862 -0.4821 -0.4785 -0.4762 -0.4732 -0.3260
840.00 -0.4949 -0.4947 -0.5007 -0.5142 -0.5096 -0.3177
850.00 -0.5013 -0.5114 -0.5144 -0.4969 -0.5080 -0.3216
860.00 -0.4702 -0.4869 -0.4797 -0.4704 -0.4759 -0.3044
870.00 -0.5036 -0.4810 -0.4948 -0.5024 -0.4960 -0.3274
880.00 -0.5120 -0.5151 -0.5239 -0.5199 -0.5277 -0.3253
890.00 -0.4599 -0.4691 -0.4518 -0.4628 -0.4602 -0.3108
900.00 -0.4980 -0.4909 -0.4932 -0.4781 -0.5033 -0.3126
910.00 -0.4950 -0.4935 -0.4900 -0.4971 -0.4937 -0.3313
920.00 -0.4912 -0.5006 -0.5040 -0.4964 -0.4971 -0.3222
930.00 -0.4974 -0.4890 -0.5026 -0.5023 -0.4986 -0.3277
940.00 -0.4952 -0.4935 -0.4784 -0.4962 -0.4959 -0.3119
950.00 -0.4905 -0.4931 -0.4988 -0.5074 -0.4964 -0.3184
960.00 -0.4876 -0.4982 -0.4910 -0.4813 -0.4722 -0.3187
970.00 -0.4891 -0.4961 -0.5008 -0.4882 -0.4975 -0.3121
980.00 -0.4683 -0.4752 -0.4770 -0.4614 -0.4740 -0.3227
990.00 -0.5008 -0.5027 -0.5049 -0.4960 -0.5055 -0.3146
1000.00 -0.5203 -0.5254 -0.5103 -0.5223 -0.5093 -0.3221
1010.00 -0.5168 -0.5899 -0.5738 -0.5709 -0.5652 -0.3357
1020.00 -0.5615 -0.8306 -0.8368 -0.8354 -0.8443 -0.3424
1030.00 -0.5462 -0.8333 -0.8366 -0.8372 -0.8339 -0.2988
1040.00 -0.5439 -0.8737 -0.8748 -0.8739 -0.8833 -0.3283
1050.00 -0.5744 -0.9206 -0.9158 -0.9058 -0.9108 -0.3271
1060.00 -0.5298 -0.8100 -0.8088 -0.8054 -0.8128 -0.3156
1070.00 -0.5662 -0.9525 -0.9441 -0.9398 -0.9298 -0.3316
1080.00 -0.5536 -0.9619 -0.9692 -0.9661 -0.9690 -0.3247
1090.00 -0.5437 -0.8497 -0.8520 -0.8552 -0.8487 -0.3239
1100.00 -0.5333 -0.9246 -0.9253 -0.9355 -0.9277 -0.3163
1110.00 -0.5492 -0.9633 -0.9610 -0.9590 -0.9635 -0.3148
1120.00 -0.5740 -1.0349 -1.0357 -1.0305 -1.0252 -0.3400
1130.00 -0.5372 -0.9459 -0.9589 -0.9639 -0.9529 -0.3268
1140.00 -0.5387 -0.8766 -0.8809 -0.8867 -0.8853 -0.3212
1150.00 -0.5684 -0.9120 -0.9069 -0.8976 -0.9055 -0.3317
1160.00 -0.5550 -0.9394 -0.9432 -0.9377 -0.9415 -0.3271
1170.00 -0.5430 -0.9232 -0.9214 -0.9201 -0.9302 -0.3068
1180.00 -0.5151 -0.8658 -0.8594 -0.8633 -0.8685 -0.3063
1190.00 -0.5765 -0.9249 -0.9231 -0.9132 -0.9144 -0.3426
1200.00 -0.5087 -0.8299 -0.8354 -0.8359 -0.8260 -0.3137
1210.00 -0.4086 -0.4614 -0.4598 -0.4581 -0.4593 -0.3091
1220.00 -0.4306 -0.5694 -0.5652 -0.5689 -0.5668 -0.3181
1230.00 -0.4254 -0.5343 -0.5299 -0.5319 -0.5322 -0.3146
1240.00 -0.4545 -0.5670 -0.5733 -0.5685 -0.5718 -0.3332
1250.00 -0.4381 -0.5632 -0.5488 -0.5628 -0.5595 -0.3225
1260.00 -0.4143 -0.4879 -0.4815 -0.4840 -0.4770 -0.3129
1270.00 -0.4395 -0.6030 -0.5978 -0.6071 -0.6025 -0.3233
1280.00 -0.4213 -0.5297 -0.5328 -0.5288 -0.5311 -0.3167
1290.00 -0.4475 -0.6093 -0.6083 -0.6104 -0.6115 -0.3406
1300.00 -0.3893 -0.4975 -0.4988 -0.4978 -0.5054 -0.2997
1310.00 -0.4382 -0.5418 -0.5421 -0.5396 -0.5431 -0.3373
1320.00 -0.4370 -0.6333 -0.6353 -0.6340 -0.6322 -0.3401
1330.00 -0.4163 -0.6488 -0.6505 -0.6518 -0.6526 -0.3243
1340.00 -0.4503 -0.7102 -0.7113 -0.7065 -0.7080 -0.3324
1350.00 -0.4141 -0.5744 -0.5760 -0.5741 -0.5688 -0.3142
1360.00 -0.4267 -0.6269 -0.6259 -0.6285 -0.6312 -0.3160
1370.00 -0.4328 -0.6373 -0.6359 -0.6478 -0.6388 -0.3320
1380.00 -0.4240 -0.6898 -0.6952 -0.6800 -0.6888 -0.3319
1390.00 -0.4214 -0.7772 -0.7684 -0.7767 -0.7805 -0.3141
1400.00 -0.4388 -0.6956 -0.6948 -0.6953 -0.6896 -0.3357
1410.00 -0.3975 -0.5097 -0.5049 -0.5068 -0.5071 -0.3019
1420.00 -0.4341 -0.6351 -0.6450 -0.6438 -0.6436 -0.3369
1430.00 -0.4265 -0.7377 -0.7431 -0.7404 -0.7414 -0.3157
1440.00 -0.4307 -0.7230 -0.7209 -0.7242 -0.7284 -0.3262
1450.00 -0.4099 -0.5548 -0.5501 -0.5550 -0.5613 -0.3095
1460.00 -0.4521 -0.6152 -0.6294 -0.6241 -0.6254 -0.3451
1470.00 -0.4381 -0.6985 -0.7055 -0.7037 -0.6999 -0.3236
1480.00 -0.4249 -0.6628 -0.6628 -0.6573 -0.6591 -0.3356
1490.00 -0.3886 -0.6086 -0.6112 -0.6167 -0.6105 -0.2939
1500.00 -0.4275 -0.6121 -0.6068 -0.6146 -0.6130 -0.3294
1510.00 -0.4361 -0.7090 -0.7126 -0.7188 -0.7043 -0.3311
1520.00 -0.4211 -0.5841 -0.5872 -0.5840 -0.5850 -0.3111
1530.00 -0.4296 -0.5740 -0.5776 -0.5744 -0.5760 -0.3275
1540.00 -0.4306 -0.7153 -0.7177 -0.7181 -0.7148 -0.3214
1550.00 -0.4271 -0.6916 -0.6838 -0.6984 -0.6919 -0.3232
1560.00 -0.4192 -0.6462 -0.6494 -0.6470 -0.6465 -0.3268
1570.00 -0.4094 -0.7303 -0.7326 -0.7270 -0.7318 -0.3238
1580.00 -0.4254 -0.6467 -0.6405 -0.6497 -0.6448 -0.3211
1590.00 -0.4402 -0.6873 -0.6751 -0.6902 -0.6869 -0.3314
1600.00 -0.4259 -0.7334 -0.7335 -0.7397 -0.7349 -0.3292
1610.00 -0.4231 -0.6173 -0.6347 -0.6231 -0.6286 -0.3226
1620.00 -0.4063 -0.6525 -0.6550 -0.6560 -0.6439 -0.3074
1630.00 -0.4186 -0.6241 -0.6311 -0.6301 -0.6277 -0.3250
1640.00 -0.4040 -0.5771 -0.5815 -0.5751 -0.5796 -0.3083
1650.00 -0.4537 -1.0459 -1.0545 -1.0642 -1.0483 -0.3630
1660.00 -0.4089 -0.6090 -0.6082 -0.6009 -0.6117 -0.3017
1670.00 -0.4143 -0.6370 -0.6331 -0.6385 -0.6441 -0.3117
1680.00 -0.4222 -0.5753 -0.5841 -0.5792 -0.5794 -0.3266
1690.00 -0.4571 -0.6589 -0.6466 -0.6553 -0.6515 -0.3379
1700.00 -0.3980 -0.5188 -0.5196 -0.5218 -0.5232 -0.3095
1710.00 -0.4178 -0.6165 -0.6135 -0.6166 -0.6168 -0.3138
1720.00 -0.4369 -0.9030 -0.9053 -0.8988 -0.8990 -0.3429
1730.00 -0.4053 -0.5625 -0.5638 -0.5660 -0.5621 -0.3173
1740.00 -0.4399 -0.6222 -0.6198 -0.6131 -0.6163 -0.3211
1750.00 -0.4074 -0.5953 -0.5945 -0.5911 -0.5907 -0.3104
1760.00 -0.4265 -0.5653 -0.5657 -0.5615 -0.5667 -0.3255
1770.00 -0.4310 -0.6300 -0.6347 -0.6282 -0.6291 -0.3196
1780.00 -0.4265 -0.6045 -0.6084 -0.6108 -0.6029 -0.3340
1790.00 -0.4082 -0.9239 -0.9200 -0.9266 -0.9251 -0.3326
1800.00 -0.3998 -0.8480 -0.8563 -0.8427 -0.8599 -0.3166
1810.00 -0.4043 -0.7470 -0.7542 -0.7486 -0.7463 -0.3149
1820.00 -0.4344 -0.7013 -0.7104 -0.7081 -0.7074 -0.3209
1830.00 -0.4296 -0.5678 -0.5706 -0.5649 -0.5745 -0.3276
1840.00 -0.4295 -0.5202 -0.5270 -0.5208 -0.5176 -0.3123
1850.00 -0.4346 -0.6146 -0.6058 -0.6111 -0.6099 -0.3250
1860.00 -0.4315 -0.7219 -0.7221 -0.7371 -0.7260 -0.3286
1870.00 -0.3998 -0.7494 -0.7461 -0.7543 -0.7513 -0.3065
1880.00 -0.4094 -0.7267 -0.7273 -0.7198 -0.7208 -0.3170
1890.00 -0.4518 -0.6362 -0.6341 -0.6277 -0.6419 -0.3295
1900.00 -0.4160 -0.6547 -0.6465 -0.6490 -0.6423 -0.3142
1910.00 -0.4204 -0.5836 -0.5846 -0.5858 -0.5904 -0.3077
1920.00 -0.4221 -0.5848 -0.5942 -0.5926 -0.5994 -0.3298
1930.00 -0.4365 -0.6913 -0.6865 -0.6873 -0.6873 -0.3304
1940.00 -0.4177 -0.6592 -0.6625 -0.6610 -0.6658 -0.3182
1950.00 -0.4185 -0.7174 -0.7151 -0.7142 -0.7184 -0.3104
1960.00 -0.4473 -0.5169 -0.5177 -0.5203 -0.5136 -0.3353
1970.00 -0.4245 -0.5375 -0.5348 -0.5345 -0.5300 -0.3256
1980.00 -0.4218 -0.7748 -0.7770 -0.7818 -0.7839 -0.3276
1990.00 -0.4008 -0.7504 -0.7518 -0.7448 -0.7533 -0.3100
2000.00 -0.4366 -0.6890 -0.6976 -0.6915 -0.6917 -0.3380
2010.00 -0.4346 -0.7245 -0.7248 -0.7184 -0.7261 -0.3193
2020.00 -0.4029 -0.5877 -0.5898 -0.5929 -0.5866 -0.3124
2030.00 -0.4525 -0.5876 -0.5939 -0.5874 -0.5851 -0.3394
2040.00 -0.4093 -0.6384 -0.6329 -0.6415 -0.6396 -0.3072
2050.00 -0.4296 -0.7200 -0.7141 -0.7211 -0.7098 -0.3366
2060.00 -0.4406 -0.8944 -0.8991 -0.9030 -0.8978 -0.3468
2070.00 -0.3864 -0.6212 -0.6292 -0.6229 -0.6204 -0.2939
2080.00 -0.4268 -0.5809 -0.5793 -0.5835 -0.5795 -0.3249
2090.00 -0.4214 -0.7797 -0.7807 -0.7777 -0.7775 -0.3212
2100.00 -0.4048 -0.7725 -0.7763 -0.7696 -0.7747 -0.2972
2110.00 -0.4591 -0.7428 -0.7429 -0.7544 -0.7437 -0.3530
2120.00 -0.3918 -0.5436 -0.5446 -0.5414 -0.5440 -0.2979
2130.00 -0.4480 -0.6451 -0.6431 -0.6362 -0.6458 -0.3243
2140.00 -0.4299 -0.5713 -0.5710 -0.5757 -0.5763 -0.3268
2150.00 -0.4191 -0.6486 -0.6464 -0.6464 -0.6469 -0.3264
2160.00 -0.4227 -0.8030 -0.8015 -0.8070 -0.8003 -0.3286
2170.00 -0.4084 -0.6270 -0.6265 -0.6251 -0.6213 -0.3165
2180.00 -0.4187 -0.6242 -0.6219 -0.6245 -0.6143 -0.3254
2190.00 -0.4457 -0.7925 -0.7886 -0.7886 -0.7943 -0.3405
2200.00 -0.4138 -0.5762 -0.5782 -0.5800 -0.5756 -0.3121
2210.00 -0.4134 -0.5908 -0.5883 -0.5910 -0.5944 -0.3057
2220.00 -0.4305 -0.5478 -0.5470 -0.5455 -0.5508 -0.3215
2230.00 -0.4118 -0.8819 -0.8837 -0.8813 -0.8772 -0.3391
2240.00 -0.4037 -1.0035 -1.0038 -1.0127 -1.0147 -0.3241
2250.00 -0.4095 -0.6328 -0.6341 -0.6403 -0.6357 -0.2962
2260.00 -0.4336 -0.5991 -0.5923 -0.5938 -0.6087 -0.3227
2270.00 -0.4420 -0.7920 -0.7968 -0.7931 -0.7934 -0.3413
2280.00 -0.3901 -0.5377 -0.5458 -0.5453 -0.5413 -0.3047
2290.00 -0.4516 -0.6453 -0.6598 -0.6546 -0.6527 -0.3332
2300.00 -0.4238 -0.5864 -0.5893 -0.5889 -0.5859 -0.3195
2310.00 -0.4385 -0.5298 -0.5275 -0.5271 -0.5240 -0.3298
2320.00 -0.4213 -0.6109 -0.6169 -0.6264 -0.6257 -0.3121
2330.00 -0.4299 -0.7917 -0.7838 -0.7815 -0.7861 -0.3405
2340.00 -0.4416 -0.7709 -0.7775 -0.7829 -0.7706 -0.3387
2350.00 -0.3979 -0.5588 -0.5631 -0.5569 -0.5560 -0.3078
2360.00 -0.3951 -0.5380 -0.5331 -0.5310 -0.5386 -0.2930
2370.00 -0.4417 -0.6502 -0.6409 -0.6464 -0.6388 -0.3412
2380.00 -0.4105 -0.9007 -0.9052 -0.8959 -0.9042 -0.3264
2390.00 -0.4412 -0.7637 -0.7703 -0.7597 -0.7680 -0.3366
2400.00 -0.4043 -0.4890 -0.4823 -0.4878 -0.4843 -0.3038
2410.00 -0.4205 -0.6594 -0.6462 -0.6489 -0.6506 -0.3296
2420.00 -0.4341 -0.7358 -0.7365 -0.7343 -0.7482 -0.3277
2430.00 -0.3929 -0.6512 -0.6586 -0.6704 -0.6638 -0.2976
2440.00 -0.4475 -0.6578 -0.6618 -0.6657 -0.6717 -0.3554
2450.00 -0.4134 -0.7461 -0.7466 -0.7472 -0.7503 -0.3155
2460.00 -0.4175 -0.5858 -0.5803 -0.5793 -0.5842 -0.3191
2470.00 -0.4711 -1.0521 -1.0576 -1.0641 -1.0566 -0.3734
2480.00 -0.3696 -0.6306 -0.6344 -0.6386 -0.6330 -0.2867
2490.00 -0.4598 -0.7159 -0.7242 -0.7075 -0.7237 -0.3397
2500.00 -0.4155 -0.5325 -0.5308 -0.5356 -0.5342 -0.3126
2510.00 -0.4271 -0.6847 -0.6870 -0.6903 -0.6814 -0.3208
2520.00 -0.4086 -0.5136 -0.5142 -0.5098 -0.5114 -0.3072
2530.00 -0.4469 -0.8098 -0.8101 -0.8135 -0.8127 -0.3656
2540.00 -0.4228 -0.5871 -0.5743 -0.5762 -0.5701 -0.3095
2550.00 -0.3832 -0.5066 -0.5073 -0.5112 -0.5077 -0.2995
2560.00 -0.4295 -0.6847 -0.6890 -0.6909 -0.6942 -0.3204
2570.00 -0.4379 -0.8686 -0.8734 -0.8769 -0.8647 -0.3649
2580.00 -0.4125 -0.9597 -0.9576 -0.9504 -0.9550 -0.3216
2590.00 -0.4023 -0.6193 -0.6199 -0.6247 -0.6236 -0.2849
2600.00 -0.4444 -0.6155 -0.6220 -0.6222 -0.6106 -0.3366
2610.00 -0.4283 -0.7178 -0.7216 -0.7233 -0.7137 -0.3265
2620.00 -0.4282 -0.7688 -0.7753 -0.7660 -0.7725 -0.3247
2630.00 -0.4058 -0.4774 -0.4719 -0.4760 -0.4753 -0.3033
2640.00 -0.4160 -0.5318 -0.5331 -0.5327 -0.5347 -0.3245
2650.00 -0.4415 -0.6406 -0.6422 -0.6346 -0.6391 -0.3445
2660.00 -0.4307 -0.8017 -0.8018 -0.7985 -0.8006 -0.3318
2670.00 -0.4186 -0.7354 -0.7280 -0.7333 -0.7378 -0.3229
2680.00 -0.4429 -1.0050 -1.0057 -1.0110 -1.0003 -0.3376
2690.00 -0.3602 -0.5720 -0.5619 -0.5677 -0.5712 -0.2796
2700.00 -0.4511 -0.6445 -0.6439 -0.6400 -0.6410 -0.3228
2710.00 -0.4094 -0.5131 -0.5161 -0.5166 -0.5144 -0.3115
2720.00 -0.4468 -0.5981 -0.6031 -0.5959 -0.5994 -0.3416
2730.00 -0.4146 -0.7824 -0.7836 -0.7821 -0.7953 -0.3247
2740.00 -0.4074 -0.7276 -0.7307 -0.7243 -0.7215 -0.3121
2750.00 -0.4244 -0.6594 -0.6617 -0.6578 -0.6670 -0.3225
2760.00 -0.4309 -0.7041 -0.6990 -0.7027 -0.7064 -0.3144
2770.00 -0.4298 -0.6796 -0.6780 -0.6750 -0.6795 -0.3220
2780.00 -0.4060 -0.5697 -0.5679 -0.5691 -0.5715 -0.3100
2790.00 -0.4353 -0.7208 -0.7235 -0.7186 -0.7206 -0.3364
2800.00 -0.4263 -0.7331 -0.7308 -0.7257 -0.7181 -0.3209
2810.00 -0.4135 -0.5543 -0.5583 -0.5624 -0.5581 -0.3228
2820.00 -0.4278 -0.8238 -0.8125 -0.8188 -0.8161 -0.3326
2830.00 -0.3821 -0.6429 -0.6395 -0.6364 -0.6402 -0.2958
2840.00 -0.4581 -0.7851 -0.7900 -0.7891 -0.7916 -0.3407
2850.00 -0.3898 -0.5314 -0.5456 -0.5396 -0.5388 -0.3064
2860.00 -0.4418 -0.7595 -0.7490 -0.7596 -0.7536 -0.3205
2870.00 -0.4426 -0.7626 -0.7534 -0.7495 -0.7466 -0.3431
2880.00 -0.4050 -0.6112 -0.6184 -0.6149 -0.6128 -0.2998
2890.00 -0.4406 -0.8177 -0.8163 -0.8196 -0.8208 -0.3333
2900.00 -0.4244 -0.6089 -0.5998 -0.6021 -0.6051 -0.3116
2910.00 -0.4294 -0.5337 -0.5319 -0.5379 -0.5286 -0.3223
2920.00 -0.4082 -0.6175 -0.6158 -0.6101 -0.6238 -0.3193
2930.00 -0.4120 -0.7603 -0.7607 -0.7628 -0.7561 -0.3224
2940.00 -0.4202 -0.7033 -0.6951 -0.6969 -0.7037 -0.3157
2950.00 -0.4388 -0.6804 -0.6851 -0.6803 -0.6772 -0.3299
2960.00 -0.4245 -0.7292 -0.7251 -0.7360 -0.7284 -0.3262
2970.00 -0.4067 -0.7228 -0.7203 -0.7152 -0.7243 -0.3279
2980.00 -0.4347 -0.7902 -0.7887 -0.7914 -0.7826 -0.3227
2990.00 -0.4201 -0.6479 -0.6400 -0.6489 -0.6398 -0.3271
3000.00 -0.4074 -0.5179 -0.5206 -0.5151 -0.5115 -0.3078
3010.00 -0.4594 -0.7450 -0.7341 -0.7333 -0.7413 -0.3391
3020.00 -0.4057 -0.6730 -0.6719 -0.6733 -0.6704 -0.3110
3030.00 -0.4225 -0.8921 -0.8994 -0.8983 -0.9057 -0.3341
3040.00 -0.3999 -0.6420 -0.6382 -0.6445 -0.6390 -0.2982
3050.00 -0.4634 -0.6968 -0.6962 -0.6955 -0.7016 -0.3455
3060.00 -0.3965 -0.4968 -0.5036 -0.4985 -0.4975 -0.3027
3070.00 -0.4474 -0.6778 -0.6759 -0.6825 -0.6802 -0.3200
3080.00 -0.4044 -0.7243 -0.7380 -0.7256 -0.7302 -0.3242
3090.00 -0.4599 -0.7662 -0.7620 -0.7670 -0.7703 -0.3527
3100.00 -0.4066 -0.7876 -0.7873 -0.7880 -0.7814 -0.3089
3110.00 -0.4093 -0.6202 -0.6185 -0.6242 -0.6168 -0.3061
3120.00 -0.4345 -0.6049 -0.6105 -0.6078 -0.6105 -0.3322
3130.00 -0.4287 -0.6672 -0.6641 -0.6647 -0.6623 -0.3138
3140.00 -0.4431 -0.5215 -0.5300 -0.5258 -0.5238 -0.3380
3150.00 -0.4075 -0.6229 -0.6236 -0.6319 -0.6260 -0.3117
3160.00 -0.4293 -0.6506 -0.6477 -0.6392 -0.6493 -0.3348
3170.00 -0.4262 -1.0438 -1.0384 -1.0461 -1.0448 -0.3337
3180.00 -0.3811 -0.7141 -0.7215 -0.7160 -0.7154 -0.3039
3190.00 -0.4142 -0.5423 -0.5441 -0.5416 -0.5457 -0.3081
3200.00 -0.4442 -0.6165 -0.6147 -0.6125 -0.6272 -0.3287
3210.00 -0.4013 -0.6593 -0.6748 -0.6590 -0.6611 -0.3187
3220.00 -0.4208 -0.7264 -0.7167 -0.7252 -0.7242 -0.3225
3230.00 -0.4366 -0.7113 -0.7231 -0.7289 -0.7219 -0.3275
3240.00 -0.4340 -0.8615 -0.8655 -0.8764 -0.8700 -0.3293
3250.00 -0.3974 -0.6214 -0.6291 -0.6216 -0.6171 -0.3005
3260.00 -0.4178 -0.6971 -0.6965 -0.6940 -0.6941 -0.3178
3270.00 -0.4374 -0.6194 -0.6303 -0.6198 -0.6229 -0.3218
3280.00 -0.4241 -0.5623 -0.5572 -0.5523 -0.5589 -0.3248
3290.00 -0.3965 -0.5515 -0.5561 -0.5565 -0.5567 -0.2983
3300.00 -0.4690 -0.8864 -0.8860 -0.8878 -0.8877 -0.3639
3310.00 -0.4010 -0.7928 -0.8044 -0.7934 -0.7932 -0.3145
3320.00 -0.4125 -0.5993 -0.6011 -0.5967 -0.5972 -0.3159
3330.00 -0.4268 -0.6298 -0.6229 -0.6239 -0.6253 -0.3155
3340.00 -0.4221 -0.6156 -0.6242 -0.6246 -0.6204 -0.3231
3350.00 -0.4314 -0.5726 -0.5566 -0.5569 -0.5627 -0.3164
3360.00 -0.4422 -0.6202 -0.6240 -0.6154 -0.6107 -0.3385
3370.00 -0.4494 -0.7479 -0.7594 -0.7515 -0.7535 -0.3446
3380.00 -0.3864 -0.6597 -0.6707 -0.6638 -0.6682 -0.3008
3390.00 -0.4532 -0.6569 -0.6531 -0.6662 -0.6535 -0.3428
3400.00 -0.3950 -0.7014 -0.6973 -0.6923 -0.6997 -0.3067
3410.00 -0.4356 -0.7712 -0.7686 -0.7723 -0.7764 -0.3346
3420.00 -0.4018 -0.7602 -0.7592 -0.7648 -0.7669 -0.3134
3430.00 -0.4069 -0.5857 -0.5787 -0.5837 -0.5785 -0.3216
3440.00 -0.4252 -0.8199 -0.8273 -0.8294 -0.8199 -0.3359
3450.00 -0.4285 -0.6684 -0.6671 -0.6588 -0.6687 -0.3141
3460.00 -0.4156 -0.5168 -0.5235 -0.5157 -0.5164 -0.3124
3470.00 -0.4360 -0.5519 -0.5386 -0.5468 -0.5470 -0.3285
3480.00 -0.4594 -0.7807 -0.7825 -0.7695 -0.7711 -0.3376
3490.00 -0.4161 -0.8071 -0.8024 -0.8051 -0.8036 -0.3268
3500.00 -0.3960 -0.6165 -0.6132 -0.6126 -0.6165 -0.2937
3510.00 -0.4340 -0.5790 -0.5769 -0.5714 -0.5763 -0.3377
3520.00 -0.4085 -0.7282 -0.7262 -0.7175 -0.7240 -0.3029
3530.00 -0.4224 -0.5653 -0.5672 -0.5654 -0.5656 -0.3319
3540.00 -0.4533 -0.6191 -0.6238 -0.6238 -0.6185 -0.3301
3550.00 -0.3915 -0.8951 -0.8980 -0.9044 -0.8982 -0.3218
3560.00 -0.4331 -0.7984 -0.8032 -0.8022 -0.8037 -0.3335
3570.00 -0.3776 -0.5816 -0.5870 -0.5829 -0.5883 -0.2966
3580.00 -0.4581 -0.9798 -0.9761 -0.9855 -0.9789 -0.3557
3590.00 -0.4157 -0.5317 -0.5273 -0.5341 -0.5267 -0.3043
3600.00 -0.4166 -0.6256 -0.6207 -0.6282 -0.6227 -0.3223
3610.00 -0.4319 -0.6030 -0.6046 -0.6019 -0.6077 -0.3205
3620.00 -0.4409 -0.5827 -0.5820 -0.5806 -0.5870 -0.3320
3630.00 -0.3851 -0.5910 -0.5848 -0.5907 -0.5845 -0.3046
3640.00 -0.4367 -0.7836 -0.7906 -0.7938 -0.7850 -0.3431
3650.00 -0.4019 -0.7052 -0.7167 -0.7088 -0.7243 -0.3112
3660.00 -0.4101 -0.7663 -0.7648 -0.7675 -0.7715 -0.3261
3670.00 -0.4355 -0.9628 -0.9581 -0.9686 -0.9633 -0.3370
3680.00 -0.4046 -0.6417 -0.6339 -0.6241 -0.6424 -0.2906
3690.00 -0.4281 -0.6417 -0.6372 -0.6386 -0.6376 -0.3186
3700.00 -0.4154 -0.5547 -0.5552 -0.5503 -0.5556 -0.3245
3710.00 -0.4685 -0.7405 -0.7435 -0.7418 -0.7385 -0.3420
3720.00 -0.4168 -0.6131 -0.6091 -0.6160 -0.6151 -0.3172
3730.00 -0.4319 -0.6574 -0.6547 -0.6426 -0.6454 -0.3194
3740.00 -0.4373 -0.7513 -0.7528 -0.7619 -0.7586 -0.3400
3750.00 -0.4228 -0.7279 -0.7248 -0.7216 -0.7208 -0.3311
3760.00 -0.4182 -0.5859 -0.5842 -0.5794 -0.5809 -0.3185
3770.00 -0.4095 -0.6685 -0.6708 -0.6689 -0.6703 -0.3093
3780.00 -0.4181 -0.7416 -0.7476 -0.7367 -0.7407 -0.3226
3790.00 -0.4469 -0.6171 -0.6120 -0.6134 -0.6220 -0.3495
3800.00 -0.3989 -0.8441 -0.8508 -0.8483 -0.8387 -0.3188
3810.00 -0.4018 -0.7258 -0.7294 -0.7258 -0.7284 -0.2927
3820.00 -0.4459 -0.6512 -0.6460 -0.6494 -0.6507 -0.3359
3830.00 -0.4258 -0.6701 -0.6668 -0.6651 -0.6664 -0.3150
3840.00 -0.4274 -0.5522 -0.5580 -0.5575 -0.5547 -0.3278
3850.00 -0.4104 -0.6445 -0.6479 -0.6371 -0.6386 -0.3226
3860.00 -0.4143 -0.5895 -0.5877 -0.5935 -0.5872 -0.3117
3870.00 -0.4381 -0.8358 -0.8370 -0.8253 -0.8356 -0.3481
3880.00 -0.4132 -0.6726 -0.6700 -0.6655 -0.6765 -0.3056
3890.00 -0.4085 -0.6452 -0.6377 -0.6477 -0.6462 -0.3194
3900.00 -0.4512 -0.7933 -0.7930 -0.7978 -0.7921 -0.3242
3910.00 -0.4090 -0.6138 -0.6080 -0.6122 -0.6132 -0.3199
3920.00 -0.4350 -0.7186 -0.7207 -0.7218 -0.7094 -0.3367
3930.00 -0.4302 -0.6312 -0.6303 -0.6289 -0.6355 -0.3280
3940.00 -0.4194 -0.6336 -0.6329 -0.6446 -0.6414 -0.3156
3950.00 -0.4212 -0.5845 -0.5863 -0.5843 -0.5879 -0.3246
3960.00 -0.4161 -0.7163 -0.7185 -0.7032 -0.7122 -0.3147
3970.00 -0.4204 -0.6698 -0.6682 -0.6707 -0.6674 -0.3255
3980.00 -0.4580 -0.8971 -0.8996 -0.9036 -0.8990 -0.3425
3990.00 -0.3899 -0.6013 -0.5930 -0.5920 -0.5997 -0.3107
4000.00 -0.4627 -0.7022 -0.6955 -0.6974 -0.7008 -0.3417
