10.00 -0.4824 -0.4954 -0.4859 -0.4769 -0.4913 -0.3145
20.00 -0.4968 -0.5019 -0.4776 -0.4918 -0.4941 -0.3143
30.00 -0.5038 -0.5110 -0.4948 -0.4960 -0.5011 -0.3233
40.00 -0.5051 -0.5114 -0.5083 -0.4996 -0.5139 -0.3224
50.00 -0.4562 -0.4609 -0.4540 -0.4558 -0.4595 -0.3039
60.00 -0.4946 -0.5003 -0.5046 -0.5011 -0.5027 -0.3149
70.00 -0.4703 -0.4764 -0.4729 -0.4780 -0.4731 -0.3138
80.00 -0.4841 -0.4910 -0.5030 -0.4756 -0.4919 -0.3128
90.00 -0.5160 -0.5156 -0.5204 -0.5311 -0.5162 -0.3408
100.00 -0.4853 -0.4863 -0.4784 -0.4783 -0.4715 -0.2952
110.00 -0.4855 -0.4789 -0.4869 -0.4854 -0.4791 -0.3264
120.00 -0.5082 -0.5032 -0.4953 -0.4997 -0.4988 -0.3108
130.00 -0.4530 -0.4546 -0.4515 -0.4594 -0.4388 -0.2944
140.00 -0.5078 -0.4988 -0.5142 -0.5226 -0.5087 -0.3340
150.00 -0.4763 -0.4584 -0.4831 -0.4876 -0.4847 -0.3010
160.00 -0.5139 -0.4903 -0.4712 -0.5141 -0.5089 -0.3130
170.00 -0.5396 -0.5293 -0.5261 -0.5368 -0.5339 -0.3432
180.00 -0.4646 -0.4623 -0.4636 -0.4603 -0.4652 -0.2958
190.00 -0.4990 -0.4935 -0.4990 -0.5120 -0.4953 -0.3138
200.00 -0.5052 -0.5072 -0.5026 -0.5061 -0.5129 -0.3373
210.00 -0.4990 -0.4911 -0.4993 -0.4888 -0.4931 -0.3180
220.00 -0.4774 -0.4649 -0.4744 -0.4801 -0.4770 -0.3039
230.00 -0.5064 -0.4886 -0.5146 -0.4970 -0.4967 -0.3406
240.00 -0.4901 -0.4976 -0.4921 -0.5051 -0.5021 -0.3154
250.00 -0.4914 -0.4936 -0.5043 -0.4985 -0.4870 -0.3169
260.00 -0.5043 -0.4975 -0.5083 -0.5026 -0.4887 -0.3242
270.00 -0.4640 -0.4724 -0.4634 -0.4825 -0.4762 -0.3119
280.00 -0.4736 -0.4745 -0.4532 -0.4817 -0.4704 -0.2949
290.00 -0.5152 -0.5149 -0.5158 -0.5179 -0.5091 -0.3337
300.00 -0.5111 -0.5190 -0.5032 -0.5151 -0.5048 -0.3327
310.00 -0.4668 -0.4642 -0.4707 -0.4769 -0.4614 -0.2930
320.00 -0.4906 -0.4858 -0.4818 -0.4983 -0.4885 -0.3152
330.00 -0.4802 -0.4920 -0.4734 -0.4943 -0.4977 -0.3139
340.00 -0.4789 -0.4891 -0.4942 -0.4891 -0.4919 -0.3109
350.00 -0.4838 -0.4840 -0.4867 -0.4858 -0.4837 -0.3120
360.00 -0.5019 -0.5031 -0.5172 -0.5111 -0.4979 -0.3253
370.00 -0.4780 -0.4807 -0.4740 -0.4868 -0.4873 -0.3142
380.00 -0.4791 -0.4844 -0.4752 -0.4719 -0.4733 -0.3226
390.00 -0.5216 -0.5329 -0.5290 -0.5375 -0.5343 -0.3339
400.00 -0.4654 -0.4757 -0.4793 -0.4689 -0.4740 -0.2972
410.00 -0.4962 -0.4866 -0.4966 -0.4975 -0.4874 -0.3179
420.00 -0.4882 -0.4823 -0.4925 -0.4895 -0.4901 -0.3124
430.00 -0.4977 -0.4974 -0.4985 -0.5055 -0.5031 -0.3238
440.00 -0.4843 -0.4777 -0.4926 -0.4757 -0.4874 -0.3071
450.00 -0.4954 -0.4979 -0.4953 -0.5028 -0.4879 -0.3223
460.00 -0.4599 -0.4542 -0.4757 -0.4706 -0.4734 -0.3037
470.00 -0.5069 -0.5056 -0.5065 -0.5069 -0.5108 -0.3249
480.00 -0.4934 -0.5012 -0.4945 -0.4887 -0.4964 -0.3152
490.00 -0.4862 -0.4804 -0.4762 -0.4795 -0.4827 -0.3162
500.00 -0.5008 -0.4945 -0.5090 -0.4981 -0.4936 -0.3156
510.00 -0.4879 -0.4822 -0.4880 -0.4958 -0.4916 -0.3149
520.00 -0.4715 -0.4656 -0.4725 -0.4725 -0.4622 -0.3015
530.00 -0.5186 -0.5073 -0.5193 -0.5024 -0.5158 -0.3247
540.00 -0.4952 -0.5072 -0.5016 -0.5032 -0.4817 -0.3174
550.00 -0.4740 -0.4767 -0.4821 -0.4826 -0.4805 -0.3042
560.00 -0.4738 -0.4728 -0.4765 -0.4557 -0.4765 -0.3101
570.00 -0.5026 -0.5030 -0.5089 -0.5040 -0.4931 -0.3340
580.00 -0.4657 -0.4599 -0.4501 -0.4680 -0.4589 -0.3139
590.00 -0.5037 -0.5237 -0.5230 -0.5068 -0.5116 -0.3224
600.00 -0.4962 -0.4937 -0.4919 -0.4852 -0.4994 -0.3147
610.00 -0.5085 -0.4982 -0.4963 -0.5094 -0.4929 -0.3208
620.00 -0.4643 -0.4784 -0.4702 -0.4685 -0.4724 -0.3180
630.00 -0.4925 -0.4773 -0.4763 -0.4678 -0.4899 -0.3011
640.00 -0.5290 -0.5303 -0.5305 -0.5400 -0.5288 -0.3289
650.00 -0.4709 -0.4786 -0.4759 -0.4835 -0.4725 -0.3051
660.00 -0.4935 -0.4830 -0.4962 -0.4927 -0.4964 -0.3258
670.00 -0.4567 -0.4556 -0.4456 -0.4569 -0.4508 -0.3026
680.00 -0.5494 -0.5343 -0.5598 -0.5498 -0.5558 -0.3530
690.00 -0.4606 -0.4454 -0.4616 -0.4460 -0.4494 -0.2871
700.00 -0.5389 -0.5242 -0.5368 -0.5107 -0.5306 -0.3407
710.00 -0.4853 -0.4826 -0.4770 -0.4835 -0.4794 -0.3117
720.00 -0.4944 -0.4924 -0.5028 -0.4887 -0.5077 -0.3110
730.00 -0.4685 -0.4805 -0.4798 -0.4661 -0.4763 -0.3106
740.00 -0.5199 -0.5251 -0.5259 -0.5167 -0.5113 -0.3334
750.00 -0.4768 -0.4752 -0.4756 -0.4845 -0.4854 -0.3081
760.00 -0.5075 -0.5034 -0.4822 -0.4974 -0.4906 -0.3225
770.00 -0.4782 -0.4841 -0.4671 -0.4748 -0.4834 -0.3081
780.00 -0.4878 -0.4754 -0.4553 -0.4846 -0.4797 -0.3105
790.00 -0.4913 -0.4883 -0.4949 -0.4873 -0.4948 -0.3084
800.00 -0.4966 -0.4824 -0.5001 -0.4908 -0.5055 -0.3119
810.00 -0.4773 -0.4727 -0.4805 -0.4904 -0.4825 -0.3252
820.00 -0.4852 -0.4807 -0.4770 -0.4786 -0.4803 -0.3062
830.00 -0.4863 -0.4810 -0.4955 -0.4791 -0.4890 -0.3134
840.00 -0.5254 -0.5380 -0.5413 -0.5269 -0.5273 -0.3260
850.00 -0.5029 -0.4907 -0.4960 -0.4864 -0.4835 -0.3195
860.00 -0.4642 -0.4914 -0.4874 -0.4813 -0.4607 -0.3094
870.00 -0.4901 -0.5041 -0.5100 -0.4910 -0.5129 -0.3261
880.00 -0.4835 -0.4960 -0.4653 -0.4881 -0.4870 -0.3099
890.00 -0.4785 -0.4942 -0.4847 -0.4816 -0.4738 -0.3122
900.00 -0.4825 -0.4695 -0.4899 -0.4722 -0.4623 -0.3179
910.00 -0.5278 -0.5293 -0.5235 -0.5155 -0.5339 -0.3261
920.00 -0.4723 -0.4725 -0.4799 -0.4763 -0.4713 -0.3226
930.00 -0.4861 -0.5099 -0.5083 -0.4907 -0.4997 -0.3084
940.00 -0.4711 -0.4814 -0.5032 -0.4969 -0.4864 -0.3197
950.00 -0.4652 -0.4833 -0.4749 -0.4791 -0.4757 -0.3112
960.00 -0.5131 -0.5285 -0.5267 -0.5186 -0.5193 -0.3297
970.00 -0.4778 -0.4855 -0.4955 -0.4853 -0.4905 -0.3043
980.00 -0.4846 -0.4732 -0.4753 -0.4850 -0.4818 -0.3097
990.00 -0.4965 -0.5110 -0.5107 -0.5179 -0.5049 -0.3300
1000.00 -0.4775 -0.4875 -0.4982 -0.5061 -0.4875 -0.3213
1010.00 -0.5245 -0.6817 -0.6747 -0.6867 -0.6788 -0.3422
1020.00 -0.5599 -0.8764 -0.8724 -0.8707 -0.8760 -0.3215
1030.00 -0.5493 -0.8376 -0.8338 -0.8326 -0.8412 -0.3298
1040.00 -0.5579 -0.8915 -0.8891 -0.8899 -0.8963 -0.3310
1050.00 -0.5116 -0.8332 -0.8318 -0.8261 -0.8166 -0.3046
1060.00 -0.5943 -0.9433 -0.9548 -0.9429 -0.9515 -0.3459
1070.00 -0.5399 -0.9058 -0.8968 -0.9057 -0.8994 -0.3204
1080.00 -0.5347 -0.9061 -0.8965 -0.8973 -0.9061 -0.3164
1090.00 -0.5598 -0.9155 -0.9162 -0.9226 -0.9117 -0.3344
1100.00 -0.5493 -0.9530 -0.9550 -0.9504 -0.9453 -0.3279
1110.00 -0.5322 -0.9190 -0.9142 -0.9055 -0.9083 -0.3089
1120.00 -0.5509 -0.9242 -0.9208 -0.9160 -0.9292 -0.3189
1130.00 -0.5742 -0.8917 -0.8837 -0.8922 -0.8945 -0.3595
1140.00 -0.5555 -0.9440 -0.9390 -0.9369 -0.9382 -0.3219
1150.00 -0.5279 -0.8898 -0.8905 -0.8959 -0.8871 -0.3080
1160.00 -0.5384 -0.9105 -0.9030 -0.9081 -0.9029 -0.3104
1170.00 -0.5325 -0.8834 -0.8778 -0.8743 -0.8837 -0.3131
1180.00 -0.5997 -0.9374 -0.9454 -0.9480 -0.9454 -0.3548
1190.00 -0.5073 -0.7501 -0.7526 -0.7509 -0.7519 -0.3125
1200.00 -0.5391 -0.8431 -0.8478 -0.8453 -0.8540 -0.3445
1210.00 -0.4372 -0.5348 -0.5388 -0.5322 -0.5392 -0.3054
1220.00 -0.4067 -0.4568 -0.4591 -0.4577 -0.4594 -0.3077
1230.00 -0.4281 -0.4734 -0.4701 -0.4801 -0.4875 -0.3220
1240.00 -0.4370 -0.5576 -0.5528 -0.5529 -0.5501 -0.3107
1250.00 -0.4667 -0.5632 -0.5626 -0.5688 -0.5730 -0.3469
1260.00 -0.4045 -0.4757 -0.4809 -0.4875 -0.4766 -0.3001
1270.00 -0.4528 -0.5538 -0.5476 -0.5465 -0.5522 -0.3149
1280.00 -0.4386 -0.5783 -0.5732 -0.5796 -0.5786 -0.3283
1290.00 -0.4535 -0.5927 -0.5943 -0.5961 -0.5954 -0.3404
1300.00 -0.4289 -0.5916 -0.5929 -0.5911 -0.5953 -0.3207
1310.00 -0.3930 -0.5366 -0.5435 -0.5394 -0.5357 -0.2910
1320.00 -0.4380 -0.6285 -0.6213 -0.6280 -0.6209 -0.3385
1330.00 -0.4513 -0.6371 -0.6257 -0.6211 -0.6324 -0.3438
1340.00 -0.4168 -0.5876 -0.5968 -0.5941 -0.5949 -0.3128
1350.00 -0.4402 -0.5963 -0.5929 -0.5907 -0.5919 -0.3309
1360.00 -0.3942 -0.4999 -0.4998 -0.4950 -0.4978 -0.2994
1370.00 -0.4281 -0.6231 -0.6222 -0.6213 -0.6262 -0.3260
1380.00 -0.4394 -0.6171 -0.6103 -0.6165 -0.6079 -0.3272
1390.00 -0.4456 -0.5934 -0.5919 -0.5924 -0.5951 -0.3413
1400.00 -0.4058 -0.6031 -0.6029 -0.6011 -0.6005 -0.3077
1410.00 -0.4324 -0.6571 -0.6582 -0.6600 -0.6610 -0.3353
1420.00 -0.4376 -0.9549 -0.9664 -0.9647 -0.9559 -0.3397
1430.00 -0.4029 -0.5939 -0.5876 -0.5870 -0.5899 -0.3108
1440.00 -0.4201 -0.6455 -0.6487 -0.6440 -0.6504 -0.3080
1450.00 -0.4176 -0.5921 -0.5945 -0.5882 -0.5889 -0.3300
1460.00 -0.4287 -0.7237 -0.7289 -0.7316 -0.7280 -0.3353
1470.00 -0.4196 -0.6610 -0.6626 -0.6593 -0.6654 -0.3247
1480.00 -0.4102 -0.5361 -0.5348 -0.5392 -0.5325 -0.3055
1490.00 -0.4292 -0.5006 -0.5044 -0.5106 -0.5066 -0.3274
1500.00 -0.4425 -0.6282 -0.6179 -0.6203 -0.6129 -0.3307
1510.00 -0.4218 -0.6918 -0.6902 -0.6895 -0.6908 -0.3229
1520.00 -0.4131 -0.6034 -0.6102 -0.6088 -0.6083 -0.3136
1530.00 -0.4116 -0.6380 -0.6427 -0.6331 -0.6439 -0.3160
1540.00 -0.4356 -0.6206 -0.6143 -0.6151 -0.6148 -0.3348
1550.00 -0.4016 -0.5923 -0.5922 -0.5906 -0.5937 -0.3164
1560.00 -0.4350 -0.6791 -0.6763 -0.6815 -0.6849 -0.3304
1570.00 -0.4223 -0.8722 -0.8682 -0.8633 -0.8671 -0.3249
1580.00 -0.4349 -0.7438 -0.7494 -0.7487 -0.7463 -0.3287
1590.00 -0.3848 -0.6206 -0.6276 -0.6303 -0.6244 -0.3037
1600.00 -0.4343 -0.7096 -0.7001 -0.7043 -0.7013 -0.3298
1610.00 -0.4392 -0.6938 -0.6827 -0.6858 -0.6856 -0.3218
1620.00 -0.4302 -0.6988 -0.6906 -0.7021 -0.6930 -0.3270
1630.00 -0.4012 -0.5953 -0.5922 -0.5974 -0.5974 -0.3129
1640.00 -0.4213 -0.6470 -0.6506 -0.6434 -0.6484 -0.3139
1650.00 -0.4192 -0.6153 -0.6199 -0.6188 -0.6203 -0.3297
1660.00 -0.4284 -0.6871 -0.6856 -0.6828 -0.6906 -0.3261
1670.00 -0.4370 -0.6566 -0.6576 -0.6597 -0.6544 -0.3279
1680.00 -0.3982 -0.5652 -0.5705 -0.5651 -0.5644 -0.3025
1690.00 -0.4421 -0.7286 -0.7359 -0.7339 -0.7294 -0.3375
1700.00 -0.4247 -0.6272 -0.6303 -0.6204 -0.6216 -0.3244
1710.00 -0.4546 -0.8169 -0.8230 -0.8191 -0.8225 -0.3566
1720.00 -0.3818 -0.5894 -0.5877 -0.5887 -0.5843 -0.2867
1730.00 -0.4227 -0.5877 -0.5795 -0.5815 -0.5804 -0.3186
1740.00 -0.4414 -0.6253 -0.6217 -0.6243 -0.6158 -0.3366
1750.00 -0.4116 -0.6176 -0.6184 -0.6248 -0.6288 -0.3122
1760.00 -0.4291 -0.9114 -0.9012 -0.9022 -0.9015 -0.3336
1770.00 -0.4028 -0.6744 -0.6681 -0.6674 -0.6667 -0.3034
1780.00 -0.4123 -0.6547 -0.6592 -0.6539 -0.6545 -0.3315
1790.00 -0.4582 -0.7797 -0.7791 -0.7795 -0.7741 -0.3268
1800.00 -0.4038 -0.5202 -0.5127 -0.5151 -0.5097 -0.3054
1810.00 -0.4105 -0.5200 -0.5131 -0.5093 -0.5152 -0.3050
1820.00 -0.4406 -0.5930 -0.5944 -0.5947 -0.5918 -0.3499
1830.00 -0.4350 -0.7922 -0.7845 -0.7839 -0.7884 -0.3298
1840.00 -0.4260 -0.6853 -0.6755 -0.6769 -0.6791 -0.3254
1850.00 -0.4214 -0.6335 -0.6299 -0.6358 -0.6270 -0.3159
1860.00 -0.3933 -0.6478 -0.6462 -0.6487 -0.6456 -0.3084
1870.00 -0.4025 -0.6021 -0.6019 -0.6047 -0.6076 -0.3146
1880.00 -0.4112 -0.7155 -0.7117 -0.7095 -0.7187 -0.3200
1890.00 -0.4328 -0.9002 -0.9070 -0.8966 -0.9028 -0.3458
1900.00 -0.4181 -0.6004 -0.6004 -0.5974 -0.5937 -0.3091
1910.00 -0.4317 -0.6635 -0.6606 -0.6623 -0.6646 -0.3191
1920.00 -0.4281 -0.5797 -0.5752 -0.5824 -0.5809 -0.3175
1930.00 -0.4113 -0.5611 -0.5604 -0.5640 -0.5683 -0.3139
1940.00 -0.4444 -0.7016 -0.7107 -0.7043 -0.7012 -0.3306
1950.00 -0.4304 -0.7476 -0.7461 -0.7493 -0.7451 -0.3398
1960.00 -0.3758 -0.5672 -0.5604 -0.5720 -0.5677 -0.2917
1970.00 -0.4543 -1.0462 -1.0416 -1.0490 -1.0519 -0.3605
1980.00 -0.4003 -0.5701 -0.5789 -0.5804 -0.5773 -0.2927
1990.00 -0.4128 -0.5325 -0.5269 -0.5226 -0.5231 -0.3165
2000.00 -0.4481 -0.7823 -0.7734 -0.7782 -0.7788 -0.3463
2010.00 -0.3845 -0.5602 -0.5621 -0.5566 -0.5537 -0.2919
2020.00 -0.4371 -0.7062 -0.7038 -0.7049 -0.7131 -0.3208
2030.00 -0.4779 -0.6550 -0.6556 -0.6492 -0.6522 -0.3540
2040.00 -0.4359 -0.6910 -0.6970 -0.7005 -0.6917 -0.3272
2050.00 -0.3879 -0.6615 -0.6610 -0.6589 -0.6654 -0.3091
2060.00 -0.4070 -0.7567 -0.7556 -0.7565 -0.7547 -0.3118
2070.00 -0.4312 -0.7023 -0.7005 -0.7044 -0.7056 -0.3278
2080.00 -0.4327 -0.6144 -0.6120 -0.6055 -0.6092 -0.3254
2090.00 -0.4303 -0.6491 -0.6551 -0.6529 -0.6527 -0.3240
2100.00 -0.3826 -0.5880 -0.5839 -0.5829 -0.5857 -0.2979
2110.00 -0.4552 -0.8031 -0.7957 -0.8070 -0.8041 -0.3527
2120.00 -0.4078 -0.5830 -0.5839 -0.5811 -0.5823 -0.3140
2130.00 -0.4417 -0.7380 -0.7412 -0.7360 -0.7287 -0.3340
2140.00 -0.4060 -0.6570 -0.6689 -0.6606 -0.6602 -0.3012
2150.00 -0.3986 -0.5021 -0.5071 -0.5099 -0.5108 -0.3100
2160.00 -0.4758 -0.8321 -0.8201 -0.8167 -0.8200 -0.3480
2170.00 -0.4122 -0.6305 -0.6383 -0.6266 -0.6380 -0.3168
2180.00 -0.4153 -0.5934 -0.5938 -0.5979 -0.5922 -0.3085
2190.00 -0.4137 -0.6609 -0.6589 -0.6578 -0.6572 -0.3215
2200.00 -0.4339 -0.8014 -0.7932 -0.7981 -0.7931 -0.3323
2210.00 -0.3960 -0.7567 -0.7492 -0.7543 -0.7587 -0.3200
2220.00 -0.4355 -0.6532 -0.6567 -0.6682 -0.6583 -0.3183
2230.00 -0.4178 -0.6438 -0.6504 -0.6342 -0.6450 -0.3119
2240.00 -0.4176 -0.5810 -0.5864 -0.5786 -0.5723 -0.3133
2250.00 -0.4329 -0.7107 -0.7073 -0.7115 -0.7176 -0.3218
2260.00 -0.4358 -0.5761 -0.5764 -0.5753 -0.5796 -0.3224
2270.00 -0.4069 -0.5953 -0.6032 -0.5965 -0.5930 -0.3139
2280.00 -0.4357 -0.7086 -0.7100 -0.7113 -0.7086 -0.3366
2290.00 -0.4010 -0.7979 -0.7960 -0.7972 -0.7918 -0.3262
2300.00 -0.4295 -0.8013 -0.7866 -0.7902 -0.7920 -0.3216
2310.00 -0.4164 -0.5767 -0.5722 -0.5790 -0.5801 -0.3168
2320.00 -0.4106 -0.5591 -0.5615 -0.5577 -0.5586 -0.3165
2330.00 -0.4397 -0.7610 -0.7634 -0.7704 -0.7710 -0.3367
2340.00 -0.4143 -0.6040 -0.6075 -0.6082 -0.6024 -0.3188
2350.00 -0.4100 -0.7463 -0.7445 -0.7399 -0.7384 -0.3207
2360.00 -0.4300 -0.7043 -0.7126 -0.7105 -0.7147 -0.3204
2370.00 -0.4457 -0.8447 -0.8377 -0.8415 -0.8440 -0.3421
2380.00 -0.4324 -0.6188 -0.6261 -0.6237 -0.6212 -0.3149
2390.00 -0.3867 -0.5350 -0.5339 -0.5368 -0.5414 -0.3009
2400.00 -0.4645 -0.7510 -0.7538 -0.7508 -0.7584 -0.3469
2410.00 -0.4014 -0.6324 -0.6368 -0.6273 -0.6232 -0.2963
2420.00 -0.4461 -0.8230 -0.8281 -0.8319 -0.8180 -0.3530
2430.00 -0.4055 -0.6766 -0.6752 -0.6817 -0.6766 -0.3126
2440.00 -0.4097 -0.7121 -0.7064 -0.7061 -0.7094 -0.3157
2450.00 -0.4149 -0.6609 -0.6631 -0.6563 -0.6675 -0.3185
2460.00 -0.4367 -0.6806 -0.6737 -0.6871 -0.6763 -0.3344
2470.00 -0.4088 -0.6170 -0.6140 -0.6181 -0.6227 -0.3232
2480.00 -0.4495 -0.6411 -0.6397 -0.6428 -0.6420 -0.3304
2490.00 -0.3957 -0.5060 -0.4989 -0.4991 -0.4977 -0.2978
2500.00 -0.4172 -0.6490 -0.6541 -0.6474 -0.6462 -0.3230
2510.00 -0.4073 -0.6104 -0.6025 -0.6136 -0.6069 -0.3201
2520.00 -0.4556 -0.8322 -0.8273 -0.8367 -0.8343 -0.3469
2530.00 -0.4470 -0.8214 -0.8189 -0.8132 -0.8101 -0.3518
2540.00 -0.3662 -0.5929 -0.5911 -0.5963 -0.5909 -0.2821
2550.00 -0.4361 -0.7602 -0.7654 -0.7639 -0.7634 -0.3332
2560.00 -0.4164 -0.5763 -0.5786 -0.5812 -0.5819 -0.3094
2570.00 -0.3937 -0.7309 -0.7245 -0.7312 -0.7284 -0.3108
2580.00 -0.4490 -0.7057 -0.7113 -0.7046 -0.6990 -0.3324
2590.00 -0.4217 -0.5428 -0.5440 -0.5521 -0.5502 -0.3259
2600.00 -0.4587 -0.6830 -0.6827 -0.6700 -0.6819 -0.3371
2610.00 -0.4124 -0.5722 -0.5726 -0.5783 -0.5745 -0.3231
2620.00 -0.4383 -0.6430 -0.6409 -0.6474 -0.6349 -0.3375
2630.00 -0.4269 -0.6505 -0.6386 -0.6492 -0.6465 -0.3205
2640.00 -0.3962 -0.9684 -0.9696 -0.9693 -0.9699 -0.3302
2650.00 -0.4258 -0.7913 -0.7908 -0.7882 -0.7953 -0.3208
2660.00 -0.4066 -0.6354 -0.6362 -0.6313 -0.6430 -0.2979
2670.00 -0.4617 -0.7507 -0.7562 -0.7516 -0.7614 -0.3298
2680.00 -0.4131 -0.6153 -0.6176 -0.6214 -0.6125 -0.3116
2690.00 -0.3989 -0.5752 -0.5818 -0.5747 -0.5795 -0.3076
2700.00 -0.4335 -0.6665 -0.6669 -0.6701 -0.6661 -0.3299
2710.00 -0.4441 -0.7730 -0.7651 -0.7663 -0.7753 -0.3331
2720.00 -0.4532 -0.7556 -0.7534 -0.7475 -0.7434 -0.3384
2730.00 -0.4118 -0.6090 -0.6158 -0.6189 -0.6189 -0.3055
2740.00 -0.4062 -0.5299 -0.5236 -0.5255 -0.5255 -0.3130
2750.00 -0.3778 -0.6473 -0.6429 -0.6409 -0.6363 -0.2970
2760.00 -0.4573 -0.6220 -0.6225 -0.6232 -0.6231 -0.3510
2770.00 -0.4149 -0.5906 -0.5924 -0.5923 -0.5918 -0.3100
2780.00 -0.4174 -0.9048 -0.9125 -0.9042 -0.9164 -0.3494
2790.00 -0.4154 -0.9207 -0.9189 -0.9291 -0.9277 -0.3070
2800.00 -0.4218 -0.5812 -0.5835 -0.5859 -0.5899 -0.3113
2810.00 -0.3980 -0.6500 -0.6463 -0.6484 -0.6420 -0.3166
2820.00 -0.4460 -0.8853 -0.8839 -0.8847 -0.8905 -0.3468
2830.00 -0.3938 -0.7906 -0.7900 -0.7882 -0.7890 -0.3125
2840.00 -0.4422 -0.6324 -0.6421 -0.6384 -0.6377 -0.3281
2850.00 -0.4257 -0.6827 -0.6765 -0.6773 -0.6739 -0.3176
2860.00 -0.4120 -0.5545 -0.5613 -0.5536 -0.5554 -0.3007
2870.00 -0.3911 -0.5200 -0.5193 -0.5213 -0.5128 -0.2935
2880.00 -0.4772 -0.7699 -0.7657 -0.7678 -0.7779 -0.3508
2890.00 -0.3928 -0.5154 -0.5137 -0.5212 -0.5215 -0.3000
2900.00 -0.4413 -0.8958 -0.9034 -0.8969 -0.8928 -0.3345
2910.00 -0.4273 -0.6144 -0.6021 -0.5992 -0.6065 -0.3183
2920.00 -0.4542 -0.7718 -0.7698 -0.7739 -0.7709 -0.3329
2930.00 -0.4011 -0.5286 -0.5248 -0.5228 -0.5250 -0.3174
2940.00 -0.4207 -0.7966 -0.8066 -0.7965 -0.8032 -0.3292
2950.00 -0.4201 -0.5893 -0.5827 -0.5875 -0.5811 -0.3120
2960.00 -0.4490 -0.7371 -0.7357 -0.7379 -0.7362 -0.3435
2970.00 -0.4036 -0.6626 -0.6590 -0.6623 -0.6534 -0.3177
2980.00 -0.4381 -0.7468 -0.7585 -0.7483 -0.7459 -0.3224
2990.00 -0.4170 -0.6900 -0.6937 -0.6873 -0.6903 -0.3164
3000.00 -0.4096 -0.6331 -0.6405 -0.6348 -0.6347 -0.3134
3010.00 -0.4474 -0.6417 -0.6357 -0.6388 -0.6395 -0.3320
3020.00 -0.4140 -0.7454 -0.7440 -0.7436 -0.7374 -0.3153
3030.00 -0.4267 -0.6626 -0.6661 -0.6695 -0.6650 -0.3342
3040.00 -0.3980 -0.7086 -0.7114 -0.7073 -0.7080 -0.3038
3050.00 -0.4463 -0.5873 -0.5902 -0.5931 -0.5917 -0.3333
3060.00 -0.4149 -0.7756 -0.7725 -0.7742 -0.7663 -0.3225
3070.00 -0.3957 -0.6005 -0.5998 -0.5992 -0.6012 -0.3073
3080.00 -0.4641 -0.7825 -0.7894 -0.7893 -0.7905 -0.3489
3090.00 -0.4330 -0.6314 -0.6289 -0.6229 -0.6237 -0.3220
3100.00 -0.3951 -0.6403 -0.6517 -0.6376 -0.6401 -0.3069
3110.00 -0.4359 -0.6189 -0.6130 -0.6211 -0.6142 -0.3380
3120.00 -0.4209 -0.5218 -0.5234 -0.5199 -0.5232 -0.3165
3130.00 -0.4402 -0.7934 -0.7912 -0.7944 -0.7932 -0.3423
3140.00 -0.4087 -0.6593 -0.6464 -0.6562 -0.6610 -0.3164
3150.00 -0.4137 -0.9173 -0.9177 -0.9158 -0.9211 -0.3137
3160.00 -0.3882 -0.5494 -0.5455 -0.5512 -0.5577 -0.2982
3170.00 -0.4605 -0.5911 -0.6003 -0.5902 -0.5948 -0.3409
3180.00 -0.4109 -0.5742 -0.5806 -0.5806 -0.5753 -0.3215
3190.00 -0.4376 -0.7621 -0.7677 -0.7668 -0.7642 -0.3483
3200.00 -0.4202 -0.8634 -0.8614 -0.8685 -0.8582 -0.3221
3210.00 -0.3847 -0.5247 -0.5206 -0.5221 -0.5238 -0.2985
3220.00 -0.3923 -0.8503 -0.8573 -0.8595 -0.8658 -0.3214
3230.00 -0.4800 -0.8798 -0.8800 -0.8703 -0.8782 -0.3445
3240.00 -0.4114 -0.5482 -0.5503 -0.5480 -0.5549 -0.3071
3250.00 -0.4047 -0.5569 -0.5670 -0.5515 -0.5635 -0.3177
3260.00 -0.4135 -0.6036 -0.6092 -0.6110 -0.6003 -0.3056
3270.00 -0.4420 -0.8527 -0.8464 -0.8466 -0.8488 -0.3387
3280.00 -0.4376 -0.6426 -0.6380 -0.6376 -0.6368 -0.3225
3290.00 -0.4108 -0.5048 -0.4979 -0.5046 -0.4973 -0.3219
3300.00 -0.4423 -0.9108 -0.8977 -0.9060 -0.9057 -0.3362
3310.00 -0.4003 -0.5719 -0.5731 -0.5667 -0.5726 -0.2982
3320.00 -0.4552 -0.8490 -0.8535 -0.8438 -0.8388 -0.3549
3330.00 -0.4054 -0.6658 -0.6680 -0.6707 -0.6687 -0.3137
3340.00 -0.4066 -0.6442 -0.6435 -0.6398 -0.6440 -0.3033
3350.00 -0.4216 -0.5824 -0.5859 -0.5876 -0.5839 -0.3166
3360.00 -0.4295 -0.6203 -0.6205 -0.6184 -0.6280 -0.3315
3370.00 -0.4364 -0.6814 -0.6830 -0.6803 -0.6837 -0.3316
3380.00 -0.4067 -0.7471 -0.7537 -0.7499 -0.7578 -0.3253
3390.00 -0.4338 -0.8194 -0.8143 -0.8144 -0.8162 -0.3351
3400.00 -0.4101 -0.5189 -0.5208 -0.5175 -0.5184 -0.3023
3410.00 -0.4591 -0.7029 -0.6914 -0.7025 -0.6981 -0.3406
3420.00 -0.3988 -0.7245 -0.7197 -0.7308 -0.7175 -0.3076
3430.00 -0.4224 -0.6095 -0.6134 -0.6104 -0.6103 -0.3065
3440.00 -0.4472 -0.5670 -0.5647 -0.5599 -0.5671 -0.3400
3450.00 -0.4229 -0.6440 -0.6356 -0.6427 -0.6459 -0.3226
3460.00 -0.4083 -0.5442 -0.5501 -0.5459 -0.5491 -0.3139
3470.00 -0.4450 -0.6045 -0.6002 -0.6022 -0.6021 -0.3283
3480.00 -0.4028 -0.7996 -0.8229 -0.8091 -0.8119 -0.3241
3490.00 -0.3976 -0.8389 -0.8355 -0.8330 -0.8391 -0.3242
3500.00 -0.4141 -0.8569 -0.8544 -0.8488 -0.8526 -0.3306
3510.00 -0.4483 -0.7687 -0.7688 -0.7757 -0.7742 -0.3187
3520.00 -0.4097 -0.5636 -0.5581 -0.5631 -0.5596 -0.3169
3530.00 -0.4409 -0.7083 -0.7075 -0.7106 -0.7178 -0.3352
3540.00 -0.3891 -0.5987 -0.5941 -0.5903 -0.5945 -0.3013
3550.00 -0.4480 -0.5883 -0.5915 -0.5828 -0.5776 -0.3411
3560.00 -0.4234 -0.7489 -0.7438 -0.7518 -0.7461 -0.3251
3570.00 -0.4239 -0.7662 -0.7694 -0.7651 -0.7739 -0.3194
3580.00 -0.4355 -0.6696 -0.6641 -0.6646 -0.6604 -0.3227
3590.00 -0.4160 -0.6182 -0.6153 -0.6206 -0.6168 -0.3145
3600.00 -0.4368 -0.7733 -0.7771 -0.7849 -0.7689 -0.3425
3610.00 -0.4245 -0.6619 -0.6581 -0.6587 -0.6578 -0.3207
3620.00 -0.4078 -0.6719 -0.6705 -0.6651 -0.6710 -0.3208
3630.00 -0.4534 -0.7390 -0.7396 -0.7368 -0.7414 -0.3348
3640.00 -0.4098 -0.7186 -0.7112 -0.7198 -0.7164 -0.3218
3650.00 -0.3961 -0.6065 -0.6174 -0.6119 -0.6140 -0.3186
3660.00 -0.4536 -0.8168 -0.8174 -0.8142 -0.8180 -0.3375
3670.00 -0.3928 -0.6200 -0.6090 -0.6193 -0.6160 -0.2997
3680.00 -0.4083 -0.5411 -0.5351 -0.5427 -0.5450 -0.3094
3690.00 -0.4546 -0.7586 -0.7630 -0.7567 -0.7620 -0.3372
3700.00 -0.4271 -0.5471 -0.5575 -0.5491 -0.5592 -0.3113
3710.00 -0.4262 -0.5254 -0.5197 -0.5245 -0.5254 -0.3177
3720.00 -0.4242 -0.6133 -0.6126 -0.6180 -0.6075 -0.3393
3730.00 -0.4073 -0.8062 -0.8040 -0.7990 -0.8000 -0.3260
3740.00 -0.4480 -0.9460 -0.9432 -0.9474 -0.9486 -0.3467
3750.00 -0.3985 -0.6571 -0.6657 -0.6579 -0.6714 -0.3017
3760.00 -0.4102 -0.5687 -0.5672 -0.5661 -0.5650 -0.3117
3770.00 -0.4345 -0.5661 -0.5709 -0.5662 -0.5654 -0.3309
3780.00 -0.4065 -0.6413 -0.6410 -0.6388 -0.6383 -0.3165
3790.00 -0.4405 -0.8730 -0.8738 -0.8758 -0.8733 -0.3548
3800.00 -0.4284 -0.8594 -0.8544 -0.8521 -0.8545 -0.3214
3810.00 -0.4149 -0.7215 -0.7196 -0.7244 -0.7237 -0.3132
3820.00 -0.4144 -0.5179 -0.5233 -0.5233 -0.5224 -0.3224
3830.00 -0.4304 -0.7319 -0.7376 -0.7345 -0.7293 -0.3318
3840.00 -0.4442 -0.6586 -0.6639 -0.6699 -0.6641 -0.3264
3850.00 -0.4026 -0.7145 -0.7281 -0.7254 -0.7186 -0.3097
3860.00 -0.3867 -0.5732 -0.5683 -0.5640 -0.5715 -0.3051
3870.00 -0.4903 -0.7953 -0.7939 -0.7847 -0.7904 -0.3637
3880.00 -0.4124 -0.5965 -0.5938 -0.5919 -0.5932 -0.3164
3890.00 -0.4226 -0.5916 -0.5871 -0.5779 -0.5821 -0.3201
3900.00 -0.4235 -0.5061 -0.5154 -0.5072 -0.5122 -0.3100
3910.00 -0.4716 -0.7351 -0.7288 -0.7265 -0.7298 -0.3555
3920.00 -0.3902 -0.7551 -0.7586 -0.7517 -0.7558 -0.3155
3930.00 -0.4247 -0.5968 -0.5889 -0.5991 -0.5922 -0.3174
3940.00 -0.4062 -0.8351 -0.8361 -0.8321 -0.8304 -0.3211
3950.00 -0.4238 -0.6978 -0.7020 -0.7093 -0.6975 -0.3133
3960.00 -0.4169 -0.6639 -0.6608 -0.6563 -0.6628 -0.3388
3970.00 -0.4064 -1.1876 -1.1947 -1.1959 -1.1935 -0.3165
3980.00 -0.4236 -0.5894 -0.5910 -0.6024 -0.5951 -0.3078
3990.00 -0.4141 -0.5415 -0.5414 -0.5411 -0.5382 -0.3096
4000.00 -0.4418 -0.5912 -0.5949 -0.5946 -0.5947 -0.3341
