10.00 -0.5104 -0.5179 -0.5145 -0.5103 -0.5072 -0.3268
20.00 -0.4672 -0.4644 -0.4433 -0.4643 -0.4618 -0.2929
30.00 -0.4780 -0.4611 -0.4772 -0.4836 -0.4816 -0.3207
40.00 -0.4795 -0.4661 -0.4721 -0.4788 -0.4782 -0.3019
50.00 -0.4780 -0.4784 -0.4704 -0.4703 -0.4805 -0.3137
60.00 -0.4976 -0.4791 -0.4793 -0.4866 -0.4928 -0.3160
70.00 -0.4899 -0.4882 -0.4962 -0.4906 -0.4900 -0.3140
80.00 -0.4734 -0.4792 -0.4572 -0.4754 -0.4652 -0.3145
90.00 -0.4939 -0.4952 -0.4868 -0.4941 -0.4890 -0.3168
100.00 -0.4582 -0.4647 -0.4559 -0.4579 -0.4571 -0.3003
110.00 -0.4698 -0.4793 -0.4832 -0.4793 -0.4798 -0.3163
120.00 -0.4962 -0.5030 -0.5075 -0.5058 -0.4989 -0.3276
130.00 -0.4858 -0.4848 -0.4859 -0.4785 -0.4751 -0.3100
140.00 -0.4736 -0.4657 -0.4697 -0.4641 -0.4731 -0.3181
150.00 -0.5046 -0.5164 -0.4916 -0.5109 -0.5186 -0.3088
160.00 -0.4530 -0.4582 -0.4540 -0.4642 -0.4538 -0.2931
170.00 -0.4861 -0.4952 -0.4982 -0.4927 -0.4851 -0.3116
180.00 -0.5076 -0.5086 -0.4950 -0.4930 -0.5054 -0.3237
190.00 -0.4667 -0.4666 -0.4602 -0.4590 -0.4615 -0.3094
200.00 -0.4751 -0.4876 -0.4906 -0.4814 -0.4838 -0.3116
210.00 -0.4922 -0.4830 -0.4893 -0.4747 -0.4778 -0.3127
220.00 -0.5022 -0.5119 -0.4915 -0.5011 -0.4909 -0.3168
230.00 -0.4832 -0.4711 -0.4789 -0.4782 -0.4726 -0.3123
240.00 -0.4930 -0.4921 -0.4897 -0.4875 -0.5027 -0.3137
250.00 -0.4851 -0.4875 -0.4682 -0.4959 -0.4819 -0.3085
260.00 -0.4747 -0.4766 -0.4820 -0.4774 -0.4774 -0.3105
270.00 -0.5022 -0.5039 -0.4968 -0.5023 -0.4956 -0.3151
280.00 -0.4885 -0.5023 -0.4995 -0.4893 -0.4918 -0.3176
290.00 -0.4491 -0.4628 -0.4683 -0.4540 -0.4588 -0.3051
300.00 -0.4905 -0.5045 -0.4995 -0.4922 -0.4913 -0.3268
310.00 -0.4750 -0.4803 -0.4774 -0.4970 -0.4784 -0.3075
320.00 -0.4590 -0.4573 -0.4545 -0.4645 -0.4608 -0.3014
330.00 -0.5010 -0.5025 -0.4980 -0.5115 -0.4897 -0.3231
340.00 -0.4865 -0.4829 -0.4803 -0.4989 -0.4842 -0.3028
350.00 -0.4851 -0.4874 -0.4929 -0.4871 -0.4987 -0.3225
360.00 -0.4919 -0.4904 -0.4782 -0.4810 -0.4833 -0.3205
370.00 -0.4551 -0.4634 -0.4599 -0.4619 -0.4614 -0.3061
380.00 -0.5079 -0.4881 -0.5026 -0.5023 -0.5069 -0.3129
390.00 -0.4840 -0.4892 -0.4850 -0.4730 -0.4901 -0.3231
400.00 -0.4847 -0.4829 -0.4838 -0.4757 -0.4712 -0.3153
410.00 -0.4737 -0.4794 -0.4751 -0.4625 -0.4753 -0.3129
420.00 -0.4959 -0.5032 -0.4937 -0.4872 -0.4988 -0.3104
430.00 -0.4786 -0.4665 -0.4880 -0.4759 -0.4711 -0.3140
440.00 -0.5047 -0.5007 -0.5056 -0.4993 -0.5047 -0.3167
450.00 -0.4759 -0.4648 -0.4712 -0.4734 -0.4606 -0.3124
460.00 -0.5031 -0.5036 -0.5103 -0.5081 -0.4943 -0.3286
470.00 -0.4705 -0.4684 -0.4711 -0.4756 -0.4642 -0.3151
480.00 -0.4743 -0.4794 -0.4744 -0.4762 -0.4689 -0.3054
490.00 -0.4862 -0.4846 -0.4798 -0.4779 -0.4848 -0.3266
500.00 -0.4768 -0.4944 -0.4909 -0.4879 -0.4969 -0.2940
510.00 -0.4771 -0.4856 -0.4832 -0.4808 -0.4788 -0.3183
520.00 -0.4855 -0.4761 -0.4818 -0.4765 -0.4957 -0.3182
530.00 -0.4597 -0.4528 -0.4657 -0.4630 -0.4714 -0.3064
540.00 -0.5136 -0.4974 -0.5082 -0.5014 -0.5158 -0.3289
550.00 -0.5122 -0.5033 -0.4975 -0.4951 -0.5038 -0.3287
560.00 -0.4661 -0.4669 -0.4690 -0.4714 -0.4724 -0.3071
570.00 -0.4826 -0.4878 -0.4966 -0.4958 -0.4965 -0.2972
580.00 -0.4684 -0.4646 -0.4535 -0.4701 -0.4668 -0.3166
590.00 -0.5137 -0.4989 -0.4916 -0.5233 -0.5212 -0.3240
600.00 -0.4941 -0.4862 -0.4893 -0.4949 -0.4979 -0.3256
610.00 -0.4796 -0.4856 -0.4807 -0.4828 -0.4878 -0.3159
620.00 -0.4677 -0.4703 -0.4662 -0.4708 -0.4613 -0.2979
630.00 -0.4723 -0.4792 -0.4901 -0.4934 -0.4878 -0.3170
640.00 -0.4923 -0.5031 -0.5060 -0.5023 -0.4926 -0.3100
650.00 -0.5003 -0.4938 -0.4936 -0.4924 -0.4893 -0.3230
660.00 -0.4592 -0.4729 -0.4644 -0.4662 -0.4666 -0.2985
670.00 -0.4984 -0.4980 -0.5001 -0.4960 -0.4975 -0.3273
680.00 -0.4953 -0.4899 -0.4851 -0.4996 -0.5051 -0.3184
690.00 -0.4657 -0.4686 -0.4639 -0.4708 -0.4596 -0.3070
700.00 -0.4954 -0.4981 -0.4907 -0.4982 -0.5030 -0.3240
710.00 -0.4774 -0.4839 -0.4708 -0.4762 -0.4836 -0.3022
720.00 -0.4864 -0.4846 -0.4822 -0.4843 -0.4982 -0.3174
730.00 -0.4769 -0.4911 -0.4794 -0.4737 -0.4883 -0.3122
740.00 -0.4684 -0.4851 -0.4665 -0.4701 -0.4800 -0.3018
750.00 -0.5268 -0.5263 -0.5109 -0.5238 -0.5269 -0.3437
760.00 -0.4634 -0.4671 -0.4497 -0.4653 -0.4591 -0.2971
770.00 -0.4881 -0.4712 -0.4763 -0.4805 -0.4787 -0.3096
780.00 -0.4930 -0.4997 -0.4974 -0.4947 -0.5016 -0.3307
790.00 -0.4539 -0.4511 -0.4586 -0.4537 -0.4540 -0.2866
800.00 -0.4926 -0.4867 -0.4806 -0.4793 -0.4745 -0.3277
810.00 -0.4840 -0.4890 -0.4846 -0.4783 -0.4815 -0.3263
820.00 -0.4812 -0.4827 -0.4687 -0.4830 -0.4712 -0.3105
830.00 -0.4980 -0.5003 -0.4841 -0.4975 -0.4966 -0.3157
840.00 -0.4769 -0.4608 -0.4646 -0.4728 -0.4679 -0.3111
850.00 -0.5111 -0.4971 -0.5070 -0.4992 -0.5049 -0.3120
860.00 -0.4791 -0.4848 -0.4836 -0.4755 -0.4840 -0.3155
870.00 -0.4709 -0.4712 -0.4618 -0.4546 -0.4609 -0.3002
880.00 -0.4982 -0.4926 -0.4992 -0.4921 -0.4975 -0.3245
890.00 -0.4859 -0.4762 -0.4843 -0.4805 -0.4763 -0.3109
900.00 -0.5102 -0.4944 -0.4989 -0.4982 -0.5038 -0.3206
910.00 -0.4566 -0.4547 -0.4741 -0.4668 -0.4554 -0.3082
920.00 -0.4924 -0.4924 -0.4993 -0.4728 -0.4933 -0.3210
930.00 -0.5111 -0.5201 -0.5089 -0.5165 -0.5182 -0.3297
940.00 -0.4847 -0.4980 -0.4905 -0.5031 -0.4934 -0.3153
950.00 -0.4561 -0.4413 -0.4501 -0.4580 -0.4481 -0.2926
960.00 -0.5076 -0.5102 -0.5151 -0.4998 -0.5061 -0.3350
970.00 -0.4625 -0.4716 -0.4713 -0.4694 -0.4727 -0.3171
980.00 -0.4794 -0.4804 -0.4867 -0.4825 -0.4683 -0.3044
990.00 -0.4982 -0.4935 -0.4944 -0.4834 -0.4949 -0.3205
1000.00 -0.4641 -0.4870 -0.4819 -0.4860 -0.4876 -0.3146
1010.00 -0.4896 -0.5871 -0.5902 -0.5946 -0.5920 -0.3112
1020.00 -0.5685 -0.8953 -0.8918 -0.8935 -0.8966 -0.3504
1030.00 -0.4966 -0.7970 -0.8035 -0.8074 -0.8097 -0.2974
1040.00 -0.5543 -0.9368 -0.9326 -0.9345 -0.9351 -0.3371
1050.00 -0.4919 -0.8334 -0.8293 -0.8332 -0.8232 -0.2976
1060.00 -0.5363 -0.8574 -0.8561 -0.8632 -0.8515 -0.3351
1070.00 -0.5092 -0.8861 -0.8916 -0.8929 -0.8990 -0.3103
1080.00 -0.5163 -0.9221 -0.9209 -0.9099 -0.9187 -0.3127
1090.00 -0.4948 -0.8125 -0.8157 -0.8183 -0.8181 -0.3060
1100.00 -0.5492 -0.9661 -0.9663 -0.9677 -0.9574 -0.3266
1110.00 -0.5225 -0.8637 -0.8647 -0.8709 -0.8640 -0.3173
1120.00 -0.5338 -0.8653 -0.8595 -0.8529 -0.8561 -0.3335
1130.00 -0.4993 -0.8186 -0.8230 -0.8237 -0.8165 -0.2836
1140.00 -0.5354 -0.8039 -0.8087 -0.8124 -0.8146 -0.3302
1150.00 -0.5279 -0.8104 -0.8092 -0.8154 -0.8117 -0.3122
1160.00 -0.5386 -0.7939 -0.7947 -0.7896 -0.7849 -0.3184
1170.00 -0.5658 -0.8633 -0.8654 -0.8652 -0.8615 -0.3369
1180.00 -0.5075 -0.7407 -0.7417 -0.7397 -0.7443 -0.3157
1190.00 -0.5151 -0.7836 -0.7784 -0.7732 -0.7669 -0.3129
1200.00 -0.5100 -0.7081 -0.7101 -0.7077 -0.7094 -0.3188
1210.00 -0.4325 -0.5248 -0.5226 -0.5201 -0.5277 -0.3130
1220.00 -0.3970 -0.4399 -0.4427 -0.4388 -0.4333 -0.2907
1230.00 -0.4604 -0.5256 -0.5276 -0.5295 -0.5275 -0.3305
1240.00 -0.4226 -0.4835 -0.4838 -0.4830 -0.4862 -0.2964
1250.00 -0.4552 -0.4907 -0.4846 -0.4913 -0.4951 -0.3148
1260.00 -0.4698 -0.4912 -0.4904 -0.4939 -0.4873 -0.3209
1270.00 -0.4658 -0.4796 -0.4643 -0.4873 -0.4777 -0.3093
1280.00 -0.4885 -0.5020 -0.4904 -0.4939 -0.4999 -0.3295
1290.00 -0.4927 -0.4865 -0.4890 -0.4684 -0.4791 -0.3100
1300.00 -0.4748 -0.4723 -0.4790 -0.4751 -0.4773 -0.3225
1310.00 -0.4882 -0.5060 -0.5119 -0.4980 -0.5083 -0.3168
1320.00 -0.4740 -0.4816 -0.4883 -0.4800 -0.4850 -0.3050
1330.00 -0.4956 -0.5082 -0.5088 -0.4985 -0.4970 -0.3176
1340.00 -0.4678 -0.4937 -0.4887 -0.4917 -0.4769 -0.3177
1350.00 -0.4458 -0.4678 -0.4706 -0.4805 -0.4706 -0.3047
1360.00 -0.4782 -0.5008 -0.4920 -0.5015 -0.5078 -0.3225
1370.00 -0.4693 -0.4861 -0.4786 -0.4924 -0.4845 -0.3035
1380.00 -0.4772 -0.5091 -0.5331 -0.5279 -0.5235 -0.3246
1390.00 -0.4330 -0.4718 -0.4636 -0.4707 -0.4674 -0.3051
1400.00 -0.4745 -0.4980 -0.4956 -0.4885 -0.5075 -0.3263
1410.00 -0.4598 -0.4761 -0.4704 -0.4713 -0.4694 -0.2906
1420.00 -0.4623 -0.4953 -0.5004 -0.4950 -0.4957 -0.3193
1430.00 -0.4503 -0.5060 -0.5064 -0.4995 -0.5104 -0.3175
1440.00 -0.3880 -0.5216 -0.5245 -0.5293 -0.5208 -0.3036
1450.00 -0.0981 -2.4081 -2.4147 -2.4067 -2.4138 -0.3328
1460.00 -0.3368 -0.6759 -0.6814 -0.6829 -0.6838 -0.2562
1470.00 -0.4101 -0.5398 -0.5314 -0.5372 -0.5361 -0.2991
1480.00 -0.4314 -0.4807 -0.4905 -0.4877 -0.4811 -0.3178
1490.00 -0.4172 -0.5108 -0.5133 -0.5218 -0.5040 -0.3128
1500.00 -0.4266 -0.4769 -0.4801 -0.4764 -0.4819 -0.3214
1510.00 -0.4302 -0.4867 -0.4928 -0.4850 -0.4857 -0.3112
1520.00 -0.4580 -0.5589 -0.5569 -0.5619 -0.5550 -0.3409
1530.00 -0.4324 -0.4927 -0.4888 -0.4934 -0.4885 -0.3077
1540.00 -0.4482 -0.4644 -0.4603 -0.4520 -0.4582 -0.3056
1550.00 -0.4468 -0.5028 -0.4925 -0.5024 -0.5084 -0.3174
1560.00 -0.4613 -0.4858 -0.4890 -0.4924 -0.4916 -0.3090
1570.00 -0.4423 -0.4749 -0.4830 -0.4819 -0.4820 -0.3177
1580.00 -0.4948 -0.5130 -0.5120 -0.5217 -0.5142 -0.3277
1590.00 -0.4428 -0.4738 -0.4761 -0.4739 -0.4656 -0.3029
1600.00 -0.4789 -0.4937 -0.4924 -0.4916 -0.4899 -0.3239
1610.00 -0.4737 -0.4789 -0.4767 -0.4846 -0.4669 -0.3024
1620.00 -0.4823 -0.4917 -0.4811 -0.4869 -0.4775 -0.3039
1630.00 -0.4918 -0.4924 -0.4934 -0.4997 -0.4971 -0.3330
1640.00 -0.4672 -0.4658 -0.4651 -0.4614 -0.4777 -0.3085
1650.00 -0.4625 -0.4822 -0.4756 -0.4760 -0.4738 -0.3047
1660.00 -0.4710 -0.4792 -0.4938 -0.4842 -0.4922 -0.3179
1670.00 -0.4489 -0.4912 -0.4951 -0.4960 -0.5035 -0.3155
1680.00 -0.4859 -0.5236 -0.5203 -0.5293 -0.5295 -0.3269
1690.00 -0.4218 -0.4394 -0.4507 -0.4599 -0.4494 -0.2972
1700.00 -0.5044 -0.5403 -0.5496 -0.5215 -0.5469 -0.3451
1710.00 -0.4481 -0.5081 -0.5084 -0.5056 -0.5120 -0.3252
1720.00 -0.3971 -0.5089 -0.5144 -0.5093 -0.5173 -0.3112
1730.00 0.1667 -2.6997 -2.7000 -2.6921 -2.7053 -0.3057
1740.00 -0.3146 -0.6209 -0.6210 -0.6225 -0.6178 -0.2395
1750.00 -0.4357 -0.4969 -0.4961 -0.4920 -0.4957 -0.3121
1760.00 -0.4312 -0.5017 -0.5032 -0.5082 -0.5079 -0.3132
1770.00 -0.4345 -0.4914 -0.4894 -0.4893 -0.4943 -0.3231
1780.00 -0.4152 -0.4720 -0.4779 -0.4800 -0.4809 -0.3042
1790.00 -0.4271 -0.4641 -0.4648 -0.4622 -0.4617 -0.3208
1800.00 -0.4666 -0.4926 -0.4818 -0.4831 -0.4826 -0.3189
1810.00 -0.4492 -0.4855 -0.4768 -0.4843 -0.4794 -0.3014
1820.00 -0.4644 -0.4795 -0.4697 -0.4665 -0.4797 -0.3102
1830.00 -0.4663 -0.4808 -0.4747 -0.4889 -0.4767 -0.3140
1840.00 -0.4751 -0.4698 -0.4833 -0.4920 -0.4814 -0.3234
1850.00 -0.4899 -0.4866 -0.4867 -0.4886 -0.4846 -0.3158
1860.00 -0.4861 -0.4901 -0.4916 -0.4971 -0.5027 -0.3192
1870.00 -0.4893 -0.4970 -0.4946 -0.4870 -0.4921 -0.3193
1880.00 -0.4533 -0.4697 -0.4669 -0.4729 -0.4690 -0.3082
1890.00 -0.4715 -0.4827 -0.4685 -0.4796 -0.4641 -0.3069
1900.00 -0.5155 -0.5085 -0.5213 -0.5152 -0.5091 -0.3377
1910.00 -0.4776 -0.4733 -0.4872 -0.4814 -0.4782 -0.3117
1920.00 -0.4715 -0.4680 -0.4652 -0.4713 -0.4758 -0.3126
1930.00 -0.4751 -0.4851 -0.4828 -0.4863 -0.4774 -0.3107
1940.00 -0.5066 -0.5108 -0.5078 -0.5036 -0.5039 -0.3252
1950.00 -0.4389 -0.4525 -0.4537 -0.4593 -0.4576 -0.2970
1960.00 -0.4871 -0.5186 -0.5241 -0.5269 -0.5239 -0.3287
1970.00 -0.4601 -0.4695 -0.4706 -0.4698 -0.4656 -0.3108
1980.00 -0.4592 -0.4919 -0.4948 -0.4895 -0.4636 -0.3075
1990.00 -0.4353 -0.4912 -0.4861 -0.4954 -0.4819 -0.3089
2000.00 -0.4577 -0.5075 -0.5022 -0.5120 -0.4949 -0.3257
2010.00 -0.4486 -0.5187 -0.5152 -0.5182 -0.5186 -0.3318
2020.00 0.4222 -2.9192 -2.9171 -2.9336 -2.9110 -0.2805
2030.00 -0.3610 -0.3820 -0.3788 -0.3810 -0.3819 -0.2759
2040.00 -0.3865 -0.4254 -0.4254 -0.4229 -0.4262 -0.2817
2050.00 -0.4509 -0.5255 -0.5187 -0.5231 -0.5228 -0.3335
2060.00 -0.4169 -0.4701 -0.4628 -0.4672 -0.4650 -0.3117
2070.00 -0.4300 -0.4914 -0.4872 -0.4937 -0.4916 -0.3198
2080.00 -0.4526 -0.5212 -0.5228 -0.5221 -0.5292 -0.3173
2090.00 -0.4229 -0.4666 -0.4679 -0.4710 -0.4712 -0.3022
2100.00 -0.4690 -0.4786 -0.4944 -0.4909 -0.4960 -0.3203
2110.00 -0.4482 -0.4821 -0.4705 -0.4835 -0.4790 -0.3038
2120.00 -0.4861 -0.5045 -0.5083 -0.5122 -0.5098 -0.3292
2130.00 -0.4460 -0.4741 -0.4753 -0.4714 -0.4715 -0.2970
2140.00 -0.4853 -0.4885 -0.4865 -0.4772 -0.4817 -0.3077
2150.00 -0.4742 -0.5068 -0.4949 -0.5082 -0.5005 -0.3246
2160.00 -0.4709 -0.4734 -0.4686 -0.4754 -0.4728 -0.3079
2170.00 -0.4924 -0.4966 -0.5120 -0.5142 -0.5006 -0.3275
2180.00 -0.4608 -0.4748 -0.4587 -0.4758 -0.4716 -0.3046
2190.00 -0.4570 -0.4604 -0.4580 -0.4709 -0.4613 -0.2896
2200.00 -0.4973 -0.5211 -0.5263 -0.5223 -0.5242 -0.3444
2210.00 -0.4419 -0.4684 -0.4589 -0.4600 -0.4575 -0.3047
2220.00 -0.4392 -0.4752 -0.4709 -0.4751 -0.4752 -0.3056
2230.00 -0.4992 -0.5076 -0.5236 -0.5251 -0.5123 -0.3252
2240.00 -0.4588 -0.4717 -0.4771 -0.4657 -0.4628 -0.3176
2250.00 -0.4625 -0.5025 -0.4856 -0.5015 -0.5041 -0.3069
2260.00 -0.4656 -0.4667 -0.4686 -0.4679 -0.4704 -0.3151
2270.00 -0.4576 -0.5013 -0.5051 -0.5087 -0.5036 -0.3162
2280.00 -0.4467 -0.4962 -0.4853 -0.4817 -0.4884 -0.3145
2290.00 -0.4653 -0.4621 -0.4714 -0.4705 -0.4642 -0.3153
2300.00 -0.4507 -0.4921 -0.5003 -0.4877 -0.4922 -0.3185
2310.00 -0.4483 -0.5058 -0.5029 -0.5005 -0.5076 -0.3207
2320.00 -0.3848 -0.6395 -0.6381 -0.6278 -0.6432 -0.3262
2330.00 0.3771 -2.8178 -2.8204 -2.8327 -2.8240 -0.2681
2340.00 -0.3883 -0.4226 -0.4274 -0.4212 -0.4321 -0.2841
2350.00 -0.4381 -0.5122 -0.5058 -0.5080 -0.5157 -0.3122
2360.00 -0.3975 -0.4554 -0.4554 -0.4577 -0.4585 -0.2975
2370.00 -0.4476 -0.5377 -0.5415 -0.5265 -0.5330 -0.3340
2380.00 -0.4143 -0.5021 -0.5013 -0.4998 -0.5048 -0.3101
2390.00 -0.4456 -0.5017 -0.4927 -0.5006 -0.5001 -0.3184
2400.00 -0.4356 -0.4632 -0.4708 -0.4617 -0.4656 -0.3115
2410.00 -0.4704 -0.4825 -0.4747 -0.4652 -0.4743 -0.3176
2420.00 -0.4510 -0.4684 -0.4726 -0.4710 -0.4746 -0.2919
2430.00 -0.4716 -0.4925 -0.4887 -0.4814 -0.4904 -0.3119
2440.00 -0.4852 -0.4957 -0.5044 -0.5021 -0.4937 -0.3213
2450.00 -0.5084 -0.5050 -0.5041 -0.5254 -0.4971 -0.3198
2460.00 -0.4694 -0.4755 -0.4653 -0.4845 -0.4790 -0.3144
2470.00 -0.4563 -0.4663 -0.4585 -0.4742 -0.4582 -0.3005
2480.00 -0.4860 -0.5024 -0.4928 -0.5025 -0.4913 -0.3192
2490.00 -0.4760 -0.4892 -0.5003 -0.4988 -0.4848 -0.3139
2500.00 -0.4684 -0.5035 -0.4959 -0.4881 -0.4926 -0.3301
2510.00 -0.4703 -0.4941 -0.4909 -0.4918 -0.4740 -0.3028
2520.00 -0.4526 -0.5065 -0.4994 -0.5064 -0.4927 -0.3220
2530.00 -0.4483 -0.5018 -0.5016 -0.5040 -0.4994 -0.3176
2540.00 -0.4344 -0.4751 -0.4688 -0.4741 -0.4765 -0.3103
2550.00 -0.2919 -0.9430 -0.9445 -0.9380 -0.9437 -0.3308
2560.00 0.0658 -2.5084 -2.5010 -2.5006 -2.4937 -0.2428
2570.00 -0.3951 -0.4335 -0.4403 -0.4351 -0.4362 -0.2927
2580.00 -0.4336 -0.4926 -0.4883 -0.4927 -0.4881 -0.3173
2590.00 -0.3936 -0.4267 -0.4236 -0.4281 -0.4264 -0.2961
2600.00 -0.4747 -0.5650 -0.5709 -0.5649 -0.5617 -0.3375
2610.00 -0.4087 -0.4880 -0.4807 -0.4783 -0.4780 -0.3043
2620.00 -0.4489 -0.4985 -0.5003 -0.4861 -0.4996 -0.3072
2630.00 -0.4414 -0.5128 -0.5071 -0.5063 -0.5035 -0.3104
2640.00 -0.4672 -0.4941 -0.5022 -0.5096 -0.4992 -0.3400
2650.00 -0.4563 -0.4664 -0.4769 -0.4779 -0.4769 -0.3096
2660.00 -0.4534 -0.4660 -0.4672 -0.4663 -0.4793 -0.3005
2670.00 -0.4558 -0.4632 -0.4681 -0.4640 -0.4694 -0.2984
2680.00 -0.4949 -0.4876 -0.4861 -0.4831 -0.4862 -0.3205
2690.00 -0.4973 -0.4921 -0.4969 -0.4920 -0.4962 -0.3349
2700.00 -0.4670 -0.4599 -0.4627 -0.4652 -0.4657 -0.3015
2710.00 -0.4353 -0.4710 -0.4650 -0.4609 -0.4666 -0.3117
2720.00 -0.4845 -0.5333 -0.5180 -0.5140 -0.5120 -0.3072
2730.00 -0.4467 -0.4838 -0.4788 -0.4749 -0.4802 -0.3123
2740.00 -0.4949 -0.5014 -0.4898 -0.4949 -0.5061 -0.3111
2750.00 -0.4567 -0.4865 -0.4849 -0.4830 -0.4850 -0.3125
2760.00 -0.4472 -0.4842 -0.4813 -0.4791 -0.4826 -0.3155
2770.00 -0.4086 -0.5893 -0.5778 -0.5897 -0.5889 -0.3281
2780.00 0.1789 -2.9266 -2.9182 -2.9153 -2.9161 -0.2690
2790.00 -0.3658 -0.3874 -0.3939 -0.3923 -0.3939 -0.2760
2800.00 -0.4259 -0.4717 -0.4690 -0.4695 -0.4659 -0.3051
2810.00 -0.4183 -0.4772 -0.4922 -0.4837 -0.4861 -0.3088
2820.00 -0.4333 -0.4922 -0.4930 -0.4862 -0.4978 -0.3108
2830.00 -0.4310 -0.4925 -0.4864 -0.4837 -0.4934 -0.3109
2840.00 -0.4103 -0.4867 -0.4918 -0.4905 -0.4919 -0.3015
2850.00 -0.4389 -0.5209 -0.5189 -0.5173 -0.5111 -0.3209
2860.00 -0.4467 -0.4886 -0.4820 -0.4846 -0.4845 -0.3091
2870.00 -0.4760 -0.5073 -0.5143 -0.5132 -0.5261 -0.3253
2880.00 -0.4513 -0.4855 -0.4899 -0.4856 -0.4887 -0.3084
2890.00 -0.4471 -0.4836 -0.4894 -0.4869 -0.4846 -0.3174
2900.00 -0.4595 -0.5011 -0.4971 -0.5092 -0.5165 -0.3067
2910.00 -0.4371 -0.4677 -0.4725 -0.4766 -0.4682 -0.3096
2920.00 -0.4876 -0.5148 -0.5188 -0.5094 -0.5090 -0.3308
2930.00 -0.4277 -0.4970 -0.4957 -0.4925 -0.4914 -0.2973
2940.00 -0.4523 -0.4928 -0.4807 -0.4758 -0.4728 -0.3251
2950.00 -0.4116 -0.5045 -0.4976 -0.5077 -0.5048 -0.3012
2960.00 -0.3902 -0.6892 -0.6842 -0.6863 -0.6802 -0.3304
2970.00 -0.2135 -2.1315 -2.1257 -2.1139 -2.1252 -0.3191
2980.00 -0.3748 -0.5180 -0.5196 -0.5240 -0.5152 -0.2722
2990.00 -0.4074 -0.5331 -0.5219 -0.5381 -0.5380 -0.3097
3000.00 -0.4095 -0.4805 -0.4784 -0.4732 -0.4793 -0.3020
3010.00 -0.4453 -0.5453 -0.5370 -0.5384 -0.5489 -0.3208
3020.00 -0.4262 -0.5153 -0.5103 -0.5117 -0.5136 -0.3176
3030.00 -0.4371 -0.5117 -0.5055 -0.5135 -0.5087 -0.3055
3040.00 -0.4173 -0.4918 -0.4935 -0.5000 -0.4970 -0.3170
3050.00 -0.4222 -0.5259 -0.5275 -0.5189 -0.5268 -0.3265
3060.00 -0.4339 -0.5638 -0.5722 -0.5639 -0.5684 -0.3115
3070.00 -0.4148 -0.4958 -0.4938 -0.4904 -0.4915 -0.3030
3080.00 -0.4209 -0.5930 -0.5860 -0.5924 -0.5944 -0.3290
3090.00 -0.4162 -0.6107 -0.6248 -0.6234 -0.6126 -0.3211
3100.00 -0.3616 -0.5403 -0.5395 -0.5397 -0.5396 -0.2866
3110.00 -0.4319 -0.7124 -0.7061 -0.7067 -0.7094 -0.3325
3120.00 -0.3848 -0.6756 -0.6753 -0.6737 -0.6727 -0.3049
3130.00 -0.4045 -0.6624 -0.6706 -0.6743 -0.6721 -0.3229
3140.00 -0.4122 -0.6010 -0.6094 -0.6057 -0.6066 -0.3205
3150.00 -0.3903 -0.6277 -0.6266 -0.6248 -0.6269 -0.3060
3160.00 -0.4221 -0.6120 -0.6179 -0.6234 -0.6127 -0.3189
3170.00 -0.4262 -0.6348 -0.6275 -0.6359 -0.6211 -0.3269
3180.00 -0.4180 -0.5561 -0.5620 -0.5588 -0.5595 -0.3251
3190.00 -0.4080 -0.5303 -0.5342 -0.5282 -0.5337 -0.3043
3200.00 -0.4061 -0.5122 -0.5049 -0.5119 -0.4970 -0.3097
3210.00 -0.4090 -0.5666 -0.5589 -0.5551 -0.5548 -0.3141
3220.00 -0.4353 -0.5585 -0.5656 -0.5573 -0.5632 -0.3384
3230.00 -0.3734 -0.5300 -0.5377 -0.5307 -0.5386 -0.2948
3240.00 -0.4449 -0.7841 -0.7896 -0.7891 -0.7878 -0.3520
3250.00 -0.3490 -0.6453 -0.6369 -0.6379 -0.6527 -0.2840
3260.00 -0.4008 -0.7192 -0.7208 -0.7072 -0.7171 -0.3183
3270.00 -0.3947 -0.5770 -0.5766 -0.5764 -0.5692 -0.3072
3280.00 -0.4096 -0.7092 -0.7086 -0.7124 -0.7116 -0.3208
3290.00 -0.4155 -0.6140 -0.6156 -0.6132 -0.6124 -0.3147
3300.00 -0.3890 -0.5195 -0.5193 -0.5175 -0.5126 -0.2950
3310.00 -0.4129 -0.5209 -0.5194 -0.5288 -0.5317 -0.3211
3320.00 -0.4482 -0.5846 -0.5825 -0.5769 -0.5732 -0.3325
3330.00 -0.3895 -0.5930 -0.5926 -0.5892 -0.5787 -0.3101
3340.00 -0.4059 -0.5821 -0.5817 -0.5762 -0.5832 -0.3141
3350.00 -0.4181 -0.6941 -0.6924 -0.6978 -0.6880 -0.3238
3360.00 -0.4119 -0.6241 -0.6241 -0.6282 -0.6297 -0.3327
3370.00 -0.4265 -0.5943 -0.6005 -0.5958 -0.6058 -0.3252
3380.00 -0.3905 -0.5088 -0.5094 -0.5117 -0.5095 -0.2968
3390.00 -0.4098 -0.5457 -0.5364 -0.5532 -0.5461 -0.3206
3400.00 -0.4156 -0.6456 -0.6503 -0.6409 -0.6522 -0.3375
3410.00 -0.4071 -0.6614 -0.6446 -0.6566 -0.6519 -0.3165
3420.00 -0.3608 -0.7886 -0.7869 -0.7813 -0.7930 -0.3059
3430.00 -0.4160 -0.6480 -0.6545 -0.6526 -0.6486 -0.3223
3440.00 -0.3897 -0.5184 -0.5104 -0.5128 -0.5188 -0.2976
3450.00 -0.4413 -0.5831 -0.5813 -0.5837 -0.5852 -0.3320
3460.00 -0.4035 -0.4645 -0.4697 -0.4648 -0.4614 -0.3138
3470.00 -0.4266 -0.5390 -0.5414 -0.5471 -0.5511 -0.3169
3480.00 -0.4203 -0.5471 -0.5439 -0.5445 -0.5547 -0.3124
3490.00 -0.4306 -0.5288 -0.5276 -0.5284 -0.5211 -0.3308
3500.00 -0.3985 -0.5571 -0.5716 -0.5632 -0.5649 -0.3133
3510.00 -0.3961 -0.6518 -0.6484 -0.6492 -0.6491 -0.3153
3520.00 -0.4094 -0.6368 -0.6308 -0.6337 -0.6364 -0.3232
3530.00 -0.4004 -0.6912 -0.6824 -0.6869 -0.6990 -0.3139
3540.00 -0.3975 -0.6320 -0.6430 -0.6365 -0.6390 -0.3089
3550.00 -0.4015 -0.5942 -0.5924 -0.5897 -0.5911 -0.3147
3560.00 -0.4157 -0.6205 -0.6204 -0.6237 -0.6268 -0.3215
3570.00 -0.3894 -0.6923 -0.6904 -0.6936 -0.6936 -0.3028
3580.00 -0.4576 -0.6744 -0.6749 -0.6733 -0.6742 -0.3408
3590.00 -0.3788 -0.4659 -0.4612 -0.4643 -0.4644 -0.2979
3600.00 -0.4380 -0.5647 -0.5675 -0.5700 -0.5628 -0.3207
3610.00 -0.3969 -0.6547 -0.6415 -0.6511 -0.6497 -0.3190
3620.00 -0.4064 -0.5467 -0.5608 -0.5572 -0.5608 -0.3113
3630.00 -0.4150 -0.6122 -0.6077 -0.6128 -0.6149 -0.3157
3640.00 -0.3813 -0.4925 -0.4944 -0.4905 -0.4938 -0.2953
3650.00 -0.4459 -0.6603 -0.6624 -0.6622 -0.6613 -0.3325
3660.00 -0.3893 -0.5609 -0.5556 -0.5642 -0.5524 -0.3080
3670.00 -0.4148 -0.5608 -0.5489 -0.5605 -0.5535 -0.3200
3680.00 -0.4037 -0.6220 -0.6317 -0.6120 -0.6258 -0.3206
3690.00 -0.3949 -0.5831 -0.5847 -0.5911 -0.5844 -0.3024
3700.00 -0.4194 -0.6613 -0.6595 -0.6571 -0.6626 -0.3316
3710.00 -0.4009 -0.6690 -0.6715 -0.6657 -0.6726 -0.3179
3720.00 -0.4009 -0.5468 -0.5411 -0.5496 -0.5589 -0.3126
3730.00 -0.4103 -0.6795 -0.6865 -0.6844 -0.6785 -0.3219
3740.00 -0.4223 -0.6784 -0.6759 -0.6782 -0.6802 -0.3291
3750.00 -0.4019 -0.5556 -0.5551 -0.5505 -0.5538 -0.3154
3760.00 -0.4125 -0.6450 -0.6417 -0.6460 -0.6398 -0.3071
3770.00 -0.4241 -0.5515 -0.5480 -0.5556 -0.5490 -0.3209
3780.00 -0.4071 -0.6059 -0.6081 -0.6008 -0.6071 -0.3084
3790.00 -0.4114 -0.5168 -0.5210 -0.5142 -0.5243 -0.3133
3800.00 -0.4107 -0.4730 -0.4710 -0.4744 -0.4699 -0.3135
3810.00 -0.4293 -0.5583 -0.5580 -0.5653 -0.5537 -0.3310
3820.00 -0.4351 -0.5900 -0.5929 -0.5951 -0.5945 -0.3286
3830.00 -0.3697 -0.5269 -0.5213 -0.5205 -0.5241 -0.2853
3840.00 -0.4262 -0.6900 -0.6945 -0.6904 -0.6890 -0.3382
3850.00 -0.3814 -0.7780 -0.7768 -0.7907 -0.7775 -0.3147
3860.00 -0.3954 -0.9112 -0.9027 -0.9073 -0.9022 -0.3188
3870.00 -0.3767 -0.4813 -0.4842 -0.4824 -0.4871 -0.2887
3880.00 -0.4344 -0.7107 -0.7078 -0.7043 -0.7034 -0.3303
3890.00 -0.4227 -0.5555 -0.5578 -0.5553 -0.5587 -0.3196
3900.00 -0.3904 -0.4770 -0.4775 -0.4864 -0.4825 -0.2976
3910.00 -0.4019 -0.5028 -0.5053 -0.5022 -0.5082 -0.3174
3920.00 -0.4218 -0.5450 -0.5443 -0.5459 -0.5425 -0.3239
3930.00 -0.4261 -0.5967 -0.5973 -0.5988 -0.5972 -0.3252
3940.00 -0.4117 -0.6564 -0.6568 -0.6527 -0.6580 -0.3204
3950.00 -0.3934 -0.5862 -0.5795 -0.5809 -0.5704 -0.3064
3960.00 -0.4242 -0.7522 -0.7519 -0.7478 -0.7413 -0.3378
3970.00 -0.3828 -0.5233 -0.5288 -0.5250 -0.5239 -0.2924
3980.00 -0.4087 -0.5539 -0.5431 -0.5487 -0.5501 -0.3159
3990.00 -0.3991 -0.7537 -0.7609 -0.7540 -0.7571 -0.3183
4000.00 -0.4144 -0.5640 -0.5681 -0.5677 -0.5595 -0.3239
