10.00 -0.5079 -0.4881 -0.4891 -0.4976 -0.5015 -0.3135
20.00 -0.4879 -0.4926 -0.4945 -0.4892 -0.4895 -0.3107
30.00 -0.4866 -0.5010 -0.4979 -0.4975 -0.5043 -0.3222
40.00 -0.4721 -0.4950 -0.4839 -0.5000 -0.4891 -0.3158
50.00 -0.5031 -0.5164 -0.5147 -0.5148 -0.5066 -0.3178
60.00 -0.5015 -0.4990 -0.5046 -0.4884 -0.4992 -0.3149
70.00 -0.4886 -0.4943 -0.5042 -0.4916 -0.4798 -0.3170
80.00 -0.4723 -0.4737 -0.4823 -0.4815 -0.4753 -0.3091
90.00 -0.5053 -0.5150 -0.5149 -0.5030 -0.5068 -0.3215
100.00 -0.4891 -0.4840 -0.4711 -0.4848 -0.4730 -0.3006
110.00 -0.4992 -0.4772 -0.4970 -0.4955 -0.4956 -0.3172
120.00 -0.4973 -0.4940 -0.4885 -0.5014 -0.4976 -0.3304
130.00 -0.4935 -0.5021 -0.4918 -0.4895 -0.4722 -0.3075
140.00 -0.4971 -0.4869 -0.5078 -0.4959 -0.4802 -0.3239
150.00 -0.4935 -0.5054 -0.5046 -0.4975 -0.5027 -0.3236
160.00 -0.4980 -0.4871 -0.4948 -0.4784 -0.4950 -0.3109
170.00 -0.4910 -0.4970 -0.4839 -0.4856 -0.4850 -0.3268
180.00 -0.4695 -0.4546 -0.4448 -0.4514 -0.4696 -0.2879
190.00 -0.5251 -0.5184 -0.5378 -0.5055 -0.5324 -0.3304
200.00 -0.5077 -0.4988 -0.5033 -0.4841 -0.4949 -0.3120
210.00 -0.4826 -0.4821 -0.4885 -0.4777 -0.4724 -0.3209
220.00 -0.4823 -0.4769 -0.4907 -0.4876 -0.4835 -0.3142
230.00 -0.4836 -0.4583 -0.4702 -0.4772 -0.4816 -0.3100
240.00 -0.5312 -0.5270 -0.5051 -0.5091 -0.5201 -0.3361
250.00 -0.4724 -0.4633 -0.4679 -0.4650 -0.4605 -0.2986
260.00 -0.5068 -0.4959 -0.5024 -0.5013 -0.4961 -0.3139
270.00 -0.4903 -0.4857 -0.4924 -0.4875 -0.4914 -0.3143
280.00 -0.4744 -0.4733 -0.4716 -0.4821 -0.4717 -0.3101
290.00 -0.5199 -0.5166 -0.5198 -0.5252 -0.5041 -0.3431
300.00 -0.4827 -0.4863 -0.4835 -0.4878 -0.4773 -0.3005
310.00 -0.4932 -0.5025 -0.4914 -0.4944 -0.5062 -0.3200
320.00 -0.4857 -0.4846 -0.4733 -0.4876 -0.4739 -0.3127
330.00 -0.4777 -0.4831 -0.4749 -0.4886 -0.4696 -0.3321
340.00 -0.5000 -0.5088 -0.5112 -0.5082 -0.4938 -0.3105
350.00 -0.5076 -0.5010 -0.5077 -0.5008 -0.5027 -0.3371
360.00 -0.4650 -0.4655 -0.4679 -0.4707 -0.4739 -0.3125
370.00 -0.5092 -0.4903 -0.5025 -0.5018 -0.5015 -0.3126
380.00 -0.4941 -0.5045 -0.5055 -0.4974 -0.4977 -0.3142
390.00 -0.4604 -0.4705 -0.4764 -0.4714 -0.4788 -0.3027
400.00 -0.4730 -0.4772 -0.4712 -0.4654 -0.4712 -0.3171
410.00 -0.5013 -0.5005 -0.4909 -0.5062 -0.4987 -0.3287
420.00 -0.4548 -0.4726 -0.4827 -0.4687 -0.4656 -0.3096
430.00 -0.5187 -0.4946 -0.5155 -0.5192 -0.5249 -0.3218
440.00 -0.4922 -0.4706 -0.4843 -0.4975 -0.4869 -0.3179
450.00 -0.4892 -0.4751 -0.4862 -0.4847 -0.4794 -0.3072
460.00 -0.4975 -0.4900 -0.4889 -0.5086 -0.4973 -0.3223
470.00 -0.4850 -0.4961 -0.4793 -0.4976 -0.4840 -0.3264
480.00 -0.4888 -0.4925 -0.4854 -0.4975 -0.4874 -0.3163
490.00 -0.4964 -0.4854 -0.4937 -0.5009 -0.4981 -0.3056
500.00 -0.5075 -0.5012 -0.5150 -0.5144 -0.5197 -0.3206
510.00 -0.4914 -0.4862 -0.4968 -0.4889 -0.4835 -0.3245
520.00 -0.4900 -0.4796 -0.5053 -0.4997 -0.5029 -0.3130
530.00 -0.4908 -0.4892 -0.4906 -0.4988 -0.4954 -0.3262
540.00 -0.5065 -0.4896 -0.4885 -0.5026 -0.4959 -0.3313
550.00 -0.4844 -0.4758 -0.4746 -0.4865 -0.4871 -0.3148
560.00 -0.5066 -0.4954 -0.4979 -0.4862 -0.5024 -0.3105
570.00 -0.4850 -0.4844 -0.4897 -0.4868 -0.4848 -0.3262
580.00 -0.5226 -0.5140 -0.5119 -0.5224 -0.5218 -0.3226
590.00 -0.4783 -0.4745 -0.4701 -0.4771 -0.4782 -0.3157
600.00 -0.4535 -0.4462 -0.4506 -0.4505 -0.4519 -0.3052
610.00 -0.5227 -0.5032 -0.5172 -0.5127 -0.5144 -0.3303
620.00 -0.4554 -0.4676 -0.4656 -0.4622 -0.4707 -0.3060
630.00 -0.5013 -0.5121 -0.5068 -0.5084 -0.5065 -0.3215
640.00 -0.4875 -0.4761 -0.4823 -0.4863 -0.4839 -0.3271
650.00 -0.5283 -0.5371 -0.5295 -0.5191 -0.5236 -0.3357
660.00 -0.4701 -0.4792 -0.4753 -0.4575 -0.4674 -0.3100
670.00 -0.4742 -0.4821 -0.4858 -0.4692 -0.4811 -0.3161
680.00 -0.4893 -0.5021 -0.5109 -0.4832 -0.4989 -0.3167
690.00 -0.5263 -0.5233 -0.5246 -0.5292 -0.5347 -0.3362
700.00 -0.4366 -0.4448 -0.4371 -0.4455 -0.4476 -0.2977
710.00 -0.5043 -0.5128 -0.5015 -0.5081 -0.5141 -0.3261
720.00 -0.4882 -0.4846 -0.4570 -0.4842 -0.4862 -0.3002
730.00 -0.4821 -0.4899 -0.4799 -0.4922 -0.4872 -0.3191
740.00 -0.5167 -0.5140 -0.5199 -0.5076 -0.5090 -0.3248
750.00 -0.4496 -0.4583 -0.4588 -0.4518 -0.4568 -0.3007
760.00 -0.5012 -0.5072 -0.4834 -0.5017 -0.4955 -0.3204
770.00 -0.5210 -0.5291 -0.5248 -0.5254 -0.5249 -0.3389
780.00 -0.4969 -0.4992 -0.4771 -0.4832 -0.4860 -0.3107
790.00 -0.5086 -0.4975 -0.4935 -0.4860 -0.4864 -0.3098
800.00 -0.4738 -0.4846 -0.4762 -0.4757 -0.4686 -0.3124
810.00 -0.4900 -0.4872 -0.4797 -0.4892 -0.4913 -0.3215
820.00 -0.4831 -0.4777 -0.4784 -0.4745 -0.4811 -0.3184
830.00 -0.4900 -0.5012 -0.5018 -0.4895 -0.5006 -0.3332
840.00 -0.4832 -0.4967 -0.4860 -0.5029 -0.5010 -0.3176
850.00 -0.4873 -0.4831 -0.4928 -0.4875 -0.4874 -0.3085
860.00 -0.4936 -0.4858 -0.4977 -0.4924 -0.5011 -0.3157
870.00 -0.5204 -0.5177 -0.5110 -0.5132 -0.5073 -0.3188
880.00 -0.4647 -0.4600 -0.4699 -0.4675 -0.4637 -0.3181
890.00 -0.5079 -0.5035 -0.4995 -0.5089 -0.5049 -0.3303
900.00 -0.4938 -0.4919 -0.4832 -0.4927 -0.4968 -0.3141
910.00 -0.4754 -0.4746 -0.4730 -0.4621 -0.4750 -0.3080
920.00 -0.5017 -0.4977 -0.4953 -0.4859 -0.5020 -0.3163
930.00 -0.5039 -0.5129 -0.5013 -0.4895 -0.5077 -0.3255
940.00 -0.4728 -0.4718 -0.4701 -0.4645 -0.4630 -0.3082
950.00 -0.4687 -0.4883 -0.4817 -0.4653 -0.4711 -0.3151
960.00 -0.4903 -0.4931 -0.4875 -0.5012 -0.4980 -0.3225
970.00 -0.4915 -0.4987 -0.4854 -0.4900 -0.4962 -0.3200
980.00 -0.4691 -0.4738 -0.4792 -0.4782 -0.4825 -0.3019
990.00 -0.5242 -0.5187 -0.5188 -0.5171 -0.5248 -0.3368
1000.00 -0.4525 -0.4545 -0.4631 -0.4577 -0.4578 -0.3100
1010.00 -0.5310 -0.6135 -0.6080 -0.6182 -0.6109 -0.3272
1020.00 -0.5653 -0.8591 -0.8649 -0.8537 -0.8589 -0.3291
1030.00 -0.5618 -0.8618 -0.8598 -0.8645 -0.8593 -0.3510
1040.00 -0.5610 -0.9368 -0.9470 -0.9348 -0.9354 -0.3073
1050.00 -0.5617 -0.9085 -0.9065 -0.9004 -0.8986 -0.3335
1060.00 -0.5228 -0.8725 -0.8783 -0.8790 -0.8800 -0.3171
1070.00 -0.5556 -0.9267 -0.9252 -0.9241 -0.9227 -0.3227
1080.00 -0.5578 -0.9371 -0.9284 -0.9266 -0.9249 -0.3254
1090.00 -0.5571 -0.9750 -0.9791 -0.9795 -0.9809 -0.3372
1100.00 -0.5588 -0.9630 -0.9687 -0.9711 -0.9674 -0.3337
1110.00 -0.5451 -1.0073 -1.0123 -1.0110 -1.0130 -0.3090
1120.00 -0.5608 -0.9866 -0.9814 -0.9663 -0.9767 -0.3414
1130.00 -0.5105 -0.8981 -0.8878 -0.8927 -0.8953 -0.2972
1140.00 -0.5584 -0.9108 -0.9191 -0.9218 -0.9257 -0.3347
1150.00 -0.5314 -0.8889 -0.8807 -0.8874 -0.8883 -0.3077
1160.00 -0.5252 -0.8775 -0.8828 -0.8857 -0.8929 -0.3059
1170.00 -0.5733 -0.9849 -0.9774 -0.9766 -0.9700 -0.3443
1180.00 -0.5346 -0.8904 -0.8912 -0.8984 -0.9021 -0.3148
1190.00 -0.5058 -0.8064 -0.8081 -0.7991 -0.8022 -0.2920
1200.00 -0.5278 -0.8222 -0.8198 -0.8177 -0.8169 -0.3432
1210.00 -0.4580 -0.6283 -0.6295 -0.6348 -0.6289 -0.3243
1220.00 -0.4223 -0.5187 -0.5209 -0.5260 -0.5291 -0.3081
1230.00 -0.4105 -0.4560 -0.4578 -0.4540 -0.4611 -0.3103
1240.00 -0.4192 -0.5157 -0.5190 -0.5140 -0.5196 -0.3080
1250.00 -0.4539 -0.5673 -0.5643 -0.5730 -0.5705 -0.3353
1260.00 -0.4270 -0.5118 -0.5088 -0.5067 -0.4952 -0.3115
1270.00 -0.4320 -0.5220 -0.5135 -0.5115 -0.5173 -0.3089
1280.00 -0.4355 -0.5337 -0.5401 -0.5410 -0.5387 -0.3160
1290.00 -0.4640 -0.5532 -0.5604 -0.5541 -0.5552 -0.3215
1300.00 -0.4165 -0.4894 -0.4787 -0.4864 -0.4853 -0.3069
1310.00 -0.4324 -0.6024 -0.6057 -0.6068 -0.5991 -0.3236
1320.00 -0.4683 -0.6767 -0.6812 -0.6755 -0.6781 -0.3545
1330.00 -0.4076 -0.6492 -0.6505 -0.6570 -0.6508 -0.3206
1340.00 -0.4058 -0.6613 -0.6560 -0.6561 -0.6613 -0.3181
1350.00 -0.4198 -0.6122 -0.6146 -0.6239 -0.6153 -0.3174
1360.00 -0.4293 -0.6866 -0.6987 -0.6785 -0.6830 -0.3162
1370.00 -0.3940 -0.7079 -0.7008 -0.7145 -0.7029 -0.3178
1380.00 -0.4396 -0.7007 -0.6964 -0.7002 -0.6993 -0.3374
1390.00 -0.4214 -0.7452 -0.7473 -0.7411 -0.7452 -0.3163
1400.00 -0.4206 -0.6681 -0.6631 -0.6711 -0.6696 -0.3246
1410.00 -0.4376 -0.6172 -0.6160 -0.6275 -0.6233 -0.3283
1420.00 -0.4032 -0.6322 -0.6254 -0.6239 -0.6202 -0.2942
1430.00 -0.4187 -0.5479 -0.5469 -0.5506 -0.5342 -0.3212
1440.00 -0.4530 -0.5807 -0.5766 -0.5762 -0.5819 -0.3407
1450.00 -0.4065 -0.7203 -0.7236 -0.7227 -0.7204 -0.3124
1460.00 -0.4422 -0.6496 -0.6500 -0.6560 -0.6504 -0.3271
1470.00 -0.3981 -0.5900 -0.5764 -0.5831 -0.5907 -0.3086
1480.00 -0.4194 -0.5790 -0.5771 -0.5801 -0.5744 -0.3289
1490.00 -0.4295 -0.7108 -0.7117 -0.7111 -0.7101 -0.3296
1500.00 -0.4279 -0.6822 -0.6794 -0.6843 -0.6886 -0.3173
1510.00 -0.4038 -0.5201 -0.5157 -0.5221 -0.5150 -0.3175
1520.00 -0.4134 -0.6238 -0.6369 -0.6366 -0.6302 -0.3069
1530.00 -0.4072 -0.6433 -0.6309 -0.6375 -0.6376 -0.3208
1540.00 -0.4470 -0.8106 -0.8199 -0.8164 -0.8053 -0.3496
1550.00 -0.4117 -0.6117 -0.6151 -0.6110 -0.6115 -0.3093
1560.00 -0.4129 -0.6785 -0.6830 -0.6776 -0.6849 -0.3311
1570.00 -0.4413 -0.6783 -0.6704 -0.6715 -0.6777 -0.3435
1580.00 -0.4209 -0.9329 -0.9306 -0.9243 -0.9222 -0.3378
1590.00 -0.4147 -0.5581 -0.5593 -0.5584 -0.5543 -0.3029
1600.00 -0.4276 -0.6278 -0.6273 -0.6297 -0.6310 -0.3199
1610.00 -0.3910 -0.5347 -0.5410 -0.5259 -0.5432 -0.3031
1620.00 -0.4431 -0.7376 -0.7356 -0.7312 -0.7365 -0.3378
1630.00 -0.4299 -0.6926 -0.6916 -0.6936 -0.6884 -0.3339
1640.00 -0.4304 -0.5608 -0.5581 -0.5571 -0.5639 -0.3230
1650.00 -0.4152 -0.5922 -0.5922 -0.5930 -0.5913 -0.3155
1660.00 -0.4128 -0.4918 -0.4838 -0.4893 -0.4900 -0.3197
1670.00 -0.4166 -0.8386 -0.8539 -0.8472 -0.8482 -0.3246
1680.00 -0.4353 -0.6876 -0.6827 -0.6835 -0.6914 -0.3309
1690.00 -0.4264 -0.6349 -0.6333 -0.6324 -0.6315 -0.3274
1700.00 -0.4197 -0.5099 -0.5086 -0.5094 -0.5074 -0.3065
1710.00 -0.4322 -0.6558 -0.6490 -0.6540 -0.6509 -0.3363
1720.00 -0.4156 -0.5878 -0.5902 -0.5927 -0.6034 -0.3196
1730.00 -0.3970 -0.7224 -0.7232 -0.7172 -0.7229 -0.3154
1740.00 -0.4199 -0.7191 -0.7150 -0.7235 -0.7170 -0.3301
1750.00 -0.4217 -0.7857 -0.7832 -0.7759 -0.7719 -0.3309
1760.00 -0.4592 -0.7796 -0.7889 -0.7888 -0.7824 -0.3458
1770.00 -0.4044 -0.7401 -0.7325 -0.7371 -0.7359 -0.3188
1780.00 -0.4285 -0.6408 -0.6383 -0.6438 -0.6429 -0.3176
1790.00 -0.4020 -0.7600 -0.7626 -0.7565 -0.7532 -0.3146
1800.00 -0.4190 -0.7221 -0.7161 -0.7147 -0.7274 -0.3279
1810.00 -0.3998 -0.5506 -0.5427 -0.5411 -0.5402 -0.2966
1820.00 -0.4357 -0.6392 -0.6455 -0.6400 -0.6419 -0.3292
1830.00 -0.4205 -0.7368 -0.7298 -0.7337 -0.7338 -0.3297
1840.00 -0.3914 -0.6415 -0.6450 -0.6413 -0.6527 -0.3078
1850.00 -0.4668 -0.7804 -0.7759 -0.7836 -0.7800 -0.3446
1860.00 -0.4199 -0.5899 -0.6012 -0.5907 -0.5908 -0.3175
1870.00 -0.4110 -0.6467 -0.6450 -0.6490 -0.6525 -0.3025
1880.00 -0.4337 -0.7671 -0.7592 -0.7637 -0.7549 -0.3514
1890.00 -0.3942 -0.5889 -0.5876 -0.5948 -0.5974 -0.2941
1900.00 -0.4431 -0.6330 -0.6360 -0.6424 -0.6339 -0.3326
1910.00 -0.4347 -0.6689 -0.6645 -0.6732 -0.6709 -0.3311
1920.00 -0.4070 -0.7287 -0.7235 -0.7199 -0.7207 -0.3169
1930.00 -0.4250 -0.6395 -0.6550 -0.6549 -0.6428 -0.3108
1940.00 -0.4146 -0.6762 -0.6810 -0.6763 -0.6750 -0.3278
1950.00 -0.4242 -0.7755 -0.7799 -0.7800 -0.7737 -0.3333
1960.00 -0.4251 -0.7342 -0.7274 -0.7295 -0.7354 -0.3128
1970.00 -0.4335 -0.5644 -0.5544 -0.5564 -0.5652 -0.3293
1980.00 -0.4135 -0.6428 -0.6455 -0.6376 -0.6422 -0.3198
1990.00 -0.4331 -0.7365 -0.7351 -0.7437 -0.7380 -0.3237
2000.00 -0.4187 -0.5863 -0.5760 -0.5754 -0.5797 -0.3173
2010.00 -0.4099 -0.5780 -0.5863 -0.5803 -0.5808 -0.3209
2020.00 -0.4260 -0.6715 -0.6727 -0.6760 -0.6724 -0.3185
2030.00 -0.4320 -0.7335 -0.7302 -0.7344 -0.7298 -0.3397
2040.00 -0.4461 -0.9568 -0.9445 -0.9558 -0.9525 -0.3367
2050.00 -0.3952 -0.6864 -0.6873 -0.6826 -0.6908 -0.2964
2060.00 -0.4323 -0.6673 -0.6655 -0.6641 -0.6637 -0.3330
2070.00 -0.4127 -0.5822 -0.5798 -0.5825 -0.5869 -0.3219
2080.00 -0.4298 -0.5881 -0.5868 -0.5769 -0.5800 -0.3126
2090.00 -0.4505 -0.7479 -0.7422 -0.7496 -0.7477 -0.3351
2100.00 -0.4418 -0.5925 -0.5940 -0.6051 -0.5986 -0.3279
2110.00 -0.4016 -0.5755 -0.5869 -0.5786 -0.5820 -0.3009
2120.00 -0.4450 -0.6062 -0.6112 -0.6120 -0.6115 -0.3322
2130.00 -0.4161 -0.7899 -0.7934 -0.7881 -0.7866 -0.3169
2140.00 -0.4276 -0.7456 -0.7444 -0.7469 -0.7466 -0.3415
2150.00 -0.3941 -0.6234 -0.6255 -0.6304 -0.6264 -0.2935
2160.00 -0.4387 -0.7149 -0.7061 -0.7084 -0.7052 -0.3325
2170.00 -0.4374 -0.8783 -0.8718 -0.8740 -0.8721 -0.3378
2180.00 -0.3970 -0.6100 -0.6080 -0.6168 -0.6126 -0.3034
2190.00 -0.4330 -0.8223 -0.8177 -0.8100 -0.8155 -0.3305
2200.00 -0.4221 -0.6259 -0.6238 -0.6187 -0.6147 -0.3137
2210.00 -0.4127 -0.6305 -0.6436 -0.6397 -0.6355 -0.3172
2220.00 -0.4200 -0.5752 -0.5812 -0.5789 -0.5849 -0.3194
2230.00 -0.4555 -0.6779 -0.6744 -0.6722 -0.6781 -0.3367
2240.00 -0.4048 -0.5996 -0.5880 -0.5878 -0.5854 -0.3072
2250.00 -0.4387 -0.9226 -0.9345 -0.9357 -0.9271 -0.3313
2260.00 -0.4170 -0.4973 -0.4925 -0.5011 -0.4970 -0.3073
2270.00 -0.4057 -0.5254 -0.5278 -0.5203 -0.5254 -0.3200
2280.00 -0.4356 -0.7453 -0.7455 -0.7546 -0.7511 -0.3341
2290.00 -0.4264 -0.6319 -0.6225 -0.6298 -0.6193 -0.3162
2300.00 -0.4248 -0.5745 -0.5842 -0.5804 -0.5787 -0.3198
2310.00 -0.4098 -0.8439 -0.8380 -0.8474 -0.8468 -0.3226
2320.00 -0.4245 -0.6858 -0.6872 -0.6870 -0.6889 -0.3494
2330.00 -0.4367 -0.7908 -0.7849 -0.7968 -0.7914 -0.3237
2340.00 -0.4296 -0.5896 -0.5971 -0.6012 -0.6004 -0.3282
2350.00 -0.4049 -0.6750 -0.6831 -0.6731 -0.6736 -0.3214
2360.00 -0.4291 -0.6735 -0.6607 -0.6731 -0.6691 -0.3257
2370.00 -0.4229 -0.7399 -0.7304 -0.7297 -0.7401 -0.3275
2380.00 -0.3964 -0.6509 -0.6459 -0.6510 -0.6540 -0.3119
2390.00 -0.4412 -0.7838 -0.7865 -0.7796 -0.7864 -0.3340
2400.00 -0.4187 -0.5531 -0.5539 -0.5505 -0.5473 -0.3163
2410.00 -0.4167 -0.7177 -0.7220 -0.7202 -0.7252 -0.3321
2420.00 -0.4454 -0.6964 -0.6793 -0.6926 -0.6957 -0.3390
2430.00 -0.3991 -0.6768 -0.6804 -0.6804 -0.6731 -0.3134
2440.00 -0.4240 -0.6455 -0.6498 -0.6501 -0.6461 -0.3167
2450.00 -0.4091 -0.5462 -0.5552 -0.5524 -0.5441 -0.3187
2460.00 -0.4531 -0.8778 -0.8752 -0.8742 -0.8708 -0.3620
2470.00 -0.3871 -0.9094 -0.9075 -0.9052 -0.9054 -0.3025
2480.00 -0.4135 -0.5873 -0.5911 -0.5954 -0.5848 -0.3272
2490.00 -0.4138 -0.6667 -0.6650 -0.6695 -0.6667 -0.3217
2500.00 -0.4390 -0.6865 -0.6912 -0.6995 -0.6914 -0.3274
2510.00 -0.4474 -0.7774 -0.7713 -0.7786 -0.7744 -0.3429
2520.00 -0.3989 -0.5441 -0.5388 -0.5430 -0.5441 -0.2925
2530.00 -0.4312 -0.9320 -0.9320 -0.9346 -0.9369 -0.3381
2540.00 -0.4156 -0.6559 -0.6510 -0.6558 -0.6534 -0.3087
2550.00 -0.4090 -0.5529 -0.5471 -0.5468 -0.5526 -0.3137
2560.00 -0.4210 -0.6906 -0.6933 -0.6921 -0.6940 -0.3296
2570.00 -0.3974 -0.5713 -0.5760 -0.5700 -0.5696 -0.3000
2580.00 -0.4689 -0.7139 -0.7107 -0.7132 -0.7116 -0.3460
2590.00 -0.3989 -0.5456 -0.5406 -0.5366 -0.5470 -0.3039
2600.00 -0.4030 -0.6114 -0.6109 -0.6056 -0.6076 -0.3109
2610.00 -0.4532 -1.0970 -1.0906 -1.0958 -1.0896 -0.3579
2620.00 -0.3873 -0.7559 -0.7580 -0.7573 -0.7614 -0.2998
2630.00 -0.4480 -0.5819 -0.5853 -0.5916 -0.5898 -0.3373
2640.00 -0.4242 -0.6359 -0.6333 -0.6312 -0.6345 -0.3165
2650.00 -0.4193 -0.5273 -0.5257 -0.5370 -0.5315 -0.3128
2660.00 -0.4277 -0.6295 -0.6285 -0.6297 -0.6300 -0.3224
2670.00 -0.4097 -0.5937 -0.5785 -0.5810 -0.5797 -0.3287
2680.00 -0.4360 -0.9085 -0.9163 -0.9158 -0.9169 -0.3384
2690.00 -0.3792 -0.6746 -0.6678 -0.6735 -0.6666 -0.2905
2700.00 -0.4420 -0.7300 -0.7425 -0.7332 -0.7343 -0.3283
2710.00 -0.4024 -0.5831 -0.5918 -0.5883 -0.5824 -0.3088
2720.00 -0.4632 -0.6235 -0.6227 -0.6206 -0.6175 -0.3350
2730.00 -0.4261 -0.5803 -0.5798 -0.5881 -0.5881 -0.3252
2740.00 -0.3880 -0.6420 -0.6447 -0.6446 -0.6515 -0.3102
2750.00 -0.4158 -0.8268 -0.8308 -0.8313 -0.8272 -0.3278
2760.00 -0.4403 -0.6863 -0.6730 -0.6798 -0.6705 -0.3467
2770.00 -0.4017 -0.7713 -0.7657 -0.7685 -0.7707 -0.3079
2780.00 -0.4041 -0.8488 -0.8438 -0.8476 -0.8495 -0.3196
2790.00 -0.4247 -0.6615 -0.6642 -0.6724 -0.6606 -0.3112
2800.00 -0.4147 -0.6075 -0.6023 -0.6088 -0.6078 -0.3205
2810.00 -0.4308 -0.6503 -0.6610 -0.6498 -0.6510 -0.3203
2820.00 -0.4435 -0.6536 -0.6477 -0.6556 -0.6630 -0.3319
2830.00 -0.3978 -0.5054 -0.5031 -0.5007 -0.5099 -0.3075
2840.00 -0.4259 -0.6715 -0.6698 -0.6775 -0.6712 -0.3227
2850.00 -0.4025 -0.6444 -0.6492 -0.6504 -0.6504 -0.3175
2860.00 -0.4384 -0.7719 -0.7631 -0.7685 -0.7686 -0.3369
2870.00 -0.4488 -0.6207 -0.6111 -0.6202 -0.6265 -0.3323
2880.00 -0.4122 -0.5744 -0.5789 -0.5711 -0.5827 -0.3259
2890.00 -0.4109 -0.9301 -0.9196 -0.9245 -0.9217 -0.3130
2900.00 -0.4363 -0.6476 -0.6572 -0.6514 -0.6476 -0.3275
2910.00 -0.3694 -0.6042 -0.6090 -0.6067 -0.6123 -0.3070
2920.00 -0.4738 -0.8247 -0.8256 -0.8254 -0.8234 -0.3433
2930.00 -0.4050 -0.6550 -0.6462 -0.6573 -0.6569 -0.3223
2940.00 -0.4096 -0.7660 -0.7610 -0.7678 -0.7678 -0.3172
2950.00 -0.4097 -0.5609 -0.5622 -0.5663 -0.5684 -0.3033
2960.00 -0.4322 -0.6757 -0.6777 -0.6653 -0.6713 -0.3430
2970.00 -0.4044 -0.5590 -0.5516 -0.5604 -0.5590 -0.3058
2980.00 -0.4716 -0.7769 -0.7785 -0.7827 -0.7880 -0.3527
2990.00 -0.4089 -0.5375 -0.5383 -0.5343 -0.5391 -0.3156
3000.00 -0.4371 -0.7515 -0.7555 -0.7500 -0.7504 -0.3313
3010.00 -0.4215 -0.5705 -0.5700 -0.5623 -0.5660 -0.3110
3020.00 -0.4040 -0.6869 -0.6810 -0.6837 -0.6985 -0.3245
3030.00 -0.4162 -0.8980 -0.9036 -0.9067 -0.9020 -0.3290
3040.00 -0.3946 -0.7471 -0.7451 -0.7462 -0.7380 -0.3081
3050.00 -0.4383 -0.9295 -0.9251 -0.9381 -0.9218 -0.3513
3060.00 -0.4288 -0.6587 -0.6621 -0.6607 -0.6610 -0.3112
3070.00 -0.3753 -0.5412 -0.5472 -0.5399 -0.5368 -0.2930
3080.00 -0.4644 -0.6698 -0.6673 -0.6725 -0.6752 -0.3408
3090.00 -0.4204 -0.6787 -0.6716 -0.6716 -0.6689 -0.3247
3100.00 -0.4330 -0.5974 -0.6033 -0.6018 -0.6044 -0.3293
3110.00 -0.4242 -0.5655 -0.5744 -0.5662 -0.5692 -0.3149
3120.00 -0.4203 -0.6278 -0.6165 -0.6145 -0.6190 -0.3226
3130.00 -0.4089 -0.5142 -0.5094 -0.5105 -0.5141 -0.3121
3140.00 -0.4577 -1.0409 -1.0555 -1.0540 -1.0559 -0.3635
3150.00 -0.3711 -0.7859 -0.7873 -0.7799 -0.7734 -0.2895
3160.00 -0.4011 -0.6868 -0.6799 -0.6843 -0.6771 -0.3191
3170.00 -0.4274 -0.7712 -0.7598 -0.7631 -0.7749 -0.3295
3180.00 -0.4287 -0.5954 -0.5983 -0.5962 -0.5899 -0.3151
3190.00 -0.4180 -0.6175 -0.6197 -0.6211 -0.6272 -0.3150
3200.00 -0.4263 -0.6207 -0.6266 -0.6272 -0.6280 -0.3244
3210.00 -0.4338 -0.7088 -0.7129 -0.7083 -0.7074 -0.3331
3220.00 -0.4054 -0.5549 -0.5609 -0.5565 -0.5652 -0.3177
3230.00 -0.4377 -0.7953 -0.7911 -0.7969 -0.7915 -0.3383
3240.00 -0.4161 -0.7536 -0.7554 -0.7588 -0.7562 -0.3238
3250.00 -0.4127 -0.7971 -0.7998 -0.7932 -0.7942 -0.3188
3260.00 -0.3976 -0.6293 -0.6190 -0.6216 -0.6183 -0.2957
3270.00 -0.4373 -0.7443 -0.7470 -0.7458 -0.7452 -0.3352
3280.00 -0.4287 -0.6900 -0.6880 -0.6863 -0.6849 -0.3244
3290.00 -0.3822 -0.4752 -0.4792 -0.4834 -0.4900 -0.2957
3300.00 -0.4759 -0.8223 -0.8292 -0.8270 -0.8227 -0.3553
3310.00 -0.4216 -0.5733 -0.5731 -0.5740 -0.5747 -0.3133
3320.00 -0.4209 -0.6159 -0.6182 -0.6218 -0.6142 -0.3254
3330.00 -0.4374 -0.7394 -0.7301 -0.7289 -0.7375 -0.3276
3340.00 -0.4101 -0.8034 -0.8015 -0.7899 -0.7992 -0.3306
3350.00 -0.3797 -0.7750 -0.7696 -0.7731 -0.7666 -0.2930
3360.00 -0.4662 -0.7457 -0.7523 -0.7514 -0.7582 -0.3449
3370.00 -0.4044 -0.6496 -0.6482 -0.6466 -0.6452 -0.3039
3380.00 -0.4053 -0.5545 -0.5538 -0.5551 -0.5486 -0.3167
3390.00 -0.4285 -0.7753 -0.7706 -0.7859 -0.7698 -0.3263
3400.00 -0.4005 -0.7302 -0.7339 -0.7286 -0.7141 -0.3191
3410.00 -0.4366 -0.6165 -0.6267 -0.6207 -0.6309 -0.3292
3420.00 -0.4402 -0.5878 -0.5907 -0.5841 -0.5877 -0.3258
3430.00 -0.4092 -0.6659 -0.6697 -0.6637 -0.6691 -0.3184
3440.00 -0.4273 -0.6995 -0.6891 -0.6883 -0.6908 -0.3266
3450.00 -0.4357 -0.8577 -0.8498 -0.8437 -0.8474 -0.3408
3460.00 -0.4074 -0.6227 -0.6196 -0.6149 -0.6207 -0.2981
3470.00 -0.4297 -0.5906 -0.5888 -0.5898 -0.5861 -0.3297
3480.00 -0.4058 -0.6790 -0.6689 -0.6690 -0.6758 -0.3070
3490.00 -0.4229 -0.7297 -0.7405 -0.7280 -0.7365 -0.3333
3500.00 -0.4399 -0.8760 -0.8765 -0.8765 -0.8811 -0.3341
3510.00 -0.4100 -0.5771 -0.5621 -0.5700 -0.5663 -0.3126
3520.00 -0.4166 -0.6224 -0.6241 -0.6282 -0.6187 -0.3098
3530.00 -0.4189 -0.6395 -0.6426 -0.6384 -0.6379 -0.3294
3540.00 -0.4165 -0.5853 -0.5919 -0.5961 -0.5919 -0.3205
3550.00 -0.4266 -0.7044 -0.7147 -0.7063 -0.7050 -0.3194
3560.00 -0.4257 -0.6361 -0.6333 -0.6308 -0.6322 -0.3240
3570.00 -0.4359 -0.6339 -0.6405 -0.6325 -0.6308 -0.3395
3580.00 -0.4044 -0.9587 -0.9555 -0.9527 -0.9550 -0.3353
3590.00 -0.4149 -0.7195 -0.7223 -0.7221 -0.7170 -0.3136
3600.00 -0.4187 -0.7550 -0.7443 -0.7481 -0.7504 -0.3214
3610.00 -0.4288 -0.8548 -0.8613 -0.8639 -0.8619 -0.3292
3620.00 -0.4032 -0.4675 -0.4715 -0.4795 -0.4700 -0.3042
3630.00 -0.4391 -0.7038 -0.7010 -0.6970 -0.6961 -0.3351
3640.00 -0.4189 -0.5841 -0.5859 -0.5845 -0.5838 -0.3079
3650.00 -0.4325 -0.5591 -0.5619 -0.5611 -0.5670 -0.3283
3660.00 -0.4167 -0.5421 -0.5571 -0.5501 -0.5493 -0.3242
3670.00 -0.4178 -0.8002 -0.8053 -0.8138 -0.8057 -0.3216
3680.00 -0.4402 -0.8598 -0.8435 -0.8608 -0.8480 -0.3496
3690.00 -0.3639 -0.6655 -0.6654 -0.6564 -0.6625 -0.2858
3700.00 -0.4290 -0.8294 -0.8290 -0.8265 -0.8286 -0.3352
3710.00 -0.4051 -0.6347 -0.6330 -0.6320 -0.6311 -0.3026
3720.00 -0.4269 -0.5321 -0.5384 -0.5335 -0.5381 -0.3184
3730.00 -0.4384 -0.6979 -0.6960 -0.6979 -0.6948 -0.3376
3740.00 -0.4253 -0.5398 -0.5457 -0.5482 -0.5435 -0.3154
3750.00 -0.4269 -0.6394 -0.6416 -0.6382 -0.6374 -0.3387
3760.00 -0.3936 -1.0613 -1.0773 -1.0792 -1.0759 -0.3281
3770.00 -0.4498 -0.6286 -0.6323 -0.6312 -0.6269 -0.3299
3780.00 -0.3922 -0.5856 -0.5936 -0.5946 -0.5869 -0.2846
3790.00 -0.4164 -0.5434 -0.5473 -0.5430 -0.5431 -0.3160
3800.00 -0.4344 -0.5558 -0.5621 -0.5578 -0.5563 -0.3187
3810.00 -0.4179 -0.6936 -0.6921 -0.6879 -0.6903 -0.3236
3820.00 -0.4022 -0.6604 -0.6557 -0.6656 -0.6534 -0.3115
3830.00 -0.4552 -0.7306 -0.7308 -0.7340 -0.7277 -0.3434
3840.00 -0.4025 -0.7520 -0.7564 -0.7589 -0.7551 -0.3184
3850.00 -0.4255 -0.5758 -0.5690 -0.5707 -0.5730 -0.3135
3860.00 -0.4138 -0.6897 -0.6998 -0.6956 -0.6874 -0.3212
3870.00 -0.4248 -0.8123 -0.8054 -0.8051 -0.8138 -0.3328
3880.00 -0.4202 -0.6908 -0.6805 -0.6736 -0.6803 -0.3153
3890.00 -0.4381 -0.7330 -0.7304 -0.7230 -0.7211 -0.3366
3900.00 -0.4237 -0.7558 -0.7547 -0.7607 -0.7500 -0.3264
3910.00 -0.4586 -0.9090 -0.9104 -0.9042 -0.9098 -0.3465
3920.00 -0.3787 -0.5588 -0.5627 -0.5671 -0.5678 -0.2868
3930.00 -0.4592 -0.6281 -0.6362 -0.6232 -0.6320 -0.3376
3940.00 -0.4141 -0.5267 -0.5295 -0.5289 -0.5302 -0.3255
3950.00 -0.4158 -0.7497 -0.7552 -0.7464 -0.7376 -0.3200
3960.00 -0.4325 -0.7020 -0.7001 -0.7042 -0.7038 -0.3284
3970.00 -0.4537 -0.7326 -0.7325 -0.7309 -0.7309 -0.3505
3980.00 -0.3758 -0.7200 -0.7063 -0.7165 -0.7130 -0.3075
3990.00 -0.4265 -0.7842 -0.7924 -0.7860 -0.7878 -0.3213
4000.00 -0.4264 -0.5797 -0.5801 -0.5801 -0.5768 -0.3196
