10.00 -0.5012 -0.5183 -0.5180 -0.5033 -0.5155 -0.3329
20.00 -0.4772 -0.4819 -0.4629 -0.4577 -0.4674 -0.3016
30.00 -0.4906 -0.4965 -0.4930 -0.5131 -0.4982 -0.3245
40.00 -0.4691 -0.4716 -0.4651 -0.4659 -0.4688 -0.3121
50.00 -0.4704 -0.4918 -0.4902 -0.4894 -0.4997 -0.3151
60.00 -0.4543 -0.4655 -0.4635 -0.4586 -0.4624 -0.3078
70.00 -0.5213 -0.5505 -0.5278 -0.5334 -0.5429 -0.3430
80.00 -0.4482 -0.4410 -0.4547 -0.4304 -0.4340 -0.2812
90.00 -0.5066 -0.5002 -0.5067 -0.5076 -0.4998 -0.3304
100.00 -0.4708 -0.4656 -0.4636 -0.4564 -0.4699 -0.2953
110.00 -0.5188 -0.5267 -0.5253 -0.5180 -0.5155 -0.3405
120.00 -0.4609 -0.4790 -0.4731 -0.4855 -0.4795 -0.3094
130.00 -0.4704 -0.4684 -0.4646 -0.4643 -0.4661 -0.3027
140.00 -0.4777 -0.4792 -0.4867 -0.4835 -0.4905 -0.3192
150.00 -0.4907 -0.5008 -0.4891 -0.5027 -0.5044 -0.3143
160.00 -0.4755 -0.4813 -0.4679 -0.4847 -0.4726 -0.3155
170.00 -0.4774 -0.4638 -0.4601 -0.4734 -0.4734 -0.3035
180.00 -0.5093 -0.5199 -0.5031 -0.5204 -0.5152 -0.3297
190.00 -0.4690 -0.4651 -0.4691 -0.4746 -0.4674 -0.3227
200.00 -0.4703 -0.4756 -0.4609 -0.4571 -0.4590 -0.3162
210.00 -0.5110 -0.4961 -0.4962 -0.5132 -0.5060 -0.3091
220.00 -0.4969 -0.4874 -0.4785 -0.4835 -0.4894 -0.3222
230.00 -0.4934 -0.4933 -0.5001 -0.4982 -0.5075 -0.3222
240.00 -0.4542 -0.4644 -0.4590 -0.4481 -0.4650 -0.2984
250.00 -0.5083 -0.5058 -0.4965 -0.4956 -0.5106 -0.3282
260.00 -0.4823 -0.4965 -0.4792 -0.4817 -0.4821 -0.3151
270.00 -0.4929 -0.4985 -0.5011 -0.4772 -0.4944 -0.3243
280.00 -0.4945 -0.4987 -0.4931 -0.4880 -0.5013 -0.3111
290.00 -0.4865 -0.4808 -0.4818 -0.4888 -0.4855 -0.3212
300.00 -0.4710 -0.4775 -0.4710 -0.4802 -0.4722 -0.3142
310.00 -0.4634 -0.4751 -0.4596 -0.4722 -0.4785 -0.3077
320.00 -0.5062 -0.5169 -0.4908 -0.5097 -0.4994 -0.3181
330.00 -0.4753 -0.4596 -0.4659 -0.4767 -0.4774 -0.3101
340.00 -0.5143 -0.4982 -0.5041 -0.5101 -0.4983 -0.3326
350.00 -0.4772 -0.4793 -0.4704 -0.4636 -0.4734 -0.3082
360.00 -0.4891 -0.5001 -0.5001 -0.4913 -0.4834 -0.3213
370.00 -0.4731 -0.4797 -0.4780 -0.4869 -0.4832 -0.3142
380.00 -0.4769 -0.4730 -0.4706 -0.4755 -0.4730 -0.3150
390.00 -0.4589 -0.4651 -0.4588 -0.4716 -0.4654 -0.3019
400.00 -0.4829 -0.4725 -0.4780 -0.4777 -0.4675 -0.3173
410.00 -0.5165 -0.5066 -0.5213 -0.5259 -0.5158 -0.3203
420.00 -0.4805 -0.4847 -0.4798 -0.4828 -0.4887 -0.3175
430.00 -0.4690 -0.4752 -0.4754 -0.4742 -0.4689 -0.3211
440.00 -0.4720 -0.4783 -0.4773 -0.4763 -0.4761 -0.3083
450.00 -0.5161 -0.5286 -0.5293 -0.5157 -0.5228 -0.3222
460.00 -0.4451 -0.4499 -0.4385 -0.4366 -0.4309 -0.2936
470.00 -0.5045 -0.5044 -0.4980 -0.5118 -0.5119 -0.3267
480.00 -0.4920 -0.4932 -0.4930 -0.4907 -0.4889 -0.3228
490.00 -0.4547 -0.4628 -0.4716 -0.4659 -0.4649 -0.2925
500.00 -0.5063 -0.4962 -0.5021 -0.4954 -0.4992 -0.3136
510.00 -0.4839 -0.5016 -0.4970 -0.4957 -0.4871 -0.3218
520.00 -0.4454 -0.4588 -0.4557 -0.4629 -0.4543 -0.3018
530.00 -0.4879 -0.4923 -0.4966 -0.4852 -0.4878 -0.3279
540.00 -0.5058 -0.5085 -0.5177 -0.5140 -0.4895 -0.3125
550.00 -0.4609 -0.4466 -0.4659 -0.4574 -0.4621 -0.3015
560.00 -0.5028 -0.4961 -0.4995 -0.5001 -0.4941 -0.3208
570.00 -0.4855 -0.4885 -0.4967 -0.4982 -0.4951 -0.3097
580.00 -0.5271 -0.5346 -0.5287 -0.5349 -0.5211 -0.3323
590.00 -0.4590 -0.4545 -0.4618 -0.4646 -0.4595 -0.2918
600.00 -0.4893 -0.4773 -0.4738 -0.4867 -0.4834 -0.3236
610.00 -0.4694 -0.4668 -0.4666 -0.4722 -0.4653 -0.3167
620.00 -0.4705 -0.4609 -0.4741 -0.4730 -0.4724 -0.3010
630.00 -0.4938 -0.4800 -0.4883 -0.4878 -0.4869 -0.3110
640.00 -0.4856 -0.4853 -0.4905 -0.4914 -0.4913 -0.3337
650.00 -0.4866 -0.4830 -0.4902 -0.4988 -0.4913 -0.3116
660.00 -0.4589 -0.4637 -0.4551 -0.4579 -0.4691 -0.2950
670.00 -0.5021 -0.5156 -0.5056 -0.5053 -0.5164 -0.3395
680.00 -0.4670 -0.4718 -0.4693 -0.4640 -0.4623 -0.2985
690.00 -0.5107 -0.4996 -0.4963 -0.5071 -0.5026 -0.3290
700.00 -0.4644 -0.4742 -0.4643 -0.4622 -0.4700 -0.3067
710.00 -0.4583 -0.4649 -0.4721 -0.4774 -0.4775 -0.3059
720.00 -0.5007 -0.5141 -0.5110 -0.5126 -0.5102 -0.3210
730.00 -0.4594 -0.4636 -0.4646 -0.4589 -0.4663 -0.3140
740.00 -0.4812 -0.4900 -0.4877 -0.4975 -0.5033 -0.3177
750.00 -0.5059 -0.4961 -0.4991 -0.4944 -0.5157 -0.3266
760.00 -0.4500 -0.4410 -0.4515 -0.4522 -0.4484 -0.2830
770.00 -0.4951 -0.5082 -0.5112 -0.4957 -0.4876 -0.3267
780.00 -0.4863 -0.4970 -0.4781 -0.4897 -0.4914 -0.3166
790.00 -0.4882 -0.4917 -0.4807 -0.4920 -0.4991 -0.3264
800.00 -0.4799 -0.4891 -0.4368 -0.4867 -0.4729 -0.2929
810.00 -0.4733 -0.4643 -0.4584 -0.4788 -0.4761 -0.3117
820.00 -0.5003 -0.4927 -0.4905 -0.4894 -0.5013 -0.3088
830.00 -0.5067 -0.4916 -0.4932 -0.4880 -0.4958 -0.3178
840.00 -0.4670 -0.4672 -0.4736 -0.4726 -0.4768 -0.3083
850.00 -0.4924 -0.4851 -0.5001 -0.5003 -0.4862 -0.3199
860.00 -0.4793 -0.4722 -0.4731 -0.4732 -0.4825 -0.3048
870.00 -0.4916 -0.4758 -0.4757 -0.4837 -0.4839 -0.3108
880.00 -0.4923 -0.5057 -0.4894 -0.4878 -0.4888 -0.3218
890.00 -0.4874 -0.4845 -0.4767 -0.4925 -0.4693 -0.3119
900.00 -0.4669 -0.4643 -0.4634 -0.4614 -0.4534 -0.3092
910.00 -0.4929 -0.5060 -0.5115 -0.5101 -0.5047 -0.3088
920.00 -0.4826 -0.4892 -0.4904 -0.4909 -0.4874 -0.3220
930.00 -0.4689 -0.4754 -0.4848 -0.4893 -0.4814 -0.3008
940.00 -0.4896 -0.4842 -0.4717 -0.4842 -0.4763 -0.3107
950.00 -0.4822 -0.4769 -0.4792 -0.4885 -0.4878 -0.3144
960.00 -0.4949 -0.4885 -0.4835 -0.4922 -0.4926 -0.3137
970.00 -0.4887 -0.4896 -0.4886 -0.4900 -0.4934 -0.3173
980.00 -0.4919 -0.5071 -0.5135 -0.5069 -0.4926 -0.3091
990.00 -0.4532 -0.4552 -0.4644 -0.4584 -0.4610 -0.3110
1000.00 -0.4759 -0.4770 -0.4733 -0.4791 -0.4732 -0.2971
1010.00 -0.5189 -0.6556 -0.6693 -0.6666 -0.6563 -0.3425
1020.00 -0.5417 -0.8816 -0.8891 -0.8861 -0.8842 -0.3259
1030.00 -0.5130 -0.8073 -0.8023 -0.8001 -0.8087 -0.3189
1040.00 -0.5470 -0.9848 -1.0017 -0.9916 -0.9928 -0.3262
1050.00 -0.4850 -0.8100 -0.8178 -0.8098 -0.8199 -0.2976
1060.00 -0.5249 -0.8761 -0.8757 -0.8730 -0.8667 -0.3174
1070.00 -0.5297 -0.8311 -0.8368 -0.8385 -0.8360 -0.3404
1080.00 -0.5262 -0.9007 -0.9045 -0.8999 -0.8952 -0.3203
1090.00 -0.4986 -0.8413 -0.8353 -0.8436 -0.8308 -0.3033
1100.00 -0.5324 -0.8816 -0.8718 -0.8754 -0.8801 -0.3255
1110.00 -0.5271 -0.8396 -0.8517 -0.8486 -0.8510 -0.3163
1120.00 -0.5206 -0.8475 -0.8513 -0.8480 -0.8543 -0.3134
1130.00 -0.5259 -0.8522 -0.8470 -0.8499 -0.8387 -0.3170
1140.00 -0.5415 -0.8498 -0.8439 -0.8434 -0.8463 -0.3330
1150.00 -0.5103 -0.7623 -0.7541 -0.7631 -0.7696 -0.2942
1160.00 -0.5121 -0.7941 -0.7996 -0.7948 -0.7918 -0.3063
1170.00 -0.5269 -0.7991 -0.7967 -0.7877 -0.7906 -0.3173
1180.00 -0.5626 -0.8428 -0.8467 -0.8409 -0.8556 -0.3388
1190.00 -0.4754 -0.7030 -0.7050 -0.7048 -0.7116 -0.2844
1200.00 -0.5265 -0.7533 -0.7555 -0.7526 -0.7583 -0.3372
1210.00 -0.4334 -0.5453 -0.5542 -0.5487 -0.5518 -0.2927
1220.00 -0.4244 -0.4777 -0.4706 -0.4765 -0.4734 -0.3138
1230.00 -0.4177 -0.4961 -0.5048 -0.5075 -0.5005 -0.3127
1240.00 -0.4376 -0.5191 -0.5136 -0.5184 -0.5159 -0.3149
1250.00 -0.4448 -0.5086 -0.5024 -0.5062 -0.5125 -0.3132
1260.00 -0.4572 -0.4926 -0.4909 -0.4910 -0.4940 -0.3144
1270.00 -0.4725 -0.4847 -0.4859 -0.4849 -0.4652 -0.3199
1280.00 -0.4734 -0.4841 -0.4937 -0.4798 -0.4823 -0.3257
1290.00 -0.4568 -0.4508 -0.4562 -0.4480 -0.4523 -0.3076
1300.00 -0.4842 -0.4881 -0.4948 -0.5079 -0.5064 -0.3121
1310.00 -0.4974 -0.4825 -0.5026 -0.5025 -0.4972 -0.3259
1320.00 -0.4948 -0.4928 -0.4941 -0.4965 -0.4949 -0.3234
1330.00 -0.4455 -0.4540 -0.4647 -0.4583 -0.4704 -0.2905
1340.00 -0.4714 -0.5003 -0.5034 -0.5032 -0.5010 -0.3324
1350.00 -0.4377 -0.4484 -0.4583 -0.4677 -0.4599 -0.3004
1360.00 -0.4808 -0.5304 -0.5194 -0.5296 -0.5359 -0.3295
1370.00 -0.4634 -0.4831 -0.4812 -0.4727 -0.4888 -0.3167
1380.00 -0.4479 -0.4942 -0.5024 -0.4998 -0.4972 -0.3035
1390.00 -0.4671 -0.5094 -0.5067 -0.5050 -0.5142 -0.3120
1400.00 -0.4426 -0.4810 -0.4943 -0.4840 -0.4785 -0.3099
1410.00 -0.4446 -0.5386 -0.5477 -0.5507 -0.5504 -0.3339
1420.00 -0.3516 -0.6608 -0.6588 -0.6606 -0.6557 -0.3094
1430.00 -0.3051 -1.2954 -1.2791 -1.2795 -1.2832 -0.3231
1440.00 -0.3879 -0.8629 -0.8696 -0.8654 -0.8672 -0.3027
1450.00 -0.3755 -0.5117 -0.5081 -0.5169 -0.5160 -0.2881
1460.00 -0.4115 -0.5853 -0.5878 -0.5853 -0.5754 -0.3201
1470.00 -0.4211 -0.6275 -0.6365 -0.6288 -0.6284 -0.3253
1480.00 -0.4172 -0.5693 -0.5716 -0.5582 -0.5707 -0.3252
1490.00 -0.4162 -0.5916 -0.5872 -0.5871 -0.5898 -0.3140
1500.00 -0.4171 -0.5889 -0.5854 -0.5797 -0.5792 -0.3146
1510.00 -0.4178 -0.5940 -0.5984 -0.6005 -0.5947 -0.3173
1520.00 -0.4120 -0.5515 -0.5429 -0.5468 -0.5559 -0.3135
1530.00 -0.4173 -0.5627 -0.5633 -0.5517 -0.5541 -0.3190
1540.00 -0.4037 -0.5825 -0.5957 -0.5844 -0.5864 -0.3148
1550.00 -0.4021 -0.5575 -0.5638 -0.5542 -0.5584 -0.3162
1560.00 -0.4177 -0.6141 -0.6077 -0.6137 -0.6159 -0.3281
1570.00 -0.3909 -0.6083 -0.6021 -0.6003 -0.6056 -0.3001
1580.00 -0.4161 -0.5809 -0.5801 -0.5833 -0.5728 -0.3161
1590.00 -0.4290 -0.5656 -0.5644 -0.5667 -0.5644 -0.3238
1600.00 -0.3985 -0.5827 -0.5748 -0.5767 -0.5754 -0.3058
1610.00 -0.4399 -0.6507 -0.6520 -0.6551 -0.6533 -0.3383
1620.00 -0.4108 -0.5808 -0.5809 -0.5853 -0.5823 -0.3279
1630.00 -0.3794 -0.5810 -0.5813 -0.5838 -0.5734 -0.3034
1640.00 -0.4045 -0.6455 -0.6465 -0.6429 -0.6487 -0.3202
1650.00 -0.3919 -0.5983 -0.5985 -0.6011 -0.6003 -0.3155
1660.00 -0.4130 -0.6267 -0.6225 -0.6169 -0.6247 -0.3212
1670.00 -0.4199 -0.6551 -0.6627 -0.6616 -0.6574 -0.3149
1680.00 -0.3927 -0.4964 -0.4958 -0.4959 -0.4960 -0.3023
1690.00 -0.4195 -0.5236 -0.5231 -0.5251 -0.5191 -0.3172
1700.00 -0.4079 -0.5258 -0.5268 -0.5201 -0.5244 -0.2992
1710.00 -0.4358 -0.5802 -0.5812 -0.5779 -0.5814 -0.3390
1720.00 -0.3988 -0.5676 -0.5586 -0.5626 -0.5630 -0.3000
1730.00 -0.4332 -0.5372 -0.5423 -0.5422 -0.5352 -0.3308
1740.00 -0.4206 -0.5578 -0.5640 -0.5605 -0.5617 -0.3233
1750.00 -0.3927 -0.6304 -0.6294 -0.6317 -0.6314 -0.3104
1760.00 -0.4192 -0.7314 -0.7379 -0.7266 -0.7457 -0.3269
1770.00 -0.3656 -0.5333 -0.5318 -0.5383 -0.5342 -0.2946
1780.00 -0.4377 -0.6705 -0.6715 -0.6768 -0.6778 -0.3369
1790.00 -0.4203 -0.6141 -0.6152 -0.6106 -0.6101 -0.3298
1800.00 -0.3874 -0.5758 -0.5889 -0.5783 -0.5858 -0.3082
1810.00 -0.4018 -0.6340 -0.6353 -0.6381 -0.6429 -0.3086
1820.00 -0.4245 -0.6087 -0.6016 -0.6086 -0.6043 -0.3207
1830.00 -0.4065 -0.6090 -0.5991 -0.6029 -0.6029 -0.3241
1840.00 -0.4093 -0.5936 -0.5939 -0.5989 -0.5948 -0.3196
1850.00 -0.3990 -0.6106 -0.5974 -0.6046 -0.6012 -0.3101
1860.00 -0.4098 -0.6081 -0.6232 -0.6263 -0.6092 -0.3117
1870.00 -0.4235 -0.5102 -0.5156 -0.5164 -0.5145 -0.3170
1880.00 -0.4251 -0.6441 -0.6394 -0.6366 -0.6417 -0.3262
1890.00 -0.3983 -0.5886 -0.5863 -0.5905 -0.5926 -0.3175
1900.00 -0.3989 -0.6661 -0.6600 -0.6527 -0.6650 -0.3094
1910.00 -0.3965 -0.6242 -0.6234 -0.6274 -0.6304 -0.3103
1920.00 -0.4004 -0.6070 -0.5986 -0.6023 -0.5918 -0.3016
1930.00 -0.4089 -0.5395 -0.5429 -0.5463 -0.5523 -0.3153
1940.00 -0.4040 -0.6101 -0.6109 -0.6035 -0.5988 -0.3092
1950.00 -0.4224 -0.5743 -0.5724 -0.5668 -0.5737 -0.3253
1960.00 -0.4173 -0.5650 -0.5601 -0.5600 -0.5577 -0.3168
1970.00 -0.3905 -0.5724 -0.5742 -0.5686 -0.5721 -0.3104
1980.00 -0.4071 -0.5921 -0.5884 -0.5890 -0.5911 -0.3074
1990.00 -0.4323 -0.6220 -0.6130 -0.6189 -0.6118 -0.3301
2000.00 -0.4005 -0.5044 -0.5129 -0.5047 -0.5061 -0.3108
2010.00 -0.4260 -0.6271 -0.6234 -0.6236 -0.6201 -0.3219
2020.00 -0.3866 -0.4849 -0.4880 -0.4884 -0.4841 -0.3017
2030.00 -0.4406 -0.6134 -0.6167 -0.6168 -0.6123 -0.3368
2040.00 -0.3770 -0.5488 -0.5482 -0.5535 -0.5524 -0.2947
2050.00 -0.3980 -0.6936 -0.6987 -0.6985 -0.6930 -0.3260
2060.00 -0.4281 -0.5678 -0.5716 -0.5730 -0.5704 -0.3238
2070.00 -0.4153 -0.6551 -0.6537 -0.6571 -0.6630 -0.3162
2080.00 -0.4145 -0.7019 -0.7011 -0.6981 -0.7014 -0.3250
2090.00 -0.3849 -0.5766 -0.5778 -0.5735 -0.5762 -0.3003
2100.00 -0.4123 -0.5719 -0.5650 -0.5705 -0.5713 -0.3209
2110.00 -0.3990 -0.4943 -0.4928 -0.4940 -0.4968 -0.3036
2120.00 -0.4274 -0.6333 -0.6439 -0.6363 -0.6368 -0.3211
2130.00 -0.4073 -0.5997 -0.5946 -0.6030 -0.5886 -0.3145
2140.00 -0.4194 -0.6256 -0.6257 -0.6268 -0.6345 -0.3258
2150.00 -0.4104 -0.5654 -0.5615 -0.5652 -0.5615 -0.3115
2160.00 -0.3773 -0.5942 -0.5874 -0.5904 -0.5874 -0.2932
2170.00 -0.4152 -0.6517 -0.6515 -0.6506 -0.6536 -0.3340
2180.00 -0.4207 -0.6405 -0.6329 -0.6415 -0.6433 -0.3211
2190.00 -0.3676 -0.5088 -0.5090 -0.5129 -0.5151 -0.2973
2200.00 -0.4148 -0.6498 -0.6487 -0.6571 -0.6545 -0.3254
2210.00 -0.4333 -0.5915 -0.5862 -0.5880 -0.5853 -0.3270
2220.00 -0.3947 -0.5685 -0.5599 -0.5649 -0.5666 -0.3100
2230.00 -0.4179 -0.6077 -0.6000 -0.6087 -0.6000 -0.3262
2240.00 -0.4127 -0.5574 -0.5669 -0.5617 -0.5633 -0.3227
2250.00 -0.3842 -0.5759 -0.5830 -0.5849 -0.5827 -0.3119
2260.00 -0.4225 -0.5986 -0.5912 -0.5899 -0.6040 -0.3041
2270.00 -0.4082 -0.5117 -0.5113 -0.5126 -0.5080 -0.3206
2280.00 -0.4090 -0.5610 -0.5740 -0.5661 -0.5712 -0.3137
2290.00 -0.4290 -0.5251 -0.5281 -0.5307 -0.5252 -0.3184
2300.00 -0.3959 -0.5463 -0.5406 -0.5423 -0.5455 -0.3198
2310.00 -0.3818 -0.8249 -0.8359 -0.8263 -0.8365 -0.3037
2320.00 -0.3950 -0.7403 -0.7426 -0.7480 -0.7374 -0.3194
2330.00 -0.4055 -0.6441 -0.6458 -0.6493 -0.6464 -0.3217
2340.00 -0.3917 -0.5457 -0.5446 -0.5453 -0.5448 -0.3070
2350.00 -0.4207 -0.5537 -0.5483 -0.5540 -0.5444 -0.3122
2360.00 -0.4054 -0.6049 -0.5999 -0.6011 -0.6033 -0.3151
2370.00 -0.4372 -0.5760 -0.5881 -0.5847 -0.5881 -0.3184
2380.00 -0.3830 -0.4828 -0.4830 -0.4820 -0.4808 -0.3069
2390.00 -0.4185 -0.5859 -0.5886 -0.5857 -0.5888 -0.3246
2400.00 -0.4138 -0.6276 -0.6186 -0.6221 -0.6231 -0.3174
2410.00 -0.4115 -0.5740 -0.5640 -0.5631 -0.5631 -0.3246
2420.00 -0.4043 -0.5241 -0.5230 -0.5245 -0.5282 -0.3111
2430.00 -0.4058 -0.5505 -0.5404 -0.5430 -0.5444 -0.2992
2440.00 -0.4331 -0.6344 -0.6271 -0.6239 -0.6239 -0.3373
2450.00 -0.3852 -0.6187 -0.6181 -0.6225 -0.6192 -0.3070
2460.00 -0.4141 -0.7714 -0.7696 -0.7642 -0.7664 -0.3330
2470.00 -0.3993 -0.6369 -0.6326 -0.6417 -0.6327 -0.3214
2480.00 -0.3935 -0.6574 -0.6564 -0.6497 -0.6580 -0.3128
2490.00 -0.4125 -0.6419 -0.6293 -0.6398 -0.6336 -0.3069
2500.00 -0.4004 -0.5143 -0.5160 -0.5114 -0.5145 -0.3049
2510.00 -0.4315 -0.6124 -0.6142 -0.6056 -0.6126 -0.3222
2520.00 -0.3986 -0.5559 -0.5586 -0.5579 -0.5546 -0.3181
2530.00 -0.3905 -0.5317 -0.5281 -0.5370 -0.5265 -0.3051
2540.00 -0.4067 -0.6444 -0.6431 -0.6468 -0.6526 -0.3284
2550.00 -0.4276 -0.6055 -0.6067 -0.6009 -0.6052 -0.3244
2560.00 -0.4163 -0.5673 -0.5641 -0.5680 -0.5627 -0.3153
2570.00 -0.4000 -0.6758 -0.6668 -0.6813 -0.6765 -0.3162
2580.00 -0.3735 -0.5314 -0.5346 -0.5237 -0.5257 -0.2921
2590.00 -0.4435 -0.5896 -0.5884 -0.5830 -0.5882 -0.3336
2600.00 -0.4332 -0.6417 -0.6524 -0.6507 -0.6422 -0.3240
2610.00 -0.3728 -0.5423 -0.5485 -0.5422 -0.5451 -0.2977
2620.00 -0.4023 -0.7506 -0.7466 -0.7420 -0.7492 -0.3319
2630.00 -0.3955 -0.6526 -0.6543 -0.6569 -0.6552 -0.2993
2640.00 -0.4194 -0.6126 -0.6133 -0.6063 -0.6088 -0.3223
2650.00 -0.3987 -0.5459 -0.5500 -0.5486 -0.5394 -0.3040
2660.00 -0.4334 -0.5902 -0.5921 -0.5900 -0.5999 -0.3378
2670.00 -0.3810 -0.4883 -0.4779 -0.4836 -0.4856 -0.2920
2680.00 -0.4379 -0.5687 -0.5730 -0.5762 -0.5685 -0.3315
2690.00 -0.3595 -0.6519 -0.6584 -0.6453 -0.6430 -0.2965
2700.00 -0.3896 -0.7351 -0.7369 -0.7385 -0.7411 -0.3053
2710.00 -0.4078 -0.5596 -0.5616 -0.5617 -0.5602 -0.3147
2720.00 -0.4264 -0.6900 -0.6948 -0.6927 -0.6991 -0.3302
2730.00 -0.4004 -0.5497 -0.5456 -0.5405 -0.5426 -0.3046
2740.00 -0.4306 -0.5243 -0.5228 -0.5219 -0.5242 -0.3261
2750.00 -0.3854 -0.5799 -0.5767 -0.5797 -0.5785 -0.3049
2760.00 -0.4057 -0.6747 -0.6730 -0.6655 -0.6710 -0.3239
2770.00 -0.4214 -0.5899 -0.5879 -0.5936 -0.5891 -0.3223
2780.00 -0.4078 -0.6781 -0.6680 -0.6842 -0.6729 -0.3192
2790.00 -0.3996 -0.5852 -0.5843 -0.5771 -0.5829 -0.3112
2800.00 -0.4170 -0.5226 -0.5215 -0.5250 -0.5256 -0.3146
2810.00 -0.4103 -0.5165 -0.5129 -0.5167 -0.5112 -0.3060
2820.00 -0.4151 -0.5944 -0.5933 -0.5944 -0.5912 -0.3293
2830.00 -0.4207 -0.5662 -0.5651 -0.5647 -0.5678 -0.3204
2840.00 -0.3990 -0.5307 -0.5366 -0.5366 -0.5332 -0.3034
2850.00 -0.3886 -0.7167 -0.7119 -0.7103 -0.7031 -0.3114
2860.00 -0.4203 -0.7240 -0.7330 -0.7240 -0.7225 -0.3378
2870.00 -0.3863 -0.5745 -0.5817 -0.5741 -0.5752 -0.2897
2880.00 -0.4153 -0.5883 -0.5852 -0.5874 -0.5868 -0.3304
2890.00 -0.3957 -0.6200 -0.6182 -0.6045 -0.6104 -0.3102
2900.00 -0.4235 -0.5902 -0.5819 -0.5868 -0.5839 -0.3066
2910.00 -0.3961 -0.5184 -0.5098 -0.5162 -0.5213 -0.3088
2920.00 -0.4231 -0.5310 -0.5279 -0.5361 -0.5435 -0.3207
2930.00 -0.4177 -0.6192 -0.6232 -0.6238 -0.6194 -0.3310
2940.00 -0.4016 -0.7282 -0.7328 -0.7188 -0.7206 -0.3206
2950.00 -0.4025 -0.6348 -0.6338 -0.6333 -0.6387 -0.3085
2960.00 -0.4079 -0.6311 -0.6332 -0.6392 -0.6275 -0.3140
2970.00 -0.3811 -0.5754 -0.5754 -0.5749 -0.5750 -0.2996
2980.00 -0.4124 -0.6023 -0.5956 -0.5974 -0.5989 -0.3289
2990.00 -0.4153 -0.6756 -0.6692 -0.6723 -0.6721 -0.3173
3000.00 -0.4246 -0.5229 -0.5236 -0.5266 -0.5280 -0.3268
3010.00 -0.3839 -0.5458 -0.5390 -0.5406 -0.5456 -0.2954
3020.00 -0.4263 -0.6188 -0.6170 -0.6162 -0.6147 -0.3112
3030.00 -0.4148 -0.6287 -0.6257 -0.6165 -0.6228 -0.3300
3040.00 -0.3944 -0.5215 -0.5182 -0.5215 -0.5249 -0.3046
3050.00 -0.4294 -0.6477 -0.6512 -0.6542 -0.6547 -0.3294
3060.00 -0.3929 -0.6078 -0.5991 -0.6006 -0.5914 -0.3049
3070.00 -0.4135 -0.5706 -0.5807 -0.5739 -0.5756 -0.3275
3080.00 -0.4088 -0.6174 -0.6260 -0.6160 -0.6256 -0.3188
3090.00 -0.3965 -0.6076 -0.6112 -0.6047 -0.5967 -0.3037
3100.00 -0.4153 -0.5642 -0.5643 -0.5536 -0.5650 -0.3261
3110.00 -0.4056 -0.5867 -0.5824 -0.5788 -0.5783 -0.3114
3120.00 -0.4054 -0.6961 -0.6994 -0.7027 -0.7056 -0.3121
3130.00 -0.4211 -0.6099 -0.6105 -0.6201 -0.6133 -0.3321
3140.00 -0.3969 -0.6441 -0.6496 -0.6585 -0.6491 -0.3135
3150.00 -0.3855 -0.6344 -0.6317 -0.6371 -0.6332 -0.3003
3160.00 -0.4117 -0.6401 -0.6417 -0.6345 -0.6377 -0.3266
3170.00 -0.4133 -0.6293 -0.6342 -0.6317 -0.6209 -0.3171
3180.00 -0.4250 -0.6473 -0.6478 -0.6499 -0.6534 -0.3250
3190.00 -0.4015 -0.5756 -0.5778 -0.5756 -0.5751 -0.3211
3200.00 -0.4175 -0.5514 -0.5472 -0.5452 -0.5540 -0.3171
3210.00 -0.4114 -0.5543 -0.5519 -0.5563 -0.5494 -0.2997
3220.00 -0.4013 -0.5634 -0.5585 -0.5578 -0.5550 -0.3066
3230.00 -0.3814 -0.6886 -0.6856 -0.6790 -0.6795 -0.3148
3240.00 -0.4425 -0.6411 -0.6459 -0.6436 -0.6385 -0.3204
3250.00 -0.4037 -0.5286 -0.5335 -0.5333 -0.5336 -0.3084
3260.00 -0.4270 -0.6745 -0.6838 -0.6770 -0.6728 -0.3176
3270.00 -0.3833 -0.4630 -0.4663 -0.4573 -0.4589 -0.2977
3280.00 -0.4091 -0.6184 -0.6164 -0.6146 -0.6191 -0.3330
3290.00 -0.3972 -0.5693 -0.5683 -0.5680 -0.5641 -0.3043
3300.00 -0.4239 -0.6382 -0.6311 -0.6264 -0.6341 -0.3289
3310.00 -0.3933 -0.5726 -0.5728 -0.5760 -0.5755 -0.3034
3320.00 -0.4049 -0.5542 -0.5558 -0.5553 -0.5565 -0.3201
3330.00 -0.4418 -0.6747 -0.6737 -0.6712 -0.6806 -0.3502
3340.00 -0.3962 -0.7327 -0.7266 -0.7370 -0.7277 -0.3225
3350.00 -0.3707 -0.6853 -0.6798 -0.6905 -0.6840 -0.2914
3360.00 -0.4062 -0.5929 -0.5938 -0.5916 -0.5969 -0.3164
3370.00 -0.4300 -0.5990 -0.6011 -0.5965 -0.5963 -0.3282
3380.00 -0.4051 -0.5253 -0.5322 -0.5350 -0.5349 -0.3106
3390.00 -0.4089 -0.4945 -0.4909 -0.4892 -0.4891 -0.3147
3400.00 -0.4076 -0.5501 -0.5550 -0.5454 -0.5483 -0.3159
3410.00 -0.4385 -0.6163 -0.6200 -0.6193 -0.6123 -0.3219
3420.00 -0.3920 -0.4749 -0.4789 -0.4795 -0.4779 -0.2955
3430.00 -0.4150 -0.5714 -0.5750 -0.5728 -0.5736 -0.3184
3440.00 -0.4413 -0.6855 -0.6838 -0.6848 -0.6868 -0.3373
3450.00 -0.3913 -0.6203 -0.6250 -0.6179 -0.6253 -0.3214
3460.00 -0.4054 -0.7478 -0.7558 -0.7428 -0.7482 -0.3108
3470.00 -0.3963 -0.5329 -0.5392 -0.5375 -0.5264 -0.3067
3480.00 -0.3979 -0.5349 -0.5332 -0.5393 -0.5371 -0.3152
3490.00 -0.4070 -0.6105 -0.6129 -0.6099 -0.6090 -0.3196
3500.00 -0.4242 -0.6850 -0.6869 -0.6856 -0.6954 -0.3290
3510.00 -0.3891 -0.6089 -0.6146 -0.6093 -0.6086 -0.3088
3520.00 -0.4102 -0.5897 -0.5938 -0.5980 -0.5940 -0.3114
3530.00 -0.4022 -0.5394 -0.5447 -0.5412 -0.5432 -0.3161
3540.00 -0.4134 -0.6721 -0.6675 -0.6715 -0.6758 -0.3219
3550.00 -0.4017 -0.5757 -0.5795 -0.5770 -0.5824 -0.3086
3560.00 -0.4104 -0.5276 -0.5288 -0.5343 -0.5267 -0.3084
3570.00 -0.3982 -0.5261 -0.5301 -0.5275 -0.5167 -0.3109
3580.00 -0.4194 -0.7333 -0.7283 -0.7305 -0.7214 -0.3316
3590.00 -0.3982 -0.5125 -0.5051 -0.5107 -0.5088 -0.3031
3600.00 -0.4417 -0.5340 -0.5413 -0.5370 -0.5374 -0.3271
3610.00 -0.4089 -0.4969 -0.4963 -0.4913 -0.4924 -0.3140
3620.00 -0.3829 -0.8691 -0.8635 -0.8652 -0.8642 -0.3288
3630.00 -0.3980 -0.6950 -0.6882 -0.6974 -0.6925 -0.3108
3640.00 -0.3853 -0.6716 -0.6706 -0.6734 -0.6630 -0.2968
3650.00 -0.4135 -0.5687 -0.5677 -0.5717 -0.5717 -0.3227
3660.00 -0.4183 -0.5675 -0.5675 -0.5731 -0.5737 -0.3180
3670.00 -0.4266 -0.5681 -0.5770 -0.5653 -0.5643 -0.3124
3680.00 -0.4106 -0.4365 -0.4401 -0.4404 -0.4483 -0.3067
3690.00 -0.4438 -0.5367 -0.5312 -0.5322 -0.5340 -0.3248
3700.00 -0.4279 -0.4886 -0.4913 -0.4891 -0.4956 -0.3165
3710.00 -0.4115 -0.5435 -0.5409 -0.5414 -0.5448 -0.3051
3720.00 -0.4149 -0.5755 -0.5660 -0.5759 -0.5800 -0.3226
3730.00 -0.3801 -0.8782 -0.8984 -0.8849 -0.8840 -0.3349
3740.00 -0.3477 -0.9388 -0.9380 -0.9330 -0.9342 -0.2989
3750.00 -0.4097 -0.6134 -0.6078 -0.6049 -0.6114 -0.3115
3760.00 -0.4317 -0.5947 -0.5881 -0.5888 -0.5962 -0.3294
3770.00 -0.4216 -0.5904 -0.5918 -0.5899 -0.5820 -0.3191
3780.00 -0.4010 -0.5382 -0.5410 -0.5451 -0.5511 -0.2997
3790.00 -0.4135 -0.5014 -0.4902 -0.4953 -0.4971 -0.3161
3800.00 -0.4290 -0.5672 -0.5685 -0.5699 -0.5668 -0.3194
3810.00 -0.4126 -0.5019 -0.5019 -0.4992 -0.5000 -0.3150
3820.00 -0.4487 -0.4950 -0.4954 -0.4949 -0.4954 -0.3276
3830.00 -0.4275 -0.4942 -0.5012 -0.4908 -0.5031 -0.3064
3840.00 -0.4289 -0.5913 -0.6080 -0.5987 -0.6099 -0.3274
3850.00 -0.4180 -0.6237 -0.6179 -0.6221 -0.6223 -0.3294
3860.00 -0.4059 -0.5415 -0.5470 -0.5435 -0.5480 -0.3176
3870.00 -0.3862 -0.6883 -0.6892 -0.6916 -0.6898 -0.3306
3880.00 -0.3850 -0.8002 -0.7971 -0.7983 -0.8002 -0.3158
3890.00 -0.3896 -0.5882 -0.5822 -0.5853 -0.5864 -0.2994
3900.00 -0.4290 -0.6351 -0.6413 -0.6398 -0.6436 -0.3332
3910.00 -0.4079 -0.5943 -0.5904 -0.5869 -0.5892 -0.3220
3920.00 -0.4059 -0.5442 -0.5477 -0.5446 -0.5443 -0.3080
3930.00 -0.3965 -0.5764 -0.5743 -0.5745 -0.5732 -0.3116
3940.00 -0.4479 -0.5973 -0.6004 -0.6047 -0.5915 -0.3478
3950.00 -0.3708 -0.6922 -0.6848 -0.6866 -0.6887 -0.2965
3960.00 -0.3928 -0.6726 -0.6765 -0.6650 -0.6702 -0.3183
3970.00 -0.4179 -0.6405 -0.6402 -0.6328 -0.6419 -0.3288
3980.00 -0.4023 -0.6293 -0.6231 -0.6286 -0.6238 -0.3136
3990.00 -0.4251 -0.5882 -0.5970 -0.5939 -0.5958 -0.3164
4000.00 -0.3896 -0.5403 -0.5467 -0.5438 -0.5507 -0.3024
