10.00 -0.4596 -0.4600 -0.4725 -0.4690 -0.4660 -0.3024
20.00 -0.5092 -0.5046 -0.5045 -0.5105 -0.5038 -0.3241
30.00 -0.4832 -0.4981 -0.5093 -0.4995 -0.4895 -0.3314
40.00 -0.4694 -0.4764 -0.4847 -0.4616 -0.4703 -0.3096
50.00 -0.4839 -0.4740 -0.4760 -0.4832 -0.4727 -0.3061
60.00 -0.4764 -0.4703 -0.4820 -0.4751 -0.4796 -0.3176
70.00 -0.5010 -0.5034 -0.5015 -0.4962 -0.5062 -0.3212
80.00 -0.4771 -0.4833 -0.4843 -0.4767 -0.4784 -0.3171
90.00 -0.4512 -0.4590 -0.4656 -0.4626 -0.4519 -0.2999
100.00 -0.5148 -0.5209 -0.5164 -0.5120 -0.5054 -0.3267
110.00 -0.4581 -0.4624 -0.4397 -0.4611 -0.4588 -0.3132
120.00 -0.4906 -0.4729 -0.4771 -0.4905 -0.4743 -0.3053
130.00 -0.4938 -0.4855 -0.4804 -0.4952 -0.4856 -0.3050
140.00 -0.4657 -0.4603 -0.4611 -0.4602 -0.4605 -0.3070
150.00 -0.5111 -0.5204 -0.5214 -0.5246 -0.5169 -0.3385
160.00 -0.4755 -0.4936 -0.4765 -0.4759 -0.4888 -0.3018
170.00 -0.4727 -0.4703 -0.4624 -0.4790 -0.4700 -0.3044
180.00 -0.4923 -0.4957 -0.5016 -0.5134 -0.5029 -0.3295
190.00 -0.4711 -0.4788 -0.4750 -0.4788 -0.4816 -0.3083
200.00 -0.4843 -0.4771 -0.4809 -0.4800 -0.4860 -0.3228
210.00 -0.4594 -0.4819 -0.4845 -0.4779 -0.4811 -0.3090
220.00 -0.4932 -0.4819 -0.4928 -0.4749 -0.4954 -0.3105
230.00 -0.5015 -0.4904 -0.5011 -0.4904 -0.4890 -0.3206
240.00 -0.4401 -0.4268 -0.4401 -0.4506 -0.4445 -0.2907
250.00 -0.5064 -0.5054 -0.5093 -0.5160 -0.4959 -0.3270
260.00 -0.4748 -0.4803 -0.4831 -0.4815 -0.4750 -0.3108
270.00 -0.4982 -0.4984 -0.5035 -0.5097 -0.4983 -0.3270
280.00 -0.4804 -0.4769 -0.4740 -0.4786 -0.4717 -0.3167
290.00 -0.4499 -0.4600 -0.4533 -0.4701 -0.4694 -0.3041
300.00 -0.4815 -0.4858 -0.4905 -0.4786 -0.4825 -0.3102
310.00 -0.4524 -0.4793 -0.4725 -0.4704 -0.4675 -0.3029
320.00 -0.5112 -0.5151 -0.5151 -0.4974 -0.4949 -0.3254
330.00 -0.4912 -0.4858 -0.4833 -0.4788 -0.4853 -0.3221
340.00 -0.4971 -0.4942 -0.4922 -0.4760 -0.4769 -0.3162
350.00 -0.4682 -0.4838 -0.4688 -0.4797 -0.4733 -0.3128
360.00 -0.4613 -0.4727 -0.4801 -0.4670 -0.4633 -0.3099
370.00 -0.5058 -0.5031 -0.5001 -0.4911 -0.4627 -0.3203
380.00 -0.4856 -0.4795 -0.4653 -0.4728 -0.4651 -0.3114
390.00 -0.5297 -0.5219 -0.5215 -0.5209 -0.5067 -0.3295
400.00 -0.5055 -0.5012 -0.4969 -0.4999 -0.4957 -0.3208
410.00 -0.4565 -0.4509 -0.4581 -0.4571 -0.4482 -0.3054
420.00 -0.4697 -0.4870 -0.4797 -0.4803 -0.4794 -0.3151
430.00 -0.4868 -0.4889 -0.4909 -0.4905 -0.4828 -0.3090
440.00 -0.4837 -0.4694 -0.4635 -0.4753 -0.4706 -0.3124
450.00 -0.4848 -0.4936 -0.4846 -0.5007 -0.4864 -0.3106
460.00 -0.4661 -0.4632 -0.4622 -0.4711 -0.4626 -0.3083
470.00 -0.5032 -0.5103 -0.4973 -0.4984 -0.5037 -0.3247
480.00 -0.4869 -0.4870 -0.4668 -0.4759 -0.4849 -0.3168
490.00 -0.4643 -0.4637 -0.4684 -0.4576 -0.4614 -0.3021
500.00 -0.5045 -0.5117 -0.4862 -0.5035 -0.4952 -0.3249
510.00 -0.4868 -0.4903 -0.4812 -0.4776 -0.4896 -0.3089
520.00 -0.5088 -0.5137 -0.5058 -0.5068 -0.5048 -0.3237
530.00 -0.4916 -0.4843 -0.4902 -0.4861 -0.4835 -0.3254
540.00 -0.4902 -0.4763 -0.4895 -0.4961 -0.4960 -0.3202
550.00 -0.4804 -0.4805 -0.4692 -0.4793 -0.4695 -0.3127
560.00 -0.4639 -0.4690 -0.4616 -0.4628 -0.4715 -0.3089
570.00 -0.4855 -0.4949 -0.4913 -0.4918 -0.4988 -0.3218
580.00 -0.4605 -0.4657 -0.4750 -0.4600 -0.4688 -0.2963
590.00 -0.5038 -0.4918 -0.4908 -0.5058 -0.5038 -0.3234
600.00 -0.4779 -0.4681 -0.4765 -0.4782 -0.4813 -0.3009
610.00 -0.4823 -0.4790 -0.4764 -0.4708 -0.4635 -0.2984
620.00 -0.4974 -0.5016 -0.4857 -0.4958 -0.4854 -0.3302
630.00 -0.4914 -0.4930 -0.4862 -0.4964 -0.4777 -0.3162
640.00 -0.5080 -0.5036 -0.4936 -0.4972 -0.5050 -0.3229
650.00 -0.4696 -0.4594 -0.4670 -0.4612 -0.4658 -0.3144
660.00 -0.4829 -0.4843 -0.4849 -0.4886 -0.4836 -0.3095
670.00 -0.4666 -0.4704 -0.4616 -0.4681 -0.4786 -0.3012
680.00 -0.4711 -0.4756 -0.4822 -0.4808 -0.4752 -0.3069
690.00 -0.4894 -0.4851 -0.4942 -0.5012 -0.4819 -0.3168
700.00 -0.4873 -0.4731 -0.4798 -0.4880 -0.4806 -0.3210
710.00 -0.4587 -0.4622 -0.4696 -0.4553 -0.4707 -0.3143
720.00 -0.5061 -0.4981 -0.5081 -0.5089 -0.5122 -0.3244
730.00 -0.4820 -0.4867 -0.4880 -0.4843 -0.4855 -0.3059
740.00 -0.4761 -0.4790 -0.4967 -0.4869 -0.4850 -0.3260
750.00 -0.4982 -0.4927 -0.4919 -0.5005 -0.5042 -0.3243
760.00 -0.4516 -0.4335 -0.4441 -0.4424 -0.4477 -0.2922
770.00 -0.5159 -0.5127 -0.5140 -0.5077 -0.4978 -0.3259
780.00 -0.4630 -0.4716 -0.4782 -0.4707 -0.4657 -0.3073
790.00 -0.4367 -0.4512 -0.4489 -0.4520 -0.4445 -0.2894
800.00 -0.5434 -0.5438 -0.5510 -0.5630 -0.5498 -0.3492
810.00 -0.4693 -0.4672 -0.4762 -0.4730 -0.4633 -0.3093
820.00 -0.4583 -0.4678 -0.4730 -0.4675 -0.4658 -0.2936
830.00 -0.5076 -0.5003 -0.4992 -0.5083 -0.4988 -0.3271
840.00 -0.4674 -0.4612 -0.4655 -0.4700 -0.4647 -0.3115
850.00 -0.5114 -0.4986 -0.4965 -0.5102 -0.4961 -0.3184
860.00 -0.4851 -0.4819 -0.4787 -0.4866 -0.4785 -0.3212
870.00 -0.4901 -0.4937 -0.4929 -0.4757 -0.4875 -0.2977
880.00 -0.4881 -0.4948 -0.4930 -0.4993 -0.4993 -0.3215
890.00 -0.4644 -0.4496 -0.4537 -0.4448 -0.4564 -0.3001
900.00 -0.4856 -0.4668 -0.4880 -0.4810 -0.4835 -0.3124
910.00 -0.4747 -0.4827 -0.4664 -0.4814 -0.4666 -0.3151
920.00 -0.4854 -0.4913 -0.4926 -0.4871 -0.5026 -0.3112
930.00 -0.4969 -0.4974 -0.4982 -0.4982 -0.4994 -0.3320
940.00 -0.4755 -0.4977 -0.4837 -0.4973 -0.4913 -0.3169
950.00 -0.4827 -0.4917 -0.4829 -0.4888 -0.4770 -0.3180
960.00 -0.4875 -0.4926 -0.4919 -0.4993 -0.4864 -0.3072
970.00 -0.4953 -0.4895 -0.4836 -0.4790 -0.4835 -0.3073
980.00 -0.4676 -0.4623 -0.4514 -0.4588 -0.4666 -0.3065
990.00 -0.4975 -0.5034 -0.4950 -0.4929 -0.5008 -0.3321
1000.00 -0.4651 -0.4689 -0.4543 -0.4624 -0.4615 -0.3047
1010.00 -0.5241 -0.6141 -0.6089 -0.6169 -0.5989 -0.3470
1020.00 -0.5001 -0.8022 -0.8076 -0.8045 -0.7937 -0.3063
1030.00 -0.5267 -0.8576 -0.8565 -0.8566 -0.8561 -0.3212
1040.00 -0.5466 -0.9612 -0.9694 -0.9686 -0.9615 -0.3242
1050.00 -0.5306 -0.8731 -0.8740 -0.8770 -0.8742 -0.3152
1060.00 -0.5423 -0.8668 -0.8737 -0.8725 -0.8726 -0.3320
1070.00 -0.5117 -0.8747 -0.8602 -0.8555 -0.8616 -0.3116
1080.00 -0.5092 -0.8880 -0.8931 -0.8899 -0.8913 -0.3156
1090.00 -0.5383 -0.9253 -0.9319 -0.9272 -0.9295 -0.3129
1100.00 -0.4984 -0.8380 -0.8415 -0.8395 -0.8342 -0.3047
1110.00 -0.5231 -0.8604 -0.8633 -0.8554 -0.8650 -0.3216
1120.00 -0.5437 -0.8842 -0.8858 -0.8869 -0.8837 -0.3211
1130.00 -0.5095 -0.8117 -0.8100 -0.8001 -0.8054 -0.3067
1140.00 -0.5443 -0.8967 -0.8935 -0.8928 -0.8889 -0.3314
1150.00 -0.5019 -0.7691 -0.7628 -0.7683 -0.7598 -0.2999
1160.00 -0.5438 -0.8468 -0.8511 -0.8558 -0.8455 -0.3146
1170.00 -0.5162 -0.7879 -0.7846 -0.7927 -0.7952 -0.3134
1180.00 -0.5414 -0.8228 -0.8225 -0.8161 -0.8176 -0.3335
1190.00 -0.4953 -0.7470 -0.7475 -0.7434 -0.7378 -0.2924
1200.00 -0.5121 -0.6958 -0.7087 -0.7083 -0.7042 -0.3304
1210.00 -0.4164 -0.4697 -0.4812 -0.4762 -0.4743 -0.3055
1220.00 -0.4598 -0.5157 -0.5135 -0.5153 -0.5162 -0.3379
1230.00 -0.4116 -0.4597 -0.4594 -0.4582 -0.4573 -0.2972
1240.00 -0.4539 -0.5033 -0.4985 -0.5062 -0.5095 -0.3226
1250.00 -0.4323 -0.4952 -0.4906 -0.5070 -0.5050 -0.3037
1260.00 -0.4506 -0.4943 -0.4991 -0.4972 -0.4888 -0.3212
1270.00 -0.4572 -0.4960 -0.5090 -0.5034 -0.5158 -0.3248
1280.00 -0.4392 -0.4718 -0.4686 -0.4683 -0.4766 -0.3016
1290.00 -0.4719 -0.5106 -0.4968 -0.4972 -0.4909 -0.3269
1300.00 -0.4705 -0.4730 -0.4677 -0.4758 -0.4687 -0.3199
1310.00 -0.4704 -0.5015 -0.4947 -0.4980 -0.4901 -0.3081
1320.00 -0.4920 -0.5096 -0.4957 -0.4991 -0.4971 -0.3348
1330.00 -0.4587 -0.4756 -0.4612 -0.4691 -0.4661 -0.3133
1340.00 -0.5024 -0.5087 -0.5008 -0.5065 -0.4998 -0.3292
1350.00 -0.4868 -0.4939 -0.4885 -0.4842 -0.4868 -0.3067
1360.00 -0.4782 -0.4684 -0.4685 -0.4667 -0.4742 -0.3248
1370.00 -0.4972 -0.5049 -0.5026 -0.4995 -0.5099 -0.3361
1380.00 -0.4440 -0.4563 -0.4458 -0.4464 -0.4422 -0.2904
1390.00 -0.4805 -0.4982 -0.4961 -0.4827 -0.4942 -0.3202
1400.00 -0.4651 -0.4731 -0.4816 -0.4885 -0.4836 -0.3219
1410.00 -0.5081 -0.4982 -0.5135 -0.5020 -0.4992 -0.3023
1420.00 -0.4504 -0.4637 -0.4499 -0.4520 -0.4487 -0.3060
1430.00 -0.4945 -0.5019 -0.4970 -0.4888 -0.5051 -0.3343
1440.00 -0.4956 -0.4997 -0.4928 -0.5037 -0.5076 -0.3163
1450.00 -0.4727 -0.4913 -0.4723 -0.4857 -0.4841 -0.3090
1460.00 -0.4890 -0.4775 -0.4746 -0.4822 -0.4835 -0.3182
1470.00 -0.4792 -0.4999 -0.4916 -0.5011 -0.4782 -0.3195
1480.00 -0.4916 -0.4971 -0.4925 -0.5063 -0.4855 -0.3144
1490.00 -0.4751 -0.4686 -0.4780 -0.4659 -0.4854 -0.3090
1500.00 -0.4662 -0.4604 -0.4421 -0.4455 -0.4486 -0.3002
1510.00 -0.5140 -0.5128 -0.5042 -0.5121 -0.5062 -0.3346
1520.00 -0.4514 -0.4540 -0.4505 -0.4579 -0.4391 -0.2907
1530.00 -0.4966 -0.4999 -0.4960 -0.4944 -0.4923 -0.3158
1540.00 -0.5005 -0.5000 -0.4959 -0.5058 -0.5025 -0.3429
1550.00 -0.4766 -0.4693 -0.4769 -0.4774 -0.4646 -0.2985
1560.00 -0.4783 -0.4743 -0.4737 -0.4788 -0.4686 -0.3175
1570.00 -0.4876 -0.5064 -0.5088 -0.5124 -0.5074 -0.3147
1580.00 -0.4488 -0.4608 -0.4638 -0.4620 -0.4611 -0.2960
1590.00 -0.4575 -0.4757 -0.4821 -0.4733 -0.4697 -0.3233
1600.00 -0.4595 -0.5114 -0.5211 -0.5079 -0.5163 -0.3122
1610.00 -0.4708 -0.4806 -0.4823 -0.4783 -0.4731 -0.3218
1620.00 -0.4676 -0.4945 -0.4886 -0.4849 -0.4856 -0.3179
1630.00 -0.4369 -0.4807 -0.4695 -0.4702 -0.4731 -0.2969
1640.00 -0.4097 -0.5650 -0.5585 -0.5615 -0.5637 -0.3367
1650.00 0.2853 -2.9851 -2.9891 -2.9886 -2.9837 -0.2817
1660.00 -0.3555 -0.3997 -0.4008 -0.4010 -0.4027 -0.2718
1670.00 -0.4249 -0.5201 -0.5145 -0.5207 -0.5128 -0.3052
1680.00 -0.4319 -0.5272 -0.5272 -0.5271 -0.5199 -0.3101
1690.00 -0.4120 -0.4943 -0.5030 -0.4961 -0.4960 -0.3143
1700.00 -0.4177 -0.5000 -0.5088 -0.5002 -0.5061 -0.3119
1710.00 -0.4357 -0.5322 -0.5339 -0.5365 -0.5320 -0.3245
1720.00 -0.4366 -0.5052 -0.5071 -0.5053 -0.5109 -0.3283
1730.00 -0.4378 -0.4700 -0.4742 -0.4784 -0.4739 -0.3155
1740.00 -0.4551 -0.4852 -0.4962 -0.4854 -0.4765 -0.3074
1750.00 -0.4467 -0.4762 -0.4742 -0.4724 -0.4766 -0.3080
1760.00 -0.4551 -0.4809 -0.4855 -0.4824 -0.4777 -0.3193
1770.00 -0.4962 -0.5154 -0.5111 -0.5064 -0.4977 -0.3189
1780.00 -0.4725 -0.4962 -0.4918 -0.4933 -0.4836 -0.3110
1790.00 -0.4836 -0.5026 -0.4930 -0.4836 -0.4866 -0.3340
1800.00 -0.4439 -0.4576 -0.4577 -0.4445 -0.4636 -0.2986
1810.00 -0.4911 -0.4930 -0.4891 -0.4846 -0.4995 -0.3115
1820.00 -0.4781 -0.4862 -0.4863 -0.4819 -0.4931 -0.3070
1830.00 -0.5046 -0.4894 -0.4999 -0.4943 -0.4900 -0.3240
1840.00 -0.4860 -0.4705 -0.4860 -0.4692 -0.4759 -0.3089
1850.00 -0.5029 -0.5175 -0.5115 -0.4986 -0.4882 -0.3193
1860.00 -0.4835 -0.4647 -0.4582 -0.4656 -0.4530 -0.2974
1870.00 -0.5060 -0.4990 -0.5055 -0.5077 -0.5153 -0.3264
1880.00 -0.4872 -0.4700 -0.4848 -0.4715 -0.4891 -0.3148
1890.00 -0.4737 -0.4694 -0.4764 -0.4698 -0.4680 -0.3091
1900.00 -0.4472 -0.4589 -0.4565 -0.4557 -0.4466 -0.3065
1910.00 -0.5147 -0.5208 -0.5141 -0.5253 -0.4945 -0.3214
1920.00 -0.4791 -0.4686 -0.4653 -0.4767 -0.4765 -0.3185
1930.00 -0.4875 -0.4966 -0.4956 -0.4894 -0.4878 -0.3132
1940.00 -0.4675 -0.4760 -0.4602 -0.4762 -0.4730 -0.3120
1950.00 -0.4728 -0.4833 -0.4690 -0.4840 -0.4787 -0.3070
1960.00 -0.4550 -0.4864 -0.4693 -0.4641 -0.4817 -0.3084
1970.00 -0.4793 -0.4923 -0.4946 -0.4955 -0.4877 -0.3261
1980.00 -0.4966 -0.5005 -0.4935 -0.4947 -0.4867 -0.3133
1990.00 -0.4627 -0.4817 -0.4863 -0.4768 -0.4848 -0.3146
2000.00 -0.4567 -0.4707 -0.4752 -0.4678 -0.4714 -0.3186
2010.00 -0.4879 -0.5093 -0.5227 -0.5034 -0.5167 -0.3210
2020.00 -0.4654 -0.4747 -0.4818 -0.4685 -0.4808 -0.3055
2030.00 -0.4528 -0.4760 -0.4747 -0.4752 -0.4759 -0.3091
2040.00 -0.4655 -0.4875 -0.4847 -0.4866 -0.4857 -0.3117
2050.00 -0.4960 -0.4867 -0.4958 -0.5030 -0.4888 -0.3255
2060.00 -0.4822 -0.4620 -0.4844 -0.4648 -0.4776 -0.2982
2070.00 -0.4902 -0.5028 -0.5017 -0.4992 -0.4951 -0.3206
2080.00 -0.4819 -0.4975 -0.4941 -0.4696 -0.4838 -0.3283
2090.00 -0.4678 -0.4797 -0.4782 -0.4746 -0.4759 -0.3179
2100.00 -0.4859 -0.5006 -0.4911 -0.4938 -0.4975 -0.3096
2110.00 -0.4834 -0.5071 -0.4903 -0.5125 -0.5022 -0.3253
2120.00 -0.4623 -0.4983 -0.5033 -0.4994 -0.5017 -0.3301
2130.00 -0.4321 -0.4811 -0.4823 -0.4808 -0.4764 -0.3111
2140.00 -0.3758 -0.5714 -0.5715 -0.5773 -0.5602 -0.3150
2150.00 0.3640 -2.9612 -2.9505 -2.9457 -2.9508 -0.2781
2160.00 -0.3652 -0.4176 -0.4192 -0.4210 -0.4237 -0.2774
2170.00 -0.4182 -0.4903 -0.4858 -0.4867 -0.4867 -0.3091
2180.00 -0.4071 -0.4660 -0.4657 -0.4600 -0.4570 -0.3082
2190.00 -0.4244 -0.4838 -0.4833 -0.4856 -0.4823 -0.3316
2200.00 -0.4072 -0.5241 -0.5334 -0.5314 -0.5319 -0.2922
2210.00 -0.4290 -0.5339 -0.5301 -0.5381 -0.5338 -0.3259
2220.00 -0.4229 -0.4912 -0.4901 -0.4943 -0.4928 -0.2976
2230.00 -0.4342 -0.4858 -0.4899 -0.4839 -0.4883 -0.3106
2240.00 -0.4340 -0.4994 -0.4879 -0.4920 -0.4916 -0.3156
2250.00 -0.4775 -0.5407 -0.5341 -0.5360 -0.5412 -0.3291
2260.00 -0.4435 -0.4864 -0.4904 -0.4808 -0.4851 -0.3014
2270.00 -0.4594 -0.4814 -0.4771 -0.4811 -0.4827 -0.3032
2280.00 -0.4791 -0.4836 -0.4703 -0.4775 -0.4757 -0.3024
2290.00 -0.4952 -0.4868 -0.4928 -0.4870 -0.5047 -0.3215
2300.00 -0.4617 -0.4771 -0.4853 -0.4830 -0.4796 -0.3140
2310.00 -0.4518 -0.4771 -0.4634 -0.4672 -0.4714 -0.3030
2320.00 -0.4940 -0.5074 -0.4957 -0.5080 -0.4882 -0.3328
2330.00 -0.4900 -0.5011 -0.4910 -0.4903 -0.5034 -0.3171
2340.00 -0.4386 -0.4521 -0.4480 -0.4458 -0.4467 -0.2928
2350.00 -0.5055 -0.5211 -0.5259 -0.4970 -0.4992 -0.3159
2360.00 -0.4650 -0.4785 -0.4884 -0.4919 -0.4886 -0.3139
2370.00 -0.4403 -0.4892 -0.4825 -0.4901 -0.4834 -0.3150
2380.00 -0.4295 -0.5331 -0.5310 -0.5305 -0.5291 -0.3232
2390.00 -0.1985 -1.5091 -1.5074 -1.5168 -1.5193 -0.3451
2400.00 -0.1597 -1.7099 -1.7144 -1.7117 -1.7121 -0.2373
2410.00 -0.4202 -0.5084 -0.5118 -0.5031 -0.4986 -0.3092
2420.00 -0.3945 -0.4622 -0.4692 -0.4693 -0.4761 -0.2911
2430.00 -0.4424 -0.5165 -0.5204 -0.5213 -0.5144 -0.3187
2440.00 -0.4361 -0.5173 -0.5117 -0.5078 -0.5214 -0.3238
2450.00 -0.4147 -0.4791 -0.4754 -0.4772 -0.4783 -0.3050
2460.00 -0.4494 -0.5037 -0.4962 -0.4975 -0.5025 -0.3229
2470.00 -0.4486 -0.4660 -0.4661 -0.4588 -0.4567 -0.3156
2480.00 -0.4625 -0.4925 -0.4909 -0.4903 -0.4921 -0.3099
2490.00 -0.4802 -0.5046 -0.5019 -0.4948 -0.4985 -0.3334
2500.00 -0.4611 -0.4909 -0.4804 -0.4874 -0.4868 -0.3070
2510.00 -0.4455 -0.4669 -0.4608 -0.4746 -0.4791 -0.3001
2520.00 -0.4654 -0.5207 -0.5179 -0.5268 -0.5165 -0.3230
2530.00 -0.4360 -0.4851 -0.4904 -0.4891 -0.4851 -0.3113
2540.00 -0.4285 -0.4841 -0.4893 -0.4890 -0.4883 -0.3146
2550.00 -0.4768 -0.4999 -0.5122 -0.5118 -0.5115 -0.3041
2560.00 -0.4343 -0.4601 -0.4634 -0.4709 -0.4588 -0.3000
2570.00 -0.4561 -0.4837 -0.4934 -0.4978 -0.4901 -0.3167
2580.00 -0.4935 -0.5230 -0.5131 -0.5174 -0.5148 -0.3370
2590.00 -0.4371 -0.4662 -0.4850 -0.4865 -0.4848 -0.3017
2600.00 -0.4339 -0.5248 -0.5432 -0.5362 -0.5467 -0.3136
2610.00 -0.3269 -0.8435 -0.8435 -0.8400 -0.8351 -0.3327
2620.00 -0.1795 -1.9311 -1.9411 -1.9354 -1.9209 -0.2883
2630.00 -0.4257 -0.5450 -0.5442 -0.5440 -0.5489 -0.3056
2640.00 -0.4022 -0.4546 -0.4552 -0.4527 -0.4560 -0.3058
2650.00 -0.4347 -0.5631 -0.5644 -0.5668 -0.5613 -0.3196
2660.00 -0.4079 -0.4658 -0.4703 -0.4708 -0.4671 -0.3110
2670.00 -0.4194 -0.5080 -0.5090 -0.5053 -0.5103 -0.3115
2680.00 -0.4287 -0.5583 -0.5664 -0.5565 -0.5627 -0.3217
2690.00 -0.4464 -0.5204 -0.5221 -0.5205 -0.5154 -0.3313
2700.00 -0.3968 -0.4644 -0.4617 -0.4647 -0.4617 -0.2709
2710.00 -0.4406 -0.5316 -0.5325 -0.5316 -0.5271 -0.3327
2720.00 -0.4181 -0.5690 -0.5584 -0.5542 -0.5625 -0.3133
2730.00 -0.4159 -0.5928 -0.5862 -0.5865 -0.5930 -0.3171
2740.00 -0.4049 -0.5928 -0.5845 -0.5909 -0.5979 -0.3187
2750.00 -0.4220 -0.5911 -0.5897 -0.5948 -0.5792 -0.3213
2760.00 -0.4234 -0.5406 -0.5474 -0.5485 -0.5424 -0.3256
2770.00 -0.4002 -0.6185 -0.6212 -0.6126 -0.6160 -0.3144
2780.00 -0.3989 -0.5195 -0.5168 -0.5125 -0.5158 -0.3034
2790.00 -0.4287 -0.6957 -0.6851 -0.6893 -0.6839 -0.3511
2800.00 -0.3877 -0.6547 -0.6585 -0.6590 -0.6612 -0.3099
2810.00 -0.3798 -0.6264 -0.6176 -0.6290 -0.6199 -0.2990
2820.00 -0.4125 -0.5601 -0.5719 -0.5633 -0.5692 -0.3266
2830.00 -0.3779 -0.6749 -0.6724 -0.6749 -0.6740 -0.3022
2840.00 -0.4033 -0.6405 -0.6480 -0.6498 -0.6533 -0.3276
2850.00 -0.4032 -0.7346 -0.7270 -0.7230 -0.7321 -0.3211
2860.00 -0.4221 -0.5955 -0.5904 -0.5950 -0.5935 -0.3174
2870.00 -0.4080 -0.4908 -0.4912 -0.4915 -0.4944 -0.3141
2880.00 -0.4217 -0.5936 -0.5956 -0.6009 -0.6056 -0.3150
2890.00 -0.4198 -0.5525 -0.5634 -0.5582 -0.5565 -0.3236
2900.00 -0.4046 -0.5036 -0.5012 -0.5047 -0.5041 -0.3138
2910.00 -0.3999 -0.5956 -0.5992 -0.5946 -0.6067 -0.3087
2920.00 -0.4214 -0.6414 -0.6504 -0.6411 -0.6532 -0.3170
2930.00 -0.3986 -0.5350 -0.5316 -0.5409 -0.5360 -0.3078
2940.00 -0.3951 -0.5258 -0.5298 -0.5279 -0.5285 -0.3065
2950.00 -0.4104 -0.6099 -0.6036 -0.6090 -0.6071 -0.3268
2960.00 -0.4046 -0.6420 -0.6449 -0.6372 -0.6498 -0.3101
2970.00 -0.4070 -0.5679 -0.5701 -0.5678 -0.5700 -0.3056
2980.00 -0.4091 -0.5600 -0.5512 -0.5564 -0.5578 -0.3282
2990.00 -0.4042 -0.6523 -0.6461 -0.6472 -0.6587 -0.3181
3000.00 -0.4388 -0.5860 -0.5812 -0.5827 -0.5795 -0.3303
3010.00 -0.4151 -0.5535 -0.5599 -0.5605 -0.5595 -0.3179
3020.00 -0.3736 -0.5911 -0.6012 -0.5991 -0.5977 -0.2999
3030.00 -0.3915 -0.7208 -0.7098 -0.7067 -0.7158 -0.3083
3040.00 -0.4245 -0.5841 -0.5842 -0.5822 -0.5806 -0.3228
3050.00 -0.3837 -0.5329 -0.5335 -0.5396 -0.5386 -0.2964
3060.00 -0.4511 -0.6101 -0.6097 -0.6097 -0.6103 -0.3373
3070.00 -0.4030 -0.6983 -0.7006 -0.6885 -0.6952 -0.3261
3080.00 -0.3918 -0.5038 -0.4987 -0.4940 -0.4995 -0.3022
3090.00 -0.4259 -0.5664 -0.5657 -0.5719 -0.5739 -0.3313
3100.00 -0.4117 -0.7189 -0.7181 -0.7151 -0.7088 -0.3155
3110.00 -0.3871 -0.5472 -0.5491 -0.5380 -0.5387 -0.3026
3120.00 -0.4182 -0.5651 -0.5553 -0.5612 -0.5689 -0.3246
3130.00 -0.3975 -0.6307 -0.6218 -0.6273 -0.6274 -0.3047
3140.00 -0.4225 -0.6837 -0.6870 -0.6949 -0.6827 -0.3364
3150.00 -0.4177 -0.6246 -0.6236 -0.6253 -0.6222 -0.3138
3160.00 -0.4199 -0.5282 -0.5340 -0.5232 -0.5292 -0.3217
3170.00 -0.3729 -0.5287 -0.5244 -0.5317 -0.5303 -0.2928
3180.00 -0.4016 -0.7620 -0.7619 -0.7598 -0.7571 -0.3264
3190.00 -0.4254 -0.6161 -0.6212 -0.6195 -0.6201 -0.3259
3200.00 -0.4004 -0.5205 -0.5182 -0.5250 -0.5239 -0.2978
3210.00 -0.4138 -0.5515 -0.5508 -0.5477 -0.5414 -0.3124
3220.00 -0.4105 -0.5040 -0.5078 -0.5082 -0.5057 -0.3186
3230.00 -0.4137 -0.5510 -0.5525 -0.5514 -0.5465 -0.3185
3240.00 -0.4102 -0.5535 -0.5480 -0.5452 -0.5492 -0.3123
3250.00 -0.4194 -0.5525 -0.5458 -0.5552 -0.5506 -0.3176
3260.00 -0.3983 -0.6631 -0.6580 -0.6635 -0.6693 -0.3249
3270.00 -0.4124 -0.6314 -0.6331 -0.6322 -0.6366 -0.3155
3280.00 -0.3978 -0.5925 -0.5890 -0.5835 -0.5882 -0.3024
3290.00 -0.4226 -0.5771 -0.5763 -0.5725 -0.5783 -0.3382
3300.00 -0.3958 -0.5374 -0.5257 -0.5261 -0.5275 -0.2943
3310.00 -0.3983 -0.6170 -0.6157 -0.6157 -0.6178 -0.3219
3320.00 -0.4274 -0.6958 -0.6945 -0.6852 -0.6919 -0.3266
3330.00 -0.3859 -0.4925 -0.4937 -0.4974 -0.4949 -0.3031
3340.00 -0.4485 -0.6246 -0.6284 -0.6220 -0.6265 -0.3349
3350.00 -0.3992 -0.5842 -0.5846 -0.5834 -0.5856 -0.3215
3360.00 -0.4146 -0.7630 -0.7575 -0.7711 -0.7592 -0.3106
3370.00 -0.3912 -0.5275 -0.5245 -0.5251 -0.5270 -0.3108
3380.00 -0.4199 -0.5740 -0.5810 -0.5695 -0.5814 -0.3148
3390.00 -0.3844 -0.5494 -0.5511 -0.5515 -0.5460 -0.2964
3400.00 -0.4194 -0.7236 -0.7361 -0.7353 -0.7279 -0.3480
3410.00 -0.4164 -0.5915 -0.5927 -0.5886 -0.5854 -0.3169
3420.00 -0.3888 -0.5098 -0.5073 -0.5021 -0.5020 -0.2977
3430.00 -0.4281 -0.6034 -0.6059 -0.5979 -0.6055 -0.3269
3440.00 -0.3814 -0.6539 -0.6596 -0.6628 -0.6614 -0.3104
3450.00 -0.4492 -0.7179 -0.7214 -0.7118 -0.7210 -0.3481
3460.00 -0.3643 -0.5802 -0.5745 -0.5760 -0.5704 -0.2849
3470.00 -0.4065 -0.5976 -0.5912 -0.5969 -0.5845 -0.3105
3480.00 -0.3883 -0.5260 -0.5241 -0.5304 -0.5299 -0.3073
3490.00 -0.4246 -0.5903 -0.5881 -0.5833 -0.5798 -0.3277
3500.00 -0.4179 -0.6273 -0.6218 -0.6204 -0.6205 -0.3204
3510.00 -0.3924 -0.6271 -0.6310 -0.6253 -0.6269 -0.3158
3520.00 -0.4342 -0.6317 -0.6458 -0.6370 -0.6388 -0.3366
3530.00 -0.3881 -0.6055 -0.6017 -0.5968 -0.6065 -0.3063
3540.00 -0.4111 -0.5520 -0.5508 -0.5568 -0.5568 -0.3028
3550.00 -0.4129 -0.6274 -0.6357 -0.6337 -0.6298 -0.3295
3560.00 -0.4230 -0.5231 -0.5315 -0.5275 -0.5331 -0.3194
3570.00 -0.4011 -0.6177 -0.6086 -0.6181 -0.6198 -0.2997
3580.00 -0.3770 -0.5725 -0.5831 -0.5829 -0.5751 -0.3136
3590.00 -0.4414 -0.7120 -0.7127 -0.7088 -0.7109 -0.3463
3600.00 -0.3919 -0.5209 -0.5155 -0.5160 -0.5186 -0.3052
3610.00 -0.4271 -0.5708 -0.5788 -0.5733 -0.5784 -0.3221
3620.00 -0.4230 -0.5735 -0.5699 -0.5747 -0.5734 -0.3289
3630.00 -0.4016 -0.5769 -0.5696 -0.5688 -0.5639 -0.3168
3640.00 -0.3991 -0.6716 -0.6782 -0.6752 -0.6751 -0.3139
3650.00 -0.4206 -0.6484 -0.6433 -0.6373 -0.6460 -0.3354
3660.00 -0.3850 -0.5760 -0.5716 -0.5773 -0.5711 -0.2963
3670.00 -0.4197 -0.6045 -0.6159 -0.6083 -0.6098 -0.3181
3680.00 -0.4140 -0.5903 -0.5938 -0.5902 -0.5916 -0.3170
3690.00 -0.4004 -0.5461 -0.5447 -0.5413 -0.5489 -0.3091
3700.00 -0.4105 -0.6636 -0.6635 -0.6652 -0.6667 -0.3059
3710.00 -0.4168 -0.6116 -0.6115 -0.6058 -0.6115 -0.3342
3720.00 -0.4036 -0.5632 -0.5530 -0.5614 -0.5527 -0.3070
3730.00 -0.4112 -0.5058 -0.5044 -0.5047 -0.5026 -0.3045
3740.00 -0.4333 -0.5558 -0.5440 -0.5559 -0.5539 -0.3343
3750.00 -0.3884 -0.5563 -0.5656 -0.5579 -0.5617 -0.2931
3760.00 -0.4312 -0.5823 -0.5830 -0.5864 -0.5765 -0.3287
3770.00 -0.4152 -0.4875 -0.4857 -0.4948 -0.4837 -0.3145
3780.00 -0.4054 -0.5726 -0.5811 -0.5824 -0.5803 -0.3013
3790.00 -0.3901 -0.7536 -0.7611 -0.7507 -0.7485 -0.3390
3800.00 -0.4027 -0.7462 -0.7507 -0.7473 -0.7437 -0.3189
3810.00 -0.4030 -0.5592 -0.5592 -0.5624 -0.5615 -0.3189
3820.00 -0.4012 -0.5733 -0.5677 -0.5687 -0.5636 -0.3096
3830.00 -0.4359 -0.5833 -0.5819 -0.5892 -0.5841 -0.3307
3840.00 -0.4224 -0.5274 -0.5376 -0.5358 -0.5325 -0.3199
3850.00 -0.4014 -0.6259 -0.6293 -0.6247 -0.6236 -0.3077
3860.00 -0.3835 -0.6120 -0.6138 -0.6161 -0.6198 -0.2983
3870.00 -0.4107 -0.6066 -0.6076 -0.6116 -0.6001 -0.3209
3880.00 -0.4025 -0.5365 -0.5343 -0.5389 -0.5357 -0.3148
3890.00 -0.4180 -0.7728 -0.7752 -0.7728 -0.7751 -0.3175
3900.00 -0.3913 -0.4884 -0.4915 -0.4931 -0.4941 -0.3063
3910.00 -0.4169 -0.7010 -0.7101 -0.6904 -0.6987 -0.3230
3920.00 -0.4082 -0.5931 -0.5818 -0.5852 -0.5881 -0.3141
3930.00 -0.4154 -0.5900 -0.5961 -0.5951 -0.5986 -0.3212
3940.00 -0.3844 -0.5010 -0.4989 -0.5013 -0.5050 -0.2973
3950.00 -0.4283 -0.6631 -0.6670 -0.6639 -0.6639 -0.3275
3960.00 -0.4031 -0.5129 -0.5067 -0.5082 -0.5066 -0.3113
3970.00 -0.4219 -0.5187 -0.5259 -0.5260 -0.5255 -0.3264
3980.00 -0.3925 -0.5647 -0.5625 -0.5693 -0.5664 -0.2933
3990.00 -0.4149 -0.5619 -0.5575 -0.5625 -0.5615 -0.3247
4000.00 -0.4199 -0.7062 -0.7045 -0.7022 -0.6962 -0.3278
