10.00 -0.4764 -0.4721 -0.4679 -0.4855 -0.4811 -0.3052
20.00 -0.4980 -0.4989 -0.4945 -0.4953 -0.5057 -0.3140
30.00 -0.4953 -0.4797 -0.4835 -0.5065 -0.4965 -0.3113
40.00 -0.4596 -0.4770 -0.4688 -0.4654 -0.4631 -0.3111
50.00 -0.5080 -0.5044 -0.5074 -0.5039 -0.5127 -0.3237
60.00 -0.4981 -0.4889 -0.4911 -0.5019 -0.4892 -0.3128
70.00 -0.4877 -0.4868 -0.4926 -0.4866 -0.4973 -0.3327
80.00 -0.4900 -0.4887 -0.4890 -0.4952 -0.4896 -0.3213
90.00 -0.5083 -0.5110 -0.5091 -0.5142 -0.5068 -0.3224
100.00 -0.4865 -0.4931 -0.4786 -0.5005 -0.4859 -0.3146
110.00 -0.4839 -0.4963 -0.4839 -0.4838 -0.4844 -0.3190
120.00 -0.5162 -0.5161 -0.5185 -0.5037 -0.5066 -0.3424
130.00 -0.4790 -0.4697 -0.4730 -0.4721 -0.4554 -0.3060
140.00 -0.4932 -0.4987 -0.4942 -0.5087 -0.4930 -0.3134
150.00 -0.4613 -0.4842 -0.4755 -0.4756 -0.4647 -0.3140
160.00 -0.4755 -0.4756 -0.4760 -0.4800 -0.4822 -0.3050
170.00 -0.5016 -0.5135 -0.5082 -0.5041 -0.5015 -0.3286
180.00 -0.5004 -0.5223 -0.5202 -0.5129 -0.5222 -0.3118
190.00 -0.4912 -0.4845 -0.4962 -0.4860 -0.4873 -0.3156
200.00 -0.4892 -0.4776 -0.4893 -0.4737 -0.4855 -0.3172
210.00 -0.4682 -0.4821 -0.4837 -0.4783 -0.4705 -0.3078
220.00 -0.4868 -0.4964 -0.4912 -0.4915 -0.4670 -0.3252
230.00 -0.5457 -0.5263 -0.5496 -0.5460 -0.5361 -0.3266
240.00 -0.4418 -0.4462 -0.4493 -0.4488 -0.4407 -0.3034
250.00 -0.4888 -0.4880 -0.4873 -0.5012 -0.4885 -0.3120
260.00 -0.4933 -0.4851 -0.4880 -0.4783 -0.4956 -0.3285
270.00 -0.4827 -0.4792 -0.4739 -0.4729 -0.4795 -0.3077
280.00 -0.5139 -0.5169 -0.5255 -0.4976 -0.5197 -0.3136
290.00 -0.4566 -0.4800 -0.4830 -0.4782 -0.4706 -0.3045
300.00 -0.5311 -0.5482 -0.5454 -0.5469 -0.5247 -0.3537
310.00 -0.4458 -0.4589 -0.4565 -0.4488 -0.4507 -0.2999
320.00 -0.5048 -0.5175 -0.5042 -0.4978 -0.5166 -0.3199
330.00 -0.4672 -0.4782 -0.4725 -0.4539 -0.4775 -0.3072
340.00 -0.5173 -0.5136 -0.4974 -0.5130 -0.5127 -0.3322
350.00 -0.4931 -0.4992 -0.4930 -0.4851 -0.4963 -0.3233
360.00 -0.4588 -0.4678 -0.4589 -0.4587 -0.4603 -0.3081
370.00 -0.4979 -0.5094 -0.5141 -0.5186 -0.5136 -0.3213
380.00 -0.4587 -0.4500 -0.4534 -0.4705 -0.4566 -0.2933
390.00 -0.5276 -0.5467 -0.5248 -0.5312 -0.5379 -0.3359
400.00 -0.4952 -0.4981 -0.5007 -0.4959 -0.4941 -0.3296
410.00 -0.4794 -0.4894 -0.4941 -0.4807 -0.4741 -0.3045
420.00 -0.4553 -0.4761 -0.4653 -0.4573 -0.4653 -0.2963
430.00 -0.5027 -0.5030 -0.5016 -0.4986 -0.4970 -0.3199
440.00 -0.5030 -0.4844 -0.4924 -0.4923 -0.5041 -0.3183
450.00 -0.5048 -0.5026 -0.5175 -0.5018 -0.4993 -0.3185
460.00 -0.4619 -0.4582 -0.4601 -0.4546 -0.4493 -0.2965
470.00 -0.5332 -0.5222 -0.5125 -0.5069 -0.5113 -0.3214
480.00 -0.4736 -0.4811 -0.4736 -0.4537 -0.4784 -0.3094
490.00 -0.5182 -0.5188 -0.5346 -0.5111 -0.5259 -0.3479
500.00 -0.4841 -0.4689 -0.4713 -0.4600 -0.4690 -0.3044
510.00 -0.4870 -0.4921 -0.4928 -0.4929 -0.4816 -0.3050
520.00 -0.4893 -0.4821 -0.4677 -0.4779 -0.4801 -0.3092
530.00 -0.5107 -0.5008 -0.5083 -0.5031 -0.5015 -0.3242
540.00 -0.4763 -0.4788 -0.4889 -0.4675 -0.4812 -0.3108
550.00 -0.5092 -0.5109 -0.5047 -0.5214 -0.5072 -0.3189
560.00 -0.4825 -0.4801 -0.4816 -0.4789 -0.4735 -0.3136
570.00 -0.5081 -0.5086 -0.5050 -0.4882 -0.5043 -0.3295
580.00 -0.4611 -0.4571 -0.4622 -0.4638 -0.4583 -0.3007
590.00 -0.5025 -0.5093 -0.5076 -0.4946 -0.5084 -0.3302
600.00 -0.4651 -0.4769 -0.4704 -0.4687 -0.4689 -0.3012
610.00 -0.5073 -0.4897 -0.5056 -0.5033 -0.5094 -0.3180
620.00 -0.4688 -0.4738 -0.4699 -0.4692 -0.4776 -0.3193
630.00 -0.4973 -0.4866 -0.4811 -0.4918 -0.5037 -0.3123
640.00 -0.5489 -0.5343 -0.5354 -0.5401 -0.5280 -0.3491
650.00 -0.4842 -0.4817 -0.4911 -0.4814 -0.4792 -0.3099
660.00 -0.4400 -0.4480 -0.4540 -0.4523 -0.4387 -0.2932
670.00 -0.5206 -0.5235 -0.4970 -0.5180 -0.5172 -0.3291
680.00 -0.4687 -0.4806 -0.4737 -0.4802 -0.4782 -0.3076
690.00 -0.5121 -0.5273 -0.5199 -0.5235 -0.5227 -0.3362
700.00 -0.4741 -0.4642 -0.4566 -0.4644 -0.4671 -0.2992
710.00 -0.4820 -0.4922 -0.5055 -0.4978 -0.5037 -0.3109
720.00 -0.4674 -0.4609 -0.4881 -0.4806 -0.4817 -0.3106
730.00 -0.5051 -0.4948 -0.5140 -0.5199 -0.5183 -0.3346
740.00 -0.4812 -0.4762 -0.4607 -0.4762 -0.4823 -0.3228
750.00 -0.5001 -0.4888 -0.4952 -0.4848 -0.5025 -0.3101
760.00 -0.5197 -0.5194 -0.5163 -0.5196 -0.5181 -0.3618
770.00 -0.4496 -0.4315 -0.4423 -0.4483 -0.4443 -0.2764
780.00 -0.4842 -0.4866 -0.4843 -0.4898 -0.4975 -0.3148
790.00 -0.5078 -0.4962 -0.4914 -0.5000 -0.5073 -0.3279
800.00 -0.4883 -0.4846 -0.4802 -0.4897 -0.4818 -0.3203
810.00 -0.4776 -0.4638 -0.4797 -0.4725 -0.4778 -0.3054
820.00 -0.5063 -0.4976 -0.4857 -0.5119 -0.4914 -0.3234
830.00 -0.5309 -0.5235 -0.5069 -0.5204 -0.5097 -0.3311
840.00 -0.4637 -0.4762 -0.4766 -0.4749 -0.4531 -0.2953
850.00 -0.4962 -0.4859 -0.4831 -0.4915 -0.4749 -0.3352
860.00 -0.4820 -0.4961 -0.4964 -0.4958 -0.4957 -0.3034
870.00 -0.4890 -0.4931 -0.4991 -0.4962 -0.4915 -0.3173
880.00 -0.5084 -0.5139 -0.5134 -0.4997 -0.5079 -0.3245
890.00 -0.4642 -0.4588 -0.4624 -0.4604 -0.4713 -0.3003
900.00 -0.5116 -0.5011 -0.5159 -0.5050 -0.4967 -0.3245
910.00 -0.4968 -0.4869 -0.4917 -0.5034 -0.5002 -0.3357
920.00 -0.4620 -0.4648 -0.4530 -0.4717 -0.4667 -0.2887
930.00 -0.5111 -0.5006 -0.5104 -0.5042 -0.5222 -0.3284
940.00 -0.4881 -0.4783 -0.4860 -0.4911 -0.4768 -0.3262
950.00 -0.4848 -0.4934 -0.4937 -0.4919 -0.5036 -0.3042
960.00 -0.4663 -0.4639 -0.4644 -0.4550 -0.4677 -0.3005
970.00 -0.5061 -0.5182 -0.5117 -0.5200 -0.5087 -0.3317
980.00 -0.4913 -0.4984 -0.5027 -0.4832 -0.5074 -0.3170
990.00 -0.4973 -0.4746 -0.4860 -0.4806 -0.4904 -0.3273
1000.00 -0.4706 -0.4752 -0.4815 -0.4789 -0.4829 -0.3095
1010.00 -0.5571 -0.7479 -0.7399 -0.7386 -0.7342 -0.3516
1020.00 -0.5312 -0.8680 -0.8795 -0.8739 -0.8698 -0.3121
1030.00 -0.5273 -0.9021 -0.9007 -0.9010 -0.8947 -0.3188
1040.00 -0.5569 -0.9188 -0.9183 -0.9125 -0.9127 -0.3380
1050.00 -0.5539 -0.9449 -0.9493 -0.9489 -0.9479 -0.3244
1060.00 -0.5377 -0.8452 -0.8400 -0.8476 -0.8483 -0.3279
1070.00 -0.5383 -0.9618 -0.9739 -0.9733 -0.9745 -0.3179
1080.00 -0.5365 -1.0127 -1.0098 -1.0083 -0.9995 -0.3142
1090.00 -0.5389 -0.9658 -0.9649 -0.9554 -0.9572 -0.3219
1100.00 -0.5348 -0.8976 -0.8957 -0.9033 -0.8967 -0.3209
1110.00 -0.5569 -0.9627 -0.9660 -0.9609 -0.9673 -0.3351
1120.00 -0.5376 -0.9398 -0.9454 -0.9357 -0.9333 -0.3191
1130.00 -0.5587 -0.9599 -0.9589 -0.9582 -0.9648 -0.3328
1140.00 -0.5461 -0.9432 -0.9442 -0.9452 -0.9392 -0.3281
1150.00 -0.5529 -0.9483 -0.9401 -0.9419 -0.9372 -0.3151
1160.00 -0.5169 -0.8475 -0.8490 -0.8434 -0.8463 -0.3163
1170.00 -0.5577 -0.9677 -0.9633 -0.9661 -0.9747 -0.3283
1180.00 -0.5393 -0.8619 -0.8594 -0.8623 -0.8619 -0.3353
1190.00 -0.5242 -0.8700 -0.8848 -0.8753 -0.8779 -0.3016
1200.00 -0.5216 -0.7183 -0.7303 -0.7239 -0.7252 -0.3342
1210.00 -0.4496 -0.5843 -0.5730 -0.5848 -0.5830 -0.3192
1220.00 -0.4014 -0.4860 -0.4906 -0.4877 -0.4884 -0.2969
1230.00 -0.4277 -0.4918 -0.5005 -0.4968 -0.4945 -0.3209
1240.00 -0.4387 -0.5560 -0.5531 -0.5487 -0.5479 -0.3218
1250.00 -0.4381 -0.5403 -0.5435 -0.5439 -0.5482 -0.3216
1260.00 -0.4335 -0.5271 -0.5211 -0.5250 -0.5194 -0.3227
1270.00 -0.4230 -0.5372 -0.5298 -0.5334 -0.5333 -0.3190
1280.00 -0.4236 -0.5253 -0.5254 -0.5247 -0.5266 -0.3048
1290.00 -0.4444 -0.5545 -0.5459 -0.5480 -0.5437 -0.3276
1300.00 -0.4665 -0.5801 -0.5774 -0.5840 -0.5735 -0.3463
1310.00 -0.4135 -0.5598 -0.5639 -0.5582 -0.5599 -0.3153
1320.00 -0.4364 -0.7808 -0.7725 -0.7732 -0.7768 -0.3422
1330.00 -0.3929 -0.7084 -0.7145 -0.7111 -0.7094 -0.3100
1340.00 -0.4275 -0.6742 -0.6776 -0.6807 -0.6739 -0.3269
1350.00 -0.4033 -0.6534 -0.6468 -0.6468 -0.6545 -0.3094
1360.00 -0.4146 -0.5918 -0.5954 -0.5888 -0.5931 -0.3233
1370.00 -0.4254 -0.7432 -0.7553 -0.7539 -0.7470 -0.3258
1380.00 -0.4134 -0.6046 -0.5983 -0.6006 -0.5993 -0.3143
1390.00 -0.4012 -0.6217 -0.6181 -0.6212 -0.6124 -0.3161
1400.00 -0.4386 -0.5979 -0.6054 -0.6013 -0.6005 -0.3333
1410.00 -0.4143 -0.6752 -0.6742 -0.6779 -0.6692 -0.3217
1420.00 -0.4102 -0.7804 -0.7818 -0.7778 -0.7774 -0.3275
1430.00 -0.4091 -0.5511 -0.5434 -0.5541 -0.5462 -0.3109
1440.00 -0.4393 -0.7773 -0.7731 -0.7700 -0.7782 -0.3314
1450.00 -0.4320 -0.5738 -0.5784 -0.5750 -0.5777 -0.3275
1460.00 -0.4240 -0.5659 -0.5770 -0.5749 -0.5713 -0.3220
1470.00 -0.4120 -0.5338 -0.5322 -0.5368 -0.5292 -0.3060
1480.00 -0.4360 -0.8246 -0.8211 -0.8138 -0.8187 -0.3510
1490.00 -0.4309 -0.6819 -0.6788 -0.6864 -0.6875 -0.3209
1500.00 -0.4118 -0.4980 -0.4991 -0.5004 -0.4975 -0.3147
1510.00 -0.4238 -0.7387 -0.7338 -0.7355 -0.7293 -0.3218
1520.00 -0.4297 -0.6598 -0.6590 -0.6608 -0.6669 -0.3293
1530.00 -0.4136 -0.7099 -0.7068 -0.7076 -0.7033 -0.3235
1540.00 -0.4347 -0.8114 -0.8122 -0.8108 -0.8054 -0.3344
1550.00 -0.3748 -0.5682 -0.5675 -0.5729 -0.5818 -0.2946
1560.00 -0.4099 -0.6233 -0.6294 -0.6226 -0.6196 -0.3192
1570.00 -0.4316 -0.6176 -0.6183 -0.6134 -0.6101 -0.3238
1580.00 -0.4275 -0.7435 -0.7425 -0.7424 -0.7423 -0.3312
1590.00 -0.4376 -0.8116 -0.8110 -0.8130 -0.8062 -0.3323
1600.00 -0.4188 -0.5769 -0.5796 -0.5738 -0.5755 -0.3074
1610.00 -0.3958 -0.5893 -0.5890 -0.5857 -0.5863 -0.3123
1620.00 -0.4285 -0.5890 -0.5865 -0.5933 -0.5940 -0.3195
1630.00 -0.4308 -0.5457 -0.5513 -0.5491 -0.5496 -0.3307
1640.00 -0.4245 -0.7987 -0.8008 -0.8005 -0.8035 -0.3238
1650.00 -0.3895 -0.7027 -0.7042 -0.7089 -0.7055 -0.3187
1660.00 -0.4316 -0.8574 -0.8586 -0.8558 -0.8633 -0.3382
1670.00 -0.3986 -0.7141 -0.7049 -0.7067 -0.7035 -0.3021
1680.00 -0.3979 -0.6234 -0.6162 -0.6239 -0.6229 -0.3151
1690.00 -0.4646 -0.6789 -0.6854 -0.6873 -0.6840 -0.3398
1700.00 -0.3854 -0.6148 -0.6098 -0.6086 -0.6063 -0.2930
1710.00 -0.4292 -0.5995 -0.5936 -0.6004 -0.5974 -0.3275
1720.00 -0.3953 -0.6204 -0.6297 -0.6243 -0.6208 -0.3125
1730.00 -0.4608 -0.8085 -0.8116 -0.8039 -0.8062 -0.3481
1740.00 -0.4536 -0.8485 -0.8282 -0.8368 -0.8416 -0.3465
1750.00 -0.3925 -0.5516 -0.5539 -0.5497 -0.5506 -0.3050
1760.00 -0.4322 -0.6654 -0.6670 -0.6623 -0.6687 -0.3288
1770.00 -0.4186 -0.5535 -0.5615 -0.5627 -0.5621 -0.3090
1780.00 -0.4404 -0.6485 -0.6520 -0.6515 -0.6526 -0.3439
1790.00 -0.4097 -0.6740 -0.6740 -0.6731 -0.6808 -0.3223
1800.00 -0.4099 -0.8276 -0.8329 -0.8395 -0.8338 -0.3230
1810.00 -0.4183 -0.7071 -0.7141 -0.7093 -0.7058 -0.3164
1820.00 -0.4311 -0.7457 -0.7421 -0.7487 -0.7448 -0.3322
1830.00 -0.3937 -0.5706 -0.5683 -0.5669 -0.5736 -0.2929
1840.00 -0.4499 -0.7373 -0.7243 -0.7228 -0.7334 -0.3437
1850.00 -0.4118 -0.5789 -0.5813 -0.5853 -0.5796 -0.3123
1860.00 -0.4404 -0.5519 -0.5524 -0.5583 -0.5557 -0.3189
1870.00 -0.3991 -0.6411 -0.6399 -0.6268 -0.6323 -0.3198
1880.00 -0.4245 -0.6915 -0.6975 -0.6958 -0.6963 -0.3285
1890.00 -0.4298 -0.7423 -0.7356 -0.7386 -0.7301 -0.3305
1900.00 -0.4146 -0.7136 -0.7190 -0.7112 -0.7197 -0.3154
1910.00 -0.4240 -0.6312 -0.6366 -0.6344 -0.6352 -0.3285
1920.00 -0.4071 -0.6328 -0.6360 -0.6388 -0.6316 -0.3126
1930.00 -0.4140 -0.9663 -0.9520 -0.9578 -0.9588 -0.3339
1940.00 -0.4164 -0.5810 -0.5832 -0.5853 -0.5788 -0.2995
1950.00 -0.4286 -0.6406 -0.6292 -0.6390 -0.6366 -0.3278
1960.00 -0.4278 -0.6861 -0.6847 -0.6788 -0.6790 -0.3209
1970.00 -0.3973 -0.5129 -0.5140 -0.5119 -0.5184 -0.3032
1980.00 -0.4415 -0.6661 -0.6751 -0.6750 -0.6862 -0.3419
1990.00 -0.4132 -0.7408 -0.7312 -0.7343 -0.7341 -0.3236
2000.00 -0.4215 -0.7373 -0.7379 -0.7307 -0.7384 -0.3257
2010.00 -0.4277 -0.6497 -0.6564 -0.6589 -0.6516 -0.3157
2020.00 -0.4184 -0.5432 -0.5338 -0.5385 -0.5534 -0.3176
2030.00 -0.4196 -0.6176 -0.6265 -0.6210 -0.6230 -0.3173
2040.00 -0.4031 -0.6982 -0.6975 -0.6933 -0.6935 -0.3089
2050.00 -0.4180 -0.6136 -0.6244 -0.6254 -0.6187 -0.3330
2060.00 -0.4046 -0.6467 -0.6398 -0.6540 -0.6435 -0.3177
2070.00 -0.4457 -0.9134 -0.9192 -0.9108 -0.9127 -0.3500
2080.00 -0.3760 -0.9009 -0.9021 -0.9065 -0.8950 -0.3108
2090.00 -0.4246 -0.7604 -0.7665 -0.7628 -0.7643 -0.3149
2100.00 -0.4097 -0.5831 -0.5882 -0.5732 -0.5804 -0.3142
2110.00 -0.4252 -0.6009 -0.6037 -0.6067 -0.6027 -0.3301
2120.00 -0.4468 -0.6269 -0.6331 -0.6308 -0.6365 -0.3328
2130.00 -0.4155 -0.5380 -0.5346 -0.5384 -0.5397 -0.3116
2140.00 -0.4374 -0.6874 -0.6965 -0.6855 -0.6849 -0.3182
2150.00 -0.4093 -0.5225 -0.5237 -0.5157 -0.5212 -0.3216
2160.00 -0.4337 -0.7631 -0.7607 -0.7653 -0.7519 -0.3489
2170.00 -0.4340 -0.6821 -0.6714 -0.6707 -0.6746 -0.3056
2180.00 -0.4045 -0.6518 -0.6547 -0.6572 -0.6604 -0.3246
2190.00 -0.4109 -0.7348 -0.7351 -0.7368 -0.7357 -0.3326
2200.00 -0.4203 -1.0019 -1.0110 -1.0003 -0.9947 -0.3336
2210.00 -0.4038 -0.7057 -0.7098 -0.7005 -0.7093 -0.3077
2220.00 -0.3939 -0.9673 -0.9657 -0.9692 -0.9717 -0.3226
2230.00 -0.4279 -0.6249 -0.6313 -0.6285 -0.6280 -0.3195
2240.00 -0.4053 -0.5143 -0.5160 -0.5115 -0.5196 -0.3062
2250.00 -0.4495 -0.6491 -0.6463 -0.6503 -0.6476 -0.3286
2260.00 -0.4084 -0.6096 -0.6141 -0.6137 -0.6112 -0.3096
2270.00 -0.4333 -0.6691 -0.6624 -0.6715 -0.6679 -0.3310
2280.00 -0.4342 -0.6759 -0.6758 -0.6782 -0.6680 -0.3317
2290.00 -0.3984 -0.5349 -0.5331 -0.5313 -0.5364 -0.3033
2300.00 -0.4350 -0.7624 -0.7533 -0.7569 -0.7636 -0.3426
2310.00 -0.4342 -0.8247 -0.8321 -0.8319 -0.8372 -0.3308
2320.00 -0.4402 -0.7967 -0.7962 -0.7846 -0.7916 -0.3277
2330.00 -0.4067 -0.5672 -0.5752 -0.5707 -0.5708 -0.3048
2340.00 -0.3924 -0.7818 -0.7840 -0.7776 -0.7858 -0.3070
2350.00 -0.4221 -0.5183 -0.5177 -0.5174 -0.5181 -0.3127
2360.00 -0.4484 -0.7019 -0.7104 -0.7012 -0.7051 -0.3411
2370.00 -0.4385 -0.7251 -0.7252 -0.7370 -0.7260 -0.3179
2380.00 -0.3846 -0.6168 -0.6168 -0.6136 -0.6092 -0.3058
2390.00 -0.4243 -0.7961 -0.7962 -0.8045 -0.8037 -0.3233
2400.00 -0.4051 -0.6599 -0.6662 -0.6663 -0.6659 -0.3171
2410.00 -0.4311 -0.6237 -0.6146 -0.6195 -0.6160 -0.3433
2420.00 -0.4085 -0.6407 -0.6430 -0.6351 -0.6471 -0.3071
2430.00 -0.4245 -0.8905 -0.8843 -0.8829 -0.8929 -0.3378
2440.00 -0.4152 -0.6556 -0.6470 -0.6555 -0.6452 -0.3215
2450.00 -0.4233 -0.6112 -0.6254 -0.6145 -0.6123 -0.3259
2460.00 -0.4403 -0.7961 -0.7886 -0.7878 -0.7916 -0.3337
2470.00 -0.4008 -0.6555 -0.6568 -0.6551 -0.6588 -0.3046
2480.00 -0.4237 -0.6460 -0.6470 -0.6439 -0.6417 -0.3181
2490.00 -0.4219 -0.5685 -0.5628 -0.5685 -0.5660 -0.3174
2500.00 -0.4459 -0.7892 -0.7971 -0.7920 -0.8000 -0.3522
2510.00 -0.4051 -0.5960 -0.5918 -0.5964 -0.5957 -0.3042
2520.00 -0.4033 -0.5850 -0.5746 -0.5789 -0.5757 -0.3172
2530.00 -0.4187 -0.7286 -0.7259 -0.7301 -0.7282 -0.3175
2540.00 -0.4428 -0.8928 -0.9036 -0.9028 -0.8979 -0.3523
2550.00 -0.3844 -0.6342 -0.6331 -0.6228 -0.6265 -0.2917
2560.00 -0.4283 -0.6795 -0.6829 -0.6881 -0.6790 -0.3294
2570.00 -0.3966 -0.6298 -0.6274 -0.6282 -0.6325 -0.3071
2580.00 -0.4365 -0.8260 -0.8270 -0.8222 -0.8198 -0.3435
2590.00 -0.4224 -0.5747 -0.5708 -0.5707 -0.5845 -0.3244
2600.00 -0.3899 -0.6050 -0.6079 -0.6041 -0.6067 -0.2956
2610.00 -0.4466 -0.6585 -0.6663 -0.6653 -0.6609 -0.3373
2620.00 -0.4193 -0.5942 -0.5994 -0.5953 -0.5911 -0.3272
2630.00 -0.4372 -0.7999 -0.8007 -0.7940 -0.8005 -0.3411
2640.00 -0.4239 -0.7703 -0.7709 -0.7690 -0.7629 -0.3217
2650.00 -0.4156 -0.8008 -0.8021 -0.7969 -0.7851 -0.3323
2660.00 -0.4053 -0.6181 -0.6075 -0.6222 -0.6208 -0.2899
2670.00 -0.4175 -0.7031 -0.6987 -0.7021 -0.7012 -0.3365
2680.00 -0.3925 -0.7320 -0.7326 -0.7344 -0.7351 -0.3088
2690.00 -0.4396 -0.6544 -0.6594 -0.6581 -0.6553 -0.3235
2700.00 -0.3996 -0.5569 -0.5516 -0.5549 -0.5568 -0.3231
2710.00 -0.4463 -0.7911 -0.7956 -0.7894 -0.7926 -0.3256
2720.00 -0.4113 -0.5202 -0.5201 -0.5267 -0.5267 -0.3129
2730.00 -0.4255 -0.6435 -0.6418 -0.6456 -0.6410 -0.3274
2740.00 -0.4313 -0.6850 -0.6886 -0.6866 -0.6876 -0.3238
2750.00 -0.4209 -0.6488 -0.6443 -0.6434 -0.6355 -0.3255
2760.00 -0.3992 -0.7073 -0.7074 -0.7034 -0.7044 -0.3095
2770.00 -0.4230 -0.7062 -0.7041 -0.6965 -0.7066 -0.3252
2780.00 -0.3965 -0.8365 -0.8375 -0.8353 -0.8388 -0.3285
2790.00 -0.4082 -0.7296 -0.7415 -0.7350 -0.7349 -0.3118
2800.00 -0.4411 -0.7218 -0.7216 -0.7338 -0.7304 -0.3301
2810.00 -0.4247 -0.7492 -0.7319 -0.7373 -0.7316 -0.3212
2820.00 -0.4238 -0.6334 -0.6316 -0.6327 -0.6277 -0.3162
2830.00 -0.4075 -0.6923 -0.6907 -0.6892 -0.6942 -0.3197
2840.00 -0.4205 -0.6248 -0.6254 -0.6335 -0.6257 -0.3238
2850.00 -0.4095 -0.7149 -0.7134 -0.7130 -0.7086 -0.3142
2860.00 -0.4106 -0.5460 -0.5438 -0.5412 -0.5468 -0.3197
2870.00 -0.4607 -0.7552 -0.7623 -0.7549 -0.7551 -0.3322
2880.00 -0.4141 -0.6385 -0.6367 -0.6445 -0.6401 -0.3180
2890.00 -0.4304 -0.9477 -0.9379 -0.9448 -0.9511 -0.3327
2900.00 -0.4108 -0.6668 -0.6533 -0.6688 -0.6561 -0.3220
2910.00 -0.4251 -0.6345 -0.6321 -0.6371 -0.6346 -0.3177
2920.00 -0.4212 -0.6197 -0.6264 -0.6183 -0.6226 -0.3221
2930.00 -0.4091 -0.7793 -0.7877 -0.7793 -0.7838 -0.3199
2940.00 -0.4346 -0.6198 -0.6163 -0.6164 -0.6172 -0.3173
2950.00 -0.4362 -0.6325 -0.6250 -0.6303 -0.6307 -0.3266
2960.00 -0.4057 -0.6675 -0.6629 -0.6724 -0.6651 -0.3078
2970.00 -0.4108 -0.8696 -0.8686 -0.8686 -0.8730 -0.3248
2980.00 -0.4161 -0.7738 -0.7846 -0.7815 -0.7792 -0.3281
2990.00 -0.4250 -0.7918 -0.8032 -0.8018 -0.7944 -0.3148
3000.00 -0.3984 -0.5028 -0.5045 -0.4952 -0.5009 -0.3112
3010.00 -0.4228 -0.6579 -0.6521 -0.6530 -0.6510 -0.3151
3020.00 -0.4212 -0.5810 -0.5848 -0.5829 -0.5762 -0.3194
3030.00 -0.4450 -0.6106 -0.6156 -0.6106 -0.6084 -0.3332
3040.00 -0.4206 -0.6340 -0.6282 -0.6389 -0.6370 -0.3256
3050.00 -0.4120 -0.6204 -0.6140 -0.6155 -0.6156 -0.3269
3060.00 -0.4194 -0.9918 -0.9931 -0.9891 -0.9867 -0.3386
3070.00 -0.4134 -0.7938 -0.7971 -0.8012 -0.7978 -0.3086
3080.00 -0.4156 -0.5684 -0.5642 -0.5598 -0.5645 -0.3219
3090.00 -0.4120 -0.5076 -0.5178 -0.5070 -0.5123 -0.3082
3100.00 -0.4226 -0.7374 -0.7403 -0.7476 -0.7318 -0.3270
3110.00 -0.4239 -0.6279 -0.6209 -0.6255 -0.6232 -0.3141
3120.00 -0.4399 -0.7484 -0.7387 -0.7517 -0.7426 -0.3438
3130.00 -0.4213 -0.5383 -0.5450 -0.5401 -0.5448 -0.3130
3140.00 -0.4076 -0.5704 -0.5650 -0.5773 -0.5748 -0.3127
3150.00 -0.3987 -0.9763 -0.9850 -0.9755 -0.9746 -0.3200
3160.00 -0.4310 -0.8633 -0.8585 -0.8510 -0.8656 -0.3407
3170.00 -0.4188 -0.7205 -0.7156 -0.7228 -0.7262 -0.3139
3180.00 -0.4082 -0.5285 -0.5320 -0.5337 -0.5233 -0.3002
3190.00 -0.3954 -0.6363 -0.6360 -0.6372 -0.6354 -0.3067
3200.00 -0.4458 -0.5800 -0.5804 -0.5840 -0.5770 -0.3302
3210.00 -0.4381 -0.5651 -0.5577 -0.5520 -0.5576 -0.3247
3220.00 -0.4175 -0.9607 -0.9534 -0.9533 -0.9616 -0.3438
3230.00 -0.4278 -0.7770 -0.7751 -0.7730 -0.7797 -0.3197
3240.00 -0.3773 -0.5688 -0.5620 -0.5721 -0.5716 -0.2886
3250.00 -0.4242 -0.7171 -0.7257 -0.7222 -0.7174 -0.3214
3260.00 -0.4256 -0.5726 -0.5748 -0.5789 -0.5837 -0.3194
3270.00 -0.4355 -0.5849 -0.5841 -0.5829 -0.5932 -0.3306
3280.00 -0.4225 -0.6968 -0.6855 -0.6942 -0.6855 -0.3298
3290.00 -0.4070 -1.1810 -1.1747 -1.1766 -1.1706 -0.3308
3300.00 -0.4043 -0.6773 -0.6912 -0.6767 -0.6804 -0.3035
3310.00 -0.4257 -0.6152 -0.6205 -0.6212 -0.6194 -0.3196
3320.00 -0.4317 -0.6735 -0.6703 -0.6720 -0.6714 -0.3196
3330.00 -0.4177 -0.5527 -0.5612 -0.5463 -0.5485 -0.3142
3340.00 -0.3962 -0.5740 -0.5673 -0.5731 -0.5693 -0.3075
3350.00 -0.4424 -0.8316 -0.8412 -0.8339 -0.8374 -0.3415
3360.00 -0.4298 -0.6651 -0.6571 -0.6578 -0.6586 -0.3163
3370.00 -0.4282 -0.5904 -0.5870 -0.5868 -0.5918 -0.3293
3380.00 -0.4103 -0.7480 -0.7421 -0.7443 -0.7509 -0.3214
3390.00 -0.4316 -0.6284 -0.6332 -0.6223 -0.6308 -0.3135
3400.00 -0.3940 -0.7332 -0.7245 -0.7263 -0.7207 -0.3091
3410.00 -0.4239 -0.8376 -0.8381 -0.8373 -0.8400 -0.3392
3420.00 -0.4265 -0.6117 -0.6152 -0.6095 -0.6107 -0.3044
3430.00 -0.4176 -0.5549 -0.5529 -0.5521 -0.5560 -0.3027
3440.00 -0.4662 -0.7397 -0.7371 -0.7392 -0.7258 -0.3573
3450.00 -0.3740 -0.4663 -0.4718 -0.4697 -0.4751 -0.2915
3460.00 -0.4446 -1.0506 -1.0483 -1.0428 -1.0524 -0.3508
3470.00 -0.4000 -0.7270 -0.7200 -0.7260 -0.7242 -0.3044
3480.00 -0.4120 -0.5495 -0.5600 -0.5529 -0.5519 -0.3153
3490.00 -0.4589 -0.7623 -0.7632 -0.7637 -0.7645 -0.3412
3500.00 -0.4011 -0.6139 -0.6172 -0.6274 -0.6150 -0.3062
3510.00 -0.4371 -0.6369 -0.6389 -0.6362 -0.6324 -0.3240
3520.00 -0.4039 -0.6048 -0.5997 -0.6061 -0.6119 -0.3154
3530.00 -0.4147 -0.7229 -0.7171 -0.7142 -0.7180 -0.3219
3540.00 -0.4557 -0.7143 -0.7180 -0.7139 -0.7111 -0.3419
3550.00 -0.3764 -0.6297 -0.6228 -0.6266 -0.6202 -0.3041
3560.00 -0.4148 -0.7973 -0.7981 -0.7887 -0.7946 -0.3256
3570.00 -0.4268 -0.9536 -0.9438 -0.9488 -0.9575 -0.3277
3580.00 -0.4068 -0.5794 -0.5831 -0.5807 -0.5849 -0.3173
3590.00 -0.4309 -0.7829 -0.7846 -0.7826 -0.7771 -0.3182
3600.00 -0.4159 -0.5853 -0.5796 -0.5772 -0.5765 -0.3139
3610.00 -0.4153 -0.5085 -0.5144 -0.5175 -0.5126 -0.3100
3620.00 -0.4556 -0.7483 -0.7453 -0.7499 -0.7505 -0.3443
3630.00 -0.4100 -0.8754 -0.8712 -0.8691 -0.8617 -0.3182
3640.00 -0.4195 -0.6655 -0.6637 -0.6612 -0.6564 -0.3281
3650.00 -0.4350 -0.6616 -0.6601 -0.6614 -0.6574 -0.3170
3660.00 -0.3832 -0.6611 -0.6730 -0.6704 -0.6749 -0.3271
3670.00 -0.4376 -0.8187 -0.8211 -0.8087 -0.8245 -0.3250
3680.00 -0.4241 -0.6378 -0.6359 -0.6424 -0.6327 -0.3187
3690.00 -0.4151 -0.6082 -0.5978 -0.6037 -0.6045 -0.3112
3700.00 -0.4207 -0.6271 -0.6398 -0.6433 -0.6358 -0.3209
3710.00 -0.4071 -0.5509 -0.5503 -0.5502 -0.5478 -0.3124
3720.00 -0.4274 -0.6313 -0.6254 -0.6164 -0.6210 -0.3217
3730.00 -0.4486 -0.9903 -0.9842 -0.9836 -0.9866 -0.3559
3740.00 -0.3891 -0.8398 -0.8234 -0.8384 -0.8364 -0.3044
3750.00 -0.4254 -0.7252 -0.7340 -0.7313 -0.7356 -0.3202
3760.00 -0.4107 -0.6151 -0.6164 -0.6130 -0.6056 -0.3142
3770.00 -0.4257 -0.5838 -0.5866 -0.5834 -0.5750 -0.3116
3780.00 -0.4445 -0.5551 -0.5591 -0.5583 -0.5580 -0.3339
3790.00 -0.4230 -0.8247 -0.8254 -0.8228 -0.8179 -0.3324
3800.00 -0.3973 -0.7609 -0.7639 -0.7642 -0.7584 -0.3102
3810.00 -0.4313 -0.6527 -0.6536 -0.6418 -0.6537 -0.3388
3820.00 -0.4165 -0.5420 -0.5422 -0.5375 -0.5458 -0.3229
3830.00 -0.4822 -0.8207 -0.8254 -0.8291 -0.8268 -0.3630
3840.00 -0.3933 -0.5728 -0.5748 -0.5718 -0.5754 -0.2992
3850.00 -0.4012 -0.7067 -0.6971 -0.6971 -0.7034 -0.3258
3860.00 -0.4243 -0.6202 -0.6111 -0.6127 -0.6124 -0.3252
3870.00 -0.4022 -0.5999 -0.6014 -0.6073 -0.5978 -0.3041
3880.00 -0.4215 -0.6185 -0.6174 -0.6184 -0.6191 -0.3289
3890.00 -0.3674 -1.3956 -1.3918 -1.4006 -1.4005 -0.3381
3900.00 -0.4131 -0.6827 -0.6852 -0.6727 -0.6794 -0.3021
3910.00 -0.4211 -0.6499 -0.6529 -0.6476 -0.6502 -0.3082
3920.00 -0.4087 -0.5105 -0.5119 -0.5092 -0.5058 -0.3036
3930.00 -0.4605 -0.6864 -0.6796 -0.6875 -0.6889 -0.3469
3940.00 -0.4206 -0.6936 -0.6927 -0.6931 -0.6929 -0.3216
3950.00 -0.4346 -0.5227 -0.5255 -0.5259 -0.5232 -0.3254
3960.00 -0.4169 -0.5883 -0.5828 -0.5903 -0.5892 -0.3186
3970.00 -0.4314 -0.7114 -0.7141 -0.7031 -0.7172 -0.3339
3980.00 -0.3753 -0.5571 -0.5643 -0.5671 -0.5712 -0.2959
3990.00 -0.4656 -0.9347 -0.9358 -0.9409 -0.9450 -0.3474
4000.00 -0.4017 -0.6430 -0.6501 -0.6403 -0.6414 -0.3140
