10.00 -0.4809 -0.4847 -0.4624 -0.4963 -0.4960 -0.3280
20.00 -0.4617 -0.4654 -0.4713 -0.4652 -0.4598 -0.2972
30.00 -0.4471 -0.4489 -0.4721 -0.4586 -0.4566 -0.2990
40.00 -0.4964 -0.5014 -0.5081 -0.5035 -0.5033 -0.3385
50.00 -0.4868 -0.4967 -0.4973 -0.4989 -0.4870 -0.3090
60.00 -0.4819 -0.4901 -0.4883 -0.4831 -0.4855 -0.3167
70.00 -0.4576 -0.4594 -0.4656 -0.4618 -0.4653 -0.3125
80.00 -0.5290 -0.5263 -0.5313 -0.5179 -0.5351 -0.3212
90.00 -0.4520 -0.4659 -0.4570 -0.4558 -0.4564 -0.3066
100.00 -0.4938 -0.5088 -0.4948 -0.5065 -0.4802 -0.3208
110.00 -0.4683 -0.4836 -0.4785 -0.4758 -0.4818 -0.2989
120.00 -0.4856 -0.4964 -0.4930 -0.4955 -0.4938 -0.3160
130.00 -0.4648 -0.4661 -0.4639 -0.4558 -0.4629 -0.3109
140.00 -0.4925 -0.4853 -0.4947 -0.4878 -0.4943 -0.3152
150.00 -0.4781 -0.4887 -0.4964 -0.4964 -0.4916 -0.3176
160.00 -0.4722 -0.4786 -0.4748 -0.4583 -0.4803 -0.3003
170.00 -0.5140 -0.5307 -0.5188 -0.5149 -0.5189 -0.3336
180.00 -0.4539 -0.4580 -0.4661 -0.4638 -0.4742 -0.2954
190.00 -0.4751 -0.4743 -0.4905 -0.4930 -0.4978 -0.3187
200.00 -0.4528 -0.4561 -0.4518 -0.4678 -0.4632 -0.2972
210.00 -0.4841 -0.4855 -0.4702 -0.4862 -0.4818 -0.3112
220.00 -0.5050 -0.4972 -0.4945 -0.5031 -0.5057 -0.3325
230.00 -0.4734 -0.4695 -0.4710 -0.4741 -0.4746 -0.3036
240.00 -0.5059 -0.4975 -0.4869 -0.5070 -0.4997 -0.3208
250.00 -0.4839 -0.4783 -0.4729 -0.4815 -0.4789 -0.3162
260.00 -0.4668 -0.4672 -0.4730 -0.4686 -0.4688 -0.3090
270.00 -0.4915 -0.5033 -0.4973 -0.4899 -0.5028 -0.3192
280.00 -0.5006 -0.4959 -0.4991 -0.4867 -0.4827 -0.3270
290.00 -0.4607 -0.4650 -0.4675 -0.4572 -0.4610 -0.3055
300.00 -0.4818 -0.4636 -0.4678 -0.4687 -0.4699 -0.3078
310.00 -0.4925 -0.4940 -0.4948 -0.4849 -0.5011 -0.3177
320.00 -0.5033 -0.5045 -0.5103 -0.4985 -0.5027 -0.3188
330.00 -0.4796 -0.4949 -0.4722 -0.4914 -0.4831 -0.3270
340.00 -0.4692 -0.4732 -0.4717 -0.4737 -0.4630 -0.3056
350.00 -0.4511 -0.4539 -0.4524 -0.4564 -0.4646 -0.2996
360.00 -0.4818 -0.4932 -0.5003 -0.4925 -0.4999 -0.3224
370.00 -0.4893 -0.4920 -0.5060 -0.4942 -0.4969 -0.3110
380.00 -0.4762 -0.4887 -0.4862 -0.4811 -0.4831 -0.3241
390.00 -0.4610 -0.4760 -0.4662 -0.4549 -0.4726 -0.3021
400.00 -0.4848 -0.5019 -0.4819 -0.4724 -0.5009 -0.3200
410.00 -0.5025 -0.5172 -0.5116 -0.5031 -0.5087 -0.3256
420.00 -0.4615 -0.4704 -0.4766 -0.4639 -0.4703 -0.3090
430.00 -0.4968 -0.4942 -0.4904 -0.4893 -0.4827 -0.3095
440.00 -0.4732 -0.4696 -0.4746 -0.4690 -0.4736 -0.3258
450.00 -0.4941 -0.4904 -0.4879 -0.5051 -0.4852 -0.3095
460.00 -0.4888 -0.4851 -0.4884 -0.4807 -0.4680 -0.3085
470.00 -0.4941 -0.5033 -0.4992 -0.5087 -0.5008 -0.3269
480.00 -0.4602 -0.4803 -0.4755 -0.4649 -0.4677 -0.2987
490.00 -0.5114 -0.4975 -0.5008 -0.4938 -0.5114 -0.3317
500.00 -0.4378 -0.4495 -0.4477 -0.4467 -0.4550 -0.3087
510.00 -0.4825 -0.4781 -0.4767 -0.4757 -0.4866 -0.3116
520.00 -0.5115 -0.5139 -0.5163 -0.5212 -0.5085 -0.3256
530.00 -0.4849 -0.4689 -0.4724 -0.4694 -0.4740 -0.3030
540.00 -0.4854 -0.4837 -0.4801 -0.4905 -0.4814 -0.3241
550.00 -0.4918 -0.4629 -0.4706 -0.4893 -0.4784 -0.2973
560.00 -0.5280 -0.5118 -0.5284 -0.5062 -0.5253 -0.3287
570.00 -0.4706 -0.4706 -0.4775 -0.4650 -0.4644 -0.3119
580.00 -0.4467 -0.4438 -0.4400 -0.4532 -0.4423 -0.2893
590.00 -0.5064 -0.4893 -0.4965 -0.4956 -0.5039 -0.3360
600.00 -0.4853 -0.4632 -0.4693 -0.4728 -0.4834 -0.3031
610.00 -0.4887 -0.4952 -0.4849 -0.4714 -0.4972 -0.3126
620.00 -0.4941 -0.4862 -0.4926 -0.4923 -0.5010 -0.3137
630.00 -0.5001 -0.4760 -0.4787 -0.4893 -0.5044 -0.3020
640.00 -0.4950 -0.4875 -0.4918 -0.4973 -0.4961 -0.3273
650.00 -0.4802 -0.4736 -0.4700 -0.4711 -0.4631 -0.3183
660.00 -0.5221 -0.5044 -0.5102 -0.5005 -0.5106 -0.3199
670.00 -0.4631 -0.4526 -0.4654 -0.4633 -0.4507 -0.2952
680.00 -0.5113 -0.5018 -0.5042 -0.5026 -0.5004 -0.3250
690.00 -0.4812 -0.4815 -0.4835 -0.4789 -0.4767 -0.3135
700.00 -0.4855 -0.4831 -0.4769 -0.4809 -0.4823 -0.3252
710.00 -0.4522 -0.4607 -0.4663 -0.4725 -0.4779 -0.3043
720.00 -0.4777 -0.4911 -0.4759 -0.4895 -0.4860 -0.3034
730.00 -0.4577 -0.4595 -0.4687 -0.4624 -0.4779 -0.3049
740.00 -0.4806 -0.4710 -0.4813 -0.4841 -0.4918 -0.3186
750.00 -0.4944 -0.4783 -0.5016 -0.4979 -0.4853 -0.3077
760.00 -0.4981 -0.4855 -0.5056 -0.4906 -0.4963 -0.3195
770.00 -0.4995 -0.4969 -0.4976 -0.4852 -0.4868 -0.3286
780.00 -0.4820 -0.4780 -0.4906 -0.4858 -0.4608 -0.3157
790.00 -0.4703 -0.4753 -0.4739 -0.4593 -0.4832 -0.3044
800.00 -0.4886 -0.4802 -0.4821 -0.4758 -0.4797 -0.3044
810.00 -0.4598 -0.4602 -0.4680 -0.4654 -0.4805 -0.3182
820.00 -0.5100 -0.4857 -0.5042 -0.5114 -0.4958 -0.3223
830.00 -0.4716 -0.4677 -0.4697 -0.4708 -0.4640 -0.3113
840.00 -0.4682 -0.4715 -0.4744 -0.4702 -0.4770 -0.3136
850.00 -0.4833 -0.4878 -0.4931 -0.4834 -0.4816 -0.3056
860.00 -0.4928 -0.4713 -0.4900 -0.4902 -0.4838 -0.3147
870.00 -0.4940 -0.5017 -0.5044 -0.5067 -0.5072 -0.3254
880.00 -0.4612 -0.4676 -0.4568 -0.4653 -0.4639 -0.3048
890.00 -0.4975 -0.5096 -0.5117 -0.5035 -0.5102 -0.3197
900.00 -0.4675 -0.4620 -0.4607 -0.4680 -0.4651 -0.3112
910.00 -0.4890 -0.4987 -0.4829 -0.4986 -0.4673 -0.3024
920.00 -0.4655 -0.4803 -0.4561 -0.4783 -0.4752 -0.3130
930.00 -0.5121 -0.5155 -0.5099 -0.5131 -0.5102 -0.3394
940.00 -0.4652 -0.4692 -0.4709 -0.4700 -0.4778 -0.3139
950.00 -0.4759 -0.4789 -0.4721 -0.4643 -0.4809 -0.3074
960.00 -0.4906 -0.4948 -0.4919 -0.4909 -0.5013 -0.3186
970.00 -0.4703 -0.4937 -0.4887 -0.4897 -0.5025 -0.3206
980.00 -0.4817 -0.4850 -0.4601 -0.4818 -0.4756 -0.3057
990.00 -0.4737 -0.4820 -0.4627 -0.4813 -0.4743 -0.3253
1000.00 -0.4991 -0.4973 -0.5039 -0.5078 -0.4898 -0.3164
1010.00 -0.4816 -0.5474 -0.5447 -0.5552 -0.5402 -0.3164
1020.00 -0.5278 -0.8554 -0.8553 -0.8461 -0.8541 -0.3203
1030.00 -0.5412 -0.9293 -0.9387 -0.9342 -0.9244 -0.3146
1040.00 -0.5120 -0.8142 -0.8109 -0.8167 -0.8212 -0.3176
1050.00 -0.5503 -0.9354 -0.9382 -0.9359 -0.9401 -0.3235
1060.00 -0.5184 -0.9211 -0.9199 -0.9262 -0.9354 -0.3150
1070.00 -0.5027 -0.8758 -0.8659 -0.8763 -0.8655 -0.3097
1080.00 -0.5434 -0.9128 -0.9167 -0.9144 -0.9193 -0.3307
1090.00 -0.4930 -0.8672 -0.8578 -0.8601 -0.8542 -0.3052
1100.00 -0.5174 -0.8849 -0.8906 -0.8872 -0.8955 -0.2995
1110.00 -0.5212 -0.8550 -0.8531 -0.8443 -0.8514 -0.3177
1120.00 -0.5376 -0.8729 -0.8708 -0.8739 -0.8760 -0.3263
1130.00 -0.5427 -0.8613 -0.8716 -0.8653 -0.8605 -0.3173
1140.00 -0.4906 -0.7979 -0.8057 -0.8103 -0.8020 -0.2978
1150.00 -0.5781 -0.8553 -0.8517 -0.8547 -0.8477 -0.3543
1160.00 -0.5129 -0.7779 -0.7682 -0.7694 -0.7749 -0.3075
1170.00 -0.5020 -0.7847 -0.8003 -0.7853 -0.7761 -0.2994
1180.00 -0.5400 -0.8566 -0.8507 -0.8501 -0.8533 -0.3182
1190.00 -0.5125 -0.7696 -0.7672 -0.7630 -0.7649 -0.3116
1200.00 -0.5207 -0.7526 -0.7514 -0.7596 -0.7552 -0.3250
1210.00 -0.4288 -0.4970 -0.4974 -0.4964 -0.5014 -0.3105
1220.00 -0.4064 -0.4708 -0.4743 -0.4744 -0.4752 -0.2967
1230.00 -0.4211 -0.5224 -0.5258 -0.5159 -0.5152 -0.3113
1240.00 -0.4232 -0.5102 -0.5089 -0.5096 -0.5032 -0.3114
1250.00 -0.4514 -0.5219 -0.5242 -0.5218 -0.5238 -0.3164
1260.00 -0.4419 -0.5212 -0.5153 -0.5217 -0.5217 -0.3217
1270.00 -0.4475 -0.4903 -0.4931 -0.4929 -0.4964 -0.3255
1280.00 -0.4390 -0.4751 -0.4787 -0.4701 -0.4819 -0.2962
1290.00 -0.4630 -0.4848 -0.4862 -0.4836 -0.4850 -0.3245
1300.00 -0.4861 -0.5202 -0.5171 -0.5184 -0.5255 -0.3120
1310.00 -0.4595 -0.4781 -0.4910 -0.4663 -0.4792 -0.3118
1320.00 -0.4752 -0.4823 -0.4883 -0.4722 -0.4758 -0.3146
1330.00 -0.4673 -0.5029 -0.5016 -0.4914 -0.4924 -0.3166
1340.00 -0.4621 -0.4805 -0.4680 -0.4581 -0.4566 -0.3032
1350.00 -0.4710 -0.4910 -0.5054 -0.5003 -0.4877 -0.3201
1360.00 -0.4673 -0.4740 -0.4761 -0.4719 -0.4697 -0.3083
1370.00 -0.4902 -0.4972 -0.4909 -0.5009 -0.4878 -0.3245
1380.00 -0.4679 -0.4790 -0.4666 -0.4687 -0.4847 -0.2974
1390.00 -0.5065 -0.5209 -0.5161 -0.5157 -0.5223 -0.3227
1400.00 -0.4682 -0.4751 -0.4655 -0.4788 -0.4759 -0.3173
1410.00 -0.4790 -0.5008 -0.4957 -0.4953 -0.5040 -0.3257
1420.00 -0.4389 -0.4386 -0.4562 -0.4535 -0.4605 -0.2985
1430.00 -0.4572 -0.4927 -0.4924 -0.4803 -0.4828 -0.3115
1440.00 -0.4712 -0.4855 -0.4907 -0.4941 -0.4923 -0.3114
1450.00 -0.4504 -0.5240 -0.5125 -0.5313 -0.5269 -0.3239
1460.00 -0.4201 -0.4558 -0.4540 -0.4555 -0.4631 -0.2976
1470.00 -0.4704 -0.5257 -0.5173 -0.5179 -0.5187 -0.3200
1480.00 -0.4390 -0.5021 -0.5118 -0.5099 -0.5036 -0.3251
1490.00 -0.4180 -0.5139 -0.5056 -0.5062 -0.5154 -0.3220
1500.00 -0.3407 -0.8938 -0.8936 -0.8962 -0.8867 -0.3387
1510.00 0.0590 -2.5403 -2.5583 -2.5443 -2.5581 -0.2200
1520.00 -0.4080 -0.4943 -0.4899 -0.4962 -0.4929 -0.2971
1530.00 -0.4024 -0.4682 -0.4638 -0.4593 -0.4632 -0.2969
1540.00 -0.4486 -0.5364 -0.5326 -0.5229 -0.5280 -0.3165
1550.00 -0.4150 -0.4794 -0.4770 -0.4792 -0.4759 -0.3168
1560.00 -0.4361 -0.5111 -0.5105 -0.5124 -0.5054 -0.3210
1570.00 -0.4403 -0.5015 -0.5030 -0.4997 -0.4981 -0.3252
1580.00 -0.4437 -0.4699 -0.4591 -0.4616 -0.4545 -0.3150
1590.00 -0.4510 -0.4765 -0.4721 -0.4705 -0.4676 -0.2954
1600.00 -0.5140 -0.5615 -0.5503 -0.5630 -0.5520 -0.3449
1610.00 -0.4319 -0.4879 -0.4781 -0.4849 -0.4817 -0.3041
1620.00 -0.4515 -0.4915 -0.4848 -0.4928 -0.5003 -0.3187
1630.00 -0.4259 -0.4920 -0.4970 -0.4800 -0.4911 -0.3049
1640.00 -0.4174 -0.4622 -0.4643 -0.4675 -0.4571 -0.2981
1650.00 -0.4806 -0.5128 -0.5208 -0.5075 -0.5170 -0.3437
1660.00 -0.4882 -0.4998 -0.4960 -0.4917 -0.5094 -0.3152
1670.00 -0.4108 -0.4520 -0.4536 -0.4651 -0.4555 -0.2979
1680.00 -0.4794 -0.5324 -0.5392 -0.5443 -0.5483 -0.3441
1690.00 -0.4302 -0.4879 -0.4864 -0.4878 -0.4904 -0.2984
1700.00 -0.4250 -0.4781 -0.4841 -0.4787 -0.4753 -0.2984
1710.00 -0.4290 -0.5996 -0.5990 -0.6060 -0.6056 -0.3435
1720.00 -0.3063 -1.0973 -1.0944 -1.1014 -1.0929 -0.3314
1730.00 -0.2650 -1.6302 -1.6320 -1.6270 -1.6240 -0.2804
1740.00 -0.3900 -0.5159 -0.5185 -0.5226 -0.5283 -0.2981
1750.00 -0.4125 -0.5373 -0.5340 -0.5303 -0.5322 -0.3098
1760.00 -0.4239 -0.4853 -0.4902 -0.4929 -0.4850 -0.3163
1770.00 -0.4326 -0.5690 -0.5700 -0.5741 -0.5670 -0.3234
1780.00 -0.4055 -0.5065 -0.5055 -0.5046 -0.5031 -0.3101
1790.00 -0.4314 -0.6083 -0.6008 -0.6034 -0.6047 -0.3282
1800.00 -0.4013 -0.4894 -0.4921 -0.4967 -0.4936 -0.3060
1810.00 -0.4299 -0.5428 -0.5379 -0.5479 -0.5482 -0.3162
1820.00 -0.4236 -0.5804 -0.5861 -0.5876 -0.5809 -0.3240
1830.00 -0.4329 -0.5753 -0.5614 -0.5732 -0.5693 -0.3218
1840.00 -0.3782 -0.5011 -0.4983 -0.4886 -0.5020 -0.2935
1850.00 -0.4157 -0.5879 -0.5938 -0.5939 -0.5871 -0.3196
1860.00 -0.4151 -0.5276 -0.5260 -0.5223 -0.5254 -0.3150
1870.00 -0.4180 -0.5376 -0.5283 -0.5378 -0.5411 -0.3164
1880.00 -0.4338 -0.5667 -0.5746 -0.5766 -0.5788 -0.3294
1890.00 -0.3985 -0.5785 -0.5901 -0.5806 -0.5800 -0.3191
1900.00 -0.3738 -0.6032 -0.6013 -0.5973 -0.5974 -0.3045
1910.00 -0.4225 -0.6751 -0.6695 -0.6697 -0.6777 -0.3318
1920.00 -0.4035 -0.5989 -0.5920 -0.6017 -0.5978 -0.3152
1930.00 -0.4430 -0.6006 -0.5983 -0.5972 -0.6061 -0.3337
1940.00 -0.3986 -0.5380 -0.5432 -0.5362 -0.5456 -0.3195
1950.00 -0.3758 -0.7011 -0.7116 -0.7032 -0.7110 -0.2994
1960.00 -0.4097 -0.6435 -0.6464 -0.6430 -0.6410 -0.3188
1970.00 -0.3905 -0.5407 -0.5387 -0.5356 -0.5413 -0.3051
1980.00 -0.4247 -0.6378 -0.6230 -0.6266 -0.6239 -0.3302
1990.00 -0.4078 -0.5904 -0.5875 -0.5938 -0.5930 -0.3073
2000.00 -0.3986 -0.5742 -0.5804 -0.5767 -0.5747 -0.3090
2010.00 -0.4265 -0.5162 -0.5222 -0.5177 -0.5148 -0.3264
2020.00 -0.4012 -0.5508 -0.5499 -0.5440 -0.5408 -0.3139
2030.00 -0.4347 -0.6318 -0.6355 -0.6281 -0.6329 -0.3367
2040.00 -0.4178 -0.5226 -0.5268 -0.5227 -0.5232 -0.3207
2050.00 -0.4140 -0.5297 -0.5311 -0.5338 -0.5420 -0.3046
2060.00 -0.4066 -0.5765 -0.5692 -0.5719 -0.5724 -0.3129
2070.00 -0.3891 -0.6191 -0.6214 -0.6263 -0.6202 -0.3159
2080.00 -0.3752 -0.6701 -0.6695 -0.6658 -0.6738 -0.3086
2090.00 -0.4142 -0.6732 -0.6759 -0.6758 -0.6749 -0.3109
2100.00 -0.4117 -0.6462 -0.6360 -0.6426 -0.6428 -0.3233
2110.00 -0.4237 -0.5307 -0.5315 -0.5305 -0.5345 -0.3276
2120.00 -0.4055 -0.6157 -0.6206 -0.6175 -0.6159 -0.3112
2130.00 -0.3715 -0.5229 -0.5269 -0.5318 -0.5186 -0.2952
2140.00 -0.4569 -0.7057 -0.7194 -0.7118 -0.7025 -0.3430
2150.00 -0.3910 -0.7077 -0.7032 -0.6924 -0.7080 -0.3221
2160.00 -0.3956 -0.6112 -0.6004 -0.6060 -0.6143 -0.3150
2170.00 -0.4147 -0.5513 -0.5471 -0.5505 -0.5542 -0.3141
2180.00 -0.4085 -0.5541 -0.5508 -0.5500 -0.5520 -0.3092
2190.00 -0.3960 -0.4849 -0.4898 -0.4845 -0.4899 -0.3040
2200.00 -0.4311 -0.6112 -0.6084 -0.6106 -0.6160 -0.3285
2210.00 -0.3958 -0.5712 -0.5796 -0.5762 -0.5816 -0.3046
2220.00 -0.4042 -0.6032 -0.6067 -0.6073 -0.6079 -0.3201
2230.00 -0.4222 -0.6217 -0.6271 -0.6330 -0.6228 -0.3453
2240.00 -0.3821 -0.6339 -0.6382 -0.6330 -0.6330 -0.2903
2250.00 -0.4060 -0.5316 -0.5276 -0.5330 -0.5350 -0.3208
2260.00 -0.4186 -0.8039 -0.8099 -0.7946 -0.7974 -0.3348
2270.00 -0.4041 -0.5238 -0.5321 -0.5285 -0.5344 -0.3108
2280.00 -0.3995 -0.5954 -0.6010 -0.5900 -0.6052 -0.3167
2290.00 -0.4009 -0.5334 -0.5448 -0.5406 -0.5430 -0.3101
2300.00 -0.3972 -0.6443 -0.6438 -0.6386 -0.6395 -0.3042
2310.00 -0.4232 -0.6256 -0.6197 -0.6181 -0.6149 -0.3270
2320.00 -0.3871 -0.7656 -0.7780 -0.7762 -0.7636 -0.3251
2330.00 -0.3982 -0.6129 -0.6058 -0.6089 -0.6098 -0.3162
2340.00 -0.4244 -0.6310 -0.6330 -0.6353 -0.6374 -0.3235
2350.00 -0.3937 -0.5625 -0.5533 -0.5595 -0.5669 -0.2965
2360.00 -0.4177 -0.6164 -0.6226 -0.6130 -0.6181 -0.3271
2370.00 -0.4244 -0.5938 -0.5952 -0.5950 -0.5975 -0.3259
2380.00 -0.4011 -0.5569 -0.5554 -0.5680 -0.5597 -0.3062
2390.00 -0.3972 -0.6137 -0.6167 -0.6112 -0.6104 -0.2978
2400.00 -0.4160 -0.5404 -0.5479 -0.5466 -0.5537 -0.3094
2410.00 -0.4144 -0.5063 -0.5023 -0.5001 -0.5078 -0.3158
2420.00 -0.4438 -0.4996 -0.5029 -0.4972 -0.5044 -0.3247
2430.00 -0.4343 -0.6050 -0.6015 -0.6080 -0.5961 -0.3330
2440.00 -0.3780 -0.5825 -0.5758 -0.5787 -0.5774 -0.3110
2450.00 -0.4346 -0.6353 -0.6325 -0.6359 -0.6295 -0.3309
2460.00 -0.3789 -0.6280 -0.6262 -0.6337 -0.6314 -0.3111
2470.00 -0.3885 -0.6675 -0.6686 -0.6660 -0.6570 -0.3237
2480.00 -0.3933 -0.6532 -0.6533 -0.6454 -0.6435 -0.3023
2490.00 -0.4244 -0.6168 -0.6225 -0.6234 -0.6356 -0.3239
2500.00 -0.3995 -0.7001 -0.7003 -0.6962 -0.6916 -0.3220
2510.00 -0.4192 -0.5586 -0.5612 -0.5680 -0.5641 -0.3237
2520.00 -0.4004 -0.5253 -0.5297 -0.5242 -0.5294 -0.3214
2530.00 -0.4094 -0.6464 -0.6527 -0.6456 -0.6533 -0.3115
2540.00 -0.3987 -0.4672 -0.4690 -0.4717 -0.4762 -0.3018
2550.00 -0.4227 -0.5526 -0.5533 -0.5514 -0.5469 -0.3194
2560.00 -0.4266 -0.6564 -0.6583 -0.6613 -0.6589 -0.3247
2570.00 -0.3906 -0.5671 -0.5671 -0.5704 -0.5744 -0.3052
2580.00 -0.4035 -0.5553 -0.5567 -0.5546 -0.5541 -0.3186
2590.00 -0.4379 -0.7352 -0.7330 -0.7328 -0.7355 -0.3288
2600.00 -0.3922 -0.5588 -0.5588 -0.5582 -0.5568 -0.3131
2610.00 -0.4078 -0.6798 -0.6738 -0.6744 -0.6740 -0.3210
2620.00 -0.3941 -0.6904 -0.6861 -0.6843 -0.6772 -0.3204
2630.00 -0.4260 -0.6511 -0.6527 -0.6529 -0.6510 -0.3183
2640.00 -0.3791 -0.5489 -0.5561 -0.5425 -0.5493 -0.3004
2650.00 -0.4198 -0.6157 -0.6096 -0.6116 -0.6208 -0.3282
2660.00 -0.3778 -0.5618 -0.5615 -0.5584 -0.5556 -0.2938
2670.00 -0.4402 -0.6003 -0.5993 -0.6010 -0.6003 -0.3322
2680.00 -0.4132 -0.5334 -0.5346 -0.5310 -0.5344 -0.3161
2690.00 -0.4036 -0.6056 -0.5929 -0.6047 -0.6059 -0.3217
2700.00 -0.3838 -0.6467 -0.6491 -0.6480 -0.6457 -0.3027
2710.00 -0.4196 -0.7002 -0.6981 -0.6897 -0.6992 -0.3313
2720.00 -0.4179 -0.6610 -0.6687 -0.6735 -0.6669 -0.3250
2730.00 -0.3970 -0.5479 -0.5502 -0.5500 -0.5460 -0.3070
2740.00 -0.4088 -0.5899 -0.5816 -0.5801 -0.5863 -0.3186
2750.00 -0.4214 -0.6718 -0.6796 -0.6816 -0.6879 -0.3379
2760.00 -0.4239 -0.7053 -0.6957 -0.7080 -0.6970 -0.3189
2770.00 -0.3967 -0.5045 -0.5122 -0.5164 -0.5119 -0.3030
2780.00 -0.4338 -0.5794 -0.5753 -0.5768 -0.5759 -0.3277
2790.00 -0.3910 -0.5183 -0.5194 -0.5187 -0.5157 -0.3031
2800.00 -0.4264 -0.5287 -0.5255 -0.5264 -0.5308 -0.3205
2810.00 -0.4215 -0.5683 -0.5655 -0.5635 -0.5640 -0.3243
2820.00 -0.4114 -0.6536 -0.6448 -0.6537 -0.6505 -0.3184
2830.00 -0.3904 -0.5656 -0.5700 -0.5630 -0.5713 -0.3114
2840.00 -0.3797 -0.9835 -0.9841 -0.9810 -0.9794 -0.3238
2850.00 -0.3858 -0.5201 -0.5178 -0.5235 -0.5167 -0.2987
2860.00 -0.4393 -0.5906 -0.6028 -0.6013 -0.6008 -0.3191
2870.00 -0.4085 -0.5232 -0.5190 -0.5237 -0.5262 -0.3188
2880.00 -0.4029 -0.5667 -0.5650 -0.5650 -0.5683 -0.3164
2890.00 -0.4095 -0.6162 -0.6179 -0.6135 -0.6155 -0.3140
2900.00 -0.4298 -0.5901 -0.5871 -0.5853 -0.5902 -0.3356
2910.00 -0.4020 -0.5106 -0.5149 -0.5129 -0.5138 -0.3115
2920.00 -0.3968 -0.6493 -0.6642 -0.6564 -0.6602 -0.3206
2930.00 -0.4094 -0.8088 -0.7967 -0.8066 -0.8063 -0.3194
2940.00 -0.3947 -0.4923 -0.4959 -0.4935 -0.4930 -0.2955
2950.00 -0.3953 -0.5720 -0.5710 -0.5735 -0.5648 -0.3117
2960.00 -0.4186 -0.5908 -0.5925 -0.5919 -0.5925 -0.3206
2970.00 -0.4171 -0.6132 -0.6150 -0.6175 -0.6187 -0.3242
2980.00 -0.3813 -0.5957 -0.5996 -0.5915 -0.6003 -0.2926
2990.00 -0.4532 -0.5706 -0.5721 -0.5711 -0.5698 -0.3539
3000.00 -0.3842 -0.5020 -0.4997 -0.4941 -0.5041 -0.3017
3010.00 -0.4252 -0.5817 -0.5915 -0.5846 -0.5929 -0.3270
3020.00 -0.3934 -0.6636 -0.6610 -0.6611 -0.6683 -0.3137
3030.00 -0.4099 -0.6284 -0.6250 -0.6272 -0.6317 -0.3150
3040.00 -0.4315 -0.7725 -0.7710 -0.7762 -0.7726 -0.3302
3050.00 -0.3819 -0.5258 -0.5237 -0.5278 -0.5344 -0.3049
3060.00 -0.3952 -0.6418 -0.6481 -0.6452 -0.6476 -0.3184
3070.00 -0.3975 -0.6180 -0.6303 -0.6294 -0.6180 -0.3208
3080.00 -0.4006 -0.6432 -0.6376 -0.6465 -0.6503 -0.3123
3090.00 -0.4170 -0.7110 -0.6971 -0.7053 -0.6979 -0.3300
3100.00 -0.4039 -0.5291 -0.5281 -0.5230 -0.5272 -0.3062
3110.00 -0.4019 -0.5468 -0.5427 -0.5421 -0.5504 -0.3122
3120.00 -0.4222 -0.6050 -0.6082 -0.6119 -0.6069 -0.3131
3130.00 -0.4413 -0.6782 -0.6759 -0.6741 -0.6638 -0.3374
3140.00 -0.3955 -0.5315 -0.5296 -0.5340 -0.5349 -0.3083
3150.00 -0.4024 -0.5441 -0.5490 -0.5467 -0.5459 -0.3070
3160.00 -0.4007 -0.5570 -0.5582 -0.5656 -0.5666 -0.3078
3170.00 -0.4502 -0.7643 -0.7594 -0.7641 -0.7621 -0.3418
3180.00 -0.3901 -0.4846 -0.4795 -0.4785 -0.4837 -0.2967
3190.00 -0.4365 -0.5681 -0.5669 -0.5675 -0.5658 -0.3273
3200.00 -0.4149 -0.6127 -0.6045 -0.6097 -0.6001 -0.3307
3210.00 -0.3936 -0.6228 -0.6287 -0.6329 -0.6274 -0.2985
3220.00 -0.4049 -0.6480 -0.6501 -0.6339 -0.6380 -0.3139
3230.00 -0.3980 -0.5255 -0.5303 -0.5299 -0.5249 -0.3184
3240.00 -0.4274 -0.7842 -0.7767 -0.7722 -0.7765 -0.3352
3250.00 -0.3902 -0.5249 -0.5250 -0.5229 -0.5255 -0.3087
3260.00 -0.4166 -0.6261 -0.6236 -0.6313 -0.6210 -0.3302
3270.00 -0.3946 -0.4995 -0.5041 -0.5010 -0.4958 -0.2956
3280.00 -0.4119 -0.5722 -0.5741 -0.5731 -0.5817 -0.3257
3290.00 -0.3772 -0.7229 -0.7177 -0.7273 -0.7226 -0.3127
3300.00 -0.4474 -0.6964 -0.6998 -0.6871 -0.6867 -0.3442
3310.00 -0.4005 -0.7189 -0.7196 -0.7173 -0.7138 -0.3138
3320.00 -0.3823 -0.5616 -0.5626 -0.5658 -0.5645 -0.3028
3330.00 -0.4037 -0.5819 -0.5804 -0.5875 -0.5841 -0.3045
3340.00 -0.4203 -0.5309 -0.5304 -0.5376 -0.5399 -0.3142
3350.00 -0.3987 -0.5238 -0.5315 -0.5358 -0.5328 -0.3111
3360.00 -0.4415 -0.5525 -0.5658 -0.5644 -0.5614 -0.3369
3370.00 -0.3607 -0.5138 -0.5103 -0.5182 -0.5176 -0.2845
3380.00 -0.4482 -0.6509 -0.6474 -0.6549 -0.6563 -0.3458
3390.00 -0.4091 -0.5218 -0.5166 -0.5135 -0.5185 -0.3097
3400.00 -0.3929 -0.5561 -0.5518 -0.5512 -0.5470 -0.3029
3410.00 -0.4184 -0.6551 -0.6560 -0.6568 -0.6632 -0.3423
3420.00 -0.3957 -0.7461 -0.7404 -0.7431 -0.7497 -0.3089
3430.00 -0.3927 -0.5797 -0.5839 -0.5861 -0.5899 -0.3040
3440.00 -0.4112 -0.7760 -0.7797 -0.7684 -0.7784 -0.3317
3450.00 -0.3989 -0.6820 -0.6782 -0.6765 -0.6810 -0.3169
3460.00 -0.3719 -0.6255 -0.6238 -0.6300 -0.6138 -0.2980
3470.00 -0.4114 -0.5835 -0.5900 -0.5844 -0.5907 -0.3182
3480.00 -0.4181 -0.5915 -0.5952 -0.5910 -0.5915 -0.3153
3490.00 -0.3994 -0.4859 -0.4857 -0.4854 -0.4890 -0.3046
3500.00 -0.4078 -0.5067 -0.5021 -0.5000 -0.4967 -0.3116
3510.00 -0.4333 -0.5650 -0.5635 -0.5570 -0.5656 -0.3210
3520.00 -0.4124 -0.4998 -0.4971 -0.5035 -0.4971 -0.3218
3530.00 -0.4258 -0.5754 -0.5725 -0.5766 -0.5700 -0.3297
3540.00 -0.3946 -0.6146 -0.6046 -0.6139 -0.6075 -0.3179
3550.00 -0.4048 -0.7107 -0.7086 -0.7089 -0.7071 -0.3137
3560.00 -0.3820 -0.6992 -0.6934 -0.6967 -0.6932 -0.3018
3570.00 -0.4119 -0.6422 -0.6327 -0.6342 -0.6406 -0.3243
3580.00 -0.3942 -0.6007 -0.6043 -0.6047 -0.6058 -0.3078
3590.00 -0.4224 -0.6218 -0.6227 -0.6227 -0.6267 -0.3234
3600.00 -0.4080 -0.6404 -0.6428 -0.6430 -0.6476 -0.3153
3610.00 -0.3832 -0.5651 -0.5525 -0.5652 -0.5571 -0.3038
3620.00 -0.4504 -0.6824 -0.6775 -0.6757 -0.6802 -0.3520
3630.00 -0.3871 -0.4993 -0.5095 -0.5012 -0.5065 -0.2994
3640.00 -0.3981 -0.6377 -0.6406 -0.6410 -0.6361 -0.3105
3650.00 -0.4056 -0.5927 -0.5861 -0.5939 -0.5888 -0.3153
3660.00 -0.4263 -0.5646 -0.5695 -0.5613 -0.5674 -0.3291
3670.00 -0.3864 -0.5929 -0.5836 -0.5926 -0.5921 -0.3080
3680.00 -0.4313 -0.6883 -0.6879 -0.6844 -0.6898 -0.3311
3690.00 -0.3814 -0.5066 -0.5058 -0.5091 -0.5111 -0.2970
3700.00 -0.4210 -0.6509 -0.6563 -0.6556 -0.6570 -0.3322
3710.00 -0.4254 -0.5972 -0.6007 -0.6027 -0.5880 -0.3246
3720.00 -0.4035 -0.6208 -0.6271 -0.6180 -0.6251 -0.3108
3730.00 -0.3857 -0.4956 -0.4891 -0.4950 -0.4937 -0.3035
3740.00 -0.4108 -0.6448 -0.6462 -0.6460 -0.6484 -0.3094
3750.00 -0.4308 -0.5288 -0.5347 -0.5311 -0.5317 -0.3291
3760.00 -0.3811 -0.5935 -0.6066 -0.6077 -0.6091 -0.3109
3770.00 -0.4109 -0.7567 -0.7511 -0.7597 -0.7534 -0.3304
3780.00 -0.4159 -0.6527 -0.6507 -0.6544 -0.6596 -0.3267
3790.00 -0.3687 -0.6012 -0.6028 -0.5960 -0.6053 -0.2939
3800.00 -0.4222 -0.5592 -0.5642 -0.5554 -0.5630 -0.3201
3810.00 -0.4137 -0.6259 -0.6222 -0.6172 -0.6185 -0.3197
3820.00 -0.4218 -0.6066 -0.6152 -0.6211 -0.6151 -0.3318
3830.00 -0.4098 -0.5093 -0.5173 -0.5168 -0.5151 -0.3048
3840.00 -0.4062 -0.6505 -0.6463 -0.6419 -0.6451 -0.3189
3850.00 -0.4106 -0.5890 -0.5803 -0.5857 -0.5861 -0.3082
3860.00 -0.4215 -0.6145 -0.6289 -0.6275 -0.6258 -0.3292
3870.00 -0.3814 -0.5801 -0.5805 -0.5755 -0.5726 -0.3092
3880.00 -0.3942 -0.7188 -0.7242 -0.7227 -0.7181 -0.3083
3890.00 -0.4395 -0.6224 -0.6149 -0.6198 -0.6206 -0.3338
3900.00 -0.3772 -0.5307 -0.5362 -0.5350 -0.5402 -0.2926
3910.00 -0.4240 -0.6452 -0.6415 -0.6374 -0.6449 -0.3327
3920.00 -0.3984 -0.5852 -0.5780 -0.5771 -0.5791 -0.3078
3930.00 -0.3971 -0.4963 -0.5006 -0.5016 -0.5053 -0.3126
3940.00 -0.4182 -0.5089 -0.5048 -0.5095 -0.5144 -0.3036
3950.00 -0.4163 -0.7341 -0.7315 -0.7398 -0.7367 -0.3370
3960.00 -0.4093 -0.6236 -0.6215 -0.6154 -0.6222 -0.3189
3970.00 -0.4033 -0.5800 -0.5797 -0.5825 -0.5836 -0.3157
3980.00 -0.4408 -0.6095 -0.6052 -0.6026 -0.6109 -0.3246
3990.00 -0.3935 -0.5980 -0.5898 -0.6015 -0.5993 -0.3135
4000.00 -0.3836 -0.4907 -0.4894 -0.4897 -0.4980 -0.2994
