10.00 0.50 0.50 0.38 1.00 0.38 5.05
20.00 0.63 0.38 0.25 1.13 0.00 5.40
30.00 0.38 0.25 0.38 1.13 0.50 5.05
40.00 0.38 0.63 0.38 0.38 1.00 5.50
50.00 0.63 0.88 0.38 0.25 0.63 5.30
60.00 0.13 1.00 0.13 1.00 0.50 4.90
70.00 0.38 0.63 1.00 0.75 0.00 5.45
80.00 0.25 0.25 0.25 0.25 0.13 4.95
90.00 0.50 0.50 0.63 0.50 0.38 5.20
100.00 0.38 0.38 1.00 0.38 0.38 5.10
110.00 0.13 0.13 1.88 0.13 1.00 5.50
120.00 0.13 0.63 0.75 0.50 0.38 5.65
130.00 0.25 0.38 0.75 0.50 0.25 5.05
140.00 0.13 0.38 0.50 0.63 0.25 5.10
150.00 0.63 0.75 0.38 0.63 0.63 5.55
160.00 0.63 0.50 0.50 0.50 0.75 5.30
170.00 0.25 0.50 0.63 0.25 1.88 5.35
180.00 0.50 0.38 0.25 0.13 0.75 4.95
190.00 0.63 0.13 0.38 0.38 1.25 5.55
200.00 0.75 0.50 0.50 0.25 1.00 5.45
210.00 0.63 0.13 1.13 0.13 0.25 5.15
220.00 0.75 0.75 0.88 0.25 0.50 5.50
230.00 0.75 0.38 0.63 0.63 0.25 5.00
240.00 0.38 0.38 0.38 0.50 0.63 5.45
250.00 0.75 0.13 0.63 0.13 0.50 5.60
260.00 0.63 0.38 0.13 0.13 0.25 4.70
270.00 1.25 0.25 0.38 0.13 0.50 5.35
280.00 2.00 0.13 1.13 0.00 0.63 5.40
290.00 1.88 0.38 0.13 0.25 0.50 5.35
300.00 1.13 0.13 0.25 0.88 0.63 5.45
310.00 1.38 0.25 0.00 0.25 0.63 5.20
320.00 0.88 0.38 0.25 0.13 0.50 5.15
330.00 1.63 0.25 0.25 0.38 0.38 5.55
340.00 0.63 0.75 0.13 0.13 0.00 5.00
350.00 1.00 0.25 0.25 0.50 1.00 5.20
360.00 0.38 0.13 0.38 0.63 0.00 5.20
370.00 0.50 0.63 1.00 0.38 0.63 5.15
380.00 0.75 0.50 0.25 0.38 0.38 5.25
390.00 0.88 0.13 0.63 0.75 0.75 5.50
400.00 0.38 0.50 0.63 0.50 0.25 5.30
410.00 1.00 0.50 0.13 1.00 0.25 5.30
420.00 0.63 0.50 0.25 0.88 0.00 5.30
430.00 0.63 0.88 0.75 0.13 0.25 5.15
440.00 0.38 0.75 0.75 0.25 0.13 5.20
450.00 0.50 0.88 0.13 0.88 0.38 5.45
460.00 1.00 0.50 0.75 0.75 0.13 5.30
470.00 0.63 0.38 0.63 0.38 0.25 4.85
480.00 0.00 1.38 0.50 0.38 0.25 5.45
490.00 0.63 0.38 0.75 0.25 0.50 5.30
500.00 0.75 0.75 0.50 0.25 0.63 5.10
510.00 0.63 0.50 0.88 0.13 0.38 5.20
520.00 0.25 0.88 0.63 0.50 0.88 5.45
530.00 0.38 0.50 0.38 0.38 0.50 5.05
540.00 0.38 1.25 0.38 0.25 0.25 5.50
550.00 0.50 0.25 0.25 0.25 0.63 5.15
560.00 0.50 1.00 0.00 0.13 1.13 5.10
570.00 0.25 0.50 0.00 0.63 1.00 5.55
580.00 0.25 0.38 1.00 0.13 0.38 4.95
590.00 0.38 0.75 0.75 0.25 0.75 5.40
600.00 0.25 1.13 0.38 0.13 0.38 5.35
610.00 0.25 0.50 0.25 0.13 1.00 5.05
620.00 0.25 0.38 0.38 0.13 1.13 5.45
630.00 0.38 0.38 0.50 0.13 1.38 5.05
640.00 0.63 0.63 0.13 0.25 1.38 5.50
650.00 0.75 0.63 0.25 0.25 0.63 5.35
660.00 0.75 0.25 0.50 0.38 0.50 5.25
670.00 0.38 0.13 0.25 0.75 0.75 5.15
680.00 0.38 0.38 0.38 0.38 0.88 5.05
690.00 0.13 0.63 0.75 0.13 0.88 5.30
700.00 0.75 0.00 0.63 1.25 1.25 5.50
710.00 0.63 0.63 0.63 0.25 0.00 5.35
720.00 0.50 0.50 0.38 0.50 0.25 5.00
730.00 0.50 0.63 0.13 0.63 0.75 5.60
740.00 0.50 0.75 0.38 0.75 0.63 5.15
750.00 0.38 0.13 0.63 0.25 0.38 5.15
760.00 0.50 0.75 0.88 0.38 0.25 5.40
770.00 0.38 0.38 0.38 0.13 0.38 4.95
780.00 0.75 0.63 0.00 0.38 0.25 5.20
790.00 0.63 0.50 1.00 0.00 0.00 5.30
800.00 0.63 0.75 0.50 0.13 0.25 5.70
810.00 0.50 0.38 0.25 0.25 0.50 5.20
820.00 0.88 0.38 0.63 0.25 0.13 5.10
830.00 0.50 0.75 1.25 0.38 0.63 5.20
840.00 1.13 0.75 0.13 0.38 0.13 5.05
850.00 0.88 0.50 0.25 0.38 0.38 5.25
860.00 0.25 0.25 0.50 0.38 0.63 5.25
870.00 1.00 0.63 0.25 0.25 0.63 5.20
880.00 0.75 0.63 0.25 0.25 0.00 5.10
890.00 0.25 0.25 0.00 0.75 0.50 4.90
900.00 0.38 0.38 0.63 1.38 0.13 5.70
910.00 0.25 0.88 0.63 0.38 0.88 5.45
920.00 0.25 0.75 0.25 0.88 0.13 5.30
930.00 0.38 0.75 0.50 0.63 0.38 5.00
940.00 0.63 1.63 0.38 0.13 0.13 5.20
950.00 0.38 1.00 0.50 0.25 0.50 5.45
960.00 0.38 0.38 0.75 0.38 0.38 5.00
970.00 0.13 0.25 0.38 0.25 0.88 5.15
980.00 0.38 0.38 0.25 0.75 1.00 5.45
990.00 0.63 0.13 0.50 0.13 1.13 5.15
1000.00 0.75 0.38 0.38 0.13 0.38 5.45
1010.00 14.00 0.13 0.38 0.00 0.38 8.80
1020.00 36.75 0.00 0.00 0.00 0.00 16.80
1030.00 39.25 0.00 0.00 0.00 0.00 16.95
1040.00 38.50 0.00 0.00 0.00 0.00 17.45
1050.00 33.63 0.00 0.00 0.00 0.00 14.85
1060.00 25.50 0.00 0.00 0.00 0.00 12.65
1070.00 23.75 0.00 0.00 0.00 0.00 12.15
1080.00 22.50 0.00 0.00 0.00 0.00 11.55
1090.00 18.13 0.00 0.00 0.00 0.00 10.40
1100.00 19.63 0.00 0.00 0.00 0.00 10.55
1110.00 16.88 0.00 0.00 0.00 0.00 9.50
1120.00 16.75 0.00 0.00 0.00 0.00 10.05
1130.00 16.88 0.00 0.00 0.00 0.00 9.90
1140.00 15.88 0.00 0.00 0.00 0.00 9.35
1150.00 19.88 0.00 0.00 0.00 0.00 10.75
1160.00 15.50 0.00 0.00 0.00 0.00 9.35
1170.00 16.00 0.00 0.00 0.00 0.00 9.35
1180.00 17.63 0.00 0.00 0.00 0.00 10.15
1190.00 15.38 0.00 0.00 0.00 0.00 8.90
1200.00 13.00 0.00 0.00 0.00 0.00 8.55
1210.00 5.75 0.00 0.00 0.00 0.00 5.90
1220.00 3.88 0.00 0.00 0.00 0.00 5.40
1230.00 3.75 0.00 0.00 0.00 0.00 5.30
1240.00 4.25 0.00 0.13 0.00 0.00 5.45
1250.00 5.13 0.13 0.00 0.00 0.13 6.15
1260.00 4.63 0.13 0.00 0.00 0.00 5.70
1270.00 3.75 0.25 0.25 0.00 0.00 5.50
1280.00 2.38 0.25 0.38 0.25 0.50 5.25
1290.00 3.75 0.00 0.25 0.25 0.13 5.60
1300.00 15.63 0.00 0.00 0.00 0.13 8.75
1310.00 42.63 0.00 0.00 0.00 0.00 19.45
1320.00 6.88 0.00 0.00 0.00 0.00 5.90
1330.00 13.38 0.00 0.00 0.00 0.00 9.05
1340.00 6.00 0.00 0.00 0.00 0.00 5.65
1350.00 8.13 0.00 0.00 0.00 0.00 6.30
1360.00 8.88 0.00 0.00 0.00 0.00 7.45
1370.00 6.00 0.00 0.00 0.00 0.00 5.90
1380.00 4.13 0.00 0.00 0.00 0.00 5.45
1390.00 15.13 0.00 0.00 0.00 0.00 9.10
1400.00 12.25 0.00 0.00 0.00 0.00 8.30
1410.00 9.38 0.00 0.00 0.00 0.00 6.95
1420.00 7.50 0.00 0.00 0.00 0.00 6.50
1430.00 17.00 0.00 0.00 0.00 0.00 10.00
1440.00 12.25 0.00 0.00 0.00 0.00 8.55
1450.00 12.00 0.00 0.00 0.00 0.00 7.90
1460.00 9.13 0.00 0.00 0.00 0.00 7.20
1470.00 4.13 0.00 0.00 0.00 0.00 5.25
1480.00 11.25 0.00 0.00 0.00 0.00 8.15
1490.00 14.25 0.00 0.00 0.00 0.00 8.75
1500.00 10.63 0.00 0.00 0.00 0.00 7.80
1510.00 9.38 0.00 0.00 0.00 0.00 6.75
1520.00 21.50 0.00 0.00 0.00 0.00 11.30
1530.00 7.38 0.00 0.00 0.00 0.00 6.95
1540.00 9.25 0.00 0.00 0.00 0.00 6.80
1550.00 3.63 0.00 0.00 0.00 0.00 5.25
1560.00 6.50 0.13 0.00 0.00 0.00 6.45
1570.00 11.38 0.00 0.00 0.00 0.00 7.60
1580.00 14.00 0.00 0.00 0.00 0.00 8.95
1590.00 6.13 0.00 0.00 0.00 0.00 6.35
1600.00 25.75 0.00 0.00 0.00 0.00 12.65
1610.00 10.50 0.00 0.00 0.00 0.00 7.45
1620.00 7.13 0.00 0.00 0.00 0.00 6.60
1630.00 12.50 0.00 0.00 0.00 0.00 8.30
1640.00 10.38 0.00 0.00 0.00 0.00 7.40
1650.00 6.25 0.00 0.00 0.00 0.00 6.10
1660.00 15.75 0.00 0.00 0.00 0.00 9.35
1670.00 6.50 0.00 0.00 0.00 0.00 5.90
1680.00 14.38 0.00 0.00 0.00 0.00 9.50
1690.00 10.13 0.00 0.00 0.00 0.00 7.25
1700.00 8.88 0.00 0.00 0.00 0.00 6.90
1710.00 6.88 0.00 0.00 0.00 0.00 6.50
1720.00 4.88 0.00 0.00 0.00 0.00 5.90
1730.00 8.63 0.00 0.00 0.00 0.00 6.65
1740.00 12.13 0.00 0.00 0.00 0.00 8.35
1750.00 19.13 0.00 0.00 0.00 0.00 10.65
1760.00 6.50 0.00 0.00 0.00 0.00 5.70
1770.00 9.50 0.00 0.00 0.00 0.00 7.75
1780.00 7.25 0.00 0.00 0.00 0.00 6.40
1790.00 5.75 0.00 0.00 0.00 0.00 5.65
1800.00 14.25 0.00 0.00 0.00 0.00 8.65
1810.00 20.50 0.00 0.00 0.00 0.00 11.55
1820.00 8.88 0.00 0.00 0.00 0.00 6.85
1830.00 9.75 0.00 0.00 0.00 0.00 6.95
1840.00 23.13 0.00 0.00 0.00 0.00 12.70
1850.00 7.25 0.00 0.00 0.00 0.00 6.20
1860.00 7.63 0.00 0.00 0.00 0.00 6.65
1870.00 6.13 0.00 0.00 0.00 0.00 5.80
1880.00 9.00 0.00 0.00 0.00 0.00 7.45
1890.00 10.00 0.00 0.00 0.00 0.00 7.45
1900.00 7.88 0.00 0.00 0.00 0.00 6.60
1910.00 10.25 0.00 0.00 0.00 0.00 7.50
1920.00 12.50 0.00 0.00 0.00 0.00 8.20
1930.00 26.13 0.00 0.00 0.00 0.00 12.95
1940.00 4.88 0.00 0.00 0.00 0.00 5.50
1950.00 10.38 0.00 0.00 0.00 0.00 7.30
1960.00 4.00 0.00 0.00 0.00 0.00 5.60
1970.00 9.63 0.00 0.00 0.00 0.00 7.00
1980.00 12.00 0.00 0.00 0.00 0.00 8.20
1990.00 5.38 0.00 0.00 0.00 0.00 6.35
2000.00 7.50 0.00 0.00 0.00 0.00 6.20
2010.00 13.50 0.00 0.00 0.00 0.00 8.50
2020.00 11.38 0.00 0.00 0.00 0.00 7.70
2030.00 16.63 0.00 0.00 0.00 0.00 10.00
2040.00 10.63 0.00 0.00 0.00 0.00 7.35
2050.00 20.00 0.00 0.00 0.00 0.00 11.45
2060.00 9.25 0.00 0.00 0.00 0.00 6.70
2070.00 11.38 0.00 0.00 0.00 0.00 7.70
2080.00 11.38 0.00 0.00 0.00 0.00 7.85
2090.00 8.75 0.00 0.00 0.00 0.00 6.65
2100.00 6.00 0.00 0.00 0.00 0.00 6.35
2110.00 6.63 0.00 0.00 0.00 0.00 6.10
2120.00 7.00 0.00 0.00 0.00 0.00 6.40
2130.00 8.00 0.00 0.00 0.00 0.00 6.55
2140.00 25.38 0.00 0.00 0.00 0.00 13.00
2150.00 8.13 0.00 0.00 0.00 0.00 6.70
2160.00 17.75 0.00 0.00 0.00 0.00 10.30
2170.00 5.25 0.00 0.00 0.00 0.00 5.45
2180.00 12.13 0.00 0.00 0.00 0.00 8.15
2190.00 5.63 0.00 0.00 0.00 0.00 5.90
2200.00 4.88 0.00 0.00 0.00 0.00 5.60
2210.00 11.88 0.00 0.00 0.00 0.00 8.35
2220.00 7.38 0.00 0.13 0.00 0.00 6.40
2230.00 8.88 0.00 0.00 0.00 0.00 7.15
2240.00 10.63 0.00 0.00 0.00 0.00 7.40
2250.00 21.75 0.00 0.00 0.00 0.00 11.65
2260.00 9.25 0.00 0.00 0.00 0.00 7.20
2270.00 7.13 0.00 0.00 0.00 0.00 6.20
2280.00 16.13 0.00 0.00 0.00 0.00 9.35
2290.00 22.00 0.00 0.00 0.00 0.00 11.55
2300.00 2.63 0.00 0.00 0.00 0.00 5.00
2310.00 6.50 0.00 0.00 0.00 0.00 6.30
2320.00 5.25 0.00 0.00 0.00 0.00 5.60
2330.00 8.50 0.00 0.00 0.00 0.00 6.35
2340.00 20.00 0.00 0.00 0.00 0.00 11.10
2350.00 12.00 0.00 0.00 0.00 0.00 8.05
2360.00 11.00 0.00 0.00 0.00 0.00 7.80
2370.00 8.13 0.00 0.00 0.00 0.00 7.00
2380.00 3.63 0.00 0.00 0.00 0.00 5.15
2390.00 10.00 0.00 0.00 0.00 0.00 7.10
2400.00 8.88 0.00 0.00 0.00 0.00 7.20
2410.00 19.13 0.00 0.00 0.00 0.00 9.90
2420.00 14.75 0.00 0.00 0.00 0.00 9.60
2430.00 11.63 0.00 0.00 0.00 0.00 7.75
2440.00 6.13 0.00 0.00 0.00 0.00 6.30
2450.00 17.75 0.00 0.00 0.00 0.00 10.20
2460.00 5.75 0.00 0.00 0.00 0.00 5.50
2470.00 10.00 0.00 0.00 0.00 0.00 7.80
2480.00 5.00 0.00 0.00 0.00 0.00 5.90
2490.00 13.63 0.00 0.00 0.00 0.00 8.40
2500.00 7.63 0.00 0.00 0.00 0.00 6.80
2510.00 12.13 0.00 0.00 0.00 0.00 7.95
2520.00 17.75 0.00 0.00 0.00 0.00 10.35
2530.00 6.88 0.00 0.00 0.00 0.00 6.45
2540.00 6.75 0.00 0.00 0.00 0.00 6.15
2550.00 11.88 0.00 0.00 0.00 0.00 8.15
2560.00 22.50 0.00 0.00 0.00 0.00 11.90
2570.00 8.38 0.00 0.00 0.00 0.00 6.80
2580.00 14.13 0.00 0.00 0.00 0.00 8.75
2590.00 6.50 0.00 0.00 0.00 0.00 6.35
2600.00 5.88 0.00 0.13 0.00 0.00 5.80
2610.00 8.13 0.00 0.00 0.00 0.00 6.60
2620.00 15.75 0.00 0.00 0.00 0.00 9.55
2630.00 8.13 0.00 0.00 0.00 0.00 6.80
2640.00 8.63 0.00 0.00 0.00 0.00 6.85
2650.00 11.63 0.00 0.00 0.00 0.00 7.95
2660.00 20.13 0.00 0.00 0.00 0.00 10.90
2670.00 9.75 0.00 0.00 0.00 0.00 7.45
2680.00 4.88 0.00 0.00 0.00 0.00 5.35
2690.00 11.75 0.00 0.00 0.00 0.00 8.30
2700.00 12.13 0.00 0.00 0.00 0.00 7.85
2710.00 12.75 0.00 0.00 0.00 0.00 8.55
2720.00 10.63 0.00 0.00 0.00 0.00 7.50
2730.00 11.00 0.00 0.00 0.00 0.00 7.75
2740.00 13.50 0.00 0.00 0.00 0.00 8.75
2750.00 8.75 0.00 0.00 0.00 0.00 6.50
2760.00 17.63 0.00 0.00 0.00 0.00 10.00
2770.00 11.13 0.00 0.00 0.00 0.00 8.20
2780.00 5.25 0.00 0.00 0.00 0.00 5.40
2790.00 5.50 0.00 0.00 0.00 0.00 5.90
2800.00 17.13 0.00 0.00 0.00 0.00 10.40
2810.00 7.25 0.00 0.00 0.00 0.00 6.20
2820.00 7.13 0.00 0.00 0.00 0.00 5.90
2830.00 7.00 0.00 0.00 0.13 0.00 6.75
2840.00 14.38 0.00 0.00 0.00 0.00 9.05
2850.00 10.25 0.00 0.00 0.00 0.00 7.70
2860.00 15.38 0.00 0.00 0.00 0.00 8.90
2870.00 14.50 0.00 0.00 0.00 0.00 8.95
2880.00 13.50 0.00 0.00 0.00 0.00 8.75
2890.00 9.00 0.00 0.00 0.00 0.00 7.20
2900.00 4.38 0.00 0.00 0.00 0.00 5.30
2910.00 3.38 0.00 0.00 0.00 0.00 5.05
2920.00 20.50 0.13 0.00 0.00 0.00 11.05
2930.00 17.00 0.00 0.00 0.00 0.00 9.80
2940.00 9.38 0.00 0.00 0.00 0.00 7.30
2950.00 7.00 0.00 0.00 0.00 0.00 6.15
2960.00 6.88 0.00 0.00 0.00 0.00 6.75
2970.00 6.88 0.00 0.00 0.00 0.00 6.15
2980.00 13.50 0.00 0.00 0.00 0.00 8.55
2990.00 12.38 0.00 0.00 0.00 0.00 7.90
3000.00 16.25 0.00 0.00 0.00 0.00 9.90
3010.00 5.88 0.00 0.00 0.00 0.00 5.85
3020.00 9.38 0.00 0.00 0.00 0.00 7.20
3030.00 17.00 0.00 0.00 0.00 0.00 9.70
3040.00 13.38 0.00 0.00 0.00 0.00 8.75
3050.00 10.88 0.00 0.00 0.00 0.00 7.95
3060.00 4.00 0.00 0.00 0.00 0.00 5.10
3070.00 10.25 0.00 0.00 0.00 0.00 7.35
3080.00 22.75 0.00 0.00 0.00 0.00 12.10
3090.00 7.63 0.00 0.00 0.00 0.00 6.35
3100.00 7.13 0.00 0.00 0.00 0.00 6.65
3110.00 8.63 0.00 0.00 0.00 0.00 6.90
3120.00 4.63 0.00 0.00 0.00 0.00 5.20
3130.00 8.25 0.00 0.00 0.00 0.00 6.95
3140.00 16.88 0.00 0.00 0.00 0.00 9.85
3150.00 10.38 0.00 0.00 0.00 0.00 7.65
3160.00 11.00 0.00 0.00 0.00 0.00 7.85
3170.00 20.63 0.00 0.00 0.00 0.00 11.15
3180.00 10.13 0.00 0.00 0.00 0.00 7.10
3190.00 7.00 0.00 0.00 0.00 0.00 6.30
3200.00 7.63 0.00 0.00 0.00 0.00 6.65
3210.00 9.63 0.00 0.00 0.00 0.00 7.10
3220.00 13.25 0.00 0.00 0.00 0.00 8.65
3230.00 15.25 0.00 0.00 0.00 0.00 9.30
3240.00 8.63 0.00 0.00 0.00 0.00 6.95
3250.00 7.88 0.00 0.00 0.00 0.00 6.50
3260.00 9.13 0.00 0.00 0.00 0.00 7.05
3270.00 6.25 0.00 0.00 0.00 0.00 6.25
3280.00 22.63 0.00 0.00 0.00 0.00 11.80
3290.00 9.75 0.00 0.00 0.00 0.00 7.10
3300.00 7.25 0.00 0.00 0.00 0.00 6.80
3310.00 6.63 0.00 0.00 0.00 0.00 5.95
3320.00 12.63 0.00 0.00 0.00 0.00 8.25
3330.00 10.88 0.00 0.00 0.00 0.00 7.65
3340.00 11.00 0.00 0.00 0.00 0.00 7.80
3350.00 21.88 0.00 0.00 0.00 0.00 11.50
3360.00 11.50 0.00 0.00 0.00 0.00 7.90
3370.00 9.00 0.00 0.00 0.00 0.00 6.95
3380.00 8.38 0.00 0.00 0.00 0.00 6.75
3390.00 6.38 0.00 0.13 0.00 0.00 6.00
3400.00 14.25 0.00 0.00 0.00 0.00 9.25
3410.00 7.63 0.00 0.00 0.00 0.00 6.30
3420.00 11.50 0.00 0.00 0.00 0.00 8.10
3430.00 6.50 0.00 0.00 0.00 0.00 6.45
3440.00 5.75 0.00 0.00 0.00 0.00 5.65
3450.00 19.88 0.00 0.00 0.00 0.00 10.90
3460.00 15.25 0.00 0.00 0.00 0.00 9.00
3470.00 12.63 0.00 0.00 0.00 0.00 8.60
3480.00 9.63 0.00 0.00 0.00 0.00 7.05
3490.00 8.63 0.00 0.00 0.00 0.00 7.20
3500.00 7.63 0.00 0.00 0.00 0.00 6.80
3510.00 7.50 0.00 0.00 0.00 0.00 6.00
3520.00 13.50 0.00 0.00 0.00 0.00 9.25
3530.00 8.25 0.00 0.00 0.00 0.00 6.85
3540.00 34.25 0.00 0.00 0.00 0.00 15.30
3550.00 6.00 0.00 0.00 0.00 0.00 6.20
3560.00 3.13 0.00 0.00 0.00 0.00 5.10
3570.00 6.50 0.00 0.00 0.00 0.00 6.10
3580.00 3.88 0.00 0.00 0.00 0.00 5.55
3590.00 5.88 0.25 0.13 0.00 0.00 5.70
3600.00 10.25 0.00 0.00 0.00 0.00 7.60
3610.00 19.25 0.00 0.00 0.00 0.00 10.75
3620.00 19.63 0.00 0.00 0.00 0.00 10.90
3630.00 6.88 0.00 0.00 0.00 0.00 6.30
3640.00 4.50 0.00 0.00 0.00 0.00 5.35
3650.00 8.63 0.00 0.00 0.00 0.00 6.80
3660.00 29.00 0.00 0.00 0.00 0.00 13.95
3670.00 6.13 0.00 0.00 0.00 0.00 6.25
3680.00 9.50 0.00 0.00 0.00 0.00 7.15
3690.00 7.38 0.00 0.00 0.00 0.00 6.60
3700.00 4.38 0.00 0.00 0.00 0.00 5.40
3710.00 10.13 0.00 0.00 0.00 0.00 7.45
3720.00 13.50 0.00 0.00 0.00 0.00 8.85
3730.00 7.75 0.00 0.00 0.00 0.00 6.60
3740.00 14.00 0.00 0.00 0.00 0.00 8.80
3750.00 18.25 0.00 0.00 0.00 0.00 10.05
3760.00 13.00 0.00 0.00 0.00 0.00 8.55
3770.00 5.63 0.00 0.00 0.00 0.00 6.30
3780.00 6.38 0.00 0.00 0.00 0.00 5.65
3790.00 17.25 0.00 0.00 0.00 0.00 10.00
3800.00 7.38 0.00 0.00 0.00 0.00 6.65
3810.00 8.25 0.00 0.00 0.00 0.00 6.65
3820.00 9.75 0.00 0.00 0.00 0.00 7.20
3830.00 14.25 0.00 0.00 0.00 0.00 9.45
3840.00 10.63 0.00 0.00 0.00 0.00 7.20
3850.00 8.75 0.00 0.00 0.00 0.00 7.25
3860.00 8.13 0.00 0.00 0.00 0.00 6.80
3870.00 11.88 0.00 0.00 0.00 0.00 8.00
3880.00 9.25 0.00 0.00 0.00 0.00 6.80
3890.00 18.13 0.00 0.00 0.00 0.00 10.70
3900.00 6.13 0.00 0.00 0.00 0.00 5.80
3910.00 8.88 0.00 0.00 0.00 0.00 7.00
3920.00 5.50 0.00 0.00 0.00 0.00 5.55
3930.00 14.13 0.00 0.00 0.00 0.00 9.15
3940.00 16.38 0.00 0.00 0.00 0.00 9.80
3950.00 17.75 0.00 0.00 0.00 0.00 10.15
3960.00 13.38 0.00 0.00 0.00 0.00 8.10
3970.00 6.25 0.00 0.00 0.00 0.00 6.25
3980.00 4.13 0.00 0.00 0.00 0.00 5.20
3990.00 9.38 0.00 0.00 0.00 0.00 7.40
4000.00 5.88 0.00 0.00 0.00 0.00 6.00
