10.00 0.63 0.63 0.50 0.13 0.38 4.90
20.00 0.13 0.75 0.13 0.75 1.00 5.50
30.00 0.50 0.25 0.38 0.13 0.50 5.10
40.00 0.25 0.00 0.13 0.50 1.25 5.20
50.00 0.63 0.00 0.50 0.63 0.38 5.35
60.00 0.38 0.50 0.25 0.38 0.25 5.10
70.00 1.13 0.13 0.63 0.50 0.13 5.40
80.00 1.13 0.13 0.25 0.13 0.88 5.25
90.00 0.63 0.50 0.38 0.50 0.38 5.35
100.00 1.13 0.25 0.25 1.00 0.88 5.35
110.00 0.75 0.25 0.25 0.50 0.38 4.85
120.00 0.38 0.88 0.88 0.25 0.50 5.70
130.00 1.25 0.38 0.75 0.00 0.13 5.20
140.00 0.63 0.88 0.63 0.50 0.13 5.25
150.00 0.25 0.63 0.38 0.13 0.75 5.20
160.00 1.25 0.00 0.13 0.63 0.38 5.25
170.00 0.63 0.50 0.25 0.75 0.13 5.05
180.00 0.38 0.50 0.50 1.63 0.63 5.80
190.00 0.25 0.38 0.13 0.50 0.50 4.95
200.00 0.63 0.13 0.25 1.13 0.50 5.65
210.00 0.38 0.13 0.88 0.63 0.13 4.95
220.00 0.00 0.50 0.63 0.88 0.25 5.50
230.00 0.25 0.50 0.63 0.38 0.00 4.95
240.00 0.75 0.88 0.75 0.50 1.38 5.55
250.00 0.25 0.88 0.50 0.75 0.00 5.30
260.00 0.25 0.13 0.88 0.00 0.63 5.15
270.00 0.50 0.63 0.88 0.00 0.50 5.25
280.00 0.13 0.50 0.38 0.50 0.50 5.35
290.00 0.13 0.50 0.50 0.25 0.75 4.85
300.00 0.13 0.50 0.63 0.38 0.88 5.50
310.00 0.00 0.88 0.63 0.25 1.25 5.25
320.00 0.25 0.50 0.25 1.25 0.25 5.35
330.00 0.25 0.50 0.38 0.25 1.13 5.40
340.00 0.38 0.88 0.25 0.50 0.38 5.05
350.00 0.13 0.63 0.25 0.25 0.25 5.20
360.00 0.25 0.75 0.38 1.00 0.25 5.45
370.00 0.13 0.63 0.13 1.00 0.25 4.90
380.00 0.50 0.88 0.38 1.38 0.50 5.70
390.00 0.63 0.38 0.50 0.63 0.50 5.35
400.00 0.25 0.38 0.00 0.75 0.13 4.80
410.00 0.25 0.88 0.50 0.88 0.00 5.25
420.00 0.13 0.38 0.25 0.88 0.38 5.10
430.00 0.13 0.25 0.25 0.38 0.75 5.30
440.00 0.00 0.25 0.00 0.63 0.38 5.20
450.00 0.75 0.25 0.13 0.38 0.13 5.00
460.00 0.13 0.38 0.50 0.38 0.38 5.45
470.00 0.38 0.25 0.25 0.38 0.38 5.15
480.00 0.13 0.38 0.75 1.25 0.38 5.40
490.00 0.38 0.50 0.38 0.38 0.50 4.90
500.00 0.50 0.13 0.38 1.13 0.13 5.30
510.00 0.63 0.25 0.75 0.38 0.00 5.50
520.00 0.38 0.50 0.25 1.63 0.13 5.15
530.00 0.25 0.25 0.63 1.50 0.00 5.35
540.00 0.13 0.13 0.00 1.50 0.13 5.20
550.00 0.25 0.13 0.50 0.75 0.88 5.20
560.00 0.13 0.75 0.63 0.38 0.50 5.20
570.00 0.25 1.13 1.00 0.63 0.13 5.45
580.00 0.00 2.13 0.25 0.63 0.25 5.40
590.00 0.38 0.75 0.50 0.50 0.38 4.95
600.00 0.63 1.00 0.50 0.25 0.63 5.65
610.00 0.13 0.63 0.63 0.00 0.50 4.70
620.00 0.63 0.50 0.13 0.13 0.25 5.25
630.00 0.38 0.50 0.13 0.13 0.63 5.15
640.00 0.50 0.38 0.25 0.50 0.50 5.35
650.00 0.25 0.50 0.13 1.38 0.75 5.60
660.00 0.50 0.50 0.13 0.38 0.25 4.80
670.00 0.63 0.13 0.13 0.50 0.38 5.20
680.00 1.38 0.13 0.00 0.38 0.63 5.45
690.00 0.38 0.38 0.75 0.25 0.25 5.05
700.00 0.38 0.38 0.63 0.63 0.63 5.15
710.00 0.50 0.50 0.38 0.50 0.00 5.30
720.00 0.38 0.13 0.25 0.50 0.63 5.00
730.00 0.38 0.50 0.63 0.38 0.38 5.55
740.00 0.25 0.50 0.25 0.38 1.25 5.15
750.00 0.50 1.00 0.13 1.00 0.63 5.55
760.00 0.25 0.75 0.13 0.50 0.38 4.95
770.00 0.75 0.75 0.25 0.50 0.38 5.30
780.00 0.63 1.00 0.25 1.00 0.13 5.40
790.00 1.25 0.38 0.63 1.75 0.25 5.75
800.00 1.25 0.13 0.50 0.38 0.38 5.15
810.00 1.38 0.00 0.50 0.50 0.13 4.90
820.00 0.50 0.38 1.00 0.88 0.50 5.55
830.00 0.63 0.25 0.38 0.13 0.38 5.30
840.00 0.38 0.50 0.63 0.25 0.38 5.20
850.00 0.25 1.63 0.38 0.25 0.00 5.20
860.00 0.38 0.38 0.25 0.50 0.25 5.15
870.00 0.13 1.00 0.38 0.25 0.13 5.20
880.00 0.50 0.75 0.63 0.25 0.50 5.25
890.00 0.25 0.25 1.00 0.63 0.75 5.05
900.00 0.25 0.50 0.25 0.63 0.75 5.50
910.00 0.25 0.50 0.00 0.63 0.50 5.25
920.00 0.00 0.38 0.13 1.00 1.00 5.20
930.00 0.13 0.25 0.25 0.25 1.50 5.30
940.00 0.38 0.50 0.00 0.25 1.00 5.05
950.00 0.25 0.88 0.38 0.13 1.00 5.30
960.00 0.50 0.75 0.00 0.50 0.38 5.25
970.00 1.00 0.00 0.25 0.38 0.75 5.10
980.00 1.00 0.50 0.25 0.63 0.50 5.55
990.00 0.13 1.13 0.25 0.25 0.50 4.90
1000.00 0.25 0.75 0.13 0.75 0.63 5.60
1010.00 7.00 0.38 0.13 0.13 0.63 7.00
1020.00 27.50 0.00 0.00 0.00 0.00 13.50
1030.00 32.50 0.00 0.00 0.00 0.00 15.85
1040.00 29.38 0.00 0.00 0.00 0.00 14.70
1050.00 32.00 0.00 0.00 0.00 0.00 15.10
1060.00 29.25 0.00 0.00 0.00 0.00 14.25
1070.00 26.75 0.00 0.00 0.00 0.00 13.35
1080.00 22.00 0.00 0.00 0.00 0.00 12.30
1090.00 22.00 0.00 0.00 0.00 0.00 11.20
1100.00 19.13 0.00 0.00 0.00 0.00 11.40
1110.00 15.88 0.00 0.00 0.00 0.00 9.50
1120.00 17.00 0.00 0.00 0.00 0.00 10.25
1130.00 16.00 0.00 0.00 0.00 0.00 9.70
1140.00 17.75 0.00 0.00 0.00 0.00 10.40
1150.00 17.38 0.00 0.00 0.00 0.00 10.60
1160.00 18.13 0.00 0.00 0.00 0.00 9.95
1170.00 17.88 0.00 0.00 0.00 0.00 10.35
1180.00 14.00 0.00 0.00 0.00 0.00 9.20
1190.00 14.50 0.00 0.00 0.00 0.00 9.00
1200.00 14.75 0.00 0.00 0.00 0.00 9.45
1210.00 4.50 0.00 0.00 0.00 0.00 5.45
1220.00 5.00 0.00 0.00 0.00 0.00 5.75
1230.00 3.00 0.00 0.00 0.00 0.00 5.00
1240.00 3.88 0.00 0.38 0.13 0.00 5.65
1250.00 5.38 0.00 0.00 0.00 0.25 6.00
1260.00 7.00 0.00 0.00 0.00 0.00 6.55
1270.00 7.25 0.00 0.00 0.00 0.00 6.75
1280.00 10.63 0.00 0.00 0.00 0.00 8.10
1290.00 7.13 0.00 0.00 0.00 0.00 6.30
1300.00 15.13 0.00 0.00 0.00 0.00 9.50
1310.00 7.25 0.00 0.00 0.00 0.00 6.25
1320.00 12.38 0.00 0.00 0.00 0.00 8.65
1330.00 16.25 0.00 0.00 0.00 0.00 10.15
1340.00 12.25 0.00 0.00 0.00 0.00 8.15
1350.00 10.88 0.00 0.00 0.00 0.00 7.80
1360.00 6.38 0.00 0.00 0.00 0.00 6.05
1370.00 7.13 0.00 0.00 0.00 0.00 6.75
1380.00 5.88 0.00 0.00 0.00 0.00 6.40
1390.00 10.63 0.00 0.00 0.00 0.00 7.40
1400.00 7.38 0.00 0.00 0.00 0.00 6.90
1410.00 6.38 0.00 0.00 0.00 0.00 6.40
1420.00 13.25 0.00 0.00 0.00 0.00 8.15
1430.00 11.13 0.00 0.00 0.00 0.00 8.50
1440.00 10.13 0.00 0.00 0.00 0.00 7.55
1450.00 16.25 0.00 0.00 0.00 0.00 9.75
1460.00 13.13 0.00 0.00 0.00 0.00 8.95
1470.00 10.00 0.00 0.00 0.00 0.00 7.40
1480.00 6.63 0.00 0.00 0.00 0.00 6.65
1490.00 7.63 0.00 0.00 0.00 0.00 6.55
1500.00 8.63 0.00 0.00 0.00 0.00 6.70
1510.00 13.13 0.00 0.00 0.00 0.00 9.25
1520.00 10.13 0.00 0.00 0.00 0.00 7.20
1530.00 13.75 0.00 0.00 0.00 0.00 9.00
1540.00 15.25 0.00 0.00 0.00 0.00 9.45
1550.00 13.50 0.00 0.00 0.00 0.00 8.85
1560.00 5.50 0.00 0.00 0.00 0.00 6.00
1570.00 7.63 0.00 0.00 0.00 0.00 6.80
1580.00 5.88 0.00 0.00 0.00 0.00 6.05
1590.00 11.75 0.00 0.00 0.00 0.00 8.45
1600.00 11.75 0.00 0.00 0.00 0.00 8.05
1610.00 10.25 0.00 0.00 0.00 0.00 7.60
1620.00 6.13 0.00 0.00 0.00 0.00 6.35
1630.00 8.75 0.00 0.00 0.00 0.00 6.60
1640.00 19.38 0.00 0.00 0.00 0.00 11.25
1650.00 8.88 0.00 0.00 0.00 0.00 7.65
1660.00 12.38 0.00 0.00 0.00 0.00 7.65
1670.00 13.63 0.00 0.00 0.00 0.00 9.35
1680.00 8.50 0.00 0.00 0.00 0.00 7.00
1690.00 7.38 0.00 0.00 0.00 0.00 6.40
1700.00 10.63 0.00 0.00 0.00 0.00 7.85
1710.00 5.88 0.00 0.00 0.00 0.00 6.00
1720.00 8.88 0.00 0.00 0.00 0.00 7.70
1730.00 12.50 0.00 0.00 0.00 0.00 7.85
1740.00 9.50 0.00 0.00 0.00 0.00 7.95
1750.00 7.00 0.00 0.00 0.00 0.00 6.55
1760.00 22.63 0.00 0.00 0.00 0.00 12.10
1770.00 9.63 0.00 0.00 0.00 0.00 7.25
1780.00 17.88 0.00 0.00 0.00 0.00 10.30
1790.00 7.00 0.00 0.00 0.00 0.00 6.55
1800.00 5.13 0.00 0.00 0.00 0.00 5.75
1810.00 3.50 0.00 0.00 0.00 0.00 5.00
1820.00 11.38 0.00 0.00 0.00 0.00 8.45
1830.00 13.50 0.00 0.00 0.00 0.00 8.75
1840.00 8.38 0.00 0.00 0.00 0.00 6.85
1850.00 11.13 0.00 0.00 0.00 0.00 8.00
1860.00 20.88 0.00 0.00 0.00 0.00 11.05
1870.00 11.38 0.00 0.00 0.00 0.00 8.35
1880.00 10.25 0.00 0.00 0.00 0.00 7.40
1890.00 5.25 0.00 0.00 0.00 0.00 6.25
1900.00 11.50 0.00 0.00 0.00 0.00 8.05
1910.00 5.75 0.00 0.00 0.00 0.00 5.95
1920.00 11.38 0.00 0.00 0.00 0.00 7.90
1930.00 4.75 0.00 0.00 0.00 0.00 5.75
1940.00 15.50 0.00 0.00 0.00 0.00 9.40
1950.00 5.88 0.00 0.00 0.00 0.00 6.40
1960.00 12.88 0.00 0.00 0.00 0.00 8.40
1970.00 13.50 0.00 0.00 0.00 0.00 8.40
1980.00 7.13 0.00 0.00 0.00 0.00 7.15
1990.00 11.25 0.00 0.00 0.00 0.00 8.00
2000.00 12.88 0.00 0.00 0.00 0.00 8.65
2010.00 6.88 0.00 0.00 0.00 0.00 6.50
2020.00 5.50 0.00 0.00 0.00 0.00 6.00
2030.00 10.25 0.00 0.00 0.00 0.00 7.75
2040.00 18.75 0.00 0.00 0.00 0.00 10.70
2050.00 11.38 0.00 0.00 0.00 0.00 7.95
2060.00 8.50 0.00 0.00 0.00 0.00 7.05
2070.00 16.13 0.00 0.00 0.00 0.00 9.70
2080.00 6.75 0.00 0.00 0.00 0.00 6.30
2090.00 4.50 0.00 0.00 0.00 0.00 5.55
2100.00 5.13 0.00 0.00 0.00 0.00 6.20
2110.00 14.38 0.13 0.00 0.00 0.00 8.95
2120.00 11.38 0.00 0.00 0.00 0.00 8.30
2130.00 15.50 0.00 0.00 0.00 0.00 9.00
2140.00 15.13 0.00 0.00 0.00 0.00 9.80
2150.00 6.13 0.00 0.00 0.00 0.00 6.25
2160.00 14.63 0.00 0.00 0.00 0.00 9.35
2170.00 10.38 0.00 0.00 0.00 0.00 7.75
2180.00 6.38 0.00 0.00 0.00 0.00 6.35
2190.00 12.50 0.00 0.00 0.00 0.00 8.50
2200.00 6.63 0.00 0.00 0.00 0.00 6.25
2210.00 16.25 0.00 0.00 0.00 0.00 9.50
2220.00 9.25 0.00 0.00 0.00 0.00 7.45
2230.00 6.13 0.00 0.00 0.00 0.00 6.30
2240.00 6.38 0.00 0.00 0.00 0.00 6.15
2250.00 7.38 0.00 0.00 0.00 0.00 6.85
2260.00 12.13 0.00 0.00 0.00 0.00 8.50
2270.00 15.25 0.00 0.00 0.00 0.00 9.25
2280.00 17.88 0.00 0.00 0.00 0.00 10.80
2290.00 9.50 0.00 0.00 0.00 0.00 7.10
2300.00 6.63 0.00 0.00 0.00 0.00 6.25
2310.00 7.88 0.00 0.00 0.00 0.00 6.70
2320.00 6.50 0.00 0.00 0.00 0.00 6.20
2330.00 16.00 0.00 0.00 0.00 0.00 9.25
2340.00 10.13 0.00 0.00 0.00 0.00 7.80
2350.00 6.63 0.00 0.00 0.00 0.00 7.00
2360.00 12.75 0.00 0.00 0.00 0.00 8.65
2370.00 16.88 0.00 0.00 0.00 0.00 9.85
2380.00 12.13 0.00 0.00 0.00 0.00 8.40
2390.00 4.38 0.00 0.00 0.00 0.00 5.40
2400.00 7.25 0.00 0.00 0.00 0.00 6.45
2410.00 17.00 0.00 0.00 0.00 0.00 10.50
2420.00 8.25 0.00 0.00 0.00 0.00 6.80
2430.00 13.88 0.00 0.00 0.00 0.00 8.90
2440.00 5.00 0.00 0.00 0.00 0.00 5.65
2450.00 9.38 0.00 0.00 0.00 0.00 7.60
2460.00 4.75 0.00 0.00 0.00 0.00 5.80
2470.00 3.88 0.00 0.00 0.00 0.00 5.15
2480.00 12.25 0.00 0.00 0.00 0.00 8.15
2490.00 44.38 0.00 0.00 0.00 0.00 20.25
2500.00 5.25 0.00 0.00 0.00 0.00 5.70
2510.00 6.25 0.00 0.00 0.00 0.00 6.30
2520.00 3.38 0.00 0.00 0.00 0.00 4.85
2530.00 7.00 0.00 0.00 0.00 0.00 6.65
2540.00 12.50 0.00 0.00 0.00 0.00 8.55
2550.00 4.25 0.00 0.00 0.00 0.00 5.45
2560.00 18.25 0.00 0.00 0.00 0.00 10.80
2570.00 10.13 0.00 0.00 0.00 0.00 7.20
2580.00 8.63 0.00 0.00 0.00 0.00 7.30
2590.00 12.50 0.00 0.00 0.00 0.00 8.95
2600.00 8.13 0.00 0.00 0.00 0.00 6.70
2610.00 7.88 0.00 0.00 0.00 0.00 6.25
2620.00 10.63 0.00 0.00 0.00 0.00 8.10
2630.00 13.75 0.00 0.00 0.00 0.00 9.30
2640.00 9.00 0.00 0.00 0.00 0.00 6.90
2650.00 11.63 0.00 0.00 0.00 0.00 8.25
2660.00 12.00 0.00 0.00 0.00 0.00 8.20
2670.00 11.13 0.00 0.00 0.00 0.00 7.85
2680.00 6.25 0.00 0.00 0.00 0.00 6.35
2690.00 16.88 0.00 0.00 0.00 0.00 10.10
2700.00 8.00 0.00 0.00 0.00 0.00 7.00
2710.00 9.00 0.00 0.00 0.00 0.00 7.30
2720.00 17.63 0.00 0.00 0.00 0.00 10.00
2730.00 7.88 0.00 0.00 0.00 0.00 7.00
2740.00 6.38 0.00 0.00 0.00 0.00 6.05
2750.00 17.75 0.00 0.00 0.00 0.00 10.60
2760.00 7.13 0.00 0.00 0.00 0.00 6.80
2770.00 7.00 0.00 0.00 0.00 0.00 6.25
2780.00 8.00 0.00 0.00 0.00 0.00 7.05
2790.00 18.50 0.00 0.00 0.00 0.00 10.45
2800.00 13.00 0.00 0.00 0.00 0.00 9.05
2810.00 4.88 0.00 0.00 0.00 0.00 5.40
2820.00 10.75 0.00 0.00 0.00 0.00 7.95
2830.00 6.88 0.00 0.00 0.00 0.00 6.40
2840.00 4.13 0.00 0.00 0.00 0.00 5.20
2850.00 11.38 0.00 0.00 0.13 0.00 8.30
2860.00 29.63 0.00 0.00 0.00 0.00 14.55
2870.00 9.50 0.00 0.00 0.00 0.00 7.35
2880.00 4.63 0.00 0.00 0.00 0.00 5.35
2890.00 4.50 0.00 0.00 0.00 0.00 6.05
2900.00 7.00 0.00 0.00 0.00 0.00 6.30
2910.00 6.25 0.00 0.00 0.00 0.00 6.35
2920.00 13.38 0.00 0.00 0.00 0.00 9.05
2930.00 7.63 0.00 0.00 0.00 0.00 6.35
2940.00 26.63 0.00 0.00 0.00 0.00 14.00
2950.00 11.38 0.00 0.00 0.00 0.00 8.15
2960.00 5.00 0.00 0.00 0.00 0.00 5.50
2970.00 12.75 0.00 0.00 0.00 0.00 8.45
2980.00 5.50 0.00 0.00 0.00 0.00 6.05
2990.00 8.50 0.00 0.00 0.00 0.00 6.95
3000.00 16.13 0.00 0.00 0.00 0.00 9.80
3010.00 7.00 0.00 0.00 0.00 0.00 6.30
3020.00 4.63 0.00 0.00 0.00 0.00 5.75
3030.00 11.38 0.00 0.00 0.00 0.00 8.05
3040.00 25.38 0.00 0.00 0.00 0.00 12.90
3050.00 7.13 0.00 0.00 0.00 0.00 6.75
3060.00 3.75 0.00 0.00 0.00 0.00 5.00
3070.00 10.63 0.00 0.00 0.00 0.00 7.75
3080.00 9.88 0.00 0.00 0.00 0.00 7.65
3090.00 6.13 0.00 0.00 0.00 0.00 6.25
3100.00 17.50 0.00 0.00 0.00 0.00 10.50
3110.00 4.50 0.00 0.00 0.00 0.00 5.70
3120.00 9.25 0.00 0.00 0.00 0.00 6.90
3130.00 14.75 0.00 0.00 0.00 0.00 9.65
3140.00 14.38 0.00 0.00 0.00 0.00 8.75
3150.00 14.38 0.00 0.00 0.00 0.00 8.85
3160.00 9.50 0.00 0.00 0.00 0.00 7.80
3170.00 10.13 0.00 0.00 0.00 0.00 7.35
3180.00 4.75 0.00 0.00 0.00 0.00 5.60
3190.00 16.13 0.00 0.00 0.00 0.00 10.10
3200.00 13.00 0.00 0.00 0.00 0.00 8.60
3210.00 8.13 0.00 0.00 0.00 0.00 6.80
3220.00 6.63 0.00 0.00 0.00 0.00 6.45
3230.00 11.75 0.00 0.00 0.00 0.00 8.10
3240.00 13.63 0.00 0.00 0.00 0.00 8.95
3250.00 9.38 0.00 0.00 0.00 0.00 7.20
3260.00 9.25 0.00 0.00 0.00 0.00 6.95
3270.00 10.00 0.00 0.00 0.00 0.00 8.05
3280.00 12.50 0.00 0.00 0.00 0.00 8.15
3290.00 12.50 0.00 0.00 0.00 0.00 8.75
3300.00 9.75 0.00 0.00 0.00 0.00 7.00
3310.00 7.75 0.00 0.00 0.00 0.00 7.20
3320.00 9.63 0.00 0.00 0.00 0.00 7.30
3330.00 16.00 0.00 0.00 0.00 0.00 10.10
3340.00 5.25 0.00 0.00 0.00 0.00 5.80
3350.00 3.50 0.00 0.00 0.00 0.00 5.15
3360.00 9.50 0.00 0.13 0.00 0.00 7.35
3370.00 11.63 0.00 0.00 0.00 0.00 8.35
3380.00 18.50 0.00 0.00 0.00 0.00 10.85
3390.00 7.50 0.00 0.00 0.00 0.00 6.50
3400.00 13.88 0.00 0.00 0.00 0.00 8.85
3410.00 14.88 0.00 0.00 0.00 0.00 9.55
3420.00 7.88 0.00 0.00 0.00 0.00 6.85
3430.00 8.13 0.00 0.00 0.00 0.00 6.65
3440.00 15.63 0.00 0.00 0.00 0.00 10.00
3450.00 7.50 0.00 0.00 0.00 0.00 6.25
3460.00 5.38 0.00 0.00 0.00 0.00 5.80
3470.00 8.25 0.00 0.00 0.00 0.00 7.25
3480.00 9.63 0.00 0.00 0.00 0.00 7.40
3490.00 16.13 0.00 0.00 0.00 0.00 9.95
3500.00 12.88 0.00 0.00 0.00 0.00 8.70
3510.00 6.13 0.00 0.00 0.00 0.00 5.85
3520.00 13.75 0.00 0.00 0.00 0.00 9.05
3530.00 9.50 0.00 0.00 0.00 0.00 7.45
3540.00 13.75 0.00 0.00 0.00 0.00 9.20
3550.00 10.00 0.00 0.00 0.00 0.00 7.20
3560.00 8.63 0.00 0.00 0.00 0.00 7.35
3570.00 7.75 0.00 0.00 0.00 0.00 6.25
3580.00 14.38 0.00 0.00 0.00 0.00 9.50
3590.00 12.25 0.00 0.00 0.00 0.00 8.50
3600.00 9.00 0.00 0.00 0.00 0.00 6.90
3610.00 14.88 0.00 0.00 0.00 0.00 9.30
3620.00 10.88 0.00 0.00 0.00 0.00 8.45
3630.00 8.63 0.00 0.00 0.00 0.00 6.95
3640.00 4.00 0.00 0.00 0.00 0.00 5.25
3650.00 13.50 0.00 0.00 0.00 0.00 8.90
3660.00 11.88 0.00 0.00 0.00 0.00 8.25
3670.00 9.75 0.00 0.00 0.00 0.00 7.65
3680.00 7.38 0.00 0.00 0.00 0.00 6.90
3690.00 17.13 0.00 0.00 0.00 0.00 9.90
3700.00 5.63 0.00 0.00 0.00 0.00 6.15
3710.00 13.75 0.00 0.00 0.00 0.00 9.05
3720.00 8.38 0.00 0.00 0.00 0.00 6.65
3730.00 9.00 0.00 0.00 0.00 0.00 6.95
3740.00 12.13 0.00 0.00 0.00 0.00 8.80
3750.00 5.75 0.00 0.00 0.00 0.00 6.40
3760.00 11.00 0.00 0.00 0.00 0.00 7.40
3770.00 9.50 0.00 0.00 0.00 0.00 7.80
3780.00 18.25 0.00 0.00 0.00 0.00 10.30
3790.00 20.13 0.00 0.00 0.00 0.00 11.10
3800.00 5.00 0.00 0.00 0.00 0.00 5.90
3810.00 11.63 0.00 0.00 0.00 0.00 7.85
3820.00 5.63 0.00 0.00 0.00 0.00 6.15
3830.00 4.25 0.00 0.00 0.00 0.00 5.45
3840.00 6.25 0.00 0.13 0.00 0.00 6.30
3850.00 15.63 0.00 0.00 0.00 0.00 9.80
3860.00 14.75 0.00 0.00 0.00 0.00 9.00
3870.00 5.50 0.00 0.00 0.00 0.00 6.20
3880.00 13.75 0.00 0.00 0.00 0.00 9.00
3890.00 11.25 0.00 0.00 0.00 0.00 7.80
3900.00 13.75 0.00 0.00 0.00 0.00 8.85
3910.00 19.75 0.00 0.00 0.00 0.00 11.15
3920.00 6.75 0.00 0.00 0.00 0.00 6.05
3930.00 7.50 0.00 0.00 0.00 0.00 6.80
3940.00 7.00 0.00 0.00 0.00 0.00 6.90
3950.00 6.00 0.00 0.00 0.00 0.00 5.75
3960.00 11.13 0.00 0.00 0.00 0.00 8.10
3970.00 11.13 0.00 0.00 0.00 0.00 8.00
3980.00 16.25 0.00 0.00 0.00 0.00 9.95
3990.00 9.38 0.00 0.00 0.00 0.00 7.50
4000.00 9.25 0.00 0.00 0.00 0.00 7.20
