10.00 1.00 0.13 0.50 0.63 0.13 5.40
20.00 0.38 0.00 0.75 0.88 0.38 5.05
30.00 0.75 0.50 0.50 0.00 0.50 5.35
40.00 0.25 0.38 0.38 0.13 0.38 4.95
50.00 1.00 0.38 0.38 0.25 0.13 5.10
60.00 0.63 0.25 0.50 0.38 0.13 5.00
70.00 1.38 0.00 1.13 0.75 0.13 5.65
80.00 0.25 0.38 0.25 0.88 0.63 4.85
90.00 0.13 0.50 0.25 0.63 0.50 5.25
100.00 0.25 0.50 0.50 0.75 0.38 5.25
110.00 0.63 0.13 0.38 0.50 0.38 5.30
120.00 0.75 0.13 0.63 0.13 0.13 5.00
130.00 0.38 0.38 0.63 0.50 0.50 5.00
140.00 0.63 0.75 0.50 0.25 0.13 5.20
150.00 0.63 0.13 0.88 0.38 0.38 5.25
160.00 0.25 0.25 0.63 0.00 0.38 5.15
170.00 0.25 0.63 0.88 0.25 0.00 4.90
180.00 0.75 0.13 0.75 0.13 0.38 5.45
190.00 0.13 0.25 0.25 0.13 0.75 4.85
200.00 0.13 0.38 0.63 0.50 0.50 5.00
210.00 0.13 0.75 1.25 0.38 0.75 5.60
220.00 0.38 0.50 0.63 0.75 0.13 5.00
230.00 0.63 0.50 0.25 0.38 0.00 5.25
240.00 0.88 0.25 0.25 0.63 0.13 4.95
250.00 0.25 0.50 0.88 0.63 0.13 5.30
260.00 0.88 0.25 0.75 0.38 0.88 5.30
270.00 0.38 0.13 0.25 1.25 0.25 5.10
280.00 0.38 0.25 0.88 0.63 0.38 5.35
290.00 0.63 0.63 0.50 0.25 0.38 5.20
300.00 0.50 0.38 0.50 0.38 0.38 4.95
310.00 0.75 0.38 1.00 0.38 0.25 4.95
320.00 0.38 0.25 1.13 0.25 0.88 5.40
330.00 0.13 1.00 0.50 0.25 0.25 5.00
340.00 0.25 1.00 0.38 0.38 1.00 5.40
350.00 0.38 0.25 0.63 0.75 0.13 5.05
360.00 0.88 0.00 0.13 0.63 0.88 5.25
370.00 0.75 0.50 0.38 0.13 0.50 5.05
380.00 0.25 0.38 0.50 0.50 0.50 5.05
390.00 0.88 0.50 0.38 0.13 0.38 5.05
400.00 0.13 0.63 0.25 0.25 0.63 4.95
410.00 0.50 0.63 0.38 0.38 0.88 5.55
420.00 0.50 0.38 0.38 0.50 0.25 5.20
430.00 0.50 0.13 0.25 0.38 0.63 4.95
440.00 0.63 0.25 0.25 0.25 0.25 5.05
450.00 0.88 0.25 0.50 0.88 0.50 5.55
460.00 0.25 0.00 0.63 0.63 0.75 4.65
470.00 0.50 0.75 0.38 0.38 0.13 5.45
480.00 0.50 0.00 0.38 0.50 0.50 5.15
490.00 0.63 0.88 0.38 0.38 0.63 5.00
500.00 0.13 0.88 0.25 0.38 0.50 5.45
510.00 1.13 0.25 0.38 0.13 0.88 5.10
520.00 0.75 0.38 0.38 0.00 0.38 4.80
530.00 0.50 0.38 0.25 0.75 0.13 5.35
540.00 0.25 0.50 0.13 0.25 1.38 5.35
550.00 0.25 1.25 0.13 0.75 0.38 4.80
560.00 0.13 0.88 0.25 0.38 0.63 5.40
570.00 1.00 0.50 0.63 0.50 0.75 5.20
580.00 0.88 0.38 0.75 0.50 0.75 5.75
590.00 0.50 0.75 0.13 0.38 0.38 4.90
600.00 0.38 0.50 0.63 0.13 0.13 5.00
610.00 0.38 0.38 0.50 0.13 0.63 5.05
620.00 0.50 0.88 0.25 0.25 0.38 4.95
630.00 0.25 1.00 0.38 0.75 0.63 5.30
640.00 0.13 0.50 0.25 0.13 0.00 5.00
650.00 0.38 0.63 0.75 0.00 0.63 5.30
660.00 0.75 0.38 0.63 0.63 0.13 4.85
670.00 0.63 0.13 0.63 0.38 0.13 5.45
680.00 0.38 0.13 0.25 0.63 0.38 4.95
690.00 0.25 0.75 0.38 0.00 0.50 5.40
700.00 0.50 0.13 0.63 0.75 0.25 5.00
710.00 1.00 1.00 0.50 0.25 0.25 5.10
720.00 1.00 0.13 0.38 0.63 0.50 5.40
730.00 0.75 0.38 0.13 0.50 0.13 4.90
740.00 0.75 0.50 0.75 0.25 0.13 5.30
750.00 0.13 0.88 0.50 0.63 0.13 5.30
760.00 0.50 0.50 0.25 0.38 0.38 4.70
770.00 0.63 0.25 0.13 0.75 1.25 5.35
780.00 0.50 0.13 1.13 0.50 0.13 5.25
790.00 0.63 0.25 0.75 0.25 0.13 5.15
800.00 0.13 0.13 2.38 0.25 0.63 5.15
810.00 0.38 0.75 0.88 0.13 0.13 5.00
820.00 0.50 0.75 0.50 0.88 0.13 5.35
830.00 0.13 0.50 0.88 1.13 0.50 5.35
840.00 0.75 0.75 0.13 0.25 0.25 4.95
850.00 0.38 0.75 0.25 0.13 0.88 5.30
860.00 0.38 0.50 0.50 0.25 0.13 5.00
870.00 0.13 0.63 0.75 0.25 0.63 5.20
880.00 0.63 0.13 0.63 0.63 0.88 5.30
890.00 0.25 0.25 0.63 0.25 1.00 5.05
900.00 0.38 0.38 0.38 0.38 1.00 5.00
910.00 0.88 0.38 0.38 0.25 0.75 5.45
920.00 0.63 0.25 0.25 0.25 0.63 5.05
930.00 1.00 0.38 0.38 0.00 0.75 5.10
940.00 0.38 0.25 0.38 0.38 0.75 5.15
950.00 0.38 0.63 0.88 0.25 0.13 5.10
960.00 0.13 0.50 0.75 0.25 0.25 5.25
970.00 0.50 0.63 0.38 0.50 0.25 5.15
980.00 1.00 0.88 0.25 0.50 0.88 5.50
990.00 0.50 0.63 0.25 0.25 0.38 4.85
1000.00 0.50 0.63 0.50 0.25 0.75 5.10
1010.00 8.50 0.50 0.00 0.25 0.38 7.10
1020.00 16.75 0.00 0.00 0.00 0.00 9.70
1030.00 15.75 0.00 0.00 0.00 0.00 8.90
1040.00 21.63 0.00 0.00 0.00 0.00 11.15
1050.00 16.88 0.00 0.00 0.00 0.00 9.25
1060.00 17.88 0.00 0.00 0.00 0.00 9.85
1070.00 14.63 0.00 0.00 0.00 0.00 9.00
1080.00 18.88 0.00 0.00 0.00 0.00 10.05
1090.00 17.50 0.00 0.00 0.00 0.00 9.35
1100.00 16.75 0.00 0.00 0.00 0.00 9.70
1110.00 17.63 0.00 0.00 0.00 0.00 9.40
1120.00 16.75 0.00 0.00 0.00 0.00 9.60
1130.00 16.88 0.00 0.00 0.00 0.00 9.30
1140.00 16.00 0.00 0.00 0.00 0.00 9.30
1150.00 13.88 0.00 0.00 0.00 0.00 8.30
1160.00 15.75 0.00 0.00 0.00 0.00 9.00
1170.00 14.13 0.00 0.00 0.00 0.00 8.70
1180.00 15.50 0.00 0.00 0.00 0.00 9.00
1190.00 13.63 0.00 0.00 0.00 0.00 7.80
1200.00 11.63 0.00 0.00 0.00 0.00 8.10
1210.00 6.13 0.00 0.00 0.00 0.00 5.90
1220.00 3.00 0.00 0.00 0.00 0.00 4.95
1230.00 4.13 0.25 0.00 0.00 0.00 5.15
1240.00 4.00 0.00 0.13 0.00 0.13 5.45
1250.00 3.38 0.13 0.25 0.13 0.00 5.35
1260.00 1.75 0.25 0.00 0.25 0.13 5.25
1270.00 1.13 0.38 0.38 0.13 0.50 5.15
1280.00 0.75 0.25 0.00 0.25 0.63 5.00
1290.00 0.13 0.50 0.13 0.38 0.63 4.85
1300.00 0.88 1.38 0.50 0.25 0.25 5.15
1310.00 0.25 0.63 0.13 0.50 0.50 5.30
1320.00 0.50 0.50 0.50 0.25 0.63 5.30
1330.00 0.75 1.00 0.38 0.50 0.00 5.00
1340.00 1.25 0.25 0.13 0.25 0.38 5.25
1350.00 1.13 0.38 0.38 0.13 0.50 5.05
1360.00 1.88 0.13 0.63 0.13 0.13 5.55
1370.00 1.00 0.50 0.38 0.50 0.00 5.05
1380.00 2.25 0.38 0.38 0.38 0.38 5.40
1390.00 1.75 0.50 0.63 0.50 0.25 5.50
1400.00 1.50 0.38 0.13 0.38 0.75 5.20
1410.00 3.88 0.38 0.13 0.13 0.38 5.95
1420.00 12.25 0.00 0.00 0.00 0.00 7.55
1430.00 37.00 0.00 0.00 0.00 0.00 15.95
1440.00 17.38 0.00 0.00 0.00 0.00 9.70
1450.00 5.88 0.00 0.00 0.00 0.00 5.55
1460.00 7.50 0.00 0.00 0.00 0.00 6.35
1470.00 8.25 0.00 0.00 0.00 0.00 6.90
1480.00 6.50 0.00 0.00 0.00 0.00 6.15
1490.00 8.00 0.00 0.00 0.00 0.00 6.40
1500.00 6.75 0.00 0.00 0.00 0.00 6.25
1510.00 8.25 0.00 0.00 0.00 0.00 6.55
1520.00 5.63 0.00 0.13 0.00 0.00 5.85
1530.00 6.25 0.00 0.00 0.00 0.00 6.00
1540.00 7.50 0.00 0.00 0.00 0.00 6.40
1550.00 6.75 0.00 0.00 0.13 0.00 6.20
1560.00 7.50 0.00 0.00 0.00 0.00 6.50
1570.00 9.38 0.00 0.00 0.13 0.00 6.75
1580.00 6.75 0.00 0.00 0.00 0.00 6.30
1590.00 6.00 0.00 0.00 0.00 0.00 6.00
1600.00 8.13 0.13 0.13 0.00 0.00 6.30
1610.00 8.38 0.00 0.00 0.00 0.00 7.10
1620.00 6.88 0.00 0.00 0.00 0.00 6.30
1630.00 8.25 0.00 0.00 0.00 0.00 6.35
1640.00 9.63 0.00 0.00 0.00 0.00 7.20
1650.00 9.13 0.00 0.00 0.00 0.00 6.55
1660.00 8.25 0.00 0.00 0.00 0.00 6.85
1670.00 9.75 0.00 0.00 0.00 0.00 7.30
1680.00 4.88 0.00 0.00 0.00 0.00 5.15
1690.00 4.50 0.00 0.00 0.00 0.00 5.50
1700.00 5.75 0.13 0.00 0.13 0.00 5.95
1710.00 5.50 0.00 0.00 0.00 0.25 6.00
1720.00 7.63 0.00 0.00 0.00 0.13 6.10
1730.00 4.13 0.00 0.00 0.13 0.00 5.70
1740.00 5.75 0.13 0.00 0.00 0.13 6.10
1750.00 9.50 0.00 0.00 0.00 0.00 6.95
1760.00 12.50 0.00 0.00 0.00 0.00 8.15
1770.00 7.63 0.00 0.00 0.00 0.00 5.75
1780.00 9.13 0.00 0.00 0.00 0.00 7.45
1790.00 7.75 0.00 0.00 0.00 0.00 6.60
1800.00 8.13 0.00 0.00 0.00 0.00 6.45
1810.00 9.25 0.00 0.00 0.00 0.00 7.05
1820.00 7.75 0.00 0.00 0.00 0.00 6.50
1830.00 8.00 0.00 0.00 0.00 0.00 6.60
1840.00 7.75 0.00 0.00 0.00 0.00 6.50
1850.00 9.00 0.00 0.00 0.00 0.00 6.65
1860.00 8.50 0.00 0.00 0.00 0.00 6.90
1870.00 4.13 0.00 0.00 0.00 0.00 5.25
1880.00 9.13 0.00 0.00 0.00 0.00 7.05
1890.00 8.00 0.00 0.00 0.00 0.00 6.55
1900.00 10.50 0.00 0.00 0.00 0.00 7.35
1910.00 9.63 0.00 0.00 0.00 0.00 6.90
1920.00 8.50 0.00 0.00 0.00 0.00 6.50
1930.00 5.88 0.00 0.00 0.00 0.00 6.00
1940.00 9.00 0.00 0.00 0.00 0.00 6.40
1950.00 6.00 0.00 0.00 0.00 0.00 6.15
1960.00 5.88 0.00 0.00 0.13 0.13 6.10
1970.00 7.50 0.00 0.00 0.00 0.00 6.20
1980.00 8.88 0.00 0.00 0.00 0.00 6.50
1990.00 7.25 0.13 0.00 0.00 0.00 6.65
2000.00 4.50 0.00 0.00 0.13 0.00 5.40
2010.00 8.25 0.00 0.00 0.00 0.00 6.85
2020.00 4.50 0.00 0.13 0.00 0.00 5.30
2030.00 7.00 0.00 0.00 0.00 0.00 6.45
2040.00 7.63 0.00 0.00 0.00 0.00 6.15
2050.00 11.38 0.00 0.00 0.00 0.00 7.65
2060.00 6.13 0.00 0.00 0.00 0.00 6.10
2070.00 10.50 0.00 0.00 0.00 0.00 7.25
2080.00 11.13 0.00 0.00 0.00 0.00 7.70
2090.00 8.75 0.00 0.00 0.00 0.00 6.45
2100.00 6.00 0.00 0.00 0.00 0.00 6.10
2110.00 4.25 0.00 0.00 0.00 0.00 5.30
2120.00 9.50 0.00 0.00 0.13 0.00 6.90
2130.00 7.75 0.00 0.00 0.00 0.00 6.65
2140.00 8.50 0.00 0.00 0.00 0.00 6.75
2150.00 7.13 0.00 0.00 0.00 0.00 6.05
2160.00 9.00 0.00 0.00 0.00 0.13 6.60
2170.00 8.63 0.00 0.00 0.00 0.00 7.20
2180.00 9.13 0.00 0.00 0.00 0.00 6.85
2190.00 6.00 0.00 0.00 0.00 0.00 5.55
2200.00 9.50 0.00 0.00 0.00 0.00 7.10
2210.00 6.50 0.00 0.00 0.00 0.00 6.40
2220.00 6.75 0.00 0.00 0.00 0.00 6.15
2230.00 7.50 0.00 0.00 0.13 0.00 6.45
2240.00 6.00 0.00 0.00 0.00 0.00 6.05
2250.00 8.13 0.00 0.00 0.00 0.00 6.45
2260.00 8.00 0.00 0.00 0.00 0.00 6.55
2270.00 4.25 0.13 0.00 0.00 0.13 5.30
2280.00 6.75 0.00 0.00 0.00 0.00 6.25
2290.00 4.38 0.13 0.00 0.13 0.00 5.55
2300.00 6.00 0.00 0.25 0.00 0.13 6.00
2310.00 18.00 0.00 0.00 0.00 0.00 9.75
2320.00 13.00 0.00 0.00 0.00 0.00 8.10
2330.00 9.50 0.00 0.00 0.00 0.00 7.30
2340.00 6.63 0.00 0.00 0.00 0.00 5.75
2350.00 6.13 0.00 0.00 0.00 0.00 5.95
2360.00 7.88 0.00 0.00 0.00 0.00 6.60
2370.00 6.50 0.00 0.00 0.00 0.00 6.15
2380.00 3.25 0.00 0.00 0.13 0.00 5.10
2390.00 7.25 0.13 0.00 0.13 0.00 6.30
2400.00 8.38 0.00 0.00 0.00 0.00 6.90
2410.00 6.75 0.00 0.00 0.00 0.00 6.05
2420.00 5.00 0.00 0.00 0.00 0.00 5.75
2430.00 6.13 0.00 0.13 0.25 0.00 5.80
2440.00 8.13 0.00 0.00 0.00 0.00 6.80
2450.00 9.63 0.00 0.00 0.00 0.00 6.85
2460.00 13.75 0.00 0.00 0.00 0.00 8.65
2470.00 9.25 0.00 0.00 0.00 0.00 7.20
2480.00 10.63 0.00 0.00 0.00 0.00 7.10
2490.00 9.25 0.00 0.00 0.00 0.00 7.15
2500.00 4.88 0.00 0.00 0.00 0.00 5.25
2510.00 8.00 0.00 0.00 0.00 0.00 6.70
2520.00 6.00 0.00 0.00 0.00 0.00 5.95
2530.00 6.25 0.00 0.13 0.00 0.00 5.70
2540.00 9.13 0.00 0.00 0.00 0.00 7.10
2550.00 7.50 0.00 0.00 0.00 0.00 6.55
2560.00 7.13 0.00 0.00 0.00 0.00 6.10
2570.00 10.50 0.00 0.00 0.00 0.00 7.65
2580.00 7.00 0.00 0.00 0.00 0.00 5.65
2590.00 6.25 0.00 0.00 0.00 0.00 6.30
2600.00 9.13 0.00 0.00 0.00 0.00 7.15
2610.00 7.38 0.00 0.00 0.00 0.00 5.90
2620.00 14.50 0.00 0.13 0.00 0.00 8.55
2630.00 9.75 0.00 0.00 0.00 0.00 7.20
2640.00 8.13 0.00 0.00 0.00 0.00 6.70
2650.00 6.25 0.00 0.00 0.00 0.00 5.85
2660.00 6.25 0.00 0.00 0.00 0.00 6.40
2670.00 4.63 0.00 0.00 0.00 0.00 5.15
2680.00 6.25 0.13 0.13 0.13 0.00 6.15
2690.00 12.25 0.00 0.00 0.00 0.00 7.35
2700.00 13.25 0.00 0.00 0.00 0.00 8.40
2710.00 5.88 0.00 0.00 0.00 0.00 5.95
2720.00 10.88 0.00 0.00 0.00 0.00 7.70
2730.00 6.13 0.00 0.00 0.00 0.00 5.90
2740.00 4.25 0.00 0.13 0.00 0.00 5.35
2750.00 8.75 0.00 0.00 0.00 0.00 6.50
2760.00 10.00 0.00 0.00 0.00 0.00 7.45
2770.00 6.25 0.00 0.00 0.00 0.00 6.25
2780.00 11.38 0.00 0.00 0.00 0.00 7.60
2790.00 7.38 0.00 0.00 0.00 0.00 6.25
2800.00 4.88 0.00 0.00 0.00 0.00 5.60
2810.00 5.50 0.00 0.00 0.00 0.13 5.55
2820.00 6.75 0.00 0.00 0.00 0.00 6.35
2830.00 6.25 0.00 0.00 0.00 0.13 6.10
2840.00 6.75 0.00 0.13 0.00 0.00 5.80
2850.00 13.13 0.00 0.00 0.00 0.00 8.20
2860.00 12.13 0.00 0.00 0.00 0.00 8.05
2870.00 7.13 0.00 0.00 0.00 0.00 6.25
2880.00 7.25 0.00 0.00 0.00 0.00 6.40
2890.00 8.75 0.00 0.00 0.00 0.00 6.75
2900.00 7.13 0.00 0.00 0.00 0.00 6.25
2910.00 5.50 0.00 0.00 0.00 0.00 5.50
2920.00 5.00 0.00 0.13 0.13 0.00 5.75
2930.00 8.25 0.00 0.00 0.00 0.00 6.85
2940.00 12.63 0.00 0.00 0.00 0.00 8.10
2950.00 9.50 0.00 0.00 0.00 0.00 7.15
2960.00 9.75 0.00 0.00 0.00 0.00 6.85
2970.00 8.13 0.00 0.00 0.00 0.00 6.35
2980.00 7.63 0.00 0.00 0.13 0.00 6.50
2990.00 10.13 0.00 0.00 0.00 0.00 7.65
3000.00 4.38 0.00 0.00 0.00 0.00 5.40
3010.00 6.88 0.00 0.13 0.13 0.00 6.00
3020.00 8.50 0.00 0.00 0.00 0.00 6.60
3030.00 8.38 0.00 0.00 0.00 0.00 6.85
3040.00 5.50 0.00 0.00 0.00 0.00 5.50
3050.00 8.88 0.00 0.13 0.00 0.00 7.20
3060.00 8.38 0.00 0.00 0.00 0.00 6.55
3070.00 6.63 0.00 0.00 0.00 0.00 6.10
3080.00 8.63 0.00 0.00 0.00 0.00 6.85
3090.00 9.38 0.00 0.00 0.00 0.13 6.80
3100.00 5.25 0.00 0.00 0.00 0.00 5.90
3110.00 8.13 0.00 0.00 0.00 0.13 6.45
3120.00 11.88 0.00 0.00 0.00 0.00 7.90
3130.00 7.50 0.00 0.00 0.00 0.00 6.60
3140.00 10.38 0.00 0.00 0.00 0.00 7.30
3150.00 11.00 0.00 0.00 0.00 0.00 6.90
3160.00 8.50 0.00 0.00 0.00 0.00 7.10
3170.00 9.38 0.00 0.00 0.00 0.00 6.85
3180.00 9.13 0.00 0.00 0.00 0.00 7.20
3190.00 6.88 0.00 0.00 0.00 0.00 6.30
3200.00 5.63 0.00 0.00 0.00 0.00 5.80
3210.00 6.63 0.00 0.00 0.00 0.00 5.90
3220.00 7.00 0.00 0.00 0.00 0.00 6.05
3230.00 11.88 0.00 0.00 0.00 0.00 7.65
3240.00 8.75 0.00 0.00 0.00 0.00 7.00
3250.00 6.00 0.00 0.00 0.00 0.00 5.70
3260.00 10.75 0.13 0.00 0.00 0.00 7.60
3270.00 3.63 0.00 0.00 0.00 0.00 4.80
3280.00 8.50 0.00 0.00 0.00 0.00 6.95
3290.00 7.13 0.00 0.00 0.00 0.13 6.05
3300.00 8.63 0.00 0.00 0.00 0.00 6.90
3310.00 7.63 0.00 0.00 0.00 0.00 6.25
3320.00 6.25 0.00 0.00 0.00 0.00 6.10
3330.00 9.13 0.00 0.00 0.00 0.00 7.35
3340.00 13.75 0.00 0.00 0.00 0.00 8.15
3350.00 13.00 0.00 0.00 0.00 0.00 7.80
3360.00 6.88 0.00 0.00 0.00 0.00 6.50
3370.00 7.00 0.00 0.00 0.00 0.00 6.40
3380.00 6.25 0.00 0.00 0.00 0.00 5.75
3390.00 3.50 0.00 0.00 0.00 0.00 5.25
3400.00 6.00 0.13 0.00 0.00 0.00 5.85
3410.00 7.75 0.00 0.00 0.00 0.13 6.75
3420.00 4.25 0.25 0.00 0.00 0.00 5.10
3430.00 7.00 0.00 0.00 0.13 0.13 6.30
3440.00 9.50 0.00 0.00 0.00 0.00 7.45
3450.00 9.63 0.00 0.00 0.00 0.00 6.90
3460.00 13.25 0.00 0.00 0.00 0.00 8.50
3470.00 6.38 0.00 0.00 0.00 0.00 5.65
3480.00 5.50 0.00 0.00 0.00 0.00 5.75
3490.00 8.25 0.00 0.00 0.00 0.00 6.70
3500.00 10.88 0.00 0.00 0.00 0.00 7.75
3510.00 9.88 0.00 0.00 0.00 0.00 6.75
3520.00 7.38 0.00 0.00 0.00 0.00 6.65
3530.00 5.63 0.00 0.00 0.00 0.00 5.65
3540.00 10.88 0.00 0.13 0.00 0.00 7.45
3550.00 7.25 0.00 0.00 0.00 0.00 6.30
3560.00 5.13 0.00 0.00 0.00 0.00 5.95
3570.00 5.88 0.00 0.00 0.00 0.00 5.35
3580.00 12.13 0.00 0.00 0.00 0.00 8.15
3590.00 4.75 0.00 0.00 0.00 0.00 5.55
3600.00 4.63 0.00 0.00 0.13 0.00 5.60
3610.00 4.25 0.00 0.00 0.00 0.00 5.15
3620.00 18.63 0.00 0.00 0.00 0.00 10.15
3630.00 11.25 0.00 0.00 0.00 0.00 7.55
3640.00 12.50 0.00 0.00 0.00 0.00 7.70
3650.00 5.75 0.00 0.00 0.00 0.00 6.00
3660.00 6.63 0.00 0.00 0.00 0.00 6.10
3670.00 6.75 0.00 0.00 0.00 0.00 6.10
3680.00 1.38 0.13 0.00 0.13 0.00 4.65
3690.00 5.13 0.25 0.00 0.13 0.00 5.60
3700.00 2.38 0.13 0.13 0.13 0.13 5.15
3710.00 5.25 0.63 0.13 0.00 0.13 5.80
3720.00 6.88 0.00 0.00 0.00 0.00 6.30
3730.00 19.63 0.00 0.00 0.00 0.00 10.35
3740.00 21.63 0.00 0.00 0.00 0.00 10.90
3750.00 7.88 0.00 0.00 0.00 0.00 6.75
3760.00 6.88 0.00 0.00 0.00 0.00 6.35
3770.00 7.63 0.00 0.00 0.00 0.00 6.30
3780.00 6.13 0.00 0.00 0.00 0.00 5.90
3790.00 3.63 0.00 0.00 0.00 0.00 5.25
3800.00 6.13 0.00 0.13 0.00 0.00 6.05
3810.00 3.63 0.00 0.00 0.00 0.00 5.25
3820.00 2.25 0.00 0.38 0.00 0.13 5.10
3830.00 3.38 0.25 0.00 0.75 0.13 5.35
3840.00 6.75 0.25 0.00 0.00 0.00 6.55
3850.00 7.63 0.00 0.00 0.13 0.00 6.85
3860.00 5.88 0.00 0.00 0.00 0.00 5.90
3870.00 12.13 0.00 0.00 0.00 0.00 7.70
3880.00 16.25 0.00 0.00 0.00 0.00 9.30
3890.00 7.75 0.00 0.00 0.00 0.00 6.35
3900.00 8.63 0.00 0.00 0.00 0.00 7.00
3910.00 7.13 0.00 0.00 0.00 0.00 6.40
3920.00 6.13 0.00 0.00 0.00 0.00 5.90
3930.00 7.38 0.13 0.00 0.00 0.00 6.20
3940.00 6.25 0.00 0.00 0.00 0.00 6.40
3950.00 12.88 0.00 0.00 0.00 0.00 7.90
3960.00 11.00 0.00 0.00 0.00 0.00 7.45
3970.00 9.00 0.00 0.00 0.00 0.00 7.00
3980.00 9.13 0.00 0.00 0.00 0.00 7.00
3990.00 7.13 0.00 0.00 0.00 0.00 6.25
4000.00 7.63 0.00 0.00 0.00 0.00 5.90
