10.00 0.00 0.38 0.88 0.00 0.50 5.10
20.00 0.38 0.50 1.00 0.25 0.38 5.30
30.00 0.50 0.50 0.75 0.38 0.13 5.15
40.00 0.25 0.63 0.63 0.25 0.25 5.20
50.00 0.38 0.13 0.75 0.13 0.50 5.05
60.00 0.38 0.25 1.13 0.88 0.13 5.50
70.00 0.50 0.75 0.13 0.13 0.38 5.25
80.00 0.75 0.88 0.50 0.38 0.13 5.05
90.00 0.25 0.25 0.63 0.63 0.38 5.45
100.00 0.38 0.50 0.63 0.13 0.13 5.20
110.00 0.38 0.50 0.38 0.38 0.13 5.05
120.00 0.63 0.75 0.75 0.13 0.13 5.50
130.00 0.25 0.88 0.50 0.38 0.25 4.95
140.00 0.50 0.25 0.25 0.38 0.13 5.25
150.00 0.88 0.00 0.25 0.38 0.25 5.15
160.00 0.38 0.25 0.25 0.38 0.50 5.05
170.00 0.38 0.25 0.13 0.38 0.38 5.15
180.00 0.50 0.63 0.38 1.00 0.25 5.55
190.00 0.13 0.38 0.25 0.75 0.13 5.05
200.00 0.38 1.13 0.00 0.50 0.38 5.20
210.00 0.13 0.38 0.50 0.38 0.50 5.10
220.00 0.25 1.13 0.88 0.88 0.25 5.60
230.00 0.50 0.63 0.75 0.63 0.25 4.90
240.00 0.25 0.38 0.25 0.63 0.13 5.40
250.00 0.25 0.63 0.50 0.63 0.38 5.20
260.00 0.25 0.50 0.63 0.50 0.38 5.10
270.00 0.00 0.50 0.38 0.38 0.50 5.45
280.00 0.63 0.38 0.00 0.13 0.63 5.25
290.00 0.38 0.38 0.50 0.38 0.50 5.40
300.00 0.50 0.50 0.38 0.63 0.25 5.10
310.00 1.00 0.25 0.50 0.25 0.13 5.20
320.00 0.63 0.13 0.00 1.00 0.25 5.15
330.00 0.88 0.25 0.38 0.63 0.13 5.20
340.00 0.88 0.25 0.25 0.00 0.13 5.00
350.00 0.25 0.13 0.63 0.25 0.63 5.35
360.00 0.25 0.25 0.63 0.13 0.50 5.40
370.00 0.63 0.50 0.25 1.00 0.13 5.10
380.00 0.38 0.00 0.50 0.25 0.25 5.15
390.00 0.50 0.75 0.25 0.38 0.25 5.30
400.00 0.63 0.63 0.50 0.13 0.50 5.20
410.00 0.25 0.63 0.38 0.50 0.25 5.30
420.00 0.63 0.75 0.13 0.25 0.38 5.00
430.00 0.38 0.25 0.75 0.13 0.25 5.30
440.00 0.25 0.88 0.38 0.25 0.00 5.15
450.00 0.25 0.63 0.50 0.63 0.25 5.35
460.00 0.25 0.88 1.00 0.38 0.25 5.25
470.00 0.75 0.25 0.50 0.00 0.50 5.30
480.00 0.25 0.63 0.38 0.25 0.38 5.10
490.00 0.00 0.25 0.25 0.13 0.50 5.10
500.00 0.13 0.63 0.25 0.25 1.13 5.40
510.00 0.13 0.38 1.38 0.25 0.38 5.25
520.00 0.13 0.50 1.25 0.00 0.38 5.10
530.00 0.38 0.38 0.88 0.25 0.75 5.25
540.00 0.38 0.38 0.75 0.25 0.25 5.20
550.00 0.63 0.38 0.88 0.38 1.00 5.55
560.00 0.50 0.38 0.50 0.25 0.13 4.90
570.00 0.38 0.38 0.75 0.25 0.38 5.45
580.00 0.00 0.38 0.38 0.25 0.00 5.00
590.00 0.25 0.63 0.75 0.00 0.25 5.25
600.00 0.13 0.50 0.63 0.25 0.38 5.25
610.00 0.13 0.38 0.63 0.38 0.50 5.00
620.00 0.50 0.25 0.38 0.50 0.75 5.50
630.00 0.63 0.88 0.13 0.38 0.50 5.55
640.00 0.63 0.50 0.38 0.50 0.38 5.25
650.00 0.38 0.38 0.38 0.13 0.25 5.10
660.00 1.13 0.25 0.13 0.13 0.25 5.10
670.00 1.00 0.63 0.25 0.00 0.25 5.30
680.00 0.50 1.13 0.63 0.00 0.88 5.35
690.00 0.50 0.75 0.25 0.25 0.25 5.25
700.00 0.38 0.50 0.38 0.50 0.25 5.30
710.00 0.25 0.50 0.00 0.75 0.38 4.90
720.00 1.50 0.63 0.13 0.00 0.00 5.60
730.00 0.63 0.13 0.38 0.50 0.25 5.10
740.00 0.25 0.38 0.13 0.50 0.13 4.95
750.00 0.38 0.88 0.25 0.38 0.75 5.45
760.00 0.13 0.38 0.25 0.25 0.25 4.95
770.00 0.38 1.13 0.50 0.25 0.63 5.35
780.00 0.13 0.88 0.50 0.25 0.25 5.15
790.00 0.38 0.63 0.25 0.50 0.00 5.55
800.00 0.38 0.25 0.25 0.13 0.88 4.85
810.00 0.50 0.50 0.50 0.00 0.25 5.30
820.00 0.13 0.38 0.50 0.25 0.75 5.30
830.00 0.13 0.50 0.00 0.63 0.63 5.10
840.00 0.63 0.38 0.13 0.25 0.13 5.15
850.00 0.38 0.63 0.75 0.38 0.50 5.35
860.00 0.63 0.38 0.75 0.25 0.25 5.30
870.00 0.38 0.25 0.63 0.25 0.25 5.60
880.00 0.13 0.50 0.50 0.38 0.63 5.10
890.00 0.50 0.38 0.00 0.50 0.25 4.60
900.00 0.75 0.38 0.13 0.38 0.25 5.55
910.00 0.25 0.63 0.25 0.50 0.13 5.05
920.00 0.63 0.63 0.13 0.50 0.25 5.25
930.00 1.13 0.50 0.25 0.38 0.75 5.50
940.00 0.38 0.25 0.50 0.25 0.13 5.20
950.00 0.38 0.63 0.75 0.13 0.50 4.85
960.00 0.25 0.75 0.25 0.25 0.00 5.55
970.00 0.50 0.50 0.00 0.25 0.38 5.10
980.00 0.38 0.38 0.38 0.50 0.13 5.25
990.00 0.38 0.50 1.00 0.25 0.13 5.30
1000.00 0.25 0.38 0.38 0.38 0.38 5.10
1010.00 3.63 0.50 0.25 0.25 0.75 6.40
1020.00 16.25 0.00 0.00 0.00 0.00 10.75
1030.00 16.38 0.00 0.00 0.00 0.00 10.25
1040.00 18.00 0.00 0.00 0.00 0.00 11.10
1050.00 20.00 0.00 0.00 0.00 0.00 12.15
1060.00 16.13 0.00 0.00 0.00 0.00 10.35
1070.00 19.13 0.00 0.00 0.00 0.00 12.10
1080.00 21.88 0.00 0.00 0.00 0.00 12.05
1090.00 19.00 0.00 0.00 0.00 0.00 11.90
1100.00 19.63 0.00 0.00 0.00 0.00 11.55
1110.00 20.88 0.00 0.00 0.00 0.00 12.15
1120.00 17.88 0.00 0.00 0.00 0.00 11.20
1130.00 18.13 0.00 0.00 0.00 0.00 11.20
1140.00 14.50 0.00 0.00 0.00 0.00 10.20
1150.00 15.88 0.00 0.00 0.00 0.00 10.05
1160.00 15.38 0.00 0.00 0.00 0.00 10.35
1170.00 13.00 0.00 0.00 0.00 0.00 9.90
1180.00 16.38 0.00 0.00 0.00 0.00 10.15
1190.00 13.50 0.00 0.00 0.00 0.00 9.45
1200.00 10.88 0.00 0.00 0.00 0.00 8.70
1210.00 5.25 0.00 0.00 0.00 0.00 5.90
1220.00 3.38 0.00 0.00 0.00 0.00 5.05
1230.00 5.50 0.00 0.00 0.00 0.00 6.05
1240.00 3.75 0.00 0.00 0.00 0.00 5.85
1250.00 4.75 0.00 0.00 0.13 0.00 5.70
1260.00 2.50 0.00 0.13 0.00 0.00 5.50
1270.00 4.00 0.13 0.13 0.00 0.00 5.60
1280.00 8.50 0.00 0.00 0.00 0.00 7.45
1290.00 10.00 0.00 0.00 0.00 0.00 7.90
1300.00 5.25 0.00 0.00 0.00 0.00 5.90
1310.00 5.38 0.00 0.00 0.00 0.00 6.45
1320.00 9.00 0.00 0.00 0.00 0.00 7.65
1330.00 10.88 0.00 0.00 0.00 0.00 8.50
1340.00 6.63 0.00 0.00 0.00 0.00 6.75
1350.00 11.13 0.00 0.00 0.00 0.00 8.35
1360.00 5.25 0.00 0.00 0.00 0.00 6.00
1370.00 12.13 0.00 0.00 0.00 0.00 9.10
1380.00 9.38 0.00 0.00 0.00 0.00 7.50
1390.00 11.63 0.00 0.00 0.00 0.00 8.80
1400.00 9.50 0.00 0.00 0.00 0.00 7.90
1410.00 8.75 0.00 0.00 0.00 0.00 7.55
1420.00 7.13 0.00 0.00 0.00 0.00 7.05
1430.00 10.50 0.00 0.00 0.00 0.00 8.15
1440.00 7.88 0.00 0.00 0.00 0.00 7.05
1450.00 12.00 0.00 0.00 0.00 0.00 8.50
1460.00 4.63 0.00 0.00 0.00 0.00 6.10
1470.00 7.63 0.00 0.00 0.00 0.00 7.10
1480.00 6.13 0.00 0.00 0.00 0.00 6.55
1490.00 5.75 0.00 0.00 0.00 0.00 6.20
1500.00 5.50 0.00 0.00 0.00 0.00 6.45
1510.00 15.50 0.00 0.00 0.00 0.00 9.85
1520.00 10.13 0.00 0.00 0.00 0.00 8.35
1530.00 7.63 0.00 0.00 0.00 0.00 7.15
1540.00 6.63 0.00 0.00 0.00 0.00 6.70
1550.00 10.25 0.00 0.00 0.00 0.00 8.20
1560.00 10.75 0.00 0.00 0.00 0.00 8.40
1570.00 10.63 0.00 0.00 0.00 0.00 8.15
1580.00 3.38 0.00 0.00 0.00 0.00 5.05
1590.00 11.00 0.00 0.00 0.00 0.00 7.95
1600.00 15.50 0.00 0.00 0.00 0.00 11.15
1610.00 5.13 0.00 0.00 0.00 0.00 5.40
1620.00 7.25 0.00 0.00 0.00 0.00 7.55
1630.00 11.75 0.00 0.00 0.00 0.00 8.35
1640.00 3.63 0.00 0.00 0.00 0.00 5.45
1650.00 8.25 0.00 0.00 0.00 0.00 7.60
1660.00 10.50 0.00 0.00 0.13 0.00 8.30
1670.00 11.88 0.00 0.00 0.00 0.00 8.35
1680.00 9.00 0.00 0.00 0.00 0.00 8.15
1690.00 8.88 0.00 0.00 0.00 0.00 7.25
1700.00 12.00 0.00 0.00 0.00 0.00 8.70
1710.00 7.00 0.00 0.00 0.00 0.00 7.05
1720.00 5.50 0.00 0.00 0.00 0.00 5.75
1730.00 10.38 0.00 0.00 0.00 0.00 8.25
1740.00 4.88 0.00 0.00 0.00 0.00 6.00
1750.00 7.13 0.00 0.00 0.00 0.13 6.80
1760.00 2.50 0.00 0.00 0.00 0.00 5.25
1770.00 8.63 0.00 0.00 0.00 0.00 7.40
1780.00 16.00 0.00 0.00 0.00 0.00 10.70
1790.00 10.63 0.00 0.00 0.00 0.00 8.00
1800.00 6.88 0.00 0.00 0.00 0.00 6.65
1810.00 19.25 0.00 0.00 0.00 0.00 12.10
1820.00 5.38 0.00 0.00 0.00 0.00 6.10
1830.00 7.38 0.00 0.00 0.00 0.00 6.25
1840.00 10.25 0.00 0.00 0.00 0.00 8.60
1850.00 13.63 0.00 0.00 0.00 0.00 9.45
1860.00 7.63 0.00 0.00 0.00 0.00 7.00
1870.00 3.88 0.00 0.00 0.00 0.00 5.50
1880.00 11.63 0.00 0.00 0.00 0.00 8.90
1890.00 8.75 0.00 0.00 0.00 0.00 7.50
1900.00 6.13 0.00 0.00 0.00 0.00 6.40
1910.00 5.88 0.00 0.00 0.00 0.00 6.00
1920.00 12.50 0.00 0.00 0.00 0.00 9.00
1930.00 17.25 0.00 0.00 0.00 0.00 11.80
1940.00 6.13 0.00 0.00 0.00 0.00 6.35
1950.00 8.13 0.00 0.00 0.00 0.00 6.65
1960.00 9.75 0.00 0.00 0.00 0.00 8.05
1970.00 6.50 0.00 0.00 0.00 0.00 6.90
1980.00 11.38 0.00 0.00 0.00 0.00 8.75
1990.00 4.50 0.00 0.00 0.00 0.00 5.45
2000.00 10.13 0.00 0.00 0.00 0.00 7.90
2010.00 10.25 0.00 0.00 0.00 0.00 8.35
2020.00 6.38 0.00 0.00 0.00 0.00 5.90
2030.00 10.75 0.00 0.00 0.00 0.00 8.75
2040.00 19.25 0.00 0.00 0.00 0.00 12.20
2050.00 5.50 0.00 0.00 0.00 0.00 5.85
2060.00 7.88 0.00 0.00 0.00 0.00 7.20
2070.00 5.38 0.00 0.00 0.00 0.00 6.20
2080.00 6.63 0.00 0.00 0.00 0.00 6.90
2090.00 10.75 0.00 0.00 0.00 0.00 8.00
2100.00 8.63 0.00 0.00 0.00 0.00 7.60
2110.00 22.38 0.00 0.00 0.00 0.00 13.25
2120.00 5.25 0.00 0.00 0.00 0.00 6.10
2130.00 9.25 0.00 0.00 0.00 0.00 7.55
2140.00 5.50 0.00 0.00 0.00 0.00 6.25
2150.00 8.88 0.00 0.00 0.00 0.00 7.40
2160.00 8.00 0.00 0.00 0.00 0.00 7.40
2170.00 9.38 0.00 0.00 0.00 0.00 7.20
2180.00 6.50 0.00 0.00 0.00 0.00 7.05
2190.00 9.75 0.00 0.00 0.00 0.00 7.75
2200.00 7.00 0.00 0.00 0.00 0.00 6.95
2210.00 6.50 0.00 0.00 0.00 0.00 6.60
2220.00 3.00 0.00 0.00 0.00 0.00 5.15
2230.00 11.75 0.00 0.00 0.00 0.00 9.15
2240.00 15.88 0.00 0.00 0.00 0.00 10.30
2250.00 13.88 0.00 0.00 0.00 0.00 9.30
2260.00 6.88 0.00 0.00 0.00 0.00 6.60
2270.00 7.63 0.00 0.00 0.00 0.00 7.40
2280.00 12.25 0.00 0.00 0.00 0.00 9.10
2290.00 7.13 0.00 0.00 0.00 0.00 6.60
2300.00 7.50 0.00 0.00 0.00 0.00 7.10
2310.00 5.50 0.00 0.00 0.00 0.00 6.25
2320.00 13.38 0.00 0.00 0.00 0.00 9.25
2330.00 11.13 0.00 0.00 0.00 0.00 8.70
2340.00 8.25 0.00 0.00 0.00 0.00 7.10
2350.00 12.13 0.00 0.00 0.00 0.00 9.25
2360.00 4.13 0.00 0.00 0.00 0.00 5.20
2370.00 12.63 0.00 0.00 0.00 0.00 8.90
2380.00 4.63 0.00 0.00 0.00 0.00 6.30
2390.00 7.25 0.00 0.00 0.00 0.00 6.70
2400.00 9.88 0.00 0.00 0.00 0.00 7.90
2410.00 9.63 0.00 0.00 0.00 0.00 8.10
2420.00 10.13 0.00 0.00 0.00 0.00 8.10
2430.00 10.88 0.00 0.00 0.00 0.00 8.30
2440.00 5.25 0.00 0.00 0.00 0.00 6.15
2450.00 10.13 0.00 0.00 0.00 0.00 8.15
2460.00 14.63 0.00 0.00 0.00 0.00 9.35
2470.00 5.25 0.00 0.00 0.00 0.00 6.60
2480.00 16.25 0.00 0.00 0.00 0.00 10.55
2490.00 11.88 0.00 0.00 0.00 0.00 8.85
2500.00 10.00 0.00 0.00 0.00 0.00 8.00
2510.00 4.13 0.00 0.00 0.00 0.00 5.40
2520.00 6.88 0.00 0.00 0.00 0.00 6.80
2530.00 5.13 0.00 0.00 0.00 0.00 5.90
2540.00 6.25 0.00 0.00 0.00 0.00 6.60
2550.00 16.38 0.00 0.00 0.00 0.00 10.70
2560.00 9.63 0.00 0.00 0.00 0.00 8.35
2570.00 7.13 0.00 0.00 0.00 0.00 6.45
2580.00 7.13 0.00 0.00 0.00 0.00 6.80
2590.00 10.88 0.00 0.00 0.00 0.00 8.50
2600.00 7.00 0.00 0.00 0.00 0.00 6.75
2610.00 11.38 0.00 0.00 0.00 0.00 8.70
2620.00 8.88 0.00 0.00 0.00 0.00 7.10
2630.00 10.13 0.00 0.00 0.00 0.00 8.75
2640.00 9.75 0.00 0.00 0.00 0.00 7.85
2650.00 9.50 0.00 0.00 0.00 0.00 7.90
2660.00 5.75 0.00 0.00 0.00 0.00 6.05
2670.00 10.50 0.00 0.00 0.00 0.00 8.45
2680.00 8.50 0.00 0.00 0.00 0.00 7.45
2690.00 4.75 0.00 0.00 0.00 0.00 5.90
2700.00 9.13 0.00 0.00 0.00 0.00 7.35
2710.00 9.38 0.00 0.00 0.00 0.00 8.40
2720.00 11.75 0.00 0.00 0.00 0.00 8.50
2730.00 8.75 0.00 0.00 0.00 0.00 7.75
2740.00 20.88 0.00 0.00 0.00 0.00 12.20
2750.00 9.13 0.00 0.00 0.00 0.00 7.35
2760.00 10.50 0.00 0.00 0.00 0.00 8.65
2770.00 4.75 0.00 0.00 0.00 0.00 5.85
2780.00 8.25 0.00 0.00 0.00 0.00 7.50
2790.00 6.88 0.00 0.00 0.00 0.00 6.50
2800.00 5.75 0.00 0.00 0.00 0.13 5.90
2810.00 11.13 0.00 0.00 0.00 0.00 8.60
2820.00 9.25 0.00 0.00 0.00 0.00 7.75
2830.00 15.38 0.00 0.00 0.00 0.00 10.20
2840.00 11.75 0.00 0.00 0.00 0.00 8.60
2850.00 5.63 0.00 0.00 0.00 0.00 6.50
2860.00 9.88 0.00 0.00 0.00 0.00 7.90
2870.00 5.75 0.00 0.00 0.00 0.00 6.30
2880.00 6.00 0.00 0.00 0.00 0.00 6.05
2890.00 5.88 0.00 0.00 0.00 0.00 6.80
2900.00 8.50 0.00 0.00 0.00 0.00 6.90
2910.00 13.50 0.00 0.00 0.00 0.00 10.15
2920.00 5.13 0.00 0.00 0.00 0.00 5.65
2930.00 10.75 0.00 0.00 0.00 0.00 8.25
2940.00 12.75 0.00 0.00 0.00 0.00 8.95
2950.00 12.13 0.00 0.00 0.00 0.00 9.00
2960.00 17.88 0.00 0.00 0.00 0.00 11.60
2970.00 8.25 0.00 0.00 0.00 0.00 7.05
2980.00 5.25 0.00 0.00 0.00 0.00 6.20
2990.00 8.88 0.00 0.00 0.00 0.00 7.65
3000.00 11.75 0.00 0.00 0.00 0.00 8.85
3010.00 6.25 0.00 0.00 0.00 0.00 5.95
3020.00 10.88 0.00 0.00 0.00 0.00 8.70
3030.00 7.00 0.00 0.00 0.00 0.00 7.00
3040.00 4.25 0.00 0.00 0.00 0.00 5.55
3050.00 5.38 0.00 0.00 0.00 0.00 6.00
3060.00 11.00 0.00 0.00 0.00 0.00 8.65
3070.00 11.75 0.00 0.00 0.00 0.00 8.15
3080.00 8.63 0.00 0.00 0.00 0.00 7.95
3090.00 9.88 0.00 0.00 0.00 0.00 8.30
3100.00 11.88 0.00 0.00 0.00 0.00 8.30
3110.00 11.38 0.00 0.00 0.00 0.00 8.75
3120.00 14.63 0.00 0.00 0.00 0.00 10.05
3130.00 5.63 0.00 0.00 0.00 0.00 6.40
3140.00 12.75 0.00 0.00 0.00 0.00 8.95
3150.00 8.63 0.00 0.00 0.00 0.00 7.65
3160.00 9.75 0.00 0.00 0.00 0.00 7.75
3170.00 8.25 0.00 0.00 0.00 0.00 7.00
3180.00 4.75 0.00 0.00 0.00 0.00 5.90
3190.00 9.25 0.00 0.00 0.00 0.00 7.50
3200.00 10.38 0.00 0.00 0.00 0.00 8.70
3210.00 10.88 0.00 0.00 0.00 0.00 8.25
3220.00 5.25 0.00 0.00 0.00 0.00 6.00
3230.00 5.25 0.00 0.00 0.00 0.00 6.50
3240.00 10.88 0.00 0.00 0.00 0.00 8.55
3250.00 9.38 0.00 0.00 0.00 0.00 7.75
3260.00 5.88 0.00 0.00 0.00 0.00 6.05
3270.00 13.75 0.00 0.00 0.00 0.00 9.35
3280.00 11.25 0.00 0.00 0.00 0.00 9.00
3290.00 8.00 0.00 0.00 0.00 0.00 7.00
3300.00 6.88 0.00 0.00 0.00 0.00 6.80
3310.00 12.50 0.00 0.00 0.00 0.00 9.30
3320.00 7.25 0.00 0.00 0.00 0.00 6.80
3330.00 17.38 0.00 0.00 0.00 0.00 10.15
3340.00 5.13 0.00 0.00 0.00 0.00 6.65
3350.00 8.13 0.00 0.00 0.00 0.00 7.40
3360.00 7.25 0.00 0.00 0.00 0.00 7.10
3370.00 5.50 0.00 0.00 0.00 0.00 5.85
3380.00 21.00 0.00 0.00 0.00 0.00 11.85
3390.00 12.63 0.00 0.00 0.00 0.00 9.85
3400.00 5.38 0.00 0.00 0.00 0.00 5.85
3410.00 8.25 0.00 0.00 0.00 0.00 7.75
3420.00 5.50 0.00 0.00 0.00 0.00 5.70
3430.00 9.38 0.00 0.00 0.00 0.00 8.00
3440.00 9.75 0.00 0.00 0.00 0.00 7.95
3450.00 16.13 0.00 0.00 0.00 0.00 10.60
3460.00 7.00 0.00 0.00 0.00 0.00 6.70
3470.00 5.75 0.00 0.00 0.00 0.00 6.25
3480.00 8.25 0.00 0.00 0.00 0.00 7.35
3490.00 5.75 0.00 0.00 0.00 0.00 5.70
3500.00 9.63 0.00 0.00 0.00 0.00 8.15
3510.00 3.50 0.00 0.00 0.00 0.00 5.45
3520.00 10.13 0.00 0.00 0.00 0.00 7.75
3530.00 21.13 0.00 0.00 0.00 0.00 12.70
3540.00 10.50 0.00 0.00 0.00 0.00 8.20
3550.00 12.25 0.00 0.00 0.00 0.00 8.95
3560.00 8.13 0.00 0.00 0.00 0.00 7.30
3570.00 8.13 0.00 0.00 0.00 0.00 7.25
3580.00 6.25 0.00 0.00 0.00 0.00 6.75
3590.00 7.13 0.00 0.00 0.00 0.00 6.75
3600.00 11.63 0.00 0.00 0.00 0.00 8.45
3610.00 10.13 0.00 0.00 0.00 0.00 8.00
3620.00 10.88 0.00 0.00 0.00 0.00 8.75
3630.00 3.50 0.00 0.00 0.00 0.00 4.95
3640.00 6.13 0.00 0.00 0.00 0.00 6.50
3650.00 7.50 0.00 0.00 0.00 0.00 7.20
3660.00 13.00 0.00 0.00 0.00 0.00 9.25
3670.00 4.75 0.00 0.00 0.00 0.00 6.05
3680.00 12.25 0.00 0.00 0.00 0.00 8.80
3690.00 13.63 0.00 0.00 0.00 0.00 9.35
3700.00 12.25 0.00 0.00 0.00 0.00 9.25
3710.00 13.00 0.00 0.00 0.00 0.00 9.00
3720.00 7.75 0.00 0.00 0.00 0.00 7.35
3730.00 6.38 0.00 0.00 0.00 0.00 6.30
3740.00 12.38 0.00 0.00 0.00 0.00 9.15
3750.00 6.38 0.00 0.00 0.00 0.00 6.45
3760.00 7.25 0.00 0.00 0.00 0.00 6.80
3770.00 5.50 0.00 0.00 0.00 0.00 6.45
3780.00 10.75 0.00 0.00 0.00 0.00 8.35
3790.00 4.75 0.00 0.00 0.00 0.00 5.60
3800.00 13.50 0.00 0.00 0.00 0.00 9.95
3810.00 20.25 0.00 0.00 0.00 0.00 12.25
3820.00 3.38 0.00 0.00 0.00 0.00 5.00
3830.00 2.13 0.00 0.00 0.00 0.00 4.85
3840.00 11.13 0.00 0.00 0.00 0.00 8.50
3850.00 6.63 0.00 0.00 0.00 0.00 6.85
3860.00 7.00 0.00 0.00 0.00 0.00 6.65
3870.00 6.25 0.00 0.00 0.00 0.00 6.75
3880.00 5.63 0.00 0.00 0.00 0.00 5.90
3890.00 15.50 0.00 0.00 0.00 0.00 10.85
3900.00 11.25 0.00 0.00 0.00 0.00 8.25
3910.00 19.50 0.00 0.00 0.00 0.00 11.95
3920.00 9.13 0.00 0.00 0.00 0.00 7.50
3930.00 6.25 0.00 0.00 0.00 0.00 6.35
3940.00 14.63 0.00 0.00 0.00 0.00 10.40
3950.00 5.50 0.00 0.00 0.00 0.00 5.70
3960.00 5.75 0.00 0.00 0.00 0.00 6.45
3970.00 5.38 0.00 0.00 0.00 0.00 6.05
3980.00 11.88 0.00 0.00 0.00 0.00 8.85
3990.00 13.13 0.00 0.00 0.00 0.00 8.95
4000.00 9.00 0.00 0.00 0.00 0.00 8.15
