10.00 0.50 0.13 0.38 0.38 0.25 5.10
20.00 0.13 0.00 0.75 0.63 0.38 5.30
30.00 0.13 0.00 0.63 0.38 0.38 5.40
40.00 0.63 0.13 0.38 0.88 0.38 5.35
50.00 0.50 0.13 0.25 0.38 0.13 4.90
60.00 0.63 0.50 0.13 0.38 0.38 5.55
70.00 0.25 0.38 0.13 0.00 0.25 4.80
80.00 0.75 0.00 0.00 0.88 0.63 5.30
90.00 0.38 0.50 0.25 0.13 0.50 5.40
100.00 0.25 0.38 0.38 0.38 0.63 5.25
110.00 0.25 0.63 0.13 0.13 0.25 5.10
120.00 0.13 0.38 0.63 0.38 0.38 5.35
130.00 0.38 0.13 0.50 0.25 0.75 4.85
140.00 0.50 0.63 0.13 0.13 0.50 5.30
150.00 0.38 1.13 0.25 0.00 0.13 5.15
160.00 0.00 0.50 1.25 0.00 0.00 5.35
170.00 0.38 0.38 0.75 0.50 0.25 5.65
180.00 0.13 0.50 0.38 0.38 0.63 4.95
190.00 0.38 0.88 0.38 0.00 0.50 5.40
200.00 0.25 0.25 0.50 0.00 0.13 5.25
210.00 0.00 0.50 0.25 0.25 0.25 5.20
220.00 0.25 0.75 0.38 0.13 0.38 5.05
230.00 0.00 0.50 0.00 0.25 0.38 5.25
240.00 0.75 0.25 0.63 0.25 0.25 5.20
250.00 0.38 0.38 0.00 0.13 0.50 5.35
260.00 0.13 0.50 0.13 0.13 0.63 5.25
270.00 0.50 0.25 0.63 0.00 0.25 5.05
280.00 0.38 0.25 0.88 0.25 0.25 5.05
290.00 0.13 0.25 0.25 0.13 0.38 5.35
300.00 0.25 0.00 0.75 0.25 0.63 5.50
310.00 0.38 0.63 0.38 0.13 0.75 4.95
320.00 0.25 0.50 0.38 0.13 0.38 5.25
330.00 0.50 0.38 1.00 0.13 0.13 5.10
340.00 0.50 0.25 0.38 0.38 0.25 5.20
350.00 0.50 0.50 0.13 0.38 0.50 5.20
360.00 0.38 0.38 0.00 0.25 0.50 5.55
370.00 0.25 0.25 0.50 0.25 0.25 4.90
380.00 0.50 0.13 0.13 0.50 0.38 4.95
390.00 1.00 0.13 0.38 0.00 0.50 5.65
400.00 0.50 0.25 0.13 0.63 0.13 5.10
410.00 0.25 0.38 0.38 0.25 0.50 5.10
420.00 0.25 0.38 0.00 0.00 0.13 5.20
430.00 0.38 0.25 0.38 0.13 0.25 5.35
440.00 0.13 0.38 0.00 0.63 0.25 5.10
450.00 0.38 0.25 0.25 0.00 0.75 5.35
460.00 0.50 0.75 0.00 0.25 0.00 4.95
470.00 0.38 0.25 0.50 0.25 0.13 5.30
480.00 0.75 0.25 0.50 0.50 0.38 5.20
490.00 0.13 0.25 0.25 0.25 0.13 5.05
500.00 0.38 0.50 0.00 0.50 0.63 5.30
510.00 0.38 0.75 0.25 0.00 0.25 5.25
520.00 0.50 0.88 0.25 0.25 0.75 5.00
530.00 0.00 0.50 0.13 0.75 0.50 5.50
540.00 0.50 0.25 0.13 0.50 0.88 5.25
550.00 0.63 0.50 0.25 0.25 0.25 5.15
560.00 0.25 0.13 0.25 0.88 0.25 5.05
570.00 0.13 0.25 0.25 0.13 0.63 5.25
580.00 0.00 0.13 0.38 0.25 0.50 4.95
590.00 0.75 0.00 0.00 0.13 0.25 5.35
600.00 0.38 0.50 0.50 0.50 0.00 5.15
610.00 0.13 0.25 0.50 0.25 0.75 5.40
620.00 0.25 0.13 0.25 0.25 0.13 4.90
630.00 0.13 0.38 0.38 0.75 0.13 5.25
640.00 0.63 0.25 0.50 0.13 0.75 5.60
650.00 0.38 0.13 0.38 0.13 0.75 5.10
660.00 0.25 0.75 0.38 0.38 0.13 5.05
670.00 0.25 0.38 0.63 0.00 0.50 4.95
680.00 0.38 0.88 0.00 0.38 0.25 5.70
690.00 0.00 0.63 0.00 0.88 0.25 4.85
700.00 0.13 0.50 0.25 1.00 0.13 5.55
710.00 0.25 0.25 0.38 0.50 0.38 5.10
720.00 0.63 0.50 0.38 0.88 0.13 5.30
730.00 0.50 0.25 0.13 0.63 0.25 5.05
740.00 0.38 0.38 0.13 0.25 0.63 5.55
750.00 0.38 0.38 0.63 0.25 0.13 5.10
760.00 0.00 0.25 0.88 0.38 0.63 5.35
770.00 0.50 0.13 0.75 0.50 0.13 5.05
780.00 0.00 0.13 1.13 0.00 0.25 5.00
790.00 0.50 0.50 0.38 0.63 0.38 5.35
800.00 0.38 0.75 0.38 0.38 0.25 5.30
810.00 0.50 0.63 0.13 0.00 0.50 5.00
820.00 0.00 0.50 0.50 0.75 0.38 5.20
830.00 0.25 0.50 0.13 0.38 0.25 5.25
840.00 0.75 0.25 0.13 0.25 0.63 5.60
850.00 0.13 0.38 0.25 0.75 0.88 5.20
860.00 0.75 0.00 0.00 0.13 0.88 5.05
870.00 1.00 0.38 0.13 0.63 0.00 5.35
880.00 0.38 0.13 0.63 0.38 0.38 5.15
890.00 0.38 0.00 0.63 0.38 0.75 5.20
900.00 0.13 0.50 0.13 0.25 0.88 5.10
910.00 0.38 0.25 0.38 1.00 0.13 5.55
920.00 0.38 0.63 0.00 0.25 0.38 5.05
930.00 0.88 0.25 0.13 0.50 0.50 5.45
940.00 1.00 0.50 0.00 0.25 0.50 5.10
950.00 0.75 0.00 0.25 0.13 0.25 5.05
960.00 0.75 0.13 0.38 0.50 0.50 5.50
970.00 0.75 0.38 0.00 0.38 0.25 5.25
980.00 0.38 0.25 0.50 0.25 0.25 5.00
990.00 0.75 0.38 0.38 0.00 0.38 5.40
1000.00 0.88 0.50 0.25 0.13 0.38 5.20
1010.00 6.75 0.00 0.13 0.00 0.00 7.40
1020.00 13.00 0.00 0.00 0.00 0.00 9.70
1030.00 11.88 0.00 0.00 0.00 0.00 9.05
1040.00 13.25 0.00 0.00 0.00 0.00 10.05
1050.00 12.50 0.00 0.00 0.00 0.00 8.95
1060.00 14.38 0.00 0.00 0.00 0.00 10.55
1070.00 13.88 0.00 0.00 0.00 0.00 9.90
1080.00 14.63 0.00 0.00 0.00 0.00 10.15
1090.00 14.00 0.00 0.00 0.00 0.00 10.20
1100.00 14.88 0.00 0.00 0.00 0.00 10.65
1110.00 15.00 0.00 0.00 0.00 0.00 10.30
1120.00 14.88 0.00 0.00 0.00 0.00 10.20
1130.00 12.13 0.00 0.00 0.00 0.00 9.75
1140.00 15.13 0.00 0.00 0.00 0.00 10.45
1150.00 13.88 0.00 0.00 0.00 0.00 9.90
1160.00 14.88 0.00 0.00 0.00 0.00 10.30
1170.00 14.50 0.00 0.00 0.00 0.00 9.85
1180.00 12.75 0.00 0.00 0.00 0.00 10.40
1190.00 10.38 0.00 0.00 0.00 0.00 8.15
1200.00 11.75 0.00 0.00 0.00 0.00 9.40
1210.00 3.50 0.00 0.00 0.00 0.00 5.55
1220.00 2.13 0.00 0.00 0.00 0.00 4.85
1230.00 2.38 0.13 0.00 0.00 0.00 4.95
1240.00 4.13 0.00 0.13 0.00 0.13 5.85
1250.00 3.25 0.00 0.00 0.00 0.00 5.95
1260.00 2.75 0.13 0.13 0.00 0.00 5.15
1270.00 3.63 0.13 0.25 0.38 0.00 5.80
1280.00 4.38 0.00 0.00 0.13 0.00 6.15
1290.00 5.00 0.00 0.00 0.13 0.00 6.40
1300.00 5.38 0.00 0.00 0.13 0.00 6.40
1310.00 5.63 0.00 0.00 0.00 0.00 6.00
1320.00 5.75 0.00 0.00 0.00 0.00 6.65
1330.00 5.13 0.00 0.00 0.00 0.00 6.75
1340.00 6.13 0.13 0.00 0.00 0.00 6.45
1350.00 5.25 0.00 0.00 0.00 0.00 6.35
1360.00 3.25 0.00 0.00 0.13 0.00 5.35
1370.00 6.38 0.00 0.00 0.00 0.00 6.75
1380.00 5.75 0.00 0.00 0.00 0.00 6.65
1390.00 4.63 0.00 0.00 0.00 0.00 6.30
1400.00 6.75 0.00 0.00 0.00 0.00 6.65
1410.00 7.25 0.00 0.00 0.00 0.00 7.25
1420.00 16.00 0.00 0.00 0.00 0.00 11.20
1430.00 6.75 0.00 0.00 0.00 0.00 6.50
1440.00 6.75 0.00 0.00 0.00 0.00 7.15
1450.00 5.63 0.00 0.00 0.00 0.00 6.35
1460.00 8.88 0.00 0.00 0.00 0.00 8.20
1470.00 8.63 0.00 0.00 0.00 0.00 7.15
1480.00 3.25 0.00 0.00 0.00 0.00 5.75
1490.00 2.75 0.00 0.00 0.00 0.00 5.30
1500.00 6.38 0.00 0.00 0.00 0.13 6.75
1510.00 8.38 0.00 0.00 0.00 0.00 7.65
1520.00 6.00 0.00 0.00 0.00 0.00 6.60
1530.00 7.63 0.00 0.00 0.00 0.00 7.10
1540.00 5.38 0.00 0.00 0.00 0.00 6.70
1550.00 6.00 0.00 0.00 0.13 0.00 6.45
1560.00 8.25 0.00 0.00 0.00 0.00 7.55
1570.00 13.38 0.00 0.00 0.00 0.00 9.95
1580.00 9.75 0.00 0.00 0.00 0.00 8.30
1590.00 7.88 0.00 0.00 0.00 0.00 7.15
1600.00 8.75 0.00 0.00 0.00 0.00 7.75
1610.00 8.13 0.00 0.00 0.00 0.00 7.60
1620.00 8.75 0.00 0.00 0.00 0.00 7.60
1630.00 5.38 0.00 0.00 0.00 0.00 6.55
1640.00 8.13 0.00 0.00 0.00 0.00 7.25
1650.00 7.13 0.00 0.00 0.00 0.00 6.70
1660.00 6.88 0.00 0.00 0.00 0.00 7.60
1670.00 7.63 0.00 0.00 0.00 0.13 7.20
1680.00 5.00 0.00 0.00 0.00 0.00 6.15
1690.00 9.13 0.00 0.00 0.00 0.00 8.10
1700.00 6.50 0.00 0.00 0.00 0.00 6.90
1710.00 11.00 0.00 0.00 0.00 0.00 9.15
1720.00 7.13 0.00 0.00 0.00 0.00 6.70
1730.00 5.38 0.00 0.00 0.00 0.00 6.15
1740.00 5.75 0.00 0.00 0.00 0.00 6.65
1750.00 7.13 0.00 0.00 0.00 0.00 6.95
1760.00 14.63 0.00 0.00 0.00 0.00 10.40
1770.00 8.38 0.00 0.00 0.00 0.00 7.60
1780.00 7.25 0.00 0.00 0.00 0.00 7.00
1790.00 10.38 0.00 0.00 0.00 0.00 8.75
1800.00 4.25 0.00 0.00 0.00 0.00 5.45
1810.00 3.63 0.00 0.00 0.00 0.00 5.55
1820.00 4.63 0.00 0.00 0.00 0.00 6.30
1830.00 11.38 0.00 0.13 0.00 0.00 9.00
1840.00 7.88 0.00 0.00 0.00 0.00 7.40
1850.00 6.88 0.00 0.00 0.00 0.00 6.95
1860.00 8.00 0.00 0.00 0.00 0.00 7.30
1870.00 6.38 0.00 0.00 0.00 0.00 6.50
1880.00 10.38 0.00 0.00 0.00 0.00 8.25
1890.00 13.00 0.00 0.00 0.00 0.00 10.15
1900.00 5.75 0.00 0.00 0.00 0.00 6.40
1910.00 8.13 0.00 0.00 0.00 0.00 7.35
1920.00 4.63 0.00 0.00 0.00 0.00 6.25
1930.00 5.13 0.00 0.00 0.00 0.00 6.05
1940.00 8.75 0.00 0.00 0.00 0.00 7.70
1950.00 9.13 0.00 0.00 0.00 0.00 8.35
1960.00 6.13 0.00 0.00 0.00 0.00 6.35
1970.00 18.00 0.00 0.00 0.00 0.00 12.15
1980.00 6.00 0.00 0.00 0.00 0.00 6.40
1990.00 4.25 0.00 0.00 0.00 0.00 5.45
2000.00 10.38 0.00 0.00 0.00 0.00 8.80
2010.00 6.38 0.00 0.00 0.00 0.00 6.20
2020.00 8.13 0.00 0.00 0.00 0.00 7.85
2030.00 5.88 0.00 0.00 0.00 0.00 7.00
2040.00 8.63 0.00 0.00 0.00 0.00 7.70
2050.00 9.25 0.00 0.00 0.00 0.00 7.35
2060.00 10.88 0.00 0.00 0.00 0.00 8.85
2070.00 7.25 0.00 0.00 0.00 0.00 7.50
2080.00 6.38 0.00 0.00 0.00 0.00 6.65
2090.00 7.00 0.00 0.00 0.00 0.00 7.25
2100.00 7.50 0.00 0.00 0.00 0.00 6.50
2110.00 10.25 0.00 0.00 0.00 0.00 9.15
2120.00 5.38 0.00 0.00 0.00 0.00 6.10
2130.00 9.25 0.00 0.00 0.00 0.00 8.35
2140.00 8.25 0.00 0.00 0.00 0.00 7.30
2150.00 3.75 0.00 0.00 0.00 0.00 5.30
2160.00 10.88 0.00 0.00 0.00 0.00 9.15
2170.00 7.00 0.00 0.00 0.00 0.00 6.95
2180.00 6.25 0.00 0.00 0.00 0.00 6.55
2190.00 7.50 0.00 0.00 0.00 0.00 7.25
2200.00 11.88 0.00 0.00 0.00 0.00 8.95
2210.00 11.88 0.00 0.00 0.00 0.00 8.80
2220.00 5.63 0.00 0.00 0.00 0.00 6.90
2230.00 7.75 0.00 0.00 0.00 0.00 7.15
2240.00 5.38 0.00 0.00 0.00 0.00 6.25
2250.00 9.13 0.00 0.00 0.00 0.00 8.00
2260.00 4.75 0.00 0.00 0.00 0.00 6.05
2270.00 6.13 0.00 0.00 0.00 0.00 6.55
2280.00 9.25 0.00 0.00 0.00 0.00 8.00
2290.00 11.50 0.00 0.00 0.00 0.00 9.05
2300.00 10.63 0.00 0.00 0.00 0.00 8.90
2310.00 5.63 0.00 0.00 0.00 0.00 6.20
2320.00 5.00 0.00 0.00 0.00 0.00 6.10
2330.00 10.13 0.00 0.00 0.00 0.00 8.65
2340.00 6.00 0.00 0.00 0.00 0.00 6.60
2350.00 10.38 0.00 0.00 0.00 0.00 8.30
2360.00 8.38 0.00 0.00 0.00 0.00 7.85
2370.00 13.00 0.00 0.00 0.00 0.00 9.45
2380.00 6.00 0.00 0.00 0.00 0.00 6.80
2390.00 5.13 0.00 0.00 0.00 0.00 5.90
2400.00 9.63 0.00 0.00 0.00 0.00 8.40
2410.00 7.13 0.00 0.00 0.00 0.00 6.80
2420.00 11.13 0.00 0.00 0.00 0.00 9.35
2430.00 8.88 0.00 0.00 0.00 0.00 7.65
2440.00 9.50 0.00 0.00 0.00 0.00 7.95
2450.00 6.88 0.00 0.00 0.00 0.00 7.15
2460.00 7.88 0.00 0.00 0.00 0.00 7.55
2470.00 7.00 0.00 0.00 0.00 0.00 6.85
2480.00 6.25 0.00 0.00 0.00 0.00 6.85
2490.00 3.50 0.00 0.00 0.00 0.00 5.35
2500.00 7.50 0.00 0.00 0.00 0.00 7.15
2510.00 6.50 0.00 0.00 0.00 0.00 6.65
2520.00 11.63 0.00 0.00 0.00 0.00 9.45
2530.00 11.63 0.00 0.00 0.00 0.00 9.20
2540.00 7.13 0.00 0.00 0.00 0.00 6.65
2550.00 10.00 0.00 0.00 0.00 0.00 8.55
2560.00 5.75 0.00 0.00 0.00 0.00 6.25
2570.00 10.75 0.00 0.00 0.00 0.00 8.35
2580.00 7.50 0.00 0.00 0.00 0.00 7.70
2590.00 4.50 0.00 0.00 0.00 0.00 5.80
2600.00 7.13 0.00 0.00 0.00 0.00 7.40
2610.00 4.88 0.00 0.00 0.00 0.00 6.20
2620.00 7.13 0.00 0.00 0.00 0.00 7.10
2630.00 6.75 0.00 0.00 0.00 0.00 7.15
2640.00 19.75 0.00 0.00 0.00 0.00 11.30
2650.00 8.50 0.00 0.00 0.00 0.00 8.85
2660.00 7.63 0.00 0.00 0.00 0.00 7.00
2670.00 10.00 0.00 0.00 0.00 0.00 8.60
2680.00 6.63 0.00 0.00 0.00 0.00 6.65
2690.00 6.13 0.00 0.00 0.00 0.00 6.35
2700.00 7.25 0.00 0.00 0.00 0.00 7.25
2710.00 10.38 0.00 0.00 0.00 0.00 8.70
2720.00 9.88 0.00 0.00 0.00 0.00 8.30
2730.00 6.38 0.00 0.00 0.00 0.00 6.80
2740.00 4.13 0.00 0.00 0.00 0.00 5.65
2750.00 9.00 0.00 0.00 0.00 0.00 7.30
2760.00 4.38 0.00 0.00 0.00 0.00 6.50
2770.00 6.25 0.00 0.00 0.00 0.00 6.50
2780.00 14.88 0.00 0.00 0.00 0.00 10.50
2790.00 15.38 0.00 0.00 0.00 0.00 10.65
2800.00 5.50 0.00 0.00 0.00 0.00 6.35
2810.00 8.50 0.00 0.00 0.00 0.00 7.40
2820.00 12.25 0.00 0.00 0.00 0.00 9.85
2830.00 12.75 0.00 0.00 0.00 0.00 9.10
2840.00 5.75 0.00 0.00 0.00 0.00 6.90
2850.00 8.88 0.00 0.00 0.00 0.00 7.45
2860.00 4.88 0.00 0.00 0.00 0.00 5.95
2870.00 5.13 0.00 0.00 0.00 0.00 5.70
2880.00 8.75 0.00 0.00 0.00 0.00 8.55
2890.00 5.38 0.00 0.00 0.00 0.00 5.50
2900.00 13.75 0.00 0.00 0.00 0.00 10.25
2910.00 5.75 0.00 0.00 0.00 0.00 6.75
2920.00 9.88 0.00 0.00 0.00 0.00 8.50
2930.00 4.13 0.00 0.00 0.00 0.00 5.50
2940.00 12.13 0.00 0.00 0.00 0.00 9.15
2950.00 5.13 0.00 0.00 0.00 0.00 6.25
2960.00 8.88 0.00 0.00 0.00 0.00 8.15
2970.00 8.88 0.00 0.00 0.00 0.00 7.50
2980.00 9.13 0.00 0.00 0.00 0.00 8.30
2990.00 9.13 0.00 0.00 0.00 0.00 7.70
3000.00 7.38 0.00 0.00 0.00 0.00 7.05
3010.00 6.13 0.00 0.00 0.00 0.00 6.90
3020.00 10.38 0.00 0.00 0.00 0.00 8.30
3030.00 7.25 0.00 0.00 0.00 0.00 7.30
3040.00 9.63 0.00 0.00 0.00 0.00 8.05
3050.00 4.75 0.00 0.00 0.00 0.00 6.25
3060.00 11.50 0.00 0.00 0.00 0.00 8.90
3070.00 6.38 0.00 0.00 0.00 0.00 6.65
3080.00 10.13 0.00 0.00 0.00 0.00 8.75
3090.00 6.00 0.00 0.00 0.00 0.00 6.70
3100.00 8.75 0.00 0.00 0.00 0.00 7.25
3110.00 5.13 0.00 0.00 0.00 0.00 6.50
3120.00 3.38 0.00 0.00 0.00 0.00 5.60
3130.00 11.38 0.00 0.00 0.00 0.00 8.95
3140.00 7.50 0.00 0.00 0.00 0.00 7.30
3150.00 15.50 0.00 0.00 0.00 0.00 10.60
3160.00 5.00 0.00 0.00 0.00 0.00 5.85
3170.00 5.00 0.00 0.00 0.00 0.00 6.45
3180.00 5.13 0.00 0.00 0.00 0.00 6.30
3190.00 11.00 0.00 0.00 0.00 0.00 8.55
3200.00 12.25 0.00 0.00 0.00 0.00 9.75
3210.00 4.75 0.00 0.00 0.00 0.00 5.60
3220.00 16.50 0.00 0.00 0.00 0.00 10.50
3230.00 10.00 0.00 0.00 0.00 0.00 9.55
3240.00 4.88 0.00 0.00 0.00 0.00 5.75
3250.00 5.25 0.00 0.00 0.00 0.00 5.95
3260.00 7.13 0.00 0.00 0.00 0.00 6.80
3270.00 11.88 0.00 0.00 0.00 0.00 9.55
3280.00 6.50 0.00 0.00 0.00 0.00 6.90
3290.00 3.00 0.00 0.00 0.00 0.00 5.30
3300.00 14.88 0.00 0.00 0.00 0.00 10.40
3310.00 5.25 0.00 0.00 0.00 0.00 6.15
3320.00 12.25 0.00 0.00 0.00 0.00 9.70
3330.00 8.13 0.00 0.00 0.00 0.00 7.45
3340.00 8.00 0.00 0.00 0.00 0.00 7.00
3350.00 5.25 0.00 0.00 0.00 0.00 6.35
3360.00 6.25 0.00 0.00 0.00 0.00 6.75
3370.00 7.63 0.00 0.00 0.00 0.00 7.55
3380.00 11.13 0.00 0.00 0.00 0.00 8.50
3390.00 11.13 0.00 0.00 0.00 0.00 9.30
3400.00 4.00 0.00 0.00 0.00 0.00 5.45
3410.00 7.88 0.00 0.00 0.00 0.00 7.70
3420.00 10.25 0.00 0.00 0.00 0.00 8.15
3430.00 6.88 0.00 0.00 0.00 0.00 6.70
3440.00 4.00 0.00 0.00 0.00 0.00 5.95
3450.00 7.00 0.00 0.00 0.00 0.00 7.05
3460.00 4.25 0.00 0.00 0.00 0.00 5.85
3470.00 5.63 0.00 0.00 0.00 0.00 6.50
3480.00 13.25 0.00 0.00 0.00 0.00 9.60
3490.00 12.50 0.00 0.00 0.00 0.00 9.55
3500.00 13.75 0.00 0.00 0.00 0.00 9.75
3510.00 10.13 0.00 0.00 0.00 0.00 8.65
3520.00 4.75 0.00 0.00 0.00 0.00 5.85
3530.00 8.63 0.00 0.00 0.00 0.00 8.15
3540.00 6.75 0.00 0.00 0.00 0.00 6.45
3550.00 4.13 0.00 0.00 0.00 0.00 6.20
3560.00 10.25 0.00 0.00 0.00 0.00 8.35
3570.00 12.38 0.00 0.00 0.00 0.00 8.70
3580.00 5.75 0.00 0.00 0.00 0.00 7.15
3590.00 6.38 0.00 0.00 0.00 0.00 6.80
3600.00 10.75 0.00 0.00 0.00 0.00 8.75
3610.00 7.50 0.00 0.00 0.00 0.00 7.30
3620.00 8.63 0.00 0.00 0.00 0.00 7.50
3630.00 8.88 0.00 0.00 0.00 0.00 8.15
3640.00 9.75 0.00 0.00 0.00 0.00 8.10
3650.00 6.63 0.00 0.00 0.00 0.00 6.80
3660.00 11.88 0.00 0.00 0.00 0.00 9.10
3670.00 6.00 0.00 0.00 0.00 0.00 6.75
3680.00 5.13 0.00 0.00 0.00 0.00 5.75
3690.00 10.25 0.00 0.00 0.00 0.00 8.50
3700.00 3.75 0.00 0.00 0.00 0.00 6.00
3710.00 3.50 0.00 0.00 0.00 0.00 5.40
3720.00 6.75 0.00 0.00 0.00 0.00 6.70
3730.00 12.00 0.00 0.00 0.00 0.00 9.25
3740.00 14.38 0.00 0.00 0.00 0.00 10.80
3750.00 7.88 0.00 0.00 0.00 0.00 7.30
3760.00 5.50 0.00 0.00 0.00 0.00 6.15
3770.00 4.25 0.00 0.00 0.00 0.00 6.00
3780.00 7.50 0.00 0.00 0.00 0.00 7.10
3790.00 14.75 0.00 0.00 0.00 0.00 9.95
3800.00 11.25 0.00 0.00 0.00 0.00 9.70
3810.00 9.50 0.00 0.00 0.00 0.00 8.10
3820.00 3.38 0.00 0.00 0.00 0.00 5.45
3830.00 9.75 0.00 0.00 0.00 0.00 8.35
3840.00 7.38 0.00 0.00 0.00 0.00 7.15
3850.00 10.00 0.00 0.00 0.00 0.00 8.10
3860.00 7.25 0.00 0.00 0.00 0.00 6.45
3870.00 8.13 0.00 0.00 0.00 0.00 8.65
3880.00 5.63 0.00 0.00 0.00 0.00 6.45
3890.00 5.50 0.00 0.00 0.00 0.00 6.25
3900.00 3.38 0.00 0.00 0.00 0.00 5.40
3910.00 7.88 0.00 0.00 0.13 0.00 8.00
3920.00 11.00 0.00 0.00 0.00 0.00 8.55
3930.00 5.63 0.00 0.00 0.00 0.00 6.45
3940.00 13.00 0.00 0.00 0.00 0.00 9.60
3950.00 9.38 0.00 0.00 0.00 0.00 7.95
3960.00 7.00 0.00 0.00 0.00 0.00 7.10
3970.00 23.38 0.00 0.00 0.00 0.00 14.30
3980.00 6.63 0.00 0.00 0.00 0.00 6.45
3990.00 4.88 0.00 0.00 0.00 0.00 5.75
4000.00 4.13 0.00 0.00 0.00 0.00 6.35
