10.00 0.63 0.25 0.50 0.00 0.50 4.95
20.00 0.13 0.25 0.38 0.13 0.38 5.10
30.00 0.25 0.50 0.13 0.38 0.50 5.45
40.00 0.75 0.00 0.50 0.00 0.13 5.05
50.00 0.25 0.00 1.38 0.38 0.13 5.35
60.00 0.75 0.63 0.50 0.25 0.00 5.20
70.00 1.00 0.38 0.38 0.63 0.00 5.10
80.00 1.25 0.13 0.38 0.13 0.00 5.45
90.00 0.25 0.38 0.88 0.50 0.13 5.30
100.00 0.25 0.75 0.38 0.13 0.25 5.20
110.00 0.25 0.63 0.25 0.63 0.25 5.25
120.00 0.75 0.25 0.13 0.38 0.38 5.15
130.00 0.38 0.50 0.00 0.13 0.25 5.05
140.00 0.25 0.13 0.00 1.00 0.13 5.50
150.00 0.13 0.38 0.25 0.25 0.00 5.00
160.00 0.25 0.13 0.13 0.25 0.00 5.00
170.00 0.63 0.38 0.13 0.38 0.50 5.35
180.00 0.25 0.63 0.25 0.13 0.13 5.15
190.00 0.00 0.75 0.00 0.50 0.13 5.30
200.00 0.00 0.75 0.13 1.00 0.38 5.60
210.00 0.25 0.38 0.38 0.13 0.00 4.75
220.00 0.38 0.25 0.63 0.25 0.25 5.35
230.00 0.75 0.00 0.25 0.63 0.38 5.25
240.00 0.38 0.13 0.25 0.50 0.50 5.30
250.00 0.25 0.25 0.13 0.63 0.13 5.10
260.00 0.50 0.25 0.38 0.38 0.13 5.15
270.00 0.50 0.25 0.13 0.75 0.50 5.45
280.00 0.13 0.50 0.25 0.63 0.50 5.00
290.00 0.63 0.38 0.25 0.63 0.25 5.20
300.00 0.38 0.63 0.00 0.13 0.38 5.30
310.00 0.38 0.00 0.25 0.38 0.13 5.30
320.00 0.25 0.50 0.50 0.38 0.25 4.90
330.00 0.25 0.50 0.63 0.50 0.75 5.80
340.00 0.75 0.13 0.25 0.38 0.25 5.15
350.00 0.38 0.13 0.50 0.13 0.75 5.05
360.00 0.50 0.38 0.00 0.00 0.75 5.05
370.00 0.13 0.25 0.63 0.50 1.00 5.25
380.00 0.13 0.50 0.25 0.13 1.00 5.45
390.00 0.50 0.38 0.13 0.25 0.63 5.30
400.00 0.38 0.50 0.25 0.63 0.75 5.30
410.00 0.00 0.63 0.00 0.25 0.38 5.05
420.00 0.38 0.50 0.25 0.50 0.25 5.30
430.00 0.63 0.25 0.25 0.75 0.13 5.10
440.00 0.13 0.38 0.38 0.13 0.13 5.50
450.00 0.75 0.38 0.75 0.13 0.25 5.10
460.00 0.13 0.38 0.63 0.38 0.25 5.10
470.00 0.13 0.25 0.63 0.75 0.75 5.45
480.00 0.13 0.75 0.50 0.13 0.25 5.00
490.00 0.38 0.38 0.38 0.13 0.13 5.45
500.00 0.00 0.50 0.63 0.50 0.13 4.90
510.00 0.13 0.50 1.00 0.13 0.25 5.40
520.00 0.00 0.38 0.38 0.38 0.63 5.50
530.00 0.38 0.50 0.25 0.13 0.63 4.80
540.00 0.50 0.13 0.00 0.00 0.75 5.30
550.00 0.25 0.75 0.38 0.25 0.63 5.25
560.00 0.25 0.13 0.00 0.13 0.38 5.25
570.00 0.50 0.75 0.63 0.00 0.13 5.20
580.00 0.38 1.00 0.25 0.13 0.25 5.60
590.00 0.38 0.25 0.63 0.13 0.50 5.15
600.00 0.13 0.50 0.88 0.25 0.25 5.05
610.00 0.25 0.38 0.25 0.13 0.25 5.50
620.00 0.63 0.63 0.88 0.00 0.25 5.15
630.00 0.63 0.13 0.38 0.38 0.25 5.10
640.00 0.13 0.25 0.50 0.13 0.13 5.15
650.00 1.00 0.13 0.25 0.38 0.25 4.95
660.00 0.25 0.25 0.38 0.25 0.50 5.15
670.00 0.63 0.50 0.13 0.38 0.75 5.40
680.00 0.00 0.63 0.63 0.25 0.13 5.40
690.00 0.38 0.38 0.13 0.38 0.63 4.90
700.00 0.25 0.50 0.13 0.38 0.75 5.60
710.00 0.13 0.00 0.63 0.38 0.38 5.40
720.00 0.38 0.38 0.13 0.25 0.63 5.00
730.00 0.63 0.13 0.13 0.50 1.00 5.30
740.00 0.63 0.13 0.63 0.13 0.88 5.05
750.00 0.38 0.38 0.50 0.25 0.00 5.35
760.00 1.00 0.25 0.50 0.25 0.63 5.00
770.00 0.63 0.25 0.38 0.50 0.25 5.30
780.00 0.13 0.50 0.13 0.75 0.00 5.55
790.00 0.38 0.38 0.38 0.38 0.38 5.10
800.00 0.38 0.00 0.13 0.75 0.63 5.05
810.00 0.13 0.00 0.75 0.25 0.88 5.00
820.00 0.38 0.63 0.38 0.25 0.13 5.55
830.00 0.13 0.00 0.38 0.38 0.50 4.95
840.00 0.75 0.63 0.50 0.13 0.13 5.30
850.00 0.75 0.38 0.00 1.00 0.38 5.60
860.00 0.63 0.00 0.50 0.75 0.25 4.90
870.00 0.13 0.75 0.25 0.25 0.25 5.30
880.00 0.63 0.50 0.50 0.38 0.25 5.55
890.00 0.25 0.13 0.50 0.00 0.38 4.90
900.00 0.38 0.63 0.50 1.00 0.25 5.30
910.00 0.13 0.50 0.25 0.00 0.38 5.15
920.00 0.63 0.38 0.25 0.38 0.50 5.35
930.00 0.38 0.63 0.25 0.25 0.25 5.35
940.00 0.25 0.50 0.50 0.13 0.00 5.20
950.00 0.50 0.25 0.13 0.13 0.38 5.25
960.00 0.13 0.13 0.13 0.50 1.00 5.10
970.00 0.50 0.25 0.25 0.38 0.38 5.35
980.00 0.50 0.13 0.13 0.75 0.13 4.95
990.00 0.25 0.38 0.00 0.63 0.38 5.25
1000.00 0.50 0.13 0.63 0.25 0.50 5.55
1010.00 3.38 0.00 0.13 0.38 0.63 6.05
1020.00 11.38 0.13 0.00 0.00 0.00 9.30
1030.00 12.88 0.00 0.00 0.00 0.00 9.10
1040.00 13.50 0.00 0.00 0.00 0.00 9.85
1050.00 13.63 0.00 0.00 0.00 0.00 10.15
1060.00 11.63 0.00 0.00 0.00 0.00 8.95
1070.00 15.50 0.00 0.00 0.00 0.00 10.50
1080.00 15.38 0.00 0.00 0.00 0.00 10.70
1090.00 12.13 0.00 0.00 0.00 0.00 9.45
1100.00 15.25 0.00 0.00 0.00 0.00 10.35
1110.00 16.13 0.00 0.00 0.00 0.00 10.85
1120.00 16.63 0.00 0.00 0.00 0.00 11.55
1130.00 15.75 0.00 0.00 0.00 0.00 10.65
1140.00 13.13 0.00 0.00 0.00 0.00 9.85
1150.00 13.38 0.00 0.00 0.00 0.00 10.00
1160.00 14.88 0.00 0.00 0.00 0.00 10.50
1170.00 15.50 0.00 0.00 0.00 0.00 10.60
1180.00 14.38 0.00 0.00 0.00 0.00 9.50
1190.00 13.25 0.00 0.00 0.00 0.00 10.10
1200.00 12.13 0.00 0.00 0.00 0.00 9.25
1210.00 1.63 0.00 0.00 0.00 0.00 4.60
1220.00 5.00 0.00 0.00 0.00 0.00 6.05
1230.00 3.75 0.00 0.00 0.00 0.00 5.60
1240.00 4.13 0.00 0.00 0.00 0.00 6.00
1250.00 4.88 0.00 0.00 0.00 0.00 6.00
1260.00 2.38 0.00 0.00 0.13 0.00 5.00
1270.00 5.63 0.13 0.13 0.00 0.00 6.65
1280.00 3.63 0.00 0.00 0.00 0.00 5.50
1290.00 5.00 0.00 0.00 0.00 0.00 6.55
1300.00 3.63 0.00 0.00 0.00 0.00 5.35
1310.00 3.88 0.13 0.00 0.00 0.00 5.75
1320.00 5.75 0.00 0.00 0.00 0.00 6.80
1330.00 7.63 0.00 0.00 0.00 0.00 7.15
1340.00 8.00 0.00 0.00 0.00 0.00 7.85
1350.00 5.50 0.00 0.00 0.00 0.00 6.20
1360.00 6.75 0.00 0.00 0.00 0.00 6.90
1370.00 6.75 0.00 0.00 0.00 0.00 7.00
1380.00 8.38 0.00 0.00 0.00 0.00 7.75
1390.00 11.00 0.00 0.00 0.00 0.00 8.70
1400.00 8.13 0.00 0.00 0.00 0.00 7.60
1410.00 4.25 0.00 0.00 0.00 0.00 5.55
1420.00 6.13 0.00 0.00 0.00 0.00 6.90
1430.00 11.00 0.00 0.00 0.00 0.00 8.35
1440.00 8.75 0.00 0.00 0.00 0.00 8.00
1450.00 4.75 0.00 0.00 0.00 0.00 6.30
1460.00 5.38 0.00 0.00 0.00 0.00 6.45
1470.00 9.63 0.00 0.00 0.00 0.00 7.65
1480.00 6.00 0.00 0.00 0.00 0.00 7.25
1490.00 7.25 0.00 0.00 0.00 0.00 6.75
1500.00 6.00 0.00 0.00 0.00 0.00 6.70
1510.00 8.88 0.00 0.00 0.00 0.00 7.95
1520.00 5.50 0.00 0.00 0.00 0.00 6.25
1530.00 4.88 0.00 0.00 0.00 0.00 6.20
1540.00 9.75 0.00 0.00 0.00 0.00 7.95
1550.00 8.13 0.00 0.00 0.00 0.00 7.70
1560.00 6.88 0.00 0.00 0.00 0.00 7.10
1570.00 10.13 0.00 0.00 0.00 0.00 8.20
1580.00 7.25 0.00 0.00 0.00 0.00 7.10
1590.00 7.75 0.00 0.00 0.00 0.00 7.50
1600.00 9.25 0.00 0.00 0.00 0.00 8.20
1610.00 6.75 0.00 0.00 0.00 0.00 6.90
1620.00 8.13 0.00 0.00 0.00 0.00 7.25
1630.00 6.50 0.00 0.00 0.00 0.00 6.90
1640.00 6.13 0.00 0.00 0.00 0.00 6.50
1650.00 17.38 0.00 0.00 0.00 0.00 11.95
1660.00 6.50 0.00 0.00 0.00 0.00 6.70
1670.00 7.50 0.00 0.00 0.00 0.00 6.90
1680.00 5.00 0.00 0.00 0.00 0.00 6.35
1690.00 6.38 0.00 0.00 0.00 0.00 7.05
1700.00 4.13 0.00 0.00 0.00 0.00 5.50
1710.00 7.25 0.00 0.00 0.00 0.00 7.05
1720.00 13.25 0.00 0.00 0.00 0.00 10.00
1730.00 5.25 0.00 0.00 0.00 0.00 6.15
1740.00 5.75 0.00 0.00 0.00 0.00 6.60
1750.00 6.25 0.00 0.00 0.00 0.00 6.45
1760.00 4.50 0.00 0.00 0.00 0.00 6.05
1770.00 7.00 0.00 0.00 0.00 0.00 6.85
1780.00 5.50 0.00 0.00 0.00 0.00 6.60
1790.00 15.63 0.00 0.00 0.00 0.00 10.75
1800.00 14.00 0.00 0.00 0.00 0.00 10.00
1810.00 9.88 0.00 0.00 0.00 0.00 8.20
1820.00 8.75 0.00 0.00 0.00 0.00 7.85
1830.00 4.63 0.00 0.00 0.00 0.00 6.05
1840.00 3.63 0.00 0.00 0.00 0.00 5.50
1850.00 6.50 0.00 0.00 0.13 0.00 6.75
1860.00 9.13 0.00 0.00 0.00 0.00 8.10
1870.00 11.13 0.00 0.00 0.00 0.00 8.55
1880.00 9.50 0.00 0.00 0.00 0.00 8.15
1890.00 6.00 0.00 0.00 0.00 0.00 6.65
1900.00 7.63 0.00 0.00 0.00 0.00 7.25
1910.00 5.75 0.00 0.00 0.00 0.00 6.25
1920.00 5.50 0.00 0.00 0.00 0.00 6.45
1930.00 8.38 0.00 0.00 0.00 0.00 7.70
1940.00 7.25 0.00 0.00 0.00 0.00 7.30
1950.00 10.50 0.00 0.00 0.00 0.00 8.20
1960.00 2.25 0.00 0.00 0.00 0.00 5.25
1970.00 3.75 0.00 0.00 0.00 0.00 5.70
1980.00 11.75 0.13 0.00 0.00 0.00 9.00
1990.00 10.63 0.00 0.00 0.00 0.00 8.45
2000.00 7.25 0.00 0.00 0.00 0.00 7.50
2010.00 9.50 0.00 0.00 0.00 0.00 8.15
2020.00 5.88 0.00 0.00 0.00 0.00 6.30
2030.00 4.75 0.00 0.00 0.00 0.00 6.30
2040.00 7.75 0.00 0.00 0.00 0.00 7.20
2050.00 8.63 0.00 0.00 0.00 0.00 8.00
2060.00 14.00 0.00 0.00 0.00 0.00 10.25
2070.00 7.75 0.00 0.00 0.00 0.00 6.85
2080.00 4.88 0.00 0.00 0.00 0.00 6.20
2090.00 11.38 0.00 0.00 0.00 0.00 8.90
2100.00 12.00 0.00 0.00 0.00 0.00 8.85
2110.00 8.75 0.00 0.00 0.00 0.00 8.20
2120.00 5.38 0.00 0.00 0.00 0.00 6.00
2130.00 6.75 0.00 0.00 0.00 0.00 6.85
2140.00 4.63 0.00 0.00 0.00 0.00 6.25
2150.00 7.13 0.00 0.00 0.00 0.00 7.10
2160.00 11.50 0.00 0.00 0.00 0.00 9.10
2170.00 6.63 0.00 0.00 0.00 0.00 6.80
2180.00 6.50 0.00 0.00 0.00 0.00 6.80
2190.00 10.50 0.00 0.00 0.00 0.00 8.85
2200.00 5.50 0.00 0.00 0.00 0.00 6.25
2210.00 6.38 0.00 0.00 0.00 0.00 6.40
2220.00 3.50 0.00 0.00 0.00 0.00 5.80
2230.00 15.88 0.00 0.00 0.00 0.13 10.60
2240.00 16.25 0.00 0.00 0.00 0.00 11.35
2250.00 7.63 0.00 0.00 0.00 0.00 7.10
2260.00 6.50 0.00 0.00 0.00 0.00 6.45
2270.00 10.00 0.00 0.00 0.00 0.00 8.90
2280.00 5.38 0.00 0.00 0.00 0.00 6.05
2290.00 6.00 0.00 0.00 0.00 0.00 6.85
2300.00 5.50 0.00 0.00 0.00 0.00 6.30
2310.00 3.25 0.00 0.00 0.13 0.00 5.65
2320.00 7.13 0.00 0.00 0.00 0.00 6.85
2330.00 11.00 0.00 0.00 0.00 0.00 8.85
2340.00 10.25 0.00 0.00 0.00 0.00 8.65
2350.00 4.88 0.00 0.00 0.00 0.00 6.10
2360.00 5.00 0.00 0.00 0.00 0.00 5.80
2370.00 6.75 0.00 0.00 0.00 0.00 7.15
2380.00 16.25 0.00 0.00 0.00 0.00 10.55
2390.00 8.13 0.00 0.00 0.00 0.00 8.30
2400.00 3.13 0.00 0.00 0.00 0.00 5.15
2410.00 7.00 0.00 0.00 0.00 0.00 7.15
2420.00 9.63 0.00 0.00 0.00 0.00 8.20
2430.00 8.88 0.00 0.00 0.00 0.00 7.70
2440.00 6.13 0.00 0.00 0.00 0.00 6.95
2450.00 11.38 0.00 0.00 0.00 0.00 8.60
2460.00 4.75 0.00 0.00 0.00 0.00 6.25
2470.00 17.13 0.00 0.00 0.00 0.00 12.15
2480.00 9.38 0.00 0.00 0.00 0.00 7.30
2490.00 7.25 0.00 0.00 0.00 0.00 7.65
2500.00 4.25 0.00 0.00 0.00 0.00 5.65
2510.00 8.25 0.00 0.00 0.00 0.00 7.60
2520.00 3.50 0.00 0.00 0.00 0.00 5.45
2530.00 11.13 0.00 0.00 0.00 0.00 9.20
2540.00 5.00 0.00 0.00 0.00 0.00 6.10
2550.00 4.50 0.00 0.00 0.00 0.00 5.45
2560.00 8.13 0.00 0.00 0.00 0.00 7.70
2570.00 12.63 0.00 0.00 0.00 0.00 9.90
2580.00 16.13 0.00 0.00 0.00 0.00 11.00
2590.00 7.63 0.00 0.00 0.00 0.00 6.90
2600.00 6.25 0.00 0.00 0.00 0.00 6.65
2610.00 8.88 0.00 0.00 0.00 0.00 8.20
2620.00 10.88 0.00 0.00 0.00 0.00 8.60
2630.00 2.75 0.00 0.00 0.00 0.00 4.90
2640.00 3.88 0.00 0.00 0.00 0.00 5.70
2650.00 7.13 0.00 0.00 0.00 0.00 6.90
2660.00 10.63 0.00 0.00 0.00 0.00 9.10
2670.00 9.63 0.00 0.00 0.00 0.00 8.20
2680.00 17.13 0.00 0.00 0.00 0.00 11.65
2690.00 7.13 0.00 0.00 0.00 0.00 6.40
2700.00 6.13 0.00 0.00 0.00 0.00 6.85
2710.00 3.75 0.00 0.00 0.00 0.00 5.45
2720.00 5.50 0.00 0.00 0.00 0.00 6.50
2730.00 11.50 0.00 0.00 0.00 0.00 8.90
2740.00 9.75 0.00 0.00 0.00 0.00 8.30
2750.00 8.13 0.00 0.00 0.00 0.00 7.30
2760.00 8.63 0.00 0.00 0.00 0.00 7.90
2770.00 8.00 0.00 0.00 0.00 0.00 7.45
2780.00 5.38 0.00 0.00 0.00 0.00 6.05
2790.00 8.75 0.00 0.00 0.00 0.00 8.10
2800.00 9.25 0.00 0.00 0.00 0.00 7.90
2810.00 4.63 0.00 0.00 0.00 0.00 6.05
2820.00 12.88 0.00 0.00 0.00 0.00 9.40
2830.00 7.25 0.00 0.00 0.00 0.00 7.10
2840.00 10.88 0.00 0.00 0.00 0.00 8.75
2850.00 4.88 0.00 0.00 0.00 0.00 5.85
2860.00 9.75 0.00 0.00 0.00 0.00 8.45
2870.00 9.75 0.00 0.00 0.00 0.00 8.35
2880.00 7.25 0.00 0.00 0.00 0.00 6.85
2890.00 11.50 0.00 0.00 0.00 0.00 9.20
2900.00 6.63 0.00 0.00 0.00 0.00 6.70
2910.00 3.38 0.00 0.00 0.00 0.00 5.45
2920.00 7.38 0.00 0.00 0.13 0.00 7.05
2930.00 10.75 0.00 0.00 0.00 0.00 8.55
2940.00 8.13 0.00 0.00 0.00 0.00 7.70
2950.00 8.13 0.00 0.00 0.00 0.00 7.40
2960.00 9.38 0.00 0.00 0.00 0.00 8.10
2970.00 9.25 0.00 0.00 0.00 0.00 8.15
2980.00 11.63 0.00 0.00 0.00 0.00 8.95
2990.00 6.38 0.00 0.00 0.00 0.00 7.00
3000.00 3.88 0.00 0.00 0.00 0.00 5.55
3010.00 9.38 0.00 0.00 0.00 0.00 8.15
3020.00 9.38 0.00 0.00 0.00 0.00 7.65
3030.00 13.88 0.00 0.00 0.00 0.00 10.25
3040.00 7.88 0.00 0.00 0.00 0.00 7.10
3050.00 6.75 0.00 0.00 0.00 0.00 7.50
3060.00 4.00 0.00 0.00 0.00 0.00 5.30
3070.00 7.88 0.00 0.00 0.00 0.00 7.65
3080.00 11.00 0.00 0.00 0.00 0.00 8.20
3090.00 8.13 0.00 0.00 0.00 0.00 8.45
3100.00 12.88 0.00 0.00 0.00 0.00 9.00
3110.00 7.13 0.00 0.00 0.00 0.00 7.25
3120.00 5.50 0.00 0.00 0.00 0.00 6.05
3130.00 6.75 0.00 0.00 0.00 0.00 7.40
3140.00 2.88 0.00 0.00 0.00 0.00 5.45
3150.00 7.13 0.00 0.00 0.00 0.00 7.05
3160.00 7.38 0.00 0.00 0.00 0.00 7.00
3170.00 18.00 0.00 0.00 0.00 0.00 12.15
3180.00 10.88 0.00 0.00 0.00 0.00 8.20
3190.00 3.75 0.00 0.00 0.00 0.00 5.75
3200.00 6.00 0.00 0.00 0.00 0.00 6.70
3210.00 9.00 0.00 0.00 0.00 0.00 7.55
3220.00 8.88 0.00 0.00 0.00 0.00 7.90
3230.00 8.75 0.00 0.00 0.00 0.00 8.05
3240.00 13.75 0.00 0.00 0.00 0.00 10.00
3250.00 7.13 0.00 0.00 0.00 0.00 6.80
3260.00 8.88 0.00 0.00 0.00 0.00 7.75
3270.00 6.00 0.00 0.00 0.00 0.00 6.80
3280.00 4.38 0.00 0.00 0.00 0.00 5.90
3290.00 5.75 0.00 0.00 0.00 0.00 6.15
3300.00 13.38 0.00 0.00 0.00 0.00 10.05
3310.00 11.13 0.00 0.00 0.00 0.00 8.95
3320.00 6.25 0.00 0.00 0.00 0.00 6.55
3330.00 6.25 0.00 0.00 0.00 0.00 6.90
3340.00 6.50 0.00 0.00 0.00 0.00 6.75
3350.00 5.13 0.00 0.00 0.00 0.00 6.00
3360.00 5.50 0.00 0.00 0.00 0.00 6.70
3370.00 9.50 0.00 0.00 0.00 0.00 8.35
3380.00 8.50 0.00 0.00 0.00 0.00 7.40
3390.00 7.00 0.00 0.00 0.00 0.00 7.40
3400.00 9.88 0.00 0.00 0.00 0.00 7.80
3410.00 9.75 0.00 0.00 0.00 0.00 8.60
3420.00 11.00 0.00 0.00 0.00 0.00 8.70
3430.00 5.50 0.00 0.00 0.00 0.00 6.30
3440.00 12.75 0.00 0.00 0.00 0.00 9.35
3450.00 7.25 0.00 0.00 0.00 0.00 7.35
3460.00 3.88 0.00 0.00 0.00 0.00 5.50
3470.00 3.75 0.00 0.00 0.00 0.00 5.75
3480.00 10.38 0.00 0.00 0.00 0.00 8.75
3490.00 12.00 0.00 0.00 0.00 0.00 9.10
3500.00 7.75 0.00 0.00 0.00 0.00 6.80
3510.00 3.75 0.00 0.00 0.00 0.00 6.10
3520.00 10.25 0.00 0.00 0.00 0.00 8.20
3530.00 4.38 0.00 0.00 0.00 0.00 6.10
3540.00 6.13 0.00 0.00 0.00 0.00 6.70
3550.00 14.75 0.00 0.00 0.00 0.00 10.60
3560.00 11.50 0.00 0.00 0.00 0.00 9.00
3570.00 8.38 0.00 0.00 0.00 0.00 6.60
3580.00 14.00 0.00 0.00 0.00 0.00 11.10
3590.00 3.88 0.00 0.00 0.00 0.00 5.60
3600.00 7.38 0.00 0.00 0.00 0.00 6.85
3610.00 5.00 0.00 0.00 0.00 0.00 6.50
3620.00 5.00 0.00 0.00 0.00 0.00 6.25
3630.00 6.75 0.00 0.13 0.00 0.00 6.60
3640.00 10.13 0.00 0.00 0.00 0.00 8.85
3650.00 10.25 0.00 0.00 0.00 0.00 8.00
3660.00 11.00 0.00 0.00 0.00 0.00 8.70
3670.00 15.50 0.00 0.00 0.00 0.00 11.15
3680.00 7.63 0.00 0.00 0.00 0.00 7.00
3690.00 7.00 0.00 0.00 0.00 0.00 7.05
3700.00 4.50 0.00 0.00 0.00 0.00 5.85
3710.00 9.00 0.00 0.00 0.00 0.00 8.30
3720.00 6.13 0.00 0.00 0.00 0.00 6.60
3730.00 7.50 0.00 0.00 0.00 0.00 7.20
3740.00 9.63 0.00 0.00 0.00 0.00 8.45
3750.00 9.38 0.00 0.00 0.00 0.00 8.10
3760.00 5.50 0.00 0.00 0.00 0.00 6.25
3770.00 8.50 0.00 0.00 0.00 0.00 7.50
3780.00 10.00 0.00 0.00 0.00 0.00 8.30
3790.00 4.88 0.00 0.00 0.00 0.00 6.55
3800.00 15.38 0.00 0.00 0.00 0.00 9.90
3810.00 9.50 0.00 0.00 0.00 0.00 8.05
3820.00 6.50 0.00 0.00 0.00 0.00 7.10
3830.00 8.00 0.00 0.00 0.00 0.00 7.35
3840.00 3.38 0.00 0.00 0.00 0.00 5.90
3850.00 7.50 0.00 0.00 0.00 0.00 7.10
3860.00 5.63 0.00 0.00 0.00 0.00 6.35
3870.00 12.50 0.00 0.00 0.00 0.00 9.60
3880.00 8.13 0.00 0.00 0.00 0.00 7.40
3890.00 7.88 0.00 0.00 0.00 0.00 7.20
3900.00 10.38 0.00 0.00 0.00 0.00 8.85
3910.00 6.63 0.00 0.00 0.00 0.00 6.70
3920.00 9.25 0.00 0.00 0.00 0.00 7.95
3930.00 6.13 0.00 0.00 0.00 0.00 6.95
3940.00 7.00 0.00 0.00 0.00 0.00 7.00
3950.00 6.13 0.00 0.00 0.00 0.00 6.40
3960.00 8.88 0.00 0.00 0.00 0.00 7.95
3970.00 7.50 0.00 0.00 0.00 0.00 7.50
3980.00 13.75 0.00 0.00 0.00 0.00 10.05
3990.00 6.75 0.00 0.00 0.00 0.00 6.65
4000.00 7.63 0.00 0.00 0.00 0.00 7.55
