10.00 0.38 0.50 1.50 0.25 0.00 5.10
20.00 0.63 0.13 0.25 0.50 0.63 4.95
30.00 0.50 0.75 0.00 0.38 0.63 4.90
40.00 0.63 0.38 0.13 0.63 0.50 5.25
50.00 0.75 0.50 0.25 0.25 0.50 5.35
60.00 0.63 0.38 0.25 0.25 0.25 5.15
70.00 0.63 0.50 0.25 0.38 0.13 4.95
80.00 0.75 0.38 0.63 0.88 0.13 5.70
90.00 0.50 0.13 0.50 0.50 0.25 4.80
100.00 0.50 0.13 0.25 0.00 1.13 5.35
110.00 0.63 0.63 0.38 0.50 0.38 5.05
120.00 0.75 0.13 0.50 0.38 0.25 5.35
130.00 0.50 0.50 0.25 0.63 0.38 4.80
140.00 0.63 0.63 0.13 0.50 0.25 5.25
150.00 0.88 0.75 0.00 0.25 0.50 5.20
160.00 0.50 0.50 0.38 1.00 0.50 5.10
170.00 0.75 0.13 0.50 0.75 0.25 5.50
180.00 0.88 0.50 0.25 0.50 0.13 4.95
190.00 0.75 1.00 0.25 0.25 0.13 5.25
200.00 0.88 0.50 1.00 0.13 0.25 5.00
210.00 0.63 0.25 0.88 0.38 0.50 5.05
220.00 0.25 0.75 0.25 0.50 0.25 5.30
230.00 0.38 0.50 0.88 0.38 0.38 5.00
240.00 0.25 0.38 0.88 0.38 0.38 5.30
250.00 0.13 0.50 0.50 0.25 0.50 5.15
260.00 0.25 0.25 0.25 0.50 0.25 5.05
270.00 0.50 0.13 0.25 0.88 0.25 5.20
280.00 0.00 0.38 0.25 0.75 0.75 5.20
290.00 0.50 0.25 0.13 0.75 0.38 4.95
300.00 0.00 0.63 0.50 0.38 0.38 5.05
310.00 0.38 0.75 0.38 0.88 0.38 5.20
320.00 1.00 0.38 0.13 0.63 0.50 5.35
330.00 0.75 0.00 0.75 0.13 0.25 5.20
340.00 0.25 0.00 0.50 0.13 0.50 4.95
350.00 0.50 1.00 0.38 0.25 0.00 4.95
360.00 0.63 0.63 0.50 0.50 0.25 5.15
370.00 1.00 0.75 0.38 0.50 0.38 5.40
380.00 0.50 0.38 0.13 0.50 0.50 5.10
390.00 0.75 0.00 0.25 1.00 0.50 4.85
400.00 0.38 0.13 0.75 1.00 0.13 5.25
410.00 0.63 0.25 0.38 0.88 0.38 5.45
420.00 0.88 0.50 0.63 0.50 0.75 5.05
430.00 0.13 0.25 0.13 0.75 0.75 5.25
440.00 0.00 0.13 0.13 0.13 0.38 4.90
450.00 0.50 0.63 0.63 0.00 1.13 5.20
460.00 0.13 0.38 0.38 0.25 1.13 5.20
470.00 0.88 0.25 0.63 0.25 0.38 5.35
480.00 0.63 0.13 0.50 0.75 0.88 5.00
490.00 0.38 0.75 0.50 0.88 0.13 5.35
500.00 0.50 0.13 0.25 0.50 0.25 4.75
510.00 0.25 0.63 0.38 0.25 0.25 5.05
520.00 0.50 0.38 0.25 0.25 0.50 5.55
530.00 0.25 0.38 0.63 1.00 0.50 5.10
540.00 0.13 0.50 0.50 0.13 0.38 5.05
550.00 0.13 1.25 0.75 0.00 0.38 5.20
560.00 0.25 0.75 0.13 1.00 0.25 5.55
570.00 0.25 0.38 0.13 0.63 0.38 5.00
580.00 0.38 0.38 0.25 0.13 0.63 4.75
590.00 0.13 0.63 0.63 0.50 0.13 5.25
600.00 0.25 1.00 0.63 0.88 0.38 5.10
610.00 0.38 0.63 0.75 1.13 0.25 5.25
620.00 0.38 0.25 0.63 0.63 0.00 5.35
630.00 0.25 0.88 1.13 0.25 0.00 5.10
640.00 0.13 0.75 0.50 0.75 0.00 5.25
650.00 0.13 0.25 0.38 0.50 0.75 5.10
660.00 0.00 0.88 0.75 1.00 0.63 5.35
670.00 0.00 0.50 0.38 0.13 0.50 4.90
680.00 0.25 0.50 0.25 0.63 0.63 5.45
690.00 0.38 0.38 0.50 0.88 0.88 5.00
700.00 0.25 0.25 0.63 0.13 0.38 5.05
710.00 1.13 0.63 0.63 0.13 0.25 5.05
720.00 0.63 0.50 0.88 0.13 0.38 5.25
730.00 0.88 0.75 0.13 0.50 0.00 4.85
740.00 0.63 1.00 0.63 0.38 0.75 5.20
750.00 0.25 1.13 0.13 0.38 0.50 5.35
760.00 0.63 0.88 0.13 0.63 0.38 5.25
770.00 0.13 0.13 0.38 0.75 0.75 5.25
780.00 0.38 0.75 0.13 0.38 1.25 5.10
790.00 0.50 0.38 0.13 1.25 0.25 5.15
800.00 0.50 0.63 0.75 0.63 0.88 5.25
810.00 0.50 0.88 0.25 0.50 0.00 4.85
820.00 0.25 0.88 0.38 0.13 0.88 5.35
830.00 0.25 0.63 0.00 0.25 0.13 5.05
840.00 0.38 0.50 0.25 0.50 0.13 4.95
850.00 0.50 0.50 0.25 0.38 0.88 5.15
860.00 0.25 1.00 0.25 0.13 0.75 5.30
870.00 0.75 0.50 0.63 0.13 0.13 5.25
880.00 0.25 0.25 0.50 0.13 0.13 5.00
890.00 0.38 0.25 0.25 0.50 0.50 5.45
900.00 0.25 0.63 0.50 0.00 0.38 4.80
910.00 0.50 0.00 0.88 0.13 1.50 5.35
920.00 0.75 0.00 1.13 0.25 0.25 5.05
930.00 0.63 0.25 0.38 0.38 0.38 5.35
940.00 0.50 0.38 0.50 0.75 0.00 4.95
950.00 0.38 0.00 0.50 1.38 0.13 5.20
960.00 0.25 0.38 0.50 0.25 0.13 5.25
970.00 1.25 0.13 0.63 0.25 0.00 5.15
980.00 0.50 0.25 1.00 0.25 0.75 5.15
990.00 0.38 0.25 1.00 0.13 0.38 4.95
1000.00 0.50 0.63 0.50 0.38 0.88 5.30
1010.00 4.00 0.25 0.13 0.00 0.38 5.90
1020.00 18.63 0.00 0.13 0.00 0.00 9.50
1030.00 18.75 0.00 0.00 0.00 0.00 10.50
1040.00 16.75 0.00 0.00 0.00 0.00 9.15
1050.00 19.25 0.00 0.00 0.00 0.00 10.30
1060.00 20.13 0.00 0.00 0.00 0.00 10.70
1070.00 17.63 0.00 0.00 0.00 0.00 9.60
1080.00 18.75 0.00 0.00 0.00 0.00 10.15
1090.00 18.50 0.00 0.00 0.00 0.00 9.70
1100.00 19.50 0.00 0.00 0.00 0.00 10.15
1110.00 16.75 0.00 0.00 0.00 0.00 9.30
1120.00 16.13 0.00 0.00 0.00 0.00 9.65
1130.00 17.88 0.00 0.00 0.00 0.00 9.50
1140.00 16.75 0.00 0.00 0.00 0.00 9.10
1150.00 14.25 0.00 0.00 0.00 0.00 9.30
1160.00 15.00 0.00 0.00 0.00 0.00 8.45
1170.00 15.63 0.00 0.00 0.00 0.00 8.70
1180.00 16.25 0.00 0.00 0.00 0.00 9.40
1190.00 13.75 0.00 0.00 0.00 0.00 8.40
1200.00 12.75 0.00 0.00 0.00 0.00 8.30
1210.00 3.63 0.00 0.00 0.00 0.00 5.05
1220.00 3.88 0.00 0.00 0.00 0.00 4.95
1230.00 4.50 0.13 0.00 0.00 0.00 5.55
1240.00 4.88 0.00 0.13 0.00 0.00 5.55
1250.00 3.38 0.25 0.13 0.00 0.38 5.30
1260.00 3.75 0.00 0.13 0.00 0.38 5.65
1270.00 1.88 0.25 0.13 0.13 0.13 5.00
1280.00 2.25 0.25 0.38 0.38 0.25 5.15
1290.00 1.00 0.13 0.13 0.50 0.50 5.05
1300.00 1.50 0.25 0.63 0.63 0.25 5.70
1310.00 1.63 0.50 0.13 1.00 0.38 5.15
1320.00 0.63 0.25 0.00 0.75 0.75 5.00
1330.00 1.38 0.13 0.25 0.63 0.63 5.35
1340.00 0.50 0.13 0.38 0.63 0.88 5.15
1350.00 1.13 0.63 0.13 0.25 0.63 5.15
1360.00 0.63 0.38 0.38 0.50 0.63 5.15
1370.00 0.50 0.00 0.75 0.13 0.50 5.10
1380.00 0.63 0.38 1.00 0.88 0.13 5.10
1390.00 0.75 0.25 0.63 0.63 0.25 5.60
1400.00 0.25 0.75 0.63 0.25 0.38 5.00
1410.00 1.00 0.38 0.63 0.50 0.25 5.30
1420.00 0.75 1.13 0.38 0.25 0.25 4.95
1430.00 1.50 0.38 0.25 1.00 0.50 5.15
1440.00 0.50 0.63 0.25 0.38 0.50 5.40
1450.00 2.50 0.13 0.63 0.00 0.38 5.50
1460.00 1.25 0.38 0.38 0.00 0.13 4.95
1470.00 2.00 0.13 0.38 0.50 0.50 5.75
1480.00 2.50 0.25 0.25 0.25 0.25 5.25
1490.00 3.13 0.00 0.38 0.50 0.13 5.55
1500.00 27.50 0.00 0.00 0.38 0.25 11.00
1510.00 84.50 0.00 0.00 0.00 0.00 32.65
1520.00 4.38 0.00 0.00 0.00 0.00 5.10
1530.00 3.63 0.00 0.00 0.00 0.00 4.80
1540.00 4.75 0.00 0.00 0.00 0.00 5.60
1550.00 3.38 0.00 0.00 0.00 0.00 5.05
1560.00 3.50 0.00 0.13 0.00 0.13 5.15
1570.00 3.00 0.00 0.00 0.00 0.13 5.20
1580.00 0.75 0.00 0.13 0.13 0.50 4.85
1590.00 1.38 0.38 0.25 0.38 1.00 5.05
1600.00 2.00 0.00 0.50 0.25 0.25 5.90
1610.00 2.13 0.25 0.38 0.00 0.38 5.15
1620.00 1.88 0.13 0.38 0.38 0.00 5.20
1630.00 2.88 0.13 0.38 0.63 0.13 5.25
1640.00 2.38 0.00 0.50 0.25 0.00 5.00
1650.00 1.50 0.50 0.00 0.50 0.13 5.45
1660.00 0.75 0.63 0.50 0.88 0.25 5.30
1670.00 1.88 0.50 0.13 0.25 0.25 4.95
1680.00 1.88 0.25 0.38 0.38 0.25 5.70
1690.00 2.38 0.50 0.38 0.25 0.00 5.25
1700.00 2.50 0.38 0.25 0.13 0.50 5.20
1710.00 6.38 0.25 0.25 0.13 0.13 6.70
1720.00 33.13 0.00 0.00 0.00 0.13 13.60
1730.00 46.00 0.00 0.00 0.00 0.00 19.80
1740.00 5.63 0.00 0.00 0.00 0.00 5.60
1750.00 5.25 0.00 0.00 0.00 0.00 5.60
1760.00 3.38 0.00 0.00 0.00 0.00 5.05
1770.00 6.13 0.00 0.00 0.00 0.00 6.05
1780.00 4.63 0.00 0.00 0.00 0.00 5.40
1790.00 7.38 0.00 0.13 0.00 0.00 6.55
1800.00 3.63 0.00 0.00 0.00 0.00 5.15
1810.00 5.13 0.00 0.25 0.13 0.00 5.75
1820.00 7.13 0.00 0.00 0.00 0.00 6.35
1830.00 6.25 0.00 0.00 0.00 0.00 6.10
1840.00 4.88 0.00 0.00 0.00 0.00 5.30
1850.00 7.63 0.00 0.00 0.00 0.25 6.50
1860.00 5.38 0.00 0.00 0.00 0.00 5.60
1870.00 4.88 0.13 0.13 0.00 0.00 5.75
1880.00 5.63 0.25 0.13 0.00 0.00 6.20
1890.00 8.13 0.13 0.00 0.00 0.00 6.50
1900.00 9.50 0.00 0.00 0.00 0.00 6.60
1910.00 8.75 0.00 0.00 0.00 0.00 7.40
1920.00 7.63 0.00 0.00 0.00 0.00 6.45
1930.00 7.25 0.00 0.00 0.00 0.00 6.60
1940.00 5.38 0.00 0.13 0.00 0.00 5.75
1950.00 13.63 0.00 0.00 0.00 0.00 8.10
1960.00 9.38 0.00 0.00 0.00 0.00 7.10
1970.00 6.88 0.00 0.00 0.00 0.00 5.85
1980.00 7.63 0.00 0.00 0.00 0.00 6.75
1990.00 8.88 0.13 0.00 0.00 0.00 6.80
2000.00 6.50 0.00 0.00 0.00 0.00 5.90
2010.00 4.38 0.00 0.00 0.00 0.00 5.50
2020.00 6.13 0.13 0.00 0.00 0.25 5.95
2030.00 7.38 0.00 0.00 0.00 0.00 6.80
2040.00 4.88 0.13 0.13 0.00 0.00 5.65
2050.00 5.75 0.00 0.00 0.00 0.00 5.80
2060.00 6.88 0.00 0.13 0.00 0.00 6.15
2070.00 9.25 0.00 0.13 0.00 0.00 6.95
2080.00 11.25 0.00 0.00 0.00 0.00 7.55
2090.00 11.25 0.00 0.00 0.00 0.00 7.50
2100.00 8.88 0.00 0.00 0.00 0.00 7.10
2110.00 4.75 0.00 0.00 0.00 0.00 5.60
2120.00 8.88 0.00 0.00 0.00 0.00 6.70
2130.00 7.13 0.00 0.00 0.00 0.00 5.75
2140.00 9.75 0.00 0.00 0.00 0.00 7.80
2150.00 12.38 0.00 0.00 0.00 0.00 7.90
2160.00 8.63 0.00 0.00 0.00 0.00 6.70
2170.00 5.75 0.00 0.00 0.13 0.00 5.90
2180.00 6.50 0.00 0.00 0.00 0.00 6.00
2190.00 4.00 0.00 0.00 0.13 0.00 5.10
2200.00 7.50 0.00 0.13 0.00 0.00 6.50
2210.00 7.75 0.00 0.00 0.00 0.00 6.45
2220.00 7.75 0.00 0.00 0.00 0.00 6.65
2230.00 7.75 0.00 0.00 0.00 0.00 6.80
2240.00 11.13 0.00 0.00 0.00 0.00 7.20
2250.00 5.13 0.00 0.00 0.00 0.00 5.65
2260.00 15.00 0.00 0.00 0.00 0.00 8.95
2270.00 5.25 0.00 0.00 0.00 0.00 5.70
2280.00 7.50 0.00 0.00 0.13 0.00 6.50
2290.00 6.25 0.00 0.00 0.00 0.00 5.85
2300.00 10.75 0.00 0.00 0.00 0.00 7.05
2310.00 7.75 0.00 0.00 0.00 0.00 6.80
2320.00 15.13 0.00 0.00 0.00 0.00 8.75
2330.00 8.50 0.00 0.00 0.00 0.00 6.65
2340.00 8.00 0.00 0.00 0.00 0.00 6.95
2350.00 7.63 0.00 0.13 0.00 0.00 6.30
2360.00 8.13 0.00 0.00 0.00 0.00 6.55
2370.00 7.63 0.00 0.00 0.00 0.00 6.50
2380.00 6.75 0.00 0.13 0.00 0.00 6.05
2390.00 9.38 0.00 0.00 0.00 0.00 6.80
2400.00 5.88 0.00 0.00 0.00 0.00 5.80
2410.00 3.88 0.00 0.13 0.00 0.00 5.30
2420.00 3.13 0.00 0.13 0.25 0.00 5.20
2430.00 6.50 0.25 0.38 0.00 0.00 6.65
2440.00 7.88 0.13 0.00 0.00 0.00 6.40
2450.00 8.50 0.00 0.00 0.00 0.00 6.80
2460.00 9.88 0.00 0.00 0.00 0.00 7.20
2470.00 11.75 0.00 0.00 0.00 0.00 7.50
2480.00 9.38 0.00 0.00 0.00 0.00 7.10
2490.00 8.50 0.00 0.00 0.00 0.00 6.75
2500.00 11.63 0.00 0.00 0.00 0.00 7.90
2510.00 6.50 0.00 0.00 0.00 0.00 5.95
2520.00 5.00 0.00 0.00 0.00 0.00 5.70
2530.00 9.75 0.13 0.00 0.00 0.00 7.15
2540.00 3.75 0.00 0.00 0.13 0.00 4.90
2550.00 5.88 0.00 0.00 0.00 0.13 5.95
2560.00 10.00 0.00 0.00 0.00 0.00 7.25
2570.00 7.38 0.00 0.00 0.00 0.00 6.45
2580.00 6.88 0.00 0.00 0.00 0.00 6.00
2590.00 11.13 0.00 0.00 0.00 0.00 7.95
2600.00 6.88 0.00 0.00 0.00 0.00 6.15
2610.00 11.13 0.00 0.00 0.00 0.00 7.40
2620.00 11.88 0.00 0.00 0.00 0.00 7.75
2630.00 8.88 0.00 0.00 0.00 0.00 7.05
2640.00 6.75 0.00 0.00 0.00 0.00 6.05
2650.00 7.88 0.00 0.00 0.00 0.00 6.60
2660.00 8.25 0.00 0.00 0.00 0.00 6.35
2670.00 6.13 0.00 0.00 0.00 0.00 6.30
2680.00 5.50 0.00 0.13 0.00 0.00 5.70
2690.00 7.75 0.00 0.00 0.00 0.00 6.45
2700.00 11.25 0.00 0.00 0.00 0.00 7.30
2710.00 10.38 0.00 0.00 0.00 0.00 7.70
2720.00 10.63 0.00 0.00 0.00 0.00 7.50
2730.00 6.38 0.00 0.00 0.00 0.00 6.05
2740.00 7.38 0.00 0.00 0.00 0.00 6.20
2750.00 10.75 0.00 0.13 0.00 0.00 7.70
2760.00 11.13 0.00 0.00 0.00 0.00 7.70
2770.00 5.13 0.00 0.00 0.00 0.00 5.45
2780.00 6.13 0.00 0.00 0.00 0.00 6.20
2790.00 5.50 0.00 0.00 0.00 0.00 5.45
2800.00 4.25 0.38 0.13 0.00 0.00 5.65
2810.00 6.63 0.00 0.00 0.00 0.00 6.05
2820.00 9.88 0.00 0.00 0.00 0.00 7.20
2830.00 7.13 0.00 0.00 0.00 0.00 6.20
2840.00 23.13 0.00 0.00 0.00 0.00 11.45
2850.00 5.88 0.00 0.00 0.00 0.00 5.70
2860.00 7.13 0.00 0.00 0.00 0.00 6.35
2870.00 5.13 0.00 0.00 0.00 0.00 5.60
2880.00 7.13 0.00 0.00 0.13 0.00 6.25
2890.00 8.50 0.13 0.00 0.00 0.00 6.65
2900.00 6.25 0.00 0.00 0.00 0.00 6.40
2910.00 4.88 0.00 0.00 0.00 0.00 5.40
2920.00 10.75 0.00 0.00 0.00 0.00 7.45
2930.00 15.63 0.00 0.00 0.00 0.00 9.05
2940.00 4.38 0.00 0.00 0.00 0.00 5.35
2950.00 7.75 0.00 0.00 0.00 0.00 6.30
2960.00 7.00 0.00 0.00 0.00 0.00 6.35
2970.00 9.00 0.13 0.00 0.00 0.00 6.65
2980.00 8.88 0.13 0.00 0.00 0.00 6.90
2990.00 4.38 0.00 0.00 0.00 0.00 5.75
3000.00 5.25 0.00 0.00 0.00 0.00 5.45
3010.00 6.50 0.13 0.00 0.00 0.00 6.15
3020.00 10.88 0.00 0.00 0.00 0.13 7.55
3030.00 9.00 0.00 0.00 0.00 0.00 6.80
3040.00 13.88 0.00 0.00 0.00 0.00 8.70
3050.00 5.50 0.00 0.00 0.00 0.00 5.65
3060.00 10.50 0.00 0.00 0.00 0.00 7.25
3070.00 8.75 0.00 0.00 0.00 0.00 7.10
3080.00 9.75 0.00 0.00 0.00 0.00 6.85
3090.00 11.00 0.00 0.00 0.00 0.00 7.75
3100.00 6.00 0.00 0.00 0.00 0.00 5.65
3110.00 6.25 0.00 0.00 0.00 0.00 5.95
3120.00 7.75 0.00 0.00 0.00 0.13 6.65
3130.00 10.00 0.00 0.00 0.00 0.00 7.25
3140.00 5.38 0.00 0.00 0.13 0.00 5.80
3150.00 6.50 0.00 0.00 0.00 0.00 5.85
3160.00 7.88 0.00 0.00 0.00 0.00 6.15
3170.00 12.25 0.00 0.00 0.00 0.00 8.45
3180.00 3.75 0.00 0.00 0.00 0.00 5.15
3190.00 5.75 0.00 0.13 0.00 0.00 5.95
3200.00 7.63 0.00 0.00 0.13 0.00 6.65
3210.00 10.00 0.00 0.00 0.00 0.00 6.95
3220.00 10.13 0.00 0.00 0.00 0.00 7.25
3230.00 4.88 0.00 0.00 0.00 0.00 5.50
3240.00 13.88 0.00 0.00 0.00 0.00 8.85
3250.00 5.50 0.00 0.00 0.00 0.00 5.60
3260.00 8.00 0.00 0.00 0.00 0.00 6.85
3270.00 5.13 0.13 0.00 0.00 0.00 5.30
3280.00 7.00 0.00 0.00 0.00 0.00 6.25
3290.00 15.00 0.00 0.00 0.00 0.00 8.40
3300.00 8.13 0.00 0.00 0.00 0.00 7.40
3310.00 12.88 0.00 0.00 0.00 0.00 8.05
3320.00 7.13 0.00 0.00 0.00 0.00 6.25
3330.00 8.38 0.00 0.00 0.00 0.00 6.30
3340.00 5.00 0.00 0.00 0.00 0.00 5.70
3350.00 5.63 0.00 0.00 0.00 0.00 5.85
3360.00 4.75 0.13 0.00 0.00 0.00 5.75
3370.00 6.13 0.00 0.00 0.00 0.00 5.75
3380.00 8.38 0.00 0.00 0.00 0.00 6.95
3390.00 4.63 0.13 0.13 0.00 0.00 5.50
3400.00 7.38 0.00 0.00 0.00 0.00 6.00
3410.00 8.88 0.00 0.00 0.00 0.00 7.25
3420.00 14.00 0.00 0.00 0.00 0.00 8.45
3430.00 8.38 0.00 0.00 0.00 0.00 6.55
3440.00 13.63 0.00 0.00 0.00 0.00 8.55
3450.00 11.38 0.00 0.00 0.00 0.00 7.65
3460.00 9.75 0.00 0.00 0.00 0.00 6.95
3470.00 7.38 0.00 0.00 0.00 0.00 6.25
3480.00 7.50 0.00 0.00 0.00 0.00 6.45
3490.00 4.00 0.00 0.00 0.13 0.00 5.15
3500.00 4.38 0.13 0.13 0.00 0.13 5.30
3510.00 5.50 0.00 0.13 0.00 0.00 6.00
3520.00 4.00 0.00 0.00 0.00 0.00 5.35
3530.00 5.75 0.00 0.13 0.00 0.00 6.15
3540.00 8.88 0.00 0.00 0.00 0.00 6.75
3550.00 12.38 0.00 0.00 0.00 0.00 7.95
3560.00 13.13 0.00 0.00 0.00 0.00 8.05
3570.00 8.13 0.00 0.00 0.00 0.00 6.75
3580.00 8.50 0.00 0.00 0.00 0.00 6.60
3590.00 8.25 0.00 0.00 0.00 0.00 6.80
3600.00 9.75 0.00 0.00 0.00 0.00 7.20
3610.00 8.00 0.00 0.00 0.00 0.00 6.05
3620.00 8.88 0.00 0.00 0.00 0.00 7.40
3630.00 5.25 0.00 0.00 0.00 0.00 5.40
3640.00 10.00 0.00 0.00 0.00 0.00 7.10
3650.00 7.63 0.00 0.00 0.00 0.00 6.55
3660.00 6.00 0.00 0.00 0.00 0.00 5.90
3670.00 8.63 0.00 0.00 0.00 0.00 6.60
3680.00 10.25 0.00 0.00 0.00 0.00 7.50
3690.00 5.13 0.00 0.13 0.00 0.00 5.60
3700.00 9.38 0.00 0.00 0.00 0.00 7.10
3710.00 7.50 0.00 0.00 0.00 0.00 6.50
3720.00 9.25 0.00 0.00 0.00 0.00 6.85
3730.00 5.00 0.00 0.00 0.00 0.00 5.40
3740.00 10.13 0.00 0.00 0.00 0.00 7.15
3750.00 4.00 0.00 0.00 0.00 0.00 5.55
3760.00 9.63 0.13 0.00 0.00 0.00 6.70
3770.00 12.63 0.00 0.00 0.00 0.00 8.45
3780.00 9.88 0.00 0.00 0.00 0.00 7.30
3790.00 9.13 0.00 0.00 0.00 0.00 6.65
3800.00 6.00 0.00 0.00 0.00 0.00 6.10
3810.00 8.13 0.00 0.00 0.00 0.00 6.60
3820.00 8.50 0.00 0.00 0.00 0.00 6.70
3830.00 4.75 0.00 0.00 0.00 0.00 5.45
3840.00 10.25 0.00 0.00 0.00 0.00 7.20
3850.00 7.38 0.00 0.00 0.00 0.00 6.35
3860.00 8.63 0.00 0.00 0.00 0.00 6.85
3870.00 7.63 0.00 0.00 0.00 0.00 6.30
3880.00 13.38 0.00 0.00 0.00 0.00 8.25
3890.00 8.00 0.00 0.00 0.00 0.00 6.65
3900.00 7.25 0.00 0.00 0.00 0.00 6.05
3910.00 8.38 0.00 0.00 0.00 0.00 6.80
3920.00 7.25 0.00 0.00 0.00 0.00 6.50
3930.00 4.50 0.00 0.00 0.00 0.00 5.30
3940.00 4.88 0.00 0.13 0.13 0.00 5.35
3950.00 12.13 0.00 0.13 0.00 0.13 8.30
3960.00 8.25 0.00 0.00 0.00 0.00 6.75
3970.00 7.25 0.00 0.00 0.00 0.13 6.35
3980.00 7.25 0.00 0.00 0.00 0.00 6.50
3990.00 8.38 0.00 0.00 0.00 0.00 6.55
4000.00 5.25 0.00 0.00 0.00 0.00 5.25
