10.00 0.00 0.13 0.38 0.25 0.88 5.00
20.00 0.50 0.25 0.13 0.38 0.38 5.35
30.00 0.25 0.50 0.13 0.38 0.38 5.40
40.00 0.38 0.38 0.50 0.00 0.38 5.30
50.00 0.25 0.38 0.50 0.50 0.13 5.15
60.00 0.13 0.13 0.13 0.25 0.25 5.00
70.00 0.50 0.13 0.00 0.25 0.25 5.20
80.00 0.38 0.13 0.00 0.38 0.38 5.15
90.00 0.50 0.00 0.25 0.63 0.50 5.10
100.00 1.38 0.38 0.25 0.00 0.25 5.45
110.00 0.50 0.13 0.13 0.38 0.25 5.15
120.00 0.38 0.25 0.63 0.88 0.13 5.15
130.00 0.50 0.75 0.38 0.00 0.38 5.40
140.00 0.75 0.25 0.25 0.50 0.00 5.10
150.00 0.25 0.25 0.13 1.00 0.25 5.15
160.00 1.13 0.25 0.00 0.25 0.00 5.10
170.00 0.50 0.25 0.00 0.63 0.25 5.25
180.00 0.25 1.13 0.00 0.38 0.25 5.25
190.00 0.50 0.63 0.13 0.25 0.38 5.30
200.00 0.13 0.63 0.25 0.50 0.88 5.30
210.00 0.38 0.38 0.13 0.38 0.13 5.05
220.00 0.75 0.25 0.00 0.13 0.38 5.20
230.00 0.50 0.88 0.38 0.00 0.88 5.45
240.00 0.38 0.25 0.00 0.13 0.88 4.95
250.00 0.50 0.63 0.50 0.00 0.75 5.35
260.00 0.38 0.13 0.25 0.13 0.63 5.20
270.00 0.13 0.50 0.00 0.13 0.50 5.20
280.00 0.25 0.38 0.38 0.13 0.38 4.95
290.00 0.38 0.25 0.50 0.13 0.38 5.45
300.00 0.50 0.13 0.13 0.13 0.13 4.95
310.00 0.50 0.25 0.13 0.50 0.38 5.40
320.00 0.25 0.38 0.00 0.25 0.63 5.20
330.00 0.50 0.25 0.00 0.38 0.50 5.25
340.00 0.50 0.00 0.38 0.38 0.38 5.20
350.00 0.38 0.50 0.00 0.25 0.38 5.05
360.00 0.63 0.25 0.13 0.13 0.25 5.10
370.00 1.38 0.50 0.13 0.13 0.25 5.55
380.00 1.00 0.00 0.13 0.25 0.25 4.85
390.00 1.13 0.00 0.13 0.13 0.25 5.55
400.00 0.75 0.00 0.50 0.13 0.38 5.05
410.00 0.63 0.13 0.13 0.38 0.00 5.15
420.00 0.25 0.50 0.13 0.13 0.25 5.10
430.00 0.88 0.13 0.75 0.00 0.00 5.45
440.00 1.00 0.25 0.38 0.25 0.00 5.20
450.00 0.75 0.13 0.25 0.63 0.25 5.05
460.00 0.13 0.38 0.25 0.88 0.38 5.55
470.00 0.50 0.13 0.00 0.50 0.00 5.20
480.00 0.88 0.25 0.63 0.00 0.50 5.25
490.00 0.00 0.13 0.50 0.75 0.38 5.10
500.00 0.38 0.50 0.25 0.50 0.38 5.20
510.00 0.38 0.25 0.25 0.38 0.38 5.10
520.00 0.38 0.63 0.25 0.38 0.13 4.90
530.00 0.00 0.38 0.75 0.50 0.38 5.10
540.00 0.50 0.63 0.13 0.38 0.00 5.60
550.00 0.63 0.25 0.25 0.38 0.13 5.25
560.00 0.38 0.13 0.13 0.38 0.38 5.35
570.00 0.13 0.25 0.50 0.25 0.50 5.20
580.00 0.50 0.63 0.00 0.63 0.13 5.15
590.00 0.88 0.38 0.13 0.75 0.00 5.35
600.00 0.25 0.25 0.00 0.25 0.13 4.95
610.00 0.00 0.13 0.38 0.38 0.38 5.20
620.00 0.25 0.13 0.13 0.38 0.63 5.30
630.00 0.25 0.13 0.25 0.50 0.75 5.50
640.00 0.13 0.38 0.00 0.75 0.63 5.15
650.00 0.63 0.50 0.38 0.25 0.13 5.00
660.00 0.13 0.63 0.00 0.50 0.88 5.20
670.00 0.25 0.00 0.38 0.25 0.63 5.10
680.00 0.00 0.38 0.25 0.13 0.88 5.50
690.00 0.25 0.25 0.13 0.25 0.25 4.75
700.00 0.50 0.50 0.00 0.25 0.25 5.60
710.00 0.13 0.25 0.38 0.63 0.13 5.05
720.00 0.25 0.50 0.13 0.50 0.13 5.30
730.00 0.13 0.63 0.25 0.38 0.13 4.95
740.00 0.75 0.00 0.75 0.00 0.25 5.35
750.00 0.25 0.25 0.38 0.38 0.50 5.10
760.00 0.25 0.00 0.38 0.38 0.88 5.55
770.00 0.25 0.13 0.25 0.25 0.38 5.20
780.00 0.13 0.00 0.13 0.25 0.38 5.15
790.00 0.25 0.63 0.25 0.38 0.25 5.35
800.00 0.25 0.50 0.25 0.50 0.38 5.00
810.00 0.75 0.75 0.00 0.38 0.00 5.60
820.00 0.13 0.38 0.13 0.63 0.38 4.95
830.00 0.13 0.75 0.38 0.75 0.50 5.40
840.00 0.00 1.00 0.25 0.13 0.25 5.45
850.00 0.25 0.50 0.25 0.25 0.63 5.40
860.00 0.63 0.13 0.38 0.13 0.25 4.75
870.00 0.25 0.75 0.00 0.00 0.50 5.25
880.00 0.13 0.63 0.25 0.63 0.25 5.15
890.00 0.13 0.38 0.25 0.75 0.38 5.40
900.00 0.00 0.00 0.00 0.63 0.88 5.00
910.00 0.13 0.25 0.25 0.88 0.38 5.20
920.00 0.63 0.50 0.00 0.38 0.38 5.55
930.00 0.13 0.38 0.13 0.25 0.25 4.95
940.00 0.13 0.00 1.00 0.38 0.38 5.25
950.00 0.63 0.13 0.88 0.13 0.25 5.15
960.00 0.63 0.00 0.13 0.88 0.75 5.70
970.00 0.13 0.13 0.25 0.25 0.50 4.95
980.00 0.38 0.25 0.38 0.75 0.50 5.00
990.00 0.00 0.38 0.38 0.50 0.50 5.55
1000.00 0.13 0.25 0.38 0.50 0.00 5.00
1010.00 3.75 0.13 0.25 0.13 0.63 6.55
1020.00 12.75 0.00 0.00 0.00 0.13 9.65
1030.00 13.50 0.00 0.00 0.00 0.00 9.90
1040.00 14.25 0.00 0.00 0.00 0.00 10.45
1050.00 12.63 0.00 0.00 0.00 0.00 9.30
1060.00 14.00 0.00 0.00 0.00 0.00 9.95
1070.00 14.00 0.00 0.00 0.00 0.00 10.15
1080.00 14.25 0.00 0.00 0.00 0.00 9.80
1090.00 14.13 0.00 0.00 0.00 0.00 10.45
1100.00 14.25 0.00 0.00 0.00 0.00 10.30
1110.00 16.25 0.00 0.00 0.00 0.00 10.50
1120.00 15.88 0.00 0.00 0.00 0.00 11.50
1130.00 14.25 0.00 0.00 0.00 0.00 9.75
1140.00 15.88 0.00 0.00 0.00 0.00 11.15
1150.00 13.00 0.00 0.00 0.00 0.00 9.15
1160.00 13.50 0.00 0.00 0.00 0.00 10.30
1170.00 18.38 0.00 0.00 0.00 0.00 11.75
1180.00 13.75 0.00 0.00 0.00 0.00 10.05
1190.00 9.88 0.00 0.00 0.00 0.00 8.35
1200.00 11.63 0.00 0.00 0.00 0.00 9.10
1210.00 4.50 0.00 0.00 0.00 0.00 5.55
1220.00 3.00 0.00 0.00 0.00 0.00 5.25
1230.00 3.63 0.00 0.00 0.00 0.00 5.75
1240.00 5.00 0.00 0.00 0.00 0.00 5.85
1250.00 2.00 0.25 0.13 0.00 0.00 5.05
1260.00 2.00 0.13 0.25 0.00 0.00 5.20
1270.00 3.25 0.00 0.00 0.25 0.25 5.70
1280.00 1.63 0.25 0.13 0.00 0.25 5.25
1290.00 2.38 0.13 0.00 0.25 0.00 5.65
1300.00 2.38 0.13 0.00 0.38 0.00 5.30
1310.00 2.00 0.25 0.00 0.00 0.00 5.30
1320.00 1.50 0.38 0.00 0.00 0.13 5.20
1330.00 1.50 0.38 0.13 0.13 0.13 5.40
1340.00 1.25 0.38 0.50 0.13 0.25 5.40
1350.00 1.00 0.25 0.25 0.25 0.25 5.05
1360.00 1.75 0.63 0.13 0.38 0.63 5.95
1370.00 1.00 0.25 0.25 0.00 0.25 5.05
1380.00 1.00 0.50 0.25 0.63 0.13 5.10
1390.00 2.50 0.00 0.38 0.25 0.25 5.60
1400.00 2.50 0.13 0.38 0.00 0.13 5.85
1410.00 7.25 0.00 0.13 0.00 0.13 7.35
1420.00 46.25 0.00 0.00 0.00 0.00 24.25
1430.00 12.63 0.00 0.00 0.00 0.00 9.40
1440.00 5.75 0.00 0.00 0.00 0.00 5.85
1450.00 4.75 0.00 0.00 0.00 0.00 6.30
1460.00 6.25 0.00 0.00 0.00 0.00 6.65
1470.00 4.63 0.00 0.00 0.00 0.00 5.95
1480.00 4.63 0.00 0.00 0.00 0.00 5.55
1490.00 5.88 0.00 0.00 0.00 0.00 6.75
1500.00 8.38 0.00 0.00 0.00 0.00 7.80
1510.00 5.75 0.00 0.00 0.00 0.00 6.55
1520.00 4.50 0.00 0.00 0.00 0.00 5.50
1530.00 7.75 0.00 0.00 0.00 0.00 7.80
1540.00 9.13 0.00 0.00 0.00 0.00 7.55
1550.00 4.88 0.00 0.00 0.00 0.00 6.35
1560.00 6.00 0.00 0.00 0.00 0.00 6.40
1570.00 10.50 0.00 0.00 0.00 0.00 9.00
1580.00 5.63 0.00 0.00 0.00 0.00 5.90
1590.00 8.88 0.00 0.00 0.00 0.00 7.90
1600.00 5.38 0.00 0.00 0.00 0.00 6.70
1610.00 4.63 0.00 0.00 0.00 0.00 5.90
1620.00 8.50 0.00 0.00 0.00 0.00 7.75
1630.00 14.63 0.00 0.00 0.00 0.00 10.45
1640.00 6.38 0.00 0.00 0.00 0.00 6.75
1650.00 5.88 0.00 0.00 0.00 0.00 6.60
1660.00 6.13 0.00 0.00 0.00 0.00 6.45
1670.00 6.50 0.00 0.00 0.00 0.00 7.05
1680.00 5.50 0.00 0.00 0.00 0.00 5.80
1690.00 5.88 0.00 0.00 0.00 0.00 6.65
1700.00 9.38 0.13 0.00 0.00 0.00 8.65
1710.00 7.38 0.00 0.00 0.00 0.00 6.70
1720.00 9.50 0.00 0.00 0.00 0.00 8.40
1730.00 7.88 0.00 0.00 0.00 0.00 7.60
1740.00 11.50 0.00 0.00 0.00 0.00 8.60
1750.00 9.38 0.00 0.00 0.00 0.00 8.30
1760.00 4.25 0.00 0.00 0.00 0.00 6.00
1770.00 8.13 0.00 0.00 0.00 0.00 7.15
1780.00 4.63 0.00 0.00 0.00 0.00 6.30
1790.00 4.00 0.00 0.00 0.00 0.00 5.65
1800.00 13.50 0.00 0.00 0.00 0.00 9.95
1810.00 6.75 0.00 0.00 0.00 0.00 6.75
1820.00 8.00 0.00 0.00 0.00 0.00 7.80
1830.00 6.88 0.00 0.00 0.00 0.00 6.65
1840.00 6.38 0.00 0.00 0.00 0.00 6.90
1850.00 9.13 0.00 0.00 0.00 0.00 8.25
1860.00 7.50 0.00 0.00 0.00 0.00 7.00
1870.00 11.63 0.00 0.00 0.00 0.00 9.05
1880.00 8.63 0.00 0.00 0.00 0.00 7.70
1890.00 12.13 0.00 0.00 0.00 0.00 9.10
1900.00 9.00 0.00 0.00 0.00 0.00 8.10
1910.00 6.75 0.00 0.00 0.00 0.00 7.35
1920.00 2.50 0.00 0.00 0.00 0.00 4.80
1930.00 8.38 0.00 0.00 0.00 0.00 8.00
1940.00 5.00 0.00 0.00 0.00 0.00 5.65
1950.00 7.50 0.00 0.00 0.00 0.00 7.45
1960.00 8.38 0.00 0.00 0.00 0.00 7.50
1970.00 6.63 0.00 0.00 0.00 0.00 7.05
1980.00 6.00 0.00 0.00 0.00 0.00 6.85
1990.00 9.63 0.00 0.00 0.00 0.00 8.20
2000.00 7.88 0.00 0.00 0.00 0.00 7.10
2010.00 8.63 0.00 0.00 0.00 0.00 7.95
2020.00 10.63 0.00 0.00 0.00 0.00 8.50
2030.00 8.88 0.00 0.00 0.00 0.00 7.90
2040.00 9.00 0.00 0.00 0.00 0.00 7.90
2050.00 6.50 0.00 0.00 0.00 0.00 6.90
2060.00 9.38 0.00 0.00 0.00 0.00 8.05
2070.00 8.25 0.00 0.00 0.00 0.00 7.25
2080.00 4.75 0.00 0.00 0.00 0.00 5.80
2090.00 7.38 0.00 0.00 0.00 0.00 7.50
2100.00 13.00 0.00 0.00 0.00 0.00 9.65
2110.00 6.25 0.00 0.00 0.00 0.00 6.85
2120.00 7.25 0.00 0.00 0.00 0.00 7.10
2130.00 8.88 0.00 0.00 0.00 0.00 7.80
2140.00 13.38 0.00 0.00 0.00 0.00 10.00
2150.00 3.63 0.00 0.00 0.00 0.00 5.45
2160.00 5.00 0.00 0.00 0.00 0.00 6.05
2170.00 6.00 0.00 0.00 0.00 0.00 6.55
2180.00 6.50 0.00 0.00 0.00 0.00 7.00
2190.00 16.63 0.00 0.00 0.00 0.00 11.40
2200.00 8.00 0.00 0.00 0.00 0.00 7.20
2210.00 8.00 0.00 0.00 0.00 0.00 7.50
2220.00 6.25 0.00 0.00 0.00 0.00 6.70
2230.00 9.38 0.00 0.00 0.00 0.00 7.90
2240.00 7.50 0.00 0.00 0.00 0.00 7.35
2250.00 7.50 0.00 0.00 0.00 0.00 7.25
2260.00 7.50 0.00 0.00 0.00 0.00 7.50
2270.00 4.63 0.00 0.00 0.00 0.00 5.55
2280.00 9.50 0.00 0.00 0.00 0.00 7.80
2290.00 5.00 0.00 0.00 0.00 0.00 6.55
2300.00 16.38 0.00 0.00 0.00 0.00 11.45
2310.00 6.25 0.00 0.00 0.00 0.00 6.45
2320.00 4.00 0.00 0.00 0.00 0.00 5.50
2330.00 7.25 0.00 0.00 0.00 0.00 7.30
2340.00 9.00 0.00 0.00 0.00 0.00 7.55
2350.00 6.88 0.00 0.00 0.00 0.00 7.20
2360.00 13.50 0.00 0.00 0.00 0.00 9.80
2370.00 8.13 0.00 0.00 0.00 0.00 7.30
2380.00 5.00 0.00 0.00 0.00 0.00 6.25
2390.00 7.13 0.00 0.00 0.00 0.00 7.20
2400.00 10.25 0.00 0.00 0.00 0.00 8.45
2410.00 9.50 0.00 0.00 0.00 0.00 8.25
2420.00 10.63 0.00 0.00 0.00 0.00 8.30
2430.00 9.25 0.00 0.00 0.00 0.00 8.05
2440.00 2.63 0.00 0.00 0.00 0.00 5.35
2450.00 4.13 0.00 0.00 0.00 0.00 5.65
2460.00 4.75 0.00 0.00 0.00 0.00 6.15
2470.00 10.50 0.00 0.00 0.00 0.00 8.25
2480.00 7.88 0.00 0.00 0.00 0.00 8.10
2490.00 12.50 0.00 0.00 0.00 0.00 8.95
2500.00 9.38 0.00 0.00 0.00 0.00 8.10
2510.00 6.50 0.00 0.00 0.00 0.00 6.95
2520.00 12.13 0.00 0.00 0.00 0.00 9.15
2530.00 8.63 0.00 0.00 0.00 0.00 8.00
2540.00 9.38 0.00 0.00 0.00 0.00 7.40
2550.00 10.25 0.00 0.00 0.00 0.00 8.85
2560.00 3.50 0.00 0.00 0.00 0.00 5.60
2570.00 8.50 0.00 0.00 0.00 0.00 7.70
2580.00 4.63 0.00 0.00 0.00 0.00 5.50
2590.00 6.25 0.00 0.00 0.00 0.00 7.05
2600.00 7.00 0.00 0.00 0.00 0.00 7.10
2610.00 3.88 0.00 0.00 0.00 0.00 5.35
2620.00 16.88 0.00 0.00 0.00 0.00 11.50
2630.00 8.38 0.00 0.00 0.00 0.00 7.75
2640.00 7.50 0.00 0.00 0.00 0.00 7.05
2650.00 5.25 0.00 0.00 0.00 0.00 6.20
2660.00 9.25 0.00 0.00 0.00 0.00 7.85
2670.00 8.13 0.00 0.00 0.00 0.00 7.85
2680.00 6.38 0.00 0.00 0.00 0.00 6.40
2690.00 7.50 0.00 0.00 0.00 0.00 7.40
2700.00 6.00 0.00 0.00 0.00 0.00 6.70
2710.00 2.25 0.00 0.00 0.13 0.00 4.85
2720.00 8.63 0.00 0.00 0.00 0.00 7.75
2730.00 11.75 0.00 0.00 0.00 0.00 9.25
2740.00 10.38 0.00 0.00 0.00 0.00 8.90
2750.00 10.00 0.00 0.00 0.00 0.00 8.05
2760.00 4.25 0.00 0.00 0.00 0.00 5.85
2770.00 3.50 0.00 0.00 0.00 0.00 5.50
2780.00 10.25 0.00 0.00 0.00 0.00 8.35
2790.00 13.75 0.00 0.00 0.00 0.00 10.30
2800.00 12.13 0.00 0.00 0.00 0.00 8.65
2810.00 9.13 0.00 0.00 0.00 0.00 8.25
2820.00 11.75 0.00 0.00 0.00 0.00 9.40
2830.00 8.13 0.00 0.00 0.00 0.00 7.35
2840.00 5.00 0.00 0.00 0.00 0.00 6.30
2850.00 6.38 0.00 0.00 0.00 0.00 6.60
2860.00 7.75 0.00 0.00 0.00 0.00 7.30
2870.00 6.25 0.00 0.00 0.00 0.00 6.40
2880.00 8.88 0.00 0.00 0.00 0.00 8.20
2890.00 4.88 0.00 0.00 0.00 0.00 6.10
2900.00 7.25 0.00 0.00 0.00 0.00 6.95
2910.00 15.38 0.00 0.00 0.00 0.00 11.00
2920.00 6.50 0.00 0.00 0.00 0.00 6.35
2930.00 7.75 0.00 0.00 0.00 0.00 7.50
2940.00 4.00 0.00 0.00 0.00 0.00 5.50
2950.00 4.50 0.00 0.00 0.00 0.00 6.05
2960.00 6.13 0.00 0.13 0.00 0.00 6.95
2970.00 12.75 0.00 0.00 0.00 0.00 9.20
2980.00 14.13 0.00 0.00 0.00 0.00 10.40
2990.00 4.50 0.00 0.00 0.00 0.00 6.00
3000.00 7.88 0.00 0.00 0.00 0.00 7.30
3010.00 6.88 0.00 0.00 0.00 0.00 6.70
3020.00 13.13 0.00 0.00 0.00 0.00 9.25
3030.00 8.13 0.00 0.00 0.00 0.00 8.20
3040.00 4.75 0.00 0.00 0.00 0.00 5.70
3050.00 14.25 0.00 0.00 0.00 0.00 10.45
3060.00 6.75 0.00 0.00 0.00 0.00 6.25
3070.00 7.00 0.00 0.00 0.00 0.00 7.30
3080.00 12.00 0.00 0.00 0.00 0.00 8.90
3090.00 6.63 0.00 0.00 0.00 0.00 7.25
3100.00 10.00 0.00 0.00 0.00 0.00 8.10
3110.00 4.50 0.00 0.00 0.00 0.00 5.85
3120.00 4.88 0.00 0.00 0.00 0.00 6.25
3130.00 12.75 0.00 0.00 0.00 0.00 9.65
3140.00 5.50 0.00 0.00 0.00 0.00 6.45
3150.00 5.25 0.00 0.00 0.00 0.00 5.85
3160.00 9.25 0.00 0.00 0.00 0.00 8.35
3170.00 12.63 0.00 0.00 0.00 0.00 9.50
3180.00 10.38 0.00 0.00 0.00 0.00 8.10
3190.00 8.00 0.00 0.00 0.00 0.00 7.55
3200.00 8.13 0.00 0.00 0.00 0.00 7.85
3210.00 10.63 0.00 0.00 0.00 0.00 8.55
3220.00 8.00 0.00 0.00 0.00 0.00 7.40
3230.00 5.00 0.00 0.00 0.00 0.00 6.10
3240.00 8.00 0.00 0.00 0.00 0.00 7.30
3250.00 10.38 0.00 0.00 0.00 0.00 8.55
3260.00 9.00 0.00 0.00 0.00 0.00 7.65
3270.00 10.88 0.00 0.00 0.00 0.00 9.05
3280.00 9.38 0.00 0.00 0.00 0.00 8.00
3290.00 7.50 0.00 0.00 0.00 0.00 7.35
3300.00 4.00 0.00 0.00 0.00 0.00 5.75
3310.00 4.25 0.00 0.00 0.00 0.00 5.25
3320.00 11.63 0.00 0.00 0.00 0.00 9.25
3330.00 8.13 0.00 0.00 0.00 0.00 7.65
3340.00 7.25 0.00 0.00 0.00 0.00 7.00
3350.00 7.63 0.00 0.00 0.00 0.00 7.70
3360.00 5.88 0.00 0.00 0.00 0.00 6.20
3370.00 5.63 0.00 0.00 0.00 0.00 6.25
3380.00 16.13 0.00 0.00 0.00 0.00 11.00
3390.00 7.38 0.00 0.00 0.00 0.00 7.40
3400.00 8.75 0.00 0.00 0.00 0.00 7.85
3410.00 4.75 0.00 0.00 0.00 0.00 5.80
3420.00 10.25 0.00 0.00 0.00 0.00 9.25
3430.00 8.25 0.00 0.00 0.00 0.00 7.45
3440.00 8.13 0.00 0.00 0.00 0.00 7.65
3450.00 14.25 0.00 0.00 0.00 0.00 10.10
3460.00 3.88 0.00 0.00 0.00 0.00 5.45
3470.00 7.63 0.00 0.00 0.00 0.00 7.55
3480.00 8.75 0.00 0.00 0.00 0.00 7.60
3490.00 8.88 0.00 0.00 0.00 0.00 7.50
3500.00 8.25 0.00 0.00 0.00 0.00 7.65
3510.00 10.88 0.00 0.00 0.00 0.00 8.75
3520.00 4.63 0.00 0.00 0.00 0.00 6.35
3530.00 7.25 0.00 0.00 0.00 0.00 7.05
3540.00 8.13 0.00 0.00 0.00 0.00 7.35
3550.00 4.00 0.00 0.00 0.00 0.00 5.70
3560.00 9.75 0.00 0.00 0.00 0.00 8.75
3570.00 10.63 0.00 0.00 0.00 0.00 8.20
3580.00 8.38 0.00 0.00 0.00 0.00 7.85
3590.00 14.63 0.00 0.00 0.00 0.00 9.85
3600.00 9.38 0.00 0.00 0.00 0.00 8.40
3610.00 9.88 0.00 0.00 0.00 0.00 8.25
3620.00 10.50 0.00 0.00 0.00 0.00 8.50
3630.00 5.63 0.00 0.00 0.00 0.00 6.20
3640.00 7.50 0.00 0.00 0.00 0.00 7.35
3650.00 4.38 0.00 0.00 0.00 0.00 6.05
3660.00 8.88 0.00 0.00 0.00 0.00 7.85
3670.00 10.50 0.00 0.00 0.00 0.00 8.25
3680.00 10.75 0.00 0.00 0.00 0.00 9.05
3690.00 3.38 0.00 0.00 0.00 0.00 5.10
3700.00 11.63 0.00 0.00 0.00 0.00 9.20
3710.00 12.25 0.00 0.00 0.00 0.00 9.30
3720.00 4.63 0.00 0.00 0.00 0.00 6.00
3730.00 6.63 0.00 0.00 0.00 0.00 6.80
3740.00 8.50 0.00 0.00 0.00 0.00 7.55
3750.00 8.00 0.00 0.00 0.00 0.00 7.60
3760.00 7.38 0.00 0.00 0.00 0.00 6.65
3770.00 5.25 0.00 0.00 0.00 0.00 7.00
3780.00 7.25 0.00 0.00 0.00 0.00 7.25
3790.00 8.63 0.00 0.00 0.00 0.00 7.50
3800.00 10.75 0.00 0.00 0.00 0.00 8.70
3810.00 6.25 0.00 0.00 0.00 0.00 6.70
3820.00 6.75 0.00 0.00 0.00 0.00 7.10
3830.00 13.25 0.00 0.00 0.00 0.00 9.70
3840.00 5.88 0.00 0.00 0.00 0.00 6.45
3850.00 7.25 0.00 0.00 0.00 0.00 7.35
3860.00 19.00 0.00 0.00 0.00 0.00 12.45
3870.00 5.75 0.00 0.00 0.00 0.00 6.20
3880.00 4.63 0.00 0.00 0.00 0.00 5.95
3890.00 8.25 0.00 0.00 0.00 0.00 7.45
3900.00 8.88 0.00 0.00 0.00 0.00 8.10
3910.00 8.88 0.00 0.00 0.00 0.00 7.95
3920.00 3.63 0.00 0.00 0.00 0.00 5.25
3930.00 5.00 0.00 0.00 0.00 0.00 6.40
3940.00 5.63 0.00 0.00 0.00 0.00 6.25
3950.00 19.00 0.00 0.00 0.00 0.00 11.90
3960.00 19.75 0.00 0.00 0.00 0.00 12.95
3970.00 5.38 0.00 0.00 0.00 0.00 6.05
3980.00 5.75 0.00 0.00 0.00 0.00 6.20
3990.00 7.75 0.00 0.00 0.00 0.00 7.35
4000.00 5.38 0.00 0.00 0.00 0.00 6.35
