10.00 0.50 0.63 0.25 0.25 0.50 5.05
20.00 0.38 0.38 0.63 0.00 0.75 5.25
30.00 1.25 0.38 0.13 0.25 0.63 5.30
40.00 0.50 0.38 0.00 0.63 0.50 5.00
50.00 0.25 0.50 0.75 0.63 0.50 5.15
60.00 0.50 0.50 0.38 0.25 0.38 5.00
70.00 0.38 0.75 0.13 0.63 0.63 5.40
80.00 0.50 0.25 0.38 0.50 0.38 4.95
90.00 0.63 0.38 0.25 0.13 0.75 5.05
100.00 0.50 0.25 0.63 0.88 0.63 5.40
110.00 0.38 0.13 0.75 0.25 0.00 4.65
120.00 0.13 1.00 0.75 0.25 0.75 5.15
130.00 0.25 0.75 1.38 0.25 0.63 5.35
140.00 0.38 0.38 0.50 0.50 0.50 4.90
150.00 0.63 0.50 0.25 0.25 0.75 5.45
160.00 0.88 0.00 1.00 0.75 0.38 5.20
170.00 0.25 0.50 0.63 0.38 0.25 5.00
180.00 1.13 0.63 0.63 0.00 0.38 5.35
190.00 0.75 0.25 0.38 0.38 0.25 5.10
200.00 0.38 0.63 0.50 0.50 0.38 5.00
210.00 1.13 0.13 0.25 0.50 0.38 5.20
220.00 0.25 0.50 0.63 0.88 0.38 5.15
230.00 0.13 0.75 0.25 0.38 1.00 5.20
240.00 0.38 0.88 0.38 0.25 0.38 4.80
250.00 0.25 0.38 0.25 0.25 0.88 5.30
260.00 0.88 0.38 0.25 0.25 0.63 5.10
270.00 0.63 0.38 0.38 0.50 0.75 5.40
280.00 0.50 0.38 0.50 0.38 0.75 5.15
290.00 1.00 0.63 0.75 0.25 0.13 4.90
300.00 0.88 0.75 0.63 0.63 0.38 5.20
310.00 1.00 0.25 0.25 1.13 0.50 5.20
320.00 0.50 0.25 0.13 0.63 0.88 5.20
330.00 0.25 0.13 0.50 0.50 0.38 5.20
340.00 0.00 0.13 0.38 1.00 0.63 5.20
350.00 0.63 0.38 0.63 0.25 0.88 5.00
360.00 0.63 0.25 0.00 0.38 0.50 4.90
370.00 0.13 0.13 0.25 0.75 2.13 5.40
380.00 0.00 0.00 0.38 0.50 0.63 5.00
390.00 0.25 0.38 0.38 0.13 1.00 5.50
400.00 0.50 0.38 0.75 0.50 0.63 5.30
410.00 0.38 0.50 0.38 0.50 0.75 4.80
420.00 0.63 0.13 0.25 0.38 0.63 5.05
430.00 0.25 0.50 0.00 0.25 0.63 5.20
440.00 0.38 0.38 0.88 0.38 0.25 5.00
450.00 0.63 0.50 0.75 0.25 0.63 5.20
460.00 0.38 0.75 0.50 0.13 0.38 5.10
470.00 0.50 0.00 0.50 0.63 0.50 5.20
480.00 0.13 0.13 1.13 0.38 0.25 5.05
490.00 0.25 0.25 0.00 0.50 0.38 5.00
500.00 0.13 0.13 0.88 0.50 0.63 5.20
510.00 0.50 0.13 1.00 0.75 0.50 5.40
520.00 0.38 0.25 0.38 0.25 0.38 5.30
530.00 0.38 0.50 0.63 0.63 0.75 5.20
540.00 0.38 1.13 0.63 0.00 0.25 5.10
550.00 0.25 0.38 0.88 0.50 0.63 5.15
560.00 0.50 0.50 0.63 0.50 0.13 4.90
570.00 0.63 0.38 0.13 0.50 0.63 5.20
580.00 0.50 1.00 0.25 0.50 0.50 5.00
590.00 0.25 0.50 0.75 0.63 0.38 5.35
600.00 0.38 1.38 0.50 0.63 0.13 5.10
610.00 0.25 0.25 0.63 0.75 0.88 5.30
620.00 0.38 0.00 0.38 0.50 1.00 5.05
630.00 0.25 0.25 0.63 0.00 0.75 5.40
640.00 0.25 0.63 1.00 0.88 0.25 5.15
650.00 0.38 0.50 0.25 0.50 0.13 4.85
660.00 0.63 0.50 0.50 0.38 0.75 5.20
670.00 0.50 0.50 0.88 0.50 0.63 5.00
680.00 0.88 0.25 0.38 0.25 0.50 5.20
690.00 0.25 0.50 0.38 0.00 0.63 5.10
700.00 0.25 0.75 0.50 0.13 0.88 5.20
710.00 0.50 0.63 0.25 0.38 0.13 4.90
720.00 0.63 0.63 0.25 0.38 0.38 5.40
730.00 0.50 0.63 0.38 0.63 0.88 5.35
740.00 1.00 0.50 0.00 0.25 0.38 5.05
750.00 0.63 0.75 0.75 0.25 0.13 5.25
760.00 0.13 0.63 0.38 0.63 0.13 4.70
770.00 0.13 0.38 0.38 0.38 1.00 5.45
780.00 0.50 0.50 0.13 0.38 0.50 5.00
790.00 1.13 0.38 0.38 0.00 0.25 4.80
800.00 0.63 0.63 0.50 0.00 0.63 5.85
810.00 0.38 0.50 0.25 0.25 0.63 4.85
820.00 0.75 0.50 0.38 0.38 0.50 5.05
830.00 0.38 0.88 0.50 0.25 0.50 5.35
840.00 0.50 0.63 0.50 0.25 0.63 4.95
850.00 0.25 0.63 1.00 0.00 0.63 5.35
860.00 0.50 0.38 0.50 0.50 0.38 5.10
870.00 0.50 0.38 0.25 0.75 0.75 5.35
880.00 0.63 0.50 0.50 0.38 0.13 5.15
890.00 0.13 0.38 0.50 0.75 0.50 4.85
900.00 0.25 1.13 0.25 0.38 0.75 5.10
910.00 0.38 0.25 0.88 0.25 0.75 5.20
920.00 0.75 0.50 0.25 0.88 0.13 5.20
930.00 0.50 0.25 0.50 0.50 0.38 5.20
940.00 1.13 0.25 0.50 0.13 0.38 5.35
950.00 0.25 0.25 0.13 0.13 0.38 5.00
960.00 0.50 0.50 0.63 0.50 0.75 5.35
970.00 0.13 0.25 0.25 0.88 0.88 5.15
980.00 0.00 0.38 0.88 0.75 0.50 5.00
990.00 0.50 0.38 0.50 0.50 0.25 5.15
1000.00 0.25 0.13 1.00 0.25 0.63 5.00
1010.00 5.13 0.25 0.25 0.13 0.63 6.40
1020.00 16.00 0.00 0.00 0.00 0.00 9.15
1030.00 17.50 0.00 0.00 0.00 0.00 9.60
1040.00 20.63 0.00 0.00 0.00 0.00 10.60
1050.00 17.38 0.00 0.00 0.00 0.00 9.80
1060.00 17.00 0.00 0.00 0.00 0.00 9.55
1070.00 19.50 0.00 0.00 0.00 0.00 9.85
1080.00 17.25 0.00 0.00 0.00 0.00 10.20
1090.00 19.63 0.00 0.00 0.00 0.00 10.20
1100.00 18.13 0.00 0.00 0.00 0.00 9.25
1110.00 16.63 0.00 0.00 0.00 0.00 9.50
1120.00 17.88 0.00 0.00 0.00 0.00 9.90
1130.00 15.38 0.00 0.00 0.00 0.00 8.90
1140.00 17.88 0.00 0.00 0.00 0.00 9.75
1150.00 14.50 0.00 0.00 0.00 0.00 8.45
1160.00 16.50 0.00 0.00 0.00 0.00 9.50
1170.00 14.50 0.00 0.00 0.00 0.00 8.50
1180.00 14.63 0.00 0.00 0.00 0.00 8.90
1190.00 14.63 0.00 0.00 0.00 0.00 8.30
1200.00 10.38 0.00 0.00 0.00 0.00 7.65
1210.00 2.88 0.00 0.00 0.00 0.00 4.70
1220.00 3.25 0.00 0.00 0.00 0.00 5.35
1230.00 2.63 0.00 0.00 0.25 0.25 4.85
1240.00 2.38 0.25 0.25 0.13 0.25 5.25
1250.00 3.50 0.25 0.13 0.00 0.00 5.35
1260.00 1.88 0.13 0.13 0.00 0.38 5.15
1270.00 2.50 0.63 0.25 0.00 0.13 5.35
1280.00 1.63 0.25 0.38 0.63 0.13 5.05
1290.00 1.50 0.00 0.50 0.38 0.75 5.35
1300.00 0.38 0.38 0.38 0.13 0.63 4.95
1310.00 1.25 0.13 0.50 0.38 0.63 5.40
1320.00 0.75 0.25 0.63 0.25 0.25 5.20
1330.00 0.88 0.13 0.63 0.25 0.38 4.95
1340.00 0.25 0.25 0.50 0.38 0.63 5.35
1350.00 0.63 0.38 0.63 0.88 0.38 5.20
1360.00 0.00 0.38 0.63 0.38 0.25 4.95
1370.00 0.50 0.13 0.25 0.88 0.13 5.25
1380.00 0.38 0.00 0.38 0.38 0.63 4.80
1390.00 0.63 0.25 0.25 0.25 0.13 5.25
1400.00 0.63 0.50 0.25 0.00 0.63 5.00
1410.00 0.38 0.50 0.13 0.50 0.63 5.50
1420.00 0.50 0.00 0.63 0.50 0.63 4.90
1430.00 0.25 0.25 0.00 1.00 0.38 5.15
1440.00 0.63 0.38 0.88 0.13 0.38 5.40
1450.00 0.50 0.00 1.38 0.38 0.25 5.10
1460.00 0.00 0.38 0.63 0.25 0.50 5.10
1470.00 0.50 0.25 0.38 0.25 1.00 5.30
1480.00 0.38 0.25 0.75 0.25 1.00 5.25
1490.00 0.38 1.00 0.38 0.63 0.13 5.15
1500.00 0.00 0.13 1.13 0.75 0.75 4.85
1510.00 0.13 0.63 0.38 0.25 0.50 5.40
1520.00 0.25 0.13 0.50 0.38 1.00 4.70
1530.00 0.38 0.38 0.38 0.63 0.50 5.45
1540.00 0.38 0.63 0.63 0.38 0.38 5.20
1550.00 0.13 0.63 0.50 0.38 0.63 5.10
1560.00 0.13 0.00 0.50 0.25 0.75 5.00
1570.00 0.88 0.75 0.38 0.50 0.63 5.40
1580.00 0.38 0.50 0.13 0.25 0.38 5.00
1590.00 0.75 0.50 0.00 0.50 0.38 4.90
1600.00 2.00 0.38 0.13 0.38 0.38 5.60
1610.00 0.50 0.13 0.00 0.50 0.63 5.10
1620.00 1.13 0.25 0.50 0.38 0.38 5.20
1630.00 1.38 0.00 0.25 0.75 0.38 5.20
1640.00 5.13 0.00 0.13 0.25 0.38 6.05
1650.00 110.25 0.00 0.13 0.13 0.00 39.30
1660.00 2.25 0.00 0.00 0.00 0.00 4.10
1670.00 5.25 0.00 0.00 0.00 0.00 5.50
1680.00 4.75 0.00 0.00 0.00 0.00 5.50
1690.00 4.13 0.00 0.00 0.00 0.00 5.15
1700.00 4.38 0.13 0.00 0.00 0.00 5.35
1710.00 4.25 0.13 0.13 0.00 0.00 5.70
1720.00 3.38 0.00 0.13 0.00 0.13 5.40
1730.00 1.88 0.13 0.13 0.25 0.25 4.90
1740.00 1.38 0.25 0.13 0.13 0.50 5.15
1750.00 1.63 0.25 0.00 0.38 0.38 5.05
1760.00 1.50 0.13 0.13 0.13 0.38 5.05
1770.00 0.75 0.13 0.38 0.25 1.13 5.55
1780.00 0.88 0.25 0.38 0.50 0.75 5.15
1790.00 0.63 0.00 0.38 1.00 0.63 5.25
1800.00 0.75 0.50 0.25 0.50 0.13 4.85
1810.00 0.50 0.63 0.75 1.13 0.13 5.30
1820.00 0.63 0.38 0.75 1.00 0.00 5.30
1830.00 0.13 0.50 0.13 0.75 0.50 5.30
1840.00 0.25 0.75 0.25 0.88 0.88 5.05
1850.00 0.38 0.00 0.25 1.00 1.13 5.35
1860.00 0.00 0.38 0.75 0.63 0.75 5.00
1870.00 0.50 0.75 0.38 0.63 0.13 5.35
1880.00 0.13 1.13 0.25 0.50 0.13 5.20
1890.00 0.13 0.38 0.13 0.38 0.63 4.95
1900.00 0.50 0.13 0.38 0.50 0.88 4.80
1910.00 0.25 0.50 0.38 0.25 1.13 5.50
1920.00 0.00 0.75 0.88 0.13 0.25 5.00
1930.00 0.63 0.38 0.38 0.50 0.63 5.25
1940.00 0.63 0.13 0.63 0.38 0.50 5.00
1950.00 0.38 0.50 0.88 0.38 0.63 5.20
1960.00 1.13 0.13 0.63 0.75 0.25 5.00
1970.00 0.38 0.25 0.38 0.13 0.50 5.30
1980.00 0.38 0.25 0.88 0.75 0.88 5.20
1990.00 0.63 0.63 0.13 0.63 0.25 5.10
2000.00 0.50 0.25 0.25 0.50 0.38 4.95
2010.00 1.13 0.63 0.25 1.13 0.38 5.55
2020.00 0.63 0.63 0.13 0.75 0.13 5.10
2030.00 1.00 0.13 0.50 0.25 0.25 5.05
2040.00 0.63 0.63 0.25 0.38 0.50 5.10
2050.00 0.13 1.00 0.50 0.25 0.75 5.25
2060.00 0.00 0.88 0.13 0.75 0.38 5.15
2070.00 0.38 0.25 0.13 0.25 0.38 5.20
2080.00 0.50 0.00 0.38 1.25 0.38 5.25
2090.00 0.50 0.38 0.13 0.50 0.25 5.00
2100.00 0.50 0.38 0.88 0.63 0.38 5.35
2110.00 1.00 0.38 1.13 0.13 0.50 5.45
2120.00 1.38 0.38 0.25 0.50 0.50 5.30
2130.00 1.63 0.38 0.25 0.38 0.50 5.15
2140.00 7.75 0.00 0.38 0.13 0.38 6.65
2150.00 108.25 0.00 0.00 0.00 0.00 38.85
2160.00 3.00 0.00 0.00 0.00 0.00 4.45
2170.00 3.75 0.00 0.00 0.00 0.00 5.00
2180.00 2.88 0.00 0.00 0.00 0.00 4.85
2190.00 2.75 0.00 0.00 0.00 0.00 4.95
2200.00 6.63 0.13 0.00 0.00 0.00 5.80
2210.00 4.38 0.00 0.13 0.00 0.00 5.55
2220.00 3.38 0.13 0.13 0.13 0.00 5.30
2230.00 2.25 0.13 0.13 0.00 0.00 5.05
2240.00 2.63 0.13 0.38 0.25 0.13 5.30
2250.00 2.75 0.00 0.50 0.50 0.00 5.65
2260.00 2.13 0.13 0.25 0.50 0.00 5.15
2270.00 1.00 0.50 0.38 0.38 0.25 5.15
2280.00 0.50 0.38 0.88 0.38 0.38 5.15
2290.00 0.38 0.38 0.50 0.75 0.38 5.20
2300.00 0.88 0.38 0.38 0.25 0.25 5.10
2310.00 1.00 0.13 0.88 0.50 0.38 5.15
2320.00 0.50 0.13 0.75 0.13 0.88 5.20
2330.00 0.50 0.38 0.50 0.63 0.13 5.30
2340.00 0.50 0.50 0.13 0.63 0.38 4.65
2350.00 0.63 0.13 0.13 1.13 1.25 5.55
2360.00 1.00 0.63 0.25 0.25 0.25 5.30
2370.00 1.63 0.13 0.38 0.13 0.63 5.20
2380.00 3.88 0.25 0.50 0.25 0.13 5.95
2390.00 58.13 0.13 0.13 0.00 0.13 19.05
2400.00 43.63 0.00 0.00 0.00 0.00 21.20
2410.00 4.50 0.00 0.00 0.00 0.00 5.35
2420.00 3.50 0.00 0.00 0.00 0.00 4.90
2430.00 4.63 0.00 0.00 0.00 0.00 5.40
2440.00 4.00 0.00 0.00 0.00 0.00 5.30
2450.00 3.63 0.00 0.13 0.00 0.13 5.05
2460.00 2.25 0.13 0.25 0.38 0.00 5.25
2470.00 1.00 0.00 0.13 0.25 0.38 4.90
2480.00 1.50 0.25 0.63 0.25 0.25 5.10
2490.00 1.00 0.13 0.13 0.50 0.25 5.25
2500.00 1.50 0.38 0.38 0.38 0.25 5.25
2510.00 1.50 0.38 0.88 0.13 0.13 5.05
2520.00 2.00 0.25 0.13 0.25 0.25 5.45
2530.00 2.13 0.50 0.00 0.00 0.25 5.20
2540.00 2.38 0.13 0.25 0.00 0.38 5.15
2550.00 1.63 1.00 0.38 0.63 0.38 5.65
2560.00 1.13 0.63 0.25 0.25 0.75 4.85
2570.00 1.88 0.75 0.50 0.00 0.25 5.25
2580.00 1.25 0.13 0.38 0.38 0.38 5.45
2590.00 1.88 0.88 0.00 0.25 0.00 5.05
2600.00 3.63 0.63 0.00 0.00 0.00 5.90
2610.00 20.63 0.13 0.00 0.00 0.00 10.20
2620.00 60.88 0.00 0.00 0.00 0.00 24.05
2630.00 5.50 0.00 0.00 0.00 0.00 5.70
2640.00 2.88 0.00 0.00 0.00 0.00 4.70
2650.00 6.25 0.00 0.00 0.00 0.00 6.00
2660.00 2.75 0.00 0.00 0.00 0.00 4.90
2670.00 4.63 0.00 0.00 0.00 0.13 5.35
2680.00 5.25 0.25 0.00 0.13 0.00 6.05
2690.00 3.63 0.25 0.00 0.00 0.00 5.35
2700.00 3.25 0.13 0.38 0.13 0.38 5.05
2710.00 3.63 0.13 0.13 0.13 0.13 5.60
2720.00 6.50 0.00 0.13 0.38 0.13 6.25
2730.00 6.88 0.00 0.00 0.00 0.13 6.25
2740.00 7.88 0.00 0.13 0.00 0.00 6.60
2750.00 7.13 0.00 0.00 0.00 0.00 6.35
2760.00 5.00 0.00 0.00 0.00 0.00 5.80
2770.00 8.75 0.00 0.00 0.13 0.00 6.80
2780.00 4.88 0.00 0.00 0.00 0.00 5.45
2790.00 10.75 0.00 0.00 0.00 0.00 7.55
2800.00 10.25 0.00 0.00 0.00 0.00 7.30
2810.00 9.75 0.00 0.00 0.00 0.00 7.20
2820.00 6.63 0.00 0.00 0.00 0.00 5.95
2830.00 12.00 0.00 0.00 0.00 0.13 7.55
2840.00 9.75 0.00 0.00 0.00 0.00 7.20
2850.00 12.75 0.00 0.00 0.00 0.00 8.15
2860.00 7.00 0.00 0.00 0.00 0.00 6.45
2870.00 4.00 0.00 0.00 0.00 0.00 5.10
2880.00 7.75 0.00 0.00 0.00 0.00 6.55
2890.00 5.88 0.00 0.00 0.00 0.00 5.90
2900.00 4.50 0.00 0.00 0.00 0.00 5.30
2910.00 8.50 0.13 0.00 0.13 0.00 6.60
2920.00 9.38 0.13 0.00 0.00 0.00 7.10
2930.00 5.75 0.00 0.00 0.00 0.00 5.75
2940.00 6.13 0.00 0.00 0.00 0.00 5.85
2950.00 7.50 0.00 0.00 0.00 0.00 6.55
2960.00 10.00 0.00 0.00 0.00 0.00 7.10
2970.00 7.25 0.00 0.00 0.00 0.00 6.25
2980.00 5.13 0.00 0.00 0.00 0.00 5.80
2990.00 10.63 0.00 0.00 0.00 0.00 7.25
3000.00 6.38 0.00 0.00 0.00 0.00 6.30
3010.00 5.75 0.00 0.00 0.00 0.00 5.95
3020.00 9.00 0.00 0.00 0.00 0.00 6.65
3030.00 13.50 0.00 0.00 0.00 0.00 7.95
3040.00 6.38 0.00 0.00 0.00 0.00 6.25
3050.00 6.75 0.00 0.00 0.00 0.00 5.85
3060.00 7.50 0.00 0.00 0.00 0.00 6.60
3070.00 10.63 0.00 0.00 0.00 0.00 7.80
3080.00 4.88 0.00 0.00 0.00 0.00 5.25
3090.00 5.88 0.00 0.00 0.00 0.00 6.05
3100.00 12.75 0.00 0.00 0.13 0.00 8.00
3110.00 6.38 0.00 0.00 0.00 0.00 6.10
3120.00 5.50 0.00 0.00 0.00 0.00 5.85
3130.00 9.88 0.00 0.00 0.00 0.00 7.00
3140.00 10.88 0.00 0.00 0.00 0.00 7.50
3150.00 8.25 0.00 0.00 0.00 0.13 6.90
3160.00 5.13 0.00 0.00 0.00 0.00 5.60
3170.00 6.75 0.00 0.13 0.00 0.00 5.80
3180.00 14.38 0.00 0.00 0.00 0.00 8.55
3190.00 7.63 0.00 0.00 0.00 0.00 6.80
3200.00 5.13 0.13 0.00 0.00 0.00 5.50
3210.00 6.50 0.00 0.00 0.00 0.00 5.95
3220.00 3.88 0.00 0.00 0.00 0.00 5.35
3230.00 5.50 0.13 0.13 0.00 0.00 6.05
3240.00 6.25 0.00 0.00 0.13 0.00 5.75
3250.00 5.50 0.00 0.00 0.00 0.00 5.95
3260.00 11.38 0.00 0.00 0.00 0.00 7.45
3270.00 8.00 0.00 0.00 0.00 0.00 6.85
3280.00 8.63 0.00 0.00 0.00 0.00 6.55
3290.00 5.75 0.00 0.00 0.00 0.00 6.10
3300.00 6.13 0.00 0.00 0.00 0.00 5.75
3310.00 8.75 0.13 0.00 0.00 0.00 6.80
3320.00 10.63 0.00 0.00 0.00 0.00 7.70
3330.00 4.75 0.00 0.00 0.00 0.00 5.25
3340.00 7.38 0.00 0.00 0.00 0.00 6.70
3350.00 8.25 0.13 0.00 0.00 0.00 6.40
3360.00 14.00 0.00 0.00 0.00 0.00 8.60
3370.00 5.00 0.00 0.00 0.00 0.00 5.75
3380.00 7.13 0.00 0.00 0.00 0.00 6.25
3390.00 7.00 0.00 0.00 0.00 0.00 6.00
3400.00 11.88 0.00 0.00 0.00 0.00 8.05
3410.00 7.25 0.00 0.00 0.00 0.00 6.45
3420.00 5.00 0.00 0.00 0.00 0.00 5.45
3430.00 7.50 0.00 0.00 0.00 0.00 6.55
3440.00 12.13 0.00 0.00 0.00 0.00 7.55
3450.00 9.38 0.00 0.00 0.00 0.00 7.70
3460.00 8.75 0.00 0.00 0.00 0.00 6.30
3470.00 7.63 0.00 0.00 0.00 0.00 6.50
3480.00 5.88 0.00 0.00 0.00 0.00 5.85
3490.00 7.50 0.00 0.25 0.00 0.00 6.15
3500.00 8.25 0.00 0.00 0.00 0.00 6.90
3510.00 9.25 0.00 0.00 0.00 0.00 6.90
3520.00 8.00 0.00 0.00 0.00 0.00 6.85
3530.00 8.88 0.00 0.00 0.00 0.00 6.60
3540.00 6.38 0.00 0.00 0.00 0.00 6.10
3550.00 9.00 0.00 0.00 0.00 0.00 6.85
3560.00 4.88 0.00 0.00 0.00 0.00 5.60
3570.00 9.00 0.00 0.00 0.00 0.00 6.80
3580.00 8.00 0.13 0.00 0.00 0.00 6.40
3590.00 11.25 0.00 0.00 0.00 0.00 7.90
3600.00 4.25 0.00 0.00 0.00 0.00 5.45
3610.00 6.88 0.00 0.00 0.00 0.00 6.20
3620.00 6.13 0.00 0.00 0.00 0.00 6.20
3630.00 7.50 0.00 0.00 0.13 0.00 6.10
3640.00 10.50 0.00 0.00 0.00 0.00 7.60
3650.00 8.63 0.00 0.00 0.00 0.00 7.05
3660.00 8.13 0.00 0.00 0.00 0.00 6.35
3670.00 8.38 0.00 0.00 0.13 0.00 6.80
3680.00 7.38 0.00 0.00 0.00 0.00 6.30
3690.00 5.88 0.13 0.00 0.00 0.00 5.80
3700.00 11.13 0.00 0.00 0.00 0.00 7.65
3710.00 8.00 0.00 0.00 0.00 0.00 6.40
3720.00 6.63 0.00 0.00 0.00 0.00 6.00
3730.00 4.50 0.00 0.00 0.13 0.00 5.35
3740.00 4.50 0.00 0.13 0.00 0.00 5.95
3750.00 8.13 0.25 0.13 0.00 0.00 6.25
3760.00 5.63 0.00 0.00 0.00 0.00 6.25
3770.00 3.38 0.00 0.13 0.00 0.00 5.00
3780.00 7.63 0.25 0.00 0.13 0.13 6.40
3790.00 14.75 0.00 0.00 0.00 0.00 8.70
3800.00 12.38 0.00 0.00 0.00 0.00 8.35
3810.00 6.38 0.00 0.00 0.00 0.00 6.00
3820.00 7.50 0.00 0.00 0.00 0.00 6.35
3830.00 6.38 0.00 0.00 0.00 0.00 6.15
3840.00 5.25 0.00 0.00 0.00 0.00 5.65
3850.00 9.13 0.00 0.00 0.00 0.25 6.95
3860.00 10.00 0.13 0.00 0.00 0.00 6.90
3870.00 7.25 0.00 0.00 0.00 0.00 6.55
3880.00 6.13 0.00 0.00 0.00 0.00 5.75
3890.00 14.75 0.00 0.00 0.00 0.00 8.75
3900.00 4.25 0.00 0.00 0.00 0.00 5.20
3910.00 11.00 0.00 0.00 0.00 0.00 7.80
3920.00 7.50 0.00 0.00 0.00 0.00 6.45
3930.00 7.38 0.00 0.00 0.13 0.00 6.55
3940.00 5.50 0.00 0.00 0.00 0.00 5.35
3950.00 9.50 0.00 0.13 0.00 0.00 7.30
3960.00 4.88 0.00 0.00 0.00 0.00 5.45
3970.00 4.50 0.13 0.00 0.00 0.00 5.50
3980.00 7.75 0.13 0.13 0.00 0.00 6.35
3990.00 6.38 0.00 0.25 0.00 0.00 6.10
4000.00 10.63 0.00 0.00 0.00 0.00 7.75
