10.00 0.13 1.00 0.63 0.38 0.00 5.20
20.00 0.50 0.50 0.50 0.38 0.50 5.30
30.00 0.75 0.13 0.13 0.25 0.00 5.20
40.00 1.00 0.13 0.13 0.13 0.25 5.35
50.00 0.75 0.13 0.38 0.25 0.38 5.50
60.00 0.50 0.38 0.38 0.63 0.25 5.15
70.00 0.38 0.25 0.00 0.38 0.75 5.25
80.00 0.75 0.25 0.13 0.00 0.38 5.10
90.00 0.75 0.13 0.00 0.75 0.75 5.35
100.00 0.38 0.50 0.50 0.25 0.63 5.35
110.00 0.38 0.75 0.13 0.25 0.50 5.10
120.00 0.13 0.38 0.38 0.38 0.25 5.20
130.00 0.13 0.00 0.50 0.25 1.13 5.30
140.00 0.00 0.50 0.13 0.25 0.75 5.25
150.00 0.50 0.13 0.13 0.38 0.25 5.40
160.00 0.25 0.38 0.38 1.25 0.13 5.15
170.00 0.13 0.13 0.38 0.13 0.25 5.05
180.00 0.13 0.63 0.50 0.25 0.13 5.00
190.00 0.13 0.63 0.00 1.25 0.25 5.55
200.00 0.00 0.25 0.13 0.75 0.75 5.40
210.00 0.13 0.25 0.13 0.38 0.50 5.10
220.00 0.13 0.38 0.13 0.13 0.25 5.10
230.00 0.13 1.00 0.25 0.25 0.25 5.00
240.00 0.00 0.25 1.13 0.75 0.38 5.50
250.00 0.13 0.50 0.13 0.25 0.50 5.10
260.00 0.13 0.63 0.38 0.38 0.50 5.30
270.00 0.13 0.50 0.38 0.63 0.13 5.15
280.00 0.25 0.38 0.25 0.25 0.50 5.05
290.00 0.13 0.13 0.00 0.13 0.63 5.40
300.00 0.25 0.38 0.25 0.13 0.38 5.15
310.00 0.50 0.25 0.50 0.25 0.13 5.30
320.00 0.25 0.25 0.75 0.00 0.38 5.10
330.00 0.25 0.13 0.50 0.13 0.63 5.05
340.00 0.75 0.50 0.00 0.25 0.88 5.45
350.00 0.13 0.38 0.00 0.38 0.13 5.20
360.00 0.38 0.50 0.25 0.25 0.13 4.95
370.00 0.25 0.63 0.38 0.38 0.25 5.45
380.00 0.63 0.13 0.25 0.25 0.63 5.30
390.00 0.50 0.38 0.38 0.13 0.00 5.20
400.00 0.13 0.13 0.00 0.63 0.25 4.80
410.00 0.38 0.63 0.50 0.25 0.25 5.40
420.00 0.50 0.13 0.13 0.25 0.25 4.85
430.00 0.38 0.88 0.13 0.00 0.13 5.45
440.00 0.13 0.88 0.25 0.13 0.25 5.15
450.00 0.00 0.50 0.00 0.13 0.50 5.15
460.00 0.25 0.75 0.75 0.00 0.38 5.35
470.00 0.13 0.13 0.88 0.00 0.25 5.20
480.00 0.50 0.38 0.75 0.00 0.25 5.20
490.00 0.25 0.38 0.38 0.25 0.38 5.30
500.00 0.63 0.63 0.25 0.25 0.13 5.35
510.00 0.50 0.63 0.13 0.38 0.50 5.25
520.00 0.50 0.75 0.25 0.13 0.13 5.20
530.00 0.25 0.63 0.38 0.13 0.25 5.30
540.00 0.13 0.63 0.38 0.25 0.50 5.15
550.00 0.38 0.50 0.50 0.38 0.38 5.15
560.00 0.13 0.75 0.63 0.88 0.38 5.40
570.00 0.13 0.63 0.13 0.25 0.25 5.15
580.00 0.00 0.63 0.38 0.50 0.25 5.45
590.00 0.50 0.25 0.38 0.25 0.25 5.10
600.00 0.13 0.50 0.38 0.38 0.38 4.70
610.00 0.25 0.75 0.38 0.75 0.38 5.55
620.00 0.63 0.25 0.38 0.25 0.25 4.90
630.00 0.38 0.38 0.38 0.50 0.38 5.55
640.00 0.25 0.38 0.25 0.38 0.25 4.95
650.00 0.25 0.13 0.25 0.75 0.38 5.60
660.00 0.25 0.00 0.13 0.63 0.38 4.95
670.00 0.38 0.25 0.13 0.88 0.13 5.15
680.00 0.63 0.25 0.13 1.00 0.25 5.20
690.00 0.75 0.50 0.25 0.13 0.00 5.60
700.00 0.25 0.25 0.38 0.25 0.00 4.80
710.00 0.38 0.25 0.63 0.13 0.00 5.25
720.00 0.38 0.25 1.38 0.25 0.25 5.20
730.00 0.25 0.25 0.63 0.13 0.38 5.25
740.00 0.38 0.25 0.00 0.50 0.38 5.35
750.00 0.25 0.13 0.25 0.38 0.25 4.80
760.00 0.25 0.13 0.88 0.13 0.38 5.30
770.00 0.25 0.25 0.13 0.25 0.25 5.50
780.00 0.13 0.00 0.75 0.38 0.38 5.10
790.00 0.00 0.38 0.38 0.63 0.50 5.40
800.00 0.00 0.00 0.38 0.25 0.88 5.10
810.00 0.25 0.38 0.38 0.13 0.25 5.25
820.00 0.13 0.38 0.50 0.25 0.00 4.90
830.00 0.50 0.25 0.38 0.50 0.25 5.25
840.00 0.75 0.25 0.63 0.38 0.25 5.35
850.00 0.38 0.63 0.13 0.50 0.50 5.20
860.00 0.63 0.75 0.25 0.50 0.25 5.30
870.00 0.13 0.63 0.50 0.38 0.63 5.40
880.00 0.50 0.38 0.00 0.25 0.13 4.90
890.00 0.13 0.25 0.38 0.25 0.25 5.35
900.00 0.13 0.25 0.50 0.25 0.25 5.25
910.00 0.25 0.25 0.38 0.75 0.50 5.05
920.00 0.13 0.38 0.50 0.75 0.25 5.40
930.00 0.50 0.38 0.25 1.13 0.38 5.30
940.00 0.50 0.50 0.50 0.50 0.50 5.10
950.00 0.75 0.25 0.00 0.88 0.63 5.05
960.00 0.38 0.38 0.50 0.38 0.50 5.50
970.00 0.50 0.38 0.63 0.50 0.13 4.95
980.00 0.50 0.50 0.38 0.50 0.38 5.15
990.00 0.38 0.25 0.63 0.63 0.00 5.55
1000.00 0.38 0.25 0.13 0.50 0.25 4.80
1010.00 4.50 0.25 0.38 0.13 0.25 6.80
1020.00 11.75 0.00 0.00 0.00 0.13 9.30
1030.00 12.50 0.00 0.00 0.00 0.00 9.40
1040.00 15.38 0.00 0.00 0.00 0.00 10.40
1050.00 13.75 0.00 0.00 0.00 0.00 10.15
1060.00 14.25 0.00 0.00 0.00 0.00 9.80
1070.00 14.25 0.00 0.00 0.00 0.00 10.35
1080.00 14.88 0.00 0.00 0.00 0.00 10.25
1090.00 16.25 0.00 0.00 0.00 0.00 11.05
1100.00 15.88 0.00 0.00 0.00 0.00 10.75
1110.00 17.25 0.00 0.00 0.00 0.00 11.30
1120.00 15.63 0.00 0.00 0.00 0.00 10.95
1130.00 14.75 0.00 0.00 0.00 0.00 10.20
1140.00 14.00 0.00 0.00 0.00 0.00 10.10
1150.00 14.38 0.00 0.00 0.00 0.00 9.90
1160.00 15.25 0.00 0.00 0.00 0.00 10.15
1170.00 15.25 0.00 0.00 0.00 0.00 10.70
1180.00 14.38 0.00 0.00 0.00 0.00 10.00
1190.00 12.88 0.00 0.00 0.00 0.00 9.10
1200.00 10.25 0.00 0.00 0.00 0.00 8.75
1210.00 5.88 0.00 0.00 0.00 0.00 6.70
1220.00 4.13 0.00 0.00 0.00 0.00 5.70
1230.00 1.88 0.00 0.00 0.00 0.00 4.60
1240.00 4.00 0.00 0.00 0.00 0.13 5.45
1250.00 3.75 0.00 0.00 0.00 0.00 6.00
1260.00 2.88 0.00 0.13 0.00 0.13 5.30
1270.00 3.13 0.00 0.13 0.13 0.13 5.50
1280.00 3.38 0.13 0.00 0.00 0.00 5.70
1290.00 3.25 0.38 0.13 0.25 0.38 6.00
1300.00 2.75 0.13 0.13 0.00 0.13 5.15
1310.00 5.25 0.13 0.00 0.00 0.00 6.70
1320.00 6.38 0.00 0.00 0.00 0.13 7.25
1330.00 7.50 0.00 0.00 0.00 0.00 7.15
1340.00 8.00 0.00 0.00 0.00 0.00 7.30
1350.00 6.63 0.00 0.00 0.00 0.00 6.85
1360.00 8.38 0.00 0.00 0.00 0.00 7.50
1370.00 10.00 0.00 0.00 0.00 0.00 7.90
1380.00 8.25 0.00 0.00 0.00 0.00 7.75
1390.00 10.00 0.00 0.00 0.00 0.00 8.50
1400.00 8.13 0.00 0.00 0.00 0.00 7.20
1410.00 5.88 0.00 0.00 0.00 0.00 6.75
1420.00 7.88 0.00 0.00 0.00 0.00 7.10
1430.00 4.25 0.00 0.00 0.00 0.00 5.80
1440.00 4.25 0.00 0.00 0.00 0.00 6.15
1450.00 10.88 0.00 0.00 0.00 0.00 8.10
1460.00 6.25 0.00 0.00 0.00 0.00 7.15
1470.00 5.88 0.00 0.00 0.00 0.00 6.30
1480.00 5.00 0.00 0.00 0.00 0.00 6.30
1490.00 9.88 0.00 0.00 0.00 0.00 8.05
1500.00 7.75 0.00 0.00 0.00 0.00 7.60
1510.00 4.25 0.00 0.00 0.00 0.00 5.40
1520.00 6.88 0.00 0.00 0.00 0.00 7.20
1530.00 8.13 0.00 0.00 0.00 0.00 6.95
1540.00 11.00 0.00 0.00 0.00 0.00 9.05
1550.00 6.00 0.00 0.00 0.00 0.00 6.70
1560.00 8.38 0.00 0.00 0.00 0.00 7.60
1570.00 6.88 0.00 0.00 0.00 0.00 7.35
1580.00 15.38 0.00 0.00 0.00 0.00 10.70
1590.00 5.13 0.00 0.00 0.00 0.00 5.90
1600.00 6.88 0.00 0.00 0.00 0.00 7.00
1610.00 5.38 0.00 0.00 0.00 0.00 5.90
1620.00 8.75 0.00 0.00 0.00 0.00 8.05
1630.00 7.63 0.00 0.00 0.00 0.00 7.60
1640.00 4.63 0.00 0.00 0.00 0.00 5.95
1650.00 6.00 0.00 0.00 0.00 0.00 6.40
1660.00 3.50 0.00 0.00 0.00 0.00 5.10
1670.00 13.50 0.00 0.00 0.00 0.00 10.00
1680.00 7.13 0.00 0.00 0.00 0.00 7.40
1690.00 6.63 0.00 0.00 0.00 0.00 6.80
1700.00 3.38 0.00 0.00 0.00 0.00 5.40
1710.00 7.38 0.00 0.00 0.00 0.00 7.20
1720.00 6.25 0.00 0.00 0.00 0.00 6.50
1730.00 10.38 0.00 0.00 0.00 0.00 8.10
1740.00 8.63 0.00 0.00 0.00 0.00 8.10
1750.00 10.75 0.00 0.00 0.00 0.00 8.75
1760.00 11.00 0.00 0.00 0.00 0.00 8.85
1770.00 9.63 0.00 0.00 0.00 0.00 8.10
1780.00 7.25 0.00 0.00 0.00 0.00 7.00
1790.00 11.00 0.00 0.00 0.00 0.00 8.75
1800.00 9.13 0.00 0.00 0.00 0.00 8.15
1810.00 5.25 0.00 0.00 0.00 0.00 5.75
1820.00 6.50 0.00 0.00 0.00 0.00 6.90
1830.00 10.00 0.00 0.00 0.00 0.00 8.30
1840.00 8.63 0.00 0.00 0.00 0.00 7.05
1850.00 9.63 0.00 0.00 0.00 0.00 8.75
1860.00 6.00 0.00 0.00 0.00 0.00 6.40
1870.00 7.75 0.00 0.00 0.00 0.00 7.30
1880.00 9.63 0.00 0.00 0.00 0.00 8.35
1890.00 6.88 0.00 0.00 0.00 0.00 6.50
1900.00 6.13 0.00 0.00 0.00 0.00 6.90
1910.00 7.75 0.00 0.00 0.00 0.00 7.35
1920.00 10.38 0.00 0.00 0.00 0.00 8.30
1930.00 7.38 0.00 0.00 0.00 0.00 7.00
1940.00 7.88 0.00 0.00 0.00 0.00 7.55
1950.00 10.63 0.00 0.00 0.00 0.00 8.65
1960.00 10.50 0.00 0.00 0.00 0.00 8.30
1970.00 4.00 0.00 0.00 0.00 0.00 5.90
1980.00 7.63 0.00 0.00 0.00 0.00 7.05
1990.00 9.75 0.00 0.00 0.00 0.00 8.30
2000.00 5.13 0.00 0.00 0.00 0.00 6.30
2010.00 5.75 0.00 0.00 0.00 0.00 6.25
2020.00 8.25 0.00 0.00 0.00 0.00 7.55
2030.00 9.00 0.00 0.00 0.00 0.00 8.10
2040.00 16.88 0.00 0.00 0.00 0.00 10.95
2050.00 8.50 0.00 0.00 0.00 0.00 7.65
2060.00 7.50 0.00 0.00 0.00 0.00 7.45
2070.00 5.25 0.00 0.00 0.00 0.00 6.20
2080.00 5.88 0.00 0.00 0.00 0.00 6.40
2090.00 9.50 0.00 0.00 0.00 0.00 8.20
2100.00 5.25 0.00 0.00 0.00 0.00 6.45
2110.00 5.88 0.00 0.00 0.00 0.00 6.30
2120.00 5.75 0.00 0.00 0.00 0.00 6.60
2130.00 12.00 0.00 0.00 0.00 0.00 8.90
2140.00 11.00 0.00 0.00 0.00 0.00 8.35
2150.00 6.50 0.00 0.00 0.00 0.00 7.05
2160.00 8.50 0.00 0.00 0.00 0.00 7.80
2170.00 13.63 0.00 0.00 0.00 0.00 9.90
2180.00 7.13 0.00 0.00 0.00 0.00 6.80
2190.00 11.88 0.00 0.00 0.00 0.00 9.25
2200.00 7.00 0.00 0.00 0.00 0.00 6.80
2210.00 7.25 0.00 0.00 0.00 0.00 7.10
2220.00 5.50 0.00 0.00 0.00 0.00 6.35
2230.00 7.50 0.00 0.00 0.00 0.00 7.30
2240.00 6.13 0.00 0.00 0.00 0.00 6.55
2250.00 15.50 0.00 0.00 0.00 0.00 10.75
2260.00 3.13 0.00 0.00 0.00 0.00 5.00
2270.00 3.50 0.00 0.00 0.00 0.00 5.60
2280.00 10.25 0.00 0.00 0.00 0.00 8.35
2290.00 6.13 0.00 0.00 0.00 0.00 6.80
2300.00 5.50 0.00 0.00 0.00 0.00 6.20
2310.00 13.38 0.00 0.00 0.00 0.00 9.75
2320.00 7.88 0.00 0.00 0.00 0.00 7.60
2330.00 11.00 0.00 0.00 0.00 0.00 8.95
2340.00 5.88 0.00 0.00 0.00 0.00 6.45
2350.00 8.38 0.00 0.00 0.00 0.00 7.55
2360.00 8.38 0.00 0.00 0.00 0.00 7.40
2370.00 9.75 0.00 0.00 0.00 0.00 8.40
2380.00 8.75 0.00 0.00 0.00 0.00 7.35
2390.00 9.63 0.00 0.00 0.00 0.00 8.55
2400.00 4.63 0.00 0.00 0.00 0.00 5.85
2410.00 9.25 0.00 0.00 0.00 0.00 8.15
2420.00 8.38 0.00 0.00 0.00 0.00 7.70
2430.00 8.63 0.00 0.00 0.00 0.00 7.65
2440.00 7.63 0.00 0.00 0.00 0.00 7.10
2450.00 4.63 0.00 0.00 0.00 0.00 5.85
2460.00 12.75 0.00 0.00 0.00 0.00 10.00
2470.00 15.50 0.00 0.00 0.00 0.00 10.60
2480.00 5.75 0.00 0.00 0.00 0.00 6.40
2490.00 8.75 0.00 0.00 0.00 0.00 7.40
2500.00 7.25 0.00 0.00 0.00 0.00 7.50
2510.00 10.75 0.00 0.00 0.00 0.00 8.65
2520.00 4.88 0.00 0.00 0.00 0.00 5.90
2530.00 16.13 0.00 0.00 0.00 0.00 10.90
2540.00 7.38 0.00 0.00 0.00 0.00 7.15
2550.00 4.63 0.00 0.00 0.00 0.00 5.75
2560.00 8.25 0.00 0.00 0.00 0.00 7.70
2570.00 6.38 0.00 0.00 0.00 0.00 6.30
2580.00 8.00 0.00 0.00 0.00 0.00 7.75
2590.00 4.88 0.00 0.00 0.00 0.00 5.85
2600.00 6.25 0.00 0.00 0.00 0.00 6.70
2610.00 19.75 0.00 0.00 0.00 0.00 12.85
2620.00 11.63 0.00 0.00 0.00 0.00 8.60
2630.00 4.50 0.00 0.00 0.00 0.00 6.15
2640.00 6.88 0.00 0.00 0.00 0.00 6.95
2650.00 4.13 0.00 0.00 0.00 0.00 5.75
2660.00 7.00 0.00 0.00 0.00 0.00 6.85
2670.00 6.00 0.00 0.00 0.00 0.00 6.25
2680.00 13.88 0.00 0.00 0.00 0.00 10.55
2690.00 9.13 0.00 0.00 0.00 0.00 7.40
2700.00 9.63 0.00 0.00 0.00 0.00 8.20
2710.00 6.13 0.00 0.00 0.00 0.00 6.45
2720.00 5.88 0.00 0.00 0.00 0.00 6.65
2730.00 5.25 0.00 0.00 0.00 0.00 6.45
2740.00 8.63 0.00 0.00 0.00 0.00 7.10
2750.00 12.25 0.00 0.00 0.00 0.00 9.55
2760.00 8.13 0.00 0.00 0.00 0.00 7.30
2770.00 10.75 0.00 0.00 0.00 0.00 8.75
2780.00 13.50 0.00 0.00 0.00 0.00 9.80
2790.00 9.50 0.00 0.00 0.00 0.00 7.40
2800.00 4.50 0.00 0.00 0.00 0.00 6.45
2810.00 7.75 0.00 0.00 0.00 0.00 7.15
2820.00 7.00 0.00 0.00 0.00 0.00 7.25
2830.00 3.88 0.00 0.00 0.00 0.00 5.35
2840.00 7.63 0.00 0.00 0.00 0.00 7.35
2850.00 8.50 0.00 0.00 0.00 0.00 7.35
2860.00 9.75 0.00 0.00 0.00 0.00 8.55
2870.00 6.25 0.00 0.00 0.00 0.00 6.60
2880.00 4.63 0.00 0.00 0.00 0.00 6.35
2890.00 17.00 0.00 0.00 0.00 0.00 10.75
2900.00 6.13 0.00 0.00 0.00 0.00 6.90
2910.00 8.75 0.00 0.00 0.00 0.00 6.85
2920.00 9.50 0.00 0.00 0.00 0.00 9.05
2930.00 9.00 0.00 0.00 0.00 0.00 7.40
2940.00 10.50 0.00 0.00 0.00 0.00 8.75
2950.00 5.13 0.00 0.00 0.00 0.00 6.05
2960.00 7.38 0.00 0.00 0.00 0.00 7.35
2970.00 5.00 0.00 0.00 0.00 0.00 6.10
2980.00 10.38 0.00 0.00 0.00 0.00 8.65
2990.00 4.25 0.00 0.00 0.00 0.00 5.85
3000.00 10.13 0.00 0.00 0.00 0.00 8.30
3010.00 5.00 0.00 0.00 0.00 0.00 6.05
3020.00 9.13 0.00 0.00 0.00 0.00 7.70
3030.00 14.88 0.00 0.00 0.00 0.00 10.50
3040.00 10.75 0.00 0.00 0.00 0.00 8.55
3050.00 14.88 0.00 0.00 0.00 0.00 10.55
3060.00 7.50 0.00 0.00 0.00 0.00 7.25
3070.00 6.63 0.00 0.00 0.00 0.00 6.25
3080.00 5.88 0.00 0.00 0.00 0.00 6.95
3090.00 8.50 0.00 0.00 0.00 0.00 7.45
3100.00 5.38 0.00 0.00 0.00 0.00 6.55
3110.00 4.88 0.00 0.00 0.00 0.00 6.10
3120.00 6.50 0.00 0.00 0.00 0.00 6.80
3130.00 3.75 0.00 0.00 0.00 0.00 5.40
3140.00 18.13 0.00 0.00 0.00 0.00 12.25
3150.00 12.25 0.00 0.00 0.00 0.00 8.95
3160.00 8.75 0.00 0.00 0.00 0.00 7.75
3170.00 10.88 0.00 0.00 0.00 0.00 8.45
3180.00 5.50 0.00 0.00 0.00 0.00 6.35
3190.00 6.63 0.00 0.00 0.00 0.00 6.95
3200.00 6.63 0.00 0.00 0.00 0.00 6.70
3210.00 8.75 0.00 0.00 0.00 0.00 7.95
3220.00 4.88 0.00 0.00 0.00 0.00 6.00
3230.00 11.13 0.00 0.00 0.00 0.00 9.05
3240.00 11.13 0.00 0.00 0.00 0.00 8.50
3250.00 11.88 0.00 0.00 0.00 0.00 9.25
3260.00 7.50 0.00 0.00 0.00 0.00 6.90
3270.00 10.25 0.00 0.00 0.00 0.00 8.20
3280.00 7.75 0.00 0.00 0.00 0.00 7.60
3290.00 4.25 0.00 0.00 0.00 0.00 5.35
3300.00 11.13 0.00 0.00 0.00 0.00 9.10
3310.00 5.13 0.00 0.00 0.00 0.00 6.25
3320.00 6.38 0.00 0.00 0.00 0.00 6.65
3330.00 9.75 0.00 0.00 0.00 0.00 8.20
3340.00 11.63 0.00 0.00 0.00 0.00 9.25
3350.00 13.13 0.00 0.00 0.00 0.00 8.80
3360.00 8.13 0.00 0.00 0.00 0.00 8.15
3370.00 8.38 0.00 0.00 0.00 0.00 7.25
3380.00 4.75 0.00 0.00 0.00 0.00 6.00
3390.00 11.50 0.00 0.00 0.00 0.00 8.70
3400.00 9.88 0.00 0.00 0.00 0.00 8.35
3410.00 6.00 0.00 0.00 0.00 0.00 6.65
3420.00 5.25 0.00 0.00 0.00 0.00 6.30
3430.00 8.63 0.00 0.00 0.00 0.00 7.50
3440.00 8.00 0.00 0.00 0.00 0.00 7.55
3450.00 12.88 0.00 0.00 0.00 0.00 9.85
3460.00 7.50 0.00 0.00 0.00 0.00 6.75
3470.00 5.38 0.00 0.00 0.00 0.00 6.35
3480.00 8.50 0.00 0.00 0.00 0.00 7.50
3490.00 9.88 0.00 0.00 0.00 0.00 8.40
3500.00 13.38 0.00 0.00 0.00 0.00 9.80
3510.00 5.75 0.00 0.00 0.00 0.00 6.15
3520.00 6.50 0.00 0.00 0.00 0.00 6.90
3530.00 6.88 0.00 0.00 0.00 0.00 7.05
3540.00 5.88 0.00 0.00 0.00 0.00 6.25
3550.00 8.88 0.00 0.00 0.00 0.00 7.90
3560.00 6.63 0.00 0.00 0.00 0.00 6.90
3570.00 6.38 0.00 0.00 0.00 0.00 6.90
3580.00 17.00 0.00 0.00 0.00 0.00 11.25
3590.00 9.25 0.00 0.00 0.00 0.00 7.95
3600.00 10.13 0.00 0.00 0.00 0.00 8.45
3610.00 13.13 0.00 0.00 0.00 0.00 9.80
3620.00 2.50 0.00 0.00 0.00 0.00 4.80
3630.00 8.38 0.00 0.00 0.00 0.00 7.70
3640.00 5.75 0.00 0.00 0.00 0.00 6.45
3650.00 4.75 0.13 0.00 0.00 0.00 5.95
3660.00 4.13 0.00 0.00 0.00 0.00 5.90
3670.00 12.63 0.00 0.00 0.00 0.00 9.15
3680.00 12.25 0.00 0.00 0.00 0.00 9.80
3690.00 9.38 0.00 0.00 0.00 0.00 7.40
3700.00 12.13 0.00 0.00 0.00 0.00 9.40
3710.00 7.63 0.00 0.00 0.00 0.00 7.10
3720.00 4.25 0.00 0.00 0.00 0.00 5.70
3730.00 8.00 0.00 0.00 0.00 0.00 7.60
3740.00 4.25 0.00 0.00 0.00 0.00 5.80
3750.00 7.13 0.00 0.00 0.00 0.00 6.90
3760.00 20.50 0.00 0.00 0.00 0.00 12.90
3770.00 5.63 0.00 0.00 0.00 0.00 6.60
3780.00 7.00 0.00 0.00 0.00 0.00 6.45
3790.00 4.38 0.00 0.00 0.00 0.00 5.85
3800.00 4.50 0.00 0.00 0.00 0.13 5.90
3810.00 9.13 0.00 0.00 0.00 0.00 7.95
3820.00 7.63 0.00 0.00 0.00 0.00 7.15
3830.00 8.25 0.00 0.00 0.00 0.00 8.00
3840.00 11.13 0.00 0.00 0.00 0.00 8.75
3850.00 5.13 0.00 0.00 0.00 0.00 6.10
3860.00 9.25 0.00 0.00 0.00 0.00 7.80
3870.00 11.63 0.00 0.00 0.00 0.00 9.00
3880.00 8.88 0.00 0.00 0.00 0.00 7.75
3890.00 8.88 0.00 0.00 0.00 0.00 8.00
3900.00 10.75 0.00 0.00 0.00 0.00 8.45
3910.00 14.00 0.00 0.00 0.00 0.00 10.45
3920.00 6.25 0.00 0.00 0.00 0.00 6.25
3930.00 6.38 0.00 0.00 0.00 0.00 6.80
3940.00 3.63 0.00 0.00 0.00 0.00 5.60
3950.00 10.63 0.00 0.00 0.00 0.00 8.30
3960.00 8.00 0.00 0.00 0.00 0.00 7.90
3970.00 8.75 0.00 0.00 0.00 0.00 8.00
3980.00 10.38 0.00 0.00 0.00 0.00 8.15
3990.00 11.50 0.00 0.00 0.00 0.00 8.95
4000.00 5.13 0.00 0.00 0.00 0.00 6.25
