10.00 0.50 0.38 0.88 0.13 0.25 4.95
20.00 0.38 0.38 0.38 0.25 0.25 5.35
30.00 0.25 0.75 0.75 0.13 0.13 5.40
40.00 0.38 0.13 0.25 0.25 0.25 5.05
50.00 0.50 0.25 0.38 0.38 0.00 5.30
60.00 0.25 1.13 0.25 0.13 0.63 5.25
70.00 0.25 0.38 0.38 0.63 0.13 5.20
80.00 0.25 0.25 0.25 0.25 0.13 5.15
90.00 0.13 0.38 0.38 0.13 0.38 5.35
100.00 0.38 0.13 0.63 0.00 0.63 5.15
110.00 0.50 0.13 0.38 0.38 0.50 5.25
120.00 0.13 0.25 0.25 0.50 0.38 5.35
130.00 0.13 0.25 0.25 0.38 0.75 5.00
140.00 0.50 0.50 0.38 0.00 0.88 5.35
150.00 0.50 0.00 0.50 0.38 0.50 5.00
160.00 0.38 0.38 0.63 0.25 0.25 5.10
170.00 0.38 0.25 0.25 0.50 0.63 5.50
180.00 1.00 0.25 0.38 0.75 0.25 5.50
190.00 0.38 0.63 0.13 0.38 0.25 5.15
200.00 0.13 0.75 0.00 0.50 0.50 5.15
210.00 0.50 0.25 0.13 0.38 0.75 5.10
220.00 0.13 0.00 0.13 0.13 1.25 5.10
230.00 0.50 1.13 0.13 0.38 0.50 5.90
240.00 0.25 0.13 0.25 0.13 0.63 4.70
250.00 0.50 0.38 0.25 0.00 0.25 5.25
260.00 0.25 0.25 0.38 0.38 0.13 5.15
270.00 0.38 0.25 0.38 0.38 0.50 5.00
280.00 0.50 0.63 0.25 1.25 0.38 5.75
290.00 0.63 0.00 0.25 0.25 0.50 4.90
300.00 0.63 0.13 0.13 0.13 0.63 5.75
310.00 0.63 0.13 0.38 0.50 0.38 4.95
320.00 0.25 0.25 0.38 1.00 0.25 5.35
330.00 0.38 0.25 0.38 1.00 0.00 4.95
340.00 0.25 0.25 0.88 0.25 0.25 5.45
350.00 0.13 0.13 0.25 0.63 0.00 5.15
360.00 0.38 0.25 0.25 0.38 0.38 5.00
370.00 1.00 0.38 0.38 0.13 0.25 5.45
380.00 0.50 0.63 0.63 0.25 0.38 4.95
390.00 0.75 0.13 0.88 0.50 0.25 5.70
400.00 0.38 0.13 0.25 0.50 0.63 5.20
410.00 0.63 0.00 0.38 0.63 0.50 5.35
420.00 0.50 0.13 0.50 0.38 0.25 4.80
430.00 0.25 0.38 0.50 0.50 0.38 5.35
440.00 0.13 0.63 0.38 0.38 0.13 5.25
450.00 0.50 0.63 0.00 0.25 0.50 5.55
460.00 0.13 0.38 0.13 0.38 0.50 4.85
470.00 0.00 0.25 0.75 0.88 1.00 5.60
480.00 0.13 0.25 0.25 0.88 0.38 4.95
490.00 0.38 0.25 0.00 0.75 0.00 5.40
500.00 0.00 0.38 0.00 0.63 0.25 5.00
510.00 0.50 0.25 0.38 0.25 0.38 5.45
520.00 0.13 0.38 0.63 0.50 0.63 4.95
530.00 0.13 0.63 0.25 0.38 0.50 5.45
540.00 0.38 0.50 0.00 0.63 0.13 5.05
550.00 0.13 0.13 0.50 0.13 0.25 5.40
560.00 0.25 0.13 0.38 0.25 0.38 5.10
570.00 0.13 0.13 0.13 0.88 0.38 5.30
580.00 0.25 0.63 0.38 0.38 0.13 5.10
590.00 0.38 0.25 0.00 0.50 0.25 5.10
600.00 0.75 0.25 0.50 0.38 0.38 5.05
610.00 0.50 0.88 0.63 0.38 0.00 5.40
620.00 0.13 0.13 0.50 0.50 0.13 4.90
630.00 0.50 0.63 0.88 0.38 0.13 5.30
640.00 0.13 0.38 0.50 0.25 0.50 5.75
650.00 0.25 0.38 0.25 0.38 0.63 5.10
660.00 0.63 0.25 0.25 0.50 0.88 4.90
670.00 0.38 0.25 1.00 0.38 0.50 5.50
680.00 0.50 0.13 0.38 0.13 0.25 5.00
690.00 0.88 0.25 0.38 0.25 0.38 5.55
700.00 0.13 0.63 0.50 0.50 0.25 4.90
710.00 1.25 0.50 0.38 0.50 0.25 5.40
720.00 0.88 0.75 0.25 0.38 0.00 5.10
730.00 0.38 1.13 0.00 0.13 0.13 5.45
740.00 0.25 0.38 0.75 0.25 0.13 5.00
750.00 0.50 0.75 0.75 0.50 0.13 5.45
760.00 0.25 0.25 0.13 0.63 0.50 5.35
770.00 0.25 1.13 0.38 0.38 0.25 4.75
780.00 0.50 0.38 0.63 0.63 0.13 5.30
790.00 0.25 0.63 0.63 0.38 0.13 5.30
800.00 0.25 0.38 0.75 0.13 0.50 5.35
810.00 0.25 0.50 0.25 0.00 0.13 4.90
820.00 0.00 0.50 1.13 0.00 0.38 5.30
830.00 0.00 0.25 1.13 0.38 0.63 5.50
840.00 0.25 0.13 0.00 0.13 0.88 5.00
850.00 0.00 0.25 0.63 0.13 0.50 5.10
860.00 0.88 0.38 0.13 0.50 0.50 5.30
870.00 0.63 0.50 0.25 0.38 0.63 5.30
880.00 0.50 0.13 0.00 0.75 0.38 5.40
890.00 0.38 0.63 0.25 0.38 0.25 4.90
900.00 0.13 0.75 0.13 0.50 1.00 5.50
910.00 0.25 0.50 0.38 0.00 0.25 5.15
920.00 0.75 0.38 0.75 0.13 0.25 5.00
930.00 0.13 0.38 0.38 0.38 0.00 5.35
940.00 0.38 0.50 0.25 0.00 0.75 5.15
950.00 0.75 0.50 0.50 0.50 0.13 5.40
960.00 0.13 0.38 0.25 0.88 0.13 4.90
970.00 0.38 0.00 0.25 0.00 0.50 5.40
980.00 0.50 0.25 0.25 0.88 0.25 5.30
990.00 0.13 0.50 0.38 0.63 0.38 5.15
1000.00 0.63 0.38 0.50 0.75 0.38 5.15
1010.00 7.75 0.25 0.13 0.25 0.25 8.10
1020.00 14.50 0.00 0.00 0.00 0.00 9.70
1030.00 15.63 0.00 0.00 0.00 0.00 10.20
1040.00 12.88 0.00 0.00 0.00 0.00 10.05
1050.00 16.00 0.00 0.00 0.00 0.00 10.60
1060.00 12.25 0.00 0.00 0.00 0.00 9.30
1070.00 18.00 0.00 0.00 0.00 0.00 10.95
1080.00 17.50 0.00 0.00 0.00 0.00 11.70
1090.00 16.75 0.00 0.00 0.00 0.00 10.90
1100.00 13.50 0.00 0.00 0.00 0.00 9.70
1110.00 16.13 0.00 0.00 0.00 0.00 10.80
1120.00 16.63 0.00 0.00 0.00 0.00 10.60
1130.00 14.50 0.00 0.00 0.00 0.00 10.75
1140.00 16.13 0.00 0.00 0.00 0.00 10.60
1150.00 15.88 0.00 0.00 0.00 0.00 10.40
1160.00 13.00 0.00 0.00 0.00 0.00 9.35
1170.00 16.25 0.00 0.00 0.00 0.00 10.95
1180.00 12.25 0.00 0.00 0.00 0.00 9.40
1190.00 15.13 0.00 0.00 0.00 0.00 9.95
1200.00 8.63 0.00 0.00 0.00 0.00 7.80
1210.00 4.75 0.00 0.00 0.00 0.00 6.00
1220.00 3.38 0.00 0.00 0.00 0.00 5.25
1230.00 2.75 0.00 0.00 0.00 0.00 5.15
1240.00 4.38 0.00 0.13 0.00 0.00 5.95
1250.00 3.88 0.00 0.00 0.00 0.00 5.65
1260.00 3.25 0.00 0.13 0.00 0.13 5.60
1270.00 3.63 0.00 0.00 0.00 0.13 5.65
1280.00 4.00 0.00 0.00 0.13 0.00 5.75
1290.00 3.50 0.00 0.13 0.00 0.13 5.75
1300.00 3.63 0.13 0.13 0.00 0.13 6.15
1310.00 4.88 0.13 0.00 0.13 0.00 6.20
1320.00 10.88 0.00 0.00 0.00 0.00 8.50
1330.00 9.88 0.00 0.00 0.00 0.00 8.05
1340.00 8.00 0.00 0.00 0.00 0.00 7.45
1350.00 8.00 0.00 0.00 0.00 0.00 7.20
1360.00 5.88 0.00 0.00 0.00 0.00 6.40
1370.00 11.50 0.00 0.00 0.00 0.00 8.45
1380.00 5.13 0.00 0.00 0.00 0.00 6.55
1390.00 6.88 0.00 0.00 0.00 0.00 6.85
1400.00 6.00 0.00 0.00 0.00 0.00 6.50
1410.00 8.00 0.00 0.00 0.00 0.00 7.55
1420.00 11.13 0.00 0.00 0.00 0.00 8.80
1430.00 5.13 0.00 0.00 0.00 0.00 6.00
1440.00 10.88 0.00 0.00 0.00 0.00 8.85
1450.00 4.75 0.00 0.00 0.00 0.00 5.85
1460.00 5.50 0.00 0.00 0.00 0.00 6.35
1470.00 4.00 0.13 0.00 0.00 0.00 5.55
1480.00 12.13 0.00 0.00 0.00 0.00 9.40
1490.00 8.13 0.00 0.00 0.00 0.00 7.40
1500.00 3.00 0.00 0.00 0.00 0.00 5.25
1510.00 10.50 0.00 0.00 0.00 0.00 8.35
1520.00 7.13 0.00 0.00 0.00 0.00 7.15
1530.00 9.88 0.00 0.00 0.00 0.00 7.95
1540.00 11.50 0.00 0.00 0.00 0.00 9.10
1550.00 7.50 0.00 0.00 0.00 0.00 6.55
1560.00 6.25 0.00 0.00 0.00 0.00 6.85
1570.00 6.13 0.00 0.00 0.00 0.00 6.65
1580.00 10.75 0.00 0.00 0.00 0.00 8.20
1590.00 11.63 0.00 0.00 0.00 0.00 9.25
1600.00 5.50 0.00 0.00 0.00 0.00 6.20
1610.00 5.63 0.00 0.00 0.00 0.00 6.45
1620.00 6.13 0.00 0.00 0.00 0.00 6.40
1630.00 3.75 0.00 0.00 0.00 0.00 5.80
1640.00 12.00 0.00 0.00 0.00 0.00 9.10
1650.00 10.00 0.00 0.00 0.00 0.00 8.05
1660.00 13.50 0.00 0.00 0.00 0.00 9.65
1670.00 10.63 0.00 0.00 0.00 0.00 8.15
1680.00 6.63 0.00 0.00 0.00 0.00 6.90
1690.00 7.38 0.00 0.00 0.00 0.00 7.25
1700.00 7.50 0.00 0.00 0.00 0.00 6.75
1710.00 6.25 0.00 0.00 0.00 0.00 6.60
1720.00 6.75 0.00 0.00 0.00 0.00 6.70
1730.00 10.88 0.00 0.00 0.00 0.00 9.00
1740.00 12.38 0.00 0.00 0.00 0.00 9.60
1750.00 5.38 0.00 0.00 0.00 0.00 5.85
1760.00 8.00 0.00 0.00 0.00 0.00 7.40
1770.00 4.63 0.00 0.00 0.00 0.00 5.95
1780.00 6.75 0.00 0.00 0.00 0.00 7.15
1790.00 9.00 0.00 0.00 0.00 0.00 7.50
1800.00 13.88 0.00 0.00 0.00 0.00 9.60
1810.00 8.63 0.00 0.00 0.00 0.00 7.80
1820.00 10.00 0.00 0.00 0.00 0.00 8.35
1830.00 6.25 0.00 0.00 0.00 0.00 6.45
1840.00 8.75 0.00 0.00 0.00 0.00 7.95
1850.00 5.88 0.00 0.00 0.00 0.00 6.15
1860.00 4.13 0.00 0.00 0.00 0.00 5.85
1870.00 7.63 0.00 0.00 0.00 0.00 7.10
1880.00 8.38 0.00 0.00 0.00 0.00 7.65
1890.00 10.00 0.00 0.00 0.00 0.00 8.25
1900.00 10.50 0.00 0.00 0.00 0.00 8.10
1910.00 6.25 0.00 0.00 0.00 0.00 6.90
1920.00 7.63 0.00 0.00 0.00 0.00 7.20
1930.00 17.38 0.00 0.00 0.00 0.00 11.30
1940.00 5.25 0.00 0.00 0.00 0.00 6.05
1950.00 6.75 0.00 0.00 0.00 0.00 6.85
1960.00 8.50 0.00 0.00 0.00 0.00 7.55
1970.00 4.25 0.00 0.00 0.00 0.00 5.55
1980.00 7.50 0.00 0.00 0.00 0.00 7.40
1990.00 10.13 0.00 0.00 0.00 0.00 8.30
2000.00 10.13 0.00 0.00 0.00 0.00 8.25
2010.00 8.25 0.00 0.00 0.00 0.00 7.30
2020.00 4.25 0.00 0.00 0.00 0.00 5.75
2030.00 6.63 0.00 0.00 0.00 0.00 6.80
2040.00 9.75 0.00 0.00 0.00 0.00 8.05
2050.00 6.63 0.00 0.00 0.00 0.00 6.65
2060.00 7.50 0.00 0.00 0.00 0.00 7.20
2070.00 14.50 0.00 0.00 0.00 0.00 10.40
2080.00 17.88 0.00 0.00 0.00 0.00 11.00
2090.00 9.25 0.00 0.00 0.00 0.00 8.10
2100.00 5.75 0.00 0.00 0.00 0.00 6.25
2110.00 6.00 0.00 0.00 0.00 0.00 6.60
2120.00 6.25 0.00 0.00 0.00 0.00 6.75
2130.00 4.13 0.00 0.00 0.00 0.00 5.75
2140.00 8.50 0.00 0.00 0.00 0.00 7.60
2150.00 3.88 0.00 0.00 0.00 0.00 5.60
2160.00 10.13 0.00 0.00 0.00 0.00 8.55
2170.00 8.63 0.00 0.00 0.00 0.00 7.45
2180.00 7.50 0.00 0.00 0.00 0.00 7.25
2190.00 10.13 0.00 0.00 0.00 0.00 8.25
2200.00 17.38 0.00 0.00 0.00 0.00 11.60
2210.00 10.00 0.00 0.00 0.00 0.00 7.95
2220.00 17.75 0.00 0.00 0.00 0.00 11.40
2230.00 6.88 0.00 0.00 0.00 0.00 6.80
2240.00 4.13 0.00 0.00 0.00 0.00 5.40
2250.00 6.63 0.00 0.00 0.00 0.00 7.10
2260.00 6.50 0.00 0.00 0.00 0.00 6.70
2270.00 8.13 0.00 0.00 0.00 0.00 7.30
2280.00 7.50 0.00 0.00 0.00 0.00 7.45
2290.00 5.00 0.00 0.00 0.00 0.00 5.90
2300.00 10.13 0.00 0.00 0.00 0.00 8.40
2310.00 14.38 0.00 0.00 0.00 0.00 9.45
2320.00 9.50 0.00 0.00 0.00 0.00 8.80
2330.00 5.50 0.00 0.00 0.00 0.00 6.25
2340.00 12.50 0.00 0.00 0.00 0.00 8.85
2350.00 3.38 0.00 0.00 0.00 0.00 5.40
2360.00 8.63 0.00 0.00 0.00 0.00 7.75
2370.00 9.88 0.00 0.00 0.00 0.00 8.15
2380.00 8.13 0.00 0.00 0.00 0.00 6.90
2390.00 11.88 0.00 0.00 0.00 0.00 9.20
2400.00 7.88 0.00 0.00 0.00 0.00 7.35
2410.00 6.38 0.00 0.00 0.00 0.00 6.70
2420.00 7.63 0.00 0.00 0.00 0.00 7.15
2430.00 14.63 0.00 0.00 0.00 0.00 10.05
2440.00 7.13 0.00 0.00 0.00 0.00 7.20
2450.00 6.13 0.00 0.00 0.00 0.00 6.70
2460.00 11.25 0.00 0.00 0.00 0.00 8.90
2470.00 9.25 0.00 0.00 0.00 0.00 7.30
2480.00 7.13 0.00 0.00 0.00 0.00 7.10
2490.00 4.75 0.00 0.00 0.00 0.00 6.05
2500.00 11.00 0.00 0.00 0.00 0.00 8.95
2510.00 6.25 0.00 0.00 0.00 0.00 6.45
2520.00 5.75 0.00 0.00 0.00 0.00 6.25
2530.00 10.38 0.00 0.00 0.00 0.00 8.30
2540.00 13.63 0.00 0.00 0.00 0.00 10.10
2550.00 8.88 0.00 0.00 0.00 0.00 7.20
2560.00 8.38 0.00 0.00 0.00 0.00 7.40
2570.00 6.75 0.00 0.00 0.00 0.00 6.95
2580.00 12.13 0.00 0.00 0.00 0.00 9.45
2590.00 5.25 0.00 0.00 0.00 0.00 6.05
2600.00 7.25 0.00 0.00 0.00 0.00 6.75
2610.00 6.75 0.00 0.00 0.00 0.00 7.15
2620.00 6.13 0.00 0.00 0.00 0.00 6.50
2630.00 10.88 0.00 0.00 0.00 0.00 9.00
2640.00 12.63 0.00 0.00 0.00 0.00 8.80
2650.00 10.38 0.00 0.00 0.00 0.00 8.85
2660.00 7.88 0.00 0.00 0.00 0.00 6.90
2670.00 8.75 0.00 0.00 0.00 0.00 7.80
2680.00 11.88 0.00 0.00 0.00 0.00 8.25
2690.00 6.38 0.00 0.00 0.00 0.00 7.20
2700.00 4.88 0.00 0.00 0.00 0.00 5.90
2710.00 11.88 0.00 0.00 0.00 0.00 9.10
2720.00 3.88 0.00 0.00 0.00 0.00 5.40
2730.00 7.38 0.00 0.00 0.00 0.00 7.10
2740.00 7.75 0.00 0.00 0.00 0.00 7.55
2750.00 7.88 0.00 0.00 0.00 0.00 7.05
2760.00 10.38 0.00 0.00 0.00 0.00 8.20
2770.00 7.88 0.00 0.00 0.00 0.00 7.55
2780.00 13.75 0.00 0.00 0.00 0.00 9.70
2790.00 10.63 0.00 0.00 0.00 0.00 8.10
2800.00 9.38 0.00 0.00 0.00 0.00 8.05
2810.00 9.75 0.00 0.00 0.00 0.00 8.40
2820.00 7.63 0.00 0.00 0.00 0.00 6.75
2830.00 8.63 0.00 0.00 0.00 0.00 7.80
2840.00 6.50 0.00 0.00 0.00 0.00 6.95
2850.00 9.88 0.00 0.00 0.00 0.00 8.00
2860.00 4.75 0.00 0.00 0.00 0.00 5.80
2870.00 10.00 0.00 0.00 0.00 0.00 8.45
2880.00 7.63 0.00 0.00 0.00 0.00 6.90
2890.00 15.88 0.00 0.00 0.00 0.00 10.90
2900.00 7.88 0.00 0.00 0.00 0.00 7.35
2910.00 7.38 0.00 0.00 0.00 0.00 7.00
2920.00 6.75 0.00 0.00 0.00 0.00 6.85
2930.00 11.50 0.00 0.00 0.00 0.00 8.75
2940.00 6.75 0.00 0.00 0.00 0.00 6.85
2950.00 6.50 0.00 0.00 0.00 0.00 6.70
2960.00 8.88 0.00 0.00 0.00 0.00 7.55
2970.00 14.75 0.00 0.00 0.00 0.00 10.00
2980.00 11.25 0.00 0.00 0.00 0.00 8.80
2990.00 11.63 0.00 0.00 0.00 0.00 9.10
3000.00 3.75 0.00 0.00 0.00 0.00 5.25
3010.00 8.38 0.00 0.00 0.00 0.00 7.20
3020.00 5.00 0.00 0.00 0.00 0.00 6.40
3030.00 5.38 0.00 0.00 0.00 0.00 6.45
3040.00 6.88 0.00 0.00 0.00 0.00 6.90
3050.00 6.63 0.00 0.00 0.00 0.00 6.90
3060.00 17.63 0.00 0.00 0.00 0.00 11.45
3070.00 12.13 0.00 0.00 0.00 0.00 9.00
3080.00 4.75 0.00 0.00 0.00 0.00 6.10
3090.00 4.88 0.00 0.00 0.00 0.00 5.40
3100.00 9.25 0.00 0.00 0.00 0.00 8.25
3110.00 6.63 0.00 0.00 0.00 0.00 6.75
3120.00 9.50 0.00 0.00 0.00 0.00 8.35
3130.00 4.75 0.00 0.00 0.00 0.00 5.75
3140.00 5.63 0.00 0.00 0.00 0.00 6.35
3150.00 18.00 0.00 0.00 0.00 0.00 11.45
3160.00 13.25 0.00 0.00 0.00 0.00 9.70
3170.00 10.13 0.00 0.00 0.00 0.00 8.00
3180.00 4.50 0.00 0.00 0.00 0.00 5.75
3190.00 9.25 0.00 0.00 0.00 0.00 7.35
3200.00 3.25 0.00 0.00 0.00 0.00 5.90
3210.00 4.38 0.00 0.00 0.00 0.00 5.85
3220.00 18.00 0.00 0.00 0.00 0.00 11.35
3230.00 9.88 0.00 0.00 0.00 0.00 8.50
3240.00 6.63 0.00 0.00 0.00 0.00 6.40
3250.00 10.38 0.00 0.00 0.00 0.00 7.90
3260.00 4.63 0.00 0.00 0.00 0.00 6.30
3270.00 5.13 0.00 0.00 0.00 0.00 6.15
3280.00 9.25 0.00 0.00 0.00 0.00 7.90
3290.00 22.88 0.00 0.00 0.00 0.00 13.85
3300.00 9.25 0.00 0.00 0.00 0.00 7.55
3310.00 7.00 0.00 0.00 0.00 0.00 6.75
3320.00 7.63 0.00 0.00 0.00 0.00 7.45
3330.00 5.00 0.00 0.00 0.00 0.00 5.85
3340.00 6.38 0.00 0.00 0.00 0.00 6.20
3350.00 11.88 0.00 0.00 0.00 0.00 9.50
3360.00 8.13 0.00 0.00 0.00 0.00 7.30
3370.00 5.25 0.00 0.00 0.00 0.00 6.30
3380.00 10.75 0.00 0.00 0.00 0.00 8.45
3390.00 7.13 0.00 0.00 0.00 0.00 6.85
3400.00 10.75 0.00 0.00 0.00 0.00 8.25
3410.00 13.13 0.00 0.00 0.00 0.00 9.60
3420.00 6.25 0.00 0.00 0.00 0.00 6.55
3430.00 5.50 0.00 0.00 0.00 0.00 6.00
3440.00 8.00 0.00 0.00 0.00 0.00 8.05
3450.00 3.38 0.00 0.00 0.00 0.00 5.05
3460.00 19.88 0.00 0.00 0.00 0.00 12.15
3470.00 9.25 0.00 0.00 0.00 0.00 8.15
3480.00 4.75 0.00 0.00 0.00 0.00 5.90
3490.00 10.63 0.00 0.00 0.00 0.00 8.60
3500.00 7.38 0.00 0.00 0.00 0.00 6.75
3510.00 6.50 0.00 0.00 0.00 0.00 6.90
3520.00 7.88 0.00 0.00 0.00 0.00 6.80
3530.00 8.50 0.00 0.00 0.00 0.00 8.05
3540.00 8.38 0.00 0.00 0.00 0.00 7.70
3550.00 9.25 0.00 0.00 0.00 0.00 7.00
3560.00 10.88 0.00 0.00 0.00 0.00 8.95
3570.00 16.38 0.00 0.00 0.00 0.00 11.25
3580.00 5.50 0.00 0.00 0.00 0.00 6.05
3590.00 11.50 0.00 0.00 0.00 0.00 8.85
3600.00 6.13 0.00 0.00 0.00 0.00 6.40
3610.00 4.00 0.00 0.00 0.00 0.00 5.30
3620.00 9.38 0.00 0.00 0.00 0.00 8.35
3630.00 14.25 0.00 0.00 0.00 0.00 9.95
3640.00 7.38 0.00 0.00 0.00 0.00 7.30
3650.00 7.88 0.00 0.00 0.00 0.00 7.25
3660.00 8.75 0.00 0.00 0.00 0.00 7.50
3670.00 12.50 0.00 0.00 0.00 0.00 9.25
3680.00 7.13 0.00 0.00 0.00 0.00 6.95
3690.00 6.00 0.00 0.00 0.00 0.00 6.65
3700.00 7.38 0.00 0.00 0.00 0.00 7.00
3710.00 5.00 0.00 0.00 0.00 0.00 5.85
3720.00 6.38 0.00 0.00 0.00 0.00 6.75
3730.00 16.75 0.00 0.00 0.00 0.00 11.45
3740.00 14.25 0.00 0.00 0.00 0.00 9.65
3750.00 10.00 0.00 0.00 0.00 0.00 8.10
3760.00 6.63 0.00 0.00 0.00 0.00 6.85
3770.00 6.00 0.00 0.00 0.00 0.00 6.30
3780.00 3.88 0.00 0.00 0.00 0.00 5.90
3790.00 12.88 0.00 0.00 0.00 0.00 9.35
3800.00 11.00 0.00 0.00 0.00 0.00 8.55
3810.00 7.50 0.00 0.00 0.00 0.00 7.30
3820.00 3.75 0.00 0.00 0.00 0.00 5.70
3830.00 11.25 0.00 0.00 0.00 0.00 9.20
3840.00 7.00 0.00 0.00 0.00 0.00 6.30
3850.00 8.88 0.00 0.00 0.00 0.00 7.95
3860.00 5.75 0.00 0.00 0.00 0.00 6.50
3870.00 6.50 0.00 0.00 0.00 0.00 6.65
3880.00 6.50 0.00 0.00 0.00 0.00 6.70
3890.00 32.75 0.00 0.00 0.00 0.00 17.00
3900.00 7.38 0.00 0.00 0.00 0.00 7.55
3910.00 7.50 0.00 0.00 0.00 0.00 7.05
3920.00 4.25 0.00 0.00 0.00 0.00 5.60
3930.00 6.63 0.00 0.00 0.00 0.00 7.25
3940.00 9.13 0.00 0.00 0.00 0.00 7.70
3950.00 3.63 0.00 0.00 0.00 0.00 5.60
3960.00 5.75 0.00 0.00 0.00 0.00 6.30
3970.00 8.88 0.00 0.00 0.00 0.00 7.90
3980.00 7.13 0.00 0.00 0.00 0.00 6.35
3990.00 15.25 0.00 0.00 0.00 0.00 10.70
4000.00 6.88 0.00 0.00 0.00 0.00 6.95
