10.00	0.20053	0.20018	0.20084	0.20018	0.20053	
20.00	0.20089	0.20018	0.20120	0.20036	0.20107	
30.00	0.20088	0.20055	0.20137	0.20035	0.20106	
40.00	0.20107	0.20055	0.20136	0.20053	0.20106	
50.00	0.20124	0.20054	0.20135	0.20052	0.20105	
60.00	0.20158	0.20062	0.20143	0.20087	0.20113	
70.00	0.20174	0.20088	0.20150	0.20095	0.20155	
80.00	0.20190	0.20104	0.20166	0.20111	0.20162	
90.00	0.20189	0.20163	0.20191	0.20144	0.20178	
100.00	0.20213	0.20229	0.20231	0.20143	0.20194	
110.00	0.20245	0.20261	0.20246	0.20159	0.20218	
120.00	0.20251	0.20292	0.20295	0.20166	0.20233	
130.00	0.20275	0.20290	0.20316	0.20190	0.20248	
140.00	0.20314	0.20313	0.20363	0.20213	0.20254	
150.00	0.20320	0.20369	0.20377	0.20236	0.20261	
160.00	0.20334	0.20424	0.20406	0.20259	0.20275	
170.00	0.20348	0.20445	0.20445	0.20274	0.20297	
180.00	0.20361	0.20466	0.20500	0.20288	0.20343	
190.00	0.20383	0.20504	0.20512	0.20318	0.20373	
200.00	0.20404	0.20548	0.20540	0.20339	0.20386	
210.00	0.20442	0.20544	0.20537	0.20345	0.20391	
220.00	0.20472	0.20548	0.20557	0.20406	0.20420	
230.00	0.20468	0.20583	0.20568	0.20470	0.20432	
240.00	0.20519	0.20594	0.20588	0.20490	0.20445	
250.00	0.20531	0.20598	0.20591	0.20509	0.20495	
260.00	0.20565	0.20602	0.20595	0.20514	0.20499	
270.00	0.20584	0.20605	0.20636	0.20533	0.20518	
280.00	0.20635	0.20624	0.20647	0.20544	0.20537	
290.00	0.20645	0.20644	0.20672	0.20555	0.20534	
300.00	0.20688	0.20654	0.20682	0.20596	0.20538	
310.00	0.20691	0.20679	0.20703	0.20628	0.20549	
320.00	0.20694	0.20689	0.20713	0.20653	0.20552	
330.00	0.20696	0.20713	0.20730	0.20678	0.20570	
340.00	0.20713	0.20723	0.20753	0.20680	0.20588	
350.00	0.20737	0.20725	0.20777	0.20719	0.20605	
360.00	0.20753	0.20727	0.20793	0.20753	0.20637	
370.00	0.20769	0.20723	0.20823	0.20776	0.20639	
380.00	0.20792	0.20739	0.20824	0.20798	0.20642	
390.00	0.20841	0.20748	0.20826	0.20800	0.20659	
400.00	0.20856	0.20774	0.20827	0.20795	0.20704	
410.00	0.20864	0.20782	0.20828	0.20813	0.20713	
420.00	0.20906	0.20791	0.20830	0.20884	0.20749	
430.00	0.20907	0.20819	0.20824	0.20898	0.20764	
440.00	0.20937	0.20847	0.20825	0.20906	0.20790	
450.00	0.20937	0.20882	0.20844	0.20906	0.20799	
460.00	0.20944	0.20975	0.20875	0.20916	0.20813	
470.00	0.20938	0.21028	0.20875	0.20961	0.20808	
480.00	0.20945	0.21047	0.20882	0.20961	0.20809	
490.00	0.20983	0.21040	0.20925	0.20985	0.20803	
500.00	0.21008	0.21046	0.20925	0.21021	0.20811	
510.00	0.21093	0.21060	0.20938	0.21020	0.20818	
520.00	0.21098	0.21068	0.20945	0.21039	0.20826	
530.00	0.21159	0.21086	0.20951	0.21032	0.20842	
540.00	0.21193	0.21079	0.20958	0.21044	0.20866	
550.00	0.21210	0.21090	0.20964	0.21084	0.20896	
560.00	0.21235	0.21124	0.20985	0.21125	0.20896	
570.00	0.21239	0.21165	0.20997	0.21138	0.20902	
580.00	0.21263	0.21169	0.21003	0.21157	0.20927	
590.00	0.21291	0.21174	0.21008	0.21194	0.20939	
600.00	0.21301	0.21178	0.21032	0.21199	0.20945	
610.00	0.21334	0.21176	0.21037	0.21209	0.20938	
620.00	0.21349	0.21174	0.21036	0.21231	0.20956	
630.00	0.21346	0.21206	0.21029	0.21229	0.20955	
640.00	0.21354	0.21204	0.21022	0.21251	0.20967	
650.00	0.21392	0.21224	0.21046	0.21294	0.20991	
660.00	0.21403	0.21222	0.21053	0.21286	0.20998	
670.00	0.21424	0.21220	0.21066	0.21306	0.21049	
680.00	0.21430	0.21217	0.21059	0.21317	0.21053	
690.00	0.21446	0.21282	0.21074	0.21320	0.21069	
700.00	0.21472	0.21301	0.21073	0.21339	0.21086	
710.00	0.21486	0.21309	0.21099	0.21364	0.21095	
720.00	0.21482	0.21331	0.21158	0.21394	0.21104	
730.00	0.21478	0.21339	0.21173	0.21396	0.21108	
740.00	0.21479	0.21364	0.21194	0.21416	0.21117	
750.00	0.21507	0.21377	0.21192	0.21436	0.21109	
760.00	0.21521	0.21368	0.21184	0.21469	0.21162	
770.00	0.21516	0.21382	0.21192	0.21503	0.21165	
780.00	0.21527	0.21395	0.21200	0.21520	0.21173	
790.00	0.21548	0.21424	0.21208	0.21526	0.21171	
800.00	0.21578	0.21470	0.21200	0.21526	0.21173	
810.00	0.21583	0.21471	0.21213	0.21542	0.21178	
820.00	0.21608	0.21508	0.21237	0.21565	0.21186	
830.00	0.21602	0.21513	0.21255	0.21580	0.21201	
840.00	0.21612	0.21513	0.21274	0.21601	0.21215	
850.00	0.21636	0.21503	0.21275	0.21601	0.21227	
860.00	0.21645	0.21531	0.21297	0.21632	0.21254	
870.00	0.21649	0.21536	0.21314	0.21663	0.21282	
880.00	0.21648	0.21545	0.21315	0.21697	0.21279	
890.00	0.21642	0.21544	0.21360	0.21701	0.21297	
900.00	0.21641	0.21565	0.21365	0.21694	0.21358	
910.00	0.21645	0.21569	0.21389	0.21693	0.21354	
920.00	0.21661	0.21594	0.21385	0.21696	0.21385	
930.00	0.21663	0.21637	0.21385	0.21709	0.21386	
940.00	0.21663	0.21647	0.21376	0.21707	0.21404	
950.00	0.21652	0.21659	0.21389	0.21721	0.21400	
960.00	0.21693	0.21675	0.21389	0.21740	0.21395	
970.00	0.21682	0.21668	0.21389	0.21752	0.21395	
980.00	0.21695	0.21671	0.21394	0.21755	0.21405	
990.00	0.21698	0.21665	0.21406	0.21766	0.21405	
1000.00	0.21696	0.21681	0.21415	0.21817	0.21415	
1010.00	0.21689	0.21704	0.21428	0.21820	0.21420	
1020.00	0.21718	0.21722	0.21448	0.21817	0.21424	
1030.00	0.21733	0.21720	0.21468	0.21841	0.21415	
1040.00	0.21760	0.21709	0.21467	0.21916	0.21415	
1050.00	0.21757	0.21711	0.21473	0.21980	0.21441	
1060.00	0.21786	0.21734	0.21463	0.21998	0.21431	
1070.00	0.21793	0.21775	0.21453	0.21990	0.21440	
1080.00	0.21814	0.21796	0.21463	0.22005	0.21450	
1090.00	0.21815	0.21788	0.21486	0.22009	0.21440	
1100.00	0.21820	0.21785	0.21498	0.22029	0.21439	
1110.00	0.21825	0.21790	0.21501	0.22028	0.21430	
1120.00	0.21850	0.21787	0.21495	0.22124	0.21420	
1130.00	0.21857	0.21788	0.21494	0.22143	0.21423	
1140.00	0.21853	0.21776	0.21488	0.22128	0.21422	
1150.00	0.21880	0.21775	0.21482	0.22127	0.21434	
1160.00	0.21900	0.21767	0.21477	0.22180	0.21459	
1170.00	0.21904	0.21760	0.21471	0.22175	0.21466	
1180.00	0.21896	0.21764	0.21472	0.22195	0.21460	
1190.00	0.21883	0.21764	0.21466	0.22184	0.21473	
1200.00	0.21884	0.21765	0.21465	0.22201	0.21531	
1210.00	0.21875	0.21774	0.21459	0.22261	0.21554	
1220.00	0.21883	0.21762	0.21449	0.22262	0.21558	
1230.00	0.21908	0.21776	0.21493	0.22261	0.21593	
1240.00	0.21926	0.21793	0.21502	0.22263	0.21598	
1250.00	0.21930	0.21794	0.21519	0.22277	0.21595	
1260.00	0.21944	0.21794	0.21536	0.22283	0.21610	
1270.00	0.21943	0.21824	0.21551	0.22281	0.21599	
1280.00	0.21944	0.21816	0.21544	0.22279	0.21606	
1290.00	0.21931	0.21811	0.21545	0.22287	0.21603	
1300.00	0.21979	0.21818	0.21553	0.22276	0.21618	
1310.00	0.21989	0.21806	0.21586	0.22278	0.21611	
1320.00	0.22015	0.21805	0.21592	0.22282	0.21600	
1330.00	0.22047	0.21800	0.21604	0.22298	0.21593	
1340.00	0.22178	0.21792	0.21615	0.22316	0.21583	
1350.00	0.22218	0.21802	0.21646	0.22317	0.21576	
1360.00	0.22275	0.21801	0.21660	0.22335	0.21565	
1370.00	0.22271	0.21789	0.21662	0.22330	0.21566	
1380.00	0.22279	0.21778	0.21651	0.22433	0.21570	
1390.00	0.22291	0.21781	0.21647	0.22461	0.21569	
1400.00	0.22315	0.21804	0.21649	0.22497	0.21598	
1410.00	0.22320	0.21796	0.21654	0.22487	0.21594	
1420.00	0.22352	0.21787	0.21658	0.22474	0.21598	
1430.00	0.22357	0.21795	0.21676	0.22468	0.21617	
1440.00	0.22348	0.21796	0.21685	0.22455	0.21630	
1450.00	0.22375	0.21819	0.21681	0.22439	0.21656	
1460.00	0.22384	0.21847	0.21695	0.22436	0.21684	
1470.00	0.22368	0.21851	0.21687	0.22420	0.21730	
1480.00	0.22353	0.21873	0.21692	0.22403	0.21768	
1490.00	0.22337	0.21880	0.21701	0.22394	0.21784	
1500.00	0.22339	0.21883	0.21709	0.22388	0.21782	
1510.00	0.22327	0.21880	0.21701	0.22379	0.21801	
1520.00	0.22330	0.21884	0.21707	0.22377	0.21816	
1530.00	0.22329	0.21893	0.21732	0.22396	0.21817	
1540.00	0.22314	0.21884	0.21749	0.22413	0.21858	
1550.00	0.22331	0.21884	0.21760	0.22462	0.21852	
1560.00	0.22331	0.21891	0.21763	0.22446	0.21884	
1570.00	0.22337	0.21936	0.21780	0.22436	0.21872	
1580.00	0.22360	0.21932	0.21784	0.22426	0.21872	
1590.00	0.22356	0.21919	0.21797	0.22410	0.21899	
1600.00	0.22359	0.21940	0.21801	0.22414	0.21944	
1610.00	0.22376	0.21940	0.21809	0.22411	0.21937	
1620.00	0.22388	0.21933	0.21800	0.22407	0.21951	
1630.00	0.22437	0.21930	0.21809	0.22391	0.21954	
1640.00	0.22449	0.21952	0.21799	0.22401	0.21968	
1650.00	0.22496	0.21942	0.21788	0.22443	0.21961	
1660.00	0.22488	0.21972	0.21779	0.22461	0.21967	
1670.00	0.22489	0.21991	0.21779	0.22453	0.21963	
1680.00	0.22492	0.21999	0.21786	0.22484	0.21953	
1690.00	0.22481	0.22026	0.21792	0.22504	0.21968	
1700.00	0.22468	0.22032	0.21796	0.22514	0.21993	
1710.00	0.22504	0.22033	0.21796	0.22497	0.21999	
1720.00	0.22487	0.22043	0.21814	0.22494	0.21999	
1730.00	0.22492	0.22083	0.21826	0.22510	0.21986	
1740.00	0.22538	0.22102	0.21835	0.22496	0.22016	
1750.00	0.22559	0.22119	0.21846	0.22501	0.22021	
1760.00	0.22612	0.22138	0.21875	0.22509	0.22011	
1770.00	0.22603	0.22130	0.21866	0.22511	0.21997	
1780.00	0.22596	0.22116	0.21875	0.22512	0.21987	
1790.00	0.22594	0.22133	0.21871	0.22513	0.21976	
1800.00	0.22592	0.22135	0.21866	0.22496	0.21987	
1810.00	0.22597	0.22132	0.21870	0.22482	0.21977	
1820.00	0.22632	0.22123	0.21860	0.22466	0.21997	
1830.00	0.22662	0.22141	0.21863	0.22458	0.22006	
1840.00	0.22654	0.22132	0.21851	0.22456	0.22055	
1850.00	0.22644	0.22120	0.21855	0.22448	0.22057	
1860.00	0.22632	0.22109	0.21850	0.22479	0.22043	
1870.00	0.22661	0.22122	0.21854	0.22480	0.22077	
1880.00	0.22697	0.22144	0.21847	0.22497	0.22084	
1890.00	0.22711	0.22148	0.21853	0.22483	0.22078	
1900.00	0.22707	0.22186	0.21873	0.22482	0.22078	
1910.00	0.22708	0.22229	0.21879	0.22489	0.22073	
1920.00	0.22704	0.22235	0.21911	0.22494	0.22091	
1930.00	0.22713	0.22231	0.21901	0.22500	0.22127	
1940.00	0.22695	0.22226	0.21912	0.22501	0.22141	
1950.00	0.22680	0.22219	0.21917	0.22506	0.22134	
1960.00	0.22675	0.22218	0.21922	0.22521	0.22124	
1970.00	0.22679	0.22214	0.21912	0.22566	0.22140	
1980.00	0.22705	0.22206	0.21913	0.22588	0.22131	
1990.00	0.22689	0.22228	0.21907	0.22583	0.22124	
2000.00	0.22680	0.22230	0.21944	0.22566	0.22146	
2010.00	0.22683	0.22216	0.21944	0.22568	0.22174	
2020.00	0.22677	0.22217	0.21952	0.22556	0.22194	
2030.00	0.22659	0.22259	0.21939	0.22547	0.22213	
2040.00	0.22644	0.22268	0.21952	0.22617	0.22272	
2050.00	0.22639	0.22269	0.21958	0.22623	0.22289	
2060.00	0.22641	0.22264	0.21952	0.22608	0.22291	
2070.00	0.22626	0.22275	0.21948	0.22604	0.22315	
2080.00	0.22618	0.22283	0.21955	0.22609	0.22340	
2090.00	0.22616	0.22268	0.21965	0.22610	0.22340	
2100.00	0.22603	0.22316	0.21959	0.22614	0.22342	
2110.00	0.22613	0.22300	0.21994	0.22597	0.22366	
2120.00	0.22600	0.22294	0.22019	0.22582	0.22388	
2130.00	0.22583	0.22309	0.22058	0.22565	0.22394	
2140.00	0.22595	0.22303	0.22063	0.22554	0.22379	
2150.00	0.22595	0.22295	0.22051	0.22550	0.22382	
2160.00	0.22618	0.22286	0.22054	0.22562	0.22367	
2170.00	0.22670	0.22283	0.22068	0.22547	0.22371	
2180.00	0.22722	0.22276	0.22064	0.22533	0.22382	
2190.00	0.22729	0.22285	0.22064	0.22535	0.22381	
2200.00	0.22715	0.22279	0.22085	0.22528	0.22367	
2210.00	0.22734	0.22275	0.22112	0.22511	0.22358	
2220.00	0.22720	0.22296	0.22123	0.22526	0.22350	
2230.00	0.22747	0.22313	0.22184	0.22509	0.22364	
2240.00	0.22742	0.22340	0.22183	0.22492	0.22363	
2250.00	0.22754	0.22357	0.22226	0.22501	0.22357	
2260.00	0.22748	0.22357	0.22229	0.22503	0.22358	
2270.00	0.22751	0.22361	0.22229	0.22491	0.22370	
2280.00	0.22733	0.22351	0.22231	0.22478	0.22359	
2290.00	0.22721	0.22371	0.22218	0.22466	0.22347	
2300.00	0.22724	0.22373	0.22214	0.22456	0.22353	
2310.00	0.22719	0.22372	0.22237	0.22441	0.22362	
2320.00	0.22729	0.22358	0.22238	0.22429	0.22364	
2330.00	0.22777	0.22342	0.22223	0.22422	0.22364	
2340.00	0.22795	0.22329	0.22246	0.22436	0.22348	
2350.00	0.22804	0.22351	0.22260	0.22435	0.22345	
2360.00	0.22810	0.22337	0.22274	0.22441	0.22350	
2370.00	0.22816	0.22322	0.22293	0.22451	0.22348	
2380.00	0.22818	0.22306	0.22293	0.22461	0.22387	
2390.00	0.22805	0.22304	0.22282	0.22468	0.22404	
2400.00	0.22831	0.22303	0.22276	0.22452	0.22396	
2410.00	0.22819	0.22288	0.22284	0.22441	0.22405	
2420.00	0.22804	0.22274	0.22283	0.22437	0.22406	
2430.00	0.22794	0.22259	0.22308	0.22457	0.22392	
2440.00	0.22783	0.22265	0.22306	0.22460	0.22404	
2450.00	0.22766	0.22252	0.22315	0.22455	0.22417	
2460.00	0.22780	0.22263	0.22303	0.22439	0.22415	
2470.00	0.22793	0.22255	0.22297	0.22436	0.22424	
2480.00	0.22778	0.22247	0.22314	0.22437	0.22431	
2490.00	0.22776	0.22245	0.22304	0.22430	0.22417	
2500.00	0.22775	0.22258	0.22302	0.22425	0.22433	
2510.00	0.22790	0.22249	0.22318	0.22439	0.22443	
2520.00	0.22790	0.22234	0.22341	0.22435	0.22467	
2530.00	0.22789	0.22219	0.22375	0.22443	0.22453	
2540.00	0.22789	0.22206	0.22381	0.22430	0.22471	
2550.00	0.22774	0.22197	0.22376	0.22462	0.22520	
2560.00	0.22769	0.22225	0.22386	0.22494	0.22507	
2570.00	0.22766	0.22236	0.22372	0.22487	0.22497	
2580.00	0.22751	0.22231	0.22373	0.22505	0.22485	
2590.00	0.22742	0.22219	0.22371	0.22490	0.22502	
2600.00	0.22735	0.22243	0.22360	0.22492	0.22504	
2610.00	0.22748	0.22260	0.22387	0.22475	0.22529	
2620.00	0.22752	0.22253	0.22373	0.22474	0.22537	
2630.00	0.22735	0.22269	0.22359	0.22527	0.22520	
2640.00	0.22767	0.22257	0.22369	0.22536	0.22503	
2650.00	0.22786	0.22253	0.22373	0.22528	0.22517	
2660.00	0.22795	0.22253	0.22369	0.22512	0.22538	
2670.00	0.22776	0.22245	0.22365	0.22529	0.22521	
2680.00	0.22787	0.22257	0.22407	0.22520	0.22516	
2690.00	0.22798	0.22300	0.22393	0.22523	0.22520	
2700.00	0.22805	0.22301	0.22405	0.22524	0.22521	
2710.00	0.22792	0.22308	0.22391	0.22528	0.22510	
2720.00	0.22791	0.22299	0.22411	0.22530	0.22500	
2730.00	0.22804	0.22317	0.22403	0.22513	0.22498	
2740.00	0.22794	0.22323	0.22399	0.22509	0.22483	
2750.00	0.22791	0.22318	0.22410	0.22519	0.22486	
2760.00	0.22808	0.22316	0.22422	0.22513	0.22519	
2770.00	0.22789	0.22305	0.22427	0.22512	0.22560	
2780.00	0.22786	0.22298	0.22457	0.22532	0.22558	
2790.00	0.22792	0.22311	0.22442	0.22523	0.22567	
2800.00	0.22831	0.22307	0.22425	0.22511	0.22602	
2810.00	0.22834	0.22300	0.22437	0.22494	0.22621	
2820.00	0.22840	0.22305	0.22436	0.22478	0.22614	
2830.00	0.22876	0.22311	0.22428	0.22488	0.22633	
2840.00	0.22882	0.22319	0.22456	0.22485	0.22631	
2850.00	0.22886	0.22304	0.22445	0.22514	0.22637	
2860.00	0.22873	0.22296	0.22438	0.22523	0.22646	
2870.00	0.22876	0.22282	0.22431	0.22510	0.22636	
2880.00	0.22902	0.22272	0.22415	0.22496	0.22619	
2890.00	0.22887	0.22274	0.22432	0.22481	0.22614	
2900.00	0.22869	0.22287	0.22462	0.22466	0.22598	
2910.00	0.22874	0.22271	0.22488	0.22456	0.22607	
2920.00	0.22870	0.22268	0.22474	0.22448	0.22601	
2930.00	0.22874	0.22263	0.22489	0.22504	0.22593	
2940.00	0.22910	0.22250	0.22499	0.22515	0.22595	
2950.00	0.22928	0.22249	0.22501	0.22502	0.22594	
2960.00	0.22928	0.22247	0.22488	0.22531	0.22585	
2970.00	0.22916	0.22232	0.22509	0.22535	0.22570	
2980.00	0.22902	0.22222	0.22517	0.22541	0.22553	
2990.00	0.22930	0.22230	0.22523	0.22526	0.22538	
3000.00	0.22932	0.22218	0.22522	0.22514	0.22524	
3010.00	0.22931	0.22218	0.22520	0.22503	0.22525	
3020.00	0.22948	0.22207	0.22548	0.22500	0.22526	
3030.00	0.22948	0.22199	0.22561	0.22536	0.22516	
3040.00	0.22976	0.22201	0.22556	0.22538	0.22501	
3050.00	0.23000	0.22187	0.22555	0.22554	0.22487	
3060.00	0.22983	0.22200	0.22551	0.22543	0.22491	
3070.00	0.22983	0.22198	0.22541	0.22527	0.22498	
3080.00	0.23002	0.22185	0.22541	0.22523	0.22502	
3090.00	0.22997	0.22195	0.22569	0.22521	0.22499	
3100.00	0.23007	0.22217	0.22556	0.22506	0.22508	
3110.00	0.23031	0.22218	0.22550	0.22498	0.22491	
3120.00	0.23023	0.22249	0.22543	0.22485	0.22508	
3130.00	0.23022	0.22260	0.22543	0.22478	0.22523	
3140.00	0.23023	0.22260	0.22551	0.22496	0.22530	
3150.00	0.23007	0.22259	0.22562	0.22479	0.22523	
3160.00	0.23001	0.22245	0.22561	0.22472	0.22514	
3170.00	0.23020	0.22238	0.22589	0.22467	0.22516	
3180.00	0.23052	0.22242	0.22597	0.22461	0.22499	
3190.00	0.23056	0.22249	0.22584	0.22453	0.22501	
3200.00	0.23094	0.22260	0.22586	0.22449	0.22485	
3210.00	0.23112	0.22260	0.22600	0.22433	0.22492	
3220.00	0.23123	0.22252	0.22615	0.22432	0.22483	
3230.00	0.23175	0.22269	0.22616	0.22467	0.22467	
3240.00	0.23172	0.22276	0.22627	0.22473	0.22461	
3250.00	0.23153	0.22310	0.22646	0.22470	0.22446	
3260.00	0.23161	0.22296	0.22628	0.22505	0.22482	
3270.00	0.23140	0.22284	0.22616	0.22497	0.22482	
3280.00	0.23152	0.22269	0.22626	0.22507	0.22481	
3290.00	0.23138	0.22268	0.22640	0.22508	0.22502	
3300.00	0.23134	0.22271	0.22653	0.22512	0.22514	
3310.00	0.23159	0.22258	0.22641	0.22496	0.22501	
3320.00	0.23139	0.22243	0.22644	0.22496	0.22538	
3330.00	0.23130	0.22239	0.22629	0.22508	0.22560	
3340.00	0.23117	0.22224	0.22611	0.22515	0.22569	
3350.00	0.23112	0.22229	0.22619	0.22502	0.22598	
3360.00	0.23119	0.22214	0.22633	0.22524	0.22612	
3370.00	0.23116	0.22242	0.22640	0.22510	0.22597	
3380.00	0.23125	0.22231	0.22643	0.22498	0.22625	
3390.00	0.23113	0.22241	0.22631	0.22492	0.22626	
3400.00	0.23095	0.22232	0.22616	0.22487	0.22621	
3410.00	0.23086	0.22222	0.22613	0.22499	0.22623	
3420.00	0.23066	0.22217	0.22611	0.22529	0.22632	
3430.00	0.23067	0.22203	0.22610	0.22535	0.22615	
3440.00	0.23054	0.22192	0.22604	0.22553	0.22634	
3450.00	0.23049	0.22206	0.22651	0.22554	0.22656	
3460.00	0.23035	0.22196	0.22660	0.22547	0.22652	
3470.00	0.23045	0.22199	0.22660	0.22531	0.22669	
3480.00	0.23025	0.22208	0.22643	0.22538	0.22673	
3490.00	0.23021	0.22200	0.22657	0.22563	0.22655	
3500.00	0.23005	0.22187	0.22650	0.22568	0.22656	
3510.00	0.23004	0.22173	0.22654	0.22551	0.22684	
3520.00	0.22992	0.22182	0.22648	0.22551	0.22666	
3530.00	0.22978	0.22195	0.22645	0.22534	0.22710	
3540.00	0.22973	0.22181	0.22636	0.22536	0.22709	
3550.00	0.22967	0.22181	0.22667	0.22556	0.22691	
3560.00	0.22961	0.22167	0.22649	0.22568	0.22690	
3570.00	0.22954	0.22193	0.22649	0.22597	0.22673	
3580.00	0.22963	0.22180	0.22636	0.22595	0.22677	
3590.00	0.22987	0.22168	0.22619	0.22606	0.22660	
3600.00	0.23011	0.22167	0.22622	0.22615	0.22642	
3610.00	0.23028	0.22178	0.22648	0.22630	0.22632	
3620.00	0.23041	0.22167	0.22649	0.22646	0.22626	
3630.00	0.23025	0.22153	0.22638	0.22640	0.22635	
3640.00	0.23047	0.22140	0.22630	0.22663	0.22633	
3650.00	0.23070	0.22140	0.22627	0.22675	0.22624	
3660.00	0.23064	0.22128	0.22627	0.22676	0.22618	
3670.00	0.23044	0.22117	0.22633	0.22679	0.22615	
3680.00	0.23029	0.22103	0.22631	0.22661	0.22609	
3690.00	0.23021	0.22100	0.22644	0.22646	0.22607	
3700.00	0.23005	0.22108	0.22664	0.22629	0.22606	
3710.00	0.23018	0.22107	0.22674	0.22647	0.22598	
3720.00	0.23037	0.22100	0.22672	0.22651	0.22597	
3730.00	0.23017	0.22128	0.22654	0.22636	0.22607	
3740.00	0.23002	0.22138	0.22656	0.22636	0.22602	
3750.00	0.22982	0.22139	0.22686	0.22643	0.22586	
3760.00	0.22978	0.22126	0.22678	0.22652	0.22576	
3770.00	0.22975	0.22136	0.22661	0.22639	0.22590	
3780.00	0.22966	0.22133	0.22666	0.22636	0.22581	
3790.00	0.22987	0.22126	0.22687	0.22641	0.22578	
3800.00	0.22975	0.22119	0.22675	0.22624	0.22580	
3810.00	0.22970	0.22119	0.22691	0.22607	0.22565	
3820.00	0.22962	0.22135	0.22688	0.22625	0.22575	
3830.00	0.22969	0.22122	0.22671	0.22655	0.22575	
3840.00	0.22952	0.22127	0.22664	0.22643	0.22578	
3850.00	0.22966	0.22114	0.22647	0.22658	0.22580	
3860.00	0.22977	0.22113	0.22634	0.22662	0.22578	
3870.00	0.22979	0.22113	0.22676	0.22645	0.22571	
3880.00	0.23006	0.22102	0.22688	0.22634	0.22564	
3890.00	0.22992	0.22089	0.22681	0.22645	0.22551	
3900.00	0.22973	0.22090	0.22675	0.22688	0.22545	
3910.00	0.22964	0.22105	0.22658	0.22755	0.22532	
3920.00	0.22968	0.22111	0.22675	0.22747	0.22536	
3930.00	0.22974	0.22115	0.22658	0.22750	0.22546	
3940.00	0.22958	0.22125	0.22661	0.22738	0.22537	
3950.00	0.22975	0.22122	0.22664	0.22742	0.22526	
3960.00	0.22965	0.22113	0.22668	0.22749	0.22557	
3970.00	0.22988	0.22112	0.22704	0.22738	0.22557	
3980.00	0.23003	0.22116	0.22718	0.22768	0.22552	
3990.00	0.22991	0.22128	0.22749	0.22794	0.22535	
4000.00	0.22974	0.22146	0.22779	0.22793	0.22528	
4010.00	0.22967	0.22139	0.22770	0.22775	0.22532	
4020.00	0.22975	0.22145	0.22762	0.22785	0.22534	
4030.00	0.22961	0.22131	0.22783	0.22787	0.22530	
4040.00	0.22950	0.22117	0.22796	0.22821	0.22513	
4050.00	0.22932	0.22119	0.22792	0.22840	0.22518	
4060.00	0.22957	0.22107	0.22774	0.22849	0.22542	
4070.00	0.22958	0.22093	0.22766	0.22853	0.22589	
4080.00	0.22965	0.22100	0.22763	0.22855	0.22576	
4090.00	0.22986	0.22104	0.22811	0.22837	0.22559	
4100.00	0.22975	0.22121	0.22827	0.22858	0.22548	
4110.00	0.22993	0.22167	0.22828	0.22861	0.22549	
4120.00	0.23000	0.22182	0.22809	0.22862	0.22578	
4130.00	0.23008	0.22175	0.22793	0.22866	0.22564	
4140.00	0.23036	0.22185	0.22810	0.22855	0.22569	
4150.00	0.23031	0.22172	0.22795	0.22852	0.22560	
4160.00	0.23011	0.22158	0.22785	0.22866	0.22556	
4170.00	0.22997	0.22158	0.22772	0.22877	0.22544	
4180.00	0.22985	0.22154	0.22769	0.22887	0.22539	
4190.00	0.22966	0.22172	0.22751	0.22905	0.22549	
4200.00	0.22954	0.22166	0.22734	0.22907	0.22544	
4210.00	0.22946	0.22159	0.22753	0.22895	0.22566	
4220.00	0.22932	0.22161	0.22751	0.22905	0.22558	
4230.00	0.22944	0.22147	0.22753	0.22896	0.22556	
4240.00	0.22960	0.22138	0.22761	0.22883	0.22547	
4250.00	0.22945	0.22124	0.22764	0.22884	0.22538	
4260.00	0.22950	0.22121	0.22763	0.22881	0.22533	
4270.00	0.22930	0.22108	0.22756	0.22895	0.22519	
4280.00	0.22911	0.22120	0.22753	0.22902	0.22504	
4290.00	0.22901	0.22176	0.22737	0.22916	0.22488	
4300.00	0.22882	0.22209	0.22719	0.22923	0.22495	
4310.00	0.22881	0.22204	0.22711	0.22947	0.22489	
4320.00	0.22895	0.22214	0.22696	0.22949	0.22484	
4330.00	0.22903	0.22204	0.22704	0.22962	0.22485	
4340.00	0.22891	0.22195	0.22714	0.22978	0.22493	
4350.00	0.22886	0.22190	0.22698	0.22991	0.22486	
4360.00	0.22887	0.22198	0.22729	0.23001	0.22515	
4370.00	0.22873	0.22187	0.22734	0.23028	0.22504	
4380.00	0.22861	0.22172	0.22723	0.23048	0.22550	
4390.00	0.22878	0.22169	0.22715	0.23054	0.22534	
4400.00	0.22878	0.22155	0.22746	0.23093	0.22553	
4410.00	0.22875	0.22166	0.22730	0.23081	0.22550	
4420.00	0.22857	0.22170	0.22738	0.23094	0.22554	
4430.00	0.22876	0.22170	0.22724	0.23078	0.22537	
4440.00	0.22857	0.22176	0.22733	0.23096	0.22522	
4450.00	0.22850	0.22174	0.22734	0.23076	0.22519	
4460.00	0.22853	0.22166	0.22731	0.23074	0.22520	
4470.00	0.22853	0.22173	0.22733	0.23070	0.22519	
4480.00	0.22848	0.22182	0.22737	0.23081	0.22502	
4490.00	0.22857	0.22170	0.22736	0.23070	0.22504	
4500.00	0.22871	0.22156	0.22774	0.23050	0.22488	
4510.00	0.22895	0.22166	0.22770	0.23031	0.22486	
4520.00	0.22896	0.22155	0.22781	0.23015	0.22470	
4530.00	0.22907	0.22164	0.22771	0.22995	0.22482	
4540.00	0.22908	0.22176	0.22767	0.22978	0.22505	
4550.00	0.22889	0.22181	0.22779	0.22961	0.22496	
4560.00	0.22891	0.22188	0.22760	0.22943	0.22518	
4570.00	0.22872	0.22180	0.22754	0.22959	0.22538	
4580.00	0.22862	0.22192	0.22750	0.22950	0.22526	
4590.00	0.22860	0.22186	0.22732	0.22969	0.22517	
4600.00	0.22843	0.22203	0.22714	0.22981	0.22504	
4610.00	0.22841	0.22218	0.22729	0.22989	0.22487	
4620.00	0.22828	0.22229	0.22720	0.23045	0.22476	
4630.00	0.22826	0.22260	0.22716	0.23077	0.22473	
4640.00	0.22843	0.22260	0.22704	0.23076	0.22463	
4650.00	0.22829	0.22257	0.22694	0.23080	0.22454	
4660.00	0.22830	0.22298	0.22688	0.23083	0.22438	
4670.00	0.22811	0.22310	0.22705	0.23082	0.22450	
4680.00	0.22803	0.22319	0.22714	0.23126	0.22434	
4690.00	0.22801	0.22311	0.22696	0.23124	0.22426	
4700.00	0.22784	0.22298	0.22717	0.23104	0.22452	
4710.00	0.22771	0.22332	0.22723	0.23089	0.22457	
4720.00	0.22753	0.22352	0.22758	0.23069	0.22465	
4730.00	0.22748	0.22338	0.22740	0.23080	0.22459	
4740.00	0.22733	0.22337	0.22764	0.23069	0.22456	
4750.00	0.22724	0.22328	0.22747	0.23083	0.22440	
4760.00	0.22739	0.22331	0.22742	0.23082	0.22455	
4770.00	0.22737	0.22326	0.22737	0.23068	0.22454	
4780.00	0.22736	0.22335	0.22733	0.23100	0.22476	
4790.00	0.22744	0.22377	0.22716	0.23093	0.22474	
4800.00	0.22738	0.22366	0.22725	0.23074	0.22459	
4810.00	0.22726	0.22360	0.22726	0.23089	0.22445	
4820.00	0.22735	0.22359	0.22708	0.23102	0.22430	
4830.00	0.22747	0.22363	0.22694	0.23082	0.22423	
4840.00	0.22740	0.22398	0.22696	0.23088	0.22442	
4850.00	0.22732	0.22414	0.22687	0.23068	0.22438	
4860.00	0.22746	0.22426	0.22676	0.23053	0.22453	
4870.00	0.22739	0.22415	0.22673	0.23074	0.22437	
4880.00	0.22755	0.22402	0.22674	0.23055	0.22434	
4890.00	0.22740	0.22386	0.22705	0.23053	0.22418	
4900.00	0.22730	0.22394	0.22738	0.23044	0.22418	
4910.00	0.22731	0.22386	0.22735	0.23037	0.22409	
4920.00	0.22736	0.22384	0.22717	0.23035	0.22417	
4930.00	0.22765	0.22381	0.22718	0.23016	0.22420	
4940.00	0.22760	0.22370	0.22720	0.23012	0.22422	
4950.00	0.22750	0.22373	0.22706	0.23046	0.22415	
4960.00	0.22744	0.22393	0.22728	0.23079	0.22406	
4970.00	0.22731	0.22395	0.22722	0.23092	0.22416	
4980.00	0.22739	0.22390	0.22731	0.23096	0.22408	
4990.00	0.22734	0.22394	0.22733	0.23093	0.22423	
5000.00	0.22735	0.22388	0.22740	0.23073	0.22435	
5010.00	0.22717	0.22413	0.22749	0.23083	0.22419	
5020.00	0.22707	0.22417	0.22767	0.23079	0.22429	
5030.00	0.22718	0.22411	0.22760	0.23080	0.22425	
5040.00	0.22700	0.22405	0.22773	0.23077	0.22424	
5050.00	0.22697	0.22393	0.22755	0.23085	0.22432	
5060.00	0.22713	0.22385	0.22751	0.23073	0.22433	
5070.00	0.22714	0.22396	0.22742	0.23054	0.22419	
5080.00	0.22708	0.22431	0.22738	0.23047	0.22417	
5090.00	0.22706	0.22426	0.22747	0.23046	0.22403	
5100.00	0.22719	0.22423	0.22761	0.23043	0.22387	
5110.00	0.22741	0.22434	0.22769	0.23028	0.22371	
5120.00	0.22744	0.22430	0.22765	0.23047	0.22383	
5130.00	0.22738	0.22428	0.22782	0.23059	0.22392	
5140.00	0.22738	0.22429	0.22773	0.23041	0.22380	
5150.00	0.22745	0.22420	0.22775	0.23035	0.22387	
5160.00	0.22747	0.22439	0.22770	0.23056	0.22398	
5170.00	0.22733	0.22435	0.22766	0.23081	0.22396	
5180.00	0.22733	0.22461	0.22760	0.23073	0.22395	
5190.00	0.22728	0.22493	0.22744	0.23097	0.22390	
5200.00	0.22733	0.22476	0.22752	0.23110	0.22404	
5210.00	0.22739	0.22464	0.22752	0.23108	0.22394	
5220.00	0.22732	0.22450	0.22767	0.23101	0.22415	
5230.00	0.22739	0.22434	0.22764	0.23105	0.22427	
5240.00	0.22759	0.22419	0.22770	0.23113	0.22413	
5250.00	0.22773	0.22404	0.22758	0.23122	0.22405	
5260.00	0.22755	0.22388	0.22752	0.23146	0.22409	
5270.00	0.22738	0.22380	0.22734	0.23208	0.22399	
5280.00	0.22727	0.22378	0.22729	0.23218	0.22405	
5290.00	0.22709	0.22364	0.22716	0.23231	0.22401	
5300.00	0.22698	0.22379	0.22714	0.23260	0.22410	
5310.00	0.22698	0.22392	0.22725	0.23246	0.22394	
5320.00	0.22695	0.22391	0.22714	0.23290	0.22381	
5330.00	0.22690	0.22399	0.22695	0.23303	0.22396	
5340.00	0.22672	0.22405	0.22680	0.23312	0.22386	
5350.00	0.22678	0.22448	0.22679	0.23306	0.22415	
5360.00	0.22670	0.22436	0.22685	0.23284	0.22433	
5370.00	0.22656	0.22442	0.22691	0.23293	0.22473	
5380.00	0.22665	0.22447	0.22681	0.23274	0.22457	
5390.00	0.22656	0.22452	0.22682	0.23264	0.22481	
5400.00	0.22642	0.22441	0.22675	0.23280	0.22487	
5410.00	0.22652	0.22425	0.22665	0.23283	0.22484	
5420.00	0.22651	0.22451	0.22651	0.23269	0.22486	
5430.00	0.22656	0.22466	0.22643	0.23265	0.22513	
5440.00	0.22658	0.22452	0.22634	0.23270	0.22530	
5450.00	0.22656	0.22436	0.22647	0.23248	0.22542	
5460.00	0.22648	0.22419	0.22642	0.23250	0.22549	
5470.00	0.22635	0.22403	0.22645	0.23248	0.22575	
5480.00	0.22628	0.22397	0.22646	0.23246	0.22612	
5490.00	0.22611	0.22397	0.22644	0.23272	0.22681	
5500.00	0.22595	0.22392	0.22657	0.23251	0.22721	
5510.00	0.22600	0.22389	0.22642	0.23230	0.22728	
5520.00	0.22603	0.22373	0.22624	0.23230	0.22734	
5530.00	0.22597	0.22357	0.22607	0.23227	0.22741	
5540.00	0.22601	0.22344	0.22590	0.23215	0.22760	
5550.00	0.22593	0.22329	0.22607	0.23211	0.22750	
5560.00	0.22578	0.22318	0.22596	0.23209	0.22747	
5570.00	0.22567	0.22321	0.22585	0.23275	0.22733	
5580.00	0.22553	0.22306	0.22581	0.23295	0.22715	
5590.00	0.22538	0.22307	0.22588	0.23313	0.22697	
5600.00	0.22535	0.22320	0.22586	0.23296	0.22684	
5610.00	0.22531	0.22320	0.22602	0.23285	0.22666	
5620.00	0.22539	0.22305	0.22621	0.23289	0.22658	
5630.00	0.22538	0.22297	0.22629	0.23303	0.22648	
5640.00	0.22521	0.22283	0.22627	0.23287	0.22670	
5650.00	0.22552	0.22277	0.22609	0.23265	0.22697	
5660.00	0.22619	0.22269	0.22595	0.23263	0.22731	
5670.00	0.22608	0.22288	0.22578	0.23296	0.22729	
5680.00	0.22631	0.22278	0.22561	0.23291	0.22736	
5690.00	0.22621	0.22309	0.22583	0.23315	0.22727	
5700.00	0.22618	0.22294	0.22587	0.23293	0.22752	
5710.00	0.22623	0.22294	0.22607	0.23274	0.22776	
5720.00	0.22623	0.22286	0.22617	0.23257	0.22758	
5730.00	0.22624	0.22300	0.22619	0.23284	0.22751	
5740.00	0.22619	0.22295	0.22632	0.23284	0.22755	
5750.00	0.22609	0.22291	0.22641	0.23278	0.22759	
5760.00	0.22606	0.22290	0.22650	0.23266	0.22792	
5770.00	0.22605	0.22282	0.22632	0.23271	0.22792	
5780.00	0.22614	0.22281	0.22640	0.23271	0.22805	
5790.00	0.22603	0.22295	0.22633	0.23254	0.22827	
5800.00	0.22621	0.22317	0.22628	0.23238	0.22824	
5810.00	0.22643	0.22314	0.22611	0.23256	0.22820	
5820.00	0.22626	0.22316	0.22610	0.23242	0.22835	
5830.00	0.22636	0.22307	0.22620	0.23221	0.22875	
5840.00	0.22631	0.22305	0.22602	0.23211	0.22876	
5850.00	0.22635	0.22307	0.22640	0.23225	0.22862	
5860.00	0.22634	0.22307	0.22622	0.23228	0.22851	
5870.00	0.22617	0.22300	0.22624	0.23221	0.22859	
5880.00	0.22599	0.22305	0.22623	0.23223	0.22840	
5890.00	0.22598	0.22290	0.22607	0.23262	0.22835	
5900.00	0.22602	0.22310	0.22600	0.23281	0.22833	
5910.00	0.22608	0.22321	0.22590	0.23279	0.22829	
5920.00	0.22605	0.22307	0.22599	0.23270	0.22837	
5930.00	0.22608	0.22292	0.22612	0.23280	0.22819	
5940.00	0.22594	0.22287	0.22623	0.23337	0.22829	
5950.00	0.22594	0.22272	0.22611	0.23342	0.22830	
5960.00	0.22595	0.22265	0.22603	0.23343	0.22815	
5970.00	0.22589	0.22268	0.22586	0.23341	0.22822	
5980.00	0.22579	0.22268	0.22633	0.23339	0.22868	
5990.00	0.22621	0.22258	0.22698	0.23338	0.22863	
6000.00	0.22614	0.22269	0.22716	0.23363	0.22884	
6010.00	0.22597	0.22276	0.22715	0.23384	0.22866	
6020.00	0.22594	0.22285	0.22722	0.23371	0.22861	
6030.00	0.22591	0.22288	0.22733	0.23371	0.22863	
6040.00	0.22591	0.22294	0.22738	0.23405	0.22856	
6050.00	0.22585	0.22310	0.22756	0.23396	0.22844	
6060.00	0.22585	0.22305	0.22754	0.23408	0.22859	
6070.00	0.22569	0.22311	0.22769	0.23389	0.22855	
6080.00	0.22553	0.22297	0.22780	0.23438	0.22865	
6090.00	0.22548	0.22282	0.22771	0.23467	0.22860	
6100.00	0.22547	0.22273	0.22783	0.23458	0.22855	
6110.00	0.22533	0.22265	0.22790	0.23480	0.22852	
6120.00	0.22523	0.22250	0.22791	0.23482	0.22841	
6130.00	0.22525	0.22249	0.22773	0.23491	0.22823	
6140.00	0.22516	0.22246	0.22787	0.23471	0.22820	
6150.00	0.22537	0.22242	0.22816	0.23487	0.22813	
6160.00	0.22543	0.22228	0.22811	0.23480	0.22807	
6170.00	0.22562	0.22217	0.22817	0.23459	0.22806	
6180.00	0.22545	0.22202	0.22814	0.23479	0.22801	
6190.00	0.22559	0.22188	0.22797	0.23479	0.22809	
6200.00	0.22574	0.22183	0.22809	0.23465	0.22805	
6210.00	0.22584	0.22171	0.22815	0.23459	0.22790	
6220.00	0.22591	0.22158	0.22808	0.23468	0.22849	
6230.00	0.22599	0.22144	0.22789	0.23487	0.22872	
6240.00	0.22600	0.22172	0.22773	0.23495	0.22858	
6250.00	0.22622	0.22162	0.22775	0.23493	0.22850	
6260.00	0.22608	0.22186	0.22757	0.23506	0.22833	
6270.00	0.22602	0.22171	0.22753	0.23516	0.22823	
6280.00	0.22585	0.22171	0.22735	0.23540	0.22832	
6290.00	0.22581	0.22188	0.22761	0.23532	0.22825	
6300.00	0.22581	0.22179	0.22752	0.23508	0.22818	
6310.00	0.22572	0.22182	0.22746	0.23557	0.22805	
6320.00	0.22569	0.22169	0.22756	0.23562	0.22786	
6330.00	0.22584	0.22156	0.22739	0.23558	0.22772	
6340.00	0.22598	0.22142	0.22761	0.23554	0.22755	
6350.00	0.22603	0.22128	0.22768	0.23548	0.22747	
6360.00	0.22605	0.22115	0.22750	0.23577	0.22758	
6370.00	0.22589	0.22112	0.22755	0.23553	0.22764	
6380.00	0.22634	0.22100	0.22764	0.23530	0.22746	
6390.00	0.22643	0.22086	0.22757	0.23554	0.22737	
6400.00	0.22661	0.22073	0.22748	0.23555	0.22737	
6410.00	0.22685	0.22072	0.22742	0.23534	0.22736	
6420.00	0.22675	0.22076	0.22740	0.23536	0.22725	
6430.00	0.22657	0.22077	0.22741	0.23529	0.22741	
6440.00	0.22678	0.22065	0.22789	0.23518	0.22741	
6450.00	0.22688	0.22062	0.22814	0.23496	0.22742	
6460.00	0.22677	0.22049	0.22821	0.23473	0.22743	
6470.00	0.22666	0.22037	0.22850	0.23472	0.22732	
6480.00	0.22648	0.22034	0.22853	0.23473	0.22714	
6490.00	0.22636	0.22026	0.22869	0.23473	0.22697	
6500.00	0.22628	0.22014	0.22889	0.23475	0.22701	
6510.00	0.22627	0.22001	0.22915	0.23490	0.22700	
6520.00	0.22610	0.21993	0.22911	0.23526	0.22682	
6530.00	0.22612	0.21997	0.22892	0.23522	0.22668	
6540.00	0.22617	0.21999	0.22899	0.23511	0.22654	
6550.00	0.22644	0.21985	0.22939	0.23497	0.22661	
6560.00	0.22629	0.21982	0.22933	0.23500	0.22654	
6570.00	0.22630	0.21970	0.22986	0.23513	0.22641	
6580.00	0.22629	0.21958	0.23005	0.23513	0.22662	
6590.00	0.22613	0.21983	0.23030	0.23508	0.22664	
6600.00	0.22616	0.22002	0.23030	0.23492	0.22662	
6610.00	0.22602	0.22005	0.23030	0.23470	0.22647	
6620.00	0.22629	0.21997	0.23025	0.23451	0.22669	
6630.00	0.22637	0.22003	0.23027	0.23455	0.22668	
6640.00	0.22648	0.21990	0.23067	0.23435	0.22668	
6650.00	0.22671	0.21977	0.23106	0.23436	0.22660	
6660.00	0.22658	0.21967	0.23129	0.23453	0.22649	
6670.00	0.22670	0.21960	0.23120	0.23430	0.22641	
6680.00	0.22674	0.21979	0.23112	0.23416	0.22623	
6690.00	0.22656	0.22016	0.23096	0.23471	0.22623	
6700.00	0.22640	0.22009	0.23075	0.23503	0.22617	
6710.00	0.22663	0.22031	0.23084	0.23495	0.22621	
6720.00	0.22662	0.22047	0.23080	0.23481	0.22615	
6730.00	0.22651	0.22058	0.23069	0.23495	0.22597	
6740.00	0.22640	0.22066	0.23090	0.23495	0.22599	
6750.00	0.22622	0.22078	0.23091	0.23516	0.22596	
6760.00	0.22626	0.22077	0.23078	0.23504	0.22579	
6770.00	0.22622	0.22095	0.23084	0.23497	0.22609	
6780.00	0.22612	0.22134	0.23071	0.23496	0.22601	
6790.00	0.22641	0.22132	0.23059	0.23496	0.22583	
6800.00	0.22654	0.22118	0.23051	0.23502	0.22574	
6810.00	0.22666	0.22122	0.23045	0.23483	0.22586	
6820.00	0.22666	0.22118	0.23044	0.23474	0.22593	
6830.00	0.22673	0.22109	0.23029	0.23453	0.22589	
6840.00	0.22657	0.22119	0.23025	0.23436	0.22609	
6850.00	0.22679	0.22125	0.23053	0.23425	0.22603	
6860.00	0.22679	0.22135	0.23087	0.23431	0.22596	
6870.00	0.22675	0.22126	0.23085	0.23443	0.22581	
6880.00	0.22666	0.22126	0.23067	0.23483	0.22579	
6890.00	0.22677	0.22127	0.23085	0.23476	0.22574	
6900.00	0.22659	0.22154	0.23108	0.23487	0.22557	
6910.00	0.22653	0.22192	0.23096	0.23519	0.22542	
6920.00	0.22677	0.22180	0.23081	0.23556	0.22549	
6930.00	0.22669	0.22179	0.23074	0.23568	0.22532	
6940.00	0.22657	0.22165	0.23102	0.23558	0.22533	
6950.00	0.22655	0.22188	0.23081	0.23580	0.22517	
6960.00	0.22660	0.22173	0.23083	0.23617	0.22500	
6970.00	0.22681	0.22176	0.23077	0.23627	0.22493	
6980.00	0.22698	0.22162	0.23071	0.23650	0.22477	
6990.00	0.22719	0.22148	0.23066	0.23649	0.22469	
7000.00	0.22701	0.22134	0.23063	0.23624	0.22486	
7010.00	0.22703	0.22130	0.23058	0.23612	0.22478	
7020.00	0.22747	0.22159	0.23096	0.23617	0.22478	
7030.00	0.22743	0.22156	0.23158	0.23609	0.22479	
7040.00	0.22731	0.22165	0.23191	0.23619	0.22481	
7050.00	0.22739	0.22161	0.23180	0.23637	0.22464	
7060.00	0.22735	0.22151	0.23164	0.23613	0.22497	
7070.00	0.22740	0.22165	0.23193	0.23589	0.22488	
7080.00	0.22722	0.22150	0.23193	0.23584	0.22500	
7090.00	0.22717	0.22142	0.23210	0.23560	0.22541	
7100.00	0.22719	0.22144	0.23213	0.23548	0.22535	
7110.00	0.22721	0.22150	0.23208	0.23525	0.22526	
7120.00	0.22718	0.22166	0.23187	0.23523	0.22513	
7130.00	0.22711	0.22187	0.23201	0.23513	0.22517	
7140.00	0.22732	0.22185	0.23184	0.23491	0.22513	
7150.00	0.22726	0.22205	0.23181	0.23486	0.22513	
7160.00	0.22730	0.22203	0.23169	0.23478	0.22542	
7170.00	0.22712	0.22192	0.23150	0.23469	0.22550	
7180.00	0.22707	0.22213	0.23153	0.23456	0.22545	
7190.00	0.22741	0.22239	0.23138	0.23458	0.22530	
7200.00	0.22755	0.22250	0.23143	0.23503	0.22516	
7210.00	0.22753	0.22235	0.23136	0.23500	0.22539	
7220.00	0.22750	0.22220	0.23168	0.23508	0.22529	
7230.00	0.22764	0.22234	0.23163	0.23526	0.22538	
7240.00	0.22766	0.22236	0.23142	0.23546	0.22530	
7250.00	0.22755	0.22268	0.23122	0.23525	0.22514	
7260.00	0.22748	0.22258	0.23114	0.23523	0.22500	
7270.00	0.22738	0.22267	0.23113	0.23550	0.22505	
7280.00	0.22748	0.22259	0.23126	0.23550	0.22491	
7290.00	0.22732	0.22280	0.23106	0.23557	0.22490	
7300.00	0.22743	0.22317	0.23097	0.23563	0.22497	
7310.00	0.22737	0.22326	0.23077	0.23641	0.22514	
7320.00	0.22719	0.22345	0.23089	0.23645	0.22508	
7330.00	0.22740	0.22364	0.23116	0.23666	0.22493	
7340.00	0.22723	0.22372	0.23095	0.23665	0.22483	
7350.00	0.22717	0.22373	0.23097	0.23645	0.22478	
7360.00	0.22738	0.22357	0.23097	0.23636	0.22468	
7370.00	0.22760	0.22354	0.23098	0.23664	0.22510	
7380.00	0.22764	0.22339	0.23081	0.23661	0.22514	
7390.00	0.22767	0.22352	0.23076	0.23644	0.22497	
7400.00	0.22749	0.22374	0.23088	0.23638	0.22499	
7410.00	0.22732	0.22387	0.23089	0.23627	0.22491	
7420.00	0.22733	0.22417	0.23068	0.23635	0.22475	
7430.00	0.22721	0.22416	0.23052	0.23611	0.22466	
7440.00	0.22704	0.22431	0.23032	0.23593	0.22468	
7450.00	0.22686	0.22416	0.23015	0.23583	0.22466	
7460.00	0.22687	0.22435	0.22999	0.23577	0.22456	
7470.00	0.22671	0.22446	0.22993	0.23560	0.22456	
7480.00	0.22663	0.22438	0.23009	0.23539	0.22460	
7490.00	0.22645	0.22437	0.23002	0.23517	0.22460	
7500.00	0.22679	0.22435	0.23031	0.23506	0.22444	
7510.00	0.22694	0.22427	0.23032	0.23483	0.22433	
7520.00	0.22680	0.22432	0.23052	0.23460	0.22418	
7530.00	0.22663	0.22416	0.23082	0.23467	0.22411	
7540.00	0.22647	0.22418	0.23080	0.23486	0.22407	
7550.00	0.22673	0.22402	0.23060	0.23492	0.22431	
7560.00	0.22695	0.22417	0.23046	0.23503	0.22416	
7570.00	0.22696	0.22414	0.23049	0.23513	0.22421	
7580.00	0.22754	0.22422	0.23044	0.23508	0.22423	
7590.00	0.22760	0.22482	0.23051	0.23495	0.22419	
7600.00	0.22746	0.22472	0.23055	0.23484	0.22415	
7610.00	0.22727	0.22456	0.23071	0.23482	0.22416	
7620.00	0.22719	0.22454	0.23088	0.23460	0.22421	
7630.00	0.22706	0.22469	0.23095	0.23439	0.22423	
7640.00	0.22688	0.22476	0.23102	0.23440	0.22417	
7650.00	0.22695	0.22477	0.23117	0.23441	0.22401	
7660.00	0.22687	0.22460	0.23133	0.23442	0.22389	
7670.00	0.22719	0.22446	0.23165	0.23426	0.22373	
7680.00	0.22712	0.22450	0.23169	0.23405	0.22357	
7690.00	0.22700	0.22444	0.23175	0.23386	0.22371	
7700.00	0.22687	0.22438	0.23253	0.23363	0.22371	
7710.00	0.22694	0.22422	0.23268	0.23360	0.22355	
7720.00	0.22682	0.22436	0.23288	0.23347	0.22353	
7730.00	0.22664	0.22441	0.23278	0.23342	0.22347	
7740.00	0.22655	0.22446	0.23276	0.23336	0.22357	
7750.00	0.22679	0.22442	0.23269	0.23344	0.22355	
7760.00	0.22661	0.22460	0.23276	0.23391	0.22398	
7770.00	0.22650	0.22445	0.23261	0.23378	0.22384	
7780.00	0.22636	0.22462	0.23261	0.23356	0.22394	
7790.00	0.22619	0.22462	0.23288	0.23357	0.22379	
7800.00	0.22601	0.22462	0.23284	0.23391	0.22382	
7810.00	0.22601	0.22469	0.23338	0.23384	0.22366	
7820.00	0.22594	0.22459	0.23341	0.23368	0.22350	
7830.00	0.22587	0.22442	0.23332	0.23389	0.22339	
7840.00	0.22583	0.22439	0.23318	0.23403	0.22323	
7850.00	0.22585	0.22468	0.23298	0.23390	0.22326	
7860.00	0.22594	0.22451	0.23312	0.23381	0.22319	
7870.00	0.22622	0.22435	0.23290	0.23369	0.22305	
7880.00	0.22624	0.22435	0.23276	0.23351	0.22296	
7890.00	0.22630	0.22432	0.23261	0.23337	0.22283	
7900.00	0.22627	0.22423	0.23273	0.23318	0.22268	
7910.00	0.22637	0.22421	0.23296	0.23314	0.22263	
7920.00	0.22622	0.22418	0.23317	0.23292	0.22283	
7930.00	0.22631	0.22402	0.23321	0.23321	0.22274	
7940.00	0.22618	0.22387	0.23299	0.23330	0.22288	
7950.00	0.22628	0.22398	0.23305	0.23312	0.22273	
7960.00	0.22613	0.22406	0.23295	0.23300	0.22275	
7970.00	0.22595	0.22400	0.23288	0.23289	0.22272	
7980.00	0.22613	0.22416	0.23315	0.23295	0.22257	
7990.00	0.22597	0.22404	0.23309	0.23317	0.22252	
8000.00	0.22614	0.22413	0.23301	0.23319	0.22261	
8010.00	0.22614	0.22429	0.23284	0.23319	0.22248	
8020.00	0.22636	0.22426	0.23262	0.23317	0.22262	
8030.00	0.22622	0.22429	0.23265	0.23360	0.22278	
8040.00	0.22605	0.22413	0.23257	0.23395	0.22291	
8050.00	0.22632	0.22398	0.23244	0.23393	0.22276	
8060.00	0.22644	0.22387	0.23259	0.23375	0.22272	
8070.00	0.22649	0.22382	0.23277	0.23371	0.22259	
8080.00	0.22662	0.22366	0.23273	0.23351	0.22270	
8090.00	0.22644	0.22387	0.23257	0.23334	0.22257	
8100.00	0.22651	0.22389	0.23275	0.23324	0.22267	
8110.00	0.22652	0.22384	0.23268	0.23310	0.22252	
8120.00	0.22666	0.22374	0.23265	0.23289	0.22245	
8130.00	0.22705	0.22360	0.23256	0.23276	0.22298	
8140.00	0.22689	0.22371	0.23267	0.23273	0.22328	
8150.00	0.22696	0.22355	0.23263	0.23286	0.22329	
8160.00	0.22716	0.22339	0.23241	0.23286	0.22372	
8170.00	0.22747	0.22324	0.23220	0.23278	0.22409	
8180.00	0.22772	0.22311	0.23199	0.23256	0.22428	
8190.00	0.22757	0.22314	0.23217	0.23238	0.22467	
8200.00	0.22748	0.22308	0.23293	0.23216	0.22508	
8210.00	0.22779	0.22313	0.23284	0.23202	0.22514	
8220.00	0.22789	0.22310	0.23280	0.23181	0.22497	
8230.00	0.22779	0.22294	0.23358	0.23177	0.22480	
8240.00	0.22777	0.22290	0.23368	0.23185	0.22486	
8250.00	0.22775	0.22291	0.23346	0.23183	0.22550	
8260.00	0.22773	0.22291	0.23374	0.23187	0.22544	
8270.00	0.22765	0.22278	0.23366	0.23209	0.22541	
8280.00	0.22785	0.22276	0.23374	0.23206	0.22526	
8290.00	0.22789	0.22261	0.23405	0.23235	0.22528	
8300.00	0.22774	0.22246	0.23408	0.23215	0.22511	
8310.00	0.22791	0.22258	0.23430	0.23208	0.22494	
8320.00	0.22772	0.22277	0.23430	0.23186	0.22515	
8330.00	0.22754	0.22279	0.23409	0.23184	0.22550	
8340.00	0.22740	0.22283	0.23426	0.23171	0.22534	
8350.00	0.22729	0.22276	0.23431	0.23164	0.22549	
8360.00	0.22711	0.22278	0.23413	0.23143	0.22546	
8370.00	0.22724	0.22295	0.23394	0.23136	0.22556	
8380.00	0.22733	0.22304	0.23378	0.23136	0.22563	
8390.00	0.22724	0.22323	0.23363	0.23121	0.22565	
8400.00	0.22744	0.22314	0.23341	0.23123	0.22567	
8410.00	0.22739	0.22299	0.23366	0.23136	0.22594	
8420.00	0.22721	0.22294	0.23347	0.23126	0.22607	
8430.00	0.22703	0.22288	0.23370	0.23136	0.22641	
8440.00	0.22716	0.22294	0.23367	0.23137	0.22631	
8450.00	0.22698	0.22281	0.23419	0.23140	0.22622	
8460.00	0.22701	0.22294	0.23435	0.23121	0.22612	
8470.00	0.22696	0.22278	0.23470	0.23108	0.22612	
8480.00	0.22678	0.22272	0.23509	0.23102	0.22632	
8490.00	0.22666	0.22271	0.23506	0.23086	0.22631	
8500.00	0.22650	0.22297	0.23514	0.23086	0.22630	
8510.00	0.22633	0.22305	0.23513	0.23075	0.22613	
8520.00	0.22615	0.22299	0.23532	0.23067	0.22599	
8530.00	0.22617	0.22312	0.23529	0.23075	0.22617	
8540.00	0.22612	0.22348	0.23554	0.23067	0.22637	
8550.00	0.22598	0.22351	0.23584	0.23049	0.22623	
8560.00	0.22595	0.22344	0.23610	0.23053	0.22611	
8570.00	0.22593	0.22343	0.23613	0.23045	0.22606	
8580.00	0.22578	0.22370	0.23605	0.23086	0.22598	
8590.00	0.22561	0.22369	0.23626	0.23114	0.22600	
8600.00	0.22546	0.22383	0.23627	0.23106	0.22599	
8610.00	0.22533	0.22370	0.23609	0.23108	0.22615	
8620.00	0.22529	0.22357	0.23628	0.23090	0.22614	
8630.00	0.22524	0.22344	0.23604	0.23086	0.22606	
8640.00	0.22526	0.22345	0.23611	0.23071	0.22611	
8650.00	0.22536	0.22347	0.23619	0.23052	0.22593	
8660.00	0.22534	0.22342	0.23652	0.23041	0.22576	
8670.00	0.22518	0.22374	0.23628	0.23028	0.22576	
8680.00	0.22515	0.22379	0.23623	0.23028	0.22565	
8690.00	0.22538	0.22378	0.23619	0.23024	0.22560	
8700.00	0.22530	0.22387	0.23623	0.23014	0.22544	
8710.00	0.22560	0.22378	0.23624	0.22994	0.22580	
8720.00	0.22543	0.22423	0.23609	0.23017	0.22565	
8730.00	0.22546	0.22434	0.23594	0.23023	0.22581	
8740.00	0.22564	0.22443	0.23611	0.23008	0.22577	
8750.00	0.22572	0.22448	0.23615	0.22990	0.22560	
8760.00	0.22578	0.22444	0.23591	0.22992	0.22554	
8770.00	0.22598	0.22460	0.23589	0.22975	0.22540	
8780.00	0.22609	0.22462	0.23609	0.22956	0.22524	
8790.00	0.22601	0.22496	0.23662	0.22960	0.22528	
8800.00	0.22607	0.22494	0.23638	0.23017	0.22522	
8810.00	0.22594	0.22506	0.23643	0.23003	0.22544	
8820.00	0.22614	0.22499	0.23624	0.23003	0.22590	
8830.00	0.22621	0.22504	0.23634	0.22999	0.22588	
8840.00	0.22611	0.22530	0.23655	0.23081	0.22610	
8850.00	0.22595	0.22532	0.23633	0.23142	0.22597	
8860.00	0.22601	0.22570	0.23615	0.23154	0.22597	
8870.00	0.22607	0.22583	0.23617	0.23133	0.22598	
8880.00	0.22638	0.22615	0.23601	0.23113	0.22597	
8890.00	0.22622	0.22631	0.23633	0.23101	0.22590	
8900.00	0.22604	0.22624	0.23620	0.23118	0.22590	
8910.00	0.22613	0.22630	0.23596	0.23098	0.22575	
8920.00	0.22598	0.22614	0.23623	0.23085	0.22578	
8930.00	0.22581	0.22619	0.23657	0.23087	0.22571	
8940.00	0.22590	0.22638	0.23658	0.23099	0.22571	
8950.00	0.22575	0.22635	0.23671	0.23088	0.22563	
8960.00	0.22568	0.22630	0.23679	0.23079	0.22546	
8970.00	0.22575	0.22629	0.23655	0.23097	0.22536	
8980.00	0.22594	0.22619	0.23633	0.23082	0.22550	
8990.00	0.22617	0.22606	0.23614	0.23062	0.22537	
9000.00	0.22620	0.22589	0.23613	0.23053	0.22571	
9010.00	0.22608	0.22579	0.23616	0.23046	0.22571	
9020.00	0.22609	0.22577	0.23601	0.23046	0.22583	
9030.00	0.22595	0.22567	0.23604	0.23035	0.22589	
9040.00	0.22577	0.22553	0.23613	0.23103	0.22595	
9050.00	0.22560	0.22546	0.23605	0.23091	0.22584	
9060.00	0.22547	0.22540	0.23597	0.23078	0.22593	
9070.00	0.22530	0.22549	0.23594	0.23109	0.22610	
9080.00	0.22517	0.22532	0.23575	0.23107	0.22614	
9090.00	0.22518	0.22522	0.23564	0.23099	0.22604	
9100.00	0.22502	0.22522	0.23565	0.23112	0.22596	
9110.00	0.22490	0.22515	0.23541	0.23109	0.22590	
9120.00	0.22504	0.22530	0.23537	0.23096	0.22586	
9130.00	0.22515	0.22518	0.23539	0.23100	0.22580	
9140.00	0.22518	0.22504	0.23551	0.23106	0.22563	
9150.00	0.22513	0.22503	0.23529	0.23103	0.22573	
9160.00	0.22522	0.22487	0.23518	0.23082	0.22581	
9170.00	0.22521	0.22486	0.23524	0.23061	0.22574	
9180.00	0.22517	0.22470	0.23532	0.23088	0.22563	
9190.00	0.22500	0.22464	0.23513	0.23094	0.22558	
9200.00	0.22490	0.22497	0.23491	0.23081	0.22553	
9210.00	0.22483	0.22518	0.23484	0.23066	0.22560	
9220.00	0.22477	0.22513	0.23465	0.23053	0.22543	
9230.00	0.22488	0.22498	0.23457	0.23055	0.22526	
9240.00	0.22476	0.22483	0.23459	0.23057	0.22516	
9250.00	0.22466	0.22488	0.23439	0.23050	0.22517	
9260.00	0.22460	0.22477	0.23419	0.23053	0.22520	
9270.00	0.22451	0.22474	0.23416	0.23053	0.22539	
9280.00	0.22435	0.22476	0.23425	0.23037	0.22537	
9290.00	0.22448	0.22469	0.23412	0.23040	0.22555	
9300.00	0.22483	0.22482	0.23432	0.23037	0.22552	
9310.00	0.22470	0.22544	0.23410	0.23022	0.22538	
9320.00	0.22488	0.22535	0.23402	0.23002	0.22529	
9330.00	0.22506	0.22532	0.23393	0.22982	0.22526	
9340.00	0.22510	0.22544	0.23398	0.22962	0.22522	
9350.00	0.22506	0.22573	0.23408	0.22963	0.22532	
9360.00	0.22523	0.22572	0.23439	0.22949	0.22530	
9370.00	0.22507	0.22565	0.23417	0.22933	0.22572	
9380.00	0.22505	0.22553	0.23414	0.22950	0.22564	
9390.00	0.22527	0.22536	0.23401	0.22942	0.22578	
9400.00	0.22526	0.22520	0.23387	0.22931	0.22583	
9410.00	0.22533	0.22545	0.23368	0.22913	0.22578	
9420.00	0.22532	0.22549	0.23348	0.22937	0.22561	
9430.00	0.22530	0.22532	0.23342	0.22927	0.22564	
9440.00	0.22536	0.22538	0.23320	0.22914	0.22589	
9450.00	0.22541	0.22525	0.23305	0.22921	0.22591	
9460.00	0.22551	0.22519	0.23288	0.22907	0.22597	
9470.00	0.22568	0.22556	0.23289	0.22903	0.22608	
9480.00	0.22591	0.22578	0.23294	0.22901	0.22607	
9490.00	0.22600	0.22592	0.23290	0.22882	0.22619	
9500.00	0.22616	0.22589	0.23269	0.22863	0.22625	
9510.00	0.22628	0.22586	0.23303	0.22866	0.22625	
9520.00	0.22663	0.22607	0.23315	0.22858	0.22656	
9530.00	0.22665	0.22610	0.23322	0.22855	0.22640	
9540.00	0.22677	0.22606	0.23323	0.22842	0.22639	
9550.00	0.22663	0.22619	0.23301	0.22824	0.22629	
9560.00	0.22669	0.22641	0.23294	0.22807	0.22641	
9570.00	0.22660	0.22658	0.23299	0.22788	0.22624	
9580.00	0.22657	0.22651	0.23298	0.22820	0.22620	
9590.00	0.22659	0.22642	0.23304	0.22825	0.22664	
9600.00	0.22641	0.22625	0.23345	0.22808	0.22651	
9610.00	0.22624	0.22630	0.23332	0.22800	0.22640	
9620.00	0.22625	0.22634	0.23342	0.22790	0.22681	
9630.00	0.22625	0.22654	0.23348	0.22781	0.22695	
9640.00	0.22636	0.22638	0.23337	0.22778	0.22711	
9650.00	0.22642	0.22649	0.23325	0.22772	0.22710	
9660.00	0.22653	0.22651	0.23323	0.22766	0.22708	
9670.00	0.22656	0.22642	0.23326	0.22812	0.22724	
9680.00	0.22658	0.22636	0.23311	0.22835	0.22710	
9690.00	0.22664	0.22633	0.23312	0.22840	0.22695	
9700.00	0.22659	0.22627	0.23331	0.22831	0.22680	
9710.00	0.22663	0.22623	0.23311	0.22912	0.22663	
9720.00	0.22659	0.22607	0.23308	0.22904	0.22665	
9730.00	0.22645	0.22595	0.23298	0.22922	0.22667	
9740.00	0.22647	0.22581	0.23280	0.22909	0.22672	
9750.00	0.22667	0.22574	0.23274	0.22890	0.22692	
9760.00	0.22709	0.22581	0.23253	0.22896	0.22738	
9770.00	0.22737	0.22600	0.23258	0.22880	0.22745	
9780.00	0.22729	0.22603	0.23261	0.22880	0.22739	
9790.00	0.22712	0.22586	0.23263	0.22891	0.22736	
9800.00	0.22703	0.22589	0.23264	0.22907	0.22735	
9810.00	0.22697	0.22582	0.23242	0.22897	0.22748	
9820.00	0.22723	0.22584	0.23239	0.22880	0.22744	
9830.00	0.22713	0.22580	0.23218	0.22861	0.22757	
9840.00	0.22696	0.22604	0.23206	0.22857	0.22787	
9850.00	0.22679	0.22613	0.23184	0.22859	0.22806	
9860.00	0.22684	0.22607	0.23163	0.22855	0.22807	
9870.00	0.22666	0.22614	0.23142	0.22851	0.22813	
9880.00	0.22648	0.22626	0.23125	0.22851	0.22850	
9890.00	0.22650	0.22632	0.23110	0.22841	0.22835	
9900.00	0.22655	0.22618	0.23104	0.22843	0.22841	
9910.00	0.22665	0.22628	0.23100	0.22830	0.22861	
9920.00	0.22650	0.22614	0.23097	0.22828	0.22858	
9930.00	0.22661	0.22640	0.23086	0.22809	0.22870	
9940.00	0.22652	0.22663	0.23074	0.22807	0.22871	
9950.00	0.22645	0.22676	0.23061	0.22818	0.22879	
9960.00	0.22673	0.22667	0.23049	0.22799	0.22892	
9970.00	0.22687	0.22651	0.23029	0.22808	0.22877	
9980.00	0.22707	0.22672	0.23009	0.22790	0.22858	
9990.00	0.22711	0.22674	0.23022	0.22797	0.22841	
10000.00	0.22698	0.22658	0.23013	0.22807	0.22824	
10010.00	0.22729	0.22643	0.23003	0.22790	0.22822	
10020.00	0.22724	0.22659	0.22987	0.22810	0.22828	
10030.00	0.22730	0.22665	0.22988	0.22799	0.22829	
10040.00	0.22721	0.22652	0.22988	0.22818	0.22814	
10050.00	0.22703	0.22640	0.22987	0.22832	0.22848	
10060.00	0.22702	0.22625	0.22993	0.22828	0.22841	
10070.00	0.22693	0.22626	0.22979	0.22861	0.22849	
10080.00	0.22686	0.22679	0.22971	0.22861	0.22830	
10090.00	0.22678	0.22680	0.22952	0.22858	0.22811	
10100.00	0.22670	0.22690	0.22951	0.22869	0.22809	
10110.00	0.22652	0.22715	0.22963	0.22860	0.22790	
10120.00	0.22634	0.22700	0.22965	0.22881	0.22790	
10130.00	0.22643	0.22711	0.22959	0.22888	0.22782	
10140.00	0.22642	0.22720	0.22945	0.22895	0.22764	
10150.00	0.22643	0.22707	0.22976	0.22882	0.22751	
10160.00	0.22657	0.22699	0.22966	0.22890	0.22786	
10170.00	0.22655	0.22684	0.22976	0.22895	0.22805	
10180.00	0.22656	0.22675	0.22981	0.22892	0.22809	
10190.00	0.22701	0.22705	0.22990	0.22872	0.22794	
10200.00	0.22689	0.22687	0.22993	0.22868	0.22779	
10210.00	0.22679	0.22669	0.22979	0.22854	0.22775	
10220.00	0.22661	0.22663	0.22986	0.22845	0.22782	
10230.00	0.22683	0.22662	0.22988	0.22826	0.22800	
10240.00	0.22703	0.22690	0.22979	0.22808	0.22793	
10250.00	0.22688	0.22708	0.23037	0.22789	0.22781	
10260.00	0.22679	0.22702	0.23112	0.22771	0.22791	
10270.00	0.22679	0.22692	0.23131	0.22758	0.22776	
10280.00	0.22679	0.22686	0.23141	0.22749	0.22762	
10290.00	0.22662	0.22686	0.23190	0.22764	0.22754	
10300.00	0.22652	0.22685	0.23198	0.22773	0.22767	
10310.00	0.22640	0.22698	0.23189	0.22763	0.22767	
10320.00	0.22689	0.22707	0.23208	0.22772	0.22766	
10330.00	0.22721	0.22704	0.23229	0.22778	0.22747	
10340.00	0.22706	0.22693	0.23236	0.22777	0.22729	
10350.00	0.22742	0.22687	0.23244	0.22773	0.22715	
10360.00	0.22735	0.22669	0.23234	0.22770	0.22696	
10370.00	0.22731	0.22672	0.23235	0.22784	0.22703	
10380.00	0.22735	0.22677	0.23251	0.22779	0.22723	
10390.00	0.22772	0.22667	0.23271	0.22760	0.22731	
10400.00	0.22782	0.22673	0.23249	0.22760	0.22756	
10410.00	0.22763	0.22688	0.23248	0.22746	0.22762	
10420.00	0.22745	0.22688	0.23242	0.22746	0.22767	
10430.00	0.22732	0.22683	0.23229	0.22739	0.22756	
10440.00	0.22728	0.22665	0.23227	0.22733	0.22767	
10450.00	0.22754	0.22658	0.23213	0.22734	0.22758	
10460.00	0.22761	0.22655	0.23206	0.22751	0.22740	
10470.00	0.22750	0.22655	0.23221	0.22772	0.22733	
10480.00	0.22744	0.22637	0.23200	0.22778	0.22749	
10490.00	0.22746	0.22640	0.23186	0.22771	0.22763	
10500.00	0.22728	0.22631	0.23181	0.22753	0.22795	
10510.00	0.22741	0.22636	0.23188	0.22735	0.22790	
10520.00	0.22774	0.22619	0.23180	0.22723	0.22846	
10530.00	0.22801	0.22632	0.23162	0.22723	0.22852	
10540.00	0.22786	0.22635	0.23141	0.22712	0.22851	
10550.00	0.22768	0.22658	0.23165	0.22707	0.22850	
10560.00	0.22780	0.22671	0.23162	0.22734	0.22848	
10570.00	0.22782	0.22710	0.23164	0.22715	0.22840	
10580.00	0.22778	0.22726	0.23170	0.22725	0.22834	
10590.00	0.22794	0.22739	0.23203	0.22735	0.22837	
10600.00	0.22776	0.22735	0.23215	0.22743	0.22831	
10610.00	0.22771	0.22731	0.23206	0.22748	0.22812	
10620.00	0.22753	0.22757	0.23213	0.22729	0.22812	
10630.00	0.22742	0.22746	0.23218	0.22731	0.22813	
10640.00	0.22742	0.22763	0.23216	0.22713	0.22817	
10650.00	0.22734	0.22780	0.23224	0.22696	0.22799	
10660.00	0.22717	0.22775	0.23243	0.22732	0.22808	
10670.00	0.22699	0.22778	0.23280	0.22721	0.22815	
10680.00	0.22725	0.22767	0.23328	0.22735	0.22812	
10690.00	0.22721	0.22759	0.23327	0.22803	0.22809	
10700.00	0.22713	0.22751	0.23327	0.22830	0.22791	
10710.00	0.22704	0.22782	0.23311	0.22821	0.22776	
10720.00	0.22732	0.22773	0.23292	0.22820	0.22758	
10730.00	0.22770	0.22757	0.23281	0.22822	0.22769	
10740.00	0.22777	0.22743	0.23272	0.22813	0.22769	
10750.00	0.22784	0.22729	0.23263	0.22812	0.22760	
10760.00	0.22777	0.22733	0.23253	0.22808	0.22770	
10770.00	0.22761	0.22729	0.23233	0.22800	0.22782	
10780.00	0.22761	0.22733	0.23247	0.22783	0.22782	
10790.00	0.22762	0.22742	0.23233	0.22800	0.22764	
10800.00	0.22763	0.22724	0.23279	0.22806	0.22776	
10810.00	0.22749	0.22726	0.23285	0.22802	0.22768	
10820.00	0.22761	0.22725	0.23307	0.22795	0.22782	
10830.00	0.22800	0.22707	0.23291	0.22806	0.22766	
10840.00	0.22791	0.22700	0.23298	0.22809	0.22799	
10850.00	0.22795	0.22688	0.23292	0.22804	0.22800	
10860.00	0.22777	0.22724	0.23289	0.22865	0.22781	
10870.00	0.22765	0.22744	0.23302	0.22920	0.22769	
10880.00	0.22762	0.22779	0.23311	0.22947	0.22794	
10890.00	0.22751	0.22768	0.23300	0.22938	0.22799	
10900.00	0.22746	0.22760	0.23285	0.22963	0.22790	
10910.00	0.22741	0.22754	0.23263	0.22959	0.22772	
10920.00	0.22726	0.22752	0.23258	0.22957	0.22755	
10930.00	0.22708	0.22794	0.23244	0.22962	0.22740	
10940.00	0.22699	0.22800	0.23307	0.22984	0.22724	
10950.00	0.22710	0.22781	0.23291	0.22966	0.22743	
10960.00	0.22723	0.22763	0.23277	0.22976	0.22761	
10970.00	0.22749	0.22757	0.23286	0.22976	0.22746	
10980.00	0.22743	0.22760	0.23281	0.22984	0.22769	
10990.00	0.22734	0.22785	0.23287	0.23001	0.22755	
11000.00	0.22763	0.22782	0.23292	0.22992	0.22760	
11010.00	0.22758	0.22779	0.23281	0.22972	0.22764	
11020.00	0.22772	0.22785	0.23269	0.22952	0.22770	
11030.00	0.22766	0.22789	0.23274	0.22973	0.22799	
11040.00	0.22751	0.22787	0.23280	0.22954	0.22796	
11050.00	0.22763	0.22769	0.23263	0.22934	0.22782	
11060.00	0.22788	0.22775	0.23286	0.22962	0.22765	
11070.00	0.22769	0.22768	0.23316	0.22947	0.22766	
11080.00	0.22771	0.22765	0.23327	0.22968	0.22787	
11090.00	0.22771	0.22785	0.23316	0.22993	0.22774	
11100.00	0.22785	0.22777	0.23319	0.22999	0.22794	
11110.00	0.22778	0.22772	0.23355	0.22983	0.22786	
11120.00	0.22761	0.22757	0.23361	0.22974	0.22782	
11130.00	0.22778	0.22739	0.23343	0.22968	0.22764	
11140.00	0.22792	0.22765	0.23326	0.22949	0.22747	
11150.00	0.22808	0.22771	0.23328	0.22929	0.22737	
11160.00	0.22825	0.22769	0.23329	0.22935	0.22728	
11170.00	0.22822	0.22762	0.23340	0.22947	0.22711	
11180.00	0.22809	0.22781	0.23344	0.22969	0.22693	
11190.00	0.22795	0.22780	0.23325	0.22967	0.22676	
11200.00	0.22821	0.22792	0.23303	0.22947	0.22682	
11210.00	0.22839	0.22788	0.23283	0.22945	0.22676	
11220.00	0.22825	0.22859	0.23281	0.22929	0.22676	
11230.00	0.22818	0.22887	0.23277	0.22937	0.22664	
11240.00	0.22800	0.22872	0.23267	0.22934	0.22648	
11250.00	0.22800	0.22865	0.23279	0.22927	0.22655	
11260.00	0.22807	0.22855	0.23261	0.22933	0.22637	
11270.00	0.22821	0.22846	0.23284	0.22924	0.22636	
11280.00	0.22809	0.22861	0.23278	0.22919	0.22680	
11290.00	0.22795	0.22842	0.23265	0.22916	0.22662	
11300.00	0.22808	0.22832	0.23259	0.22908	0.22718	
11310.00	0.22793	0.22826	0.23270	0.22896	0.22728	
11320.00	0.22805	0.22820	0.23255	0.22881	0.22715	
11330.00	0.22791	0.22826	0.23238	0.22888	0.22703	
11340.00	0.22772	0.22810	0.23218	0.22897	0.22708	
11350.00	0.22800	0.22799	0.23200	0.22907	0.22693	
11360.00	0.22799	0.22781	0.23224	0.22922	0.22687	
11370.00	0.22828	0.22778	0.23224	0.22902	0.22715	
11380.00	0.22824	0.22792	0.23220	0.22886	0.22697	
11390.00	0.22805	0.22790	0.23224	0.22884	0.22686	
11400.00	0.22813	0.22780	0.23244	0.22872	0.22681	
11410.00	0.22810	0.22763	0.23224	0.22853	0.22680	
11420.00	0.22821	0.22751	0.23270	0.22847	0.22686	
11430.00	0.22805	0.22780	0.23253	0.22830	0.22673	
11440.00	0.22822	0.22771	0.23265	0.22811	0.22658	
11450.00	0.22806	0.22767	0.23253	0.22798	0.22640	
11460.00	0.22814	0.22768	0.23253	0.22786	0.22623	
11470.00	0.22795	0.22760	0.23258	0.22782	0.22622	
11480.00	0.22814	0.22775	0.23252	0.22764	0.22611	
11490.00	0.22823	0.22758	0.23331	0.22758	0.22594	
11500.00	0.22812	0.22767	0.23371	0.22753	0.22581	
11510.00	0.22804	0.22766	0.23389	0.22769	0.22596	
11520.00	0.22792	0.22775	0.23423	0.22756	0.22606	
11530.00	0.22819	0.22772	0.23419	0.22755	0.22589	
11540.00	0.22857	0.22758	0.23415	0.22742	0.22578	
11550.00	0.22935	0.22740	0.23457	0.22754	0.22595	
11560.00	0.22926	0.22739	0.23496	0.22767	0.22589	
11570.00	0.22925	0.22720	0.23476	0.22793	0.22628	
11580.00	0.22906	0.22713	0.23508	0.22803	0.22620	
11590.00	0.22888	0.22695	0.23560	0.22790	0.22625	
11600.00	0.22883	0.22684	0.23547	0.22799	0.22616	
11610.00	0.22866	0.22686	0.23563	0.22807	0.22606	
11620.00	0.22876	0.22684	0.23583	0.22805	0.22600	
11630.00	0.22879	0.22702	0.23560	0.22798	0.22583	
11640.00	0.22916	0.22684	0.23545	0.22790	0.22566	
11650.00	0.22918	0.22691	0.23524	0.22787	0.22558	
11660.00	0.22908	0.22685	0.23527	0.22817	0.22560	
11670.00	0.22910	0.22681	0.23522	0.22814	0.22547	
11680.00	0.22925	0.22663	0.23526	0.22845	0.22550	
11690.00	0.22926	0.22665	0.23530	0.22877	0.22539	
11700.00	0.22944	0.22654	0.23507	0.22874	0.22529	
11710.00	0.22992	0.22636	0.23491	0.22872	0.22523	
11720.00	0.23013	0.22652	0.23489	0.22871	0.22543	
11730.00	0.23026	0.22654	0.23478	0.22853	0.22526	
11740.00	0.23024	0.22669	0.23483	0.22834	0.22515	
11750.00	0.23027	0.22658	0.23460	0.22862	0.22515	
11760.00	0.23033	0.22665	0.23446	0.22870	0.22514	
11770.00	0.23073	0.22647	0.23423	0.22860	0.22527	
11780.00	0.23085	0.22632	0.23406	0.22841	0.22510	
11790.00	0.23091	0.22636	0.23406	0.22857	0.22494	
11800.00	0.23093	0.22621	0.23385	0.22841	0.22491	
11810.00	0.23077	0.22607	0.23426	0.22846	0.22491	
11820.00	0.23078	0.22591	0.23403	0.22836	0.22492	
11830.00	0.23062	0.22574	0.23409	0.22822	0.22491	
11840.00	0.23083	0.22577	0.23405	0.22808	0.22495	
11850.00	0.23068	0.22566	0.23398	0.22830	0.22497	
11860.00	0.23079	0.22561	0.23381	0.22835	0.22486	
11870.00	0.23096	0.22558	0.23359	0.22848	0.22508	
11880.00	0.23105	0.22566	0.23341	0.22841	0.22510	
11890.00	0.23126	0.22560	0.23319	0.22835	0.22527	
11900.00	0.23176	0.22543	0.23327	0.22855	0.22510	
11910.00	0.23226	0.22530	0.23307	0.22860	0.22494	
11920.00	0.23284	0.22513	0.23288	0.22866	0.22480	
11930.00	0.23263	0.22497	0.23282	0.22869	0.22496	
11940.00	0.23254	0.22505	0.23271	0.22850	0.22508	
11950.00	0.23273	0.22497	0.23264	0.22831	0.22499	
11960.00	0.23274	0.22500	0.23245	0.22829	0.22500	
11970.00	0.23282	0.22498	0.23224	0.22813	0.22494	
11980.00	0.23265	0.22491	0.23215	0.22795	0.22513	
11990.00	0.23260	0.22475	0.23221	0.22791	0.22518	
12000.00	0.23242	0.22460	0.23218	0.22784	0.22558	
12010.00	0.23243	0.22449	0.23224	0.22796	0.22552	
12020.00	0.23257	0.22433	0.23220	0.22806	0.22549	
12030.00	0.23245	0.22435	0.23203	0.22792	0.22556	
12040.00	0.23229	0.22442	0.23211	0.22785	0.22539	
12050.00	0.23212	0.22450	0.23206	0.22773	0.22527	
12060.00	0.23223	0.22434	0.23211	0.22756	0.22550	
12070.00	0.23214	0.22421	0.23213	0.22744	0.22573	
12080.00	0.23211	0.22405	0.23307	0.22748	0.22558	
12090.00	0.23219	0.22401	0.23297	0.22760	0.22558	
12100.00	0.23241	0.22403	0.23319	0.22743	0.22577	
12110.00	0.23276	0.22399	0.23319	0.22729	0.22580	
12120.00	0.23271	0.22391	0.23331	0.22743	0.22600	
12130.00	0.23271	0.22387	0.23317	0.22725	0.22594	
12140.00	0.23283	0.22371	0.23349	0.22719	0.22596	
12150.00	0.23369	0.22355	0.23341	0.22719	0.22594	
12160.00	0.23380	0.22340	0.23336	0.22716	0.22588	
12170.00	0.23379	0.22324	0.23353	0.22741	0.22618	
12180.00	0.23360	0.22309	0.23377	0.22732	0.22619	
12190.00	0.23345	0.22308	0.23393	0.22776	0.22613	
12200.00	0.23335	0.22292	0.23430	0.22776	0.22596	
12210.00	0.23346	0.22291	0.23444	0.22781	0.22600	
12220.00	0.23364	0.22289	0.23436	0.22762	0.22605	
12230.00	0.23351	0.22303	0.23446	0.22773	0.22591	
12240.00	0.23367	0.22300	0.23484	0.22754	0.22580	
12250.00	0.23345	0.22285	0.23493	0.22762	0.22568	
12260.00	0.23322	0.22272	0.23541	0.22755	0.22554	
12270.00	0.23325	0.22284	0.23565	0.22750	0.22545	
12280.00	0.23320	0.22280	0.23546	0.22751	0.22528	
12290.00	0.23336	0.22266	0.23523	0.22753	0.22550	
12300.00	0.23313	0.22251	0.23541	0.22750	0.22534	
12310.00	0.23291	0.22240	0.23559	0.22755	0.22561	
12320.00	0.23288	0.22255	0.23544	0.22738	0.22549	
12330.00	0.23270	0.22251	0.23594	0.22723	0.22552	
12340.00	0.23275	0.22241	0.23579	0.22719	0.22542	
12350.00	0.23254	0.22233	0.23567	0.22732	0.22529	
12360.00	0.23270	0.22218	0.23544	0.22729	0.22514	
12370.00	0.23252	0.22225	0.23556	0.22745	0.22527	
12380.00	0.23277	0.22210	0.23547	0.22733	0.22516	
12390.00	0.23277	0.22207	0.23541	0.22727	0.22523	
12400.00	0.23283	0.22223	0.23571	0.22720	0.22521	
12410.00	0.23261	0.22233	0.23596	0.22728	0.22523	
12420.00	0.23284	0.22230	0.23593	0.22726	0.22508	
12430.00	0.23267	0.22225	0.23590	0.22709	0.22527	
12440.00	0.23274	0.22220	0.23588	0.22692	0.22531	
12450.00	0.23283	0.22219	0.23570	0.22692	0.22524	
12460.00	0.23261	0.22245	0.23550	0.22775	0.22521	
12470.00	0.23241	0.22261	0.23568	0.22783	0.22521	
12480.00	0.23225	0.22256	0.23551	0.22819	0.22509	
12490.00	0.23206	0.22241	0.23552	0.22836	0.22519	
12500.00	0.23203	0.22277	0.23560	0.22833	0.22539	
12510.00	0.23187	0.22272	0.23543	0.22821	0.22523	
12520.00	0.23192	0.22263	0.23575	0.22836	0.22506	
12530.00	0.23174	0.22248	0.23577	0.22846	0.22491	
12540.00	0.23159	0.22235	0.23581	0.22846	0.22481	
12550.00	0.23172	0.22225	0.23585	0.22843	0.22464	
12560.00	0.23153	0.22214	0.23611	0.22911	0.22448	
12570.00	0.23146	0.22199	0.23650	0.22893	0.22437	
12580.00	0.23158	0.22190	0.23646	0.22886	0.22421	
12590.00	0.23159	0.22182	0.23625	0.22881	0.22405	
12600.00	0.23184	0.22177	0.23639	0.22864	0.22414	
12610.00	0.23186	0.22178	0.23649	0.22845	0.22422	
12620.00	0.23165	0.22168	0.23625	0.22880	0.22420	
12630.00	0.23167	0.22186	0.23644	0.22885	0.22408	
12640.00	0.23176	0.22184	0.23620	0.22904	0.22397	
12650.00	0.23168	0.22171	0.23625	0.22901	0.22381	
12660.00	0.23167	0.22160	0.23630	0.22895	0.22371	
12670.00	0.23157	0.22202	0.23613	0.22912	0.22401	
12680.00	0.23159	0.22189	0.23606	0.22907	0.22409	
12690.00	0.23197	0.22179	0.23601	0.22927	0.22412	
12700.00	0.23184	0.22175	0.23607	0.22963	0.22399	
12710.00	0.23191	0.22161	0.23619	0.22974	0.22432	
12720.00	0.23208	0.22147	0.23609	0.22957	0.22475	
12730.00	0.23187	0.22141	0.23638	0.22938	0.22485	
12740.00	0.23166	0.22161	0.23646	0.22961	0.22496	
12750.00	0.23161	0.22195	0.23622	0.22992	0.22503	
12760.00	0.23157	0.22204	0.23606	0.23004	0.22500	
12770.00	0.23138	0.22202	0.23639	0.23013	0.22502	
12780.00	0.23151	0.22196	0.23622	0.23050	0.22506	
12790.00	0.23133	0.22192	0.23598	0.23061	0.22508	
12800.00	0.23120	0.22201	0.23574	0.23066	0.22518	
12810.00	0.23108	0.22193	0.23566	0.23046	0.22519	
12820.00	0.23091	0.22179	0.23600	0.23059	0.22508	
12830.00	0.23079	0.22196	0.23632	0.23047	0.22492	
12840.00	0.23069	0.22193	0.23618	0.23076	0.22479	
12850.00	0.23050	0.22182	0.23602	0.23129	0.22465	
12860.00	0.23038	0.22170	0.23581	0.23130	0.22488	
12870.00	0.23035	0.22188	0.23574	0.23139	0.22476	
12880.00	0.23027	0.22199	0.23557	0.23121	0.22490	
12890.00	0.23008	0.22184	0.23534	0.23137	0.22502	
12900.00	0.22988	0.22183	0.23528	0.23116	0.22505	
12910.00	0.22999	0.22168	0.23539	0.23117	0.22514	
12920.00	0.23024	0.22185	0.23569	0.23116	0.22523	
12930.00	0.23016	0.22190	0.23580	0.23095	0.22507	
12940.00	0.23015	0.22177	0.23586	0.23112	0.22490	
12950.00	0.22995	0.22170	0.23568	0.23172	0.22529	
12960.00	0.22986	0.22171	0.23557	0.23165	0.22521	
12970.00	0.22973	0.22157	0.23566	0.23169	0.22520	
12980.00	0.22954	0.22147	0.23590	0.23148	0.22532	
12990.00	0.22950	0.22143	0.23576	0.23150	0.22520	
13000.00	0.22930	0.22131	0.23619	0.23143	0.22507	
13010.00	0.22936	0.22120	0.23632	0.23167	0.22503	
13020.00	0.22920	0.22107	0.23613	0.23146	0.22491	
13030.00	0.22900	0.22101	0.23620	0.23141	0.22492	
13040.00	0.22899	0.22115	0.23596	0.23142	0.22480	
13050.00	0.22880	0.22105	0.23607	0.23128	0.22504	
13060.00	0.22873	0.22103	0.23611	0.23115	0.22516	
13070.00	0.22894	0.22112	0.23608	0.23107	0.22504	
13080.00	0.22881	0.22118	0.23605	0.23105	0.22500	
13090.00	0.22862	0.22104	0.23617	0.23084	0.22506	
13100.00	0.22866	0.22098	0.23679	0.23098	0.22513	
13110.00	0.22855	0.22104	0.23687	0.23106	0.22501	
13120.00	0.22839	0.22090	0.23706	0.23109	0.22493	
13130.00	0.22832	0.22076	0.23710	0.23121	0.22506	
13140.00	0.22823	0.22081	0.23712	0.23153	0.22490	
13150.00	0.22832	0.22094	0.23731	0.23145	0.22487	
13160.00	0.22826	0.22084	0.23715	0.23182	0.22519	
13170.00	0.22824	0.22117	0.23691	0.23217	0.22548	
13180.00	0.22807	0.22108	0.23688	0.23223	0.22533	
13190.00	0.22792	0.22100	0.23700	0.23264	0.22516	
13200.00	0.22786	0.22087	0.23687	0.23292	0.22515	
13210.00	0.22773	0.22074	0.23691	0.23300	0.22519	
13220.00	0.22755	0.22061	0.23705	0.23307	0.22503	
13230.00	0.22743	0.22056	0.23698	0.23314	0.22486	
13240.00	0.22727	0.22046	0.23686	0.23333	0.22485	
13250.00	0.22758	0.22040	0.23662	0.23327	0.22482	
13260.00	0.22772	0.22037	0.23652	0.23311	0.22477	
13270.00	0.22781	0.22051	0.23637	0.23303	0.22475	
13280.00	0.22793	0.22042	0.23632	0.23286	0.22479	
13290.00	0.22794	0.22052	0.23608	0.23279	0.22503	
13300.00	0.22803	0.22048	0.23584	0.23329	0.22512	
13310.00	0.22813	0.22041	0.23562	0.23335	0.22504	
13320.00	0.22835	0.22045	0.23538	0.23324	0.22495	
13330.00	0.22827	0.22045	0.23532	0.23327	0.22508	
13340.00	0.22813	0.22057	0.23535	0.23359	0.22541	
13350.00	0.22804	0.22082	0.23521	0.23369	0.22531	
13360.00	0.22785	0.22082	0.23502	0.23399	0.22535	
13370.00	0.22772	0.22073	0.23501	0.23380	0.22546	
13380.00	0.22761	0.22065	0.23497	0.23380	0.22576	
13390.00	0.22776	0.22052	0.23495	0.23398	0.22575	
13400.00	0.22772	0.22040	0.23509	0.23395	0.22592	
13410.00	0.22759	0.22037	0.23540	0.23411	0.22609	
13420.00	0.22755	0.22045	0.23568	0.23403	0.22597	
13430.00	0.22766	0.22031	0.23545	0.23427	0.22599	
13440.00	0.22775	0.22027	0.23521	0.23452	0.22604	
13450.00	0.22757	0.22053	0.23508	0.23450	0.22607	
13460.00	0.22780	0.22075	0.23523	0.23427	0.22607	
13470.00	0.22768	0.22063	0.23543	0.23429	0.22599	
13480.00	0.22764	0.22064	0.23540	0.23424	0.22604	
13490.00	0.22774	0.22089	0.23539	0.23407	0.22590	
13500.00	0.22767	0.22141	0.23530	0.23384	0.22592	
13510.00	0.22761	0.22166	0.23520	0.23364	0.22613	
13520.00	0.22754	0.22185	0.23499	0.23378	0.22608	
13530.00	0.22738	0.22199	0.23479	0.23398	0.22595	
13540.00	0.22724	0.22221	0.23477	0.23447	0.22579	
13550.00	0.22713	0.22253	0.23460	0.23434	0.22567	
13560.00	0.22749	0.22281	0.23446	0.23484	0.22557	
13570.00	0.22752	0.22311	0.23427	0.23485	0.22540	
13580.00	0.22763	0.22309	0.23431	0.23503	0.22552	
13590.00	0.22805	0.22313	0.23426	0.23481	0.22555	
13600.00	0.22808	0.22300	0.23441	0.23473	0.22572	
13610.00	0.22806	0.22335	0.23426	0.23476	0.22555	
13620.00	0.22787	0.22403	0.23414	0.23497	0.22580	
13630.00	0.22795	0.22417	0.23416	0.23514	0.22592	
13640.00	0.22776	0.22463	0.23400	0.23505	0.22585	
13650.00	0.22759	0.22447	0.23409	0.23486	0.22604	
13660.00	0.22750	0.22469	0.23403	0.23482	0.22600	
13670.00	0.22751	0.22469	0.23380	0.23484	0.22603	
13680.00	0.22740	0.22478	0.23387	0.23474	0.22591	
13690.00	0.22730	0.22463	0.23384	0.23480	0.22577	
13700.00	0.22758	0.22464	0.23376	0.23461	0.22596	
13710.00	0.22754	0.22448	0.23354	0.23454	0.22586	
13720.00	0.22751	0.22456	0.23376	0.23446	0.22603	
13730.00	0.22744	0.22449	0.23367	0.23446	0.22641	
13740.00	0.22736	0.22432	0.23370	0.23460	0.22676	
13750.00	0.22726	0.22419	0.23353	0.23456	0.22698	
13760.00	0.22713	0.22420	0.23345	0.23445	0.22737	
13770.00	0.22718	0.22419	0.23326	0.23471	0.22738	
13780.00	0.22720	0.22406	0.23311	0.23472	0.22783	
13790.00	0.22702	0.22410	0.23298	0.23461	0.22801	
13800.00	0.22691	0.22405	0.23301	0.23456	0.22811	
13810.00	0.22685	0.22402	0.23286	0.23483	0.22818	
13820.00	0.22672	0.22392	0.23264	0.23465	0.22830	
13830.00	0.22654	0.22403	0.23276	0.23475	0.22847	
13840.00	0.22638	0.22402	0.23298	0.23464	0.22847	
13850.00	0.22648	0.22386	0.23280	0.23464	0.22840	
13860.00	0.22645	0.22371	0.23274	0.23461	0.22833	
13870.00	0.22644	0.22372	0.23275	0.23450	0.22833	
13880.00	0.22635	0.22362	0.23305	0.23439	0.22840	
13890.00	0.22620	0.22353	0.23286	0.23430	0.22862	
13900.00	0.22617	0.22394	0.23264	0.23443	0.22894	
13910.00	0.22648	0.22396	0.23267	0.23420	0.22894	
13920.00	0.22662	0.22399	0.23245	0.23427	0.22876	
13930.00	0.22648	0.22390	0.23261	0.23417	0.22904	
13940.00	0.22655	0.22375	0.23266	0.23407	0.22913	
13950.00	0.22637	0.22386	0.23263	0.23400	0.22925	
13960.00	0.22642	0.22391	0.23258	0.23378	0.22936	
13970.00	0.22631	0.22396	0.23254	0.23380	0.22936	
13980.00	0.22624	0.22389	0.23287	0.23359	0.22958	
13990.00	0.22645	0.22389	0.23287	0.23368	0.22938	
14000.00	0.22654	0.22385	0.23276	0.23360	0.22955	
14010.00	0.22673	0.22369	0.23262	0.23370	0.22942	
14020.00	0.22664	0.22353	0.23254	0.23386	0.22940	
14030.00	0.22667	0.22357	0.23252	0.23379	0.22924	
14040.00	0.22685	0.22342	0.23258	0.23394	0.22905	
14050.00	0.22686	0.22343	0.23263	0.23385	0.22902	
14060.00	0.22670	0.22331	0.23256	0.23368	0.22920	
14070.00	0.22654	0.22315	0.23245	0.23354	0.22930	
14080.00	0.22650	0.22300	0.23223	0.23356	0.22926	
14090.00	0.22649	0.22285	0.23206	0.23350	0.22944	
14100.00	0.22637	0.22289	0.23192	0.23344	0.22944	
14110.00	0.22645	0.22279	0.23190	0.23330	0.22941	
14120.00	0.22647	0.22265	0.23203	0.23314	0.22929	
14130.00	0.22694	0.22259	0.23205	0.23292	0.22917	
14140.00	0.22676	0.22244	0.23192	0.23308	0.22925	
14150.00	0.22661	0.22240	0.23184	0.23286	0.22939	
14160.00	0.22654	0.22256	0.23171	0.23296	0.22924	
14170.00	0.22665	0.22280	0.23159	0.23357	0.22935	
14180.00	0.22677	0.22267	0.23177	0.23356	0.22927	
14190.00	0.22672	0.22282	0.23162	0.23335	0.22909	
14200.00	0.22665	0.22278	0.23203	0.23331	0.22889	
14210.00	0.22669	0.22281	0.23233	0.23314	0.22907	
14220.00	0.22656	0.22266	0.23212	0.23322	0.22892	
14230.00	0.22642	0.22279	0.23229	0.23320	0.22882	
14240.00	0.22667	0.22292	0.23225	0.23341	0.22878	
14250.00	0.22659	0.22307	0.23213	0.23328	0.22868	
14260.00	0.22674	0.22292	0.23209	0.23341	0.22881	
14270.00	0.22707	0.22277	0.23197	0.23378	0.22862	
14280.00	0.22709	0.22296	0.23191	0.23364	0.22893	
14290.00	0.22731	0.22312	0.23203	0.23345	0.22884	
14300.00	0.22740	0.22318	0.23215	0.23332	0.22865	
14310.00	0.22737	0.22323	0.23223	0.23332	0.22868	
14320.00	0.22740	0.22329	0.23226	0.23359	0.22890	
14330.00	0.22735	0.22355	0.23238	0.23390	0.22892	
14340.00	0.22725	0.22375	0.23225	0.23375	0.22921	
14350.00	0.22729	0.22386	0.23208	0.23367	0.22912	
14360.00	0.22711	0.22374	0.23216	0.23429	0.22929	
14370.00	0.22707	0.22359	0.23196	0.23485	0.22915	
14380.00	0.22702	0.22373	0.23188	0.23484	0.22978	
14390.00	0.22687	0.22366	0.23170	0.23478	0.22984	
14400.00	0.22674	0.22361	0.23149	0.23457	0.23005	
14410.00	0.22737	0.22345	0.23165	0.23481	0.22986	
14420.00	0.22723	0.22355	0.23153	0.23481	0.22974	
14430.00	0.22743	0.22367	0.23137	0.23475	0.22980	
14440.00	0.22730	0.22370	0.23117	0.23452	0.22988	
14450.00	0.22712	0.22367	0.23105	0.23472	0.22986	
14460.00	0.22722	0.22353	0.23105	0.23501	0.22980	
14470.00	0.22716	0.22352	0.23105	0.23512	0.22960	
14480.00	0.22730	0.22338	0.23116	0.23497	0.22940	
14490.00	0.22712	0.22358	0.23096	0.23532	0.22937	
14500.00	0.22706	0.22380	0.23076	0.23523	0.22927	
14510.00	0.22727	0.22380	0.23078	0.23519	0.22911	
14520.00	0.22721	0.22369	0.23066	0.23507	0.22942	
14530.00	0.22732	0.22356	0.23067	0.23505	0.22950	
14540.00	0.22726	0.22345	0.23050	0.23487	0.22932	
14550.00	0.22723	0.22330	0.23036	0.23481	0.22952	
14560.00	0.22705	0.22381	0.23052	0.23464	0.22974	
14570.00	0.22691	0.22374	0.23041	0.23444	0.22954	
14580.00	0.22688	0.22370	0.23028	0.23443	0.22935	
14590.00	0.22682	0.22360	0.23085	0.23476	0.22971	
14600.00	0.22664	0.22378	0.23083	0.23460	0.22988	
14610.00	0.22660	0.22378	0.23070	0.23454	0.23008	
14620.00	0.22688	0.22369	0.23059	0.23432	0.22997	
14630.00	0.22682	0.22376	0.23045	0.23409	0.23017	
14640.00	0.22674	0.22399	0.23047	0.23404	0.23010	
14650.00	0.22678	0.22407	0.23027	0.23399	0.22993	
14660.00	0.22688	0.22404	0.23040	0.23428	0.22989	
14670.00	0.22701	0.22389	0.23031	0.23409	0.23048	
14680.00	0.22740	0.22373	0.23011	0.23404	0.23057	
14690.00	0.22797	0.22385	0.23002	0.23414	0.23071	
14700.00	0.22799	0.22405	0.22982	0.23438	0.23050	
14710.00	0.22785	0.22431	0.22967	0.23456	0.23048	
14720.00	0.22781	0.22510	0.22949	0.23456	0.23029	
14730.00	0.22776	0.22495	0.22941	0.23448	0.23023	
14740.00	0.22789	0.22498	0.22934	0.23453	0.23048	
14750.00	0.22777	0.22531	0.22923	0.23430	0.23048	
14760.00	0.22761	0.22526	0.22908	0.23422	0.23040	
14770.00	0.22756	0.22509	0.22915	0.23421	0.23023	
14780.00	0.22760	0.22512	0.22940	0.23402	0.23003	
14790.00	0.22762	0.22514	0.22944	0.23404	0.22997	
14800.00	0.22744	0.22512	0.22958	0.23388	0.23019	
14810.00	0.22732	0.22512	0.22954	0.23406	0.23017	
14820.00	0.22723	0.22496	0.22941	0.23433	0.23033	
14830.00	0.22754	0.22492	0.22932	0.23430	0.23053	
14840.00	0.22753	0.22495	0.22931	0.23434	0.23102	
14850.00	0.22742	0.22504	0.22911	0.23412	0.23113	
14860.00	0.22723	0.22518	0.22900	0.23395	0.23134	
14870.00	0.22711	0.22503	0.22896	0.23382	0.23130	
14880.00	0.22720	0.22495	0.22884	0.23372	0.23198	
14890.00	0.22729	0.22511	0.22868	0.23393	0.23215	
14900.00	0.22718	0.22523	0.22875	0.23385	0.23209	
14910.00	0.22701	0.22551	0.22857	0.23414	0.23193	
14920.00	0.22695	0.22549	0.22862	0.23404	0.23175	
14930.00	0.22706	0.22565	0.22889	0.23382	0.23159	
14940.00	0.22704	0.22573	0.22904	0.23359	0.23147	
14950.00	0.22702	0.22607	0.22885	0.23356	0.23164	
14960.00	0.22686	0.22614	0.22888	0.23361	0.23143	
14970.00	0.22668	0.22612	0.22882	0.23392	0.23131	
14980.00	0.22689	0.22640	0.22880	0.23385	0.23118	
14990.00	0.22691	0.22632	0.22874	0.23398	0.23112	
15000.00	0.22674	0.22615	0.22885	0.23396	0.23099	
