10.00	0.99680	0.99573	0.99568	0.99787	0.99680	
20.00	0.99635	0.99595	0.99529	0.99768	0.99605	
30.00	0.99654	0.99584	0.99524	0.99780	0.99625	
40.00	0.99667	0.99603	0.99546	0.99761	0.99642	
50.00	0.99658	0.99624	0.99569	0.99774	0.99660	
60.00	0.99649	0.99642	0.99590	0.99785	0.99676	
70.00	0.99665	0.99658	0.99608	0.99794	0.99691	
80.00	0.99681	0.99674	0.99627	0.99804	0.99706	
90.00	0.99698	0.99692	0.99647	0.99815	0.99721	
100.00	0.99713	0.99707	0.99664	0.99824	0.99735	
110.00	0.99727	0.99721	0.99680	0.99832	0.99748	
120.00	0.99740	0.99734	0.99696	0.99841	0.99760	
130.00	0.99753	0.99748	0.99708	0.99848	0.99772	
140.00	0.99765	0.99760	0.99722	0.99856	0.99783	
150.00	0.99776	0.99743	0.99736	0.99863	0.99794	
160.00	0.99788	0.99756	0.99749	0.99870	0.99804	
170.00	0.99797	0.99767	0.99734	0.99855	0.99812	
180.00	0.99807	0.99778	0.99723	0.99862	0.99822	
190.00	0.99817	0.99769	0.99738	0.99870	0.99831	
200.00	0.99826	0.99781	0.99751	0.99876	0.99840	
210.00	0.99813	0.99790	0.99761	0.99881	0.99846	
220.00	0.99801	0.99801	0.99774	0.99868	0.99855	
230.00	0.99809	0.99810	0.99784	0.99824	0.99861	
240.00	0.99819	0.99820	0.99795	0.99833	0.99868	
250.00	0.99829	0.99829	0.99806	0.99842	0.99875	
260.00	0.99836	0.99837	0.99815	0.99849	0.99881	
270.00	0.99845	0.99846	0.99825	0.99857	0.99887	
280.00	0.99830	0.99853	0.99832	0.99863	0.99892	
290.00	0.99837	0.99841	0.99840	0.99869	0.99897	
300.00	0.99819	0.99850	0.99849	0.99877	0.99903	
310.00	0.99827	0.99856	0.99829	0.99881	0.99906	
320.00	0.99836	0.99865	0.99839	0.99888	0.99912	
330.00	0.99844	0.99871	0.99847	0.99894	0.99916	
340.00	0.99851	0.99877	0.99853	0.99898	0.99920	
350.00	0.99860	0.99884	0.99862	0.99904	0.99925	
360.00	0.99866	0.99889	0.99868	0.99881	0.99928	
370.00	0.99871	0.99893	0.99873	0.99886	0.99930	
380.00	0.99879	0.99900	0.99881	0.99874	0.99935	
390.00	0.99851	0.99905	0.99887	0.99881	0.99938	
400.00	0.99858	0.99889	0.99892	0.99886	0.99933	
410.00	0.99865	0.99894	0.99897	0.99873	0.99936	
420.00	0.99872	0.99901	0.99903	0.99841	0.99940	
430.00	0.99878	0.99905	0.99907	0.99848	0.99942	
440.00	0.99871	0.99910	0.99912	0.99856	0.99926	
450.00	0.99876	0.99913	0.99898	0.99862	0.99929	
460.00	0.99882	0.99882	0.99889	0.99859	0.99932	
470.00	0.99889	0.99889	0.99896	0.99843	0.99937	
480.00	0.99895	0.99894	0.99901	0.99850	0.99939	
490.00	0.99878	0.99900	0.99894	0.99834	0.99943	
500.00	0.99883	0.99904	0.99899	0.99830	0.99945	
510.00	0.99858	0.99903	0.99903	0.99838	0.99947	
520.00	0.99865	0.99902	0.99908	0.99846	0.99950	
530.00	0.99855	0.99907	0.99912	0.99853	0.99944	
540.00	0.99845	0.99912	0.99918	0.99861	0.99932	
550.00	0.99828	0.99917	0.99922	0.99860	0.99919	
560.00	0.99829	0.99886	0.99916	0.99847	0.99923	
570.00	0.99838	0.99877	0.99919	0.99828	0.99926	
580.00	0.99841	0.99883	0.99923	0.99831	0.99930	
590.00	0.99812	0.99888	0.99926	0.99798	0.99932	
600.00	0.99820	0.99893	0.99910	0.99805	0.99935	
610.00	0.99811	0.99899	0.99915	0.99815	0.99939	
620.00	0.99798	0.99903	0.99918	0.99802	0.99942	
630.00	0.99807	0.99900	0.99922	0.99811	0.99944	
640.00	0.99818	0.99906	0.99927	0.99819	0.99948	
650.00	0.99815	0.99893	0.99929	0.99819	0.99948	
660.00	0.99820	0.99898	0.99928	0.99828	0.99948	
670.00	0.99826	0.99903	0.99927	0.99836	0.99949	
680.00	0.99833	0.99909	0.99932	0.99823	0.99952	
690.00	0.99837	0.99906	0.99935	0.99831	0.99954	
700.00	0.99838	0.99901	0.99938	0.99839	0.99953	
710.00	0.99843	0.99905	0.99941	0.99846	0.99948	
720.00	0.99851	0.99905	0.99931	0.99853	0.99950	
730.00	0.99858	0.99910	0.99934	0.99860	0.99953	
740.00	0.99864	0.99912	0.99911	0.99864	0.99955	
750.00	0.99861	0.99916	0.99915	0.99852	0.99957	
760.00	0.99865	0.99920	0.99919	0.99851	0.99931	
770.00	0.99871	0.99922	0.99923	0.99857	0.99934	
780.00	0.99878	0.99925	0.99927	0.99864	0.99938	
790.00	0.99880	0.99902	0.99931	0.99871	0.99941	
800.00	0.99872	0.99888	0.99934	0.99877	0.99943	
810.00	0.99876	0.99894	0.99937	0.99878	0.99944	
820.00	0.99875	0.99867	0.99928	0.99882	0.99947	
830.00	0.99881	0.99873	0.99931	0.99883	0.99932	
840.00	0.99887	0.99879	0.99933	0.99884	0.99923	
850.00	0.99889	0.99885	0.99936	0.99889	0.99926	
860.00	0.99889	0.99869	0.99934	0.99878	0.99926	
870.00	0.99895	0.99870	0.99938	0.99863	0.99919	
880.00	0.99900	0.99872	0.99941	0.99854	0.99923	
890.00	0.99905	0.99879	0.99941	0.99861	0.99913	
900.00	0.99910	0.99878	0.99944	0.99868	0.99907	
910.00	0.99909	0.99884	0.99928	0.99874	0.99911	
920.00	0.99912	0.99866	0.99931	0.99880	0.99878	
930.00	0.99904	0.99852	0.99935	0.99886	0.99884	
940.00	0.99908	0.99858	0.99938	0.99892	0.99867	
950.00	0.99913	0.99863	0.99939	0.99886	0.99873	
960.00	0.99895	0.99867	0.99942	0.99891	0.99879	
970.00	0.99900	0.99874	0.99945	0.99896	0.99885	
980.00	0.99904	0.99880	0.99948	0.99901	0.99891	
990.00	0.99909	0.99885	0.99949	0.99887	0.99896	
1000.00	0.99914	0.99890	0.99949	0.99859	0.99901	
1010.00	0.99918	0.99878	0.99952	0.99863	0.99906	
1020.00	0.99917	0.99884	0.99946	0.99870	0.99910	
1030.00	0.99921	0.99889	0.99922	0.99874	0.99915	
1040.00	0.99901	0.99895	0.99926	0.99827	0.99919	
1050.00	0.99905	0.99900	0.99928	0.99811	0.99907	
1060.00	0.99888	0.99898	0.99932	0.99804	0.99912	
1070.00	0.99890	0.99886	0.99935	0.99813	0.99913	
1080.00	0.99892	0.99872	0.99938	0.99814	0.99912	
1090.00	0.99897	0.99878	0.99939	0.99823	0.99916	
1100.00	0.99902	0.99884	0.99942	0.99798	0.99920	
1110.00	0.99905	0.99876	0.99945	0.99808	0.99924	
1120.00	0.99906	0.99882	0.99947	0.99800	0.99928	
1130.00	0.99902	0.99888	0.99950	0.99796	0.99931	
1140.00	0.99907	0.99894	0.99952	0.99806	0.99935	
1150.00	0.99899	0.99898	0.99955	0.99816	0.99936	
1160.00	0.99898	0.99903	0.99957	0.99798	0.99927	
1170.00	0.99903	0.99908	0.99959	0.99808	0.99931	
1180.00	0.99908	0.99912	0.99961	0.99814	0.99934	
1190.00	0.99912	0.99917	0.99963	0.99823	0.99937	
1200.00	0.99915	0.99921	0.99964	0.99806	0.99924	
1210.00	0.99919	0.99924	0.99966	0.99790	0.99914	
1220.00	0.99923	0.99928	0.99968	0.99799	0.99918	
1230.00	0.99897	0.99917	0.99954	0.99809	0.99905	
1240.00	0.99901	0.99918	0.99955	0.99818	0.99909	
1250.00	0.99904	0.99919	0.99952	0.99812	0.99913	
1260.00	0.99905	0.99923	0.99954	0.99819	0.99902	
1270.00	0.99910	0.99927	0.99953	0.99826	0.99907	
1280.00	0.99914	0.99930	0.99956	0.99832	0.99911	
1290.00	0.99918	0.99934	0.99958	0.99839	0.99915	
1300.00	0.99916	0.99937	0.99956	0.99847	0.99901	
1310.00	0.99920	0.99940	0.99953	0.99854	0.99906	
1320.00	0.99900	0.99943	0.99952	0.99861	0.99911	
1330.00	0.99876	0.99946	0.99952	0.99867	0.99915	
1340.00	0.99797	0.99948	0.99935	0.99852	0.99919	
1350.00	0.99778	0.99948	0.99924	0.99850	0.99923	
1360.00	0.99740	0.99951	0.99922	0.99847	0.99927	
1370.00	0.99753	0.99953	0.99925	0.99854	0.99930	
1380.00	0.99764	0.99956	0.99929	0.99837	0.99931	
1390.00	0.99773	0.99957	0.99932	0.99832	0.99934	
1400.00	0.99779	0.99937	0.99935	0.99817	0.99932	
1410.00	0.99776	0.99940	0.99929	0.99826	0.99935	
1420.00	0.99766	0.99943	0.99933	0.99835	0.99938	
1430.00	0.99763	0.99943	0.99919	0.99843	0.99916	
1440.00	0.99775	0.99946	0.99914	0.99851	0.99918	
1450.00	0.99766	0.99943	0.99918	0.99858	0.99914	
1460.00	0.99776	0.99944	0.99920	0.99863	0.99912	
1470.00	0.99787	0.99938	0.99924	0.99870	0.99894	
1480.00	0.99797	0.99941	0.99926	0.99876	0.99892	
1490.00	0.99807	0.99944	0.99928	0.99882	0.99894	
1500.00	0.99816	0.99945	0.99930	0.99886	0.99899	
1510.00	0.99825	0.99948	0.99934	0.99892	0.99898	
1520.00	0.99834	0.99951	0.99936	0.99897	0.99893	
1530.00	0.99837	0.99936	0.99933	0.99895	0.99898	
1540.00	0.99845	0.99939	0.99926	0.99880	0.99886	
1550.00	0.99825	0.99940	0.99929	0.99867	0.99892	
1560.00	0.99829	0.99940	0.99932	0.99873	0.99886	
1570.00	0.99836	0.99938	0.99929	0.99879	0.99892	
1580.00	0.99813	0.99940	0.99933	0.99885	0.99897	
1590.00	0.99822	0.99943	0.99936	0.99891	0.99858	
1600.00	0.99817	0.99906	0.99937	0.99884	0.99858	
1610.00	0.99814	0.99911	0.99940	0.99890	0.99865	
1620.00	0.99804	0.99915	0.99943	0.99895	0.99870	
1630.00	0.99776	0.99919	0.99915	0.99900	0.99876	
1640.00	0.99785	0.99922	0.99920	0.99900	0.99874	
1650.00	0.99769	0.99925	0.99923	0.99882	0.99881	
1660.00	0.99780	0.99925	0.99927	0.99880	0.99864	
1670.00	0.99790	0.99927	0.99931	0.99886	0.99870	
1680.00	0.99800	0.99931	0.99933	0.99874	0.99877	
1690.00	0.99810	0.99896	0.99936	0.99868	0.99872	
1700.00	0.99819	0.99901	0.99938	0.99864	0.99876	
1710.00	0.99799	0.99905	0.99941	0.99871	0.99875	
1720.00	0.99809	0.99894	0.99943	0.99877	0.99881	
1730.00	0.99799	0.99888	0.99945	0.99849	0.99887	
1740.00	0.99791	0.99886	0.99942	0.99856	0.99889	
1750.00	0.99783	0.99889	0.99942	0.99862	0.99893	
1760.00	0.99749	0.99889	0.99914	0.99864	0.99898	
1770.00	0.99761	0.99894	0.99918	0.99869	0.99903	
1780.00	0.99773	0.99900	0.99920	0.99875	0.99907	
1790.00	0.99784	0.99874	0.99924	0.99857	0.99912	
1800.00	0.99793	0.99880	0.99927	0.99864	0.99916	
1810.00	0.99803	0.99886	0.99929	0.99870	0.99920	
1820.00	0.99794	0.99891	0.99933	0.99877	0.99905	
1830.00	0.99759	0.99869	0.99929	0.99883	0.99890	
1840.00	0.99771	0.99876	0.99932	0.99888	0.99848	
1850.00	0.99782	0.99882	0.99936	0.99893	0.99855	
1860.00	0.99793	0.99887	0.99939	0.99867	0.99862	
1870.00	0.99782	0.99882	0.99940	0.99869	0.99859	
1880.00	0.99771	0.99872	0.99943	0.99851	0.99865	
1890.00	0.99774	0.99869	0.99924	0.99858	0.99871	
1900.00	0.99785	0.99844	0.99925	0.99865	0.99877	
1910.00	0.99769	0.99833	0.99929	0.99866	0.99883	
1920.00	0.99778	0.99841	0.99918	0.99871	0.99835	
1930.00	0.99783	0.99848	0.99922	0.99865	0.99811	
1940.00	0.99793	0.99855	0.99915	0.99871	0.99818	
1950.00	0.99803	0.99862	0.99919	0.99877	0.99827	
1960.00	0.99812	0.99861	0.99919	0.99883	0.99835	
1970.00	0.99820	0.99868	0.99923	0.99853	0.99842	
1980.00	0.99811	0.99874	0.99927	0.99851	0.99850	
1990.00	0.99820	0.99872	0.99930	0.99859	0.99857	
2000.00	0.99829	0.99877	0.99913	0.99865	0.99852	
2010.00	0.99822	0.99883	0.99917	0.99871	0.99829	
2020.00	0.99826	0.99887	0.99919	0.99878	0.99815	
2030.00	0.99834	0.99871	0.99923	0.99884	0.99817	
2040.00	0.99842	0.99870	0.99921	0.99863	0.99785	
2050.00	0.99850	0.99876	0.99914	0.99869	0.99791	
2060.00	0.99857	0.99882	0.99918	0.99876	0.99797	
2070.00	0.99864	0.99884	0.99922	0.99881	0.99787	
2080.00	0.99870	0.99885	0.99925	0.99887	0.99786	
2090.00	0.99872	0.99890	0.99928	0.99885	0.99796	
2100.00	0.99878	0.99882	0.99932	0.99884	0.99794	
2110.00	0.99883	0.99888	0.99930	0.99890	0.99776	
2120.00	0.99888	0.99894	0.99930	0.99895	0.99777	
2130.00	0.99894	0.99895	0.99906	0.99901	0.99785	
2140.00	0.99892	0.99900	0.99909	0.99905	0.99795	
2150.00	0.99898	0.99905	0.99914	0.99909	0.99800	
2160.00	0.99900	0.99909	0.99916	0.99910	0.99810	
2170.00	0.99892	0.99914	0.99916	0.99914	0.99819	
2180.00	0.99868	0.99918	0.99920	0.99918	0.99821	
2190.00	0.99875	0.99920	0.99924	0.99922	0.99830	
2200.00	0.99881	0.99924	0.99926	0.99923	0.99838	
2210.00	0.99880	0.99928	0.99894	0.99926	0.99846	
2220.00	0.99886	0.99908	0.99898	0.99927	0.99854	
2230.00	0.99885	0.99901	0.99865	0.99930	0.99859	
2240.00	0.99891	0.99902	0.99872	0.99933	0.99865	
2250.00	0.99877	0.99883	0.99874	0.99936	0.99872	
2260.00	0.99882	0.99877	0.99874	0.99939	0.99878	
2270.00	0.99886	0.99883	0.99880	0.99942	0.99863	
2280.00	0.99892	0.99889	0.99885	0.99945	0.99870	
2290.00	0.99897	0.99886	0.99891	0.99948	0.99876	
2300.00	0.99890	0.99889	0.99896	0.99950	0.99880	
2310.00	0.99894	0.99892	0.99879	0.99953	0.99884	
2320.00	0.99898	0.99897	0.99885	0.99955	0.99866	
2330.00	0.99868	0.99902	0.99890	0.99957	0.99870	
2340.00	0.99859	0.99907	0.99858	0.99959	0.99876	
2350.00	0.99852	0.99906	0.99853	0.99961	0.99882	
2360.00	0.99857	0.99911	0.99850	0.99961	0.99869	
2370.00	0.99844	0.99915	0.99840	0.99962	0.99869	
2380.00	0.99832	0.99919	0.99847	0.99960	0.99846	
2390.00	0.99840	0.99923	0.99855	0.99960	0.99841	
2400.00	0.99830	0.99923	0.99862	0.99962	0.99849	
2410.00	0.99838	0.99927	0.99867	0.99964	0.99844	
2420.00	0.99846	0.99931	0.99869	0.99966	0.99851	
2430.00	0.99853	0.99934	0.99869	0.99965	0.99858	
2440.00	0.99860	0.99936	0.99875	0.99965	0.99862	
2450.00	0.99867	0.99939	0.99868	0.99967	0.99867	
2460.00	0.99852	0.99941	0.99874	0.99969	0.99871	
2470.00	0.99857	0.99944	0.99880	0.99969	0.99850	
2480.00	0.99864	0.99946	0.99884	0.99964	0.99855	
2490.00	0.99870	0.99948	0.99890	0.99966	0.99862	
2500.00	0.99875	0.99941	0.99895	0.99967	0.99863	
2510.00	0.99878	0.99943	0.99898	0.99957	0.99869	
2520.00	0.99883	0.99946	0.99899	0.99959	0.99821	
2530.00	0.99884	0.99949	0.99876	0.99952	0.99830	
2540.00	0.99882	0.99951	0.99851	0.99954	0.99836	
2550.00	0.99888	0.99954	0.99858	0.99936	0.99805	
2560.00	0.99892	0.99947	0.99853	0.99931	0.99815	
2570.00	0.99888	0.99947	0.99860	0.99934	0.99824	
2580.00	0.99894	0.99949	0.99865	0.99937	0.99832	
2590.00	0.99899	0.99952	0.99859	0.99940	0.99838	
2600.00	0.99904	0.99952	0.99866	0.99914	0.99846	
2610.00	0.99892	0.99938	0.99854	0.99918	0.99853	
2620.00	0.99874	0.99941	0.99861	0.99922	0.99860	
2630.00	0.99880	0.99935	0.99868	0.99903	0.99867	
2640.00	0.99880	0.99938	0.99862	0.99900	0.99873	
2650.00	0.99874	0.99940	0.99861	0.99905	0.99876	
2660.00	0.99879	0.99942	0.99868	0.99909	0.99880	
2670.00	0.99885	0.99945	0.99872	0.99909	0.99886	
2680.00	0.99887	0.99946	0.99854	0.99914	0.99890	
2690.00	0.99892	0.99920	0.99861	0.99909	0.99894	
2700.00	0.99894	0.99923	0.99862	0.99901	0.99898	
2710.00	0.99899	0.99927	0.99869	0.99885	0.99903	
2720.00	0.99903	0.99930	0.99869	0.99862	0.99908	
2730.00	0.99905	0.99929	0.99875	0.99868	0.99910	
2740.00	0.99909	0.99917	0.99862	0.99872	0.99915	
2750.00	0.99912	0.99921	0.99857	0.99874	0.99918	
2760.00	0.99910	0.99921	0.99842	0.99879	0.99908	
2770.00	0.99914	0.99925	0.99849	0.99879	0.99904	
2780.00	0.99895	0.99929	0.99844	0.99885	0.99905	
2790.00	0.99889	0.99909	0.99852	0.99890	0.99897	
2800.00	0.99870	0.99911	0.99859	0.99895	0.99875	
2810.00	0.99872	0.99916	0.99849	0.99900	0.99877	
2820.00	0.99875	0.99902	0.99855	0.99905	0.99883	
2830.00	0.99857	0.99889	0.99862	0.99904	0.99853	
2840.00	0.99863	0.99891	0.99862	0.99909	0.99859	
2850.00	0.99848	0.99896	0.99869	0.99910	0.99864	
2860.00	0.99855	0.99901	0.99875	0.99912	0.99854	
2870.00	0.99835	0.99906	0.99882	0.99916	0.99861	
2880.00	0.99825	0.99910	0.99887	0.99920	0.99868	
2890.00	0.99834	0.99915	0.99874	0.99924	0.99874	
2900.00	0.99842	0.99899	0.99847	0.99928	0.99881	
2910.00	0.99849	0.99904	0.99842	0.99931	0.99876	
2920.00	0.99840	0.99908	0.99849	0.99935	0.99882	
2930.00	0.99847	0.99912	0.99852	0.99923	0.99888	
2940.00	0.99852	0.99917	0.99858	0.99907	0.99892	
2950.00	0.99856	0.99921	0.99853	0.99912	0.99884	
2960.00	0.99863	0.99924	0.99860	0.99911	0.99890	
2970.00	0.99870	0.99928	0.99834	0.99915	0.99895	
2980.00	0.99876	0.99932	0.99841	0.99916	0.99901	
2990.00	0.99855	0.99929	0.99846	0.99920	0.99905	
3000.00	0.99844	0.99932	0.99853	0.99924	0.99910	
3010.00	0.99849	0.99918	0.99837	0.99928	0.99904	
3020.00	0.99850	0.99922	0.99829	0.99931	0.99908	
3030.00	0.99843	0.99926	0.99808	0.99894	0.99913	
3040.00	0.99828	0.99929	0.99817	0.99899	0.99917	
3050.00	0.99832	0.99933	0.99817	0.99892	0.99921	
3060.00	0.99841	0.99919	0.99788	0.99897	0.99925	
3070.00	0.99848	0.99922	0.99799	0.99902	0.99928	
3080.00	0.99841	0.99926	0.99803	0.99906	0.99930	
3090.00	0.99848	0.99915	0.99776	0.99911	0.99933	
3100.00	0.99854	0.99919	0.99787	0.99915	0.99933	
3110.00	0.99860	0.99922	0.99794	0.99919	0.99936	
3120.00	0.99867	0.99922	0.99804	0.99923	0.99916	
3130.00	0.99873	0.99905	0.99810	0.99926	0.99919	
3140.00	0.99850	0.99909	0.99812	0.99892	0.99906	
3150.00	0.99857	0.99912	0.99819	0.99897	0.99910	
3160.00	0.99863	0.99916	0.99822	0.99902	0.99915	
3170.00	0.99852	0.99920	0.99819	0.99907	0.99891	
3180.00	0.99837	0.99920	0.99826	0.99911	0.99896	
3190.00	0.99820	0.99923	0.99835	0.99916	0.99891	
3200.00	0.99795	0.99910	0.99841	0.99887	0.99897	
3210.00	0.99797	0.99913	0.99848	0.99893	0.99896	
3220.00	0.99773	0.99917	0.99832	0.99869	0.99901	
3230.00	0.99767	0.99914	0.99839	0.99858	0.99906	
3240.00	0.99779	0.99918	0.99820	0.99862	0.99911	
3250.00	0.99789	0.99887	0.99828	0.99867	0.99915	
3260.00	0.99761	0.99892	0.99836	0.99852	0.99916	
3270.00	0.99773	0.99897	0.99844	0.99859	0.99919	
3280.00	0.99779	0.99902	0.99847	0.99854	0.99909	
3290.00	0.99790	0.99907	0.99825	0.99861	0.99906	
3300.00	0.99798	0.99896	0.99830	0.99864	0.99888	
3310.00	0.99800	0.99901	0.99838	0.99871	0.99894	
3320.00	0.99810	0.99906	0.99846	0.99871	0.99881	
3330.00	0.99819	0.99910	0.99853	0.99872	0.99883	
3340.00	0.99828	0.99915	0.99860	0.99878	0.99887	
3350.00	0.99822	0.99905	0.99865	0.99884	0.99861	
3360.00	0.99814	0.99910	0.99858	0.99880	0.99866	
3370.00	0.99822	0.99909	0.99863	0.99886	0.99872	
3380.00	0.99829	0.99913	0.99869	0.99892	0.99835	
3390.00	0.99838	0.99912	0.99875	0.99897	0.99842	
3400.00	0.99846	0.99916	0.99882	0.99902	0.99850	
3410.00	0.99851	0.99920	0.99885	0.99900	0.99837	
3420.00	0.99859	0.99924	0.99873	0.99897	0.99844	
3430.00	0.99863	0.99928	0.99878	0.99902	0.99851	
3440.00	0.99869	0.99931	0.99883	0.99901	0.99851	
3450.00	0.99876	0.99932	0.99867	0.99875	0.99812	
3460.00	0.99882	0.99935	0.99868	0.99881	0.99821	
3470.00	0.99885	0.99938	0.99874	0.99887	0.99810	
3480.00	0.99891	0.99927	0.99880	0.99889	0.99819	
3490.00	0.99895	0.99930	0.99884	0.99891	0.99828	
3500.00	0.99901	0.99934	0.99890	0.99894	0.99836	
3510.00	0.99904	0.99937	0.99873	0.99899	0.99817	
3520.00	0.99908	0.99932	0.99879	0.99894	0.99826	
3530.00	0.99913	0.99931	0.99881	0.99899	0.99818	
3540.00	0.99914	0.99934	0.99887	0.99903	0.99827	
3550.00	0.99918	0.99934	0.99870	0.99904	0.99835	
3560.00	0.99921	0.99938	0.99877	0.99909	0.99837	
3570.00	0.99924	0.99926	0.99878	0.99911	0.99845	
3580.00	0.99924	0.99930	0.99884	0.99915	0.99851	
3590.00	0.99926	0.99933	0.99890	0.99915	0.99858	
3600.00	0.99907	0.99936	0.99879	0.99907	0.99865	
3610.00	0.99888	0.99928	0.99868	0.99901	0.99872	
3620.00	0.99866	0.99932	0.99873	0.99905	0.99877	
3630.00	0.99873	0.99935	0.99879	0.99909	0.99882	
3640.00	0.99877	0.99938	0.99884	0.99874	0.99887	
3650.00	0.99858	0.99941	0.99890	0.99850	0.99893	
3660.00	0.99863	0.99944	0.99894	0.99856	0.99898	
3670.00	0.99870	0.99947	0.99898	0.99858	0.99894	
3680.00	0.99876	0.99949	0.99897	0.99865	0.99899	
3690.00	0.99882	0.99951	0.99886	0.99871	0.99903	
3700.00	0.99888	0.99951	0.99852	0.99878	0.99882	
3710.00	0.99879	0.99954	0.99858	0.99852	0.99887	
3720.00	0.99883	0.99956	0.99862	0.99859	0.99876	
3730.00	0.99888	0.99947	0.99869	0.99866	0.99852	
3740.00	0.99894	0.99945	0.99873	0.99861	0.99859	
3750.00	0.99899	0.99947	0.99848	0.99839	0.99866	
3760.00	0.99903	0.99949	0.99855	0.99846	0.99872	
3770.00	0.99908	0.99952	0.99862	0.99854	0.99863	
3780.00	0.99912	0.99954	0.99826	0.99861	0.99869	
3790.00	0.99872	0.99956	0.99821	0.99867	0.99875	
3800.00	0.99878	0.99958	0.99829	0.99873	0.99881	
3810.00	0.99883	0.99960	0.99829	0.99879	0.99887	
3820.00	0.99889	0.99957	0.99837	0.99862	0.99883	
3830.00	0.99881	0.99959	0.99845	0.99863	0.99888	
3840.00	0.99887	0.99946	0.99852	0.99870	0.99894	
3850.00	0.99861	0.99949	0.99859	0.99874	0.99890	
3860.00	0.99864	0.99951	0.99866	0.99874	0.99890	
3870.00	0.99869	0.99953	0.99838	0.99880	0.99896	
3880.00	0.99830	0.99956	0.99845	0.99886	0.99900	
3890.00	0.99838	0.99958	0.99852	0.99891	0.99905	
3900.00	0.99846	0.99958	0.99858	0.99879	0.99908	
3910.00	0.99853	0.99960	0.99865	0.99864	0.99912	
3920.00	0.99851	0.99946	0.99871	0.99869	0.99916	
3930.00	0.99850	0.99934	0.99877	0.99856	0.99920	
3940.00	0.99857	0.99936	0.99882	0.99864	0.99924	
3950.00	0.99859	0.99937	0.99885	0.99870	0.99927	
3960.00	0.99866	0.99940	0.99888	0.99867	0.99920	
3970.00	0.99842	0.99943	0.99867	0.99873	0.99909	
3980.00	0.99840	0.99933	0.99848	0.99877	0.99913	
3990.00	0.99848	0.99934	0.99849	0.99852	0.99917	
4000.00	0.99855	0.99931	0.99852	0.99841	0.99920	
4010.00	0.99862	0.99934	0.99859	0.99849	0.99923	
4020.00	0.99868	0.99933	0.99866	0.99855	0.99926	
4030.00	0.99874	0.99936	0.99864	0.99862	0.99929	
4040.00	0.99880	0.99939	0.99870	0.99860	0.99932	
4050.00	0.99886	0.99941	0.99871	0.99856	0.99935	
4060.00	0.99863	0.99944	0.99877	0.99853	0.99931	
4070.00	0.99862	0.99947	0.99882	0.99857	0.99885	
4080.00	0.99867	0.99943	0.99884	0.99864	0.99890	
4090.00	0.99858	0.99945	0.99869	0.99871	0.99896	
4100.00	0.99865	0.99946	0.99873	0.99872	0.99901	
4110.00	0.99847	0.99934	0.99877	0.99858	0.99886	
4120.00	0.99843	0.99937	0.99883	0.99856	0.99882	
4130.00	0.99812	0.99940	0.99889	0.99858	0.99888	
4140.00	0.99793	0.99934	0.99889	0.99865	0.99892	
4150.00	0.99791	0.99937	0.99894	0.99861	0.99898	
4160.00	0.99801	0.99940	0.99899	0.99863	0.99902	
4170.00	0.99811	0.99941	0.99904	0.99865	0.99907	
4180.00	0.99820	0.99944	0.99907	0.99863	0.99909	
4190.00	0.99829	0.99940	0.99912	0.99865	0.99897	
4200.00	0.99837	0.99943	0.99916	0.99871	0.99901	
4210.00	0.99845	0.99945	0.99885	0.99877	0.99899	
4220.00	0.99852	0.99947	0.99890	0.99860	0.99904	
4230.00	0.99855	0.99950	0.99896	0.99866	0.99908	
4240.00	0.99860	0.99952	0.99881	0.99873	0.99913	
4250.00	0.99867	0.99954	0.99885	0.99879	0.99917	
4260.00	0.99858	0.99956	0.99882	0.99884	0.99921	
4270.00	0.99865	0.99958	0.99887	0.99858	0.99925	
4280.00	0.99871	0.99958	0.99892	0.99844	0.99928	
4290.00	0.99878	0.99948	0.99897	0.99840	0.99932	
4300.00	0.99884	0.99935	0.99902	0.99847	0.99934	
4310.00	0.99879	0.99939	0.99907	0.99836	0.99937	
4320.00	0.99876	0.99935	0.99912	0.99836	0.99940	
4330.00	0.99868	0.99939	0.99910	0.99828	0.99931	
4340.00	0.99874	0.99941	0.99910	0.99828	0.99934	
4350.00	0.99880	0.99944	0.99914	0.99825	0.99937	
4360.00	0.99883	0.99946	0.99879	0.99825	0.99913	
4370.00	0.99888	0.99948	0.99877	0.99821	0.99918	
4380.00	0.99894	0.99951	0.99883	0.99822	0.99865	
4390.00	0.99888	0.99953	0.99889	0.99825	0.99872	
4400.00	0.99892	0.99955	0.99883	0.99811	0.99869	
4410.00	0.99896	0.99936	0.99889	0.99820	0.99873	
4420.00	0.99901	0.99938	0.99888	0.99827	0.99879	
4430.00	0.99899	0.99941	0.99893	0.99835	0.99885	
4440.00	0.99904	0.99943	0.99881	0.99833	0.99891	
4450.00	0.99909	0.99946	0.99886	0.99841	0.99888	
4460.00	0.99912	0.99949	0.99890	0.99834	0.99894	
4470.00	0.99916	0.99950	0.99895	0.99838	0.99886	
4480.00	0.99919	0.99946	0.99890	0.99823	0.99891	
4490.00	0.99921	0.99949	0.99895	0.99831	0.99897	
4500.00	0.99900	0.99952	0.99878	0.99839	0.99902	
4510.00	0.99890	0.99953	0.99884	0.99847	0.99898	
4520.00	0.99889	0.99955	0.99880	0.99855	0.99903	
4530.00	0.99870	0.99957	0.99885	0.99862	0.99898	
4540.00	0.99870	0.99959	0.99888	0.99869	0.99900	
4550.00	0.99876	0.99960	0.99879	0.99875	0.99905	
4560.00	0.99882	0.99941	0.99885	0.99881	0.99892	
4570.00	0.99888	0.99944	0.99888	0.99886	0.99856	
4580.00	0.99892	0.99947	0.99892	0.99891	0.99863	
4590.00	0.99890	0.99949	0.99897	0.99887	0.99870	
4600.00	0.99895	0.99948	0.99902	0.99880	0.99876	
4610.00	0.99898	0.99942	0.99895	0.99883	0.99882	
4620.00	0.99903	0.99933	0.99900	0.99880	0.99888	
4630.00	0.99908	0.99934	0.99886	0.99843	0.99893	
4640.00	0.99908	0.99938	0.99892	0.99850	0.99898	
4650.00	0.99913	0.99941	0.99897	0.99853	0.99903	
4660.00	0.99898	0.99882	0.99900	0.99831	0.99908	
4670.00	0.99903	0.99872	0.99904	0.99835	0.99911	
4680.00	0.99906	0.99866	0.99908	0.99840	0.99916	
4690.00	0.99909	0.99872	0.99912	0.99838	0.99920	
4700.00	0.99913	0.99878	0.99902	0.99845	0.99902	
4710.00	0.99917	0.99865	0.99906	0.99853	0.99906	
4720.00	0.99921	0.99857	0.99900	0.99860	0.99904	
4730.00	0.99925	0.99864	0.99905	0.99862	0.99909	
4740.00	0.99929	0.99846	0.99904	0.99868	0.99913	
4750.00	0.99932	0.99853	0.99909	0.99859	0.99917	
4760.00	0.99930	0.99851	0.99897	0.99852	0.99888	
4770.00	0.99930	0.99858	0.99902	0.99860	0.99894	
4780.00	0.99923	0.99863	0.99904	0.99825	0.99881	
4790.00	0.99920	0.99817	0.99909	0.99831	0.99887	
4800.00	0.99922	0.99826	0.99911	0.99839	0.99892	
4810.00	0.99925	0.99834	0.99898	0.99838	0.99897	
4820.00	0.99924	0.99834	0.99903	0.99831	0.99902	
4830.00	0.99926	0.99842	0.99908	0.99839	0.99907	
4840.00	0.99930	0.99805	0.99910	0.99846	0.99908	
4850.00	0.99930	0.99799	0.99914	0.99853	0.99911	
4860.00	0.99933	0.99796	0.99918	0.99861	0.99909	
4870.00	0.99936	0.99806	0.99922	0.99847	0.99913	
4880.00	0.99908	0.99816	0.99926	0.99854	0.99916	
4890.00	0.99912	0.99825	0.99922	0.99858	0.99920	
4900.00	0.99916	0.99820	0.99920	0.99865	0.99911	
4910.00	0.99917	0.99829	0.99922	0.99861	0.99915	
4920.00	0.99895	0.99825	0.99926	0.99866	0.99909	
4930.00	0.99897	0.99834	0.99909	0.99872	0.99913	
4940.00	0.99901	0.99842	0.99913	0.99878	0.99917	
4950.00	0.99906	0.99840	0.99917	0.99864	0.99921	
4960.00	0.99910	0.99812	0.99889	0.99863	0.99925	
4970.00	0.99914	0.99820	0.99895	0.99865	0.99923	
4980.00	0.99909	0.99829	0.99896	0.99870	0.99926	
4990.00	0.99911	0.99832	0.99902	0.99866	0.99921	
5000.00	0.99899	0.99839	0.99892	0.99873	0.99919	
5010.00	0.99904	0.99842	0.99879	0.99865	0.99923	
5020.00	0.99908	0.99839	0.99852	0.99845	0.99915	
5030.00	0.99898	0.99846	0.99859	0.99847	0.99911	
5040.00	0.99903	0.99854	0.99848	0.99851	0.99914	
5050.00	0.99899	0.99861	0.99855	0.99855	0.99917	
5060.00	0.99896	0.99867	0.99856	0.99862	0.99921	
5070.00	0.99901	0.99870	0.99862	0.99868	0.99924	
5080.00	0.99905	0.99854	0.99869	0.99875	0.99927	
5090.00	0.99910	0.99861	0.99868	0.99881	0.99931	
5100.00	0.99904	0.99861	0.99868	0.99882	0.99934	
5110.00	0.99899	0.99849	0.99848	0.99888	0.99937	
5120.00	0.99901	0.99855	0.99856	0.99885	0.99935	
5130.00	0.99906	0.99861	0.99853	0.99876	0.99937	
5140.00	0.99905	0.99868	0.99860	0.99882	0.99940	
5150.00	0.99896	0.99874	0.99859	0.99887	0.99924	
5160.00	0.99901	0.99863	0.99866	0.99876	0.99927	
5170.00	0.99906	0.99865	0.99839	0.99873	0.99930	
5180.00	0.99911	0.99824	0.99846	0.99879	0.99933	
5190.00	0.99915	0.99827	0.99854	0.99876	0.99937	
5200.00	0.99918	0.99836	0.99860	0.99877	0.99939	
5210.00	0.99921	0.99844	0.99858	0.99882	0.99942	
5220.00	0.99925	0.99851	0.99861	0.99888	0.99936	
5230.00	0.99920	0.99859	0.99855	0.99886	0.99917	
5240.00	0.99899	0.99866	0.99857	0.99886	0.99921	
5250.00	0.99887	0.99872	0.99864	0.99881	0.99925	
5260.00	0.99893	0.99878	0.99870	0.99873	0.99926	
5270.00	0.99898	0.99884	0.99876	0.99855	0.99929	
5280.00	0.99903	0.99890	0.99882	0.99844	0.99915	
5290.00	0.99908	0.99895	0.99888	0.99848	0.99919	
5300.00	0.99912	0.99887	0.99891	0.99816	0.99908	
5310.00	0.99916	0.99883	0.99884	0.99825	0.99913	
5320.00	0.99911	0.99871	0.99890	0.99790	0.99917	
5330.00	0.99915	0.99871	0.99895	0.99773	0.99920	
5340.00	0.99919	0.99877	0.99900	0.99783	0.99924	
5350.00	0.99920	0.99868	0.99904	0.99794	0.99915	
5360.00	0.99924	0.99875	0.99907	0.99804	0.99877	
5370.00	0.99928	0.99873	0.99891	0.99807	0.99851	
5380.00	0.99911	0.99878	0.99896	0.99816	0.99858	
5390.00	0.99915	0.99883	0.99892	0.99825	0.99850	
5400.00	0.99919	0.99889	0.99897	0.99797	0.99856	
5410.00	0.99914	0.99894	0.99902	0.99780	0.99862	
5420.00	0.99913	0.99897	0.99907	0.99790	0.99867	
5430.00	0.99911	0.99888	0.99911	0.99785	0.99873	
5440.00	0.99914	0.99893	0.99915	0.99771	0.99875	
5450.00	0.99918	0.99899	0.99905	0.99782	0.99879	
5460.00	0.99922	0.99904	0.99910	0.99754	0.99884	
5470.00	0.99926	0.99908	0.99911	0.99765	0.99886	
5480.00	0.99930	0.99913	0.99914	0.99774	0.99858	
5490.00	0.99933	0.99910	0.99918	0.99753	0.99819	
5500.00	0.99936	0.99914	0.99921	0.99765	0.99808	
5510.00	0.99937	0.99918	0.99925	0.99777	0.99817	
5520.00	0.99939	0.99922	0.99928	0.99786	0.99802	
5530.00	0.99942	0.99926	0.99932	0.99784	0.99796	
5540.00	0.99942	0.99930	0.99935	0.99794	0.99802	
5550.00	0.99944	0.99933	0.99934	0.99792	0.99812	
5560.00	0.99947	0.99937	0.99937	0.99786	0.99821	
5570.00	0.99950	0.99922	0.99940	0.99782	0.99830	
5580.00	0.99952	0.99926	0.99943	0.99770	0.99838	
5590.00	0.99954	0.99920	0.99930	0.99780	0.99846	
5600.00	0.99950	0.99909	0.99914	0.99791	0.99853	
5610.00	0.99951	0.99913	0.99906	0.99801	0.99861	
5620.00	0.99951	0.99917	0.99908	0.99810	0.99867	
5630.00	0.99953	0.99921	0.99911	0.99795	0.99874	
5640.00	0.99955	0.99925	0.99916	0.99805	0.99871	
5650.00	0.99923	0.99928	0.99920	0.99815	0.99870	
5660.00	0.99874	0.99932	0.99924	0.99804	0.99863	
5670.00	0.99880	0.99918	0.99927	0.99796	0.99864	
5680.00	0.99875	0.99922	0.99931	0.99805	0.99870	
5690.00	0.99881	0.99900	0.99915	0.99810	0.99876	
5700.00	0.99886	0.99905	0.99912	0.99819	0.99870	
5710.00	0.99891	0.99909	0.99913	0.99828	0.99872	
5720.00	0.99890	0.99914	0.99915	0.99837	0.99878	
5730.00	0.99870	0.99892	0.99919	0.99823	0.99881	
5740.00	0.99875	0.99897	0.99905	0.99812	0.99880	
5750.00	0.99881	0.99900	0.99909	0.99812	0.99884	
5760.00	0.99885	0.99903	0.99900	0.99821	0.99868	
5770.00	0.99886	0.99908	0.99905	0.99819	0.99874	
5780.00	0.99881	0.99912	0.99908	0.99825	0.99875	
5790.00	0.99887	0.99915	0.99912	0.99834	0.99847	
5800.00	0.99875	0.99883	0.99915	0.99842	0.99854	
5810.00	0.99864	0.99888	0.99919	0.99831	0.99861	
5820.00	0.99870	0.99891	0.99896	0.99839	0.99850	
5830.00	0.99870	0.99896	0.99882	0.99847	0.99814	
5840.00	0.99877	0.99899	0.99887	0.99854	0.99800	
5850.00	0.99882	0.99901	0.99857	0.99858	0.99809	
5860.00	0.99887	0.99902	0.99864	0.99865	0.99818	
5870.00	0.99892	0.99907	0.99869	0.99872	0.99821	
5880.00	0.99897	0.99910	0.99874	0.99876	0.99830	
5890.00	0.99897	0.99914	0.99880	0.99853	0.99834	
5900.00	0.99901	0.99902	0.99885	0.99830	0.99842	
5910.00	0.99905	0.99904	0.99891	0.99838	0.99849	
5920.00	0.99900	0.99908	0.99886	0.99844	0.99850	
5930.00	0.99902	0.99913	0.99888	0.99832	0.99857	
5940.00	0.99907	0.99917	0.99884	0.99812	0.99832	
5950.00	0.99900	0.99921	0.99889	0.99817	0.99833	
5960.00	0.99891	0.99925	0.99895	0.99814	0.99842	
5970.00	0.99896	0.99923	0.99900	0.99811	0.99848	
5980.00	0.99901	0.99902	0.99861	0.99818	0.99833	
5990.00	0.99870	0.99907	0.99835	0.99822	0.99839	
6000.00	0.99876	0.99903	0.99802	0.99820	0.99820	
6010.00	0.99882	0.99907	0.99812	0.99823	0.99829	
6020.00	0.99883	0.99910	0.99813	0.99831	0.99836	
6030.00	0.99888	0.99914	0.99816	0.99821	0.99844	
6040.00	0.99885	0.99918	0.99819	0.99825	0.99851	
6050.00	0.99890	0.99921	0.99804	0.99827	0.99858	
6060.00	0.99894	0.99924	0.99811	0.99834	0.99858	
6070.00	0.99899	0.99908	0.99799	0.99842	0.99861	
6080.00	0.99904	0.99913	0.99805	0.99803	0.99849	
6090.00	0.99909	0.99917	0.99814	0.99788	0.99854	
6100.00	0.99913	0.99921	0.99817	0.99786	0.99861	
6110.00	0.99917	0.99925	0.99823	0.99793	0.99849	
6120.00	0.99921	0.99929	0.99808	0.99795	0.99857	
6130.00	0.99910	0.99932	0.99817	0.99798	0.99864	
6140.00	0.99914	0.99935	0.99822	0.99808	0.99848	
6150.00	0.99907	0.99938	0.99786	0.99817	0.99855	
6160.00	0.99910	0.99941	0.99797	0.99815	0.99862	
6170.00	0.99908	0.99944	0.99806	0.99824	0.99859	
6180.00	0.99912	0.99947	0.99809	0.99827	0.99866	
6190.00	0.99897	0.99949	0.99818	0.99835	0.99872	
6200.00	0.99875	0.99952	0.99817	0.99843	0.99873	
6210.00	0.99850	0.99954	0.99791	0.99848	0.99879	
6220.00	0.99856	0.99956	0.99801	0.99854	0.99864	
6230.00	0.99861	0.99958	0.99811	0.99853	0.99821	
6240.00	0.99867	0.99949	0.99820	0.99837	0.99830	
6250.00	0.99855	0.99952	0.99812	0.99838	0.99838	
6260.00	0.99862	0.99943	0.99822	0.99835	0.99846	
6270.00	0.99869	0.99946	0.99830	0.99830	0.99853	
6280.00	0.99875	0.99945	0.99838	0.99838	0.99860	
6290.00	0.99879	0.99936	0.99840	0.99845	0.99866	
6300.00	0.99885	0.99939	0.99848	0.99852	0.99872	
6310.00	0.99890	0.99940	0.99855	0.99836	0.99878	
6320.00	0.99890	0.99943	0.99855	0.99825	0.99884	
6330.00	0.99877	0.99946	0.99863	0.99825	0.99890	
6340.00	0.99876	0.99948	0.99852	0.99833	0.99895	
6350.00	0.99879	0.99951	0.99850	0.99841	0.99900	
6360.00	0.99865	0.99953	0.99858	0.99823	0.99904	
6370.00	0.99872	0.99955	0.99856	0.99831	0.99893	
6380.00	0.99848	0.99958	0.99862	0.99839	0.99898	
6390.00	0.99851	0.99960	0.99869	0.99835	0.99903	
6400.00	0.99853	0.99962	0.99875	0.99843	0.99908	
6410.00	0.99839	0.99963	0.99881	0.99850	0.99909	
6420.00	0.99846	0.99964	0.99883	0.99857	0.99913	
6430.00	0.99854	0.99960	0.99888	0.99843	0.99904	
6440.00	0.99858	0.99962	0.99875	0.99851	0.99895	
6450.00	0.99864	0.99964	0.99879	0.99858	0.99898	
6460.00	0.99871	0.99966	0.99872	0.99865	0.99880	
6470.00	0.99877	0.99967	0.99864	0.99868	0.99886	
6480.00	0.99883	0.99969	0.99865	0.99874	0.99891	
6490.00	0.99889	0.99971	0.99855	0.99874	0.99897	
6500.00	0.99893	0.99972	0.99851	0.99874	0.99901	
6510.00	0.99898	0.99973	0.99852	0.99851	0.99906	
6520.00	0.99903	0.99975	0.99854	0.99827	0.99910	
6530.00	0.99904	0.99976	0.99861	0.99835	0.99915	
6540.00	0.99908	0.99977	0.99852	0.99840	0.99919	
6550.00	0.99889	0.99978	0.99810	0.99847	0.99914	
6560.00	0.99894	0.99979	0.99819	0.99835	0.99917	
6570.00	0.99885	0.99980	0.99759	0.99800	0.99921	
6580.00	0.99890	0.99981	0.99767	0.99805	0.99917	
6590.00	0.99895	0.99968	0.99775	0.99814	0.99919	
6600.00	0.99900	0.99968	0.99778	0.99823	0.99910	
6610.00	0.99905	0.99969	0.99775	0.99832	0.99915	
6620.00	0.99902	0.99970	0.99771	0.99840	0.99899	
6630.00	0.99896	0.99959	0.99781	0.99838	0.99901	
6640.00	0.99895	0.99961	0.99784	0.99846	0.99895	
6650.00	0.99879	0.99962	0.99761	0.99845	0.99900	
6660.00	0.99885	0.99964	0.99736	0.99836	0.99905	
6670.00	0.99870	0.99966	0.99748	0.99844	0.99909	
6680.00	0.99877	0.99954	0.99761	0.99851	0.99913	
6690.00	0.99883	0.99947	0.99772	0.99835	0.99916	
6700.00	0.99888	0.99950	0.99783	0.99819	0.99919	
6710.00	0.99879	0.99939	0.99783	0.99828	0.99923	
6720.00	0.99879	0.99941	0.99787	0.99836	0.99926	
6730.00	0.99885	0.99930	0.99797	0.99824	0.99930	
6740.00	0.99890	0.99933	0.99781	0.99832	0.99933	
6750.00	0.99896	0.99916	0.99789	0.99834	0.99935	
6760.00	0.99883	0.99920	0.99799	0.99842	0.99938	
6770.00	0.99876	0.99912	0.99789	0.99841	0.99907	
6780.00	0.99882	0.99903	0.99799	0.99845	0.99909	
6790.00	0.99871	0.99907	0.99809	0.99853	0.99913	
6800.00	0.99871	0.99912	0.99811	0.99842	0.99917	
6810.00	0.99869	0.99898	0.99820	0.99850	0.99918	
6820.00	0.99872	0.99903	0.99828	0.99857	0.99911	
6830.00	0.99871	0.99908	0.99837	0.99864	0.99915	
6840.00	0.99877	0.99912	0.99844	0.99871	0.99910	
6850.00	0.99879	0.99908	0.99829	0.99875	0.99913	
6860.00	0.99872	0.99910	0.99813	0.99858	0.99917	
6870.00	0.99879	0.99915	0.99822	0.99839	0.99921	
6880.00	0.99885	0.99903	0.99831	0.99826	0.99924	
6890.00	0.99868	0.99907	0.99822	0.99834	0.99928	
6900.00	0.99874	0.99893	0.99819	0.99826	0.99931	
6910.00	0.99880	0.99879	0.99828	0.99812	0.99934	
6920.00	0.99883	0.99885	0.99836	0.99771	0.99932	
6930.00	0.99888	0.99891	0.99842	0.99773	0.99935	
6940.00	0.99894	0.99896	0.99840	0.99783	0.99928	
6950.00	0.99895	0.99898	0.99848	0.99793	0.99932	
6960.00	0.99900	0.99903	0.99850	0.99751	0.99935	
6970.00	0.99881	0.99896	0.99854	0.99762	0.99938	
6980.00	0.99876	0.99901	0.99857	0.99763	0.99941	
6990.00	0.99868	0.99906	0.99863	0.99774	0.99944	
7000.00	0.99874	0.99910	0.99867	0.99785	0.99939	
7010.00	0.99880	0.99914	0.99873	0.99795	0.99942	
7020.00	0.99841	0.99915	0.99873	0.99797	0.99945	
7030.00	0.99847	0.99919	0.99845	0.99773	0.99946	
7040.00	0.99854	0.99922	0.99847	0.99764	0.99943	
7050.00	0.99826	0.99926	0.99854	0.99765	0.99946	
7060.00	0.99833	0.99929	0.99861	0.99777	0.99919	
7070.00	0.99841	0.99931	0.99859	0.99788	0.99923	
7080.00	0.99848	0.99935	0.99865	0.99798	0.99925	
7090.00	0.99856	0.99938	0.99835	0.99807	0.99915	
7100.00	0.99862	0.99930	0.99832	0.99817	0.99919	
7110.00	0.99867	0.99933	0.99825	0.99826	0.99923	
7120.00	0.99874	0.99931	0.99833	0.99834	0.99926	
7130.00	0.99879	0.99930	0.99809	0.99842	0.99930	
7140.00	0.99859	0.99933	0.99818	0.99850	0.99933	
7150.00	0.99866	0.99915	0.99801	0.99842	0.99934	
7160.00	0.99872	0.99919	0.99810	0.99849	0.99906	
7170.00	0.99878	0.99923	0.99820	0.99856	0.99904	
7180.00	0.99884	0.99904	0.99828	0.99863	0.99901	
7190.00	0.99877	0.99904	0.99837	0.99867	0.99906	
7200.00	0.99857	0.99907	0.99841	0.99837	0.99910	
7210.00	0.99857	0.99911	0.99848	0.99842	0.99891	
7220.00	0.99863	0.99916	0.99849	0.99834	0.99896	
7230.00	0.99832	0.99914	0.99851	0.99840	0.99881	
7240.00	0.99839	0.99911	0.99858	0.99825	0.99887	
7250.00	0.99847	0.99898	0.99865	0.99834	0.99893	
7260.00	0.99855	0.99903	0.99870	0.99810	0.99898	
7270.00	0.99862	0.99907	0.99872	0.99814	0.99891	
7280.00	0.99850	0.99911	0.99871	0.99822	0.99896	
7290.00	0.99857	0.99915	0.99877	0.99830	0.99881	
7300.00	0.99861	0.99885	0.99877	0.99835	0.99887	
7310.00	0.99868	0.99868	0.99883	0.99803	0.99864	
7320.00	0.99874	0.99849	0.99882	0.99806	0.99871	
7330.00	0.99849	0.99854	0.99845	0.99810	0.99877	
7340.00	0.99857	0.99861	0.99853	0.99819	0.99883	
7350.00	0.99863	0.99867	0.99859	0.99828	0.99888	
7360.00	0.99840	0.99873	0.99850	0.99832	0.99894	
7370.00	0.99838	0.99879	0.99856	0.99828	0.99881	
7380.00	0.99842	0.99885	0.99863	0.99833	0.99881	
7390.00	0.99849	0.99888	0.99869	0.99841	0.99887	
7400.00	0.99856	0.99866	0.99856	0.99839	0.99891	
7410.00	0.99863	0.99868	0.99856	0.99847	0.99896	
7420.00	0.99868	0.99861	0.99863	0.99849	0.99901	
7430.00	0.99875	0.99868	0.99870	0.99856	0.99906	
7440.00	0.99881	0.99873	0.99876	0.99863	0.99909	
7450.00	0.99887	0.99879	0.99882	0.99868	0.99914	
7460.00	0.99891	0.99852	0.99888	0.99873	0.99918	
7470.00	0.99897	0.99850	0.99891	0.99880	0.99920	
7480.00	0.99902	0.99857	0.99890	0.99885	0.99923	
7490.00	0.99906	0.99863	0.99895	0.99891	0.99926	
7500.00	0.99883	0.99870	0.99886	0.99896	0.99930	
7510.00	0.99882	0.99876	0.99890	0.99901	0.99933	
7520.00	0.99888	0.99879	0.99892	0.99906	0.99937	
7530.00	0.99893	0.99885	0.99891	0.99906	0.99939	
7540.00	0.99898	0.99876	0.99896	0.99908	0.99941	
7550.00	0.99892	0.99882	0.99901	0.99907	0.99929	
7560.00	0.99892	0.99878	0.99906	0.99906	0.99932	
7570.00	0.99897	0.99883	0.99906	0.99903	0.99935	
7580.00	0.99840	0.99876	0.99910	0.99906	0.99938	
7590.00	0.99846	0.99868	0.99911	0.99910	0.99941	
7600.00	0.99854	0.99875	0.99915	0.99914	0.99942	
7610.00	0.99861	0.99881	0.99910	0.99909	0.99931	
7620.00	0.99868	0.99882	0.99906	0.99914	0.99930	
7630.00	0.99874	0.99881	0.99902	0.99918	0.99923	
7640.00	0.99880	0.99887	0.99906	0.99907	0.99927	
7650.00	0.99872	0.99883	0.99882	0.99909	0.99930	
7660.00	0.99879	0.99889	0.99878	0.99913	0.99934	
7670.00	0.99864	0.99894	0.99858	0.99917	0.99937	
7680.00	0.99870	0.99899	0.99865	0.99921	0.99940	
7690.00	0.99877	0.99904	0.99862	0.99925	0.99943	
7700.00	0.99883	0.99908	0.99821	0.99929	0.99942	
7710.00	0.99887	0.99913	0.99805	0.99931	0.99945	
7720.00	0.99893	0.99896	0.99813	0.99935	0.99946	
7730.00	0.99898	0.99893	0.99822	0.99937	0.99949	
7740.00	0.99903	0.99897	0.99830	0.99934	0.99951	
7750.00	0.99886	0.99900	0.99837	0.99931	0.99938	
7760.00	0.99892	0.99867	0.99837	0.99907	0.99910	
7770.00	0.99897	0.99874	0.99845	0.99911	0.99914	
7780.00	0.99902	0.99855	0.99852	0.99916	0.99918	
7790.00	0.99907	0.99855	0.99816	0.99920	0.99922	
7800.00	0.99911	0.99855	0.99814	0.99894	0.99926	
7810.00	0.99912	0.99859	0.99781	0.99897	0.99930	
7820.00	0.99915	0.99866	0.99783	0.99902	0.99933	
7830.00	0.99919	0.99872	0.99792	0.99886	0.99936	
7840.00	0.99923	0.99877	0.99802	0.99889	0.99939	
7850.00	0.99925	0.99877	0.99812	0.99894	0.99923	
7860.00	0.99920	0.99883	0.99796	0.99897	0.99927	
7870.00	0.99903	0.99888	0.99806	0.99902	0.99930	
7880.00	0.99906	0.99890	0.99815	0.99906	0.99934	
7890.00	0.99911	0.99894	0.99824	0.99911	0.99937	
7900.00	0.99913	0.99900	0.99817	0.99915	0.99940	
7910.00	0.99917	0.99903	0.99814	0.99918	0.99943	
7920.00	0.99921	0.99906	0.99790	0.99922	0.99942	
7930.00	0.99918	0.99911	0.99796	0.99925	0.99944	
7940.00	0.99922	0.99915	0.99806	0.99924	0.99932	
7950.00	0.99926	0.99918	0.99795	0.99928	0.99935	
7960.00	0.99929	0.99920	0.99804	0.99931	0.99937	
7970.00	0.99933	0.99924	0.99814	0.99935	0.99940	
7980.00	0.99915	0.99910	0.99813	0.99937	0.99942	
7990.00	0.99919	0.99914	0.99822	0.99907	0.99945	
8000.00	0.99906	0.99916	0.99830	0.99910	0.99947	
8010.00	0.99911	0.99920	0.99838	0.99914	0.99950	
8020.00	0.99893	0.99924	0.99846	0.99918	0.99951	
8030.00	0.99898	0.99922	0.99849	0.99917	0.99949	
8040.00	0.99903	0.99925	0.99854	0.99889	0.99948	
8050.00	0.99893	0.99929	0.99861	0.99883	0.99950	
8060.00	0.99897	0.99933	0.99851	0.99888	0.99953	
8070.00	0.99886	0.99936	0.99854	0.99893	0.99955	
8080.00	0.99890	0.99939	0.99857	0.99898	0.99941	
8090.00	0.99896	0.99940	0.99864	0.99903	0.99943	
8100.00	0.99886	0.99932	0.99847	0.99906	0.99945	
8110.00	0.99890	0.99936	0.99847	0.99911	0.99948	
8120.00	0.99866	0.99939	0.99849	0.99915	0.99950	
8130.00	0.99863	0.99942	0.99857	0.99919	0.99918	
8140.00	0.99870	0.99941	0.99849	0.99922	0.99904	
8150.00	0.99863	0.99944	0.99852	0.99914	0.99903	
8160.00	0.99849	0.99947	0.99859	0.99916	0.99903	
8170.00	0.99843	0.99949	0.99866	0.99920	0.99889	
8180.00	0.99836	0.99952	0.99873	0.99924	0.99886	
8190.00	0.99844	0.99954	0.99859	0.99927	0.99876	
8200.00	0.99851	0.99956	0.99848	0.99931	0.99874	
8210.00	0.99837	0.99957	0.99855	0.99934	0.99860	
8220.00	0.99839	0.99945	0.99857	0.99937	0.99867	
8230.00	0.99847	0.99948	0.99811	0.99931	0.99873	
8240.00	0.99849	0.99950	0.99788	0.99918	0.99848	
8250.00	0.99835	0.99941	0.99798	0.99921	0.99817	
8260.00	0.99843	0.99933	0.99783	0.99916	0.99826	
8270.00	0.99851	0.99936	0.99793	0.99918	0.99833	
8280.00	0.99846	0.99939	0.99790	0.99922	0.99841	
8290.00	0.99852	0.99942	0.99796	0.99887	0.99841	
8300.00	0.99860	0.99945	0.99801	0.99892	0.99849	
8310.00	0.99860	0.99947	0.99808	0.99897	0.99856	
8320.00	0.99867	0.99947	0.99813	0.99902	0.99845	
8330.00	0.99873	0.99949	0.99822	0.99885	0.99808	
8340.00	0.99880	0.99951	0.99811	0.99890	0.99817	
8350.00	0.99885	0.99954	0.99806	0.99859	0.99824	
8360.00	0.99891	0.99956	0.99815	0.99866	0.99833	
8370.00	0.99869	0.99947	0.99824	0.99846	0.99837	
8380.00	0.99848	0.99928	0.99833	0.99842	0.99830	
8390.00	0.99855	0.99927	0.99841	0.99850	0.99830	
8400.00	0.99858	0.99931	0.99849	0.99842	0.99834	
8410.00	0.99862	0.99934	0.99828	0.99847	0.99816	
8420.00	0.99869	0.99937	0.99836	0.99854	0.99788	
8430.00	0.99876	0.99940	0.99797	0.99852	0.99782	
8440.00	0.99872	0.99942	0.99806	0.99855	0.99793	
8450.00	0.99878	0.99945	0.99780	0.99860	0.99803	
8460.00	0.99884	0.99947	0.99777	0.99866	0.99812	
8470.00	0.99887	0.99950	0.99785	0.99873	0.99816	
8480.00	0.99893	0.99952	0.99718	0.99879	0.99806	
8490.00	0.99898	0.99955	0.99731	0.99885	0.99814	
8500.00	0.99903	0.99943	0.99741	0.99890	0.99822	
8510.00	0.99908	0.99927	0.99753	0.99895	0.99831	
8520.00	0.99912	0.99931	0.99726	0.99900	0.99839	
8530.00	0.99916	0.99931	0.99737	0.99903	0.99845	
8540.00	0.99920	0.99913	0.99725	0.99907	0.99826	
8550.00	0.99924	0.99915	0.99736	0.99912	0.99834	
8560.00	0.99923	0.99919	0.99701	0.99915	0.99842	
8570.00	0.99924	0.99920	0.99704	0.99918	0.99850	
8580.00	0.99927	0.99915	0.99699	0.99898	0.99857	
8590.00	0.99931	0.99908	0.99681	0.99892	0.99847	
8600.00	0.99934	0.99912	0.99694	0.99895	0.99853	
8610.00	0.99937	0.99917	0.99709	0.99899	0.99854	
8620.00	0.99940	0.99921	0.99715	0.99904	0.99839	
8630.00	0.99943	0.99925	0.99729	0.99901	0.99847	
8640.00	0.99944	0.99928	0.99741	0.99906	0.99848	
8650.00	0.99946	0.99931	0.99735	0.99910	0.99855	
8660.00	0.99948	0.99934	0.99708	0.99915	0.99862	
8670.00	0.99951	0.99929	0.99722	0.99919	0.99869	
8680.00	0.99951	0.99932	0.99711	0.99922	0.99875	
8690.00	0.99952	0.99933	0.99723	0.99925	0.99881	
8700.00	0.99954	0.99920	0.99724	0.99927	0.99887	
8710.00	0.99947	0.99924	0.99735	0.99931	0.99869	
8720.00	0.99950	0.99890	0.99748	0.99910	0.99876	
8730.00	0.99952	0.99893	0.99760	0.99900	0.99876	
8740.00	0.99937	0.99898	0.99753	0.99905	0.99882	
8750.00	0.99939	0.99902	0.99749	0.99909	0.99887	
8760.00	0.99931	0.99905	0.99761	0.99908	0.99893	
8770.00	0.99903	0.99863	0.99765	0.99913	0.99898	
8780.00	0.99900	0.99868	0.99751	0.99917	0.99903	
8790.00	0.99904	0.99857	0.99717	0.99914	0.99906	
8800.00	0.99908	0.99859	0.99731	0.99900	0.99910	
8810.00	0.99912	0.99835	0.99739	0.99905	0.99896	
8820.00	0.99912	0.99843	0.99751	0.99908	0.99847	
8830.00	0.99913	0.99850	0.99746	0.99913	0.99851	
8840.00	0.99917	0.99852	0.99751	0.99889	0.99851	
8850.00	0.99921	0.99856	0.99764	0.99849	0.99858	
8860.00	0.99920	0.99808	0.99775	0.99839	0.99865	
8870.00	0.99923	0.99780	0.99784	0.99847	0.99859	
8880.00	0.99912	0.99713	0.99794	0.99854	0.99866	
8890.00	0.99916	0.99712	0.99784	0.99861	0.99872	
8900.00	0.99920	0.99726	0.99795	0.99817	0.99864	
8910.00	0.99910	0.99738	0.99805	0.99826	0.99870	
8920.00	0.99914	0.99751	0.99809	0.99834	0.99864	
8930.00	0.99919	0.99763	0.99784	0.99833	0.99870	
8940.00	0.99913	0.99758	0.99783	0.99803	0.99870	
8950.00	0.99917	0.99767	0.99787	0.99812	0.99876	
8960.00	0.99921	0.99777	0.99777	0.99821	0.99882	
8970.00	0.99915	0.99778	0.99788	0.99811	0.99888	
8980.00	0.99913	0.99789	0.99798	0.99820	0.99880	
8990.00	0.99894	0.99800	0.99808	0.99829	0.99886	
9000.00	0.99897	0.99809	0.99813	0.99837	0.99882	
9010.00	0.99902	0.99819	0.99801	0.99845	0.99857	
9020.00	0.99906	0.99823	0.99811	0.99842	0.99854	
9030.00	0.99911	0.99831	0.99786	0.99849	0.99858	
9040.00	0.99915	0.99839	0.99778	0.99831	0.99843	
9050.00	0.99919	0.99847	0.99776	0.99839	0.99851	
9060.00	0.99923	0.99854	0.99787	0.99847	0.99845	
9070.00	0.99927	0.99857	0.99797	0.99834	0.99840	
9080.00	0.99931	0.99864	0.99807	0.99842	0.99846	
9090.00	0.99934	0.99871	0.99812	0.99850	0.99853	
9100.00	0.99937	0.99877	0.99803	0.99857	0.99860	
9110.00	0.99940	0.99882	0.99813	0.99854	0.99867	
9120.00	0.99943	0.99885	0.99817	0.99861	0.99872	
9130.00	0.99935	0.99891	0.99815	0.99865	0.99876	
9140.00	0.99932	0.99896	0.99823	0.99870	0.99882	
9150.00	0.99935	0.99898	0.99831	0.99876	0.99884	
9160.00	0.99924	0.99903	0.99831	0.99882	0.99881	
9170.00	0.99924	0.99907	0.99824	0.99888	0.99886	
9180.00	0.99927	0.99912	0.99827	0.99862	0.99892	
9190.00	0.99931	0.99915	0.99835	0.99865	0.99897	
9200.00	0.99934	0.99910	0.99843	0.99871	0.99898	
9210.00	0.99937	0.99894	0.99850	0.99878	0.99887	
9220.00	0.99940	0.99896	0.99857	0.99884	0.99892	
9230.00	0.99942	0.99901	0.99860	0.99888	0.99897	
9240.00	0.99945	0.99906	0.99864	0.99888	0.99902	
9250.00	0.99947	0.99910	0.99870	0.99893	0.99907	
9260.00	0.99946	0.99915	0.99877	0.99889	0.99909	
9270.00	0.99948	0.99918	0.99881	0.99892	0.99905	
9280.00	0.99951	0.99922	0.99881	0.99897	0.99910	
9290.00	0.99950	0.99926	0.99887	0.99894	0.99898	
9300.00	0.99948	0.99926	0.99890	0.99899	0.99901	
9310.00	0.99950	0.99914	0.99895	0.99904	0.99906	
9320.00	0.99942	0.99918	0.99891	0.99908	0.99910	
9330.00	0.99944	0.99917	0.99893	0.99913	0.99912	
9340.00	0.99939	0.99895	0.99898	0.99917	0.99916	
9350.00	0.99940	0.99891	0.99902	0.99916	0.99910	
9360.00	0.99942	0.99894	0.99868	0.99920	0.99914	
9370.00	0.99945	0.99899	0.99874	0.99924	0.99889	
9380.00	0.99947	0.99904	0.99879	0.99919	0.99894	
9390.00	0.99944	0.99909	0.99885	0.99923	0.99887	
9400.00	0.99946	0.99913	0.99890	0.99927	0.99884	
9410.00	0.99948	0.99915	0.99895	0.99930	0.99890	
9420.00	0.99949	0.99914	0.99900	0.99928	0.99895	
9430.00	0.99950	0.99919	0.99904	0.99931	0.99878	
9440.00	0.99953	0.99922	0.99909	0.99934	0.99855	
9450.00	0.99953	0.99926	0.99913	0.99933	0.99860	
9460.00	0.99933	0.99928	0.99917	0.99936	0.99862	
9470.00	0.99903	0.99904	0.99914	0.99939	0.99855	
9480.00	0.99879	0.99879	0.99918	0.99923	0.99862	
9490.00	0.99875	0.99882	0.99921	0.99927	0.99868	
9500.00	0.99864	0.99886	0.99925	0.99930	0.99872	
9510.00	0.99854	0.99889	0.99897	0.99932	0.99866	
9520.00	0.99821	0.99882	0.99897	0.99936	0.99829	
9530.00	0.99815	0.99883	0.99902	0.99939	0.99837	
9540.00	0.99813	0.99889	0.99904	0.99942	0.99816	
9550.00	0.99822	0.99883	0.99909	0.99945	0.99825	
9560.00	0.99829	0.99877	0.99897	0.99947	0.99833	
9570.00	0.99837	0.99872	0.99885	0.99950	0.99841	
9580.00	0.99843	0.99878	0.99889	0.99936	0.99849	
9590.00	0.99841	0.99884	0.99893	0.99938	0.99812	
9600.00	0.99849	0.99889	0.99851	0.99941	0.99821	
9610.00	0.99856	0.99895	0.99858	0.99944	0.99830	
9620.00	0.99859	0.99891	0.99855	0.99946	0.99827	
9630.00	0.99849	0.99872	0.99858	0.99948	0.99819	
9640.00	0.99856	0.99878	0.99865	0.99947	0.99820	
9650.00	0.99853	0.99882	0.99871	0.99949	0.99819	
9660.00	0.99857	0.99887	0.99877	0.99952	0.99828	
9670.00	0.99863	0.99893	0.99879	0.99938	0.99808	
9680.00	0.99862	0.99898	0.99885	0.99930	0.99817	
9690.00	0.99867	0.99897	0.99890	0.99932	0.99826	
9700.00	0.99873	0.99902	0.99894	0.99935	0.99835	
9710.00	0.99874	0.99907	0.99899	0.99903	0.99843	
9720.00	0.99880	0.99911	0.99882	0.99908	0.99850	
9730.00	0.99886	0.99916	0.99886	0.99896	0.99856	
9740.00	0.99872	0.99920	0.99892	0.99901	0.99852	
9750.00	0.99873	0.99922	0.99867	0.99905	0.99843	
9760.00	0.99850	0.99911	0.99874	0.99909	0.99844	
9770.00	0.99854	0.99914	0.99875	0.99914	0.99825	
9780.00	0.99860	0.99916	0.99871	0.99904	0.99834	
9790.00	0.99867	0.99920	0.99869	0.99906	0.99830	
9800.00	0.99874	0.99923	0.99868	0.99892	0.99837	
9810.00	0.99880	0.99927	0.99874	0.99897	0.99836	
9820.00	0.99861	0.99929	0.99880	0.99902	0.99844	
9830.00	0.99868	0.99928	0.99886	0.99907	0.99851	
9840.00	0.99874	0.99921	0.99891	0.99890	0.99819	
9850.00	0.99880	0.99912	0.99897	0.99893	0.99823	
9860.00	0.99871	0.99916	0.99902	0.99889	0.99831	
9870.00	0.99877	0.99908	0.99906	0.99894	0.99818	
9880.00	0.99883	0.99912	0.99911	0.99899	0.99816	
9890.00	0.99878	0.99911	0.99915	0.99904	0.99825	
9900.00	0.99881	0.99915	0.99914	0.99899	0.99818	
9910.00	0.99886	0.99911	0.99917	0.99904	0.99822	
9920.00	0.99892	0.99916	0.99920	0.99908	0.99831	
9930.00	0.99880	0.99907	0.99924	0.99913	0.99836	
9940.00	0.99886	0.99907	0.99928	0.99916	0.99837	
9950.00	0.99892	0.99900	0.99931	0.99893	0.99845	
9960.00	0.99873	0.99905	0.99935	0.99898	0.99851	
9970.00	0.99875	0.99909	0.99938	0.99885	0.99858	
9980.00	0.99864	0.99891	0.99941	0.99891	0.99865	
9990.00	0.99843	0.99894	0.99939	0.99876	0.99872	
10000.00	0.99851	0.99899	0.99936	0.99881	0.99878	
10010.00	0.99853	0.99904	0.99939	0.99887	0.99880	
10020.00	0.99861	0.99883	0.99942	0.99871	0.99883	
10030.00	0.99867	0.99887	0.99923	0.99877	0.99889	
10040.00	0.99873	0.99893	0.99923	0.99862	0.99894	
10050.00	0.99879	0.99898	0.99924	0.99866	0.99876	
10060.00	0.99884	0.99903	0.99924	0.99872	0.99882	
10070.00	0.99889	0.99907	0.99927	0.99851	0.99883	
10080.00	0.99894	0.99882	0.99930	0.99856	0.99889	
10090.00	0.99899	0.99887	0.99933	0.99863	0.99894	
10100.00	0.99904	0.99874	0.99936	0.99832	0.99894	
10110.00	0.99909	0.99872	0.99934	0.99840	0.99899	
10120.00	0.99913	0.99878	0.99935	0.99833	0.99901	
10130.00	0.99916	0.99883	0.99938	0.99836	0.99906	
10140.00	0.99919	0.99880	0.99941	0.99839	0.99910	
10150.00	0.99923	0.99886	0.99943	0.99847	0.99915	
10160.00	0.99925	0.99889	0.99946	0.99854	0.99906	
10170.00	0.99916	0.99895	0.99944	0.99857	0.99899	
10180.00	0.99917	0.99900	0.99944	0.99862	0.99897	
10190.00	0.99900	0.99881	0.99941	0.99869	0.99902	
10200.00	0.99905	0.99886	0.99943	0.99872	0.99907	
10210.00	0.99910	0.99892	0.99946	0.99878	0.99910	
10220.00	0.99914	0.99897	0.99935	0.99884	0.99906	
10230.00	0.99877	0.99901	0.99938	0.99889	0.99886	
10240.00	0.99849	0.99901	0.99941	0.99895	0.99881	
10250.00	0.99856	0.99880	0.99913	0.99900	0.99886	
10260.00	0.99863	0.99885	0.99880	0.99905	0.99882	
10270.00	0.99864	0.99891	0.99856	0.99909	0.99888	
10280.00	0.99853	0.99896	0.99848	0.99914	0.99893	
10290.00	0.99860	0.99901	0.99836	0.99873	0.99897	
10300.00	0.99867	0.99905	0.99821	0.99869	0.99883	
10310.00	0.99873	0.99909	0.99830	0.99875	0.99875	
10320.00	0.99856	0.99900	0.99814	0.99866	0.99868	
10330.00	0.99846	0.99904	0.99791	0.99872	0.99874	
10340.00	0.99854	0.99909	0.99788	0.99868	0.99880	
10350.00	0.99835	0.99913	0.99773	0.99874	0.99886	
10360.00	0.99843	0.99918	0.99784	0.99879	0.99892	
10370.00	0.99851	0.99917	0.99791	0.99877	0.99888	
10380.00	0.99837	0.99920	0.99780	0.99850	0.99882	
10390.00	0.99822	0.99924	0.99770	0.99858	0.99885	
10400.00	0.99830	0.99918	0.99781	0.99865	0.99874	
10410.00	0.99838	0.99912	0.99792	0.99871	0.99873	
10420.00	0.99846	0.99913	0.99802	0.99877	0.99877	
10430.00	0.99853	0.99917	0.99811	0.99883	0.99883	
10440.00	0.99840	0.99921	0.99809	0.99889	0.99886	
10450.00	0.99843	0.99925	0.99818	0.99885	0.99892	
10460.00	0.99848	0.99929	0.99827	0.99869	0.99897	
10470.00	0.99855	0.99930	0.99820	0.99870	0.99902	
10480.00	0.99862	0.99933	0.99829	0.99875	0.99906	
10490.00	0.99869	0.99933	0.99837	0.99881	0.99909	
10500.00	0.99875	0.99937	0.99841	0.99887	0.99879	
10510.00	0.99878	0.99939	0.99835	0.99892	0.99885	
10520.00	0.99882	0.99942	0.99843	0.99898	0.99879	
10530.00	0.99885	0.99941	0.99851	0.99878	0.99882	
10540.00	0.99891	0.99944	0.99858	0.99884	0.99888	
10550.00	0.99896	0.99927	0.99844	0.99890	0.99893	
10560.00	0.99888	0.99927	0.99845	0.99872	0.99876	
10570.00	0.99891	0.99902	0.99840	0.99879	0.99882	
10580.00	0.99890	0.99894	0.99846	0.99882	0.99888	
10590.00	0.99895	0.99887	0.99835	0.99871	0.99863	
10600.00	0.99900	0.99884	0.99833	0.99861	0.99869	
10610.00	0.99903	0.99887	0.99839	0.99856	0.99876	
10620.00	0.99908	0.99872	0.99842	0.99863	0.99881	
10630.00	0.99912	0.99879	0.99824	0.99868	0.99882	
10640.00	0.99911	0.99869	0.99814	0.99874	0.99869	
10650.00	0.99914	0.99870	0.99819	0.99880	0.99875	
10660.00	0.99918	0.99876	0.99798	0.99877	0.99871	
10670.00	0.99922	0.99882	0.99749	0.99883	0.99866	
10680.00	0.99923	0.99888	0.99743	0.99871	0.99872	
10690.00	0.99927	0.99893	0.99738	0.99842	0.99862	
10700.00	0.99930	0.99897	0.99750	0.99832	0.99869	
10710.00	0.99933	0.99868	0.99762	0.99838	0.99875	
10720.00	0.99929	0.99875	0.99774	0.99846	0.99881	
10730.00	0.99925	0.99881	0.99784	0.99844	0.99886	
10740.00	0.99927	0.99886	0.99794	0.99850	0.99891	
10750.00	0.99929	0.99892	0.99804	0.99853	0.99896	
10760.00	0.99932	0.99886	0.99813	0.99860	0.99879	
10770.00	0.99936	0.99883	0.99822	0.99867	0.99852	
10780.00	0.99935	0.99886	0.99814	0.99873	0.99849	
10790.00	0.99937	0.99883	0.99823	0.99864	0.99856	
10800.00	0.99940	0.99889	0.99815	0.99850	0.99855	
10810.00	0.99943	0.99892	0.99805	0.99856	0.99861	
10820.00	0.99933	0.99866	0.99789	0.99862	0.99840	
10830.00	0.99894	0.99872	0.99799	0.99844	0.99848	
10840.00	0.99900	0.99879	0.99772	0.99851	0.99833	
10850.00	0.99902	0.99885	0.99783	0.99858	0.99816	
10860.00	0.99907	0.99865	0.99792	0.99848	0.99825	
10870.00	0.99912	0.99825	0.99798	0.99825	0.99834	
10880.00	0.99887	0.99796	0.99805	0.99805	0.99839	
10890.00	0.99893	0.99806	0.99814	0.99814	0.99826	
10900.00	0.99892	0.99816	0.99823	0.99798	0.99832	
10910.00	0.99897	0.99824	0.99832	0.99802	0.99841	
10920.00	0.99902	0.99832	0.99840	0.99777	0.99848	
10930.00	0.99906	0.99818	0.99848	0.99780	0.99856	
10940.00	0.99911	0.99826	0.99826	0.99777	0.99863	
10950.00	0.99910	0.99835	0.99834	0.99788	0.99865	
10960.00	0.99912	0.99843	0.99842	0.99798	0.99855	
10970.00	0.99902	0.99849	0.99834	0.99785	0.99862	
10980.00	0.99906	0.99849	0.99842	0.99793	0.99854	
10990.00	0.99910	0.99837	0.99848	0.99780	0.99861	
11000.00	0.99875	0.99845	0.99851	0.99791	0.99864	
11010.00	0.99881	0.99852	0.99859	0.99801	0.99849	
11020.00	0.99882	0.99854	0.99864	0.99810	0.99817	
11030.00	0.99888	0.99838	0.99869	0.99779	0.99809	
11040.00	0.99893	0.99839	0.99874	0.99790	0.99818	
11050.00	0.99898	0.99847	0.99880	0.99800	0.99827	
11060.00	0.99872	0.99840	0.99835	0.99791	0.99835	
11070.00	0.99878	0.99847	0.99838	0.99802	0.99842	
11080.00	0.99880	0.99851	0.99837	0.99784	0.99840	
11090.00	0.99885	0.99825	0.99844	0.99783	0.99848	
11100.00	0.99870	0.99833	0.99843	0.99784	0.99841	
11110.00	0.99877	0.99792	0.99838	0.99795	0.99848	
11120.00	0.99883	0.99802	0.99846	0.99802	0.99856	
11130.00	0.99880	0.99812	0.99853	0.99808	0.99863	
11140.00	0.99856	0.99818	0.99860	0.99817	0.99869	
11150.00	0.99846	0.99821	0.99850	0.99826	0.99876	
11160.00	0.99845	0.99818	0.99832	0.99833	0.99880	
11170.00	0.99853	0.99826	0.99806	0.99838	0.99886	
11180.00	0.99860	0.99826	0.99800	0.99843	0.99891	
11190.00	0.99867	0.99833	0.99809	0.99851	0.99897	
11200.00	0.99864	0.99840	0.99819	0.99858	0.99884	
11210.00	0.99866	0.99834	0.99828	0.99858	0.99890	
11220.00	0.99873	0.99798	0.99832	0.99865	0.99872	
11230.00	0.99879	0.99804	0.99840	0.99866	0.99878	
11240.00	0.99885	0.99814	0.99847	0.99872	0.99884	
11250.00	0.99881	0.99822	0.99848	0.99878	0.99878	
11260.00	0.99878	0.99831	0.99855	0.99865	0.99884	
11270.00	0.99883	0.99839	0.99855	0.99862	0.99853	
11280.00	0.99889	0.99842	0.99859	0.99864	0.99833	
11290.00	0.99894	0.99850	0.99866	0.99851	0.99842	
11300.00	0.99889	0.99856	0.99864	0.99859	0.99811	
11310.00	0.99895	0.99863	0.99860	0.99865	0.99813	
11320.00	0.99898	0.99869	0.99867	0.99872	0.99823	
11330.00	0.99903	0.99875	0.99874	0.99878	0.99831	
11340.00	0.99907	0.99881	0.99880	0.99881	0.99828	
11350.00	0.99901	0.99887	0.99886	0.99878	0.99836	
11360.00	0.99892	0.99892	0.99885	0.99864	0.99843	
11370.00	0.99875	0.99897	0.99889	0.99871	0.99833	
11380.00	0.99881	0.99893	0.99879	0.99877	0.99841	
11390.00	0.99887	0.99898	0.99885	0.99881	0.99848	
11400.00	0.99891	0.99903	0.99858	0.99887	0.99856	
11410.00	0.99896	0.99908	0.99865	0.99892	0.99861	
11420.00	0.99889	0.99913	0.99840	0.99897	0.99846	
11430.00	0.99894	0.99915	0.99848	0.99902	0.99853	
11440.00	0.99893	0.99920	0.99830	0.99907	0.99860	
11450.00	0.99898	0.99923	0.99838	0.99911	0.99867	
11460.00	0.99903	0.99925	0.99845	0.99916	0.99874	
11470.00	0.99908	0.99928	0.99852	0.99918	0.99880	
11480.00	0.99906	0.99930	0.99859	0.99922	0.99886	
11490.00	0.99909	0.99933	0.99801	0.99926	0.99891	
11500.00	0.99914	0.99929	0.99775	0.99928	0.99896	
11510.00	0.99916	0.99926	0.99775	0.99907	0.99872	
11520.00	0.99920	0.99921	0.99754	0.99912	0.99878	
11530.00	0.99905	0.99925	0.99765	0.99913	0.99884	
11540.00	0.99873	0.99928	0.99768	0.99917	0.99889	
11550.00	0.99812	0.99932	0.99732	0.99919	0.99894	
11560.00	0.99821	0.99904	0.99685	0.99922	0.99899	
11570.00	0.99826	0.99909	0.99700	0.99914	0.99862	
11580.00	0.99834	0.99913	0.99704	0.99909	0.99869	
11590.00	0.99842	0.99917	0.99691	0.99914	0.99874	
11600.00	0.99843	0.99921	0.99705	0.99911	0.99881	
11610.00	0.99851	0.99924	0.99712	0.99910	0.99886	
11620.00	0.99841	0.99928	0.99725	0.99911	0.99892	
11630.00	0.99847	0.99929	0.99738	0.99915	0.99897	
11640.00	0.99836	0.99933	0.99751	0.99919	0.99902	
11650.00	0.99829	0.99932	0.99763	0.99892	0.99907	
11660.00	0.99837	0.99935	0.99761	0.99875	0.99911	
11670.00	0.99844	0.99938	0.99763	0.99858	0.99915	
11680.00	0.99826	0.99941	0.99756	0.99839	0.99910	
11690.00	0.99825	0.99938	0.99764	0.99845	0.99915	
11700.00	0.99826	0.99939	0.99775	0.99850	0.99919	
11710.00	0.99811	0.99942	0.99786	0.99857	0.99922	
11720.00	0.99818	0.99902	0.99794	0.99863	0.99910	
11730.00	0.99821	0.99903	0.99797	0.99870	0.99914	
11740.00	0.99825	0.99893	0.99805	0.99876	0.99918	
11750.00	0.99817	0.99898	0.99815	0.99874	0.99921	
11760.00	0.99792	0.99884	0.99824	0.99872	0.99924	
11770.00	0.99770	0.99890	0.99832	0.99878	0.99920	
11780.00	0.99781	0.99895	0.99840	0.99884	0.99924	
11790.00	0.99773	0.99899	0.99841	0.99884	0.99927	
11800.00	0.99776	0.99904	0.99849	0.99889	0.99930	
11810.00	0.99787	0.99909	0.99810	0.99892	0.99916	
11820.00	0.99796	0.99913	0.99819	0.99898	0.99915	
11830.00	0.99806	0.99917	0.99823	0.99903	0.99915	
11840.00	0.99783	0.99921	0.99830	0.99907	0.99919	
11850.00	0.99793	0.99924	0.99828	0.99910	0.99923	
11860.00	0.99792	0.99928	0.99836	0.99913	0.99926	
11870.00	0.99794	0.99931	0.99844	0.99914	0.99903	
11880.00	0.99787	0.99934	0.99852	0.99919	0.99908	
11890.00	0.99768	0.99937	0.99859	0.99923	0.99902	
11900.00	0.99762	0.99940	0.99846	0.99904	0.99907	
11910.00	0.99732	0.99943	0.99853	0.99900	0.99912	
11920.00	0.99697	0.99945	0.99860	0.99905	0.99916	
11930.00	0.99712	0.99948	0.99854	0.99909	0.99909	
11940.00	0.99726	0.99932	0.99861	0.99913	0.99913	
11950.00	0.99738	0.99935	0.99865	0.99917	0.99917	
11960.00	0.99746	0.99922	0.99872	0.99914	0.99921	
11970.00	0.99749	0.99925	0.99878	0.99918	0.99924	
11980.00	0.99761	0.99929	0.99881	0.99922	0.99906	
11990.00	0.99757	0.99932	0.99887	0.99925	0.99901	
12000.00	0.99769	0.99936	0.99857	0.99929	0.99867	
12010.00	0.99772	0.99939	0.99860	0.99907	0.99873	
12020.00	0.99768	0.99942	0.99865	0.99910	0.99880	
12030.00	0.99767	0.99945	0.99871	0.99915	0.99872	
12040.00	0.99778	0.99946	0.99873	0.99919	0.99878	
12050.00	0.99789	0.99948	0.99846	0.99923	0.99884	
12060.00	0.99769	0.99951	0.99852	0.99926	0.99871	
12070.00	0.99774	0.99953	0.99857	0.99930	0.99877	
12080.00	0.99784	0.99955	0.99843	0.99918	0.99882	
12090.00	0.99790	0.99958	0.99850	0.99906	0.99888	
12100.00	0.99798	0.99948	0.99846	0.99910	0.99888	
12110.00	0.99793	0.99949	0.99850	0.99915	0.99893	
12120.00	0.99803	0.99952	0.99852	0.99909	0.99896	
12130.00	0.99808	0.99953	0.99859	0.99913	0.99901	
12140.00	0.99816	0.99956	0.99850	0.99917	0.99902	
12150.00	0.99753	0.99958	0.99856	0.99914	0.99905	
12160.00	0.99733	0.99960	0.99852	0.99914	0.99909	
12170.00	0.99740	0.99962	0.99830	0.99906	0.99900	
12180.00	0.99753	0.99964	0.99830	0.99910	0.99884	
12190.00	0.99765	0.99965	0.99835	0.99900	0.99889	
12200.00	0.99776	0.99967	0.99812	0.99899	0.99895	
12210.00	0.99781	0.99967	0.99791	0.99903	0.99900	
12220.00	0.99781	0.99967	0.99800	0.99908	0.99888	
12230.00	0.99790	0.99966	0.99772	0.99882	0.99894	
12240.00	0.99770	0.99967	0.99750	0.99888	0.99899	
12250.00	0.99781	0.99968	0.99761	0.99873	0.99904	
12260.00	0.99791	0.99970	0.99714	0.99876	0.99908	
12270.00	0.99790	0.99969	0.99695	0.99881	0.99913	
12280.00	0.99798	0.99970	0.99710	0.99883	0.99917	
12290.00	0.99780	0.99972	0.99724	0.99887	0.99909	
12300.00	0.99791	0.99973	0.99732	0.99889	0.99913	
12310.00	0.99801	0.99974	0.99698	0.99894	0.99905	
12320.00	0.99792	0.99972	0.99713	0.99899	0.99910	
12330.00	0.99802	0.99973	0.99720	0.99904	0.99907	
12340.00	0.99795	0.99974	0.99733	0.99906	0.99911	
12350.00	0.99805	0.99975	0.99747	0.99909	0.99916	
12360.00	0.99780	0.99977	0.99759	0.99913	0.99920	
12370.00	0.99791	0.99975	0.99758	0.99900	0.99919	
12380.00	0.99776	0.99976	0.99770	0.99905	0.99923	
12390.00	0.99774	0.99978	0.99769	0.99907	0.99913	
12400.00	0.99761	0.99978	0.99779	0.99911	0.99907	
12410.00	0.99773	0.99958	0.99772	0.99908	0.99911	
12420.00	0.99776	0.99960	0.99774	0.99908	0.99915	
12430.00	0.99787	0.99962	0.99783	0.99912	0.99906	
12440.00	0.99775	0.99964	0.99788	0.99917	0.99889	
12450.00	0.99783	0.99958	0.99798	0.99918	0.99894	
12460.00	0.99794	0.99935	0.99808	0.99888	0.99895	
12470.00	0.99804	0.99921	0.99775	0.99879	0.99892	
12480.00	0.99813	0.99925	0.99786	0.99874	0.99898	
12490.00	0.99822	0.99929	0.99796	0.99873	0.99900	
12500.00	0.99830	0.99919	0.99784	0.99879	0.99886	
12510.00	0.99838	0.99923	0.99794	0.99885	0.99891	
12520.00	0.99844	0.99927	0.99775	0.99890	0.99897	
12530.00	0.99852	0.99930	0.99765	0.99895	0.99902	
12540.00	0.99859	0.99934	0.99771	0.99898	0.99906	
12550.00	0.99855	0.99937	0.99779	0.99903	0.99911	
12560.00	0.99862	0.99940	0.99772	0.99869	0.99915	
12570.00	0.99868	0.99943	0.99781	0.99875	0.99919	
12580.00	0.99871	0.99946	0.99779	0.99879	0.99923	
12590.00	0.99873	0.99948	0.99790	0.99885	0.99927	
12600.00	0.99861	0.99951	0.99786	0.99891	0.99927	
12610.00	0.99867	0.99953	0.99740	0.99896	0.99920	
12620.00	0.99873	0.99956	0.99753	0.99865	0.99921	
12630.00	0.99878	0.99930	0.99757	0.99868	0.99925	
12640.00	0.99858	0.99933	0.99769	0.99860	0.99929	
12650.00	0.99864	0.99936	0.99774	0.99867	0.99932	
12660.00	0.99868	0.99939	0.99762	0.99873	0.99936	
12670.00	0.99875	0.99916	0.99774	0.99873	0.99933	
12680.00	0.99880	0.99920	0.99772	0.99867	0.99933	
12690.00	0.99866	0.99924	0.99769	0.99873	0.99935	
12700.00	0.99873	0.99927	0.99757	0.99849	0.99938	
12710.00	0.99876	0.99931	0.99762	0.99845	0.99936	
12720.00	0.99873	0.99934	0.99773	0.99852	0.99915	
12730.00	0.99879	0.99937	0.99774	0.99859	0.99914	
12740.00	0.99885	0.99921	0.99762	0.99863	0.99901	
12750.00	0.99890	0.99919	0.99774	0.99845	0.99904	
12760.00	0.99881	0.99912	0.99785	0.99851	0.99909	
12770.00	0.99887	0.99914	0.99782	0.99857	0.99906	
12780.00	0.99877	0.99918	0.99793	0.99831	0.99861	
12790.00	0.99883	0.99921	0.99803	0.99839	0.99865	
12800.00	0.99889	0.99924	0.99812	0.99812	0.99865	
12810.00	0.99894	0.99928	0.99813	0.99821	0.99871	
12820.00	0.99899	0.99931	0.99796	0.99825	0.99877	
12830.00	0.99904	0.99910	0.99795	0.99833	0.99883	
12840.00	0.99909	0.99913	0.99804	0.99824	0.99889	
12850.00	0.99913	0.99917	0.99814	0.99810	0.99894	
12860.00	0.99917	0.99921	0.99823	0.99797	0.99877	
12870.00	0.99921	0.99924	0.99831	0.99805	0.99883	
12880.00	0.99925	0.99908	0.99839	0.99814	0.99883	
12890.00	0.99929	0.99912	0.99847	0.99810	0.99887	
12900.00	0.99932	0.99887	0.99852	0.99819	0.99873	
12910.00	0.99932	0.99893	0.99853	0.99818	0.99876	
12920.00	0.99903	0.99888	0.99844	0.99808	0.99882	
12930.00	0.99907	0.99891	0.99841	0.99817	0.99888	
12940.00	0.99911	0.99896	0.99848	0.99824	0.99893	
12950.00	0.99915	0.99901	0.99856	0.99780	0.99872	
12960.00	0.99920	0.99906	0.99862	0.99790	0.99879	
12970.00	0.99924	0.99910	0.99831	0.99799	0.99875	
12980.00	0.99927	0.99915	0.99803	0.99809	0.99865	
12990.00	0.99931	0.99919	0.99813	0.99813	0.99872	
13000.00	0.99934	0.99923	0.99789	0.99819	0.99878	
13010.00	0.99933	0.99927	0.99782	0.99791	0.99883	
13020.00	0.99937	0.99930	0.99792	0.99802	0.99889	
13030.00	0.99940	0.99934	0.99778	0.99804	0.99894	
13040.00	0.99922	0.99921	0.99789	0.99807	0.99899	
13050.00	0.99926	0.99924	0.99780	0.99816	0.99880	
13060.00	0.99929	0.99928	0.99780	0.99825	0.99873	
13070.00	0.99909	0.99926	0.99776	0.99833	0.99879	
13080.00	0.99913	0.99923	0.99787	0.99837	0.99885	
13090.00	0.99917	0.99927	0.99795	0.99845	0.99886	
13100.00	0.99912	0.99930	0.99765	0.99851	0.99854	
13110.00	0.99916	0.99934	0.99754	0.99831	0.99862	
13120.00	0.99920	0.99937	0.99759	0.99830	0.99868	
13130.00	0.99924	0.99940	0.99770	0.99827	0.99862	
13140.00	0.99927	0.99938	0.99761	0.99798	0.99869	
13150.00	0.99919	0.99928	0.99755	0.99808	0.99873	
13160.00	0.99922	0.99932	0.99767	0.99809	0.99859	
13170.00	0.99926	0.99912	0.99778	0.99805	0.99855	
13180.00	0.99930	0.99916	0.99789	0.99813	0.99862	
13190.00	0.99933	0.99920	0.99797	0.99796	0.99869	
13200.00	0.99936	0.99924	0.99804	0.99802	0.99870	
13210.00	0.99939	0.99928	0.99809	0.99795	0.99860	
13220.00	0.99942	0.99931	0.99813	0.99799	0.99867	
13230.00	0.99945	0.99935	0.99822	0.99799	0.99874	
13240.00	0.99947	0.99938	0.99831	0.99802	0.99873	
13250.00	0.99940	0.99941	0.99839	0.99804	0.99877	
13260.00	0.99942	0.99942	0.99847	0.99814	0.99883	
13270.00	0.99941	0.99944	0.99854	0.99823	0.99888	
13280.00	0.99922	0.99947	0.99851	0.99831	0.99883	
13290.00	0.99925	0.99949	0.99858	0.99838	0.99872	
13300.00	0.99919	0.99951	0.99865	0.99808	0.99878	
13310.00	0.99905	0.99953	0.99871	0.99787	0.99884	
13320.00	0.99909	0.99946	0.99878	0.99797	0.99889	
13330.00	0.99913	0.99948	0.99872	0.99778	0.99892	
13340.00	0.99918	0.99947	0.99863	0.99759	0.99886	
13350.00	0.99922	0.99939	0.99869	0.99762	0.99891	
13360.00	0.99925	0.99941	0.99876	0.99744	0.99894	
13370.00	0.99929	0.99944	0.99871	0.99756	0.99899	
13380.00	0.99933	0.99947	0.99877	0.99766	0.99878	
13390.00	0.99913	0.99949	0.99877	0.99772	0.99883	
13400.00	0.99907	0.99952	0.99875	0.99781	0.99860	
13410.00	0.99912	0.99954	0.99874	0.99784	0.99865	
13420.00	0.99914	0.99953	0.99875	0.99795	0.99871	
13430.00	0.99911	0.99956	0.99881	0.99775	0.99859	
13440.00	0.99914	0.99958	0.99887	0.99741	0.99856	
13450.00	0.99918	0.99959	0.99892	0.99752	0.99862	
13460.00	0.99902	0.99937	0.99891	0.99764	0.99868	
13470.00	0.99907	0.99940	0.99874	0.99765	0.99874	
13480.00	0.99909	0.99943	0.99873	0.99773	0.99876	
13490.00	0.99877	0.99936	0.99879	0.99784	0.99882	
13500.00	0.99883	0.99876	0.99885	0.99795	0.99886	
13510.00	0.99881	0.99878	0.99888	0.99805	0.99861	
13520.00	0.99887	0.99883	0.99894	0.99788	0.99867	
13530.00	0.99892	0.99883	0.99899	0.99779	0.99873	
13540.00	0.99898	0.99878	0.99883	0.99774	0.99879	
13550.00	0.99903	0.99844	0.99889	0.99784	0.99885	
13560.00	0.99891	0.99832	0.99894	0.99756	0.99891	
13570.00	0.99896	0.99833	0.99899	0.99750	0.99896	
13580.00	0.99873	0.99842	0.99903	0.99721	0.99881	
13590.00	0.99837	0.99849	0.99907	0.99735	0.99885	
13600.00	0.99844	0.99856	0.99897	0.99748	0.99888	
13610.00	0.99851	0.99847	0.99902	0.99756	0.99893	
13620.00	0.99858	0.99799	0.99907	0.99750	0.99888	
13630.00	0.99849	0.99806	0.99910	0.99761	0.99884	
13640.00	0.99856	0.99787	0.99914	0.99770	0.99890	
13650.00	0.99863	0.99797	0.99917	0.99781	0.99885	
13660.00	0.99870	0.99785	0.99918	0.99791	0.99890	
13670.00	0.99875	0.99765	0.99922	0.99794	0.99891	
13680.00	0.99881	0.99765	0.99924	0.99803	0.99896	
13690.00	0.99887	0.99776	0.99927	0.99811	0.99902	
13700.00	0.99874	0.99772	0.99929	0.99821	0.99883	
13710.00	0.99870	0.99783	0.99932	0.99820	0.99889	
13720.00	0.99876	0.99789	0.99932	0.99824	0.99892	
13730.00	0.99882	0.99799	0.99935	0.99800	0.99874	
13740.00	0.99888	0.99809	0.99931	0.99808	0.99858	
13750.00	0.99893	0.99819	0.99934	0.99817	0.99855	
13760.00	0.99898	0.99816	0.99937	0.99826	0.99827	
13770.00	0.99902	0.99822	0.99940	0.99778	0.99835	
13780.00	0.99904	0.99830	0.99943	0.99782	0.99842	
13790.00	0.99908	0.99833	0.99945	0.99787	0.99844	
13800.00	0.99913	0.99841	0.99921	0.99780	0.99823	
13810.00	0.99917	0.99846	0.99925	0.99760	0.99815	
13820.00	0.99921	0.99854	0.99928	0.99772	0.99792	
13830.00	0.99925	0.99847	0.99925	0.99765	0.99799	
13840.00	0.99929	0.99847	0.99903	0.99777	0.99808	
13850.00	0.99932	0.99855	0.99907	0.99785	0.99817	
13860.00	0.99922	0.99862	0.99910	0.99776	0.99825	
13870.00	0.99923	0.99851	0.99911	0.99785	0.99831	
13880.00	0.99927	0.99858	0.99882	0.99793	0.99838	
13890.00	0.99931	0.99865	0.99887	0.99801	0.99829	
13900.00	0.99932	0.99854	0.99893	0.99796	0.99804	
13910.00	0.99931	0.99857	0.99898	0.99806	0.99814	
13920.00	0.99933	0.99855	0.99903	0.99800	0.99823	
13930.00	0.99936	0.99863	0.99895	0.99807	0.99824	
13940.00	0.99939	0.99869	0.99899	0.99811	0.99805	
13950.00	0.99942	0.99871	0.99903	0.99819	0.99788	
13960.00	0.99945	0.99873	0.99908	0.99828	0.99774	
13970.00	0.99947	0.99874	0.99912	0.99835	0.99749	
13980.00	0.99950	0.99880	0.99880	0.99843	0.99730	
13990.00	0.99949	0.99886	0.99880	0.99835	0.99743	
14000.00	0.99947	0.99891	0.99886	0.99829	0.99701	
14010.00	0.99938	0.99896	0.99891	0.99827	0.99716	
14020.00	0.99938	0.99902	0.99896	0.99834	0.99710	
14030.00	0.99940	0.99888	0.99899	0.99839	0.99724	
14040.00	0.99925	0.99894	0.99895	0.99835	0.99738	
14050.00	0.99925	0.99896	0.99896	0.99843	0.99750	
14060.00	0.99929	0.99901	0.99898	0.99851	0.99753	
14070.00	0.99932	0.99906	0.99903	0.99858	0.99749	
14080.00	0.99935	0.99910	0.99907	0.99863	0.99761	
14090.00	0.99921	0.99915	0.99912	0.99869	0.99761	
14100.00	0.99925	0.99915	0.99916	0.99875	0.99770	
14110.00	0.99927	0.99919	0.99920	0.99881	0.99780	
14120.00	0.99905	0.99923	0.99901	0.99887	0.99791	
14130.00	0.99879	0.99927	0.99901	0.99892	0.99801	
14140.00	0.99885	0.99931	0.99906	0.99896	0.99795	
14150.00	0.99891	0.99934	0.99910	0.99901	0.99782	
14160.00	0.99896	0.99927	0.99914	0.99905	0.99793	
14170.00	0.99895	0.99917	0.99918	0.99881	0.99796	
14180.00	0.99898	0.99921	0.99921	0.99886	0.99806	
14190.00	0.99902	0.99907	0.99925	0.99891	0.99815	
14200.00	0.99905	0.99911	0.99914	0.99895	0.99824	
14210.00	0.99903	0.99915	0.99884	0.99900	0.99824	
14220.00	0.99907	0.99919	0.99890	0.99891	0.99833	
14230.00	0.99912	0.99919	0.99870	0.99896	0.99841	
14240.00	0.99866	0.99900	0.99873	0.99889	0.99846	
14250.00	0.99873	0.99893	0.99879	0.99894	0.99853	
14260.00	0.99856	0.99898	0.99855	0.99892	0.99841	
14270.00	0.99844	0.99903	0.99862	0.99871	0.99848	
14280.00	0.99849	0.99884	0.99868	0.99877	0.99852	
14290.00	0.99847	0.99878	0.99852	0.99883	0.99859	
14300.00	0.99854	0.99884	0.99823	0.99888	0.99866	
14310.00	0.99830	0.99889	0.99805	0.99894	0.99863	
14320.00	0.99810	0.99894	0.99812	0.99877	0.99843	
14330.00	0.99818	0.99870	0.99814	0.99848	0.99849	
14340.00	0.99827	0.99869	0.99823	0.99856	0.99846	
14350.00	0.99827	0.99855	0.99832	0.99862	0.99854	
14360.00	0.99836	0.99862	0.99829	0.99824	0.99827	
14370.00	0.99844	0.99869	0.99837	0.99817	0.99836	
14380.00	0.99849	0.99863	0.99845	0.99820	0.99802	
14390.00	0.99856	0.99869	0.99853	0.99819	0.99810	
14400.00	0.99863	0.99875	0.99860	0.99828	0.99799	
14410.00	0.99851	0.99882	0.99866	0.99799	0.99809	
14420.00	0.99858	0.99866	0.99872	0.99806	0.99818	
14430.00	0.99862	0.99862	0.99878	0.99809	0.99823	
14440.00	0.99869	0.99848	0.99884	0.99818	0.99827	
14450.00	0.99875	0.99856	0.99890	0.99802	0.99835	
14460.00	0.99881	0.99863	0.99895	0.99789	0.99841	
14470.00	0.99887	0.99869	0.99881	0.99793	0.99848	
14480.00	0.99866	0.99875	0.99881	0.99803	0.99856	
14490.00	0.99873	0.99860	0.99886	0.99806	0.99863	
14500.00	0.99877	0.99850	0.99892	0.99815	0.99869	
14510.00	0.99880	0.99848	0.99886	0.99824	0.99876	
14520.00	0.99886	0.99855	0.99891	0.99832	0.99855	
14530.00	0.99879	0.99862	0.99887	0.99840	0.99861	
14540.00	0.99885	0.99869	0.99893	0.99848	0.99868	
14550.00	0.99890	0.99875	0.99898	0.99853	0.99868	
14560.00	0.99895	0.99872	0.99900	0.99860	0.99852	
14570.00	0.99901	0.99879	0.99904	0.99867	0.99859	
14580.00	0.99905	0.99884	0.99909	0.99873	0.99866	
14590.00	0.99905	0.99889	0.99874	0.99853	0.99808	
14600.00	0.99909	0.99894	0.99871	0.99861	0.99817	
14610.00	0.99913	0.99893	0.99877	0.99857	0.99813	
14620.00	0.99891	0.99898	0.99883	0.99864	0.99822	
14630.00	0.99895	0.99894	0.99889	0.99871	0.99815	
14640.00	0.99900	0.99896	0.99894	0.99872	0.99822	
14650.00	0.99905	0.99885	0.99899	0.99873	0.99831	
14660.00	0.99895	0.99889	0.99894	0.99854	0.99831	
14670.00	0.99900	0.99895	0.99899	0.99861	0.99822	
14680.00	0.99849	0.99900	0.99904	0.99867	0.99826	
14690.00	0.99844	0.99885	0.99908	0.99868	0.99810	
14700.00	0.99824	0.99886	0.99913	0.99848	0.99819	
14710.00	0.99832	0.99878	0.99917	0.99844	0.99828	
14720.00	0.99840	0.99848	0.99921	0.99848	0.99836	
14730.00	0.99848	0.99856	0.99925	0.99852	0.99825	
14740.00	0.99853	0.99857	0.99929	0.99838	0.99830	
14750.00	0.99860	0.99856	0.99932	0.99846	0.99832	
14760.00	0.99867	0.99863	0.99935	0.99848	0.99828	
14770.00	0.99873	0.99870	0.99936	0.99851	0.99836	
14780.00	0.99874	0.99875	0.99925	0.99858	0.99844	
14790.00	0.99879	0.99879	0.99927	0.99864	0.99851	
14800.00	0.99885	0.99885	0.99925	0.99870	0.99834	
14810.00	0.99891	0.99888	0.99928	0.99860	0.99841	
14820.00	0.99896	0.99894	0.99932	0.99841	0.99830	
14830.00	0.99894	0.99899	0.99935	0.99848	0.99834	
14840.00	0.99898	0.99903	0.99938	0.99854	0.99787	
14850.00	0.99903	0.99879	0.99941	0.99861	0.99792	
14860.00	0.99908	0.99875	0.99944	0.99868	0.99800	
14870.00	0.99913	0.99881	0.99946	0.99874	0.99810	
14880.00	0.99917	0.99886	0.99948	0.99880	0.99783	
14890.00	0.99899	0.99888	0.99951	0.99855	0.99778	
14900.00	0.99904	0.99867	0.99949	0.99862	0.99789	
14910.00	0.99909	0.99841	0.99951	0.99829	0.99799	
14920.00	0.99913	0.99849	0.99954	0.99834	0.99809	
14930.00	0.99912	0.99826	0.99935	0.99843	0.99818	
14940.00	0.99910	0.99818	0.99928	0.99850	0.99827	
14950.00	0.99914	0.99807	0.99931	0.99856	0.99827	
14960.00	0.99918	0.99816	0.99930	0.99863	0.99836	
14970.00	0.99922	0.99825	0.99934	0.99867	0.99844	
14980.00	0.99895	0.99801	0.99924	0.99874	0.99851	
14990.00	0.99898	0.99810	0.99927	0.99851	0.99858	
15000.00	0.99903	0.99819	0.99931	0.99858	0.99865	
