10.00	0.24087	0.23875	0.23438	0.23855	0.23500	
20.00	0.24065	0.23859	0.23458	0.23857	0.23506	
30.00	0.24092	0.23836	0.23454	0.23856	0.23515	
40.00	0.24065	0.23896	0.23439	0.23835	0.23526	
50.00	0.24072	0.23909	0.23450	0.23827	0.23502	
60.00	0.24057	0.23931	0.23494	0.23846	0.23489	
70.00	0.24055	0.23926	0.23507	0.23856	0.23479	
80.00	0.24036	0.23931	0.23511	0.23891	0.23470	
90.00	0.24046	0.23916	0.23508	0.23906	0.23538	
100.00	0.24088	0.23935	0.23491	0.23896	0.23525	
110.00	0.24084	0.23919	0.23513	0.23880	0.23515	
120.00	0.24090	0.23920	0.23500	0.23873	0.23529	
130.00	0.24089	0.23894	0.23493	0.23878	0.23534	
140.00	0.24105	0.23913	0.23502	0.23863	0.23535	
150.00	0.24083	0.23888	0.23542	0.23855	0.23537	
160.00	0.24110	0.23862	0.23546	0.23842	0.23519	
170.00	0.24116	0.23878	0.23540	0.23849	0.23512	
180.00	0.24118	0.23870	0.23552	0.23845	0.23569	
190.00	0.24126	0.23881	0.23564	0.23846	0.23551	
200.00	0.24156	0.23896	0.23544	0.23826	0.23528	
210.00	0.24141	0.23897	0.23526	0.23826	0.23531	
220.00	0.24151	0.23930	0.23506	0.23816	0.23511	
230.00	0.24129	0.23956	0.23501	0.23799	0.23488	
240.00	0.24120	0.23958	0.23497	0.23787	0.23489	
250.00	0.24096	0.23998	0.23510	0.23769	0.23512	
260.00	0.24083	0.23999	0.23516	0.23754	0.23524	
270.00	0.24086	0.24008	0.23527	0.23743	0.23525	
280.00	0.24071	0.23990	0.23591	0.23734	0.23564	
290.00	0.24089	0.23985	0.23567	0.23757	0.23587	
300.00	0.24068	0.23977	0.23544	0.23763	0.23608	
310.00	0.24056	0.23966	0.23535	0.23771	0.23612	
320.00	0.24049	0.23979	0.23540	0.23778	0.23635	
330.00	0.24053	0.23975	0.23525	0.23784	0.23616	
340.00	0.24061	0.23953	0.23546	0.23790	0.23620	
350.00	0.24060	0.23974	0.23537	0.23766	0.23619	
360.00	0.24069	0.23968	0.23566	0.23753	0.23598	
370.00	0.24082	0.24044	0.23542	0.23759	0.23594	
380.00	0.24055	0.24059	0.23555	0.23744	0.23595	
390.00	0.24028	0.24052	0.23586	0.23749	0.23622	
400.00	0.24013	0.24039	0.23570	0.23781	0.23610	
410.00	0.24004	0.24025	0.23578	0.23779	0.23638	
420.00	0.24000	0.24052	0.23568	0.23825	0.23645	
430.00	0.24010	0.24026	0.23572	0.23844	0.23636	
440.00	0.23999	0.24016	0.23579	0.23853	0.23620	
450.00	0.23978	0.24009	0.23582	0.23842	0.23603	
460.00	0.23962	0.23986	0.23593	0.23873	0.23590	
470.00	0.23949	0.23960	0.23622	0.23882	0.23580	
480.00	0.23923	0.23944	0.23635	0.23923	0.23575	
490.00	0.23919	0.23939	0.23623	0.23926	0.23580	
500.00	0.23900	0.23945	0.23619	0.23934	0.23578	
510.00	0.23903	0.23938	0.23625	0.23908	0.23564	
520.00	0.23892	0.23975	0.23652	0.23905	0.23547	
530.00	0.23903	0.23983	0.23693	0.23880	0.23541	
540.00	0.23893	0.23971	0.23685	0.23868	0.23542	
550.00	0.23934	0.23980	0.23673	0.23870	0.23541	
560.00	0.23917	0.23989	0.23658	0.23857	0.23536	
570.00	0.23899	0.24047	0.23695	0.23848	0.23531	
580.00	0.23900	0.24022	0.23695	0.23825	0.23508	
590.00	0.23928	0.24014	0.23686	0.23851	0.23524	
600.00	0.23934	0.24009	0.23664	0.23872	0.23509	
610.00	0.23924	0.23994	0.23653	0.23886	0.23540	
620.00	0.23912	0.23969	0.23654	0.23883	0.23547	
630.00	0.23899	0.23959	0.23667	0.23901	0.23556	
640.00	0.23899	0.23972	0.23642	0.23896	0.23578	
650.00	0.23889	0.23949	0.23634	0.23902	0.23567	
660.00	0.23869	0.24005	0.23633	0.23878	0.23544	
670.00	0.23853	0.24034	0.23626	0.23874	0.23531	
680.00	0.23834	0.24038	0.23626	0.23861	0.23527	
690.00	0.23827	0.24044	0.23602	0.23880	0.23508	
700.00	0.23816	0.24022	0.23581	0.23887	0.23529	
710.00	0.23798	0.24016	0.23583	0.23866	0.23576	
720.00	0.23796	0.24003	0.23598	0.23870	0.23581	
730.00	0.23773	0.24052	0.23597	0.23856	0.23559	
740.00	0.23783	0.24062	0.23580	0.23871	0.23558	
750.00	0.23758	0.24070	0.23556	0.23874	0.23546	
760.00	0.23750	0.24083	0.23551	0.23854	0.23577	
770.00	0.23727	0.24082	0.23532	0.23829	0.23612	
780.00	0.23732	0.24066	0.23551	0.23838	0.23640	
790.00	0.23710	0.24081	0.23586	0.23812	0.23645	
800.00	0.23699	0.24153	0.23635	0.23802	0.23627	
810.00	0.23709	0.24164	0.23643	0.23809	0.23631	
820.00	0.23717	0.24166	0.23650	0.23811	0.23638	
830.00	0.23728	0.24146	0.23652	0.23828	0.23635	
840.00	0.23755	0.24144	0.23639	0.23826	0.23629	
850.00	0.23756	0.24137	0.23649	0.23812	0.23613	
860.00	0.23745	0.24110	0.23641	0.23856	0.23624	
870.00	0.23758	0.24124	0.23630	0.23871	0.23619	
880.00	0.23757	0.24165	0.23629	0.23845	0.23612	
890.00	0.23752	0.24158	0.23642	0.23821	0.23629	
900.00	0.23766	0.24177	0.23639	0.23810	0.23604	
910.00	0.23766	0.24161	0.23620	0.23845	0.23598	
920.00	0.23778	0.24190	0.23650	0.23824	0.23599	
930.00	0.23771	0.24171	0.23642	0.23822	0.23642	
940.00	0.23796	0.24161	0.23630	0.23822	0.23659	
950.00	0.23771	0.24165	0.23637	0.23838	0.23669	
960.00	0.23808	0.24140	0.23613	0.23830	0.23672	
970.00	0.23805	0.24169	0.23593	0.23815	0.23683	
980.00	0.23793	0.24150	0.23576	0.23828	0.23662	
990.00	0.23803	0.24144	0.23565	0.23833	0.23638	
1000.00	0.23814	0.24137	0.23574	0.23821	0.23672	
1010.00	0.24056	0.24110	0.23568	0.23796	0.23654	
1020.00	0.24912	0.24083	0.23545	0.23770	0.23630	
1030.00	0.25883	0.24056	0.23521	0.23745	0.23606	
1040.00	0.26863	0.24029	0.23498	0.23721	0.23582	
1050.00	0.28109	0.24002	0.23475	0.23696	0.23558	
1060.00	0.29497	0.23975	0.23451	0.23671	0.23535	
1070.00	0.31396	0.23949	0.23429	0.23647	0.23511	
1080.00	0.33263	0.23923	0.23406	0.23623	0.23488	
1090.00	0.35005	0.23897	0.23383	0.23599	0.23465	
1100.00	0.36697	0.23871	0.23361	0.23575	0.23442	
1110.00	0.38808	0.23845	0.23338	0.23551	0.23419	
1120.00	0.40171	0.23819	0.23316	0.23527	0.23396	
1130.00	0.42237	0.23794	0.23294	0.23504	0.23373	
1140.00	0.43774	0.23769	0.23272	0.23481	0.23351	
1150.00	0.45274	0.23744	0.23250	0.23457	0.23329	
1160.00	0.46652	0.23719	0.23229	0.23434	0.23307	
1170.00	0.48073	0.23694	0.23207	0.23412	0.23285	
1180.00	0.49214	0.23670	0.23186	0.23389	0.23263	
1190.00	0.50322	0.23645	0.23165	0.23366	0.23241	
1200.00	0.51424	0.23621	0.23144	0.23344	0.23220	
1210.00	0.51801	0.23597	0.23123	0.23322	0.23198	
1220.00	0.51804	0.23573	0.23102	0.23300	0.23177	
1230.00	0.51933	0.23549	0.23082	0.23278	0.23156	
1240.00	0.52034	0.23530	0.23081	0.23256	0.23146	
1250.00	0.52087	0.23509	0.23061	0.23235	0.23139	
1260.00	0.52035	0.23515	0.23040	0.23220	0.23135	
1270.00	0.51904	0.23497	0.23033	0.23219	0.23133	
1280.00	0.51730	0.23493	0.23012	0.23208	0.23125	
1290.00	0.51619	0.23487	0.22994	0.23226	0.23147	
1300.00	0.51433	0.23472	0.22994	0.23274	0.23135	
1310.00	0.51266	0.23486	0.22982	0.23269	0.23125	
1320.00	0.51083	0.23550	0.22983	0.23271	0.23125	
1330.00	0.50901	0.23552	0.22989	0.23272	0.23127	
1340.00	0.50749	0.23531	0.22969	0.23270	0.23128	
1350.00	0.50608	0.23523	0.22975	0.23277	0.23122	
1360.00	0.50472	0.23521	0.22955	0.23275	0.23121	
1370.00	0.50319	0.23502	0.22942	0.23257	0.23137	
1380.00	0.50148	0.23482	0.22924	0.23254	0.23143	
1390.00	0.50036	0.23458	0.22927	0.23237	0.23165	
1400.00	0.49861	0.23435	0.22928	0.23227	0.23175	
1410.00	0.49698	0.23430	0.22941	0.23236	0.23157	
1420.00	0.49553	0.23423	0.22930	0.23226	0.23160	
1430.00	0.49365	0.23411	0.22952	0.23253	0.23161	
1440.00	0.49201	0.23415	0.22936	0.23275	0.23166	
1450.00	0.49076	0.23406	0.22933	0.23256	0.23172	
1460.00	0.48976	0.23392	0.22945	0.23240	0.23167	
1470.00	0.48837	0.23394	0.22971	0.23229	0.23146	
1480.00	0.48742	0.23391	0.22988	0.23229	0.23137	
1490.00	0.48613	0.23382	0.22993	0.23211	0.23122	
1500.00	0.48535	0.23390	0.22973	0.23196	0.23119	
1510.00	0.48473	0.23394	0.22964	0.23188	0.23169	
1520.00	0.48498	0.23375	0.22949	0.23174	0.23172	
1530.00	0.48481	0.23394	0.22940	0.23174	0.23151	
1540.00	0.48344	0.23378	0.22934	0.23161	0.23177	
1550.00	0.48343	0.23355	0.22915	0.23140	0.23155	
1560.00	0.48491	0.23357	0.22913	0.23125	0.23143	
1570.00	0.55928	0.23335	0.22894	0.23104	0.23122	
1580.00	0.56031	0.23313	0.22875	0.23083	0.23102	
1590.00	0.56297	0.23291	0.22856	0.23063	0.23081	
1600.00	0.56386	0.23269	0.22837	0.23042	0.23061	
1610.00	0.56521	0.23247	0.22818	0.23022	0.23040	
1620.00	0.56509	0.23226	0.22799	0.23002	0.23020	
1630.00	0.56536	0.23207	0.22781	0.22989	0.23002	
1640.00	0.56584	0.23199	0.22777	0.22969	0.22982	
1650.00	0.56677	0.23198	0.22759	0.22952	0.22983	
1660.00	0.56766	0.23187	0.22742	0.22934	0.22963	
1670.00	0.56964	0.23169	0.22723	0.22915	0.22944	
1680.00	0.57020	0.23150	0.22705	0.22901	0.22956	
1690.00	0.57114	0.23129	0.22687	0.22897	0.22937	
1700.00	0.57226	0.23117	0.22669	0.22887	0.22957	
1710.00	0.57311	0.23099	0.22652	0.22868	0.22950	
1720.00	0.57526	0.23085	0.22634	0.22853	0.22943	
1730.00	0.57901	0.23064	0.22617	0.22834	0.22930	
1740.00	0.58419	0.23044	0.22599	0.22815	0.22910	
1750.00	0.58620	0.23024	0.22582	0.22796	0.22891	
1760.00	0.59055	0.23004	0.22565	0.22777	0.22872	
1770.00	0.59279	0.22984	0.22548	0.22759	0.22853	
1780.00	0.59519	0.22964	0.22531	0.22741	0.22834	
1790.00	0.60069	0.22944	0.22514	0.22722	0.22815	
1800.00	0.60567	0.22925	0.22497	0.22704	0.22796	
1810.00	0.60701	0.22905	0.22481	0.22686	0.22778	
1820.00	0.60883	0.22886	0.22464	0.22669	0.22759	
1830.00	0.60936	0.22867	0.22448	0.22651	0.22741	
1840.00	0.61098	0.22849	0.22432	0.22633	0.22723	
1850.00	0.61399	0.22830	0.22415	0.22616	0.22704	
1860.00	0.61752	0.22812	0.22399	0.22598	0.22687	
1870.00	0.62089	0.22793	0.22383	0.22581	0.22669	
1880.00	0.62747	0.22774	0.22368	0.22564	0.22651	
1890.00	0.62677	0.22756	0.22352	0.22547	0.22633	
1900.00	0.62993	0.22738	0.22336	0.22530	0.22616	
1910.00	0.63010	0.22719	0.22321	0.22513	0.22598	
1920.00	0.63156	0.22701	0.22305	0.22497	0.22581	
1930.00	0.63146	0.22683	0.22290	0.22480	0.22565	
1940.00	0.63321	0.22671	0.22275	0.22464	0.22548	
1950.00	0.63544	0.22653	0.22260	0.22447	0.22531	
1960.00	0.63875	0.22636	0.22245	0.22431	0.22514	
1970.00	0.64001	0.22618	0.22230	0.22415	0.22497	
1980.00	0.64167	0.22601	0.22215	0.22399	0.22480	
1990.00	0.64261	0.22583	0.22200	0.22383	0.22464	
2000.00	0.64329	0.22566	0.22186	0.22367	0.22448	
2010.00	0.64561	0.22549	0.22171	0.22351	0.22431	
2020.00	0.64952	0.22532	0.22157	0.22336	0.22415	
2030.00	0.65141	0.22515	0.22142	0.22320	0.22399	
2040.00	0.65456	0.22499	0.22128	0.22305	0.22383	
2050.00	0.65551	0.22482	0.22114	0.22289	0.22367	
2060.00	0.65615	0.22466	0.22100	0.22274	0.22352	
2070.00	0.65769	0.22449	0.22086	0.22259	0.22336	
2080.00	0.65764	0.22433	0.22072	0.22244	0.22321	
2090.00	0.65948	0.22417	0.22058	0.22229	0.22305	
2100.00	0.65949	0.22401	0.22045	0.22214	0.22290	
2110.00	0.66051	0.22385	0.22039	0.22200	0.22275	
2120.00	0.66250	0.22369	0.22025	0.22185	0.22259	
2130.00	0.66496	0.22353	0.22012	0.22170	0.22244	
2140.00	0.66488	0.22341	0.21998	0.22156	0.22230	
2150.00	0.66626	0.22325	0.21985	0.22142	0.22215	
2160.00	0.66831	0.22310	0.21972	0.22127	0.22200	
2170.00	0.66991	0.22295	0.21959	0.22113	0.22185	
2180.00	0.67017	0.22279	0.21946	0.22099	0.22171	
2190.00	0.67200	0.22264	0.21933	0.22085	0.22156	
2200.00	0.67274	0.22249	0.21920	0.22071	0.22142	
2210.00	0.67220	0.22234	0.21907	0.22060	0.22128	
2220.00	0.67479	0.22219	0.21895	0.22046	0.22114	
2230.00	0.67547	0.22205	0.21882	0.22033	0.22100	
2240.00	0.67898	0.22190	0.21870	0.22019	0.22086	
2250.00	0.68099	0.22175	0.21857	0.22006	0.22072	
2260.00	0.68174	0.22161	0.21845	0.21992	0.22058	
2270.00	0.68070	0.22147	0.21833	0.21979	0.22044	
2280.00	0.68075	0.22132	0.21820	0.21966	0.22031	
2290.00	0.68294	0.22118	0.21808	0.21953	0.22017	
2300.00	0.68511	0.22104	0.21796	0.21940	0.22004	
2310.00	0.68805	0.22090	0.21784	0.21927	0.21991	
2320.00	0.68921	0.22076	0.21772	0.21914	0.21977	
2330.00	0.68925	0.22062	0.21761	0.21902	0.21964	
2340.00	0.68996	0.22049	0.21749	0.21889	0.21951	
2350.00	0.68995	0.22035	0.21737	0.21876	0.21938	
2360.00	0.68998	0.22022	0.21726	0.21864	0.21925	
2370.00	0.68963	0.22008	0.21714	0.21852	0.21913	
2380.00	0.68846	0.21995	0.21703	0.21840	0.21901	
2390.00	0.68849	0.21982	0.21694	0.21828	0.21888	
2400.00	0.68953	0.21968	0.21683	0.21816	0.21876	
2410.00	0.68844	0.21955	0.21672	0.21813	0.21863	
2420.00	0.68993	0.21943	0.21661	0.21801	0.21851	
2430.00	0.69055	0.21930	0.21650	0.21789	0.21839	
2440.00	0.69222	0.21917	0.21639	0.21777	0.21826	
2450.00	0.69938	0.21905	0.21628	0.21765	0.21814	
2460.00	0.69890	0.21892	0.21617	0.21753	0.21802	
2470.00	0.69872	0.21879	0.21606	0.21742	0.21790	
2480.00	0.69872	0.21867	0.21595	0.21730	0.21778	
2490.00	0.69803	0.21854	0.21585	0.21719	0.21767	
2500.00	0.69857	0.21842	0.21574	0.21707	0.21755	
2510.00	0.69835	0.21830	0.21564	0.21696	0.21743	
2520.00	0.69972	0.21818	0.21553	0.21685	0.21732	
2530.00	0.69932	0.21806	0.21543	0.21673	0.21720	
2540.00	0.69749	0.21794	0.21533	0.21662	0.21715	
2550.00	0.69707	0.21783	0.21523	0.21651	0.21704	
2560.00	0.69746	0.21771	0.21513	0.21641	0.21693	
2570.00	0.69930	0.21759	0.21503	0.21630	0.21681	
2580.00	0.70145	0.21747	0.21493	0.21619	0.21670	
2590.00	0.70249	0.21736	0.21483	0.21608	0.21659	
2600.00	0.70220	0.21724	0.21473	0.21598	0.21648	
2610.00	0.70229	0.21713	0.21465	0.21587	0.21637	
2620.00	0.70202	0.21701	0.21456	0.21576	0.21626	
2630.00	0.70136	0.21690	0.21446	0.21566	0.21615	
2640.00	0.70188	0.21679	0.21436	0.21558	0.21605	
2650.00	0.70301	0.21668	0.21427	0.21548	0.21594	
2660.00	0.70689	0.21657	0.21417	0.21538	0.21583	
2670.00	0.70732	0.21646	0.21408	0.21527	0.21573	
2680.00	0.70935	0.21635	0.21398	0.21517	0.21563	
2690.00	0.70881	0.21624	0.21389	0.21507	0.21552	
2700.00	0.70960	0.21613	0.21380	0.21497	0.21542	
2710.00	0.71071	0.21602	0.21371	0.21487	0.21532	
2720.00	0.70938	0.21592	0.21362	0.21477	0.21521	
2730.00	0.70891	0.21581	0.21353	0.21467	0.21511	
2740.00	0.70843	0.21571	0.21344	0.21458	0.21501	
2750.00	0.70819	0.21562	0.21335	0.21448	0.21491	
2760.00	0.70965	0.21552	0.21326	0.21438	0.21481	
2770.00	0.71206	0.21542	0.21317	0.21429	0.21471	
2780.00	0.71375	0.21531	0.21308	0.21419	0.21462	
2790.00	0.71371	0.21521	0.21300	0.21410	0.21452	
2800.00	0.71374	0.21519	0.21291	0.21401	0.21442	
2810.00	0.71201	0.21508	0.21282	0.21391	0.21433	
2820.00	0.71205	0.21498	0.21274	0.21382	0.21423	
2830.00	0.71216	0.21488	0.21271	0.21373	0.21414	
2840.00	0.71025	0.21479	0.21262	0.21364	0.21404	
2850.00	0.71231	0.21469	0.21254	0.21355	0.21403	
2860.00	0.71289	0.21459	0.21245	0.21346	0.21393	
2870.00	0.71373	0.21449	0.21237	0.21337	0.21384	
2880.00	0.71461	0.21440	0.21229	0.21328	0.21375	
2890.00	0.71433	0.21430	0.21221	0.21319	0.21366	
2900.00	0.71424	0.21421	0.21213	0.21310	0.21357	
2910.00	0.71390	0.21411	0.21205	0.21302	0.21348	
2920.00	0.71431	0.21402	0.21197	0.21293	0.21339	
2930.00	0.71445	0.21392	0.21189	0.21284	0.21330	
2940.00	0.71509	0.21383	0.21181	0.21276	0.21321	
2950.00	0.71516	0.21374	0.21173	0.21267	0.21312	
2960.00	0.71480	0.21365	0.21165	0.21259	0.21304	
2970.00	0.71627	0.21356	0.21157	0.21250	0.21298	
2980.00	0.71635	0.21347	0.21150	0.21242	0.21289	
2990.00	0.71720	0.21338	0.21142	0.21234	0.21281	
3000.00	0.71728	0.21329	0.21134	0.21226	0.21272	
3010.00	0.71761	0.21320	0.21127	0.21218	0.21264	
3020.00	0.71938	0.21311	0.21119	0.21209	0.21255	
3030.00	0.71794	0.21303	0.21112	0.21201	0.21247	
3040.00	0.72022	0.21294	0.21105	0.21193	0.21239	
3050.00	0.71907	0.21285	0.21097	0.21186	0.21230	
3060.00	0.71832	0.21277	0.21090	0.21181	0.21222	
3070.00	0.71875	0.21268	0.21083	0.21173	0.21214	
3080.00	0.72008	0.21260	0.21076	0.21165	0.21206	
3090.00	0.71905	0.21252	0.21068	0.21158	0.21198	
3100.00	0.71915	0.21243	0.21061	0.21150	0.21190	
3110.00	0.71747	0.21235	0.21054	0.21142	0.21182	
3120.00	0.71823	0.21227	0.21048	0.21135	0.21174	
3130.00	0.71697	0.21219	0.21041	0.21127	0.21167	
3140.00	0.72038	0.21211	0.21034	0.21120	0.21159	
3150.00	0.72088	0.21202	0.21027	0.21112	0.21151	
3160.00	0.72306	0.21195	0.21020	0.21105	0.21143	
3170.00	0.72248	0.21187	0.21013	0.21097	0.21136	
3180.00	0.72135	0.21179	0.21006	0.21090	0.21128	
3190.00	0.72108	0.21171	0.21000	0.21083	0.21121	
3200.00	0.72146	0.21163	0.20993	0.21076	0.21116	
3210.00	0.72052	0.21155	0.20987	0.21069	0.21108	
3220.00	0.72148	0.21148	0.20980	0.21061	0.21101	
3230.00	0.72101	0.21140	0.20973	0.21054	0.21094	
3240.00	0.72019	0.21132	0.20967	0.21047	0.21086	
3250.00	0.72078	0.21125	0.20961	0.21040	0.21079	
3260.00	0.71943	0.21117	0.20954	0.21034	0.21072	
3270.00	0.71853	0.21110	0.20948	0.21027	0.21065	
3280.00	0.71843	0.21103	0.20942	0.21020	0.21063	
3290.00	0.71884	0.21095	0.20935	0.21013	0.21056	
3300.00	0.72182	0.21088	0.20929	0.21006	0.21049	
3310.00	0.72235	0.21081	0.20923	0.21000	0.21042	
3320.00	0.72175	0.21074	0.20917	0.20993	0.21035	
3330.00	0.72057	0.21067	0.20911	0.20986	0.21028	
3340.00	0.72135	0.21059	0.20905	0.20980	0.21021	
3350.00	0.72160	0.21052	0.20899	0.20974	0.21015	
3360.00	0.72210	0.21045	0.20893	0.20967	0.21008	
3370.00	0.72174	0.21038	0.20887	0.20961	0.21001	
3380.00	0.72250	0.21032	0.20881	0.20954	0.20995	
3390.00	0.72235	0.21028	0.20875	0.20948	0.20988	
3400.00	0.72173	0.21022	0.20869	0.20942	0.20981	
3410.00	0.72010	0.21018	0.20863	0.20936	0.20976	
3420.00	0.72075	0.21011	0.20858	0.20929	0.20970	
3430.00	0.72051	0.21004	0.20852	0.20923	0.20963	
3440.00	0.72485	0.20998	0.20847	0.20917	0.20957	
3450.00	0.72453	0.20991	0.20841	0.20911	0.20950	
3460.00	0.72577	0.20985	0.20835	0.20905	0.20944	
3470.00	0.72561	0.20978	0.20830	0.20899	0.20938	
3480.00	0.72538	0.20971	0.20824	0.20893	0.20932	
3490.00	0.72500	0.20965	0.20819	0.20890	0.20925	
3500.00	0.72327	0.20959	0.20820	0.20884	0.20919	
3510.00	0.72376	0.20956	0.20814	0.20878	0.20913	
3520.00	0.72331	0.20950	0.20809	0.20872	0.20912	
3530.00	0.72153	0.20944	0.20803	0.20866	0.20907	
3540.00	0.72016	0.20940	0.20800	0.20860	0.20903	
3550.00	0.72263	0.20934	0.20795	0.20855	0.20897	
3560.00	0.72480	0.20928	0.20790	0.20849	0.20891	
3570.00	0.72615	0.20922	0.20785	0.20843	0.20885	
3580.00	0.72520	0.20915	0.20779	0.20838	0.20879	
3590.00	0.72538	0.20909	0.20774	0.20832	0.20873	
3600.00	0.72494	0.20903	0.20769	0.20827	0.20867	
3610.00	0.72535	0.20897	0.20764	0.20821	0.20861	
3620.00	0.72438	0.20891	0.20759	0.20816	0.20856	
3630.00	0.72459	0.20885	0.20754	0.20810	0.20850	
3640.00	0.72527	0.20880	0.20749	0.20805	0.20844	
3650.00	0.72575	0.20874	0.20744	0.20800	0.20839	
3660.00	0.72646	0.20868	0.20739	0.20794	0.20833	
3670.00	0.72703	0.20862	0.20734	0.20789	0.20828	
3680.00	0.72829	0.20856	0.20729	0.20784	0.20822	
3690.00	0.72598	0.20851	0.20724	0.20779	0.20817	
3700.00	0.72555	0.20845	0.20721	0.20773	0.20811	
3710.00	0.72503	0.20839	0.20716	0.20768	0.20806	
3720.00	0.72493	0.20834	0.20712	0.20763	0.20801	
3730.00	0.72411	0.20828	0.20707	0.20758	0.20795	
3740.00	0.72560	0.20823	0.20702	0.20753	0.20790	
3750.00	0.72549	0.20817	0.20698	0.20748	0.20785	
3760.00	0.72469	0.20812	0.20693	0.20743	0.20779	
3770.00	0.72681	0.20807	0.20688	0.20738	0.20774	
3780.00	0.72529	0.20801	0.20684	0.20733	0.20769	
3790.00	0.72724	0.20796	0.20679	0.20728	0.20764	
3800.00	0.72678	0.20791	0.20675	0.20723	0.20759	
3810.00	0.72573	0.20785	0.20670	0.20719	0.20754	
3820.00	0.72532	0.20782	0.20666	0.20714	0.20749	
3830.00	0.72391	0.20777	0.20661	0.20709	0.20745	
3840.00	0.72507	0.20772	0.20657	0.20704	0.20740	
3850.00	0.72537	0.20767	0.20653	0.20700	0.20735	
3860.00	0.72501	0.20762	0.20648	0.20695	0.20730	
3870.00	0.72358	0.20757	0.20644	0.20691	0.20726	
3880.00	0.72365	0.20752	0.20640	0.20686	0.20721	
3890.00	0.72423	0.20747	0.20635	0.20681	0.20718	
3900.00	0.72917	0.20742	0.20631	0.20677	0.20713	
3910.00	0.72898	0.20737	0.20627	0.20672	0.20709	
3920.00	0.72863	0.20732	0.20623	0.20668	0.20704	
3930.00	0.72785	0.20727	0.20619	0.20663	0.20699	
3940.00	0.72710	0.20722	0.20615	0.20659	0.20695	
3950.00	0.72807	0.20717	0.20611	0.20655	0.20690	
3960.00	0.72722	0.20713	0.20606	0.20650	0.20685	
3970.00	0.72613	0.20708	0.20602	0.20646	0.20681	
3980.00	0.72671	0.20703	0.20603	0.20642	0.20676	
3990.00	0.72562	0.20698	0.20599	0.20637	0.20672	
4000.00	0.72477	0.20694	0.20595	0.20633	0.20667	
