10.00 -0.4890 -0.4861 -0.4714 -0.4957 -0.4764 -0.3009
20.00 -0.5224 -0.5138 -0.5237 -0.5186 -0.5226 -0.3337
30.00 -0.4573 -0.4598 -0.4578 -0.4552 -0.4562 -0.3045
40.00 -0.5044 -0.5156 -0.5228 -0.5068 -0.5286 -0.3209
50.00 -0.4963 -0.4841 -0.4916 -0.4972 -0.4896 -0.3287
60.00 -0.4753 -0.4759 -0.4854 -0.4744 -0.4784 -0.3044
70.00 -0.4787 -0.4630 -0.4833 -0.4810 -0.4759 -0.3201
80.00 -0.5084 -0.4988 -0.4957 -0.4859 -0.4986 -0.3219
90.00 -0.5056 -0.5051 -0.5255 -0.5204 -0.5228 -0.3321
100.00 -0.4576 -0.4561 -0.4595 -0.4536 -0.4566 -0.3046
110.00 -0.5019 -0.5041 -0.4938 -0.5065 -0.5082 -0.3262
120.00 -0.4784 -0.4874 -0.4859 -0.4848 -0.4902 -0.3166
130.00 -0.5041 -0.5068 -0.5081 -0.5062 -0.5175 -0.3288
140.00 -0.4600 -0.4681 -0.4636 -0.4650 -0.4718 -0.3153
150.00 -0.4999 -0.4824 -0.4984 -0.4984 -0.5012 -0.3261
160.00 -0.4737 -0.4852 -0.4975 -0.4947 -0.4798 -0.3121
170.00 -0.5074 -0.5199 -0.5136 -0.5275 -0.5226 -0.3330
180.00 -0.4822 -0.4773 -0.4930 -0.4900 -0.4818 -0.3060
190.00 -0.5052 -0.5157 -0.5116 -0.5076 -0.5086 -0.3300
200.00 -0.4652 -0.4652 -0.4678 -0.4682 -0.4664 -0.3097
210.00 -0.4963 -0.5016 -0.4955 -0.4751 -0.4914 -0.3239
220.00 -0.5207 -0.4997 -0.5228 -0.5059 -0.5255 -0.3253
230.00 -0.4962 -0.5002 -0.5127 -0.5084 -0.5080 -0.3218
240.00 -0.4660 -0.4718 -0.4702 -0.4598 -0.4675 -0.3107
250.00 -0.5166 -0.5093 -0.5024 -0.5128 -0.5082 -0.3229
260.00 -0.4923 -0.4899 -0.4911 -0.4890 -0.4816 -0.3197
270.00 -0.4711 -0.4775 -0.4877 -0.4709 -0.4704 -0.3054
280.00 -0.5034 -0.4915 -0.4927 -0.4948 -0.5064 -0.3080
290.00 -0.4956 -0.4950 -0.4937 -0.4851 -0.4833 -0.3231
300.00 -0.5080 -0.5052 -0.5160 -0.5109 -0.5093 -0.3193
310.00 -0.4788 -0.4873 -0.4878 -0.4761 -0.4910 -0.3249
320.00 -0.4845 -0.4900 -0.4797 -0.4701 -0.4907 -0.3158
330.00 -0.4886 -0.4784 -0.4892 -0.4829 -0.4806 -0.3211
340.00 -0.5039 -0.5083 -0.5076 -0.5035 -0.5110 -0.3139
350.00 -0.4850 -0.4893 -0.4982 -0.4863 -0.4957 -0.3109
360.00 -0.5003 -0.4872 -0.5108 -0.4867 -0.4922 -0.3314
370.00 -0.4932 -0.4969 -0.5079 -0.5051 -0.4960 -0.3024
380.00 -0.4629 -0.4624 -0.4638 -0.4631 -0.4732 -0.3062
390.00 -0.4975 -0.4827 -0.4905 -0.5026 -0.4963 -0.3344
400.00 -0.4951 -0.4955 -0.5122 -0.5086 -0.5084 -0.3237
410.00 -0.4862 -0.4714 -0.4822 -0.4952 -0.4865 -0.3101
420.00 -0.4853 -0.4818 -0.4882 -0.4866 -0.4944 -0.3137
430.00 -0.4936 -0.4829 -0.4657 -0.4950 -0.4870 -0.3185
440.00 -0.5037 -0.4976 -0.4774 -0.4985 -0.4987 -0.3122
450.00 -0.5123 -0.5156 -0.5180 -0.5269 -0.5097 -0.3306
460.00 -0.4417 -0.4444 -0.4341 -0.4397 -0.4368 -0.3097
470.00 -0.5681 -0.5678 -0.5787 -0.5580 -0.5697 -0.3450
480.00 -0.4472 -0.4356 -0.4590 -0.4422 -0.4491 -0.3045
490.00 -0.4936 -0.4860 -0.4832 -0.4840 -0.4933 -0.3210
500.00 -0.4637 -0.4596 -0.4685 -0.4587 -0.4709 -0.3007
510.00 -0.5194 -0.4988 -0.5144 -0.4994 -0.5219 -0.3216
520.00 -0.5122 -0.5077 -0.5062 -0.5094 -0.5106 -0.3235
530.00 -0.4879 -0.4863 -0.4809 -0.4889 -0.4981 -0.3115
540.00 -0.4891 -0.4958 -0.4934 -0.4956 -0.4963 -0.3302
550.00 -0.4556 -0.4662 -0.4714 -0.4447 -0.4611 -0.2966
560.00 -0.4712 -0.5190 -0.5147 -0.5122 -0.5092 -0.3238
570.00 -0.4856 -0.4829 -0.4807 -0.4886 -0.4929 -0.3089
580.00 -0.5006 -0.4990 -0.5050 -0.5032 -0.5029 -0.3204
590.00 -0.5187 -0.5148 -0.5261 -0.5193 -0.5300 -0.3292
600.00 -0.4680 -0.4579 -0.4769 -0.4609 -0.4685 -0.3005
610.00 -0.4649 -0.4799 -0.4871 -0.4743 -0.4714 -0.3098
620.00 -0.4987 -0.5035 -0.4832 -0.4976 -0.5110 -0.3192
630.00 -0.5082 -0.5044 -0.5003 -0.5057 -0.4990 -0.3248
640.00 -0.4889 -0.4994 -0.4837 -0.4922 -0.5077 -0.3135
650.00 -0.5025 -0.4951 -0.4749 -0.5109 -0.5087 -0.3132
660.00 -0.4738 -0.4674 -0.4694 -0.4756 -0.4823 -0.3106
670.00 -0.4864 -0.4827 -0.4835 -0.4924 -0.4769 -0.3133
680.00 -0.4984 -0.5049 -0.5120 -0.5148 -0.5001 -0.3182
690.00 -0.4939 -0.4898 -0.4926 -0.4954 -0.4891 -0.3182
700.00 -0.4933 -0.4860 -0.4825 -0.4908 -0.4844 -0.3293
710.00 -0.4938 -0.4752 -0.4827 -0.4994 -0.4840 -0.3069
720.00 -0.5023 -0.5019 -0.5032 -0.4927 -0.4992 -0.3200
730.00 -0.4909 -0.4885 -0.4865 -0.4863 -0.4842 -0.3273
740.00 -0.4738 -0.4871 -0.4871 -0.4851 -0.4846 -0.3039
750.00 -0.4880 -0.4925 -0.4996 -0.5058 -0.4984 -0.3295
760.00 -0.4715 -0.4776 -0.4763 -0.4794 -0.4654 -0.2984
770.00 -0.4834 -0.4815 -0.4828 -0.4714 -0.4732 -0.3167
780.00 -0.5089 -0.5067 -0.5037 -0.5186 -0.4934 -0.3274
790.00 -0.4741 -0.4650 -0.4540 -0.4786 -0.4794 -0.2982
800.00 -0.5010 -0.4790 -0.5027 -0.5001 -0.5053 -0.3177
810.00 -0.5133 -0.4952 -0.5096 -0.5083 -0.5023 -0.3345
820.00 -0.4761 -0.4663 -0.4613 -0.4667 -0.4615 -0.3014
830.00 -0.5153 -0.5074 -0.5082 -0.5156 -0.5064 -0.3292
840.00 -0.5154 -0.5120 -0.5051 -0.5129 -0.5121 -0.3097
850.00 -0.4789 -0.4628 -0.4769 -0.4752 -0.4864 -0.3157
860.00 -0.4829 -0.4718 -0.4747 -0.4754 -0.4733 -0.3036
870.00 -0.4803 -0.4792 -0.4825 -0.4851 -0.4784 -0.3114
880.00 -0.4895 -0.4772 -0.5017 -0.4883 -0.5007 -0.3154
890.00 -0.5290 -0.5227 -0.5398 -0.5384 -0.5213 -0.3479
900.00 -0.4379 -0.4584 -0.4588 -0.4408 -0.4537 -0.2826
910.00 -0.5145 -0.5128 -0.5197 -0.5052 -0.5128 -0.3348
920.00 -0.4451 -0.4453 -0.4542 -0.4334 -0.4472 -0.2885
930.00 -0.5396 -0.5358 -0.5410 -0.5432 -0.5330 -0.3477
940.00 -0.4936 -0.4851 -0.4814 -0.4722 -0.4643 -0.3037
950.00 -0.4619 -0.4744 -0.4576 -0.4644 -0.4642 -0.3170
960.00 -0.5028 -0.5144 -0.5100 -0.5067 -0.5140 -0.3230
970.00 -0.4899 -0.4933 -0.4807 -0.4826 -0.4935 -0.3177
980.00 -0.4991 -0.5020 -0.5131 -0.4984 -0.4857 -0.3265
990.00 -0.4777 -0.4794 -0.4823 -0.4602 -0.4832 -0.3074
1000.00 -0.4952 -0.4996 -0.4926 -0.5052 -0.4930 -0.3197
1010.00 -0.5918 -0.8274 -0.8303 -0.8301 -0.8192 -0.3499
1020.00 -0.6229 -1.1210 -1.1220 -1.1144 -1.1273 -0.3246
1030.00 -0.6212 -1.1229 -1.1326 -1.1290 -1.1391 -0.3380
1040.00 -0.5417 -0.9855 -0.9843 -0.9926 -0.9915 -0.2980
1050.00 -0.4656 -0.6964 -0.7059 -0.6959 -0.6948 -0.3129
1060.00 -0.3801 -0.5027 -0.5008 -0.5043 -0.5035 -0.2804
1070.00 -0.4528 -0.5551 -0.5517 -0.5554 -0.5515 -0.3353
1080.00 -0.4368 -0.5154 -0.5152 -0.5161 -0.5202 -0.3243
1090.00 -0.4618 -0.5970 -0.5921 -0.5929 -0.5904 -0.3308
1100.00 -0.4247 -0.5049 -0.5166 -0.5141 -0.5077 -0.3146
1110.00 -0.4410 -0.5285 -0.5205 -0.5138 -0.5301 -0.3188
1120.00 -0.4417 -0.5198 -0.5171 -0.5241 -0.5224 -0.3165
1130.00 -0.4618 -0.5235 -0.5174 -0.5255 -0.5245 -0.3320
1140.00 -0.4341 -0.5349 -0.5371 -0.5352 -0.5315 -0.3131
1150.00 -0.4320 -0.5532 -0.5505 -0.5550 -0.5573 -0.3134
1160.00 -0.4380 -0.5342 -0.5232 -0.5275 -0.5303 -0.3270
1170.00 -0.4153 -0.5127 -0.5020 -0.5046 -0.5036 -0.3055
1180.00 -0.4445 -0.5262 -0.5184 -0.5158 -0.5196 -0.3210
1190.00 -0.4403 -0.5094 -0.5069 -0.5054 -0.5069 -0.3211
1200.00 -0.4498 -0.5594 -0.5620 -0.5538 -0.5586 -0.3229
1210.00 -0.4209 -0.5426 -0.5466 -0.5536 -0.5465 -0.3167
1220.00 -0.4390 -0.6172 -0.6196 -0.6195 -0.6102 -0.3241
1230.00 -0.4294 -0.5651 -0.5656 -0.5617 -0.5643 -0.3171
1240.00 -0.4320 -0.5181 -0.5334 -0.5333 -0.5354 -0.3113
1250.00 -0.4305 -0.5348 -0.5322 -0.5280 -0.5218 -0.3300
1260.00 -0.4191 -0.5876 -0.5765 -0.5835 -0.5825 -0.3167
1270.00 -0.4351 -0.5724 -0.5761 -0.5751 -0.5736 -0.3370
1280.00 -0.4434 -0.7110 -0.7117 -0.7059 -0.7148 -0.3340
1290.00 -0.4216 -0.5789 -0.5802 -0.5825 -0.5812 -0.3142
1300.00 -0.4253 -0.6115 -0.6034 -0.6066 -0.6052 -0.3171
1310.00 -0.4226 -0.5240 -0.5247 -0.5215 -0.5262 -0.3214
1320.00 -0.4047 -0.5616 -0.5603 -0.5562 -0.5568 -0.3113
1330.00 -0.4270 -0.6145 -0.5954 -0.6023 -0.5972 -0.3138
1340.00 -0.4464 -0.6812 -0.6868 -0.6899 -0.6882 -0.3308
1350.00 -0.3960 -0.5021 -0.5060 -0.5016 -0.5098 -0.3093
1360.00 -0.4352 -0.7090 -0.7043 -0.7073 -0.7096 -0.3244
1370.00 -0.4215 -0.5274 -0.5324 -0.5267 -0.5352 -0.3117
1380.00 -0.4154 -0.5777 -0.5753 -0.5789 -0.5827 -0.3182
1390.00 -0.4320 -0.5857 -0.5866 -0.5841 -0.5888 -0.3366
1400.00 -0.4224 -0.7052 -0.7062 -0.7058 -0.7033 -0.3149
1410.00 -0.4519 -0.5776 -0.5744 -0.5762 -0.5701 -0.3340
1420.00 -0.4094 -0.5692 -0.5723 -0.5696 -0.5685 -0.3157
1430.00 -0.4223 -0.5883 -0.5881 -0.5869 -0.5871 -0.3221
1440.00 -0.4031 -0.6360 -0.6358 -0.6400 -0.6395 -0.3090
1450.00 -0.4379 -0.6284 -0.6337 -0.6300 -0.6242 -0.3365
1460.00 -0.4463 -0.7114 -0.7102 -0.7107 -0.7143 -0.3256
1470.00 -0.4147 -0.5544 -0.5613 -0.5586 -0.5499 -0.3157
1480.00 -0.4020 -0.5709 -0.5590 -0.5662 -0.5623 -0.3174
1490.00 -0.4110 -0.8574 -0.8431 -0.8627 -0.8623 -0.3197
1500.00 -0.4426 -0.6907 -0.6836 -0.6893 -0.6893 -0.3322
1510.00 -0.4216 -0.6063 -0.6072 -0.5996 -0.6037 -0.3156
1520.00 -0.4207 -0.6584 -0.6656 -0.6598 -0.6581 -0.3231
1530.00 -0.4340 -0.7099 -0.7248 -0.7188 -0.7145 -0.3301
1540.00 -0.4338 -0.6470 -0.6464 -0.6513 -0.6444 -0.3201
1550.00 -0.4112 -0.5616 -0.5635 -0.5613 -0.5666 -0.3087
1560.00 -0.4013 -0.6107 -0.6139 -0.6056 -0.6060 -0.3113
1570.00 -0.4629 -0.6852 -0.6878 -0.6875 -0.6877 -0.3361
1580.00 -0.4160 -0.6357 -0.6353 -0.6416 -0.6398 -0.3189
1590.00 -0.4057 -0.6023 -0.6005 -0.6028 -0.5984 -0.3008
1600.00 -0.4029 -0.5934 -0.5892 -0.5960 -0.5962 -0.3122
1610.00 -0.4422 -0.7209 -0.7172 -0.7161 -0.7116 -0.3422
1620.00 -0.4257 -0.6531 -0.6485 -0.6437 -0.6471 -0.3171
1630.00 -0.4085 -0.6477 -0.6521 -0.6479 -0.6475 -0.3161
1640.00 -0.4419 -0.6565 -0.6497 -0.6499 -0.6506 -0.3280
1650.00 -0.3947 -0.5056 -0.5110 -0.5105 -0.5063 -0.3077
1660.00 -0.4391 -0.7681 -0.7836 -0.7795 -0.7812 -0.3318
1670.00 -0.4083 -0.6235 -0.6316 -0.6245 -0.6274 -0.3157
1680.00 -0.4097 -0.6217 -0.6261 -0.6254 -0.6154 -0.3130
1690.00 -0.4253 -0.6494 -0.6489 -0.6469 -0.6447 -0.3216
1700.00 -0.4526 -0.7296 -0.7220 -0.7177 -0.7266 -0.3473
1710.00 -0.4044 -0.6337 -0.6307 -0.6410 -0.6405 -0.3030
1720.00 -0.4116 -0.6367 -0.6357 -0.6387 -0.6405 -0.3232
1730.00 -0.4136 -0.6579 -0.6626 -0.6618 -0.6627 -0.3123
1740.00 -0.4076 -0.6557 -0.6573 -0.6631 -0.6573 -0.3140
1750.00 -0.4194 -0.7155 -0.7010 -0.7006 -0.6976 -0.3172
1760.00 -0.4605 -0.7605 -0.7544 -0.7538 -0.7628 -0.3374
1770.00 -0.4295 -0.6882 -0.6971 -0.6909 -0.6867 -0.3354
1780.00 -0.4001 -0.5965 -0.5839 -0.5919 -0.5915 -0.2999
1790.00 -0.4077 -0.5263 -0.5247 -0.5211 -0.5257 -0.3113
1800.00 -0.4352 -0.6183 -0.6142 -0.6122 -0.6244 -0.3357
1810.00 -0.4155 -0.6579 -0.6572 -0.6579 -0.6593 -0.3169
1820.00 -0.4082 -0.6049 -0.6061 -0.5944 -0.5997 -0.3170
1830.00 -0.4607 -0.7137 -0.7234 -0.7131 -0.7192 -0.3541
1840.00 -0.4194 -0.6453 -0.6365 -0.6379 -0.6415 -0.3301
1850.00 -0.3952 -0.6782 -0.6795 -0.6791 -0.6833 -0.2956
1860.00 -0.4366 -0.6872 -0.6839 -0.6824 -0.6964 -0.3313
1870.00 -0.4051 -0.7164 -0.7104 -0.7127 -0.7176 -0.3204
1880.00 -0.3900 -0.5638 -0.5614 -0.5562 -0.5574 -0.2923
1890.00 -0.4496 -0.8041 -0.7999 -0.7990 -0.8028 -0.3446
1900.00 -0.4070 -0.6647 -0.6723 -0.6760 -0.6650 -0.3139
1910.00 -0.4325 -0.6467 -0.6423 -0.6472 -0.6453 -0.3331
1920.00 -0.4198 -0.6408 -0.6361 -0.6296 -0.6323 -0.3313
1930.00 -0.4299 -0.6468 -0.6498 -0.6486 -0.6477 -0.3152
1940.00 -0.3988 -0.5310 -0.5292 -0.5333 -0.5324 -0.2998
1950.00 -0.4180 -0.6197 -0.6143 -0.6235 -0.6156 -0.3179
1960.00 -0.4291 -0.7507 -0.7567 -0.7624 -0.7564 -0.3407
1970.00 -0.4152 -0.7991 -0.8022 -0.8086 -0.8038 -0.3102
1980.00 -0.4370 -0.7976 -0.8070 -0.8073 -0.8102 -0.3286
1990.00 -0.4168 -0.5528 -0.5517 -0.5449 -0.5459 -0.3206
2000.00 -0.4349 -0.5781 -0.5803 -0.5830 -0.5837 -0.3234
2010.00 -0.4175 -0.6008 -0.5974 -0.5939 -0.5947 -0.3142
2020.00 -0.4025 -0.8279 -0.8258 -0.8272 -0.8125 -0.3423
2030.00 -0.4013 -0.9181 -0.9122 -0.9138 -0.9142 -0.3165
2040.00 -0.4208 -0.5481 -0.5417 -0.5498 -0.5434 -0.3102
2050.00 -0.4219 -0.5917 -0.5870 -0.5908 -0.5876 -0.3158
2060.00 -0.4377 -0.6028 -0.6030 -0.6031 -0.5973 -0.3217
2070.00 -0.3985 -0.5788 -0.5754 -0.5817 -0.5799 -0.3195
2080.00 -0.4573 -0.7114 -0.7119 -0.7082 -0.7202 -0.3348
2090.00 -0.4191 -0.5706 -0.5731 -0.5643 -0.5759 -0.3111
2100.00 -0.4157 -0.6870 -0.6974 -0.6969 -0.6852 -0.3259
2110.00 -0.4135 -0.6416 -0.6264 -0.6241 -0.6183 -0.3206
2120.00 -0.4202 -0.7611 -0.7624 -0.7660 -0.7599 -0.3288
2130.00 -0.4238 -0.6846 -0.6805 -0.6814 -0.6800 -0.3227
2140.00 -0.4405 -0.6059 -0.6106 -0.6025 -0.6069 -0.3252
2150.00 -0.4525 -0.6682 -0.6682 -0.6707 -0.6684 -0.3349
2160.00 -0.3658 -0.6964 -0.7092 -0.7075 -0.7050 -0.2954
2170.00 -0.4090 -0.6520 -0.6490 -0.6447 -0.6551 -0.3298
2180.00 -0.4278 -0.8767 -0.8705 -0.8665 -0.8776 -0.3215
2190.00 -0.4151 -0.6113 -0.6115 -0.6145 -0.6108 -0.3102
2200.00 -0.4343 -0.6336 -0.6275 -0.6413 -0.6364 -0.3344
2210.00 -0.4328 -0.7977 -0.8054 -0.8043 -0.8051 -0.3251
2220.00 -0.4214 -0.6212 -0.6199 -0.6230 -0.6180 -0.3088
2230.00 -0.4075 -0.6530 -0.6493 -0.6506 -0.6426 -0.3051
2240.00 -0.4380 -0.5881 -0.5954 -0.5926 -0.5991 -0.3372
2250.00 -0.4283 -0.6263 -0.6204 -0.6266 -0.6193 -0.3201
2260.00 -0.4231 -0.7602 -0.7489 -0.7507 -0.7484 -0.3223
2270.00 -0.4173 -0.9282 -0.9341 -0.9297 -0.9285 -0.3352
2280.00 -0.3899 -0.6942 -0.6972 -0.7002 -0.6913 -0.2941
2290.00 -0.4333 -0.6301 -0.6350 -0.6366 -0.6309 -0.3124
2300.00 -0.4287 -0.6847 -0.6925 -0.6893 -0.6992 -0.3391
2310.00 -0.3998 -0.7295 -0.7206 -0.7261 -0.7177 -0.3156
2320.00 -0.4395 -0.7661 -0.7602 -0.7701 -0.7693 -0.3234
2330.00 -0.4322 -0.6442 -0.6382 -0.6282 -0.6352 -0.3197
2340.00 -0.4036 -0.5006 -0.4926 -0.5016 -0.5028 -0.3167
2350.00 -0.4321 -0.6662 -0.6688 -0.6665 -0.6691 -0.3177
2360.00 -0.4494 -0.6294 -0.6299 -0.6319 -0.6268 -0.3404
2370.00 -0.4281 -0.6151 -0.6186 -0.6178 -0.6160 -0.3168
2380.00 -0.4201 -0.6755 -0.6757 -0.6739 -0.6734 -0.3320
2390.00 -0.4453 -0.7557 -0.7454 -0.7603 -0.7572 -0.3308
2400.00 -0.3871 -0.5280 -0.5413 -0.5342 -0.5334 -0.2909
2410.00 -0.4280 -0.7761 -0.7785 -0.7806 -0.7775 -0.3415
2420.00 -0.4167 -0.8114 -0.8057 -0.7945 -0.8081 -0.3260
2430.00 -0.4203 -0.7943 -0.7858 -0.7900 -0.7952 -0.3271
2440.00 -0.4043 -0.5866 -0.5913 -0.5893 -0.5929 -0.2990
2450.00 -0.4501 -0.6983 -0.6870 -0.6903 -0.6940 -0.3449
2460.00 -0.4096 -0.5354 -0.5366 -0.5322 -0.5421 -0.3127
2470.00 -0.3955 -0.6030 -0.6003 -0.6031 -0.6020 -0.3035
2480.00 -0.4346 -0.6879 -0.6950 -0.6905 -0.6872 -0.3339
2490.00 -0.4566 -0.8804 -0.8688 -0.8737 -0.8768 -0.3420
2500.00 -0.4043 -0.6047 -0.6068 -0.6016 -0.6025 -0.3136
2510.00 -0.3870 -0.6176 -0.6188 -0.6256 -0.6092 -0.2990
2520.00 -0.4256 -0.7433 -0.7503 -0.7469 -0.7447 -0.3334
2530.00 -0.4485 -0.6799 -0.6745 -0.6825 -0.6841 -0.3292
2540.00 -0.3929 -0.5506 -0.5582 -0.5537 -0.5610 -0.3090
2550.00 -0.4558 -0.8328 -0.8275 -0.8388 -0.8301 -0.3507
2560.00 -0.4202 -0.6822 -0.6851 -0.6858 -0.6840 -0.3120
2570.00 -0.4113 -0.7290 -0.7355 -0.7307 -0.7296 -0.3141
2580.00 -0.4035 -0.5538 -0.5499 -0.5514 -0.5481 -0.3026
2590.00 -0.4404 -0.6144 -0.6205 -0.6112 -0.6141 -0.3396
2600.00 -0.4167 -0.9091 -0.9094 -0.9100 -0.9080 -0.3508
2610.00 -0.3851 -0.7630 -0.7691 -0.7577 -0.7640 -0.2740
2620.00 -0.4683 -0.6719 -0.6756 -0.6780 -0.6813 -0.3392
2630.00 -0.4244 -0.5828 -0.5751 -0.5803 -0.5817 -0.3199
2640.00 -0.4270 -0.6771 -0.6849 -0.6801 -0.6822 -0.3209
2650.00 -0.3944 -0.5504 -0.5519 -0.5485 -0.5442 -0.3040
2660.00 -0.4390 -0.6577 -0.6461 -0.6527 -0.6443 -0.3338
2670.00 -0.4145 -0.6133 -0.6184 -0.6185 -0.6131 -0.3148
2680.00 -0.3813 -0.5862 -0.5946 -0.5931 -0.5905 -0.2964
2690.00 -0.4496 -0.8528 -0.8433 -0.8443 -0.8541 -0.3659
2700.00 -0.4396 -0.8364 -0.8332 -0.8361 -0.8372 -0.3236
2710.00 -0.4234 -0.7055 -0.7068 -0.7093 -0.7003 -0.3162
2720.00 -0.4402 -0.5849 -0.5842 -0.5848 -0.5904 -0.3335
2730.00 -0.3669 -0.5895 -0.5858 -0.5834 -0.5864 -0.2957
2740.00 -0.4522 -0.8511 -0.8470 -0.8526 -0.8536 -0.3399
2750.00 -0.4362 -0.6507 -0.6576 -0.6533 -0.6576 -0.3276
2760.00 -0.4073 -0.6801 -0.6705 -0.6769 -0.6756 -0.3162
2770.00 -0.4272 -0.7301 -0.7267 -0.7261 -0.7319 -0.3287
2780.00 -0.4065 -0.5854 -0.5828 -0.5798 -0.5794 -0.3187
2790.00 -0.4391 -0.6779 -0.6740 -0.6742 -0.6800 -0.3232
2800.00 -0.4293 -0.6554 -0.6550 -0.6576 -0.6538 -0.3403
2810.00 -0.4041 -0.5947 -0.5937 -0.5939 -0.5931 -0.2898
2820.00 -0.4240 -0.5860 -0.5790 -0.5821 -0.5792 -0.3277
2830.00 -0.4097 -1.1346 -1.1338 -1.1326 -1.1371 -0.3419
2840.00 -0.3972 -0.7151 -0.7180 -0.7198 -0.7234 -0.3091
2850.00 -0.4487 -0.5981 -0.5948 -0.5988 -0.5972 -0.3278
2860.00 -0.3860 -0.4916 -0.4861 -0.4873 -0.4923 -0.2956
2870.00 -0.4434 -0.5854 -0.5891 -0.5897 -0.5956 -0.3309
2880.00 -0.4292 -0.6550 -0.6613 -0.6539 -0.6460 -0.3186
2890.00 -0.4159 -0.5882 -0.5896 -0.5854 -0.5876 -0.3226
2900.00 -0.3929 -0.7029 -0.6984 -0.7044 -0.7047 -0.3110
2910.00 -0.4316 -0.9011 -0.9100 -0.9018 -0.9092 -0.3534
2920.00 -0.4230 -0.8857 -0.8820 -0.8851 -0.8839 -0.3278
2930.00 -0.4114 -0.7640 -0.7638 -0.7680 -0.7605 -0.3159
2940.00 -0.4202 -0.6497 -0.6502 -0.6532 -0.6632 -0.3055
2950.00 -0.4084 -0.5334 -0.5292 -0.5318 -0.5368 -0.3169
2960.00 -0.4448 -0.6418 -0.6410 -0.6404 -0.6437 -0.3266
2970.00 -0.4238 -0.6738 -0.6852 -0.6713 -0.6744 -0.3363
2980.00 -0.4146 -0.8004 -0.7908 -0.7931 -0.7987 -0.3137
2990.00 -0.3986 -0.6088 -0.6024 -0.6069 -0.6112 -0.3155
3000.00 -0.4418 -0.6741 -0.6699 -0.6700 -0.6697 -0.3212
3010.00 -0.4354 -0.6871 -0.6848 -0.6786 -0.6786 -0.3315
3020.00 -0.3809 -0.5307 -0.5328 -0.5397 -0.5412 -0.3035
3030.00 -0.4568 -0.7149 -0.7060 -0.7024 -0.7088 -0.3463
3040.00 -0.3969 -0.6194 -0.6165 -0.6095 -0.6128 -0.3101
3050.00 -0.4435 -0.7506 -0.7549 -0.7521 -0.7503 -0.3342
3060.00 -0.4203 -0.5714 -0.5704 -0.5738 -0.5747 -0.3171
3070.00 -0.4334 -0.6376 -0.6459 -0.6494 -0.6424 -0.3195
3080.00 -0.4108 -0.4765 -0.4749 -0.4754 -0.4789 -0.3216
3090.00 -0.4345 -1.2418 -1.2440 -1.2474 -1.2413 -0.3591
3100.00 -0.3843 -0.6922 -0.6969 -0.6902 -0.6909 -0.2935
3110.00 -0.4404 -0.5611 -0.5504 -0.5523 -0.5507 -0.3314
3120.00 -0.4296 -0.6050 -0.5977 -0.5975 -0.6061 -0.3206
3130.00 -0.4215 -0.6188 -0.6224 -0.6197 -0.6153 -0.3155
3140.00 -0.4124 -0.6710 -0.6676 -0.6699 -0.6769 -0.3167
3150.00 -0.4178 -0.6899 -0.6967 -0.6967 -0.6993 -0.3314
3160.00 -0.4287 -0.8807 -0.8835 -0.8742 -0.8730 -0.3249
3170.00 -0.4192 -0.6399 -0.6401 -0.6410 -0.6448 -0.3187
3180.00 -0.4000 -0.7025 -0.7131 -0.7136 -0.7168 -0.3182
3190.00 -0.4233 -0.6748 -0.6731 -0.6683 -0.6780 -0.3192
3200.00 -0.4259 -0.6464 -0.6428 -0.6444 -0.6438 -0.3189
3210.00 -0.4194 -0.6931 -0.6906 -0.6954 -0.6858 -0.3058
3220.00 -0.4126 -0.6324 -0.6262 -0.6390 -0.6323 -0.3170
3230.00 -0.4441 -0.6702 -0.6711 -0.6735 -0.6700 -0.3388
3240.00 -0.4333 -0.6644 -0.6605 -0.6685 -0.6705 -0.3338
3250.00 -0.4006 -0.5631 -0.5552 -0.5569 -0.5544 -0.3075
3260.00 -0.4114 -0.6084 -0.6115 -0.6139 -0.5969 -0.3220
3270.00 -0.4216 -0.7037 -0.7055 -0.7136 -0.7047 -0.3173
3280.00 -0.4359 -0.7305 -0.7224 -0.7344 -0.7240 -0.3325
3290.00 -0.4163 -0.6353 -0.6334 -0.6418 -0.6371 -0.3261
3300.00 -0.4341 -0.7400 -0.7375 -0.7293 -0.7290 -0.3258
3310.00 -0.4143 -0.5711 -0.5666 -0.5626 -0.5658 -0.3156
3320.00 -0.4280 -0.6218 -0.6200 -0.6179 -0.6184 -0.3299
3330.00 -0.4013 -0.8558 -0.8559 -0.8655 -0.8694 -0.3410
3340.00 -0.4061 -0.9035 -0.8937 -0.8966 -0.8883 -0.3059
3350.00 -0.4194 -0.7236 -0.7242 -0.7202 -0.7251 -0.3278
3360.00 -0.4145 -0.6348 -0.6313 -0.6376 -0.6347 -0.3001
3370.00 -0.4004 -0.6156 -0.6166 -0.6119 -0.6175 -0.3066
3380.00 -0.4591 -0.6291 -0.6324 -0.6337 -0.6362 -0.3350
3390.00 -0.4187 -0.5819 -0.5797 -0.5863 -0.5762 -0.3211
3400.00 -0.4355 -0.6873 -0.6885 -0.6884 -0.6896 -0.3323
3410.00 -0.4105 -0.6397 -0.6378 -0.6349 -0.6378 -0.3172
3420.00 -0.4131 -0.6834 -0.6850 -0.6879 -0.6903 -0.3307
3430.00 -0.4114 -0.5969 -0.5892 -0.5868 -0.5933 -0.3133
3440.00 -0.4545 -0.8358 -0.8445 -0.8383 -0.8419 -0.3414
3450.00 -0.3984 -0.7358 -0.7453 -0.7466 -0.7425 -0.3131
3460.00 -0.4123 -0.6176 -0.6111 -0.6183 -0.6147 -0.3086
3470.00 -0.4420 -0.6941 -0.6940 -0.6997 -0.6902 -0.3409
3480.00 -0.4119 -0.8647 -0.8672 -0.8600 -0.8580 -0.3297
3490.00 -0.4263 -0.6640 -0.6702 -0.6665 -0.6682 -0.3204
3500.00 -0.4163 -0.6140 -0.6105 -0.6158 -0.6141 -0.3050
3510.00 -0.4158 -0.6514 -0.6437 -0.6417 -0.6431 -0.3210
3520.00 -0.4094 -0.6473 -0.6425 -0.6488 -0.6487 -0.3329
3530.00 -0.4488 -0.7401 -0.7477 -0.7438 -0.7412 -0.3202
3540.00 -0.3877 -0.5871 -0.5853 -0.5877 -0.5886 -0.3157
3550.00 -0.4454 -0.7563 -0.7503 -0.7495 -0.7545 -0.3332
3560.00 -0.3933 -0.6167 -0.6170 -0.6178 -0.6240 -0.2973
3570.00 -0.4188 -0.6625 -0.6657 -0.6757 -0.6629 -0.3283
3580.00 -0.4514 -0.6876 -0.6839 -0.6906 -0.6927 -0.3379
3590.00 -0.4170 -0.6507 -0.6498 -0.6475 -0.6482 -0.3297
3600.00 -0.4267 -0.7328 -0.7384 -0.7403 -0.7381 -0.3214
3610.00 -0.4426 -0.7336 -0.7291 -0.7388 -0.7274 -0.3434
3620.00 -0.4189 -0.6376 -0.6473 -0.6468 -0.6440 -0.3253
3630.00 -0.3814 -0.6439 -0.6344 -0.6332 -0.6383 -0.3094
3640.00 -0.4635 -0.8267 -0.8393 -0.8372 -0.8311 -0.3399
3650.00 -0.3747 -0.5762 -0.5740 -0.5741 -0.5767 -0.2873
3660.00 -0.4380 -0.6440 -0.6370 -0.6368 -0.6407 -0.3351
3670.00 -0.4391 -0.7149 -0.7160 -0.7059 -0.7151 -0.3375
3680.00 -0.3959 -0.5991 -0.5975 -0.6043 -0.6074 -0.3117
3690.00 -0.4661 -0.9908 -0.9993 -1.0038 -0.9992 -0.3580
3700.00 -0.3719 -0.7185 -0.7130 -0.7127 -0.7168 -0.2986
3710.00 -0.4087 -0.6349 -0.6388 -0.6391 -0.6384 -0.3092
3720.00 -0.4286 -0.5096 -0.5084 -0.5126 -0.5122 -0.3250
3730.00 -0.4435 -0.6738 -0.6838 -0.6829 -0.6816 -0.3409
3740.00 -0.4165 -0.8022 -0.8098 -0.8042 -0.8106 -0.3206
3750.00 -0.3956 -0.5667 -0.5586 -0.5588 -0.5657 -0.3111
3760.00 -0.4692 -0.7962 -0.7988 -0.7917 -0.7932 -0.3404
3770.00 -0.4014 -0.6737 -0.6766 -0.6803 -0.6754 -0.3202
3780.00 -0.4130 -0.5809 -0.5882 -0.5878 -0.5895 -0.3253
3790.00 -0.4074 -0.6407 -0.6416 -0.6305 -0.6439 -0.3042
3800.00 -0.4262 -0.5517 -0.5482 -0.5476 -0.5444 -0.3181
3810.00 -0.4408 -0.7830 -0.7737 -0.7746 -0.7688 -0.3407
3820.00 -0.4098 -0.6353 -0.6345 -0.6304 -0.6309 -0.3199
3830.00 -0.4384 -0.7268 -0.7285 -0.7262 -0.7343 -0.3307
3840.00 -0.4213 -0.6168 -0.6214 -0.6218 -0.6076 -0.3184
3850.00 -0.4115 -0.8887 -0.8887 -0.8831 -0.8888 -0.3246
3860.00 -0.3982 -0.7409 -0.7297 -0.7339 -0.7370 -0.3154
3870.00 -0.4353 -0.7104 -0.7138 -0.7115 -0.7147 -0.3271
3880.00 -0.4279 -0.7219 -0.7203 -0.7185 -0.7138 -0.3247
3890.00 -0.4143 -0.6072 -0.6029 -0.5901 -0.5969 -0.3149
3900.00 -0.4150 -0.6328 -0.6350 -0.6280 -0.6338 -0.3185
3910.00 -0.4526 -0.6073 -0.6099 -0.6058 -0.6062 -0.3290
3920.00 -0.4118 -0.5398 -0.5329 -0.5378 -0.5341 -0.3207
3930.00 -0.4012 -0.6835 -0.6853 -0.6858 -0.6757 -0.3169
3940.00 -0.4138 -0.8788 -0.8805 -0.8786 -0.8772 -0.3265
3950.00 -0.3981 -1.1485 -1.1380 -1.1387 -1.1348 -0.3118
3960.00 -0.4254 -0.5817 -0.5856 -0.5784 -0.5831 -0.3085
3970.00 -0.4396 -0.5863 -0.5921 -0.5889 -0.5882 -0.3250
3980.00 -0.4131 -0.5046 -0.5102 -0.5068 -0.5046 -0.3115
3990.00 -0.4390 -0.6460 -0.6359 -0.6472 -0.6507 -0.3442
4000.00 -0.4206 -0.7133 -0.7098 -0.7174 -0.7117 -0.3163
