10.00 -0.4958 -0.5057 -0.4911 -0.4875 -0.4954 -0.3163
20.00 -0.4622 -0.4683 -0.4708 -0.4525 -0.4601 -0.3136
30.00 -0.4665 -0.4530 -0.4481 -0.4534 -0.4526 -0.2946
40.00 -0.4896 -0.4835 -0.4803 -0.4924 -0.4758 -0.3195
50.00 -0.4896 -0.4863 -0.4871 -0.4849 -0.4792 -0.3161
60.00 -0.4716 -0.4661 -0.4745 -0.4704 -0.4723 -0.3195
70.00 -0.4833 -0.4857 -0.4995 -0.4798 -0.4871 -0.3070
80.00 -0.4734 -0.4634 -0.4806 -0.4697 -0.4665 -0.3150
90.00 -0.4894 -0.4779 -0.4847 -0.4855 -0.4813 -0.3125
100.00 -0.4598 -0.4627 -0.4622 -0.4418 -0.4484 -0.2956
110.00 -0.4835 -0.4719 -0.4953 -0.4791 -0.4898 -0.3247
120.00 -0.4770 -0.4701 -0.4763 -0.4720 -0.4771 -0.3156
130.00 -0.4519 -0.4609 -0.4713 -0.4584 -0.4751 -0.3106
140.00 -0.4892 -0.4955 -0.5034 -0.4864 -0.5023 -0.3171
150.00 -0.4576 -0.4567 -0.4584 -0.4613 -0.4557 -0.3169
160.00 -0.4905 -0.5012 -0.4963 -0.4984 -0.4972 -0.3078
170.00 -0.4594 -0.4566 -0.4510 -0.4617 -0.4536 -0.3182
180.00 -0.4984 -0.4894 -0.4947 -0.4965 -0.4912 -0.3147
190.00 -0.4665 -0.4543 -0.4704 -0.4614 -0.4612 -0.2990
200.00 -0.4694 -0.4745 -0.4614 -0.4774 -0.4758 -0.3012
210.00 -0.4450 -0.4593 -0.4642 -0.4618 -0.4680 -0.3015
220.00 -0.4726 -0.4751 -0.4709 -0.4656 -0.4683 -0.3106
230.00 -0.4992 -0.4943 -0.4993 -0.5033 -0.5034 -0.3244
240.00 -0.4771 -0.4844 -0.4867 -0.4902 -0.4832 -0.3171
250.00 -0.4501 -0.4450 -0.4429 -0.4573 -0.4475 -0.2981
260.00 -0.4762 -0.4706 -0.4685 -0.4740 -0.4724 -0.3160
270.00 -0.4903 -0.4937 -0.4868 -0.4915 -0.4988 -0.3102
280.00 -0.4764 -0.4717 -0.4702 -0.4718 -0.4703 -0.3219
290.00 -0.4659 -0.4694 -0.4611 -0.4710 -0.4715 -0.2993
300.00 -0.4980 -0.4874 -0.4982 -0.5034 -0.4865 -0.3233
310.00 -0.4726 -0.4805 -0.4834 -0.4696 -0.4696 -0.3154
320.00 -0.4798 -0.4899 -0.4910 -0.4852 -0.4932 -0.3224
330.00 -0.4601 -0.4635 -0.4811 -0.4794 -0.4687 -0.3008
340.00 -0.4681 -0.4760 -0.4769 -0.4751 -0.4600 -0.3165
350.00 -0.4839 -0.4875 -0.4856 -0.4882 -0.4900 -0.3167
360.00 -0.4607 -0.4608 -0.4663 -0.4529 -0.4494 -0.3025
370.00 -0.5083 -0.4987 -0.5101 -0.5009 -0.5161 -0.3325
380.00 -0.4523 -0.4448 -0.4461 -0.4504 -0.4519 -0.3023
390.00 -0.4841 -0.4607 -0.4710 -0.4788 -0.4797 -0.2950
400.00 -0.4799 -0.4732 -0.4721 -0.4709 -0.4798 -0.3218
410.00 -0.4793 -0.4832 -0.4789 -0.4825 -0.4799 -0.3049
420.00 -0.4524 -0.4531 -0.4474 -0.4466 -0.4606 -0.2785
430.00 -0.4752 -0.4814 -0.4773 -0.4802 -0.4763 -0.3323
440.00 -0.4905 -0.5045 -0.4990 -0.4979 -0.5004 -0.3200
450.00 -0.4589 -0.4543 -0.4632 -0.4688 -0.4663 -0.3128
460.00 -0.4902 -0.4866 -0.4826 -0.4758 -0.4846 -0.3077
470.00 -0.4557 -0.4598 -0.4603 -0.4663 -0.4587 -0.3057
480.00 -0.4740 -0.4774 -0.4761 -0.4737 -0.4876 -0.3148
490.00 -0.4624 -0.4642 -0.4697 -0.4602 -0.4684 -0.3027
500.00 -0.4990 -0.5056 -0.4968 -0.4867 -0.4981 -0.3221
510.00 -0.4539 -0.4511 -0.4651 -0.4518 -0.4575 -0.2939
520.00 -0.4757 -0.4862 -0.4707 -0.4758 -0.4840 -0.3246
530.00 -0.4821 -0.4805 -0.4739 -0.4794 -0.4740 -0.3254
540.00 -0.4943 -0.4779 -0.4828 -0.4848 -0.4895 -0.3103
550.00 -0.4919 -0.4892 -0.4881 -0.4946 -0.4745 -0.3189
560.00 -0.4646 -0.4635 -0.4558 -0.4731 -0.4619 -0.2955
570.00 -0.4852 -0.4824 -0.4766 -0.4835 -0.4850 -0.3213
580.00 -0.4591 -0.4508 -0.4484 -0.4539 -0.4555 -0.2998
590.00 -0.4976 -0.4975 -0.4907 -0.5032 -0.4993 -0.3216
600.00 -0.4609 -0.4563 -0.4578 -0.4642 -0.4536 -0.3111
610.00 -0.4692 -0.4720 -0.4779 -0.4768 -0.4877 -0.3006
620.00 -0.4721 -0.4581 -0.4688 -0.4703 -0.4726 -0.3120
630.00 -0.4906 -0.4799 -0.4948 -0.5018 -0.4965 -0.3234
640.00 -0.4736 -0.4712 -0.4733 -0.4706 -0.4710 -0.3013
650.00 -0.4824 -0.4853 -0.4769 -0.4835 -0.4851 -0.3317
660.00 -0.4820 -0.4840 -0.4892 -0.4972 -0.4812 -0.3120
670.00 -0.4554 -0.4553 -0.4512 -0.4563 -0.4578 -0.2985
680.00 -0.4941 -0.4920 -0.4912 -0.4887 -0.4998 -0.3253
690.00 -0.4730 -0.4826 -0.4626 -0.4726 -0.4744 -0.3035
700.00 -0.4747 -0.4656 -0.4729 -0.4730 -0.4658 -0.3181
710.00 -0.4743 -0.4780 -0.4783 -0.4788 -0.4811 -0.3012
720.00 -0.4755 -0.4807 -0.4823 -0.4823 -0.4854 -0.3131
730.00 -0.4979 -0.4942 -0.4905 -0.4965 -0.4913 -0.3210
740.00 -0.4693 -0.4648 -0.4562 -0.4568 -0.4708 -0.2940
750.00 -0.4814 -0.4910 -0.4760 -0.4837 -0.4892 -0.3139
760.00 -0.4729 -0.4737 -0.4611 -0.4722 -0.4722 -0.3155
770.00 -0.4388 -0.4506 -0.4469 -0.4423 -0.4452 -0.2966
780.00 -0.5117 -0.5089 -0.5100 -0.5174 -0.5188 -0.3409
790.00 -0.4432 -0.4514 -0.4482 -0.4542 -0.4486 -0.3065
800.00 -0.4489 -0.4573 -0.4738 -0.4665 -0.4547 -0.2964
810.00 -0.4938 -0.4817 -0.4921 -0.5050 -0.4873 -0.3234
820.00 -0.5035 -0.4978 -0.5021 -0.4997 -0.4990 -0.3214
830.00 -0.4710 -0.4650 -0.4770 -0.4581 -0.4649 -0.3155
840.00 -0.4889 -0.4812 -0.4895 -0.4836 -0.4888 -0.3108
850.00 -0.4412 -0.4215 -0.4380 -0.4394 -0.4314 -0.2980
860.00 -0.5064 -0.4881 -0.5053 -0.4901 -0.4981 -0.3115
870.00 -0.4914 -0.4801 -0.4950 -0.4937 -0.4915 -0.3190
880.00 -0.4434 -0.4578 -0.4489 -0.4604 -0.4563 -0.3114
890.00 -0.4779 -0.4716 -0.4856 -0.4830 -0.4781 -0.3000
900.00 -0.4596 -0.4782 -0.4745 -0.4769 -0.4790 -0.3089
910.00 -0.4867 -0.4833 -0.4879 -0.4812 -0.4840 -0.3186
920.00 -0.4629 -0.4645 -0.4693 -0.4682 -0.4694 -0.3065
930.00 -0.4770 -0.4774 -0.4683 -0.4686 -0.4714 -0.3112
940.00 -0.4828 -0.4924 -0.4930 -0.4855 -0.4916 -0.3139
950.00 -0.4530 -0.4479 -0.4345 -0.4585 -0.4536 -0.3044
960.00 -0.4938 -0.4991 -0.4953 -0.4945 -0.4907 -0.3178
970.00 -0.4643 -0.4704 -0.4645 -0.4753 -0.4772 -0.3056
980.00 -0.4711 -0.4694 -0.4924 -0.4857 -0.4725 -0.3081
990.00 -0.4810 -0.4790 -0.4794 -0.4819 -0.4782 -0.3097
1000.00 -0.4761 -0.4791 -0.4864 -0.4748 -0.4822 -0.3214
1010.00 -0.4944 -0.7760 -0.7897 -0.7810 -0.7767 -0.3156
1020.00 -0.5385 -1.0463 -1.0333 -1.0397 -1.0462 -0.2994
1030.00 -0.5504 -1.0342 -1.0422 -1.0188 -1.0326 -0.3269
1040.00 -0.4917 -0.9911 -1.0006 -1.0093 -0.9971 -0.2790
1050.00 -0.5414 -1.0163 -1.0145 -1.0247 -1.0167 -0.3003
1060.00 -0.5481 -0.8760 -0.8801 -0.8765 -0.8775 -0.3222
1070.00 -0.5362 -0.9210 -0.9111 -0.9072 -0.9143 -0.2934
1080.00 -0.5710 -0.9372 -0.9324 -0.9339 -0.9331 -0.3125
1090.00 -0.5481 -0.8271 -0.8296 -0.8338 -0.8307 -0.2958
1100.00 -0.6300 -0.9274 -0.9245 -0.9302 -0.9263 -0.3389
1110.00 -0.5081 -0.6859 -0.6797 -0.6816 -0.6822 -0.3080
1120.00 -0.4466 -0.5653 -0.5653 -0.5662 -0.5645 -0.2862
1130.00 -0.3967 -0.4328 -0.4365 -0.4411 -0.4286 -0.3010
1140.00 -0.4358 -0.4824 -0.4750 -0.4716 -0.4774 -0.3216
1150.00 -0.4498 -0.4852 -0.4788 -0.4882 -0.4878 -0.3144
1160.00 -0.4571 -0.4773 -0.4675 -0.4787 -0.4826 -0.3172
1170.00 -0.4635 -0.4701 -0.4690 -0.4572 -0.4653 -0.3133
1180.00 -0.4774 -0.4852 -0.4716 -0.4655 -0.4765 -0.3086
1190.00 -0.4614 -0.4707 -0.4690 -0.4624 -0.4584 -0.3075
1200.00 -0.4938 -0.4923 -0.4907 -0.4861 -0.4752 -0.3253
1210.00 -0.4613 -0.4605 -0.4741 -0.4645 -0.4706 -0.3031
1220.00 -0.4716 -0.4790 -0.4864 -0.4738 -0.4874 -0.3184
1230.00 -0.4857 -0.4892 -0.4863 -0.4854 -0.4893 -0.3200
1240.00 -0.4705 -0.4641 -0.4699 -0.4765 -0.4782 -0.3003
1250.00 -0.4620 -0.4764 -0.4767 -0.4731 -0.4676 -0.3121
1260.00 -0.4642 -0.4822 -0.4786 -0.4777 -0.4801 -0.3104
1270.00 -0.4830 -0.4972 -0.4920 -0.4857 -0.4893 -0.3182
1280.00 -0.4589 -0.4419 -0.4490 -0.4484 -0.4502 -0.2937
1290.00 -0.4676 -0.4821 -0.4852 -0.4807 -0.4804 -0.3226
1300.00 -0.4808 -0.4741 -0.4845 -0.4693 -0.4687 -0.3133
1310.00 -0.4816 -0.4913 -0.4893 -0.4776 -0.4737 -0.3180
1320.00 -0.4815 -0.4842 -0.4759 -0.4861 -0.4762 -0.3196
1330.00 -0.4830 -0.4814 -0.4653 -0.4768 -0.4730 -0.3010
1340.00 -0.4648 -0.4822 -0.4729 -0.4845 -0.4717 -0.3079
1350.00 -0.4886 -0.5027 -0.4975 -0.4965 -0.4929 -0.3278
1360.00 -0.4562 -0.4462 -0.4487 -0.4525 -0.4573 -0.3048
1370.00 -0.4509 -0.4512 -0.4466 -0.4497 -0.4450 -0.2941
1380.00 -0.4902 -0.4823 -0.4815 -0.4764 -0.4850 -0.3267
1390.00 -0.4817 -0.4721 -0.4808 -0.4777 -0.4807 -0.2989
1400.00 -0.4665 -0.4802 -0.4838 -0.4905 -0.4846 -0.3202
1410.00 -0.4799 -0.4839 -0.4981 -0.4914 -0.4964 -0.3193
1420.00 -0.4590 -0.4606 -0.4719 -0.4708 -0.4630 -0.3106
1430.00 -0.4702 -0.4866 -0.4892 -0.4861 -0.4858 -0.3181
1440.00 -0.4783 -0.4880 -0.4896 -0.4778 -0.4879 -0.3224
1450.00 -0.4853 -0.4768 -0.4752 -0.4791 -0.4882 -0.3157
1460.00 -0.4649 -0.4721 -0.4671 -0.4714 -0.4707 -0.3078
1470.00 -0.4520 -0.4706 -0.4653 -0.4608 -0.4707 -0.2968
1480.00 -0.4520 -0.4880 -0.4974 -0.4881 -0.5010 -0.3150
1490.00 -0.4430 -0.4672 -0.4697 -0.4704 -0.4652 -0.3055
1500.00 -0.4909 -0.5096 -0.5028 -0.4957 -0.5077 -0.3439
1510.00 -0.4318 -0.5008 -0.5013 -0.4891 -0.5018 -0.3067
1520.00 -0.4001 -0.4935 -0.4899 -0.4860 -0.4951 -0.3050
1530.00 -0.4006 -0.5196 -0.5179 -0.5285 -0.5334 -0.2996
1540.00 -0.2236 -1.1227 -1.1263 -1.1261 -1.1225 -0.3188
1550.00 -0.2669 -1.2913 -1.2910 -1.2809 -1.2901 -0.3016
1560.00 -0.3922 -0.5207 -0.5244 -0.5219 -0.5233 -0.3024
1570.00 -0.4053 -0.4914 -0.5014 -0.4982 -0.4965 -0.3106
1580.00 -0.3762 -0.4538 -0.4622 -0.4657 -0.4693 -0.2900
1590.00 -0.4164 -0.5716 -0.5691 -0.5658 -0.5680 -0.3118
1600.00 -0.4303 -0.4989 -0.5003 -0.4931 -0.4949 -0.3286
1610.00 -0.4068 -0.4753 -0.4732 -0.4768 -0.4692 -0.2968
1620.00 -0.4167 -0.5071 -0.5079 -0.5022 -0.5095 -0.3087
1630.00 -0.4409 -0.5094 -0.5068 -0.5041 -0.5084 -0.3330
1640.00 -0.4439 -0.5063 -0.5017 -0.5062 -0.4901 -0.3240
1650.00 -0.4012 -0.4558 -0.4553 -0.4633 -0.4578 -0.2834
1660.00 -0.4791 -0.5097 -0.5004 -0.5113 -0.5014 -0.3270
1670.00 -0.4448 -0.4683 -0.4655 -0.4686 -0.4715 -0.3082
1680.00 -0.4699 -0.5034 -0.5037 -0.5021 -0.5017 -0.3189
1690.00 -0.4509 -0.4607 -0.4509 -0.4625 -0.4610 -0.3128
1700.00 -0.4701 -0.4906 -0.4913 -0.4878 -0.4950 -0.3053
1710.00 -0.4465 -0.4596 -0.4608 -0.4572 -0.4606 -0.3156
1720.00 -0.4929 -0.5134 -0.4895 -0.5042 -0.5125 -0.3163
1730.00 -0.4612 -0.4840 -0.4813 -0.4791 -0.4784 -0.3192
1740.00 -0.4719 -0.4698 -0.4681 -0.4675 -0.4729 -0.2971
1750.00 -0.4799 -0.4826 -0.4782 -0.4826 -0.4893 -0.3185
1760.00 -0.4490 -0.4535 -0.4525 -0.4541 -0.4657 -0.2954
1770.00 -0.4807 -0.4915 -0.4953 -0.4838 -0.4981 -0.3271
1780.00 -0.4595 -0.4673 -0.4742 -0.4729 -0.4726 -0.3082
1790.00 -0.4822 -0.4723 -0.4822 -0.4917 -0.4942 -0.3218
1800.00 -0.4671 -0.4607 -0.4691 -0.4747 -0.4843 -0.3076
1810.00 -0.4668 -0.4764 -0.4567 -0.4704 -0.4740 -0.3037
1820.00 -0.4698 -0.4772 -0.4876 -0.4944 -0.4773 -0.3146
1830.00 -0.4528 -0.4843 -0.4725 -0.4795 -0.4735 -0.3177
1840.00 -0.4847 -0.4835 -0.4931 -0.4861 -0.4915 -0.3103
1850.00 -0.4469 -0.4722 -0.4808 -0.4741 -0.4776 -0.3228
1860.00 -0.4665 -0.4718 -0.4670 -0.4744 -0.4647 -0.2951
1870.00 -0.4734 -0.4793 -0.4809 -0.4739 -0.4833 -0.3228
1880.00 -0.4701 -0.4622 -0.4649 -0.4671 -0.4785 -0.3049
1890.00 -0.4531 -0.4734 -0.4755 -0.4822 -0.4722 -0.3095
1900.00 -0.4479 -0.4709 -0.4685 -0.4813 -0.4699 -0.3035
1910.00 -0.4453 -0.4919 -0.4818 -0.4705 -0.4759 -0.3025
1920.00 -0.4475 -0.5144 -0.5118 -0.5154 -0.5105 -0.3275
1930.00 -0.3902 -0.5038 -0.5078 -0.5144 -0.5038 -0.3079
1940.00 -0.2900 -0.8811 -0.8838 -0.8754 -0.8803 -0.3314
1950.00 -0.0565 -1.8364 -1.8159 -1.8291 -1.8293 -0.2744
1960.00 -0.3884 -0.4699 -0.4652 -0.4721 -0.4667 -0.2944
1970.00 -0.4153 -0.4816 -0.4799 -0.4837 -0.4825 -0.3148
1980.00 -0.4139 -0.4725 -0.4795 -0.4717 -0.4700 -0.3055
1990.00 -0.4159 -0.4711 -0.4730 -0.4724 -0.4725 -0.3125
2000.00 -0.4272 -0.4782 -0.4739 -0.4695 -0.4856 -0.3072
2010.00 -0.4417 -0.4956 -0.4987 -0.4911 -0.4937 -0.3124
2020.00 -0.4653 -0.4677 -0.4831 -0.4880 -0.4711 -0.3109
2030.00 -0.4642 -0.4653 -0.4563 -0.4716 -0.4701 -0.3077
2040.00 -0.4687 -0.4712 -0.4760 -0.4681 -0.4660 -0.3025
2050.00 -0.4775 -0.4875 -0.4730 -0.4815 -0.4886 -0.3159
2060.00 -0.4604 -0.4700 -0.4671 -0.4551 -0.4705 -0.3109
2070.00 -0.4666 -0.4794 -0.4795 -0.4790 -0.4873 -0.3144
2080.00 -0.4962 -0.4905 -0.4982 -0.5094 -0.4939 -0.3252
2090.00 -0.4594 -0.4737 -0.4712 -0.4679 -0.4617 -0.3079
2100.00 -0.4708 -0.4717 -0.4752 -0.4694 -0.4714 -0.2989
2110.00 -0.4926 -0.4928 -0.4942 -0.4986 -0.4906 -0.3242
2120.00 -0.4654 -0.4761 -0.4830 -0.4693 -0.4736 -0.2989
2130.00 -0.4650 -0.4577 -0.4551 -0.4560 -0.4611 -0.3067
2140.00 -0.4884 -0.4855 -0.4914 -0.4977 -0.4926 -0.3278
2150.00 -0.4766 -0.4851 -0.4815 -0.4873 -0.4785 -0.3227
2160.00 -0.4696 -0.4531 -0.4838 -0.4806 -0.4723 -0.3084
2170.00 -0.4646 -0.4838 -0.4821 -0.4803 -0.4821 -0.3061
2180.00 -0.4645 -0.4817 -0.4782 -0.4773 -0.4730 -0.3108
2190.00 -0.4697 -0.4863 -0.4815 -0.4836 -0.4784 -0.3188
2200.00 -0.4651 -0.4667 -0.4601 -0.4592 -0.4652 -0.2994
2210.00 -0.4762 -0.4895 -0.4981 -0.4890 -0.4849 -0.3290
2220.00 -0.4529 -0.4525 -0.4492 -0.4509 -0.4585 -0.2908
2230.00 -0.4746 -0.4819 -0.4782 -0.4822 -0.4801 -0.3124
2240.00 -0.4720 -0.4659 -0.4722 -0.4672 -0.4720 -0.3166
2250.00 -0.5021 -0.4980 -0.5048 -0.5015 -0.5000 -0.3227
2260.00 -0.4491 -0.4347 -0.4358 -0.4384 -0.4432 -0.2903
2270.00 -0.4926 -0.5017 -0.4930 -0.5078 -0.4961 -0.3282
2280.00 -0.4562 -0.4810 -0.4868 -0.4749 -0.4724 -0.3005
2290.00 -0.4625 -0.4833 -0.4713 -0.4859 -0.4674 -0.3141
2300.00 -0.4385 -0.4766 -0.4853 -0.4744 -0.4772 -0.2996
2310.00 -0.4765 -0.5065 -0.4995 -0.5037 -0.5071 -0.3235
2320.00 -0.4281 -0.4833 -0.4813 -0.4737 -0.4801 -0.3064
2330.00 -0.4212 -0.4758 -0.4638 -0.4714 -0.4705 -0.3018
2340.00 -0.4215 -0.4862 -0.4854 -0.4807 -0.4805 -0.3053
2350.00 -0.4401 -0.5423 -0.5502 -0.5439 -0.5557 -0.3383
2360.00 -0.3771 -0.5626 -0.5646 -0.5673 -0.5635 -0.3210
2370.00 0.1012 -2.1801 -2.1903 -2.1872 -2.1934 -0.2731
2380.00 -0.3971 -0.4396 -0.4355 -0.4440 -0.4433 -0.2989
2390.00 -0.4214 -0.4799 -0.4786 -0.4721 -0.4733 -0.3060
2400.00 -0.4096 -0.4768 -0.4802 -0.4776 -0.4746 -0.3095
2410.00 -0.4029 -0.4614 -0.4633 -0.4663 -0.4694 -0.3089
2420.00 -0.4334 -0.4657 -0.4635 -0.4594 -0.4583 -0.3091
2430.00 -0.4166 -0.4476 -0.4483 -0.4574 -0.4561 -0.2934
2440.00 -0.4575 -0.5145 -0.5017 -0.5067 -0.5034 -0.3239
2450.00 -0.4721 -0.4912 -0.5064 -0.4903 -0.5002 -0.3270
2460.00 -0.4534 -0.4672 -0.4619 -0.4643 -0.4705 -0.3049
2470.00 -0.4722 -0.4880 -0.4862 -0.4893 -0.4949 -0.3201
2480.00 -0.4557 -0.4759 -0.4692 -0.4591 -0.4664 -0.3024
2490.00 -0.5034 -0.5137 -0.5079 -0.5053 -0.5098 -0.3352
2500.00 -0.4342 -0.4469 -0.4285 -0.4329 -0.4425 -0.2823
2510.00 -0.4802 -0.4908 -0.4863 -0.4816 -0.4872 -0.3274
2520.00 -0.4523 -0.4623 -0.4546 -0.4605 -0.4682 -0.2909
2530.00 -0.4929 -0.5077 -0.4934 -0.5058 -0.4931 -0.3283
2540.00 -0.4654 -0.4936 -0.4854 -0.4959 -0.4991 -0.3130
2550.00 -0.4487 -0.4621 -0.4618 -0.4672 -0.4636 -0.3130
2560.00 -0.4718 -0.4679 -0.4617 -0.4498 -0.4596 -0.3108
2570.00 -0.4899 -0.4866 -0.4880 -0.4789 -0.4915 -0.3172
2580.00 -0.4578 -0.4649 -0.4571 -0.4489 -0.4550 -0.3030
2590.00 -0.5062 -0.5085 -0.5050 -0.5044 -0.5025 -0.3319
2600.00 -0.4494 -0.4741 -0.4654 -0.4657 -0.4681 -0.3008
2610.00 -0.4565 -0.4551 -0.4529 -0.4580 -0.4641 -0.3037
2620.00 -0.5009 -0.5125 -0.5118 -0.5100 -0.5165 -0.3308
2630.00 -0.4493 -0.4546 -0.4574 -0.4606 -0.4588 -0.3074
2640.00 -0.4821 -0.4637 -0.4646 -0.4734 -0.4710 -0.2971
2650.00 -0.4681 -0.4817 -0.4780 -0.4834 -0.4852 -0.3150
2660.00 -0.4571 -0.4857 -0.4877 -0.4771 -0.4940 -0.3160
2670.00 -0.4620 -0.4833 -0.4811 -0.4732 -0.4795 -0.3032
2680.00 -0.4557 -0.4879 -0.4767 -0.4780 -0.4831 -0.3141
2690.00 -0.4503 -0.4775 -0.4842 -0.4874 -0.4975 -0.3240
2700.00 -0.4313 -0.4527 -0.4636 -0.4646 -0.4628 -0.3005
2710.00 -0.4655 -0.4887 -0.4897 -0.4944 -0.4959 -0.3219
2720.00 -0.4495 -0.4694 -0.4763 -0.4761 -0.4779 -0.3075
2730.00 -0.4522 -0.4783 -0.4761 -0.4843 -0.4732 -0.3089
2740.00 -0.4559 -0.4878 -0.4847 -0.4834 -0.4757 -0.3147
2750.00 -0.4460 -0.5031 -0.4889 -0.5036 -0.4884 -0.3165
2760.00 -0.4136 -0.4824 -0.4829 -0.4774 -0.4784 -0.3118
2770.00 -0.4153 -0.5327 -0.5327 -0.5359 -0.5277 -0.3151
2780.00 0.1095 -2.0615 -2.0577 -2.0523 -2.0543 -0.3150
2790.00 -0.3454 -0.6320 -0.6336 -0.6343 -0.6343 -0.2846
2800.00 -0.3987 -0.4580 -0.4538 -0.4485 -0.4506 -0.3049
2810.00 -0.3959 -0.4719 -0.4720 -0.4712 -0.4741 -0.2781
2820.00 -0.3973 -0.4574 -0.4586 -0.4549 -0.4566 -0.3059
2830.00 -0.4457 -0.5519 -0.5530 -0.5502 -0.5469 -0.3249
2840.00 -0.4350 -0.4636 -0.4627 -0.4563 -0.4556 -0.3163
2850.00 -0.4601 -0.4936 -0.4907 -0.4849 -0.4770 -0.3139
2860.00 -0.4613 -0.4792 -0.4792 -0.4716 -0.4841 -0.3189
2870.00 -0.4636 -0.4904 -0.4810 -0.4816 -0.4930 -0.3017
2880.00 -0.4693 -0.4802 -0.4846 -0.4717 -0.4722 -0.3283
2890.00 -0.4477 -0.4711 -0.4680 -0.4645 -0.4624 -0.2937
2900.00 -0.4917 -0.4973 -0.5049 -0.4959 -0.4935 -0.3242
2910.00 -0.4831 -0.4747 -0.4843 -0.4828 -0.4810 -0.3117
2920.00 -0.4792 -0.4803 -0.4746 -0.4815 -0.4832 -0.3037
2930.00 -0.4841 -0.4797 -0.4787 -0.4793 -0.4791 -0.3221
2940.00 -0.4709 -0.4843 -0.4777 -0.4841 -0.4805 -0.3182
2950.00 -0.4685 -0.4833 -0.4845 -0.4722 -0.4817 -0.3078
2960.00 -0.4478 -0.4554 -0.4571 -0.4637 -0.4540 -0.3053
2970.00 -0.4668 -0.5015 -0.4937 -0.5072 -0.4859 -0.3107
2980.00 -0.4854 -0.4985 -0.5017 -0.4931 -0.4895 -0.3226
2990.00 -0.4529 -0.4682 -0.4763 -0.4776 -0.4684 -0.3029
3000.00 -0.4603 -0.4856 -0.4772 -0.4748 -0.4768 -0.3226
3010.00 -0.4585 -0.4705 -0.4650 -0.4738 -0.4728 -0.3076
3020.00 -0.4649 -0.4641 -0.4656 -0.4654 -0.4557 -0.3128
3030.00 -0.4970 -0.5064 -0.5242 -0.5147 -0.5243 -0.3210
3040.00 -0.4627 -0.4814 -0.4704 -0.4868 -0.4862 -0.3282
3050.00 -0.4558 -0.4697 -0.4705 -0.4656 -0.4589 -0.2856
3060.00 -0.4539 -0.4837 -0.4763 -0.4771 -0.4769 -0.3241
3070.00 -0.4783 -0.5103 -0.5091 -0.4921 -0.5160 -0.3253
3080.00 -0.4320 -0.4763 -0.4763 -0.4776 -0.4740 -0.3138
3090.00 -0.4389 -0.4862 -0.5025 -0.4961 -0.5013 -0.3183
3100.00 -0.4433 -0.4726 -0.4901 -0.4875 -0.4951 -0.3063
3110.00 -0.4322 -0.4757 -0.4759 -0.4755 -0.4779 -0.3162
3120.00 -0.3808 -0.4662 -0.4659 -0.4729 -0.4666 -0.2943
3130.00 -0.4730 -0.5463 -0.5382 -0.5495 -0.5387 -0.3482
3140.00 -0.2988 -0.6955 -0.7064 -0.7129 -0.7004 -0.3105
3150.00 0.0354 -1.9975 -1.9929 -1.9831 -1.9964 -0.2654
3160.00 -0.3941 -0.4566 -0.4516 -0.4516 -0.4562 -0.3023
3170.00 -0.4080 -0.4508 -0.4526 -0.4562 -0.4558 -0.3084
3180.00 -0.4182 -0.4812 -0.4793 -0.4830 -0.4804 -0.3095
3190.00 -0.4155 -0.4635 -0.4661 -0.4667 -0.4654 -0.3087
3200.00 -0.4361 -0.4748 -0.4716 -0.4781 -0.4651 -0.3168
3210.00 -0.4500 -0.5027 -0.4962 -0.4945 -0.5023 -0.3205
3220.00 -0.4464 -0.5097 -0.4981 -0.5057 -0.5040 -0.3177
3230.00 -0.4285 -0.4485 -0.4479 -0.4474 -0.4577 -0.3037
3240.00 -0.4681 -0.4972 -0.4985 -0.4919 -0.4943 -0.3256
3250.00 -0.4323 -0.4463 -0.4432 -0.4516 -0.4437 -0.2890
3260.00 -0.4739 -0.5019 -0.4970 -0.5078 -0.5042 -0.3256
3270.00 -0.4477 -0.4680 -0.4585 -0.4663 -0.4743 -0.3032
3280.00 -0.4627 -0.4670 -0.4677 -0.4667 -0.4745 -0.3186
3290.00 -0.4784 -0.4761 -0.4916 -0.4842 -0.4885 -0.3128
3300.00 -0.4866 -0.4880 -0.4821 -0.4852 -0.4860 -0.3044
3310.00 -0.4661 -0.4633 -0.4679 -0.4553 -0.4612 -0.3122
3320.00 -0.4952 -0.5064 -0.4883 -0.4976 -0.4970 -0.3091
3330.00 -0.4697 -0.4719 -0.4776 -0.4692 -0.4727 -0.3182
3340.00 -0.4625 -0.4684 -0.4689 -0.4766 -0.4798 -0.3019
3350.00 -0.4542 -0.4710 -0.4774 -0.4687 -0.4678 -0.3099
3360.00 -0.4834 -0.4947 -0.4904 -0.4867 -0.4903 -0.3216
3370.00 -0.4809 -0.4776 -0.4783 -0.4672 -0.4756 -0.3085
3380.00 -0.5046 -0.5010 -0.5006 -0.4983 -0.4937 -0.3290
3390.00 -0.4478 -0.4416 -0.4523 -0.4513 -0.4537 -0.3022
3400.00 -0.4675 -0.4777 -0.4747 -0.4840 -0.4819 -0.3088
3410.00 -0.4515 -0.4672 -0.4710 -0.4797 -0.4723 -0.3147
3420.00 -0.4241 -0.4984 -0.4902 -0.4886 -0.4904 -0.3065
3430.00 -0.4205 -0.5095 -0.5137 -0.5018 -0.5097 -0.3276
3440.00 0.1102 -2.2466 -2.2678 -2.2489 -2.2707 -0.3106
3450.00 -0.3550 -0.4820 -0.4756 -0.4747 -0.4755 -0.2693
3460.00 -0.3859 -0.4373 -0.4311 -0.4351 -0.4377 -0.2882
3470.00 -0.4182 -0.4898 -0.4896 -0.4825 -0.4868 -0.3066
3480.00 -0.4238 -0.4667 -0.4682 -0.4685 -0.4697 -0.3150
3490.00 -0.4351 -0.4772 -0.4789 -0.4803 -0.4847 -0.3197
3500.00 -0.4406 -0.4814 -0.4823 -0.4850 -0.4830 -0.3139
3510.00 -0.4665 -0.4817 -0.4868 -0.4852 -0.4854 -0.3090
3520.00 -0.4687 -0.4895 -0.4919 -0.4868 -0.4866 -0.3151
3530.00 -0.4746 -0.4900 -0.4887 -0.4826 -0.4898 -0.3170
3540.00 -0.4462 -0.4504 -0.4541 -0.4599 -0.4568 -0.3123
3550.00 -0.4843 -0.4825 -0.4692 -0.4833 -0.4896 -0.3116
3560.00 -0.4729 -0.4721 -0.4714 -0.4790 -0.4679 -0.3100
3570.00 -0.4729 -0.4669 -0.4713 -0.4777 -0.4669 -0.3138
3580.00 -0.4836 -0.4895 -0.4915 -0.4929 -0.4872 -0.3098
3590.00 -0.4594 -0.4703 -0.4747 -0.4758 -0.4765 -0.3196
3600.00 -0.4641 -0.4704 -0.4718 -0.4658 -0.4643 -0.3082
3610.00 -0.4583 -0.4532 -0.4529 -0.4552 -0.4623 -0.2951
3620.00 -0.4785 -0.4833 -0.4821 -0.4800 -0.4842 -0.3087
3630.00 -0.4849 -0.4979 -0.4917 -0.4941 -0.4942 -0.3177
3640.00 -0.4761 -0.4782 -0.4667 -0.4761 -0.4677 -0.2998
3650.00 -0.4813 -0.4837 -0.4777 -0.4920 -0.4871 -0.3112
3660.00 -0.4457 -0.4584 -0.4540 -0.4457 -0.4474 -0.3048
3670.00 -0.4763 -0.4928 -0.4880 -0.4844 -0.4881 -0.3116
3680.00 -0.4750 -0.4887 -0.4852 -0.4904 -0.4736 -0.3163
3690.00 -0.4615 -0.4917 -0.4933 -0.4941 -0.4956 -0.3125
3700.00 -0.4375 -0.4832 -0.4840 -0.4825 -0.4879 -0.3158
3710.00 -0.4650 -0.4795 -0.4736 -0.4728 -0.4655 -0.3192
3720.00 -0.4452 -0.4779 -0.4717 -0.4712 -0.4723 -0.3001
3730.00 -0.4633 -0.4859 -0.4848 -0.4783 -0.4874 -0.3172
3740.00 -0.4476 -0.4691 -0.4716 -0.4724 -0.4696 -0.2976
3750.00 -0.4865 -0.4814 -0.4904 -0.4917 -0.4914 -0.3293
3760.00 -0.4365 -0.4590 -0.4593 -0.4629 -0.4641 -0.3023
3770.00 -0.4752 -0.5194 -0.5220 -0.5251 -0.5289 -0.3244
3780.00 -0.4235 -0.4660 -0.4570 -0.4602 -0.4622 -0.3084
3790.00 -0.4607 -0.4849 -0.4694 -0.4871 -0.4885 -0.3085
3800.00 -0.4758 -0.4967 -0.5015 -0.4982 -0.4928 -0.3248
3810.00 -0.4443 -0.4571 -0.4598 -0.4582 -0.4588 -0.3049
3820.00 -0.4752 -0.5093 -0.5088 -0.5144 -0.5076 -0.3271
3830.00 -0.4338 -0.4592 -0.4693 -0.4623 -0.4647 -0.2997
3840.00 -0.4446 -0.4762 -0.4723 -0.4687 -0.4812 -0.3214
3850.00 -0.4645 -0.4941 -0.4970 -0.5007 -0.5012 -0.3168
3860.00 -0.4371 -0.5009 -0.4970 -0.4961 -0.5002 -0.3137
3870.00 -0.4154 -0.4804 -0.4841 -0.4878 -0.4855 -0.3155
3880.00 -0.3773 -0.5852 -0.5828 -0.5879 -0.5867 -0.3133
3890.00 0.2111 -2.2158 -2.2101 -2.2152 -2.2135 -0.2813
3900.00 -0.3754 -0.4063 -0.4038 -0.4052 -0.4052 -0.2858
3910.00 -0.4141 -0.4535 -0.4534 -0.4530 -0.4549 -0.3104
3920.00 -0.4146 -0.4781 -0.4801 -0.4738 -0.4849 -0.3072
3930.00 -0.4182 -0.4371 -0.4456 -0.4438 -0.4403 -0.3213
3940.00 -0.4433 -0.4823 -0.4822 -0.4793 -0.4811 -0.3159
3950.00 -0.4869 -0.5246 -0.5174 -0.5176 -0.5170 -0.3284
3960.00 -0.4517 -0.4833 -0.4769 -0.4727 -0.4801 -0.3145
3970.00 -0.4406 -0.4557 -0.4463 -0.4438 -0.4309 -0.2902
3980.00 -0.4530 -0.4670 -0.4661 -0.4704 -0.4626 -0.3149
3990.00 -0.4920 -0.5069 -0.5121 -0.5047 -0.4997 -0.3361
4000.00 -0.4338 -0.4643 -0.4565 -0.4611 -0.4676 -0.3015
