10.00 -0.4903 -0.4850 -0.5106 -0.5066 -0.5052 -0.3170
20.00 -0.4350 -0.4366 -0.4397 -0.4326 -0.4338 -0.2854
30.00 -0.5139 -0.5036 -0.5187 -0.5096 -0.5068 -0.3488
40.00 -0.4785 -0.4670 -0.4751 -0.4693 -0.4786 -0.3012
50.00 -0.4631 -0.4658 -0.4758 -0.4689 -0.4709 -0.2948
60.00 -0.4704 -0.4823 -0.4760 -0.4781 -0.4769 -0.3288
70.00 -0.4585 -0.4761 -0.4656 -0.4657 -0.4705 -0.2963
80.00 -0.4908 -0.4926 -0.5024 -0.5002 -0.4905 -0.3222
90.00 -0.4592 -0.4659 -0.4564 -0.4648 -0.4647 -0.2979
100.00 -0.4678 -0.4692 -0.4672 -0.4689 -0.4739 -0.3110
110.00 -0.4912 -0.4750 -0.4821 -0.4897 -0.4842 -0.3186
120.00 -0.4870 -0.4790 -0.4862 -0.4832 -0.4892 -0.3145
130.00 -0.4661 -0.4587 -0.4723 -0.4684 -0.4640 -0.3062
140.00 -0.5040 -0.4843 -0.4911 -0.4955 -0.4893 -0.3227
150.00 -0.4741 -0.4854 -0.4801 -0.4859 -0.4858 -0.3154
160.00 -0.4396 -0.4394 -0.4338 -0.4514 -0.4376 -0.2882
170.00 -0.4911 -0.5244 -0.5075 -0.5223 -0.5203 -0.3264
180.00 -0.4654 -0.4726 -0.4555 -0.4621 -0.4675 -0.2978
190.00 -0.4525 -0.4600 -0.4661 -0.4700 -0.4593 -0.3124
200.00 -0.4604 -0.4648 -0.4707 -0.4631 -0.4739 -0.3097
210.00 -0.4841 -0.5014 -0.4912 -0.5016 -0.5006 -0.3374
220.00 -0.4837 -0.4852 -0.4828 -0.4906 -0.4792 -0.3050
230.00 -0.4733 -0.4713 -0.4748 -0.4757 -0.4793 -0.3174
240.00 -0.4445 -0.4633 -0.4609 -0.4566 -0.4646 -0.3062
250.00 -0.4959 -0.4886 -0.4872 -0.4913 -0.4895 -0.3252
260.00 -0.4746 -0.4650 -0.4874 -0.4819 -0.4864 -0.3112
270.00 -0.4720 -0.4761 -0.4732 -0.4720 -0.4694 -0.3033
280.00 -0.4842 -0.4831 -0.4771 -0.4735 -0.4845 -0.3196
290.00 -0.4649 -0.4704 -0.4655 -0.4756 -0.4715 -0.3051
300.00 -0.4920 -0.4906 -0.4776 -0.4942 -0.4923 -0.3184
310.00 -0.4839 -0.4763 -0.4770 -0.4828 -0.4868 -0.3174
320.00 -0.4942 -0.4787 -0.4843 -0.4789 -0.4912 -0.3149
330.00 -0.4583 -0.4462 -0.4437 -0.4525 -0.4438 -0.3026
340.00 -0.5010 -0.4905 -0.4912 -0.5055 -0.5048 -0.3327
350.00 -0.4591 -0.4654 -0.4602 -0.4643 -0.4618 -0.3060
360.00 -0.4767 -0.4730 -0.4842 -0.4780 -0.4842 -0.3103
370.00 -0.5082 -0.4976 -0.5064 -0.4926 -0.4958 -0.3293
380.00 -0.4572 -0.4441 -0.4597 -0.4488 -0.4442 -0.2970
390.00 -0.4818 -0.4823 -0.4810 -0.4730 -0.4818 -0.3210
400.00 -0.4711 -0.4708 -0.4726 -0.4756 -0.4621 -0.3111
410.00 -0.4921 -0.4921 -0.4898 -0.4989 -0.4934 -0.3220
420.00 -0.4575 -0.4681 -0.4689 -0.4597 -0.4617 -0.3165
430.00 -0.4609 -0.4893 -0.4863 -0.4849 -0.4812 -0.3117
440.00 -0.4563 -0.4592 -0.4661 -0.4664 -0.4488 -0.3028
450.00 -0.4623 -0.4670 -0.4729 -0.4740 -0.4714 -0.3083
460.00 -0.4860 -0.4906 -0.4998 -0.4860 -0.4984 -0.3186
470.00 -0.4625 -0.4612 -0.4489 -0.4636 -0.4713 -0.3056
480.00 -0.4859 -0.4903 -0.4888 -0.4855 -0.4889 -0.3329
490.00 -0.4548 -0.4580 -0.4612 -0.4640 -0.4604 -0.2971
500.00 -0.4852 -0.4953 -0.4990 -0.4893 -0.4960 -0.3236
510.00 -0.5031 -0.4969 -0.4955 -0.4900 -0.4953 -0.3171
520.00 -0.4693 -0.4578 -0.4645 -0.4479 -0.4749 -0.3027
530.00 -0.4760 -0.4804 -0.4738 -0.4827 -0.4846 -0.3119
540.00 -0.4660 -0.4805 -0.4661 -0.4720 -0.4792 -0.3132
550.00 -0.4639 -0.4769 -0.4646 -0.4751 -0.4724 -0.3053
560.00 -0.4850 -0.4936 -0.4892 -0.4854 -0.4913 -0.3224
570.00 -0.4713 -0.4626 -0.4513 -0.4681 -0.4684 -0.2974
580.00 -0.4844 -0.4810 -0.4699 -0.4762 -0.4796 -0.3094
590.00 -0.4787 -0.4799 -0.4698 -0.4834 -0.4724 -0.3203
600.00 -0.4756 -0.4807 -0.4809 -0.4886 -0.4783 -0.2984
610.00 -0.4821 -0.4761 -0.4793 -0.4840 -0.4635 -0.3123
620.00 -0.4776 -0.4920 -0.4910 -0.4900 -0.4778 -0.3166
630.00 -0.4856 -0.4846 -0.4956 -0.4804 -0.4958 -0.3077
640.00 -0.4633 -0.4589 -0.4606 -0.4599 -0.4455 -0.3072
650.00 -0.4833 -0.4714 -0.4853 -0.4790 -0.4778 -0.3111
660.00 -0.4735 -0.4519 -0.4676 -0.4649 -0.4692 -0.3006
670.00 -0.4888 -0.4840 -0.4851 -0.4869 -0.4797 -0.3232
680.00 -0.4734 -0.4788 -0.4644 -0.4629 -0.4680 -0.3109
690.00 -0.4553 -0.4628 -0.4558 -0.4579 -0.4552 -0.3077
700.00 -0.4976 -0.4990 -0.4949 -0.4883 -0.5020 -0.3216
710.00 -0.4902 -0.4888 -0.4735 -0.4750 -0.4973 -0.3198
720.00 -0.4492 -0.4593 -0.4605 -0.4538 -0.4566 -0.2900
730.00 -0.4756 -0.4707 -0.4615 -0.4654 -0.4628 -0.3163
740.00 -0.4486 -0.4599 -0.4630 -0.4593 -0.4541 -0.3062
750.00 -0.5050 -0.5000 -0.5063 -0.4960 -0.5028 -0.3265
760.00 -0.4689 -0.4603 -0.4569 -0.4609 -0.4544 -0.2947
770.00 -0.4922 -0.4893 -0.4800 -0.4971 -0.4921 -0.3313
780.00 -0.4829 -0.4892 -0.4964 -0.4986 -0.4905 -0.3092
790.00 -0.4856 -0.4877 -0.4713 -0.4725 -0.4821 -0.3215
800.00 -0.4573 -0.4650 -0.4624 -0.4571 -0.4530 -0.3007
810.00 -0.4842 -0.4859 -0.4885 -0.4832 -0.4842 -0.3297
820.00 -0.4668 -0.4718 -0.4772 -0.4631 -0.4753 -0.3081
830.00 -0.4751 -0.4863 -0.4737 -0.4799 -0.4812 -0.3181
840.00 -0.4716 -0.4785 -0.4632 -0.4735 -0.4629 -0.3082
850.00 -0.4599 -0.4727 -0.4727 -0.4803 -0.4696 -0.3146
860.00 -0.4904 -0.4770 -0.4821 -0.4858 -0.4825 -0.3173
870.00 -0.4690 -0.4830 -0.4865 -0.4610 -0.4770 -0.3214
880.00 -0.4832 -0.4728 -0.4909 -0.4641 -0.4727 -0.2959
890.00 -0.4907 -0.4828 -0.4888 -0.4793 -0.4874 -0.3367
900.00 -0.4779 -0.4710 -0.4767 -0.4840 -0.4812 -0.3118
910.00 -0.4696 -0.4615 -0.4622 -0.4724 -0.4670 -0.3015
920.00 -0.4717 -0.4773 -0.4776 -0.4781 -0.4664 -0.3079
930.00 -0.4709 -0.4799 -0.4651 -0.4647 -0.4745 -0.3083
940.00 -0.4964 -0.4858 -0.4961 -0.4952 -0.5001 -0.3294
950.00 -0.4676 -0.4730 -0.4564 -0.4669 -0.4701 -0.3073
960.00 -0.4628 -0.4710 -0.4666 -0.4614 -0.4688 -0.2976
970.00 -0.4719 -0.4769 -0.4725 -0.4748 -0.4860 -0.3177
980.00 -0.4824 -0.4914 -0.4887 -0.4944 -0.4844 -0.3230
990.00 -0.4722 -0.4744 -0.4764 -0.4731 -0.4743 -0.3113
1000.00 -0.4498 -0.4635 -0.4542 -0.4540 -0.4644 -0.3023
1010.00 -0.5242 -0.7612 -0.7654 -0.7646 -0.7737 -0.3133
1020.00 -0.5427 -1.0261 -1.0327 -1.0325 -1.0235 -0.3208
1030.00 -0.5234 -1.0455 -1.0566 -1.0584 -1.0508 -0.3137
1040.00 -0.5194 -1.0708 -1.0589 -1.0725 -1.0610 -0.3024
1050.00 -0.5310 -0.9400 -0.9282 -0.9292 -0.9331 -0.3124
1060.00 -0.5389 -0.8983 -0.9009 -0.8994 -0.9025 -0.3051
1070.00 -0.5535 -0.9463 -0.9288 -0.9350 -0.9462 -0.3102
1080.00 -0.5509 -0.8453 -0.8528 -0.8516 -0.8474 -0.3170
1090.00 -0.5701 -0.9077 -0.9080 -0.8941 -0.8958 -0.3078
1100.00 -0.5850 -0.8777 -0.8657 -0.8815 -0.8678 -0.3179
1110.00 -0.5226 -0.7311 -0.7369 -0.7344 -0.7316 -0.3059
1120.00 -0.4921 -0.6084 -0.6158 -0.6137 -0.6167 -0.3185
1130.00 -0.4008 -0.4582 -0.4572 -0.4533 -0.4551 -0.2919
1140.00 -0.4256 -0.4564 -0.4549 -0.4531 -0.4606 -0.3236
1150.00 -0.4515 -0.4753 -0.4786 -0.4818 -0.4801 -0.3228
1160.00 -0.4346 -0.4472 -0.4560 -0.4546 -0.4496 -0.2890
1170.00 -0.5013 -0.5169 -0.5175 -0.5106 -0.4988 -0.3309
1180.00 -0.4465 -0.4384 -0.4413 -0.4452 -0.4457 -0.2941
1190.00 -0.4956 -0.4933 -0.4945 -0.5050 -0.4946 -0.3278
1200.00 -0.4708 -0.4745 -0.4811 -0.4743 -0.4758 -0.3150
1210.00 -0.4588 -0.4613 -0.4654 -0.4476 -0.4586 -0.2952
1220.00 -0.4847 -0.4871 -0.4827 -0.4856 -0.4883 -0.3217
1230.00 -0.4771 -0.4830 -0.4775 -0.4814 -0.4714 -0.3124
1240.00 -0.4948 -0.4976 -0.4969 -0.4924 -0.4966 -0.3183
1250.00 -0.4775 -0.4813 -0.4733 -0.4632 -0.4707 -0.3180
1260.00 -0.4745 -0.4797 -0.4785 -0.4731 -0.4767 -0.3180
1270.00 -0.4432 -0.4427 -0.4452 -0.4299 -0.4354 -0.2852
1280.00 -0.4923 -0.4877 -0.4978 -0.4755 -0.5006 -0.3261
1290.00 -0.4967 -0.4923 -0.5125 -0.4817 -0.4961 -0.3220
1300.00 -0.4618 -0.4708 -0.4732 -0.4620 -0.4669 -0.3072
1310.00 -0.4772 -0.4764 -0.4838 -0.4728 -0.4815 -0.3109
1320.00 -0.4752 -0.4828 -0.4775 -0.4846 -0.4854 -0.3194
1330.00 -0.4562 -0.4983 -0.4955 -0.4845 -0.4897 -0.3245
1340.00 -0.4538 -0.4910 -0.4979 -0.4830 -0.4884 -0.3001
1350.00 -0.4391 -0.4700 -0.4687 -0.4740 -0.4718 -0.3141
1360.00 -0.4621 -0.4827 -0.4949 -0.4842 -0.4927 -0.3213
1370.00 -0.4667 -0.4689 -0.4577 -0.4623 -0.4686 -0.2909
1380.00 -0.4657 -0.4758 -0.4808 -0.4748 -0.4767 -0.3107
1390.00 -0.4828 -0.4813 -0.4797 -0.4840 -0.4856 -0.3171
1400.00 -0.4691 -0.4808 -0.4790 -0.4815 -0.4809 -0.3206
1410.00 -0.4711 -0.4685 -0.4646 -0.4651 -0.4623 -0.3033
1420.00 -0.4718 -0.4853 -0.4740 -0.4755 -0.4748 -0.3196
1430.00 -0.4740 -0.4813 -0.4891 -0.4796 -0.4773 -0.3064
1440.00 -0.4468 -0.4578 -0.4657 -0.4661 -0.4584 -0.3005
1450.00 -0.4805 -0.4815 -0.4734 -0.4904 -0.4837 -0.3135
1460.00 -0.4702 -0.4752 -0.4716 -0.4848 -0.4793 -0.3129
1470.00 -0.4765 -0.4922 -0.5070 -0.5037 -0.4948 -0.3329
1480.00 -0.4294 -0.4596 -0.4581 -0.4582 -0.4610 -0.3054
1490.00 -0.4567 -0.4757 -0.4832 -0.4751 -0.4779 -0.3138
1500.00 -0.4883 -0.5080 -0.4990 -0.4954 -0.5047 -0.3261
1510.00 -0.4641 -0.4693 -0.4602 -0.4570 -0.4773 -0.3075
1520.00 -0.4755 -0.4913 -0.4873 -0.4892 -0.4996 -0.3140
1530.00 -0.4651 -0.4949 -0.4793 -0.4896 -0.4876 -0.3139
1540.00 -0.4865 -0.5038 -0.4914 -0.4994 -0.5029 -0.3306
1550.00 -0.4322 -0.4396 -0.4372 -0.4335 -0.4420 -0.2886
1560.00 -0.4784 -0.4899 -0.4911 -0.4915 -0.5002 -0.3167
1570.00 -0.4507 -0.4593 -0.4548 -0.4541 -0.4584 -0.3173
1580.00 -0.4636 -0.4710 -0.4777 -0.4739 -0.4754 -0.3115
1590.00 -0.4752 -0.4944 -0.4881 -0.4766 -0.4985 -0.3080
1600.00 -0.4739 -0.4787 -0.4838 -0.4797 -0.4846 -0.3188
1610.00 -0.4380 -0.4698 -0.4737 -0.4712 -0.4795 -0.2960
1620.00 -0.4616 -0.4963 -0.4882 -0.4795 -0.4860 -0.3230
1630.00 -0.4570 -0.4720 -0.4640 -0.4719 -0.4590 -0.3076
1640.00 -0.4675 -0.4701 -0.4689 -0.4720 -0.4617 -0.2998
1650.00 -0.4735 -0.4855 -0.4858 -0.4805 -0.4845 -0.3152
1660.00 -0.4732 -0.4794 -0.4931 -0.4701 -0.4878 -0.3122
1670.00 -0.4625 -0.4814 -0.4832 -0.4705 -0.4726 -0.3089
1680.00 -0.4446 -0.4825 -0.4823 -0.4819 -0.4728 -0.3130
1690.00 -0.4520 -0.4829 -0.4814 -0.4810 -0.4803 -0.2995
1700.00 -0.4662 -0.4878 -0.4710 -0.4789 -0.4823 -0.3219
1710.00 -0.4621 -0.4776 -0.4710 -0.4788 -0.4805 -0.3195
1720.00 -0.4758 -0.4795 -0.4610 -0.4854 -0.4703 -0.3099
1730.00 -0.4754 -0.4696 -0.4595 -0.4680 -0.4647 -0.3186
1740.00 -0.4536 -0.4615 -0.4539 -0.4555 -0.4600 -0.2970
1750.00 -0.4992 -0.5096 -0.4968 -0.5090 -0.4887 -0.3256
1760.00 -0.4747 -0.4729 -0.4662 -0.4695 -0.4631 -0.2996
1770.00 -0.4535 -0.4531 -0.4615 -0.4576 -0.4543 -0.3181
1780.00 -0.5017 -0.5004 -0.4955 -0.5078 -0.5051 -0.3143
1790.00 -0.4446 -0.4582 -0.4492 -0.4540 -0.4513 -0.3015
1800.00 -0.4641 -0.4848 -0.4821 -0.4741 -0.4812 -0.3192
1810.00 -0.4495 -0.4660 -0.4589 -0.4722 -0.4736 -0.2992
1820.00 -0.4943 -0.4994 -0.4860 -0.5013 -0.4989 -0.3188
1830.00 -0.4390 -0.4656 -0.4674 -0.4654 -0.4668 -0.3152
1840.00 -0.4391 -0.4759 -0.4708 -0.4644 -0.4569 -0.3041
1850.00 -0.4752 -0.5086 -0.5121 -0.4955 -0.4971 -0.3134
1860.00 -0.4710 -0.4831 -0.4855 -0.4739 -0.4842 -0.3215
1870.00 -0.4724 -0.4914 -0.4831 -0.4990 -0.4784 -0.3124
1880.00 -0.4447 -0.4752 -0.4742 -0.4742 -0.4726 -0.3168
1890.00 -0.4390 -0.4955 -0.4984 -0.4928 -0.4847 -0.3090
1900.00 -0.4092 -0.4778 -0.4803 -0.4891 -0.4917 -0.3124
1910.00 -0.4606 -0.4827 -0.4802 -0.4726 -0.4754 -0.3118
1920.00 -0.4547 -0.4773 -0.4682 -0.4805 -0.4862 -0.3101
1930.00 -0.4594 -0.4846 -0.4742 -0.4772 -0.4797 -0.3179
1940.00 -0.4691 -0.4942 -0.4979 -0.5039 -0.4974 -0.3052
1950.00 -0.4528 -0.4678 -0.4692 -0.4717 -0.4602 -0.3157
1960.00 -0.4481 -0.4674 -0.4717 -0.4722 -0.4666 -0.3063
1970.00 -0.4715 -0.4755 -0.4799 -0.4827 -0.4773 -0.3101
1980.00 -0.4527 -0.4701 -0.4697 -0.4710 -0.4693 -0.3100
1990.00 -0.4639 -0.4942 -0.4775 -0.4844 -0.4811 -0.3074
2000.00 -0.4348 -0.4675 -0.4649 -0.4666 -0.4697 -0.3133
2010.00 -0.4755 -0.4798 -0.4918 -0.4842 -0.4909 -0.3219
2020.00 -0.4729 -0.4725 -0.4792 -0.4875 -0.4797 -0.3128
2030.00 -0.4509 -0.4800 -0.4742 -0.4936 -0.4902 -0.3047
2040.00 -0.4483 -0.4526 -0.4540 -0.4648 -0.4672 -0.3066
2050.00 -0.4662 -0.4738 -0.4862 -0.4840 -0.4830 -0.3088
2060.00 -0.4832 -0.4822 -0.4884 -0.4668 -0.4838 -0.3264
2070.00 -0.4623 -0.4562 -0.4671 -0.4523 -0.4552 -0.2987
2080.00 -0.4652 -0.4747 -0.4822 -0.4812 -0.4838 -0.3135
2090.00 -0.4643 -0.4806 -0.4843 -0.4759 -0.4818 -0.3195
2100.00 -0.4565 -0.4538 -0.4536 -0.4527 -0.4500 -0.3007
2110.00 -0.4925 -0.5107 -0.5090 -0.5064 -0.4923 -0.3299
2120.00 -0.4871 -0.4929 -0.4914 -0.4846 -0.4922 -0.3212
2130.00 -0.4553 -0.4495 -0.4546 -0.4632 -0.4708 -0.2991
2140.00 -0.4752 -0.4862 -0.4760 -0.4833 -0.4828 -0.3116
2150.00 -0.4636 -0.4642 -0.4653 -0.4668 -0.4631 -0.3028
2160.00 -0.4985 -0.4933 -0.4952 -0.4902 -0.5023 -0.3352
2170.00 -0.4700 -0.4838 -0.4848 -0.4907 -0.4770 -0.3142
2180.00 -0.4529 -0.4628 -0.4584 -0.4626 -0.4615 -0.2955
2190.00 -0.5030 -0.5172 -0.4987 -0.5139 -0.5072 -0.3285
2200.00 -0.4583 -0.4730 -0.4791 -0.4724 -0.4651 -0.3034
2210.00 -0.4516 -0.4737 -0.4796 -0.4698 -0.4714 -0.3147
2220.00 -0.4804 -0.4933 -0.4882 -0.4941 -0.4829 -0.3146
2230.00 -0.4801 -0.4715 -0.4694 -0.4716 -0.4774 -0.3111
2240.00 -0.4656 -0.4612 -0.4575 -0.4591 -0.4574 -0.3073
2250.00 -0.4754 -0.4744 -0.4703 -0.4726 -0.4664 -0.3097
2260.00 -0.4526 -0.4621 -0.4675 -0.4638 -0.4584 -0.3066
2270.00 -0.4778 -0.5013 -0.4935 -0.5020 -0.4962 -0.3176
2280.00 -0.4625 -0.4782 -0.4829 -0.4766 -0.4773 -0.3113
2290.00 -0.4674 -0.4785 -0.4666 -0.4728 -0.4768 -0.3179
2300.00 -0.4918 -0.4911 -0.4903 -0.4857 -0.4817 -0.3158
2310.00 -0.4426 -0.4634 -0.4518 -0.4555 -0.4611 -0.2959
2320.00 -0.4773 -0.4938 -0.4906 -0.4885 -0.4850 -0.3174
2330.00 -0.4461 -0.4589 -0.4523 -0.4538 -0.4519 -0.3068
2340.00 -0.4851 -0.5211 -0.5108 -0.5142 -0.5068 -0.3234
2350.00 -0.4257 -0.4504 -0.4495 -0.4540 -0.4412 -0.3056
2360.00 -0.4617 -0.4985 -0.5052 -0.5074 -0.4948 -0.3114
2370.00 -0.4334 -0.4672 -0.4668 -0.4616 -0.4768 -0.2976
2380.00 -0.4918 -0.4919 -0.4906 -0.4908 -0.5061 -0.3184
2390.00 -0.4832 -0.4817 -0.4882 -0.4789 -0.4872 -0.3275
2400.00 -0.4760 -0.4661 -0.4600 -0.4544 -0.4592 -0.3073
2410.00 -0.4887 -0.4962 -0.4981 -0.4894 -0.5004 -0.3290
2420.00 -0.4616 -0.4800 -0.4679 -0.4815 -0.4694 -0.3025
2430.00 -0.4542 -0.4643 -0.4710 -0.4758 -0.4773 -0.3043
2440.00 -0.4779 -0.4828 -0.4858 -0.4933 -0.4860 -0.3138
2450.00 -0.4567 -0.4618 -0.4712 -0.4722 -0.4506 -0.3219
2460.00 -0.4798 -0.4868 -0.5036 -0.5001 -0.4852 -0.3070
2470.00 -0.4493 -0.4691 -0.4609 -0.4719 -0.4680 -0.3256
2480.00 -0.4699 -0.4797 -0.4802 -0.4864 -0.4869 -0.3139
2490.00 -0.4763 -0.4760 -0.4819 -0.4880 -0.4795 -0.3264
2500.00 -0.4600 -0.4615 -0.4666 -0.4747 -0.4661 -0.3069
2510.00 -0.4774 -0.4818 -0.4877 -0.4756 -0.4855 -0.3085
2520.00 -0.4616 -0.4532 -0.4747 -0.4585 -0.4716 -0.3053
2530.00 -0.4727 -0.4705 -0.4657 -0.4633 -0.4778 -0.3111
2540.00 -0.4920 -0.4749 -0.4854 -0.4873 -0.4839 -0.3112
2550.00 -0.4657 -0.4578 -0.4623 -0.4579 -0.4617 -0.3129
2560.00 -0.4655 -0.4692 -0.4666 -0.4785 -0.4630 -0.3093
2570.00 -0.4781 -0.4949 -0.4928 -0.4942 -0.4915 -0.3060
2580.00 -0.4557 -0.4599 -0.4567 -0.4569 -0.4551 -0.3119
2590.00 -0.4991 -0.5065 -0.5078 -0.5130 -0.5038 -0.3361
2600.00 -0.4621 -0.4628 -0.4734 -0.4637 -0.4680 -0.3118
2610.00 -0.4518 -0.4766 -0.4629 -0.4699 -0.4718 -0.3021
2620.00 -0.4841 -0.4966 -0.5041 -0.4827 -0.5015 -0.3122
2630.00 -0.4620 -0.4549 -0.4664 -0.4652 -0.4748 -0.2967
2640.00 -0.4737 -0.4694 -0.4656 -0.4758 -0.4700 -0.3146
2650.00 -0.4818 -0.4855 -0.4867 -0.4754 -0.4914 -0.3078
2660.00 -0.4469 -0.4810 -0.4829 -0.4727 -0.4815 -0.3053
2670.00 -0.4801 -0.4944 -0.4997 -0.5015 -0.4944 -0.3336
2680.00 -0.4390 -0.4617 -0.4579 -0.4605 -0.4663 -0.2985
2690.00 -0.4596 -0.4608 -0.4567 -0.4617 -0.4600 -0.2897
2700.00 -0.4877 -0.4977 -0.4889 -0.4809 -0.4989 -0.3293
2710.00 -0.4691 -0.4808 -0.4714 -0.4752 -0.4826 -0.3125
2720.00 -0.4714 -0.4667 -0.4706 -0.4661 -0.4748 -0.3025
2730.00 -0.4614 -0.4634 -0.4712 -0.4641 -0.4698 -0.3151
2740.00 -0.4755 -0.4877 -0.4847 -0.4935 -0.4849 -0.3205
2750.00 -0.4663 -0.4805 -0.4791 -0.4736 -0.4697 -0.3199
2760.00 -0.4732 -0.4633 -0.4709 -0.4735 -0.4582 -0.2960
2770.00 -0.4764 -0.4780 -0.4734 -0.4863 -0.4834 -0.3196
2780.00 -0.4712 -0.4894 -0.4778 -0.4845 -0.4880 -0.3196
2790.00 -0.4708 -0.4884 -0.4874 -0.4840 -0.4796 -0.3196
2800.00 -0.4689 -0.4801 -0.4673 -0.4660 -0.4750 -0.3112
2810.00 -0.4452 -0.4671 -0.4561 -0.4626 -0.4726 -0.3103
2820.00 -0.4806 -0.4939 -0.4989 -0.4907 -0.4994 -0.3255
2830.00 -0.4556 -0.4656 -0.4675 -0.4662 -0.4566 -0.3012
2840.00 -0.4676 -0.4829 -0.4711 -0.4634 -0.4737 -0.3083
2850.00 -0.4908 -0.5090 -0.5030 -0.5005 -0.5047 -0.3277
2860.00 -0.4483 -0.4685 -0.4629 -0.4512 -0.4618 -0.3015
2870.00 -0.4955 -0.4894 -0.4913 -0.4904 -0.4725 -0.3171
2880.00 -0.4667 -0.4699 -0.4686 -0.4622 -0.4587 -0.3130
2890.00 -0.4350 -0.4565 -0.4710 -0.4587 -0.4548 -0.2844
2900.00 -0.4979 -0.5080 -0.4927 -0.4928 -0.5028 -0.3304
2910.00 -0.4661 -0.4863 -0.4837 -0.4717 -0.4727 -0.3047
2920.00 -0.4938 -0.4942 -0.4930 -0.5080 -0.5126 -0.3309
2930.00 -0.4418 -0.4559 -0.4419 -0.4533 -0.4454 -0.2952
2940.00 -0.4717 -0.4810 -0.4885 -0.4839 -0.4835 -0.3235
2950.00 -0.4999 -0.5028 -0.4907 -0.5015 -0.5002 -0.3142
2960.00 -0.4353 -0.4342 -0.4279 -0.4340 -0.4279 -0.3021
2970.00 -0.4836 -0.4730 -0.4918 -0.4798 -0.4786 -0.3316
2980.00 -0.4778 -0.4784 -0.4757 -0.4752 -0.4740 -0.3066
2990.00 -0.4882 -0.4787 -0.4898 -0.4798 -0.4900 -0.3285
3000.00 -0.4555 -0.4560 -0.4538 -0.4602 -0.4598 -0.2952
3010.00 -0.4889 -0.5046 -0.5068 -0.5067 -0.5044 -0.3229
3020.00 -0.4473 -0.4676 -0.4764 -0.4659 -0.4695 -0.3039
3030.00 -0.4583 -0.4727 -0.4847 -0.4794 -0.4819 -0.3096
3040.00 -0.4740 -0.4685 -0.4733 -0.4696 -0.4731 -0.3258
3050.00 -0.4526 -0.4669 -0.4755 -0.4558 -0.4791 -0.2941
3060.00 -0.4780 -0.4903 -0.4868 -0.4847 -0.4873 -0.3174
3070.00 -0.4961 -0.4941 -0.5016 -0.4867 -0.4959 -0.3274
3080.00 -0.4520 -0.4537 -0.4462 -0.4471 -0.4418 -0.2912
3090.00 -0.4944 -0.4948 -0.4822 -0.4793 -0.4924 -0.3120
3100.00 -0.4583 -0.4702 -0.4729 -0.4589 -0.4620 -0.3047
3110.00 -0.4686 -0.4745 -0.4719 -0.4773 -0.4659 -0.3089
3120.00 -0.4686 -0.4697 -0.4801 -0.4772 -0.4737 -0.3178
3130.00 -0.4902 -0.4901 -0.5008 -0.4920 -0.4903 -0.3213
3140.00 -0.4501 -0.4710 -0.4777 -0.4524 -0.4600 -0.2931
3150.00 -0.4937 -0.4856 -0.4952 -0.4843 -0.4853 -0.3221
3160.00 -0.4964 -0.4870 -0.4896 -0.4832 -0.4934 -0.3195
3170.00 -0.4694 -0.4548 -0.4640 -0.4665 -0.4640 -0.3159
3180.00 -0.4586 -0.4540 -0.4696 -0.4672 -0.4641 -0.2964
3190.00 -0.4999 -0.5012 -0.5087 -0.5003 -0.4993 -0.3329
3200.00 -0.4637 -0.4578 -0.4616 -0.4461 -0.4604 -0.2965
3210.00 -0.4816 -0.4869 -0.4729 -0.4731 -0.4805 -0.3215
3220.00 -0.4687 -0.4829 -0.4815 -0.4805 -0.4834 -0.3210
3230.00 -0.4542 -0.4605 -0.4690 -0.4601 -0.4660 -0.2978
3240.00 -0.4780 -0.4938 -0.4911 -0.4864 -0.4858 -0.3291
3250.00 -0.4768 -0.4931 -0.4999 -0.4949 -0.4990 -0.3157
3260.00 -0.4579 -0.4682 -0.4608 -0.4608 -0.4575 -0.3119
3270.00 -0.4636 -0.4695 -0.4641 -0.4570 -0.4644 -0.3002
3280.00 -0.4786 -0.4986 -0.5065 -0.4925 -0.5067 -0.3194
3290.00 -0.4482 -0.4551 -0.4614 -0.4580 -0.4638 -0.3052
3300.00 -0.4780 -0.4827 -0.4794 -0.4738 -0.4751 -0.3182
3310.00 -0.4644 -0.4693 -0.4678 -0.4775 -0.4664 -0.3143
3320.00 -0.4730 -0.4960 -0.4921 -0.4863 -0.4910 -0.3166
3330.00 -0.4669 -0.4656 -0.4687 -0.4741 -0.4709 -0.3098
3340.00 -0.4835 -0.5056 -0.5051 -0.4942 -0.4922 -0.3125
3350.00 -0.4539 -0.4648 -0.4596 -0.4614 -0.4555 -0.3161
3360.00 -0.4744 -0.4855 -0.4948 -0.4715 -0.4900 -0.3169
3370.00 -0.4553 -0.4588 -0.4570 -0.4615 -0.4523 -0.2971
3380.00 -0.4789 -0.4910 -0.5036 -0.4882 -0.5002 -0.3200
3390.00 -0.4562 -0.4566 -0.4655 -0.4495 -0.4589 -0.3122
3400.00 -0.4793 -0.4819 -0.4696 -0.4754 -0.4798 -0.3206
3410.00 -0.4881 -0.4990 -0.5024 -0.5011 -0.5155 -0.3216
3420.00 -0.4832 -0.4698 -0.4746 -0.4532 -0.4748 -0.3042
3430.00 -0.4640 -0.4666 -0.4654 -0.4665 -0.4615 -0.3193
3440.00 -0.4763 -0.4860 -0.4801 -0.4787 -0.4842 -0.3242
3450.00 -0.4732 -0.4676 -0.4787 -0.4729 -0.4733 -0.3010
3460.00 -0.4784 -0.4804 -0.4780 -0.4836 -0.4827 -0.3072
3470.00 -0.4570 -0.4621 -0.4734 -0.4570 -0.4698 -0.3054
3480.00 -0.4615 -0.4694 -0.4720 -0.4654 -0.4729 -0.3040
3490.00 -0.4812 -0.4798 -0.4873 -0.4936 -0.4931 -0.3317
3500.00 -0.4450 -0.4408 -0.4515 -0.4527 -0.4522 -0.2838
3510.00 -0.5023 -0.5083 -0.4853 -0.5097 -0.5116 -0.3312
3520.00 -0.4703 -0.4734 -0.4612 -0.4664 -0.4742 -0.3306
3530.00 -0.4668 -0.4722 -0.4760 -0.4628 -0.4697 -0.2857
3540.00 -0.4769 -0.4733 -0.4839 -0.4744 -0.4837 -0.3212
3550.00 -0.4692 -0.4738 -0.4859 -0.4835 -0.4717 -0.3055
3560.00 -0.4648 -0.4776 -0.4635 -0.4803 -0.4709 -0.3056
3570.00 -0.4639 -0.4726 -0.4835 -0.4850 -0.4792 -0.3101
3580.00 -0.4580 -0.4711 -0.4798 -0.4679 -0.4734 -0.3085
3590.00 -0.4778 -0.4813 -0.4855 -0.4905 -0.4845 -0.3215
3600.00 -0.4461 -0.4680 -0.4591 -0.4596 -0.4588 -0.3031
3610.00 -0.5072 -0.5072 -0.4965 -0.5013 -0.4891 -0.3269
3620.00 -0.4616 -0.4656 -0.4702 -0.4785 -0.4663 -0.3000
3630.00 -0.4726 -0.4835 -0.4836 -0.4851 -0.4916 -0.3183
3640.00 -0.4463 -0.4719 -0.4521 -0.4560 -0.4746 -0.2911
3650.00 -0.4785 -0.4893 -0.4940 -0.4843 -0.4746 -0.3158
3660.00 -0.4555 -0.4698 -0.4603 -0.4652 -0.4631 -0.3043
3670.00 -0.4797 -0.4811 -0.4819 -0.4787 -0.4804 -0.3199
3680.00 -0.4904 -0.4960 -0.4897 -0.4912 -0.4866 -0.3211
3690.00 -0.4702 -0.4821 -0.4895 -0.4878 -0.4790 -0.3110
3700.00 -0.4720 -0.4784 -0.4712 -0.4773 -0.4663 -0.3063
3710.00 -0.4590 -0.4532 -0.4521 -0.4571 -0.4580 -0.3180
3720.00 -0.4769 -0.4775 -0.4835 -0.4956 -0.4915 -0.3098
3730.00 -0.4288 -0.4389 -0.4411 -0.4514 -0.4426 -0.2918
3740.00 -0.4973 -0.5093 -0.5131 -0.5117 -0.5128 -0.3418
3750.00 -0.4721 -0.4771 -0.4818 -0.4792 -0.4769 -0.3061
3760.00 -0.4557 -0.4711 -0.4675 -0.4730 -0.4735 -0.2947
3770.00 -0.4979 -0.5111 -0.5000 -0.5016 -0.5075 -0.3303
3780.00 -0.4319 -0.4512 -0.4528 -0.4514 -0.4466 -0.2928
3790.00 -0.4986 -0.4872 -0.4899 -0.4828 -0.4992 -0.3137
3800.00 -0.4547 -0.4625 -0.4592 -0.4466 -0.4550 -0.2935
3810.00 -0.4981 -0.4938 -0.5019 -0.4929 -0.5012 -0.3296
3820.00 -0.4710 -0.4843 -0.4758 -0.4718 -0.4736 -0.3223
3830.00 -0.4418 -0.4594 -0.4438 -0.4534 -0.4571 -0.2849
3840.00 -0.4534 -0.4565 -0.4716 -0.4683 -0.4545 -0.3042
3850.00 -0.5057 -0.5142 -0.5085 -0.5187 -0.5114 -0.3276
3860.00 -0.4708 -0.4666 -0.4640 -0.4653 -0.4686 -0.3117
3870.00 -0.4977 -0.4983 -0.4975 -0.5042 -0.4925 -0.3075
3880.00 -0.4846 -0.4908 -0.4793 -0.4760 -0.4646 -0.3303
3890.00 -0.4738 -0.4852 -0.4824 -0.4860 -0.4978 -0.3105
3900.00 -0.4345 -0.4379 -0.4429 -0.4371 -0.4466 -0.2984
3910.00 -0.4720 -0.4742 -0.4774 -0.4834 -0.4739 -0.2985
3920.00 -0.4777 -0.4763 -0.4877 -0.4741 -0.4822 -0.3149
3930.00 -0.4671 -0.4819 -0.4864 -0.4822 -0.4839 -0.3274
3940.00 -0.4749 -0.4893 -0.4860 -0.4805 -0.4822 -0.3222
3950.00 -0.4845 -0.4872 -0.4922 -0.4806 -0.4831 -0.3136
3960.00 -0.4704 -0.4596 -0.4627 -0.4544 -0.4586 -0.2975
3970.00 -0.4865 -0.4836 -0.4947 -0.4972 -0.4907 -0.3301
3980.00 -0.4802 -0.4779 -0.4764 -0.4720 -0.4726 -0.3103
3990.00 -0.4423 -0.4523 -0.4618 -0.4644 -0.4499 -0.2979
4000.00 -0.4919 -0.4948 -0.4887 -0.4845 -0.4842 -0.3186
