10.00 -0.4965 -0.4879 -0.4958 -0.4841 -0.4941 -0.3313
20.00 -0.4799 -0.4676 -0.4746 -0.4568 -0.4556 -0.3109
30.00 -0.4885 -0.4874 -0.4797 -0.4747 -0.4977 -0.3125
40.00 -0.4872 -0.4851 -0.4904 -0.4738 -0.4927 -0.3193
50.00 -0.4681 -0.4486 -0.4625 -0.4693 -0.4811 -0.2973
60.00 -0.4837 -0.4839 -0.4881 -0.4668 -0.4896 -0.3069
70.00 -0.4679 -0.4715 -0.4793 -0.4689 -0.4792 -0.3201
80.00 -0.4709 -0.4834 -0.4816 -0.4874 -0.4840 -0.3067
90.00 -0.4622 -0.4674 -0.4644 -0.4526 -0.4749 -0.3073
100.00 -0.4817 -0.4835 -0.4964 -0.4750 -0.4848 -0.3282
110.00 -0.4789 -0.4760 -0.4778 -0.4567 -0.4812 -0.3116
120.00 -0.4814 -0.4815 -0.4798 -0.4771 -0.4928 -0.3129
130.00 -0.5098 -0.5150 -0.5219 -0.4693 -0.5140 -0.3160
140.00 -0.4658 -0.4746 -0.4837 -0.4602 -0.4726 -0.3043
150.00 -0.4349 -0.4403 -0.4642 -0.4658 -0.4574 -0.3026
160.00 -0.4861 -0.4914 -0.4881 -0.4734 -0.4834 -0.3331
170.00 -0.4808 -0.4829 -0.4840 -0.4813 -0.4804 -0.3079
180.00 -0.4619 -0.4574 -0.4650 -0.4626 -0.4549 -0.3046
190.00 -0.4767 -0.4807 -0.4620 -0.4672 -0.4595 -0.3180
200.00 -0.5102 -0.5079 -0.4868 -0.4900 -0.4909 -0.3215
210.00 -0.4806 -0.4665 -0.4649 -0.4868 -0.4679 -0.3062
220.00 -0.4809 -0.4686 -0.4762 -0.4783 -0.4513 -0.3081
230.00 -0.5024 -0.5001 -0.4908 -0.5035 -0.4923 -0.3262
240.00 -0.4969 -0.4701 -0.4899 -0.4926 -0.4556 -0.3164
250.00 -0.5051 -0.5034 -0.4895 -0.4814 -0.4888 -0.3171
260.00 -0.4852 -0.4857 -0.4843 -0.4704 -0.4934 -0.3116
270.00 -0.4696 -0.4651 -0.4548 -0.4668 -0.4704 -0.3100
280.00 -0.4925 -0.4616 -0.4815 -0.4801 -0.4954 -0.3233
290.00 -0.4706 -0.4691 -0.4734 -0.4793 -0.4953 -0.3046
300.00 -0.5160 -0.5104 -0.5070 -0.5191 -0.5147 -0.3337
310.00 -0.4374 -0.4310 -0.4396 -0.4222 -0.4445 -0.2792
320.00 -0.4915 -0.4812 -0.4979 -0.4988 -0.4929 -0.3107
330.00 -0.4763 -0.4820 -0.4671 -0.4849 -0.4759 -0.3032
340.00 -0.4857 -0.4924 -0.4697 -0.4762 -0.4793 -0.3209
350.00 -0.4846 -0.4898 -0.4743 -0.5015 -0.4760 -0.3098
360.00 -0.4983 -0.4913 -0.4920 -0.5030 -0.4969 -0.3229
370.00 -0.4706 -0.4603 -0.4592 -0.4624 -0.4699 -0.2852
380.00 -0.4714 -0.4676 -0.4608 -0.4649 -0.4767 -0.3138
390.00 -0.4766 -0.4886 -0.4694 -0.4726 -0.4579 -0.3193
400.00 -0.4654 -0.4758 -0.4640 -0.4617 -0.4660 -0.3091
410.00 -0.4985 -0.5014 -0.4977 -0.5011 -0.4936 -0.3184
420.00 -0.4992 -0.4981 -0.4890 -0.4990 -0.5139 -0.3202
430.00 -0.4591 -0.4544 -0.4549 -0.4555 -0.4502 -0.3106
440.00 -0.4879 -0.5080 -0.5091 -0.5096 -0.4923 -0.3149
450.00 -0.4626 -0.4732 -0.4728 -0.4942 -0.4716 -0.3174
460.00 -0.4519 -0.4631 -0.4792 -0.4758 -0.4737 -0.3168
470.00 -0.4967 -0.4677 -0.4838 -0.4868 -0.4844 -0.3301
480.00 -0.4802 -0.4692 -0.4829 -0.4801 -0.4606 -0.3051
490.00 -0.4841 -0.4982 -0.5076 -0.4944 -0.5020 -0.3216
500.00 -0.4701 -0.4592 -0.4588 -0.4488 -0.4567 -0.3086
510.00 -0.5003 -0.4714 -0.4795 -0.4779 -0.4883 -0.3177
520.00 -0.4814 -0.4799 -0.4756 -0.4639 -0.5001 -0.3119
530.00 -0.4838 -0.4950 -0.4803 -0.4780 -0.4847 -0.3213
540.00 -0.4733 -0.4648 -0.4651 -0.4792 -0.4722 -0.2987
550.00 -0.4858 -0.5013 -0.4971 -0.4857 -0.4813 -0.3274
560.00 -0.4477 -0.4494 -0.4542 -0.4349 -0.4621 -0.3044
570.00 -0.4949 -0.4871 -0.5038 -0.4836 -0.5031 -0.3237
580.00 -0.4816 -0.5004 -0.4974 -0.4977 -0.4852 -0.3248
590.00 -0.4750 -0.4747 -0.4797 -0.4732 -0.4721 -0.3134
600.00 -0.4985 -0.4899 -0.5015 -0.4818 -0.4878 -0.3123
610.00 -0.4651 -0.4689 -0.4646 -0.4629 -0.4670 -0.3159
620.00 -0.4888 -0.4810 -0.4842 -0.4889 -0.4807 -0.3140
630.00 -0.4910 -0.4877 -0.4760 -0.4820 -0.4969 -0.3229
640.00 -0.4710 -0.4662 -0.4555 -0.4741 -0.4625 -0.3000
650.00 -0.4655 -0.4573 -0.4625 -0.4656 -0.4662 -0.3196
660.00 -0.4809 -0.5058 -0.4791 -0.5008 -0.4827 -0.3084
670.00 -0.4843 -0.4823 -0.4882 -0.4912 -0.4868 -0.3141
680.00 -0.4994 -0.4960 -0.4754 -0.4972 -0.4955 -0.3185
690.00 -0.4530 -0.4613 -0.4663 -0.4530 -0.4599 -0.3155
700.00 -0.4813 -0.4603 -0.4743 -0.4804 -0.4904 -0.3066
710.00 -0.4969 -0.4939 -0.4884 -0.4949 -0.4815 -0.3262
720.00 -0.4760 -0.4690 -0.4666 -0.4827 -0.4580 -0.3007
730.00 -0.4994 -0.4953 -0.5013 -0.5093 -0.5069 -0.3269
740.00 -0.4847 -0.4771 -0.4889 -0.4722 -0.4804 -0.3112
750.00 -0.4591 -0.4571 -0.4578 -0.4714 -0.4797 -0.3047
760.00 -0.4667 -0.4719 -0.4707 -0.4678 -0.4799 -0.3005
770.00 -0.4494 -0.4618 -0.4692 -0.4663 -0.4709 -0.3158
780.00 -0.5067 -0.5233 -0.4989 -0.5244 -0.5350 -0.3288
790.00 -0.4968 -0.4794 -0.4991 -0.5061 -0.4856 -0.3132
800.00 -0.4424 -0.4403 -0.4207 -0.4420 -0.4476 -0.2966
810.00 -0.4994 -0.4976 -0.4942 -0.4957 -0.4919 -0.3148
820.00 -0.4826 -0.4762 -0.4767 -0.4841 -0.4786 -0.3200
830.00 -0.4688 -0.4987 -0.5013 -0.5068 -0.4949 -0.3209
840.00 -0.4653 -0.4767 -0.4653 -0.4759 -0.4796 -0.3044
850.00 -0.4883 -0.4857 -0.4925 -0.4844 -0.4704 -0.3272
860.00 -0.4849 -0.4722 -0.4782 -0.4770 -0.4741 -0.3147
870.00 -0.4972 -0.5111 -0.4981 -0.4810 -0.5054 -0.3144
880.00 -0.4912 -0.4840 -0.4836 -0.4670 -0.4937 -0.3215
890.00 -0.4737 -0.4553 -0.4739 -0.4614 -0.4734 -0.2953
900.00 -0.4759 -0.4748 -0.4785 -0.4703 -0.4771 -0.3188
910.00 -0.4707 -0.4887 -0.4836 -0.4756 -0.4906 -0.3228
920.00 -0.4839 -0.4873 -0.4868 -0.4877 -0.4662 -0.3139
930.00 -0.4518 -0.4610 -0.4674 -0.4606 -0.4668 -0.2923
940.00 -0.4740 -0.5025 -0.5024 -0.4853 -0.5066 -0.3348
950.00 -0.4830 -0.5002 -0.5017 -0.4763 -0.4866 -0.3155
960.00 -0.4674 -0.4690 -0.4681 -0.4643 -0.4585 -0.2971
970.00 -0.4692 -0.4502 -0.4596 -0.4644 -0.4596 -0.3038
980.00 -0.4819 -0.4943 -0.5023 -0.4959 -0.4954 -0.3300
990.00 -0.4896 -0.4836 -0.4811 -0.4853 -0.4774 -0.3211
1000.00 -0.4664 -0.4622 -0.4680 -0.4684 -0.4633 -0.3084
1010.00 -0.4533 -0.8809 -0.8846 -0.8865 -0.8835 -0.3400
1020.00 -0.3705 -0.4979 -0.4997 -0.4993 -0.5015 -0.2912
1030.00 -0.4244 -0.6380 -0.6448 -0.6334 -0.6350 -0.3322
1040.00 -0.4016 -0.5036 -0.5036 -0.5075 -0.5043 -0.3110
1050.00 -0.3758 -0.5223 -0.5297 -0.5154 -0.5100 -0.2888
1060.00 -0.3990 -0.5463 -0.5423 -0.5352 -0.5415 -0.3167
1070.00 -0.4073 -0.5316 -0.5213 -0.5261 -0.5245 -0.3182
1080.00 -0.4330 -0.5551 -0.5547 -0.5558 -0.5596 -0.3311
1090.00 -0.4124 -0.5831 -0.5791 -0.5819 -0.5737 -0.3278
1100.00 -0.3745 -0.5931 -0.5914 -0.5875 -0.5931 -0.2961
1110.00 -0.4118 -0.6036 -0.5970 -0.6063 -0.6009 -0.3297
1120.00 -0.3894 -0.6172 -0.6197 -0.6140 -0.6172 -0.3097
1130.00 -0.3889 -0.5425 -0.5450 -0.5469 -0.5444 -0.3106
1140.00 -0.3963 -0.6104 -0.6100 -0.6054 -0.6118 -0.3086
1150.00 -0.3850 -0.5815 -0.5815 -0.5783 -0.5699 -0.3053
1160.00 -0.4055 -0.6584 -0.6573 -0.6445 -0.6503 -0.3240
1170.00 -0.3934 -0.7028 -0.7037 -0.6973 -0.7075 -0.3190
1180.00 -0.3762 -0.6367 -0.6325 -0.6362 -0.6342 -0.3038
1190.00 -0.3877 -0.6355 -0.6342 -0.6335 -0.6303 -0.3047
1200.00 -0.3892 -0.5591 -0.5634 -0.5530 -0.5639 -0.3073
1210.00 -0.4062 -0.6324 -0.6350 -0.6351 -0.6301 -0.3277
1220.00 -0.3835 -0.6353 -0.6305 -0.6280 -0.6348 -0.3163
1230.00 -0.3923 -0.5775 -0.5740 -0.5742 -0.5779 -0.3022
1240.00 -0.3789 -0.6189 -0.6203 -0.6265 -0.6304 -0.3105
1250.00 -0.4158 -0.6390 -0.6314 -0.6363 -0.6338 -0.3269
1260.00 -0.3709 -0.5497 -0.5488 -0.5537 -0.5517 -0.2972
1270.00 -0.3929 -0.6504 -0.6444 -0.6456 -0.6426 -0.3135
1280.00 -0.4176 -0.5941 -0.5917 -0.5898 -0.5919 -0.3323
1290.00 -0.3870 -0.6372 -0.6347 -0.6300 -0.6296 -0.3069
1300.00 -0.3757 -0.5399 -0.5286 -0.5311 -0.5327 -0.2992
1310.00 -0.4084 -0.6174 -0.6185 -0.6234 -0.6217 -0.3313
1320.00 -0.3951 -0.5493 -0.5401 -0.5504 -0.5498 -0.3076
1330.00 -0.4017 -0.5921 -0.5882 -0.6025 -0.5969 -0.3178
1340.00 -0.3854 -0.6226 -0.6238 -0.6283 -0.6295 -0.3026
1350.00 -0.4163 -0.5862 -0.5919 -0.5825 -0.5901 -0.3336
1360.00 -0.4155 -0.5615 -0.5597 -0.5617 -0.5570 -0.3200
1370.00 -0.3881 -0.4831 -0.4908 -0.4829 -0.4885 -0.3076
1380.00 -0.4541 -0.6874 -0.6831 -0.6774 -0.6815 -0.3521
1390.00 -0.3623 -0.5676 -0.5766 -0.5802 -0.5813 -0.3078
1400.00 -0.3988 -0.6164 -0.6221 -0.6131 -0.6209 -0.3215
1410.00 -0.3505 -0.5660 -0.5610 -0.5666 -0.5680 -0.2913
1420.00 -0.3992 -0.8359 -0.8452 -0.8464 -0.8393 -0.3351
1430.00 -0.3783 -0.5173 -0.5165 -0.5150 -0.5176 -0.3010
1440.00 -0.4140 -0.6694 -0.6681 -0.6746 -0.6704 -0.3357
1450.00 -0.3819 -0.5498 -0.5531 -0.5476 -0.5466 -0.3067
1460.00 -0.3856 -0.5647 -0.5602 -0.5581 -0.5705 -0.3075
1470.00 -0.3872 -0.5956 -0.5923 -0.5950 -0.5885 -0.3118
1480.00 -0.4207 -0.6454 -0.6371 -0.6327 -0.6416 -0.3361
1490.00 -0.3695 -0.6481 -0.6442 -0.6454 -0.6509 -0.3121
1500.00 -0.3882 -0.6165 -0.6094 -0.6141 -0.6131 -0.3145
1510.00 -0.4027 -0.6448 -0.6417 -0.6437 -0.6468 -0.3178
1520.00 -0.3690 -0.5848 -0.5824 -0.5822 -0.5795 -0.2956
1530.00 -0.4057 -0.7233 -0.7265 -0.7233 -0.7333 -0.3260
1540.00 -0.4013 -0.6204 -0.6221 -0.6163 -0.6265 -0.3095
1550.00 -0.3960 -0.6472 -0.6520 -0.6481 -0.6525 -0.3122
1560.00 -0.3571 -0.5866 -0.5866 -0.5836 -0.5830 -0.2952
1570.00 -0.3800 -0.5518 -0.5545 -0.5562 -0.5616 -0.3083
1580.00 -0.4356 -0.7392 -0.7341 -0.7417 -0.7276 -0.3367
1590.00 -0.3975 -0.6038 -0.6117 -0.6090 -0.6152 -0.3082
1600.00 -0.3894 -0.5457 -0.5497 -0.5502 -0.5411 -0.3170
1610.00 -0.3901 -0.6260 -0.6185 -0.6201 -0.6169 -0.3083
1620.00 -0.4134 -0.6471 -0.6444 -0.6416 -0.6481 -0.3314
1630.00 -0.3732 -0.5464 -0.5506 -0.5498 -0.5505 -0.3055
1640.00 -0.4163 -0.6899 -0.6832 -0.6891 -0.6810 -0.3254
1650.00 -0.3989 -0.6741 -0.6795 -0.6724 -0.6790 -0.3176
1660.00 -0.3771 -0.5329 -0.5180 -0.5261 -0.5265 -0.2864
1670.00 -0.4277 -0.5738 -0.5698 -0.5743 -0.5641 -0.3329
1680.00 -0.3802 -0.5476 -0.5528 -0.5555 -0.5494 -0.3045
1690.00 -0.4183 -0.6120 -0.6131 -0.6077 -0.6202 -0.3243
1700.00 -0.3654 -0.6989 -0.7001 -0.6939 -0.6959 -0.3041
1710.00 -0.3862 -0.6436 -0.6426 -0.6411 -0.6512 -0.3120
1720.00 -0.3867 -0.5815 -0.5834 -0.5804 -0.5738 -0.3189
1730.00 -0.4014 -0.6466 -0.6453 -0.6409 -0.6526 -0.3237
1740.00 -0.3968 -0.6607 -0.6640 -0.6701 -0.6629 -0.3184
1750.00 -0.3784 -0.7759 -0.7746 -0.7685 -0.7765 -0.3056
1760.00 -0.3886 -0.5632 -0.5579 -0.5543 -0.5661 -0.3132
1770.00 -0.4186 -0.5982 -0.5983 -0.5957 -0.5941 -0.3183
1780.00 -0.4056 -0.5724 -0.5634 -0.5757 -0.5717 -0.3171
1790.00 -0.3858 -0.4862 -0.4822 -0.4773 -0.4855 -0.2928
1800.00 -0.4126 -0.5623 -0.5699 -0.5630 -0.5669 -0.3179
1810.00 -0.4020 -0.5645 -0.5725 -0.5657 -0.5700 -0.3198
1820.00 -0.4026 -0.8063 -0.8155 -0.8080 -0.8040 -0.3347
1830.00 -0.3949 -0.5793 -0.5727 -0.5778 -0.5785 -0.3080
1840.00 -0.3665 -0.6457 -0.6469 -0.6492 -0.6512 -0.3145
1850.00 -0.3989 -0.6082 -0.6019 -0.6051 -0.6041 -0.3100
1860.00 -0.4005 -0.7489 -0.7535 -0.7455 -0.7527 -0.3300
1870.00 -0.3737 -0.5378 -0.5348 -0.5410 -0.5370 -0.2947
1880.00 -0.3940 -0.5669 -0.5658 -0.5685 -0.5652 -0.3065
1890.00 -0.4162 -0.5960 -0.5902 -0.5900 -0.5999 -0.3332
1900.00 -0.3465 -0.6884 -0.6911 -0.6934 -0.6947 -0.2917
1910.00 -0.3997 -0.7641 -0.7563 -0.7678 -0.7679 -0.3319
1920.00 -0.3791 -0.5788 -0.5757 -0.5819 -0.5812 -0.2949
1930.00 -0.4059 -0.6521 -0.6538 -0.6557 -0.6547 -0.3109
1940.00 -0.3780 -0.5681 -0.5661 -0.5785 -0.5706 -0.3032
1950.00 -0.3828 -0.5527 -0.5521 -0.5542 -0.5514 -0.3113
1960.00 -0.4008 -0.6022 -0.5960 -0.5956 -0.6008 -0.3163
1970.00 -0.4024 -0.6539 -0.6660 -0.6629 -0.6599 -0.3236
1980.00 -0.3993 -0.5467 -0.5410 -0.5449 -0.5438 -0.3080
1990.00 -0.4180 -0.6484 -0.6537 -0.6472 -0.6475 -0.3291
2000.00 -0.3514 -0.5745 -0.5754 -0.5772 -0.5789 -0.2863
2010.00 -0.3845 -0.7025 -0.7046 -0.7022 -0.7046 -0.3281
2020.00 -0.3857 -0.7415 -0.7340 -0.7401 -0.7392 -0.3072
2030.00 -0.4100 -0.5347 -0.5296 -0.5348 -0.5294 -0.3115
2040.00 -0.3880 -0.7681 -0.7715 -0.7724 -0.7724 -0.3208
2050.00 -0.3810 -0.5449 -0.5384 -0.5376 -0.5398 -0.3026
2060.00 -0.3990 -0.5400 -0.5366 -0.5427 -0.5378 -0.3145
2070.00 -0.4029 -0.5730 -0.5838 -0.5739 -0.5807 -0.3149
2080.00 -0.4165 -0.5430 -0.5530 -0.5482 -0.5491 -0.3232
2090.00 -0.3829 -0.5562 -0.5575 -0.5520 -0.5444 -0.3059
2100.00 -0.3676 -1.0471 -1.0494 -1.0491 -1.0533 -0.3382
2110.00 -0.3754 -0.5961 -0.5897 -0.6010 -0.6013 -0.2973
2120.00 -0.3992 -0.5622 -0.5610 -0.5563 -0.5631 -0.3079
2130.00 -0.3986 -0.6213 -0.6216 -0.6279 -0.6164 -0.3278
2140.00 -0.4015 -0.5774 -0.5796 -0.5810 -0.5848 -0.3173
2150.00 -0.3910 -0.5457 -0.5496 -0.5459 -0.5547 -0.3060
2160.00 -0.4035 -0.6284 -0.6324 -0.6376 -0.6348 -0.3288
2170.00 -0.3993 -0.6069 -0.6135 -0.6051 -0.5996 -0.3139
2180.00 -0.3742 -0.6101 -0.5969 -0.5997 -0.5983 -0.3084
2190.00 -0.4176 -0.5976 -0.5948 -0.5927 -0.5958 -0.3066
2200.00 -0.3972 -0.5526 -0.5546 -0.5631 -0.5547 -0.3173
2210.00 -0.4025 -0.6296 -0.6251 -0.6361 -0.6271 -0.3151
2220.00 -0.3856 -0.7311 -0.7242 -0.7262 -0.7341 -0.3299
2230.00 -0.3631 -0.6752 -0.6699 -0.6756 -0.6743 -0.2996
2240.00 -0.4010 -0.6075 -0.6086 -0.6098 -0.6075 -0.3098
2250.00 -0.3697 -0.5466 -0.5494 -0.5436 -0.5566 -0.2978
2260.00 -0.4072 -0.6148 -0.6198 -0.6216 -0.6171 -0.3221
2270.00 -0.3941 -0.6878 -0.6838 -0.6856 -0.6848 -0.3199
2280.00 -0.3891 -0.7473 -0.7401 -0.7435 -0.7403 -0.3345
2290.00 -0.3799 -0.5614 -0.5639 -0.5624 -0.5600 -0.2995
2300.00 -0.3874 -0.5835 -0.5771 -0.5813 -0.5891 -0.3069
2310.00 -0.4102 -0.5264 -0.5354 -0.5298 -0.5304 -0.3151
2320.00 -0.3919 -0.6396 -0.6366 -0.6531 -0.6479 -0.3228
2330.00 -0.4173 -0.6611 -0.6522 -0.6547 -0.6700 -0.3361
2340.00 -0.3677 -0.6147 -0.6135 -0.6149 -0.6053 -0.3027
2350.00 -0.3920 -0.7873 -0.7808 -0.7853 -0.7788 -0.3335
2360.00 -0.3694 -0.5452 -0.5452 -0.5442 -0.5450 -0.2995
2370.00 -0.4116 -0.6397 -0.6391 -0.6407 -0.6388 -0.3240
2380.00 -0.3878 -0.5564 -0.5563 -0.5478 -0.5533 -0.3187
2390.00 -0.4076 -0.8705 -0.8761 -0.8717 -0.8637 -0.3410
2400.00 -0.3575 -0.6069 -0.6092 -0.6137 -0.6043 -0.2855
2410.00 -0.4065 -0.5618 -0.5563 -0.5533 -0.5512 -0.3125
2420.00 -0.4008 -0.5707 -0.5741 -0.5730 -0.5747 -0.3202
2430.00 -0.3927 -0.5995 -0.6002 -0.5969 -0.5959 -0.2987
2440.00 -0.4461 -0.5055 -0.5081 -0.5050 -0.5064 -0.3419
2450.00 -0.4237 -0.5992 -0.6014 -0.5957 -0.6006 -0.3232
2460.00 -0.3599 -0.5898 -0.5863 -0.5894 -0.5891 -0.2974
2470.00 -0.3913 -0.6530 -0.6559 -0.6526 -0.6611 -0.3270
2480.00 -0.3874 -0.5833 -0.5899 -0.5923 -0.5887 -0.3114
2490.00 -0.3478 -0.9323 -0.9339 -0.9255 -0.9180 -0.3229
2500.00 -0.4093 -0.6098 -0.6091 -0.6093 -0.6114 -0.3188
2510.00 -0.3875 -0.5828 -0.5734 -0.5821 -0.5764 -0.2984
2520.00 -0.4218 -0.5157 -0.5164 -0.5129 -0.5100 -0.3301
2530.00 -0.3978 -0.5951 -0.5902 -0.5992 -0.5959 -0.3054
2540.00 -0.3661 -0.8118 -0.8193 -0.8150 -0.8186 -0.3179
2550.00 -0.3961 -0.5402 -0.5482 -0.5511 -0.5502 -0.3093
2560.00 -0.3753 -0.6001 -0.6152 -0.6120 -0.6100 -0.3126
2570.00 -0.4283 -0.5922 -0.6000 -0.5992 -0.5954 -0.3317
2580.00 -0.3883 -0.6034 -0.6120 -0.6086 -0.6081 -0.3153
2590.00 -0.4069 -0.6567 -0.6602 -0.6524 -0.6568 -0.3271
2600.00 -0.3753 -0.6071 -0.6113 -0.6086 -0.6104 -0.3097
2610.00 -0.3953 -0.5741 -0.5702 -0.5711 -0.5760 -0.3134
2620.00 -0.3740 -0.6800 -0.6789 -0.6730 -0.6743 -0.3153
2630.00 -0.3598 -0.9431 -0.9498 -0.9466 -0.9369 -0.3181
2640.00 -0.3791 -0.5471 -0.5510 -0.5480 -0.5422 -0.3029
2650.00 -0.4253 -0.5799 -0.5875 -0.5850 -0.5802 -0.3237
2660.00 -0.3962 -0.5560 -0.5553 -0.5593 -0.5552 -0.3099
2670.00 -0.4305 -0.4872 -0.4876 -0.4783 -0.4874 -0.3254
2680.00 -0.4072 -0.4963 -0.4997 -0.4998 -0.4997 -0.3082
2690.00 -0.4093 -0.5223 -0.5350 -0.5244 -0.5330 -0.3104
2700.00 -0.3798 -0.6005 -0.6015 -0.5994 -0.6017 -0.3098
2710.00 -0.3313 -0.9845 -0.9938 -0.9935 -0.9921 -0.3321
2720.00 -0.3458 -0.8580 -0.8504 -0.8594 -0.8599 -0.2958
2730.00 -0.4070 -0.6015 -0.6104 -0.6073 -0.6031 -0.3095
2740.00 -0.4069 -0.5679 -0.5629 -0.5696 -0.5678 -0.3191
2750.00 -0.3840 -0.4846 -0.4823 -0.4927 -0.4959 -0.3047
2760.00 -0.4201 -0.5048 -0.5050 -0.5030 -0.4959 -0.3184
2770.00 -0.4181 -0.5975 -0.6027 -0.5981 -0.6016 -0.3131
2780.00 -0.3810 -0.4529 -0.4629 -0.4674 -0.4621 -0.3075
2790.00 -0.4150 -0.5775 -0.5836 -0.5754 -0.5809 -0.3213
2800.00 -0.3813 -0.7286 -0.7265 -0.7288 -0.7307 -0.3313
2810.00 -0.3941 -0.8059 -0.8080 -0.8077 -0.8106 -0.3224
2820.00 -0.3516 -0.6556 -0.6502 -0.6527 -0.6473 -0.2875
2830.00 -0.4236 -0.6899 -0.6958 -0.7012 -0.6953 -0.3273
2840.00 -0.3892 -0.4646 -0.4679 -0.4583 -0.4617 -0.3070
2850.00 -0.4001 -0.5712 -0.5741 -0.5696 -0.5688 -0.3142
2860.00 -0.4074 -0.5995 -0.6030 -0.6080 -0.6021 -0.3185
2870.00 -0.3871 -0.6578 -0.6563 -0.6652 -0.6611 -0.3157
2880.00 -0.3505 -0.5423 -0.5423 -0.5392 -0.5447 -0.2862
2890.00 -0.4132 -0.7568 -0.7607 -0.7555 -0.7555 -0.3400
2900.00 -0.3576 -0.8074 -0.8090 -0.7989 -0.7971 -0.3159
2910.00 -0.3916 -0.5615 -0.5646 -0.5582 -0.5620 -0.3047
2920.00 -0.4013 -0.6749 -0.6811 -0.6837 -0.6793 -0.3128
2930.00 -0.4306 -0.4894 -0.4933 -0.4917 -0.4891 -0.3241
2940.00 -0.4048 -0.6043 -0.5978 -0.6129 -0.6010 -0.3342
2950.00 -0.3970 -0.6257 -0.6295 -0.6284 -0.6266 -0.3151
2960.00 -0.3644 -0.6177 -0.6101 -0.6178 -0.6148 -0.2980
2970.00 -0.3561 -0.7574 -0.7604 -0.7618 -0.7628 -0.3015
2980.00 -0.3984 -0.7369 -0.7387 -0.7387 -0.7341 -0.3201
2990.00 -0.3995 -0.5593 -0.5733 -0.5641 -0.5738 -0.3122
3000.00 -0.4149 -0.5175 -0.5210 -0.5169 -0.5219 -0.3238
3010.00 -0.3910 -0.5645 -0.5616 -0.5563 -0.5698 -0.3032
3020.00 -0.4065 -0.5864 -0.5807 -0.5841 -0.5830 -0.3148
3030.00 -0.3924 -0.6938 -0.6993 -0.6944 -0.6971 -0.3230
3040.00 -0.3680 -0.7143 -0.7222 -0.7148 -0.7147 -0.3055
3050.00 -0.3716 -0.6409 -0.6355 -0.6364 -0.6429 -0.3103
3060.00 -0.4185 -0.5871 -0.5727 -0.5704 -0.5691 -0.3276
3070.00 -0.3808 -0.6850 -0.6725 -0.6761 -0.6771 -0.3096
3080.00 -0.3997 -0.5635 -0.5718 -0.5727 -0.5711 -0.3049
3090.00 -0.3851 -0.7228 -0.7233 -0.7225 -0.7223 -0.3210
3100.00 -0.3938 -0.5544 -0.5586 -0.5545 -0.5553 -0.3110
3110.00 -0.4102 -0.5440 -0.5441 -0.5498 -0.5413 -0.3243
3120.00 -0.3802 -0.6628 -0.6674 -0.6706 -0.6669 -0.3216
3130.00 -0.3724 -0.6055 -0.6072 -0.6100 -0.5942 -0.2879
3140.00 -0.3924 -0.8866 -0.8825 -0.8753 -0.8921 -0.3366
3150.00 -0.4086 -0.5330 -0.5307 -0.5305 -0.5385 -0.3131
3160.00 -0.3798 -0.5153 -0.5208 -0.5249 -0.5178 -0.2987
3170.00 -0.4122 -0.5436 -0.5380 -0.5351 -0.5408 -0.3163
3180.00 -0.3996 -0.5805 -0.5792 -0.5844 -0.5781 -0.3131
3190.00 -0.3872 -0.5597 -0.5710 -0.5605 -0.5599 -0.3103
3200.00 -0.3923 -0.5764 -0.5770 -0.5798 -0.5850 -0.3184
3210.00 -0.3460 -1.1884 -1.1924 -1.1809 -1.1901 -0.3413
3220.00 -0.3808 -0.6768 -0.6760 -0.6812 -0.6730 -0.3057
3230.00 -0.3817 -0.5062 -0.5044 -0.5008 -0.5104 -0.3024
3240.00 -0.4095 -0.5880 -0.5928 -0.5871 -0.5881 -0.3129
3250.00 -0.4178 -0.5611 -0.5667 -0.5593 -0.5678 -0.3136
3260.00 -0.4059 -0.5591 -0.5543 -0.5652 -0.5484 -0.3123
3270.00 -0.3961 -0.5160 -0.5152 -0.5129 -0.5178 -0.3052
3280.00 -0.3912 -0.7130 -0.7203 -0.7105 -0.7126 -0.3298
3290.00 -0.4057 -0.6015 -0.5985 -0.5942 -0.5966 -0.3119
3300.00 -0.4234 -0.5402 -0.5398 -0.5385 -0.5478 -0.3212
3310.00 -0.3837 -0.4985 -0.4980 -0.5052 -0.4980 -0.3043
3320.00 -0.3856 -0.6240 -0.6205 -0.6237 -0.6164 -0.3147
3330.00 -0.3873 -0.6580 -0.6599 -0.6617 -0.6651 -0.3104
3340.00 -0.4049 -0.6342 -0.6270 -0.6349 -0.6324 -0.3242
3350.00 -0.3476 -0.7855 -0.7816 -0.7808 -0.7806 -0.3045
3360.00 -0.3760 -0.7876 -0.7880 -0.7753 -0.7850 -0.3036
3370.00 -0.3880 -0.5835 -0.5827 -0.5919 -0.5806 -0.3014
3380.00 -0.4071 -0.5615 -0.5619 -0.5612 -0.5578 -0.3228
3390.00 -0.3911 -0.6284 -0.6305 -0.6323 -0.6253 -0.3160
3400.00 -0.4142 -0.6235 -0.6145 -0.6071 -0.6224 -0.3160
3410.00 -0.4076 -0.5971 -0.5935 -0.5974 -0.5997 -0.3299
3420.00 -0.3787 -0.4850 -0.4774 -0.4733 -0.4776 -0.2924
3430.00 -0.3926 -0.6456 -0.6571 -0.6514 -0.6548 -0.3286
3440.00 -0.3582 -0.7071 -0.7032 -0.7089 -0.7047 -0.3051
3450.00 -0.4116 -0.6582 -0.6655 -0.6626 -0.6652 -0.3172
3460.00 -0.4020 -0.5666 -0.5572 -0.5610 -0.5643 -0.3165
3470.00 -0.4065 -0.5857 -0.5830 -0.5904 -0.5886 -0.3250
3480.00 -0.3938 -0.5954 -0.6062 -0.5941 -0.6022 -0.3154
3490.00 -0.3884 -0.5573 -0.5576 -0.5584 -0.5609 -0.3108
3500.00 -0.3840 -0.6855 -0.6916 -0.6803 -0.6881 -0.3073
3510.00 -0.3879 -0.6807 -0.6896 -0.6854 -0.6781 -0.3244
3520.00 -0.3561 -0.9131 -0.9065 -0.9006 -0.8996 -0.3270
3530.00 -0.3981 -0.5667 -0.5580 -0.5626 -0.5612 -0.2928
3540.00 -0.3745 -0.5336 -0.5332 -0.5290 -0.5312 -0.2947
3550.00 -0.4323 -0.6637 -0.6630 -0.6603 -0.6552 -0.3405
3560.00 -0.3847 -0.5970 -0.5869 -0.5963 -0.5885 -0.3040
3570.00 -0.3791 -0.5819 -0.5877 -0.5744 -0.5837 -0.2981
3580.00 -0.4125 -0.6076 -0.6064 -0.6010 -0.6064 -0.3267
3590.00 -0.3860 -0.5092 -0.5006 -0.5050 -0.5055 -0.3036
3600.00 -0.4140 -0.7336 -0.7186 -0.7355 -0.7270 -0.3427
3610.00 -0.3857 -0.6493 -0.6467 -0.6521 -0.6541 -0.3141
3620.00 -0.3970 -0.6405 -0.6376 -0.6456 -0.6370 -0.3059
3630.00 -0.3688 -0.5532 -0.5548 -0.5472 -0.5546 -0.2972
3640.00 -0.4040 -0.5529 -0.5582 -0.5614 -0.5576 -0.3183
3650.00 -0.4175 -0.6361 -0.6352 -0.6373 -0.6376 -0.3313
3660.00 -0.3957 -0.6281 -0.6256 -0.6338 -0.6273 -0.3170
3670.00 -0.3364 -0.6665 -0.6698 -0.6777 -0.6871 -0.2976
3680.00 -0.3937 -0.6630 -0.6499 -0.6615 -0.6604 -0.3184
3690.00 -0.3989 -0.8339 -0.8405 -0.8333 -0.8279 -0.3277
3700.00 -0.4135 -0.5573 -0.5533 -0.5556 -0.5513 -0.3156
3710.00 -0.3716 -0.4824 -0.4860 -0.4819 -0.4905 -0.2915
3720.00 -0.4008 -0.5262 -0.5276 -0.5202 -0.5226 -0.3040
3730.00 -0.4145 -0.5177 -0.5168 -0.5235 -0.5159 -0.3250
3740.00 -0.3669 -0.9081 -0.9129 -0.9013 -0.9135 -0.3330
3750.00 -0.4125 -0.6452 -0.6438 -0.6432 -0.6479 -0.3195
3760.00 -0.3781 -0.5947 -0.5954 -0.5940 -0.5967 -0.3013
3770.00 -0.4166 -0.5664 -0.5677 -0.5658 -0.5581 -0.3259
3780.00 -0.3993 -0.6005 -0.6021 -0.6030 -0.5993 -0.3137
3790.00 -0.3931 -0.5727 -0.5702 -0.5684 -0.5749 -0.3198
3800.00 -0.3999 -0.6751 -0.6828 -0.6882 -0.6832 -0.3258
3810.00 -0.3431 -0.7502 -0.7522 -0.7520 -0.7527 -0.3019
3820.00 -0.3971 -0.6326 -0.6338 -0.6296 -0.6277 -0.3067
3830.00 -0.3837 -0.5747 -0.5786 -0.5752 -0.5800 -0.3031
3840.00 -0.4159 -0.6772 -0.6713 -0.6730 -0.6835 -0.3314
3850.00 -0.3903 -0.5066 -0.5058 -0.5009 -0.5000 -0.3031
3860.00 -0.4121 -0.7625 -0.7671 -0.7676 -0.7706 -0.3320
3870.00 -0.3813 -0.7022 -0.7074 -0.6997 -0.6961 -0.3200
3880.00 -0.3975 -0.5378 -0.5346 -0.5302 -0.5300 -0.3020
3890.00 -0.3894 -0.6815 -0.6784 -0.6834 -0.6864 -0.3326
3900.00 -0.3691 -0.5642 -0.5660 -0.5658 -0.5742 -0.2899
3910.00 -0.3846 -0.5053 -0.5044 -0.5000 -0.4953 -0.2905
3920.00 -0.4380 -0.5845 -0.5817 -0.5844 -0.5814 -0.3267
3930.00 -0.3753 -0.6270 -0.6325 -0.6299 -0.6260 -0.3112
3940.00 -0.3945 -0.6890 -0.6896 -0.6836 -0.6862 -0.3341
3950.00 -0.3786 -0.7584 -0.7512 -0.7568 -0.7648 -0.3148
3960.00 -0.3648 -0.5777 -0.5824 -0.5769 -0.5795 -0.2965
3970.00 -0.4344 -0.5772 -0.5796 -0.5777 -0.5806 -0.3310
3980.00 -0.4147 -0.5647 -0.5623 -0.5653 -0.5643 -0.3235
3990.00 -0.3906 -0.5657 -0.5675 -0.5595 -0.5633 -0.3230
4000.00 -0.3774 -0.7179 -0.7140 -0.7145 -0.7100 -0.3086
