10.00 -0.4745 -0.4967 -0.4890 -0.4938 -0.4916 -0.3143
20.00 -0.4846 -0.5052 -0.5097 -0.4932 -0.4985 -0.3241
30.00 -0.4571 -0.4704 -0.4789 -0.4607 -0.4743 -0.3053
40.00 -0.4688 -0.5019 -0.5009 -0.4948 -0.4955 -0.3167
50.00 -0.4875 -0.5124 -0.5175 -0.5099 -0.4940 -0.3090
60.00 -0.4647 -0.4658 -0.4610 -0.4596 -0.4628 -0.3231
70.00 -0.5053 -0.5022 -0.5135 -0.5108 -0.5040 -0.3177
80.00 -0.4969 -0.4947 -0.5080 -0.5020 -0.4974 -0.3270
90.00 -0.4735 -0.4774 -0.4751 -0.4737 -0.4719 -0.3012
100.00 -0.4842 -0.4877 -0.4942 -0.4890 -0.4900 -0.3202
110.00 -0.5012 -0.5069 -0.5038 -0.4984 -0.4947 -0.3116
120.00 -0.4882 -0.4980 -0.4833 -0.4882 -0.4871 -0.3140
130.00 -0.4834 -0.4952 -0.4783 -0.4833 -0.4933 -0.3223
140.00 -0.4976 -0.4904 -0.4921 -0.4896 -0.4805 -0.3169
150.00 -0.4867 -0.4954 -0.4944 -0.4830 -0.5076 -0.3178
160.00 -0.4762 -0.4951 -0.4820 -0.4790 -0.4684 -0.3171
170.00 -0.5096 -0.5263 -0.5144 -0.5087 -0.5291 -0.3119
180.00 -0.4787 -0.4799 -0.4837 -0.4731 -0.4851 -0.3216
190.00 -0.5078 -0.5050 -0.4770 -0.5088 -0.4876 -0.3061
200.00 -0.4942 -0.4922 -0.5017 -0.5068 -0.5002 -0.3535
210.00 -0.4761 -0.4632 -0.4915 -0.4790 -0.4817 -0.2901
220.00 -0.4915 -0.4672 -0.4823 -0.4878 -0.4872 -0.3173
230.00 -0.4819 -0.4753 -0.4772 -0.4779 -0.4749 -0.3167
240.00 -0.5100 -0.5077 -0.5126 -0.5129 -0.5177 -0.3196
250.00 -0.4644 -0.4890 -0.4919 -0.4921 -0.4914 -0.3051
260.00 -0.5026 -0.5216 -0.5161 -0.5255 -0.5261 -0.3268
270.00 -0.4647 -0.4742 -0.4640 -0.4624 -0.4785 -0.3113
280.00 -0.4743 -0.4755 -0.4778 -0.4588 -0.4663 -0.3096
290.00 -0.5061 -0.5196 -0.5219 -0.5091 -0.5135 -0.3450
300.00 -0.4738 -0.4843 -0.4690 -0.4810 -0.4804 -0.3101
310.00 -0.5352 -0.5390 -0.5268 -0.5382 -0.5302 -0.3431
320.00 -0.4522 -0.4595 -0.4397 -0.4585 -0.4632 -0.2870
330.00 -0.4953 -0.5068 -0.5037 -0.5113 -0.5032 -0.3294
340.00 -0.4964 -0.5083 -0.5159 -0.4971 -0.5068 -0.3264
350.00 -0.4836 -0.4757 -0.4855 -0.4785 -0.4864 -0.3080
360.00 -0.4839 -0.4759 -0.4790 -0.4788 -0.4761 -0.3205
370.00 -0.4785 -0.4930 -0.4698 -0.4799 -0.4774 -0.3153
380.00 -0.4924 -0.4934 -0.4922 -0.5229 -0.5067 -0.3166
390.00 -0.5098 -0.5089 -0.5240 -0.5323 -0.5160 -0.3458
400.00 -0.4677 -0.4804 -0.4698 -0.4775 -0.4829 -0.3088
410.00 -0.4630 -0.4712 -0.4613 -0.4578 -0.4757 -0.3095
420.00 -0.4830 -0.4803 -0.4801 -0.4879 -0.4855 -0.2964
430.00 -0.5522 -0.5453 -0.5364 -0.5422 -0.5411 -0.3461
440.00 -0.4613 -0.4645 -0.4496 -0.4655 -0.4624 -0.3088
450.00 -0.5033 -0.4956 -0.4891 -0.5038 -0.4728 -0.3153
460.00 -0.4713 -0.4866 -0.4727 -0.4806 -0.4732 -0.3142
470.00 -0.4845 -0.4985 -0.4950 -0.4893 -0.4895 -0.3345
480.00 -0.4981 -0.5082 -0.5048 -0.4966 -0.4855 -0.3160
490.00 -0.5129 -0.5197 -0.5153 -0.5183 -0.4928 -0.3200
500.00 -0.5139 -0.5205 -0.5252 -0.5152 -0.5009 -0.3404
510.00 -0.4653 -0.4737 -0.4674 -0.4673 -0.4501 -0.3013
520.00 -0.5062 -0.5073 -0.5066 -0.5075 -0.5001 -0.3328
530.00 -0.4803 -0.4819 -0.4853 -0.4840 -0.4888 -0.3004
540.00 -0.5035 -0.4984 -0.4950 -0.5046 -0.5070 -0.3311
550.00 -0.4643 -0.4772 -0.4731 -0.4771 -0.4707 -0.3007
560.00 -0.4826 -0.4752 -0.4755 -0.4645 -0.4863 -0.3113
570.00 -0.5147 -0.5234 -0.5195 -0.4954 -0.5157 -0.3349
580.00 -0.4994 -0.4907 -0.4950 -0.5035 -0.4989 -0.3280
590.00 -0.4920 -0.4860 -0.4901 -0.4857 -0.4973 -0.3185
600.00 -0.5256 -0.5164 -0.5240 -0.5038 -0.5198 -0.3158
610.00 -0.4800 -0.4847 -0.4738 -0.4852 -0.4743 -0.3038
620.00 -0.4848 -0.4798 -0.4918 -0.4782 -0.4777 -0.3223
630.00 -0.5066 -0.5221 -0.5098 -0.5074 -0.5242 -0.3170
640.00 -0.5219 -0.5079 -0.5106 -0.5087 -0.5231 -0.3251
650.00 -0.4713 -0.4830 -0.4840 -0.4692 -0.4805 -0.3068
660.00 -0.4908 -0.4939 -0.4792 -0.4887 -0.4862 -0.3123
670.00 -0.4885 -0.5028 -0.4991 -0.4995 -0.5088 -0.3238
680.00 -0.4902 -0.4981 -0.4802 -0.4948 -0.4976 -0.3261
690.00 -0.4735 -0.5019 -0.4995 -0.5063 -0.5046 -0.3200
700.00 -0.4904 -0.4999 -0.4819 -0.4928 -0.4819 -0.3223
710.00 -0.4725 -0.4869 -0.4861 -0.4820 -0.4752 -0.3045
720.00 -0.5032 -0.5060 -0.5169 -0.5045 -0.5068 -0.3377
730.00 -0.4706 -0.4813 -0.4680 -0.4763 -0.4747 -0.3157
740.00 -0.4832 -0.4978 -0.4812 -0.4824 -0.4918 -0.3231
750.00 -0.5051 -0.5065 -0.5082 -0.4958 -0.5003 -0.3179
760.00 -0.5104 -0.4884 -0.5032 -0.5046 -0.5014 -0.3046
770.00 -0.4706 -0.4752 -0.4669 -0.4758 -0.4789 -0.3172
780.00 -0.4876 -0.4805 -0.4914 -0.4917 -0.4909 -0.3189
790.00 -0.4965 -0.4887 -0.4926 -0.4951 -0.4702 -0.3223
800.00 -0.4990 -0.5125 -0.4969 -0.5048 -0.5126 -0.3245
810.00 -0.5183 -0.5152 -0.5126 -0.5048 -0.5130 -0.3383
820.00 -0.4729 -0.4837 -0.4783 -0.4677 -0.4765 -0.3043
830.00 -0.4614 -0.4903 -0.4919 -0.4909 -0.4796 -0.3137
840.00 -0.4840 -0.4954 -0.4756 -0.4814 -0.4750 -0.3154
850.00 -0.5006 -0.5045 -0.4976 -0.4994 -0.4960 -0.3168
860.00 -0.5030 -0.5141 -0.4781 -0.5035 -0.4984 -0.3245
870.00 -0.5044 -0.5025 -0.5060 -0.5023 -0.5044 -0.3092
880.00 -0.4711 -0.4720 -0.4727 -0.4534 -0.4703 -0.3262
890.00 -0.5035 -0.4992 -0.5076 -0.4842 -0.4893 -0.3070
900.00 -0.4767 -0.4734 -0.4748 -0.4759 -0.4766 -0.3155
910.00 -0.4878 -0.5119 -0.5001 -0.4845 -0.5041 -0.3290
920.00 -0.4736 -0.4787 -0.4794 -0.4875 -0.4741 -0.3232
930.00 -0.5111 -0.5179 -0.5087 -0.5140 -0.5101 -0.3115
940.00 -0.4767 -0.4647 -0.4629 -0.4678 -0.4753 -0.3146
950.00 -0.4919 -0.4963 -0.4906 -0.4716 -0.4889 -0.3068
960.00 -0.5342 -0.5499 -0.5504 -0.5507 -0.5240 -0.3277
970.00 -0.4566 -0.4643 -0.4682 -0.4607 -0.4638 -0.2969
980.00 -0.4703 -0.4745 -0.4786 -0.4720 -0.4774 -0.3134
990.00 -0.4772 -0.5014 -0.4960 -0.4907 -0.4933 -0.3242
1000.00 -0.5164 -0.5392 -0.5377 -0.5305 -0.5394 -0.3305
1010.00 -0.5374 -0.8511 -0.8565 -0.8656 -0.8413 -0.3141
1020.00 -0.6276 -1.0823 -1.1010 -1.0844 -1.0971 -0.3380
1030.00 -0.6329 -1.2192 -1.2168 -1.2292 -1.2260 -0.3342
1040.00 -0.5978 -1.1422 -1.1312 -1.1393 -1.1406 -0.3219
1050.00 -0.4681 -0.6768 -0.6731 -0.6649 -0.6826 -0.3130
1060.00 -0.4157 -0.5260 -0.5247 -0.5279 -0.5195 -0.2951
1070.00 -0.4481 -0.5584 -0.5627 -0.5652 -0.5637 -0.3255
1080.00 -0.4379 -0.4933 -0.4965 -0.4873 -0.4805 -0.3223
1090.00 -0.4349 -0.5416 -0.5449 -0.5347 -0.5553 -0.3149
1100.00 -0.4560 -0.5536 -0.5576 -0.5576 -0.5515 -0.3347
1110.00 -0.4339 -0.4825 -0.4882 -0.4841 -0.4799 -0.3019
1120.00 -0.4721 -0.5516 -0.5451 -0.5495 -0.5409 -0.3431
1130.00 -0.4252 -0.4829 -0.4838 -0.4761 -0.4831 -0.3100
1140.00 -0.4464 -0.4941 -0.5058 -0.4976 -0.5050 -0.3195
1150.00 -0.4676 -0.5226 -0.5193 -0.5171 -0.5129 -0.3206
1160.00 -0.4414 -0.4809 -0.4752 -0.4754 -0.4810 -0.3160
1170.00 -0.4801 -0.5387 -0.5458 -0.5448 -0.5527 -0.3358
1180.00 -0.4645 -0.4963 -0.4889 -0.4991 -0.4910 -0.3184
1190.00 -0.4695 -0.4741 -0.4802 -0.4785 -0.4713 -0.3021
1200.00 -0.4591 -0.4804 -0.4859 -0.4832 -0.4802 -0.3181
1210.00 -0.4659 -0.4850 -0.4933 -0.4941 -0.4977 -0.3074
1220.00 -0.5035 -0.5268 -0.5362 -0.5377 -0.5059 -0.3328
1230.00 -0.4584 -0.4651 -0.4633 -0.4622 -0.4486 -0.3024
1240.00 -0.4891 -0.4906 -0.4965 -0.4976 -0.4979 -0.3145
1250.00 -0.5008 -0.5119 -0.5021 -0.5100 -0.5028 -0.3281
1260.00 -0.4833 -0.4867 -0.4922 -0.4945 -0.4928 -0.3263
1270.00 -0.4850 -0.4948 -0.4911 -0.5015 -0.4854 -0.3010
1280.00 -0.4951 -0.5191 -0.4959 -0.5113 -0.5147 -0.3297
1290.00 -0.4857 -0.4949 -0.4947 -0.5011 -0.4998 -0.3133
1300.00 -0.4586 -0.4590 -0.4697 -0.4701 -0.4682 -0.3091
1310.00 -0.4999 -0.5030 -0.4999 -0.5114 -0.5151 -0.3192
1320.00 -0.4923 -0.5038 -0.4996 -0.5093 -0.5022 -0.3287
1330.00 -0.4690 -0.4719 -0.4777 -0.4691 -0.4769 -0.3038
1340.00 -0.4915 -0.5038 -0.5035 -0.4950 -0.5023 -0.3212
1350.00 -0.4616 -0.4858 -0.4799 -0.4639 -0.4811 -0.3100
1360.00 -0.4711 -0.5089 -0.5099 -0.5128 -0.5191 -0.3239
1370.00 -0.4762 -0.5008 -0.5023 -0.5074 -0.5023 -0.3256
1380.00 -0.4817 -0.5224 -0.5175 -0.5127 -0.5213 -0.3251
1390.00 -0.4621 -0.4787 -0.4792 -0.4751 -0.4714 -0.3199
1400.00 -0.4624 -0.4862 -0.4923 -0.4850 -0.4823 -0.3114
1410.00 -0.4906 -0.5036 -0.5046 -0.5065 -0.4912 -0.3157
1420.00 -0.4857 -0.4761 -0.4924 -0.4786 -0.4844 -0.3259
1430.00 -0.4906 -0.4948 -0.4885 -0.4739 -0.4956 -0.3086
1440.00 -0.4502 -0.4638 -0.4697 -0.4645 -0.4589 -0.3002
1450.00 -0.4830 -0.5252 -0.5323 -0.5282 -0.5069 -0.3188
1460.00 -0.4583 -0.4889 -0.4923 -0.4898 -0.4869 -0.3131
1470.00 -0.4996 -0.5159 -0.5025 -0.5013 -0.5057 -0.3329
1480.00 -0.4775 -0.5152 -0.5121 -0.5074 -0.5182 -0.3221
1490.00 -0.4416 -0.4748 -0.4853 -0.4772 -0.4853 -0.3025
1500.00 -0.4695 -0.4908 -0.5040 -0.4861 -0.5002 -0.3167
1510.00 -0.5065 -0.5283 -0.5369 -0.5222 -0.5309 -0.3378
1520.00 -0.4532 -0.4844 -0.4924 -0.4745 -0.4881 -0.3006
1530.00 -0.4855 -0.5139 -0.5144 -0.5258 -0.5312 -0.3429
1540.00 -0.4681 -0.4660 -0.4776 -0.4779 -0.4697 -0.3157
1550.00 -0.4690 -0.5180 -0.5302 -0.5166 -0.5166 -0.3198
1560.00 -0.4760 -0.5344 -0.5390 -0.5388 -0.5283 -0.3221
1570.00 -0.4461 -0.5183 -0.5102 -0.5167 -0.5185 -0.3142
1580.00 -0.4465 -0.4763 -0.4833 -0.4717 -0.4715 -0.3156
1590.00 -0.4510 -0.5609 -0.5704 -0.5624 -0.5645 -0.3316
1600.00 -0.3990 -0.5549 -0.5568 -0.5541 -0.5536 -0.3160
1610.00 -0.4397 -0.6781 -0.6849 -0.6797 -0.6836 -0.3332
1620.00 -0.4343 -0.6311 -0.6230 -0.6307 -0.6277 -0.3426
1630.00 -0.3992 -0.6353 -0.6268 -0.6344 -0.6340 -0.3169
1640.00 -0.4136 -0.7414 -0.7409 -0.7451 -0.7385 -0.3115
1650.00 -0.4319 -0.6087 -0.6060 -0.6122 -0.6175 -0.3330
1660.00 -0.4207 -0.6146 -0.6140 -0.6180 -0.6169 -0.3193
1670.00 -0.4387 -0.7822 -0.7799 -0.7770 -0.7722 -0.3393
1680.00 -0.3959 -0.5935 -0.5922 -0.5872 -0.5991 -0.2928
1690.00 -0.4178 -0.6423 -0.6442 -0.6445 -0.6500 -0.3156
1700.00 -0.4387 -0.7113 -0.7135 -0.7179 -0.7176 -0.3385
1710.00 -0.4173 -0.5774 -0.5744 -0.5743 -0.5760 -0.3197
1720.00 -0.4388 -0.6697 -0.6790 -0.6740 -0.6755 -0.3372
1730.00 -0.4136 -0.5335 -0.5343 -0.5324 -0.5297 -0.3121
1740.00 -0.4019 -0.5855 -0.5831 -0.5906 -0.5900 -0.2991
1750.00 -0.4468 -0.7108 -0.7165 -0.7099 -0.7126 -0.3391
1760.00 -0.4240 -0.5971 -0.5953 -0.5964 -0.5959 -0.3283
1770.00 -0.4203 -0.5955 -0.5937 -0.5961 -0.5964 -0.3208
1780.00 -0.4303 -0.6862 -0.6818 -0.6909 -0.6857 -0.3331
1790.00 -0.4006 -0.6517 -0.6615 -0.6482 -0.6542 -0.3011
1800.00 -0.4306 -0.7117 -0.7097 -0.7151 -0.7037 -0.3214
1810.00 -0.4362 -0.6330 -0.6486 -0.6369 -0.6390 -0.3251
1820.00 -0.4249 -0.6464 -0.6434 -0.6427 -0.6366 -0.3238
1830.00 -0.4272 -0.5627 -0.5638 -0.5686 -0.5705 -0.3210
1840.00 -0.4097 -0.6238 -0.6091 -0.6253 -0.6188 -0.3021
1850.00 -0.4329 -0.5603 -0.5587 -0.5513 -0.5613 -0.3250
1860.00 -0.4482 -0.6615 -0.6656 -0.6626 -0.6733 -0.3342
1870.00 -0.4113 -0.5555 -0.5573 -0.5608 -0.5568 -0.3148
1880.00 -0.4346 -0.6531 -0.6521 -0.6504 -0.6530 -0.3221
1890.00 -0.4234 -0.5583 -0.5678 -0.5654 -0.5666 -0.3213
1900.00 -0.4047 -0.5840 -0.5754 -0.5761 -0.5837 -0.3105
1910.00 -0.4467 -0.6916 -0.6885 -0.6976 -0.6975 -0.3402
1920.00 -0.4391 -0.7170 -0.7350 -0.7144 -0.7228 -0.3251
1930.00 -0.4111 -0.6109 -0.5935 -0.6038 -0.5981 -0.3198
1940.00 -0.4167 -0.6602 -0.6601 -0.6633 -0.6618 -0.3099
1950.00 -0.4301 -0.5892 -0.5968 -0.5956 -0.5904 -0.3303
1960.00 -0.4153 -0.8245 -0.8309 -0.8297 -0.8248 -0.3267
1970.00 -0.4210 -0.6260 -0.6289 -0.6223 -0.6257 -0.3220
1980.00 -0.4463 -0.6803 -0.6795 -0.6765 -0.6744 -0.3349
1990.00 -0.3950 -0.4859 -0.4897 -0.4925 -0.4904 -0.3056
2000.00 -0.4221 -0.7042 -0.7021 -0.7041 -0.6990 -0.3255
2010.00 -0.4285 -0.5931 -0.5963 -0.5841 -0.5930 -0.3287
2020.00 -0.4383 -0.6930 -0.6968 -0.6943 -0.7024 -0.3361
2030.00 -0.4246 -0.7103 -0.7124 -0.7190 -0.7117 -0.3239
2040.00 -0.4208 -0.5493 -0.5520 -0.5578 -0.5469 -0.3168
2050.00 -0.3959 -0.5833 -0.5886 -0.5852 -0.5919 -0.3084
2060.00 -0.4163 -0.6392 -0.6400 -0.6398 -0.6410 -0.3283
2070.00 -0.4498 -0.9836 -0.9759 -0.9809 -0.9784 -0.3360
2080.00 -0.3977 -0.5184 -0.5271 -0.5222 -0.5170 -0.3073
2090.00 -0.4527 -0.7337 -0.7316 -0.7351 -0.7366 -0.3366
2100.00 -0.4160 -0.5163 -0.5151 -0.5088 -0.5149 -0.3194
2110.00 -0.4093 -0.5974 -0.5903 -0.5942 -0.5951 -0.3088
2120.00 -0.4646 -0.7924 -0.8067 -0.8097 -0.7907 -0.3542
2130.00 -0.3939 -0.5960 -0.5910 -0.5842 -0.5878 -0.3016
2140.00 -0.4107 -0.6405 -0.6401 -0.6392 -0.6351 -0.3144
2150.00 -0.4214 -0.7243 -0.7253 -0.7336 -0.7332 -0.3255
2160.00 -0.4134 -0.5706 -0.5644 -0.5764 -0.5722 -0.3179
2170.00 -0.4204 -0.6074 -0.6114 -0.6034 -0.6078 -0.3178
2180.00 -0.4033 -0.6379 -0.6370 -0.6335 -0.6359 -0.3065
2190.00 -0.4394 -0.7921 -0.7812 -0.7918 -0.7952 -0.3401
2200.00 -0.4336 -0.6502 -0.6468 -0.6535 -0.6522 -0.3245
2210.00 -0.3930 -0.5303 -0.5219 -0.5224 -0.5253 -0.3158
2220.00 -0.4480 -0.7626 -0.7571 -0.7614 -0.7657 -0.3455
2230.00 -0.4044 -0.6662 -0.6712 -0.6683 -0.6630 -0.2969
2240.00 -0.4173 -0.5743 -0.5754 -0.5776 -0.5807 -0.3211
2250.00 -0.4464 -0.7589 -0.7618 -0.7529 -0.7547 -0.3455
2260.00 -0.3782 -0.7035 -0.7016 -0.7034 -0.7051 -0.3002
2270.00 -0.4292 -0.6891 -0.7024 -0.6998 -0.6900 -0.3150
2280.00 -0.4268 -0.6455 -0.6426 -0.6442 -0.6439 -0.3296
2290.00 -0.4247 -0.6306 -0.6295 -0.6360 -0.6348 -0.3208
2300.00 -0.4153 -0.5540 -0.5454 -0.5496 -0.5498 -0.3162
2310.00 -0.4392 -0.7889 -0.7913 -0.7801 -0.7925 -0.3373
2320.00 -0.3971 -0.5376 -0.5272 -0.5382 -0.5309 -0.3061
2330.00 -0.4131 -0.7127 -0.7179 -0.7131 -0.7195 -0.3191
2340.00 -0.4335 -0.7294 -0.7328 -0.7325 -0.7329 -0.3292
2350.00 -0.4269 -0.6822 -0.6819 -0.6731 -0.6750 -0.3255
2360.00 -0.4089 -0.6323 -0.6280 -0.6235 -0.6343 -0.3177
2370.00 -0.4311 -0.6115 -0.6078 -0.6089 -0.6057 -0.3296
2380.00 -0.4128 -0.6039 -0.6071 -0.6036 -0.6093 -0.3233
2390.00 -0.4386 -0.8795 -0.8745 -0.8786 -0.8675 -0.3368
2400.00 -0.4156 -0.6272 -0.6339 -0.6378 -0.6289 -0.3185
2410.00 -0.4298 -0.6646 -0.6637 -0.6693 -0.6719 -0.3283
2420.00 -0.4222 -0.7937 -0.7925 -0.7940 -0.7900 -0.3219
2430.00 -0.4168 -0.5922 -0.5893 -0.5926 -0.5893 -0.3138
2440.00 -0.4168 -0.5634 -0.5630 -0.5548 -0.5544 -0.3111
2450.00 -0.4279 -0.6140 -0.6152 -0.6071 -0.6187 -0.3233
2460.00 -0.4358 -0.7682 -0.7637 -0.7728 -0.7737 -0.3321
2470.00 -0.4197 -0.7448 -0.7502 -0.7508 -0.7428 -0.3235
2480.00 -0.4263 -0.5754 -0.5771 -0.5773 -0.5812 -0.3122
2490.00 -0.4087 -0.6134 -0.6054 -0.6119 -0.6120 -0.3142
2500.00 -0.4045 -0.7007 -0.7021 -0.7109 -0.7024 -0.3224
2510.00 -0.4455 -0.7664 -0.7660 -0.7654 -0.7696 -0.3384
2520.00 -0.3960 -0.8442 -0.8377 -0.8397 -0.8424 -0.3189
2530.00 -0.4353 -0.8530 -0.8547 -0.8464 -0.8429 -0.3435
2540.00 -0.4306 -0.7467 -0.7537 -0.7549 -0.7566 -0.3126
2550.00 -0.4037 -0.5110 -0.5108 -0.5060 -0.5165 -0.3026
2560.00 -0.4262 -0.5934 -0.5965 -0.6034 -0.6016 -0.3230
2570.00 -0.4456 -0.6901 -0.6913 -0.6820 -0.6840 -0.3368
2580.00 -0.4042 -0.6622 -0.6639 -0.6487 -0.6595 -0.3149
2590.00 -0.4208 -0.6698 -0.6691 -0.6672 -0.6789 -0.3230
2600.00 -0.4284 -0.6556 -0.6429 -0.6437 -0.6421 -0.3249
2610.00 -0.3961 -0.5647 -0.5603 -0.5617 -0.5517 -0.2968
2620.00 -0.4272 -0.5885 -0.5914 -0.6029 -0.5874 -0.3336
2630.00 -0.4380 -0.7449 -0.7432 -0.7401 -0.7431 -0.3381
2640.00 -0.4496 -0.6209 -0.6242 -0.6272 -0.6224 -0.3406
2650.00 -0.3868 -1.0396 -1.0416 -1.0416 -1.0445 -0.3099
2660.00 -0.4407 -0.6441 -0.6478 -0.6437 -0.6426 -0.3220
2670.00 -0.3946 -0.5907 -0.5916 -0.5882 -0.5932 -0.3016
2680.00 -0.4417 -0.6283 -0.6249 -0.6285 -0.6327 -0.3397
2690.00 -0.4242 -0.6585 -0.6483 -0.6612 -0.6587 -0.3274
2700.00 -0.4167 -0.5638 -0.5588 -0.5524 -0.5580 -0.3210
2710.00 -0.4264 -0.6639 -0.6715 -0.6702 -0.6692 -0.3254
2720.00 -0.4208 -0.6468 -0.6430 -0.6506 -0.6479 -0.3276
2730.00 -0.4153 -0.6985 -0.6907 -0.6927 -0.6974 -0.3160
2740.00 -0.3911 -0.5049 -0.5048 -0.5130 -0.5118 -0.3060
2750.00 -0.4213 -0.6603 -0.6515 -0.6560 -0.6557 -0.3212
2760.00 -0.4396 -0.6625 -0.6596 -0.6664 -0.6548 -0.3256
2770.00 -0.4063 -0.6069 -0.6039 -0.6031 -0.6170 -0.3219
2780.00 -0.4390 -1.0064 -1.0094 -1.0134 -1.0085 -0.3473
2790.00 -0.4442 -0.7781 -0.7852 -0.7751 -0.7839 -0.3382
2800.00 -0.3745 -0.5216 -0.5205 -0.5173 -0.5162 -0.2880
2810.00 -0.4527 -0.7614 -0.7665 -0.7668 -0.7658 -0.3430
2820.00 -0.4086 -0.5350 -0.5407 -0.5392 -0.5367 -0.3016
2830.00 -0.4232 -0.6759 -0.6861 -0.6727 -0.6772 -0.3275
2840.00 -0.4321 -0.6767 -0.6772 -0.6700 -0.6750 -0.3337
2850.00 -0.3950 -0.4874 -0.4807 -0.4828 -0.4877 -0.3043
2860.00 -0.4582 -0.7207 -0.7118 -0.7151 -0.7081 -0.3523
2870.00 -0.4203 -0.5979 -0.5942 -0.6031 -0.5962 -0.3164
2880.00 -0.4199 -0.5324 -0.5337 -0.5366 -0.5389 -0.3255
2890.00 -0.4299 -0.6600 -0.6533 -0.6598 -0.6506 -0.3299
2900.00 -0.4164 -0.8147 -0.8207 -0.8179 -0.8226 -0.3089
2910.00 -0.3914 -0.4937 -0.5011 -0.4960 -0.4936 -0.3049
2920.00 -0.4636 -0.8351 -0.8410 -0.8437 -0.8402 -0.3447
2930.00 -0.4342 -0.6385 -0.6424 -0.6339 -0.6376 -0.3305
2940.00 -0.3893 -0.9100 -0.9162 -0.9167 -0.9122 -0.3130
2950.00 -0.3891 -0.8173 -0.8153 -0.8129 -0.8148 -0.3009
2960.00 -0.4405 -0.8126 -0.8098 -0.8166 -0.8081 -0.3359
2970.00 -0.4348 -0.6166 -0.6133 -0.6064 -0.6137 -0.3251
2980.00 -0.4054 -0.5559 -0.5526 -0.5592 -0.5504 -0.3010
2990.00 -0.4524 -0.6660 -0.6695 -0.6686 -0.6639 -0.3340
3000.00 -0.4058 -0.4734 -0.4809 -0.4762 -0.4765 -0.3131
3010.00 -0.4277 -0.6207 -0.6150 -0.6134 -0.6163 -0.3198
3020.00 -0.4435 -0.8206 -0.8174 -0.8203 -0.8225 -0.3385
3030.00 -0.4332 -0.6674 -0.6692 -0.6624 -0.6654 -0.3280
3040.00 -0.3878 -0.5691 -0.5712 -0.5749 -0.5731 -0.3109
3050.00 -0.4326 -0.8735 -0.8649 -0.8558 -0.8689 -0.3361
3060.00 -0.4286 -0.6594 -0.6617 -0.6686 -0.6630 -0.3253
3070.00 -0.4013 -0.5736 -0.5697 -0.5723 -0.5726 -0.2999
3080.00 -0.4208 -0.8362 -0.8372 -0.8336 -0.8347 -0.3426
3090.00 -0.4113 -0.8279 -0.8238 -0.8351 -0.8257 -0.3286
3100.00 -0.4466 -0.6413 -0.6381 -0.6396 -0.6434 -0.3364
3110.00 -0.4156 -0.6916 -0.6967 -0.6940 -0.6946 -0.3131
3120.00 -0.4347 -0.5977 -0.6064 -0.6039 -0.5992 -0.3201
3130.00 -0.4053 -0.5718 -0.5743 -0.5754 -0.5778 -0.3129
3140.00 -0.4345 -0.6442 -0.6337 -0.6376 -0.6356 -0.3318
3150.00 -0.4125 -0.7077 -0.7126 -0.7019 -0.7102 -0.3195
3160.00 -0.4277 -0.8544 -0.8551 -0.8631 -0.8686 -0.3488
3170.00 -0.4112 -0.9331 -0.9338 -0.9383 -0.9272 -0.3072
3180.00 -0.4114 -0.6108 -0.6056 -0.6026 -0.6061 -0.3159
3190.00 -0.4273 -0.5690 -0.5755 -0.5730 -0.5809 -0.3176
3200.00 -0.4294 -0.6277 -0.6279 -0.6269 -0.6206 -0.3272
3210.00 -0.4154 -0.7317 -0.7309 -0.7280 -0.7301 -0.3212
3220.00 -0.4269 -0.6608 -0.6565 -0.6601 -0.6525 -0.3199
3230.00 -0.4457 -0.5952 -0.5956 -0.6012 -0.6047 -0.3311
3240.00 -0.3993 -0.6179 -0.6129 -0.6225 -0.6089 -0.3076
3250.00 -0.4500 -0.7731 -0.7713 -0.7800 -0.7794 -0.3489
3260.00 -0.4119 -0.5510 -0.5508 -0.5523 -0.5512 -0.2958
3270.00 -0.4401 -0.5863 -0.5938 -0.5920 -0.5901 -0.3260
3280.00 -0.4384 -0.7037 -0.6999 -0.7122 -0.7045 -0.3447
3290.00 -0.4341 -0.7947 -0.7970 -0.7899 -0.7955 -0.3414
3300.00 -0.4048 -0.7097 -0.7213 -0.7122 -0.7144 -0.3225
3310.00 -0.4067 -0.9615 -0.9719 -0.9594 -0.9586 -0.3100
3320.00 -0.4137 -0.5301 -0.5274 -0.5258 -0.5250 -0.3056
3330.00 -0.4220 -0.6382 -0.6473 -0.6318 -0.6475 -0.3296
3340.00 -0.4225 -0.6070 -0.6063 -0.5987 -0.6094 -0.3136
3350.00 -0.4238 -0.6557 -0.6540 -0.6623 -0.6705 -0.3186
3360.00 -0.4235 -0.6925 -0.6903 -0.6928 -0.6904 -0.3194
3370.00 -0.4121 -0.5586 -0.5583 -0.5579 -0.5584 -0.3090
3380.00 -0.4411 -0.7327 -0.7366 -0.7396 -0.7404 -0.3260
3390.00 -0.4152 -0.5604 -0.5584 -0.5585 -0.5498 -0.3183
3400.00 -0.4388 -0.6261 -0.6338 -0.6260 -0.6305 -0.3155
3410.00 -0.4411 -0.7563 -0.7539 -0.7561 -0.7569 -0.3498
3420.00 -0.4126 -0.7519 -0.7635 -0.7575 -0.7653 -0.3150
3430.00 -0.3787 -0.5628 -0.5635 -0.5537 -0.5616 -0.2931
3440.00 -0.4455 -0.8445 -0.8347 -0.8496 -0.8472 -0.3386
3450.00 -0.4199 -0.7702 -0.7803 -0.7713 -0.7647 -0.3431
3460.00 -0.3960 -0.6725 -0.6765 -0.6741 -0.6668 -0.3030
3470.00 -0.4532 -0.6736 -0.6675 -0.6665 -0.6684 -0.3283
3480.00 -0.4133 -0.6268 -0.6171 -0.6283 -0.6287 -0.3256
3490.00 -0.4227 -0.7037 -0.7037 -0.7077 -0.7014 -0.3179
3500.00 -0.3991 -0.6810 -0.6827 -0.6843 -0.6860 -0.3095
3510.00 -0.4593 -0.7541 -0.7564 -0.7617 -0.7589 -0.3493
3520.00 -0.4057 -0.7395 -0.7371 -0.7498 -0.7408 -0.3216
3530.00 -0.4274 -0.5743 -0.5766 -0.5705 -0.5719 -0.3108
3540.00 -0.4339 -0.7040 -0.7033 -0.6938 -0.7073 -0.3332
3550.00 -0.4065 -0.9732 -0.9611 -0.9670 -0.9645 -0.3378
3560.00 -0.4074 -0.6318 -0.6229 -0.6222 -0.6229 -0.3071
3570.00 -0.4246 -0.7530 -0.7503 -0.7640 -0.7540 -0.3218
3580.00 -0.3997 -0.5454 -0.5446 -0.5500 -0.5499 -0.3151
3590.00 -0.4233 -0.5768 -0.5770 -0.5741 -0.5655 -0.3122
3600.00 -0.4575 -0.5919 -0.5972 -0.5978 -0.5926 -0.3426
3610.00 -0.4512 -0.7488 -0.7504 -0.7481 -0.7524 -0.3370
3620.00 -0.4014 -0.6577 -0.6649 -0.6587 -0.6583 -0.3094
3630.00 -0.4111 -0.6766 -0.6653 -0.6709 -0.6731 -0.3193
3640.00 -0.4290 -0.8662 -0.8651 -0.8674 -0.8652 -0.3286
3650.00 -0.4086 -0.5127 -0.5197 -0.5199 -0.5192 -0.3030
3660.00 -0.4322 -0.6924 -0.6928 -0.6944 -0.6955 -0.3301
3670.00 -0.4182 -0.6297 -0.6214 -0.6335 -0.6417 -0.3211
3680.00 -0.4212 -0.5948 -0.5973 -0.5941 -0.5956 -0.3228
3690.00 -0.4003 -0.5823 -0.5735 -0.5865 -0.5789 -0.3015
3700.00 -0.4402 -0.8510 -0.8560 -0.8545 -0.8630 -0.3395
3710.00 -0.4013 -0.7785 -0.7863 -0.7786 -0.7842 -0.3191
3720.00 -0.4241 -0.6726 -0.6711 -0.6806 -0.6705 -0.3242
3730.00 -0.4424 -0.7566 -0.7524 -0.7452 -0.7550 -0.3365
3740.00 -0.4078 -0.7218 -0.7261 -0.7278 -0.7302 -0.3160
3750.00 -0.4237 -0.6226 -0.6195 -0.6168 -0.6203 -0.3112
3760.00 -0.4092 -0.5350 -0.5386 -0.5389 -0.5306 -0.3217
3770.00 -0.4276 -0.6647 -0.6643 -0.6671 -0.6718 -0.3208
3780.00 -0.4070 -0.6106 -0.6162 -0.6112 -0.6116 -0.3077
3790.00 -0.4288 -0.5995 -0.5909 -0.5962 -0.5928 -0.3235
3800.00 -0.4433 -0.8797 -0.8863 -0.8822 -0.8820 -0.3532
3810.00 -0.4277 -0.6843 -0.6841 -0.6857 -0.6923 -0.3099
3820.00 -0.4236 -0.6370 -0.6406 -0.6378 -0.6393 -0.3277
3830.00 -0.4147 -0.6066 -0.6061 -0.6079 -0.6001 -0.3156
3840.00 -0.4448 -0.7444 -0.7235 -0.7281 -0.7347 -0.3343
3850.00 -0.3926 -0.6706 -0.6858 -0.6824 -0.6770 -0.3120
3860.00 -0.4298 -0.7196 -0.7153 -0.7084 -0.7118 -0.3308
3870.00 -0.4458 -0.8415 -0.8343 -0.8434 -0.8467 -0.3183
3880.00 -0.3993 -0.6107 -0.6083 -0.6108 -0.6006 -0.3210
3890.00 -0.4155 -0.6618 -0.6690 -0.6584 -0.6653 -0.3120
3900.00 -0.4340 -0.5562 -0.5592 -0.5569 -0.5635 -0.3347
3910.00 -0.4112 -0.8564 -0.8718 -0.8632 -0.8579 -0.3342
3920.00 -0.4144 -0.8294 -0.8335 -0.8294 -0.8249 -0.3015
3930.00 -0.4281 -0.6161 -0.6179 -0.6264 -0.6170 -0.3307
3940.00 -0.4278 -0.7119 -0.7043 -0.6964 -0.6948 -0.3269
3950.00 -0.4253 -0.5816 -0.5893 -0.5858 -0.5787 -0.3119
3960.00 -0.4400 -0.6051 -0.5998 -0.6001 -0.6010 -0.3315
3970.00 -0.4184 -0.5757 -0.5728 -0.5683 -0.5803 -0.3149
3980.00 -0.4071 -0.5459 -0.5434 -0.5411 -0.5483 -0.3149
3990.00 -0.4372 -0.7279 -0.7335 -0.7347 -0.7320 -0.3289
4000.00 -0.4035 -0.8518 -0.8474 -0.8514 -0.8463 -0.3293
