10.00 -0.4532 -0.4616 -0.4734 -0.4637 -0.4605 -0.3057
20.00 -0.4769 -0.4951 -0.4826 -0.4950 -0.4844 -0.3086
30.00 -0.4792 -0.4904 -0.4764 -0.4883 -0.4913 -0.3244
40.00 -0.4756 -0.4807 -0.4889 -0.4801 -0.4854 -0.3228
50.00 -0.4675 -0.4671 -0.4716 -0.4548 -0.4734 -0.3128
60.00 -0.4814 -0.4909 -0.4992 -0.4912 -0.4932 -0.3120
70.00 -0.4651 -0.4753 -0.4711 -0.4695 -0.4623 -0.3066
80.00 -0.4784 -0.4943 -0.4771 -0.4723 -0.4822 -0.3242
90.00 -0.4885 -0.4717 -0.4877 -0.4781 -0.4638 -0.3189
100.00 -0.4826 -0.4830 -0.4916 -0.5003 -0.4740 -0.3076
110.00 -0.4616 -0.4715 -0.4638 -0.4589 -0.4597 -0.3104
120.00 -0.5052 -0.5145 -0.4876 -0.4994 -0.4880 -0.3167
130.00 -0.4485 -0.4428 -0.4410 -0.4359 -0.4413 -0.2969
140.00 -0.4812 -0.4912 -0.4912 -0.4853 -0.4904 -0.3250
150.00 -0.4865 -0.4720 -0.4804 -0.4746 -0.4766 -0.3128
160.00 -0.4606 -0.4645 -0.4644 -0.4606 -0.4658 -0.2979
170.00 -0.4808 -0.4726 -0.4833 -0.4818 -0.4759 -0.3254
180.00 -0.4565 -0.4405 -0.4432 -0.4474 -0.4501 -0.2941
190.00 -0.5102 -0.4950 -0.5060 -0.4913 -0.5077 -0.3217
200.00 -0.4850 -0.4866 -0.4894 -0.4828 -0.4953 -0.3208
210.00 -0.4688 -0.4555 -0.4629 -0.4624 -0.4776 -0.3021
220.00 -0.4785 -0.4776 -0.4824 -0.4857 -0.4750 -0.3084
230.00 -0.4777 -0.4721 -0.4737 -0.4661 -0.4716 -0.3288
240.00 -0.5096 -0.4911 -0.4952 -0.5024 -0.5016 -0.3119
250.00 -0.4613 -0.4605 -0.4610 -0.4689 -0.4646 -0.3060
260.00 -0.5025 -0.4965 -0.4919 -0.4949 -0.4935 -0.3197
270.00 -0.4606 -0.4393 -0.4476 -0.4622 -0.4541 -0.2977
280.00 -0.4685 -0.4721 -0.4754 -0.4847 -0.4803 -0.3065
290.00 -0.5099 -0.5074 -0.5009 -0.4993 -0.5033 -0.3307
300.00 -0.4443 -0.4498 -0.4423 -0.4286 -0.4388 -0.2914
310.00 -0.4951 -0.4998 -0.4978 -0.4944 -0.4995 -0.3154
320.00 -0.4973 -0.4970 -0.5014 -0.4931 -0.4935 -0.3335
330.00 -0.4367 -0.4503 -0.4483 -0.4489 -0.4363 -0.2938
340.00 -0.4818 -0.4885 -0.4630 -0.4893 -0.4885 -0.3183
350.00 -0.4811 -0.4790 -0.4549 -0.4885 -0.4984 -0.3105
360.00 -0.4981 -0.4996 -0.5022 -0.4941 -0.5069 -0.3182
370.00 -0.4598 -0.4571 -0.4579 -0.4634 -0.4577 -0.3149
380.00 -0.4908 -0.4911 -0.5085 -0.5105 -0.4784 -0.3122
390.00 -0.4740 -0.4683 -0.4698 -0.4769 -0.4488 -0.3143
400.00 -0.4917 -0.4913 -0.4853 -0.4971 -0.4862 -0.3169
410.00 -0.4761 -0.4676 -0.4707 -0.4687 -0.4576 -0.2957
420.00 -0.5106 -0.4896 -0.5224 -0.5122 -0.5046 -0.3322
430.00 -0.4761 -0.4692 -0.4800 -0.4883 -0.4829 -0.3116
440.00 -0.4635 -0.4600 -0.4565 -0.4632 -0.4553 -0.2983
450.00 -0.4683 -0.4692 -0.4674 -0.4628 -0.4712 -0.3197
460.00 -0.4719 -0.5041 -0.4835 -0.4903 -0.5032 -0.3127
470.00 -0.4785 -0.4717 -0.4781 -0.4844 -0.4813 -0.3091
480.00 -0.4474 -0.4467 -0.4447 -0.4587 -0.4578 -0.2899
490.00 -0.4866 -0.4919 -0.4880 -0.4956 -0.4946 -0.3243
500.00 -0.4861 -0.4780 -0.4800 -0.4795 -0.4803 -0.3100
510.00 -0.4632 -0.4674 -0.4626 -0.4668 -0.4683 -0.3079
520.00 -0.4590 -0.4748 -0.4849 -0.4814 -0.4817 -0.3141
530.00 -0.4855 -0.4988 -0.4878 -0.4948 -0.4825 -0.3158
540.00 -0.4671 -0.4570 -0.4778 -0.4811 -0.4692 -0.3250
550.00 -0.4647 -0.4627 -0.4696 -0.4681 -0.4733 -0.3031
560.00 -0.4914 -0.5046 -0.4877 -0.5000 -0.4982 -0.3207
570.00 -0.4456 -0.4414 -0.4446 -0.4480 -0.4358 -0.2992
580.00 -0.4721 -0.4739 -0.4823 -0.4621 -0.4710 -0.3087
590.00 -0.4778 -0.4710 -0.4873 -0.4612 -0.4663 -0.3042
600.00 -0.4672 -0.4647 -0.4702 -0.4522 -0.4679 -0.3032
610.00 -0.4941 -0.4907 -0.4839 -0.4855 -0.4986 -0.3107
620.00 -0.4666 -0.4568 -0.4671 -0.4672 -0.4639 -0.3133
630.00 -0.4666 -0.4561 -0.4620 -0.4685 -0.4641 -0.3076
640.00 -0.5017 -0.4901 -0.4830 -0.4947 -0.4972 -0.3217
650.00 -0.4806 -0.4737 -0.4682 -0.4927 -0.4913 -0.3073
660.00 -0.4927 -0.4908 -0.4695 -0.4901 -0.4884 -0.3142
670.00 -0.4511 -0.4599 -0.4463 -0.4606 -0.4624 -0.3006
680.00 -0.4942 -0.4899 -0.4790 -0.4938 -0.4839 -0.3284
690.00 -0.4846 -0.4910 -0.4814 -0.4837 -0.4904 -0.3133
700.00 -0.4766 -0.4722 -0.4738 -0.4778 -0.4898 -0.3149
710.00 -0.4561 -0.4502 -0.4584 -0.4570 -0.4520 -0.2924
720.00 -0.4944 -0.4931 -0.4804 -0.5051 -0.4945 -0.3242
730.00 -0.4731 -0.4796 -0.4714 -0.4770 -0.4822 -0.3108
740.00 -0.4593 -0.4761 -0.4784 -0.4823 -0.4839 -0.3123
750.00 -0.4728 -0.4815 -0.4915 -0.4776 -0.4698 -0.3124
760.00 -0.4597 -0.4649 -0.4542 -0.4624 -0.4720 -0.2970
770.00 -0.4654 -0.4979 -0.4890 -0.4946 -0.4993 -0.3234
780.00 -0.4582 -0.4591 -0.4579 -0.4721 -0.4665 -0.3069
790.00 -0.4838 -0.4954 -0.4961 -0.4957 -0.4958 -0.3214
800.00 -0.4352 -0.4691 -0.4713 -0.4650 -0.4494 -0.3012
810.00 -0.4649 -0.4827 -0.4763 -0.4763 -0.4706 -0.3060
820.00 -0.4748 -0.4765 -0.4852 -0.4832 -0.4804 -0.3220
830.00 -0.4745 -0.4884 -0.4840 -0.4777 -0.4871 -0.3217
840.00 -0.4609 -0.4775 -0.4710 -0.4632 -0.4731 -0.3075
850.00 -0.4669 -0.4602 -0.4558 -0.4516 -0.4611 -0.3058
860.00 -0.4737 -0.4773 -0.4813 -0.4730 -0.4882 -0.3095
870.00 -0.5311 -0.5170 -0.5132 -0.5177 -0.5115 -0.3381
880.00 -0.4434 -0.4559 -0.4413 -0.4474 -0.4374 -0.2853
890.00 -0.4902 -0.4696 -0.4788 -0.4930 -0.4889 -0.3226
900.00 -0.4919 -0.4723 -0.4665 -0.4904 -0.4888 -0.3213
910.00 -0.4539 -0.4506 -0.4550 -0.4471 -0.4455 -0.2947
920.00 -0.4888 -0.4677 -0.4807 -0.4892 -0.4892 -0.3204
930.00 -0.5127 -0.5028 -0.4937 -0.5115 -0.5078 -0.3343
940.00 -0.4651 -0.4641 -0.4546 -0.4638 -0.4652 -0.2996
950.00 -0.4697 -0.4702 -0.4715 -0.4615 -0.4642 -0.3133
960.00 -0.4679 -0.4710 -0.4750 -0.4725 -0.4622 -0.3055
970.00 -0.4731 -0.4582 -0.4701 -0.4728 -0.4735 -0.3208
980.00 -0.4734 -0.4886 -0.4796 -0.4710 -0.4855 -0.3126
990.00 -0.4741 -0.4814 -0.4917 -0.4876 -0.4797 -0.3079
1000.00 -0.4783 -0.4782 -0.4880 -0.4750 -0.4836 -0.3154
1010.00 -0.5242 -0.7718 -0.7753 -0.7700 -0.7759 -0.3324
1020.00 -0.4859 -1.1958 -1.1976 -1.1944 -1.1903 -0.3011
1030.00 -0.4157 -0.8235 -0.8217 -0.8344 -0.8352 -0.3009
1040.00 -0.3730 -0.4749 -0.4756 -0.4775 -0.4773 -0.2884
1050.00 -0.4241 -0.5833 -0.5871 -0.5806 -0.5801 -0.3194
1060.00 -0.3906 -0.4865 -0.4898 -0.5020 -0.4915 -0.3055
1070.00 -0.4188 -0.4904 -0.4835 -0.4856 -0.4859 -0.3178
1080.00 -0.4378 -0.5371 -0.5407 -0.5320 -0.5332 -0.3302
1090.00 -0.3931 -0.4998 -0.4900 -0.4997 -0.4962 -0.3021
1100.00 -0.4204 -0.5094 -0.5016 -0.4963 -0.4940 -0.3163
1110.00 -0.4434 -0.5414 -0.5266 -0.5424 -0.5385 -0.3213
1120.00 -0.4183 -0.4961 -0.4918 -0.4955 -0.4994 -0.3046
1130.00 -0.4209 -0.4823 -0.4953 -0.4961 -0.4920 -0.3116
1140.00 -0.4317 -0.5196 -0.5151 -0.5052 -0.5157 -0.3178
1150.00 -0.4428 -0.4748 -0.4788 -0.4724 -0.4842 -0.3054
1160.00 -0.4638 -0.4642 -0.4769 -0.4840 -0.4848 -0.3173
1170.00 -0.4846 -0.4889 -0.4876 -0.4953 -0.4849 -0.3047
1180.00 -0.4433 -0.4450 -0.4381 -0.4362 -0.4449 -0.3003
1190.00 -0.4781 -0.4830 -0.4837 -0.4778 -0.4843 -0.3086
1200.00 -0.4981 -0.5057 -0.5257 -0.5031 -0.5144 -0.3236
1210.00 -0.4567 -0.4555 -0.4666 -0.4618 -0.4637 -0.3010
1220.00 -0.4500 -0.4604 -0.4719 -0.4549 -0.4673 -0.3150
1230.00 -0.4838 -0.4978 -0.4895 -0.4797 -0.4965 -0.3178
1240.00 -0.4738 -0.4828 -0.4888 -0.4880 -0.4947 -0.3238
1250.00 -0.4475 -0.4464 -0.4602 -0.4635 -0.4552 -0.2997
1260.00 -0.4749 -0.4740 -0.4866 -0.4839 -0.4870 -0.3173
1270.00 -0.4489 -0.4760 -0.4665 -0.4714 -0.4714 -0.3150
1280.00 -0.4567 -0.4724 -0.4790 -0.4862 -0.4838 -0.3022
1290.00 -0.4633 -0.4861 -0.4962 -0.4847 -0.4998 -0.3210
1300.00 -0.4707 -0.4663 -0.4805 -0.4616 -0.4684 -0.3033
1310.00 -0.4850 -0.4917 -0.4790 -0.4998 -0.4892 -0.3345
1320.00 -0.4606 -0.4698 -0.4546 -0.4685 -0.4705 -0.3110
1330.00 -0.4904 -0.4945 -0.4829 -0.4874 -0.5054 -0.3213
1340.00 -0.4427 -0.4625 -0.4444 -0.4628 -0.4600 -0.2991
1350.00 -0.4683 -0.4863 -0.4822 -0.4796 -0.4845 -0.3127
1360.00 -0.4941 -0.5000 -0.4934 -0.4893 -0.5028 -0.3382
1370.00 -0.4654 -0.4817 -0.4823 -0.4716 -0.4776 -0.3073
1380.00 -0.4644 -0.5025 -0.4922 -0.4919 -0.4870 -0.3143
1390.00 -0.4575 -0.4595 -0.4645 -0.4481 -0.4669 -0.3140
1400.00 -0.4621 -0.4613 -0.4633 -0.4663 -0.4752 -0.3197
1410.00 -0.4882 -0.5009 -0.4849 -0.4852 -0.4950 -0.3134
1420.00 -0.4624 -0.4611 -0.4660 -0.4676 -0.4662 -0.3130
1430.00 -0.5111 -0.5254 -0.5124 -0.5253 -0.5289 -0.3313
1440.00 -0.4382 -0.4523 -0.4468 -0.4359 -0.4511 -0.2882
1450.00 -0.4631 -0.4905 -0.4922 -0.4731 -0.4867 -0.3025
1460.00 -0.4686 -0.4815 -0.4845 -0.4729 -0.4750 -0.3239
1470.00 -0.4586 -0.4884 -0.4729 -0.4900 -0.4857 -0.3083
1480.00 -0.4944 -0.4996 -0.5128 -0.5146 -0.5153 -0.3290
1490.00 -0.4420 -0.4551 -0.4510 -0.4507 -0.4394 -0.3090
1500.00 -0.4659 -0.4668 -0.4733 -0.4793 -0.4730 -0.3158
1510.00 -0.4620 -0.4871 -0.4796 -0.4800 -0.4810 -0.3087
1520.00 -0.4542 -0.4706 -0.4695 -0.4798 -0.4694 -0.3124
1530.00 -0.5115 -0.5071 -0.5084 -0.5104 -0.4990 -0.3318
1540.00 -0.4400 -0.4521 -0.4593 -0.4552 -0.4440 -0.2978
1550.00 -0.4772 -0.4981 -0.4879 -0.4901 -0.4795 -0.3148
1560.00 -0.4659 -0.4868 -0.4880 -0.4886 -0.4739 -0.3168
1570.00 -0.4646 -0.4928 -0.4912 -0.4866 -0.4861 -0.3186
1580.00 -0.4556 -0.4508 -0.4517 -0.4582 -0.4488 -0.2995
1590.00 -0.4617 -0.4908 -0.4998 -0.5104 -0.5058 -0.3343
1600.00 -0.4827 -0.4927 -0.4690 -0.4868 -0.4899 -0.3038
1610.00 -0.4700 -0.4752 -0.4598 -0.4766 -0.4812 -0.3097
1620.00 -0.4610 -0.4703 -0.4765 -0.4831 -0.4780 -0.3209
1630.00 -0.4701 -0.5017 -0.4796 -0.5055 -0.4984 -0.3085
1640.00 -0.4516 -0.4645 -0.4426 -0.4741 -0.4601 -0.2957
1650.00 -0.4382 -0.4678 -0.4725 -0.4736 -0.4805 -0.3073
1660.00 -0.4637 -0.4842 -0.4812 -0.4999 -0.4871 -0.3137
1670.00 -0.4496 -0.4637 -0.4551 -0.4659 -0.4652 -0.2983
1680.00 -0.4697 -0.4849 -0.4796 -0.4954 -0.4917 -0.3222
1690.00 -0.4907 -0.5024 -0.4990 -0.5143 -0.5003 -0.3253
1700.00 -0.4486 -0.4540 -0.4472 -0.4460 -0.4589 -0.2969
1710.00 -0.4727 -0.4794 -0.4799 -0.4794 -0.4809 -0.3179
1720.00 -0.4752 -0.4583 -0.4723 -0.4791 -0.4789 -0.3109
1730.00 -0.4580 -0.4559 -0.4684 -0.4757 -0.4630 -0.3101
1740.00 -0.4828 -0.4863 -0.5037 -0.4899 -0.4888 -0.3173
1750.00 -0.4661 -0.4799 -0.5020 -0.4914 -0.5029 -0.3118
1760.00 -0.4629 -0.4691 -0.4709 -0.4702 -0.4630 -0.3057
1770.00 -0.4654 -0.4762 -0.4728 -0.4738 -0.4836 -0.3217
1780.00 -0.4750 -0.4848 -0.4722 -0.4943 -0.4839 -0.3184
1790.00 -0.4814 -0.4886 -0.4804 -0.4916 -0.4831 -0.3170
1800.00 -0.4426 -0.4409 -0.4342 -0.4464 -0.4430 -0.3037
1810.00 -0.4867 -0.4893 -0.4920 -0.4825 -0.4856 -0.3191
1820.00 -0.4778 -0.4877 -0.4802 -0.4920 -0.4892 -0.3229
1830.00 -0.4694 -0.4714 -0.4645 -0.4668 -0.4671 -0.3192
1840.00 -0.4918 -0.4913 -0.5014 -0.5023 -0.4882 -0.3082
1850.00 -0.4668 -0.4623 -0.4601 -0.4641 -0.4600 -0.3180
1860.00 -0.4751 -0.4875 -0.4832 -0.4882 -0.4593 -0.3062
1870.00 -0.4953 -0.4982 -0.4886 -0.5066 -0.4949 -0.3293
1880.00 -0.4478 -0.4347 -0.4454 -0.4489 -0.4382 -0.2930
1890.00 -0.5077 -0.5268 -0.5020 -0.5107 -0.5034 -0.3291
1900.00 -0.4518 -0.4497 -0.4591 -0.4403 -0.4483 -0.3097
1910.00 -0.4883 -0.4938 -0.4822 -0.4645 -0.4942 -0.3124
1920.00 -0.4829 -0.4879 -0.4892 -0.4886 -0.5016 -0.3252
1930.00 -0.4735 -0.4814 -0.4875 -0.4624 -0.4867 -0.3075
1940.00 -0.4490 -0.4833 -0.4733 -0.4806 -0.4687 -0.3100
1950.00 -0.4844 -0.4982 -0.4879 -0.4891 -0.4971 -0.3192
1960.00 -0.4280 -0.4420 -0.4415 -0.4400 -0.4488 -0.3075
1970.00 -0.4858 -0.5177 -0.5122 -0.5022 -0.5223 -0.3417
1980.00 -0.4267 -0.4766 -0.4607 -0.4695 -0.4765 -0.3006
1990.00 -0.4417 -0.4918 -0.4877 -0.4897 -0.4945 -0.3120
2000.00 -0.4381 -0.5141 -0.5008 -0.5008 -0.5082 -0.3078
2010.00 -0.4447 -0.4867 -0.4867 -0.4884 -0.4934 -0.3133
2020.00 -0.4179 -0.4949 -0.4933 -0.4981 -0.4942 -0.3167
2030.00 -0.4277 -0.5190 -0.5166 -0.5141 -0.5148 -0.3211
2040.00 -0.3863 -0.5064 -0.5008 -0.5016 -0.5042 -0.2972
2050.00 -0.3908 -0.6131 -0.6082 -0.6084 -0.6080 -0.3236
2060.00 -0.3727 -0.6003 -0.6042 -0.6083 -0.5993 -0.3140
2070.00 -0.3478 -0.8483 -0.8472 -0.8473 -0.8434 -0.3196
2080.00 -0.3926 -0.6192 -0.6254 -0.6118 -0.6186 -0.3235
2090.00 -0.3673 -0.5480 -0.5472 -0.5497 -0.5480 -0.3022
2100.00 -0.4057 -0.6013 -0.6015 -0.6052 -0.5992 -0.3190
2110.00 -0.3984 -0.5759 -0.5718 -0.5782 -0.5726 -0.3203
2120.00 -0.3699 -0.5490 -0.5454 -0.5544 -0.5458 -0.2880
2130.00 -0.3926 -0.5964 -0.5952 -0.5989 -0.5873 -0.3155
2140.00 -0.3924 -0.5699 -0.5712 -0.5648 -0.5738 -0.3134
2150.00 -0.4052 -0.5410 -0.5380 -0.5396 -0.5424 -0.3175
2160.00 -0.3741 -0.5203 -0.5246 -0.5245 -0.5203 -0.2922
2170.00 -0.4041 -0.6185 -0.6128 -0.6104 -0.6062 -0.3153
2180.00 -0.4315 -0.5089 -0.5116 -0.5104 -0.5186 -0.3248
2190.00 -0.4452 -0.4800 -0.4779 -0.4792 -0.4768 -0.3245
2200.00 -0.3994 -0.4708 -0.4811 -0.4788 -0.4769 -0.2966
2210.00 -0.4101 -0.5216 -0.5303 -0.5193 -0.5290 -0.3128
2220.00 -0.4443 -0.4976 -0.5035 -0.5079 -0.5047 -0.3212
2230.00 -0.4185 -0.5224 -0.5201 -0.5233 -0.5209 -0.3133
2240.00 -0.4104 -0.4735 -0.4718 -0.4744 -0.4712 -0.3072
2250.00 -0.4133 -0.5155 -0.5167 -0.5163 -0.5181 -0.3025
2260.00 -0.4244 -0.4782 -0.4801 -0.4759 -0.4807 -0.3025
2270.00 -0.4455 -0.5037 -0.5020 -0.5043 -0.5035 -0.3278
2280.00 -0.4360 -0.4928 -0.4825 -0.4915 -0.4907 -0.3108
2290.00 -0.4419 -0.4803 -0.4734 -0.4795 -0.4839 -0.3211
2300.00 -0.4535 -0.4985 -0.4997 -0.4873 -0.5011 -0.3123
2310.00 -0.4650 -0.4604 -0.4634 -0.4608 -0.4657 -0.3094
2320.00 -0.4713 -0.4756 -0.4849 -0.4781 -0.4740 -0.3087
2330.00 -0.4716 -0.4957 -0.4923 -0.4826 -0.4857 -0.3055
2340.00 -0.4571 -0.4846 -0.4785 -0.4800 -0.4857 -0.3225
2350.00 -0.4725 -0.4810 -0.4660 -0.4764 -0.4689 -0.2953
2360.00 -0.4673 -0.4803 -0.4838 -0.4911 -0.4809 -0.3188
2370.00 -0.4833 -0.5020 -0.4984 -0.4951 -0.4946 -0.3229
2380.00 -0.4511 -0.4674 -0.4583 -0.4671 -0.4625 -0.2885
2390.00 -0.4686 -0.5091 -0.5037 -0.5135 -0.5073 -0.3215
2400.00 -0.4697 -0.4740 -0.4727 -0.4832 -0.4735 -0.3127
2410.00 -0.4181 -0.4443 -0.4367 -0.4469 -0.4371 -0.2847
2420.00 -0.4856 -0.4966 -0.4939 -0.4971 -0.4968 -0.3431
2430.00 -0.4533 -0.4966 -0.4833 -0.4863 -0.4887 -0.3130
2440.00 -0.4494 -0.4704 -0.4652 -0.4673 -0.4572 -0.3106
2450.00 -0.4744 -0.4915 -0.4932 -0.4912 -0.4804 -0.3120
2460.00 -0.4325 -0.4801 -0.4839 -0.4684 -0.4812 -0.3108
2470.00 -0.4348 -0.4893 -0.4890 -0.4857 -0.4783 -0.3105
2480.00 -0.4513 -0.4823 -0.4855 -0.4817 -0.4914 -0.3165
2490.00 -0.4484 -0.4814 -0.4735 -0.4855 -0.4814 -0.3186
2500.00 -0.4825 -0.5139 -0.5071 -0.5085 -0.5118 -0.3201
2510.00 -0.4221 -0.4519 -0.4457 -0.4532 -0.4485 -0.2890
2520.00 -0.4156 -0.4568 -0.4726 -0.4684 -0.4607 -0.2993
2530.00 -0.4613 -0.5316 -0.5080 -0.5028 -0.5074 -0.3260
2540.00 -0.4195 -0.5405 -0.5278 -0.5278 -0.5355 -0.3202
2550.00 0.1492 -2.2859 -2.2963 -2.2808 -2.2882 -0.2966
2560.00 -0.3633 -0.5602 -0.5543 -0.5613 -0.5655 -0.2895
2570.00 -0.4084 -0.4703 -0.4706 -0.4765 -0.4681 -0.3018
2580.00 -0.3942 -0.4882 -0.4822 -0.4908 -0.4893 -0.3035
2590.00 -0.4142 -0.4959 -0.5006 -0.4962 -0.5002 -0.3206
2600.00 -0.4111 -0.5069 -0.5036 -0.5025 -0.5054 -0.3161
2610.00 -0.4227 -0.4916 -0.4857 -0.4895 -0.4799 -0.3180
2620.00 -0.4198 -0.5207 -0.5143 -0.5215 -0.5160 -0.3074
2630.00 -0.4236 -0.5087 -0.5042 -0.5079 -0.5146 -0.3120
2640.00 -0.4155 -0.4695 -0.4742 -0.4654 -0.4813 -0.3123
2650.00 -0.4277 -0.4819 -0.4788 -0.4800 -0.4858 -0.2965
2660.00 -0.4676 -0.4975 -0.5106 -0.5052 -0.4981 -0.3308
2670.00 -0.4793 -0.4907 -0.4996 -0.4911 -0.4891 -0.3226
2680.00 -0.4675 -0.4846 -0.4735 -0.4893 -0.4673 -0.3164
2690.00 -0.4445 -0.4520 -0.4567 -0.4533 -0.4526 -0.3061
2700.00 -0.4703 -0.4971 -0.4971 -0.5021 -0.4837 -0.3152
2710.00 -0.4364 -0.4834 -0.4817 -0.4775 -0.4595 -0.3092
2720.00 -0.4652 -0.4982 -0.5051 -0.4955 -0.4825 -0.3167
2730.00 -0.4619 -0.4906 -0.4855 -0.4821 -0.4701 -0.3082
2740.00 -0.4749 -0.4881 -0.4934 -0.5001 -0.4837 -0.3278
2750.00 -0.4475 -0.4689 -0.4668 -0.4755 -0.4720 -0.2953
2760.00 -0.4579 -0.4635 -0.4754 -0.4716 -0.4678 -0.3122
2770.00 -0.4516 -0.4630 -0.4703 -0.4667 -0.4686 -0.2994
2780.00 -0.4981 -0.5063 -0.5129 -0.5170 -0.5015 -0.3320
2790.00 -0.4484 -0.4722 -0.4657 -0.4729 -0.4702 -0.3150
2800.00 -0.4423 -0.4743 -0.4585 -0.4824 -0.4795 -0.3070
2810.00 -0.4432 -0.5028 -0.4879 -0.4974 -0.4939 -0.3136
2820.00 -0.4043 -0.5182 -0.5132 -0.5181 -0.5152 -0.3168
2830.00 0.2150 -2.4236 -2.4365 -2.4351 -2.4298 -0.3271
2840.00 -0.3456 -0.3577 -0.3617 -0.3654 -0.3623 -0.2631
2850.00 -0.4198 -0.4795 -0.4827 -0.4762 -0.4835 -0.3094
2860.00 -0.4124 -0.4743 -0.4778 -0.4769 -0.4797 -0.3135
2870.00 -0.4104 -0.5070 -0.5063 -0.5040 -0.5040 -0.3010
2880.00 -0.4100 -0.4980 -0.5068 -0.4956 -0.5009 -0.3032
2890.00 -0.4313 -0.4994 -0.4927 -0.4923 -0.4881 -0.3231
2900.00 -0.4429 -0.4709 -0.4595 -0.4703 -0.4693 -0.3072
2910.00 -0.4588 -0.5028 -0.4970 -0.4990 -0.4970 -0.3179
2920.00 -0.4532 -0.4619 -0.4543 -0.4550 -0.4537 -0.3159
2930.00 -0.4925 -0.4961 -0.5014 -0.4953 -0.4924 -0.3186
2940.00 -0.4777 -0.4681 -0.4714 -0.4668 -0.4650 -0.3187
2950.00 -0.4629 -0.4661 -0.4656 -0.4859 -0.4685 -0.3062
2960.00 -0.4533 -0.4477 -0.4447 -0.4617 -0.4641 -0.2941
2970.00 -0.5139 -0.5103 -0.4991 -0.5223 -0.5177 -0.3343
2980.00 -0.4580 -0.4873 -0.4891 -0.4861 -0.4915 -0.3051
2990.00 -0.4578 -0.4641 -0.4673 -0.4640 -0.4696 -0.3164
3000.00 -0.4492 -0.4750 -0.4753 -0.4758 -0.4717 -0.3009
3010.00 -0.4681 -0.5059 -0.5127 -0.5043 -0.5037 -0.3204
3020.00 -0.4679 -0.4851 -0.4976 -0.5029 -0.4962 -0.3333
3030.00 -0.4290 -0.4487 -0.4602 -0.4584 -0.4528 -0.2962
3040.00 -0.4483 -0.4861 -0.4962 -0.4943 -0.4996 -0.3316
3050.00 -0.3974 -0.5451 -0.5494 -0.5486 -0.5530 -0.3088
3060.00 0.1815 -2.3761 -2.3755 -2.3917 -2.3852 -0.3054
3070.00 -0.3500 -0.3860 -0.3880 -0.3862 -0.3884 -0.2634
3080.00 -0.4251 -0.4680 -0.4704 -0.4717 -0.4623 -0.3193
3090.00 -0.4074 -0.4718 -0.4697 -0.4723 -0.4660 -0.2980
3100.00 -0.4212 -0.4651 -0.4635 -0.4631 -0.4614 -0.3163
3110.00 -0.4209 -0.4741 -0.4805 -0.4750 -0.4748 -0.3177
3120.00 -0.4285 -0.4641 -0.4683 -0.4661 -0.4675 -0.3057
3130.00 -0.4516 -0.4923 -0.4993 -0.5086 -0.5058 -0.3156
3140.00 -0.4518 -0.4785 -0.4774 -0.4743 -0.4744 -0.2866
3150.00 -0.4726 -0.4818 -0.4831 -0.4730 -0.4760 -0.3301
3160.00 -0.4591 -0.4937 -0.4921 -0.4813 -0.4843 -0.3196
3170.00 -0.4803 -0.5017 -0.5039 -0.5046 -0.4981 -0.3208
3180.00 -0.4488 -0.4597 -0.4505 -0.4583 -0.4500 -0.3059
3190.00 -0.4537 -0.4840 -0.4929 -0.4897 -0.4765 -0.3167
3200.00 -0.4845 -0.4859 -0.4893 -0.4913 -0.4906 -0.3108
3210.00 -0.4448 -0.4625 -0.4763 -0.4715 -0.4733 -0.3094
3220.00 -0.4570 -0.4685 -0.4578 -0.4530 -0.4569 -0.3030
3230.00 -0.4641 -0.4655 -0.4539 -0.4615 -0.4736 -0.3051
3240.00 -0.5016 -0.5001 -0.5072 -0.5043 -0.5069 -0.3303
3250.00 -0.4846 -0.4865 -0.4732 -0.4772 -0.4812 -0.3184
3260.00 -0.4772 -0.4742 -0.4756 -0.4727 -0.4833 -0.3145
3270.00 -0.4680 -0.4671 -0.4787 -0.4686 -0.4754 -0.3173
3280.00 -0.4796 -0.4710 -0.4846 -0.4707 -0.4720 -0.3198
3290.00 -0.4787 -0.4831 -0.4857 -0.4810 -0.4785 -0.3125
3300.00 -0.4569 -0.4828 -0.4792 -0.4795 -0.4776 -0.3114
3310.00 -0.4555 -0.5092 -0.5118 -0.4981 -0.5103 -0.3266
3320.00 -0.4208 -0.4495 -0.4415 -0.4506 -0.4537 -0.2882
3330.00 -0.4509 -0.5174 -0.5082 -0.5110 -0.5160 -0.3302
3340.00 -0.4735 -0.5004 -0.5070 -0.5115 -0.5111 -0.3318
3350.00 0.5885 -2.3166 -2.3126 -2.3151 -2.3185 -0.2945
3360.00 -0.3588 -0.3859 -0.3895 -0.3914 -0.3895 -0.2729
3370.00 -0.3875 -0.4436 -0.4474 -0.4472 -0.4436 -0.2888
3380.00 -0.4515 -0.5034 -0.5046 -0.5057 -0.5037 -0.3368
3390.00 -0.4149 -0.4891 -0.4862 -0.4873 -0.4893 -0.3040
3400.00 -0.4056 -0.4770 -0.4689 -0.4720 -0.4736 -0.3036
3410.00 -0.4184 -0.4617 -0.4539 -0.4617 -0.4616 -0.3100
3420.00 -0.4576 -0.5139 -0.5141 -0.5212 -0.5204 -0.3210
3430.00 -0.4405 -0.4770 -0.4776 -0.4701 -0.4799 -0.3218
3440.00 -0.4682 -0.4637 -0.4787 -0.4778 -0.4785 -0.3115
3450.00 -0.4623 -0.4758 -0.4900 -0.4944 -0.4714 -0.3164
3460.00 -0.4560 -0.4793 -0.4750 -0.4715 -0.4574 -0.2979
3470.00 -0.4805 -0.5025 -0.5007 -0.5052 -0.5033 -0.3383
3480.00 -0.4399 -0.4595 -0.4559 -0.4649 -0.4742 -0.2974
3490.00 -0.4990 -0.5090 -0.4972 -0.5064 -0.5097 -0.3238
3500.00 -0.4585 -0.4865 -0.4805 -0.4804 -0.4714 -0.3041
3510.00 -0.4463 -0.4665 -0.4735 -0.4685 -0.4674 -0.3178
3520.00 -0.4643 -0.4807 -0.4880 -0.4904 -0.4926 -0.3168
3530.00 -0.4781 -0.4821 -0.4924 -0.4865 -0.4798 -0.3255
3540.00 -0.4443 -0.4481 -0.4485 -0.4546 -0.4547 -0.2934
3550.00 -0.4638 -0.5093 -0.5037 -0.5033 -0.5025 -0.3271
3560.00 -0.4727 -0.4787 -0.4727 -0.4800 -0.4694 -0.3146
3570.00 -0.4594 -0.4756 -0.4784 -0.4762 -0.4787 -0.3130
3580.00 -0.4177 -0.4693 -0.4717 -0.4682 -0.4691 -0.3137
3590.00 -0.4414 -0.4775 -0.4811 -0.4788 -0.4708 -0.3025
3600.00 -0.4274 -0.4837 -0.4811 -0.4876 -0.4874 -0.3095
3610.00 -0.3663 -0.5927 -0.6016 -0.5935 -0.5970 -0.3309
3620.00 0.4537 -2.1861 -2.1887 -2.1810 -2.1730 -0.2654
3630.00 -0.3663 -0.3985 -0.3990 -0.3994 -0.3881 -0.2797
3640.00 -0.4480 -0.4967 -0.4932 -0.4915 -0.4940 -0.3326
3650.00 -0.4135 -0.4755 -0.4766 -0.4701 -0.4768 -0.3101
3660.00 -0.4306 -0.5051 -0.5029 -0.5035 -0.5094 -0.3176
3670.00 -0.4284 -0.4611 -0.4618 -0.4707 -0.4652 -0.3144
3680.00 -0.4348 -0.4513 -0.4427 -0.4348 -0.4474 -0.2978
3690.00 -0.4728 -0.4789 -0.4760 -0.4568 -0.4860 -0.3082
3700.00 -0.4716 -0.4903 -0.4965 -0.4943 -0.4968 -0.3142
3710.00 -0.4863 -0.5039 -0.4902 -0.5036 -0.4899 -0.3202
3720.00 -0.4728 -0.4812 -0.4824 -0.4656 -0.4776 -0.3161
3730.00 -0.4705 -0.4688 -0.4633 -0.4674 -0.4662 -0.3218
3740.00 -0.4458 -0.4699 -0.4816 -0.4742 -0.4785 -0.2880
3750.00 -0.4812 -0.4984 -0.4967 -0.4997 -0.4884 -0.3123
3760.00 -0.4655 -0.4712 -0.4595 -0.4653 -0.4678 -0.3235
3770.00 -0.4640 -0.4774 -0.4729 -0.4779 -0.4883 -0.3109
3780.00 -0.4850 -0.5014 -0.4902 -0.4944 -0.4994 -0.3144
3790.00 -0.4468 -0.4710 -0.4685 -0.4749 -0.4667 -0.3174
3800.00 -0.4578 -0.4801 -0.4700 -0.4814 -0.4533 -0.3112
3810.00 -0.4980 -0.5041 -0.5010 -0.4916 -0.4973 -0.3234
3820.00 -0.4343 -0.4600 -0.4638 -0.4493 -0.4533 -0.2988
3830.00 -0.4742 -0.4807 -0.4909 -0.4812 -0.4780 -0.3261
3840.00 -0.4642 -0.4881 -0.4868 -0.4688 -0.4724 -0.3237
3850.00 -0.4487 -0.4715 -0.4636 -0.4800 -0.4657 -0.3073
3860.00 -0.4020 -0.5151 -0.5192 -0.5082 -0.5258 -0.3109
3870.00 0.4735 -2.4014 -2.4049 -2.3856 -2.4009 -0.3229
3880.00 -0.3073 -0.3194 -0.3156 -0.3126 -0.3143 -0.2467
3890.00 -0.4044 -0.4480 -0.4489 -0.4472 -0.4454 -0.2969
3900.00 -0.4388 -0.4899 -0.4944 -0.4940 -0.4891 -0.3286
3910.00 -0.4210 -0.4909 -0.4877 -0.4903 -0.4902 -0.3080
3920.00 -0.4163 -0.4755 -0.4827 -0.4743 -0.4676 -0.3064
3930.00 -0.4552 -0.4858 -0.4912 -0.4800 -0.4817 -0.3240
3940.00 -0.4381 -0.4604 -0.4579 -0.4575 -0.4531 -0.3138
3950.00 -0.4642 -0.4754 -0.4826 -0.4875 -0.4885 -0.3050
3960.00 -0.4725 -0.4855 -0.4744 -0.4786 -0.4833 -0.3213
3970.00 -0.4849 -0.4846 -0.4917 -0.5021 -0.4890 -0.3161
3980.00 -0.4389 -0.4507 -0.4415 -0.4478 -0.4410 -0.2891
3990.00 -0.5004 -0.4987 -0.4961 -0.5010 -0.4784 -0.3180
