10.00 -0.4887 -0.4873 -0.4895 -0.4872 -0.4903 -0.3164
20.00 -0.4827 -0.4854 -0.4851 -0.4697 -0.4556 -0.3138
30.00 -0.4844 -0.4911 -0.4828 -0.4906 -0.4887 -0.3126
40.00 -0.4800 -0.4831 -0.4918 -0.4783 -0.4850 -0.3075
50.00 -0.5437 -0.5323 -0.5448 -0.5335 -0.5473 -0.3438
60.00 -0.4546 -0.4609 -0.4694 -0.4586 -0.4631 -0.3097
70.00 -0.4727 -0.4855 -0.4872 -0.4755 -0.4952 -0.3145
80.00 -0.4652 -0.4933 -0.4862 -0.4907 -0.4885 -0.3021
90.00 -0.4694 -0.4832 -0.4870 -0.4725 -0.4812 -0.3205
100.00 -0.4944 -0.4952 -0.4839 -0.4843 -0.4906 -0.3165
110.00 -0.5280 -0.5096 -0.5141 -0.5101 -0.5062 -0.3286
120.00 -0.4838 -0.4819 -0.4789 -0.4740 -0.4872 -0.3178
130.00 -0.5056 -0.5059 -0.5135 -0.5168 -0.5129 -0.3181
140.00 -0.4762 -0.4813 -0.4860 -0.4797 -0.4900 -0.3140
150.00 -0.4674 -0.4747 -0.4725 -0.4753 -0.4855 -0.3076
160.00 -0.5073 -0.5085 -0.5093 -0.5093 -0.5094 -0.3406
170.00 -0.5030 -0.5062 -0.4726 -0.5014 -0.5098 -0.3233
180.00 -0.4928 -0.4772 -0.4777 -0.5006 -0.4950 -0.3003
190.00 -0.4790 -0.4795 -0.4762 -0.4754 -0.4812 -0.3258
200.00 -0.5097 -0.5160 -0.5011 -0.5048 -0.5085 -0.3230
210.00 -0.4790 -0.4772 -0.4540 -0.4747 -0.4790 -0.3084
220.00 -0.4875 -0.4939 -0.4881 -0.4931 -0.4918 -0.3110
230.00 -0.5163 -0.5179 -0.5211 -0.4969 -0.5163 -0.3282
240.00 -0.4912 -0.4990 -0.5065 -0.4942 -0.5045 -0.3311
250.00 -0.4536 -0.4637 -0.4601 -0.4647 -0.4600 -0.3041
260.00 -0.4998 -0.4850 -0.4857 -0.4947 -0.4876 -0.3163
270.00 -0.4760 -0.4671 -0.4833 -0.4867 -0.4708 -0.3068
280.00 -0.4908 -0.4914 -0.4910 -0.4845 -0.4841 -0.3172
290.00 -0.5237 -0.5216 -0.5300 -0.5234 -0.5312 -0.3351
300.00 -0.4804 -0.4818 -0.4808 -0.4796 -0.4791 -0.3135
310.00 -0.5012 -0.4910 -0.4976 -0.4997 -0.5078 -0.3249
320.00 -0.4994 -0.5030 -0.4970 -0.5086 -0.4953 -0.3124
330.00 -0.4998 -0.4989 -0.5111 -0.4763 -0.5045 -0.3205
340.00 -0.4850 -0.4831 -0.4876 -0.4909 -0.4809 -0.3183
350.00 -0.4616 -0.4654 -0.4675 -0.4552 -0.4586 -0.2987
360.00 -0.5199 -0.5355 -0.5031 -0.5243 -0.5250 -0.3186
370.00 -0.4625 -0.4582 -0.4562 -0.4646 -0.4611 -0.3089
380.00 -0.4941 -0.5006 -0.4961 -0.4896 -0.4998 -0.3265
390.00 -0.4912 -0.4809 -0.4895 -0.4759 -0.4836 -0.3163
400.00 -0.4929 -0.5041 -0.5031 -0.5067 -0.5145 -0.3315
410.00 -0.4805 -0.5119 -0.5049 -0.5021 -0.4999 -0.3064
420.00 -0.4746 -0.4806 -0.4677 -0.4819 -0.4722 -0.3095
430.00 -0.5057 -0.5037 -0.5091 -0.5033 -0.5069 -0.3272
440.00 -0.4821 -0.4888 -0.4798 -0.4912 -0.4924 -0.3140
450.00 -0.4668 -0.4812 -0.4831 -0.4809 -0.4825 -0.3341
460.00 -0.4829 -0.4783 -0.4852 -0.4787 -0.4828 -0.3038
470.00 -0.4941 -0.5096 -0.5086 -0.5031 -0.5082 -0.3258
480.00 -0.4877 -0.4697 -0.4819 -0.4827 -0.4888 -0.3088
490.00 -0.4970 -0.5060 -0.5042 -0.5050 -0.5090 -0.3344
500.00 -0.4782 -0.4833 -0.4740 -0.4771 -0.4753 -0.2978
510.00 -0.5088 -0.5126 -0.5256 -0.5096 -0.5070 -0.3300
520.00 -0.4598 -0.4430 -0.4571 -0.4415 -0.4507 -0.3010
530.00 -0.4838 -0.4816 -0.4857 -0.4966 -0.4882 -0.2989
540.00 -0.5294 -0.5262 -0.5032 -0.5293 -0.5336 -0.3343
550.00 -0.4627 -0.4605 -0.4613 -0.4513 -0.4612 -0.3033
560.00 -0.4838 -0.4918 -0.4778 -0.4924 -0.4972 -0.3192
570.00 -0.5052 -0.5032 -0.4916 -0.4989 -0.5004 -0.3254
580.00 -0.4971 -0.4909 -0.4915 -0.4839 -0.5025 -0.3266
590.00 -0.4743 -0.4797 -0.4947 -0.4825 -0.4840 -0.3008
600.00 -0.4797 -0.4929 -0.4938 -0.4868 -0.4893 -0.3252
610.00 -0.4799 -0.4844 -0.4955 -0.4790 -0.4908 -0.3196
620.00 -0.4998 -0.4996 -0.4891 -0.4936 -0.4850 -0.3258
630.00 -0.5209 -0.5233 -0.5120 -0.5019 -0.5023 -0.3343
640.00 -0.4611 -0.4460 -0.4466 -0.4411 -0.4541 -0.2966
650.00 -0.5027 -0.5151 -0.5158 -0.5128 -0.5206 -0.3337
660.00 -0.4771 -0.4801 -0.4865 -0.4796 -0.4866 -0.3095
670.00 -0.4827 -0.4730 -0.4667 -0.4746 -0.4803 -0.2992
680.00 -0.5182 -0.5042 -0.5000 -0.5192 -0.5172 -0.3421
690.00 -0.4935 -0.4741 -0.4774 -0.4786 -0.4813 -0.3086
700.00 -0.5009 -0.4898 -0.4958 -0.4930 -0.5077 -0.3258
710.00 -0.4884 -0.4830 -0.4777 -0.4660 -0.4748 -0.3068
720.00 -0.5146 -0.5036 -0.5109 -0.4998 -0.5227 -0.3210
730.00 -0.5036 -0.4956 -0.5034 -0.4963 -0.4925 -0.3196
740.00 -0.4940 -0.4818 -0.4953 -0.4876 -0.4867 -0.3130
750.00 -0.4955 -0.4938 -0.4787 -0.4896 -0.4835 -0.3203
760.00 -0.4909 -0.4901 -0.4874 -0.4832 -0.4880 -0.3233
770.00 -0.5043 -0.5001 -0.4969 -0.4801 -0.4986 -0.3218
780.00 -0.4702 -0.4765 -0.4870 -0.4695 -0.4911 -0.2995
790.00 -0.4937 -0.4986 -0.4898 -0.4721 -0.4945 -0.3171
800.00 -0.4761 -0.4716 -0.4828 -0.4804 -0.4854 -0.3254
810.00 -0.4880 -0.4855 -0.4847 -0.4798 -0.4925 -0.3055
820.00 -0.5260 -0.5264 -0.5275 -0.5139 -0.5288 -0.3271
830.00 -0.4758 -0.4843 -0.4835 -0.4705 -0.4826 -0.3135
840.00 -0.5055 -0.4971 -0.5023 -0.4879 -0.5040 -0.3391
850.00 -0.4781 -0.4861 -0.4866 -0.4916 -0.4970 -0.3085
860.00 -0.4821 -0.4630 -0.4792 -0.4841 -0.4834 -0.3149
870.00 -0.5171 -0.5115 -0.5167 -0.5075 -0.5144 -0.3352
880.00 -0.4762 -0.4739 -0.4686 -0.4721 -0.4821 -0.3264
890.00 -0.4667 -0.4801 -0.4869 -0.4725 -0.4756 -0.3073
900.00 -0.4844 -0.4851 -0.4937 -0.4907 -0.4856 -0.3169
910.00 -0.5044 -0.5191 -0.5159 -0.5075 -0.5157 -0.3341
920.00 -0.4701 -0.4801 -0.4635 -0.4789 -0.4693 -0.2954
930.00 -0.5102 -0.5221 -0.5119 -0.5117 -0.5211 -0.3272
940.00 -0.4980 -0.4955 -0.4773 -0.4917 -0.4927 -0.3175
950.00 -0.5011 -0.4870 -0.4927 -0.4754 -0.4917 -0.3140
960.00 -0.5183 -0.5193 -0.5106 -0.4935 -0.5138 -0.3217
970.00 -0.5260 -0.5184 -0.5270 -0.5150 -0.5095 -0.3286
980.00 -0.4589 -0.4632 -0.4600 -0.4590 -0.4686 -0.3097
990.00 -0.4858 -0.4833 -0.4823 -0.4914 -0.4793 -0.3117
1000.00 -0.4968 -0.5102 -0.5036 -0.5100 -0.5103 -0.3227
1010.00 -0.5650 -0.7571 -0.7629 -0.7627 -0.7617 -0.3306
1020.00 -0.5872 -1.0279 -1.0248 -1.0289 -1.0279 -0.3111
1030.00 -0.6583 -1.1226 -1.1248 -1.1247 -1.1227 -0.3471
1040.00 -0.6025 -1.0051 -1.0242 -1.0170 -1.0213 -0.3242
1050.00 -0.4897 -0.7702 -0.7623 -0.7571 -0.7606 -0.3032
1060.00 -0.4391 -0.5525 -0.5533 -0.5607 -0.5527 -0.3195
1070.00 -0.4091 -0.4915 -0.4967 -0.4903 -0.4931 -0.2989
1080.00 -0.4545 -0.5567 -0.5555 -0.5534 -0.5559 -0.3356
1090.00 -0.4446 -0.5679 -0.5661 -0.5653 -0.5691 -0.3271
1100.00 -0.4334 -0.5136 -0.5108 -0.5162 -0.5149 -0.3072
1110.00 -0.4458 -0.4979 -0.4996 -0.4971 -0.4993 -0.3212
1120.00 -0.4556 -0.5075 -0.5062 -0.5054 -0.5045 -0.3195
1130.00 -0.4615 -0.4741 -0.4831 -0.4866 -0.4730 -0.3180
1140.00 -0.4559 -0.5009 -0.5036 -0.4921 -0.4894 -0.3065
1150.00 -0.4962 -0.5208 -0.5209 -0.5239 -0.5194 -0.3417
1160.00 -0.4257 -0.4678 -0.4794 -0.4709 -0.4743 -0.2892
1170.00 -0.4580 -0.5043 -0.5012 -0.5056 -0.5156 -0.3226
1180.00 -0.4890 -0.5241 -0.5123 -0.5174 -0.5095 -0.3264
1190.00 -0.4613 -0.4949 -0.5004 -0.4903 -0.5046 -0.3086
1200.00 -0.4689 -0.4867 -0.4989 -0.4791 -0.4947 -0.3146
1210.00 -0.4781 -0.5179 -0.5029 -0.5028 -0.5082 -0.3246
1220.00 -0.4795 -0.4837 -0.4861 -0.4837 -0.4859 -0.3305
1230.00 -0.4710 -0.4702 -0.4675 -0.4778 -0.4711 -0.3090
1240.00 -0.4935 -0.4935 -0.5004 -0.4947 -0.4955 -0.3142
1250.00 -0.4940 -0.4910 -0.4882 -0.4901 -0.4951 -0.3206
1260.00 -0.4685 -0.4790 -0.4688 -0.4699 -0.4860 -0.3130
1270.00 -0.5016 -0.4925 -0.5034 -0.5053 -0.5104 -0.3303
1280.00 -0.4946 -0.5156 -0.5173 -0.5185 -0.5225 -0.3200
1290.00 -0.4628 -0.4636 -0.4731 -0.4610 -0.4574 -0.3103
1300.00 -0.4962 -0.4960 -0.5171 -0.5182 -0.5156 -0.3235
1310.00 -0.4549 -0.4618 -0.4736 -0.4738 -0.4753 -0.3083
1320.00 -0.4785 -0.5155 -0.5230 -0.5156 -0.5257 -0.3254
1330.00 -0.4978 -0.5171 -0.5252 -0.5219 -0.5207 -0.3231
1340.00 -0.4753 -0.4921 -0.4969 -0.5088 -0.5061 -0.3098
1350.00 -0.4596 -0.4904 -0.4773 -0.4914 -0.4945 -0.3273
1360.00 -0.4622 -0.4991 -0.5022 -0.4989 -0.4905 -0.3171
1370.00 -0.4532 -0.4560 -0.4594 -0.4630 -0.4634 -0.3010
1380.00 -0.4667 -0.5144 -0.5095 -0.5174 -0.5168 -0.3175
1390.00 -0.4663 -0.4899 -0.4938 -0.4875 -0.5026 -0.3130
1400.00 -0.4695 -0.5054 -0.5092 -0.4997 -0.5031 -0.3194
1410.00 -0.4537 -0.4753 -0.4762 -0.4796 -0.4724 -0.3017
1420.00 -0.4859 -0.4976 -0.4971 -0.5059 -0.4970 -0.3308
1430.00 -0.5156 -0.5164 -0.5131 -0.5059 -0.5310 -0.3197
1440.00 -0.4817 -0.4875 -0.4849 -0.4821 -0.4765 -0.3239
1450.00 -0.4632 -0.4827 -0.4847 -0.4801 -0.4831 -0.3137
1460.00 -0.5009 -0.4995 -0.4914 -0.4982 -0.5022 -0.3253
1470.00 -0.4959 -0.4869 -0.5036 -0.4987 -0.5042 -0.3174
1480.00 -0.4555 -0.4716 -0.4682 -0.4640 -0.4633 -0.3008
1490.00 -0.4793 -0.5070 -0.5147 -0.5037 -0.4918 -0.3322
1500.00 -0.5273 -0.5217 -0.5374 -0.5216 -0.5395 -0.3289
1510.00 -0.4673 -0.4776 -0.4792 -0.4776 -0.4916 -0.3087
1520.00 -0.4535 -0.4619 -0.4642 -0.4607 -0.4665 -0.3159
1530.00 -0.4893 -0.4923 -0.4870 -0.5038 -0.4998 -0.3087
1540.00 -0.4944 -0.4954 -0.4943 -0.4928 -0.4902 -0.3331
1550.00 -0.4789 -0.4735 -0.4778 -0.4849 -0.4808 -0.3108
1560.00 -0.5162 -0.5391 -0.5150 -0.5267 -0.5400 -0.3296
1570.00 -0.4481 -0.4493 -0.4423 -0.4514 -0.4523 -0.2970
1580.00 -0.5040 -0.4898 -0.4986 -0.4793 -0.4924 -0.3137
1590.00 -0.5220 -0.5156 -0.5219 -0.5074 -0.5169 -0.3265
1600.00 -0.4482 -0.4714 -0.4831 -0.4757 -0.4717 -0.3121
1610.00 -0.4728 -0.5152 -0.5101 -0.4985 -0.5027 -0.3182
1620.00 -0.4705 -0.5132 -0.5117 -0.5114 -0.5197 -0.3096
1630.00 -0.4495 -0.4912 -0.4934 -0.4930 -0.4937 -0.3122
1640.00 -0.4649 -0.5065 -0.5083 -0.5062 -0.5007 -0.3094
1650.00 -0.4545 -0.5164 -0.5372 -0.5416 -0.5408 -0.3138
1660.00 -0.4474 -0.4697 -0.4796 -0.4843 -0.4758 -0.3179
1670.00 -0.4761 -0.4936 -0.4879 -0.4874 -0.4943 -0.3309
1680.00 -0.4664 -0.4730 -0.4610 -0.4806 -0.4741 -0.3020
1690.00 -0.4771 -0.4896 -0.5039 -0.5067 -0.5067 -0.3243
1700.00 -0.5273 -0.5385 -0.5396 -0.5483 -0.5314 -0.3309
1710.00 -0.4366 -0.4392 -0.4540 -0.4558 -0.4525 -0.2951
1720.00 -0.5014 -0.5169 -0.5235 -0.5103 -0.5267 -0.3399
1730.00 -0.4868 -0.5082 -0.4961 -0.4892 -0.4887 -0.3201
1740.00 -0.4570 -0.4860 -0.4758 -0.4763 -0.4817 -0.3093
1750.00 -0.4897 -0.4981 -0.4954 -0.5045 -0.4939 -0.3256
1760.00 -0.4623 -0.4955 -0.5010 -0.5076 -0.5130 -0.2971
1770.00 -0.4596 -0.5256 -0.5371 -0.5292 -0.5319 -0.3289
1780.00 -0.4541 -0.4802 -0.4938 -0.4882 -0.4738 -0.3209
1790.00 -0.4255 -0.5046 -0.5103 -0.5151 -0.5088 -0.3026
1800.00 -0.4547 -0.5169 -0.5109 -0.5095 -0.5108 -0.3369
1810.00 -0.4398 -0.5361 -0.5286 -0.5297 -0.5335 -0.3138
1820.00 -0.4471 -0.4796 -0.4788 -0.4840 -0.4850 -0.3258
1830.00 -0.4616 -0.5771 -0.5839 -0.5841 -0.5813 -0.3263
1840.00 -0.4129 -0.5246 -0.5292 -0.5280 -0.5283 -0.3027
1850.00 -0.4063 -0.5163 -0.5153 -0.5049 -0.5210 -0.3126
1860.00 -0.4496 -0.6780 -0.6957 -0.6847 -0.6899 -0.3443
1870.00 -0.4375 -0.7146 -0.7088 -0.7154 -0.7079 -0.3332
1880.00 -0.4310 -0.6856 -0.6883 -0.6840 -0.6856 -0.3205
1890.00 -0.4028 -0.6184 -0.6245 -0.6225 -0.6238 -0.3168
1900.00 -0.4190 -0.5465 -0.5535 -0.5463 -0.5481 -0.3150
1910.00 -0.4163 -0.5775 -0.5827 -0.5808 -0.5852 -0.3164
1920.00 -0.4612 -0.6664 -0.6619 -0.6669 -0.6657 -0.3449
1930.00 -0.4137 -0.6511 -0.6570 -0.6523 -0.6495 -0.3134
1940.00 -0.4382 -0.6216 -0.6264 -0.6245 -0.6339 -0.3306
1950.00 -0.4210 -0.6189 -0.6187 -0.6195 -0.6165 -0.3107
1960.00 -0.4199 -0.6348 -0.6335 -0.6392 -0.6363 -0.3289
1970.00 -0.4264 -0.6180 -0.6210 -0.6194 -0.6205 -0.3180
1980.00 -0.4267 -0.5888 -0.5910 -0.5944 -0.5896 -0.3224
1990.00 -0.4355 -0.6287 -0.6303 -0.6341 -0.6224 -0.3211
2000.00 -0.4288 -0.6799 -0.6873 -0.6794 -0.6853 -0.3162
2010.00 -0.4303 -0.5251 -0.5229 -0.5338 -0.5282 -0.3232
2020.00 -0.4315 -0.6696 -0.6593 -0.6578 -0.6624 -0.3245
2030.00 -0.3895 -0.4921 -0.4912 -0.4874 -0.4922 -0.2989
2040.00 -0.4150 -0.5769 -0.5632 -0.5664 -0.5712 -0.3102
2050.00 -0.4768 -0.8556 -0.8536 -0.8628 -0.8626 -0.3555
2060.00 -0.3835 -0.5454 -0.5463 -0.5456 -0.5404 -0.3033
2070.00 -0.4529 -0.6615 -0.6608 -0.6549 -0.6556 -0.3348
2080.00 -0.4106 -0.5738 -0.5806 -0.5730 -0.5754 -0.3137
2090.00 -0.4628 -0.7474 -0.7474 -0.7424 -0.7454 -0.3410
2100.00 -0.3949 -0.5488 -0.5496 -0.5449 -0.5455 -0.2981
2110.00 -0.4253 -0.6165 -0.6092 -0.6200 -0.6118 -0.3256
2120.00 -0.4421 -0.6741 -0.6749 -0.6813 -0.6747 -0.3285
2130.00 -0.4031 -0.5544 -0.5614 -0.5505 -0.5548 -0.3011
2140.00 -0.4558 -0.6808 -0.6670 -0.6754 -0.6737 -0.3461
2150.00 -0.4338 -0.5631 -0.5649 -0.5673 -0.5610 -0.3234
2160.00 -0.4127 -0.5332 -0.5367 -0.5305 -0.5289 -0.3057
2170.00 -0.4171 -0.5971 -0.5925 -0.6020 -0.6008 -0.3204
2180.00 -0.4377 -0.8536 -0.8421 -0.8442 -0.8459 -0.3439
2190.00 -0.4199 -0.5866 -0.5850 -0.5785 -0.5892 -0.3111
2200.00 -0.4066 -0.5039 -0.4987 -0.5013 -0.5033 -0.3102
2210.00 -0.4466 -0.6701 -0.6715 -0.6697 -0.6620 -0.3439
2220.00 -0.4198 -0.6579 -0.6559 -0.6439 -0.6546 -0.3137
2230.00 -0.4151 -0.6033 -0.6150 -0.6096 -0.6117 -0.3301
2240.00 -0.4212 -0.7215 -0.7170 -0.7202 -0.7198 -0.3304
2250.00 -0.4066 -0.6869 -0.6924 -0.6943 -0.6965 -0.3105
2260.00 -0.4275 -0.6794 -0.6880 -0.6814 -0.6894 -0.3196
2270.00 -0.4377 -0.5859 -0.5803 -0.5838 -0.5822 -0.3303
2280.00 -0.4321 -0.5964 -0.5923 -0.5989 -0.5984 -0.3253
2290.00 -0.4166 -0.6020 -0.6157 -0.6097 -0.6127 -0.3162
2300.00 -0.4003 -0.5291 -0.5309 -0.5297 -0.5376 -0.3112
2310.00 -0.4596 -0.6695 -0.6742 -0.6816 -0.6768 -0.3539
2320.00 -0.4054 -0.6215 -0.6228 -0.6223 -0.6219 -0.2979
2330.00 -0.4222 -0.6836 -0.6726 -0.6845 -0.6777 -0.3170
2340.00 -0.4019 -0.5735 -0.5709 -0.5781 -0.5719 -0.3094
2350.00 -0.4199 -0.6346 -0.6317 -0.6344 -0.6345 -0.3257
2360.00 -0.4458 -0.7240 -0.7229 -0.7165 -0.7144 -0.3294
2370.00 -0.4298 -0.6277 -0.6313 -0.6370 -0.6382 -0.3274
2380.00 -0.4014 -0.6182 -0.6153 -0.6096 -0.6196 -0.3181
2390.00 -0.4318 -0.6782 -0.6827 -0.6717 -0.6750 -0.3250
2400.00 -0.4311 -0.6974 -0.6983 -0.6965 -0.6955 -0.3331
2410.00 -0.4188 -0.6580 -0.6526 -0.6507 -0.6604 -0.3220
2420.00 -0.4160 -0.7908 -0.7928 -0.7873 -0.7924 -0.3135
2430.00 -0.4177 -0.5455 -0.5456 -0.5465 -0.5430 -0.3145
2440.00 -0.4345 -0.7496 -0.7550 -0.7551 -0.7542 -0.3314
2450.00 -0.3904 -0.6058 -0.6030 -0.6008 -0.6078 -0.2964
2460.00 -0.4524 -0.7215 -0.7215 -0.7118 -0.7226 -0.3485
2470.00 -0.4395 -0.7087 -0.7211 -0.7185 -0.7049 -0.3176
2480.00 -0.4230 -0.5391 -0.5497 -0.5552 -0.5492 -0.3199
2490.00 -0.4305 -0.7427 -0.7385 -0.7496 -0.7370 -0.3272
2500.00 -0.4071 -0.5237 -0.5270 -0.5173 -0.5233 -0.3132
2510.00 -0.4246 -0.6551 -0.6519 -0.6599 -0.6545 -0.3305
2520.00 -0.4372 -0.8870 -0.8856 -0.8856 -0.8853 -0.3334
2530.00 -0.4199 -0.7378 -0.7387 -0.7355 -0.7409 -0.3114
2540.00 -0.4232 -0.6422 -0.6520 -0.6471 -0.6501 -0.3211
2550.00 -0.4063 -0.5903 -0.5910 -0.5974 -0.5944 -0.3132
2560.00 -0.4617 -0.6748 -0.6731 -0.6697 -0.6747 -0.3338
2570.00 -0.4324 -0.6005 -0.6042 -0.6010 -0.6031 -0.3206
2580.00 -0.4087 -0.6177 -0.6140 -0.6248 -0.6232 -0.3166
2590.00 -0.4330 -0.6760 -0.6748 -0.6825 -0.6735 -0.3313
2600.00 -0.4210 -0.5746 -0.5768 -0.5852 -0.5720 -0.3215
2610.00 -0.4238 -0.7129 -0.7182 -0.7223 -0.7146 -0.3318
2620.00 -0.4123 -0.5859 -0.5798 -0.5805 -0.5905 -0.3126
2630.00 -0.4183 -0.6167 -0.6137 -0.6141 -0.6175 -0.3134
2640.00 -0.4722 -0.6603 -0.6610 -0.6655 -0.6579 -0.3521
2650.00 -0.4061 -0.6371 -0.6463 -0.6449 -0.6451 -0.3085
2660.00 -0.4055 -0.8281 -0.8223 -0.8255 -0.8202 -0.3266
2670.00 -0.4298 -0.6082 -0.6129 -0.6138 -0.6148 -0.3221
2680.00 -0.4387 -0.6031 -0.5959 -0.5980 -0.6021 -0.3281
2690.00 -0.3983 -0.5818 -0.5756 -0.5743 -0.5735 -0.3091
2700.00 -0.4262 -0.6707 -0.6777 -0.6770 -0.6809 -0.3369
2710.00 -0.4234 -0.6578 -0.6482 -0.6578 -0.6523 -0.3298
2720.00 -0.4248 -0.8766 -0.8886 -0.8755 -0.8958 -0.3366
2730.00 -0.4242 -0.7090 -0.7086 -0.7133 -0.7059 -0.3219
2740.00 -0.3956 -0.5891 -0.5875 -0.5839 -0.5939 -0.2957
2750.00 -0.3937 -0.6133 -0.6153 -0.6153 -0.6158 -0.3067
2760.00 -0.4656 -1.0472 -1.0601 -1.0554 -1.0530 -0.3614
2770.00 -0.3974 -0.6528 -0.6607 -0.6507 -0.6542 -0.3055
2780.00 -0.4268 -0.6553 -0.6491 -0.6632 -0.6637 -0.3125
2790.00 -0.4357 -0.7371 -0.7322 -0.7320 -0.7309 -0.3302
2800.00 -0.4018 -0.5104 -0.5200 -0.5147 -0.5096 -0.3079
2810.00 -0.4278 -0.5923 -0.5823 -0.5880 -0.5880 -0.3257
2820.00 -0.4127 -0.5699 -0.5656 -0.5646 -0.5583 -0.2954
2830.00 -0.4385 -0.6173 -0.6170 -0.6154 -0.6152 -0.3297
2840.00 -0.4354 -0.6346 -0.6279 -0.6351 -0.6252 -0.3323
2850.00 -0.3807 -0.6658 -0.6740 -0.6642 -0.6566 -0.3049
2860.00 -0.4545 -0.9419 -0.9384 -0.9463 -0.9323 -0.3538
2870.00 -0.4085 -0.6600 -0.6493 -0.6439 -0.6542 -0.3163
2880.00 -0.4271 -0.6322 -0.6428 -0.6418 -0.6399 -0.3261
2890.00 -0.3914 -0.7196 -0.7195 -0.7174 -0.7168 -0.3006
2900.00 -0.4413 -0.5792 -0.5859 -0.5862 -0.5851 -0.3346
2910.00 -0.4209 -0.7378 -0.7403 -0.7417 -0.7400 -0.3173
2920.00 -0.4107 -0.5788 -0.5736 -0.5731 -0.5771 -0.3182
2930.00 -0.4334 -0.7698 -0.7763 -0.7754 -0.7691 -0.3393
2940.00 -0.4201 -0.7280 -0.7307 -0.7243 -0.7268 -0.3269
2950.00 -0.3985 -0.5841 -0.5880 -0.5892 -0.5796 -0.3010
2960.00 -0.4349 -0.8777 -0.8680 -0.8630 -0.8627 -0.3417
2970.00 -0.4228 -0.6493 -0.6505 -0.6474 -0.6563 -0.3084
2980.00 -0.4028 -0.5124 -0.5133 -0.5161 -0.5188 -0.3079
2990.00 -0.4404 -0.6872 -0.6849 -0.6848 -0.6828 -0.3297
3000.00 -0.4464 -0.6169 -0.6141 -0.6151 -0.6122 -0.3362
3010.00 -0.4283 -0.6602 -0.6518 -0.6522 -0.6551 -0.3156
3020.00 -0.4247 -0.5726 -0.5712 -0.5656 -0.5638 -0.3336
3030.00 -0.4175 -0.7102 -0.7113 -0.7176 -0.7152 -0.3125
3040.00 -0.4049 -0.6610 -0.6611 -0.6588 -0.6527 -0.3076
3050.00 -0.4348 -0.8575 -0.8512 -0.8529 -0.8513 -0.3465
3060.00 -0.4080 -0.5774 -0.5794 -0.5917 -0.5849 -0.3079
3070.00 -0.4181 -0.6317 -0.6374 -0.6342 -0.6268 -0.3211
3080.00 -0.4239 -0.6602 -0.6720 -0.6650 -0.6687 -0.3157
3090.00 -0.4200 -0.5365 -0.5406 -0.5408 -0.5342 -0.3224
3100.00 -0.3932 -0.7414 -0.7533 -0.7411 -0.7522 -0.3229
3110.00 -0.4281 -0.7928 -0.7851 -0.8015 -0.7917 -0.3218
3120.00 -0.4310 -0.7165 -0.7104 -0.7160 -0.7151 -0.3209
3130.00 -0.4108 -0.6873 -0.6917 -0.6807 -0.6871 -0.3307
3140.00 -0.4091 -0.7018 -0.6889 -0.7047 -0.6903 -0.3036
3150.00 -0.4435 -0.6280 -0.6353 -0.6410 -0.6345 -0.3331
3160.00 -0.4142 -0.7795 -0.7835 -0.7744 -0.7812 -0.3286
3170.00 -0.4255 -0.6943 -0.6884 -0.6871 -0.6953 -0.3311
3180.00 -0.4178 -0.6546 -0.6556 -0.6535 -0.6533 -0.3159
3190.00 -0.4347 -0.6331 -0.6256 -0.6286 -0.6288 -0.3297
3200.00 -0.4217 -0.6914 -0.6930 -0.6970 -0.6899 -0.3321
3210.00 -0.4029 -0.6603 -0.6538 -0.6548 -0.6580 -0.3072
3220.00 -0.4344 -0.6376 -0.6306 -0.6406 -0.6248 -0.3267
3230.00 -0.4062 -0.5620 -0.5634 -0.5510 -0.5613 -0.3140
3240.00 -0.4465 -0.6555 -0.6693 -0.6631 -0.6580 -0.3340
3250.00 -0.4073 -0.5402 -0.5375 -0.5387 -0.5365 -0.3089
3260.00 -0.4641 -0.8311 -0.8263 -0.8285 -0.8236 -0.3494
3270.00 -0.4263 -0.8636 -0.8610 -0.8687 -0.8626 -0.3366
3280.00 -0.3956 -0.5900 -0.5943 -0.5864 -0.5941 -0.3018
3290.00 -0.4373 -0.5882 -0.5831 -0.5864 -0.5810 -0.3264
3300.00 -0.4272 -0.8893 -0.8860 -0.8978 -0.8777 -0.3394
3310.00 -0.4010 -0.6725 -0.6717 -0.6738 -0.6781 -0.3178
3320.00 -0.4006 -0.8754 -0.8769 -0.8736 -0.8707 -0.3104
3330.00 -0.4321 -0.5181 -0.5220 -0.5209 -0.5260 -0.3185
3340.00 -0.4436 -0.6322 -0.6444 -0.6417 -0.6422 -0.3299
3350.00 -0.4220 -0.6166 -0.6208 -0.6208 -0.6207 -0.3158
3360.00 -0.4253 -0.6104 -0.6129 -0.6088 -0.6048 -0.3223
3370.00 -0.4376 -0.6584 -0.6590 -0.6622 -0.6543 -0.3408
3380.00 -0.4001 -0.7518 -0.7492 -0.7558 -0.7569 -0.3055
3390.00 -0.4229 -0.6917 -0.6951 -0.6916 -0.6901 -0.3263
3400.00 -0.4096 -0.6075 -0.6031 -0.6092 -0.6100 -0.3222
3410.00 -0.4411 -0.8325 -0.8321 -0.8361 -0.8427 -0.3483
3420.00 -0.4320 -0.7205 -0.7109 -0.7057 -0.7128 -0.3037
3430.00 -0.3811 -0.7467 -0.7522 -0.7440 -0.7442 -0.3090
3440.00 -0.4281 -0.6544 -0.6576 -0.6580 -0.6562 -0.3312
3450.00 -0.4226 -0.5953 -0.6063 -0.5990 -0.5959 -0.3212
3460.00 -0.4379 -0.6746 -0.6719 -0.6729 -0.6759 -0.3377
3470.00 -0.4236 -0.7939 -0.7852 -0.7908 -0.7847 -0.3257
3480.00 -0.4175 -0.5778 -0.5720 -0.5715 -0.5764 -0.3060
3490.00 -0.4286 -0.6679 -0.6660 -0.6624 -0.6615 -0.3325
3500.00 -0.4465 -0.6026 -0.6001 -0.5983 -0.6054 -0.3301
3510.00 -0.4191 -0.6394 -0.6421 -0.6442 -0.6398 -0.3212
3520.00 -0.4135 -0.6811 -0.6794 -0.6793 -0.6753 -0.3157
3530.00 -0.4338 -0.8234 -0.8140 -0.8185 -0.8133 -0.3325
3540.00 -0.4110 -0.6814 -0.6740 -0.6678 -0.6727 -0.3041
3550.00 -0.4237 -0.7869 -0.7864 -0.7913 -0.7935 -0.3355
3560.00 -0.4351 -0.6159 -0.6231 -0.6298 -0.6195 -0.3034
3570.00 -0.4210 -0.5765 -0.5736 -0.5755 -0.5743 -0.3339
3580.00 -0.4073 -0.6600 -0.6601 -0.6536 -0.6597 -0.3153
3590.00 -0.4194 -0.7689 -0.7723 -0.7637 -0.7793 -0.3233
3600.00 -0.4383 -0.8865 -0.8906 -0.8894 -0.8853 -0.3297
3610.00 -0.4151 -0.5435 -0.5378 -0.5454 -0.5437 -0.3102
3620.00 -0.4473 -0.6919 -0.6819 -0.6867 -0.6858 -0.3521
3630.00 -0.4245 -0.7520 -0.7513 -0.7613 -0.7518 -0.3213
3640.00 -0.4134 -0.5624 -0.5639 -0.5587 -0.5643 -0.3033
3650.00 -0.4240 -0.7149 -0.7040 -0.7123 -0.7067 -0.3241
3660.00 -0.4088 -0.5154 -0.5271 -0.5269 -0.5261 -0.3179
3670.00 -0.4457 -1.0301 -1.0206 -1.0301 -1.0295 -0.3479
3680.00 -0.4210 -0.6494 -0.6676 -0.6557 -0.6669 -0.3195
3690.00 -0.4344 -0.7333 -0.7282 -0.7239 -0.7304 -0.3268
3700.00 -0.3917 -0.5339 -0.5325 -0.5416 -0.5285 -0.3006
3710.00 -0.4263 -0.7791 -0.7736 -0.7791 -0.7815 -0.3234
3720.00 -0.4072 -0.6152 -0.6148 -0.6070 -0.6057 -0.3111
3730.00 -0.4276 -0.7793 -0.7947 -0.7790 -0.7854 -0.3307
3740.00 -0.4440 -0.7545 -0.7502 -0.7531 -0.7435 -0.3420
3750.00 -0.3985 -0.6655 -0.6625 -0.6598 -0.6661 -0.3028
3760.00 -0.4519 -0.6848 -0.6817 -0.6792 -0.6816 -0.3294
3770.00 -0.4139 -0.5496 -0.5434 -0.5548 -0.5466 -0.3190
3780.00 -0.4260 -0.6228 -0.6377 -0.6356 -0.6419 -0.3202
3790.00 -0.4162 -0.7186 -0.7196 -0.7174 -0.7190 -0.3208
3800.00 -0.4321 -0.5788 -0.5810 -0.5741 -0.5820 -0.3181
3810.00 -0.4218 -0.5059 -0.5060 -0.5053 -0.5066 -0.3208
3820.00 -0.4156 -0.6445 -0.6386 -0.6470 -0.6357 -0.3213
3830.00 -0.4385 -0.9688 -0.9772 -0.9768 -0.9760 -0.3460
3840.00 -0.4048 -0.7539 -0.7549 -0.7549 -0.7625 -0.3145
3850.00 -0.4282 -0.7013 -0.6882 -0.6895 -0.6937 -0.3269
3860.00 -0.4085 -0.5441 -0.5492 -0.5444 -0.5458 -0.2983
3870.00 -0.4070 -0.6351 -0.6458 -0.6360 -0.6376 -0.3173
3880.00 -0.4288 -0.9377 -0.9313 -0.9362 -0.9306 -0.3307
3890.00 -0.4057 -0.6533 -0.6468 -0.6421 -0.6450 -0.3105
3900.00 -0.4237 -0.6209 -0.6171 -0.6227 -0.6255 -0.3246
3910.00 -0.4123 -0.5661 -0.5679 -0.5684 -0.5624 -0.3168
3920.00 -0.4545 -0.6224 -0.6236 -0.6205 -0.6168 -0.3333
3930.00 -0.3890 -0.5346 -0.5468 -0.5488 -0.5443 -0.3018
3940.00 -0.4790 -0.8266 -0.8240 -0.8285 -0.8281 -0.3559
3950.00 -0.4326 -0.6764 -0.6696 -0.6731 -0.6811 -0.3259
3960.00 -0.4253 -0.5750 -0.5696 -0.5661 -0.5617 -0.3280
3970.00 -0.4215 -0.5332 -0.5332 -0.5271 -0.5294 -0.3257
3980.00 -0.4305 -0.7218 -0.7258 -0.7280 -0.7234 -0.3480
3990.00 -0.3976 -1.3105 -1.3063 -1.2927 -1.3047 -0.3368
4000.00 -0.3805 -0.6175 -0.6091 -0.6268 -0.6183 -0.2894
