10.00 -0.5099 -0.4832 -0.4889 -0.4804 -0.4989 -0.2997
20.00 -0.4768 -0.4789 -0.4813 -0.4710 -0.4813 -0.3187
30.00 -0.4805 -0.4856 -0.4776 -0.4685 -0.4861 -0.3140
40.00 -0.4687 -0.4750 -0.4668 -0.4746 -0.4661 -0.3164
50.00 -0.4971 -0.5014 -0.5007 -0.4903 -0.4798 -0.3178
60.00 -0.4569 -0.4654 -0.4611 -0.4536 -0.4433 -0.3069
70.00 -0.4915 -0.4941 -0.4955 -0.4810 -0.4718 -0.3248
80.00 -0.4945 -0.4973 -0.4955 -0.4958 -0.4844 -0.3213
90.00 -0.4703 -0.4713 -0.4763 -0.4736 -0.4752 -0.3132
100.00 -0.4617 -0.4620 -0.4638 -0.4696 -0.4503 -0.2971
110.00 -0.4791 -0.4680 -0.4802 -0.4791 -0.4764 -0.3155
120.00 -0.4714 -0.4590 -0.4783 -0.4776 -0.4768 -0.3026
130.00 -0.4858 -0.4880 -0.4947 -0.4916 -0.4954 -0.3348
140.00 -0.4673 -0.4591 -0.4417 -0.4616 -0.4625 -0.2895
150.00 -0.4795 -0.4924 -0.4814 -0.4925 -0.4904 -0.3196
160.00 -0.4624 -0.4498 -0.4601 -0.4605 -0.4609 -0.3143
170.00 -0.4640 -0.4909 -0.4663 -0.4988 -0.4915 -0.3005
180.00 -0.4655 -0.4524 -0.4670 -0.4745 -0.4753 -0.3182
190.00 -0.5081 -0.5025 -0.4958 -0.5086 -0.5049 -0.3301
200.00 -0.4717 -0.4654 -0.4665 -0.4612 -0.4584 -0.3007
210.00 -0.4809 -0.4649 -0.4732 -0.4715 -0.4762 -0.3035
220.00 -0.4642 -0.4427 -0.4617 -0.4663 -0.4780 -0.3163
230.00 -0.4977 -0.4950 -0.5089 -0.5068 -0.4970 -0.3290
240.00 -0.4989 -0.4822 -0.4897 -0.4884 -0.4984 -0.3262
250.00 -0.4187 -0.4361 -0.4399 -0.4357 -0.4471 -0.2809
260.00 -0.4728 -0.4720 -0.4792 -0.4933 -0.4756 -0.3115
270.00 -0.5032 -0.5019 -0.4762 -0.5014 -0.4910 -0.3248
280.00 -0.4559 -0.4375 -0.4577 -0.4568 -0.4488 -0.3021
290.00 -0.4916 -0.4756 -0.4996 -0.4828 -0.4872 -0.3168
300.00 -0.4803 -0.4716 -0.4753 -0.4828 -0.4724 -0.3164
310.00 -0.4850 -0.4765 -0.4853 -0.4822 -0.4793 -0.3172
320.00 -0.4758 -0.4726 -0.4568 -0.4623 -0.4660 -0.3091
330.00 -0.5007 -0.4855 -0.4846 -0.4973 -0.5026 -0.3162
340.00 -0.4800 -0.4712 -0.4439 -0.4748 -0.4716 -0.3044
350.00 -0.4538 -0.4741 -0.4609 -0.4630 -0.4593 -0.3088
360.00 -0.4896 -0.4936 -0.4833 -0.4930 -0.4984 -0.3346
370.00 -0.4898 -0.4879 -0.4888 -0.4841 -0.4838 -0.3177
380.00 -0.4896 -0.4940 -0.4470 -0.4856 -0.4882 -0.3113
390.00 -0.4728 -0.4807 -0.4593 -0.4669 -0.4692 -0.2929
400.00 -0.4905 -0.4951 -0.4843 -0.4646 -0.4775 -0.3212
410.00 -0.4999 -0.4952 -0.4870 -0.4972 -0.4830 -0.3283
420.00 -0.4566 -0.4585 -0.4539 -0.4421 -0.4558 -0.2968
430.00 -0.5123 -0.4987 -0.4987 -0.5062 -0.4952 -0.3283
440.00 -0.4670 -0.4662 -0.4558 -0.4731 -0.4725 -0.3019
450.00 -0.4750 -0.4794 -0.4855 -0.4879 -0.4666 -0.3153
460.00 -0.4798 -0.4703 -0.4695 -0.4681 -0.4703 -0.3114
470.00 -0.5095 -0.5190 -0.5155 -0.4963 -0.5040 -0.3338
480.00 -0.4772 -0.4786 -0.4825 -0.4745 -0.4793 -0.3164
490.00 -0.4559 -0.4711 -0.4579 -0.4509 -0.4696 -0.3038
500.00 -0.4733 -0.4691 -0.4774 -0.4762 -0.4607 -0.3131
510.00 -0.4617 -0.4628 -0.4540 -0.4580 -0.4575 -0.2892
520.00 -0.5020 -0.4938 -0.4897 -0.4933 -0.4817 -0.3340
530.00 -0.4707 -0.4667 -0.4733 -0.4700 -0.4638 -0.3153
540.00 -0.4644 -0.4472 -0.4616 -0.4523 -0.4646 -0.2992
550.00 -0.5068 -0.4771 -0.5004 -0.5058 -0.5146 -0.3254
560.00 -0.4957 -0.4903 -0.4820 -0.4881 -0.4886 -0.3245
570.00 -0.4741 -0.4711 -0.4545 -0.4682 -0.4699 -0.3081
580.00 -0.4791 -0.4810 -0.4728 -0.4893 -0.4772 -0.3082
590.00 -0.4819 -0.4800 -0.4676 -0.4764 -0.4785 -0.3175
600.00 -0.4712 -0.4731 -0.4859 -0.4822 -0.4806 -0.3219
610.00 -0.4884 -0.5046 -0.4885 -0.4884 -0.4957 -0.3093
620.00 -0.4786 -0.4638 -0.4748 -0.4849 -0.4811 -0.3173
630.00 -0.4662 -0.4722 -0.4607 -0.4688 -0.4560 -0.3001
640.00 -0.4644 -0.4656 -0.4590 -0.4633 -0.4573 -0.3044
650.00 -0.4616 -0.4731 -0.4579 -0.4683 -0.4661 -0.3067
660.00 -0.4906 -0.4889 -0.4878 -0.5000 -0.4805 -0.3196
670.00 -0.4871 -0.4743 -0.4697 -0.4688 -0.4649 -0.2940
680.00 -0.4725 -0.4725 -0.4702 -0.4809 -0.4796 -0.3309
690.00 -0.4820 -0.4790 -0.4703 -0.4742 -0.4831 -0.3097
700.00 -0.4599 -0.4676 -0.4645 -0.4668 -0.4687 -0.3087
710.00 -0.4948 -0.5010 -0.4940 -0.4917 -0.4980 -0.3229
720.00 -0.4616 -0.4720 -0.4764 -0.4835 -0.4675 -0.3126
730.00 -0.4781 -0.4909 -0.4836 -0.4684 -0.4813 -0.3111
740.00 -0.4938 -0.4843 -0.4824 -0.4731 -0.4883 -0.3257
750.00 -0.4500 -0.4773 -0.4650 -0.4723 -0.4692 -0.3120
760.00 -0.4728 -0.4736 -0.4647 -0.4828 -0.4642 -0.3081
770.00 -0.4725 -0.4825 -0.4851 -0.4842 -0.4811 -0.3164
780.00 -0.4802 -0.4735 -0.4949 -0.4920 -0.4971 -0.3195
790.00 -0.4586 -0.4704 -0.4671 -0.4872 -0.4788 -0.3047
800.00 -0.4654 -0.4523 -0.4597 -0.4531 -0.4564 -0.3179
810.00 -0.4951 -0.4820 -0.4983 -0.4877 -0.4966 -0.3243
820.00 -0.4538 -0.4682 -0.4803 -0.4733 -0.4648 -0.3028
830.00 -0.4642 -0.4623 -0.4618 -0.4567 -0.4571 -0.3105
840.00 -0.4958 -0.4801 -0.4993 -0.4937 -0.4986 -0.3204
850.00 -0.4784 -0.4709 -0.4811 -0.4689 -0.4866 -0.3119
860.00 -0.4735 -0.4601 -0.4712 -0.4690 -0.4568 -0.2985
870.00 -0.4736 -0.4542 -0.4688 -0.4692 -0.4668 -0.3066
880.00 -0.4637 -0.4687 -0.4612 -0.4732 -0.4601 -0.3125
890.00 -0.4657 -0.4917 -0.5012 -0.4761 -0.4954 -0.3160
900.00 -0.4863 -0.4821 -0.4648 -0.4847 -0.4923 -0.3135
910.00 -0.4724 -0.4749 -0.4570 -0.4756 -0.4706 -0.3116
920.00 -0.4891 -0.4736 -0.4850 -0.4960 -0.4793 -0.3262
930.00 -0.4583 -0.4747 -0.4701 -0.4701 -0.4726 -0.2918
940.00 -0.4884 -0.4865 -0.4787 -0.4777 -0.4915 -0.3255
950.00 -0.4565 -0.4579 -0.4618 -0.4454 -0.4561 -0.3033
960.00 -0.4899 -0.4878 -0.4987 -0.4785 -0.4832 -0.3265
970.00 -0.4617 -0.4545 -0.4610 -0.4634 -0.4712 -0.3160
980.00 -0.4920 -0.5012 -0.5024 -0.4848 -0.5069 -0.3164
990.00 -0.4701 -0.4558 -0.4582 -0.4621 -0.4612 -0.3028
1000.00 -0.5077 -0.4862 -0.4936 -0.5020 -0.4844 -0.3224
1010.00 -0.4763 -0.8819 -0.8817 -0.8767 -0.8820 -0.3205
1020.00 -0.4090 -0.5089 -0.5055 -0.5127 -0.5077 -0.3151
1030.00 -0.3857 -0.5313 -0.5204 -0.5194 -0.5250 -0.2976
1040.00 -0.4232 -0.5163 -0.5159 -0.5071 -0.5159 -0.3271
1050.00 -0.4017 -0.4945 -0.5028 -0.5015 -0.4989 -0.3069
1060.00 -0.4285 -0.5543 -0.5536 -0.5489 -0.5635 -0.3225
1070.00 -0.4106 -0.5140 -0.5095 -0.5095 -0.5187 -0.3057
1080.00 -0.4251 -0.5099 -0.5128 -0.5132 -0.5207 -0.3303
1090.00 -0.3901 -0.5170 -0.5294 -0.5278 -0.5280 -0.2960
1100.00 -0.3761 -0.4581 -0.4634 -0.4598 -0.4652 -0.2918
1110.00 -0.4569 -0.5598 -0.5699 -0.5647 -0.5636 -0.3360
1120.00 -0.4082 -0.5415 -0.5327 -0.5418 -0.5351 -0.3094
1130.00 -0.3991 -0.4982 -0.4872 -0.4919 -0.4965 -0.3054
1140.00 -0.4173 -0.5598 -0.5601 -0.5645 -0.5677 -0.3169
1150.00 -0.4337 -0.5462 -0.5453 -0.5406 -0.5392 -0.3329
1160.00 -0.3789 -0.5345 -0.5408 -0.5379 -0.5385 -0.2979
1170.00 -0.4084 -0.5835 -0.5899 -0.5911 -0.5866 -0.3267
1180.00 -0.3827 -0.6157 -0.6154 -0.6101 -0.6165 -0.2999
1190.00 -0.3868 -0.4957 -0.4945 -0.4952 -0.4945 -0.3068
1200.00 -0.4152 -0.5927 -0.5966 -0.5903 -0.5876 -0.3278
1210.00 -0.4041 -0.5338 -0.5331 -0.5333 -0.5334 -0.3135
1220.00 -0.4118 -0.5253 -0.5110 -0.5135 -0.5129 -0.3119
1230.00 -0.4209 -0.5646 -0.5676 -0.5692 -0.5693 -0.3334
1240.00 -0.3766 -0.6035 -0.6082 -0.6035 -0.6009 -0.2996
1250.00 -0.3991 -0.5631 -0.5664 -0.5593 -0.5621 -0.3183
1260.00 -0.4025 -0.5045 -0.4960 -0.4982 -0.5024 -0.3122
1270.00 -0.4303 -0.5606 -0.5691 -0.5591 -0.5640 -0.3261
1280.00 -0.3838 -0.5719 -0.5699 -0.5766 -0.5779 -0.3092
1290.00 -0.4277 -0.6020 -0.5956 -0.5959 -0.5890 -0.3361
1300.00 -0.3619 -0.6244 -0.6253 -0.6252 -0.6287 -0.2886
1310.00 -0.3887 -0.6096 -0.6082 -0.6066 -0.6083 -0.3176
1320.00 -0.4177 -0.6054 -0.6043 -0.6074 -0.6080 -0.3268
1330.00 -0.3786 -0.5995 -0.6008 -0.5971 -0.5940 -0.3043
1340.00 -0.4021 -0.6565 -0.6569 -0.6558 -0.6622 -0.3265
1350.00 -0.3889 -0.5590 -0.5622 -0.5538 -0.5532 -0.2996
1360.00 -0.4184 -0.5267 -0.5286 -0.5317 -0.5377 -0.3255
1370.00 -0.3860 -0.5579 -0.5557 -0.5572 -0.5548 -0.3020
1380.00 -0.4196 -0.5164 -0.5145 -0.5196 -0.5219 -0.3322
1390.00 -0.3736 -0.5537 -0.5582 -0.5513 -0.5514 -0.2893
1400.00 -0.4057 -0.5668 -0.5655 -0.5756 -0.5711 -0.3250
1410.00 -0.4005 -0.6004 -0.5891 -0.5922 -0.5953 -0.3190
1420.00 -0.3839 -0.5179 -0.5197 -0.5172 -0.5238 -0.2995
1430.00 -0.4101 -0.6753 -0.6691 -0.6771 -0.6779 -0.3380
1440.00 -0.3704 -0.5841 -0.5822 -0.5769 -0.5882 -0.2954
1450.00 -0.3955 -0.5758 -0.5673 -0.5714 -0.5786 -0.3130
1460.00 -0.4023 -0.6875 -0.6856 -0.6859 -0.6906 -0.3169
1470.00 -0.4142 -0.5273 -0.5382 -0.5289 -0.5306 -0.3254
1480.00 -0.3886 -0.4876 -0.4875 -0.4820 -0.4800 -0.3142
1490.00 -0.3949 -0.5034 -0.5053 -0.5111 -0.5120 -0.3045
1500.00 -0.4027 -0.5662 -0.5635 -0.5579 -0.5582 -0.3110
1510.00 -0.4053 -0.5756 -0.5742 -0.5739 -0.5751 -0.3219
1520.00 -0.3704 -0.6834 -0.6823 -0.6785 -0.6860 -0.3128
1530.00 -0.3636 -0.6376 -0.6449 -0.6444 -0.6449 -0.3062
1540.00 -0.4092 -0.6348 -0.6355 -0.6310 -0.6283 -0.3186
1550.00 -0.3873 -0.5283 -0.5335 -0.5314 -0.5301 -0.3049
1560.00 -0.4127 -0.5703 -0.5587 -0.5738 -0.5605 -0.3193
1570.00 -0.4052 -0.5275 -0.5252 -0.5323 -0.5295 -0.3186
1580.00 -0.3907 -0.5431 -0.5446 -0.5417 -0.5494 -0.3053
1590.00 -0.3937 -0.7699 -0.7631 -0.7554 -0.7625 -0.3253
1600.00 -0.3843 -0.5529 -0.5515 -0.5485 -0.5441 -0.3087
1610.00 -0.3753 -0.5765 -0.5789 -0.5855 -0.5841 -0.3050
1620.00 -0.3938 -0.6125 -0.6056 -0.6042 -0.6069 -0.3045
1630.00 -0.4015 -0.5112 -0.5119 -0.5163 -0.5121 -0.3118
1640.00 -0.4107 -0.7136 -0.7111 -0.7191 -0.7098 -0.3254
1650.00 -0.3845 -0.4866 -0.4896 -0.4855 -0.4837 -0.2993
1660.00 -0.4123 -0.5822 -0.5788 -0.5747 -0.5866 -0.3208
1670.00 -0.4185 -0.5626 -0.5588 -0.5653 -0.5563 -0.3280
1680.00 -0.4249 -0.5108 -0.5151 -0.5172 -0.5114 -0.3269
1690.00 -0.3713 -0.5633 -0.5647 -0.5654 -0.5646 -0.3022
1700.00 -0.3845 -0.6629 -0.6536 -0.6592 -0.6442 -0.3256
1710.00 -0.3935 -0.6218 -0.6225 -0.6219 -0.6308 -0.3176
1720.00 -0.3560 -0.6973 -0.6960 -0.7060 -0.6995 -0.3087
1730.00 -0.3918 -0.7009 -0.7036 -0.6975 -0.6990 -0.3168
1740.00 -0.3819 -0.5350 -0.5400 -0.5398 -0.5404 -0.2950
1750.00 -0.4136 -0.6204 -0.6247 -0.6194 -0.6171 -0.3331
1760.00 -0.3820 -0.5814 -0.5781 -0.5809 -0.5782 -0.3018
1770.00 -0.3881 -0.5849 -0.5845 -0.5730 -0.5752 -0.3159
1780.00 -0.3730 -0.5161 -0.5144 -0.5190 -0.5235 -0.3006
1790.00 -0.3948 -0.7276 -0.7319 -0.7405 -0.7330 -0.3254
1800.00 -0.4202 -0.5609 -0.5668 -0.5658 -0.5741 -0.3282
1810.00 -0.3655 -0.5408 -0.5349 -0.5338 -0.5424 -0.2923
1820.00 -0.3927 -0.6023 -0.5954 -0.5973 -0.5994 -0.3081
1830.00 -0.4139 -0.5001 -0.4922 -0.4955 -0.4966 -0.3154
1840.00 -0.4091 -0.5849 -0.5938 -0.5899 -0.5840 -0.3189
1850.00 -0.3929 -0.5339 -0.5396 -0.5348 -0.5454 -0.3183
1860.00 -0.4088 -0.6249 -0.6276 -0.6283 -0.6297 -0.3228
1870.00 -0.3764 -0.5540 -0.5564 -0.5519 -0.5508 -0.2944
1880.00 -0.3794 -0.6154 -0.6058 -0.6114 -0.6170 -0.3170
1890.00 -0.3695 -0.6876 -0.6878 -0.6918 -0.6938 -0.3130
1900.00 -0.4068 -0.6643 -0.6687 -0.6746 -0.6653 -0.3133
1910.00 -0.3986 -0.6044 -0.6080 -0.6011 -0.6036 -0.3247
1920.00 -0.3889 -0.6520 -0.6473 -0.6590 -0.6575 -0.3141
1930.00 -0.3718 -0.5766 -0.5772 -0.5796 -0.5742 -0.3037
1940.00 -0.3797 -0.5926 -0.5872 -0.5890 -0.5891 -0.3113
1950.00 -0.4056 -0.5545 -0.5616 -0.5619 -0.5574 -0.3054
1960.00 -0.3790 -0.5289 -0.5348 -0.5378 -0.5399 -0.3074
1970.00 -0.3957 -0.5948 -0.5967 -0.5912 -0.5857 -0.3146
1980.00 -0.3935 -0.6701 -0.6744 -0.6729 -0.6774 -0.3262
1990.00 -0.4084 -0.5256 -0.5258 -0.5288 -0.5237 -0.3153
2000.00 -0.4103 -0.5793 -0.5722 -0.5726 -0.5765 -0.3313
2010.00 -0.3815 -0.5424 -0.5384 -0.5467 -0.5404 -0.2998
2020.00 -0.3837 -0.5472 -0.5480 -0.5460 -0.5495 -0.2969
2030.00 -0.3983 -0.5437 -0.5478 -0.5455 -0.5381 -0.3166
2040.00 -0.3542 -0.8638 -0.8600 -0.8657 -0.8558 -0.3125
2050.00 -0.4060 -0.6536 -0.6536 -0.6619 -0.6507 -0.3193
2060.00 -0.3959 -0.5425 -0.5430 -0.5420 -0.5472 -0.3269
2070.00 -0.4136 -0.5919 -0.5873 -0.5915 -0.5908 -0.3148
2080.00 -0.4079 -0.4993 -0.4965 -0.5018 -0.4998 -0.3183
2090.00 -0.4016 -0.6014 -0.6027 -0.5987 -0.6000 -0.3188
2100.00 -0.3920 -0.5299 -0.5366 -0.5378 -0.5313 -0.3000
2110.00 -0.3977 -0.5899 -0.5884 -0.5907 -0.5818 -0.3176
2120.00 -0.3636 -0.7281 -0.7178 -0.7212 -0.7214 -0.3082
2130.00 -0.4095 -0.7347 -0.7401 -0.7334 -0.7327 -0.3363
2140.00 -0.3945 -0.5233 -0.5285 -0.5284 -0.5277 -0.3026
2150.00 -0.3958 -0.4754 -0.4838 -0.4864 -0.4800 -0.3172
2160.00 -0.3801 -0.6297 -0.6331 -0.6253 -0.6287 -0.3034
2170.00 -0.4039 -0.6257 -0.6141 -0.6233 -0.6251 -0.3213
2180.00 -0.4012 -0.6253 -0.6285 -0.6302 -0.6334 -0.3266
2190.00 -0.3821 -0.5208 -0.5222 -0.5323 -0.5229 -0.2961
2200.00 -0.3806 -0.6013 -0.6047 -0.6031 -0.5991 -0.3019
2210.00 -0.4091 -0.5946 -0.5918 -0.5872 -0.5918 -0.3275
2220.00 -0.3900 -0.5158 -0.5176 -0.5145 -0.5141 -0.3115
2230.00 -0.3887 -0.5691 -0.5821 -0.5717 -0.5828 -0.3110
2240.00 -0.3832 -0.6736 -0.6641 -0.6740 -0.6690 -0.3199
2250.00 -0.4091 -0.6986 -0.6964 -0.6978 -0.6916 -0.3336
2260.00 -0.3660 -0.5376 -0.5371 -0.5325 -0.5310 -0.2838
2270.00 -0.4060 -0.5648 -0.5634 -0.5624 -0.5638 -0.3189
2280.00 -0.4076 -0.5416 -0.5444 -0.5443 -0.5435 -0.3285
2290.00 -0.3504 -0.7806 -0.7772 -0.7849 -0.7818 -0.3089
2300.00 -0.3969 -0.6285 -0.6280 -0.6212 -0.6182 -0.3132
2310.00 -0.3973 -0.5369 -0.5430 -0.5381 -0.5392 -0.3106
2320.00 -0.4007 -0.5564 -0.5536 -0.5526 -0.5587 -0.3117
2330.00 -0.4017 -0.6180 -0.6190 -0.6151 -0.6175 -0.3115
2340.00 -0.3747 -0.5125 -0.5105 -0.5062 -0.5077 -0.2978
2350.00 -0.3953 -0.6839 -0.6904 -0.6893 -0.6871 -0.3129
2360.00 -0.4094 -0.5379 -0.5383 -0.5318 -0.5356 -0.3260
2370.00 -0.3904 -0.5233 -0.5158 -0.5259 -0.5207 -0.3076
2380.00 -0.3971 -0.5904 -0.5997 -0.5963 -0.5958 -0.3195
2390.00 -0.3965 -0.7079 -0.7052 -0.7094 -0.7089 -0.3279
2400.00 -0.3832 -0.6281 -0.6294 -0.6315 -0.6304 -0.3218
2410.00 -0.3797 -0.5749 -0.5738 -0.5774 -0.5678 -0.2985
2420.00 -0.3870 -0.5572 -0.5584 -0.5594 -0.5570 -0.3048
2430.00 -0.4119 -0.5647 -0.5667 -0.5669 -0.5712 -0.3167
2440.00 -0.4170 -0.5197 -0.5145 -0.5192 -0.5154 -0.3218
2450.00 -0.3846 -0.5880 -0.5926 -0.5824 -0.5938 -0.3138
2460.00 -0.3680 -0.6103 -0.6057 -0.6114 -0.6087 -0.3127
2470.00 -0.3863 -0.6269 -0.6281 -0.6339 -0.6318 -0.3112
2480.00 -0.3746 -0.6249 -0.6305 -0.6222 -0.6286 -0.3139
2490.00 -0.3972 -0.6624 -0.6788 -0.6765 -0.6642 -0.3155
2500.00 -0.4007 -0.5866 -0.5830 -0.5773 -0.5900 -0.3136
2510.00 -0.3881 -0.6230 -0.6188 -0.6232 -0.6219 -0.3066
2520.00 -0.3897 -0.5782 -0.5816 -0.5766 -0.5729 -0.3230
2530.00 -0.4099 -0.6012 -0.5920 -0.5995 -0.6095 -0.3273
2540.00 -0.3889 -0.6435 -0.6387 -0.6421 -0.6383 -0.2995
2550.00 -0.3976 -0.5819 -0.5822 -0.5875 -0.5840 -0.3216
2560.00 -0.3671 -0.6430 -0.6387 -0.6416 -0.6507 -0.3008
2570.00 -0.4035 -0.5072 -0.5084 -0.5051 -0.5029 -0.3183
2580.00 -0.4271 -0.6113 -0.6028 -0.6065 -0.6062 -0.3334
2590.00 -0.3858 -0.5635 -0.5729 -0.5672 -0.5665 -0.3065
2600.00 -0.3890 -0.5209 -0.5160 -0.5209 -0.5245 -0.2984
2610.00 -0.3899 -0.5797 -0.5787 -0.5866 -0.5714 -0.3183
2620.00 -0.3785 -0.5227 -0.5222 -0.5234 -0.5246 -0.3069
2630.00 -0.4112 -0.7213 -0.7213 -0.7226 -0.7162 -0.3358
2640.00 -0.3788 -0.7063 -0.7043 -0.6910 -0.6932 -0.3137
2650.00 -0.3857 -0.6076 -0.6083 -0.6137 -0.6074 -0.3107
2660.00 -0.3909 -0.5708 -0.5687 -0.5674 -0.5640 -0.3061
2670.00 -0.3784 -0.6927 -0.6946 -0.6961 -0.6950 -0.3141
2680.00 -0.3845 -0.5784 -0.5774 -0.5813 -0.5783 -0.3037
2690.00 -0.3973 -0.5826 -0.5817 -0.5842 -0.5838 -0.3192
2700.00 -0.3825 -0.5966 -0.5996 -0.6035 -0.5958 -0.3107
2710.00 -0.4139 -0.6404 -0.6386 -0.6293 -0.6350 -0.3267
2720.00 -0.3946 -0.5148 -0.5109 -0.5134 -0.5165 -0.3080
2730.00 -0.3867 -0.5530 -0.5440 -0.5529 -0.5463 -0.3095
2740.00 -0.4068 -0.6053 -0.6019 -0.6004 -0.6061 -0.3173
2750.00 -0.3917 -0.5282 -0.5322 -0.5358 -0.5302 -0.3170
2760.00 -0.3958 -0.6740 -0.6614 -0.6664 -0.6633 -0.3239
2770.00 -0.3850 -0.5934 -0.5918 -0.5873 -0.5971 -0.3139
2780.00 -0.3804 -0.6955 -0.6919 -0.6902 -0.6982 -0.2912
2790.00 -0.3846 -0.5330 -0.5407 -0.5311 -0.5325 -0.3056
2800.00 -0.3827 -0.5419 -0.5376 -0.5290 -0.5317 -0.3061
2810.00 -0.3961 -0.6216 -0.6305 -0.6286 -0.6265 -0.3150
2820.00 -0.4066 -0.6104 -0.6045 -0.6057 -0.6101 -0.3227
2830.00 -0.3786 -0.6140 -0.6143 -0.6186 -0.6064 -0.3189
2840.00 -0.3851 -0.5084 -0.5054 -0.5126 -0.5097 -0.3007
2850.00 -0.4016 -0.6177 -0.6129 -0.6134 -0.6113 -0.3126
2860.00 -0.4036 -0.6499 -0.6543 -0.6496 -0.6532 -0.3340
2870.00 -0.3622 -0.5501 -0.5496 -0.5358 -0.5447 -0.2913
2880.00 -0.4025 -0.6260 -0.6262 -0.6304 -0.6247 -0.3207
2890.00 -0.3775 -0.7149 -0.7208 -0.7287 -0.7281 -0.3294
2900.00 -0.3719 -0.6963 -0.6910 -0.6979 -0.6971 -0.3017
2910.00 -0.3805 -0.6049 -0.6032 -0.6007 -0.6069 -0.2914
2920.00 -0.4144 -0.5696 -0.5738 -0.5701 -0.5765 -0.3228
2930.00 -0.3937 -0.5402 -0.5432 -0.5430 -0.5458 -0.3084
2940.00 -0.3937 -0.6155 -0.6277 -0.6187 -0.6085 -0.3200
2950.00 -0.4039 -0.4902 -0.4944 -0.4861 -0.4982 -0.3024
2960.00 -0.4082 -0.5279 -0.5255 -0.5315 -0.5289 -0.3243
2970.00 -0.4147 -0.5677 -0.5645 -0.5626 -0.5706 -0.3125
2980.00 -0.3876 -0.5877 -0.5836 -0.5860 -0.5840 -0.3152
2990.00 -0.3842 -0.5559 -0.5431 -0.5567 -0.5462 -0.3139
3000.00 -0.3495 -0.9158 -0.9131 -0.9109 -0.9214 -0.3178
3010.00 -0.3758 -0.5798 -0.5897 -0.5810 -0.5919 -0.2968
3020.00 -0.4096 -0.6251 -0.6187 -0.6281 -0.6126 -0.3246
3030.00 -0.3825 -0.5580 -0.5557 -0.5600 -0.5584 -0.2975
3040.00 -0.4022 -0.5371 -0.5351 -0.5413 -0.5362 -0.3093
3050.00 -0.4038 -0.6018 -0.6093 -0.5996 -0.6039 -0.3084
3060.00 -0.3843 -0.5531 -0.5491 -0.5531 -0.5502 -0.3163
3070.00 -0.3901 -0.6093 -0.6123 -0.6111 -0.6139 -0.3124
3080.00 -0.3940 -0.6100 -0.6011 -0.6059 -0.6062 -0.3118
3090.00 -0.4170 -0.5172 -0.5145 -0.5171 -0.5215 -0.3178
3100.00 -0.3913 -0.6216 -0.6252 -0.6192 -0.6157 -0.3085
3110.00 -0.4156 -0.5481 -0.5463 -0.5542 -0.5416 -0.3294
3120.00 -0.3899 -0.5727 -0.5761 -0.5742 -0.5777 -0.3275
3130.00 -0.3821 -0.5898 -0.5871 -0.5925 -0.5895 -0.3093
3140.00 -0.4029 -0.6407 -0.6400 -0.6407 -0.6350 -0.3216
3150.00 -0.3835 -0.5644 -0.5665 -0.5621 -0.5694 -0.3112
3160.00 -0.3894 -0.6138 -0.6052 -0.6038 -0.6080 -0.3111
3170.00 -0.3743 -0.6636 -0.6689 -0.6659 -0.6547 -0.3038
3180.00 -0.3733 -0.7225 -0.7308 -0.7228 -0.7283 -0.3199
3190.00 -0.3799 -0.6638 -0.6659 -0.6663 -0.6682 -0.2945
3200.00 -0.3966 -0.5992 -0.5984 -0.5883 -0.5972 -0.3196
3210.00 -0.3985 -0.5672 -0.5787 -0.5692 -0.5731 -0.3150
3220.00 -0.4222 -0.6114 -0.6079 -0.6099 -0.6071 -0.3291
3230.00 -0.3894 -0.5857 -0.5858 -0.5847 -0.5868 -0.3116
3240.00 -0.3710 -0.5169 -0.5179 -0.5156 -0.5119 -0.2960
3250.00 -0.4148 -0.5360 -0.5403 -0.5329 -0.5384 -0.3092
3260.00 -0.4018 -0.5113 -0.5063 -0.5066 -0.5116 -0.3180
3270.00 -0.3941 -0.5487 -0.5433 -0.5491 -0.5487 -0.3069
3280.00 -0.4320 -0.6583 -0.6563 -0.6735 -0.6612 -0.3401
3290.00 -0.3553 -0.5485 -0.5659 -0.5683 -0.5585 -0.2952
3300.00 -0.3895 -0.6488 -0.6499 -0.6485 -0.6537 -0.3096
3310.00 -0.4064 -0.6077 -0.6149 -0.6102 -0.6214 -0.3221
3320.00 -0.3728 -0.7180 -0.7194 -0.7222 -0.7139 -0.3153
3330.00 -0.3622 -0.7436 -0.7507 -0.7412 -0.7440 -0.2997
3340.00 -0.4225 -0.5241 -0.5280 -0.5308 -0.5283 -0.3309
3350.00 -0.4037 -0.4671 -0.4686 -0.4608 -0.4609 -0.3125
3360.00 -0.3948 -0.5808 -0.5780 -0.5810 -0.5810 -0.3136
3370.00 -0.4066 -0.6550 -0.6487 -0.6570 -0.6538 -0.3249
3380.00 -0.3820 -0.5557 -0.5546 -0.5617 -0.5554 -0.3038
3390.00 -0.3984 -0.5503 -0.5516 -0.5457 -0.5429 -0.3199
3400.00 -0.3941 -0.5630 -0.5623 -0.5608 -0.5597 -0.3172
3410.00 -0.3649 -0.6110 -0.6034 -0.6082 -0.6128 -0.3121
3420.00 -0.3342 -0.9705 -0.9867 -0.9884 -0.9837 -0.3145
3430.00 -0.4072 -0.5543 -0.5425 -0.5524 -0.5464 -0.3159
3440.00 -0.3988 -0.5164 -0.5137 -0.5145 -0.5160 -0.3062
3450.00 -0.3927 -0.5702 -0.5767 -0.5714 -0.5741 -0.3132
3460.00 -0.4068 -0.5185 -0.5224 -0.5168 -0.5130 -0.3099
3470.00 -0.4077 -0.4936 -0.4913 -0.4917 -0.4913 -0.3140
3480.00 -0.3991 -0.5352 -0.5304 -0.5361 -0.5348 -0.3026
3490.00 -0.3982 -0.5590 -0.5622 -0.5608 -0.5511 -0.3240
3500.00 -0.4259 -0.5669 -0.5535 -0.5536 -0.5601 -0.3247
3510.00 -0.3535 -0.7041 -0.6955 -0.6965 -0.7007 -0.3106
3520.00 -0.3888 -0.7340 -0.7304 -0.7316 -0.7333 -0.3334
3530.00 -0.3734 -0.7097 -0.7137 -0.7098 -0.7189 -0.3088
3540.00 -0.3692 -0.5593 -0.5567 -0.5564 -0.5555 -0.2921
3550.00 -0.4369 -0.5545 -0.5654 -0.5546 -0.5705 -0.3369
3560.00 -0.3651 -0.5305 -0.5389 -0.5287 -0.5352 -0.2932
3570.00 -0.3938 -0.5665 -0.5639 -0.5698 -0.5630 -0.3130
3580.00 -0.3950 -0.6300 -0.6190 -0.6177 -0.6293 -0.3208
3590.00 -0.4053 -0.5506 -0.5617 -0.5547 -0.5573 -0.3073
3600.00 -0.3930 -0.5282 -0.5351 -0.5301 -0.5270 -0.3166
3610.00 -0.3977 -0.7392 -0.7293 -0.7394 -0.7367 -0.3266
3620.00 -0.3786 -0.5362 -0.5398 -0.5422 -0.5416 -0.3088
3630.00 -0.4333 -0.6683 -0.6641 -0.6640 -0.6597 -0.3412
3640.00 -0.3599 -0.4633 -0.4596 -0.4553 -0.4529 -0.2788
3650.00 -0.4008 -0.5801 -0.5830 -0.5809 -0.5840 -0.3153
3660.00 -0.4181 -0.7485 -0.7443 -0.7536 -0.7554 -0.3423
3670.00 -0.3561 -0.5786 -0.5906 -0.5874 -0.5818 -0.2956
3680.00 -0.3865 -0.6489 -0.6518 -0.6548 -0.6528 -0.3212
3690.00 -0.4060 -0.6132 -0.6089 -0.5983 -0.6129 -0.3089
3700.00 -0.3635 -0.5262 -0.5336 -0.5375 -0.5328 -0.2887
3710.00 -0.4170 -0.6529 -0.6389 -0.6423 -0.6482 -0.3232
3720.00 -0.3914 -0.4910 -0.4949 -0.4950 -0.4921 -0.2968
3730.00 -0.4035 -0.5827 -0.5789 -0.5797 -0.5850 -0.3140
3740.00 -0.3888 -0.6037 -0.6006 -0.6037 -0.6018 -0.3066
3750.00 -0.3849 -0.6579 -0.6615 -0.6628 -0.6557 -0.3188
3760.00 -0.4146 -0.6167 -0.6170 -0.6174 -0.6155 -0.3244
3770.00 -0.3979 -0.5655 -0.5709 -0.5706 -0.5734 -0.3226
3780.00 -0.3863 -0.5601 -0.5588 -0.5560 -0.5580 -0.3004
3790.00 -0.3735 -0.6182 -0.6146 -0.6229 -0.6155 -0.3085
3800.00 -0.4002 -0.5257 -0.5219 -0.5242 -0.5211 -0.3204
3810.00 -0.4034 -0.6363 -0.6470 -0.6436 -0.6540 -0.3278
3820.00 -0.3823 -0.6845 -0.6805 -0.6811 -0.6874 -0.3025
3830.00 -0.3967 -0.5578 -0.5550 -0.5640 -0.5544 -0.3189
3840.00 -0.3822 -0.6348 -0.6387 -0.6312 -0.6387 -0.3162
3850.00 -0.4042 -0.6100 -0.6152 -0.6176 -0.6160 -0.3040
3860.00 -0.3961 -0.6115 -0.6163 -0.6155 -0.6130 -0.3230
3870.00 -0.3877 -0.4419 -0.4319 -0.4428 -0.4393 -0.3005
3880.00 -0.4152 -0.6632 -0.6624 -0.6693 -0.6654 -0.3329
3890.00 -0.4015 -0.5737 -0.5862 -0.5798 -0.5825 -0.3103
3900.00 -0.3660 -0.6441 -0.6398 -0.6466 -0.6350 -0.3234
3910.00 -0.3419 -0.7624 -0.7575 -0.7597 -0.7623 -0.2992
3920.00 -0.4113 -0.6184 -0.6238 -0.6151 -0.6188 -0.3249
3930.00 -0.3891 -0.6530 -0.6499 -0.6502 -0.6545 -0.3193
3940.00 -0.4030 -0.5755 -0.5808 -0.5763 -0.5771 -0.3035
3950.00 -0.3776 -0.5295 -0.5272 -0.5290 -0.5270 -0.2932
3960.00 -0.4228 -0.5711 -0.5666 -0.5659 -0.5771 -0.3264
3970.00 -0.4129 -0.4759 -0.4750 -0.4755 -0.4710 -0.3254
3980.00 -0.3900 -0.6629 -0.6620 -0.6541 -0.6602 -0.3017
3990.00 -0.3936 -0.4945 -0.4899 -0.4987 -0.4967 -0.3109
4000.00 -0.3966 -0.5488 -0.5550 -0.5519 -0.5555 -0.3143
