10.00 -0.4806 -0.4678 -0.4774 -0.4840 -0.4862 -0.3101
20.00 -0.5023 -0.4948 -0.5048 -0.4948 -0.5087 -0.3231
30.00 -0.4891 -0.4813 -0.4761 -0.4804 -0.4887 -0.3211
40.00 -0.4769 -0.4846 -0.4751 -0.4850 -0.4852 -0.3122
50.00 -0.5050 -0.5039 -0.5096 -0.4979 -0.5022 -0.3301
60.00 -0.4946 -0.5029 -0.5031 -0.4905 -0.5055 -0.3076
70.00 -0.4682 -0.5005 -0.4940 -0.4954 -0.4997 -0.3067
80.00 -0.4820 -0.4968 -0.4901 -0.4869 -0.4914 -0.3176
90.00 -0.4864 -0.5005 -0.4842 -0.4788 -0.4728 -0.3203
100.00 -0.5013 -0.5025 -0.4953 -0.5086 -0.5009 -0.3334
110.00 -0.4859 -0.4940 -0.4666 -0.4859 -0.4853 -0.3090
120.00 -0.4781 -0.4763 -0.4638 -0.4798 -0.4780 -0.3029
130.00 -0.5019 -0.4950 -0.4863 -0.4958 -0.4943 -0.3203
140.00 -0.5210 -0.5178 -0.5034 -0.5140 -0.5048 -0.3285
150.00 -0.4921 -0.4854 -0.4844 -0.4807 -0.4785 -0.3105
160.00 -0.4681 -0.4619 -0.4532 -0.4539 -0.4575 -0.3088
170.00 -0.4786 -0.4704 -0.4604 -0.4785 -0.4862 -0.3095
180.00 -0.4816 -0.4779 -0.4802 -0.4796 -0.4900 -0.3151
190.00 -0.4962 -0.5044 -0.5195 -0.5245 -0.5073 -0.3367
200.00 -0.5026 -0.4911 -0.4988 -0.4968 -0.4993 -0.3167
210.00 -0.4795 -0.4896 -0.4820 -0.4786 -0.4829 -0.3217
220.00 -0.4643 -0.4729 -0.4586 -0.4788 -0.4764 -0.3056
230.00 -0.5105 -0.5024 -0.5011 -0.5077 -0.4979 -0.3427
240.00 -0.4854 -0.4990 -0.4969 -0.4956 -0.4998 -0.3074
250.00 -0.4899 -0.4925 -0.4938 -0.4945 -0.4958 -0.3204
260.00 -0.4695 -0.4914 -0.4820 -0.4769 -0.4721 -0.3055
270.00 -0.5004 -0.5062 -0.4869 -0.4919 -0.5087 -0.3228
280.00 -0.5024 -0.5109 -0.4952 -0.5076 -0.5141 -0.3214
290.00 -0.4542 -0.4616 -0.4556 -0.4608 -0.4667 -0.3009
300.00 -0.5079 -0.5078 -0.4846 -0.4851 -0.5130 -0.3178
310.00 -0.5045 -0.5214 -0.4891 -0.4996 -0.5121 -0.3322
320.00 -0.4899 -0.4910 -0.4874 -0.4728 -0.4829 -0.3103
330.00 -0.4914 -0.4993 -0.4875 -0.4915 -0.4955 -0.3233
340.00 -0.4794 -0.4839 -0.4918 -0.4815 -0.4893 -0.3155
350.00 -0.5038 -0.5004 -0.5136 -0.5005 -0.4967 -0.3185
360.00 -0.5009 -0.4916 -0.4989 -0.4958 -0.5114 -0.3289
370.00 -0.4499 -0.4501 -0.4511 -0.4415 -0.4571 -0.2838
380.00 -0.4884 -0.4847 -0.4876 -0.4823 -0.4910 -0.3144
390.00 -0.4864 -0.4850 -0.4727 -0.4882 -0.4925 -0.3248
400.00 -0.5017 -0.4987 -0.5025 -0.5024 -0.5053 -0.3339
410.00 -0.5044 -0.4937 -0.5011 -0.5000 -0.4924 -0.3099
420.00 -0.4664 -0.4762 -0.4789 -0.4779 -0.4833 -0.3226
430.00 -0.5088 -0.5138 -0.5029 -0.5058 -0.5171 -0.3156
440.00 -0.4901 -0.4939 -0.4893 -0.4972 -0.4998 -0.3278
450.00 -0.4750 -0.4861 -0.4817 -0.4944 -0.5031 -0.3196
460.00 -0.5063 -0.5180 -0.5126 -0.4996 -0.5079 -0.3226
470.00 -0.4799 -0.4930 -0.4919 -0.4652 -0.4927 -0.3198
480.00 -0.4548 -0.4444 -0.4597 -0.4570 -0.4566 -0.2831
490.00 -0.5299 -0.5429 -0.5418 -0.5323 -0.5472 -0.3482
500.00 -0.4272 -0.4625 -0.4525 -0.4442 -0.4558 -0.3001
510.00 -0.4934 -0.4994 -0.5050 -0.4976 -0.5023 -0.3260
520.00 -0.4728 -0.4691 -0.4837 -0.4772 -0.4787 -0.2916
530.00 -0.5034 -0.5187 -0.5130 -0.5212 -0.5186 -0.3369
540.00 -0.4536 -0.4594 -0.4638 -0.4656 -0.4557 -0.2851
550.00 -0.4966 -0.5200 -0.4991 -0.5181 -0.5074 -0.3428
560.00 -0.4966 -0.4815 -0.4991 -0.5090 -0.4888 -0.3214
570.00 -0.4954 -0.4998 -0.5004 -0.4916 -0.4876 -0.3156
580.00 -0.4698 -0.4772 -0.4835 -0.4772 -0.4734 -0.3130
590.00 -0.4838 -0.4890 -0.4826 -0.4772 -0.4795 -0.3159
600.00 -0.4973 -0.5191 -0.5132 -0.5148 -0.5158 -0.3274
610.00 -0.4613 -0.4674 -0.4604 -0.4673 -0.4606 -0.3160
620.00 -0.4961 -0.5105 -0.4976 -0.5086 -0.4906 -0.3111
630.00 -0.4583 -0.4605 -0.4629 -0.4714 -0.4625 -0.3125
640.00 -0.4999 -0.5071 -0.4841 -0.5043 -0.5011 -0.3249
650.00 -0.4668 -0.4764 -0.4789 -0.4709 -0.4836 -0.3022
660.00 -0.4727 -0.4866 -0.4815 -0.4851 -0.4831 -0.3202
670.00 -0.5092 -0.5086 -0.5225 -0.5181 -0.5180 -0.3345
680.00 -0.4864 -0.4759 -0.4738 -0.4609 -0.4775 -0.3029
690.00 -0.4948 -0.4934 -0.4911 -0.4974 -0.4957 -0.3226
700.00 -0.4938 -0.4767 -0.4932 -0.4873 -0.4835 -0.3106
710.00 -0.4475 -0.4470 -0.4357 -0.4380 -0.4497 -0.2907
720.00 -0.5051 -0.5085 -0.5070 -0.5146 -0.4941 -0.3273
730.00 -0.5135 -0.5147 -0.5259 -0.5207 -0.5204 -0.3232
740.00 -0.4609 -0.4580 -0.4613 -0.4587 -0.4621 -0.3058
750.00 -0.4960 -0.5068 -0.5080 -0.5058 -0.5147 -0.3352
760.00 -0.4831 -0.4822 -0.4875 -0.4803 -0.4875 -0.3206
770.00 -0.4524 -0.4836 -0.4715 -0.4797 -0.4736 -0.3109
780.00 -0.5169 -0.5135 -0.5165 -0.5204 -0.5043 -0.3245
790.00 -0.4828 -0.4767 -0.4874 -0.4927 -0.4799 -0.3039
800.00 -0.4569 -0.4569 -0.4579 -0.4595 -0.4645 -0.3063
810.00 -0.5223 -0.5177 -0.5228 -0.5317 -0.5311 -0.3383
820.00 -0.4675 -0.4583 -0.4687 -0.4707 -0.4707 -0.3016
830.00 -0.4962 -0.5015 -0.4987 -0.4875 -0.5008 -0.3220
840.00 -0.4863 -0.4704 -0.4985 -0.5022 -0.5052 -0.3186
850.00 -0.4643 -0.4585 -0.4651 -0.4667 -0.4664 -0.3030
860.00 -0.5056 -0.4891 -0.5073 -0.5108 -0.5112 -0.3301
870.00 -0.4622 -0.4751 -0.4777 -0.4726 -0.4805 -0.2982
880.00 -0.5181 -0.5084 -0.4962 -0.4992 -0.5132 -0.3341
890.00 -0.5011 -0.4768 -0.4809 -0.5004 -0.4754 -0.3045
900.00 -0.4933 -0.4807 -0.4939 -0.4963 -0.4702 -0.3090
910.00 -0.4845 -0.4747 -0.4795 -0.4762 -0.4654 -0.3062
920.00 -0.5105 -0.5174 -0.4927 -0.5067 -0.4955 -0.3143
930.00 -0.4953 -0.4819 -0.4907 -0.4960 -0.4978 -0.3213
940.00 -0.4827 -0.4808 -0.4754 -0.4837 -0.4858 -0.3183
950.00 -0.4615 -0.4688 -0.4682 -0.4755 -0.4693 -0.3058
960.00 -0.4681 -0.4806 -0.4847 -0.4848 -0.4714 -0.3148
970.00 -0.5254 -0.5270 -0.5266 -0.5295 -0.5120 -0.3287
980.00 -0.4822 -0.4821 -0.4747 -0.4687 -0.4800 -0.3193
990.00 -0.4817 -0.4864 -0.4755 -0.4568 -0.4846 -0.3104
1000.00 -0.4968 -0.4866 -0.4968 -0.4944 -0.4942 -0.3235
1010.00 -0.5526 -0.8458 -0.8380 -0.8473 -0.8282 -0.3377
1020.00 -0.5955 -1.2776 -1.2682 -1.2691 -1.2720 -0.3287
1030.00 -0.3905 -0.4985 -0.5048 -0.5073 -0.5056 -0.2896
1040.00 -0.4491 -0.6544 -0.6652 -0.6615 -0.6574 -0.3197
1050.00 -0.3988 -0.5353 -0.5354 -0.5292 -0.5291 -0.3007
1060.00 -0.4278 -0.5941 -0.5904 -0.5907 -0.5914 -0.3193
1070.00 -0.4409 -0.5316 -0.5292 -0.5350 -0.5344 -0.3283
1080.00 -0.4250 -0.4987 -0.4993 -0.4955 -0.4956 -0.3114
1090.00 -0.4384 -0.5256 -0.5191 -0.5256 -0.5215 -0.3208
1100.00 -0.4371 -0.5299 -0.5333 -0.5358 -0.5314 -0.3152
1110.00 -0.4427 -0.5048 -0.4945 -0.5010 -0.4991 -0.3226
1120.00 -0.4721 -0.5592 -0.5532 -0.5650 -0.5660 -0.3426
1130.00 -0.4283 -0.4871 -0.4880 -0.4902 -0.4943 -0.3087
1140.00 -0.4347 -0.4855 -0.4805 -0.4799 -0.4790 -0.3085
1150.00 -0.4397 -0.5288 -0.5269 -0.5223 -0.5344 -0.3254
1160.00 -0.4566 -0.5770 -0.5677 -0.5648 -0.5673 -0.3444
1170.00 -0.4325 -0.4993 -0.4987 -0.4980 -0.4870 -0.3068
1180.00 -0.4525 -0.4917 -0.4895 -0.4907 -0.4838 -0.3165
1190.00 -0.4320 -0.5080 -0.5159 -0.5167 -0.5065 -0.3169
1200.00 -0.4445 -0.5256 -0.5299 -0.5245 -0.5133 -0.3256
1210.00 -0.4383 -0.5381 -0.5313 -0.5332 -0.5306 -0.3157
1220.00 -0.4521 -0.5564 -0.5622 -0.5549 -0.5524 -0.3256
1230.00 -0.4402 -0.5026 -0.5154 -0.5061 -0.5031 -0.3204
1240.00 -0.4061 -0.5184 -0.5308 -0.5232 -0.5297 -0.3060
1250.00 -0.4107 -0.5846 -0.5859 -0.5848 -0.5847 -0.3074
1260.00 -0.4387 -0.6362 -0.6500 -0.6411 -0.6484 -0.3288
1270.00 -0.3817 -0.6070 -0.6091 -0.6114 -0.6108 -0.3053
1280.00 -0.4222 -0.7385 -0.7386 -0.7341 -0.7272 -0.3281
1290.00 -0.4066 -0.6522 -0.6557 -0.6573 -0.6570 -0.3069
1300.00 -0.4383 -0.6163 -0.6264 -0.6248 -0.6209 -0.3341
1310.00 -0.4201 -0.5197 -0.5118 -0.5181 -0.5224 -0.3237
1320.00 -0.4205 -0.4989 -0.4934 -0.4928 -0.4941 -0.3205
1330.00 -0.4386 -0.5264 -0.5391 -0.5281 -0.5308 -0.3219
1340.00 -0.4327 -0.6469 -0.6409 -0.6509 -0.6439 -0.3303
1350.00 -0.3842 -0.5892 -0.5809 -0.5892 -0.5942 -0.3044
1360.00 -0.4149 -0.8015 -0.8014 -0.7899 -0.7951 -0.3179
1370.00 -0.4004 -0.6620 -0.6665 -0.6673 -0.6622 -0.3050
1380.00 -0.4016 -0.6102 -0.6146 -0.6104 -0.6106 -0.3059
1390.00 -0.4205 -0.6780 -0.6800 -0.6811 -0.6797 -0.3203
1400.00 -0.4431 -0.6664 -0.6621 -0.6654 -0.6636 -0.3451
1410.00 -0.3869 -0.5572 -0.5537 -0.5572 -0.5562 -0.2989
1420.00 -0.4468 -0.6491 -0.6453 -0.6438 -0.6535 -0.3443
1430.00 -0.3868 -0.5115 -0.5231 -0.5089 -0.5218 -0.2965
1440.00 -0.4449 -0.6745 -0.6726 -0.6741 -0.6676 -0.3379
1450.00 -0.4276 -0.5756 -0.5751 -0.5710 -0.5716 -0.3249
1460.00 -0.4290 -0.6533 -0.6443 -0.6489 -0.6496 -0.3317
1470.00 -0.4033 -0.5807 -0.5746 -0.5808 -0.5783 -0.3161
1480.00 -0.4116 -0.5927 -0.5890 -0.5902 -0.5915 -0.3148
1490.00 -0.4483 -0.6705 -0.6757 -0.6753 -0.6672 -0.3349
1500.00 -0.3759 -0.4691 -0.4716 -0.4741 -0.4708 -0.2981
1510.00 -0.4527 -0.9966 -0.9925 -0.9991 -0.9972 -0.3678
1520.00 -0.3937 -0.6681 -0.6732 -0.6588 -0.6699 -0.3006
1530.00 -0.4200 -0.5584 -0.5587 -0.5569 -0.5573 -0.3242
1540.00 -0.4064 -0.6459 -0.6428 -0.6438 -0.6444 -0.3124
1550.00 -0.4258 -0.6641 -0.6650 -0.6664 -0.6655 -0.3208
1560.00 -0.4139 -0.7026 -0.7039 -0.7126 -0.7066 -0.3215
1570.00 -0.4129 -0.7023 -0.6951 -0.6963 -0.6949 -0.3260
1580.00 -0.4060 -0.5349 -0.5400 -0.5411 -0.5363 -0.3037
1590.00 -0.4290 -0.7563 -0.7527 -0.7618 -0.7485 -0.3440
1600.00 -0.4008 -0.5683 -0.5691 -0.5708 -0.5666 -0.3114
1610.00 -0.4141 -0.7477 -0.7473 -0.7432 -0.7467 -0.3245
1620.00 -0.3946 -0.6378 -0.6425 -0.6433 -0.6446 -0.2991
1630.00 -0.4316 -0.6491 -0.6573 -0.6485 -0.6508 -0.3293
1640.00 -0.4155 -0.6454 -0.6410 -0.6376 -0.6496 -0.3151
1650.00 -0.4328 -0.7691 -0.7779 -0.7725 -0.7768 -0.3207
1660.00 -0.4117 -0.6060 -0.6134 -0.6164 -0.6038 -0.3207
1670.00 -0.4233 -0.7137 -0.7202 -0.7124 -0.7201 -0.3242
1680.00 -0.3925 -0.6190 -0.6197 -0.6155 -0.6277 -0.2964
1690.00 -0.4545 -0.6929 -0.6945 -0.7031 -0.7007 -0.3471
1700.00 -0.3987 -0.5678 -0.5657 -0.5578 -0.5615 -0.3103
1710.00 -0.3942 -0.7460 -0.7458 -0.7504 -0.7492 -0.3021
1720.00 -0.4204 -0.6621 -0.6596 -0.6628 -0.6575 -0.3348
1730.00 -0.4325 -0.7472 -0.7491 -0.7506 -0.7522 -0.3382
1740.00 -0.4039 -0.7155 -0.7141 -0.7145 -0.7202 -0.3008
1750.00 -0.4131 -0.6051 -0.5909 -0.5921 -0.6010 -0.3241
1760.00 -0.4250 -0.8110 -0.8147 -0.8171 -0.8135 -0.3274
1770.00 -0.4310 -0.6597 -0.6721 -0.6618 -0.6698 -0.3193
1780.00 -0.4059 -0.5699 -0.5639 -0.5664 -0.5714 -0.3102
1790.00 -0.4205 -0.5717 -0.5762 -0.5815 -0.5707 -0.3262
1800.00 -0.4300 -0.5910 -0.5851 -0.5872 -0.5937 -0.3285
1810.00 -0.3877 -0.6886 -0.6844 -0.6829 -0.6845 -0.3036
1820.00 -0.3942 -0.6625 -0.6586 -0.6583 -0.6553 -0.3048
1830.00 -0.4094 -0.5420 -0.5439 -0.5492 -0.5468 -0.3175
1840.00 -0.4612 -0.8188 -0.8272 -0.8254 -0.8138 -0.3569
1850.00 -0.3756 -0.6953 -0.6996 -0.6986 -0.6990 -0.3016
1860.00 -0.4438 -0.6557 -0.6600 -0.6589 -0.6586 -0.3393
1870.00 -0.4068 -0.5586 -0.5532 -0.5517 -0.5520 -0.3098
1880.00 -0.4347 -0.6337 -0.6327 -0.6275 -0.6309 -0.3389
1890.00 -0.4131 -0.5719 -0.5717 -0.5700 -0.5698 -0.3173
1900.00 -0.4213 -0.8744 -0.8763 -0.8760 -0.8775 -0.3377
1910.00 -0.3829 -0.9400 -0.9403 -0.9367 -0.9384 -0.3227
1920.00 -0.4038 -0.7911 -0.7923 -0.7946 -0.7955 -0.3089
1930.00 -0.4014 -0.6010 -0.6002 -0.6028 -0.6006 -0.2995
1940.00 -0.4311 -0.6755 -0.6733 -0.6877 -0.6888 -0.3281
1950.00 -0.4198 -0.5330 -0.5323 -0.5337 -0.5305 -0.3163
1960.00 -0.4096 -0.4843 -0.4930 -0.4920 -0.4927 -0.3018
1970.00 -0.4302 -0.6728 -0.6675 -0.6632 -0.6672 -0.3258
1980.00 -0.4090 -0.6410 -0.6473 -0.6350 -0.6366 -0.3140
1990.00 -0.4198 -0.6288 -0.6248 -0.6306 -0.6238 -0.3245
2000.00 -0.4399 -0.8654 -0.8638 -0.8618 -0.8644 -0.3391
2010.00 -0.4148 -0.5902 -0.5933 -0.5960 -0.5951 -0.3172
2020.00 -0.4083 -0.7054 -0.7107 -0.7137 -0.7110 -0.3265
2030.00 -0.4076 -0.6983 -0.6864 -0.6812 -0.6862 -0.3133
2040.00 -0.4321 -0.6955 -0.6926 -0.7061 -0.7076 -0.3349
2050.00 -0.4060 -0.6749 -0.6775 -0.6817 -0.6770 -0.3227
2060.00 -0.4145 -0.6078 -0.6030 -0.6010 -0.6048 -0.3143
2070.00 -0.4058 -0.6355 -0.6369 -0.6382 -0.6377 -0.3184
2080.00 -0.4144 -0.7353 -0.7383 -0.7417 -0.7460 -0.3352
2090.00 -0.4136 -0.7287 -0.7203 -0.7227 -0.7212 -0.3184
2100.00 -0.3981 -0.6742 -0.6765 -0.6698 -0.6727 -0.3113
2110.00 -0.4136 -0.6439 -0.6457 -0.6412 -0.6432 -0.3179
2120.00 -0.4365 -0.7604 -0.7572 -0.7611 -0.7632 -0.3343
2130.00 -0.3997 -0.6145 -0.6142 -0.6171 -0.6113 -0.3019
2140.00 -0.4209 -0.7268 -0.7276 -0.7195 -0.7214 -0.3241
2150.00 -0.4195 -0.5596 -0.5573 -0.5545 -0.5576 -0.3163
2160.00 -0.4035 -0.5134 -0.5250 -0.5236 -0.5220 -0.3119
2170.00 -0.4095 -0.6102 -0.6038 -0.6074 -0.6140 -0.3194
2180.00 -0.4172 -0.7631 -0.7661 -0.7611 -0.7646 -0.3300
2190.00 -0.4110 -0.7769 -0.7706 -0.7831 -0.7827 -0.3085
2200.00 -0.4167 -0.6298 -0.6208 -0.6223 -0.6273 -0.3246
2210.00 -0.4297 -0.8947 -0.8897 -0.8870 -0.8848 -0.3376
2220.00 -0.4111 -0.6372 -0.6430 -0.6369 -0.6367 -0.3125
2230.00 -0.4311 -0.6351 -0.6378 -0.6352 -0.6269 -0.3322
2240.00 -0.4010 -0.6457 -0.6428 -0.6456 -0.6465 -0.3100
2250.00 -0.4286 -0.6065 -0.6049 -0.6064 -0.6076 -0.3189
2260.00 -0.3997 -0.6603 -0.6596 -0.6641 -0.6650 -0.3125
2270.00 -0.4138 -0.6230 -0.6261 -0.6210 -0.6250 -0.3256
2280.00 -0.4413 -0.7119 -0.7031 -0.7088 -0.7137 -0.3344
2290.00 -0.4055 -0.7014 -0.7015 -0.6985 -0.7045 -0.3266
2300.00 -0.4070 -0.6726 -0.6736 -0.6656 -0.6791 -0.3215
2310.00 -0.4084 -0.6654 -0.6600 -0.6573 -0.6655 -0.3161
2320.00 -0.3994 -0.7164 -0.7212 -0.7213 -0.7222 -0.3328
2330.00 -0.4126 -0.6364 -0.6404 -0.6410 -0.6395 -0.3121
2340.00 -0.4349 -0.8049 -0.8001 -0.8083 -0.7997 -0.3357
2350.00 -0.4061 -0.6090 -0.6082 -0.6078 -0.6080 -0.3064
2360.00 -0.4113 -0.6565 -0.6464 -0.6448 -0.6469 -0.3253
2370.00 -0.4265 -0.6170 -0.6133 -0.6181 -0.6124 -0.3250
2380.00 -0.3692 -0.5460 -0.5506 -0.5504 -0.5496 -0.3110
2390.00 -0.4259 -0.8694 -0.8712 -0.8646 -0.8633 -0.3456
2400.00 -0.4291 -0.8304 -0.8257 -0.8356 -0.8240 -0.3240
2410.00 -0.3868 -0.5788 -0.5670 -0.5699 -0.5740 -0.2980
2420.00 -0.4220 -0.5653 -0.5681 -0.5696 -0.5655 -0.3244
2430.00 -0.4264 -0.8034 -0.8223 -0.8119 -0.8191 -0.3382
2440.00 -0.3729 -0.6390 -0.6364 -0.6402 -0.6383 -0.3006
2450.00 -0.4499 -0.7472 -0.7455 -0.7489 -0.7461 -0.3454
2460.00 -0.3985 -0.6356 -0.6320 -0.6384 -0.6395 -0.2975
2470.00 -0.4247 -0.5695 -0.5803 -0.5729 -0.5721 -0.3249
2480.00 -0.4337 -0.7206 -0.7217 -0.7211 -0.7153 -0.3233
2490.00 -0.3941 -0.4636 -0.4668 -0.4682 -0.4639 -0.3047
2500.00 -0.4641 -0.7435 -0.7422 -0.7419 -0.7466 -0.3459
2510.00 -0.4026 -0.5674 -0.5729 -0.5701 -0.5758 -0.3180
2520.00 -0.4157 -0.8087 -0.8066 -0.8012 -0.8028 -0.3395
2530.00 -0.3717 -1.1026 -1.1035 -1.1073 -1.1018 -0.3144
2540.00 -0.4104 -0.5655 -0.5647 -0.5682 -0.5642 -0.2971
2550.00 -0.4434 -0.5985 -0.6005 -0.6052 -0.6010 -0.3330
2560.00 -0.4091 -0.5257 -0.5283 -0.5206 -0.5239 -0.2957
2570.00 -0.4090 -0.5768 -0.5795 -0.5863 -0.5769 -0.3025
2580.00 -0.4065 -0.6798 -0.6820 -0.6784 -0.6800 -0.3353
2590.00 -0.4330 -0.8804 -0.8703 -0.8798 -0.8775 -0.3315
2600.00 -0.3976 -0.5384 -0.5355 -0.5371 -0.5373 -0.2905
2610.00 -0.4080 -0.6640 -0.6666 -0.6635 -0.6638 -0.3262
2620.00 -0.4548 -0.7983 -0.7995 -0.7943 -0.8039 -0.3451
2630.00 -0.4033 -0.6108 -0.6076 -0.6131 -0.6064 -0.3018
2640.00 -0.4194 -0.6199 -0.6164 -0.6237 -0.6167 -0.3271
2650.00 -0.4293 -0.7271 -0.7191 -0.7166 -0.7171 -0.3331
2660.00 -0.3957 -0.5946 -0.5953 -0.6031 -0.6034 -0.3023
2670.00 -0.4171 -0.9664 -0.9636 -0.9657 -0.9689 -0.3440
2680.00 -0.4234 -0.6606 -0.6601 -0.6613 -0.6649 -0.3247
2690.00 -0.4067 -0.6316 -0.6264 -0.6292 -0.6309 -0.3102
2700.00 -0.3847 -0.5335 -0.5434 -0.5441 -0.5404 -0.3015
2710.00 -0.4296 -0.7502 -0.7465 -0.7468 -0.7441 -0.3327
2720.00 -0.4312 -0.6409 -0.6426 -0.6418 -0.6388 -0.3247
2730.00 -0.3978 -0.7150 -0.7141 -0.7144 -0.7152 -0.3196
2740.00 -0.3993 -0.8199 -0.8179 -0.8120 -0.8109 -0.3251
2750.00 -0.4049 -0.8085 -0.8114 -0.8162 -0.8128 -0.3171
2760.00 -0.4106 -0.5757 -0.5723 -0.5728 -0.5607 -0.3131
2770.00 -0.4148 -0.6385 -0.6394 -0.6416 -0.6386 -0.3179
2780.00 -0.4527 -0.7729 -0.7792 -0.7770 -0.7769 -0.3479
2790.00 -0.3877 -0.5194 -0.5121 -0.5176 -0.5165 -0.2885
2800.00 -0.4264 -0.6056 -0.5961 -0.6024 -0.5981 -0.3275
2810.00 -0.4187 -0.6583 -0.6696 -0.6695 -0.6689 -0.3237
2820.00 -0.4107 -0.6186 -0.6183 -0.6228 -0.6297 -0.3261
2830.00 -0.4223 -0.6970 -0.6945 -0.6995 -0.7043 -0.3275
2840.00 -0.4138 -0.5816 -0.5821 -0.5868 -0.5834 -0.3110
2850.00 -0.4186 -0.7231 -0.7205 -0.7248 -0.7239 -0.3329
2860.00 -0.3970 -0.7931 -0.7875 -0.7895 -0.7875 -0.3215
2870.00 -0.3931 -0.5932 -0.6010 -0.5981 -0.5994 -0.3045
2880.00 -0.4217 -0.7302 -0.7395 -0.7378 -0.7444 -0.3310
2890.00 -0.4366 -0.7029 -0.7089 -0.7167 -0.7171 -0.3291
2900.00 -0.4003 -0.7164 -0.7179 -0.7133 -0.7134 -0.3271
2910.00 -0.4247 -0.7749 -0.7713 -0.7771 -0.7814 -0.3222
2920.00 -0.3960 -0.6465 -0.6399 -0.6303 -0.6542 -0.3187
2930.00 -0.4455 -0.6230 -0.6229 -0.6249 -0.6212 -0.3156
2940.00 -0.4329 -0.7918 -0.7926 -0.7946 -0.7845 -0.3397
2950.00 -0.3886 -0.5690 -0.5636 -0.5668 -0.5623 -0.2951
2960.00 -0.4262 -0.7838 -0.7848 -0.7839 -0.7808 -0.3511
2970.00 -0.3980 -0.7805 -0.7666 -0.7701 -0.7653 -0.3011
2980.00 -0.4251 -0.6968 -0.6921 -0.7139 -0.6965 -0.3305
2990.00 -0.4143 -0.5935 -0.5931 -0.5949 -0.5943 -0.3071
3000.00 -0.4103 -0.6004 -0.6126 -0.6084 -0.6132 -0.3303
3010.00 -0.4013 -0.5867 -0.5849 -0.5843 -0.5898 -0.3081
3020.00 -0.4452 -1.0172 -1.0347 -1.0402 -1.0369 -0.3610
3030.00 -0.3871 -0.6471 -0.6439 -0.6399 -0.6346 -0.2975
3040.00 -0.4328 -0.6879 -0.6966 -0.6902 -0.6940 -0.3299
3050.00 -0.4260 -0.6761 -0.6778 -0.6761 -0.6783 -0.3177
3060.00 -0.3916 -0.6359 -0.6241 -0.6362 -0.6259 -0.3124
3070.00 -0.4344 -0.7404 -0.7284 -0.7463 -0.7410 -0.3230
3080.00 -0.4111 -0.6088 -0.6016 -0.6064 -0.5984 -0.3184
3090.00 -0.4441 -0.7814 -0.7904 -0.7742 -0.7819 -0.3387
3100.00 -0.3572 -0.5315 -0.5308 -0.5355 -0.5299 -0.2749
3110.00 -0.4481 -0.7478 -0.7479 -0.7617 -0.7564 -0.3432
3120.00 -0.4194 -0.6464 -0.6346 -0.6353 -0.6350 -0.3128
3130.00 -0.3909 -0.5979 -0.6006 -0.5979 -0.6083 -0.2980
3140.00 -0.4412 -0.8450 -0.8520 -0.8541 -0.8375 -0.3400
3150.00 -0.3932 -0.5825 -0.5699 -0.5776 -0.5692 -0.3112
3160.00 -0.4560 -0.9052 -0.9048 -0.9062 -0.9134 -0.3595
3170.00 -0.3986 -0.6521 -0.6528 -0.6557 -0.6545 -0.2988
3180.00 -0.3881 -0.6267 -0.6236 -0.6320 -0.6260 -0.2985
3190.00 -0.4492 -0.7079 -0.7033 -0.7031 -0.7049 -0.3461
3200.00 -0.4169 -0.7102 -0.7125 -0.7178 -0.7085 -0.3165
3210.00 -0.4220 -0.7110 -0.7085 -0.7002 -0.7030 -0.3283
3220.00 -0.4069 -0.6551 -0.6469 -0.6530 -0.6559 -0.3029
3230.00 -0.4223 -0.5335 -0.5277 -0.5285 -0.5298 -0.3233
3240.00 -0.4175 -0.7007 -0.7050 -0.7074 -0.7050 -0.3252
3250.00 -0.3619 -0.5701 -0.5566 -0.5642 -0.5628 -0.2813
3260.00 -0.4642 -0.7528 -0.7522 -0.7570 -0.7555 -0.3674
3270.00 -0.4317 -0.7656 -0.7606 -0.7670 -0.7707 -0.3354
3280.00 -0.3677 -0.6125 -0.6217 -0.6128 -0.6271 -0.2932
3290.00 -0.4448 -0.9865 -0.9733 -0.9762 -0.9829 -0.3573
3300.00 -0.3803 -0.4961 -0.4996 -0.5032 -0.4978 -0.2931
3310.00 -0.4273 -0.7478 -0.7515 -0.7483 -0.7566 -0.3402
3320.00 -0.4167 -0.6350 -0.6276 -0.6288 -0.6274 -0.3180
3330.00 -0.4040 -0.7312 -0.7395 -0.7390 -0.7395 -0.3147
3340.00 -0.3887 -0.7683 -0.7543 -0.7593 -0.7710 -0.3102
3350.00 -0.4099 -0.5583 -0.5576 -0.5507 -0.5494 -0.3111
3360.00 -0.4275 -0.6866 -0.6909 -0.6877 -0.6899 -0.3236
3370.00 -0.4005 -0.5591 -0.5548 -0.5465 -0.5573 -0.3096
3380.00 -0.4192 -0.7830 -0.7828 -0.7959 -0.7903 -0.3261
3390.00 -0.4036 -0.6525 -0.6429 -0.6564 -0.6458 -0.3165
3400.00 -0.4122 -0.5940 -0.5932 -0.5917 -0.5930 -0.3189
3410.00 -0.4534 -0.7970 -0.7910 -0.7950 -0.7997 -0.3422
3420.00 -0.3948 -0.6344 -0.6404 -0.6267 -0.6335 -0.3109
3430.00 -0.4209 -0.8747 -0.8686 -0.8773 -0.8711 -0.3325
3440.00 -0.3981 -0.6015 -0.6045 -0.6046 -0.6084 -0.2942
3450.00 -0.4153 -0.5796 -0.5807 -0.5880 -0.5727 -0.3248
3460.00 -0.4390 -0.5581 -0.5538 -0.5636 -0.5582 -0.3258
3470.00 -0.4270 -0.6137 -0.6090 -0.6079 -0.6145 -0.3326
3480.00 -0.3854 -0.7962 -0.7945 -0.7937 -0.7979 -0.3161
3490.00 -0.4113 -0.7851 -0.7904 -0.7842 -0.7906 -0.3169
3500.00 -0.4292 -0.7220 -0.7268 -0.7344 -0.7214 -0.3387
3510.00 -0.4136 -0.6195 -0.6206 -0.6247 -0.6245 -0.3141
3520.00 -0.4092 -0.7519 -0.7575 -0.7483 -0.7617 -0.3227
3530.00 -0.4114 -0.7147 -0.7163 -0.7196 -0.7243 -0.3268
3540.00 -0.4166 -0.5837 -0.5832 -0.5836 -0.5760 -0.3050
3550.00 -0.4297 -0.8086 -0.8156 -0.8130 -0.8139 -0.3446
3560.00 -0.4178 -0.6612 -0.6535 -0.6566 -0.6604 -0.3206
3570.00 -0.3802 -0.6895 -0.6862 -0.6874 -0.6785 -0.2958
3580.00 -0.4534 -0.7554 -0.7533 -0.7539 -0.7518 -0.3551
3590.00 -0.3842 -0.6175 -0.6070 -0.6000 -0.6161 -0.2990
3600.00 -0.4137 -0.8722 -0.8837 -0.8854 -0.8728 -0.3364
3610.00 -0.3931 -0.6202 -0.6275 -0.6158 -0.6215 -0.3080
3620.00 -0.4193 -0.5970 -0.5994 -0.6022 -0.6039 -0.3151
3630.00 -0.3939 -0.6439 -0.6466 -0.6416 -0.6479 -0.3133
3640.00 -0.4207 -0.5815 -0.5892 -0.5780 -0.5727 -0.3182
3650.00 -0.4317 -0.5837 -0.5764 -0.5776 -0.5825 -0.3225
3660.00 -0.4110 -0.7385 -0.7296 -0.7374 -0.7387 -0.3288
3670.00 -0.4369 -0.7765 -0.7655 -0.7748 -0.7728 -0.3368
3680.00 -0.3953 -0.5699 -0.5727 -0.5685 -0.5788 -0.3033
3690.00 -0.4010 -0.6778 -0.6808 -0.6796 -0.6671 -0.3266
3700.00 -0.4112 -0.8233 -0.8292 -0.8224 -0.8233 -0.3199
3710.00 -0.4186 -0.8125 -0.8218 -0.8197 -0.8250 -0.3329
3720.00 -0.4305 -0.6770 -0.6761 -0.6763 -0.6762 -0.3140
3730.00 -0.4021 -0.5263 -0.5299 -0.5267 -0.5225 -0.3006
3740.00 -0.4086 -0.6555 -0.6587 -0.6593 -0.6508 -0.3301
3750.00 -0.4314 -0.6586 -0.6565 -0.6596 -0.6682 -0.3353
3760.00 -0.3783 -0.7336 -0.7304 -0.7236 -0.7324 -0.2968
3770.00 -0.4406 -0.8553 -0.8653 -0.8477 -0.8535 -0.3472
3780.00 -0.3898 -0.6059 -0.6052 -0.6138 -0.6036 -0.3006
3790.00 -0.4637 -0.6854 -0.6739 -0.6733 -0.6827 -0.3543
3800.00 -0.3890 -0.6437 -0.6490 -0.6497 -0.6500 -0.3138
3810.00 -0.4088 -0.9799 -0.9880 -0.9881 -0.9804 -0.3206
3820.00 -0.4167 -0.6195 -0.6169 -0.6224 -0.6198 -0.3191
3830.00 -0.4043 -0.5345 -0.5346 -0.5353 -0.5319 -0.3032
3840.00 -0.4359 -0.5614 -0.5533 -0.5577 -0.5641 -0.3309
3850.00 -0.3709 -0.8509 -0.8516 -0.8558 -0.8626 -0.3172
3860.00 -0.4538 -0.7779 -0.7817 -0.7743 -0.7760 -0.3340
3870.00 -0.3945 -0.4524 -0.4563 -0.4578 -0.4545 -0.3009
3880.00 -0.4255 -0.6471 -0.6495 -0.6532 -0.6556 -0.3188
3890.00 -0.4029 -0.5707 -0.5653 -0.5626 -0.5725 -0.3117
3900.00 -0.4396 -0.7853 -0.7779 -0.7796 -0.7742 -0.3354
3910.00 -0.3892 -0.5070 -0.5075 -0.5082 -0.5088 -0.2992
3920.00 -0.4461 -0.7074 -0.7130 -0.7160 -0.7089 -0.3456
3930.00 -0.4189 -1.1162 -1.1109 -1.0976 -1.0994 -0.3382
3940.00 -0.3768 -0.4262 -0.4287 -0.4207 -0.4241 -0.2883
3950.00 -0.4222 -0.6601 -0.6673 -0.6706 -0.6687 -0.3222
3960.00 -0.4229 -0.8493 -0.8547 -0.8580 -0.8470 -0.3343
3970.00 -0.4070 -0.6520 -0.6535 -0.6601 -0.6588 -0.3162
3980.00 -0.3923 -0.5921 -0.5899 -0.5957 -0.5928 -0.2977
3990.00 -0.4158 -0.5938 -0.5919 -0.6004 -0.6015 -0.3275
4000.00 -0.4331 -0.8342 -0.8351 -0.8307 -0.8317 -0.3473
