10.00 -0.4975 -0.5017 -0.4875 -0.4970 -0.4968 -0.2998
20.00 -0.4676 -0.4653 -0.4621 -0.4762 -0.4735 -0.3193
30.00 -0.5097 -0.5189 -0.5074 -0.5212 -0.5241 -0.3236
40.00 -0.4601 -0.4597 -0.4647 -0.4637 -0.4590 -0.3121
50.00 -0.5056 -0.4989 -0.4963 -0.5038 -0.5086 -0.3180
60.00 -0.4638 -0.4652 -0.4645 -0.4771 -0.4671 -0.3138
70.00 -0.4993 -0.4947 -0.4738 -0.4995 -0.4945 -0.3046
80.00 -0.4935 -0.5001 -0.4957 -0.4919 -0.4976 -0.3212
90.00 -0.4856 -0.4957 -0.4871 -0.4948 -0.4864 -0.3176
100.00 -0.5059 -0.5204 -0.5122 -0.5138 -0.5027 -0.3121
110.00 -0.4676 -0.4684 -0.4722 -0.4712 -0.4733 -0.3206
120.00 -0.5275 -0.5166 -0.5250 -0.5298 -0.5206 -0.3232
130.00 -0.4800 -0.4706 -0.4695 -0.4756 -0.4668 -0.3016
140.00 -0.4771 -0.4731 -0.4720 -0.4774 -0.4662 -0.3093
150.00 -0.5253 -0.5355 -0.5246 -0.5145 -0.5190 -0.3389
160.00 -0.4736 -0.4717 -0.4621 -0.4557 -0.4635 -0.3009
170.00 -0.5295 -0.5376 -0.5300 -0.5248 -0.5235 -0.3378
180.00 -0.4755 -0.4897 -0.4717 -0.4730 -0.4651 -0.3105
190.00 -0.4838 -0.4780 -0.4954 -0.4907 -0.4829 -0.3167
200.00 -0.5080 -0.4981 -0.5147 -0.5096 -0.4810 -0.3211
210.00 -0.4544 -0.4701 -0.4579 -0.4576 -0.4585 -0.3062
220.00 -0.5158 -0.5214 -0.5127 -0.5162 -0.5002 -0.3307
230.00 -0.4824 -0.4981 -0.4933 -0.4761 -0.4962 -0.3102
240.00 -0.4684 -0.4785 -0.4777 -0.4707 -0.4717 -0.3039
250.00 -0.5193 -0.5248 -0.5207 -0.5227 -0.5246 -0.3332
260.00 -0.4999 -0.5029 -0.4876 -0.4964 -0.4900 -0.3163
270.00 -0.4978 -0.4977 -0.4869 -0.4977 -0.4903 -0.3193
280.00 -0.4805 -0.4689 -0.4563 -0.4761 -0.4782 -0.3048
290.00 -0.4942 -0.5048 -0.4879 -0.4991 -0.4870 -0.2998
300.00 -0.5068 -0.5011 -0.4975 -0.5043 -0.5087 -0.3222
310.00 -0.4631 -0.4678 -0.4706 -0.4718 -0.4795 -0.3251
320.00 -0.4915 -0.4909 -0.4858 -0.5010 -0.5002 -0.3095
330.00 -0.4771 -0.4837 -0.4924 -0.4907 -0.4965 -0.3027
340.00 -0.5057 -0.5022 -0.5108 -0.5053 -0.5163 -0.3272
350.00 -0.4898 -0.4704 -0.4829 -0.4851 -0.4729 -0.3081
360.00 -0.4673 -0.4770 -0.4949 -0.4953 -0.4893 -0.3264
370.00 -0.5019 -0.5029 -0.5077 -0.5029 -0.5127 -0.3163
380.00 -0.4683 -0.4841 -0.4705 -0.4829 -0.4888 -0.3211
390.00 -0.5013 -0.4941 -0.4942 -0.5066 -0.4934 -0.3107
400.00 -0.4865 -0.4870 -0.4984 -0.4896 -0.4892 -0.3307
410.00 -0.4897 -0.4900 -0.5028 -0.4986 -0.4896 -0.3164
420.00 -0.4766 -0.4749 -0.4791 -0.4730 -0.4774 -0.3114
430.00 -0.5206 -0.5142 -0.5014 -0.5075 -0.5045 -0.3151
440.00 -0.4769 -0.4808 -0.4774 -0.4816 -0.4888 -0.3269
450.00 -0.5267 -0.5157 -0.5272 -0.5227 -0.5244 -0.3227
460.00 -0.4362 -0.4597 -0.4527 -0.4587 -0.4627 -0.2950
470.00 -0.5082 -0.4914 -0.4884 -0.4987 -0.4989 -0.3311
480.00 -0.5202 -0.5070 -0.4988 -0.5124 -0.5119 -0.3251
490.00 -0.4874 -0.4863 -0.4861 -0.4928 -0.4797 -0.3065
500.00 -0.4933 -0.4973 -0.4949 -0.4948 -0.4871 -0.3172
510.00 -0.5107 -0.4996 -0.5065 -0.5104 -0.5070 -0.3178
520.00 -0.4683 -0.4753 -0.4833 -0.4751 -0.4738 -0.3071
530.00 -0.4870 -0.4934 -0.4991 -0.4958 -0.4882 -0.3136
540.00 -0.4884 -0.5006 -0.4922 -0.5127 -0.4919 -0.3155
550.00 -0.4798 -0.4810 -0.4779 -0.4893 -0.4860 -0.3199
560.00 -0.4769 -0.4941 -0.4821 -0.4974 -0.4916 -0.3044
570.00 -0.5135 -0.4997 -0.4970 -0.5004 -0.5145 -0.3263
580.00 -0.4637 -0.4654 -0.4545 -0.4602 -0.4694 -0.3050
590.00 -0.5185 -0.5152 -0.5156 -0.5099 -0.5151 -0.3363
600.00 -0.4941 -0.4917 -0.4964 -0.5085 -0.4999 -0.3102
610.00 -0.4653 -0.4582 -0.4752 -0.4535 -0.4648 -0.2996
620.00 -0.5233 -0.5247 -0.5136 -0.5142 -0.5116 -0.3343
630.00 -0.4779 -0.5036 -0.4923 -0.4921 -0.4974 -0.3161
640.00 -0.4286 -0.4254 -0.4432 -0.4402 -0.4435 -0.3009
650.00 -0.5252 -0.5237 -0.5193 -0.5140 -0.5378 -0.3395
660.00 -0.4932 -0.4902 -0.4925 -0.4744 -0.4926 -0.3076
670.00 -0.5030 -0.5023 -0.5003 -0.4895 -0.4974 -0.3117
680.00 -0.4718 -0.4628 -0.4660 -0.4670 -0.4775 -0.3050
690.00 -0.5177 -0.5204 -0.5245 -0.5203 -0.5172 -0.3383
700.00 -0.4851 -0.4896 -0.4846 -0.4757 -0.4759 -0.3072
710.00 -0.4680 -0.4911 -0.4881 -0.4945 -0.4875 -0.3248
720.00 -0.4859 -0.4749 -0.4845 -0.4849 -0.4862 -0.3173
730.00 -0.4730 -0.4848 -0.4802 -0.4803 -0.4807 -0.2976
740.00 -0.5232 -0.5207 -0.5216 -0.5219 -0.5354 -0.3372
750.00 -0.4824 -0.4943 -0.4878 -0.4724 -0.4892 -0.3187
760.00 -0.4816 -0.4971 -0.4856 -0.4733 -0.4919 -0.3166
770.00 -0.5116 -0.5121 -0.5050 -0.5119 -0.5244 -0.3378
780.00 -0.4564 -0.4648 -0.4554 -0.4587 -0.4716 -0.2982
790.00 -0.5040 -0.5151 -0.5051 -0.5107 -0.5130 -0.3244
800.00 -0.4880 -0.4786 -0.4828 -0.4798 -0.4736 -0.3141
810.00 -0.5180 -0.5247 -0.4974 -0.5152 -0.5125 -0.3302
820.00 -0.4503 -0.4394 -0.4383 -0.4453 -0.4578 -0.2986
830.00 -0.5296 -0.5264 -0.5211 -0.5228 -0.5212 -0.3352
840.00 -0.4699 -0.4767 -0.4734 -0.4712 -0.4769 -0.3035
850.00 -0.4643 -0.4801 -0.4754 -0.4600 -0.4803 -0.3021
860.00 -0.5370 -0.5462 -0.5376 -0.5367 -0.5429 -0.3518
870.00 -0.4352 -0.4705 -0.4704 -0.4727 -0.4687 -0.3005
880.00 -0.4992 -0.5123 -0.5081 -0.5155 -0.5246 -0.3382
890.00 -0.4942 -0.4863 -0.4881 -0.4907 -0.4989 -0.3123
900.00 -0.4789 -0.4755 -0.4757 -0.4742 -0.4860 -0.3012
910.00 -0.4964 -0.4948 -0.4774 -0.4926 -0.4926 -0.3131
920.00 -0.4735 -0.4946 -0.4773 -0.4869 -0.4887 -0.3116
930.00 -0.4856 -0.4841 -0.4717 -0.4886 -0.4850 -0.3263
940.00 -0.5047 -0.5097 -0.5053 -0.4993 -0.4970 -0.3136
950.00 -0.4758 -0.4701 -0.4702 -0.4559 -0.4708 -0.3042
960.00 -0.5351 -0.5447 -0.5245 -0.5304 -0.5329 -0.3389
970.00 -0.4924 -0.5004 -0.4960 -0.4853 -0.4988 -0.3160
980.00 -0.4792 -0.4738 -0.4860 -0.4710 -0.4891 -0.3110
990.00 -0.4966 -0.5086 -0.4948 -0.5081 -0.5097 -0.3217
1000.00 -0.4994 -0.4985 -0.4988 -0.5011 -0.4943 -0.3242
1010.00 -0.5816 -0.7505 -0.7498 -0.7286 -0.7509 -0.3463
1020.00 -0.6283 -1.0732 -1.0710 -1.0721 -1.0734 -0.3359
1030.00 -0.6106 -1.0709 -1.0678 -1.0683 -1.0817 -0.3206
1040.00 -0.6065 -1.0978 -1.1053 -1.0991 -1.0950 -0.3276
1050.00 -0.5625 -1.0540 -1.0605 -1.0656 -1.0609 -0.2988
1060.00 -0.4170 -0.5264 -0.5301 -0.5292 -0.5298 -0.3011
1070.00 -0.4049 -0.4682 -0.4718 -0.4692 -0.4694 -0.3084
1080.00 -0.4453 -0.5591 -0.5520 -0.5487 -0.5456 -0.3159
1090.00 -0.4255 -0.4835 -0.4750 -0.4779 -0.4811 -0.3223
1100.00 -0.4305 -0.5370 -0.5341 -0.5401 -0.5300 -0.3152
1110.00 -0.4478 -0.6049 -0.6095 -0.5991 -0.6085 -0.3243
1120.00 -0.4423 -0.5376 -0.5426 -0.5391 -0.5396 -0.3168
1130.00 -0.4513 -0.5484 -0.5524 -0.5517 -0.5519 -0.3275
1140.00 -0.4444 -0.5438 -0.5363 -0.5365 -0.5416 -0.3292
1150.00 -0.3952 -0.5189 -0.5088 -0.5102 -0.5150 -0.2985
1160.00 -0.4509 -0.5517 -0.5493 -0.5449 -0.5484 -0.3306
1170.00 -0.4640 -0.5504 -0.5566 -0.5556 -0.5533 -0.3420
1180.00 -0.3890 -0.5014 -0.4979 -0.5069 -0.4950 -0.2926
1190.00 -0.4784 -0.5622 -0.5709 -0.5673 -0.5585 -0.3375
1200.00 -0.4067 -0.5056 -0.5108 -0.5100 -0.5099 -0.2966
1210.00 -0.4534 -0.5633 -0.5662 -0.5599 -0.5613 -0.3307
1220.00 -0.4271 -0.4888 -0.4857 -0.4875 -0.4809 -0.3147
1230.00 -0.4645 -0.5215 -0.5220 -0.5176 -0.5209 -0.3193
1240.00 -0.4617 -0.5149 -0.5183 -0.5096 -0.5133 -0.3273
1250.00 -0.4602 -0.4939 -0.5014 -0.4909 -0.4965 -0.3224
1260.00 -0.4756 -0.5001 -0.5143 -0.5003 -0.5090 -0.3291
1270.00 -0.4800 -0.4929 -0.4960 -0.4968 -0.4805 -0.3260
1280.00 -0.4324 -0.4653 -0.4669 -0.4714 -0.4681 -0.3115
1290.00 -0.4682 -0.5427 -0.5410 -0.5345 -0.5415 -0.3234
1300.00 -0.4754 -0.5670 -0.5621 -0.5685 -0.5640 -0.3349
1310.00 -0.4045 -0.5316 -0.5317 -0.5299 -0.5345 -0.2973
1320.00 -0.4308 -0.5687 -0.5721 -0.5652 -0.5692 -0.3268
1330.00 -0.4237 -0.5904 -0.5910 -0.5878 -0.5827 -0.3235
1340.00 -0.4536 -0.6256 -0.6316 -0.6309 -0.6327 -0.3439
1350.00 -0.4115 -0.5790 -0.5637 -0.5889 -0.5772 -0.3087
1360.00 -0.4754 -0.7408 -0.7410 -0.7450 -0.7364 -0.3510
1370.00 -0.3843 -0.5468 -0.5396 -0.5446 -0.5424 -0.2908
1380.00 -0.4285 -0.6831 -0.6804 -0.6817 -0.6860 -0.3213
1390.00 -0.4297 -0.4887 -0.4896 -0.4852 -0.4859 -0.3284
1400.00 -0.4328 -0.6505 -0.6526 -0.6565 -0.6570 -0.3206
1410.00 -0.4305 -0.6231 -0.6243 -0.6258 -0.6251 -0.3157
1420.00 -0.4153 -0.6719 -0.6814 -0.6788 -0.6784 -0.3206
1430.00 -0.4365 -0.6187 -0.6195 -0.6257 -0.6213 -0.3273
1440.00 -0.4159 -0.5747 -0.5804 -0.5839 -0.5839 -0.3263
1450.00 -0.4250 -0.5864 -0.5879 -0.5924 -0.5842 -0.3142
1460.00 -0.4555 -0.7261 -0.7285 -0.7198 -0.7381 -0.3337
1470.00 -0.4177 -0.7003 -0.6993 -0.7061 -0.6977 -0.3174
1480.00 -0.4345 -0.5672 -0.5673 -0.5638 -0.5721 -0.3274
1490.00 -0.4145 -0.6050 -0.6100 -0.6053 -0.6111 -0.3117
1500.00 -0.4292 -0.5987 -0.5870 -0.5923 -0.5904 -0.3193
1510.00 -0.4125 -0.5233 -0.5199 -0.5250 -0.5228 -0.3190
1520.00 -0.4228 -0.6753 -0.6766 -0.6767 -0.6784 -0.3133
1530.00 -0.4040 -0.5933 -0.5983 -0.5938 -0.5937 -0.3019
1540.00 -0.4389 -0.6793 -0.6822 -0.6802 -0.6865 -0.3388
1550.00 -0.4276 -0.6089 -0.6063 -0.6096 -0.6023 -0.3150
1560.00 -0.4228 -0.6636 -0.6590 -0.6649 -0.6662 -0.3208
1570.00 -0.4280 -0.5924 -0.5924 -0.5929 -0.5943 -0.3236
1580.00 -0.4274 -0.7058 -0.7000 -0.7060 -0.7145 -0.3079
1590.00 -0.4247 -0.6138 -0.6281 -0.6187 -0.6145 -0.3225
1600.00 -0.4184 -0.5938 -0.5932 -0.5927 -0.5912 -0.3252
1610.00 -0.4612 -0.8266 -0.8259 -0.8280 -0.8252 -0.3619
1620.00 -0.3827 -0.4873 -0.4848 -0.4864 -0.4887 -0.2880
1630.00 -0.4188 -0.5015 -0.5052 -0.5023 -0.4997 -0.3219
1640.00 -0.4186 -0.5923 -0.5863 -0.5870 -0.5880 -0.3117
1650.00 -0.4406 -0.6242 -0.6250 -0.6125 -0.6218 -0.3395
1660.00 -0.4328 -0.6243 -0.6380 -0.6366 -0.6337 -0.3307
1670.00 -0.4350 -0.6214 -0.6281 -0.6247 -0.6223 -0.3344
1680.00 -0.4430 -0.7522 -0.7669 -0.7640 -0.7794 -0.3284
1690.00 -0.4031 -0.5428 -0.5476 -0.5434 -0.5485 -0.3132
1700.00 -0.4347 -0.5807 -0.5782 -0.5776 -0.5751 -0.3258
1710.00 -0.3967 -0.5502 -0.5535 -0.5473 -0.5541 -0.3115
1720.00 -0.4470 -0.9226 -0.9207 -0.9162 -0.9123 -0.3398
1730.00 -0.4022 -0.6418 -0.6422 -0.6426 -0.6431 -0.3021
1740.00 -0.4341 -0.6660 -0.6633 -0.6763 -0.6666 -0.3233
1750.00 -0.3943 -0.5208 -0.5239 -0.5222 -0.5259 -0.3040
1760.00 -0.4726 -0.7783 -0.7794 -0.7702 -0.7743 -0.3560
1770.00 -0.3996 -0.6478 -0.6462 -0.6424 -0.6513 -0.2891
1780.00 -0.4420 -0.6235 -0.6187 -0.6218 -0.6281 -0.3360
1790.00 -0.3952 -0.5632 -0.5593 -0.5662 -0.5602 -0.2990
1800.00 -0.4408 -0.7457 -0.7570 -0.7516 -0.7504 -0.3307
1810.00 -0.4232 -0.6480 -0.6538 -0.6411 -0.6394 -0.3201
1820.00 -0.4222 -0.6128 -0.6110 -0.6153 -0.6159 -0.3294
1830.00 -0.4349 -0.5837 -0.5788 -0.5836 -0.5836 -0.3297
1840.00 -0.4261 -0.6520 -0.6547 -0.6530 -0.6557 -0.3204
1850.00 -0.4103 -0.6400 -0.6409 -0.6314 -0.6342 -0.3108
1860.00 -0.4357 -0.5976 -0.5999 -0.6000 -0.5969 -0.3367
1870.00 -0.4450 -0.7135 -0.7160 -0.7181 -0.7165 -0.3372
1880.00 -0.3775 -0.5275 -0.5278 -0.5239 -0.5276 -0.2871
1890.00 -0.4493 -0.8474 -0.8458 -0.8534 -0.8490 -0.3533
1900.00 -0.4124 -0.5793 -0.5733 -0.5756 -0.5778 -0.3132
1910.00 -0.4034 -0.6395 -0.6464 -0.6456 -0.6375 -0.3235
1920.00 -0.4534 -0.8274 -0.8326 -0.8307 -0.8362 -0.3386
1930.00 -0.4231 -0.7006 -0.7012 -0.7014 -0.7087 -0.3189
1940.00 -0.4231 -0.5703 -0.5736 -0.5703 -0.5730 -0.3167
1950.00 -0.4111 -0.5678 -0.5621 -0.5584 -0.5523 -0.3195
1960.00 -0.4278 -0.7096 -0.7092 -0.7089 -0.7035 -0.3184
1970.00 -0.3914 -0.5736 -0.5704 -0.5706 -0.5788 -0.3078
1980.00 -0.4537 -0.7078 -0.7057 -0.7123 -0.7124 -0.3497
1990.00 -0.4147 -0.6728 -0.6808 -0.6750 -0.6788 -0.3082
2000.00 -0.4161 -0.6041 -0.6079 -0.6076 -0.6064 -0.3242
2010.00 -0.4463 -0.7341 -0.7446 -0.7374 -0.7363 -0.3302
2020.00 -0.3861 -0.5704 -0.5700 -0.5717 -0.5708 -0.3144
2030.00 -0.4565 -0.7094 -0.7095 -0.7137 -0.7070 -0.3540
2040.00 -0.4272 -0.8002 -0.7994 -0.7920 -0.8049 -0.3164
2050.00 -0.4345 -0.6580 -0.6521 -0.6694 -0.6648 -0.3262
2060.00 -0.4124 -0.6070 -0.6136 -0.6017 -0.6063 -0.3036
2070.00 -0.3827 -0.5109 -0.5155 -0.5174 -0.5174 -0.2939
2080.00 -0.4770 -0.6375 -0.6433 -0.6360 -0.6319 -0.3525
2090.00 -0.3989 -0.6206 -0.6184 -0.6205 -0.6230 -0.3213
2100.00 -0.4119 -0.7777 -0.7663 -0.7734 -0.7834 -0.3289
2110.00 -0.4244 -0.9117 -0.9314 -0.9326 -0.9275 -0.3303
2120.00 -0.4084 -0.6408 -0.6440 -0.6372 -0.6454 -0.3079
2130.00 -0.4188 -0.6330 -0.6189 -0.6163 -0.6155 -0.3161
2140.00 -0.4431 -0.6308 -0.6310 -0.6281 -0.6305 -0.3324
2150.00 -0.4502 -0.6988 -0.7105 -0.7011 -0.7003 -0.3416
2160.00 -0.4100 -0.5794 -0.5709 -0.5779 -0.5673 -0.3239
2170.00 -0.4360 -0.7373 -0.7342 -0.7334 -0.7473 -0.3271
2180.00 -0.4075 -0.6475 -0.6350 -0.6378 -0.6360 -0.3060
2190.00 -0.4204 -0.6929 -0.6968 -0.6952 -0.6992 -0.3307
2200.00 -0.4189 -0.6482 -0.6438 -0.6394 -0.6392 -0.3182
2210.00 -0.4625 -0.7358 -0.7245 -0.7313 -0.7272 -0.3373
2220.00 -0.3846 -0.6005 -0.6059 -0.5984 -0.6065 -0.3085
2230.00 -0.4327 -0.6613 -0.6588 -0.6580 -0.6544 -0.3120
2240.00 -0.4184 -0.6168 -0.6103 -0.6199 -0.6158 -0.3229
2250.00 -0.4335 -0.6730 -0.6850 -0.6784 -0.6848 -0.3335
2260.00 -0.4303 -0.8392 -0.8387 -0.8330 -0.8343 -0.3260
2270.00 -0.4077 -0.5643 -0.5569 -0.5630 -0.5685 -0.3111
2280.00 -0.4143 -0.6727 -0.6657 -0.6623 -0.6697 -0.3182
2290.00 -0.4509 -0.7919 -0.7913 -0.7951 -0.7874 -0.3462
2300.00 -0.4046 -0.6449 -0.6449 -0.6468 -0.6417 -0.3141
2310.00 -0.4273 -0.6182 -0.6220 -0.6202 -0.6244 -0.3124
2320.00 -0.4247 -0.5842 -0.5785 -0.5787 -0.5728 -0.3226
2330.00 -0.4454 -0.7224 -0.7309 -0.7263 -0.7253 -0.3371
2340.00 -0.4180 -0.6471 -0.6475 -0.6510 -0.6534 -0.3188
2350.00 -0.4260 -0.7072 -0.7047 -0.7073 -0.7034 -0.3261
2360.00 -0.4318 -0.6211 -0.6172 -0.6179 -0.6156 -0.3255
2370.00 -0.4067 -0.5942 -0.6035 -0.5978 -0.6088 -0.3155
2380.00 -0.4375 -1.0527 -1.0459 -1.0406 -1.0415 -0.3578
2390.00 -0.3880 -0.5200 -0.5306 -0.5328 -0.5320 -0.2931
2400.00 -0.3960 -0.5989 -0.6011 -0.6084 -0.6039 -0.3058
2410.00 -0.4523 -0.7598 -0.7466 -0.7520 -0.7590 -0.3304
2420.00 -0.4536 -0.6434 -0.6333 -0.6364 -0.6363 -0.3403
2430.00 -0.4081 -0.7073 -0.7119 -0.7199 -0.7138 -0.3181
2440.00 -0.4208 -0.6920 -0.6807 -0.6922 -0.6823 -0.3050
2450.00 -0.4238 -0.5198 -0.5181 -0.5224 -0.5142 -0.3120
2460.00 -0.4071 -0.6414 -0.6553 -0.6465 -0.6538 -0.3273
2470.00 -0.4266 -0.6063 -0.6118 -0.6136 -0.6100 -0.3237
2480.00 -0.4386 -0.6526 -0.6449 -0.6449 -0.6407 -0.3373
2490.00 -0.4197 -0.6670 -0.6713 -0.6708 -0.6764 -0.3268
2500.00 -0.4219 -0.7719 -0.7758 -0.7744 -0.7730 -0.3390
2510.00 -0.4150 -0.6361 -0.6334 -0.6278 -0.6367 -0.3062
2520.00 -0.4224 -0.7805 -0.7787 -0.7840 -0.7734 -0.3355
2530.00 -0.4060 -0.6299 -0.6302 -0.6242 -0.6269 -0.3045
2540.00 -0.4029 -0.7329 -0.7312 -0.7355 -0.7256 -0.3273
2550.00 -0.4601 -1.0623 -1.0755 -1.0651 -1.0665 -0.3523
2560.00 -0.4039 -0.5506 -0.5569 -0.5478 -0.5513 -0.2883
2570.00 -0.4155 -0.5453 -0.5474 -0.5429 -0.5447 -0.3240
2580.00 -0.4206 -0.5819 -0.5787 -0.5824 -0.5802 -0.3168
2590.00 -0.4504 -0.6253 -0.6258 -0.6221 -0.6222 -0.3355
2600.00 -0.4275 -0.5692 -0.5671 -0.5696 -0.5678 -0.3220
2610.00 -0.4147 -0.5877 -0.5908 -0.5945 -0.5953 -0.3068
2620.00 -0.4181 -0.5980 -0.6046 -0.5951 -0.5969 -0.3097
2630.00 -0.4512 -0.7588 -0.7515 -0.7556 -0.7595 -0.3461
2640.00 -0.4217 -0.8322 -0.8309 -0.8317 -0.8224 -0.3413
2650.00 -0.3964 -0.9042 -0.9264 -0.9161 -0.9177 -0.3218
2660.00 -0.4244 -0.7068 -0.6926 -0.7025 -0.7090 -0.3131
2670.00 -0.4113 -0.7580 -0.7630 -0.7566 -0.7655 -0.3181
2680.00 -0.4082 -0.5054 -0.4957 -0.4970 -0.4998 -0.3066
2690.00 -0.4393 -0.6641 -0.6747 -0.6748 -0.6766 -0.3195
2700.00 -0.4595 -0.6853 -0.6899 -0.6835 -0.6830 -0.3404
2710.00 -0.4288 -0.5714 -0.5690 -0.5753 -0.5706 -0.3272
2720.00 -0.4216 -0.6332 -0.6248 -0.6266 -0.6279 -0.3153
2730.00 -0.4080 -0.5461 -0.5529 -0.5439 -0.5418 -0.3114
2740.00 -0.4084 -0.5716 -0.5692 -0.5738 -0.5718 -0.3078
2750.00 -0.4626 -0.8608 -0.8737 -0.8613 -0.8690 -0.3474
2760.00 -0.4136 -0.5578 -0.5605 -0.5612 -0.5562 -0.3105
2770.00 -0.3907 -0.7598 -0.7550 -0.7588 -0.7590 -0.3301
2780.00 -0.4044 -0.9335 -0.9245 -0.9296 -0.9267 -0.3090
2790.00 -0.4155 -0.6486 -0.6471 -0.6375 -0.6449 -0.3199
2800.00 -0.4394 -0.7293 -0.7371 -0.7252 -0.7300 -0.3219
2810.00 -0.4236 -0.5213 -0.5122 -0.5159 -0.5118 -0.3072
2820.00 -0.4306 -0.9985 -0.9930 -0.9925 -0.9916 -0.3544
2830.00 -0.4015 -0.6757 -0.6846 -0.6817 -0.6781 -0.3115
2840.00 -0.4325 -0.7391 -0.7374 -0.7442 -0.7396 -0.3200
2850.00 -0.4019 -0.5138 -0.5097 -0.5109 -0.5116 -0.2944
2860.00 -0.4596 -0.6120 -0.6149 -0.6160 -0.6145 -0.3405
2870.00 -0.3955 -0.4962 -0.4941 -0.4984 -0.4978 -0.3136
2880.00 -0.4213 -0.6232 -0.6159 -0.6223 -0.6178 -0.3185
2890.00 -0.4332 -0.7588 -0.7699 -0.7646 -0.7515 -0.3350
2900.00 -0.4344 -0.7004 -0.7084 -0.7013 -0.7074 -0.3291
2910.00 -0.4197 -0.6987 -0.6968 -0.6983 -0.6988 -0.3179
2920.00 -0.4033 -0.5719 -0.5678 -0.5756 -0.5750 -0.3113
2930.00 -0.4493 -0.8937 -0.9024 -0.9011 -0.8893 -0.3457
2940.00 -0.4259 -0.5712 -0.5785 -0.5730 -0.5706 -0.3119
2950.00 -0.4187 -0.6065 -0.6024 -0.6061 -0.6015 -0.3392
2960.00 -0.4305 -0.6524 -0.6581 -0.6579 -0.6588 -0.3211
2970.00 -0.3899 -0.6030 -0.6022 -0.6023 -0.6015 -0.2896
2980.00 -0.4322 -0.5827 -0.5839 -0.5731 -0.5815 -0.3276
2990.00 -0.4337 -0.6900 -0.6890 -0.6829 -0.6882 -0.3210
3000.00 -0.4329 -0.7015 -0.7013 -0.6914 -0.7010 -0.3251
3010.00 -0.4234 -0.9375 -0.9323 -0.9466 -0.9294 -0.3474
3020.00 -0.4028 -0.6653 -0.6728 -0.6730 -0.6760 -0.3082
3030.00 -0.4500 -0.8979 -0.8863 -0.8855 -0.8933 -0.3525
3040.00 -0.3706 -0.4714 -0.4670 -0.4741 -0.4727 -0.2812
3050.00 -0.4221 -0.5961 -0.5905 -0.5920 -0.5889 -0.3186
3060.00 -0.4559 -0.8848 -0.8778 -0.8731 -0.8852 -0.3430
3070.00 -0.3940 -0.6416 -0.6379 -0.6417 -0.6432 -0.3052
3080.00 -0.4251 -0.6480 -0.6467 -0.6450 -0.6504 -0.3168
3090.00 -0.4332 -0.6392 -0.6366 -0.6446 -0.6367 -0.3260
3100.00 -0.4347 -0.7083 -0.7205 -0.7101 -0.7080 -0.3341
3110.00 -0.4128 -0.6922 -0.6869 -0.6881 -0.6826 -0.3195
3120.00 -0.4344 -0.7071 -0.7074 -0.7084 -0.7013 -0.3261
3130.00 -0.3936 -0.5533 -0.5526 -0.5540 -0.5536 -0.2980
3140.00 -0.4311 -0.6708 -0.6684 -0.6668 -0.6710 -0.3290
3150.00 -0.4360 -0.6894 -0.6859 -0.6880 -0.6833 -0.3416
3160.00 -0.4121 -1.0171 -1.0174 -1.0154 -1.0103 -0.3233
3170.00 -0.4009 -0.6291 -0.6268 -0.6303 -0.6244 -0.3079
3180.00 -0.4224 -0.5716 -0.5668 -0.5685 -0.5645 -0.3185
3190.00 -0.4404 -0.7513 -0.7479 -0.7483 -0.7531 -0.3318
3200.00 -0.4396 -0.6326 -0.6483 -0.6460 -0.6342 -0.3376
3210.00 -0.4306 -0.6394 -0.6341 -0.6381 -0.6388 -0.3086
3220.00 -0.4234 -0.6082 -0.6071 -0.6083 -0.6054 -0.3320
3230.00 -0.4074 -0.6183 -0.6323 -0.6279 -0.6231 -0.2961
3240.00 -0.4428 -0.7364 -0.7362 -0.7432 -0.7422 -0.3471
3250.00 -0.4036 -0.6587 -0.6606 -0.6614 -0.6600 -0.3125
3260.00 -0.4506 -0.7479 -0.7469 -0.7494 -0.7434 -0.3339
3270.00 -0.4243 -0.5940 -0.5901 -0.5939 -0.5972 -0.3201
3280.00 -0.4331 -0.7627 -0.7620 -0.7645 -0.7640 -0.3449
3290.00 -0.3895 -0.6948 -0.6967 -0.6908 -0.6992 -0.2928
3300.00 -0.4257 -0.6467 -0.6381 -0.6463 -0.6432 -0.3138
3310.00 -0.4407 -0.5833 -0.5812 -0.5793 -0.5859 -0.3216
3320.00 -0.4128 -0.5139 -0.5101 -0.5120 -0.5130 -0.3132
3330.00 -0.4383 -0.7935 -0.7984 -0.7903 -0.7984 -0.3526
3340.00 -0.3907 -0.6897 -0.6877 -0.6917 -0.6866 -0.3114
3350.00 -0.4449 -0.7811 -0.7799 -0.7742 -0.7808 -0.3443
3360.00 -0.4203 -1.0166 -1.0180 -1.0144 -1.0202 -0.3466
3370.00 -0.3988 -0.5985 -0.5895 -0.5967 -0.5971 -0.2917
3380.00 -0.4369 -0.5840 -0.5750 -0.5773 -0.5799 -0.3317
3390.00 -0.4109 -0.6847 -0.6761 -0.6785 -0.6788 -0.3091
3400.00 -0.4461 -0.6951 -0.7088 -0.6983 -0.7002 -0.3343
3410.00 -0.4197 -0.5889 -0.5891 -0.5900 -0.5934 -0.3095
3420.00 -0.4299 -0.7421 -0.7409 -0.7314 -0.7429 -0.3422
3430.00 -0.4304 -0.6836 -0.6886 -0.6932 -0.6864 -0.3242
3440.00 -0.4153 -0.6126 -0.6070 -0.6085 -0.6066 -0.3174
3450.00 -0.4111 -0.5996 -0.6016 -0.6003 -0.6058 -0.3109
3460.00 -0.4104 -0.6335 -0.6284 -0.6308 -0.6271 -0.3193
3470.00 -0.4347 -0.6699 -0.6648 -0.6755 -0.6722 -0.3227
3480.00 -0.3887 -0.5445 -0.5437 -0.5444 -0.5444 -0.3128
3490.00 -0.4380 -0.9801 -0.9884 -0.9823 -0.9840 -0.3551
3500.00 -0.4385 -0.7380 -0.7354 -0.7310 -0.7386 -0.3270
3510.00 -0.4085 -0.6664 -0.6707 -0.6691 -0.6605 -0.3117
3520.00 -0.4241 -0.5880 -0.5808 -0.5885 -0.5860 -0.3043
3530.00 -0.4413 -0.9083 -0.9216 -0.9236 -0.9229 -0.3463
3540.00 -0.4291 -0.6173 -0.6188 -0.6219 -0.6084 -0.3093
3550.00 -0.4234 -0.6047 -0.5967 -0.6003 -0.5980 -0.3301
3560.00 -0.4132 -0.5486 -0.5479 -0.5460 -0.5464 -0.3122
3570.00 -0.4201 -0.7977 -0.7963 -0.7946 -0.8023 -0.3295
3580.00 -0.4235 -0.6888 -0.6856 -0.6829 -0.6893 -0.3106
3590.00 -0.4367 -0.5262 -0.5323 -0.5303 -0.5263 -0.3289
3600.00 -0.4394 -0.6113 -0.6081 -0.6067 -0.6120 -0.3244
3610.00 -0.3993 -0.5789 -0.5681 -0.5712 -0.5739 -0.3187
3620.00 -0.4449 -0.6384 -0.6361 -0.6442 -0.6413 -0.3338
3630.00 -0.4001 -0.8276 -0.8273 -0.8239 -0.8289 -0.3115
3640.00 -0.4164 -0.7079 -0.7064 -0.7093 -0.7054 -0.3434
3650.00 -0.3898 -0.8647 -0.8586 -0.8570 -0.8574 -0.3058
3660.00 -0.4380 -0.9697 -0.9765 -0.9785 -0.9778 -0.3283
3670.00 -0.4103 -0.5206 -0.5303 -0.5271 -0.5240 -0.3064
3680.00 -0.4654 -0.6786 -0.6731 -0.6731 -0.6721 -0.3405
3690.00 -0.4062 -0.5723 -0.5767 -0.5720 -0.5729 -0.3233
3700.00 -0.4128 -0.5491 -0.5412 -0.5433 -0.5413 -0.3165
3710.00 -0.4515 -0.6418 -0.6398 -0.6369 -0.6429 -0.3306
3720.00 -0.4237 -0.6491 -0.6553 -0.6541 -0.6442 -0.3336
3730.00 -0.4121 -0.7693 -0.7752 -0.7713 -0.7839 -0.3070
3740.00 -0.4326 -0.7089 -0.7146 -0.7142 -0.6998 -0.3287
3750.00 -0.3889 -0.8427 -0.8431 -0.8491 -0.8517 -0.3277
3760.00 -0.4176 -0.5693 -0.5694 -0.5657 -0.5686 -0.3083
3770.00 -0.4228 -0.9166 -0.9234 -0.9321 -0.9205 -0.3360
3780.00 -0.4384 -0.6211 -0.6232 -0.6207 -0.6213 -0.3160
3790.00 -0.4106 -0.4339 -0.4288 -0.4386 -0.4281 -0.3064
3800.00 -0.4306 -0.6801 -0.6747 -0.6733 -0.6866 -0.3293
3810.00 -0.4043 -0.7213 -0.7187 -0.7176 -0.7155 -0.3156
3820.00 -0.4228 -0.8457 -0.8435 -0.8381 -0.8402 -0.3365
3830.00 -0.4193 -0.6083 -0.6056 -0.6082 -0.6039 -0.3127
3840.00 -0.4544 -0.7090 -0.7016 -0.7101 -0.6974 -0.3445
3850.00 -0.4075 -0.6276 -0.6224 -0.6248 -0.6232 -0.3017
3860.00 -0.4219 -0.6170 -0.6137 -0.6174 -0.6117 -0.3310
3870.00 -0.4123 -0.5330 -0.5411 -0.5367 -0.5356 -0.3137
3880.00 -0.4556 -0.7642 -0.7626 -0.7683 -0.7672 -0.3405
3890.00 -0.4251 -0.7610 -0.7549 -0.7574 -0.7608 -0.3169
3900.00 -0.4162 -0.6738 -0.6739 -0.6789 -0.6720 -0.3222
3910.00 -0.3847 -0.6738 -0.6675 -0.6708 -0.6730 -0.3158
3920.00 -0.4324 -0.7519 -0.7562 -0.7518 -0.7612 -0.3221
3930.00 -0.4610 -0.9032 -0.9026 -0.9010 -0.9018 -0.3498
3940.00 -0.3961 -0.5320 -0.5236 -0.5244 -0.5272 -0.2921
3950.00 -0.4475 -0.6171 -0.6263 -0.6234 -0.6220 -0.3555
3960.00 -0.4029 -0.6845 -0.6873 -0.6866 -0.6919 -0.3032
3970.00 -0.4545 -0.8053 -0.8069 -0.8122 -0.8075 -0.3235
3980.00 -0.4056 -0.5193 -0.5226 -0.5165 -0.5209 -0.3099
3990.00 -0.4185 -0.6082 -0.6108 -0.6059 -0.6097 -0.3305
4000.00 -0.4117 -0.7949 -0.7910 -0.7955 -0.7948 -0.3228
