10.00 -0.4579 -0.4537 -0.4499 -0.4581 -0.4512 -0.3118
20.00 -0.4985 -0.4938 -0.4848 -0.5039 -0.4877 -0.3193
30.00 -0.4675 -0.4593 -0.4561 -0.4587 -0.4505 -0.3045
40.00 -0.4907 -0.4836 -0.4813 -0.4959 -0.4934 -0.3177
50.00 -0.4678 -0.4645 -0.4683 -0.4754 -0.4603 -0.3039
60.00 -0.5052 -0.4818 -0.5115 -0.5066 -0.5057 -0.3291
70.00 -0.4609 -0.4362 -0.4658 -0.4633 -0.4530 -0.2979
80.00 -0.4768 -0.4741 -0.4914 -0.4900 -0.4830 -0.3203
90.00 -0.4706 -0.4713 -0.4705 -0.4722 -0.4805 -0.3179
100.00 -0.4881 -0.4975 -0.4990 -0.4936 -0.4948 -0.3294
110.00 -0.4612 -0.4561 -0.4433 -0.4560 -0.4542 -0.3027
120.00 -0.4979 -0.4915 -0.4877 -0.4940 -0.4986 -0.3098
130.00 -0.4672 -0.4661 -0.4717 -0.4635 -0.4719 -0.3138
140.00 -0.4578 -0.4680 -0.4825 -0.4763 -0.4711 -0.3027
150.00 -0.4804 -0.4689 -0.4796 -0.4796 -0.4753 -0.3171
160.00 -0.4977 -0.4929 -0.4871 -0.4856 -0.4866 -0.3197
170.00 -0.4693 -0.4674 -0.4746 -0.4650 -0.4748 -0.3102
180.00 -0.4905 -0.4812 -0.4856 -0.4878 -0.4700 -0.3137
190.00 -0.4860 -0.4880 -0.4952 -0.4867 -0.4859 -0.3214
200.00 -0.4557 -0.4579 -0.4534 -0.4563 -0.4552 -0.2968
210.00 -0.4790 -0.4846 -0.4752 -0.4785 -0.4817 -0.3129
220.00 -0.4842 -0.4906 -0.4856 -0.4972 -0.4874 -0.3237
230.00 -0.4581 -0.4579 -0.4681 -0.4585 -0.4680 -0.3030
240.00 -0.4571 -0.4518 -0.4658 -0.4611 -0.4617 -0.3030
250.00 -0.5034 -0.4868 -0.4965 -0.4957 -0.4895 -0.3222
260.00 -0.4550 -0.4436 -0.4497 -0.4606 -0.4531 -0.3065
270.00 -0.4963 -0.4924 -0.4887 -0.4746 -0.4976 -0.3187
280.00 -0.4830 -0.4805 -0.4860 -0.4677 -0.4781 -0.3083
290.00 -0.4654 -0.4937 -0.4813 -0.4864 -0.4849 -0.3137
300.00 -0.5053 -0.5067 -0.5064 -0.5029 -0.5080 -0.3297
310.00 -0.4420 -0.4514 -0.4606 -0.4541 -0.4615 -0.3087
320.00 -0.4820 -0.4773 -0.4820 -0.4794 -0.4645 -0.3035
330.00 -0.4713 -0.4448 -0.4582 -0.4683 -0.4597 -0.3067
340.00 -0.4767 -0.4707 -0.4823 -0.4747 -0.4794 -0.3074
350.00 -0.4704 -0.4869 -0.4894 -0.4972 -0.4878 -0.3189
360.00 -0.4803 -0.4770 -0.4830 -0.4835 -0.4690 -0.3240
370.00 -0.4780 -0.4824 -0.4736 -0.4746 -0.4661 -0.3057
380.00 -0.4750 -0.4813 -0.4754 -0.4798 -0.4767 -0.3079
390.00 -0.4775 -0.4986 -0.4969 -0.4956 -0.4924 -0.3141
400.00 -0.4697 -0.4803 -0.4748 -0.4664 -0.4788 -0.3131
410.00 -0.4936 -0.5030 -0.5075 -0.4879 -0.4977 -0.3281
420.00 -0.4423 -0.4412 -0.4360 -0.4367 -0.4441 -0.2973
430.00 -0.5025 -0.4912 -0.4768 -0.4923 -0.4868 -0.3219
440.00 -0.4529 -0.4629 -0.4551 -0.4578 -0.4531 -0.2996
450.00 -0.4851 -0.4986 -0.4860 -0.4995 -0.5026 -0.3153
460.00 -0.4447 -0.4420 -0.4282 -0.4346 -0.4379 -0.2883
470.00 -0.5019 -0.4947 -0.4886 -0.4939 -0.4967 -0.3266
480.00 -0.4666 -0.4785 -0.4674 -0.4788 -0.4679 -0.3124
490.00 -0.4903 -0.4901 -0.4792 -0.4839 -0.4915 -0.3180
500.00 -0.4738 -0.4813 -0.4807 -0.4828 -0.4826 -0.3092
510.00 -0.4654 -0.4693 -0.4661 -0.4673 -0.4631 -0.3113
520.00 -0.4695 -0.4763 -0.4696 -0.4775 -0.4695 -0.3088
530.00 -0.4811 -0.4890 -0.4688 -0.4840 -0.4773 -0.3284
540.00 -0.4742 -0.4725 -0.4638 -0.4762 -0.4674 -0.2958
550.00 -0.5099 -0.4895 -0.4995 -0.4809 -0.4907 -0.3261
560.00 -0.4658 -0.4730 -0.4696 -0.4685 -0.4663 -0.3050
570.00 -0.4355 -0.4461 -0.4467 -0.4482 -0.4550 -0.2956
580.00 -0.5024 -0.4981 -0.4971 -0.4970 -0.5003 -0.3169
590.00 -0.4695 -0.4887 -0.4639 -0.4797 -0.4758 -0.3222
600.00 -0.4967 -0.5044 -0.4954 -0.5003 -0.5023 -0.3226
610.00 -0.4609 -0.4594 -0.4780 -0.4646 -0.4663 -0.2947
620.00 -0.4768 -0.4931 -0.4899 -0.4857 -0.4885 -0.3200
630.00 -0.4840 -0.4670 -0.4738 -0.4705 -0.4796 -0.3099
640.00 -0.4479 -0.4471 -0.4537 -0.4555 -0.4491 -0.3005
650.00 -0.4740 -0.4908 -0.4862 -0.4811 -0.4822 -0.3157
660.00 -0.4679 -0.4692 -0.4797 -0.4736 -0.4771 -0.3058
670.00 -0.4894 -0.4832 -0.4840 -0.4703 -0.4845 -0.3196
680.00 -0.4941 -0.4892 -0.4889 -0.4871 -0.4899 -0.3193
690.00 -0.4786 -0.4760 -0.4799 -0.4689 -0.4727 -0.3102
700.00 -0.4729 -0.4745 -0.4853 -0.4777 -0.4633 -0.3118
710.00 -0.4731 -0.4703 -0.4784 -0.4695 -0.4670 -0.3155
720.00 -0.4719 -0.4850 -0.4887 -0.4831 -0.4836 -0.3071
730.00 -0.4888 -0.4922 -0.4841 -0.4827 -0.4922 -0.3218
740.00 -0.4538 -0.4680 -0.4682 -0.4575 -0.4619 -0.3041
750.00 -0.5080 -0.4742 -0.5033 -0.5045 -0.5072 -0.3308
760.00 -0.4503 -0.4476 -0.4516 -0.4585 -0.4546 -0.2942
770.00 -0.4948 -0.4932 -0.4971 -0.5009 -0.4971 -0.3188
780.00 -0.4739 -0.4629 -0.4666 -0.4804 -0.4796 -0.3096
790.00 -0.4904 -0.4745 -0.4978 -0.4843 -0.4846 -0.3151
800.00 -0.4563 -0.4563 -0.4640 -0.4569 -0.4622 -0.3069
810.00 -0.4962 -0.4800 -0.4926 -0.4967 -0.4930 -0.3214
820.00 -0.4974 -0.4711 -0.4998 -0.4933 -0.4940 -0.3152
830.00 -0.4401 -0.4438 -0.4342 -0.4324 -0.4398 -0.2936
840.00 -0.4861 -0.4846 -0.4946 -0.4979 -0.5010 -0.3246
850.00 -0.4980 -0.5010 -0.5020 -0.4903 -0.5084 -0.3249
860.00 -0.4480 -0.4516 -0.4493 -0.4404 -0.4599 -0.2906
870.00 -0.4916 -0.4954 -0.4980 -0.4917 -0.5024 -0.3244
880.00 -0.4446 -0.4487 -0.4418 -0.4483 -0.4417 -0.2885
890.00 -0.5046 -0.5085 -0.5017 -0.5081 -0.5032 -0.3306
900.00 -0.4853 -0.4872 -0.4756 -0.4754 -0.4795 -0.3107
910.00 -0.4459 -0.4490 -0.4482 -0.4498 -0.4459 -0.2914
920.00 -0.4961 -0.4903 -0.4951 -0.4784 -0.4922 -0.3173
930.00 -0.4766 -0.4930 -0.4815 -0.4935 -0.4918 -0.3219
940.00 -0.4998 -0.4944 -0.4998 -0.5074 -0.5032 -0.3276
950.00 -0.4617 -0.4706 -0.4650 -0.4650 -0.4610 -0.3022
960.00 -0.4541 -0.4627 -0.4604 -0.4637 -0.4629 -0.3153
970.00 -0.5033 -0.5061 -0.5185 -0.5039 -0.5121 -0.3252
980.00 -0.4586 -0.4522 -0.4538 -0.4508 -0.4522 -0.2934
990.00 -0.5079 -0.4950 -0.4948 -0.4996 -0.4984 -0.3347
1000.00 -0.4690 -0.4645 -0.4683 -0.4542 -0.4648 -0.2993
1010.00 -0.5127 -0.7323 -0.7248 -0.7404 -0.7286 -0.3282
1020.00 -0.5646 -1.0747 -1.0734 -1.0768 -1.0783 -0.3359
1030.00 -0.4958 -0.9593 -0.9586 -0.9545 -0.9497 -0.2751
1040.00 -0.5187 -1.0158 -1.0049 -1.0183 -1.0043 -0.2985
1050.00 -0.5443 -1.0223 -1.0217 -1.0111 -1.0295 -0.3143
1060.00 -0.5580 -0.9188 -0.9046 -0.9106 -0.9153 -0.3156
1070.00 -0.5593 -0.9382 -0.9426 -0.9418 -0.9223 -0.3073
1080.00 -0.5359 -0.8541 -0.8435 -0.8468 -0.8445 -0.3101
1090.00 -0.5676 -0.8890 -0.8901 -0.8955 -0.9005 -0.3019
1100.00 -0.5761 -0.8904 -0.8942 -0.8866 -0.8901 -0.3232
1110.00 -0.5404 -0.7930 -0.7890 -0.7880 -0.8005 -0.2998
1120.00 -0.4780 -0.5721 -0.5678 -0.5669 -0.5706 -0.3206
1130.00 -0.4118 -0.4636 -0.4571 -0.4624 -0.4600 -0.3103
1140.00 -0.4235 -0.4754 -0.4741 -0.4686 -0.4714 -0.3167
1150.00 -0.4178 -0.4681 -0.4730 -0.4663 -0.4677 -0.2999
1160.00 -0.4469 -0.4686 -0.4769 -0.4750 -0.4705 -0.3134
1170.00 -0.4616 -0.4836 -0.4868 -0.4876 -0.4867 -0.3153
1180.00 -0.4699 -0.4875 -0.4967 -0.4870 -0.4910 -0.3171
1190.00 -0.4759 -0.4789 -0.4777 -0.4772 -0.4736 -0.3181
1200.00 -0.4831 -0.4780 -0.4812 -0.4670 -0.4792 -0.3133
1210.00 -0.4576 -0.4792 -0.4772 -0.4583 -0.4721 -0.2987
1220.00 -0.4682 -0.4811 -0.4798 -0.4907 -0.4800 -0.3216
1230.00 -0.4619 -0.4729 -0.4836 -0.4749 -0.4743 -0.3098
1240.00 -0.4473 -0.4573 -0.4650 -0.4632 -0.4683 -0.3014
1250.00 -0.4908 -0.5011 -0.4851 -0.4736 -0.4967 -0.3298
1260.00 -0.4532 -0.4636 -0.4621 -0.4581 -0.4499 -0.3053
1270.00 -0.4878 -0.4857 -0.4800 -0.4964 -0.4887 -0.3098
1280.00 -0.4740 -0.4833 -0.4770 -0.4820 -0.4798 -0.3110
1290.00 -0.4951 -0.5111 -0.4971 -0.4948 -0.4941 -0.3363
1300.00 -0.4255 -0.4567 -0.4476 -0.4490 -0.4435 -0.2776
1310.00 -0.4575 -0.4851 -0.4796 -0.4740 -0.4816 -0.3188
1320.00 -0.4882 -0.5052 -0.4983 -0.5045 -0.4976 -0.3242
1330.00 -0.4524 -0.4686 -0.4714 -0.4673 -0.4560 -0.3094
1340.00 -0.4467 -0.4736 -0.4807 -0.4763 -0.4835 -0.3028
1350.00 -0.4720 -0.4845 -0.4913 -0.4905 -0.4911 -0.3350
1360.00 -0.4442 -0.4636 -0.4732 -0.4717 -0.4642 -0.2983
1370.00 -0.4806 -0.4942 -0.5050 -0.5045 -0.5038 -0.3162
1380.00 -0.4701 -0.4932 -0.5043 -0.4892 -0.5161 -0.3375
1390.00 -0.4650 -0.4816 -0.4636 -0.4664 -0.4750 -0.3128
1400.00 -0.4373 -0.4749 -0.4737 -0.4707 -0.4706 -0.3011
1410.00 -0.4446 -0.4788 -0.4828 -0.4820 -0.4843 -0.3087
1420.00 -0.4457 -0.5049 -0.5041 -0.5103 -0.5125 -0.3191
1430.00 -0.4682 -0.5114 -0.5181 -0.4947 -0.4983 -0.3123
1440.00 -0.4020 -0.4635 -0.4642 -0.4566 -0.4641 -0.2982
1450.00 -0.4655 -0.5157 -0.5201 -0.5119 -0.5319 -0.3289
1460.00 -0.4308 -0.4781 -0.4901 -0.4944 -0.4808 -0.3052
1470.00 -0.3877 -0.5105 -0.5051 -0.4983 -0.5079 -0.2968
1480.00 -0.3274 -0.7958 -0.7953 -0.7949 -0.7906 -0.3312
1490.00 -0.2519 -1.2720 -1.2664 -1.2662 -1.2655 -0.3089
1500.00 -0.3824 -0.5418 -0.5405 -0.5436 -0.5392 -0.2947
1510.00 -0.4138 -0.5466 -0.5470 -0.5486 -0.5459 -0.3068
1520.00 -0.3981 -0.4630 -0.4600 -0.4589 -0.4579 -0.3135
1530.00 -0.4124 -0.4786 -0.4792 -0.4757 -0.4801 -0.3196
1540.00 -0.4054 -0.5047 -0.5004 -0.5042 -0.5027 -0.3027
1550.00 -0.4339 -0.4883 -0.4829 -0.4888 -0.4873 -0.3240
1560.00 -0.4172 -0.4928 -0.4864 -0.4885 -0.4918 -0.2975
1570.00 -0.4510 -0.5094 -0.5090 -0.5063 -0.5018 -0.3255
1580.00 -0.4425 -0.4717 -0.4771 -0.4694 -0.4685 -0.3200
1590.00 -0.4604 -0.4894 -0.4863 -0.4901 -0.4866 -0.3043
1600.00 -0.4806 -0.5046 -0.5097 -0.5162 -0.5040 -0.3418
1610.00 -0.4117 -0.4651 -0.4594 -0.4703 -0.4574 -0.2880
1620.00 -0.4734 -0.5015 -0.4968 -0.4961 -0.5027 -0.3104
1630.00 -0.4730 -0.4727 -0.4680 -0.4665 -0.4675 -0.3193
1640.00 -0.4568 -0.4684 -0.4670 -0.4719 -0.4699 -0.3105
1650.00 -0.4636 -0.4620 -0.4729 -0.4710 -0.4688 -0.3053
1660.00 -0.4516 -0.4835 -0.4850 -0.4906 -0.4894 -0.3090
1670.00 -0.4648 -0.5043 -0.5035 -0.4778 -0.4849 -0.3120
1680.00 -0.4726 -0.4771 -0.4730 -0.4710 -0.4751 -0.3192
1690.00 -0.4823 -0.4932 -0.4964 -0.5054 -0.4919 -0.3320
1700.00 -0.4591 -0.4648 -0.4663 -0.4756 -0.4453 -0.2968
1710.00 -0.4546 -0.4622 -0.4498 -0.4635 -0.4511 -0.3010
1720.00 -0.4403 -0.4877 -0.4771 -0.4816 -0.4885 -0.2981
1730.00 -0.4893 -0.5202 -0.5273 -0.5168 -0.5233 -0.3293
1740.00 -0.4286 -0.4516 -0.4497 -0.4500 -0.4491 -0.3004
1750.00 -0.4785 -0.4909 -0.4968 -0.4942 -0.4922 -0.3333
1760.00 -0.4658 -0.4703 -0.4775 -0.4706 -0.4679 -0.3070
1770.00 -0.4550 -0.4838 -0.4852 -0.4744 -0.4775 -0.3120
1780.00 -0.4380 -0.4663 -0.4676 -0.4737 -0.4734 -0.3037
1790.00 -0.4488 -0.4810 -0.4801 -0.4952 -0.4898 -0.3065
1800.00 -0.4659 -0.4978 -0.4993 -0.4970 -0.5037 -0.3218
1810.00 -0.4459 -0.4832 -0.4912 -0.4891 -0.4904 -0.3226
1820.00 -0.4379 -0.4844 -0.4767 -0.4755 -0.4779 -0.3040
1830.00 -0.4402 -0.5019 -0.4894 -0.4867 -0.4901 -0.3088
1840.00 -0.4451 -0.5053 -0.4968 -0.4936 -0.4897 -0.3077
1850.00 -0.4803 -0.5096 -0.4981 -0.5189 -0.5044 -0.3294
1860.00 -0.4259 -0.4483 -0.4571 -0.4596 -0.4560 -0.2923
1870.00 -0.4582 -0.4798 -0.4783 -0.4847 -0.4925 -0.3135
1880.00 -0.4920 -0.4781 -0.4880 -0.4777 -0.4955 -0.3279
1890.00 -0.4396 -0.4759 -0.4763 -0.4903 -0.4798 -0.3051
1900.00 -0.4580 -0.4819 -0.4789 -0.4790 -0.4831 -0.3145
1910.00 -0.4565 -0.4678 -0.4761 -0.4804 -0.4773 -0.3101
1920.00 -0.4407 -0.4564 -0.4643 -0.4736 -0.4615 -0.3138
1930.00 -0.4808 -0.5011 -0.5004 -0.5064 -0.4940 -0.3078
1940.00 -0.4351 -0.4765 -0.4707 -0.4628 -0.4740 -0.3113
1950.00 -0.4120 -0.4979 -0.4997 -0.5082 -0.5031 -0.3123
1960.00 -0.3854 -0.5338 -0.5305 -0.5253 -0.5300 -0.3015
1970.00 -0.0956 -1.5802 -1.5786 -1.5799 -1.5778 -0.3277
1980.00 -0.2913 -1.0273 -1.0270 -1.0275 -1.0257 -0.2720
1990.00 -0.4015 -0.5010 -0.4909 -0.4962 -0.4991 -0.3050
2000.00 -0.4029 -0.4674 -0.4719 -0.4752 -0.4768 -0.3098
2010.00 -0.4315 -0.4793 -0.4847 -0.4758 -0.4794 -0.3203
2020.00 -0.3879 -0.4448 -0.4489 -0.4468 -0.4481 -0.2825
2030.00 -0.4525 -0.5010 -0.4961 -0.5000 -0.4980 -0.3273
2040.00 -0.4449 -0.5026 -0.4905 -0.4867 -0.4925 -0.3209
2050.00 -0.4521 -0.4818 -0.4638 -0.4749 -0.4735 -0.3137
2060.00 -0.4653 -0.4618 -0.4607 -0.4713 -0.4710 -0.2934
2070.00 -0.4755 -0.4703 -0.4832 -0.4837 -0.4784 -0.3124
2080.00 -0.4715 -0.4652 -0.4784 -0.4737 -0.4789 -0.3215
2090.00 -0.4734 -0.4688 -0.4695 -0.4776 -0.4790 -0.3132
2100.00 -0.4728 -0.4964 -0.4970 -0.4885 -0.4995 -0.3209
2110.00 -0.4334 -0.4576 -0.4629 -0.4605 -0.4603 -0.2935
2120.00 -0.4913 -0.4916 -0.4890 -0.5004 -0.5001 -0.3341
2130.00 -0.4749 -0.4902 -0.4767 -0.4808 -0.4787 -0.3043
2140.00 -0.4511 -0.4732 -0.4803 -0.4768 -0.4784 -0.3138
2150.00 -0.4716 -0.4683 -0.4688 -0.4799 -0.4719 -0.3104
2160.00 -0.4719 -0.4738 -0.4749 -0.4681 -0.4708 -0.2982
2170.00 -0.4847 -0.4824 -0.4929 -0.4946 -0.5008 -0.3355
2180.00 -0.4700 -0.4684 -0.4747 -0.4750 -0.4802 -0.3129
2190.00 -0.4846 -0.4894 -0.4919 -0.4948 -0.4968 -0.3147
2200.00 -0.4783 -0.4765 -0.4633 -0.4795 -0.4710 -0.3080
2210.00 -0.4575 -0.4731 -0.4778 -0.4723 -0.4760 -0.3195
2220.00 -0.4855 -0.4820 -0.4899 -0.4863 -0.4773 -0.3149
2230.00 -0.4694 -0.4730 -0.4632 -0.4686 -0.4692 -0.3165
2240.00 -0.4656 -0.4657 -0.4688 -0.4748 -0.4865 -0.3019
2250.00 -0.4695 -0.4754 -0.4802 -0.4748 -0.4886 -0.3242
2260.00 -0.4932 -0.4984 -0.5005 -0.5034 -0.5084 -0.3273
2270.00 -0.4407 -0.4476 -0.4601 -0.4638 -0.4509 -0.2877
2280.00 -0.4310 -0.4771 -0.4773 -0.4791 -0.4825 -0.3139
2290.00 -0.4439 -0.5018 -0.5002 -0.4961 -0.4951 -0.3182
2300.00 -0.4381 -0.4863 -0.4682 -0.4787 -0.4822 -0.3098
2310.00 -0.4738 -0.5147 -0.5262 -0.5169 -0.5317 -0.3330
2320.00 -0.4210 -0.4687 -0.4675 -0.4721 -0.4713 -0.3106
2330.00 -0.2611 -0.8093 -0.8053 -0.8035 -0.8057 -0.3152
2340.00 0.0081 -1.8817 -1.8819 -1.8777 -1.8689 -0.2779
2350.00 -0.3852 -0.4494 -0.4402 -0.4478 -0.4410 -0.2879
2360.00 -0.3892 -0.4578 -0.4506 -0.4524 -0.4608 -0.2990
2370.00 -0.4229 -0.4610 -0.4651 -0.4652 -0.4711 -0.3208
2380.00 -0.4117 -0.4938 -0.4961 -0.4920 -0.4885 -0.3119
2390.00 -0.4363 -0.4804 -0.4881 -0.4752 -0.4844 -0.3187
2400.00 -0.4184 -0.4547 -0.4568 -0.4488 -0.4472 -0.3028
2410.00 -0.4702 -0.4798 -0.4911 -0.4850 -0.4911 -0.3152
2420.00 -0.4688 -0.5091 -0.4981 -0.4876 -0.5001 -0.3168
2430.00 -0.4741 -0.4816 -0.4813 -0.4793 -0.4917 -0.3145
2440.00 -0.4874 -0.4886 -0.4961 -0.4691 -0.4904 -0.3167
2450.00 -0.4604 -0.4657 -0.4594 -0.4691 -0.4627 -0.3211
2460.00 -0.4665 -0.4866 -0.4882 -0.4925 -0.4885 -0.3068
2470.00 -0.4815 -0.4793 -0.4858 -0.4956 -0.4794 -0.3356
2480.00 -0.4587 -0.4809 -0.4886 -0.4856 -0.4833 -0.3030
2490.00 -0.4441 -0.4553 -0.4561 -0.4632 -0.4563 -0.2902
2500.00 -0.4585 -0.4611 -0.4645 -0.4628 -0.4618 -0.3045
2510.00 -0.4842 -0.5040 -0.5056 -0.5113 -0.4979 -0.3418
2520.00 -0.4301 -0.5006 -0.4932 -0.4957 -0.5033 -0.3021
2530.00 -0.4223 -0.4749 -0.4777 -0.4719 -0.4725 -0.3152
2540.00 -0.4539 -0.5056 -0.5038 -0.5102 -0.5073 -0.3156
2550.00 -0.4761 -0.4889 -0.4874 -0.4890 -0.4938 -0.3322
2560.00 -0.4109 -0.4496 -0.4643 -0.4532 -0.4639 -0.2843
2570.00 -0.4332 -0.4815 -0.4833 -0.4735 -0.4790 -0.3097
2580.00 -0.4545 -0.4989 -0.4955 -0.4964 -0.4993 -0.3199
2590.00 -0.3942 -0.5089 -0.5108 -0.5102 -0.5109 -0.3002
2600.00 -0.2742 -1.0008 -0.9918 -0.9925 -0.9991 -0.3282
2610.00 -0.2598 -1.1749 -1.1753 -1.1703 -1.1742 -0.2951
2620.00 -0.4027 -0.5580 -0.5653 -0.5596 -0.5551 -0.3036
2630.00 -0.3827 -0.5172 -0.5120 -0.5160 -0.5093 -0.2967
2640.00 -0.4291 -0.5128 -0.5203 -0.5109 -0.5194 -0.3322
2650.00 -0.4041 -0.4671 -0.4660 -0.4623 -0.4620 -0.2984
2660.00 -0.4299 -0.4852 -0.4927 -0.4876 -0.4910 -0.3271
2670.00 -0.4269 -0.4875 -0.4887 -0.4875 -0.4879 -0.3004
2680.00 -0.4394 -0.4736 -0.4707 -0.4787 -0.4793 -0.3123
2690.00 -0.4347 -0.4845 -0.4795 -0.4803 -0.4756 -0.3033
2700.00 -0.4783 -0.4868 -0.4952 -0.4914 -0.4904 -0.3321
2710.00 -0.4295 -0.4745 -0.4620 -0.4693 -0.4687 -0.2836
2720.00 -0.4844 -0.5146 -0.5176 -0.5243 -0.5168 -0.3279
2730.00 -0.4531 -0.4848 -0.4814 -0.4815 -0.4955 -0.3240
2740.00 -0.4254 -0.4654 -0.4486 -0.4521 -0.4656 -0.2910
2750.00 -0.4624 -0.4980 -0.5024 -0.4950 -0.5034 -0.3072
2760.00 -0.4611 -0.4708 -0.4603 -0.4730 -0.4644 -0.3191
2770.00 -0.4733 -0.4856 -0.4860 -0.4880 -0.4870 -0.3070
2780.00 -0.4666 -0.4744 -0.4695 -0.4607 -0.4772 -0.3045
2790.00 -0.4597 -0.4887 -0.4863 -0.4818 -0.4703 -0.3145
2800.00 -0.4486 -0.4748 -0.4703 -0.4672 -0.4670 -0.3054
2810.00 -0.4651 -0.4772 -0.4852 -0.4810 -0.4859 -0.3254
2820.00 -0.4637 -0.4798 -0.4800 -0.4681 -0.4752 -0.3253
2830.00 -0.4731 -0.4959 -0.4857 -0.5001 -0.4958 -0.3184
2840.00 -0.4541 -0.4793 -0.4680 -0.4720 -0.4786 -0.2977
2850.00 -0.4546 -0.4627 -0.4452 -0.4611 -0.4604 -0.3071
2860.00 -0.4840 -0.4946 -0.5043 -0.4990 -0.5131 -0.3220
2870.00 -0.4698 -0.4632 -0.4602 -0.4628 -0.4706 -0.2993
2880.00 -0.4717 -0.4781 -0.4776 -0.4741 -0.4807 -0.3224
2890.00 -0.4529 -0.4702 -0.4615 -0.4632 -0.4627 -0.3037
2900.00 -0.4815 -0.4821 -0.4772 -0.4868 -0.4984 -0.3207
2910.00 -0.4642 -0.4811 -0.4696 -0.4790 -0.4855 -0.3174
2920.00 -0.4403 -0.4861 -0.4899 -0.4797 -0.4812 -0.2983
2930.00 -0.4305 -0.4922 -0.4848 -0.4893 -0.4943 -0.3216
2940.00 -0.4745 -0.5090 -0.5130 -0.5083 -0.5023 -0.3293
2950.00 -0.4108 -0.4619 -0.4710 -0.4840 -0.4758 -0.2990
2960.00 -0.3941 -0.5650 -0.5687 -0.5680 -0.5617 -0.3270
2970.00 0.1399 -2.2854 -2.2686 -2.2667 -2.2613 -0.3195
2980.00 -0.3229 -0.3601 -0.3562 -0.3599 -0.3551 -0.2479
2990.00 -0.4249 -0.4528 -0.4536 -0.4525 -0.4552 -0.3128
3000.00 -0.3982 -0.4429 -0.4494 -0.4519 -0.4475 -0.3020
3010.00 -0.4342 -0.4892 -0.4867 -0.4829 -0.4817 -0.3227
3020.00 -0.4321 -0.4811 -0.4827 -0.4849 -0.4833 -0.3171
3030.00 -0.4326 -0.4947 -0.5025 -0.4900 -0.4995 -0.3145
3040.00 -0.4327 -0.4700 -0.4638 -0.4662 -0.4606 -0.3018
3050.00 -0.4455 -0.4723 -0.4658 -0.4632 -0.4661 -0.2972
3060.00 -0.4604 -0.4738 -0.4710 -0.4710 -0.4781 -0.3204
3070.00 -0.4610 -0.4826 -0.4703 -0.4920 -0.4822 -0.3117
3080.00 -0.4695 -0.4874 -0.4802 -0.4848 -0.4819 -0.3034
3090.00 -0.4579 -0.4718 -0.4801 -0.4819 -0.4774 -0.3082
3100.00 -0.4607 -0.4807 -0.4930 -0.4856 -0.4843 -0.3135
3110.00 -0.4861 -0.4960 -0.4950 -0.4940 -0.4965 -0.3157
3120.00 -0.4372 -0.4586 -0.4633 -0.4660 -0.4683 -0.2986
3130.00 -0.4776 -0.4916 -0.5011 -0.4960 -0.5005 -0.3248
3140.00 -0.4790 -0.4825 -0.4838 -0.4852 -0.4849 -0.3283
3150.00 -0.4466 -0.4810 -0.4676 -0.4766 -0.4783 -0.3139
3160.00 -0.4422 -0.4443 -0.4574 -0.4536 -0.4540 -0.2880
3170.00 -0.4644 -0.4789 -0.4781 -0.4799 -0.4818 -0.3171
3180.00 -0.5035 -0.4985 -0.5144 -0.5096 -0.5096 -0.3433
3190.00 -0.4125 -0.4450 -0.4418 -0.4475 -0.4428 -0.2910
3200.00 -0.4699 -0.4886 -0.4831 -0.4782 -0.4954 -0.3086
3210.00 -0.4727 -0.4942 -0.4848 -0.4937 -0.4961 -0.3181
3220.00 -0.4572 -0.4678 -0.4498 -0.4668 -0.4656 -0.3203
3230.00 -0.4522 -0.4559 -0.4554 -0.4571 -0.4557 -0.3037
3240.00 -0.4573 -0.4979 -0.4896 -0.4867 -0.4843 -0.3011
3250.00 -0.4917 -0.5111 -0.5096 -0.5125 -0.5112 -0.3379
3260.00 -0.4663 -0.4812 -0.4793 -0.4848 -0.4831 -0.3030
3270.00 -0.4441 -0.4806 -0.4698 -0.4742 -0.4614 -0.3171
3280.00 -0.4630 -0.4951 -0.4927 -0.4795 -0.4976 -0.3139
3290.00 -0.4589 -0.4590 -0.4754 -0.4797 -0.4726 -0.3128
3300.00 -0.4551 -0.4617 -0.4651 -0.4634 -0.4616 -0.2994
3310.00 -0.5135 -0.5319 -0.5440 -0.5410 -0.5382 -0.3505
3320.00 -0.4362 -0.4482 -0.4601 -0.4552 -0.4576 -0.2851
3330.00 -0.4610 -0.4686 -0.4709 -0.4721 -0.4684 -0.3137
3340.00 -0.4811 -0.4973 -0.4971 -0.4916 -0.4934 -0.3279
3350.00 -0.4714 -0.4850 -0.4793 -0.4742 -0.4829 -0.3136
3360.00 -0.4854 -0.4782 -0.4771 -0.4706 -0.4753 -0.3105
3370.00 -0.4612 -0.4852 -0.4814 -0.4684 -0.4863 -0.3214
3380.00 -0.4775 -0.5084 -0.4924 -0.5056 -0.4902 -0.3179
3390.00 -0.4676 -0.4684 -0.4841 -0.4779 -0.4732 -0.3187
3400.00 -0.4132 -0.4489 -0.4507 -0.4609 -0.4479 -0.2891
3410.00 -0.4858 -0.5091 -0.5086 -0.5027 -0.4902 -0.3215
3420.00 -0.4731 -0.4871 -0.4851 -0.4924 -0.4871 -0.3190
3430.00 -0.3814 -0.4921 -0.4806 -0.4799 -0.4865 -0.2898
3440.00 0.0376 -1.3008 -1.3072 -1.3031 -1.2968 -0.2974
3450.00 -0.1212 -1.4066 -1.4109 -1.4174 -1.4130 -0.3022
3460.00 -0.4133 -0.4571 -0.4567 -0.4569 -0.4598 -0.3103
3470.00 -0.3976 -0.4628 -0.4551 -0.4592 -0.4646 -0.2940
3480.00 -0.4126 -0.4655 -0.4677 -0.4703 -0.4680 -0.3029
3490.00 -0.4377 -0.5206 -0.5263 -0.5222 -0.5234 -0.3303
3500.00 -0.4254 -0.4679 -0.4641 -0.4659 -0.4705 -0.3173
3510.00 -0.4482 -0.5117 -0.5050 -0.5147 -0.5030 -0.3113
3520.00 -0.4186 -0.4509 -0.4485 -0.4444 -0.4559 -0.2859
3530.00 -0.4833 -0.5217 -0.5206 -0.5218 -0.5200 -0.3405
3540.00 -0.4360 -0.4586 -0.4542 -0.4571 -0.4600 -0.3018
3550.00 -0.4877 -0.5043 -0.5037 -0.4845 -0.5074 -0.3147
3560.00 -0.4371 -0.4535 -0.4491 -0.4445 -0.4543 -0.2983
3570.00 -0.4845 -0.4851 -0.4659 -0.4868 -0.4829 -0.3133
3580.00 -0.4792 -0.4960 -0.4883 -0.4952 -0.4865 -0.3289
3590.00 -0.4717 -0.4732 -0.4804 -0.4726 -0.4777 -0.3083
3600.00 -0.4717 -0.4801 -0.4819 -0.4918 -0.4733 -0.3153
3610.00 -0.4934 -0.4928 -0.5025 -0.4974 -0.4913 -0.3279
3620.00 -0.4672 -0.4743 -0.4693 -0.4683 -0.4655 -0.3002
3630.00 -0.4843 -0.4925 -0.4950 -0.4954 -0.4885 -0.3297
3640.00 -0.4549 -0.4819 -0.4942 -0.4858 -0.4843 -0.3147
3650.00 -0.4448 -0.4755 -0.4767 -0.4784 -0.4772 -0.2987
3660.00 -0.4518 -0.4767 -0.4851 -0.4821 -0.4744 -0.3174
3670.00 -0.4676 -0.4937 -0.4917 -0.4979 -0.4899 -0.3282
3680.00 -0.4390 -0.4734 -0.4786 -0.4702 -0.4759 -0.3113
3690.00 -0.4479 -0.5000 -0.5128 -0.5117 -0.5175 -0.3192
3700.00 -0.3835 -0.5144 -0.5169 -0.5176 -0.5157 -0.3025
3710.00 -0.3368 -0.6097 -0.6049 -0.6066 -0.6077 -0.3148
3720.00 -0.1174 -1.8826 -1.8858 -1.8730 -1.8842 -0.3202
3730.00 -0.3748 -0.4929 -0.4960 -0.4909 -0.4937 -0.2838
3740.00 -0.3875 -0.4528 -0.4478 -0.4459 -0.4513 -0.2929
3750.00 -0.4343 -0.5283 -0.5387 -0.5323 -0.5256 -0.3199
3760.00 -0.4069 -0.4474 -0.4536 -0.4512 -0.4514 -0.3064
3770.00 -0.4320 -0.4878 -0.4865 -0.4850 -0.5007 -0.3046
3780.00 -0.4301 -0.4596 -0.4535 -0.4612 -0.4640 -0.3093
3790.00 -0.4551 -0.4766 -0.4744 -0.4718 -0.4710 -0.3233
3800.00 -0.4759 -0.4922 -0.4927 -0.4940 -0.4978 -0.3114
3810.00 -0.4497 -0.4651 -0.4605 -0.4649 -0.4625 -0.3083
3820.00 -0.4628 -0.4744 -0.4766 -0.4836 -0.4788 -0.3092
3830.00 -0.4649 -0.4846 -0.4763 -0.4798 -0.4742 -0.3106
3840.00 -0.4844 -0.4881 -0.4900 -0.4815 -0.4747 -0.3387
3850.00 -0.5002 -0.4933 -0.4971 -0.4964 -0.5031 -0.3069
3860.00 -0.4459 -0.4568 -0.4575 -0.4439 -0.4518 -0.3005
3870.00 -0.5037 -0.4944 -0.5071 -0.4955 -0.4998 -0.3195
3880.00 -0.4528 -0.4537 -0.4457 -0.4379 -0.4514 -0.3001
3890.00 -0.4747 -0.4829 -0.4859 -0.4790 -0.4839 -0.3232
3900.00 -0.4667 -0.4808 -0.4726 -0.4737 -0.4783 -0.3101
3910.00 -0.4800 -0.4907 -0.4993 -0.4964 -0.4801 -0.3270
3920.00 -0.4664 -0.4800 -0.4664 -0.4688 -0.4649 -0.3024
3930.00 -0.4676 -0.4734 -0.4764 -0.4665 -0.4777 -0.3067
3940.00 -0.4901 -0.4986 -0.4942 -0.4971 -0.4957 -0.3304
3950.00 -0.4218 -0.4275 -0.4293 -0.4328 -0.4337 -0.2760
3960.00 -0.4869 -0.5153 -0.5102 -0.5138 -0.5124 -0.3221
3970.00 -0.4702 -0.4799 -0.4711 -0.4741 -0.4653 -0.3157
3980.00 -0.4550 -0.4514 -0.4677 -0.4632 -0.4624 -0.2997
3990.00 -0.4761 -0.4837 -0.4812 -0.4823 -0.4866 -0.3180
4000.00 -0.4388 -0.4690 -0.4766 -0.4792 -0.4701 -0.3094
