10.00 -0.5048 -0.5123 -0.5017 -0.5010 -0.4978 -0.3099
20.00 -0.4902 -0.4837 -0.5000 -0.4909 -0.4915 -0.3130
30.00 -0.4872 -0.4790 -0.4879 -0.4927 -0.4956 -0.3276
40.00 -0.4914 -0.4786 -0.4976 -0.4911 -0.4971 -0.3172
50.00 -0.4979 -0.4716 -0.4756 -0.4924 -0.4951 -0.3218
60.00 -0.4941 -0.4966 -0.5066 -0.5059 -0.4881 -0.3228
70.00 -0.4887 -0.4880 -0.4934 -0.4887 -0.4788 -0.3049
80.00 -0.4983 -0.5026 -0.5048 -0.4904 -0.5109 -0.3221
90.00 -0.4905 -0.4781 -0.4820 -0.4888 -0.4738 -0.3067
100.00 -0.5082 -0.4986 -0.5102 -0.5096 -0.5042 -0.3233
110.00 -0.4470 -0.4500 -0.4604 -0.4622 -0.4569 -0.2927
120.00 -0.5195 -0.5061 -0.5153 -0.5029 -0.5189 -0.3323
130.00 -0.5136 -0.5200 -0.5274 -0.5091 -0.5138 -0.3158
140.00 -0.5146 -0.5010 -0.5188 -0.5098 -0.5122 -0.3266
150.00 -0.4757 -0.4739 -0.4802 -0.4812 -0.4709 -0.3075
160.00 -0.4747 -0.4574 -0.4780 -0.4679 -0.4620 -0.3083
170.00 -0.5116 -0.4960 -0.5096 -0.4962 -0.5168 -0.3382
180.00 -0.4793 -0.4834 -0.4839 -0.4860 -0.4786 -0.3008
190.00 -0.4748 -0.4834 -0.4746 -0.4784 -0.4866 -0.3152
200.00 -0.4825 -0.4803 -0.4966 -0.4881 -0.4704 -0.3302
210.00 -0.4746 -0.4681 -0.4824 -0.4760 -0.4626 -0.3151
220.00 -0.5234 -0.5316 -0.5258 -0.5327 -0.5246 -0.3342
230.00 -0.4927 -0.4730 -0.4927 -0.4838 -0.4874 -0.3094
240.00 -0.4967 -0.4703 -0.4859 -0.4813 -0.4877 -0.3152
250.00 -0.5128 -0.5117 -0.5095 -0.5192 -0.5153 -0.3251
260.00 -0.4942 -0.4954 -0.4942 -0.4921 -0.4962 -0.3192
270.00 -0.5053 -0.5036 -0.4988 -0.4979 -0.5016 -0.3106
280.00 -0.4832 -0.4522 -0.4792 -0.4739 -0.4775 -0.3067
290.00 -0.4965 -0.4612 -0.4951 -0.4886 -0.4743 -0.3208
300.00 -0.4839 -0.4790 -0.4713 -0.4726 -0.4842 -0.3058
310.00 -0.5173 -0.5107 -0.5256 -0.5082 -0.5249 -0.3395
320.00 -0.4927 -0.4979 -0.4828 -0.5010 -0.4883 -0.3223
330.00 -0.4593 -0.4696 -0.4638 -0.4716 -0.4685 -0.3086
340.00 -0.5377 -0.5210 -0.5133 -0.5276 -0.5307 -0.3349
350.00 -0.4580 -0.4600 -0.4643 -0.4741 -0.4664 -0.2970
360.00 -0.4747 -0.4473 -0.4657 -0.4726 -0.4702 -0.3091
370.00 -0.5174 -0.5253 -0.5196 -0.5292 -0.5376 -0.3199
380.00 -0.5030 -0.4874 -0.5043 -0.5062 -0.5050 -0.3252
390.00 -0.4801 -0.4726 -0.4845 -0.4865 -0.4734 -0.3207
400.00 -0.4976 -0.4996 -0.4940 -0.5036 -0.4942 -0.3136
410.00 -0.4722 -0.4673 -0.4726 -0.4688 -0.4653 -0.3144
420.00 -0.4878 -0.4833 -0.4898 -0.4750 -0.4736 -0.3104
430.00 -0.5193 -0.5167 -0.5175 -0.5261 -0.4990 -0.3349
440.00 -0.4872 -0.4746 -0.4724 -0.4769 -0.4803 -0.3046
450.00 -0.4747 -0.4870 -0.4757 -0.4757 -0.4664 -0.3224
460.00 -0.5079 -0.5154 -0.5015 -0.5062 -0.5111 -0.3156
470.00 -0.4640 -0.4580 -0.4733 -0.4792 -0.4678 -0.3209
480.00 -0.5163 -0.5128 -0.5063 -0.5200 -0.5166 -0.3292
490.00 -0.5233 -0.5120 -0.5079 -0.5193 -0.5207 -0.3215
500.00 -0.4846 -0.4699 -0.4871 -0.4782 -0.4745 -0.3150
510.00 -0.4692 -0.4706 -0.4728 -0.4800 -0.4723 -0.3153
520.00 -0.4893 -0.5030 -0.4998 -0.4828 -0.4921 -0.3208
530.00 -0.4993 -0.4896 -0.4942 -0.4980 -0.4961 -0.3220
540.00 -0.4606 -0.4614 -0.4651 -0.4440 -0.4555 -0.3075
550.00 -0.5045 -0.4903 -0.4984 -0.5018 -0.4979 -0.3151
560.00 -0.5228 -0.5102 -0.5212 -0.4847 -0.5180 -0.3230
570.00 -0.5090 -0.5017 -0.4934 -0.4769 -0.4995 -0.3196
580.00 -0.4702 -0.4821 -0.4765 -0.4751 -0.4832 -0.3235
590.00 -0.5011 -0.5092 -0.5050 -0.4899 -0.5022 -0.3228
600.00 -0.4677 -0.4577 -0.4718 -0.4644 -0.4650 -0.2991
610.00 -0.5229 -0.5299 -0.5174 -0.5324 -0.5123 -0.3450
620.00 -0.4720 -0.4770 -0.4803 -0.4708 -0.4652 -0.3093
630.00 -0.5212 -0.5279 -0.5334 -0.5403 -0.5437 -0.3252
640.00 -0.4942 -0.4941 -0.4910 -0.4991 -0.4932 -0.3038
650.00 -0.4861 -0.4883 -0.4770 -0.4922 -0.4947 -0.3305
660.00 -0.5063 -0.5146 -0.5015 -0.5112 -0.5093 -0.3130
670.00 -0.4645 -0.4651 -0.4586 -0.4615 -0.4607 -0.2984
680.00 -0.4749 -0.4919 -0.4853 -0.4901 -0.4930 -0.3102
690.00 -0.4995 -0.5060 -0.4918 -0.5047 -0.5028 -0.3302
700.00 -0.5102 -0.5151 -0.4951 -0.5131 -0.4981 -0.3247
710.00 -0.4792 -0.4813 -0.4757 -0.4858 -0.4807 -0.3204
720.00 -0.4601 -0.4669 -0.4642 -0.4642 -0.4708 -0.3156
730.00 -0.5071 -0.4854 -0.4911 -0.5019 -0.5090 -0.3106
740.00 -0.5015 -0.5071 -0.5055 -0.5024 -0.4974 -0.3285
750.00 -0.4780 -0.4792 -0.4863 -0.4822 -0.4881 -0.3033
760.00 -0.4940 -0.4951 -0.4940 -0.4996 -0.5026 -0.3218
770.00 -0.4743 -0.4797 -0.4760 -0.4778 -0.4919 -0.3075
780.00 -0.5082 -0.4925 -0.5073 -0.4997 -0.5010 -0.3328
790.00 -0.5152 -0.4962 -0.5100 -0.5207 -0.5278 -0.3210
800.00 -0.4408 -0.4418 -0.4476 -0.4375 -0.4398 -0.3015
810.00 -0.5140 -0.5215 -0.5172 -0.5100 -0.5154 -0.3280
820.00 -0.4816 -0.4797 -0.4897 -0.4846 -0.4784 -0.3123
830.00 -0.5016 -0.5013 -0.5109 -0.5176 -0.5064 -0.3190
840.00 -0.5019 -0.4979 -0.4869 -0.4838 -0.4889 -0.3220
850.00 -0.5168 -0.5079 -0.5106 -0.5135 -0.4919 -0.3338
860.00 -0.4891 -0.4737 -0.4725 -0.4840 -0.4784 -0.3076
870.00 -0.4880 -0.4912 -0.4935 -0.4914 -0.4787 -0.3209
880.00 -0.5137 -0.5080 -0.5217 -0.5179 -0.5065 -0.3251
890.00 -0.4933 -0.4679 -0.4857 -0.4847 -0.4832 -0.3075
900.00 -0.4573 -0.4543 -0.4579 -0.4564 -0.4571 -0.2979
910.00 -0.5133 -0.5098 -0.5136 -0.5168 -0.5164 -0.3418
920.00 -0.4769 -0.4789 -0.4720 -0.4692 -0.4774 -0.3066
930.00 -0.5191 -0.5044 -0.5229 -0.5411 -0.5361 -0.3341
940.00 -0.4964 -0.5050 -0.5003 -0.5038 -0.5074 -0.3175
950.00 -0.4906 -0.4872 -0.4834 -0.4873 -0.4727 -0.3169
960.00 -0.4680 -0.4767 -0.4798 -0.4753 -0.4798 -0.3088
970.00 -0.4986 -0.4925 -0.4872 -0.4979 -0.4980 -0.3194
980.00 -0.4834 -0.4818 -0.4855 -0.4931 -0.4848 -0.3147
990.00 -0.4892 -0.4828 -0.4927 -0.4933 -0.5008 -0.3213
1000.00 -0.4997 -0.5150 -0.5133 -0.5103 -0.5016 -0.3185
1010.00 -0.5823 -0.8396 -0.8357 -0.8403 -0.8378 -0.3537
1020.00 -0.6347 -1.1160 -1.0983 -1.1018 -1.1132 -0.3404
1030.00 -0.5917 -0.9984 -0.9973 -1.0050 -1.0070 -0.2980
1040.00 -0.6192 -1.0483 -1.0481 -1.0425 -1.0623 -0.3329
1050.00 -0.4818 -0.7791 -0.7717 -0.7723 -0.7679 -0.2956
1060.00 -0.4592 -0.5970 -0.5938 -0.5947 -0.5942 -0.3254
1070.00 -0.4287 -0.5257 -0.5184 -0.5164 -0.5148 -0.3185
1080.00 -0.4386 -0.4950 -0.5037 -0.4991 -0.4986 -0.3191
1090.00 -0.4218 -0.5317 -0.5323 -0.5336 -0.5398 -0.3104
1100.00 -0.4551 -0.5022 -0.5095 -0.5068 -0.5113 -0.3304
1110.00 -0.4469 -0.5412 -0.5314 -0.5302 -0.5269 -0.3211
1120.00 -0.4397 -0.4897 -0.4830 -0.4804 -0.4912 -0.3143
1130.00 -0.4702 -0.5071 -0.5042 -0.5099 -0.5103 -0.3155
1140.00 -0.4698 -0.4925 -0.4819 -0.4769 -0.4908 -0.3125
1150.00 -0.4890 -0.4920 -0.4924 -0.4992 -0.5034 -0.3262
1160.00 -0.4826 -0.5020 -0.4988 -0.4891 -0.5017 -0.3195
1170.00 -0.4775 -0.4932 -0.4898 -0.4974 -0.4992 -0.3178
1180.00 -0.4969 -0.5001 -0.5101 -0.4958 -0.4873 -0.3160
1190.00 -0.4592 -0.4555 -0.4621 -0.4697 -0.4543 -0.2935
1200.00 -0.4886 -0.5008 -0.5029 -0.5029 -0.4987 -0.3214
1210.00 -0.5109 -0.5032 -0.4691 -0.5069 -0.4918 -0.3129
1220.00 -0.4816 -0.4743 -0.4634 -0.4833 -0.4693 -0.3309
1230.00 -0.5228 -0.5185 -0.5009 -0.5232 -0.5288 -0.3238
1240.00 -0.4606 -0.4572 -0.4476 -0.4491 -0.4650 -0.3098
1250.00 -0.5018 -0.5080 -0.4819 -0.5029 -0.5083 -0.3115
1260.00 -0.5075 -0.5110 -0.4910 -0.5047 -0.5097 -0.3097
1270.00 -0.5061 -0.5166 -0.5072 -0.5027 -0.5042 -0.3218
1280.00 -0.4718 -0.4692 -0.4790 -0.4644 -0.4594 -0.3020
1290.00 -0.4717 -0.4681 -0.4710 -0.4867 -0.4762 -0.3240
1300.00 -0.5059 -0.5200 -0.5222 -0.5212 -0.5109 -0.3203
1310.00 -0.4607 -0.4589 -0.4640 -0.4776 -0.4746 -0.3020
1320.00 -0.4944 -0.4945 -0.5042 -0.5081 -0.5080 -0.3184
1330.00 -0.4907 -0.5021 -0.4963 -0.5137 -0.4999 -0.3228
1340.00 -0.4548 -0.4817 -0.4728 -0.4720 -0.4664 -0.3165
1350.00 -0.4744 -0.4919 -0.4906 -0.4897 -0.4859 -0.3133
1360.00 -0.4867 -0.5222 -0.5207 -0.5171 -0.5194 -0.3093
1370.00 -0.4736 -0.4905 -0.4785 -0.4928 -0.4869 -0.3317
1380.00 -0.4845 -0.5147 -0.4954 -0.5015 -0.4857 -0.3127
1390.00 -0.4747 -0.4901 -0.4813 -0.4898 -0.4793 -0.3245
1400.00 -0.4748 -0.4756 -0.4841 -0.4809 -0.4628 -0.3114
1410.00 -0.5159 -0.5102 -0.5120 -0.5146 -0.5123 -0.3087
1420.00 -0.5097 -0.5076 -0.5055 -0.5026 -0.5037 -0.3234
1430.00 -0.4498 -0.4676 -0.4710 -0.4671 -0.4527 -0.3137
1440.00 -0.4635 -0.4865 -0.4983 -0.5066 -0.4948 -0.3119
1450.00 -0.4926 -0.5161 -0.5128 -0.5190 -0.5122 -0.3274
1460.00 -0.4332 -0.4787 -0.4927 -0.4932 -0.4853 -0.3090
1470.00 -0.4755 -0.5139 -0.5208 -0.5073 -0.5204 -0.3259
1480.00 -0.4590 -0.4921 -0.4940 -0.4881 -0.4876 -0.3253
1490.00 -0.4800 -0.5144 -0.5227 -0.5156 -0.5145 -0.3245
1500.00 -0.4619 -0.4938 -0.4817 -0.4899 -0.4943 -0.3088
1510.00 -0.4773 -0.4795 -0.4680 -0.4823 -0.4763 -0.3035
1520.00 -0.4703 -0.4873 -0.4639 -0.4837 -0.4795 -0.3092
1530.00 -0.4977 -0.5129 -0.4858 -0.5086 -0.5056 -0.3235
1540.00 -0.4854 -0.4836 -0.4939 -0.4917 -0.4864 -0.3324
1550.00 -0.4843 -0.4901 -0.4887 -0.4879 -0.4902 -0.3040
1560.00 -0.4869 -0.4784 -0.4826 -0.4876 -0.4790 -0.3282
1570.00 -0.4716 -0.4634 -0.4676 -0.4650 -0.4707 -0.3055
1580.00 -0.4718 -0.4926 -0.4972 -0.4890 -0.4972 -0.3231
1590.00 -0.4925 -0.5053 -0.5037 -0.4957 -0.5058 -0.3149
1600.00 -0.4984 -0.5097 -0.5076 -0.4993 -0.5109 -0.3146
1610.00 -0.5005 -0.5029 -0.5041 -0.5025 -0.4960 -0.3205
1620.00 -0.4539 -0.4426 -0.4625 -0.4542 -0.4583 -0.2934
1630.00 -0.5170 -0.5367 -0.5301 -0.5406 -0.5351 -0.3390
1640.00 -0.4390 -0.4820 -0.4917 -0.4802 -0.4797 -0.3007
1650.00 -0.4482 -0.4665 -0.4746 -0.4771 -0.4735 -0.3100
1660.00 -0.4830 -0.4894 -0.4978 -0.5030 -0.4894 -0.3108
1670.00 -0.5064 -0.5135 -0.5213 -0.5236 -0.5138 -0.3457
1680.00 -0.4903 -0.4923 -0.5023 -0.5051 -0.4768 -0.3105
1690.00 -0.4672 -0.4788 -0.4848 -0.4869 -0.4703 -0.3094
1700.00 -0.4979 -0.5024 -0.5055 -0.4946 -0.4919 -0.3278
1710.00 -0.4618 -0.5058 -0.5064 -0.4951 -0.4993 -0.3178
1720.00 -0.4764 -0.4945 -0.4915 -0.4986 -0.4863 -0.3151
1730.00 -0.4899 -0.4919 -0.4892 -0.4876 -0.4924 -0.3341
1740.00 -0.4682 -0.4858 -0.4946 -0.4867 -0.4911 -0.3142
1750.00 -0.4560 -0.4842 -0.4896 -0.4857 -0.4958 -0.3015
1760.00 -0.4907 -0.5176 -0.5319 -0.5282 -0.5232 -0.3279
1770.00 -0.4557 -0.4773 -0.4827 -0.4915 -0.4809 -0.3130
1780.00 -0.5153 -0.5205 -0.5153 -0.5152 -0.5068 -0.3332
1790.00 -0.4655 -0.4826 -0.4893 -0.4750 -0.4918 -0.3163
1800.00 -0.4592 -0.4613 -0.4708 -0.4514 -0.4590 -0.2937
1810.00 -0.5380 -0.5262 -0.5519 -0.5408 -0.5533 -0.3272
1820.00 -0.4262 -0.4618 -0.4542 -0.4587 -0.4518 -0.3069
1830.00 -0.4791 -0.5160 -0.5216 -0.5235 -0.5234 -0.3165
1840.00 -0.4746 -0.5064 -0.5055 -0.5069 -0.5169 -0.3230
1850.00 -0.4678 -0.4895 -0.5031 -0.4937 -0.4875 -0.3161
1860.00 -0.4583 -0.5057 -0.5014 -0.4980 -0.4874 -0.3135
1870.00 -0.4782 -0.5159 -0.5245 -0.5145 -0.5051 -0.3311
1880.00 -0.4675 -0.4790 -0.4940 -0.4824 -0.4869 -0.3157
1890.00 -0.4559 -0.5147 -0.5160 -0.5289 -0.5230 -0.3136
1900.00 -0.4228 -0.5180 -0.5329 -0.5256 -0.5281 -0.3153
1910.00 -0.4453 -0.5721 -0.5741 -0.5706 -0.5724 -0.3331
1920.00 -0.4257 -0.5769 -0.5684 -0.5723 -0.5742 -0.3285
1930.00 -0.4184 -0.5781 -0.5779 -0.5759 -0.5782 -0.3033
1940.00 -0.4319 -0.6997 -0.7032 -0.6945 -0.6936 -0.3254
1950.00 -0.4391 -0.6243 -0.6263 -0.6277 -0.6214 -0.3227
1960.00 -0.4095 -0.5612 -0.5685 -0.5659 -0.5655 -0.3122
1970.00 -0.4359 -0.5942 -0.5936 -0.5896 -0.6001 -0.3232
1980.00 -0.4273 -0.6039 -0.6019 -0.6018 -0.6029 -0.3299
1990.00 -0.4257 -0.6010 -0.5930 -0.6014 -0.5956 -0.3164
2000.00 -0.4164 -0.5608 -0.5625 -0.5566 -0.5611 -0.3114
2010.00 -0.4433 -0.5581 -0.5613 -0.5576 -0.5590 -0.3343
2020.00 -0.4225 -0.5003 -0.5032 -0.5067 -0.5040 -0.3108
2030.00 -0.4303 -0.5971 -0.5983 -0.5950 -0.6019 -0.3222
2040.00 -0.4325 -0.5660 -0.5660 -0.5658 -0.5653 -0.3257
2050.00 -0.4477 -0.6055 -0.6101 -0.6080 -0.6131 -0.3443
2060.00 -0.3871 -0.5314 -0.5360 -0.5377 -0.5380 -0.2889
2070.00 -0.4330 -0.6429 -0.6365 -0.6381 -0.6352 -0.3242
2080.00 -0.4254 -0.5571 -0.5507 -0.5587 -0.5530 -0.3255
2090.00 -0.4438 -0.6065 -0.6045 -0.6137 -0.6077 -0.3298
2100.00 -0.4073 -0.6049 -0.6027 -0.6026 -0.6015 -0.3003
2110.00 -0.4377 -0.6257 -0.6339 -0.6293 -0.6311 -0.3333
2120.00 -0.4060 -0.5308 -0.5359 -0.5312 -0.5340 -0.3136
2130.00 -0.4336 -0.7112 -0.7136 -0.7034 -0.7114 -0.3233
2140.00 -0.4404 -0.5704 -0.5725 -0.5768 -0.5723 -0.3334
2150.00 -0.4016 -0.5693 -0.5689 -0.5705 -0.5726 -0.3122
2160.00 -0.4484 -0.6238 -0.6242 -0.6181 -0.6207 -0.3326
2170.00 -0.4249 -0.6783 -0.6822 -0.6796 -0.6764 -0.3145
2180.00 -0.4386 -0.6157 -0.6162 -0.6136 -0.6096 -0.3257
2190.00 -0.4295 -0.5383 -0.5453 -0.5397 -0.5431 -0.3251
2200.00 -0.4434 -0.6764 -0.6816 -0.6809 -0.6774 -0.3262
2210.00 -0.4003 -0.5371 -0.5404 -0.5358 -0.5302 -0.3037
2220.00 -0.4214 -0.5310 -0.5289 -0.5383 -0.5301 -0.3295
2230.00 -0.4460 -0.7281 -0.7211 -0.7262 -0.7253 -0.3354
2240.00 -0.4028 -0.5260 -0.5316 -0.5349 -0.5269 -0.3007
2250.00 -0.4344 -0.6217 -0.6216 -0.6222 -0.6152 -0.3378
2260.00 -0.4388 -0.6079 -0.5987 -0.5973 -0.6013 -0.3310
2270.00 -0.4290 -0.6934 -0.6942 -0.6897 -0.7012 -0.3239
2280.00 -0.3973 -0.5684 -0.5726 -0.5702 -0.5731 -0.3017
2290.00 -0.4321 -0.5565 -0.5566 -0.5474 -0.5541 -0.3307
2300.00 -0.4259 -0.7001 -0.7043 -0.7020 -0.6958 -0.3269
2310.00 -0.4177 -0.6988 -0.6952 -0.7007 -0.7012 -0.3123
2320.00 -0.4188 -0.5833 -0.5852 -0.5847 -0.5857 -0.3229
2330.00 -0.4294 -0.6702 -0.6625 -0.6688 -0.6645 -0.3300
2340.00 -0.4392 -0.7216 -0.7234 -0.7236 -0.7156 -0.3357
2350.00 -0.4340 -0.6115 -0.6082 -0.6019 -0.6073 -0.3241
2360.00 -0.4055 -0.6844 -0.6856 -0.6800 -0.6744 -0.3144
2370.00 -0.4169 -0.6454 -0.6455 -0.6455 -0.6415 -0.3172
2380.00 -0.4452 -0.7887 -0.7922 -0.7965 -0.7888 -0.3321
2390.00 -0.4040 -0.6208 -0.6230 -0.6202 -0.6236 -0.3138
2400.00 -0.3959 -0.5473 -0.5395 -0.5479 -0.5435 -0.3078
2410.00 -0.4465 -0.5760 -0.5699 -0.5719 -0.5711 -0.3323
2420.00 -0.3978 -0.5302 -0.5232 -0.5366 -0.5296 -0.3141
2430.00 -0.4692 -0.7027 -0.7126 -0.7000 -0.6986 -0.3442
2440.00 -0.4107 -0.5812 -0.5744 -0.5853 -0.5739 -0.3055
2450.00 -0.4235 -0.6511 -0.6526 -0.6386 -0.6488 -0.3274
2460.00 -0.4204 -0.6587 -0.6596 -0.6547 -0.6542 -0.3197
2470.00 -0.3956 -0.6388 -0.6488 -0.6405 -0.6390 -0.3025
2480.00 -0.4385 -0.5214 -0.5227 -0.5295 -0.5249 -0.3284
2490.00 -0.4290 -0.6711 -0.6701 -0.6769 -0.6674 -0.3190
2500.00 -0.4264 -0.8417 -0.8364 -0.8346 -0.8315 -0.3342
2510.00 -0.4110 -0.5395 -0.5415 -0.5401 -0.5415 -0.3174
2520.00 -0.4303 -0.7255 -0.7202 -0.7254 -0.7241 -0.3192
2530.00 -0.4041 -0.5703 -0.5729 -0.5710 -0.5729 -0.3139
2540.00 -0.4384 -0.8430 -0.8454 -0.8438 -0.8441 -0.3309
2550.00 -0.4253 -0.6537 -0.6612 -0.6568 -0.6534 -0.3167
2560.00 -0.4091 -0.5346 -0.5283 -0.5351 -0.5381 -0.3172
2570.00 -0.4367 -0.6816 -0.6874 -0.6817 -0.6846 -0.3381
2580.00 -0.3997 -0.5865 -0.5816 -0.5906 -0.5862 -0.3000
2590.00 -0.4150 -0.6426 -0.6314 -0.6382 -0.6452 -0.3289
2600.00 -0.4589 -0.7614 -0.7513 -0.7549 -0.7659 -0.3439
2610.00 -0.3718 -0.4558 -0.4533 -0.4559 -0.4527 -0.2880
2620.00 -0.4454 -0.5814 -0.5834 -0.5757 -0.5845 -0.3359
2630.00 -0.4286 -0.7391 -0.7454 -0.7438 -0.7359 -0.3281
2640.00 -0.4239 -0.7705 -0.7648 -0.7563 -0.7546 -0.3264
2650.00 -0.4055 -0.5929 -0.6002 -0.5956 -0.6052 -0.3177
2660.00 -0.4235 -0.7559 -0.7602 -0.7575 -0.7583 -0.3222
2670.00 -0.4210 -0.6092 -0.6068 -0.6034 -0.6006 -0.3148
2680.00 -0.4252 -0.6300 -0.6236 -0.6314 -0.6271 -0.3227
2690.00 -0.4338 -0.6634 -0.6639 -0.6620 -0.6672 -0.3336
2700.00 -0.4327 -0.7616 -0.7527 -0.7600 -0.7617 -0.3280
2710.00 -0.4051 -0.5881 -0.5944 -0.5937 -0.5974 -0.3118
2720.00 -0.4142 -0.6946 -0.6904 -0.6907 -0.6904 -0.3185
2730.00 -0.4368 -0.6134 -0.6186 -0.6185 -0.6190 -0.3246
2740.00 -0.4274 -0.5203 -0.5144 -0.5216 -0.5209 -0.3242
2750.00 -0.4197 -0.7250 -0.7262 -0.7222 -0.7244 -0.3215
2760.00 -0.4260 -0.7154 -0.7181 -0.7240 -0.7118 -0.3100
2770.00 -0.4409 -0.6520 -0.6430 -0.6457 -0.6433 -0.3329
2780.00 -0.4026 -0.5574 -0.5670 -0.5623 -0.5545 -0.3019
2790.00 -0.4203 -0.6155 -0.6176 -0.6170 -0.6159 -0.3365
2800.00 -0.4362 -0.7450 -0.7362 -0.7358 -0.7490 -0.3323
2810.00 -0.3889 -0.9132 -0.9227 -0.9122 -0.9101 -0.3163
2820.00 -0.4186 -0.7634 -0.7626 -0.7543 -0.7625 -0.3232
2830.00 -0.4254 -0.5970 -0.6001 -0.5993 -0.6071 -0.3131
2840.00 -0.4374 -0.6147 -0.6148 -0.6069 -0.6140 -0.3246
2850.00 -0.3962 -0.5526 -0.5641 -0.5605 -0.5616 -0.2983
2860.00 -0.4666 -0.6973 -0.6898 -0.6924 -0.6948 -0.3418
2870.00 -0.4086 -0.6270 -0.6184 -0.6242 -0.6252 -0.3091
2880.00 -0.4181 -0.6378 -0.6491 -0.6405 -0.6410 -0.3136
2890.00 -0.4419 -0.6689 -0.6624 -0.6734 -0.6673 -0.3295
2900.00 -0.4191 -0.6069 -0.5998 -0.6061 -0.6086 -0.3231
2910.00 -0.3969 -0.7234 -0.7323 -0.7326 -0.7351 -0.3163
2920.00 -0.4364 -0.6205 -0.6243 -0.6209 -0.6214 -0.3268
2930.00 -0.4269 -0.6838 -0.6789 -0.6756 -0.6747 -0.3317
2940.00 -0.4193 -0.8463 -0.8479 -0.8490 -0.8366 -0.3299
2950.00 -0.4103 -0.5835 -0.5836 -0.5739 -0.5869 -0.3017
2960.00 -0.4429 -0.6857 -0.6940 -0.6927 -0.6878 -0.3320
2970.00 -0.4096 -0.6161 -0.6232 -0.6147 -0.6266 -0.3206
2980.00 -0.4320 -0.7376 -0.7294 -0.7293 -0.7296 -0.3371
2990.00 -0.4211 -0.6220 -0.6269 -0.6287 -0.6275 -0.3203
3000.00 -0.4066 -0.6474 -0.6591 -0.6477 -0.6517 -0.3005
3010.00 -0.4178 -0.5318 -0.5221 -0.5217 -0.5285 -0.3164
3020.00 -0.4536 -0.7394 -0.7290 -0.7386 -0.7392 -0.3464
3030.00 -0.4062 -0.5558 -0.5549 -0.5520 -0.5524 -0.3026
3040.00 -0.4299 -0.7609 -0.7701 -0.7682 -0.7651 -0.3263
3050.00 -0.4229 -0.7814 -0.7876 -0.7741 -0.7748 -0.3270
3060.00 -0.3875 -0.5987 -0.5933 -0.5888 -0.5943 -0.2956
3070.00 -0.4561 -0.6817 -0.6879 -0.6834 -0.6789 -0.3361
3080.00 -0.4296 -0.6400 -0.6483 -0.6466 -0.6492 -0.3340
3090.00 -0.4115 -0.6634 -0.6596 -0.6618 -0.6594 -0.3195
3100.00 -0.4105 -0.7587 -0.7546 -0.7640 -0.7561 -0.3192
3110.00 -0.4214 -0.6667 -0.6672 -0.6687 -0.6676 -0.3184
3120.00 -0.4217 -0.6425 -0.6405 -0.6354 -0.6363 -0.3277
3130.00 -0.4218 -0.6788 -0.6777 -0.6880 -0.6828 -0.3328
3140.00 -0.4230 -0.6672 -0.6647 -0.6628 -0.6772 -0.3212
3150.00 -0.4162 -0.7611 -0.7685 -0.7662 -0.7605 -0.3150
3160.00 -0.4370 -0.6714 -0.6651 -0.6685 -0.6675 -0.3211
3170.00 -0.4442 -0.6532 -0.6487 -0.6515 -0.6468 -0.3359
3180.00 -0.4083 -0.8408 -0.8360 -0.8440 -0.8430 -0.3134
3190.00 -0.3864 -0.5501 -0.5464 -0.5428 -0.5509 -0.2866
3200.00 -0.4593 -0.6126 -0.6033 -0.6078 -0.6006 -0.3367
3210.00 -0.3943 -0.5196 -0.5224 -0.5241 -0.5191 -0.3020
3220.00 -0.4147 -0.6652 -0.6670 -0.6713 -0.6755 -0.3282
3230.00 -0.4567 -0.7543 -0.7533 -0.7645 -0.7479 -0.3431
3240.00 -0.4295 -0.6487 -0.6480 -0.6549 -0.6501 -0.3203
3250.00 -0.4319 -0.7280 -0.7346 -0.7312 -0.7320 -0.3262
3260.00 -0.3917 -0.6319 -0.6345 -0.6251 -0.6217 -0.2993
3270.00 -0.4263 -0.6035 -0.6032 -0.6105 -0.6012 -0.3304
3280.00 -0.4354 -0.8016 -0.7983 -0.7974 -0.7915 -0.3413
3290.00 -0.4035 -0.8047 -0.8009 -0.8084 -0.8110 -0.3131
3300.00 -0.3857 -0.7187 -0.7080 -0.7167 -0.7111 -0.3107
3310.00 -0.4693 -0.7364 -0.7393 -0.7319 -0.7383 -0.3422
3320.00 -0.4422 -0.6218 -0.6220 -0.6235 -0.6223 -0.3295
3330.00 -0.4050 -0.4883 -0.4868 -0.4886 -0.4906 -0.2994
3340.00 -0.4471 -0.6651 -0.6635 -0.6706 -0.6648 -0.3484
3350.00 -0.3838 -0.7227 -0.7189 -0.7268 -0.7332 -0.2992
3360.00 -0.4218 -0.6285 -0.6302 -0.6258 -0.6280 -0.3273
3370.00 -0.4136 -0.7355 -0.7322 -0.7344 -0.7341 -0.3107
3380.00 -0.4432 -0.7239 -0.7243 -0.7228 -0.7167 -0.3454
3390.00 -0.4320 -0.6310 -0.6347 -0.6319 -0.6242 -0.3257
3400.00 -0.4020 -0.7045 -0.7008 -0.7010 -0.7047 -0.3057
3410.00 -0.4299 -0.6348 -0.6374 -0.6279 -0.6337 -0.3163
3420.00 -0.4258 -0.8303 -0.8319 -0.8355 -0.8364 -0.3482
3430.00 -0.4269 -0.7084 -0.7100 -0.7156 -0.7118 -0.3145
3440.00 -0.4189 -0.5901 -0.5820 -0.5925 -0.5941 -0.3201
3450.00 -0.4179 -0.6533 -0.6571 -0.6553 -0.6454 -0.3025
3460.00 -0.4442 -0.5590 -0.5631 -0.5555 -0.5597 -0.3385
3470.00 -0.4018 -0.7583 -0.7661 -0.7743 -0.7758 -0.3319
3480.00 -0.4370 -0.8005 -0.7986 -0.8055 -0.7918 -0.3288
3490.00 -0.4119 -0.7089 -0.7229 -0.7148 -0.7157 -0.3199
3500.00 -0.4094 -0.6128 -0.6157 -0.6148 -0.6098 -0.3104
3510.00 -0.4355 -0.7055 -0.7047 -0.7095 -0.7113 -0.3301
3520.00 -0.4216 -0.6188 -0.6213 -0.6230 -0.6227 -0.3152
3530.00 -0.4070 -0.5321 -0.5303 -0.5190 -0.5295 -0.3129
3540.00 -0.4689 -0.8482 -0.8433 -0.8521 -0.8486 -0.3485
3550.00 -0.3913 -0.5197 -0.5227 -0.5196 -0.5294 -0.2942
3560.00 -0.4448 -0.6677 -0.6585 -0.6670 -0.6538 -0.3319
3570.00 -0.4077 -0.5180 -0.5184 -0.5230 -0.5132 -0.3054
3580.00 -0.4345 -0.7658 -0.7641 -0.7643 -0.7680 -0.3551
3590.00 -0.4210 -0.7654 -0.7658 -0.7667 -0.7662 -0.3330
3600.00 -0.4402 -0.7999 -0.8045 -0.8034 -0.8007 -0.3163
3610.00 -0.4128 -0.8586 -0.8644 -0.8589 -0.8515 -0.3359
3620.00 -0.4302 -0.8108 -0.7999 -0.8013 -0.7945 -0.3130
3630.00 -0.3950 -0.4959 -0.4946 -0.4913 -0.4935 -0.3039
3640.00 -0.4433 -0.7636 -0.7618 -0.7674 -0.7650 -0.3401
3650.00 -0.3946 -0.5561 -0.5610 -0.5635 -0.5587 -0.2958
3660.00 -0.4337 -0.5858 -0.5739 -0.5895 -0.5888 -0.3251
3670.00 -0.4316 -0.6587 -0.6690 -0.6518 -0.6651 -0.3309
3680.00 -0.4157 -0.7233 -0.7374 -0.7330 -0.7316 -0.3237
3690.00 -0.4200 -0.7453 -0.7395 -0.7506 -0.7399 -0.3241
3700.00 -0.4078 -0.6576 -0.6577 -0.6512 -0.6533 -0.3146
3710.00 -0.4248 -0.5734 -0.5778 -0.5754 -0.5816 -0.3303
3720.00 -0.4389 -0.8413 -0.8315 -0.8376 -0.8319 -0.3378
3730.00 -0.4146 -0.6924 -0.7010 -0.6908 -0.6936 -0.3143
3740.00 -0.3842 -0.7768 -0.7788 -0.7758 -0.7782 -0.3007
3750.00 -0.4684 -0.8321 -0.8221 -0.8303 -0.8300 -0.3542
3760.00 -0.3901 -0.5900 -0.5863 -0.5957 -0.5867 -0.2940
3770.00 -0.4090 -0.5639 -0.5627 -0.5561 -0.5614 -0.3065
3780.00 -0.4526 -0.6811 -0.6880 -0.6844 -0.6795 -0.3357
3790.00 -0.4185 -0.6152 -0.6134 -0.6163 -0.6135 -0.3227
3800.00 -0.4160 -0.6816 -0.6817 -0.6834 -0.6896 -0.3139
3810.00 -0.4156 -0.7169 -0.7040 -0.7068 -0.7064 -0.3270
3820.00 -0.4134 -0.5395 -0.5303 -0.5414 -0.5396 -0.3190
3830.00 -0.4495 -0.6421 -0.6427 -0.6338 -0.6478 -0.3298
3840.00 -0.4187 -0.6852 -0.6864 -0.6912 -0.6810 -0.3072
3850.00 -0.4064 -0.5587 -0.5472 -0.5529 -0.5552 -0.3268
3860.00 -0.4195 -1.2244 -1.2307 -1.2216 -1.2267 -0.3406
3870.00 -0.4178 -0.5524 -0.5464 -0.5522 -0.5507 -0.3035
3880.00 -0.4383 -0.7023 -0.7036 -0.7104 -0.7072 -0.3202
3890.00 -0.4118 -0.5261 -0.5377 -0.5244 -0.5298 -0.3239
3900.00 -0.4278 -0.7005 -0.6964 -0.7085 -0.6997 -0.3176
3910.00 -0.4464 -0.8332 -0.8251 -0.8310 -0.8194 -0.3460
3920.00 -0.3983 -0.7566 -0.7562 -0.7644 -0.7563 -0.3105
3930.00 -0.4188 -0.7330 -0.7257 -0.7306 -0.7279 -0.3141
3940.00 -0.4626 -0.6479 -0.6429 -0.6331 -0.6471 -0.3300
3950.00 -0.4341 -0.6052 -0.6144 -0.6135 -0.6137 -0.3272
3960.00 -0.4303 -0.5770 -0.5914 -0.5821 -0.5848 -0.3184
3970.00 -0.4074 -0.5284 -0.5303 -0.5350 -0.5324 -0.3034
3980.00 -0.4439 -0.6538 -0.6542 -0.6550 -0.6526 -0.3347
3990.00 -0.4454 -0.6276 -0.6212 -0.6222 -0.6126 -0.3311
4000.00 -0.4005 -0.7038 -0.6939 -0.7067 -0.7056 -0.3249
