10.00 1.00 0.75 0.13 0.38 0.50 4.90
20.00 1.13 0.38 0.75 0.25 0.88 5.35
30.00 0.75 0.38 0.75 0.50 0.38 5.15
40.00 0.88 0.38 0.25 0.38 0.38 5.05
50.00 0.50 0.50 0.50 1.13 0.50 5.10
60.00 1.13 0.88 0.38 0.88 0.50 5.35
70.00 0.88 0.13 0.25 0.63 1.00 5.00
80.00 0.75 0.25 0.38 1.00 0.25 5.30
90.00 0.38 0.38 0.38 0.88 1.50 5.10
100.00 0.50 0.63 0.25 0.00 1.25 5.15
110.00 0.63 0.13 0.75 0.63 1.00 5.00
120.00 0.50 0.25 1.38 0.50 1.25 5.45
130.00 0.50 0.63 0.63 0.75 0.25 4.70
140.00 0.50 0.75 0.50 0.38 0.25 5.30
150.00 0.13 0.63 0.25 0.75 0.50 5.10
160.00 0.63 0.88 0.50 0.38 0.38 4.95
170.00 0.38 0.75 0.25 0.25 0.63 5.10
180.00 0.25 0.88 0.63 0.75 0.50 4.85
190.00 0.63 1.00 0.50 1.13 0.38 5.40
200.00 0.50 0.75 0.75 0.75 0.25 5.30
210.00 0.38 1.25 0.63 1.00 0.13 5.00
220.00 0.88 0.75 0.38 0.38 1.00 5.35
230.00 0.38 0.50 0.38 0.75 0.63 4.95
240.00 0.25 1.63 1.00 0.50 0.63 5.35
250.00 0.38 0.38 0.63 0.75 0.25 4.95
260.00 0.75 1.13 0.75 0.63 1.00 5.45
270.00 0.25 1.13 1.25 0.25 0.50 4.85
280.00 0.50 0.88 0.25 0.25 0.50 5.15
290.00 0.38 0.50 0.75 0.88 0.38 5.50
300.00 0.13 0.50 0.50 0.63 0.63 4.75
310.00 1.00 0.25 0.63 1.13 0.63 5.35
320.00 0.88 0.75 0.25 0.63 0.50 5.25
330.00 0.88 0.50 0.63 0.38 0.75 4.95
340.00 0.63 0.13 1.38 0.25 0.38 5.20
350.00 0.75 0.63 1.63 0.50 0.25 5.15
360.00 0.63 0.50 0.63 0.75 0.63 5.45
370.00 0.38 0.63 0.50 0.25 0.63 4.85
380.00 1.00 0.75 0.50 0.38 1.75 5.55
390.00 0.38 0.63 0.25 0.38 1.13 4.95
400.00 0.38 0.38 0.75 0.25 1.00 5.15
410.00 0.38 0.63 0.63 0.50 1.13 5.10
420.00 0.50 1.50 0.13 0.50 0.88 5.55
430.00 0.63 1.13 0.50 0.25 0.38 5.30
440.00 0.25 0.50 0.75 0.25 0.75 4.85
450.00 1.00 0.50 0.25 1.00 0.00 4.95
460.00 1.38 0.25 0.75 0.75 0.38 5.40
470.00 0.50 0.63 0.63 0.25 0.63 5.30
480.00 0.75 0.88 1.50 0.50 0.13 4.75
490.00 0.50 0.50 0.50 0.38 0.25 5.40
500.00 0.75 0.75 0.63 0.63 0.25 5.10
510.00 0.38 0.13 0.88 0.38 0.25 5.00
520.00 1.50 0.75 0.38 0.25 0.50 5.20
530.00 1.00 0.25 0.75 0.13 0.75 5.25
540.00 0.63 1.13 0.00 0.13 0.25 5.05
550.00 0.75 0.63 0.13 0.38 0.00 4.90
560.00 0.88 0.13 1.13 0.63 0.25 5.35
570.00 0.50 0.50 0.38 0.38 0.75 4.80
580.00 0.38 0.50 0.25 1.00 0.63 5.00
590.00 0.25 0.75 0.25 1.13 1.00 5.25
600.00 0.63 0.50 0.25 1.38 0.38 5.05
610.00 0.88 0.63 1.00 0.75 0.13 5.30
620.00 0.38 1.25 0.63 0.50 0.75 5.00
630.00 0.63 0.75 0.63 0.38 0.50 5.05
640.00 0.38 0.88 0.88 0.63 0.38 5.15
650.00 0.50 1.00 1.25 0.25 0.13 5.25
660.00 0.50 0.50 1.75 0.25 0.63 5.35
670.00 0.75 0.38 1.25 0.50 0.50 4.85
680.00 0.25 0.50 0.88 0.13 0.25 5.25
690.00 0.63 0.38 1.00 0.63 0.63 5.35
700.00 0.63 0.63 0.75 0.13 0.13 5.00
710.00 0.38 0.75 0.63 0.38 0.75 5.05
720.00 0.38 0.50 1.13 0.38 0.63 5.30
730.00 0.38 0.50 0.88 0.38 0.38 5.05
740.00 1.50 0.75 0.13 0.38 0.25 5.25
750.00 0.63 0.75 0.13 0.25 1.13 5.10
760.00 0.75 0.38 1.13 0.88 0.38 5.05
770.00 1.63 0.38 0.63 0.13 0.00 5.15
780.00 0.88 0.75 0.88 0.13 0.25 4.95
790.00 1.25 0.38 0.75 0.63 0.63 5.45
800.00 1.63 0.13 0.00 0.38 1.13 5.00
810.00 1.00 0.50 0.50 0.13 0.75 5.10
820.00 0.88 0.63 0.13 0.38 0.38 5.20
830.00 1.00 0.63 0.13 0.75 0.38 5.00
840.00 0.88 0.50 0.25 0.75 0.50 5.00
850.00 0.50 0.38 0.63 1.00 0.50 5.00
860.00 0.38 0.50 0.38 0.63 0.38 5.05
870.00 0.25 0.63 0.88 0.50 0.75 5.65
880.00 0.63 0.25 0.38 0.38 0.75 4.80
890.00 0.13 1.25 0.75 0.25 0.63 5.20
900.00 0.38 1.13 1.38 0.13 0.38 5.15
910.00 0.50 0.63 0.25 1.00 0.75 4.85
920.00 0.38 1.25 0.50 0.25 0.13 5.20
930.00 0.38 0.88 1.00 0.25 0.63 5.45
940.00 0.50 0.50 0.88 0.50 0.75 4.95
950.00 0.50 0.25 0.38 0.75 0.50 5.00
960.00 0.50 0.75 0.38 0.38 0.88 5.15
970.00 0.38 0.88 0.25 0.63 0.50 5.00
980.00 0.88 0.38 0.75 1.00 0.25 5.20
990.00 1.25 0.50 0.38 0.63 0.88 5.35
1000.00 0.88 0.63 0.13 0.88 0.50 5.05
1010.00 15.88 0.38 0.50 0.63 0.38 8.70
1020.00 42.13 0.00 0.00 0.00 0.00 14.05
1030.00 20.00 0.00 0.00 0.00 0.00 9.35
1040.00 6.25 0.00 0.00 0.00 0.00 5.30
1050.00 8.38 0.00 0.00 0.13 0.00 6.15
1060.00 5.13 0.00 0.00 0.00 0.00 5.25
1070.00 4.13 0.00 0.13 0.00 0.00 4.95
1080.00 5.25 0.00 0.13 0.00 0.13 5.70
1090.00 5.75 0.13 0.13 0.13 0.13 5.50
1100.00 4.13 0.13 0.13 0.25 0.50 5.25
1110.00 5.00 0.00 0.50 0.38 0.00 5.80
1120.00 4.00 0.25 0.13 0.13 0.13 5.25
1130.00 4.13 0.13 0.13 0.25 0.00 5.30
1140.00 3.88 0.00 0.00 0.38 0.25 5.35
1150.00 1.88 0.50 0.38 0.50 0.25 5.10
1160.00 1.13 0.88 0.63 0.00 0.13 5.10
1170.00 1.00 0.63 1.00 0.63 1.38 5.55
1180.00 0.63 0.13 0.63 0.75 0.25 4.55
1190.00 0.50 0.50 0.88 0.75 0.50 5.25
1200.00 1.25 0.88 0.25 1.00 0.50 5.55
1210.00 0.88 1.13 0.63 0.50 0.50 5.10
1220.00 0.88 0.63 0.25 0.88 0.25 4.85
1230.00 0.88 0.63 0.50 1.25 0.25 5.30
1240.00 1.13 0.75 0.63 0.25 0.00 5.30
1250.00 0.88 1.00 0.13 0.25 0.50 4.85
1260.00 0.63 1.25 0.25 0.50 0.13 5.30
1270.00 1.38 0.63 0.75 0.38 0.63 4.90
1280.00 1.50 0.50 0.50 0.38 0.13 5.25
1290.00 1.63 0.63 0.13 0.50 0.25 5.25
1300.00 0.38 0.75 0.38 1.13 0.38 5.20
1310.00 0.38 0.38 1.00 0.13 0.38 5.05
1320.00 0.75 0.13 1.25 0.13 0.13 4.95
1330.00 0.75 0.63 1.38 0.63 0.00 5.30
1340.00 0.75 0.13 0.75 0.38 0.38 4.85
1350.00 0.63 0.38 0.63 0.50 0.25 5.20
1360.00 0.88 0.38 0.50 0.88 0.13 5.35
1370.00 1.13 0.50 0.50 0.88 0.75 5.15
1380.00 1.25 0.00 0.38 0.63 0.50 5.35
1390.00 0.63 0.13 0.25 1.00 0.38 4.95
1400.00 0.50 0.50 0.88 0.63 0.13 4.90
1410.00 0.50 0.13 0.50 0.38 0.63 5.25
1420.00 0.75 0.63 0.25 0.63 0.38 4.95
1430.00 1.13 0.50 0.88 0.38 0.25 5.75
1440.00 0.63 0.38 0.63 1.13 0.25 4.80
1450.00 1.13 0.25 0.13 1.50 0.50 5.20
1460.00 1.00 0.25 0.25 0.50 0.63 5.10
1470.00 1.63 0.50 1.00 0.38 0.38 5.25
1480.00 0.75 1.25 0.50 0.50 0.50 5.45
1490.00 0.88 0.25 0.63 0.25 0.63 4.90
1500.00 0.63 0.38 0.38 0.13 0.50 5.00
1510.00 1.25 0.25 0.63 0.88 0.25 5.20
1520.00 1.13 0.50 0.75 0.13 1.13 5.00
1530.00 0.25 0.50 0.50 0.38 0.75 5.50
1540.00 1.00 0.38 0.25 0.13 1.00 4.90
1550.00 1.00 0.38 0.38 0.75 1.13 5.15
1560.00 1.00 0.25 0.25 0.25 1.13 5.20
1570.00 1.25 0.38 0.25 0.38 0.75 5.25
1580.00 0.38 0.38 0.63 0.38 1.00 4.90
1590.00 1.88 0.63 0.63 0.38 0.25 5.30
1600.00 0.75 0.50 1.50 0.75 0.38 5.35
1610.00 0.75 0.50 1.00 0.13 0.38 5.10
1620.00 0.88 0.63 0.75 0.25 0.50 5.10
1630.00 1.50 0.25 1.50 0.25 0.38 5.50
1640.00 0.88 0.50 1.63 0.13 0.63 5.00
1650.00 1.88 0.75 0.25 0.13 0.25 5.05
1660.00 1.38 0.50 1.13 0.00 0.38 5.35
1670.00 1.38 1.00 1.25 0.75 0.38 5.15
1680.00 1.13 0.50 1.00 0.00 0.38 5.30
1690.00 1.13 0.38 0.50 0.13 0.75 5.25
1700.00 0.75 0.63 0.63 0.88 0.13 4.95
1710.00 0.88 0.38 0.38 0.63 0.75 5.15
1720.00 0.38 1.50 1.00 0.63 0.50 5.00
1730.00 1.00 0.88 0.38 0.25 0.38 5.00
1740.00 1.00 0.75 0.13 0.50 0.75 5.50
1750.00 1.38 1.38 0.25 0.50 0.38 5.25
1760.00 0.75 0.75 0.25 0.75 0.75 5.05
1770.00 0.88 0.13 0.50 0.38 0.38 5.15
1780.00 1.00 0.38 1.00 0.13 0.63 5.15
1790.00 0.63 0.75 0.75 0.50 0.38 5.30
1800.00 0.25 0.63 1.00 0.63 0.38 4.75
1810.00 0.50 0.50 0.50 1.00 0.50 5.15
1820.00 0.38 0.38 0.88 0.50 0.38 5.25
1830.00 0.25 0.38 0.75 0.25 0.63 5.00
1840.00 0.50 1.13 0.00 0.25 0.88 5.40
1850.00 0.00 0.38 0.75 0.13 0.50 5.00
1860.00 0.63 0.63 0.13 0.38 2.00 5.20
1870.00 0.88 0.50 1.00 0.13 0.88 5.35
1880.00 0.25 1.00 0.50 0.25 0.88 4.75
1890.00 0.50 0.13 0.88 0.38 0.63 5.55
1900.00 0.25 0.63 0.13 0.75 0.63 4.70
1910.00 0.38 0.25 0.88 1.75 0.25 5.20
1920.00 0.88 0.88 0.88 0.63 0.25 5.30
1930.00 1.13 0.75 0.50 1.50 0.13 5.15
1940.00 1.25 0.13 0.63 0.00 1.00 5.20
1950.00 0.88 0.38 0.75 0.63 0.50 5.25
1960.00 0.75 0.63 0.63 0.25 0.00 4.75
1970.00 1.25 0.88 0.38 0.38 0.00 5.50
1980.00 2.25 0.13 0.75 0.50 0.38 5.10
1990.00 2.88 0.25 0.63 0.50 0.13 5.45
2000.00 2.50 0.25 0.38 0.75 0.38 5.45
2010.00 2.13 0.25 0.38 0.75 0.25 5.25
2020.00 3.75 0.25 0.13 0.13 0.25 5.30
2030.00 4.38 0.13 0.25 0.13 0.25 5.60
2040.00 5.75 0.25 0.00 0.25 0.13 5.50
2050.00 10.38 0.13 0.00 0.13 0.00 6.85
2060.00 10.38 0.13 0.00 0.00 0.00 6.55
2070.00 23.75 0.00 0.00 0.00 0.13 9.95
2080.00 10.88 0.00 0.00 0.00 0.00 6.80
2090.00 8.75 0.00 0.00 0.00 0.00 6.10
2100.00 10.38 0.00 0.00 0.00 0.00 6.55
2110.00 8.75 0.00 0.00 0.00 0.00 6.15
2120.00 9.00 0.00 0.13 0.00 0.00 6.00
2130.00 10.00 0.00 0.00 0.00 0.00 6.55
2140.00 9.13 0.00 0.00 0.00 0.00 6.25
2150.00 7.00 0.00 0.00 0.00 0.00 5.75
2160.00 8.13 0.00 0.00 0.00 0.13 5.70
2170.00 10.88 0.00 0.00 0.00 0.13 6.80
2180.00 4.13 0.00 0.00 0.25 0.00 5.40
2190.00 2.75 0.25 0.00 0.00 0.25 5.00
2200.00 4.00 0.50 0.13 0.13 0.00 5.20
2210.00 5.63 0.13 0.13 0.25 0.13 5.55
2220.00 3.63 0.25 0.13 0.13 0.00 5.40
2230.00 5.13 0.38 0.25 0.13 0.13 5.55
2240.00 3.13 0.13 0.13 0.13 0.13 5.05
2250.00 5.38 0.00 0.00 0.25 0.13 5.65
2260.00 3.13 0.25 0.38 0.50 0.25 5.15
2270.00 2.88 0.25 0.25 0.13 0.13 5.45
2280.00 2.88 0.00 0.75 0.25 0.25 5.15
2290.00 1.75 0.13 0.25 0.25 0.25 5.10
2300.00 2.38 0.50 0.38 0.63 0.50 5.35
2310.00 0.75 0.63 0.50 0.25 0.25 5.10
2320.00 0.75 0.63 0.13 1.00 0.88 5.20
2330.00 1.50 0.25 0.88 0.75 0.88 5.30
2340.00 1.25 0.25 0.50 0.13 0.38 5.05
2350.00 0.75 0.63 0.63 0.38 0.63 5.15
2360.00 1.13 0.88 0.13 0.13 0.50 5.20
2370.00 0.88 0.50 0.75 0.38 0.50 5.35
2380.00 0.88 0.38 0.75 0.13 0.50 5.15
2390.00 1.88 0.13 0.63 0.25 0.63 5.45
2400.00 0.75 0.75 0.50 0.38 0.38 5.00
2410.00 1.13 0.38 0.38 0.25 0.50 4.75
2420.00 0.75 0.50 0.50 0.38 0.25 5.25
2430.00 1.50 0.38 0.38 0.63 0.25 5.15
2440.00 1.13 0.13 0.50 0.38 0.75 5.05
2450.00 0.88 0.63 0.25 0.38 1.13 5.20
2460.00 2.25 0.13 0.38 0.75 0.13 5.15
2470.00 2.63 0.13 0.25 0.50 0.50 5.25
2480.00 1.63 0.38 0.13 0.75 0.25 5.25
2490.00 1.25 0.25 0.63 0.38 0.38 5.20
2500.00 1.63 0.38 0.75 0.75 0.88 5.45
2510.00 1.75 0.63 0.88 0.38 0.50 4.90
2520.00 2.25 0.75 0.25 0.00 0.88 5.20
2530.00 2.75 0.38 0.75 1.00 0.50 5.60
2540.00 5.00 0.00 0.63 1.00 0.50 5.90
2550.00 107.38 0.00 0.00 0.25 0.13 30.00
2560.00 4.75 0.00 0.00 0.00 0.00 6.10
2570.00 4.38 0.00 0.00 0.00 0.00 4.90
2580.00 5.63 0.00 0.00 0.00 0.00 5.10
2590.00 4.75 0.00 0.00 0.00 0.00 5.20
2600.00 5.00 0.00 0.00 0.00 0.00 5.35
2610.00 3.75 0.00 0.13 0.13 0.25 5.05
2620.00 6.13 0.00 0.50 0.25 0.13 5.60
2630.00 4.25 0.00 0.50 0.38 0.00 5.60
2640.00 2.75 0.25 0.25 0.50 0.00 4.85
2650.00 3.50 0.38 0.38 0.63 0.13 5.15
2660.00 2.13 0.38 0.00 0.38 0.38 5.30
2670.00 1.25 0.50 0.13 0.75 0.50 5.35
2680.00 0.63 0.13 0.50 0.00 1.00 5.10
2690.00 0.88 0.13 0.25 0.38 0.50 4.70
2700.00 1.25 0.50 0.63 0.25 1.13 5.30
2710.00 1.75 0.13 0.25 0.50 1.00 5.15
2720.00 1.50 0.13 0.25 0.38 1.00 5.25
2730.00 1.13 0.13 0.38 0.25 1.13 5.30
2740.00 1.00 0.38 0.13 0.13 1.13 5.20
2750.00 1.13 0.63 0.75 0.38 0.38 5.05
2760.00 0.75 0.50 0.25 0.50 0.25 5.00
2770.00 1.00 1.00 0.38 0.50 0.75 5.20
2780.00 0.88 1.13 0.38 0.38 1.00 5.40
2790.00 1.00 0.13 0.38 0.25 0.38 5.00
2800.00 1.63 0.25 1.00 0.25 0.25 5.20
2810.00 2.25 0.25 1.00 0.38 0.38 5.35
2820.00 4.63 0.13 0.50 0.13 0.50 5.60
2830.00 108.63 0.00 0.00 0.00 0.00 31.85
2840.00 1.63 0.00 0.00 0.00 0.00 3.70
2850.00 4.50 0.00 0.00 0.00 0.00 5.00
2860.00 4.13 0.00 0.00 0.00 0.00 5.05
2870.00 6.50 0.00 0.00 0.00 0.00 5.15
2880.00 4.88 0.00 0.00 0.25 0.00 5.35
2890.00 3.50 0.13 0.13 0.25 0.00 5.10
2900.00 2.38 0.25 0.63 0.13 0.00 5.05
2910.00 2.00 0.13 0.25 0.50 0.50 5.25
2920.00 0.50 0.00 0.25 0.75 0.50 4.80
2930.00 0.63 0.63 0.50 0.50 0.50 5.35
2940.00 0.25 0.50 0.25 0.50 0.63 4.95
2950.00 0.88 0.75 0.75 0.00 0.38 5.05
2960.00 0.50 0.88 1.25 0.38 0.38 5.00
2970.00 0.75 0.63 1.13 0.25 0.25 5.50
2980.00 1.63 0.75 0.75 0.63 0.38 5.30
2990.00 0.88 0.63 0.63 0.50 0.50 4.90
3000.00 1.50 0.25 0.50 0.63 0.75 5.15
3010.00 1.88 0.50 0.38 0.38 0.63 5.55
3020.00 1.38 0.38 0.25 0.13 0.25 5.20
3030.00 1.13 0.88 0.13 0.50 0.75 4.90
3040.00 1.75 0.75 0.25 0.13 0.00 5.20
3050.00 6.00 0.50 0.38 0.25 0.25 6.25
3060.00 107.25 0.13 0.13 0.00 0.00 31.15
3070.00 2.38 0.00 0.00 0.00 0.00 4.00
3080.00 3.38 0.00 0.00 0.00 0.00 4.75
3090.00 4.75 0.00 0.00 0.00 0.00 5.00
3100.00 3.63 0.00 0.00 0.00 0.00 4.75
3110.00 3.25 0.13 0.00 0.00 0.13 4.90
3120.00 2.38 0.25 0.13 0.13 0.63 5.00
3130.00 3.13 0.50 0.13 0.13 0.00 5.30
3140.00 1.88 0.63 0.38 0.50 0.25 5.30
3150.00 0.38 0.13 0.13 0.75 0.63 4.95
3160.00 1.63 0.00 0.00 0.50 0.38 5.20
3170.00 1.38 0.63 0.38 0.63 0.63 5.25
3180.00 1.13 0.13 0.75 0.63 0.88 4.95
3190.00 1.50 0.38 0.13 0.25 0.88 5.15
3200.00 0.75 0.88 0.75 0.38 0.63 5.35
3210.00 1.38 0.88 0.38 0.38 0.38 4.95
3220.00 0.75 0.25 0.75 0.38 0.38 5.00
3230.00 0.38 0.63 0.63 1.00 0.38 5.05
3240.00 0.63 0.50 0.25 0.88 0.38 5.35
3250.00 0.38 0.25 0.88 0.75 0.63 5.15
3260.00 0.25 0.75 0.75 0.63 0.38 5.05
3270.00 0.38 0.63 0.13 1.00 0.38 5.05
3280.00 0.25 0.63 0.00 0.75 0.63 5.05
3290.00 0.38 0.63 0.50 0.38 0.75 5.35
3300.00 1.13 0.50 0.63 0.63 0.75 5.20
3310.00 2.00 0.38 0.38 0.88 0.25 5.40
3320.00 1.50 0.38 1.13 0.38 0.13 4.90
3330.00 2.38 0.25 0.50 0.13 0.00 5.55
3340.00 1.50 0.75 0.38 0.38 0.50 5.40
3350.00 109.50 0.00 0.00 0.00 0.13 31.75
3360.00 1.38 0.00 0.00 0.00 0.00 3.75
3370.00 4.75 0.00 0.00 0.00 0.00 4.60
3380.00 3.00 0.00 0.00 0.00 0.00 5.20
3390.00 5.00 0.00 0.00 0.00 0.00 5.15
3400.00 3.75 0.00 0.25 0.00 0.13 4.95
3410.00 3.00 0.13 0.00 0.00 0.13 4.80
3420.00 3.38 0.38 0.13 0.25 0.00 5.50
3430.00 2.13 0.13 0.25 0.50 0.00 4.95
3440.00 0.88 0.88 0.25 0.25 0.38 5.05
3450.00 1.50 0.38 0.38 0.25 1.00 5.35
3460.00 1.38 0.38 0.13 0.25 1.00 4.95
3470.00 1.13 0.25 0.25 0.50 0.13 5.45
3480.00 1.13 0.63 1.00 0.38 0.25 4.85
3490.00 1.00 0.63 0.63 0.75 0.13 5.55
3500.00 1.50 0.25 0.63 0.50 0.88 5.05
3510.00 0.88 0.50 0.38 0.25 0.25 4.95
3520.00 1.13 0.50 0.38 0.63 0.50 5.25
3530.00 0.63 0.75 0.13 0.50 0.50 5.10
3540.00 0.88 0.50 0.75 0.38 0.50 4.95
3550.00 1.50 0.25 0.13 0.50 0.63 5.35
3560.00 0.88 0.25 0.88 0.13 1.00 5.25
3570.00 1.13 0.75 0.63 0.75 0.50 5.00
3580.00 2.13 0.50 0.00 0.50 0.25 5.15
3590.00 2.00 0.75 0.50 0.25 1.13 5.15
3600.00 2.38 0.50 0.50 0.50 0.13 5.40
3610.00 9.75 0.38 0.00 0.25 0.13 6.85
3620.00 100.25 0.00 0.00 0.00 0.00 29.20
3630.00 2.50 0.00 0.00 0.00 0.00 4.10
3640.00 3.50 0.00 0.00 0.00 0.00 5.10
3650.00 4.25 0.00 0.00 0.00 0.00 4.85
3660.00 5.25 0.00 0.00 0.00 0.00 5.30
3670.00 2.13 0.25 0.13 0.00 0.13 4.85
3680.00 1.13 0.13 0.38 0.50 0.25 4.80
3690.00 0.75 0.25 0.38 1.63 0.13 4.95
3700.00 1.38 0.50 0.38 0.50 0.13 5.35
3710.00 0.88 0.38 0.88 0.38 0.88 5.30
3720.00 0.50 0.38 0.38 1.13 0.75 5.20
3730.00 0.38 0.50 0.50 0.38 0.63 4.85
3740.00 1.63 0.75 0.50 1.00 0.38 5.30
3750.00 1.13 0.50 0.88 0.13 1.00 5.25
3760.00 0.38 0.13 0.63 0.38 0.25 5.00
3770.00 1.00 0.25 0.75 0.88 0.00 5.10
3780.00 1.00 0.38 1.00 1.13 0.25 5.45
3790.00 1.13 0.13 0.25 0.38 0.63 4.95
3800.00 0.75 0.13 0.50 0.00 0.88 5.00
3810.00 0.50 0.25 0.63 0.88 0.50 5.30
3820.00 1.00 0.38 0.00 1.00 0.13 4.95
3830.00 0.63 0.25 0.13 1.13 0.88 5.15
3840.00 0.75 0.00 0.25 0.75 0.63 5.10
3850.00 1.25 0.38 0.38 0.25 0.75 5.10
3860.00 4.63 0.38 0.50 0.63 0.38 5.80
3870.00 109.25 0.13 0.00 0.00 0.13 32.15
3880.00 0.25 0.00 0.00 0.00 0.00 3.40
3890.00 3.75 0.00 0.00 0.00 0.00 4.40
3900.00 3.63 0.00 0.00 0.00 0.00 5.00
3910.00 5.13 0.00 0.00 0.00 0.00 5.10
3920.00 3.25 0.25 0.00 0.00 0.25 5.05
3930.00 2.00 0.13 0.13 0.25 0.25 5.05
3940.00 1.38 0.00 0.13 0.38 0.75 4.80
3950.00 1.75 0.63 0.50 0.38 0.13 5.30
3960.00 0.75 0.25 0.38 0.63 0.25 4.95
3970.00 0.75 0.63 0.63 0.13 0.75 5.25
3980.00 0.63 0.25 0.25 0.25 0.75 4.85
3990.00 0.50 0.50 0.75 0.38 1.75 5.30
