10.00 0.13 1.88 0.75 0.75 0.38 5.35
20.00 0.50 0.75 0.50 1.13 0.25 5.05
30.00 0.63 0.13 0.63 1.25 0.25 5.20
40.00 0.63 0.63 0.50 0.63 0.88 5.10
50.00 0.38 0.38 0.38 0.50 1.13 5.35
60.00 0.25 0.13 0.38 1.13 1.50 4.90
70.00 0.50 0.13 0.38 0.50 1.25 5.15
80.00 0.50 0.50 0.50 0.38 1.00 5.35
90.00 0.63 0.63 0.38 0.88 0.25 5.10
100.00 0.63 0.63 0.50 0.63 1.63 5.05
110.00 0.38 1.00 0.25 0.63 0.63 5.10
120.00 0.63 1.25 0.13 0.25 0.38 5.15
130.00 0.38 0.63 0.38 0.50 0.25 5.25
140.00 0.38 0.88 1.25 0.50 0.63 5.20
150.00 1.00 0.25 1.00 0.13 0.63 5.25
160.00 0.38 0.75 0.63 0.25 0.38 4.90
170.00 1.50 0.50 1.50 0.25 0.75 5.35
180.00 0.63 1.25 0.75 0.50 0.13 5.05
190.00 0.75 0.75 1.13 0.38 0.75 5.45
200.00 0.00 0.63 0.88 0.63 0.88 4.95
210.00 0.38 1.00 0.63 0.75 0.38 5.30
220.00 0.63 1.75 0.25 0.25 0.25 4.95
230.00 0.88 0.50 0.50 0.50 0.63 5.40
240.00 0.38 1.25 0.63 0.88 0.38 5.35
250.00 1.00 0.38 0.63 0.63 0.25 4.80
260.00 0.88 0.75 0.63 0.00 0.38 5.10
270.00 0.38 0.13 1.38 0.38 1.00 5.45
280.00 0.13 1.38 0.25 0.25 0.75 4.80
290.00 0.63 1.25 0.38 0.88 0.88 5.35
300.00 0.25 0.88 0.63 0.38 0.63 5.10
310.00 0.13 0.38 0.50 0.50 0.63 5.30
320.00 0.25 0.38 1.25 0.50 0.50 5.00
330.00 0.63 1.38 1.38 0.88 0.25 5.35
340.00 0.13 0.13 1.50 0.00 0.50 5.05
350.00 0.63 0.13 0.63 0.38 0.38 5.10
360.00 0.38 0.38 0.75 0.50 0.38 5.20
370.00 0.88 0.50 0.63 1.00 1.00 5.30
380.00 0.25 0.38 1.75 0.75 0.38 5.30
390.00 0.63 0.38 1.63 1.13 0.75 5.20
400.00 0.25 0.13 0.63 0.88 0.63 5.15
410.00 0.50 0.38 0.75 0.75 1.13 5.30
420.00 0.38 0.38 0.75 0.63 0.50 4.90
430.00 0.63 0.50 0.50 0.50 0.75 5.40
440.00 0.50 0.38 1.00 0.38 0.38 5.05
450.00 0.50 0.63 0.25 0.25 1.00 5.15
460.00 0.13 0.63 0.50 0.38 0.88 5.15
470.00 0.63 0.38 0.50 1.38 0.75 5.45
480.00 0.38 0.50 0.38 0.75 0.50 5.10
490.00 0.25 0.25 0.63 1.13 0.38 5.00
500.00 0.75 0.50 0.25 0.38 1.00 5.15
510.00 0.50 0.50 0.88 0.38 0.75 5.10
520.00 0.25 0.50 0.50 0.13 0.88 5.15
530.00 0.25 0.50 0.38 0.38 0.50 5.05
540.00 0.25 1.13 0.50 0.63 0.13 4.95
550.00 0.38 1.75 0.88 0.63 0.38 5.45
560.00 0.38 0.50 1.00 0.50 0.63 5.25
570.00 0.38 0.38 1.13 0.63 0.50 5.15
580.00 0.75 0.50 1.25 0.25 1.00 5.20
590.00 0.38 0.50 0.88 0.63 0.88 5.15
600.00 1.00 0.38 0.50 0.13 0.38 5.10
610.00 0.63 0.38 0.75 0.63 0.63 5.35
620.00 0.50 1.13 0.38 0.13 0.13 5.05
630.00 0.50 0.25 0.63 0.13 1.13 5.05
640.00 0.38 0.50 0.75 0.38 0.75 5.00
650.00 0.88 0.25 0.75 0.50 0.75 5.05
660.00 0.88 1.00 0.88 0.25 1.00 5.45
670.00 0.25 0.38 1.13 0.75 1.13 5.15
680.00 0.75 0.38 0.63 0.38 0.25 5.05
690.00 0.50 0.88 0.63 1.00 0.38 5.30
700.00 0.75 0.50 0.63 0.38 0.50 5.05
710.00 0.75 0.38 1.13 1.13 0.63 5.40
720.00 0.88 0.38 0.50 0.25 0.88 5.00
730.00 0.88 0.50 0.38 1.13 0.50 5.35
740.00 0.38 0.63 0.50 1.00 0.38 5.15
750.00 1.25 0.13 0.50 0.25 0.25 5.00
760.00 0.88 0.50 0.88 0.50 1.13 5.20
770.00 0.50 0.88 0.38 0.13 0.38 5.35
780.00 0.88 0.88 0.25 0.25 0.38 5.10
790.00 1.25 0.75 0.63 0.13 0.38 5.10
800.00 0.00 0.50 0.25 0.63 0.38 5.05
810.00 0.50 0.88 0.38 0.63 0.50 5.20
820.00 1.13 0.63 0.13 0.38 1.00 5.10
830.00 0.63 0.38 0.25 0.88 0.88 4.95
840.00 0.50 1.25 0.63 0.38 0.25 5.30
850.00 0.38 1.00 0.63 0.88 0.38 5.25
860.00 0.63 0.88 0.38 0.88 1.25 5.15
870.00 0.38 0.88 0.13 0.50 0.88 5.05
880.00 0.88 0.25 0.38 0.25 0.88 4.90
890.00 1.50 0.63 0.38 1.50 0.38 5.35
900.00 0.75 0.63 1.25 0.50 0.00 5.25
910.00 0.75 0.13 0.88 0.13 0.38 5.10
920.00 0.25 1.00 0.50 0.25 0.88 5.20
930.00 1.00 0.63 1.13 0.63 0.50 5.20
940.00 0.38 0.50 0.38 0.88 0.50 5.20
950.00 0.38 0.38 0.00 0.75 0.75 4.95
960.00 0.38 0.75 0.13 0.75 1.13 5.15
970.00 0.50 0.63 0.63 0.75 0.50 5.00
980.00 0.75 0.50 0.38 1.13 0.25 5.35
990.00 0.38 1.13 0.75 0.50 0.50 5.05
1000.00 0.00 1.00 0.50 0.25 1.00 5.25
1010.00 22.13 0.50 0.50 0.38 0.13 10.35
1020.00 4.25 0.00 0.00 0.00 0.00 5.20
1030.00 7.63 0.00 0.00 0.00 0.00 5.70
1040.00 4.75 0.00 0.00 0.00 0.00 5.35
1050.00 4.75 0.00 0.00 0.00 0.00 5.25
1060.00 6.38 0.13 0.00 0.50 0.00 6.10
1070.00 5.13 0.00 0.13 0.25 0.00 5.45
1080.00 5.00 0.13 0.00 0.00 0.00 5.40
1090.00 6.63 0.50 0.13 0.00 0.00 5.75
1100.00 4.50 0.13 0.00 0.00 0.00 5.05
1110.00 5.50 0.50 0.25 0.25 0.38 6.05
1120.00 6.50 0.13 0.75 0.00 0.13 6.05
1130.00 4.88 0.00 0.13 0.00 0.00 5.15
1140.00 7.25 0.25 0.13 0.00 0.00 6.10
1150.00 5.63 0.00 0.00 0.13 0.00 5.85
1160.00 8.13 0.00 0.13 0.13 0.00 5.80
1170.00 8.50 0.00 0.00 0.00 0.00 6.40
1180.00 11.50 0.00 0.00 0.00 0.00 6.85
1190.00 5.75 0.00 0.00 0.00 0.00 5.30
1200.00 8.25 0.00 0.00 0.13 0.00 6.45
1210.00 6.50 0.13 0.13 0.00 0.00 5.65
1220.00 5.75 0.00 0.00 0.00 0.13 5.70
1230.00 6.63 0.13 0.00 0.13 0.13 5.95
1240.00 11.88 0.00 0.00 0.00 0.00 6.75
1250.00 6.88 0.00 0.00 0.00 0.00 6.05
1260.00 5.00 0.00 0.25 0.00 0.00 5.25
1270.00 7.25 0.13 0.00 0.38 0.13 6.20
1280.00 9.50 0.00 0.00 0.00 0.00 6.25
1290.00 8.38 0.00 0.00 0.00 0.13 6.45
1300.00 12.88 0.00 0.00 0.00 0.00 7.25
1310.00 10.25 0.00 0.00 0.00 0.00 6.55
1320.00 8.63 0.00 0.00 0.00 0.00 6.50
1330.00 10.63 0.00 0.00 0.00 0.00 6.60
1340.00 12.38 0.00 0.00 0.00 0.00 7.40
1350.00 9.25 0.00 0.00 0.00 0.00 6.05
1360.00 5.25 0.00 0.00 0.00 0.00 5.65
1370.00 8.50 0.00 0.00 0.00 0.00 6.15
1380.00 4.63 0.00 0.13 0.00 0.00 5.35
1390.00 9.25 0.00 0.00 0.00 0.13 6.05
1400.00 7.75 0.00 0.13 0.00 0.00 6.20
1410.00 9.38 0.00 0.13 0.13 0.00 6.50
1420.00 6.75 0.00 0.00 0.00 0.00 5.65
1430.00 13.13 0.00 0.13 0.00 0.00 7.50
1440.00 9.38 0.00 0.00 0.00 0.00 6.50
1450.00 9.00 0.00 0.00 0.00 0.00 6.10
1460.00 13.63 0.00 0.00 0.00 0.00 7.70
1470.00 5.50 0.00 0.00 0.00 0.00 5.65
1480.00 4.75 0.00 0.00 0.00 0.00 5.10
1490.00 5.50 0.13 0.00 0.13 0.00 5.50
1500.00 7.63 0.00 0.13 0.00 0.13 6.15
1510.00 8.63 0.00 0.00 0.00 0.00 6.30
1520.00 15.00 0.00 0.00 0.00 0.00 7.65
1530.00 12.38 0.00 0.00 0.00 0.00 7.35
1540.00 10.38 0.00 0.00 0.00 0.00 6.80
1550.00 7.38 0.00 0.00 0.00 0.00 5.70
1560.00 7.88 0.13 0.00 0.00 0.13 6.20
1570.00 6.13 0.00 0.13 0.00 0.00 5.55
1580.00 7.75 0.00 0.00 0.00 0.00 5.90
1590.00 17.75 0.00 0.00 0.00 0.00 8.70
1600.00 7.38 0.00 0.00 0.00 0.00 5.95
1610.00 10.38 0.00 0.00 0.00 0.00 6.45
1620.00 11.00 0.00 0.00 0.00 0.00 6.70
1630.00 5.63 0.00 0.00 0.00 0.00 5.50
1640.00 14.50 0.00 0.00 0.00 0.00 7.95
1650.00 5.63 0.00 0.00 0.00 0.00 5.35
1660.00 8.63 0.00 0.00 0.00 0.00 6.15
1670.00 6.50 0.00 0.00 0.00 0.00 6.00
1680.00 4.38 0.00 0.13 0.00 0.13 5.35
1690.00 9.25 0.00 0.00 0.00 0.00 6.35
1700.00 12.25 0.00 0.00 0.00 0.00 7.35
1710.00 11.00 0.00 0.00 0.00 0.00 6.75
1720.00 16.38 0.00 0.00 0.00 0.00 8.05
1730.00 13.75 0.00 0.00 0.00 0.00 7.75
1740.00 8.25 0.00 0.00 0.00 0.00 5.90
1750.00 9.38 0.00 0.00 0.00 0.00 6.70
1760.00 10.25 0.00 0.00 0.00 0.00 6.55
1770.00 9.00 0.00 0.00 0.00 0.00 6.15
1780.00 7.25 0.00 0.00 0.00 0.00 5.70
1790.00 15.63 0.00 0.00 0.00 0.00 8.20
1800.00 7.25 0.00 0.00 0.00 0.00 6.10
1810.00 8.75 0.00 0.00 0.00 0.00 6.10
1820.00 9.88 0.00 0.00 0.00 0.13 6.25
1830.00 4.50 0.00 0.00 0.00 0.00 5.35
1840.00 9.00 0.00 0.00 0.00 0.13 6.40
1850.00 6.75 0.00 0.00 0.00 0.00 5.85
1860.00 10.75 0.13 0.13 0.00 0.00 6.80
1870.00 9.13 0.00 0.00 0.00 0.00 6.10
1880.00 11.13 0.00 0.00 0.00 0.00 7.00
1890.00 15.88 0.00 0.00 0.00 0.00 7.70
1900.00 11.25 0.00 0.00 0.00 0.00 7.35
1910.00 9.38 0.00 0.00 0.00 0.00 6.65
1920.00 13.13 0.00 0.00 0.00 0.00 7.35
1930.00 9.63 0.00 0.00 0.00 0.00 6.25
1940.00 10.75 0.00 0.00 0.00 0.00 6.65
1950.00 7.38 0.00 0.00 0.00 0.00 5.90
1960.00 7.38 0.00 0.00 0.00 0.00 5.80
1970.00 10.13 0.00 0.00 0.00 0.00 6.45
1980.00 12.75 0.00 0.00 0.00 0.00 7.65
1990.00 6.13 0.00 0.00 0.00 0.00 5.55
2000.00 7.25 0.00 0.00 0.00 0.00 6.15
2010.00 8.75 0.00 0.00 0.00 0.00 5.90
2020.00 7.63 0.00 0.00 0.13 0.13 6.00
2030.00 7.25 0.13 0.00 0.00 0.00 5.85
2040.00 24.50 0.00 0.00 0.00 0.00 10.15
2050.00 11.00 0.00 0.00 0.00 0.00 7.30
2060.00 6.13 0.00 0.00 0.00 0.00 5.75
2070.00 9.63 0.00 0.00 0.00 0.00 6.45
2080.00 4.38 0.00 0.00 0.00 0.00 5.20
2090.00 10.00 0.00 0.00 0.00 0.00 6.60
2100.00 7.13 0.00 0.00 0.13 0.13 5.95
2110.00 9.88 0.13 0.00 0.00 0.00 6.35
2120.00 16.75 0.00 0.00 0.00 0.00 8.20
2130.00 14.63 0.00 0.00 0.00 0.00 8.30
2140.00 7.25 0.00 0.00 0.00 0.00 5.65
2150.00 4.25 0.00 0.00 0.00 0.00 5.05
2160.00 11.88 0.13 0.00 0.00 0.00 7.00
2170.00 11.00 0.00 0.00 0.00 0.00 7.00
2180.00 10.75 0.00 0.00 0.00 0.00 6.85
2190.00 7.13 0.00 0.00 0.00 0.00 5.65
2200.00 10.63 0.00 0.00 0.00 0.00 6.65
2210.00 9.75 0.00 0.00 0.00 0.00 6.35
2220.00 5.63 0.00 0.00 0.00 0.00 5.50
2230.00 9.50 0.00 0.00 0.13 0.00 6.35
2240.00 14.00 0.00 0.00 0.00 0.00 7.60
2250.00 12.25 0.00 0.00 0.00 0.00 7.70
2260.00 9.13 0.00 0.00 0.00 0.00 5.90
2270.00 8.00 0.00 0.00 0.00 0.00 6.20
2280.00 6.63 0.00 0.00 0.13 0.00 5.70
2290.00 20.38 0.00 0.00 0.00 0.00 9.20
2300.00 10.38 0.00 0.00 0.00 0.00 6.80
2310.00 7.13 0.00 0.00 0.00 0.00 5.75
2320.00 7.75 0.00 0.00 0.00 0.00 6.10
2330.00 10.88 0.13 0.13 0.00 0.00 6.75
2340.00 7.38 0.13 0.00 0.00 0.00 5.50
2350.00 13.88 0.00 0.00 0.00 0.00 7.70
2360.00 6.00 0.00 0.00 0.00 0.00 5.70
2370.00 6.63 0.00 0.00 0.00 0.00 5.55
2380.00 9.38 0.00 0.00 0.00 0.00 6.65
2390.00 15.00 0.00 0.13 0.00 0.00 8.10
2400.00 10.88 0.00 0.00 0.00 0.00 6.85
2410.00 9.50 0.00 0.00 0.00 0.00 6.20
2420.00 8.38 0.00 0.00 0.00 0.00 6.05
2430.00 8.25 0.00 0.00 0.00 0.00 6.30
2440.00 5.25 0.00 0.13 0.00 0.00 5.35
2450.00 9.88 0.00 0.00 0.00 0.13 6.50
2460.00 11.13 0.00 0.00 0.00 0.00 6.85
2470.00 12.00 0.00 0.00 0.13 0.00 6.90
2480.00 11.38 0.00 0.00 0.00 0.00 7.10
2490.00 12.63 0.00 0.00 0.00 0.00 7.35
2500.00 9.25 0.00 0.00 0.00 0.00 6.40
2510.00 11.88 0.00 0.00 0.00 0.00 6.95
2520.00 8.38 0.00 0.00 0.00 0.00 6.25
2530.00 9.25 0.00 0.00 0.00 0.00 6.45
2540.00 12.63 0.00 0.00 0.00 0.00 7.20
2550.00 9.25 0.00 0.00 0.00 0.00 6.30
2560.00 12.75 0.00 0.00 0.00 0.00 7.25
2570.00 5.13 0.00 0.00 0.00 0.00 5.35
2580.00 8.88 0.00 0.00 0.00 0.00 6.55
2590.00 9.25 0.00 0.00 0.13 0.00 6.25
2600.00 7.38 0.00 0.00 0.00 0.00 5.60
2610.00 8.50 0.00 0.00 0.00 0.00 6.45
2620.00 7.38 0.00 0.00 0.00 0.00 5.65
2630.00 14.63 0.00 0.13 0.00 0.00 8.00
2640.00 15.25 0.00 0.00 0.00 0.00 8.10
2650.00 10.25 0.00 0.00 0.00 0.00 6.55
2660.00 9.00 0.00 0.00 0.00 0.00 6.15
2670.00 14.38 0.00 0.00 0.00 0.00 7.80
2680.00 9.50 0.00 0.00 0.00 0.00 6.40
2690.00 9.50 0.00 0.00 0.00 0.00 6.30
2700.00 10.25 0.00 0.00 0.00 0.00 6.65
2710.00 11.00 0.00 0.00 0.00 0.00 7.00
2720.00 5.50 0.00 0.00 0.00 0.00 5.50
2730.00 7.88 0.00 0.00 0.00 0.00 5.90
2740.00 9.63 0.00 0.13 0.00 0.00 6.60
2750.00 6.50 0.00 0.00 0.00 0.00 5.70
2760.00 13.63 0.00 0.00 0.00 0.00 7.55
2770.00 9.13 0.00 0.00 0.00 0.00 6.45
2780.00 15.63 0.00 0.00 0.00 0.00 7.75
2790.00 7.13 0.00 0.00 0.00 0.00 5.75
2800.00 8.13 0.00 0.00 0.00 0.00 6.00
2810.00 11.00 0.00 0.00 0.00 0.00 6.80
2820.00 9.75 0.00 0.00 0.00 0.00 6.60
2830.00 10.25 0.00 0.00 0.00 0.00 6.85
2840.00 6.63 0.00 0.00 0.00 0.00 5.45
2850.00 10.88 0.00 0.00 0.00 0.00 6.85
2860.00 11.88 0.00 0.00 0.00 0.00 7.25
2870.00 9.00 0.00 0.00 0.00 0.00 5.95
2880.00 10.38 0.00 0.00 0.00 0.00 6.90
2890.00 16.00 0.00 0.00 0.00 0.00 8.10
2900.00 15.25 0.00 0.00 0.00 0.00 7.85
2910.00 11.00 0.00 0.00 0.00 0.00 6.85
2920.00 8.38 0.00 0.00 0.00 0.00 6.05
2930.00 8.00 0.00 0.00 0.00 0.00 6.05
2940.00 10.13 0.00 0.00 0.00 0.00 6.60
2950.00 5.25 0.00 0.00 0.00 0.00 5.20
2960.00 5.38 0.13 0.13 0.00 0.00 5.65
2970.00 8.00 0.13 0.25 0.00 0.13 6.15
2980.00 9.13 0.00 0.13 0.13 0.00 6.40
2990.00 7.25 0.00 0.00 0.00 0.00 6.00
3000.00 26.00 0.00 0.00 0.00 0.00 10.75
3010.00 10.38 0.00 0.00 0.00 0.00 6.45
3020.00 11.13 0.00 0.00 0.00 0.00 6.95
3030.00 8.13 0.00 0.00 0.00 0.00 6.05
3040.00 7.38 0.00 0.00 0.00 0.00 5.80
3050.00 10.63 0.00 0.00 0.00 0.13 6.55
3060.00 8.13 0.00 0.00 0.00 0.13 5.95
3070.00 10.25 0.00 0.00 0.00 0.00 6.75
3080.00 10.63 0.00 0.00 0.00 0.00 6.75
3090.00 5.38 0.00 0.00 0.13 0.00 5.40
3100.00 11.13 0.00 0.00 0.00 0.13 6.90
3110.00 6.50 0.00 0.00 0.00 0.13 5.85
3120.00 8.38 0.00 0.00 0.13 0.00 6.30
3130.00 10.25 0.00 0.00 0.00 0.00 6.45
3140.00 10.88 0.00 0.00 0.00 0.00 7.15
3150.00 8.50 0.00 0.00 0.00 0.00 6.10
3160.00 11.25 0.00 0.00 0.00 0.00 6.85
3170.00 13.88 0.00 0.00 0.00 0.00 7.40
3180.00 16.50 0.00 0.00 0.00 0.00 8.15
3190.00 13.38 0.00 0.00 0.00 0.00 7.55
3200.00 9.75 0.00 0.00 0.00 0.00 6.50
3210.00 8.50 0.00 0.00 0.00 0.00 6.25
3220.00 9.25 0.00 0.00 0.00 0.00 6.55
3230.00 9.63 0.00 0.00 0.00 0.00 6.45
3240.00 7.00 0.13 0.00 0.00 0.00 5.60
3250.00 7.00 0.00 0.13 0.00 0.13 5.90
3260.00 5.38 0.00 0.00 0.13 0.00 5.25
3270.00 7.50 0.00 0.00 0.13 0.00 5.95
3280.00 11.38 0.00 0.00 0.00 0.13 7.30
3290.00 9.50 0.13 0.00 0.00 0.00 6.10
3300.00 13.00 0.00 0.00 0.00 0.00 7.35
3310.00 11.13 0.00 0.00 0.00 0.00 6.70
3320.00 15.00 0.00 0.00 0.00 0.00 8.30
3330.00 18.38 0.00 0.00 0.00 0.00 8.45
3340.00 4.88 0.00 0.00 0.00 0.00 5.45
3350.00 3.88 0.00 0.00 0.00 0.00 4.85
3360.00 9.00 0.00 0.00 0.00 0.13 6.45
3370.00 11.88 0.00 0.13 0.00 0.00 7.20
3380.00 8.88 0.00 0.13 0.00 0.13 6.25
3390.00 6.38 0.00 0.00 0.00 0.00 5.75
3400.00 8.50 0.00 0.00 0.00 0.00 6.10
3410.00 12.13 0.00 0.00 0.00 0.00 7.10
3420.00 27.75 0.00 0.00 0.00 0.00 11.55
3430.00 7.25 0.00 0.00 0.00 0.00 5.70
3440.00 5.75 0.00 0.00 0.00 0.00 5.55
3450.00 10.00 0.00 0.00 0.00 0.00 6.25
3460.00 5.38 0.00 0.00 0.00 0.13 5.50
3470.00 4.25 0.00 0.00 0.00 0.00 5.15
3480.00 8.00 0.13 0.00 0.00 0.00 5.85
3490.00 6.88 0.00 0.00 0.00 0.13 6.05
3500.00 7.00 0.00 0.25 0.25 0.00 5.95
3510.00 15.88 0.00 0.00 0.00 0.00 8.15
3520.00 15.00 0.00 0.00 0.00 0.00 8.15
3530.00 16.25 0.00 0.00 0.00 0.00 8.10
3540.00 9.38 0.00 0.00 0.00 0.00 6.10
3550.00 6.25 0.00 0.00 0.00 0.00 5.95
3560.00 8.75 0.00 0.00 0.00 0.00 5.90
3570.00 8.00 0.00 0.00 0.00 0.00 6.05
3580.00 10.63 0.00 0.00 0.00 0.00 6.85
3590.00 7.75 0.00 0.13 0.00 0.00 6.05
3600.00 7.63 0.00 0.13 0.00 0.00 5.70
3610.00 15.25 0.00 0.00 0.00 0.00 8.40
3620.00 8.00 0.00 0.00 0.00 0.00 5.90
3630.00 10.38 0.00 0.00 0.00 0.00 7.20
3640.00 5.25 0.00 0.00 0.00 0.13 4.85
3650.00 9.00 0.00 0.00 0.00 0.00 6.25
3660.00 15.25 0.00 0.00 0.00 0.00 8.55
3670.00 10.88 0.00 0.00 0.00 0.00 6.55
3680.00 12.13 0.00 0.00 0.00 0.00 7.20
3690.00 10.50 0.00 0.00 0.00 0.00 6.75
3700.00 8.38 0.00 0.00 0.13 0.00 5.70
3710.00 11.25 0.00 0.00 0.00 0.00 7.20
3720.00 5.75 0.00 0.00 0.00 0.13 5.35
3730.00 9.38 0.00 0.00 0.00 0.00 6.25
3740.00 11.00 0.00 0.00 0.00 0.13 6.60
3750.00 12.88 0.00 0.00 0.00 0.00 7.50
3760.00 9.50 0.00 0.00 0.00 0.00 6.75
3770.00 7.50 0.13 0.00 0.00 0.00 6.05
3780.00 9.13 0.00 0.00 0.00 0.00 6.10
3790.00 11.00 0.00 0.00 0.00 0.00 6.90
3800.00 6.13 0.00 0.00 0.00 0.00 5.55
3810.00 12.00 0.00 0.00 0.00 0.00 7.10
3820.00 13.63 0.00 0.00 0.00 0.00 7.70
3830.00 7.88 0.00 0.00 0.00 0.00 6.10
3840.00 12.25 0.00 0.00 0.00 0.00 7.10
3850.00 10.25 0.00 0.00 0.00 0.00 6.55
3860.00 10.50 0.00 0.00 0.00 0.00 6.80
3870.00 2.63 0.00 0.00 0.00 0.13 4.55
3880.00 12.13 0.13 0.00 0.00 0.00 7.45
3890.00 8.88 0.00 0.00 0.00 0.00 6.25
3900.00 11.88 0.00 0.00 0.00 0.00 7.20
3910.00 19.63 0.00 0.00 0.00 0.00 8.85
3920.00 9.88 0.00 0.00 0.00 0.00 6.80
3930.00 11.88 0.00 0.00 0.00 0.00 7.20
3940.00 9.50 0.00 0.00 0.00 0.00 6.35
3950.00 8.50 0.00 0.00 0.00 0.00 5.85
3960.00 7.25 0.00 0.00 0.00 0.00 6.05
3970.00 3.00 0.00 0.00 0.00 0.13 5.00
3980.00 13.75 0.00 0.00 0.00 0.00 7.40
3990.00 4.88 0.00 0.13 0.00 0.00 5.25
4000.00 7.63 0.00 0.00 0.00 0.00 5.85
