10.00 0.25 0.25 0.88 0.25 0.63 4.95
20.00 0.13 0.38 0.25 0.13 0.00 5.45
30.00 0.00 0.00 0.25 0.38 0.25 4.80
40.00 1.00 0.50 0.25 0.38 0.00 5.60
50.00 0.38 0.38 0.38 0.13 0.38 5.15
60.00 0.25 0.38 0.13 0.50 0.50 5.10
70.00 0.13 0.63 0.00 0.25 0.50 5.00
80.00 0.00 0.38 0.25 0.63 0.38 5.40
90.00 0.63 0.88 0.13 0.13 0.13 5.35
100.00 0.25 0.50 0.25 0.13 0.38 4.85
110.00 0.50 0.13 0.63 0.25 0.13 5.35
120.00 0.75 0.25 0.25 0.38 0.13 5.10
130.00 0.38 0.50 0.25 0.25 0.13 5.35
140.00 0.13 0.25 0.25 0.25 0.13 4.90
150.00 0.38 0.88 0.13 0.25 0.13 5.25
160.00 0.88 0.38 0.00 0.13 0.63 5.15
170.00 0.75 0.25 0.50 0.13 0.38 5.55
180.00 0.75 0.63 0.13 0.13 0.25 5.25
190.00 0.25 0.13 0.50 0.25 0.25 5.25
200.00 0.38 0.25 0.25 0.63 0.13 5.00
210.00 0.38 0.13 0.13 0.75 0.50 5.15
220.00 0.38 1.13 0.13 0.75 0.00 5.55
230.00 0.63 0.63 0.00 0.38 0.50 5.35
240.00 0.13 0.13 0.25 0.50 0.25 5.00
250.00 0.25 0.25 0.63 0.38 0.50 5.45
260.00 0.13 0.25 0.13 0.38 0.75 5.15
270.00 0.50 0.50 0.13 0.25 0.50 5.05
280.00 0.25 0.88 0.38 0.63 0.13 5.50
290.00 0.00 0.38 0.25 0.50 0.50 5.15
300.00 0.63 0.38 0.13 0.50 0.38 5.45
310.00 0.50 0.25 0.38 0.38 0.25 5.10
320.00 0.38 0.50 0.13 0.75 0.13 5.05
330.00 0.25 0.38 0.13 0.50 0.38 5.15
340.00 0.50 0.13 0.38 0.63 0.38 5.40
350.00 0.50 0.50 0.13 0.38 0.00 5.30
360.00 0.13 0.50 0.00 0.50 0.38 5.20
370.00 0.38 0.75 0.25 0.13 0.50 5.35
380.00 0.63 0.25 0.38 0.63 0.13 4.95
390.00 0.38 0.88 0.50 0.13 0.50 5.30
400.00 0.75 0.88 0.13 0.38 0.13 5.40
410.00 0.38 0.75 0.25 0.13 0.25 5.10
420.00 0.25 0.75 0.25 0.25 0.25 5.30
430.00 0.00 0.13 0.88 0.13 0.50 5.05
440.00 0.25 0.25 1.00 0.25 0.13 5.35
450.00 0.38 0.50 0.38 0.00 0.63 5.45
460.00 0.00 0.00 0.50 0.13 0.25 4.60
470.00 0.38 0.75 0.00 0.63 0.50 6.10
480.00 0.38 0.50 0.00 0.50 0.25 4.75
490.00 0.00 0.63 0.38 0.38 0.25 5.20
500.00 0.25 0.50 0.13 0.63 0.00 4.95
510.00 0.13 0.63 0.25 0.38 0.13 5.35
520.00 0.13 0.63 0.38 0.38 0.00 5.45
530.00 0.25 0.38 0.63 0.13 0.13 5.10
540.00 0.75 0.50 0.25 0.13 0.13 5.25
550.00 0.63 0.00 0.25 1.00 0.25 4.90
560.00 1.38 0.13 0.13 0.13 0.38 5.50
570.00 0.63 0.25 0.50 0.25 0.50 5.20
580.00 0.75 0.50 0.13 0.50 0.38 5.50
590.00 0.38 0.75 0.25 0.50 0.13 5.40
600.00 0.50 0.63 0.00 0.50 0.50 5.05
610.00 0.38 0.25 0.00 0.25 0.50 5.05
620.00 0.25 0.25 0.88 0.38 0.25 5.35
630.00 0.38 0.38 0.75 0.25 0.25 5.35
640.00 0.50 0.13 0.63 0.25 0.00 5.25
650.00 0.25 0.50 1.38 0.13 0.00 5.35
660.00 0.38 0.75 0.63 0.13 0.13 5.20
670.00 0.50 0.38 0.25 0.25 0.50 5.00
680.00 0.38 0.38 0.25 0.13 0.63 5.40
690.00 0.38 0.25 0.63 0.25 0.50 5.25
700.00 0.00 0.25 0.25 0.25 0.25 5.05
710.00 0.25 0.63 0.50 0.13 0.63 5.25
720.00 0.13 0.38 0.25 0.38 0.38 5.35
730.00 0.00 0.63 0.25 0.00 0.50 5.15
740.00 0.63 0.13 0.50 0.38 0.50 5.20
750.00 0.50 0.38 0.38 0.13 0.50 5.25
760.00 0.50 0.13 0.63 0.25 0.50 5.20
770.00 0.13 0.13 0.25 0.38 0.88 4.95
780.00 0.25 0.25 0.63 0.00 0.50 5.40
790.00 0.25 0.63 0.75 0.25 0.25 5.00
800.00 0.13 1.13 0.25 0.38 0.13 5.40
810.00 0.13 0.75 0.13 0.38 0.50 5.25
820.00 0.38 0.50 0.50 0.25 0.63 5.05
830.00 0.13 0.38 0.75 0.25 0.38 5.35
840.00 0.38 0.50 0.75 0.38 0.50 5.50
850.00 0.13 0.63 0.13 0.38 0.00 5.10
860.00 0.25 0.50 0.50 0.38 0.63 5.05
870.00 0.25 0.38 0.13 0.25 0.25 5.15
880.00 0.50 1.00 0.13 0.38 0.25 5.30
890.00 0.50 0.50 0.00 0.25 1.00 5.55
900.00 0.75 0.25 0.13 0.88 0.25 4.85
910.00 0.38 0.38 0.25 0.38 0.25 5.45
920.00 0.25 0.38 0.13 0.63 0.38 5.05
930.00 0.38 0.25 0.25 0.13 0.50 5.40
940.00 0.00 0.25 0.38 0.75 0.88 5.25
950.00 0.13 0.00 0.38 0.38 0.25 4.75
960.00 0.63 0.25 0.63 0.50 0.25 5.60
970.00 0.38 0.13 0.63 0.75 0.50 5.00
980.00 0.50 0.50 0.13 0.63 1.00 5.35
990.00 0.13 0.13 0.00 0.63 0.25 5.20
1000.00 0.63 0.50 0.38 0.13 0.38 5.25
1010.00 10.88 0.25 0.00 0.00 0.25 9.15
1020.00 20.75 0.00 0.00 0.00 0.00 12.60
1030.00 20.13 0.00 0.00 0.00 0.00 12.75
1040.00 19.50 0.00 0.00 0.00 0.00 11.20
1050.00 6.75 0.00 0.00 0.00 0.00 7.55
1060.00 5.00 0.00 0.00 0.00 0.00 5.45
1070.00 3.38 0.00 0.00 0.00 0.00 5.80
1080.00 3.38 0.00 0.00 0.00 0.00 5.55
1090.00 5.00 0.00 0.00 0.00 0.13 6.20
1100.00 3.25 0.13 0.00 0.00 0.00 5.35
1110.00 3.38 0.00 0.00 0.13 0.00 5.60
1120.00 3.00 0.13 0.13 0.00 0.00 5.55
1130.00 2.25 0.13 0.25 0.13 0.00 5.40
1140.00 3.50 0.00 0.13 0.13 0.13 5.75
1150.00 4.75 0.00 0.13 0.00 0.13 5.90
1160.00 3.13 0.00 0.00 0.00 0.00 5.50
1170.00 3.00 0.00 0.13 0.13 0.00 5.40
1180.00 3.25 0.00 0.25 0.25 0.00 5.55
1190.00 2.38 0.00 0.13 0.25 0.00 5.35
1200.00 3.88 0.00 0.00 0.00 0.25 5.85
1210.00 4.50 0.13 0.00 0.00 0.00 5.95
1220.00 6.13 0.00 0.00 0.00 0.00 6.60
1230.00 4.63 0.00 0.00 0.13 0.00 6.05
1240.00 3.38 0.25 0.00 0.00 0.00 5.65
1250.00 3.75 0.00 0.00 0.00 0.13 5.65
1260.00 5.63 0.00 0.00 0.13 0.00 6.35
1270.00 4.50 0.00 0.13 0.00 0.00 6.05
1280.00 8.38 0.00 0.00 0.00 0.00 7.85
1290.00 5.75 0.00 0.00 0.00 0.00 6.30
1300.00 6.50 0.00 0.00 0.00 0.00 6.60
1310.00 3.63 0.00 0.00 0.00 0.00 5.60
1320.00 4.88 0.00 0.00 0.00 0.00 5.95
1330.00 6.13 0.00 0.13 0.13 0.00 6.60
1340.00 8.13 0.00 0.00 0.00 0.00 7.60
1350.00 3.38 0.00 0.00 0.00 0.00 5.25
1360.00 9.00 0.00 0.00 0.00 0.00 7.85
1370.00 4.25 0.00 0.00 0.00 0.00 5.65
1380.00 5.63 0.00 0.13 0.00 0.00 6.25
1390.00 4.63 0.00 0.00 0.00 0.00 6.35
1400.00 10.00 0.00 0.00 0.00 0.00 8.10
1410.00 4.00 0.00 0.00 0.00 0.00 5.90
1420.00 5.25 0.00 0.00 0.00 0.00 6.20
1430.00 5.50 0.00 0.00 0.00 0.00 6.30
1440.00 7.75 0.00 0.00 0.00 0.00 7.15
1450.00 6.75 0.00 0.00 0.00 0.00 6.75
1460.00 8.63 0.00 0.00 0.00 0.00 7.90
1470.00 4.75 0.00 0.00 0.00 0.00 6.05
1480.00 5.50 0.00 0.00 0.00 0.00 6.05
1490.00 14.00 0.00 0.00 0.00 0.00 9.95
1500.00 7.88 0.00 0.00 0.00 0.00 7.35
1510.00 6.00 0.00 0.00 0.00 0.00 6.55
1520.00 7.75 0.00 0.00 0.00 0.00 7.35
1530.00 9.63 0.00 0.00 0.00 0.00 7.90
1540.00 6.75 0.00 0.00 0.00 0.00 7.05
1550.00 5.38 0.00 0.00 0.00 0.00 6.10
1560.00 7.00 0.00 0.00 0.00 0.00 6.80
1570.00 7.25 0.00 0.00 0.00 0.00 7.35
1580.00 7.13 0.00 0.00 0.00 0.00 6.95
1590.00 7.13 0.00 0.00 0.00 0.00 6.65
1600.00 6.75 0.00 0.00 0.00 0.00 6.50
1610.00 8.50 0.00 0.00 0.00 0.00 8.10
1620.00 7.13 0.00 0.00 0.00 0.00 6.85
1630.00 7.88 0.00 0.00 0.00 0.00 7.25
1640.00 6.88 0.00 0.00 0.00 0.00 7.05
1650.00 3.88 0.00 0.00 0.00 0.00 5.50
1660.00 10.88 0.00 0.00 0.00 0.00 8.75
1670.00 7.25 0.00 0.00 0.00 0.00 6.75
1680.00 7.00 0.00 0.00 0.00 0.00 6.85
1690.00 7.63 0.00 0.00 0.00 0.00 7.20
1700.00 8.00 0.00 0.00 0.00 0.00 7.95
1710.00 8.50 0.00 0.00 0.00 0.00 7.20
1720.00 6.63 0.00 0.00 0.00 0.00 6.85
1730.00 8.63 0.00 0.00 0.00 0.00 7.40
1740.00 8.00 0.00 0.00 0.00 0.00 7.25
1750.00 9.50 0.00 0.00 0.00 0.00 7.85
1760.00 9.50 0.00 0.00 0.00 0.00 8.40
1770.00 8.50 0.00 0.00 0.00 0.00 7.60
1780.00 6.50 0.00 0.00 0.00 0.00 6.50
1790.00 4.25 0.00 0.00 0.00 0.00 5.65
1800.00 5.63 0.00 0.00 0.00 0.00 6.60
1810.00 8.38 0.00 0.00 0.00 0.00 7.40
1820.00 6.00 0.00 0.00 0.00 0.00 6.45
1830.00 8.13 0.00 0.00 0.00 0.00 7.95
1840.00 7.25 0.00 0.00 0.00 0.00 6.95
1850.00 9.13 0.00 0.00 0.00 0.00 7.65
1860.00 8.50 0.00 0.00 0.00 0.00 7.65
1870.00 10.25 0.00 0.00 0.00 0.00 7.90
1880.00 5.50 0.00 0.00 0.00 0.00 6.25
1890.00 11.13 0.00 0.00 0.00 0.00 8.90
1900.00 8.00 0.00 0.00 0.00 0.00 7.45
1910.00 6.88 0.00 0.00 0.00 0.00 7.20
1920.00 7.75 0.00 0.00 0.00 0.00 6.80
1930.00 6.75 0.00 0.00 0.00 0.00 7.10
1940.00 5.13 0.00 0.13 0.00 0.00 5.65
1950.00 7.38 0.00 0.00 0.00 0.00 6.95
1960.00 10.50 0.00 0.00 0.00 0.00 8.35
1970.00 11.13 0.00 0.00 0.00 0.00 9.20
1980.00 12.13 0.00 0.00 0.00 0.00 9.20
1990.00 4.63 0.00 0.00 0.00 0.00 5.80
2000.00 5.00 0.00 0.00 0.00 0.00 6.30
2010.00 6.75 0.00 0.00 0.00 0.00 6.55
2020.00 12.50 0.00 0.00 0.00 0.00 9.40
2030.00 15.88 0.00 0.00 0.00 0.00 10.75
2040.00 4.50 0.00 0.00 0.00 0.00 5.75
2050.00 5.88 0.00 0.00 0.00 0.00 6.25
2060.00 5.38 0.00 0.00 0.00 0.00 6.50
2070.00 6.13 0.00 0.00 0.00 0.00 6.25
2080.00 8.38 0.00 0.00 0.00 0.00 7.95
2090.00 5.88 0.00 0.00 0.00 0.00 6.20
2100.00 8.13 0.00 0.00 0.00 0.00 7.65
2110.00 7.13 0.00 0.00 0.00 0.00 6.90
2120.00 10.63 0.00 0.00 0.00 0.00 8.50
2130.00 8.38 0.00 0.00 0.00 0.00 7.65
2140.00 5.75 0.00 0.00 0.00 0.00 6.65
2150.00 7.13 0.00 0.00 0.00 0.00 7.10
2160.00 10.50 0.00 0.00 0.00 0.00 8.10
2170.00 7.50 0.00 0.00 0.00 0.00 7.25
2180.00 14.25 0.00 0.00 0.00 0.00 9.90
2190.00 7.00 0.00 0.00 0.00 0.00 6.65
2200.00 6.38 0.00 0.00 0.00 0.00 7.00
2210.00 12.00 0.00 0.00 0.00 0.00 9.15
2220.00 7.00 0.00 0.00 0.00 0.00 6.75
2230.00 8.13 0.00 0.00 0.00 0.00 7.10
2240.00 5.13 0.00 0.00 0.00 0.00 6.45
2250.00 7.00 0.00 0.00 0.00 0.00 6.75
2260.00 10.63 0.00 0.00 0.00 0.00 8.50
2270.00 15.38 0.00 0.00 0.00 0.00 10.75
2280.00 9.75 0.00 0.00 0.00 0.00 7.95
2290.00 7.63 0.00 0.00 0.00 0.00 6.75
2300.00 7.75 0.00 0.00 0.00 0.00 7.65
2310.00 10.25 0.00 0.00 0.00 0.00 8.15
2320.00 10.63 0.00 0.00 0.00 0.00 8.55
2330.00 6.63 0.00 0.00 0.00 0.00 6.90
2340.00 3.50 0.00 0.00 0.00 0.00 5.30
2350.00 7.75 0.00 0.00 0.00 0.00 7.25
2360.00 6.13 0.00 0.00 0.00 0.00 6.95
2370.00 6.50 0.00 0.00 0.00 0.00 6.60
2380.00 8.50 0.00 0.00 0.00 0.00 7.60
2390.00 9.25 0.00 0.00 0.00 0.00 8.20
2400.00 5.25 0.00 0.00 0.00 0.00 5.95
2410.00 11.13 0.00 0.00 0.00 0.00 8.65
2420.00 11.75 0.00 0.00 0.00 0.00 9.20
2430.00 11.88 0.00 0.00 0.00 0.00 9.00
2440.00 7.00 0.00 0.00 0.00 0.00 6.45
2450.00 7.25 0.00 0.00 0.00 0.00 7.50
2460.00 4.25 0.00 0.00 0.00 0.00 5.75
2470.00 7.00 0.00 0.00 0.00 0.00 6.65
2480.00 8.63 0.00 0.00 0.00 0.00 7.70
2490.00 13.00 0.00 0.00 0.00 0.00 9.90
2500.00 6.50 0.00 0.00 0.00 0.00 6.55
2510.00 8.25 0.00 0.00 0.00 0.00 6.90
2520.00 10.13 0.00 0.00 0.00 0.00 8.60
2530.00 7.13 0.00 0.00 0.00 0.00 7.20
2540.00 5.50 0.00 0.00 0.00 0.00 6.05
2550.00 11.63 0.00 0.00 0.00 0.00 9.45
2560.00 9.00 0.00 0.00 0.00 0.00 7.55
2570.00 10.13 0.00 0.00 0.00 0.00 8.30
2580.00 5.75 0.00 0.00 0.00 0.00 5.90
2590.00 5.13 0.00 0.00 0.00 0.00 6.60
2600.00 16.13 0.00 0.00 0.00 0.00 10.55
2610.00 11.38 0.00 0.00 0.00 0.00 8.80
2620.00 6.75 0.00 0.00 0.00 0.00 7.15
2630.00 5.75 0.00 0.00 0.00 0.00 6.25
2640.00 8.00 0.00 0.00 0.00 0.00 7.55
2650.00 5.50 0.00 0.00 0.00 0.00 6.00
2660.00 6.75 0.00 0.00 0.00 0.00 7.00
2670.00 6.75 0.00 0.00 0.00 0.00 6.85
2680.00 7.13 0.00 0.00 0.00 0.00 6.75
2690.00 12.00 0.00 0.00 0.00 0.00 9.35
2700.00 13.13 0.00 0.00 0.00 0.00 9.45
2710.00 8.63 0.00 0.00 0.00 0.00 7.80
2720.00 4.75 0.00 0.00 0.00 0.00 6.25
2730.00 8.00 0.00 0.00 0.00 0.00 6.70
2740.00 11.75 0.00 0.00 0.00 0.00 9.40
2750.00 7.13 0.00 0.00 0.00 0.00 7.20
2760.00 9.50 0.00 0.00 0.00 0.00 7.55
2770.00 8.88 0.00 0.00 0.00 0.00 8.20
2780.00 5.75 0.00 0.00 0.00 0.00 6.30
2790.00 8.13 0.00 0.00 0.00 0.00 7.45
2800.00 6.75 0.00 0.00 0.00 0.00 7.15
2810.00 6.88 0.00 0.00 0.00 0.00 6.50
2820.00 5.25 0.00 0.00 0.00 0.00 6.45
2830.00 22.00 0.00 0.00 0.00 0.00 13.30
2840.00 9.75 0.00 0.00 0.00 0.00 8.00
2850.00 5.13 0.00 0.00 0.00 0.00 6.40
2860.00 3.75 0.00 0.00 0.00 0.00 5.15
2870.00 5.00 0.00 0.00 0.00 0.00 6.25
2880.00 8.00 0.00 0.00 0.00 0.00 7.20
2890.00 5.88 0.00 0.00 0.00 0.00 6.40
2900.00 10.88 0.00 0.00 0.00 0.00 8.35
2910.00 13.88 0.00 0.00 0.00 0.00 10.00
2920.00 13.00 0.00 0.00 0.00 0.00 10.15
2930.00 11.13 0.00 0.00 0.00 0.00 8.55
2940.00 8.25 0.00 0.00 0.00 0.00 7.35
2950.00 4.25 0.00 0.00 0.00 0.00 5.65
2960.00 6.75 0.00 0.00 0.00 0.00 7.00
2970.00 8.00 0.00 0.00 0.00 0.00 7.35
2980.00 12.00 0.00 0.00 0.00 0.00 9.15
2990.00 7.13 0.00 0.00 0.00 0.00 6.65
3000.00 7.63 0.00 0.00 0.00 0.00 7.30
3010.00 7.63 0.00 0.00 0.00 0.00 7.50
3020.00 5.25 0.00 0.00 0.00 0.00 5.90
3030.00 9.25 0.00 0.00 0.00 0.00 7.75
3040.00 6.13 0.00 0.00 0.00 0.00 6.85
3050.00 9.50 0.00 0.00 0.00 0.00 8.25
3060.00 5.25 0.00 0.00 0.00 0.13 6.20
3070.00 7.63 0.00 0.00 0.00 0.00 7.20
3080.00 1.88 0.00 0.00 0.00 0.00 4.80
3090.00 25.25 0.00 0.00 0.00 0.00 14.75
3100.00 9.75 0.00 0.00 0.00 0.00 7.75
3110.00 3.25 0.00 0.00 0.00 0.00 5.85
3120.00 6.50 0.00 0.00 0.00 0.00 6.65
3130.00 6.38 0.00 0.00 0.00 0.00 6.60
3140.00 8.50 0.00 0.00 0.00 0.00 7.45
3150.00 8.25 0.00 0.00 0.00 0.00 7.70
3160.00 15.25 0.00 0.00 0.00 0.00 10.25
3170.00 6.25 0.00 0.00 0.00 0.00 6.95
3180.00 10.63 0.00 0.00 0.00 0.00 8.05
3190.00 8.00 0.00 0.00 0.00 0.00 7.45
3200.00 7.63 0.00 0.00 0.00 0.00 7.10
3210.00 9.25 0.00 0.00 0.00 0.00 7.85
3220.00 7.38 0.00 0.00 0.00 0.00 6.90
3230.00 7.00 0.00 0.00 0.00 0.00 7.30
3240.00 7.38 0.00 0.00 0.00 0.00 7.25
3250.00 5.13 0.00 0.00 0.00 0.00 6.05
3260.00 6.75 0.00 0.00 0.00 0.13 6.80
3270.00 9.88 0.00 0.00 0.00 0.00 7.85
3280.00 8.88 0.00 0.00 0.00 0.00 8.20
3290.00 6.88 0.00 0.00 0.00 0.00 6.80
3300.00 9.63 0.00 0.00 0.00 0.00 8.35
3310.00 5.00 0.00 0.00 0.00 0.00 6.00
3320.00 6.50 0.00 0.00 0.00 0.00 6.75
3330.00 14.75 0.00 0.00 0.00 0.00 10.00
3340.00 14.63 0.00 0.00 0.00 0.00 10.30
3350.00 9.75 0.00 0.00 0.00 0.00 8.10
3360.00 7.38 0.00 0.00 0.00 0.00 7.00
3370.00 7.63 0.00 0.00 0.00 0.00 6.85
3380.00 5.75 0.00 0.00 0.00 0.00 6.75
3390.00 5.63 0.00 0.00 0.00 0.00 6.30
3400.00 7.88 0.00 0.00 0.00 0.00 7.55
3410.00 8.13 0.00 0.00 0.00 0.00 7.00
3420.00 7.63 0.00 0.00 0.00 0.00 7.80
3430.00 6.63 0.00 0.00 0.00 0.00 6.55
3440.00 12.25 0.00 0.00 0.00 0.00 9.40
3450.00 11.25 0.00 0.00 0.00 0.00 8.30
3460.00 6.75 0.00 0.00 0.00 0.00 6.75
3470.00 7.75 0.00 0.00 0.00 0.00 7.70
3480.00 14.13 0.00 0.00 0.00 0.00 9.90
3490.00 7.75 0.00 0.00 0.00 0.00 7.35
3500.00 6.63 0.00 0.00 0.00 0.00 6.70
3510.00 7.75 0.00 0.00 0.00 0.00 7.20
3520.00 7.13 0.00 0.00 0.00 0.00 7.10
3530.00 10.00 0.00 0.00 0.00 0.00 8.30
3540.00 6.63 0.00 0.00 0.00 0.00 6.45
3550.00 10.25 0.00 0.00 0.00 0.00 8.30
3560.00 7.38 0.00 0.00 0.00 0.00 6.90
3570.00 8.25 0.00 0.00 0.00 0.00 7.45
3580.00 7.13 0.00 0.00 0.00 0.00 7.45
3590.00 7.63 0.00 0.00 0.00 0.00 7.25
3600.00 10.25 0.00 0.00 0.00 0.00 8.45
3610.00 8.38 0.00 0.00 0.00 0.00 7.85
3620.00 7.13 0.00 0.00 0.00 0.00 7.15
3630.00 8.75 0.00 0.00 0.00 0.00 7.15
3640.00 11.25 0.00 0.00 0.00 0.00 9.30
3650.00 6.88 0.00 0.00 0.00 0.00 6.55
3660.00 6.63 0.00 0.00 0.00 0.00 6.80
3670.00 9.38 0.00 0.00 0.00 0.00 7.95
3680.00 5.63 0.00 0.00 0.00 0.00 6.50
3690.00 17.50 0.00 0.00 0.00 0.00 11.70
3700.00 10.38 0.00 0.00 0.00 0.00 8.05
3710.00 7.50 0.00 0.00 0.00 0.00 7.10
3720.00 3.00 0.00 0.00 0.00 0.00 5.35
3730.00 7.88 0.00 0.00 0.00 0.00 7.45
3740.00 12.38 0.00 0.00 0.00 0.00 9.20
3750.00 5.75 0.00 0.00 0.00 0.00 6.05
3760.00 10.75 0.00 0.00 0.00 0.00 8.90
3770.00 8.63 0.00 0.00 0.00 0.00 7.55
3780.00 5.50 0.00 0.00 0.00 0.00 6.35
3790.00 8.13 0.00 0.00 0.00 0.00 7.20
3800.00 4.13 0.00 0.00 0.00 0.00 5.70
3810.00 10.63 0.00 0.00 0.00 0.00 8.85
3820.00 8.00 0.00 0.00 0.00 0.00 6.95
3830.00 8.88 0.00 0.00 0.00 0.00 8.10
3840.00 7.13 0.00 0.00 0.00 0.00 6.80
3850.00 15.00 0.00 0.00 0.00 0.00 10.05
3860.00 10.25 0.00 0.00 0.00 0.00 8.35
3870.00 8.75 0.00 0.00 0.00 0.00 7.95
3880.00 9.75 0.00 0.00 0.00 0.00 8.05
3890.00 5.50 0.00 0.00 0.00 0.00 6.55
3900.00 7.38 0.00 0.00 0.00 0.00 7.00
3910.00 5.38 0.00 0.00 0.00 0.00 6.35
3920.00 4.13 0.00 0.00 0.00 0.00 5.75
3930.00 10.00 0.00 0.00 0.00 0.00 7.80
3940.00 14.50 0.00 0.00 0.00 0.00 10.05
3950.00 21.88 0.00 0.00 0.00 0.00 13.45
3960.00 5.50 0.00 0.00 0.00 0.00 6.25
3970.00 5.50 0.00 0.00 0.00 0.00 6.30
3980.00 3.75 0.00 0.00 0.00 0.00 5.45
3990.00 6.63 0.00 0.13 0.00 0.00 7.00
4000.00 9.25 0.00 0.00 0.00 0.00 7.90
