10.00 0.25 0.00 0.00 0.75 0.50 4.95
20.00 0.38 0.38 0.50 0.00 0.88 5.25
30.00 0.13 0.63 0.25 0.38 0.25 5.30
40.00 0.50 0.38 0.38 0.13 0.13 5.15
50.00 1.00 0.13 0.13 0.25 0.25 5.30
60.00 1.00 0.38 0.38 0.25 0.25 5.20
70.00 0.00 0.50 0.63 0.63 0.50 5.45
80.00 0.75 0.50 0.00 0.00 0.25 4.95
90.00 0.25 0.38 0.13 0.38 0.38 5.50
100.00 0.88 0.13 0.38 0.00 0.25 5.15
110.00 0.63 0.38 0.00 0.38 0.13 4.75
120.00 0.13 0.13 0.13 0.75 0.25 5.30
130.00 0.38 0.13 0.88 0.38 0.38 5.10
140.00 0.50 0.25 0.13 0.13 0.00 5.45
150.00 0.38 0.25 0.13 0.38 0.25 4.70
160.00 0.38 0.13 0.25 0.75 0.50 5.40
170.00 0.38 0.25 0.25 0.63 0.63 5.40
180.00 0.50 0.13 0.00 0.13 0.88 5.10
190.00 0.00 0.25 1.00 0.00 0.75 5.00
200.00 0.00 0.00 0.75 0.25 0.25 5.10
210.00 0.50 0.00 0.75 0.63 0.38 5.30
220.00 0.25 0.38 0.25 0.38 0.25 5.15
230.00 0.13 0.38 0.13 0.38 0.38 5.40
240.00 0.38 0.38 0.50 0.13 0.75 5.20
250.00 0.13 0.38 0.00 0.00 0.50 5.20
260.00 0.25 0.50 0.25 0.38 0.13 5.10
270.00 0.13 0.38 0.50 0.63 0.75 5.60
280.00 0.13 0.25 0.63 0.75 0.38 4.80
290.00 0.25 0.25 0.88 0.50 0.50 5.80
300.00 0.75 0.63 0.13 0.38 0.13 5.20
310.00 0.63 0.38 0.00 1.00 0.38 5.00
320.00 0.00 0.13 0.13 0.63 0.13 5.05
330.00 0.38 0.13 0.25 0.50 0.38 5.30
340.00 0.38 0.88 0.25 0.50 0.25 5.35
350.00 0.50 0.13 0.25 0.63 0.25 5.05
360.00 0.50 0.75 0.13 0.13 0.25 5.35
370.00 0.00 0.63 0.25 0.75 0.38 5.35
380.00 0.50 0.25 0.50 0.13 0.13 5.00
390.00 0.25 0.00 0.00 0.25 0.63 5.35
400.00 0.25 0.25 0.63 0.25 0.13 5.05
410.00 0.63 0.38 0.63 0.50 0.38 5.30
420.00 0.13 0.75 0.88 0.00 0.63 5.55
430.00 0.38 0.38 0.13 0.13 1.00 4.90
440.00 0.25 0.50 0.38 0.13 0.50 5.50
450.00 0.00 0.38 0.38 0.38 0.63 5.10
460.00 0.00 0.25 0.25 0.75 0.38 5.45
470.00 0.38 0.63 0.13 0.50 0.13 5.05
480.00 0.25 0.38 0.25 0.50 0.25 5.15
490.00 0.38 0.13 0.63 0.50 0.25 5.30
500.00 0.13 0.25 0.13 0.63 0.13 5.20
510.00 0.00 0.00 0.38 0.50 0.25 5.10
520.00 0.25 0.63 0.88 0.38 0.50 5.30
530.00 0.13 0.50 0.13 0.88 0.13 5.30
540.00 0.13 1.13 0.13 0.38 0.38 4.95
550.00 0.25 0.50 0.13 0.88 0.63 5.60
560.00 0.25 0.25 0.13 0.50 0.38 5.05
570.00 0.25 0.25 0.13 0.38 0.50 5.35
580.00 0.25 0.38 0.75 0.13 0.38 5.60
590.00 0.38 0.00 0.25 0.25 0.50 4.65
600.00 0.38 0.63 0.50 0.13 0.38 5.00
610.00 0.13 0.75 0.63 0.13 0.50 5.40
620.00 0.25 0.00 0.63 0.50 0.63 5.45
630.00 0.50 0.13 0.25 0.50 0.25 5.05
640.00 0.63 0.38 0.63 0.13 0.50 5.40
650.00 0.50 0.50 0.25 0.50 0.50 5.15
660.00 0.38 0.00 0.13 0.13 0.25 5.40
670.00 0.13 0.50 0.25 0.13 0.25 5.10
680.00 0.13 0.25 0.38 0.63 0.13 5.15
690.00 0.50 0.00 0.25 0.75 0.13 5.20
700.00 0.00 0.00 0.63 0.25 0.13 4.80
710.00 0.13 0.38 0.50 0.75 0.00 5.45
720.00 0.50 0.38 1.00 0.25 0.38 5.40
730.00 0.63 0.50 0.00 0.25 0.25 5.10
740.00 0.63 0.13 0.25 0.13 0.13 5.35
750.00 0.63 0.13 0.38 0.38 0.50 5.10
760.00 0.50 0.25 0.50 0.63 0.50 5.35
770.00 0.38 0.13 0.25 0.13 0.25 5.10
780.00 0.38 0.25 0.25 0.13 0.50 5.25
790.00 0.13 0.25 0.25 0.63 0.38 5.25
800.00 0.25 0.13 0.25 0.50 0.63 5.10
810.00 0.00 0.25 0.13 0.75 0.25 4.95
820.00 0.38 0.75 0.25 0.50 0.38 5.60
830.00 0.00 0.50 0.50 0.38 0.38 4.95
840.00 0.25 0.38 0.13 0.13 0.38 4.90
850.00 0.00 0.38 0.63 0.38 0.13 5.55
860.00 0.75 0.25 0.25 0.25 0.25 5.25
870.00 0.25 0.13 0.25 0.38 0.25 4.70
880.00 0.88 0.13 0.25 0.38 0.50 5.70
890.00 0.00 0.50 0.13 0.00 0.38 4.80
900.00 0.25 0.50 0.13 0.75 0.50 5.30
910.00 0.00 0.25 0.25 0.00 0.88 5.35
920.00 0.63 0.38 0.38 0.25 0.13 5.30
930.00 0.00 0.50 0.50 0.50 0.50 5.55
940.00 0.13 0.38 0.00 0.00 1.25 5.20
950.00 0.13 0.25 0.13 0.13 0.50 5.05
960.00 0.25 0.88 0.63 0.25 0.75 5.15
970.00 0.25 0.63 0.38 0.38 0.25 5.20
980.00 0.25 0.38 0.63 0.13 0.50 4.90
990.00 0.25 0.13 0.38 0.38 0.25 5.50
1000.00 0.38 0.50 0.88 0.00 0.63 5.05
1010.00 9.88 0.00 0.25 0.00 0.13 8.75
1020.00 17.13 0.00 0.00 0.00 0.00 11.55
1030.00 17.88 0.00 0.00 0.00 0.00 11.30
1040.00 20.13 0.00 0.00 0.00 0.00 13.05
1050.00 13.50 0.00 0.00 0.00 0.00 10.00
1060.00 3.75 0.00 0.00 0.00 0.00 5.40
1070.00 2.63 0.00 0.00 0.00 0.00 5.00
1080.00 5.13 0.00 0.00 0.00 0.00 6.15
1090.00 3.50 0.00 0.00 0.00 0.00 5.55
1100.00 4.13 0.00 0.00 0.13 0.00 5.60
1110.00 3.75 0.00 0.00 0.00 0.00 5.65
1120.00 4.63 0.00 0.00 0.00 0.00 6.10
1130.00 3.50 0.00 0.00 0.00 0.13 5.70
1140.00 3.25 0.00 0.00 0.00 0.00 5.60
1150.00 4.25 0.00 0.00 0.00 0.00 5.85
1160.00 4.38 0.00 0.00 0.00 0.00 6.00
1170.00 4.13 0.00 0.00 0.00 0.00 6.05
1180.00 2.38 0.00 0.13 0.00 0.13 4.95
1190.00 4.00 0.13 0.00 0.13 0.00 6.35
1200.00 3.63 0.00 0.00 0.00 0.00 5.15
1210.00 4.75 0.00 0.00 0.00 0.00 6.20
1220.00 4.25 0.00 0.00 0.13 0.00 5.90
1230.00 5.13 0.00 0.00 0.13 0.00 6.30
1240.00 6.13 0.00 0.00 0.00 0.00 6.60
1250.00 6.13 0.00 0.00 0.00 0.00 7.05
1260.00 3.75 0.00 0.00 0.00 0.00 5.35
1270.00 5.00 0.13 0.00 0.00 0.00 6.45
1280.00 6.38 0.00 0.00 0.00 0.00 6.55
1290.00 5.75 0.00 0.00 0.00 0.00 6.65
1300.00 3.50 0.00 0.00 0.13 0.00 5.45
1310.00 5.38 0.00 0.00 0.00 0.00 6.40
1320.00 3.50 0.00 0.00 0.00 0.13 5.35
1330.00 3.25 0.00 0.00 0.13 0.00 5.95
1340.00 5.50 0.00 0.00 0.00 0.25 6.50
1350.00 5.00 0.00 0.13 0.00 0.00 6.25
1360.00 4.38 0.13 0.00 0.00 0.00 5.65
1370.00 7.63 0.00 0.00 0.00 0.00 7.60
1380.00 6.00 0.00 0.00 0.00 0.00 6.15
1390.00 5.25 0.00 0.00 0.00 0.00 6.40
1400.00 10.00 0.00 0.00 0.00 0.00 8.40
1410.00 6.25 0.00 0.00 0.00 0.00 6.70
1420.00 5.25 0.00 0.00 0.00 0.00 6.15
1430.00 5.13 0.00 0.00 0.00 0.00 6.35
1440.00 8.88 0.00 0.00 0.00 0.00 7.80
1450.00 3.25 0.00 0.00 0.00 0.00 5.20
1460.00 8.00 0.00 0.00 0.00 0.00 7.60
1470.00 7.75 0.00 0.00 0.00 0.00 7.60
1480.00 5.13 0.00 0.00 0.00 0.00 6.15
1490.00 6.38 0.00 0.00 0.00 0.00 6.75
1500.00 7.88 0.00 0.00 0.00 0.00 7.35
1510.00 3.38 0.00 0.00 0.00 0.00 5.65
1520.00 8.63 0.00 0.00 0.00 0.00 7.90
1530.00 4.25 0.13 0.00 0.00 0.00 5.75
1540.00 4.75 0.00 0.13 0.00 0.00 5.70
1550.00 6.13 0.00 0.00 0.00 0.00 7.10
1560.00 7.38 0.00 0.00 0.00 0.00 7.00
1570.00 6.88 0.00 0.00 0.00 0.00 7.05
1580.00 9.13 0.00 0.00 0.00 0.00 7.85
1590.00 6.63 0.00 0.00 0.00 0.00 6.95
1600.00 6.75 0.00 0.00 0.13 0.00 7.00
1610.00 9.75 0.00 0.00 0.00 0.00 8.65
1620.00 4.63 0.00 0.00 0.00 0.00 5.45
1630.00 10.75 0.00 0.00 0.00 0.00 8.70
1640.00 8.13 0.00 0.00 0.00 0.00 7.45
1650.00 3.50 0.00 0.00 0.00 0.00 5.25
1660.00 6.13 0.00 0.00 0.00 0.00 6.95
1670.00 10.75 0.00 0.00 0.00 0.00 8.55
1680.00 8.13 0.00 0.00 0.00 0.00 7.80
1690.00 8.88 0.00 0.00 0.00 0.00 7.95
1700.00 6.25 0.00 0.00 0.00 0.00 6.70
1710.00 5.38 0.00 0.00 0.00 0.00 6.30
1720.00 8.00 0.00 0.00 0.00 0.00 7.35
1730.00 7.75 0.00 0.00 0.00 0.00 7.45
1740.00 6.63 0.00 0.00 0.00 0.00 7.00
1750.00 6.38 0.00 0.00 0.00 0.00 6.85
1760.00 5.63 0.00 0.00 0.00 0.00 6.15
1770.00 7.88 0.00 0.00 0.00 0.00 7.55
1780.00 5.50 0.00 0.00 0.00 0.00 6.05
1790.00 6.13 0.00 0.00 0.00 0.00 7.00
1800.00 8.50 0.00 0.00 0.00 0.00 7.45
1810.00 6.88 0.00 0.00 0.00 0.00 7.05
1820.00 5.13 0.00 0.00 0.00 0.00 6.30
1830.00 7.75 0.00 0.00 0.00 0.00 7.85
1840.00 8.88 0.00 0.00 0.00 0.00 7.65
1850.00 7.63 0.00 0.00 0.00 0.00 7.30
1860.00 8.00 0.00 0.00 0.00 0.00 7.60
1870.00 4.75 0.00 0.00 0.00 0.00 6.20
1880.00 4.25 0.00 0.00 0.00 0.00 6.00
1890.00 8.38 0.00 0.00 0.00 0.00 7.40
1900.00 13.38 0.00 0.00 0.00 0.00 10.05
1910.00 9.38 0.00 0.00 0.00 0.00 7.65
1920.00 12.75 0.00 0.00 0.00 0.00 9.75
1930.00 7.00 0.00 0.00 0.00 0.00 7.00
1940.00 3.63 0.00 0.00 0.00 0.00 5.50
1950.00 5.00 0.00 0.00 0.00 0.00 5.90
1960.00 9.25 0.00 0.00 0.00 0.00 8.45
1970.00 8.38 0.00 0.00 0.00 0.00 6.85
1980.00 5.63 0.00 0.00 0.00 0.00 6.60
1990.00 3.13 0.00 0.00 0.00 0.00 5.45
2000.00 5.00 0.00 0.00 0.00 0.00 6.25
2010.00 6.75 0.13 0.00 0.00 0.00 7.15
2020.00 18.00 0.00 0.00 0.00 0.00 11.90
2030.00 7.25 0.00 0.00 0.00 0.00 6.85
2040.00 7.75 0.00 0.00 0.00 0.00 7.40
2050.00 10.75 0.00 0.00 0.00 0.00 8.30
2060.00 4.63 0.00 0.00 0.00 0.00 6.30
2070.00 5.13 0.00 0.00 0.00 0.00 6.10
2080.00 9.13 0.00 0.00 0.00 0.00 7.85
2090.00 5.63 0.00 0.00 0.00 0.00 6.60
2100.00 6.75 0.00 0.00 0.00 0.00 6.90
2110.00 6.75 0.00 0.00 0.00 0.00 6.70
2120.00 7.00 0.00 0.00 0.00 0.00 7.10
2130.00 9.25 0.00 0.00 0.00 0.00 8.05
2140.00 9.00 0.00 0.00 0.00 0.00 7.85
2150.00 13.13 0.00 0.00 0.00 0.00 10.05
2160.00 4.13 0.00 0.00 0.00 0.00 5.40
2170.00 10.75 0.00 0.00 0.00 0.00 8.45
2180.00 6.13 0.00 0.00 0.00 0.00 6.85
2190.00 9.38 0.00 0.00 0.00 0.00 8.20
2200.00 8.38 0.00 0.00 0.00 0.00 7.75
2210.00 11.88 0.00 0.00 0.00 0.00 8.85
2220.00 7.50 0.00 0.00 0.00 0.00 7.50
2230.00 6.75 0.00 0.00 0.00 0.00 6.95
2240.00 4.38 0.00 0.00 0.00 0.00 5.60
2250.00 5.00 0.00 0.00 0.00 0.13 6.50
2260.00 5.88 0.00 0.00 0.00 0.00 6.20
2270.00 11.50 0.00 0.00 0.00 0.00 9.30
2280.00 6.50 0.00 0.00 0.00 0.00 6.80
2290.00 4.88 0.00 0.00 0.00 0.00 6.20
2300.00 9.50 0.00 0.00 0.00 0.00 8.20
2310.00 10.25 0.00 0.00 0.00 0.00 8.40
2320.00 7.63 0.00 0.00 0.00 0.00 7.20
2330.00 12.25 0.00 0.00 0.00 0.00 8.70
2340.00 14.75 0.00 0.00 0.00 0.00 11.25
2350.00 5.25 0.00 0.00 0.00 0.00 5.95
2360.00 7.25 0.00 0.00 0.00 0.00 7.15
2370.00 4.63 0.00 0.00 0.00 0.00 6.05
2380.00 5.25 0.00 0.00 0.00 0.00 6.45
2390.00 6.25 0.13 0.00 0.00 0.00 6.75
2400.00 10.63 0.00 0.00 0.00 0.00 8.65
2410.00 12.25 0.00 0.00 0.00 0.00 9.10
2420.00 8.13 0.00 0.00 0.00 0.00 7.60
2430.00 4.38 0.00 0.00 0.00 0.00 5.60
2440.00 10.25 0.00 0.00 0.00 0.00 8.70
2450.00 7.63 0.00 0.00 0.00 0.00 7.40
2460.00 6.25 0.00 0.00 0.00 0.00 6.45
2470.00 8.75 0.00 0.00 0.00 0.00 7.75
2480.00 6.75 0.00 0.00 0.00 0.00 6.65
2490.00 6.38 0.00 0.00 0.00 0.00 6.80
2500.00 6.00 0.00 0.00 0.00 0.00 6.45
2510.00 12.00 0.00 0.00 0.00 0.00 9.60
2520.00 5.00 0.00 0.00 0.00 0.00 6.20
2530.00 7.75 0.00 0.00 0.00 0.00 7.10
2540.00 13.50 0.00 0.00 0.00 0.00 10.10
2550.00 9.13 0.00 0.00 0.00 0.00 7.60
2560.00 5.63 0.00 0.00 0.00 0.00 6.70
2570.00 5.63 0.00 0.00 0.00 0.00 6.20
2580.00 8.50 0.00 0.00 0.00 0.00 7.95
2590.00 7.75 0.00 0.00 0.00 0.00 7.25
2600.00 7.50 0.00 0.00 0.00 0.00 7.05
2610.00 9.00 0.00 0.00 0.00 0.00 8.20
2620.00 5.75 0.00 0.00 0.00 0.00 6.45
2630.00 7.25 0.00 0.00 0.00 0.00 6.90
2640.00 15.75 0.00 0.00 0.00 0.00 11.15
2650.00 11.00 0.00 0.00 0.00 0.00 8.75
2660.00 7.25 0.00 0.00 0.00 0.00 7.35
2670.00 4.88 0.00 0.00 0.00 0.00 5.80
2680.00 3.13 0.00 0.00 0.00 0.00 5.30
2690.00 7.50 0.00 0.00 0.00 0.00 6.95
2700.00 7.13 0.00 0.00 0.00 0.00 7.00
2710.00 11.88 0.00 0.00 0.00 0.00 9.55
2720.00 8.38 0.00 0.00 0.00 0.00 7.25
2730.00 9.38 0.00 0.00 0.00 0.00 8.40
2740.00 8.25 0.00 0.00 0.00 0.00 7.35
2750.00 7.38 0.00 0.00 0.00 0.00 7.50
2760.00 7.38 0.00 0.00 0.00 0.00 7.20
2770.00 12.13 0.00 0.00 0.00 0.00 9.50
2780.00 9.88 0.00 0.00 0.00 0.00 8.20
2790.00 5.38 0.00 0.00 0.00 0.00 6.15
2800.00 10.38 0.00 0.00 0.00 0.00 8.95
2810.00 4.88 0.00 0.00 0.00 0.00 5.85
2820.00 10.13 0.00 0.00 0.00 0.00 8.60
2830.00 5.75 0.00 0.00 0.00 0.00 6.35
2840.00 5.50 0.00 0.00 0.00 0.00 6.25
2850.00 9.50 0.00 0.00 0.00 0.00 8.40
2860.00 7.13 0.00 0.00 0.00 0.00 7.00
2870.00 7.00 0.00 0.00 0.00 0.00 7.05
2880.00 14.50 0.00 0.00 0.00 0.00 10.00
2890.00 11.38 0.00 0.00 0.00 0.00 9.05
2900.00 9.00 0.00 0.00 0.00 0.00 8.05
2910.00 3.00 0.00 0.00 0.00 0.00 5.10
2920.00 5.25 0.00 0.00 0.00 0.00 6.20
2930.00 8.13 0.00 0.00 0.00 0.00 7.70
2940.00 5.75 0.00 0.00 0.00 0.00 6.70
2950.00 11.88 0.00 0.00 0.00 0.00 8.30
2960.00 6.88 0.00 0.00 0.00 0.00 7.75
2970.00 15.13 0.00 0.00 0.00 0.00 10.55
2980.00 6.00 0.00 0.00 0.00 0.00 6.45
2990.00 5.25 0.00 0.00 0.00 0.00 6.50
3000.00 3.88 0.00 0.00 0.00 0.00 5.45
3010.00 11.88 0.00 0.00 0.00 0.00 9.55
3020.00 7.88 0.00 0.00 0.00 0.00 6.95
3030.00 6.25 0.00 0.00 0.00 0.00 6.80
3040.00 14.13 0.00 0.00 0.00 0.00 10.25
3050.00 10.25 0.00 0.00 0.00 0.00 8.20
3060.00 3.75 0.00 0.00 0.00 0.00 6.00
3070.00 7.38 0.00 0.00 0.00 0.00 7.05
3080.00 5.13 0.00 0.00 0.00 0.00 6.50
3090.00 2.50 0.00 0.00 0.00 0.00 5.05
3100.00 14.38 0.00 0.00 0.00 0.00 10.35
3110.00 8.88 0.00 0.00 0.00 0.00 7.35
3120.00 5.75 0.00 0.00 0.00 0.00 7.05
3130.00 6.88 0.00 0.00 0.00 0.00 6.85
3140.00 9.13 0.00 0.00 0.00 0.00 7.75
3150.00 8.50 0.00 0.00 0.00 0.00 7.80
3160.00 13.88 0.00 0.00 0.00 0.00 9.50
3170.00 10.50 0.00 0.00 0.00 0.00 9.40
3180.00 4.88 0.00 0.00 0.00 0.00 5.65
3190.00 7.50 0.00 0.00 0.00 0.00 7.50
3200.00 9.75 0.00 0.00 0.00 0.00 8.40
3210.00 6.75 0.00 0.00 0.00 0.00 6.55
3220.00 11.50 0.00 0.00 0.00 0.00 9.15
3230.00 12.00 0.00 0.00 0.00 0.00 9.30
3240.00 5.38 0.00 0.00 0.00 0.00 6.10
3250.00 5.88 0.00 0.00 0.00 0.00 6.60
3260.00 6.63 0.00 0.00 0.00 0.00 6.55
3270.00 7.75 0.00 0.00 0.00 0.00 7.20
3280.00 8.38 0.00 0.00 0.00 0.00 7.90
3290.00 8.25 0.00 0.00 0.00 0.00 7.20
3300.00 4.38 0.00 0.00 0.00 0.00 6.35
3310.00 10.75 0.00 0.00 0.00 0.00 8.90
3320.00 8.50 0.00 0.00 0.00 0.00 7.60
3330.00 5.25 0.00 0.00 0.00 0.00 6.05
3340.00 12.25 0.00 0.00 0.00 0.00 9.35
3350.00 10.00 0.00 0.00 0.00 0.00 8.20
3360.00 16.50 0.00 0.00 0.00 0.00 11.10
3370.00 8.88 0.00 0.00 0.00 0.00 7.80
3380.00 7.00 0.00 0.00 0.00 0.00 6.80
3390.00 9.13 0.00 0.00 0.00 0.00 8.35
3400.00 8.38 0.00 0.00 0.00 0.00 7.75
3410.00 4.75 0.00 0.00 0.00 0.00 5.50
3420.00 7.00 0.00 0.00 0.00 0.00 7.35
3430.00 8.50 0.00 0.00 0.00 0.00 7.50
3440.00 8.50 0.00 0.00 0.00 0.00 7.65
3450.00 4.38 0.00 0.00 0.00 0.00 6.25
3460.00 7.13 0.00 0.00 0.00 0.00 7.10
3470.00 6.63 0.00 0.00 0.00 0.00 6.80
3480.00 9.75 0.00 0.00 0.00 0.00 8.25
3490.00 4.50 0.00 0.00 0.00 0.00 5.80
3500.00 5.25 0.13 0.00 0.00 0.00 6.35
3510.00 8.13 0.00 0.00 0.00 0.00 7.65
3520.00 21.75 0.00 0.00 0.00 0.00 13.10
3530.00 9.75 0.00 0.00 0.00 0.00 8.70
3540.00 8.75 0.00 0.00 0.00 0.00 6.90
3550.00 3.25 0.00 0.00 0.00 0.00 5.75
3560.00 11.38 0.00 0.00 0.00 0.00 9.00
3570.00 6.00 0.00 0.00 0.00 0.00 6.70
3580.00 6.50 0.00 0.00 0.00 0.00 6.65
3590.00 3.63 0.00 0.00 0.13 0.00 5.65
3600.00 6.13 0.13 0.00 0.00 0.00 6.80
3610.00 10.75 0.00 0.00 0.00 0.00 8.40
3620.00 8.38 0.00 0.00 0.00 0.00 8.05
3630.00 8.75 0.00 0.00 0.00 0.00 7.95
3640.00 14.38 0.00 0.00 0.00 0.00 10.15
3650.00 5.25 0.00 0.00 0.00 0.00 6.05
3660.00 6.50 0.00 0.00 0.00 0.00 6.65
3670.00 11.25 0.00 0.00 0.00 0.00 8.90
3680.00 11.13 0.00 0.00 0.00 0.00 8.95
3690.00 5.88 0.00 0.00 0.00 0.00 6.25
3700.00 7.50 0.00 0.00 0.00 0.00 7.35
3710.00 4.88 0.00 0.00 0.00 0.00 6.15
3720.00 8.13 0.00 0.00 0.00 0.00 7.65
3730.00 12.75 0.00 0.00 0.00 0.00 9.65
3740.00 7.38 0.00 0.00 0.00 0.00 6.85
3750.00 4.25 0.00 0.00 0.00 0.00 5.85
3760.00 9.50 0.00 0.00 0.00 0.00 8.45
3770.00 7.38 0.00 0.00 0.00 0.00 7.05
3780.00 12.38 0.00 0.00 0.00 0.00 9.20
3790.00 5.75 0.00 0.00 0.00 0.00 6.20
3800.00 6.50 0.00 0.00 0.00 0.00 6.80
3810.00 8.75 0.00 0.00 0.00 0.00 7.85
3820.00 11.38 0.00 0.00 0.00 0.00 9.05
3830.00 6.63 0.00 0.00 0.00 0.00 6.75
3840.00 13.25 0.00 0.00 0.00 0.00 9.90
3850.00 5.50 0.00 0.00 0.00 0.00 6.20
3860.00 14.13 0.00 0.00 0.00 0.00 10.25
3870.00 4.75 0.00 0.00 0.00 0.00 5.90
3880.00 7.75 0.00 0.00 0.00 0.00 7.65
3890.00 5.75 0.00 0.00 0.00 0.00 6.10
3900.00 4.50 0.00 0.00 0.00 0.00 6.20
3910.00 9.63 0.00 0.00 0.00 0.00 7.65
3920.00 12.25 0.00 0.00 0.00 0.00 9.90
3930.00 6.38 0.00 0.00 0.00 0.00 6.90
3940.00 7.50 0.00 0.00 0.00 0.00 6.80
3950.00 11.38 0.00 0.00 0.00 0.00 8.85
3960.00 4.00 0.00 0.00 0.00 0.00 6.00
3970.00 11.88 0.00 0.00 0.00 0.00 9.15
3980.00 7.50 0.00 0.00 0.00 0.00 6.90
3990.00 7.38 0.00 0.00 0.00 0.00 7.30
4000.00 11.38 0.00 0.00 0.00 0.00 9.10
