10.00 0.38 0.25 0.38 0.13 0.50 4.75
20.00 0.50 0.63 1.00 0.75 0.38 5.20
30.00 0.88 0.75 0.75 0.50 0.00 4.90
40.00 0.63 1.38 0.88 0.63 0.63 5.35
50.00 0.50 0.88 0.25 0.38 1.00 5.00
60.00 0.50 0.50 0.13 1.25 0.75 5.40
70.00 0.50 0.50 0.63 0.88 0.25 5.00
80.00 1.00 0.38 0.50 0.63 0.63 5.00
90.00 0.88 0.38 0.88 0.75 0.50 5.10
100.00 0.63 0.38 0.63 1.13 0.63 5.20
110.00 0.50 0.38 0.50 0.50 0.75 5.15
120.00 0.88 1.38 0.13 0.38 0.63 5.15
130.00 0.63 1.13 0.13 0.88 0.13 5.10
140.00 0.25 0.50 0.38 0.13 1.13 4.85
150.00 0.25 0.75 1.63 0.50 0.75 5.30
160.00 0.38 0.13 0.63 0.38 0.75 4.90
170.00 0.63 0.63 1.38 0.75 0.38 5.20
180.00 0.63 0.50 0.50 0.88 0.50 5.30
190.00 0.13 0.00 1.00 0.75 0.00 4.95
200.00 0.50 0.50 0.38 0.25 1.13 5.10
210.00 0.75 0.00 0.25 0.00 0.88 4.80
220.00 0.38 0.63 0.75 0.25 0.38 5.10
230.00 0.50 0.63 0.50 0.50 0.63 5.10
240.00 0.88 0.25 0.63 0.63 0.50 5.10
250.00 0.75 0.13 0.38 0.38 1.13 5.40
260.00 0.13 0.13 1.25 0.75 0.75 4.95
270.00 0.00 0.38 1.00 0.13 0.75 4.95
280.00 0.88 0.63 0.50 0.63 0.50 5.05
290.00 0.50 0.38 0.75 0.88 0.88 5.15
300.00 0.38 0.38 0.50 0.13 0.88 5.15
310.00 0.13 0.88 1.13 0.50 1.00 5.05
320.00 0.50 0.25 0.63 0.63 0.63 5.15
330.00 0.38 0.50 0.38 1.13 0.50 4.95
340.00 0.38 0.75 0.50 1.13 0.50 5.15
350.00 1.13 0.63 0.50 0.50 0.75 5.05
360.00 0.75 0.38 0.25 0.38 0.63 5.00
370.00 0.50 0.50 0.75 0.38 0.50 4.95
380.00 0.63 0.38 0.38 0.75 0.75 5.30
390.00 0.38 0.50 0.50 0.63 0.50 5.35
400.00 0.75 0.13 0.50 0.25 0.63 4.70
410.00 0.63 0.38 0.50 0.50 1.00 5.15
420.00 0.88 0.75 0.75 0.25 0.63 5.30
430.00 1.00 2.00 0.50 0.38 0.13 5.35
440.00 0.75 0.25 0.50 1.00 0.25 4.95
450.00 0.50 0.38 0.38 0.88 0.50 5.10
460.00 0.63 0.13 0.50 0.63 0.63 4.85
470.00 0.50 0.50 0.50 0.63 0.25 5.20
480.00 0.50 0.75 0.38 1.00 0.50 4.90
490.00 0.75 0.38 0.50 1.00 0.88 5.10
500.00 0.13 0.13 0.50 0.38 0.25 5.00
510.00 0.50 0.75 0.38 0.75 0.63 5.00
520.00 0.38 1.13 0.50 1.00 0.38 5.15
530.00 0.50 0.50 0.38 0.75 0.38 5.20
540.00 0.50 0.63 0.25 0.63 0.50 4.95
550.00 0.50 0.25 0.88 0.63 0.38 5.05
560.00 0.50 0.63 0.25 0.88 0.38 5.00
570.00 0.50 0.13 0.63 1.00 0.13 5.20
580.00 0.75 0.75 0.25 0.75 0.38 5.30
590.00 0.38 0.88 1.00 0.63 0.63 5.05
600.00 0.38 0.38 0.50 0.63 0.38 4.80
610.00 0.50 0.25 0.88 0.88 0.25 5.20
620.00 0.75 0.25 0.63 0.50 0.63 5.05
630.00 1.13 0.50 0.88 0.75 1.25 5.30
640.00 0.38 0.50 0.63 0.63 0.63 4.95
650.00 0.63 0.38 1.25 1.25 1.00 5.25
660.00 0.38 1.13 0.88 1.00 0.63 5.15
670.00 0.50 0.25 0.50 0.38 0.50 5.00
680.00 0.50 0.50 0.50 0.75 1.00 5.10
690.00 0.13 0.25 0.25 1.00 0.25 4.80
700.00 1.13 0.63 0.50 0.75 1.50 5.40
710.00 0.75 0.38 0.38 0.38 0.38 5.10
720.00 0.88 0.38 0.13 0.88 0.63 5.25
730.00 0.88 0.50 0.50 0.63 0.38 4.90
740.00 0.38 0.88 0.25 0.75 0.88 5.20
750.00 0.63 1.00 0.25 0.38 0.13 4.85
760.00 0.38 1.25 0.25 0.63 0.25 5.35
770.00 0.25 0.25 0.50 0.75 0.63 4.95
780.00 0.63 0.75 0.38 0.75 0.13 4.95
790.00 0.75 0.88 0.25 0.75 0.50 5.05
800.00 0.63 0.38 0.63 0.38 0.38 5.25
810.00 0.38 1.13 0.25 0.25 0.25 4.75
820.00 0.38 1.13 0.25 0.63 0.25 5.10
830.00 0.50 1.00 0.63 1.00 0.25 5.20
840.00 1.25 0.63 0.25 1.00 0.38 5.15
850.00 0.63 0.50 0.38 0.13 0.38 5.15
860.00 0.38 1.00 0.63 0.75 0.25 5.30
870.00 0.25 0.13 0.63 0.13 1.00 4.95
880.00 0.38 0.38 1.25 0.50 0.25 4.95
890.00 0.50 0.88 1.00 0.38 0.75 5.20
900.00 0.25 0.38 0.88 0.38 1.00 5.20
910.00 0.63 0.88 1.25 0.75 1.00 4.90
920.00 0.63 0.13 1.00 0.38 0.88 5.25
930.00 0.63 0.00 0.50 0.13 0.50 4.85
940.00 0.50 0.63 0.13 0.25 1.00 5.00
950.00 1.13 0.38 0.75 0.25 1.13 5.05
960.00 0.75 0.50 0.25 0.50 1.13 5.35
970.00 1.13 0.25 0.25 0.38 0.75 4.85
980.00 0.50 0.25 0.13 0.38 0.75 5.30
990.00 0.38 0.50 0.25 0.13 1.25 4.95
1000.00 0.63 0.38 1.00 0.63 0.75 5.00
1010.00 17.63 0.25 0.63 0.25 0.38 8.20
1020.00 36.38 0.00 0.00 0.00 0.00 12.90
1030.00 30.13 0.00 0.00 0.00 0.00 11.05
1040.00 31.88 0.00 0.00 0.00 0.00 11.55
1050.00 28.25 0.00 0.00 0.00 0.00 11.25
1060.00 27.50 0.00 0.00 0.00 0.00 10.20
1070.00 26.25 0.00 0.00 0.00 0.00 10.25
1080.00 6.75 0.00 0.00 0.00 0.00 5.65
1090.00 4.38 0.00 0.00 0.00 0.00 5.10
1100.00 4.38 0.00 0.00 0.00 0.00 5.10
1110.00 2.88 0.13 0.25 0.13 0.00 4.60
1120.00 2.00 0.38 0.00 0.25 0.00 5.00
1130.00 1.88 0.13 0.13 0.63 0.00 5.05
1140.00 1.38 0.63 0.50 0.50 0.25 5.00
1150.00 0.88 1.00 1.00 0.88 0.50 5.15
1160.00 0.63 0.50 0.75 0.25 0.75 5.15
1170.00 1.00 0.25 0.50 0.25 1.00 5.00
1180.00 0.50 0.63 0.50 0.00 1.25 5.00
1190.00 0.88 0.25 0.50 1.00 0.50 5.30
1200.00 0.75 0.50 0.00 0.63 1.13 5.00
1210.00 1.50 0.75 0.38 0.38 0.75 5.15
1220.00 1.00 0.13 0.25 0.00 0.38 4.95
1230.00 0.75 0.13 0.75 0.00 1.50 5.40
1240.00 0.63 0.25 0.88 0.63 0.50 4.75
1250.00 1.38 0.50 0.50 0.13 0.63 5.10
1260.00 0.63 0.63 0.38 0.25 1.38 5.35
1270.00 0.63 1.00 0.25 0.50 0.38 5.00
1280.00 0.75 0.00 0.63 0.63 0.75 5.20
1290.00 0.75 0.88 0.38 0.63 1.13 5.15
1300.00 0.63 0.38 0.63 0.25 0.88 5.15
1310.00 0.88 0.75 0.25 0.38 1.13 5.20
1320.00 0.50 0.63 0.50 0.75 0.13 4.90
1330.00 0.25 0.75 0.38 0.13 0.75 5.05
1340.00 1.00 1.00 0.25 0.50 0.38 5.25
1350.00 0.63 0.25 1.38 0.50 0.75 5.10
1360.00 0.75 0.25 1.13 0.13 0.50 5.00
1370.00 1.13 1.00 0.50 0.13 0.38 5.25
1380.00 0.50 0.50 0.50 0.50 0.50 5.15
1390.00 0.63 0.13 0.88 0.63 0.38 5.10
1400.00 0.75 0.38 0.50 1.00 0.75 5.20
1410.00 1.38 0.88 0.38 0.38 0.50 5.25
1420.00 1.50 0.50 0.63 0.50 0.63 4.65
1430.00 1.13 0.38 0.50 0.50 1.00 5.50
1440.00 0.63 0.13 0.50 0.50 0.63 4.95
1450.00 1.63 0.13 0.75 0.75 0.13 5.25
1460.00 1.75 0.63 0.75 1.25 0.25 5.45
1470.00 1.13 0.25 0.75 0.50 0.63 4.70
1480.00 0.88 0.38 0.63 0.38 0.38 5.05
1490.00 1.50 0.63 0.88 0.50 0.25 5.25
1500.00 1.75 0.50 0.25 0.38 0.38 5.30
1510.00 1.50 0.25 0.38 0.38 1.13 5.30
1520.00 0.75 0.88 0.25 0.25 0.75 4.65
1530.00 0.75 0.38 1.00 0.25 0.63 5.20
1540.00 0.75 0.50 1.00 0.25 0.25 5.10
1550.00 1.13 0.38 0.38 0.25 0.38 5.15
1560.00 0.75 0.13 0.88 0.38 0.75 5.10
1570.00 1.75 0.50 0.00 0.75 0.63 5.15
1580.00 1.38 0.25 0.50 0.75 0.63 5.25
1590.00 2.50 0.25 0.13 0.75 0.63 5.25
1600.00 2.25 0.63 0.25 1.00 0.75 5.40
1610.00 1.63 0.13 0.50 0.75 0.88 5.00
1620.00 1.50 0.63 0.25 0.13 0.13 5.20
1630.00 2.63 0.38 0.25 0.13 0.50 5.15
1640.00 1.63 0.63 0.75 0.75 0.63 5.00
1650.00 2.00 0.38 0.25 0.50 0.38 5.35
1660.00 1.75 0.25 0.63 1.13 0.50 5.30
1670.00 1.88 0.38 0.13 0.38 0.50 5.10
1680.00 1.75 0.75 0.50 0.63 0.88 5.15
1690.00 0.50 0.63 0.25 0.38 0.50 5.10
1700.00 0.63 0.50 0.25 0.25 0.88 4.95
1710.00 1.25 0.13 0.63 0.88 0.63 5.05
1720.00 1.13 0.38 0.38 0.25 0.75 5.15
1730.00 0.50 0.25 0.63 0.13 1.13 5.05
1740.00 1.25 0.50 0.38 0.50 0.88 5.25
1750.00 1.88 0.25 0.13 0.63 0.50 5.15
1760.00 2.50 0.25 0.13 0.25 0.88 5.05
1770.00 2.25 0.38 0.13 0.25 0.50 5.35
1780.00 2.50 0.38 0.25 0.25 0.38 5.00
1790.00 3.25 0.25 0.38 0.13 0.63 5.60
1800.00 2.75 0.38 0.38 0.38 0.50 5.05
1810.00 3.63 0.13 0.88 0.38 0.25 5.70
1820.00 2.25 0.38 0.25 0.63 0.25 4.90
1830.00 3.88 0.25 0.38 0.63 0.25 5.50
1840.00 5.38 0.13 0.00 0.25 0.13 5.85
1850.00 6.38 0.13 0.25 0.13 0.13 5.65
1860.00 5.38 0.00 0.13 0.00 0.25 5.75
1870.00 4.75 0.13 0.25 0.38 0.00 5.20
1880.00 7.75 0.13 0.13 0.00 0.13 5.75
1890.00 13.38 0.00 0.00 0.00 0.00 7.35
1900.00 12.38 0.00 0.00 0.00 0.00 7.25
1910.00 10.00 0.00 0.00 0.00 0.00 6.00
1920.00 13.50 0.00 0.00 0.00 0.00 7.25
1930.00 6.13 0.13 0.00 0.00 0.00 5.55
1940.00 6.00 0.00 0.13 0.00 0.13 5.20
1950.00 9.13 0.00 0.00 0.00 0.00 6.35
1960.00 6.50 0.00 0.13 0.00 0.00 5.60
1970.00 6.63 0.25 0.13 0.00 0.00 5.45
1980.00 4.63 0.13 0.00 0.13 0.13 5.40
1990.00 3.50 0.25 0.25 0.00 0.13 5.45
2000.00 4.75 0.13 0.00 0.13 0.13 5.20
2010.00 5.50 0.13 0.38 0.13 0.00 5.40
2020.00 2.38 0.13 0.13 0.13 0.50 5.05
2030.00 1.25 1.00 0.75 0.75 0.50 5.00
2040.00 1.38 0.25 0.88 0.50 0.25 5.30
2050.00 0.88 0.50 0.50 0.63 0.50 4.95
2060.00 0.75 0.13 0.25 1.00 0.75 5.30
2070.00 1.25 0.25 0.38 0.75 1.13 5.30
2080.00 1.00 0.50 0.13 0.50 1.25 4.90
2090.00 0.88 0.63 0.25 0.38 0.75 5.05
2100.00 1.00 0.63 0.63 0.25 0.50 5.05
2110.00 0.38 0.88 1.00 0.63 1.25 5.55
2120.00 0.75 0.25 0.38 0.25 0.75 4.90
2130.00 1.00 0.25 0.13 0.63 0.88 4.85
2140.00 1.38 0.50 0.13 0.88 0.63 5.45
2150.00 1.00 0.63 0.13 1.13 0.75 4.95
2160.00 0.75 0.63 0.38 0.50 0.75 5.20
2170.00 1.63 0.38 0.50 0.25 0.75 5.35
2180.00 1.13 0.50 0.38 0.50 0.13 5.00
2190.00 0.63 0.50 0.38 0.13 1.00 4.90
2200.00 1.13 0.50 0.38 0.38 0.75 5.30
2210.00 1.38 0.88 0.13 0.25 0.75 5.00
2220.00 1.00 0.63 0.75 0.38 0.13 5.05
2230.00 0.63 0.50 0.13 1.13 0.88 5.15
2240.00 0.63 0.00 1.13 0.75 1.13 5.15
2250.00 0.25 0.25 0.38 0.38 0.63 5.05
2260.00 1.25 0.88 0.50 1.00 0.50 5.15
2270.00 0.63 0.88 0.13 0.25 1.00 5.05
2280.00 0.50 0.38 1.50 0.38 0.63 5.25
2290.00 0.50 0.00 0.75 0.38 0.75 5.10
2300.00 0.13 0.38 0.63 1.00 0.88 4.85
2310.00 1.50 0.38 1.00 0.25 0.88 5.10
2320.00 0.63 0.38 0.63 0.75 0.13 5.15
2330.00 0.88 0.63 0.88 0.88 0.50 5.25
2340.00 0.63 0.38 0.50 0.63 0.75 5.05
2350.00 1.38 0.38 0.88 0.25 0.38 5.25
2360.00 0.63 0.75 0.50 0.50 0.38 5.15
2370.00 1.13 0.25 0.13 0.38 0.63 4.90
2380.00 2.13 0.13 0.75 0.38 0.88 5.40
2390.00 1.63 0.25 0.13 0.38 0.13 5.20
2400.00 1.25 0.38 0.25 0.88 0.25 5.20
2410.00 2.63 0.13 0.63 0.25 0.63 5.30
2420.00 3.13 0.13 0.13 0.63 0.50 5.05
2430.00 10.50 0.13 0.00 0.13 0.25 7.10
2440.00 74.75 0.00 0.00 0.13 0.00 20.65
2450.00 16.88 0.00 0.00 0.00 0.00 9.00
2460.00 8.63 0.00 0.00 0.00 0.00 6.00
2470.00 4.25 0.00 0.00 0.00 0.00 4.95
2480.00 3.50 0.00 0.00 0.00 0.00 4.90
2490.00 4.50 0.00 0.13 0.00 0.13 4.95
2500.00 3.75 0.25 0.00 0.13 0.00 4.95
2510.00 3.75 0.00 0.13 0.00 0.50 5.35
2520.00 1.25 0.25 0.50 0.00 0.63 5.05
2530.00 1.63 1.13 0.38 0.38 0.38 5.20
2540.00 1.38 0.13 0.38 0.50 0.25 5.00
2550.00 0.75 0.13 0.13 0.50 1.00 5.15
2560.00 0.38 0.25 1.13 0.13 1.13 4.95
2570.00 1.38 0.63 0.88 0.75 0.75 5.40
2580.00 0.38 0.38 0.00 0.75 0.88 4.90
2590.00 0.13 0.63 0.63 0.38 1.13 5.00
2600.00 0.25 0.38 0.50 0.38 0.50 5.10
2610.00 0.38 0.50 0.25 0.50 0.25 5.00
2620.00 1.00 0.38 0.63 0.25 0.88 5.15
2630.00 1.00 1.25 0.25 0.25 0.63 5.20
2640.00 0.88 0.63 0.13 0.50 0.13 4.95
2650.00 1.50 0.50 0.38 0.88 0.63 5.10
2660.00 0.00 0.38 0.75 0.63 0.75 5.40
2670.00 0.75 0.75 0.50 0.38 0.75 4.65
2680.00 1.13 1.25 0.63 0.75 1.00 5.45
2690.00 1.63 0.75 0.25 0.25 0.38 5.30
2700.00 1.00 1.38 0.88 0.38 0.50 5.15
2710.00 0.63 0.75 1.00 0.13 0.50 5.05
2720.00 0.50 0.50 0.25 0.50 0.13 4.95
2730.00 2.13 0.63 0.38 0.25 0.75 5.30
2740.00 0.88 0.38 0.63 0.38 0.88 5.10
2750.00 0.63 0.63 0.63 0.50 0.38 4.95
2760.00 0.75 0.13 0.13 1.25 0.63 5.10
2770.00 0.63 0.25 0.50 0.63 0.00 5.00
2780.00 0.75 1.25 0.50 0.38 0.38 5.25
2790.00 0.75 0.38 0.75 0.88 0.50 4.90
2800.00 1.25 0.25 0.50 0.13 0.50 5.10
2810.00 1.13 0.50 0.25 0.50 0.75 4.95
2820.00 1.25 0.75 0.50 0.25 0.50 5.30
2830.00 1.63 0.13 1.00 1.00 0.50 5.35
2840.00 1.00 0.75 0.25 0.25 0.25 4.85
2850.00 0.50 0.63 0.25 0.88 0.38 5.05
2860.00 1.13 1.25 0.50 1.13 0.50 5.55
2870.00 0.50 0.25 0.38 0.88 0.13 4.70
2880.00 0.75 1.25 0.75 0.75 0.50 5.25
2890.00 0.38 0.13 0.38 0.63 0.25 4.95
2900.00 1.13 0.75 0.25 0.50 0.63 5.45
2910.00 2.25 0.75 0.13 0.50 1.00 5.15
2920.00 2.38 0.25 0.50 0.38 0.88 5.45
2930.00 2.50 0.63 0.00 0.25 0.50 5.10
2940.00 3.50 0.38 0.00 0.25 0.50 5.35
2950.00 5.75 0.38 0.00 0.75 0.00 5.70
2960.00 101.38 0.00 0.00 0.00 0.13 28.40
2970.00 4.25 0.00 0.00 0.00 0.00 4.75
2980.00 5.38 0.00 0.00 0.00 0.00 5.00
2990.00 4.63 0.00 0.00 0.00 0.00 4.90
3000.00 4.38 0.13 0.00 0.00 0.00 5.05
3010.00 5.00 0.13 0.13 0.00 0.13 5.30
3020.00 3.63 0.13 0.25 0.00 0.13 5.05
3030.00 3.00 0.38 0.13 0.00 0.13 5.15
3040.00 1.50 0.63 0.25 0.63 0.50 5.10
3050.00 2.13 0.13 0.50 0.50 0.25 5.15
3060.00 0.88 0.13 0.25 0.50 0.13 4.75
3070.00 1.38 0.38 0.63 0.75 0.75 5.20
3080.00 1.88 0.75 0.38 0.50 0.50 5.35
3090.00 1.38 0.88 0.38 0.38 0.13 4.95
3100.00 0.50 0.75 0.63 0.75 0.25 5.25
3110.00 0.75 0.50 0.63 0.75 0.50 5.10
3120.00 2.38 1.13 0.38 0.63 0.50 5.50
3130.00 1.25 0.50 0.00 0.50 1.13 5.00
3140.00 0.25 0.75 0.38 0.13 0.25 4.70
3150.00 1.13 0.75 0.25 0.50 0.25 5.30
3160.00 1.38 0.63 0.63 0.75 0.38 5.10
3170.00 1.13 0.38 0.25 0.88 0.50 5.15
3180.00 0.38 0.50 0.13 0.13 0.38 5.10
3190.00 1.38 0.63 0.63 0.50 0.50 5.20
3200.00 0.38 0.75 0.63 0.38 0.13 4.75
3210.00 0.88 0.75 0.38 0.50 0.75 5.35
3220.00 0.50 0.88 0.75 0.25 0.50 4.85
3230.00 0.50 0.13 0.63 0.63 0.25 5.25
3240.00 1.38 0.63 0.75 1.00 0.63 5.00
3250.00 1.63 0.38 0.50 0.50 0.38 5.60
3260.00 1.25 0.38 0.38 0.50 0.38 4.80
3270.00 2.38 1.63 0.13 0.00 0.50 5.55
3280.00 0.50 1.38 0.25 0.50 0.38 5.05
3290.00 1.50 0.75 0.63 0.00 0.25 5.15
3300.00 1.00 0.50 0.63 0.13 0.63 4.95
3310.00 1.50 0.50 0.50 0.38 0.13 5.15
3320.00 0.50 0.63 0.50 0.25 1.00 5.35
3330.00 2.38 0.50 0.50 0.50 0.38 5.15
3340.00 1.63 1.13 0.50 0.38 0.50 5.00
3350.00 2.63 0.50 0.25 0.00 0.88 5.30
3360.00 4.63 0.38 0.25 0.38 0.25 5.70
3370.00 5.38 0.00 0.38 0.25 0.00 5.65
3380.00 99.25 0.00 0.00 0.00 0.00 25.60
3390.00 7.63 0.00 0.00 0.00 0.00 7.90
3400.00 4.00 0.00 0.00 0.00 0.00 4.80
3410.00 6.00 0.00 0.00 0.00 0.00 5.20
3420.00 3.63 0.00 0.00 0.00 0.00 4.85
3430.00 3.75 0.13 0.13 0.00 0.13 5.05
3440.00 2.38 0.00 0.38 0.38 0.38 5.10
3450.00 3.00 0.13 0.25 0.13 0.50 5.00
3460.00 2.25 0.13 0.13 0.25 0.38 5.05
3470.00 1.63 0.50 0.38 0.13 0.63 5.10
3480.00 1.50 0.25 0.63 0.25 1.00 5.30
3490.00 1.75 0.50 0.63 0.13 0.13 5.00
3500.00 1.13 1.00 0.88 0.13 0.38 5.25
3510.00 0.38 0.50 0.38 0.38 0.13 4.70
3520.00 0.63 0.38 0.88 0.38 0.25 5.60
3530.00 0.88 0.63 0.38 0.38 0.25 5.05
3540.00 0.38 1.00 0.50 0.13 0.25 5.10
3550.00 1.00 0.88 0.25 0.38 0.38 5.05
3560.00 1.63 1.00 0.63 0.50 0.13 5.10
3570.00 0.38 0.25 1.13 0.38 0.63 5.10
3580.00 0.88 0.50 0.63 0.63 0.25 4.95
3590.00 1.75 0.13 0.25 0.63 1.13 5.30
3600.00 2.00 0.25 0.50 1.00 0.50 5.20
3610.00 0.63 0.75 0.25 0.75 0.88 4.85
3620.00 0.63 0.50 0.50 0.88 0.50 5.15
3630.00 1.13 0.38 0.50 0.75 0.38 5.05
3640.00 0.75 0.75 0.25 0.25 0.63 5.05
3650.00 0.75 0.88 0.13 0.75 0.88 5.15
3660.00 0.75 0.25 0.38 0.63 0.25 5.00
3670.00 2.88 0.75 0.50 0.63 0.00 5.70
3680.00 1.63 0.50 0.50 0.88 0.25 5.00
3690.00 1.13 1.00 0.63 0.25 0.25 4.80
3700.00 1.75 0.88 0.63 0.50 0.38 5.50
3710.00 4.63 0.50 0.50 0.25 0.13 5.60
3720.00 109.13 0.00 0.00 0.13 0.13 30.45
3730.00 1.38 0.00 0.00 0.00 0.00 3.70
3740.00 3.00 0.00 0.00 0.00 0.00 4.65
3750.00 3.50 0.00 0.00 0.00 0.00 4.80
3760.00 5.00 0.00 0.00 0.00 0.13 5.15
3770.00 4.00 0.00 0.00 0.00 0.00 4.80
3780.00 2.63 0.25 0.50 0.63 0.13 5.15
3790.00 1.25 0.25 0.50 0.25 0.50 5.00
3800.00 1.50 0.50 0.25 0.50 0.50 5.15
3810.00 0.88 0.50 0.63 0.25 0.88 4.95
3820.00 1.25 0.25 0.38 0.25 1.13 5.05
3830.00 1.38 0.88 0.38 0.13 0.38 5.50
3840.00 0.75 0.50 1.00 0.25 0.38 4.80
3850.00 0.75 0.00 0.38 0.63 0.88 5.00
3860.00 1.00 0.75 0.63 0.50 0.00 5.25
3870.00 0.88 0.50 1.00 0.38 0.63 5.10
3880.00 0.50 0.25 0.75 1.13 0.50 5.15
3890.00 1.13 0.50 0.63 0.63 0.63 5.20
3900.00 1.25 0.63 0.13 0.88 0.38 5.10
3910.00 0.38 0.88 0.38 0.63 0.00 5.20
3920.00 0.50 1.25 0.63 0.38 0.50 5.00
3930.00 0.25 0.25 0.00 0.75 0.88 4.95
3940.00 0.38 0.75 0.50 0.25 0.75 5.05
3950.00 1.63 0.25 0.38 0.38 0.88 5.35
3960.00 1.13 0.75 0.63 0.38 0.13 5.00
3970.00 0.63 0.38 1.00 0.75 0.38 4.95
3980.00 1.25 0.25 0.63 0.63 0.50 5.15
3990.00 1.00 0.38 0.63 0.50 1.00 5.20
4000.00 2.13 1.00 0.13 0.50 0.13 5.30
