10.00 0.63 1.63 0.13 0.50 0.38 5.30
20.00 0.63 0.38 0.25 0.63 0.63 4.75
30.00 0.38 0.88 0.38 0.50 0.50 5.30
40.00 0.38 1.25 0.50 1.00 0.88 5.10
50.00 1.00 0.88 0.50 0.75 0.63 5.15
60.00 0.88 0.38 0.38 0.25 0.38 4.95
70.00 1.13 0.25 0.88 0.75 0.50 5.10
80.00 0.88 0.25 0.25 0.13 0.88 5.25
90.00 0.75 0.50 0.50 0.13 0.38 5.05
100.00 0.38 0.38 0.75 0.50 0.25 4.90
110.00 0.75 1.13 0.75 0.50 0.38 5.30
120.00 0.63 0.88 0.63 1.00 0.38 5.10
130.00 0.38 1.25 0.50 0.25 0.88 4.90
140.00 0.25 0.63 0.50 0.25 0.88 5.30
150.00 1.00 0.38 0.88 0.50 0.13 5.15
160.00 0.63 0.50 0.75 0.13 0.38 4.70
170.00 1.88 0.25 0.88 0.38 0.50 5.45
180.00 1.00 0.25 0.75 0.75 0.13 5.00
190.00 0.63 0.38 0.63 0.50 0.38 4.90
200.00 1.00 0.75 0.38 0.75 0.63 5.05
210.00 1.00 0.13 1.00 0.13 0.50 5.10
220.00 0.50 0.75 0.88 0.25 0.75 5.35
230.00 0.50 0.63 0.63 0.63 0.38 5.00
240.00 0.88 0.38 0.38 0.38 0.38 5.00
250.00 0.25 0.75 0.50 0.38 0.63 5.10
260.00 1.00 0.63 0.00 0.38 0.38 5.10
270.00 0.50 0.75 0.63 0.75 0.88 5.10
280.00 0.38 0.25 0.50 0.88 0.25 5.05
290.00 0.88 0.75 0.75 0.25 0.50 5.05
300.00 0.50 0.50 1.38 0.50 0.25 5.25
310.00 0.25 0.38 0.63 0.50 0.25 5.15
320.00 0.25 1.00 0.88 0.88 0.25 5.15
330.00 0.00 0.63 1.00 0.38 0.75 4.80
340.00 0.13 1.00 1.00 0.25 0.25 5.15
350.00 0.63 0.75 0.63 0.38 0.38 5.00
360.00 0.50 0.75 0.25 0.50 0.25 5.05
370.00 0.13 0.75 0.13 0.75 0.88 5.30
380.00 0.13 0.88 0.25 0.75 0.63 4.80
390.00 0.63 0.25 0.50 0.88 0.88 5.10
400.00 0.75 0.63 0.75 0.13 0.63 5.05
410.00 0.38 0.25 0.50 0.25 0.75 5.20
420.00 0.75 0.25 0.25 0.63 0.63 4.95
430.00 2.00 0.38 0.50 0.50 0.63 5.15
440.00 0.38 0.88 0.25 0.25 1.13 4.95
450.00 1.13 1.00 0.38 0.25 0.63 5.10
460.00 0.75 0.50 0.63 0.63 0.50 5.35
470.00 0.75 0.25 0.75 0.38 0.25 4.80
480.00 0.63 0.38 0.38 0.63 0.50 5.10
490.00 1.00 1.13 0.63 0.38 0.50 4.95
500.00 0.88 0.50 0.38 0.75 0.50 5.35
510.00 0.63 0.50 1.00 0.88 0.50 5.25
520.00 0.25 0.88 0.25 1.13 0.25 4.95
530.00 0.63 0.75 0.88 0.50 0.38 5.05
540.00 0.75 0.13 1.25 0.50 0.38 5.05
550.00 0.50 0.25 0.50 0.63 0.25 5.00
560.00 0.63 0.38 0.25 0.75 0.25 5.25
570.00 0.50 0.38 1.63 0.50 0.25 5.00
580.00 0.13 0.75 1.00 0.75 0.63 5.25
590.00 0.50 0.75 0.88 0.13 0.75 4.90
600.00 1.00 0.38 0.88 0.38 0.88 5.25
610.00 0.50 0.75 0.38 0.50 1.75 5.15
620.00 0.75 0.25 0.50 0.50 0.63 5.05
630.00 0.88 0.50 0.50 1.00 0.63 5.30
640.00 0.38 0.88 0.38 0.38 1.25 4.85
650.00 0.50 1.00 0.38 0.50 0.75 5.15
660.00 0.13 1.13 0.63 0.50 0.50 5.00
670.00 0.25 0.50 0.63 0.63 0.63 5.15
680.00 0.63 0.38 0.88 1.13 0.50 5.00
690.00 0.63 0.13 0.50 0.38 0.38 4.85
700.00 0.50 0.50 0.50 1.00 0.50 5.30
710.00 0.25 0.38 1.25 1.25 0.38 5.10
720.00 0.88 0.38 0.63 0.50 0.38 4.90
730.00 0.13 0.63 0.38 0.50 0.38 4.95
740.00 1.00 0.13 0.50 0.25 0.50 4.75
750.00 0.50 0.75 0.63 1.00 0.63 5.45
760.00 0.38 0.25 0.50 0.63 0.63 4.90
770.00 0.50 0.38 0.75 0.13 0.50 5.25
780.00 0.75 1.00 0.38 0.38 0.50 5.30
790.00 0.13 0.13 0.88 0.88 0.63 5.10
800.00 0.63 0.50 0.63 0.88 0.75 4.80
810.00 0.50 0.50 0.63 0.63 0.50 5.25
820.00 0.75 0.63 0.50 0.75 0.63 5.05
830.00 0.88 0.63 0.63 0.50 0.50 5.00
840.00 0.25 0.38 1.25 0.38 0.75 5.05
850.00 1.25 0.50 0.50 0.00 0.75 5.00
860.00 0.13 1.13 0.50 0.25 0.63 5.15
870.00 0.88 0.13 0.13 1.00 0.38 5.15
880.00 0.38 1.13 0.13 1.38 0.63 5.15
890.00 0.13 0.50 0.63 0.75 0.00 5.05
900.00 0.25 0.75 0.00 0.25 0.63 5.05
910.00 0.38 0.88 0.50 0.25 0.50 5.00
920.00 0.63 0.75 0.38 0.38 1.13 5.05
930.00 0.63 0.38 0.88 1.13 0.50 5.20
940.00 0.50 1.00 0.38 0.38 0.00 5.10
950.00 0.50 0.13 1.13 1.00 0.63 5.05
960.00 0.88 0.50 0.50 0.88 0.38 4.90
970.00 0.75 0.38 0.75 0.75 0.13 5.10
980.00 1.25 0.75 0.50 0.13 0.88 5.20
990.00 0.38 0.63 0.50 0.88 0.25 5.05
1000.00 0.88 0.50 0.25 0.88 0.25 4.90
1010.00 18.13 0.63 0.38 0.63 0.25 8.75
1020.00 31.75 0.00 0.00 0.00 0.00 11.50
1030.00 34.13 0.00 0.00 0.00 0.00 12.05
1040.00 34.88 0.00 0.00 0.00 0.00 12.20
1050.00 28.75 0.00 0.00 0.00 0.00 10.35
1060.00 23.75 0.00 0.00 0.00 0.00 10.20
1070.00 28.00 0.00 0.00 0.00 0.00 10.60
1080.00 22.75 0.00 0.00 0.00 0.00 9.10
1090.00 24.63 0.00 0.00 0.00 0.00 9.95
1100.00 23.88 0.00 0.00 0.00 0.00 9.60
1110.00 16.88 0.00 0.00 0.00 0.00 8.00
1120.00 9.63 0.00 0.00 0.00 0.00 6.40
1130.00 4.25 0.00 0.00 0.00 0.00 4.65
1140.00 2.25 0.13 0.00 0.00 0.00 4.70
1150.00 2.75 0.38 0.38 0.13 0.13 4.95
1160.00 1.25 0.38 0.13 0.50 0.63 4.80
1170.00 1.13 0.50 0.25 0.50 0.75 5.50
1180.00 0.75 1.00 0.75 0.38 0.50 4.70
1190.00 0.50 0.63 0.63 0.63 0.38 5.25
1200.00 0.50 0.25 0.38 0.63 0.38 5.10
1210.00 0.75 0.75 0.25 1.13 0.38 5.00
1220.00 0.50 0.63 0.25 0.88 0.50 5.00
1230.00 0.38 0.25 0.38 0.38 1.25 5.15
1240.00 0.38 0.63 0.50 0.50 0.50 5.25
1250.00 0.38 0.13 0.38 0.88 0.38 5.05
1260.00 0.88 0.63 0.00 0.88 0.63 5.05
1270.00 0.38 0.50 0.00 0.88 0.63 4.75
1280.00 0.50 0.63 0.38 1.38 0.38 5.25
1290.00 0.25 0.88 0.13 1.38 0.75 5.25
1300.00 0.63 0.13 0.13 0.88 0.38 4.95
1310.00 0.50 0.63 0.50 0.63 0.25 5.20
1320.00 1.13 0.63 0.63 0.25 0.88 5.10
1330.00 1.63 0.13 0.38 0.88 0.13 5.25
1340.00 2.13 0.25 0.38 0.88 0.75 5.30
1350.00 1.63 0.50 0.38 0.13 0.63 5.00
1360.00 0.88 0.38 0.25 0.88 0.50 5.20
1370.00 0.63 0.50 0.88 0.75 0.63 5.05
1380.00 0.88 0.63 0.38 0.75 0.50 5.10
1390.00 0.38 0.75 0.13 0.50 0.63 5.05
1400.00 0.88 0.63 0.38 0.63 0.63 5.15
1410.00 0.50 0.13 1.25 0.63 0.75 5.00
1420.00 0.38 0.50 0.38 0.63 0.63 5.05
1430.00 1.00 1.00 0.13 0.63 0.88 5.30
1440.00 0.63 0.75 0.75 0.25 0.63 4.90
1450.00 0.50 1.25 1.13 0.38 0.88 5.25
1460.00 0.88 0.63 0.50 0.13 0.13 5.00
1470.00 1.00 0.63 0.25 0.13 0.50 5.25
1480.00 1.63 0.50 0.13 0.38 0.38 4.90
1490.00 1.63 0.75 0.25 0.63 0.50 5.20
1500.00 0.88 0.25 0.88 1.00 0.25 5.35
1510.00 0.75 0.75 0.50 1.00 0.13 4.95
1520.00 0.75 0.63 1.25 0.88 0.13 5.25
1530.00 1.63 0.13 1.50 0.38 0.63 5.30
1540.00 1.00 0.25 1.00 0.38 0.38 5.30
1550.00 0.63 0.25 0.50 0.75 0.13 4.70
1560.00 1.13 0.75 0.50 0.75 0.00 5.30
1570.00 0.38 0.38 0.63 0.25 0.13 4.75
1580.00 0.88 0.75 0.50 0.63 0.50 5.10
1590.00 1.38 0.50 0.88 1.38 0.38 5.40
1600.00 0.50 0.88 0.63 0.63 0.38 5.20
1610.00 1.88 0.63 0.13 0.50 0.25 5.05
1620.00 1.25 0.13 0.50 0.63 0.50 5.15
1630.00 0.63 0.38 0.50 0.63 0.63 4.95
1640.00 0.50 0.63 0.75 0.13 0.88 5.10
1650.00 1.25 0.38 0.00 0.88 1.13 5.30
1660.00 0.88 0.63 0.50 1.38 0.25 5.15
1670.00 1.13 0.63 0.25 0.88 1.00 5.20
1680.00 1.50 0.50 0.63 0.63 0.75 5.10
1690.00 1.88 0.63 0.38 0.38 0.75 5.20
1700.00 1.00 0.25 1.00 0.75 0.50 5.10
1710.00 1.38 0.50 0.88 0.25 0.38 5.15
1720.00 0.63 0.25 1.88 0.38 0.50 5.10
1730.00 0.25 0.50 0.63 0.38 0.75 5.10
1740.00 0.50 0.75 0.88 0.75 0.50 4.95
1750.00 0.75 0.25 1.38 0.50 1.00 5.25
1760.00 0.13 0.13 1.13 0.63 0.75 5.05
1770.00 0.63 0.63 0.25 0.63 0.75 4.80
1780.00 0.63 0.63 1.13 0.63 0.50 5.45
1790.00 1.13 0.25 1.00 0.63 0.75 4.90
1800.00 0.88 0.38 0.50 0.75 0.63 5.10
1810.00 1.13 0.88 0.88 0.38 0.00 5.05
1820.00 0.38 0.50 1.13 0.25 0.38 5.20
1830.00 1.63 0.25 0.38 0.38 0.38 4.95
1840.00 1.25 0.38 0.38 0.88 1.00 5.10
1850.00 1.75 0.50 0.13 0.63 0.75 5.40
1860.00 1.00 0.25 0.25 1.25 0.50 5.15
1870.00 1.25 0.50 0.75 0.25 1.13 5.30
1880.00 1.88 0.13 0.13 0.00 0.38 5.05
1890.00 2.63 0.38 0.38 0.13 1.00 5.35
1900.00 3.25 0.50 0.50 0.25 0.25 5.20
1910.00 1.25 0.13 0.75 0.38 0.38 5.10
1920.00 1.50 0.88 0.88 0.50 0.38 5.10
1930.00 0.88 0.25 0.50 0.50 0.25 5.20
1940.00 1.38 0.50 0.63 0.75 0.50 5.25
1950.00 1.00 0.38 0.25 0.13 0.50 5.00
1960.00 1.13 0.50 0.50 0.38 0.50 5.00
1970.00 1.00 1.00 0.63 0.38 0.25 5.20
1980.00 1.25 0.13 0.25 0.63 0.38 4.95
1990.00 1.13 0.00 0.63 0.50 0.88 5.15
2000.00 2.00 0.50 0.25 0.38 0.38 5.05
2010.00 0.75 0.63 0.25 0.88 0.25 5.05
2020.00 0.88 0.88 0.88 0.25 0.63 5.15
2030.00 1.88 0.63 1.00 0.13 0.25 5.30
2040.00 0.75 1.13 1.00 0.13 0.13 4.85
2050.00 0.88 0.75 0.25 0.25 0.38 5.25
2060.00 0.50 0.75 0.13 1.38 0.13 5.00
2070.00 0.50 1.00 0.25 1.00 0.88 4.95
2080.00 1.38 0.50 0.13 0.25 0.25 5.30
2090.00 0.88 0.50 0.25 0.75 0.50 5.05
2100.00 0.38 0.63 0.50 0.63 0.63 4.85
2110.00 0.88 0.13 0.25 0.38 1.25 5.35
2120.00 0.50 0.50 0.25 0.50 0.50 5.20
2130.00 0.63 1.25 0.88 0.38 0.00 4.95
2140.00 0.75 0.88 1.00 0.75 0.25 5.25
2150.00 0.63 0.38 0.88 0.25 0.63 4.95
2160.00 0.13 0.50 0.38 0.75 0.13 5.10
2170.00 0.75 0.38 0.50 0.25 0.75 5.25
2180.00 0.63 0.38 0.63 0.38 0.25 4.85
2190.00 0.75 0.25 1.25 0.38 0.75 5.45
2200.00 1.38 0.50 0.25 0.38 0.75 5.05
2210.00 0.88 0.25 0.50 0.50 0.50 5.05
2220.00 0.88 0.50 0.50 0.38 0.75 5.20
2230.00 0.13 0.63 1.00 0.63 0.38 5.10
2240.00 0.25 0.63 0.63 0.50 0.50 4.85
2250.00 0.25 0.38 0.38 1.00 1.13 5.05
2260.00 0.88 0.38 0.25 0.63 0.88 4.90
2270.00 1.13 0.38 0.75 0.38 0.75 5.40
2280.00 0.88 0.25 0.50 0.00 0.75 5.10
2290.00 1.00 0.25 0.75 0.38 0.25 5.00
2300.00 0.50 0.50 0.38 1.00 0.88 5.30
2310.00 1.00 0.38 0.88 0.63 0.38 4.85
2320.00 1.00 0.50 0.63 0.63 0.50 5.20
2330.00 0.50 0.63 0.75 0.75 0.75 4.80
2340.00 1.63 0.38 0.13 0.50 1.00 5.45
2350.00 1.25 0.13 0.13 0.00 0.38 4.95
2360.00 2.25 0.38 0.63 0.00 0.75 5.25
2370.00 1.75 0.38 0.63 0.63 0.25 5.05
2380.00 0.50 0.63 0.63 0.63 0.25 5.25
2390.00 0.25 0.50 0.38 0.75 0.63 5.10
2400.00 0.00 0.63 0.88 1.25 0.75 4.95
2410.00 0.88 0.38 0.38 0.50 0.63 5.20
2420.00 0.75 0.13 0.63 0.38 0.75 5.25
2430.00 0.88 1.00 0.25 0.38 0.50 4.80
2440.00 1.00 1.13 0.75 0.38 0.88 5.25
2450.00 0.50 1.00 0.13 0.13 1.00 4.85
2460.00 1.25 0.75 0.38 0.13 1.25 5.30
2470.00 0.88 0.00 0.50 0.25 0.13 4.90
2480.00 1.00 0.75 0.50 0.25 0.50 5.15
2490.00 0.38 1.25 0.50 0.13 0.25 5.10
2500.00 1.00 0.88 0.75 0.38 0.63 4.95
2510.00 0.88 1.13 0.63 0.88 0.38 5.30
2520.00 0.63 1.13 0.13 0.75 0.25 5.00
2530.00 0.25 1.00 1.13 1.25 0.25 5.00
2540.00 0.38 1.38 0.50 0.75 0.75 5.30
2550.00 0.25 0.75 0.63 0.25 0.63 4.80
2560.00 0.50 0.50 0.75 0.38 0.75 5.15
2570.00 1.00 0.50 1.13 0.75 0.63 5.25
2580.00 0.50 0.63 0.63 0.25 0.50 4.95
2590.00 0.63 0.38 0.75 0.50 0.63 5.30
2600.00 0.63 0.88 0.25 0.13 0.50 4.90
2610.00 1.38 0.38 0.50 0.25 0.50 5.05
2620.00 1.00 0.75 0.38 1.25 0.25 5.35
2630.00 0.38 1.25 0.50 0.38 0.25 5.10
2640.00 0.63 1.25 0.75 0.25 0.50 4.95
2650.00 1.00 1.00 0.75 1.00 0.63 5.20
2660.00 1.75 0.50 0.50 0.88 0.38 5.30
2670.00 1.13 0.13 0.38 0.25 0.63 5.15
2680.00 1.25 0.25 0.75 0.63 0.50 4.95
2690.00 0.88 0.50 0.88 0.38 0.50 5.00
2700.00 0.63 0.13 0.50 0.88 0.38 5.20
2710.00 0.75 0.75 0.63 0.88 0.25 5.10
2720.00 0.38 0.75 0.50 0.75 0.50 5.05
2730.00 0.63 0.63 0.38 0.38 0.25 4.90
2740.00 1.00 0.50 0.38 0.50 0.63 5.15
2750.00 0.88 0.13 0.50 0.50 0.75 5.10
2760.00 0.63 1.00 0.75 0.63 1.25 5.05
2770.00 0.25 0.88 0.88 0.38 0.50 5.15
2780.00 1.38 0.38 0.75 0.38 0.63 5.15
2790.00 1.00 0.13 0.38 0.13 0.63 5.10
2800.00 0.38 0.00 0.88 0.75 0.13 5.05
2810.00 1.13 0.25 0.63 0.50 0.38 4.85
2820.00 0.88 0.38 0.25 0.50 0.38 5.30
2830.00 1.00 0.75 0.38 0.38 0.63 5.05
2840.00 0.63 0.13 0.63 1.00 0.75 5.00
2850.00 1.38 0.38 0.88 0.88 0.50 5.35
2860.00 1.00 0.38 0.38 0.75 0.63 5.00
2870.00 0.38 0.75 0.38 0.75 1.50 5.25
2880.00 0.50 0.38 0.25 0.38 0.75 4.90
2890.00 1.75 0.38 0.25 0.63 0.75 5.00
2900.00 0.50 0.13 0.75 0.75 0.38 5.25
2910.00 0.63 0.25 0.25 0.88 0.75 5.15
2920.00 0.88 1.13 1.00 0.25 0.38 5.35
2930.00 0.63 0.13 0.88 0.25 0.50 4.80
2940.00 0.88 0.63 0.38 0.50 0.63 5.15
2950.00 0.75 0.75 0.88 0.38 0.63 5.40
2960.00 0.38 0.25 0.63 0.75 0.75 4.55
2970.00 0.38 0.63 0.13 0.50 0.75 5.10
2980.00 0.50 0.75 1.25 0.50 1.00 5.30
2990.00 0.38 0.50 0.25 0.38 0.88 5.00
3000.00 0.50 0.75 0.63 0.50 0.75 4.90
3010.00 0.75 0.50 0.38 0.63 0.50 5.35
3020.00 1.50 0.75 0.13 0.75 0.63 5.00
3030.00 1.50 0.50 0.13 0.63 0.38 5.15
3040.00 0.75 0.50 0.63 0.75 0.50 4.95
3050.00 1.00 0.63 0.25 1.13 0.13 5.05
3060.00 1.13 0.38 0.50 0.75 0.38 5.20
3070.00 0.50 0.50 0.38 0.50 0.50 5.30
3080.00 0.38 0.50 0.88 1.00 0.75 4.90
3090.00 0.50 0.25 1.13 1.00 0.25 5.20
3100.00 0.50 0.38 0.88 1.00 1.13 5.10
3110.00 0.63 0.50 0.88 0.63 1.25 5.00
3120.00 0.75 0.25 0.38 0.13 0.38 4.95
3130.00 0.50 0.75 0.25 0.63 0.75 5.25
3140.00 1.25 0.63 0.25 1.00 0.75 5.15
3150.00 0.38 0.38 0.38 1.00 1.00 5.10
3160.00 0.13 0.50 0.63 1.00 0.25 5.25
3170.00 0.25 1.00 0.50 0.13 0.50 4.95
3180.00 0.63 1.38 0.50 0.38 0.50 5.00
3190.00 0.75 0.63 0.63 0.63 0.38 5.25
3200.00 0.25 0.50 0.50 1.25 0.50 5.00
3210.00 0.50 0.13 0.50 0.63 0.25 5.05
3220.00 1.00 0.25 0.75 0.13 0.38 5.15
3230.00 0.75 0.63 0.13 0.50 0.75 5.00
3240.00 1.00 0.50 0.25 0.63 0.50 5.15
3250.00 1.50 0.75 0.00 0.50 0.25 5.30
3260.00 0.50 0.00 0.50 0.50 0.38 4.90
3270.00 0.50 0.50 0.50 0.75 0.38 5.20
3280.00 1.50 0.50 0.25 0.88 0.13 5.15
3290.00 1.25 0.75 0.38 0.50 0.50 4.90
3300.00 0.50 0.25 0.50 1.13 0.38 5.20
3310.00 0.50 0.38 0.38 0.38 1.13 4.90
3320.00 1.25 0.38 0.38 0.50 0.25 5.15
3330.00 0.63 0.75 0.75 0.25 0.50 5.00
3340.00 1.00 0.38 0.63 0.88 0.88 5.45
3350.00 0.50 0.25 0.38 0.38 1.13 4.80
3360.00 0.63 0.38 0.13 0.88 0.50 5.30
3370.00 0.75 0.50 0.63 0.38 1.00 4.85
3380.00 1.38 0.88 0.13 0.25 0.25 5.25
3390.00 0.63 0.75 0.25 1.25 0.25 4.80
3400.00 0.50 0.25 0.38 0.50 0.38 5.10
3410.00 1.13 0.88 0.38 0.75 0.00 5.40
3420.00 0.50 0.75 0.38 1.00 0.38 5.10
3430.00 0.63 0.25 0.38 0.38 0.63 5.00
3440.00 0.63 0.50 0.75 0.63 0.38 5.00
3450.00 0.50 1.25 0.13 0.75 0.63 5.15
3460.00 0.88 0.38 1.13 0.38 0.63 5.15
3470.00 0.50 0.88 0.50 0.88 0.25 4.85
3480.00 0.88 0.38 0.50 0.75 0.38 5.10
3490.00 0.88 0.88 0.38 0.38 0.25 5.10
3500.00 1.00 1.50 0.38 0.88 0.50 5.15
3510.00 0.13 0.25 1.38 0.63 0.13 5.05
3520.00 0.25 0.13 0.75 0.63 0.38 5.00
3530.00 1.13 0.63 0.75 0.75 0.75 5.10
3540.00 0.75 0.88 0.25 0.63 0.38 5.05
3550.00 0.75 0.88 0.25 0.38 0.75 5.10
3560.00 1.13 0.25 1.00 0.38 0.50 5.05
3570.00 1.13 1.13 0.13 0.25 0.75 5.25
3580.00 0.88 0.50 0.13 0.88 0.25 5.00
3590.00 1.00 0.75 0.25 0.25 0.63 5.15
3600.00 0.75 0.50 0.63 0.38 0.75 4.95
3610.00 0.75 0.13 1.00 0.25 1.38 5.30
3620.00 0.75 0.38 0.25 0.50 0.88 5.05
3630.00 0.63 0.63 0.50 0.38 0.38 5.10
3640.00 2.00 0.25 0.88 0.88 0.13 5.25
3650.00 0.25 0.38 0.38 0.63 0.63 5.05
3660.00 1.00 0.00 0.50 0.38 0.88 5.00
3670.00 0.50 0.25 0.25 0.75 0.25 4.90
3680.00 0.25 0.25 0.50 0.38 0.75 5.30
3690.00 1.25 0.50 0.75 0.25 0.88 5.15
3700.00 0.88 0.38 0.63 0.63 1.00 5.20
3710.00 0.25 0.25 0.63 0.50 0.25 4.70
3720.00 0.88 1.25 1.00 0.38 0.50 5.25
3730.00 0.63 0.75 0.50 0.25 0.88 4.75
3740.00 1.13 0.50 0.50 0.25 0.50 5.35
3750.00 0.75 0.75 0.75 0.63 0.63 5.15
3760.00 1.13 0.63 0.50 0.63 0.88 5.15
3770.00 0.88 0.13 0.75 0.50 0.13 5.20
3780.00 1.25 0.50 0.25 0.50 1.00 4.85
3790.00 0.25 0.88 0.63 1.25 0.25 5.25
3800.00 1.13 0.63 0.25 1.50 0.38 5.05
3810.00 0.50 0.75 0.63 0.75 0.50 5.20
3820.00 0.63 0.38 0.38 0.50 0.63 5.10
3830.00 1.00 0.25 0.75 0.63 0.50 4.95
3840.00 0.88 0.63 0.38 0.38 0.88 5.05
3850.00 0.63 0.63 1.25 0.13 0.38 5.30
3860.00 0.50 0.50 0.50 0.63 0.25 5.10
3870.00 1.00 0.63 0.88 0.63 1.00 5.40
3880.00 0.38 0.25 0.38 0.25 1.25 4.95
3890.00 1.00 0.63 0.75 0.75 0.13 5.25
3900.00 0.75 0.50 0.38 0.38 0.13 4.75
3910.00 0.63 0.88 0.50 0.50 0.75 5.10
3920.00 0.75 1.13 0.25 1.00 0.38 5.15
3930.00 1.25 0.50 0.25 0.50 0.25 5.15
3940.00 0.63 0.63 0.25 0.88 0.50 5.00
3950.00 0.63 0.50 0.25 0.50 1.00 5.30
3960.00 0.25 0.50 0.50 0.88 0.63 4.95
3970.00 0.75 1.00 0.25 0.63 0.50 5.30
3980.00 0.25 0.88 0.88 0.50 0.75 5.10
3990.00 0.88 0.50 0.25 0.13 0.63 4.80
4000.00 0.38 0.50 0.88 0.75 0.88 5.25
