10.00 0.13 0.50 0.75 0.50 0.38 4.75
20.00 0.63 0.75 0.50 0.38 1.00 5.25
30.00 0.13 0.38 0.63 0.25 1.25 4.95
40.00 0.75 1.38 1.25 0.25 0.75 5.25
50.00 0.63 0.88 0.38 0.25 0.63 5.05
60.00 0.50 1.50 0.50 0.38 0.88 5.40
70.00 0.50 1.63 0.00 0.38 0.75 4.85
80.00 0.63 1.25 0.13 0.38 0.63 5.35
90.00 0.63 0.63 0.63 0.38 0.25 4.85
100.00 0.88 0.25 0.25 0.75 0.50 5.25
110.00 0.13 0.38 0.75 0.38 0.25 4.90
120.00 0.50 0.88 1.13 0.25 0.38 5.20
130.00 0.63 0.63 0.50 1.00 0.38 5.00
140.00 1.00 0.75 0.13 0.50 0.50 5.05
150.00 0.63 0.63 0.63 0.38 0.63 5.10
160.00 0.50 0.75 0.75 0.50 0.88 5.35
170.00 0.75 0.88 0.38 0.63 0.25 4.95
180.00 0.50 0.50 0.13 0.75 1.38 5.15
190.00 0.88 0.75 0.25 0.38 0.50 5.20
200.00 0.50 0.75 0.75 0.75 0.38 4.80
210.00 0.75 0.25 0.88 0.50 0.50 5.10
220.00 1.25 0.63 0.50 0.25 0.38 5.25
230.00 0.63 0.88 0.25 0.50 0.13 5.05
240.00 0.38 0.88 0.13 0.38 0.25 4.85
250.00 0.25 1.13 0.50 0.50 0.63 5.25
260.00 0.38 0.50 0.50 0.38 0.13 4.80
270.00 0.13 0.63 0.75 1.25 0.38 5.20
280.00 0.25 0.88 0.63 1.00 0.63 5.15
290.00 1.25 0.00 0.63 0.50 0.50 5.10
300.00 1.00 0.63 0.63 0.63 0.63 5.40
310.00 0.88 0.75 0.13 0.50 0.25 4.90
320.00 0.38 0.38 0.63 0.75 1.13 5.00
330.00 0.13 1.63 0.50 0.25 0.50 5.05
340.00 0.75 0.63 0.25 0.63 0.50 5.10
350.00 1.38 0.75 0.38 0.38 0.38 5.20
360.00 0.13 0.38 0.75 0.38 0.88 4.95
370.00 0.38 0.00 0.50 0.88 1.25 5.15
380.00 0.75 0.38 0.50 0.13 1.25 5.15
390.00 1.25 0.63 0.50 0.50 0.50 5.20
400.00 0.88 0.25 0.63 1.00 0.38 5.05
410.00 0.38 0.00 0.25 0.88 0.75 5.30
420.00 0.38 0.25 1.00 0.63 0.63 4.60
430.00 0.00 0.88 0.88 1.00 1.00 5.40
440.00 0.63 0.25 0.88 0.38 0.75 4.75
450.00 1.00 0.38 1.13 0.38 0.38 5.30
460.00 0.38 0.50 1.25 0.88 0.25 4.75
470.00 0.50 0.75 1.00 0.63 0.63 5.35
480.00 0.75 0.38 1.13 0.25 0.75 5.10
490.00 0.38 0.25 1.13 0.75 0.38 5.15
500.00 0.75 0.38 0.63 0.50 0.50 4.95
510.00 0.25 0.63 1.00 0.25 0.38 5.10
520.00 0.75 0.13 0.50 0.25 0.38 4.95
530.00 0.25 0.13 0.75 0.63 0.75 5.00
540.00 0.38 0.38 0.75 0.50 0.75 5.20
550.00 0.00 0.63 0.38 1.00 0.88 5.15
560.00 0.38 0.38 0.63 0.63 1.25 4.95
570.00 0.63 0.25 0.63 0.25 0.25 4.70
580.00 0.38 0.50 0.38 1.13 0.75 5.45
590.00 0.63 0.13 1.38 0.13 0.13 5.00
600.00 0.88 0.50 0.88 0.38 0.63 5.35
610.00 1.00 0.88 0.25 1.00 0.63 5.05
620.00 1.00 0.63 0.50 0.75 0.13 5.10
630.00 0.13 0.75 0.50 0.63 0.50 5.15
640.00 0.75 0.63 0.63 0.38 0.50 4.75
650.00 1.13 0.13 0.13 0.50 0.63 5.10
660.00 0.88 1.00 0.63 0.88 0.38 5.20
670.00 0.50 0.63 0.38 1.00 0.25 5.05
680.00 0.00 0.50 0.50 0.63 0.88 5.15
690.00 0.38 0.63 0.25 1.00 0.63 5.05
700.00 0.25 0.50 0.38 0.38 1.00 5.05
710.00 0.38 0.25 0.00 0.63 0.75 5.00
720.00 1.38 0.50 0.38 0.63 0.75 5.15
730.00 0.50 0.13 0.75 0.75 0.25 5.15
740.00 1.00 0.50 0.50 0.50 0.88 5.00
750.00 0.13 1.63 0.75 0.38 0.38 5.30
760.00 0.63 0.88 0.75 0.38 0.63 4.95
770.00 0.88 1.13 0.63 0.50 0.63 5.25
780.00 0.63 1.13 0.75 0.38 0.13 5.20
790.00 0.50 1.00 0.38 0.63 0.75 5.15
800.00 0.50 0.63 0.25 0.75 0.63 4.85
810.00 0.25 1.13 0.75 0.50 0.50 5.35
820.00 0.63 2.00 0.25 0.75 0.25 5.20
830.00 0.13 0.63 0.63 0.50 0.25 4.85
840.00 0.75 1.00 0.75 0.50 0.13 5.05
850.00 0.88 0.75 0.50 1.00 0.50 5.35
860.00 0.50 0.63 0.75 1.38 0.25 4.85
870.00 0.75 0.75 0.25 0.75 0.13 5.30
880.00 0.63 0.25 0.38 0.50 0.63 4.75
890.00 0.75 0.25 0.50 0.38 0.75 5.25
900.00 0.13 0.13 1.13 1.00 0.38 5.15
910.00 0.63 0.50 1.00 0.75 0.63 4.85
920.00 0.38 0.38 0.38 1.00 0.63 5.30
930.00 1.00 0.25 1.00 0.38 0.25 5.25
940.00 0.63 1.13 0.88 0.38 0.75 5.35
950.00 0.50 0.25 0.25 0.38 0.50 4.95
960.00 0.75 0.38 0.63 0.25 0.38 4.85
970.00 1.00 0.75 0.38 1.13 0.50 5.45
980.00 0.50 0.63 0.75 0.38 0.38 4.80
990.00 0.50 0.50 0.63 0.50 0.38 5.30
1000.00 0.50 0.75 0.50 1.13 0.63 4.95
1010.00 15.88 0.50 0.38 0.25 0.00 8.25
1020.00 33.38 0.00 0.00 0.00 0.00 12.10
1030.00 30.75 0.00 0.00 0.00 0.00 11.05
1040.00 32.13 0.00 0.00 0.00 0.00 11.55
1050.00 30.00 0.00 0.00 0.00 0.00 11.55
1060.00 25.63 0.00 0.00 0.00 0.00 10.00
1070.00 26.63 0.00 0.00 0.00 0.00 10.50
1080.00 23.50 0.00 0.00 0.00 0.00 9.35
1090.00 24.88 0.00 0.00 0.00 0.00 9.85
1100.00 22.88 0.00 0.00 0.00 0.00 9.80
1110.00 20.75 0.00 0.00 0.00 0.00 8.75
1120.00 6.88 0.00 0.00 0.00 0.00 5.80
1130.00 3.63 0.00 0.00 0.00 0.00 4.65
1140.00 3.50 0.00 0.00 0.00 0.00 4.90
1150.00 3.00 0.13 0.00 0.00 0.00 4.85
1160.00 2.00 0.25 0.00 0.13 0.25 5.00
1170.00 1.25 0.25 0.13 0.25 0.25 4.95
1180.00 1.13 0.38 0.13 0.75 0.25 5.25
1190.00 0.50 0.38 0.50 0.13 0.75 5.00
1200.00 0.13 0.63 0.38 0.75 0.25 5.05
1210.00 1.25 0.75 0.25 1.00 0.38 5.20
1220.00 1.00 0.63 0.75 0.25 0.88 5.00
1230.00 1.13 0.75 0.25 0.88 0.63 5.20
1240.00 1.25 0.75 0.25 0.38 0.25 4.85
1250.00 0.38 0.25 0.75 1.25 0.13 5.15
1260.00 0.75 0.13 0.50 0.63 0.38 5.05
1270.00 0.50 1.13 1.00 0.25 1.13 5.10
1280.00 0.75 0.50 0.25 0.63 0.50 5.30
1290.00 0.63 0.13 0.63 0.63 0.75 5.25
1300.00 1.38 0.13 1.00 0.63 0.88 4.80
1310.00 1.25 0.50 0.38 0.50 0.38 5.05
1320.00 1.00 0.00 0.63 0.38 0.50 5.40
1330.00 1.13 0.38 0.25 0.13 0.63 4.90
1340.00 2.13 0.88 0.00 0.50 0.25 5.20
1350.00 0.88 1.00 0.13 0.25 0.50 5.10
1360.00 1.50 0.63 0.13 0.63 0.75 5.10
1370.00 1.13 1.38 0.38 0.50 0.38 5.30
1380.00 1.75 0.75 0.13 0.75 0.00 5.45
1390.00 1.13 0.25 0.63 0.88 0.25 4.95
1400.00 1.88 0.38 0.63 0.38 0.38 5.05
1410.00 1.38 0.63 0.50 0.75 0.38 5.20
1420.00 3.13 0.25 0.38 0.25 0.38 5.40
1430.00 1.88 0.38 0.00 1.00 0.63 5.55
1440.00 2.75 0.00 0.38 0.88 0.25 5.00
1450.00 2.63 0.50 0.75 0.75 0.00 5.55
1460.00 2.50 0.75 0.00 0.13 0.63 5.10
1470.00 6.00 0.38 0.00 0.63 0.25 5.55
1480.00 23.25 0.00 0.00 0.13 0.00 9.50
1490.00 45.25 0.00 0.00 0.00 0.00 15.45
1500.00 8.38 0.00 0.00 0.00 0.00 5.75
1510.00 8.25 0.00 0.00 0.00 0.00 5.95
1520.00 3.75 0.00 0.00 0.00 0.00 4.75
1530.00 3.75 0.00 0.00 0.13 0.00 5.05
1540.00 6.38 0.13 0.13 0.13 0.13 5.35
1550.00 2.75 0.00 0.13 0.13 0.38 5.10
1560.00 4.50 0.00 0.38 0.13 0.13 5.25
1570.00 3.00 0.25 0.25 0.13 0.25 5.25
1580.00 1.50 0.38 0.13 0.25 0.38 5.00
1590.00 1.75 0.38 0.50 0.13 0.50 5.20
1600.00 2.13 0.38 0.13 0.13 0.50 5.40
1610.00 3.13 0.13 0.25 0.00 0.25 4.95
1620.00 1.63 0.50 0.88 0.63 0.63 5.40
1630.00 0.50 0.38 0.50 0.63 0.50 4.95
1640.00 0.88 0.38 0.38 0.50 0.38 4.90
1650.00 0.75 0.63 0.25 1.00 0.50 5.20
1660.00 1.63 0.38 0.50 0.25 0.25 5.10
1670.00 1.75 0.00 0.25 0.88 1.38 5.35
1680.00 0.63 0.13 0.63 1.00 0.13 4.95
1690.00 0.88 0.38 0.25 0.38 0.50 5.25
1700.00 0.63 0.50 0.63 0.25 1.63 5.00
1710.00 0.38 0.38 0.75 0.13 0.88 4.90
1720.00 2.63 0.13 0.63 0.75 0.50 5.35
1730.00 1.38 0.75 0.50 0.50 0.63 5.50
1740.00 1.38 0.25 0.75 0.38 0.38 4.90
1750.00 1.13 0.75 0.25 0.50 0.25 5.15
1760.00 0.75 0.38 0.25 0.50 0.88 5.10
1770.00 1.38 0.25 0.25 0.63 0.50 5.05
1780.00 1.38 0.38 0.88 0.38 0.38 5.10
1790.00 1.75 0.50 0.50 0.13 0.38 5.10
1800.00 1.63 0.88 0.38 0.50 0.25 5.50
1810.00 1.75 0.25 0.00 0.13 0.25 5.10
1820.00 2.13 0.50 0.63 0.25 0.38 5.10
1830.00 2.25 0.00 0.75 0.75 0.38 5.35
1840.00 1.88 0.00 0.38 0.25 0.88 5.30
1850.00 1.50 0.50 1.13 0.13 1.00 5.45
1860.00 1.25 0.75 0.38 0.13 0.50 4.90
1870.00 1.63 0.88 0.38 0.63 0.38 5.10
1880.00 0.25 0.88 0.50 0.88 0.00 5.15
1890.00 1.63 0.75 0.88 0.00 0.25 5.20
1900.00 1.63 0.75 0.63 0.38 0.38 5.05
1910.00 1.38 0.75 0.50 0.50 0.38 5.20
1920.00 1.38 0.63 0.63 0.13 0.25 4.90
1930.00 1.25 0.38 0.75 0.13 1.13 5.45
1940.00 1.75 0.25 0.63 0.63 0.25 5.00
1950.00 4.38 0.50 0.50 0.25 0.50 5.50
1960.00 7.00 0.13 0.25 0.25 0.00 5.90
1970.00 78.88 0.00 0.13 0.00 0.00 20.80
1980.00 22.75 0.00 0.00 0.00 0.00 11.65
1990.00 5.75 0.00 0.00 0.00 0.00 5.20
2000.00 4.50 0.00 0.00 0.00 0.00 4.90
2010.00 3.63 0.00 0.00 0.00 0.00 5.00
2020.00 4.75 0.00 0.25 0.13 0.00 4.70
2030.00 2.63 0.13 0.25 0.00 0.13 5.15
2040.00 2.88 0.00 0.00 0.25 0.13 5.15
2050.00 1.13 0.13 0.88 0.25 0.13 5.00
2060.00 0.63 0.88 1.63 0.63 0.50 5.05
2070.00 0.63 1.00 0.50 0.38 0.38 5.10
2080.00 0.63 0.75 0.38 0.25 0.13 5.00
2090.00 0.75 1.13 0.75 0.25 0.25 4.95
2100.00 1.25 0.50 0.38 0.63 0.50 5.30
2110.00 1.75 0.38 0.00 0.25 0.25 4.95
2120.00 0.50 0.75 0.38 0.50 0.38 5.15
2130.00 0.75 0.13 0.75 0.38 0.63 5.20
2140.00 1.25 0.38 0.25 0.50 0.38 5.00
2150.00 0.63 1.13 0.75 0.38 0.75 5.20
2160.00 0.25 0.88 0.75 1.00 0.50 5.05
2170.00 0.38 1.00 0.13 0.38 0.13 5.05
2180.00 0.50 0.75 0.50 0.50 0.13 5.10
2190.00 0.50 0.63 0.75 0.50 0.25 5.30
2200.00 0.38 0.38 1.13 0.50 0.63 5.05
2210.00 1.00 0.63 0.25 0.50 0.25 4.90
2220.00 0.25 0.63 0.88 0.13 0.88 5.20
2230.00 0.38 0.50 0.88 0.50 0.38 4.95
2240.00 1.13 1.13 1.00 0.50 0.13 5.15
2250.00 0.50 0.88 0.13 0.38 0.13 5.05
2260.00 0.75 0.25 1.13 0.63 0.13 5.30
2270.00 0.88 1.00 0.63 0.38 0.75 5.00
2280.00 2.50 0.50 0.38 0.13 0.38 5.25
2290.00 2.50 0.13 0.38 0.63 0.50 5.20
2300.00 1.75 0.38 1.00 0.38 0.25 5.25
2310.00 2.38 0.50 0.25 0.63 0.13 5.60
2320.00 2.38 0.25 0.38 0.00 0.13 4.95
2330.00 30.75 0.00 0.25 0.00 0.13 9.90
2340.00 76.63 0.00 0.00 0.00 0.00 23.95
2350.00 4.13 0.00 0.00 0.00 0.00 4.60
2360.00 4.88 0.00 0.00 0.00 0.00 5.00
2370.00 2.63 0.00 0.00 0.00 0.00 4.60
2380.00 4.88 0.00 0.00 0.00 0.00 5.05
2390.00 3.25 0.13 0.00 0.38 0.13 5.10
2400.00 2.38 0.00 0.00 0.38 0.38 4.95
2410.00 1.50 0.38 0.50 0.75 0.38 5.00
2420.00 2.00 0.00 0.25 1.00 0.38 5.20
2430.00 1.13 0.75 0.75 0.75 0.13 5.15
2440.00 0.75 0.38 0.25 1.50 0.50 5.15
2450.00 0.25 0.25 0.25 0.25 0.50 4.85
2460.00 1.88 0.88 0.25 0.00 0.75 5.20
2470.00 0.38 0.63 0.50 0.38 0.50 5.15
2480.00 1.50 0.75 0.13 0.25 0.50 5.10
2490.00 1.13 0.50 0.63 0.25 0.88 5.05
2500.00 0.75 0.63 0.38 0.38 0.88 4.90
2510.00 1.50 0.38 0.38 0.50 0.38 5.25
2520.00 3.13 0.25 0.63 0.50 0.50 5.45
2530.00 2.38 0.38 0.00 0.50 0.38 4.90
2540.00 2.88 0.25 0.63 0.25 0.50 5.60
2550.00 0.88 0.25 0.50 0.63 0.25 5.10
2560.00 2.25 0.50 0.50 0.63 0.13 4.95
2570.00 2.25 0.50 0.13 0.38 0.38 5.30
2580.00 2.13 0.25 0.50 0.38 0.50 5.15
2590.00 5.75 0.50 0.38 0.38 0.25 5.60
2600.00 36.75 0.00 0.13 0.00 0.00 12.40
2610.00 40.13 0.00 0.00 0.00 0.00 14.15
2620.00 8.13 0.00 0.00 0.00 0.00 6.05
2630.00 7.75 0.00 0.00 0.00 0.00 5.50
2640.00 4.75 0.00 0.00 0.00 0.00 5.30
2650.00 4.13 0.13 0.00 0.13 0.13 4.95
2660.00 3.63 0.00 0.13 0.13 0.00 5.00
2670.00 4.25 0.25 0.00 0.25 0.25 5.25
2680.00 1.75 0.50 0.63 0.25 0.25 4.95
2690.00 2.63 0.50 0.13 0.38 0.25 5.20
2700.00 1.00 0.63 0.25 0.63 0.50 5.05
2710.00 2.88 0.25 0.38 0.13 0.38 5.15
2720.00 2.13 0.63 0.38 0.25 0.13 5.45
2730.00 2.00 0.00 0.75 0.38 0.00 5.05
2740.00 1.63 0.13 1.13 0.75 0.50 5.00
2750.00 2.50 0.38 0.13 0.75 0.25 5.55
2760.00 0.75 0.25 0.38 0.13 0.50 4.75
2770.00 0.88 0.63 0.38 0.38 0.38 5.15
2780.00 0.88 0.38 0.88 1.13 0.25 5.10
2790.00 1.13 0.13 0.38 0.63 1.13 5.05
2800.00 1.38 0.00 0.50 0.63 0.63 5.20
2810.00 0.88 0.25 0.13 0.13 0.25 4.90
2820.00 0.38 0.50 0.25 0.88 0.38 5.05
2830.00 1.25 0.25 0.88 0.50 0.38 5.20
2840.00 1.00 0.38 0.63 0.75 0.00 5.30
2850.00 0.38 0.25 1.25 0.25 0.25 4.70
2860.00 1.00 1.00 0.38 1.00 0.13 5.35
2870.00 0.25 0.75 1.25 0.50 0.50 4.95
2880.00 0.75 0.50 0.25 0.50 0.25 5.15
2890.00 0.75 0.13 0.50 0.50 0.25 5.00
2900.00 0.50 0.25 0.88 0.63 0.25 5.15
2910.00 0.75 0.63 1.00 0.13 0.13 5.10
2920.00 2.13 0.38 0.25 0.75 0.75 5.25
2930.00 2.50 0.38 0.25 0.50 0.25 5.20
2940.00 1.75 0.25 0.38 0.50 0.38 5.55
2950.00 2.75 1.13 0.38 0.00 0.25 5.00
2960.00 6.88 0.00 0.38 0.13 0.63 6.20
2970.00 104.50 0.00 0.13 0.00 0.00 29.60
2980.00 2.50 0.00 0.00 0.00 0.00 4.00
2990.00 2.63 0.00 0.00 0.00 0.00 4.35
3000.00 3.63 0.00 0.00 0.00 0.00 4.65
3010.00 3.75 0.00 0.00 0.13 0.00 5.00
3020.00 3.00 0.13 0.13 0.00 0.13 4.95
3030.00 4.25 0.38 0.00 0.50 0.00 5.25
3040.00 2.13 0.00 0.38 0.38 0.50 4.95
3050.00 1.75 0.13 0.38 0.63 0.50 5.05
3060.00 0.75 0.38 0.50 0.13 0.50 4.80
3070.00 1.38 0.25 0.75 0.00 0.13 5.15
3080.00 1.38 0.38 0.50 0.50 0.75 5.25
3090.00 1.25 0.88 0.38 0.38 0.63 5.00
3100.00 1.50 0.38 0.25 0.25 0.63 5.15
3110.00 1.38 0.63 0.38 0.63 0.75 5.35
3120.00 1.75 0.75 0.38 0.00 0.13 4.85
3130.00 1.25 0.88 0.25 0.38 0.38 5.25
3140.00 1.00 0.88 0.50 0.50 0.13 5.15
3150.00 1.63 0.13 0.75 0.63 0.38 5.20
3160.00 0.88 0.88 0.38 0.38 0.50 4.75
3170.00 1.00 0.25 0.50 0.13 0.75 5.05
3180.00 0.75 0.88 0.63 0.75 1.00 5.45
3190.00 1.38 0.25 0.38 0.25 0.00 4.75
3200.00 1.00 0.75 0.88 0.63 0.25 5.25
3210.00 1.00 0.75 0.88 0.75 0.38 5.25
3220.00 0.38 0.38 0.63 0.38 0.38 4.80
3230.00 0.63 0.25 0.75 0.88 0.63 4.90
3240.00 1.88 0.25 0.88 0.63 1.00 5.30
3250.00 1.25 0.50 0.63 0.50 0.38 5.45
3260.00 1.00 0.63 0.50 0.50 0.25 5.20
3270.00 1.38 0.00 0.63 0.38 0.50 5.00
3280.00 1.50 0.63 0.13 1.25 0.50 5.30
3290.00 1.00 1.13 0.25 0.13 0.63 5.05
3300.00 0.63 0.38 0.75 0.50 0.50 4.95
3310.00 1.25 1.00 0.25 0.25 0.63 5.70
3320.00 1.38 1.38 0.50 0.38 0.25 5.30
3330.00 0.63 0.50 0.75 0.38 0.50 4.70
3340.00 1.00 0.88 0.25 0.75 0.63 5.30
3350.00 0.75 0.25 0.50 1.38 0.38 5.10
3360.00 0.25 0.25 0.38 1.00 0.75 5.10
3370.00 1.00 0.50 0.88 0.88 0.38 5.10
3380.00 1.25 0.25 0.75 0.25 1.13 5.35
3390.00 0.50 0.50 0.00 0.38 0.13 5.05
3400.00 1.63 0.50 0.38 0.13 0.88 4.90
3410.00 1.25 0.50 0.38 0.38 1.13 5.35
3420.00 1.00 0.63 0.75 0.13 0.00 5.25
3430.00 4.13 0.25 0.38 0.63 0.38 5.40
3440.00 89.13 0.00 0.13 0.13 0.00 19.55
3450.00 22.50 0.00 0.00 0.00 0.00 15.15
3460.00 3.13 0.00 0.00 0.00 0.00 4.75
3470.00 4.50 0.00 0.00 0.00 0.00 4.85
3480.00 4.63 0.00 0.00 0.00 0.00 4.75
3490.00 5.13 0.00 0.00 0.00 0.00 5.45
3500.00 3.13 0.13 0.13 0.13 0.13 4.85
3510.00 3.63 0.25 0.25 0.13 0.38 5.40
3520.00 2.25 0.38 0.38 0.50 0.13 4.85
3530.00 2.63 0.13 0.25 0.63 0.25 5.40
3540.00 1.38 0.38 0.63 0.50 0.25 4.85
3550.00 1.25 0.38 0.25 1.00 0.25 5.30
3560.00 0.75 0.38 0.50 0.38 0.38 4.90
3570.00 0.50 0.38 1.75 0.38 0.50 5.00
3580.00 1.00 0.13 0.75 0.13 0.88 5.20
3590.00 0.38 0.75 0.25 0.38 0.25 5.15
3600.00 0.63 0.50 0.25 0.25 0.88 5.15
3610.00 0.63 0.75 0.63 0.25 0.88 5.15
3620.00 0.50 0.50 0.63 0.88 0.63 5.05
3630.00 0.88 0.50 0.50 0.25 0.50 5.20
3640.00 1.88 0.75 0.25 0.38 0.38 5.25
3650.00 1.63 0.63 0.38 0.38 0.63 5.20
3660.00 1.63 0.13 0.25 0.25 0.63 5.00
3670.00 1.50 0.75 0.25 0.50 0.38 5.25
3680.00 2.00 0.38 0.50 1.13 0.25 5.00
3690.00 2.88 0.75 0.50 0.25 0.38 5.60
3700.00 5.50 0.25 0.00 0.63 0.13 5.65
3710.00 13.50 0.00 0.00 0.00 0.13 6.85
3720.00 79.75 0.00 0.00 0.00 0.00 23.85
3730.00 6.88 0.00 0.00 0.00 0.00 5.25
3740.00 4.38 0.00 0.00 0.00 0.00 4.75
3750.00 6.50 0.00 0.00 0.00 0.00 5.65
3760.00 3.38 0.00 0.00 0.00 0.00 4.55
3770.00 3.88 0.63 0.00 0.25 0.00 5.30
3780.00 2.50 0.13 0.13 0.13 0.13 4.85
3790.00 1.13 0.25 0.38 0.25 0.25 4.80
3800.00 1.50 0.50 0.25 0.38 0.25 5.25
3810.00 1.25 0.13 0.50 0.50 0.50 5.10
3820.00 1.63 0.50 0.63 0.25 0.50 5.00
3830.00 0.88 0.25 0.25 0.25 0.63 5.25
3840.00 0.13 0.38 0.00 0.50 0.75 4.90
3850.00 0.50 1.00 0.75 0.75 0.25 5.25
3860.00 0.63 0.13 0.25 1.25 0.50 4.80
3870.00 0.38 0.75 0.38 0.75 0.63 5.40
3880.00 0.25 0.00 0.50 1.00 0.75 4.80
3890.00 0.75 0.38 0.38 0.50 0.63 5.00
3900.00 0.50 0.50 0.50 0.25 0.38 5.10
3910.00 0.75 0.25 0.00 0.50 0.63 5.20
3920.00 0.75 0.13 0.75 1.13 1.13 5.10
3930.00 0.75 0.63 0.50 0.63 0.63 4.95
3940.00 0.63 0.63 0.50 0.38 0.50 5.25
3950.00 0.75 0.38 0.75 0.38 0.13 4.65
3960.00 1.75 0.38 0.88 0.38 0.50 5.55
3970.00 0.50 0.38 0.38 0.25 0.75 4.95
3980.00 0.88 1.00 0.38 0.38 0.63 5.00
3990.00 0.50 0.63 0.75 0.50 0.38 5.10
4000.00 1.75 0.50 0.00 0.25 0.38 5.10
