10.00 0.63 0.75 0.25 1.00 0.25 5.05
20.00 0.00 0.75 0.38 0.88 0.75 5.10
30.00 0.50 0.38 0.75 1.00 0.13 5.35
40.00 0.38 0.50 0.38 1.25 0.25 5.15
50.00 0.38 1.25 0.88 0.75 0.13 5.15
60.00 0.38 0.63 0.50 1.50 0.13 5.25
70.00 0.75 0.75 0.25 0.63 0.25 5.15
80.00 1.13 0.63 0.63 0.63 0.50 5.40
90.00 0.63 0.75 0.50 0.88 0.38 4.95
100.00 0.88 0.25 0.13 1.00 0.50 5.25
110.00 0.63 0.50 0.38 1.13 0.25 5.25
120.00 0.75 0.63 0.50 1.13 0.38 5.20
130.00 0.38 0.25 0.13 2.38 0.50 5.60
140.00 0.75 0.50 0.25 1.25 0.38 5.25
150.00 1.38 0.88 0.13 0.25 0.25 4.85
160.00 0.50 0.25 0.38 1.13 0.63 5.25
170.00 0.88 0.88 0.38 0.38 0.88 5.25
180.00 0.50 0.88 0.50 0.25 0.50 5.05
190.00 0.38 0.25 0.63 1.00 0.75 5.10
200.00 0.13 0.38 1.13 0.88 0.63 5.45
210.00 0.25 1.00 0.75 0.13 0.75 5.25
220.00 0.00 0.38 0.38 0.13 1.25 4.95
230.00 0.13 0.38 1.00 0.25 1.00 5.40
240.00 0.00 1.38 0.25 0.13 1.63 5.15
250.00 0.13 0.25 0.50 1.13 0.88 5.45
260.00 0.88 0.63 0.63 1.13 0.63 5.25
270.00 0.00 0.50 0.88 0.50 0.25 5.05
280.00 0.25 1.00 0.50 0.50 0.00 5.15
290.00 0.88 1.25 0.75 0.38 0.13 5.25
300.00 0.88 0.88 0.75 0.25 0.50 5.55
310.00 0.75 0.63 0.25 1.00 0.50 4.85
320.00 0.63 1.13 0.38 0.50 0.75 5.25
330.00 0.63 0.75 1.13 0.38 0.75 5.40
340.00 0.13 0.25 1.13 0.63 0.88 5.10
350.00 0.88 0.25 1.25 0.13 1.00 5.35
360.00 0.38 0.50 0.75 0.13 0.50 5.35
370.00 0.50 1.13 1.00 0.38 0.50 5.30
380.00 0.25 0.38 0.63 0.75 0.25 5.00
390.00 0.25 0.13 1.00 0.38 0.88 5.05
400.00 0.63 0.38 0.63 0.88 0.75 5.20
410.00 0.63 0.25 0.75 0.75 0.63 5.40
420.00 0.63 0.63 1.00 0.63 0.13 5.40
430.00 0.25 0.38 0.50 0.63 0.50 5.00
440.00 1.25 0.63 0.38 0.50 0.88 5.50
450.00 1.13 1.13 0.63 0.00 0.50 5.15
460.00 1.13 0.38 0.25 0.38 0.38 5.05
470.00 0.00 1.00 0.38 0.38 0.50 5.20
480.00 0.50 1.00 0.63 0.38 1.25 5.25
490.00 1.00 0.75 0.13 0.38 0.25 5.35
500.00 0.25 0.63 0.63 1.00 0.50 5.05
510.00 0.13 0.88 0.50 0.63 0.63 5.10
520.00 0.50 0.88 0.88 1.00 0.00 5.40
530.00 0.38 0.25 0.63 0.88 0.50 5.10
540.00 0.38 0.63 0.63 0.38 0.50 5.25
550.00 0.63 0.50 0.50 0.75 0.75 5.40
560.00 1.13 0.50 0.38 0.88 0.00 4.80
570.00 0.50 0.88 0.50 1.00 0.13 5.30
580.00 0.75 0.25 0.38 0.63 0.63 5.35
590.00 0.38 0.63 0.13 0.63 0.63 5.15
600.00 0.13 0.38 0.38 1.00 0.75 5.30
610.00 0.63 0.25 0.38 0.50 0.63 5.00
620.00 0.38 0.75 0.75 1.00 0.88 5.35
630.00 0.25 0.50 0.63 0.63 0.00 5.25
640.00 0.38 1.00 0.88 0.38 0.88 5.10
650.00 0.38 0.63 0.63 0.38 0.50 4.95
660.00 0.75 0.13 0.88 0.38 0.88 5.45
670.00 0.75 0.75 0.63 0.50 0.25 5.25
680.00 0.13 0.75 1.50 0.75 0.63 5.40
690.00 0.88 0.13 0.13 0.50 0.13 4.80
700.00 0.50 1.13 0.38 0.50 0.13 5.25
710.00 0.63 0.50 0.88 0.63 1.00 5.30
720.00 0.38 0.75 0.50 0.13 1.13 5.20
730.00 0.50 0.50 0.88 0.00 0.25 5.30
740.00 0.38 0.75 0.50 1.00 0.63 5.25
750.00 0.88 1.13 1.00 0.25 0.00 5.10
760.00 0.88 0.50 0.50 0.88 0.38 5.30
770.00 0.88 0.50 0.88 0.38 0.25 5.15
780.00 1.13 0.63 1.50 0.38 0.25 5.60
790.00 0.50 1.25 0.63 0.13 0.63 5.40
800.00 0.38 0.75 0.88 0.25 0.13 4.90
810.00 0.50 0.38 0.75 0.38 0.63 5.20
820.00 0.63 0.63 0.50 0.75 0.50 5.25
830.00 1.88 1.00 0.50 0.38 0.38 5.35
840.00 0.75 0.25 0.88 0.38 0.25 5.10
850.00 0.38 0.38 0.13 0.50 1.25 5.25
860.00 0.25 0.50 0.63 0.50 0.63 5.10
870.00 0.75 0.13 0.38 1.25 0.50 5.55
880.00 0.38 0.63 0.50 1.25 0.25 5.20
890.00 0.13 0.88 0.38 1.13 0.25 5.15
900.00 0.50 0.50 0.25 1.00 0.38 5.20
910.00 1.00 0.38 0.50 0.75 0.25 5.20
920.00 0.75 0.50 0.38 0.13 1.25 5.25
930.00 1.13 0.88 0.50 1.00 0.63 5.15
940.00 1.63 0.25 0.13 0.75 0.13 5.25
950.00 0.88 0.38 0.25 1.13 0.75 5.35
960.00 0.50 0.38 0.63 0.88 1.00 5.10
970.00 0.63 0.75 0.75 0.63 0.50 5.15
980.00 1.00 0.50 0.38 0.25 0.63 5.25
990.00 0.63 0.75 0.50 0.38 0.75 5.20
1000.00 0.63 0.38 0.63 0.38 0.75 5.25
1010.00 19.88 0.13 0.13 0.13 0.13 10.10
1020.00 6.38 0.00 0.00 0.00 0.00 5.45
1030.00 9.50 0.00 0.00 0.13 0.00 6.80
1040.00 5.13 0.00 0.00 0.00 0.00 5.35
1050.00 7.25 0.00 0.00 0.13 0.25 6.00
1060.00 6.63 0.00 0.00 0.13 0.00 5.70
1070.00 5.38 0.00 0.00 0.00 0.00 5.65
1080.00 5.63 0.00 0.25 0.00 0.00 5.85
1090.00 8.13 0.00 0.00 0.00 0.13 6.25
1100.00 10.13 0.00 0.00 0.00 0.00 6.75
1110.00 8.63 0.00 0.00 0.00 0.00 6.35
1120.00 10.25 0.00 0.00 0.00 0.00 6.80
1130.00 7.00 0.00 0.00 0.00 0.00 5.85
1140.00 10.63 0.00 0.00 0.00 0.00 6.95
1150.00 8.63 0.00 0.00 0.13 0.00 6.20
1160.00 11.38 0.00 0.00 0.00 0.00 7.25
1170.00 14.25 0.00 0.00 0.00 0.00 7.80
1180.00 11.63 0.00 0.00 0.00 0.00 7.15
1190.00 12.00 0.00 0.00 0.00 0.00 7.10
1200.00 7.63 0.00 0.00 0.00 0.00 6.10
1210.00 10.38 0.00 0.00 0.00 0.00 7.00
1220.00 10.50 0.00 0.00 0.00 0.00 6.95
1230.00 9.00 0.00 0.13 0.00 0.00 6.35
1240.00 11.25 0.00 0.13 0.00 0.00 7.00
1250.00 9.75 0.00 0.00 0.00 0.00 6.95
1260.00 8.50 0.00 0.00 0.00 0.00 6.00
1270.00 11.88 0.00 0.00 0.00 0.00 7.30
1280.00 7.63 0.00 0.00 0.00 0.00 6.20
1290.00 10.75 0.00 0.00 0.00 0.00 7.05
1300.00 7.50 0.00 0.00 0.00 0.00 5.90
1310.00 9.38 0.00 0.00 0.00 0.00 6.75
1320.00 7.38 0.00 0.00 0.00 0.00 5.85
1330.00 9.63 0.00 0.00 0.00 0.00 6.60
1340.00 10.50 0.00 0.13 0.00 0.00 6.95
1350.00 7.75 0.00 0.00 0.00 0.00 6.45
1360.00 7.00 0.00 0.00 0.00 0.13 5.95
1370.00 4.88 0.00 0.00 0.00 0.13 5.25
1380.00 10.50 0.00 0.00 0.00 0.00 7.40
1390.00 9.50 0.00 0.00 0.00 0.00 6.35
1400.00 9.50 0.00 0.00 0.00 0.00 6.90
1410.00 10.50 0.00 0.00 0.00 0.00 6.35
1420.00 19.00 0.00 0.00 0.00 0.00 9.60
1430.00 6.75 0.00 0.00 0.00 0.00 5.50
1440.00 10.75 0.00 0.00 0.00 0.00 7.35
1450.00 7.63 0.00 0.00 0.00 0.00 6.00
1460.00 8.75 0.00 0.00 0.00 0.00 6.10
1470.00 8.75 0.00 0.00 0.00 0.00 6.65
1480.00 10.13 0.00 0.13 0.00 0.00 6.90
1490.00 11.88 0.00 0.00 0.00 0.00 7.40
1500.00 11.63 0.00 0.00 0.00 0.00 6.70
1510.00 9.75 0.00 0.00 0.00 0.00 7.15
1520.00 9.75 0.00 0.00 0.00 0.00 6.35
1530.00 14.13 0.00 0.00 0.00 0.00 8.10
1540.00 10.63 0.00 0.00 0.00 0.00 6.90
1550.00 11.38 0.00 0.00 0.00 0.00 7.30
1560.00 10.13 0.00 0.00 0.00 0.00 6.40
1570.00 9.38 0.00 0.00 0.00 0.00 6.15
1580.00 13.00 0.00 0.00 0.00 0.00 8.10
1590.00 9.88 0.00 0.00 0.00 0.00 6.75
1600.00 7.25 0.00 0.00 0.00 0.00 5.90
1610.00 11.00 0.00 0.00 0.00 0.00 6.85
1620.00 10.00 0.00 0.00 0.00 0.00 7.10
1630.00 10.25 0.00 0.00 0.00 0.00 6.10
1640.00 10.13 0.00 0.00 0.00 0.00 7.65
1650.00 13.50 0.00 0.00 0.00 0.00 7.50
1660.00 7.13 0.00 0.00 0.00 0.00 5.80
1670.00 6.75 0.00 0.00 0.00 0.00 6.05
1680.00 7.88 0.00 0.00 0.00 0.00 6.00
1690.00 9.00 0.00 0.00 0.00 0.00 6.70
1700.00 15.25 0.00 0.00 0.00 0.00 7.90
1710.00 11.13 0.00 0.00 0.00 0.00 7.15
1720.00 9.75 0.00 0.00 0.00 0.00 6.40
1730.00 10.00 0.00 0.00 0.00 0.00 7.15
1740.00 12.50 0.00 0.00 0.00 0.00 7.40
1750.00 18.50 0.00 0.00 0.00 0.00 8.95
1760.00 7.25 0.00 0.00 0.00 0.00 6.00
1770.00 8.50 0.00 0.00 0.00 0.00 6.50
1780.00 8.00 0.00 0.00 0.00 0.00 6.10
1790.00 5.38 0.00 0.00 0.00 0.00 5.15
1800.00 7.13 0.13 0.00 0.00 0.00 6.05
1810.00 7.63 0.00 0.00 0.00 0.00 6.25
1820.00 18.88 0.00 0.00 0.00 0.00 9.25
1830.00 7.25 0.00 0.00 0.00 0.00 6.25
1840.00 12.75 0.00 0.00 0.00 0.00 7.35
1850.00 9.00 0.00 0.00 0.00 0.00 6.65
1860.00 15.75 0.00 0.00 0.00 0.00 8.55
1870.00 7.88 0.00 0.00 0.00 0.00 5.80
1880.00 8.38 0.00 0.00 0.00 0.00 6.30
1890.00 7.88 0.00 0.00 0.00 0.00 6.35
1900.00 15.63 0.00 0.00 0.00 0.00 8.00
1910.00 16.00 0.00 0.00 0.00 0.00 8.60
1920.00 10.00 0.00 0.00 0.00 0.00 6.45
1930.00 11.50 0.00 0.00 0.00 0.00 7.20
1940.00 8.63 0.00 0.00 0.00 0.00 6.25
1950.00 8.63 0.00 0.00 0.00 0.00 6.00
1960.00 8.50 0.00 0.00 0.00 0.00 6.55
1970.00 12.38 0.00 0.00 0.00 0.00 7.35
1980.00 6.13 0.00 0.00 0.13 0.00 5.95
1990.00 11.13 0.00 0.00 0.00 0.00 7.15
2000.00 10.63 0.00 0.00 0.00 0.00 6.60
2010.00 14.25 0.00 0.00 0.00 0.00 8.00
2020.00 15.63 0.00 0.00 0.00 0.00 8.25
2030.00 5.50 0.00 0.00 0.00 0.00 5.70
2040.00 17.00 0.00 0.00 0.00 0.00 8.70
2050.00 7.38 0.00 0.00 0.00 0.00 5.90
2060.00 6.88 0.00 0.00 0.00 0.00 5.70
2070.00 8.50 0.00 0.00 0.00 0.00 6.25
2080.00 5.88 0.13 0.00 0.00 0.13 5.95
2090.00 9.00 0.13 0.00 0.00 0.00 6.10
2100.00 29.25 0.00 0.00 0.00 0.00 12.50
2110.00 9.88 0.00 0.00 0.00 0.00 6.65
2120.00 7.38 0.00 0.00 0.00 0.00 6.00
2130.00 9.75 0.00 0.00 0.00 0.00 6.80
2140.00 8.50 0.00 0.00 0.00 0.00 6.35
2150.00 7.25 0.00 0.00 0.00 0.00 6.00
2160.00 11.38 0.00 0.00 0.00 0.00 7.00
2170.00 8.38 0.00 0.00 0.00 0.00 6.65
2180.00 10.38 0.00 0.13 0.00 0.00 6.60
2190.00 8.50 0.00 0.00 0.00 0.00 6.40
2200.00 7.63 0.00 0.00 0.00 0.00 6.10
2210.00 10.75 0.00 0.00 0.00 0.00 6.95
2220.00 14.75 0.00 0.00 0.00 0.00 8.30
2230.00 14.63 0.00 0.00 0.00 0.00 7.65
2240.00 9.00 0.00 0.00 0.00 0.00 6.60
2250.00 8.38 0.00 0.00 0.00 0.00 6.05
2260.00 9.75 0.00 0.00 0.00 0.00 6.75
2270.00 13.50 0.00 0.00 0.00 0.00 7.65
2280.00 14.63 0.00 0.00 0.00 0.00 8.45
2290.00 8.75 0.00 0.00 0.00 0.00 6.20
2300.00 9.75 0.00 0.00 0.00 0.00 6.40
2310.00 5.50 0.00 0.00 0.00 0.00 5.60
2320.00 11.25 0.00 0.00 0.00 0.00 7.10
2330.00 10.75 0.00 0.00 0.00 0.00 7.35
2340.00 11.50 0.00 0.00 0.00 0.00 6.75
2350.00 16.63 0.00 0.00 0.00 0.00 9.00
2360.00 8.75 0.00 0.00 0.00 0.00 5.95
2370.00 10.13 0.00 0.00 0.00 0.00 7.20
2380.00 7.88 0.00 0.00 0.00 0.00 5.90
2390.00 19.00 0.13 0.00 0.00 0.00 9.85
2400.00 11.88 0.00 0.00 0.00 0.00 6.85
2410.00 7.38 0.00 0.00 0.00 0.00 6.10
2420.00 8.00 0.00 0.00 0.00 0.00 6.10
2430.00 10.50 0.00 0.00 0.00 0.00 6.80
2440.00 2.75 0.13 0.00 0.00 0.13 5.05
2450.00 8.75 0.00 0.00 0.00 0.00 6.60
2460.00 10.00 0.00 0.00 0.00 0.00 6.55
2470.00 11.00 0.00 0.00 0.00 0.00 7.25
2480.00 9.00 0.00 0.00 0.00 0.00 6.50
2490.00 25.25 0.00 0.00 0.00 0.00 10.95
2500.00 9.00 0.00 0.00 0.00 0.00 6.70
2510.00 9.25 0.00 0.00 0.00 0.00 6.25
2520.00 4.38 0.00 0.00 0.00 0.00 5.35
2530.00 9.88 0.00 0.00 0.00 0.00 6.65
2540.00 19.63 0.00 0.00 0.00 0.00 9.35
2550.00 7.25 0.00 0.00 0.00 0.00 5.85
2560.00 10.25 0.00 0.00 0.00 0.00 6.85
2570.00 7.50 0.00 0.00 0.00 0.00 6.35
2580.00 10.25 0.00 0.00 0.00 0.00 6.75
2590.00 11.25 0.00 0.00 0.00 0.00 7.25
2600.00 10.25 0.00 0.00 0.00 0.00 6.80
2610.00 8.00 0.00 0.00 0.00 0.00 6.20
2620.00 14.63 0.00 0.00 0.00 0.00 7.80
2630.00 24.88 0.00 0.00 0.00 0.00 10.90
2640.00 6.88 0.00 0.00 0.00 0.00 6.00
2650.00 7.38 0.00 0.00 0.00 0.00 6.25
2660.00 8.38 0.00 0.00 0.00 0.00 6.05
2670.00 3.00 0.00 0.00 0.13 0.00 5.05
2680.00 4.75 0.00 0.25 0.00 0.00 5.30
2690.00 5.38 0.13 0.00 0.25 0.13 5.70
2700.00 10.00 0.00 0.00 0.00 0.00 6.70
2710.00 29.50 0.00 0.00 0.00 0.00 11.95
2720.00 19.63 0.00 0.00 0.00 0.00 9.65
2730.00 9.38 0.00 0.00 0.00 0.00 6.75
2740.00 8.13 0.00 0.00 0.00 0.00 6.10
2750.00 4.88 0.00 0.00 0.00 0.00 5.20
2760.00 4.38 0.00 0.13 0.00 0.00 5.25
2770.00 8.63 0.25 0.00 0.13 0.13 6.80
2780.00 4.00 0.00 0.00 0.00 0.00 4.75
2790.00 7.75 0.00 0.00 0.00 0.00 6.45
2800.00 15.88 0.00 0.00 0.13 0.00 8.25
2810.00 17.38 0.00 0.00 0.00 0.00 9.25
2820.00 14.25 0.00 0.00 0.00 0.00 7.40
2830.00 11.75 0.00 0.00 0.00 0.00 7.65
2840.00 3.63 0.00 0.00 0.00 0.00 4.95
2850.00 8.50 0.00 0.00 0.00 0.00 6.10
2860.00 9.00 0.00 0.00 0.00 0.13 6.65
2870.00 12.25 0.00 0.00 0.00 0.00 7.40
2880.00 9.75 0.00 0.00 0.00 0.00 6.05
2890.00 14.38 0.00 0.00 0.00 0.00 8.45
2900.00 18.88 0.00 0.00 0.00 0.00 9.35
2910.00 8.88 0.00 0.00 0.00 0.00 6.10
2920.00 12.00 0.00 0.00 0.00 0.00 7.45
2930.00 3.63 0.00 0.00 0.00 0.00 5.05
2940.00 8.38 0.00 0.00 0.00 0.00 6.55
2950.00 10.88 0.00 0.00 0.00 0.00 7.05
2960.00 11.13 0.00 0.00 0.00 0.00 6.75
2970.00 17.75 0.00 0.00 0.00 0.00 8.80
2980.00 15.13 0.00 0.00 0.00 0.00 8.35
2990.00 8.00 0.00 0.00 0.00 0.00 6.15
3000.00 5.13 0.00 0.00 0.00 0.00 5.50
3010.00 8.25 0.00 0.00 0.00 0.00 6.15
3020.00 8.50 0.00 0.00 0.00 0.00 6.30
3030.00 13.13 0.00 0.00 0.00 0.00 7.75
3040.00 16.13 0.00 0.00 0.00 0.00 8.40
3050.00 10.50 0.00 0.00 0.00 0.00 6.95
3060.00 7.63 0.00 0.00 0.00 0.00 6.10
3070.00 13.38 0.00 0.00 0.00 0.00 7.70
3080.00 8.25 0.00 0.00 0.00 0.00 6.10
3090.00 15.00 0.00 0.00 0.00 0.00 8.25
3100.00 7.75 0.00 0.00 0.00 0.00 6.00
3110.00 6.38 0.00 0.00 0.00 0.00 5.90
3120.00 12.88 0.00 0.00 0.00 0.00 7.30
3130.00 10.38 0.00 0.00 0.00 0.00 6.75
3140.00 21.75 0.00 0.00 0.00 0.00 10.40
3150.00 5.88 0.00 0.00 0.00 0.00 5.65
3160.00 6.88 0.00 0.00 0.00 0.00 5.60
3170.00 6.00 0.00 0.13 0.00 0.00 5.75
3180.00 8.88 0.00 0.00 0.13 0.00 6.30
3190.00 8.00 0.00 0.00 0.13 0.00 6.10
3200.00 9.00 0.00 0.00 0.00 0.00 6.35
3210.00 36.63 0.00 0.00 0.00 0.00 14.35
3220.00 11.50 0.00 0.00 0.00 0.00 7.45
3230.00 5.75 0.00 0.00 0.00 0.00 5.40
3240.00 9.25 0.00 0.00 0.00 0.00 6.50
3250.00 7.50 0.00 0.00 0.00 0.00 6.00
3260.00 7.13 0.00 0.00 0.00 0.00 6.00
3270.00 7.13 0.00 0.00 0.00 0.00 5.55
3280.00 13.38 0.00 0.00 0.00 0.00 8.10
3290.00 8.50 0.00 0.00 0.00 0.00 6.45
3300.00 5.88 0.13 0.00 0.00 0.00 5.80
3310.00 5.75 0.00 0.00 0.00 0.00 5.25
3320.00 10.63 0.00 0.13 0.00 0.13 6.95
3330.00 12.13 0.00 0.00 0.00 0.00 7.35
3340.00 11.75 0.00 0.00 0.00 0.00 7.10
3350.00 18.13 0.00 0.00 0.00 0.00 9.05
3360.00 17.50 0.00 0.00 0.00 0.00 8.90
3370.00 9.63 0.00 0.00 0.00 0.00 6.50
3380.00 6.63 0.00 0.00 0.00 0.00 5.85
3390.00 11.50 0.00 0.00 0.00 0.00 7.05
3400.00 9.38 0.00 0.00 0.13 0.00 6.80
3410.00 8.88 0.00 0.00 0.00 0.00 6.50
3420.00 4.63 0.00 0.00 0.00 0.13 5.15
3430.00 11.50 0.13 0.13 0.13 0.00 7.30
3440.00 15.75 0.00 0.00 0.00 0.00 8.15
3450.00 11.38 0.00 0.00 0.00 0.00 7.20
3460.00 7.50 0.00 0.00 0.00 0.00 6.10
3470.00 8.00 0.00 0.00 0.00 0.00 6.35
3480.00 9.63 0.00 0.00 0.00 0.00 6.60
3490.00 7.88 0.00 0.00 0.00 0.00 6.10
3500.00 13.63 0.00 0.00 0.00 0.00 7.85
3510.00 13.25 0.00 0.00 0.00 0.00 7.55
3520.00 23.25 0.00 0.00 0.00 0.00 10.65
3530.00 8.13 0.00 0.00 0.00 0.00 6.20
3540.00 8.13 0.00 0.00 0.00 0.00 5.80
3550.00 10.00 0.00 0.00 0.00 0.00 7.20
3560.00 9.38 0.00 0.00 0.00 0.00 6.40
3570.00 9.75 0.00 0.00 0.13 0.00 6.65
3580.00 8.63 0.00 0.00 0.13 0.00 6.55
3590.00 6.13 0.00 0.00 0.00 0.13 5.45
3600.00 13.75 0.00 0.00 0.00 0.00 8.00
3610.00 11.75 0.00 0.00 0.00 0.00 7.30
3620.00 11.38 0.00 0.00 0.00 0.00 7.35
3630.00 8.75 0.00 0.00 0.00 0.00 5.90
3640.00 6.88 0.00 0.00 0.00 0.00 5.95
3650.00 10.25 0.00 0.00 0.00 0.00 6.95
3660.00 10.63 0.00 0.00 0.00 0.00 7.05
3670.00 15.38 0.00 0.00 0.00 0.00 7.80
3680.00 11.13 0.00 0.00 0.00 0.00 7.40
3690.00 19.13 0.00 0.00 0.00 0.00 9.40
3700.00 7.13 0.00 0.00 0.00 0.00 6.05
3710.00 5.75 0.00 0.00 0.00 0.00 5.15
3720.00 6.13 0.00 0.00 0.00 0.00 5.65
3730.00 4.75 0.13 0.00 0.00 0.00 5.50
3740.00 24.50 0.13 0.00 0.13 0.00 10.60
3750.00 9.38 0.00 0.00 0.00 0.00 7.15
3760.00 10.63 0.00 0.00 0.00 0.00 6.65
3770.00 6.25 0.00 0.00 0.00 0.00 6.00
3780.00 9.63 0.00 0.00 0.00 0.00 6.45
3790.00 7.88 0.00 0.00 0.00 0.00 6.40
3800.00 13.13 0.00 0.00 0.00 0.00 7.55
3810.00 17.38 0.00 0.00 0.00 0.00 8.85
3820.00 11.50 0.00 0.00 0.00 0.00 6.95
3830.00 8.63 0.00 0.00 0.00 0.00 6.30
3840.00 11.38 0.00 0.00 0.00 0.00 7.40
3850.00 5.88 0.00 0.00 0.00 0.00 5.40
3860.00 16.38 0.00 0.00 0.00 0.00 8.70
3870.00 13.75 0.00 0.00 0.00 0.00 7.80
3880.00 7.00 0.00 0.00 0.00 0.00 5.80
3890.00 12.75 0.00 0.00 0.00 0.00 7.65
3900.00 9.13 0.00 0.00 0.00 0.00 6.35
3910.00 7.00 0.00 0.00 0.00 0.00 5.30
3920.00 6.63 0.00 0.00 0.00 0.00 6.20
3930.00 12.13 0.00 0.00 0.00 0.00 7.20
3940.00 11.88 0.00 0.00 0.00 0.00 7.55
3950.00 16.75 0.00 0.00 0.00 0.00 8.60
3960.00 10.38 0.00 0.00 0.00 0.00 6.65
3970.00 6.75 0.00 0.00 0.00 0.00 6.00
3980.00 6.88 0.00 0.00 0.00 0.00 6.10
3990.00 7.25 0.00 0.00 0.00 0.00 6.15
4000.00 16.13 0.00 0.00 0.00 0.00 8.30
