10.00 0.13 0.13 0.63 0.25 0.63 5.35
20.00 0.25 0.38 0.25 0.38 0.25 5.20
30.00 0.00 0.38 0.38 0.50 0.25 5.05
40.00 0.13 0.13 0.75 0.00 0.88 5.25
50.00 0.25 0.13 0.25 0.38 0.13 4.95
60.00 0.25 1.00 0.75 0.00 0.00 5.10
70.00 0.50 0.13 0.25 0.25 0.13 5.15
80.00 0.25 0.13 0.38 0.25 0.38 5.20
90.00 0.25 0.00 0.88 0.25 0.63 5.15
100.00 0.38 0.13 1.00 0.13 0.50 5.40
110.00 0.25 0.00 0.25 0.38 0.75 5.35
120.00 0.38 0.38 0.38 0.63 0.25 5.30
130.00 0.13 0.13 0.13 0.50 0.75 5.00
140.00 0.25 0.00 0.38 0.63 0.75 5.15
150.00 0.38 0.00 0.38 0.13 0.25 5.40
160.00 0.75 0.13 0.88 0.25 0.13 5.35
170.00 0.25 0.13 0.50 0.50 0.63 5.10
180.00 0.50 0.38 0.38 0.38 0.25 5.15
190.00 0.88 0.00 0.25 0.00 0.38 5.75
200.00 0.50 0.13 0.88 0.00 0.25 4.80
210.00 0.38 0.25 0.50 0.25 0.00 4.95
220.00 0.88 0.63 0.38 0.00 0.38 5.40
230.00 0.50 0.25 0.25 0.50 1.00 5.30
240.00 0.63 0.38 0.25 0.38 0.50 5.25
250.00 0.00 0.50 0.50 0.63 0.50 5.35
260.00 0.38 0.50 0.13 0.13 0.25 4.90
270.00 0.13 0.13 0.13 0.88 0.75 5.05
280.00 0.63 0.63 0.63 0.75 0.38 5.55
290.00 0.25 0.63 0.50 0.38 0.13 5.20
300.00 0.38 0.13 0.38 0.63 0.25 5.15
310.00 0.13 0.38 0.50 0.50 0.63 5.30
320.00 0.38 0.88 0.38 0.50 0.25 5.40
330.00 0.50 0.50 0.88 0.00 0.13 5.15
340.00 0.50 0.63 0.13 0.13 0.13 4.95
350.00 0.25 0.25 0.38 0.25 0.50 5.20
360.00 0.50 0.13 0.13 0.50 0.63 5.25
370.00 0.13 0.13 0.50 0.38 0.00 5.00
380.00 0.13 0.25 0.63 0.50 0.75 5.40
390.00 0.00 0.13 0.38 0.00 0.63 5.05
400.00 0.38 0.38 0.38 0.00 0.63 5.45
410.00 0.38 0.63 0.13 0.25 0.13 4.65
420.00 0.25 0.75 0.63 0.13 0.38 5.20
430.00 0.25 0.13 0.13 0.25 1.00 5.40
440.00 0.50 0.25 0.25 0.00 0.25 5.20
450.00 0.00 0.38 0.38 0.25 0.25 4.95
460.00 0.25 0.88 0.38 0.50 0.50 5.50
470.00 0.38 0.38 0.38 0.00 0.38 5.45
480.00 0.25 0.50 0.38 0.63 0.63 5.10
490.00 1.13 0.63 0.38 0.38 0.25 5.55
500.00 0.50 0.13 0.75 0.13 0.13 4.85
510.00 0.75 0.13 0.38 0.25 0.38 5.10
520.00 0.25 0.38 0.38 0.13 0.13 5.15
530.00 0.75 0.38 0.13 0.25 0.50 5.60
540.00 0.38 0.38 0.63 0.13 0.63 4.95
550.00 0.38 0.25 0.50 0.13 0.63 5.25
560.00 0.13 0.13 0.38 0.75 0.25 5.10
570.00 0.38 0.63 0.88 0.00 0.38 5.15
580.00 0.38 0.13 0.75 0.25 0.50 5.20
590.00 0.38 0.50 0.50 0.13 0.13 5.60
600.00 0.25 0.50 0.38 0.50 0.00 5.15
610.00 0.38 0.38 0.13 0.38 0.25 5.15
620.00 0.38 0.38 0.63 0.63 0.25 5.30
630.00 0.25 0.38 0.25 0.25 0.13 5.00
640.00 0.13 0.63 0.63 0.25 0.50 5.50
650.00 0.38 0.75 0.00 0.25 0.38 5.00
660.00 0.25 0.50 0.13 0.13 0.50 5.10
670.00 0.00 0.75 0.50 0.13 0.50 5.65
680.00 0.25 1.25 0.25 0.25 0.13 5.15
690.00 0.75 0.38 0.63 0.25 0.38 5.45
700.00 0.50 0.00 0.25 0.00 0.13 4.90
710.00 0.13 0.50 0.25 0.13 0.38 5.30
720.00 0.13 0.50 0.38 0.63 0.13 5.30
730.00 0.25 0.38 1.00 0.50 0.00 5.15
740.00 0.00 0.25 0.38 0.38 0.13 5.05
750.00 0.50 0.13 0.25 0.38 0.25 5.05
760.00 0.38 0.63 0.13 0.63 0.63 5.50
770.00 0.25 0.13 0.13 0.25 0.25 4.95
780.00 0.25 0.50 0.13 0.63 0.38 5.30
790.00 0.13 0.25 0.00 0.25 0.75 5.10
800.00 0.38 0.50 0.50 0.25 0.75 5.35
810.00 0.00 0.25 0.25 0.75 0.00 5.05
820.00 0.13 0.13 1.00 0.63 0.38 5.40
830.00 0.13 0.50 0.25 0.25 0.38 5.25
840.00 0.50 0.38 0.25 0.63 0.75 5.35
850.00 0.38 0.13 0.38 0.00 0.38 5.20
860.00 0.25 0.88 0.50 0.25 0.38 5.05
870.00 0.13 0.25 0.75 0.75 0.13 5.45
880.00 0.25 0.00 0.25 0.75 0.50 5.25
890.00 0.50 0.50 0.63 0.50 0.50 5.15
900.00 0.38 0.25 0.50 0.25 0.38 5.40
910.00 0.88 0.25 0.25 0.25 0.25 4.85
920.00 0.50 0.25 0.38 0.38 0.13 5.45
930.00 0.88 0.63 0.25 0.25 0.25 5.15
940.00 0.38 0.50 0.25 0.50 0.13 5.25
950.00 0.63 0.13 0.25 0.75 0.25 5.10
960.00 0.13 0.13 0.13 0.50 0.50 5.05
970.00 0.63 0.38 0.38 0.50 0.38 5.20
980.00 0.25 0.38 0.38 0.63 0.25 5.55
990.00 0.25 0.63 0.13 0.25 0.13 4.85
1000.00 0.00 0.38 0.25 0.38 0.50 5.10
1010.00 11.75 0.25 0.00 0.13 0.25 9.45
1020.00 19.63 0.00 0.00 0.00 0.00 11.60
1030.00 15.63 0.00 0.00 0.00 0.00 11.05
1040.00 6.00 0.00 0.00 0.00 0.00 5.95
1050.00 3.50 0.00 0.00 0.00 0.00 5.55
1060.00 3.25 0.00 0.00 0.00 0.00 5.10
1070.00 4.88 0.00 0.00 0.00 0.00 5.95
1080.00 5.13 0.00 0.00 0.00 0.00 6.25
1090.00 2.25 0.13 0.00 0.00 0.00 5.15
1100.00 4.50 0.00 0.00 0.00 0.00 5.85
1110.00 2.63 0.00 0.00 0.00 0.00 5.10
1120.00 4.63 0.00 0.00 0.00 0.00 5.85
1130.00 3.13 0.00 0.13 0.13 0.00 5.50
1140.00 3.88 0.00 0.13 0.13 0.00 5.80
1150.00 3.25 0.00 0.00 0.25 0.00 5.75
1160.00 2.63 0.00 0.13 0.00 0.00 5.25
1170.00 2.88 0.13 0.00 0.38 0.13 5.75
1180.00 0.88 0.38 0.38 0.00 0.38 5.00
1190.00 3.63 0.13 0.13 0.00 0.00 5.55
1200.00 2.13 0.25 0.00 0.00 0.25 5.35
1210.00 2.00 0.25 0.00 0.13 0.13 5.15
1220.00 1.88 0.25 0.00 0.25 0.00 5.20
1230.00 2.75 0.38 0.25 0.13 0.13 5.95
1240.00 2.25 0.25 0.13 0.50 0.00 5.45
1250.00 0.75 0.00 0.25 0.00 0.00 5.15
1260.00 1.13 0.25 0.50 0.25 0.25 5.25
1270.00 1.13 0.25 0.25 0.63 0.25 5.40
1280.00 1.50 0.13 0.13 0.50 0.25 5.00
1290.00 0.75 0.13 0.50 0.75 0.50 5.40
1300.00 1.00 0.13 0.50 0.50 0.50 5.40
1310.00 0.88 0.13 1.00 0.38 0.25 5.20
1320.00 0.50 0.50 0.38 0.25 0.25 5.10
1330.00 1.00 0.38 0.38 0.25 0.13 5.55
1340.00 0.38 0.25 0.00 0.25 0.88 5.20
1350.00 0.00 0.50 1.00 0.13 0.25 5.25
1360.00 0.38 0.50 1.00 0.13 0.50 5.55
1370.00 0.63 0.13 0.13 0.38 0.38 5.00
1380.00 0.13 0.75 0.00 0.25 0.38 5.00
1390.00 0.00 0.13 0.50 0.75 0.50 5.40
1400.00 0.50 0.25 0.25 0.63 0.13 4.95
1410.00 0.25 0.38 0.50 0.75 0.25 5.40
1420.00 0.25 0.25 0.50 0.38 0.25 5.10
1430.00 0.25 0.50 0.38 0.38 1.00 5.45
1440.00 0.00 0.00 0.00 0.88 0.50 4.80
1450.00 0.88 0.25 0.13 0.63 0.13 5.30
1460.00 0.88 0.25 0.00 0.75 0.13 5.30
1470.00 0.38 0.38 0.50 1.00 0.13 5.35
1480.00 0.63 0.50 0.50 0.75 0.13 5.50
1490.00 0.88 0.00 0.38 0.00 0.25 5.20
1500.00 1.00 0.38 0.63 0.38 0.25 5.35
1510.00 1.38 0.25 0.25 0.38 0.25 5.10
1520.00 0.75 0.25 0.63 0.50 0.25 5.30
1530.00 1.00 0.13 0.88 0.13 0.25 5.35
1540.00 1.00 0.38 0.13 0.50 0.13 5.05
1550.00 1.13 0.13 0.13 0.25 0.25 5.25
1560.00 0.50 0.13 0.13 0.75 0.25 5.50
1570.00 1.25 0.00 0.25 1.13 0.00 5.40
1580.00 1.25 0.00 0.25 0.00 0.50 5.15
1590.00 1.50 0.50 0.00 0.38 0.50 5.60
1600.00 2.75 0.00 0.25 0.25 0.25 5.35
1610.00 4.00 0.13 0.38 0.00 0.00 6.00
1620.00 9.63 0.00 0.13 0.00 0.00 7.95
1630.00 9.50 0.00 0.00 0.00 0.00 7.85
1640.00 8.50 0.00 0.00 0.00 0.00 7.40
1650.00 15.38 0.00 0.00 0.00 0.00 10.70
1660.00 7.00 0.00 0.00 0.00 0.00 6.70
1670.00 7.13 0.00 0.00 0.00 0.00 6.55
1680.00 5.88 0.00 0.00 0.00 0.00 6.75
1690.00 5.63 0.00 0.00 0.00 0.00 6.25
1700.00 10.50 0.00 0.00 0.00 0.00 8.40
1710.00 5.88 0.00 0.00 0.00 0.00 6.45
1720.00 4.38 0.00 0.00 0.13 0.00 5.95
1730.00 4.75 0.00 0.00 0.00 0.00 5.70
1740.00 6.75 0.00 0.00 0.00 0.00 6.55
1750.00 9.25 0.00 0.00 0.00 0.00 8.35
1760.00 7.50 0.00 0.00 0.00 0.00 6.95
1770.00 6.75 0.00 0.00 0.00 0.00 6.65
1780.00 6.63 0.00 0.00 0.00 0.00 6.50
1790.00 7.25 0.00 0.00 0.00 0.00 7.30
1800.00 8.25 0.00 0.00 0.00 0.00 7.10
1810.00 3.88 0.00 0.00 0.00 0.00 5.45
1820.00 8.75 0.00 0.00 0.00 0.00 7.25
1830.00 5.75 0.00 0.00 0.00 0.00 6.55
1840.00 8.00 0.00 0.00 0.00 0.00 7.30
1850.00 7.88 0.00 0.00 0.00 0.00 7.55
1860.00 6.50 0.00 0.00 0.00 0.00 6.65
1870.00 5.13 0.00 0.00 0.00 0.00 6.10
1880.00 5.50 0.00 0.00 0.00 0.00 6.25
1890.00 6.75 0.00 0.00 0.00 0.00 6.70
1900.00 6.38 0.00 0.00 0.00 0.00 6.70
1910.00 11.13 0.00 0.00 0.00 0.00 8.55
1920.00 7.00 0.00 0.00 0.00 0.00 6.80
1930.00 5.75 0.00 0.00 0.00 0.00 6.35
1940.00 10.13 0.00 0.00 0.00 0.00 8.35
1950.00 8.00 0.00 0.00 0.00 0.00 6.95
1960.00 8.63 0.00 0.00 0.00 0.00 7.60
1970.00 8.13 0.00 0.00 0.00 0.00 7.20
1980.00 8.00 0.00 0.00 0.00 0.00 7.00
1990.00 7.50 0.00 0.00 0.00 0.00 7.05
2000.00 10.25 0.00 0.00 0.00 0.00 8.20
2010.00 5.75 0.00 0.00 0.00 0.00 6.55
2020.00 8.25 0.00 0.00 0.00 0.00 7.30
2030.00 8.13 0.00 0.00 0.00 0.00 7.80
2040.00 8.13 0.00 0.00 0.00 0.00 6.65
2050.00 10.88 0.00 0.00 0.00 0.00 8.70
2060.00 7.13 0.00 0.00 0.00 0.00 7.00
2070.00 5.00 0.00 0.00 0.00 0.00 5.95
2080.00 6.13 0.00 0.00 0.00 0.00 6.50
2090.00 6.38 0.00 0.00 0.00 0.00 6.50
2100.00 7.63 0.00 0.00 0.00 0.00 7.15
2110.00 10.38 0.00 0.00 0.00 0.00 8.65
2120.00 10.63 0.00 0.00 0.00 0.00 8.30
2130.00 8.75 0.00 0.00 0.00 0.00 7.65
2140.00 3.63 0.00 0.00 0.00 0.00 5.20
2150.00 5.63 0.00 0.13 0.00 0.00 6.20
2160.00 7.13 0.00 0.00 0.00 0.00 7.15
2170.00 6.00 0.00 0.00 0.00 0.00 6.15
2180.00 9.75 0.00 0.00 0.00 0.00 7.95
2190.00 13.75 0.00 0.00 0.00 0.00 9.60
2200.00 13.38 0.00 0.00 0.00 0.00 9.60
2210.00 7.00 0.00 0.00 0.00 0.00 6.95
2220.00 10.25 0.00 0.00 0.00 0.00 8.45
2230.00 7.75 0.00 0.00 0.00 0.00 6.95
2240.00 5.00 0.00 0.00 0.00 0.00 6.05
2250.00 11.50 0.00 0.00 0.00 0.00 8.40
2260.00 4.88 0.00 0.00 0.00 0.00 6.05
2270.00 6.88 0.00 0.00 0.00 0.00 7.05
2280.00 7.38 0.00 0.00 0.00 0.00 7.10
2290.00 6.25 0.00 0.00 0.00 0.00 6.45
2300.00 7.50 0.00 0.00 0.00 0.00 7.10
2310.00 5.38 0.00 0.00 0.00 0.00 6.45
2320.00 9.13 0.00 0.00 0.00 0.00 7.85
2330.00 9.13 0.00 0.00 0.00 0.00 7.50
2340.00 7.75 0.00 0.00 0.00 0.00 7.30
2350.00 6.88 0.00 0.00 0.00 0.00 6.75
2360.00 12.63 0.00 0.00 0.00 0.00 9.40
2370.00 6.38 0.00 0.00 0.00 0.00 6.45
2380.00 9.00 0.00 0.00 0.00 0.00 7.60
2390.00 12.13 0.00 0.00 0.00 0.00 8.85
2400.00 4.25 0.00 0.00 0.00 0.00 5.80
2410.00 14.25 0.00 0.00 0.00 0.00 10.10
2420.00 8.13 0.00 0.00 0.00 0.00 7.30
2430.00 7.25 0.00 0.00 0.00 0.00 6.75
2440.00 9.75 0.00 0.00 0.00 0.00 7.70
2450.00 7.00 0.00 0.00 0.00 0.00 7.25
2460.00 7.88 0.00 0.00 0.00 0.00 7.35
2470.00 10.13 0.00 0.00 0.00 0.00 8.00
2480.00 7.88 0.00 0.00 0.00 0.00 7.35
2490.00 12.13 0.00 0.00 0.00 0.00 8.80
2500.00 8.63 0.00 0.00 0.00 0.00 7.65
2510.00 5.63 0.00 0.00 0.00 0.00 6.00
2520.00 3.13 0.00 0.00 0.00 0.00 5.75
2530.00 6.50 0.00 0.00 0.00 0.00 6.55
2540.00 8.75 0.00 0.00 0.00 0.00 7.40
2550.00 11.75 0.00 0.00 0.00 0.00 8.80
2560.00 7.75 0.00 0.00 0.00 0.00 6.85
2570.00 10.88 0.00 0.00 0.00 0.00 8.75
2580.00 10.13 0.00 0.00 0.00 0.00 8.35
2590.00 9.63 0.00 0.00 0.00 0.00 7.60
2600.00 5.00 0.00 0.00 0.00 0.00 6.30
2610.00 13.88 0.00 0.00 0.00 0.00 9.55
2620.00 11.88 0.00 0.00 0.00 0.00 9.05
2630.00 6.13 0.00 0.00 0.00 0.00 6.50
2640.00 7.13 0.00 0.00 0.00 0.00 6.85
2650.00 4.63 0.00 0.00 0.00 0.00 5.40
2660.00 8.75 0.00 0.00 0.00 0.00 8.35
2670.00 6.88 0.00 0.00 0.00 0.00 6.55
2680.00 5.75 0.00 0.00 0.00 0.00 6.50
2690.00 11.50 0.00 0.00 0.00 0.00 8.50
2700.00 12.25 0.00 0.00 0.00 0.00 9.25
2710.00 11.13 0.00 0.00 0.00 0.00 8.30
2720.00 7.63 0.00 0.00 0.00 0.00 7.20
2730.00 6.38 0.00 0.00 0.00 0.00 6.05
2740.00 6.88 0.00 0.00 0.00 0.00 7.05
2750.00 10.75 0.00 0.00 0.00 0.00 8.75
2760.00 8.00 0.00 0.00 0.00 0.00 6.95
2770.00 10.13 0.00 0.00 0.00 0.00 8.45
2780.00 7.13 0.00 0.00 0.00 0.00 6.95
2790.00 6.00 0.00 0.00 0.00 0.00 6.05
2800.00 9.63 0.00 0.00 0.00 0.00 8.20
2810.00 11.25 0.00 0.00 0.00 0.00 8.45
2820.00 10.13 0.00 0.00 0.00 0.00 8.40
2830.00 7.38 0.00 0.00 0.00 0.00 6.95
2840.00 8.38 0.00 0.00 0.00 0.00 7.90
2850.00 8.50 0.00 0.00 0.00 0.00 7.15
2860.00 5.00 0.00 0.00 0.00 0.00 6.15
2870.00 6.88 0.00 0.00 0.00 0.00 6.65
2880.00 15.50 0.00 0.00 0.00 0.00 10.50
2890.00 10.25 0.00 0.00 0.00 0.00 8.15
2900.00 4.38 0.00 0.00 0.00 0.00 5.90
2910.00 6.25 0.00 0.00 0.00 0.00 6.55
2920.00 10.25 0.00 0.00 0.00 0.00 8.50
2930.00 6.00 0.00 0.00 0.00 0.00 6.30
2940.00 7.63 0.00 0.00 0.00 0.00 7.10
2950.00 22.38 0.00 0.00 0.00 0.00 13.45
2960.00 4.50 0.00 0.00 0.00 0.00 5.60
2970.00 5.38 0.00 0.00 0.00 0.00 5.70
2980.00 7.88 0.00 0.00 0.00 0.00 7.85
2990.00 5.13 0.00 0.00 0.00 0.00 5.85
3000.00 15.75 0.00 0.00 0.00 0.00 10.70
3010.00 5.25 0.00 0.00 0.00 0.00 6.15
3020.00 4.75 0.00 0.00 0.00 0.00 5.35
3030.00 13.25 0.00 0.00 0.00 0.00 10.00
3040.00 2.25 0.00 0.00 0.00 0.00 4.50
3050.00 14.50 0.00 0.00 0.00 0.00 10.10
3060.00 5.38 0.00 0.00 0.00 0.00 6.15
3070.00 7.88 0.00 0.00 0.00 0.00 7.15
3080.00 14.13 0.00 0.00 0.00 0.00 10.00
3090.00 5.50 0.00 0.00 0.00 0.00 6.20
3100.00 4.50 0.00 0.00 0.00 0.00 5.65
3110.00 8.13 0.00 0.00 0.00 0.00 7.50
3120.00 4.88 0.00 0.00 0.00 0.00 5.85
3130.00 11.25 0.00 0.00 0.00 0.00 8.70
3140.00 13.38 0.00 0.00 0.00 0.00 9.45
3150.00 9.13 0.00 0.00 0.00 0.00 7.85
3160.00 9.88 0.00 0.00 0.00 0.00 7.95
3170.00 15.38 0.00 0.00 0.00 0.00 10.60
3180.00 5.75 0.00 0.00 0.00 0.00 6.05
3190.00 12.75 0.00 0.00 0.00 0.00 9.20
3200.00 5.38 0.00 0.00 0.00 0.00 6.20
3210.00 3.88 0.00 0.00 0.00 0.00 5.40
3220.00 6.38 0.00 0.00 0.00 0.00 6.70
3230.00 18.00 0.00 0.00 0.00 0.00 11.25
3240.00 5.88 0.00 0.00 0.00 0.00 6.90
3250.00 3.00 0.00 0.00 0.00 0.00 5.00
3260.00 14.63 0.00 0.00 0.00 0.00 9.80
3270.00 7.50 0.00 0.00 0.00 0.00 7.60
3280.00 9.50 0.00 0.00 0.00 0.00 7.50
3290.00 6.50 0.00 0.00 0.00 0.00 6.80
3300.00 13.13 0.00 0.00 0.00 0.00 9.55
3310.00 4.63 0.00 0.00 0.00 0.00 5.60
3320.00 9.38 0.00 0.00 0.00 0.00 8.00
3330.00 6.88 0.00 0.00 0.00 0.00 6.85
3340.00 4.50 0.00 0.00 0.00 0.00 5.90
3350.00 12.50 0.00 0.00 0.00 0.00 9.35
3360.00 9.50 0.00 0.00 0.00 0.00 7.75
3370.00 9.88 0.00 0.00 0.00 0.00 7.85
3380.00 12.38 0.00 0.00 0.00 0.00 9.10
3390.00 6.63 0.00 0.00 0.00 0.00 6.85
3400.00 7.63 0.00 0.00 0.00 0.00 7.10
3410.00 7.75 0.00 0.00 0.00 0.00 7.05
3420.00 8.38 0.00 0.00 0.00 0.00 7.50
3430.00 7.63 0.00 0.00 0.00 0.00 7.05
3440.00 9.88 0.00 0.00 0.00 0.00 8.10
3450.00 8.00 0.00 0.00 0.00 0.00 7.50
3460.00 8.13 0.00 0.00 0.00 0.00 7.00
3470.00 11.63 0.00 0.00 0.00 0.00 9.10
3480.00 9.63 0.00 0.00 0.00 0.00 7.80
3490.00 9.38 0.00 0.00 0.00 0.00 7.55
3500.00 7.50 0.00 0.00 0.00 0.00 7.25
3510.00 11.50 0.00 0.00 0.00 0.00 8.95
3520.00 4.75 0.00 0.00 0.00 0.00 5.95
3530.00 10.88 0.00 0.00 0.00 0.00 8.30
3540.00 4.25 0.00 0.00 0.00 0.00 5.70
3550.00 9.13 0.00 0.00 0.00 0.00 8.00
3560.00 6.50 0.00 0.00 0.00 0.00 6.50
3570.00 6.13 0.00 0.00 0.00 0.00 6.30
3580.00 7.50 0.00 0.00 0.00 0.00 7.50
3590.00 8.63 0.00 0.00 0.00 0.00 7.65
3600.00 8.63 0.00 0.00 0.00 0.00 7.25
3610.00 11.25 0.00 0.00 0.00 0.00 7.95
3620.00 10.38 0.00 0.00 0.00 0.00 8.95
3630.00 13.88 0.00 0.00 0.00 0.00 9.90
3640.00 8.63 0.00 0.00 0.00 0.00 7.30
3650.00 9.25 0.00 0.00 0.00 0.00 8.15
3660.00 6.50 0.00 0.00 0.00 0.00 6.15
3670.00 7.88 0.00 0.00 0.00 0.00 7.70
3680.00 7.88 0.00 0.00 0.00 0.00 7.10
3690.00 5.88 0.00 0.00 0.00 0.00 6.40
3700.00 5.25 0.00 0.00 0.00 0.00 6.30
3710.00 6.25 0.00 0.00 0.00 0.00 6.40
3720.00 8.88 0.00 0.00 0.00 0.00 7.70
3730.00 15.25 0.00 0.00 0.00 0.00 10.05
3740.00 9.63 0.00 0.00 0.00 0.00 7.55
3750.00 10.88 0.00 0.00 0.00 0.00 8.85
3760.00 9.88 0.00 0.00 0.00 0.00 8.05
3770.00 7.88 0.00 0.00 0.00 0.00 7.20
3780.00 7.88 0.00 0.00 0.00 0.00 6.90
3790.00 4.38 0.00 0.00 0.00 0.00 6.20
3800.00 9.13 0.00 0.00 0.00 0.00 7.70
3810.00 7.63 0.00 0.00 0.00 0.00 6.95
3820.00 8.63 0.00 0.00 0.00 0.00 7.70
3830.00 14.63 0.00 0.00 0.00 0.00 10.05
3840.00 4.88 0.00 0.00 0.00 0.00 5.95
3850.00 10.75 0.00 0.00 0.00 0.00 8.15
3860.00 9.00 0.00 0.00 0.00 0.00 7.65
3870.00 6.00 0.00 0.00 0.00 0.00 6.85
3880.00 14.50 0.00 0.00 0.00 0.00 9.70
3890.00 6.75 0.00 0.00 0.00 0.00 6.75
3900.00 7.75 0.00 0.00 0.00 0.00 7.40
3910.00 4.63 0.00 0.00 0.00 0.00 6.00
3920.00 6.00 0.00 0.00 0.00 0.00 6.45
3930.00 12.25 0.00 0.00 0.13 0.00 8.85
3940.00 12.38 0.00 0.00 0.00 0.00 9.30
3950.00 9.50 0.00 0.00 0.00 0.00 7.80
3960.00 3.38 0.00 0.00 0.00 0.00 5.10
3970.00 11.88 0.00 0.00 0.00 0.00 9.00
3980.00 7.75 0.00 0.00 0.00 0.00 7.10
3990.00 7.38 0.00 0.00 0.00 0.00 7.20
4000.00 10.88 0.00 0.00 0.00 0.00 8.75
