10.00	0.99573	0.99680	0.99680	0.99573	0.99573	
20.00	0.99595	0.99697	0.99697	0.99595	0.99595	
30.00	0.99615	0.99712	0.99712	0.99616	0.99615	
40.00	0.99633	0.99725	0.99725	0.99633	0.99633	
50.00	0.99652	0.99740	0.99740	0.99652	0.99652	
60.00	0.99669	0.99752	0.99752	0.99669	0.99669	
70.00	0.99660	0.99763	0.99763	0.99683	0.99683	
80.00	0.99676	0.99774	0.99774	0.99699	0.99699	
90.00	0.99693	0.99786	0.99759	0.99715	0.99715	
100.00	0.99708	0.99797	0.99771	0.99701	0.99675	
110.00	0.99722	0.99807	0.99782	0.99715	0.99663	
120.00	0.99736	0.99816	0.99745	0.99729	0.99654	
130.00	0.99749	0.99825	0.99757	0.99742	0.99636	
140.00	0.99761	0.99815	0.99769	0.99735	0.99654	
150.00	0.99746	0.99824	0.99764	0.99747	0.99671	
160.00	0.99718	0.99833	0.99775	0.99760	0.99687	
170.00	0.99730	0.99840	0.99765	0.99771	0.99701	
180.00	0.99718	0.99848	0.99762	0.99782	0.99716	
190.00	0.99715	0.99834	0.99726	0.99793	0.99731	
200.00	0.99729	0.99842	0.99739	0.99804	0.99715	
210.00	0.99729	0.99832	0.99751	0.99789	0.99727	
220.00	0.99744	0.99811	0.99764	0.99786	0.99729	
230.00	0.99728	0.99803	0.99774	0.99771	0.99740	
240.00	0.99718	0.99813	0.99764	0.99783	0.99754	
250.00	0.99733	0.99823	0.99776	0.99795	0.99767	
260.00	0.99719	0.99800	0.99766	0.99789	0.99777	
270.00	0.99733	0.99811	0.99778	0.99801	0.99765	
280.00	0.99723	0.99809	0.99779	0.99810	0.99751	
290.00	0.99713	0.99801	0.99789	0.99818	0.99762	
300.00	0.99729	0.99812	0.99786	0.99828	0.99750	
310.00	0.99681	0.99788	0.99795	0.99817	0.99761	
320.00	0.99671	0.99799	0.99806	0.99827	0.99743	
330.00	0.99687	0.99777	0.99805	0.99836	0.99755	
340.00	0.99690	0.99754	0.99795	0.99817	0.99748	
350.00	0.99699	0.99767	0.99806	0.99827	0.99761	
360.00	0.99714	0.99755	0.99815	0.99827	0.99772	
370.00	0.99686	0.99739	0.99796	0.99834	0.99762	
380.00	0.99693	0.99746	0.99793	0.99818	0.99775	
390.00	0.99686	0.99758	0.99751	0.99800	0.99787	
400.00	0.99671	0.99746	0.99762	0.99805	0.99796	
410.00	0.99661	0.99758	0.99766	0.99777	0.99801	
420.00	0.99645	0.99756	0.99778	0.99775	0.99802	
430.00	0.99662	0.99767	0.99776	0.99785	0.99811	
440.00	0.99679	0.99779	0.99787	0.99785	0.99821	
450.00	0.99694	0.99789	0.99796	0.99770	0.99829	
460.00	0.99709	0.99791	0.99806	0.99762	0.99837	
470.00	0.99683	0.99772	0.99817	0.99685	0.99826	
480.00	0.99677	0.99777	0.99795	0.99690	0.99835	
490.00	0.99693	0.99695	0.99782	0.99658	0.99799	
500.00	0.99673	0.99709	0.99788	0.99654	0.99804	
510.00	0.99689	0.99698	0.99784	0.99670	0.99739	
520.00	0.99678	0.99658	0.99778	0.99686	0.99752	
530.00	0.99676	0.99675	0.99785	0.99683	0.99759	
540.00	0.99685	0.99692	0.99783	0.99700	0.99765	
550.00	0.99677	0.99674	0.99794	0.99714	0.99773	
560.00	0.99656	0.99690	0.99804	0.99729	0.99784	
570.00	0.99654	0.99678	0.99794	0.99742	0.99795	
580.00	0.99650	0.99693	0.99785	0.99748	0.99804	
590.00	0.99659	0.99692	0.99795	0.99759	0.99790	
600.00	0.99675	0.99654	0.99800	0.99771	0.99791	
610.00	0.99687	0.99611	0.99808	0.99782	0.99793	
620.00	0.99652	0.99625	0.99791	0.99793	0.99781	
630.00	0.99645	0.99636	0.99801	0.99803	0.99792	
640.00	0.99661	0.99647	0.99797	0.99784	0.99803	
650.00	0.99667	0.99646	0.99779	0.99792	0.99796	
660.00	0.99644	0.99663	0.99744	0.99802	0.99802	
670.00	0.99661	0.99658	0.99753	0.99812	0.99788	
680.00	0.99678	0.99658	0.99753	0.99819	0.99773	
690.00	0.99689	0.99675	0.99760	0.99790	0.99784	
700.00	0.99698	0.99690	0.99753	0.99800	0.99752	
710.00	0.99703	0.99671	0.99749	0.99795	0.99748	
720.00	0.99717	0.99675	0.99759	0.99789	0.99760	
730.00	0.99711	0.99689	0.99747	0.99799	0.99772	
740.00	0.99725	0.99703	0.99759	0.99806	0.99783	
750.00	0.99732	0.99715	0.99748	0.99812	0.99793	
760.00	0.99722	0.99709	0.99728	0.99798	0.99803	
770.00	0.99714	0.99713	0.99741	0.99805	0.99813	
780.00	0.99727	0.99727	0.99685	0.99810	0.99822	
790.00	0.99724	0.99693	0.99695	0.99804	0.99825	
800.00	0.99724	0.99708	0.99708	0.99780	0.99818	
810.00	0.99722	0.99720	0.99700	0.99771	0.99814	
820.00	0.99691	0.99717	0.99690	0.99776	0.99822	
830.00	0.99660	0.99731	0.99684	0.99785	0.99813	
840.00	0.99663	0.99744	0.99670	0.99795	0.99786	
850.00	0.99677	0.99755	0.99685	0.99801	0.99765	
860.00	0.99681	0.99763	0.99690	0.99809	0.99770	
870.00	0.99650	0.99771	0.99705	0.99796	0.99780	
880.00	0.99627	0.99782	0.99662	0.99806	0.99772	
890.00	0.99631	0.99766	0.99678	0.99815	0.99769	
900.00	0.99641	0.99761	0.99694	0.99824	0.99767	
910.00	0.99658	0.99772	0.99672	0.99820	0.99773	
920.00	0.99672	0.99783	0.99635	0.99822	0.99762	
930.00	0.99688	0.99748	0.99629	0.99829	0.99770	
940.00	0.99701	0.99751	0.99641	0.99837	0.99781	
950.00	0.99696	0.99730	0.99657	0.99819	0.99748	
960.00	0.99706	0.99742	0.99655	0.99781	0.99732	
970.00	0.99678	0.99754	0.99672	0.99787	0.99744	
980.00	0.99683	0.99740	0.99653	0.99796	0.99745	
990.00	0.99693	0.99752	0.99662	0.99804	0.99731	
1000.00	0.99685	0.99755	0.99678	0.99802	0.99735	
1010.00	0.99701	0.99758	0.99694	0.99779	0.99747	
1020.00	0.99715	0.99769	0.99709	0.99789	0.99721	
1030.00	0.99726	0.99775	0.99722	0.99794	0.99697	
1040.00	0.99735	0.99778	0.99713	0.99783	0.99697	
1050.00	0.99734	0.99763	0.99691	0.99781	0.99681	
1060.00	0.99727	0.99774	0.99675	0.99792	0.99685	
1070.00	0.99723	0.99772	0.99671	0.99802	0.99683	
1080.00	0.99710	0.99762	0.99687	0.99810	0.99689	
1090.00	0.99723	0.99772	0.99702	0.99814	0.99671	
1100.00	0.99736	0.99765	0.99676	0.99794	0.99650	
1110.00	0.99744	0.99776	0.99652	0.99772	0.99666	
1120.00	0.99745	0.99787	0.99668	0.99754	0.99678	
1130.00	0.99720	0.99798	0.99681	0.99761	0.99688	
1140.00	0.99731	0.99789	0.99697	0.99761	0.99686	
1150.00	0.99708	0.99795	0.99711	0.99772	0.99701	
1160.00	0.99722	0.99775	0.99676	0.99782	0.99700	
1170.00	0.99703	0.99762	0.99643	0.99793	0.99712	
1180.00	0.99715	0.99763	0.99661	0.99784	0.99680	
1190.00	0.99684	0.99743	0.99662	0.99795	0.99690	
1200.00	0.99624	0.99735	0.99678	0.99802	0.99695	
1210.00	0.99615	0.99743	0.99658	0.99812	0.99668	
1220.00	0.99555	0.99756	0.99652	0.99810	0.99663	
1230.00	0.99562	0.99761	0.99647	0.99771	0.99665	
1240.00	0.99546	0.99753	0.99664	0.99755	0.99681	
1250.00	0.99543	0.99765	0.99652	0.99753	0.99696	
1260.00	0.99550	0.99764	0.99669	0.99757	0.99701	
1270.00	0.99571	0.99767	0.99682	0.99763	0.99708	
1280.00	0.99562	0.99776	0.99692	0.99753	0.99688	
1290.00	0.99579	0.99786	0.99704	0.99763	0.99670	
1300.00	0.99567	0.99785	0.99718	0.99750	0.99661	
1310.00	0.99582	0.99795	0.99669	0.99762	0.99665	
1320.00	0.99543	0.99802	0.99685	0.99773	0.99616	
1330.00	0.99540	0.99807	0.99701	0.99750	0.99635	
1340.00	0.99560	0.99757	0.99708	0.99761	0.99648	
1350.00	0.99580	0.99762	0.99693	0.99773	0.99662	
1360.00	0.99572	0.99758	0.99698	0.99778	0.99678	
1370.00	0.99585	0.99769	0.99713	0.99788	0.99635	
1380.00	0.99603	0.99753	0.99727	0.99797	0.99634	
1390.00	0.99605	0.99764	0.99739	0.99807	0.99621	
1400.00	0.99587	0.99742	0.99727	0.99815	0.99612	
1410.00	0.99574	0.99728	0.99698	0.99824	0.99631	
1420.00	0.99546	0.99700	0.99710	0.99832	0.99628	
1430.00	0.99563	0.99705	0.99715	0.99841	0.99628	
1440.00	0.99489	0.99719	0.99692	0.99832	0.99646	
1450.00	0.99472	0.99729	0.99694	0.99840	0.99654	
1460.00	0.99484	0.99715	0.99700	0.99838	0.99661	
1470.00	0.99453	0.99719	0.99689	0.99845	0.99677	
1480.00	0.99471	0.99715	0.99704	0.99852	0.99687	
1490.00	0.99491	0.99703	0.99718	0.99848	0.99702	
1500.00	0.99513	0.99701	0.99732	0.99853	0.99716	
1510.00	0.99497	0.99660	0.99742	0.99852	0.99728	
1520.00	0.99504	0.99677	0.99753	0.99849	0.99740	
1530.00	0.99445	0.99679	0.99765	0.99854	0.99753	
1540.00	0.99457	0.99663	0.99768	0.99846	0.99765	
1550.00	0.99462	0.99679	0.99754	0.99817	0.99765	
1560.00	0.99463	0.99691	0.99766	0.99801	0.99762	
1570.00	0.99488	0.99676	0.99777	0.99811	0.99774	
1580.00	0.99498	0.99644	0.99775	0.99819	0.99784	
1590.00	0.99504	0.99661	0.99786	0.99809	0.99770	
1600.00	0.99527	0.99628	0.99783	0.99782	0.99763	
1610.00	0.99507	0.99639	0.99784	0.99765	0.99774	
1620.00	0.99509	0.99657	0.99778	0.99756	0.99783	
1630.00	0.99532	0.99662	0.99783	0.99765	0.99794	
1640.00	0.99523	0.99663	0.99793	0.99759	0.99794	
1650.00	0.99502	0.99651	0.99799	0.99771	0.99790	
1660.00	0.99509	0.99657	0.99809	0.99773	0.99771	
1670.00	0.99524	0.99616	0.99799	0.99746	0.99780	
1680.00	0.99543	0.99618	0.99808	0.99751	0.99791	
1690.00	0.99544	0.99637	0.99771	0.99763	0.99784	
1700.00	0.99544	0.99587	0.99773	0.99771	0.99789	
1710.00	0.99541	0.99602	0.99775	0.99780	0.99798	
1720.00	0.99543	0.99618	0.99782	0.99774	0.99808	
1730.00	0.99549	0.99608	0.99760	0.99785	0.99809	
1740.00	0.99568	0.99622	0.99763	0.99780	0.99816	
1750.00	0.99589	0.99632	0.99775	0.99775	0.99812	
1760.00	0.99608	0.99606	0.99782	0.99775	0.99813	
1770.00	0.99627	0.99607	0.99788	0.99786	0.99793	
1780.00	0.99581	0.99602	0.99795	0.99791	0.99801	
1790.00	0.99586	0.99589	0.99805	0.99791	0.99771	
1800.00	0.99604	0.99576	0.99812	0.99796	0.99779	
1810.00	0.99562	0.99569	0.99821	0.99806	0.99784	
1820.00	0.99534	0.99576	0.99825	0.99813	0.99774	
1830.00	0.99557	0.99570	0.99814	0.99809	0.99762	
1840.00	0.99558	0.99589	0.99822	0.99794	0.99763	
1850.00	0.99562	0.99585	0.99827	0.99801	0.99761	
1860.00	0.99550	0.99589	0.99821	0.99809	0.99768	
1870.00	0.99527	0.99591	0.99787	0.99818	0.99765	
1880.00	0.99537	0.99594	0.99792	0.99819	0.99771	
1890.00	0.99559	0.99611	0.99786	0.99814	0.99781	
1900.00	0.99579	0.99624	0.99792	0.99807	0.99773	
1910.00	0.99580	0.99636	0.99789	0.99814	0.99744	
1920.00	0.99599	0.99639	0.99797	0.99822	0.99748	
1930.00	0.99598	0.99655	0.99786	0.99831	0.99760	
1940.00	0.99570	0.99665	0.99790	0.99829	0.99754	
1950.00	0.99587	0.99678	0.99769	0.99804	0.99754	
1960.00	0.99605	0.99675	0.99779	0.99814	0.99760	
1970.00	0.99616	0.99690	0.99790	0.99823	0.99735	
1980.00	0.99604	0.99658	0.99800	0.99831	0.99718	
1990.00	0.99602	0.99653	0.99809	0.99822	0.99732	
2000.00	0.99598	0.99666	0.99794	0.99828	0.99727	
2010.00	0.99599	0.99675	0.99800	0.99811	0.99732	
2020.00	0.99618	0.99671	0.99807	0.99773	0.99727	
2030.00	0.99635	0.99653	0.99792	0.99757	0.99736	
2040.00	0.99626	0.99653	0.99772	0.99743	0.99681	
2050.00	0.99637	0.99667	0.99776	0.99754	0.99695	
2060.00	0.99654	0.99675	0.99770	0.99756	0.99680	
2070.00	0.99651	0.99643	0.99754	0.99768	0.99661	
2080.00	0.99665	0.99661	0.99743	0.99777	0.99677	
2090.00	0.99650	0.99670	0.99719	0.99781	0.99691	
2100.00	0.99665	0.99673	0.99726	0.99786	0.99706	
2110.00	0.99680	0.99677	0.99698	0.99795	0.99701	
2120.00	0.99681	0.99688	0.99700	0.99803	0.99678	
2130.00	0.99697	0.99649	0.99697	0.99781	0.99694	
2140.00	0.99702	0.99657	0.99703	0.99792	0.99700	
2150.00	0.99714	0.99662	0.99713	0.99800	0.99712	
2160.00	0.99674	0.99675	0.99708	0.99777	0.99709	
2170.00	0.99669	0.99687	0.99718	0.99787	0.99712	
2180.00	0.99666	0.99702	0.99732	0.99797	0.99691	
2190.00	0.99677	0.99671	0.99744	0.99806	0.99701	
2200.00	0.99660	0.99658	0.99757	0.99797	0.99675	
2210.00	0.99676	0.99661	0.99697	0.99807	0.99660	
2220.00	0.99685	0.99669	0.99680	0.99815	0.99676	
2230.00	0.99666	0.99664	0.99696	0.99823	0.99660	
2240.00	0.99661	0.99681	0.99679	0.99832	0.99654	
2250.00	0.99676	0.99691	0.99658	0.99834	0.99651	
2260.00	0.99692	0.99695	0.99654	0.99841	0.99664	
2270.00	0.99702	0.99694	0.99657	0.99814	0.99660	
2280.00	0.99704	0.99709	0.99635	0.99823	0.99670	
2290.00	0.99648	0.99709	0.99645	0.99796	0.99641	
2300.00	0.99665	0.99702	0.99643	0.99804	0.99659	
2310.00	0.99655	0.99717	0.99595	0.99807	0.99670	
2320.00	0.99669	0.99731	0.99595	0.99811	0.99681	
2330.00	0.99664	0.99742	0.99603	0.99820	0.99668	
2340.00	0.99681	0.99753	0.99594	0.99799	0.99684	
2350.00	0.99644	0.99765	0.99568	0.99809	0.99699	
2360.00	0.99661	0.99772	0.99540	0.99810	0.99691	
2370.00	0.99661	0.99748	0.99539	0.99772	0.99691	
2380.00	0.99671	0.99750	0.99549	0.99778	0.99706	
2390.00	0.99686	0.99739	0.99570	0.99787	0.99721	
2400.00	0.99701	0.99744	0.99578	0.99793	0.99728	
2410.00	0.99711	0.99756	0.99597	0.99791	0.99736	
2420.00	0.99717	0.99767	0.99584	0.99776	0.99729	
2430.00	0.99720	0.99773	0.99604	0.99754	0.99743	
2440.00	0.99726	0.99770	0.99624	0.99764	0.99755	
2450.00	0.99738	0.99714	0.99637	0.99772	0.99767	
2460.00	0.99739	0.99720	0.99623	0.99768	0.99759	
2470.00	0.99688	0.99691	0.99593	0.99779	0.99771	
2480.00	0.99679	0.99691	0.99601	0.99784	0.99775	
2490.00	0.99655	0.99684	0.99603	0.99792	0.99786	
2500.00	0.99672	0.99678	0.99568	0.99802	0.99797	
2510.00	0.99685	0.99679	0.99542	0.99810	0.99807	
2520.00	0.99700	0.99666	0.99564	0.99819	0.99797	
2530.00	0.99713	0.99666	0.99585	0.99827	0.99795	
2540.00	0.99707	0.99636	0.99604	0.99820	0.99800	
2550.00	0.99701	0.99633	0.99606	0.99815	0.99810	
2560.00	0.99716	0.99581	0.99625	0.99770	0.99791	
2570.00	0.99730	0.99557	0.99614	0.99763	0.99792	
2580.00	0.99737	0.99563	0.99599	0.99757	0.99801	
2590.00	0.99740	0.99571	0.99581	0.99743	0.99811	
2600.00	0.99725	0.99591	0.99579	0.99749	0.99794	
2610.00	0.99738	0.99610	0.99580	0.99758	0.99759	
2620.00	0.99711	0.99629	0.99599	0.99770	0.99754	
2630.00	0.99690	0.99647	0.99617	0.99740	0.99729	
2640.00	0.99689	0.99630	0.99606	0.99731	0.99732	
2650.00	0.99679	0.99648	0.99625	0.99744	0.99744	
2660.00	0.99680	0.99620	0.99623	0.99738	0.99749	
2670.00	0.99687	0.99630	0.99634	0.99733	0.99757	
2680.00	0.99678	0.99629	0.99651	0.99687	0.99745	
2690.00	0.99658	0.99592	0.99631	0.99702	0.99746	
2700.00	0.99620	0.99581	0.99643	0.99716	0.99757	
2710.00	0.99636	0.99582	0.99641	0.99729	0.99703	
2720.00	0.99647	0.99598	0.99656	0.99741	0.99717	
2730.00	0.99637	0.99605	0.99635	0.99729	0.99729	
2740.00	0.99634	0.99618	0.99652	0.99733	0.99742	
2750.00	0.99644	0.99619	0.99661	0.99718	0.99749	
2760.00	0.99654	0.99636	0.99631	0.99713	0.99758	
2770.00	0.99643	0.99644	0.99645	0.99693	0.99770	
2780.00	0.99660	0.99653	0.99626	0.99704	0.99778	
2790.00	0.99630	0.99657	0.99626	0.99718	0.99787	
2800.00	0.99631	0.99672	0.99644	0.99685	0.99793	
2810.00	0.99647	0.99688	0.99660	0.99692	0.99785	
2820.00	0.99664	0.99683	0.99676	0.99697	0.99769	
2830.00	0.99680	0.99699	0.99685	0.99689	0.99756	
2840.00	0.99696	0.99713	0.99677	0.99673	0.99761	
2850.00	0.99709	0.99703	0.99673	0.99684	0.99707	
2860.00	0.99718	0.99693	0.99673	0.99699	0.99720	
2870.00	0.99725	0.99707	0.99663	0.99672	0.99733	
2880.00	0.99659	0.99715	0.99645	0.99688	0.99745	
2890.00	0.99644	0.99723	0.99619	0.99690	0.99755	
2900.00	0.99635	0.99712	0.99606	0.99656	0.99741	
2910.00	0.99651	0.99726	0.99595	0.99657	0.99754	
2920.00	0.99617	0.99700	0.99610	0.99671	0.99748	
2930.00	0.99631	0.99700	0.99608	0.99637	0.99760	
2940.00	0.99648	0.99707	0.99592	0.99597	0.99770	
2950.00	0.99663	0.99721	0.99580	0.99590	0.99781	
2960.00	0.99659	0.99734	0.99590	0.99572	0.99748	
2970.00	0.99664	0.99729	0.99610	0.99580	0.99754	
2980.00	0.99658	0.99743	0.99612	0.99530	0.99731	
2990.00	0.99594	0.99755	0.99631	0.99530	0.99741	
3000.00	0.99612	0.99743	0.99637	0.99528	0.99725	
3010.00	0.99630	0.99746	0.99631	0.99541	0.99713	
3020.00	0.99605	0.99751	0.99632	0.99552	0.99706	
3030.00	0.99603	0.99745	0.99637	0.99571	0.99720	
3040.00	0.99622	0.99710	0.99648	0.99588	0.99734	
3050.00	0.99641	0.99673	0.99659	0.99571	0.99738	
3060.00	0.99636	0.99667	0.99655	0.99570	0.99746	
3070.00	0.99622	0.99651	0.99632	0.99591	0.99753	
3080.00	0.99625	0.99667	0.99609	0.99583	0.99703	
3090.00	0.99610	0.99666	0.99618	0.99602	0.99626	
3100.00	0.99618	0.99682	0.99637	0.99611	0.99611	
3110.00	0.99607	0.99697	0.99638	0.99600	0.99571	
3120.00	0.99617	0.99712	0.99655	0.99612	0.99571	
3130.00	0.99626	0.99724	0.99655	0.99629	0.99558	
3140.00	0.99644	0.99738	0.99631	0.99642	0.99578	
3150.00	0.99661	0.99740	0.99604	0.99648	0.99564	
3160.00	0.99656	0.99714	0.99609	0.99645	0.99577	
3170.00	0.99672	0.99714	0.99627	0.99659	0.99587	
3180.00	0.99666	0.99682	0.99636	0.99671	0.99574	
3190.00	0.99673	0.99658	0.99602	0.99685	0.99587	
3200.00	0.99686	0.99668	0.99615	0.99680	0.99606	
3210.00	0.99695	0.99673	0.99627	0.99666	0.99622	
3220.00	0.99681	0.99673	0.99618	0.99666	0.99605	
3230.00	0.99696	0.99688	0.99636	0.99642	0.99624	
3240.00	0.99691	0.99699	0.99653	0.99620	0.99623	
3250.00	0.99706	0.99674	0.99663	0.99614	0.99635	
3260.00	0.99720	0.99683	0.99670	0.99612	0.99653	
3270.00	0.99734	0.99646	0.99660	0.99630	0.99654	
3280.00	0.99745	0.99652	0.99644	0.99648	0.99670	
3290.00	0.99757	0.99660	0.99634	0.99648	0.99675	
3300.00	0.99769	0.99635	0.99652	0.99665	0.99688	
3310.00	0.99780	0.99624	0.99644	0.99660	0.99701	
3320.00	0.99791	0.99625	0.99647	0.99649	0.99699	
3330.00	0.99801	0.99634	0.99657	0.99634	0.99670	
3340.00	0.99809	0.99635	0.99674	0.99629	0.99662	
3350.00	0.99818	0.99652	0.99654	0.99647	0.99632	
3360.00	0.99801	0.99651	0.99622	0.99630	0.99631	
3370.00	0.99798	0.99662	0.99635	0.99615	0.99649	
3380.00	0.99793	0.99678	0.99645	0.99577	0.99630	
3390.00	0.99803	0.99657	0.99651	0.99591	0.99648	
3400.00	0.99804	0.99636	0.99668	0.99592	0.99646	
3410.00	0.99814	0.99616	0.99651	0.99608	0.99650	
3420.00	0.99823	0.99633	0.99668	0.99598	0.99630	
3430.00	0.99832	0.99629	0.99684	0.99615	0.99630	
3440.00	0.99806	0.99645	0.99698	0.99587	0.99641	
3450.00	0.99809	0.99595	0.99708	0.99602	0.99642	
3460.00	0.99790	0.99588	0.99706	0.99621	0.99635	
3470.00	0.99799	0.99590	0.99712	0.99612	0.99623	
3480.00	0.99806	0.99606	0.99722	0.99592	0.99632	
3490.00	0.99804	0.99579	0.99735	0.99578	0.99649	
3500.00	0.99810	0.99550	0.99748	0.99588	0.99666	
3510.00	0.99819	0.99540	0.99753	0.99544	0.99649	
3520.00	0.99815	0.99562	0.99763	0.99532	0.99610	
3530.00	0.99809	0.99546	0.99744	0.99541	0.99618	
3540.00	0.99814	0.99569	0.99739	0.99563	0.99585	
3550.00	0.99777	0.99563	0.99752	0.99584	0.99605	
3560.00	0.99780	0.99551	0.99753	0.99605	0.99623	
3570.00	0.99765	0.99535	0.99712	0.99585	0.99629	
3580.00	0.99762	0.99533	0.99726	0.99594	0.99627	
3590.00	0.99773	0.99520	0.99729	0.99562	0.99634	
3600.00	0.99777	0.99523	0.99743	0.99578	0.99652	
3610.00	0.99786	0.99515	0.99746	0.99575	0.99625	
3620.00	0.99792	0.99487	0.99758	0.99595	0.99634	
3630.00	0.99772	0.99503	0.99769	0.99615	0.99652	
3640.00	0.99782	0.99517	0.99771	0.99623	0.99669	
3650.00	0.99788	0.99526	0.99758	0.99628	0.99683	
3660.00	0.99768	0.99517	0.99770	0.99625	0.99688	
3670.00	0.99763	0.99487	0.99779	0.99643	0.99702	
3680.00	0.99774	0.99511	0.99759	0.99621	0.99707	
3690.00	0.99739	0.99484	0.99730	0.99638	0.99712	
3700.00	0.99751	0.99505	0.99669	0.99652	0.99726	
3710.00	0.99749	0.99491	0.99685	0.99669	0.99724	
3720.00	0.99744	0.99516	0.99701	0.99671	0.99725	
3730.00	0.99757	0.99481	0.99703	0.99681	0.99733	
3740.00	0.99707	0.99466	0.99675	0.99678	0.99719	
3750.00	0.99708	0.99467	0.99691	0.99674	0.99717	
3760.00	0.99721	0.99477	0.99703	0.99685	0.99731	
3770.00	0.99734	0.99501	0.99676	0.99682	0.99721	
3780.00	0.99736	0.99494	0.99692	0.99655	0.99730	
3790.00	0.99717	0.99488	0.99706	0.99666	0.99743	
3800.00	0.99699	0.99501	0.99721	0.99675	0.99752	
3810.00	0.99702	0.99525	0.99732	0.99636	0.99764	
3820.00	0.99714	0.99485	0.99737	0.99650	0.99739	
3830.00	0.99719	0.99510	0.99743	0.99638	0.99740	
3840.00	0.99688	0.99524	0.99755	0.99638	0.99743	
3850.00	0.99698	0.99538	0.99753	0.99646	0.99755	
3860.00	0.99712	0.99558	0.99748	0.99645	0.99742	
3870.00	0.99726	0.99561	0.99733	0.99620	0.99745	
3880.00	0.99740	0.99569	0.99719	0.99607	0.99755	
3890.00	0.99707	0.99588	0.99710	0.99606	0.99712	
3900.00	0.99721	0.99552	0.99696	0.99620	0.99717	
3910.00	0.99735	0.99574	0.99710	0.99637	0.99721	
3920.00	0.99744	0.99592	0.99722	0.99655	0.99702	
3930.00	0.99744	0.99599	0.99733	0.99642	0.99715	
3940.00	0.99734	0.99607	0.99720	0.99656	0.99709	
3950.00	0.99730	0.99610	0.99694	0.99638	0.99723	
3960.00	0.99709	0.99629	0.99685	0.99635	0.99709	
3970.00	0.99723	0.99644	0.99698	0.99652	0.99723	
3980.00	0.99737	0.99656	0.99709	0.99668	0.99679	
3990.00	0.99734	0.99672	0.99686	0.99682	0.99694	
4000.00	0.99732	0.99685	0.99701	0.99655	0.99701	
4010.00	0.99739	0.99699	0.99694	0.99667	0.99652	
4020.00	0.99736	0.99707	0.99708	0.99680	0.99665	
4030.00	0.99648	0.99694	0.99711	0.99684	0.99648	
4040.00	0.99616	0.99701	0.99720	0.99613	0.99665	
4050.00	0.99634	0.99639	0.99712	0.99617	0.99665	
4060.00	0.99652	0.99595	0.99663	0.99633	0.99659	
4070.00	0.99660	0.99612	0.99678	0.99649	0.99651	
4080.00	0.99670	0.99627	0.99694	0.99657	0.99656	
4090.00	0.99674	0.99626	0.99709	0.99650	0.99640	
4100.00	0.99623	0.99606	0.99712	0.99667	0.99590	
4110.00	0.99642	0.99623	0.99688	0.99653	0.99608	
4120.00	0.99647	0.99607	0.99696	0.99645	0.99581	
4130.00	0.99617	0.99626	0.99687	0.99629	0.99567	
4140.00	0.99630	0.99632	0.99698	0.99612	0.99580	
4150.00	0.99617	0.99644	0.99705	0.99630	0.99590	
4160.00	0.99625	0.99631	0.99719	0.99648	0.99609	
4170.00	0.99608	0.99618	0.99698	0.99661	0.99600	
4180.00	0.99627	0.99606	0.99708	0.99654	0.99619	
4190.00	0.99621	0.99600	0.99716	0.99628	0.99636	
4200.00	0.99638	0.99618	0.99724	0.99589	0.99653	
4210.00	0.99656	0.99610	0.99736	0.99563	0.99635	
4220.00	0.99666	0.99529	0.99745	0.99560	0.99652	
4230.00	0.99682	0.99512	0.99757	0.99580	0.99651	
4240.00	0.99698	0.99479	0.99765	0.99601	0.99647	
4250.00	0.99704	0.99495	0.99773	0.99589	0.99664	
4260.00	0.99711	0.99518	0.99747	0.99589	0.99681	
4270.00	0.99724	0.99503	0.99754	0.99595	0.99696	
4280.00	0.99737	0.99526	0.99766	0.99486	0.99711	
4290.00	0.99736	0.99549	0.99763	0.99511	0.99723	
4300.00	0.99738	0.99552	0.99772	0.99532	0.99733	
4310.00	0.99741	0.99510	0.99755	0.99555	0.99741	
4320.00	0.99754	0.99446	0.99758	0.99576	0.99750	
4330.00	0.99766	0.99452	0.99739	0.99597	0.99749	
4340.00	0.99777	0.99479	0.99721	0.99604	0.99741	
4350.00	0.99788	0.99505	0.99710	0.99624	0.99685	
4360.00	0.99775	0.99529	0.99665	0.99639	0.99700	
4370.00	0.99785	0.99549	0.99677	0.99644	0.99695	
4380.00	0.99796	0.99562	0.99667	0.99654	0.99672	
4390.00	0.99804	0.99508	0.99652	0.99665	0.99663	
4400.00	0.99798	0.99525	0.99669	0.99660	0.99654	
4410.00	0.99778	0.99501	0.99682	0.99654	0.99664	
4420.00	0.99778	0.99487	0.99696	0.99671	0.99675	
4430.00	0.99775	0.99512	0.99679	0.99680	0.99670	
4440.00	0.99782	0.99532	0.99691	0.99658	0.99665	
4450.00	0.99757	0.99537	0.99662	0.99658	0.99681	
4460.00	0.99753	0.99550	0.99679	0.99674	0.99678	
4470.00	0.99721	0.99560	0.99686	0.99690	0.99629	
4480.00	0.99692	0.99540	0.99694	0.99690	0.99646	
4490.00	0.99702	0.99529	0.99702	0.99679	0.99635	
4500.00	0.99716	0.99530	0.99702	0.99679	0.99636	
4510.00	0.99728	0.99539	0.99699	0.99675	0.99623	
4520.00	0.99665	0.99548	0.99707	0.99669	0.99631	
4530.00	0.99679	0.99548	0.99708	0.99635	0.99649	
4540.00	0.99686	0.99555	0.99684	0.99583	0.99658	
4550.00	0.99647	0.99573	0.99673	0.99603	0.99661	
4560.00	0.99659	0.99593	0.99688	0.99610	0.99615	
4570.00	0.99676	0.99613	0.99687	0.99627	0.99623	
4580.00	0.99691	0.99628	0.99633	0.99643	0.99606	
4590.00	0.99674	0.99634	0.99651	0.99660	0.99624	
4600.00	0.99686	0.99628	0.99660	0.99676	0.99623	
4610.00	0.99669	0.99631	0.99657	0.99687	0.99632	
4620.00	0.99680	0.99648	0.99672	0.99668	0.99638	
4630.00	0.99695	0.99598	0.99684	0.99682	0.99654	
4640.00	0.99707	0.99578	0.99695	0.99697	0.99665	
4650.00	0.99713	0.99588	0.99708	0.99711	0.99633	
4660.00	0.99679	0.99596	0.99721	0.99724	0.99628	
4670.00	0.99660	0.99612	0.99705	0.99684	0.99631	
4680.00	0.99648	0.99631	0.99709	0.99694	0.99623	
4690.00	0.99662	0.99617	0.99710	0.99689	0.99640	
4700.00	0.99678	0.99585	0.99722	0.99684	0.99658	
4710.00	0.99693	0.99549	0.99698	0.99699	0.99658	
4720.00	0.99708	0.99569	0.99703	0.99644	0.99656	
4730.00	0.99721	0.99569	0.99703	0.99655	0.99641	
4740.00	0.99734	0.99539	0.99711	0.99672	0.99623	
4750.00	0.99718	0.99531	0.99703	0.99667	0.99631	
4760.00	0.99723	0.99475	0.99699	0.99671	0.99635	
4770.00	0.99725	0.99463	0.99714	0.99677	0.99632	
4780.00	0.99738	0.99458	0.99727	0.99689	0.99619	
4790.00	0.99751	0.99483	0.99740	0.99684	0.99612	
4800.00	0.99762	0.99477	0.99752	0.99688	0.99607	
4810.00	0.99772	0.99491	0.99764	0.99663	0.99627	
4820.00	0.99738	0.99502	0.99759	0.99635	0.99610	
4830.00	0.99735	0.99460	0.99771	0.99652	0.99621	
4840.00	0.99739	0.99476	0.99782	0.99652	0.99611	
4850.00	0.99713	0.99458	0.99784	0.99666	0.99573	
4860.00	0.99727	0.99484	0.99763	0.99682	0.99520	
4870.00	0.99738	0.99470	0.99772	0.99683	0.99529	
4880.00	0.99751	0.99496	0.99775	0.99662	0.99542	
4890.00	0.99763	0.99434	0.99786	0.99648	0.99556	
4900.00	0.99735	0.99439	0.99796	0.99650	0.99574	
4910.00	0.99740	0.99443	0.99766	0.99664	0.99556	
4920.00	0.99742	0.99468	0.99772	0.99680	0.99562	
4930.00	0.99735	0.99476	0.99766	0.99695	0.99578	
4940.00	0.99722	0.99494	0.99772	0.99707	0.99582	
4950.00	0.99653	0.99519	0.99783	0.99717	0.99593	
4960.00	0.99662	0.99507	0.99772	0.99722	0.99561	
4970.00	0.99670	0.99525	0.99748	0.99679	0.99571	
4980.00	0.99631	0.99531	0.99758	0.99663	0.99586	
4990.00	0.99649	0.99510	0.99757	0.99674	0.99595	
5000.00	0.99661	0.99529	0.99767	0.99672	0.99579	
5010.00	0.99677	0.99551	0.99765	0.99687	0.99600	
5020.00	0.99648	0.99514	0.99739	0.99634	0.99612	
5030.00	0.99661	0.99469	0.99750	0.99630	0.99631	
5040.00	0.99678	0.99475	0.99744	0.99648	0.99637	
5050.00	0.99692	0.99481	0.99722	0.99657	0.99614	
5060.00	0.99686	0.99492	0.99735	0.99660	0.99614	
5070.00	0.99701	0.99513	0.99748	0.99674	0.99614	
5080.00	0.99716	0.99501	0.99760	0.99663	0.99629	
5090.00	0.99720	0.99516	0.99759	0.99650	0.99630	
5100.00	0.99719	0.99499	0.99770	0.99661	0.99635	
5110.00	0.99700	0.99460	0.99781	0.99677	0.99653	
5120.00	0.99677	0.99476	0.99785	0.99693	0.99651	
5130.00	0.99686	0.99452	0.99765	0.99678	0.99622	
5140.00	0.99670	0.99469	0.99772	0.99675	0.99614	
5150.00	0.99677	0.99495	0.99783	0.99687	0.99633	
5160.00	0.99659	0.99492	0.99791	0.99692	0.99607	
5170.00	0.99665	0.99511	0.99801	0.99705	0.99614	
5180.00	0.99678	0.99521	0.99789	0.99719	0.99552	
5190.00	0.99685	0.99525	0.99798	0.99722	0.99549	
5200.00	0.99696	0.99547	0.99808	0.99734	0.99532	
5210.00	0.99706	0.99559	0.99817	0.99735	0.99541	
5220.00	0.99694	0.99577	0.99826	0.99748	0.99564	
5230.00	0.99684	0.99545	0.99835	0.99742	0.99578	
5240.00	0.99683	0.99552	0.99830	0.99742	0.99596	
5250.00	0.99672	0.99574	0.99837	0.99721	0.99608	
5260.00	0.99638	0.99556	0.99840	0.99729	0.99618	
5270.00	0.99646	0.99576	0.99847	0.99742	0.99634	
5280.00	0.99625	0.99597	0.99852	0.99754	0.99648	
5290.00	0.99612	0.99615	0.99860	0.99756	0.99665	
5300.00	0.99535	0.99577	0.99835	0.99723	0.99676	
5310.00	0.99538	0.99598	0.99838	0.99733	0.99667	
5320.00	0.99542	0.99617	0.99795	0.99746	0.99675	
5330.00	0.99564	0.99616	0.99800	0.99724	0.99690	
5340.00	0.99579	0.99617	0.99810	0.99733	0.99686	
5350.00	0.99581	0.99600	0.99815	0.99746	0.99678	
5360.00	0.99589	0.99605	0.99807	0.99719	0.99681	
5370.00	0.99605	0.99582	0.99796	0.99687	0.99676	
5380.00	0.99598	0.99596	0.99801	0.99671	0.99692	
5390.00	0.99602	0.99616	0.99780	0.99671	0.99687	
5400.00	0.99598	0.99634	0.99779	0.99687	0.99672	
5410.00	0.99614	0.99625	0.99756	0.99656	0.99674	
5420.00	0.99629	0.99635	0.99760	0.99658	0.99676	
5430.00	0.99630	0.99615	0.99752	0.99673	0.99622	
5440.00	0.99605	0.99634	0.99725	0.99675	0.99630	
5450.00	0.99625	0.99639	0.99720	0.99680	0.99648	
5460.00	0.99642	0.99637	0.99733	0.99693	0.99665	
5470.00	0.99643	0.99646	0.99715	0.99707	0.99676	
5480.00	0.99651	0.99662	0.99684	0.99721	0.99669	
5490.00	0.99618	0.99678	0.99659	0.99730	0.99652	
5500.00	0.99595	0.99694	0.99658	0.99724	0.99648	
5510.00	0.99615	0.99675	0.99648	0.99725	0.99657	
5520.00	0.99596	0.99691	0.99639	0.99718	0.99663	
5530.00	0.99575	0.99706	0.99650	0.99709	0.99673	
5540.00	0.99568	0.99717	0.99667	0.99700	0.99676	
5550.00	0.99577	0.99716	0.99670	0.99689	0.99692	
5560.00	0.99562	0.99692	0.99686	0.99700	0.99680	
5570.00	0.99533	0.99704	0.99701	0.99697	0.99678	
5580.00	0.99545	0.99710	0.99706	0.99712	0.99675	
5590.00	0.99567	0.99721	0.99720	0.99698	0.99685	
5600.00	0.99562	0.99711	0.99713	0.99706	0.99700	
5610.00	0.99564	0.99705	0.99708	0.99721	0.99714	
5620.00	0.99584	0.99662	0.99697	0.99729	0.99697	
5630.00	0.99581	0.99613	0.99712	0.99742	0.99675	
5640.00	0.99598	0.99598	0.99710	0.99751	0.99673	
5650.00	0.99616	0.99561	0.99716	0.99762	0.99684	
5660.00	0.99604	0.99568	0.99728	0.99772	0.99663	
5670.00	0.99612	0.99578	0.99739	0.99782	0.99660	
5680.00	0.99603	0.99572	0.99726	0.99793	0.99658	
5690.00	0.99618	0.99549	0.99740	0.99769	0.99673	
5700.00	0.99635	0.99569	0.99751	0.99758	0.99672	
5710.00	0.99634	0.99589	0.99763	0.99770	0.99687	
5720.00	0.99609	0.99599	0.99765	0.99752	0.99684	
5730.00	0.99608	0.99599	0.99742	0.99740	0.99675	
5740.00	0.99625	0.99601	0.99753	0.99715	0.99690	
5750.00	0.99617	0.99620	0.99765	0.99716	0.99706	
5760.00	0.99620	0.99626	0.99776	0.99729	0.99648	
5770.00	0.99627	0.99642	0.99775	0.99714	0.99663	
5780.00	0.99620	0.99648	0.99752	0.99720	0.99655	
5790.00	0.99611	0.99665	0.99764	0.99695	0.99670	
5800.00	0.99598	0.99674	0.99743	0.99708	0.99686	
5810.00	0.99545	0.99684	0.99711	0.99721	0.99701	
5820.00	0.99567	0.99695	0.99725	0.99729	0.99698	
5830.00	0.99547	0.99697	0.99735	0.99709	0.99711	
5840.00	0.99537	0.99683	0.99747	0.99722	0.99723	
5850.00	0.99517	0.99683	0.99755	0.99692	0.99737	
5860.00	0.99538	0.99640	0.99714	0.99688	0.99725	
5870.00	0.99561	0.99586	0.99728	0.99697	0.99738	
5880.00	0.99582	0.99594	0.99741	0.99711	0.99751	
5890.00	0.99601	0.99614	0.99754	0.99689	0.99758	
5900.00	0.99620	0.99631	0.99766	0.99702	0.99769	
5910.00	0.99626	0.99619	0.99769	0.99689	0.99780	
5920.00	0.99644	0.99634	0.99774	0.99647	0.99787	
5930.00	0.99662	0.99651	0.99771	0.99661	0.99797	
5940.00	0.99636	0.99642	0.99752	0.99616	0.99780	
5950.00	0.99653	0.99634	0.99735	0.99635	0.99791	
5960.00	0.99669	0.99651	0.99720	0.99636	0.99791	
5970.00	0.99675	0.99661	0.99729	0.99636	0.99796	
5980.00	0.99690	0.99640	0.99696	0.99653	0.99782	
5990.00	0.99704	0.99604	0.99666	0.99640	0.99759	
6000.00	0.99712	0.99597	0.99668	0.99639	0.99770	
6010.00	0.99709	0.99592	0.99682	0.99657	0.99775	
6020.00	0.99715	0.99605	0.99676	0.99629	0.99737	
6030.00	0.99726	0.99624	0.99668	0.99625	0.99729	
6040.00	0.99739	0.99643	0.99680	0.99643	0.99727	
6050.00	0.99742	0.99595	0.99690	0.99633	0.99723	
6060.00	0.99750	0.99586	0.99696	0.99623	0.99737	
6070.00	0.99759	0.99599	0.99710	0.99612	0.99710	
6080.00	0.99768	0.99592	0.99722	0.99591	0.99724	
6090.00	0.99767	0.99611	0.99735	0.99599	0.99737	
6100.00	0.99772	0.99619	0.99748	0.99618	0.99748	
6110.00	0.99751	0.99610	0.99760	0.99628	0.99755	
6120.00	0.99760	0.99626	0.99771	0.99645	0.99747	
6130.00	0.99766	0.99587	0.99777	0.99629	0.99745	
6140.00	0.99764	0.99607	0.99769	0.99600	0.99744	
6150.00	0.99758	0.99620	0.99766	0.99576	0.99740	
6160.00	0.99762	0.99637	0.99776	0.99593	0.99750	
6170.00	0.99774	0.99654	0.99783	0.99549	0.99742	
6180.00	0.99769	0.99671	0.99793	0.99571	0.99739	
6190.00	0.99767	0.99656	0.99803	0.99559	0.99694	
6200.00	0.99744	0.99673	0.99813	0.99545	0.99696	
6210.00	0.99738	0.99651	0.99822	0.99557	0.99648	
6220.00	0.99744	0.99668	0.99830	0.99579	0.99665	
6230.00	0.99735	0.99660	0.99820	0.99585	0.99639	
6240.00	0.99744	0.99676	0.99805	0.99601	0.99615	
6250.00	0.99702	0.99691	0.99813	0.99597	0.99547	
6260.00	0.99716	0.99695	0.99792	0.99609	0.99558	
6270.00	0.99712	0.99704	0.99802	0.99585	0.99569	
6280.00	0.99707	0.99682	0.99811	0.99606	0.99588	
6290.00	0.99708	0.99688	0.99784	0.99613	0.99575	
6300.00	0.99694	0.99704	0.99794	0.99621	0.99572	
6310.00	0.99680	0.99705	0.99795	0.99592	0.99558	
6320.00	0.99668	0.99718	0.99746	0.99605	0.99573	
6330.00	0.99681	0.99719	0.99704	0.99623	0.99577	
6340.00	0.99674	0.99714	0.99712	0.99641	0.99571	
6350.00	0.99684	0.99697	0.99724	0.99657	0.99591	
6360.00	0.99677	0.99712	0.99738	0.99664	0.99523	
6370.00	0.99692	0.99711	0.99736	0.99680	0.99498	
6380.00	0.99707	0.99714	0.99739	0.99693	0.99511	
6390.00	0.99682	0.99721	0.99723	0.99708	0.99520	
6400.00	0.99673	0.99732	0.99725	0.99705	0.99531	
6410.00	0.99677	0.99690	0.99703	0.99706	0.99517	
6420.00	0.99665	0.99692	0.99710	0.99720	0.99464	
6430.00	0.99677	0.99707	0.99716	0.99734	0.99413	
6440.00	0.99666	0.99722	0.99719	0.99747	0.99369	
6450.00	0.99682	0.99730	0.99707	0.99759	0.99325	
6460.00	0.99698	0.99728	0.99716	0.99771	0.99358	
6470.00	0.99711	0.99714	0.99686	0.99758	0.99370	
6480.00	0.99710	0.99726	0.99696	0.99734	0.99398	
6490.00	0.99693	0.99722	0.99702	0.99747	0.99390	
6500.00	0.99705	0.99731	0.99716	0.99716	0.99334	
6510.00	0.99719	0.99739	0.99700	0.99715	0.99344	
6520.00	0.99721	0.99712	0.99714	0.99729	0.99354	
6530.00	0.99692	0.99716	0.99727	0.99738	0.99286	
6540.00	0.99699	0.99725	0.99715	0.99748	0.99263	
6550.00	0.99712	0.99727	0.99651	0.99760	0.99297	
6560.00	0.99714	0.99729	0.99639	0.99711	0.99305	
6570.00	0.99714	0.99705	0.99648	0.99725	0.99320	
6580.00	0.99709	0.99699	0.99648	0.99731	0.99353	
6590.00	0.99706	0.99714	0.99652	0.99719	0.99385	
6600.00	0.99718	0.99693	0.99658	0.99732	0.99413	
6610.00	0.99713	0.99706	0.99616	0.99739	0.99433	
6620.00	0.99726	0.99712	0.99615	0.99752	0.99453	
6630.00	0.99724	0.99700	0.99604	0.99750	0.99478	
6640.00	0.99722	0.99696	0.99607	0.99763	0.99476	
6650.00	0.99695	0.99711	0.99625	0.99761	0.99501	
6660.00	0.99688	0.99725	0.99608	0.99764	0.99489	
6670.00	0.99698	0.99712	0.99606	0.99734	0.99512	
6680.00	0.99710	0.99725	0.99623	0.99741	0.99532	
6690.00	0.99712	0.99719	0.99642	0.99753	0.99555	
6700.00	0.99707	0.99684	0.99657	0.99698	0.99545	
6710.00	0.99679	0.99682	0.99660	0.99697	0.99560	
6720.00	0.99684	0.99697	0.99646	0.99708	0.99581	
6730.00	0.99679	0.99685	0.99653	0.99707	0.99599	
6740.00	0.99692	0.99700	0.99570	0.99708	0.99619	
6750.00	0.99681	0.99691	0.99532	0.99706	0.99637	
6760.00	0.99696	0.99702	0.99499	0.99710	0.99655	
6770.00	0.99705	0.99713	0.99446	0.99680	0.99671	
6780.00	0.99719	0.99726	0.99404	0.99675	0.99663	
6790.00	0.99686	0.99734	0.99433	0.99691	0.99677	
6800.00	0.99698	0.99738	0.99443	0.99705	0.99690	
6810.00	0.99687	0.99750	0.99468	0.99700	0.99705	
6820.00	0.99688	0.99738	0.99462	0.99715	0.99720	
6830.00	0.99669	0.99743	0.99463	0.99728	0.99733	
6840.00	0.99685	0.99753	0.99472	0.99741	0.99732	
6850.00	0.99687	0.99763	0.99461	0.99723	0.99723	
6860.00	0.99700	0.99775	0.99466	0.99718	0.99737	
6870.00	0.99712	0.99785	0.99443	0.99729	0.99719	
6880.00	0.99682	0.99796	0.99377	0.99688	0.99716	
6890.00	0.99645	0.99806	0.99384	0.99681	0.99718	
6900.00	0.99635	0.99815	0.99392	0.99665	0.99731	
6910.00	0.99624	0.99807	0.99407	0.99667	0.99744	
6920.00	0.99577	0.99794	0.99427	0.99664	0.99757	
6930.00	0.99589	0.99786	0.99396	0.99649	0.99766	
6940.00	0.99603	0.99782	0.99400	0.99666	0.99775	
6950.00	0.99550	0.99759	0.99380	0.99682	0.99786	
6960.00	0.99549	0.99738	0.99352	0.99680	0.99796	
6970.00	0.99570	0.99746	0.99384	0.99692	0.99800	
6980.00	0.99550	0.99749	0.99413	0.99680	0.99804	
6990.00	0.99569	0.99761	0.99438	0.99696	0.99775	
7000.00	0.99556	0.99760	0.99448	0.99690	0.99774	
7010.00	0.99577	0.99750	0.99437	0.99657	0.99762	
7020.00	0.99590	0.99762	0.99465	0.99663	0.99739	
7030.00	0.99557	0.99752	0.99472	0.99679	0.99751	
7040.00	0.99554	0.99758	0.99490	0.99691	0.99721	
7050.00	0.99544	0.99755	0.99463	0.99685	0.99691	
7060.00	0.99529	0.99708	0.99470	0.99699	0.99658	
7070.00	0.99545	0.99643	0.99496	0.99682	0.99673	
7080.00	0.99541	0.99659	0.99498	0.99660	0.99686	
7090.00	0.99537	0.99631	0.99495	0.99654	0.99701	
7100.00	0.99546	0.99617	0.99496	0.99643	0.99703	
7110.00	0.99566	0.99631	0.99520	0.99650	0.99715	
7120.00	0.99542	0.99611	0.99529	0.99638	0.99728	
7130.00	0.99534	0.99628	0.99551	0.99647	0.99704	
7140.00	0.99557	0.99630	0.99573	0.99664	0.99718	
7150.00	0.99578	0.99628	0.99559	0.99659	0.99682	
7160.00	0.99572	0.99635	0.99567	0.99673	0.99659	
7170.00	0.99579	0.99621	0.99554	0.99688	0.99667	
7180.00	0.99586	0.99597	0.99558	0.99699	0.99656	
7190.00	0.99579	0.99594	0.99579	0.99685	0.99670	
7200.00	0.99599	0.99590	0.99600	0.99700	0.99664	
7210.00	0.99618	0.99569	0.99616	0.99696	0.99679	
7220.00	0.99624	0.99519	0.99614	0.99679	0.99693	
7230.00	0.99626	0.99538	0.99613	0.99689	0.99699	
7240.00	0.99614	0.99560	0.99632	0.99704	0.99665	
7250.00	0.99622	0.99557	0.99589	0.99718	0.99660	
7260.00	0.99632	0.99497	0.99585	0.99732	0.99652	
7270.00	0.99614	0.99513	0.99580	0.99723	0.99636	
7280.00	0.99613	0.99514	0.99578	0.99718	0.99631	
7290.00	0.99588	0.99510	0.99597	0.99717	0.99643	
7300.00	0.99608	0.99498	0.99582	0.99704	0.99643	
7310.00	0.99582	0.99466	0.99603	0.99715	0.99650	
7320.00	0.99598	0.99435	0.99593	0.99712	0.99667	
7330.00	0.99616	0.99450	0.99610	0.99677	0.99645	
7340.00	0.99608	0.99477	0.99624	0.99678	0.99662	
7350.00	0.99574	0.99459	0.99641	0.99685	0.99679	
7360.00	0.99594	0.99467	0.99659	0.99698	0.99694	
7370.00	0.99613	0.99418	0.99630	0.99667	0.99680	
7380.00	0.99626	0.99421	0.99648	0.99676	0.99695	
7390.00	0.99642	0.99446	0.99664	0.99681	0.99680	
7400.00	0.99659	0.99459	0.99668	0.99653	0.99694	
7410.00	0.99676	0.99452	0.99679	0.99648	0.99667	
7420.00	0.99675	0.99479	0.99689	0.99661	0.99661	
7430.00	0.99683	0.99489	0.99704	0.99675	0.99656	
7440.00	0.99673	0.99513	0.99715	0.99663	0.99656	
7450.00	0.99689	0.99536	0.99721	0.99627	0.99641	
7460.00	0.99704	0.99462	0.99725	0.99624	0.99645	
7470.00	0.99694	0.99435	0.99737	0.99623	0.99591	
7480.00	0.99690	0.99435	0.99750	0.99589	0.99570	
7490.00	0.99700	0.99459	0.99753	0.99603	0.99548	
7500.00	0.99700	0.99485	0.99765	0.99594	0.99566	
7510.00	0.99674	0.99510	0.99773	0.99563	0.99587	
7520.00	0.99689	0.99514	0.99783	0.99576	0.99607	
7530.00	0.99694	0.99538	0.99792	0.99585	0.99579	
7540.00	0.99685	0.99551	0.99798	0.99478	0.99587	
7550.00	0.99700	0.99532	0.99800	0.99442	0.99607	
7560.00	0.99715	0.99554	0.99803	0.99454	0.99616	
7570.00	0.99726	0.99560	0.99812	0.99459	0.99634	
7580.00	0.99739	0.99529	0.99819	0.99452	0.99644	
7590.00	0.99751	0.99552	0.99824	0.99415	0.99655	
7600.00	0.99763	0.99549	0.99833	0.99429	0.99669	
7610.00	0.99768	0.99566	0.99841	0.99415	0.99663	
7620.00	0.99776	0.99587	0.99847	0.99441	0.99675	
7630.00	0.99779	0.99580	0.99854	0.99468	0.99630	
7640.00	0.99784	0.99589	0.99861	0.99493	0.99631	
7650.00	0.99786	0.99592	0.99832	0.99501	0.99638	
7660.00	0.99796	0.99608	0.99833	0.99525	0.99656	
7670.00	0.99805	0.99601	0.99838	0.99483	0.99672	
7680.00	0.99798	0.99605	0.99845	0.99486	0.99688	
7690.00	0.99808	0.99624	0.99841	0.99480	0.99695	
7700.00	0.99813	0.99643	0.99849	0.99476	0.99686	
7710.00	0.99822	0.99658	0.99856	0.99502	0.99638	
7720.00	0.99813	0.99674	0.99863	0.99519	0.99647	
7730.00	0.99807	0.99690	0.99844	0.99532	0.99662	
7740.00	0.99808	0.99666	0.99824	0.99530	0.99670	
7750.00	0.99816	0.99673	0.99802	0.99489	0.99682	
7760.00	0.99819	0.99689	0.99768	0.99492	0.99666	
7770.00	0.99822	0.99703	0.99767	0.99460	0.99664	
7780.00	0.99831	0.99716	0.99779	0.99476	0.99665	
7790.00	0.99819	0.99699	0.99788	0.99485	0.99638	
7800.00	0.99800	0.99675	0.99798	0.99508	0.99643	
7810.00	0.99792	0.99662	0.99802	0.99460	0.99638	
7820.00	0.99791	0.99679	0.99811	0.99453	0.99605	
7830.00	0.99800	0.99694	0.99801	0.99405	0.99548	
7840.00	0.99807	0.99622	0.99777	0.99418	0.99535	
7850.00	0.99814	0.99634	0.99788	0.99447	0.99473	
7860.00	0.99823	0.99621	0.99790	0.99465	0.99498	
7870.00	0.99824	0.99625	0.99799	0.99491	0.99474	
7880.00	0.99833	0.99618	0.99761	0.99487	0.99500	
7890.00	0.99834	0.99625	0.99767	0.99490	0.99480	
7900.00	0.99812	0.99616	0.99778	0.99485	0.99466	
7910.00	0.99810	0.99625	0.99789	0.99485	0.99482	
7920.00	0.99807	0.99644	0.99791	0.99510	0.99507	
7930.00	0.99807	0.99661	0.99786	0.99534	0.99530	
7940.00	0.99750	0.99666	0.99790	0.99519	0.99536	
7950.00	0.99760	0.99662	0.99773	0.99542	0.99543	
7960.00	0.99765	0.99650	0.99784	0.99546	0.99565	
7970.00	0.99724	0.99657	0.99761	0.99558	0.99569	
7980.00	0.99726	0.99673	0.99754	0.99580	0.99574	
7990.00	0.99737	0.99662	0.99724	0.99600	0.99587	
8000.00	0.99702	0.99616	0.99737	0.99599	0.99603	
8010.00	0.99713	0.99600	0.99750	0.99579	0.99568	
8020.00	0.99677	0.99610	0.99727	0.99599	0.99584	
8030.00	0.99682	0.99603	0.99733	0.99616	0.99603	
8040.00	0.99689	0.99600	0.99725	0.99588	0.99621	
8050.00	0.99702	0.99616	0.99738	0.99568	0.99638	
8060.00	0.99711	0.99603	0.99718	0.99590	0.99637	
8070.00	0.99711	0.99621	0.99700	0.99609	0.99648	
8080.00	0.99646	0.99601	0.99691	0.99618	0.99645	
8090.00	0.99659	0.99620	0.99684	0.99622	0.99617	
8100.00	0.99655	0.99625	0.99683	0.99640	0.99609	
8110.00	0.99663	0.99639	0.99698	0.99635	0.99613	
8120.00	0.99620	0.99656	0.99642	0.99637	0.99617	
8130.00	0.99592	0.99651	0.99650	0.99624	0.99635	
8140.00	0.99611	0.99666	0.99667	0.99615	0.99653	
8150.00	0.99621	0.99637	0.99668	0.99624	0.99664	
8160.00	0.99639	0.99616	0.99682	0.99611	0.99680	
8170.00	0.99657	0.99635	0.99668	0.99593	0.99668	
8180.00	0.99641	0.99647	0.99684	0.99604	0.99668	
8190.00	0.99657	0.99664	0.99671	0.99598	0.99665	
8200.00	0.99662	0.99663	0.99670	0.99616	0.99681	
8210.00	0.99673	0.99654	0.99635	0.99632	0.99655	
8220.00	0.99663	0.99671	0.99622	0.99632	0.99667	
8230.00	0.99678	0.99682	0.99630	0.99621	0.99666	
8240.00	0.99693	0.99698	0.99642	0.99611	0.99672	
8250.00	0.99708	0.99701	0.99648	0.99571	0.99688	
8260.00	0.99722	0.99713	0.99662	0.99592	0.99699	
8270.00	0.99721	0.99727	0.99620	0.99608	0.99688	
8280.00	0.99732	0.99729	0.99589	0.99621	0.99669	
8290.00	0.99724	0.99739	0.99589	0.99618	0.99685	
8300.00	0.99729	0.99691	0.99576	0.99592	0.99662	
8310.00	0.99701	0.99705	0.99570	0.99580	0.99672	
8320.00	0.99715	0.99710	0.99555	0.99594	0.99645	
8330.00	0.99712	0.99697	0.99569	0.99614	0.99647	
8340.00	0.99719	0.99682	0.99588	0.99629	0.99643	
8350.00	0.99706	0.99696	0.99608	0.99626	0.99625	
8360.00	0.99715	0.99703	0.99625	0.99615	0.99587	
8370.00	0.99728	0.99664	0.99642	0.99634	0.99588	
8380.00	0.99713	0.99679	0.99624	0.99650	0.99607	
8390.00	0.99727	0.99684	0.99625	0.99667	0.99624	
8400.00	0.99740	0.99643	0.99634	0.99658	0.99597	
8410.00	0.99748	0.99652	0.99583	0.99667	0.99613	
8420.00	0.99756	0.99617	0.99575	0.99641	0.99627	
8430.00	0.99764	0.99631	0.99583	0.99646	0.99645	
8440.00	0.99776	0.99642	0.99571	0.99616	0.99662	
8450.00	0.99770	0.99660	0.99523	0.99635	0.99676	
8460.00	0.99772	0.99676	0.99528	0.99628	0.99681	
8470.00	0.99750	0.99692	0.99551	0.99608	0.99683	
8480.00	0.99755	0.99691	0.99572	0.99627	0.99683	
8490.00	0.99739	0.99688	0.99584	0.99620	0.99698	
8500.00	0.99734	0.99701	0.99596	0.99638	0.99700	
8510.00	0.99734	0.99706	0.99586	0.99653	0.99697	
8520.00	0.99690	0.99689	0.99601	0.99647	0.99711	
8530.00	0.99704	0.99688	0.99599	0.99643	0.99723	
8540.00	0.99718	0.99669	0.99586	0.99660	0.99727	
8550.00	0.99725	0.99678	0.99604	0.99675	0.99685	
8560.00	0.99738	0.99624	0.99606	0.99664	0.99693	
8570.00	0.99751	0.99635	0.99597	0.99681	0.99708	
8580.00	0.99763	0.99564	0.99613	0.99696	0.99722	
8590.00	0.99774	0.99559	0.99592	0.99703	0.99714	
8600.00	0.99777	0.99575	0.99579	0.99717	0.99689	
8610.00	0.99769	0.99530	0.99598	0.99696	0.99704	
8620.00	0.99780	0.99509	0.99600	0.99710	0.99704	
8630.00	0.99791	0.99514	0.99614	0.99718	0.99713	
8640.00	0.99790	0.99513	0.99607	0.99731	0.99722	
8650.00	0.99775	0.99514	0.99564	0.99720	0.99712	
8660.00	0.99771	0.99501	0.99552	0.99733	0.99726	
8670.00	0.99738	0.99502	0.99570	0.99726	0.99739	
8680.00	0.99751	0.99468	0.99565	0.99714	0.99752	
8690.00	0.99755	0.99356	0.99560	0.99711	0.99753	
8700.00	0.99748	0.99355	0.99542	0.99681	0.99764	
8710.00	0.99756	0.99375	0.99482	0.99687	0.99776	
8720.00	0.99734	0.99405	0.99492	0.99681	0.99784	
8730.00	0.99747	0.99435	0.99517	0.99694	0.99793	
8740.00	0.99714	0.99442	0.99535	0.99696	0.99796	
8750.00	0.99727	0.99458	0.99557	0.99695	0.99796	
8760.00	0.99734	0.99468	0.99557	0.99704	0.99766	
8770.00	0.99698	0.99483	0.99576	0.99716	0.99738	
8780.00	0.99674	0.99474	0.99597	0.99697	0.99724	
8790.00	0.99657	0.99499	0.99614	0.99711	0.99724	
8800.00	0.99635	0.99523	0.99633	0.99702	0.99736	
8810.00	0.99640	0.99545	0.99651	0.99677	0.99724	
8820.00	0.99574	0.99561	0.99667	0.99623	0.99671	
8830.00	0.99585	0.99563	0.99683	0.99640	0.99619	
8840.00	0.99563	0.99584	0.99686	0.99658	0.99630	
8850.00	0.99538	0.99599	0.99702	0.99660	0.99643	
8860.00	0.99559	0.99616	0.99716	0.99676	0.99614	
8870.00	0.99581	0.99618	0.99720	0.99692	0.99631	
8880.00	0.99595	0.99629	0.99726	0.99706	0.99603	
8890.00	0.99579	0.99581	0.99739	0.99720	0.99622	
8900.00	0.99599	0.99591	0.99706	0.99713	0.99633	
8910.00	0.99618	0.99608	0.99688	0.99727	0.99628	
8920.00	0.99633	0.99607	0.99703	0.99732	0.99640	
8930.00	0.99623	0.99626	0.99706	0.99737	0.99631	
8940.00	0.99624	0.99632	0.99713	0.99707	0.99623	
8950.00	0.99618	0.99628	0.99719	0.99720	0.99641	
8960.00	0.99619	0.99622	0.99720	0.99686	0.99658	
8970.00	0.99623	0.99625	0.99725	0.99669	0.99649	
8980.00	0.99639	0.99611	0.99738	0.99673	0.99665	
8990.00	0.99657	0.99615	0.99744	0.99689	0.99652	
9000.00	0.99670	0.99618	0.99756	0.99703	0.99669	
9010.00	0.99686	0.99635	0.99748	0.99692	0.99684	
9020.00	0.99696	0.99649	0.99727	0.99686	0.99690	
9030.00	0.99699	0.99653	0.99740	0.99693	0.99661	
9040.00	0.99714	0.99669	0.99750	0.99708	0.99669	
9050.00	0.99708	0.99684	0.99756	0.99639	0.99672	
9060.00	0.99694	0.99688	0.99768	0.99647	0.99678	
9070.00	0.99685	0.99702	0.99780	0.99654	0.99677	
9080.00	0.99690	0.99713	0.99760	0.99669	0.99638	
9090.00	0.99684	0.99727	0.99772	0.99682	0.99611	
9100.00	0.99681	0.99740	0.99783	0.99688	0.99629	
9110.00	0.99694	0.99734	0.99793	0.99674	0.99611	
9120.00	0.99682	0.99724	0.99776	0.99690	0.99608	
9130.00	0.99693	0.99733	0.99786	0.99670	0.99539	
9140.00	0.99685	0.99742	0.99796	0.99681	0.99558	
9150.00	0.99680	0.99752	0.99798	0.99674	0.99554	
9160.00	0.99659	0.99751	0.99790	0.99670	0.99562	
9170.00	0.99668	0.99754	0.99776	0.99680	0.99566	
9180.00	0.99630	0.99764	0.99771	0.99694	0.99579	
9190.00	0.99645	0.99746	0.99779	0.99705	0.99595	
9200.00	0.99636	0.99728	0.99784	0.99687	0.99613	
9210.00	0.99609	0.99723	0.99795	0.99701	0.99631	
9220.00	0.99605	0.99707	0.99795	0.99667	0.99649	
9230.00	0.99620	0.99721	0.99802	0.99682	0.99618	
9240.00	0.99638	0.99692	0.99811	0.99682	0.99631	
9250.00	0.99647	0.99697	0.99769	0.99688	0.99603	
9260.00	0.99656	0.99702	0.99764	0.99702	0.99608	
9270.00	0.99640	0.99717	0.99775	0.99698	0.99627	
9280.00	0.99658	0.99729	0.99784	0.99695	0.99628	
9290.00	0.99674	0.99740	0.99775	0.99695	0.99593	
9300.00	0.99688	0.99751	0.99786	0.99686	0.99593	
9310.00	0.99701	0.99763	0.99797	0.99596	0.99555	
9320.00	0.99707	0.99769	0.99806	0.99532	0.99576	
9330.00	0.99719	0.99761	0.99812	0.99548	0.99595	
9340.00	0.99721	0.99771	0.99794	0.99511	0.99614	
9350.00	0.99706	0.99775	0.99785	0.99520	0.99633	
9360.00	0.99705	0.99767	0.99789	0.99498	0.99645	
9370.00	0.99679	0.99779	0.99770	0.99486	0.99638	
9380.00	0.99680	0.99786	0.99769	0.99510	0.99654	
9390.00	0.99689	0.99769	0.99747	0.99513	0.99671	
9400.00	0.99702	0.99765	0.99724	0.99535	0.99661	
9410.00	0.99684	0.99766	0.99725	0.99558	0.99658	
9420.00	0.99667	0.99774	0.99737	0.99554	0.99655	
9430.00	0.99673	0.99764	0.99720	0.99574	0.99655	
9440.00	0.99680	0.99762	0.99734	0.99574	0.99660	
9450.00	0.99691	0.99762	0.99740	0.99595	0.99676	
9460.00	0.99699	0.99773	0.99753	0.99596	0.99676	
9470.00	0.99714	0.99765	0.99744	0.99566	0.99692	
9480.00	0.99723	0.99764	0.99746	0.99580	0.99691	
9490.00	0.99704	0.99759	0.99751	0.99547	0.99695	
9500.00	0.99694	0.99769	0.99763	0.99569	0.99709	
9510.00	0.99703	0.99773	0.99775	0.99550	0.99690	
9520.00	0.99712	0.99737	0.99779	0.99572	0.99680	
9530.00	0.99690	0.99750	0.99789	0.99575	0.99665	
9540.00	0.99655	0.99711	0.99761	0.99580	0.99622	
9550.00	0.99668	0.99693	0.99751	0.99596	0.99611	
9560.00	0.99655	0.99700	0.99744	0.99583	0.99547	
9570.00	0.99641	0.99699	0.99728	0.99592	0.99498	
9580.00	0.99641	0.99705	0.99737	0.99580	0.99519	
9590.00	0.99566	0.99718	0.99736	0.99586	0.99517	
9600.00	0.99545	0.99732	0.99747	0.99603	0.99527	
9610.00	0.99554	0.99715	0.99745	0.99601	0.99543	
9620.00	0.99520	0.99723	0.99757	0.99572	0.99554	
9630.00	0.99543	0.99726	0.99757	0.99589	0.99572	
9640.00	0.99553	0.99721	0.99753	0.99604	0.99587	
9650.00	0.99570	0.99734	0.99763	0.99589	0.99604	
9660.00	0.99591	0.99726	0.99759	0.99604	0.99623	
9670.00	0.99543	0.99718	0.99759	0.99619	0.99636	
9680.00	0.99535	0.99719	0.99769	0.99634	0.99650	
9690.00	0.99512	0.99719	0.99756	0.99634	0.99659	
9700.00	0.99500	0.99730	0.99767	0.99640	0.99646	
9710.00	0.99502	0.99739	0.99777	0.99616	0.99631	
9720.00	0.99517	0.99709	0.99787	0.99612	0.99619	
9730.00	0.99540	0.99703	0.99779	0.99631	0.99632	
9740.00	0.99533	0.99708	0.99784	0.99579	0.99633	
9750.00	0.99510	0.99720	0.99792	0.99586	0.99645	
9760.00	0.99399	0.99724	0.99798	0.99603	0.99650	
9770.00	0.99366	0.99738	0.99774	0.99615	0.99653	
9780.00	0.99359	0.99742	0.99781	0.99634	0.99628	
9790.00	0.99361	0.99702	0.99774	0.99630	0.99583	
9800.00	0.99376	0.99717	0.99785	0.99648	0.99554	
9810.00	0.99373	0.99700	0.99795	0.99665	0.99531	
9820.00	0.99402	0.99710	0.99801	0.99677	0.99546	
9830.00	0.99407	0.99724	0.99783	0.99680	0.99568	
9840.00	0.99435	0.99724	0.99792	0.99688	0.99578	
9850.00	0.99438	0.99706	0.99784	0.99674	0.99594	
9860.00	0.99410	0.99721	0.99764	0.99671	0.99611	
9870.00	0.99393	0.99727	0.99775	0.99669	0.99613	
9880.00	0.99368	0.99737	0.99786	0.99644	0.99632	
9890.00	0.99388	0.99743	0.99788	0.99655	0.99626	
9900.00	0.99381	0.99751	0.99786	0.99661	0.99645	
9910.00	0.99411	0.99762	0.99777	0.99670	0.99661	
9920.00	0.99410	0.99764	0.99751	0.99686	0.99676	
9930.00	0.99389	0.99734	0.99763	0.99700	0.99667	
9940.00	0.99351	0.99747	0.99763	0.99710	0.99682	
9950.00	0.99367	0.99759	0.99774	0.99712	0.99690	
9960.00	0.99395	0.99767	0.99784	0.99726	0.99688	
9970.00	0.99403	0.99778	0.99793	0.99727	0.99695	
9980.00	0.99432	0.99786	0.99773	0.99741	0.99703	
9990.00	0.99441	0.99794	0.99782	0.99724	0.99691	
10000.00	0.99446	0.99777	0.99791	0.99719	0.99684	
10010.00	0.99451	0.99763	0.99801	0.99728	0.99678	
10020.00	0.99473	0.99747	0.99808	0.99736	0.99656	
10030.00	0.99468	0.99736	0.99786	0.99749	0.99658	
10040.00	0.99477	0.99747	0.99796	0.99761	0.99655	
10050.00	0.99502	0.99758	0.99790	0.99768	0.99652	
10060.00	0.99514	0.99766	0.99774	0.99775	0.99651	
10070.00	0.99521	0.99717	0.99777	0.99764	0.99657	
10080.00	0.99491	0.99713	0.99764	0.99768	0.99664	
10090.00	0.99482	0.99697	0.99769	0.99745	0.99646	
10100.00	0.99495	0.99688	0.99689	0.99708	0.99644	
10110.00	0.99519	0.99691	0.99648	0.99710	0.99661	
10120.00	0.99531	0.99701	0.99665	0.99700	0.99656	
10130.00	0.99519	0.99672	0.99658	0.99676	0.99627	
10140.00	0.99505	0.99678	0.99664	0.99625	0.99643	
10150.00	0.99526	0.99694	0.99674	0.99606	0.99659	
10160.00	0.99548	0.99685	0.99600	0.99625	0.99642	
10170.00	0.99555	0.99671	0.99614	0.99640	0.99646	
10180.00	0.99536	0.99678	0.99615	0.99655	0.99641	
10190.00	0.99556	0.99663	0.99633	0.99640	0.99654	
10200.00	0.99578	0.99677	0.99647	0.99644	0.99642	
10210.00	0.99590	0.99683	0.99664	0.99644	0.99656	
10220.00	0.99596	0.99658	0.99645	0.99630	0.99637	
10230.00	0.99612	0.99674	0.99632	0.99647	0.99636	
10240.00	0.99561	0.99689	0.99623	0.99619	0.99653	
10250.00	0.99582	0.99648	0.99628	0.99590	0.99655	
10260.00	0.99603	0.99662	0.99592	0.99606	0.99669	
10270.00	0.99615	0.99678	0.99540	0.99610	0.99658	
10280.00	0.99624	0.99694	0.99554	0.99594	0.99675	
10290.00	0.99611	0.99709	0.99563	0.99611	0.99688	
10300.00	0.99624	0.99722	0.99546	0.99626	0.99687	
10310.00	0.99595	0.99735	0.99510	0.99643	0.99682	
10320.00	0.99613	0.99732	0.99497	0.99629	0.99688	
10330.00	0.99631	0.99740	0.99502	0.99646	0.99701	
10340.00	0.99642	0.99718	0.99516	0.99662	0.99715	
10350.00	0.99652	0.99732	0.99528	0.99677	0.99724	
10360.00	0.99668	0.99745	0.99491	0.99645	0.99687	
10370.00	0.99653	0.99728	0.99516	0.99627	0.99695	
10380.00	0.99670	0.99726	0.99539	0.99640	0.99710	
10390.00	0.99675	0.99725	0.99537	0.99625	0.99686	
10400.00	0.99689	0.99736	0.99560	0.99592	0.99671	
10410.00	0.99700	0.99749	0.99581	0.99606	0.99673	
10420.00	0.99696	0.99760	0.99600	0.99614	0.99689	
10430.00	0.99709	0.99728	0.99615	0.99628	0.99704	
10440.00	0.99714	0.99719	0.99634	0.99636	0.99714	
10450.00	0.99728	0.99733	0.99652	0.99635	0.99727	
10460.00	0.99715	0.99744	0.99668	0.99645	0.99741	
10470.00	0.99706	0.99753	0.99656	0.99646	0.99751	
10480.00	0.99678	0.99735	0.99671	0.99663	0.99741	
10490.00	0.99676	0.99726	0.99687	0.99666	0.99740	
10500.00	0.99651	0.99699	0.99700	0.99683	0.99724	
10510.00	0.99616	0.99706	0.99690	0.99672	0.99727	
10520.00	0.99605	0.99702	0.99705	0.99688	0.99729	
10530.00	0.99589	0.99700	0.99710	0.99657	0.99729	
10540.00	0.99587	0.99714	0.99686	0.99673	0.99730	
10550.00	0.99600	0.99722	0.99696	0.99689	0.99729	
10560.00	0.99577	0.99736	0.99710	0.99695	0.99716	
10570.00	0.99584	0.99748	0.99718	0.99680	0.99714	
10580.00	0.99602	0.99720	0.99672	0.99679	0.99717	
10590.00	0.99622	0.99705	0.99682	0.99688	0.99694	
10600.00	0.99640	0.99720	0.99685	0.99687	0.99681	
10610.00	0.99650	0.99703	0.99681	0.99702	0.99692	
10620.00	0.99660	0.99717	0.99696	0.99706	0.99707	
10630.00	0.99670	0.99717	0.99711	0.99713	0.99693	
10640.00	0.99660	0.99726	0.99725	0.99720	0.99691	
10650.00	0.99638	0.99738	0.99715	0.99711	0.99667	
10660.00	0.99656	0.99749	0.99728	0.99708	0.99663	
10670.00	0.99670	0.99745	0.99657	0.99689	0.99678	
10680.00	0.99681	0.99757	0.99666	0.99704	0.99659	
10690.00	0.99690	0.99761	0.99682	0.99675	0.99633	
10700.00	0.99700	0.99755	0.99693	0.99671	0.99639	
10710.00	0.99713	0.99755	0.99672	0.99687	0.99645	
10720.00	0.99697	0.99745	0.99672	0.99692	0.99654	
10730.00	0.99711	0.99703	0.99686	0.99678	0.99658	
10740.00	0.99718	0.99714	0.99693	0.99676	0.99675	
10750.00	0.99690	0.99726	0.99677	0.99668	0.99656	
10760.00	0.99684	0.99718	0.99671	0.99655	0.99660	
10770.00	0.99665	0.99708	0.99687	0.99672	0.99643	
10780.00	0.99680	0.99681	0.99668	0.99679	0.99616	
10790.00	0.99669	0.99667	0.99662	0.99669	0.99609	
10800.00	0.99650	0.99664	0.99672	0.99673	0.99600	
10810.00	0.99632	0.99675	0.99655	0.99689	0.99589	
10820.00	0.99630	0.99657	0.99664	0.99692	0.99592	
10830.00	0.99644	0.99668	0.99676	0.99707	0.99610	
10840.00	0.99660	0.99658	0.99682	0.99711	0.99623	
10850.00	0.99640	0.99675	0.99697	0.99725	0.99616	
10860.00	0.99610	0.99681	0.99711	0.99715	0.99632	
10870.00	0.99578	0.99684	0.99725	0.99710	0.99649	
10880.00	0.99573	0.99699	0.99726	0.99688	0.99666	
10890.00	0.99593	0.99713	0.99712	0.99700	0.99679	
10900.00	0.99611	0.99674	0.99717	0.99702	0.99682	
10910.00	0.99630	0.99690	0.99718	0.99715	0.99671	
10920.00	0.99593	0.99705	0.99721	0.99697	0.99687	
10930.00	0.99587	0.99701	0.99733	0.99710	0.99690	
10940.00	0.99599	0.99713	0.99745	0.99718	0.99705	
10950.00	0.99525	0.99725	0.99748	0.99689	0.99716	
10960.00	0.99519	0.99731	0.99760	0.99686	0.99726	
10970.00	0.99527	0.99741	0.99740	0.99694	0.99712	
10980.00	0.99540	0.99754	0.99723	0.99682	0.99726	
10990.00	0.99476	0.99747	0.99737	0.99657	0.99735	
11000.00	0.99502	0.99760	0.99749	0.99670	0.99733	
11010.00	0.99487	0.99754	0.99751	0.99686	0.99686	
11020.00	0.99508	0.99760	0.99759	0.99696	0.99701	
11030.00	0.99494	0.99763	0.99750	0.99710	0.99700	
11040.00	0.99506	0.99736	0.99753	0.99705	0.99697	
11050.00	0.99507	0.99745	0.99755	0.99719	0.99704	
11060.00	0.99521	0.99755	0.99766	0.99732	0.99716	
11070.00	0.99544	0.99767	0.99768	0.99727	0.99720	
11080.00	0.99566	0.99767	0.99754	0.99678	0.99695	
11090.00	0.99587	0.99752	0.99729	0.99661	0.99675	
11100.00	0.99607	0.99764	0.99730	0.99678	0.99656	
11110.00	0.99622	0.99775	0.99695	0.99693	0.99672	
11120.00	0.99640	0.99768	0.99702	0.99696	0.99673	
11130.00	0.99626	0.99734	0.99702	0.99710	0.99688	
11140.00	0.99581	0.99728	0.99717	0.99686	0.99643	
11150.00	0.99567	0.99728	0.99722	0.99686	0.99658	
11160.00	0.99569	0.99739	0.99708	0.99654	0.99675	
11170.00	0.99590	0.99745	0.99700	0.99656	0.99690	
11180.00	0.99583	0.99704	0.99673	0.99657	0.99691	
11190.00	0.99576	0.99719	0.99661	0.99674	0.99663	
11200.00	0.99555	0.99732	0.99642	0.99670	0.99676	
11210.00	0.99574	0.99745	0.99659	0.99684	0.99639	
11220.00	0.99543	0.99755	0.99675	0.99692	0.99630	
11230.00	0.99539	0.99713	0.99684	0.99681	0.99647	
11240.00	0.99544	0.99725	0.99699	0.99668	0.99665	
11250.00	0.99525	0.99733	0.99692	0.99654	0.99666	
11260.00	0.99534	0.99724	0.99707	0.99668	0.99675	
11270.00	0.99519	0.99725	0.99704	0.99656	0.99659	
11280.00	0.99539	0.99734	0.99693	0.99670	0.99668	
11290.00	0.99535	0.99747	0.99708	0.99657	0.99667	
11300.00	0.99557	0.99755	0.99722	0.99674	0.99646	
11310.00	0.99538	0.99760	0.99679	0.99684	0.99659	
11320.00	0.99534	0.99769	0.99667	0.99698	0.99675	
11330.00	0.99545	0.99780	0.99643	0.99685	0.99640	
11340.00	0.99517	0.99791	0.99632	0.99700	0.99653	
11350.00	0.99539	0.99753	0.99626	0.99715	0.99649	
11360.00	0.99559	0.99752	0.99632	0.99728	0.99633	
11370.00	0.99568	0.99742	0.99606	0.99741	0.99612	
11380.00	0.99589	0.99742	0.99611	0.99754	0.99562	
11390.00	0.99590	0.99743	0.99630	0.99766	0.99546	
11400.00	0.99607	0.99747	0.99638	0.99777	0.99549	
11410.00	0.99626	0.99758	0.99622	0.99786	0.99543	
11420.00	0.99584	0.99765	0.99599	0.99771	0.99550	
11430.00	0.99604	0.99753	0.99576	0.99781	0.99572	
11440.00	0.99594	0.99764	0.99578	0.99789	0.99562	
11450.00	0.99606	0.99774	0.99568	0.99775	0.99568	
11460.00	0.99574	0.99784	0.99589	0.99784	0.99589	
11470.00	0.99570	0.99784	0.99609	0.99786	0.99571	
11480.00	0.99589	0.99793	0.99548	0.99796	0.99592	
11490.00	0.99592	0.99777	0.99532	0.99806	0.99611	
11500.00	0.99538	0.99735	0.99555	0.99814	0.99597	
11510.00	0.99559	0.99736	0.99569	0.99796	0.99617	
11520.00	0.99547	0.99730	0.99584	0.99805	0.99615	
11530.00	0.99569	0.99725	0.99605	0.99811	0.99621	
11540.00	0.99590	0.99731	0.99611	0.99820	0.99570	
11550.00	0.99610	0.99744	0.99620	0.99828	0.99589	
11560.00	0.99611	0.99683	0.99630	0.99813	0.99583	
11570.00	0.99591	0.99667	0.99634	0.99817	0.99574	
11580.00	0.99586	0.99682	0.99652	0.99822	0.99588	
11590.00	0.99551	0.99697	0.99669	0.99824	0.99608	
11600.00	0.99533	0.99674	0.99685	0.99796	0.99606	
11610.00	0.99536	0.99689	0.99696	0.99794	0.99593	
11620.00	0.99528	0.99704	0.99701	0.99804	0.99596	
11630.00	0.99547	0.99678	0.99699	0.99814	0.99615	
11640.00	0.99569	0.99664	0.99689	0.99814	0.99634	
11650.00	0.99554	0.99661	0.99684	0.99809	0.99651	
11660.00	0.99549	0.99677	0.99699	0.99785	0.99668	
11670.00	0.99571	0.99676	0.99710	0.99740	0.99631	
11680.00	0.99565	0.99690	0.99679	0.99750	0.99649	
11690.00	0.99582	0.99657	0.99656	0.99734	0.99625	
11700.00	0.99589	0.99663	0.99658	0.99721	0.99643	
11710.00	0.99606	0.99679	0.99613	0.99727	0.99661	
11720.00	0.99622	0.99695	0.99558	0.99735	0.99672	
11730.00	0.99637	0.99708	0.99578	0.99748	0.99667	
11740.00	0.99628	0.99682	0.99560	0.99752	0.99653	
11750.00	0.99610	0.99693	0.99574	0.99762	0.99668	
11760.00	0.99626	0.99687	0.99567	0.99748	0.99685	
11770.00	0.99644	0.99674	0.99585	0.99753	0.99697	
11780.00	0.99661	0.99690	0.99591	0.99764	0.99695	
11790.00	0.99677	0.99697	0.99555	0.99761	0.99709	
11800.00	0.99647	0.99710	0.99482	0.99773	0.99705	
11810.00	0.99664	0.99697	0.99477	0.99766	0.99699	
11820.00	0.99678	0.99686	0.99495	0.99777	0.99675	
11830.00	0.99657	0.99693	0.99495	0.99784	0.99667	
11840.00	0.99647	0.99708	0.99483	0.99778	0.99680	
11850.00	0.99631	0.99716	0.99498	0.99727	0.99678	
11860.00	0.99649	0.99728	0.99503	0.99740	0.99683	
11870.00	0.99645	0.99741	0.99496	0.99720	0.99690	
11880.00	0.99661	0.99750	0.99521	0.99707	0.99690	
11890.00	0.99633	0.99726	0.99461	0.99707	0.99693	
11900.00	0.99635	0.99739	0.99475	0.99691	0.99670	
11910.00	0.99633	0.99739	0.99494	0.99682	0.99639	
11920.00	0.99644	0.99741	0.99463	0.99659	0.99628	
11930.00	0.99641	0.99753	0.99486	0.99668	0.99622	
11940.00	0.99637	0.99749	0.99511	0.99682	0.99632	
11950.00	0.99652	0.99743	0.99492	0.99688	0.99634	
11960.00	0.99669	0.99755	0.99507	0.99700	0.99606	
11970.00	0.99593	0.99753	0.99519	0.99701	0.99553	
11980.00	0.99607	0.99735	0.99537	0.99680	0.99575	
11990.00	0.99626	0.99658	0.99549	0.99695	0.99596	
12000.00	0.99641	0.99665	0.99505	0.99660	0.99596	
12010.00	0.99658	0.99681	0.99489	0.99631	0.99601	
12020.00	0.99675	0.99691	0.99513	0.99624	0.99616	
12030.00	0.99691	0.99701	0.99536	0.99638	0.99599	
12040.00	0.99705	0.99716	0.99531	0.99656	0.99618	
12050.00	0.99694	0.99717	0.99554	0.99643	0.99600	
12060.00	0.99705	0.99730	0.99543	0.99660	0.99611	
12070.00	0.99696	0.99741	0.99562	0.99672	0.99630	
12080.00	0.99653	0.99747	0.99569	0.99627	0.99647	
12090.00	0.99670	0.99734	0.99590	0.99619	0.99649	
12100.00	0.99682	0.99747	0.99590	0.99617	0.99666	
12110.00	0.99671	0.99759	0.99587	0.99610	0.99681	
12120.00	0.99646	0.99765	0.99604	0.99575	0.99687	
12130.00	0.99650	0.99776	0.99593	0.99586	0.99698	
12140.00	0.99660	0.99786	0.99578	0.99586	0.99690	
12150.00	0.99645	0.99795	0.99573	0.99569	0.99694	
12160.00	0.99661	0.99785	0.99578	0.99586	0.99685	
12170.00	0.99671	0.99729	0.99586	0.99607	0.99695	
12180.00	0.99685	0.99714	0.99593	0.99600	0.99709	
12190.00	0.99700	0.99725	0.99597	0.99574	0.99694	
12200.00	0.99711	0.99737	0.99601	0.99573	0.99634	
12210.00	0.99726	0.99746	0.99572	0.99561	0.99626	
12220.00	0.99712	0.99707	0.99555	0.99521	0.99631	
12230.00	0.99712	0.99701	0.99543	0.99538	0.99646	
12240.00	0.99726	0.99715	0.99530	0.99534	0.99627	
12250.00	0.99731	0.99724	0.99543	0.99535	0.99644	
12260.00	0.99718	0.99706	0.99538	0.99551	0.99661	
12270.00	0.99727	0.99719	0.99533	0.99548	0.99676	
12280.00	0.99717	0.99722	0.99526	0.99555	0.99691	
12290.00	0.99701	0.99711	0.99543	0.99538	0.99672	
12300.00	0.99640	0.99689	0.99533	0.99526	0.99687	
12310.00	0.99638	0.99697	0.99485	0.99548	0.99605	
12320.00	0.99610	0.99712	0.99404	0.99564	0.99624	
12330.00	0.99618	0.99712	0.99415	0.99582	0.99626	
12340.00	0.99610	0.99712	0.99439	0.99598	0.99635	
12350.00	0.99629	0.99719	0.99453	0.99596	0.99634	
12360.00	0.99647	0.99733	0.99464	0.99610	0.99634	
12370.00	0.99658	0.99727	0.99485	0.99605	0.99646	
12380.00	0.99675	0.99729	0.99485	0.99624	0.99660	
12390.00	0.99663	0.99737	0.99504	0.99618	0.99669	
12400.00	0.99679	0.99709	0.99528	0.99624	0.99662	
12410.00	0.99694	0.99697	0.99493	0.99622	0.99670	
12420.00	0.99709	0.99706	0.99467	0.99583	0.99660	
12430.00	0.99705	0.99719	0.99459	0.99580	0.99654	
12440.00	0.99719	0.99716	0.99450	0.99553	0.99638	
12450.00	0.99732	0.99699	0.99477	0.99499	0.99656	
12460.00	0.99735	0.99712	0.99487	0.99519	0.99672	
12470.00	0.99747	0.99708	0.99491	0.99524	0.99669	
12480.00	0.99739	0.99723	0.99482	0.99541	0.99684	
12490.00	0.99747	0.99736	0.99507	0.99563	0.99687	
12500.00	0.99749	0.99749	0.99445	0.99579	0.99703	
12510.00	0.99760	0.99761	0.99469	0.99599	0.99717	
12520.00	0.99770	0.99759	0.99489	0.99609	0.99690	
12530.00	0.99776	0.99770	0.99465	0.99577	0.99691	
12540.00	0.99762	0.99766	0.99491	0.99597	0.99689	
12550.00	0.99768	0.99735	0.99469	0.99614	0.99679	
12560.00	0.99780	0.99746	0.99473	0.99622	0.99682	
12570.00	0.99783	0.99727	0.99479	0.99613	0.99697	
12580.00	0.99785	0.99740	0.99473	0.99607	0.99704	
12590.00	0.99779	0.99742	0.99478	0.99627	0.99719	
12600.00	0.99786	0.99754	0.99477	0.99622	0.99727	
12610.00	0.99793	0.99761	0.99408	0.99641	0.99708	
12620.00	0.99802	0.99773	0.99435	0.99632	0.99722	
12630.00	0.99805	0.99774	0.99457	0.99623	0.99732	
12640.00	0.99815	0.99760	0.99453	0.99605	0.99744	
12650.00	0.99815	0.99771	0.99464	0.99539	0.99710	
12660.00	0.99824	0.99775	0.99488	0.99533	0.99716	
12670.00	0.99827	0.99779	0.99509	0.99546	0.99725	
12680.00	0.99831	0.99774	0.99469	0.99561	0.99729	
12690.00	0.99839	0.99760	0.99477	0.99582	0.99677	
12700.00	0.99828	0.99749	0.99496	0.99585	0.99662	
12710.00	0.99830	0.99752	0.99500	0.99605	0.99675	
12720.00	0.99809	0.99744	0.99501	0.99622	0.99673	
12730.00	0.99756	0.99749	0.99501	0.99641	0.99665	
12740.00	0.99733	0.99753	0.99466	0.99656	0.99679	
12750.00	0.99746	0.99749	0.99477	0.99669	0.99671	
12760.00	0.99733	0.99757	0.99475	0.99685	0.99669	
12770.00	0.99699	0.99769	0.99481	0.99675	0.99677	
12780.00	0.99684	0.99755	0.99501	0.99645	0.99679	
12790.00	0.99699	0.99766	0.99519	0.99658	0.99685	
12800.00	0.99695	0.99753	0.99542	0.99651	0.99701	
12810.00	0.99706	0.99718	0.99565	0.99603	0.99715	
12820.00	0.99701	0.99670	0.99549	0.99591	0.99722	
12830.00	0.99679	0.99670	0.99563	0.99601	0.99730	
12840.00	0.99656	0.99639	0.99582	0.99619	0.99638	
12850.00	0.99673	0.99654	0.99588	0.99612	0.99655	
12860.00	0.99682	0.99617	0.99586	0.99599	0.99660	
12870.00	0.99676	0.99582	0.99584	0.99595	0.99668	
12880.00	0.99692	0.99580	0.99604	0.99560	0.99677	
12890.00	0.99684	0.99600	0.99622	0.99572	0.99689	
12900.00	0.99700	0.99519	0.99637	0.99569	0.99661	
12910.00	0.99710	0.99509	0.99651	0.99590	0.99673	
12920.00	0.99724	0.99501	0.99668	0.99589	0.99646	
12930.00	0.99733	0.99501	0.99684	0.99608	0.99643	
12940.00	0.99675	0.99500	0.99690	0.99598	0.99648	
12950.00	0.99691	0.99503	0.99667	0.99617	0.99656	
12960.00	0.99686	0.99519	0.99636	0.99585	0.99669	
12970.00	0.99675	0.99527	0.99647	0.99587	0.99685	
12980.00	0.99656	0.99531	0.99621	0.99598	0.99659	
12990.00	0.99670	0.99529	0.99639	0.99617	0.99620	
13000.00	0.99611	0.99545	0.99647	0.99607	0.99639	
13010.00	0.99630	0.99530	0.99649	0.99562	0.99630	
13020.00	0.99610	0.99553	0.99650	0.99535	0.99590	
13030.00	0.99628	0.99575	0.99666	0.99553	0.99587	
13040.00	0.99631	0.99568	0.99681	0.99575	0.99575	
13050.00	0.99646	0.99589	0.99696	0.99578	0.99569	
13060.00	0.99624	0.99583	0.99697	0.99559	0.99560	
13070.00	0.99641	0.99574	0.99698	0.99578	0.99557	
13080.00	0.99656	0.99595	0.99713	0.99575	0.99567	
13090.00	0.99672	0.99552	0.99695	0.99571	0.99528	
13100.00	0.99650	0.99552	0.99703	0.99580	0.99551	
13110.00	0.99667	0.99570	0.99679	0.99599	0.99570	
13120.00	0.99682	0.99583	0.99688	0.99615	0.99583	
13130.00	0.99696	0.99599	0.99663	0.99634	0.99603	
13140.00	0.99709	0.99613	0.99654	0.99631	0.99618	
13150.00	0.99723	0.99632	0.99670	0.99591	0.99603	
13160.00	0.99733	0.99650	0.99666	0.99610	0.99604	
13170.00	0.99739	0.99658	0.99678	0.99605	0.99600	
13180.00	0.99739	0.99674	0.99679	0.99620	0.99619	
13190.00	0.99732	0.99613	0.99694	0.99608	0.99559	
13200.00	0.99745	0.99624	0.99681	0.99613	0.99580	
13210.00	0.99749	0.99622	0.99697	0.99610	0.99598	
13220.00	0.99761	0.99638	0.99711	0.99586	0.99606	
13230.00	0.99756	0.99651	0.99659	0.99574	0.99596	
13240.00	0.99768	0.99668	0.99637	0.99577	0.99593	
13250.00	0.99767	0.99621	0.99644	0.99571	0.99599	
13260.00	0.99778	0.99622	0.99623	0.99592	0.99606	
13270.00	0.99788	0.99617	0.99637	0.99582	0.99620	
13280.00	0.99798	0.99636	0.99636	0.99563	0.99634	
13290.00	0.99763	0.99632	0.99646	0.99562	0.99651	
13300.00	0.99775	0.99632	0.99618	0.99544	0.99625	
13310.00	0.99786	0.99648	0.99636	0.99562	0.99620	
13320.00	0.99791	0.99645	0.99645	0.99583	0.99621	
13330.00	0.99788	0.99647	0.99626	0.99590	0.99629	
13340.00	0.99785	0.99640	0.99635	0.99610	0.99634	
13350.00	0.99787	0.99632	0.99652	0.99626	0.99596	
13360.00	0.99798	0.99625	0.99669	0.99644	0.99572	
13370.00	0.99779	0.99619	0.99685	0.99627	0.99557	
13380.00	0.99790	0.99631	0.99696	0.99645	0.99563	
13390.00	0.99788	0.99641	0.99699	0.99656	0.99584	
13400.00	0.99781	0.99656	0.99713	0.99646	0.99573	
13410.00	0.99757	0.99643	0.99727	0.99634	0.99575	
13420.00	0.99767	0.99658	0.99740	0.99632	0.99596	
13430.00	0.99749	0.99660	0.99749	0.99646	0.99616	
13440.00	0.99758	0.99670	0.99758	0.99663	0.99634	
13450.00	0.99764	0.99641	0.99766	0.99678	0.99634	
13460.00	0.99751	0.99616	0.99772	0.99664	0.99643	
13470.00	0.99747	0.99613	0.99748	0.99663	0.99660	
13480.00	0.99757	0.99575	0.99740	0.99670	0.99640	
13490.00	0.99769	0.99573	0.99752	0.99673	0.99636	
13500.00	0.99764	0.99567	0.99764	0.99655	0.99649	
13510.00	0.99776	0.99555	0.99775	0.99644	0.99656	
13520.00	0.99787	0.99545	0.99754	0.99623	0.99673	
13530.00	0.99797	0.99507	0.99730	0.99628	0.99689	
13540.00	0.99806	0.99473	0.99738	0.99637	0.99704	
13550.00	0.99808	0.99452	0.99730	0.99632	0.99713	
13560.00	0.99777	0.99400	0.99720	0.99645	0.99727	
13570.00	0.99761	0.99428	0.99699	0.99658	0.99740	
13580.00	0.99771	0.99416	0.99691	0.99667	0.99715	
13590.00	0.99725	0.99442	0.99698	0.99673	0.99720	
13600.00	0.99706	0.99442	0.99711	0.99683	0.99712	
13610.00	0.99720	0.99433	0.99683	0.99651	0.99726	
13620.00	0.99606	0.99461	0.99643	0.99618	0.99734	
13630.00	0.99608	0.99476	0.99660	0.99636	0.99747	
13640.00	0.99625	0.99481	0.99675	0.99654	0.99757	
13650.00	0.99626	0.99484	0.99689	0.99668	0.99761	
13660.00	0.99643	0.99509	0.99702	0.99670	0.99758	
13670.00	0.99652	0.99494	0.99704	0.99686	0.99769	
13680.00	0.99652	0.99511	0.99717	0.99669	0.99754	
13690.00	0.99664	0.99523	0.99729	0.99684	0.99757	
13700.00	0.99671	0.99532	0.99699	0.99687	0.99768	
13710.00	0.99667	0.99554	0.99696	0.99698	0.99766	
13720.00	0.99679	0.99568	0.99674	0.99693	0.99770	
13730.00	0.99662	0.99589	0.99678	0.99690	0.99781	
13740.00	0.99679	0.99559	0.99689	0.99703	0.99792	
13750.00	0.99689	0.99580	0.99704	0.99717	0.99800	
13760.00	0.99703	0.99590	0.99692	0.99716	0.99758	
13770.00	0.99697	0.99610	0.99707	0.99729	0.99692	
13780.00	0.99702	0.99608	0.99706	0.99730	0.99697	
13790.00	0.99715	0.99621	0.99716	0.99743	0.99683	
13800.00	0.99729	0.99624	0.99728	0.99750	0.99689	
13810.00	0.99730	0.99627	0.99729	0.99760	0.99700	
13820.00	0.99739	0.99637	0.99738	0.99762	0.99708	
13830.00	0.99751	0.99654	0.99750	0.99768	0.99657	
13840.00	0.99751	0.99648	0.99754	0.99778	0.99633	
13850.00	0.99763	0.99655	0.99766	0.99789	0.99648	
13860.00	0.99757	0.99648	0.99752	0.99779	0.99610	
13870.00	0.99768	0.99630	0.99763	0.99727	0.99629	
13880.00	0.99779	0.99640	0.99775	0.99705	0.99624	
13890.00	0.99765	0.99635	0.99785	0.99718	0.99623	
13900.00	0.99758	0.99619	0.99785	0.99727	0.99634	
13910.00	0.99758	0.99628	0.99796	0.99741	0.99639	
13920.00	0.99759	0.99646	0.99803	0.99752	0.99647	
13930.00	0.99770	0.99653	0.99805	0.99757	0.99608	
13940.00	0.99772	0.99669	0.99814	0.99739	0.99574	
13950.00	0.99783	0.99616	0.99822	0.99726	0.99583	
13960.00	0.99760	0.99612	0.99830	0.99739	0.99578	
13970.00	0.99766	0.99599	0.99839	0.99718	0.99575	
13980.00	0.99770	0.99602	0.99837	0.99702	0.99561	
13990.00	0.99775	0.99621	0.99821	0.99696	0.99570	
14000.00	0.99785	0.99616	0.99810	0.99702	0.99567	
14010.00	0.99795	0.99635	0.99800	0.99707	0.99569	
14020.00	0.99804	0.99618	0.99804	0.99719	0.99566	
14030.00	0.99794	0.99589	0.99807	0.99697	0.99587	
14040.00	0.99798	0.99563	0.99779	0.99712	0.99592	
14050.00	0.99802	0.99583	0.99790	0.99705	0.99606	
14060.00	0.99808	0.99596	0.99769	0.99664	0.99608	
14070.00	0.99787	0.99611	0.99772	0.99679	0.99627	
14080.00	0.99774	0.99617	0.99783	0.99659	0.99644	
14090.00	0.99770	0.99632	0.99793	0.99674	0.99633	
14100.00	0.99732	0.99649	0.99799	0.99690	0.99640	
14110.00	0.99745	0.99654	0.99781	0.99703	0.99617	
14120.00	0.99737	0.99669	0.99786	0.99693	0.99610	
14130.00	0.99743	0.99684	0.99796	0.99708	0.99626	
14140.00	0.99720	0.99687	0.99783	0.99708	0.99605	
14150.00	0.99693	0.99697	0.99773	0.99706	0.99624	
14160.00	0.99675	0.99703	0.99779	0.99720	0.99622	
14170.00	0.99667	0.99698	0.99789	0.99676	0.99612	
14180.00	0.99652	0.99705	0.99800	0.99689	0.99616	
14190.00	0.99620	0.99680	0.99809	0.99704	0.99588	
14200.00	0.99619	0.99668	0.99818	0.99682	0.99608	
14210.00	0.99596	0.99669	0.99804	0.99693	0.99602	
14220.00	0.99614	0.99678	0.99813	0.99702	0.99607	
14230.00	0.99614	0.99687	0.99794	0.99712	0.99624	
14240.00	0.99570	0.99701	0.99804	0.99722	0.99633	
14250.00	0.99584	0.99715	0.99803	0.99717	0.99611	
14260.00	0.99546	0.99709	0.99785	0.99730	0.99600	
14270.00	0.99563	0.99718	0.99795	0.99743	0.99617	
14280.00	0.99584	0.99690	0.99805	0.99742	0.99629	
14290.00	0.99600	0.99702	0.99814	0.99730	0.99646	
14300.00	0.99614	0.99715	0.99823	0.99743	0.99634	
14310.00	0.99633	0.99680	0.99832	0.99754	0.99651	
14320.00	0.99623	0.99690	0.99829	0.99765	0.99668	
14330.00	0.99611	0.99705	0.99836	0.99775	0.99662	
14340.00	0.99607	0.99694	0.99831	0.99766	0.99677	
14350.00	0.99591	0.99709	0.99830	0.99749	0.99619	
14360.00	0.99535	0.99722	0.99824	0.99752	0.99606	
14370.00	0.99532	0.99709	0.99810	0.99749	0.99594	
14380.00	0.99554	0.99723	0.99819	0.99743	0.99593	
14390.00	0.99520	0.99736	0.99810	0.99749	0.99596	
14400.00	0.99516	0.99747	0.99816	0.99695	0.99614	
14410.00	0.99506	0.99760	0.99750	0.99708	0.99584	
14420.00	0.99505	0.99771	0.99717	0.99714	0.99530	
14430.00	0.99493	0.99777	0.99725	0.99704	0.99552	
14440.00	0.99515	0.99750	0.99730	0.99708	0.99544	
14450.00	0.99509	0.99746	0.99742	0.99717	0.99549	
14460.00	0.99472	0.99759	0.99706	0.99731	0.99571	
14470.00	0.99487	0.99757	0.99719	0.99744	0.99540	
14480.00	0.99463	0.99768	0.99702	0.99754	0.99536	
14490.00	0.99486	0.99777	0.99661	0.99731	0.99558	
14500.00	0.99511	0.99767	0.99613	0.99744	0.99566	
14510.00	0.99513	0.99774	0.99626	0.99753	0.99587	
14520.00	0.99522	0.99785	0.99643	0.99728	0.99598	
14530.00	0.99514	0.99795	0.99631	0.99740	0.99614	
14540.00	0.99503	0.99798	0.99647	0.99728	0.99633	
14550.00	0.99527	0.99807	0.99650	0.99740	0.99633	
14560.00	0.99537	0.99801	0.99602	0.99747	0.99643	
14570.00	0.99526	0.99810	0.99620	0.99759	0.99657	
14580.00	0.99545	0.99816	0.99610	0.99749	0.99673	
14590.00	0.99546	0.99813	0.99610	0.99761	0.99662	
14600.00	0.99539	0.99822	0.99620	0.99773	0.99675	
14610.00	0.99537	0.99831	0.99636	0.99781	0.99690	
14620.00	0.99519	0.99834	0.99616	0.99772	0.99704	
14630.00	0.99529	0.99842	0.99609	0.99783	0.99718	
14640.00	0.99550	0.99823	0.99613	0.99780	0.99732	
14650.00	0.99571	0.99793	0.99632	0.99791	0.99745	
14660.00	0.99513	0.99801	0.99625	0.99801	0.99745	
14670.00	0.99535	0.99810	0.99629	0.99810	0.99729	
14680.00	0.99558	0.99815	0.99629	0.99812	0.99725	
14690.00	0.99579	0.99822	0.99587	0.99821	0.99711	
14700.00	0.99531	0.99831	0.99574	0.99815	0.99725	
14710.00	0.99550	0.99813	0.99592	0.99820	0.99738	
14720.00	0.99572	0.99810	0.99580	0.99806	0.99721	
14730.00	0.99587	0.99809	0.99565	0.99807	0.99730	
14740.00	0.99586	0.99798	0.99583	0.99811	0.99735	
14750.00	0.99590	0.99771	0.99573	0.99798	0.99745	
14760.00	0.99585	0.99746	0.99593	0.99799	0.99757	
14770.00	0.99594	0.99758	0.99591	0.99775	0.99758	
14780.00	0.99611	0.99752	0.99530	0.99730	0.99769	
14790.00	0.99619	0.99764	0.99523	0.99727	0.99768	
14800.00	0.99615	0.99776	0.99531	0.99720	0.99764	
14810.00	0.99612	0.99779	0.99552	0.99732	0.99766	
14820.00	0.99605	0.99790	0.99574	0.99706	0.99738	
14830.00	0.99603	0.99770	0.99594	0.99720	0.99734	
14840.00	0.99551	0.99765	0.99596	0.99732	0.99691	
14850.00	0.99565	0.99776	0.99567	0.99733	0.99702	
14860.00	0.99575	0.99770	0.99585	0.99746	0.99711	
14870.00	0.99555	0.99761	0.99589	0.99759	0.99721	
14880.00	0.99520	0.99772	0.99568	0.99769	0.99712	
14890.00	0.99543	0.99780	0.99525	0.99780	0.99720	
14900.00	0.99564	0.99769	0.99518	0.99759	0.99734	
14910.00	0.99577	0.99777	0.99538	0.99760	0.99726	
14920.00	0.99597	0.99755	0.99527	0.99768	0.99739	
14930.00	0.99617	0.99761	0.99548	0.99779	0.99723	
14940.00	0.99636	0.99711	0.99567	0.99764	0.99681	
14950.00	0.99652	0.99704	0.99555	0.99767	0.99686	
14960.00	0.99661	0.99702	0.99575	0.99771	0.99690	
14970.00	0.99644	0.99713	0.99587	0.99779	0.99693	
14980.00	0.99626	0.99723	0.99607	0.99789	0.99696	
14990.00	0.99607	0.99717	0.99567	0.99799	0.99711	
15000.00	0.99578	0.99722	0.99553	0.99805	0.99677	
