10.00	0.99524	0.99647	0.99665	0.99438	0.99789	
20.00	0.99535	0.99647	0.99681	0.99432	0.99799	
30.00	0.99513	0.99664	0.99675	0.99402	0.99807	
40.00	0.99501	0.99652	0.99675	0.99431	0.99790	
50.00	0.99525	0.99650	0.99675	0.99420	0.99784	
60.00	0.99543	0.99667	0.99677	0.99400	0.99780	
70.00	0.99565	0.99660	0.99689	0.99419	0.99742	
80.00	0.99551	0.99668	0.99696	0.99421	0.99714	
90.00	0.99572	0.99679	0.99693	0.99420	0.99719	
100.00	0.99553	0.99671	0.99682	0.99419	0.99685	
110.00	0.99575	0.99676	0.99697	0.99414	0.99697	
120.00	0.99576	0.99687	0.99711	0.99427	0.99712	
130.00	0.99595	0.99693	0.99725	0.99429	0.99726	
140.00	0.99605	0.99679	0.99708	0.99434	0.99722	
150.00	0.99585	0.99694	0.99712	0.99455	0.99684	
160.00	0.99567	0.99656	0.99726	0.99477	0.99695	
170.00	0.99537	0.99663	0.99662	0.99503	0.99692	
180.00	0.99549	0.99636	0.99638	0.99519	0.99707	
190.00	0.99558	0.99635	0.99586	0.99542	0.99721	
200.00	0.99580	0.99620	0.99580	0.99518	0.99658	
210.00	0.99600	0.99632	0.99576	0.99534	0.99653	
220.00	0.99615	0.99571	0.99574	0.99557	0.99664	
230.00	0.99585	0.99587	0.99576	0.99577	0.99668	
240.00	0.99604	0.99580	0.99576	0.99590	0.99681	
250.00	0.99601	0.99595	0.99533	0.99588	0.99696	
260.00	0.99612	0.99608	0.99539	0.99608	0.99707	
270.00	0.99631	0.99627	0.99490	0.99627	0.99673	
280.00	0.99649	0.99573	0.99515	0.99644	0.99663	
290.00	0.99655	0.99574	0.99537	0.99644	0.99670	
300.00	0.99672	0.99557	0.99496	0.99658	0.99684	
310.00	0.99681	0.99574	0.99506	0.99656	0.99692	
320.00	0.99694	0.99593	0.99510	0.99663	0.99705	
330.00	0.99708	0.99586	0.99479	0.99664	0.99718	
340.00	0.99722	0.99606	0.99468	0.99680	0.99727	
350.00	0.99722	0.99625	0.99471	0.99692	0.99723	
360.00	0.99730	0.99640	0.99425	0.99695	0.99736	
370.00	0.99730	0.99617	0.99433	0.99689	0.99712	
380.00	0.99733	0.99636	0.99383	0.99704	0.99726	
390.00	0.99734	0.99630	0.99395	0.99681	0.99726	
400.00	0.99739	0.99647	0.99405	0.99680	0.99733	
410.00	0.99731	0.99658	0.99359	0.99692	0.99722	
420.00	0.99737	0.99674	0.99387	0.99669	0.99731	
430.00	0.99734	0.99669	0.99385	0.99683	0.99727	
440.00	0.99734	0.99684	0.99398	0.99665	0.99710	
450.00	0.99701	0.99667	0.99427	0.99682	0.99682	
460.00	0.99708	0.99668	0.99444	0.99666	0.99647	
470.00	0.99721	0.99684	0.99469	0.99640	0.99628	
480.00	0.99719	0.99697	0.99484	0.99647	0.99625	
490.00	0.99712	0.99712	0.99486	0.99630	0.99623	
500.00	0.99712	0.99674	0.99511	0.99629	0.99552	
510.00	0.99724	0.99690	0.99511	0.99629	0.99554	
520.00	0.99738	0.99702	0.99516	0.99647	0.99567	
530.00	0.99745	0.99716	0.99529	0.99660	0.99584	
540.00	0.99738	0.99700	0.99547	0.99672	0.99604	
550.00	0.99724	0.99692	0.99529	0.99682	0.99624	
560.00	0.99726	0.99706	0.99510	0.99697	0.99633	
570.00	0.99738	0.99716	0.99516	0.99710	0.99633	
580.00	0.99746	0.99725	0.99510	0.99697	0.99642	
590.00	0.99758	0.99715	0.99500	0.99692	0.99652	
600.00	0.99764	0.99713	0.99520	0.99705	0.99669	
610.00	0.99769	0.99721	0.99537	0.99711	0.99685	
620.00	0.99769	0.99699	0.99531	0.99726	0.99700	
630.00	0.99780	0.99713	0.99539	0.99739	0.99713	
640.00	0.99790	0.99702	0.99559	0.99752	0.99686	
650.00	0.99800	0.99716	0.99544	0.99763	0.99672	
660.00	0.99776	0.99666	0.99537	0.99770	0.99677	
670.00	0.99787	0.99678	0.99534	0.99768	0.99687	
680.00	0.99782	0.99652	0.99544	0.99778	0.99688	
690.00	0.99791	0.99664	0.99536	0.99772	0.99698	
700.00	0.99799	0.99669	0.99553	0.99778	0.99697	
710.00	0.99805	0.99677	0.99574	0.99751	0.99670	
720.00	0.99802	0.99687	0.99594	0.99750	0.99672	
730.00	0.99776	0.99647	0.99599	0.99735	0.99688	
740.00	0.99761	0.99595	0.99596	0.99701	0.99698	
750.00	0.99766	0.99615	0.99585	0.99707	0.99707	
760.00	0.99730	0.99611	0.99568	0.99720	0.99714	
770.00	0.99741	0.99622	0.99585	0.99733	0.99700	
780.00	0.99707	0.99627	0.99605	0.99728	0.99709	
790.00	0.99677	0.99630	0.99620	0.99741	0.99708	
800.00	0.99692	0.99632	0.99638	0.99744	0.99722	
810.00	0.99657	0.99630	0.99620	0.99733	0.99716	
820.00	0.99633	0.99644	0.99639	0.99744	0.99722	
830.00	0.99644	0.99660	0.99657	0.99748	0.99732	
840.00	0.99661	0.99654	0.99631	0.99760	0.99724	
850.00	0.99663	0.99658	0.99640	0.99718	0.99734	
860.00	0.99676	0.99653	0.99654	0.99704	0.99724	
870.00	0.99692	0.99636	0.99663	0.99718	0.99704	
880.00	0.99674	0.99623	0.99677	0.99731	0.99717	
890.00	0.99640	0.99640	0.99675	0.99676	0.99712	
900.00	0.99622	0.99633	0.99565	0.99672	0.99726	
910.00	0.99611	0.99651	0.99576	0.99688	0.99739	
920.00	0.99621	0.99634	0.99593	0.99699	0.99723	
930.00	0.99592	0.99633	0.99584	0.99692	0.99735	
940.00	0.99578	0.99650	0.99599	0.99661	0.99748	
950.00	0.99598	0.99666	0.99618	0.99675	0.99754	
960.00	0.99615	0.99652	0.99624	0.99688	0.99749	
970.00	0.99611	0.99666	0.99589	0.99682	0.99749	
980.00	0.99621	0.99669	0.99597	0.99674	0.99761	
990.00	0.99621	0.99680	0.99566	0.99686	0.99772	
1000.00	0.99640	0.99692	0.99579	0.99701	0.99743	
1010.00	0.99055	0.99703	0.99600	0.99716	0.99755	
1020.00	0.98985	0.99717	0.99619	0.99729	0.99767	
1030.00	0.98609	0.99731	0.99638	0.99743	0.99779	
1040.00	0.98232	0.99744	0.99655	0.99755	0.99789	
1050.00	0.97814	0.99757	0.99672	0.99767	0.99800	
1060.00	0.97316	0.99756	0.99688	0.99757	0.99809	
1070.00	0.96919	0.99768	0.99702	0.99768	0.99819	
1080.00	0.96532	0.99780	0.99716	0.99779	0.99828	
1090.00	0.95939	0.99765	0.99730	0.99790	0.99836	
1100.00	0.95600	0.99764	0.99743	0.99800	0.99844	
1110.00	0.95314	0.99723	0.99754	0.99809	0.99849	
1120.00	0.94756	0.99732	0.99763	0.99819	0.99856	
1130.00	0.94341	0.99745	0.99770	0.99827	0.99863	
1140.00	0.93666	0.99756	0.99779	0.99836	0.99870	
1150.00	0.93198	0.99768	0.99790	0.99844	0.99876	
1160.00	0.92472	0.99780	0.99800	0.99851	0.99882	
1170.00	0.91594	0.99790	0.99810	0.99858	0.99888	
1180.00	0.90190	0.99801	0.99819	0.99865	0.99893	
1190.00	0.89693	0.99810	0.99828	0.99872	0.99899	
1200.00	0.88855	0.99820	0.99836	0.99877	0.99904	
1210.00	0.88458	0.99828	0.99843	0.99883	0.99908	
1220.00	0.87983	0.99836	0.99851	0.99888	0.99908	
1230.00	0.87549	0.99844	0.99858	0.99892	0.99905	
1240.00	0.86095	0.99852	0.99865	0.99897	0.99909	
1250.00	0.85652	0.99859	0.99872	0.99902	0.99914	
1260.00	0.85525	0.99866	0.99876	0.99907	0.99918	
1270.00	0.84939	0.99861	0.99882	0.99911	0.99922	
1280.00	0.84013	0.99868	0.99888	0.99916	0.99926	
1290.00	0.83426	0.99874	0.99894	0.99920	0.99929	
1300.00	0.81760	0.99881	0.99899	0.99924	0.99933	
1310.00	0.80766	0.99886	0.99904	0.99927	0.99936	
1320.00	0.80316	0.99892	0.99909	0.99931	0.99939	
1330.00	0.79390	0.99897	0.99913	0.99934	0.99942	
1340.00	0.78148	0.99902	0.99917	0.99938	0.99945	
1350.00	0.77482	0.99907	0.99921	0.99941	0.99947	
1360.00	0.77685	0.99912	0.99925	0.99943	0.99950	
1370.00	0.76993	0.99916	0.99929	0.99946	0.99952	
1380.00	0.77379	0.99920	0.99932	0.99949	0.99955	
1390.00	0.76518	0.99924	0.99935	0.99951	0.99954	
1400.00	0.76263	0.99928	0.99938	0.99954	0.99957	
1410.00	0.75652	0.99931	0.99941	0.99956	0.99959	
1420.00	0.75650	0.99934	0.99944	0.99958	0.99961	
1430.00	0.74444	0.99938	0.99947	0.99960	0.99963	
1440.00	0.73946	0.99941	0.99949	0.99962	0.99964	
1450.00	0.73305	0.99944	0.99952	0.99964	0.99966	
1460.00	0.72089	0.99946	0.99954	0.99966	0.99968	
1470.00	0.72451	0.99949	0.99956	0.99967	0.99969	
1480.00	0.72851	0.99952	0.99959	0.99969	0.99971	
1490.00	0.73054	0.99953	0.99961	0.99971	0.99972	
1500.00	0.72897	0.99956	0.99962	0.99972	0.99973	
1510.00	0.72405	0.99958	0.99964	0.99973	0.99975	
1520.00	0.71032	0.99960	0.99966	0.99975	0.99976	
1530.00	0.70140	0.99962	0.99968	0.99976	0.99977	
1540.00	0.69685	0.99964	0.99969	0.99977	0.99978	
1550.00	0.69554	0.99965	0.99971	0.99978	0.99979	
1560.00	0.69437	0.99967	0.99972	0.99979	0.99979	
1570.00	0.69646	0.99969	0.99973	0.99980	0.99980	
1580.00	0.69543	0.99970	0.99975	0.99981	0.99981	
1590.00	0.67669	0.99972	0.99976	0.99982	0.99982	
1600.00	0.67875	0.99973	0.99977	0.99983	0.99983	
1610.00	0.67358	0.99974	0.99978	0.99984	0.99983	
1620.00	0.66614	0.99976	0.99979	0.99985	0.99984	
1630.00	0.67154	0.99977	0.99980	0.99985	0.99985	
1640.00	0.65832	0.99978	0.99981	0.99986	0.99986	
1650.00	0.66334	0.99979	0.99982	0.99987	0.99986	
1660.00	0.66342	0.99980	0.99983	0.99987	0.99987	
1670.00	0.66719	0.99981	0.99984	0.99988	0.99988	
1680.00	0.67478	0.99982	0.99984	0.99989	0.99988	
1690.00	0.67198	0.99983	0.99985	0.99989	0.99989	
1700.00	0.66417	0.99984	0.99985	0.99990	0.99989	
1710.00	0.66023	0.99985	0.99986	0.99990	0.99990	
1720.00	0.64547	0.99985	0.99987	0.99991	0.99990	
1730.00	0.63562	0.99986	0.99987	0.99991	0.99991	
1740.00	0.63469	0.99987	0.99988	0.99992	0.99991	
1750.00	0.63393	0.99987	0.99989	0.99992	0.99992	
1760.00	0.63252	0.99988	0.99989	0.99992	0.99992	
1770.00	0.63268	0.99989	0.99990	0.99993	0.99993	
1780.00	0.63480	0.99989	0.99990	0.99993	0.99993	
1790.00	0.62008	0.99990	0.99991	0.99994	0.99993	
1800.00	0.62415	0.99990	0.99991	0.99994	0.99994	
1810.00	0.62500	0.99991	0.99992	0.99994	0.99994	
1820.00	0.62145	0.99991	0.99992	0.99994	0.99994	
1830.00	0.63148	0.99992	0.99992	0.99995	0.99994	
1840.00	0.63138	0.99992	0.99993	0.99995	0.99995	
1850.00	0.63577	0.99992	0.99993	0.99995	0.99995	
1860.00	0.63306	0.99993	0.99993	0.99995	0.99995	
1870.00	0.63318	0.99993	0.99994	0.99996	0.99995	
1880.00	0.62969	0.99993	0.99994	0.99996	0.99996	
1890.00	0.61628	0.99994	0.99994	0.99996	0.99996	
1900.00	0.61207	0.99994	0.99995	0.99996	0.99996	
1910.00	0.61214	0.99994	0.99995	0.99996	0.99996	
1920.00	0.60425	0.99995	0.99995	0.99997	0.99996	
1930.00	0.60383	0.99995	0.99995	0.99997	0.99997	
1940.00	0.60077	0.99995	0.99996	0.99997	0.99997	
1950.00	0.60436	0.99995	0.99996	0.99997	0.99997	
1960.00	0.60853	0.99996	0.99996	0.99997	0.99997	
1970.00	0.60802	0.99996	0.99996	0.99997	0.99997	
1980.00	0.60165	0.99996	0.99996	0.99997	0.99997	
1990.00	0.60773	0.99996	0.99997	0.99998	0.99998	
2000.00	0.61320	0.99996	0.99997	0.99998	0.99998	
2010.00	0.61521	0.99997	0.99997	0.99998	0.99998	
2020.00	0.61899	0.99997	0.99997	0.99998	0.99998	
2030.00	0.62330	0.99997	0.99997	0.99998	0.99998	
2040.00	0.59298	0.99997	0.99997	0.99998	0.99998	
2050.00	0.58948	0.99997	0.99998	0.99998	0.99998	
2060.00	0.59841	0.99997	0.99998	0.99998	0.99998	
2070.00	0.59716	0.99997	0.99998	0.99998	0.99998	
2080.00	0.60789	0.99998	0.99998	0.99999	0.99998	
2090.00	0.60619	0.99998	0.99998	0.99999	0.99998	
2100.00	0.61099	0.99998	0.99998	0.99999	0.99999	
2110.00	0.61160	0.99998	0.99998	0.99999	0.99999	
2120.00	0.59784	0.99998	0.99998	0.99999	0.99999	
2130.00	0.58833	0.99998	0.99998	0.99999	0.99999	
2140.00	0.59147	0.99998	0.99998	0.99999	0.99999	
2150.00	0.60246	0.99998	0.99998	0.99999	0.99999	
2160.00	0.59955	0.99998	0.99999	0.99999	0.99999	
2170.00	0.59679	0.99998	0.99999	0.99999	0.99999	
2180.00	0.59607	0.99999	0.99999	0.99999	0.99999	
2190.00	0.60078	0.99999	0.99999	0.99999	0.99999	
2200.00	0.59954	0.99999	0.99999	0.99999	0.99999	
2210.00	0.59937	0.99999	0.99999	0.99999	0.99999	
2220.00	0.60776	0.99999	0.99999	0.99999	0.99999	
2230.00	0.60775	0.99999	0.99999	0.99999	0.99999	
2240.00	0.59783	0.99999	0.99999	0.99999	0.99999	
2250.00	0.59472	0.99999	0.99999	0.99999	0.99999	
2260.00	0.59516	0.99999	0.99999	0.99999	0.99999	
2270.00	0.59799	0.99999	0.99999	0.99999	0.99999	
2280.00	0.60606	0.99999	0.99999	0.99999	0.99999	
2290.00	0.58330	0.99999	0.99999	0.99999	0.99999	
2300.00	0.58242	0.99999	0.99999	0.99999	1.00000	
2310.00	0.58866	0.99999	0.99999	1.00000	1.00000	
2320.00	0.59226	0.99999	0.99999	1.00000	1.00000	
2330.00	0.58822	0.99999	0.99999	1.00000	1.00000	
2340.00	0.59136	0.99999	0.99999	1.00000	1.00000	
2350.00	0.58215	0.99999	0.99999	1.00000	1.00000	
2360.00	0.59036	0.99999	1.00000	1.00000	1.00000	
2370.00	0.59754	0.99999	1.00000	1.00000	1.00000	
2380.00	0.59742	0.99999	1.00000	1.00000	1.00000	
2390.00	0.58509	0.99999	1.00000	1.00000	1.00000	
2400.00	0.58450	0.99999	1.00000	1.00000	1.00000	
2410.00	0.58427	1.00000	1.00000	1.00000	1.00000	
2420.00	0.58715	1.00000	1.00000	1.00000	1.00000	
2430.00	0.59063	1.00000	1.00000	1.00000	1.00000	
2440.00	0.59918	1.00000	1.00000	1.00000	1.00000	
2450.00	0.60040	1.00000	1.00000	1.00000	1.00000	
2460.00	0.59883	1.00000	1.00000	1.00000	1.00000	
2470.00	0.59604	1.00000	1.00000	1.00000	1.00000	
2480.00	0.59353	1.00000	1.00000	1.00000	1.00000	
2490.00	0.58855	1.00000	1.00000	1.00000	1.00000	
2500.00	0.58903	1.00000	1.00000	1.00000	1.00000	
2510.00	0.58466	1.00000	1.00000	1.00000	1.00000	
2520.00	0.58712	1.00000	1.00000	1.00000	1.00000	
2530.00	0.58845	1.00000	1.00000	1.00000	1.00000	
2540.00	0.58040	1.00000	1.00000	1.00000	1.00000	
2550.00	0.58077	1.00000	1.00000	1.00000	1.00000	
2560.00	0.57617	1.00000	1.00000	1.00000	1.00000	
2570.00	0.58606	1.00000	1.00000	1.00000	1.00000	
2580.00	0.58751	1.00000	1.00000	1.00000	1.00000	
2590.00	0.58949	1.00000	1.00000	1.00000	1.00000	
2600.00	0.59502	1.00000	1.00000	1.00000	1.00000	
2610.00	0.59773	1.00000	1.00000	1.00000	1.00000	
2620.00	0.60377	1.00000	1.00000	1.00000	1.00000	
2630.00	0.59502	1.00000	1.00000	1.00000	1.00000	
2640.00	0.58491	1.00000	1.00000	1.00000	1.00000	
2650.00	0.58490	1.00000	1.00000	1.00000	1.00000	
2660.00	0.58481	1.00000	1.00000	1.00000	1.00000	
2670.00	0.57475	1.00000	1.00000	1.00000	1.00000	
2680.00	0.57585	1.00000	1.00000	1.00000	1.00000	
2690.00	0.57725	1.00000	1.00000	1.00000	1.00000	
2700.00	0.57607	1.00000	1.00000	1.00000	1.00000	
2710.00	0.57393	1.00000	1.00000	1.00000	1.00000	
2720.00	0.58260	1.00000	1.00000	1.00000	1.00000	
2730.00	0.58787	1.00000	1.00000	1.00000	1.00000	
2740.00	0.59053	1.00000	1.00000	1.00000	1.00000	
2750.00	0.59726	1.00000	1.00000	1.00000	1.00000	
2760.00	0.58762	1.00000	1.00000	1.00000	1.00000	
2770.00	0.58908	1.00000	1.00000	1.00000	1.00000	
2780.00	0.57688	1.00000	1.00000	1.00000	1.00000	
2790.00	0.58318	1.00000	1.00000	1.00000	1.00000	
2800.00	0.58519	1.00000	1.00000	1.00000	1.00000	
2810.00	0.58370	1.00000	1.00000	1.00000	1.00000	
2820.00	0.58427	1.00000	1.00000	1.00000	1.00000	
2830.00	0.58449	1.00000	1.00000	1.00000	1.00000	
2840.00	0.58764	1.00000	1.00000	1.00000	1.00000	
2850.00	0.58745	1.00000	1.00000	1.00000	1.00000	
2860.00	0.58297	1.00000	1.00000	1.00000	1.00000	
2870.00	0.58500	1.00000	1.00000	1.00000	1.00000	
2880.00	0.58484	1.00000	1.00000	1.00000	1.00000	
2890.00	0.57487	1.00000	1.00000	1.00000	1.00000	
2900.00	0.56323	1.00000	1.00000	1.00000	1.00000	
2910.00	0.56149	1.00000	1.00000	1.00000	1.00000	
2920.00	0.56631	1.00000	1.00000	1.00000	1.00000	
2930.00	0.56969	1.00000	1.00000	1.00000	1.00000	
2940.00	0.56885	1.00000	1.00000	1.00000	1.00000	
2950.00	0.57824	1.00000	1.00000	1.00000	1.00000	
2960.00	0.58801	1.00000	1.00000	1.00000	1.00000	
2970.00	0.59191	1.00000	1.00000	1.00000	1.00000	
2980.00	0.59498	1.00000	1.00000	1.00000	1.00000	
2990.00	0.60072	1.00000	1.00000	1.00000	1.00000	
3000.00	0.57076	1.00000	1.00000	1.00000	1.00000	
3010.00	0.57081	1.00000	1.00000	1.00000	1.00000	
3020.00	0.56801	1.00000	1.00000	1.00000	1.00000	
3030.00	0.57406	1.00000	1.00000	1.00000	1.00000	
3040.00	0.57604	1.00000	1.00000	1.00000	1.00000	
3050.00	0.57428	1.00000	1.00000	1.00000	1.00000	
3060.00	0.57937	1.00000	1.00000	1.00000	1.00000	
3070.00	0.57943	1.00000	1.00000	1.00000	1.00000	
3080.00	0.57830	1.00000	1.00000	1.00000	1.00000	
3090.00	0.58778	1.00000	1.00000	1.00000	1.00000	
3100.00	0.58499	1.00000	1.00000	1.00000	1.00000	
3110.00	0.59269	1.00000	1.00000	1.00000	1.00000	
3120.00	0.59696	1.00000	1.00000	1.00000	1.00000	
3130.00	0.59736	1.00000	1.00000	1.00000	1.00000	
3140.00	0.59394	1.00000	1.00000	1.00000	1.00000	
3150.00	0.59670	1.00000	1.00000	1.00000	1.00000	
3160.00	0.59303	1.00000	1.00000	1.00000	1.00000	
3170.00	0.58438	1.00000	1.00000	1.00000	1.00000	
3180.00	0.57024	1.00000	1.00000	1.00000	1.00000	
3190.00	0.56283	1.00000	1.00000	1.00000	1.00000	
3200.00	0.56404	1.00000	1.00000	1.00000	1.00000	
3210.00	0.56652	1.00000	1.00000	1.00000	1.00000	
3220.00	0.56703	1.00000	1.00000	1.00000	1.00000	
3230.00	0.56979	1.00000	1.00000	1.00000	1.00000	
3240.00	0.57834	1.00000	1.00000	1.00000	1.00000	
3250.00	0.58455	1.00000	1.00000	1.00000	1.00000	
3260.00	0.59295	1.00000	1.00000	1.00000	1.00000	
3270.00	0.59886	1.00000	1.00000	1.00000	1.00000	
3280.00	0.59582	1.00000	1.00000	1.00000	1.00000	
3290.00	0.59648	1.00000	1.00000	1.00000	1.00000	
3300.00	0.59061	1.00000	1.00000	1.00000	1.00000	
3310.00	0.58662	1.00000	1.00000	1.00000	1.00000	
3320.00	0.57886	1.00000	1.00000	1.00000	1.00000	
3330.00	0.56173	1.00000	1.00000	1.00000	1.00000	
3340.00	0.57182	1.00000	1.00000	1.00000	1.00000	
3350.00	0.58428	1.00000	1.00000	1.00000	1.00000	
3360.00	0.58740	1.00000	1.00000	1.00000	1.00000	
3370.00	0.58381	1.00000	1.00000	1.00000	1.00000	
3380.00	0.58554	1.00000	1.00000	1.00000	1.00000	
3390.00	0.59142	1.00000	1.00000	1.00000	1.00000	
3400.00	0.59380	1.00000	1.00000	1.00000	1.00000	
3410.00	0.58990	1.00000	1.00000	1.00000	1.00000	
3420.00	0.55535	1.00000	1.00000	1.00000	1.00000	
3430.00	0.56025	1.00000	1.00000	1.00000	1.00000	
3440.00	0.56913	1.00000	1.00000	1.00000	1.00000	
3450.00	0.56903	1.00000	1.00000	1.00000	1.00000	
3460.00	0.57785	1.00000	1.00000	1.00000	1.00000	
3470.00	0.58974	1.00000	1.00000	1.00000	1.00000	
3480.00	0.59168	1.00000	1.00000	1.00000	1.00000	
3490.00	0.59898	1.00000	1.00000	1.00000	1.00000	
3500.00	0.60415	1.00000	1.00000	1.00000	1.00000	
3510.00	0.59312	1.00000	1.00000	1.00000	1.00000	
3520.00	0.58504	1.00000	1.00000	1.00000	1.00000	
3530.00	0.57146	1.00000	1.00000	1.00000	1.00000	
3540.00	0.57175	1.00000	1.00000	1.00000	1.00000	
3550.00	0.57967	1.00000	1.00000	1.00000	1.00000	
3560.00	0.58030	1.00000	1.00000	1.00000	1.00000	
3570.00	0.58377	1.00000	1.00000	1.00000	1.00000	
3580.00	0.58353	1.00000	1.00000	1.00000	1.00000	
3590.00	0.58540	1.00000	1.00000	1.00000	1.00000	
3600.00	0.59178	1.00000	1.00000	1.00000	1.00000	
3610.00	0.58286	1.00000	1.00000	1.00000	1.00000	
3620.00	0.58477	1.00000	1.00000	1.00000	1.00000	
3630.00	0.58472	1.00000	1.00000	1.00000	1.00000	
3640.00	0.59424	1.00000	1.00000	1.00000	1.00000	
3650.00	0.59554	1.00000	1.00000	1.00000	1.00000	
3660.00	0.58564	1.00000	1.00000	1.00000	1.00000	
3670.00	0.58375	1.00000	1.00000	1.00000	1.00000	
3680.00	0.58037	1.00000	1.00000	1.00000	1.00000	
3690.00	0.57826	1.00000	1.00000	1.00000	1.00000	
3700.00	0.58196	1.00000	1.00000	1.00000	1.00000	
3710.00	0.57885	1.00000	1.00000	1.00000	1.00000	
3720.00	0.58596	1.00000	1.00000	1.00000	1.00000	
3730.00	0.58573	1.00000	1.00000	1.00000	1.00000	
3740.00	0.58502	1.00000	1.00000	1.00000	1.00000	
3750.00	0.58056	1.00000	1.00000	1.00000	1.00000	
3760.00	0.58191	1.00000	1.00000	1.00000	1.00000	
3770.00	0.58664	1.00000	1.00000	1.00000	1.00000	
3780.00	0.58869	1.00000	1.00000	1.00000	1.00000	
3790.00	0.58756	1.00000	1.00000	1.00000	1.00000	
3800.00	0.59378	1.00000	1.00000	1.00000	1.00000	
3810.00	0.58971	1.00000	1.00000	1.00000	1.00000	
3820.00	0.58340	1.00000	1.00000	1.00000	1.00000	
3830.00	0.58830	1.00000	1.00000	1.00000	1.00000	
3840.00	0.58288	1.00000	1.00000	1.00000	1.00000	
3850.00	0.58211	1.00000	1.00000	1.00000	1.00000	
3860.00	0.58163	1.00000	1.00000	1.00000	1.00000	
3870.00	0.59686	1.00000	1.00000	1.00000	1.00000	
3880.00	0.59077	1.00000	1.00000	1.00000	1.00000	
3890.00	0.59129	1.00000	1.00000	1.00000	1.00000	
3900.00	0.59072	1.00000	1.00000	1.00000	1.00000	
3910.00	0.56897	1.00000	1.00000	1.00000	1.00000	
3920.00	0.57113	1.00000	1.00000	1.00000	1.00000	
3930.00	0.56746	1.00000	1.00000	1.00000	1.00000	
3940.00	0.56766	1.00000	1.00000	1.00000	1.00000	
3950.00	0.56982	1.00000	1.00000	1.00000	1.00000	
3960.00	0.57643	1.00000	1.00000	1.00000	1.00000	
3970.00	0.58874	1.00000	1.00000	1.00000	1.00000	
3980.00	0.58196	1.00000	1.00000	1.00000	1.00000	
3990.00	0.59274	1.00000	1.00000	1.00000	1.00000	
4000.00	0.59891	1.00000	1.00000	1.00000	1.00000	
