10.00	0.99694	0.99603	0.99735	0.99619	0.99625	
20.00	0.99700	0.99622	0.99747	0.99637	0.99627	
30.00	0.99705	0.99613	0.99758	0.99644	0.99634	
40.00	0.99702	0.99625	0.99722	0.99645	0.99608	
50.00	0.99687	0.99619	0.99722	0.99654	0.99606	
60.00	0.99676	0.99594	0.99715	0.99666	0.99622	
70.00	0.99657	0.99547	0.99729	0.99649	0.99633	
80.00	0.99651	0.99514	0.99742	0.99655	0.99646	
90.00	0.99611	0.99530	0.99717	0.99648	0.99656	
100.00	0.99628	0.99548	0.99731	0.99613	0.99672	
110.00	0.99646	0.99559	0.99705	0.99630	0.99687	
120.00	0.99663	0.99552	0.99714	0.99648	0.99698	
130.00	0.99641	0.99570	0.99723	0.99652	0.99700	
140.00	0.99643	0.99579	0.99735	0.99660	0.99714	
150.00	0.99642	0.99583	0.99732	0.99674	0.99726	
160.00	0.99659	0.99570	0.99740	0.99674	0.99716	
170.00	0.99655	0.99552	0.99746	0.99673	0.99729	
180.00	0.99669	0.99560	0.99754	0.99636	0.99680	
190.00	0.99655	0.99577	0.99765	0.99635	0.99689	
200.00	0.99671	0.99568	0.99776	0.99640	0.99702	
210.00	0.99685	0.99589	0.99755	0.99657	0.99716	
220.00	0.99632	0.99587	0.99767	0.99674	0.99721	
230.00	0.99626	0.99570	0.99778	0.99643	0.99734	
240.00	0.99634	0.99549	0.99788	0.99659	0.99747	
250.00	0.99651	0.99553	0.99776	0.99670	0.99751	
260.00	0.99648	0.99498	0.99786	0.99685	0.99754	
270.00	0.99655	0.99503	0.99793	0.99652	0.99744	
280.00	0.99672	0.99500	0.99794	0.99626	0.99719	
290.00	0.99626	0.99525	0.99766	0.99645	0.99709	
300.00	0.99588	0.99536	0.99758	0.99639	0.99723	
310.00	0.99598	0.99495	0.99770	0.99653	0.99731	
320.00	0.99616	0.99516	0.99757	0.99629	0.99703	
330.00	0.99626	0.99440	0.99762	0.99646	0.99706	
340.00	0.99642	0.99418	0.99773	0.99662	0.99679	
350.00	0.99615	0.99427	0.99770	0.99678	0.99694	
360.00	0.99634	0.99445	0.99755	0.99692	0.99645	
370.00	0.99630	0.99472	0.99736	0.99704	0.99617	
380.00	0.99609	0.99443	0.99725	0.99718	0.99611	
390.00	0.99594	0.99437	0.99720	0.99727	0.99624	
400.00	0.99606	0.99461	0.99731	0.99715	0.99642	
410.00	0.99624	0.99487	0.99737	0.99677	0.99651	
420.00	0.99643	0.99499	0.99745	0.99664	0.99655	
430.00	0.99660	0.99513	0.99719	0.99651	0.99661	
440.00	0.99672	0.99537	0.99723	0.99661	0.99653	
450.00	0.99630	0.99558	0.99733	0.99661	0.99649	
460.00	0.99648	0.99534	0.99612	0.99634	0.99657	
470.00	0.99644	0.99548	0.99590	0.99645	0.99639	
480.00	0.99643	0.99570	0.99545	0.99653	0.99628	
490.00	0.99659	0.99591	0.99544	0.99622	0.99632	
500.00	0.99660	0.99610	0.99542	0.99622	0.99642	
510.00	0.99677	0.99615	0.99539	0.99625	0.99659	
520.00	0.99666	0.99618	0.99552	0.99638	0.99653	
530.00	0.99667	0.99632	0.99528	0.99656	0.99670	
540.00	0.99682	0.99632	0.99549	0.99672	0.99654	
550.00	0.99697	0.99597	0.99558	0.99664	0.99655	
560.00	0.99709	0.99610	0.99574	0.99667	0.99649	
570.00	0.99716	0.99622	0.99581	0.99662	0.99665	
580.00	0.99697	0.99629	0.99576	0.99660	0.99669	
590.00	0.99664	0.99647	0.99567	0.99676	0.99662	
600.00	0.99675	0.99655	0.99555	0.99666	0.99658	
610.00	0.99677	0.99634	0.99577	0.99638	0.99674	
620.00	0.99678	0.99645	0.99576	0.99611	0.99690	
630.00	0.99694	0.99662	0.99569	0.99606	0.99655	
640.00	0.99687	0.99649	0.99530	0.99624	0.99671	
650.00	0.99662	0.99665	0.99553	0.99636	0.99687	
660.00	0.99671	0.99659	0.99553	0.99630	0.99695	
670.00	0.99650	0.99654	0.99575	0.99641	0.99710	
680.00	0.99667	0.99669	0.99573	0.99652	0.99713	
690.00	0.99683	0.99669	0.99579	0.99668	0.99712	
700.00	0.99693	0.99675	0.99595	0.99680	0.99666	
710.00	0.99705	0.99690	0.99615	0.99676	0.99677	
720.00	0.99657	0.99696	0.99628	0.99689	0.99683	
730.00	0.99671	0.99711	0.99644	0.99681	0.99696	
740.00	0.99653	0.99723	0.99648	0.99680	0.99681	
750.00	0.99670	0.99665	0.99644	0.99681	0.99672	
760.00	0.99659	0.99674	0.99628	0.99692	0.99683	
770.00	0.99626	0.99664	0.99633	0.99675	0.99673	
780.00	0.99633	0.99679	0.99613	0.99686	0.99684	
790.00	0.99622	0.99652	0.99621	0.99701	0.99687	
800.00	0.99640	0.99649	0.99639	0.99690	0.99693	
810.00	0.99656	0.99618	0.99657	0.99682	0.99705	
820.00	0.99673	0.99585	0.99671	0.99681	0.99719	
830.00	0.99689	0.99605	0.99625	0.99693	0.99727	
840.00	0.99669	0.99623	0.99634	0.99707	0.99737	
850.00	0.99673	0.99611	0.99627	0.99712	0.99717	
860.00	0.99654	0.99591	0.99605	0.99692	0.99731	
870.00	0.99655	0.99602	0.99622	0.99702	0.99744	
880.00	0.99666	0.99621	0.99614	0.99714	0.99748	
890.00	0.99666	0.99639	0.99629	0.99709	0.99735	
900.00	0.99670	0.99656	0.99643	0.99711	0.99743	
910.00	0.99670	0.99640	0.99641	0.99713	0.99748	
920.00	0.99683	0.99620	0.99657	0.99720	0.99705	
930.00	0.99695	0.99638	0.99605	0.99716	0.99720	
940.00	0.99677	0.99617	0.99614	0.99729	0.99733	
950.00	0.99680	0.99633	0.99629	0.99717	0.99712	
960.00	0.99670	0.99642	0.99610	0.99724	0.99726	
970.00	0.99665	0.99640	0.99624	0.99671	0.99736	
980.00	0.99676	0.99657	0.99608	0.99680	0.99748	
990.00	0.99654	0.99642	0.99601	0.99692	0.99750	
1000.00	0.99669	0.99658	0.99620	0.99690	0.99762	
1010.00	0.99089	0.99652	0.99638	0.99705	0.99774	
1020.00	0.97787	0.99669	0.99656	0.99719	0.99785	
1030.00	0.94678	0.99685	0.99673	0.99733	0.99795	
1040.00	0.89742	0.99701	0.99689	0.99746	0.99805	
1050.00	0.84022	0.99715	0.99704	0.99758	0.99815	
1060.00	0.79298	0.99729	0.99718	0.99770	0.99824	
1070.00	0.74226	0.99743	0.99732	0.99781	0.99832	
1080.00	0.69780	0.99755	0.99745	0.99792	0.99840	
1090.00	0.65611	0.99767	0.99757	0.99802	0.99848	
1100.00	0.62150	0.99778	0.99769	0.99812	0.99856	
1110.00	0.59266	0.99789	0.99781	0.99821	0.99863	
1120.00	0.59845	0.99799	0.99791	0.99830	0.99869	
1130.00	0.61072	0.99809	0.99801	0.99838	0.99876	
1140.00	0.62256	0.99819	0.99811	0.99846	0.99882	
1150.00	0.63535	0.99827	0.99820	0.99853	0.99888	
1160.00	0.64982	0.99828	0.99829	0.99860	0.99888	
1170.00	0.66504	0.99831	0.99837	0.99855	0.99894	
1180.00	0.67971	0.99830	0.99845	0.99857	0.99898	
1190.00	0.69454	0.99826	0.99844	0.99864	0.99903	
1200.00	0.70924	0.99826	0.99850	0.99863	0.99908	
1210.00	0.72161	0.99828	0.99854	0.99869	0.99910	
1220.00	0.73380	0.99826	0.99850	0.99833	0.99911	
1230.00	0.74493	0.99830	0.99856	0.99826	0.99913	
1240.00	0.75570	0.99838	0.99863	0.99827	0.99886	
1250.00	0.76695	0.99846	0.99861	0.99810	0.99892	
1260.00	0.77752	0.99849	0.99865	0.99792	0.99883	
1270.00	0.78797	0.99832	0.99871	0.99803	0.99885	
1280.00	0.79755	0.99840	0.99850	0.99812	0.99888	
1290.00	0.80676	0.99845	0.99856	0.99799	0.99892	
1300.00	0.81443	0.99853	0.99861	0.99798	0.99895	
1310.00	0.82255	0.99855	0.99868	0.99807	0.99886	
1320.00	0.82988	0.99862	0.99874	0.99817	0.99868	
1330.00	0.83698	0.99849	0.99880	0.99803	0.99855	
1340.00	0.84297	0.99840	0.99886	0.99790	0.99861	
1350.00	0.84958	0.99846	0.99892	0.99800	0.99848	
1360.00	0.85490	0.99829	0.99897	0.99804	0.99849	
1370.00	0.86066	0.99832	0.99899	0.99787	0.99855	
1380.00	0.86563	0.99836	0.99892	0.99793	0.99862	
1390.00	0.87085	0.99844	0.99896	0.99800	0.99843	
1400.00	0.87575	0.99846	0.99901	0.99803	0.99806	
1410.00	0.88111	0.99834	0.99903	0.99812	0.99816	
1420.00	0.88396	0.99822	0.99906	0.99819	0.99815	
1430.00	0.88760	0.99807	0.99911	0.99789	0.99817	
1440.00	0.89108	0.99816	0.99914	0.99799	0.99809	
1450.00	0.89423	0.99803	0.99906	0.99791	0.99819	
1460.00	0.89646	0.99810	0.99910	0.99801	0.99807	
1470.00	0.89455	0.99819	0.99915	0.99758	0.99816	
1480.00	0.87527	0.99827	0.99919	0.99769	0.99825	
1490.00	0.81270	0.99836	0.99923	0.99781	0.99834	
1500.00	0.80180	0.99844	0.99927	0.99791	0.99842	
1510.00	0.78968	0.99851	0.99930	0.99802	0.99850	
1520.00	0.79115	0.99859	0.99934	0.99811	0.99857	
1530.00	0.79156	0.99866	0.99937	0.99820	0.99864	
1540.00	0.78655	0.99872	0.99940	0.99829	0.99857	
1550.00	0.78968	0.99878	0.99943	0.99837	0.99864	
1560.00	0.78952	0.99884	0.99944	0.99835	0.99870	
1570.00	0.79342	0.99890	0.99937	0.99843	0.99875	
1580.00	0.79977	0.99893	0.99940	0.99851	0.99881	
1590.00	0.80567	0.99887	0.99943	0.99832	0.99851	
1600.00	0.81118	0.99890	0.99934	0.99840	0.99859	
1610.00	0.81474	0.99896	0.99937	0.99848	0.99861	
1620.00	0.82096	0.99900	0.99940	0.99837	0.99858	
1630.00	0.82862	0.99905	0.99943	0.99827	0.99864	
1640.00	0.83526	0.99910	0.99945	0.99835	0.99871	
1650.00	0.84234	0.99914	0.99948	0.99842	0.99877	
1660.00	0.84734	0.99915	0.99941	0.99848	0.99877	
1670.00	0.85216	0.99919	0.99944	0.99848	0.99856	
1680.00	0.85874	0.99923	0.99946	0.99837	0.99863	
1690.00	0.86431	0.99926	0.99938	0.99835	0.99868	
1700.00	0.87007	0.99923	0.99935	0.99843	0.99870	
1710.00	0.87577	0.99927	0.99930	0.99851	0.99857	
1720.00	0.87836	0.99931	0.99934	0.99827	0.99864	
1730.00	0.88293	0.99892	0.99936	0.99824	0.99857	
1740.00	0.88654	0.99897	0.99934	0.99833	0.99837	
1750.00	0.89083	0.99898	0.99935	0.99822	0.99845	
1760.00	0.89556	0.99903	0.99938	0.99826	0.99852	
1770.00	0.89904	0.99908	0.99941	0.99831	0.99859	
1780.00	0.90232	0.99912	0.99944	0.99813	0.99866	
1790.00	0.90483	0.99917	0.99930	0.99822	0.99871	
1800.00	0.90797	0.99919	0.99929	0.99827	0.99877	
1810.00	0.90979	0.99922	0.99933	0.99823	0.99866	
1820.00	0.91129	0.99926	0.99936	0.99825	0.99872	
1830.00	0.91119	0.99930	0.99926	0.99828	0.99875	
1840.00	0.91320	0.99933	0.99924	0.99817	0.99881	
1850.00	0.91590	0.99935	0.99900	0.99826	0.99883	
1860.00	0.91929	0.99930	0.99890	0.99829	0.99889	
1870.00	0.92164	0.99895	0.99894	0.99838	0.99894	
1880.00	0.92526	0.99900	0.99886	0.99819	0.99899	
1890.00	0.92726	0.99888	0.99881	0.99828	0.99894	
1900.00	0.92876	0.99892	0.99883	0.99795	0.99881	
1910.00	0.93102	0.99894	0.99888	0.99804	0.99863	
1920.00	0.93232	0.99899	0.99888	0.99814	0.99860	
1930.00	0.93490	0.99879	0.99847	0.99823	0.99848	
1940.00	0.93507	0.99883	0.99853	0.99804	0.99855	
1950.00	0.93528	0.99889	0.99860	0.99814	0.99862	
1960.00	0.93112	0.99873	0.99867	0.99821	0.99869	
1970.00	0.81352	0.99879	0.99847	0.99830	0.99875	
1980.00	0.77257	0.99885	0.99855	0.99838	0.99881	
1990.00	0.76569	0.99891	0.99862	0.99846	0.99887	
2000.00	0.76189	0.99896	0.99869	0.99854	0.99893	
2010.00	0.76141	0.99901	0.99875	0.99861	0.99898	
2020.00	0.75810	0.99906	0.99881	0.99865	0.99903	
2030.00	0.76188	0.99911	0.99887	0.99871	0.99908	
2040.00	0.76659	0.99915	0.99892	0.99878	0.99912	
2050.00	0.77458	0.99919	0.99860	0.99883	0.99916	
2060.00	0.78420	0.99905	0.99836	0.99887	0.99895	
2070.00	0.79326	0.99899	0.99838	0.99893	0.99893	
2080.00	0.80234	0.99874	0.99845	0.99889	0.99899	
2090.00	0.81010	0.99849	0.99851	0.99894	0.99904	
2100.00	0.81646	0.99857	0.99853	0.99893	0.99906	
2110.00	0.82173	0.99859	0.99856	0.99899	0.99911	
2120.00	0.82937	0.99865	0.99863	0.99895	0.99915	
2130.00	0.83627	0.99871	0.99869	0.99885	0.99911	
2140.00	0.84219	0.99870	0.99875	0.99867	0.99915	
2150.00	0.84858	0.99876	0.99867	0.99871	0.99902	
2160.00	0.85555	0.99828	0.99846	0.99848	0.99906	
2170.00	0.86216	0.99835	0.99834	0.99856	0.99910	
2180.00	0.86822	0.99800	0.99825	0.99822	0.99915	
2190.00	0.87422	0.99795	0.99831	0.99830	0.99919	
2200.00	0.88002	0.99805	0.99823	0.99839	0.99884	
2210.00	0.88479	0.99812	0.99832	0.99846	0.99880	
2220.00	0.89007	0.99801	0.99820	0.99854	0.99872	
2230.00	0.89490	0.99786	0.99828	0.99833	0.99852	
2240.00	0.89891	0.99797	0.99819	0.99837	0.99859	
2250.00	0.90289	0.99804	0.99828	0.99843	0.99866	
2260.00	0.90662	0.99813	0.99825	0.99850	0.99860	
2270.00	0.91053	0.99781	0.99829	0.99857	0.99833	
2280.00	0.91186	0.99792	0.99837	0.99844	0.99839	
2290.00	0.91378	0.99802	0.99815	0.99839	0.99845	
2300.00	0.91670	0.99807	0.99798	0.99833	0.99853	
2310.00	0.91835	0.99781	0.99808	0.99836	0.99860	
2320.00	0.91974	0.99791	0.99814	0.99844	0.99867	
2330.00	0.88337	0.99801	0.99822	0.99851	0.99873	
2340.00	0.76524	0.99811	0.99831	0.99859	0.99880	
2350.00	0.76321	0.99820	0.99839	0.99866	0.99885	
2360.00	0.75854	0.99829	0.99847	0.99872	0.99891	
2370.00	0.76043	0.99837	0.99854	0.99878	0.99896	
2380.00	0.75534	0.99845	0.99862	0.99884	0.99901	
2390.00	0.75819	0.99853	0.99868	0.99889	0.99906	
2400.00	0.76274	0.99860	0.99875	0.99895	0.99911	
2410.00	0.77037	0.99866	0.99869	0.99891	0.99914	
2420.00	0.77566	0.99873	0.99873	0.99879	0.99918	
2430.00	0.78377	0.99879	0.99874	0.99883	0.99922	
2440.00	0.79239	0.99885	0.99880	0.99774	0.99918	
2450.00	0.80203	0.99864	0.99885	0.99785	0.99920	
2460.00	0.80742	0.99850	0.99891	0.99795	0.99912	
2470.00	0.81624	0.99847	0.99889	0.99805	0.99915	
2480.00	0.82243	0.99854	0.99894	0.99815	0.99891	
2490.00	0.82920	0.99852	0.99898	0.99821	0.99881	
2500.00	0.83611	0.99848	0.99874	0.99812	0.99884	
2510.00	0.84148	0.99839	0.99880	0.99815	0.99885	
2520.00	0.84381	0.99847	0.99886	0.99793	0.99890	
2530.00	0.84691	0.99837	0.99891	0.99799	0.99875	
2540.00	0.84978	0.99818	0.99895	0.99807	0.99850	
2550.00	0.85594	0.99826	0.99899	0.99811	0.99857	
2560.00	0.85949	0.99826	0.99904	0.99819	0.99864	
2570.00	0.86307	0.99834	0.99909	0.99822	0.99871	
2580.00	0.86727	0.99842	0.99911	0.99794	0.99877	
2590.00	0.86499	0.99849	0.99900	0.99800	0.99882	
2600.00	0.81204	0.99856	0.99905	0.99809	0.99888	
2610.00	0.74275	0.99863	0.99910	0.99819	0.99894	
2620.00	0.73326	0.99870	0.99914	0.99828	0.99899	
2630.00	0.72511	0.99876	0.99918	0.99836	0.99904	
2640.00	0.72520	0.99882	0.99922	0.99844	0.99908	
2650.00	0.72542	0.99888	0.99926	0.99852	0.99913	
2660.00	0.72924	0.99893	0.99930	0.99834	0.99917	
2670.00	0.73185	0.99890	0.99933	0.99835	0.99921	
2680.00	0.74130	0.99892	0.99933	0.99843	0.99924	
2690.00	0.74729	0.99897	0.99937	0.99812	0.99927	
2700.00	0.75686	0.99886	0.99938	0.99819	0.99927	
2710.00	0.76319	0.99892	0.99940	0.99828	0.99906	
2720.00	0.76987	0.99894	0.99940	0.99836	0.99911	
2730.00	0.77777	0.99899	0.99943	0.99838	0.99915	
2740.00	0.78544	0.99904	0.99929	0.99835	0.99919	
2750.00	0.79176	0.99909	0.99933	0.99833	0.99916	
2760.00	0.80036	0.99913	0.99936	0.99841	0.99900	
2770.00	0.80843	0.99902	0.99935	0.99849	0.99894	
2780.00	0.81614	0.99906	0.99908	0.99856	0.99889	
2790.00	0.82374	0.99911	0.99851	0.99856	0.99893	
2800.00	0.83005	0.99915	0.99823	0.99862	0.99886	
2810.00	0.83677	0.99905	0.99799	0.99866	0.99891	
2820.00	0.84405	0.99884	0.99773	0.99854	0.99896	
2830.00	0.85012	0.99890	0.99753	0.99861	0.99901	
2840.00	0.85611	0.99889	0.99764	0.99863	0.99906	
2850.00	0.86228	0.99892	0.99774	0.99868	0.99907	
2860.00	0.86729	0.99876	0.99784	0.99825	0.99908	
2870.00	0.87357	0.99836	0.99737	0.99810	0.99906	
2880.00	0.87916	0.99831	0.99750	0.99817	0.99910	
2890.00	0.88379	0.99840	0.99761	0.99825	0.99914	
2900.00	0.88871	0.99847	0.99731	0.99833	0.99914	
2910.00	0.89329	0.99850	0.99671	0.99841	0.99918	
2920.00	0.89669	0.99840	0.99680	0.99845	0.99916	
2930.00	0.89988	0.99844	0.99695	0.99839	0.99892	
2940.00	0.90299	0.99851	0.99707	0.99833	0.99897	
2950.00	0.90528	0.99820	0.99720	0.99841	0.99888	
2960.00	0.90069	0.99829	0.99733	0.99848	0.99889	
2970.00	0.73802	0.99838	0.99746	0.99856	0.99895	
2980.00	0.74129	0.99845	0.99759	0.99863	0.99900	
2990.00	0.74326	0.99853	0.99770	0.99870	0.99905	
3000.00	0.74050	0.99860	0.99782	0.99876	0.99909	
3010.00	0.73964	0.99867	0.99792	0.99882	0.99914	
3020.00	0.74246	0.99873	0.99802	0.99888	0.99918	
3030.00	0.74037	0.99875	0.99812	0.99893	0.99922	
3040.00	0.74702	0.99881	0.99821	0.99880	0.99926	
3050.00	0.75470	0.99886	0.99828	0.99886	0.99929	
3060.00	0.76426	0.99880	0.99835	0.99891	0.99931	
3070.00	0.77207	0.99886	0.99842	0.99897	0.99932	
3080.00	0.77977	0.99891	0.99848	0.99902	0.99921	
3090.00	0.78744	0.99896	0.99855	0.99906	0.99909	
3100.00	0.79419	0.99900	0.99862	0.99909	0.99913	
3110.00	0.80121	0.99903	0.99868	0.99907	0.99917	
3120.00	0.80708	0.99908	0.99875	0.99912	0.99920	
3130.00	0.81352	0.99893	0.99881	0.99914	0.99924	
3140.00	0.82076	0.99877	0.99887	0.99876	0.99927	
3150.00	0.82611	0.99883	0.99880	0.99876	0.99930	
3160.00	0.83322	0.99888	0.99886	0.99868	0.99919	
3170.00	0.83956	0.99889	0.99891	0.99874	0.99913	
3180.00	0.84587	0.99882	0.99896	0.99875	0.99917	
3190.00	0.85088	0.99884	0.99901	0.99881	0.99921	
3200.00	0.85695	0.99882	0.99894	0.99886	0.99914	
3210.00	0.86249	0.99888	0.99879	0.99886	0.99892	
3220.00	0.86898	0.99893	0.99869	0.99884	0.99879	
3230.00	0.87429	0.99884	0.99875	0.99889	0.99878	
3240.00	0.87813	0.99888	0.99873	0.99892	0.99853	
3250.00	0.88281	0.99893	0.99879	0.99897	0.99843	
3260.00	0.88766	0.99898	0.99882	0.99902	0.99850	
3270.00	0.89132	0.99889	0.99848	0.99901	0.99855	
3280.00	0.89468	0.99885	0.99854	0.99885	0.99861	
3290.00	0.89831	0.99882	0.99861	0.99891	0.99852	
3300.00	0.90235	0.99872	0.99857	0.99874	0.99848	
3310.00	0.90543	0.99852	0.99864	0.99880	0.99833	
3320.00	0.90853	0.99850	0.99870	0.99886	0.99842	
3330.00	0.91245	0.99824	0.99852	0.99875	0.99839	
3340.00	0.91539	0.99822	0.99843	0.99860	0.99832	
3350.00	0.91855	0.99829	0.99824	0.99857	0.99840	
3360.00	0.92243	0.99836	0.99823	0.99827	0.99834	
3370.00	0.92547	0.99836	0.99831	0.99797	0.99842	
3380.00	0.92776	0.99824	0.99799	0.99805	0.99829	
3390.00	0.93047	0.99789	0.99809	0.99789	0.99826	
3400.00	0.93226	0.99796	0.99801	0.99800	0.99834	
3410.00	0.93426	0.99804	0.99801	0.99773	0.99827	
3420.00	0.93682	0.99800	0.99764	0.99780	0.99835	
3430.00	0.93648	0.99809	0.99738	0.99766	0.99843	
3440.00	0.82916	0.99819	0.99751	0.99777	0.99851	
3450.00	0.77973	0.99828	0.99763	0.99788	0.99858	
3460.00	0.77730	0.99836	0.99774	0.99798	0.99865	
3470.00	0.76929	0.99844	0.99785	0.99808	0.99871	
3480.00	0.76279	0.99852	0.99796	0.99818	0.99878	
3490.00	0.75582	0.99859	0.99806	0.99826	0.99884	
3500.00	0.75689	0.99866	0.99815	0.99827	0.99889	
3510.00	0.75721	0.99868	0.99824	0.99835	0.99890	
3520.00	0.76276	0.99875	0.99833	0.99843	0.99895	
3530.00	0.76709	0.99879	0.99841	0.99845	0.99900	
3540.00	0.77513	0.99877	0.99832	0.99852	0.99899	
3550.00	0.78338	0.99865	0.99830	0.99829	0.99904	
3560.00	0.79246	0.99871	0.99835	0.99837	0.99909	
3570.00	0.80143	0.99878	0.99839	0.99841	0.99902	
3580.00	0.80894	0.99884	0.99839	0.99847	0.99852	
3590.00	0.81751	0.99885	0.99836	0.99817	0.99859	
3600.00	0.82513	0.99890	0.99844	0.99823	0.99848	
3610.00	0.83204	0.99894	0.99824	0.99827	0.99856	
3620.00	0.83941	0.99894	0.99803	0.99831	0.99847	
3630.00	0.84574	0.99872	0.99811	0.99833	0.99850	
3640.00	0.85018	0.99871	0.99820	0.99792	0.99857	
3650.00	0.85463	0.99872	0.99821	0.99803	0.99864	
3660.00	0.85912	0.99878	0.99830	0.99806	0.99855	
3670.00	0.86368	0.99870	0.99838	0.99814	0.99856	
3680.00	0.86750	0.99877	0.99841	0.99823	0.99863	
3690.00	0.87006	0.99846	0.99835	0.99830	0.99869	
3700.00	0.86880	0.99836	0.99843	0.99830	0.99874	
3710.00	0.85402	0.99844	0.99850	0.99839	0.99876	
3720.00	0.71498	0.99851	0.99858	0.99846	0.99882	
3730.00	0.70868	0.99859	0.99865	0.99854	0.99887	
3740.00	0.70865	0.99866	0.99871	0.99861	0.99893	
3750.00	0.70242	0.99872	0.99877	0.99868	0.99898	
3760.00	0.70563	0.99878	0.99883	0.99874	0.99903	
3770.00	0.70829	0.99884	0.99889	0.99880	0.99908	
3780.00	0.71492	0.99890	0.99895	0.99886	0.99912	
3790.00	0.72630	0.99895	0.99894	0.99892	0.99902	
3800.00	0.73600	0.99889	0.99897	0.99897	0.99907	
3810.00	0.74606	0.99894	0.99851	0.99901	0.99910	
3820.00	0.75444	0.99887	0.99855	0.99906	0.99896	
3830.00	0.76543	0.99891	0.99856	0.99910	0.99899	
3840.00	0.77661	0.99877	0.99863	0.99915	0.99898	
3850.00	0.78622	0.99880	0.99844	0.99911	0.99896	
3860.00	0.79528	0.99886	0.99849	0.99877	0.99899	
3870.00	0.80461	0.99891	0.99856	0.99844	0.99890	
3880.00	0.81353	0.99896	0.99862	0.99845	0.99895	
3890.00	0.82125	0.99900	0.99859	0.99849	0.99900	
3900.00	0.82918	0.99905	0.99863	0.99854	0.99872	
3910.00	0.83621	0.99908	0.99870	0.99859	0.99878	
3920.00	0.84290	0.99912	0.99853	0.99820	0.99880	
3930.00	0.84977	0.99915	0.99859	0.99757	0.99883	
3940.00	0.85622	0.99917	0.99866	0.99769	0.99880	
3950.00	0.86221	0.99921	0.99872	0.99752	0.99883	
3960.00	0.86680	0.99899	0.99860	0.99764	0.99889	
3970.00	0.87297	0.99903	0.99867	0.99776	0.99892	
3980.00	0.87775	0.99906	0.99874	0.99785	0.99897	
3990.00	0.88316	0.99900	0.99865	0.99785	0.99884	
4000.00	0.88706	0.99900	0.99872	0.99796	0.99889	
