10.00	0.99919	0.99900	0.99856	0.99934	0.99911	
20.00	0.99923	0.99870	0.99863	0.99937	0.99915	
30.00	0.99927	0.99876	0.99865	0.99940	0.99919	
40.00	0.99930	0.99881	0.99871	0.99943	0.99922	
50.00	0.99934	0.99880	0.99871	0.99946	0.99925	
60.00	0.99937	0.99878	0.99855	0.99936	0.99928	
70.00	0.99940	0.99884	0.99855	0.99939	0.99930	
80.00	0.99942	0.99890	0.99851	0.99942	0.99933	
90.00	0.99926	0.99895	0.99854	0.99945	0.99935	
100.00	0.99927	0.99900	0.99861	0.99947	0.99933	
110.00	0.99930	0.99904	0.99868	0.99949	0.99936	
120.00	0.99934	0.99908	0.99874	0.99952	0.99938	
130.00	0.99937	0.99907	0.99863	0.99951	0.99941	
140.00	0.99940	0.99911	0.99843	0.99954	0.99941	
150.00	0.99942	0.99915	0.99851	0.99949	0.99941	
160.00	0.99945	0.99900	0.99858	0.99950	0.99944	
170.00	0.99948	0.99894	0.99861	0.99950	0.99941	
180.00	0.99950	0.99899	0.99866	0.99951	0.99920	
190.00	0.99944	0.99876	0.99872	0.99913	0.99895	
200.00	0.99940	0.99882	0.99879	0.99917	0.99895	
210.00	0.99940	0.99888	0.99884	0.99921	0.99892	
220.00	0.99943	0.99893	0.99889	0.99925	0.99858	
230.00	0.99942	0.99898	0.99893	0.99927	0.99864	
240.00	0.99934	0.99903	0.99899	0.99930	0.99844	
250.00	0.99924	0.99908	0.99885	0.99934	0.99852	
260.00	0.99927	0.99912	0.99879	0.99937	0.99841	
270.00	0.99930	0.99917	0.99867	0.99935	0.99848	
280.00	0.99934	0.99921	0.99864	0.99938	0.99855	
290.00	0.99937	0.99923	0.99858	0.99933	0.99828	
300.00	0.99940	0.99926	0.99865	0.99937	0.99837	
310.00	0.99942	0.99925	0.99871	0.99940	0.99845	
320.00	0.99931	0.99928	0.99878	0.99943	0.99852	
330.00	0.99913	0.99930	0.99883	0.99941	0.99859	
340.00	0.99917	0.99932	0.99888	0.99943	0.99866	
350.00	0.99921	0.99935	0.99864	0.99946	0.99851	
360.00	0.99916	0.99934	0.99851	0.99945	0.99859	
370.00	0.99904	0.99928	0.99843	0.99934	0.99856	
380.00	0.99885	0.99922	0.99831	0.99937	0.99863	
390.00	0.99890	0.99925	0.99839	0.99940	0.99842	
400.00	0.99896	0.99927	0.99839	0.99943	0.99837	
410.00	0.99883	0.99918	0.99847	0.99946	0.99842	
420.00	0.99889	0.99917	0.99854	0.99942	0.99849	
430.00	0.99894	0.99921	0.99859	0.99929	0.99846	
440.00	0.99898	0.99924	0.99859	0.99932	0.99853	
450.00	0.99903	0.99927	0.99866	0.99935	0.99860	
460.00	0.99885	0.99931	0.99872	0.99938	0.99867	
470.00	0.99891	0.99934	0.99875	0.99931	0.99874	
480.00	0.99896	0.99902	0.99880	0.99925	0.99867	
490.00	0.99889	0.99891	0.99883	0.99928	0.99873	
500.00	0.99879	0.99893	0.99887	0.99932	0.99874	
510.00	0.99885	0.99898	0.99888	0.99935	0.99878	
520.00	0.99869	0.99903	0.99893	0.99938	0.99884	
530.00	0.99860	0.99904	0.99898	0.99941	0.99888	
540.00	0.99866	0.99909	0.99854	0.99944	0.99892	
550.00	0.99856	0.99910	0.99859	0.99947	0.99897	
560.00	0.99858	0.99915	0.99834	0.99950	0.99902	
570.00	0.99865	0.99901	0.99841	0.99936	0.99907	
580.00	0.99858	0.99904	0.99849	0.99934	0.99912	
590.00	0.99828	0.99909	0.99855	0.99937	0.99909	
600.00	0.99836	0.99912	0.99862	0.99940	0.99902	
610.00	0.99839	0.99901	0.99869	0.99920	0.99907	
620.00	0.99846	0.99906	0.99875	0.99916	0.99906	
630.00	0.99828	0.99901	0.99881	0.99916	0.99911	
640.00	0.99810	0.99905	0.99887	0.99917	0.99915	
650.00	0.99819	0.99909	0.99892	0.99881	0.99919	
660.00	0.99815	0.99914	0.99897	0.99886	0.99923	
670.00	0.99824	0.99910	0.99885	0.99837	0.99915	
680.00	0.99832	0.99902	0.99891	0.99845	0.99919	
690.00	0.99841	0.99907	0.99896	0.99852	0.99919	
700.00	0.99848	0.99911	0.99901	0.99859	0.99918	
710.00	0.99838	0.99916	0.99906	0.99866	0.99921	
720.00	0.99845	0.99919	0.99910	0.99872	0.99925	
730.00	0.99852	0.99923	0.99889	0.99878	0.99928	
740.00	0.99859	0.99907	0.99882	0.99884	0.99932	
750.00	0.99862	0.99911	0.99886	0.99879	0.99935	
760.00	0.99865	0.99916	0.99891	0.99883	0.99938	
770.00	0.99860	0.99920	0.99896	0.99887	0.99941	
780.00	0.99789	0.99924	0.99900	0.99893	0.99944	
790.00	0.99800	0.99927	0.99898	0.99898	0.99947	
800.00	0.99809	0.99931	0.99903	0.99902	0.99938	
810.00	0.99819	0.99934	0.99879	0.99907	0.99941	
820.00	0.99828	0.99932	0.99876	0.99911	0.99944	
830.00	0.99836	0.99936	0.99865	0.99916	0.99945	
840.00	0.99843	0.99939	0.99867	0.99904	0.99948	
850.00	0.99819	0.99941	0.99874	0.99880	0.99950	
860.00	0.99828	0.99944	0.99871	0.99880	0.99953	
870.00	0.99777	0.99947	0.99877	0.99886	0.99955	
880.00	0.99783	0.99949	0.99883	0.99890	0.99957	
890.00	0.99794	0.99951	0.99870	0.99879	0.99959	
900.00	0.99804	0.99952	0.99862	0.99885	0.99961	
910.00	0.99813	0.99955	0.99846	0.99891	0.99958	
920.00	0.99800	0.99957	0.99846	0.99896	0.99956	
930.00	0.99810	0.99959	0.99852	0.99901	0.99958	
940.00	0.99819	0.99953	0.99852	0.99900	0.99958	
950.00	0.99828	0.99956	0.99858	0.99901	0.99959	
960.00	0.99836	0.99958	0.99852	0.99894	0.99961	
970.00	0.99844	0.99936	0.99855	0.99874	0.99963	
980.00	0.99852	0.99931	0.99862	0.99880	0.99965	
990.00	0.99859	0.99922	0.99868	0.99884	0.99944	
1000.00	0.99866	0.99926	0.99875	0.99884	0.99947	
1010.00	0.99827	0.99929	0.99881	0.99889	0.99950	
1020.00	0.99251	0.99933	0.99887	0.99894	0.99952	
1030.00	0.98599	0.99936	0.99892	0.99899	0.99954	
1040.00	0.96848	0.99939	0.99898	0.99904	0.99957	
1050.00	0.94930	0.99942	0.99903	0.99909	0.99959	
1060.00	0.94745	0.99945	0.99907	0.99913	0.99961	
1070.00	0.94690	0.99948	0.99912	0.99918	0.99963	
1080.00	0.94394	0.99950	0.99916	0.99922	0.99964	
1090.00	0.94378	0.99953	0.99920	0.99926	0.99966	
1100.00	0.94056	0.99955	0.99924	0.99929	0.99968	
1110.00	0.93585	0.99957	0.99928	0.99933	0.99969	
1120.00	0.93327	0.99959	0.99931	0.99936	0.99971	
1130.00	0.93062	0.99961	0.99934	0.99939	0.99972	
1140.00	0.92906	0.99963	0.99938	0.99942	0.99974	
1150.00	0.92574	0.99965	0.99941	0.99945	0.99975	
1160.00	0.92611	0.99967	0.99943	0.99947	0.99976	
1170.00	0.92510	0.99968	0.99946	0.99950	0.99977	
1180.00	0.92354	0.99970	0.99949	0.99953	0.99978	
1190.00	0.92326	0.99971	0.99951	0.99955	0.99979	
1200.00	0.92167	0.99973	0.99954	0.99957	0.99980	
1210.00	0.92011	0.99974	0.99956	0.99959	0.99980	
1220.00	0.92179	0.99975	0.99958	0.99961	0.99981	
1230.00	0.92329	0.99976	0.99960	0.99953	0.99982	
1240.00	0.92398	0.99977	0.99962	0.99953	0.99983	
1250.00	0.92637	0.99977	0.99964	0.99943	0.99983	
1260.00	0.92906	0.99978	0.99966	0.99946	0.99984	
1270.00	0.93136	0.99979	0.99967	0.99948	0.99983	
1280.00	0.93296	0.99980	0.99966	0.99951	0.99984	
1290.00	0.93339	0.99981	0.99968	0.99953	0.99985	
1300.00	0.93255	0.99982	0.99969	0.99955	0.99986	
1310.00	0.93117	0.99980	0.99971	0.99953	0.99986	
1320.00	0.92944	0.99981	0.99972	0.99955	0.99987	
1330.00	0.92730	0.99982	0.99974	0.99957	0.99988	
1340.00	0.92427	0.99982	0.99975	0.99959	0.99988	
1350.00	0.92041	0.99983	0.99976	0.99961	0.99989	
1360.00	0.91494	0.99984	0.99977	0.99963	0.99989	
1370.00	0.90936	0.99985	0.99978	0.99965	0.99990	
1380.00	0.90404	0.99986	0.99979	0.99967	0.99990	
1390.00	0.90493	0.99986	0.99980	0.99968	0.99991	
1400.00	0.89858	0.99987	0.99981	0.99970	0.99991	
1410.00	0.89346	0.99988	0.99982	0.99971	0.99992	
1420.00	0.88636	0.99988	0.99983	0.99973	0.99992	
1430.00	0.88284	0.99989	0.99984	0.99974	0.99992	
1440.00	0.88142	0.99989	0.99985	0.99975	0.99993	
1450.00	0.87771	0.99990	0.99986	0.99977	0.99993	
1460.00	0.86931	0.99990	0.99986	0.99978	0.99993	
1470.00	0.86086	0.99991	0.99987	0.99979	0.99994	
1480.00	0.85952	0.99991	0.99988	0.99980	0.99994	
1490.00	0.85536	0.99992	0.99988	0.99981	0.99994	
1500.00	0.85110	0.99992	0.99989	0.99982	0.99995	
1510.00	0.85179	0.99993	0.99989	0.99983	0.99995	
1520.00	0.84732	0.99993	0.99990	0.99984	0.99995	
1530.00	0.84556	0.99993	0.99990	0.99984	0.99995	
1540.00	0.83924	0.99994	0.99991	0.99985	0.99996	
1550.00	0.83695	0.99994	0.99991	0.99986	0.99996	
1560.00	0.83099	0.99994	0.99992	0.99986	0.99996	
1570.00	0.82817	0.99994	0.99992	0.99987	0.99996	
1580.00	0.81847	0.99995	0.99992	0.99988	0.99996	
1590.00	0.81649	0.99995	0.99993	0.99988	0.99997	
1600.00	0.81580	0.99995	0.99993	0.99989	0.99997	
1610.00	0.80652	0.99995	0.99993	0.99989	0.99997	
1620.00	0.80755	0.99996	0.99994	0.99990	0.99997	
1630.00	0.81017	0.99996	0.99994	0.99991	0.99997	
1640.00	0.80890	0.99996	0.99994	0.99991	0.99997	
1650.00	0.80844	0.99996	0.99995	0.99991	0.99998	
1660.00	0.80592	0.99996	0.99995	0.99992	0.99998	
1670.00	0.80444	0.99997	0.99995	0.99992	0.99998	
1680.00	0.79456	0.99997	0.99995	0.99993	0.99998	
1690.00	0.79675	0.99997	0.99996	0.99993	0.99998	
1700.00	0.79838	0.99997	0.99996	0.99993	0.99998	
1710.00	0.79870	0.99997	0.99996	0.99994	0.99998	
1720.00	0.78078	0.99997	0.99996	0.99994	0.99998	
1730.00	0.77834	0.99998	0.99996	0.99994	0.99998	
1740.00	0.77466	0.99998	0.99997	0.99995	0.99998	
1750.00	0.77701	0.99998	0.99997	0.99995	0.99998	
1760.00	0.77090	0.99998	0.99997	0.99995	0.99999	
1770.00	0.76623	0.99998	0.99997	0.99995	0.99999	
1780.00	0.76431	0.99998	0.99997	0.99996	0.99999	
1790.00	0.76439	0.99998	0.99997	0.99996	0.99999	
1800.00	0.75586	0.99998	0.99997	0.99996	0.99999	
1810.00	0.75341	0.99998	0.99998	0.99996	0.99999	
1820.00	0.75320	0.99998	0.99998	0.99996	0.99999	
1830.00	0.75546	0.99999	0.99998	0.99997	0.99999	
1840.00	0.75367	0.99999	0.99998	0.99997	0.99999	
1850.00	0.75235	0.99999	0.99998	0.99997	0.99999	
1860.00	0.75627	0.99999	0.99998	0.99997	0.99999	
1870.00	0.75150	0.99999	0.99998	0.99997	0.99999	
1880.00	0.75438	0.99999	0.99998	0.99997	0.99999	
1890.00	0.74547	0.99999	0.99998	0.99997	0.99999	
1900.00	0.74586	0.99999	0.99998	0.99998	0.99999	
1910.00	0.74346	0.99999	0.99999	0.99998	0.99999	
1920.00	0.73298	0.99999	0.99999	0.99998	0.99999	
1930.00	0.72954	0.99999	0.99999	0.99998	0.99999	
1940.00	0.73202	0.99999	0.99999	0.99998	0.99999	
1950.00	0.73659	0.99999	0.99999	0.99998	0.99999	
1960.00	0.73055	0.99999	0.99999	0.99998	0.99999	
1970.00	0.72850	0.99999	0.99999	0.99998	0.99999	
1980.00	0.72852	0.99999	0.99999	0.99998	1.00000	
1990.00	0.72599	0.99999	0.99999	0.99998	1.00000	
2000.00	0.72734	0.99999	0.99999	0.99999	1.00000	
2010.00	0.72213	0.99999	0.99999	0.99999	1.00000	
2020.00	0.72648	0.99999	0.99999	0.99999	1.00000	
2030.00	0.72362	0.99999	0.99999	0.99999	1.00000	
2040.00	0.71328	0.99999	0.99999	0.99999	1.00000	
2050.00	0.71144	1.00000	0.99999	0.99999	1.00000	
2060.00	0.71270	1.00000	0.99999	0.99999	1.00000	
2070.00	0.71727	1.00000	0.99999	0.99999	1.00000	
2080.00	0.72046	1.00000	0.99999	0.99999	1.00000	
2090.00	0.72238	1.00000	0.99999	0.99999	1.00000	
2100.00	0.71339	1.00000	0.99999	0.99999	1.00000	
2110.00	0.69831	1.00000	0.99999	0.99999	1.00000	
2120.00	0.69979	1.00000	1.00000	0.99999	1.00000	
2130.00	0.70125	1.00000	1.00000	0.99999	1.00000	
2140.00	0.70312	1.00000	1.00000	0.99999	1.00000	
2150.00	0.69897	1.00000	1.00000	0.99999	1.00000	
2160.00	0.70272	1.00000	1.00000	0.99999	1.00000	
2170.00	0.70060	1.00000	1.00000	0.99999	1.00000	
2180.00	0.69868	1.00000	1.00000	0.99999	1.00000	
2190.00	0.69639	1.00000	1.00000	0.99999	1.00000	
2200.00	0.69787	1.00000	1.00000	0.99999	1.00000	
2210.00	0.69343	1.00000	1.00000	0.99999	1.00000	
2220.00	0.69311	1.00000	1.00000	1.00000	1.00000	
2230.00	0.69328	1.00000	1.00000	1.00000	1.00000	
2240.00	0.69644	1.00000	1.00000	1.00000	1.00000	
2250.00	0.69431	1.00000	1.00000	1.00000	1.00000	
2260.00	0.68675	1.00000	1.00000	1.00000	1.00000	
2270.00	0.69046	1.00000	1.00000	1.00000	1.00000	
2280.00	0.68910	1.00000	1.00000	1.00000	1.00000	
2290.00	0.68158	1.00000	1.00000	1.00000	1.00000	
2300.00	0.68530	1.00000	1.00000	1.00000	1.00000	
2310.00	0.68644	1.00000	1.00000	1.00000	1.00000	
2320.00	0.69012	1.00000	1.00000	1.00000	1.00000	
2330.00	0.68683	1.00000	1.00000	1.00000	1.00000	
2340.00	0.68634	1.00000	1.00000	1.00000	1.00000	
2350.00	0.68276	1.00000	1.00000	1.00000	1.00000	
2360.00	0.68569	1.00000	1.00000	1.00000	1.00000	
2370.00	0.68674	1.00000	1.00000	1.00000	1.00000	
2380.00	0.67057	1.00000	1.00000	1.00000	1.00000	
2390.00	0.67766	1.00000	1.00000	1.00000	1.00000	
2400.00	0.67948	1.00000	1.00000	1.00000	1.00000	
2410.00	0.67544	1.00000	1.00000	1.00000	1.00000	
2420.00	0.67900	1.00000	1.00000	1.00000	1.00000	
2430.00	0.67398	1.00000	1.00000	1.00000	1.00000	
2440.00	0.67131	1.00000	1.00000	1.00000	1.00000	
2450.00	0.67972	1.00000	1.00000	1.00000	1.00000	
2460.00	0.68070	1.00000	1.00000	1.00000	1.00000	
2470.00	0.68406	1.00000	1.00000	1.00000	1.00000	
2480.00	0.68572	1.00000	1.00000	1.00000	1.00000	
2490.00	0.68523	1.00000	1.00000	1.00000	1.00000	
2500.00	0.68115	1.00000	1.00000	1.00000	1.00000	
2510.00	0.68137	1.00000	1.00000	1.00000	1.00000	
2520.00	0.67478	1.00000	1.00000	1.00000	1.00000	
2530.00	0.67464	1.00000	1.00000	1.00000	1.00000	
2540.00	0.66804	1.00000	1.00000	1.00000	1.00000	
2550.00	0.65115	1.00000	1.00000	1.00000	1.00000	
2560.00	0.65750	1.00000	1.00000	1.00000	1.00000	
2570.00	0.66529	1.00000	1.00000	1.00000	1.00000	
2580.00	0.66766	1.00000	1.00000	1.00000	1.00000	
2590.00	0.67196	1.00000	1.00000	1.00000	1.00000	
2600.00	0.67651	1.00000	1.00000	1.00000	1.00000	
2610.00	0.68056	1.00000	1.00000	1.00000	1.00000	
2620.00	0.68276	1.00000	1.00000	1.00000	1.00000	
2630.00	0.67968	1.00000	1.00000	1.00000	1.00000	
2640.00	0.66960	1.00000	1.00000	1.00000	1.00000	
2650.00	0.65353	1.00000	1.00000	1.00000	1.00000	
2660.00	0.65286	1.00000	1.00000	1.00000	1.00000	
2670.00	0.64957	1.00000	1.00000	1.00000	1.00000	
2680.00	0.65694	1.00000	1.00000	1.00000	1.00000	
2690.00	0.65535	1.00000	1.00000	1.00000	1.00000	
2700.00	0.65819	1.00000	1.00000	1.00000	1.00000	
2710.00	0.66596	1.00000	1.00000	1.00000	1.00000	
2720.00	0.66820	1.00000	1.00000	1.00000	1.00000	
2730.00	0.67489	1.00000	1.00000	1.00000	1.00000	
2740.00	0.67693	1.00000	1.00000	1.00000	1.00000	
2750.00	0.66935	1.00000	1.00000	1.00000	1.00000	
2760.00	0.67504	1.00000	1.00000	1.00000	1.00000	
2770.00	0.66873	1.00000	1.00000	1.00000	1.00000	
2780.00	0.65386	1.00000	1.00000	1.00000	1.00000	
2790.00	0.65765	1.00000	1.00000	1.00000	1.00000	
2800.00	0.65490	1.00000	1.00000	1.00000	1.00000	
2810.00	0.66352	1.00000	1.00000	1.00000	1.00000	
2820.00	0.64552	1.00000	1.00000	1.00000	1.00000	
2830.00	0.64601	1.00000	1.00000	1.00000	1.00000	
2840.00	0.64134	1.00000	1.00000	1.00000	1.00000	
2850.00	0.65011	1.00000	1.00000	1.00000	1.00000	
2860.00	0.65461	1.00000	1.00000	1.00000	1.00000	
2870.00	0.66504	1.00000	1.00000	1.00000	1.00000	
2880.00	0.66838	1.00000	1.00000	1.00000	1.00000	
2890.00	0.66522	1.00000	1.00000	1.00000	1.00000	
2900.00	0.66259	1.00000	1.00000	1.00000	1.00000	
2910.00	0.66335	1.00000	1.00000	1.00000	1.00000	
2920.00	0.66610	1.00000	1.00000	1.00000	1.00000	
2930.00	0.65419	1.00000	1.00000	1.00000	1.00000	
2940.00	0.65788	1.00000	1.00000	1.00000	1.00000	
2950.00	0.66493	1.00000	1.00000	1.00000	1.00000	
2960.00	0.66395	1.00000	1.00000	1.00000	1.00000	
2970.00	0.66594	1.00000	1.00000	1.00000	1.00000	
2980.00	0.66980	1.00000	1.00000	1.00000	1.00000	
2990.00	0.66878	1.00000	1.00000	1.00000	1.00000	
3000.00	0.67004	1.00000	1.00000	1.00000	1.00000	
3010.00	0.65592	1.00000	1.00000	1.00000	1.00000	
3020.00	0.65662	1.00000	1.00000	1.00000	1.00000	
3030.00	0.64652	1.00000	1.00000	1.00000	1.00000	
3040.00	0.65668	1.00000	1.00000	1.00000	1.00000	
3050.00	0.65928	1.00000	1.00000	1.00000	1.00000	
3060.00	0.64888	1.00000	1.00000	1.00000	1.00000	
3070.00	0.64975	1.00000	1.00000	1.00000	1.00000	
3080.00	0.65000	1.00000	1.00000	1.00000	1.00000	
3090.00	0.65236	1.00000	1.00000	1.00000	1.00000	
3100.00	0.65074	1.00000	1.00000	1.00000	1.00000	
3110.00	0.65186	1.00000	1.00000	1.00000	1.00000	
3120.00	0.64997	1.00000	1.00000	1.00000	1.00000	
3130.00	0.65689	1.00000	1.00000	1.00000	1.00000	
3140.00	0.65726	1.00000	1.00000	1.00000	1.00000	
3150.00	0.65993	1.00000	1.00000	1.00000	1.00000	
3160.00	0.63997	1.00000	1.00000	1.00000	1.00000	
3170.00	0.64396	1.00000	1.00000	1.00000	1.00000	
3180.00	0.64935	1.00000	1.00000	1.00000	1.00000	
3190.00	0.64465	1.00000	1.00000	1.00000	1.00000	
3200.00	0.64945	1.00000	1.00000	1.00000	1.00000	
3210.00	0.64960	1.00000	1.00000	1.00000	1.00000	
3220.00	0.65523	1.00000	1.00000	1.00000	1.00000	
3230.00	0.65521	1.00000	1.00000	1.00000	1.00000	
3240.00	0.65675	1.00000	1.00000	1.00000	1.00000	
3250.00	0.65724	1.00000	1.00000	1.00000	1.00000	
3260.00	0.65436	1.00000	1.00000	1.00000	1.00000	
3270.00	0.65880	1.00000	1.00000	1.00000	1.00000	
3280.00	0.65498	1.00000	1.00000	1.00000	1.00000	
3290.00	0.65292	1.00000	1.00000	1.00000	1.00000	
3300.00	0.65471	1.00000	1.00000	1.00000	1.00000	
3310.00	0.65996	1.00000	1.00000	1.00000	1.00000	
3320.00	0.66666	1.00000	1.00000	1.00000	1.00000	
3330.00	0.66394	1.00000	1.00000	1.00000	1.00000	
3340.00	0.66167	1.00000	1.00000	1.00000	1.00000	
3350.00	0.65740	1.00000	1.00000	1.00000	1.00000	
3360.00	0.63941	1.00000	1.00000	1.00000	1.00000	
3370.00	0.64300	1.00000	1.00000	1.00000	1.00000	
3380.00	0.65158	1.00000	1.00000	1.00000	1.00000	
3390.00	0.64710	1.00000	1.00000	1.00000	1.00000	
3400.00	0.64925	1.00000	1.00000	1.00000	1.00000	
3410.00	0.65321	1.00000	1.00000	1.00000	1.00000	
3420.00	0.65124	1.00000	1.00000	1.00000	1.00000	
3430.00	0.65024	1.00000	1.00000	1.00000	1.00000	
3440.00	0.65365	1.00000	1.00000	1.00000	1.00000	
3450.00	0.65731	1.00000	1.00000	1.00000	1.00000	
3460.00	0.65808	1.00000	1.00000	1.00000	1.00000	
3470.00	0.66174	1.00000	1.00000	1.00000	1.00000	
3480.00	0.66626	1.00000	1.00000	1.00000	1.00000	
3490.00	0.64847	1.00000	1.00000	1.00000	1.00000	
3500.00	0.64969	1.00000	1.00000	1.00000	1.00000	
3510.00	0.64961	1.00000	1.00000	1.00000	1.00000	
3520.00	0.65237	1.00000	1.00000	1.00000	1.00000	
3530.00	0.63753	1.00000	1.00000	1.00000	1.00000	
3540.00	0.64076	1.00000	1.00000	1.00000	1.00000	
3550.00	0.64679	1.00000	1.00000	1.00000	1.00000	
3560.00	0.65360	1.00000	1.00000	1.00000	1.00000	
3570.00	0.64872	1.00000	1.00000	1.00000	1.00000	
3580.00	0.64852	1.00000	1.00000	1.00000	1.00000	
3590.00	0.65882	1.00000	1.00000	1.00000	1.00000	
3600.00	0.66270	1.00000	1.00000	1.00000	1.00000	
3610.00	0.66744	1.00000	1.00000	1.00000	1.00000	
3620.00	0.67039	1.00000	1.00000	1.00000	1.00000	
3630.00	0.65925	1.00000	1.00000	1.00000	1.00000	
3640.00	0.65847	1.00000	1.00000	1.00000	1.00000	
3650.00	0.64561	1.00000	1.00000	1.00000	1.00000	
3660.00	0.62983	1.00000	1.00000	1.00000	1.00000	
3670.00	0.63841	1.00000	1.00000	1.00000	1.00000	
3680.00	0.64035	1.00000	1.00000	1.00000	1.00000	
3690.00	0.64636	1.00000	1.00000	1.00000	1.00000	
3700.00	0.65488	1.00000	1.00000	1.00000	1.00000	
3710.00	0.65729	1.00000	1.00000	1.00000	1.00000	
3720.00	0.65855	1.00000	1.00000	1.00000	1.00000	
3730.00	0.65153	1.00000	1.00000	1.00000	1.00000	
3740.00	0.64948	1.00000	1.00000	1.00000	1.00000	
3750.00	0.64297	1.00000	1.00000	1.00000	1.00000	
3760.00	0.65098	1.00000	1.00000	1.00000	1.00000	
3770.00	0.63636	1.00000	1.00000	1.00000	1.00000	
3780.00	0.64108	1.00000	1.00000	1.00000	1.00000	
3790.00	0.65569	1.00000	1.00000	1.00000	1.00000	
3800.00	0.65415	1.00000	1.00000	1.00000	1.00000	
3810.00	0.65294	1.00000	1.00000	1.00000	1.00000	
3820.00	0.64164	1.00000	1.00000	1.00000	1.00000	
3830.00	0.64756	1.00000	1.00000	1.00000	1.00000	
3840.00	0.64849	1.00000	1.00000	1.00000	1.00000	
3850.00	0.64930	1.00000	1.00000	1.00000	1.00000	
3860.00	0.65432	1.00000	1.00000	1.00000	1.00000	
3870.00	0.66133	1.00000	1.00000	1.00000	1.00000	
3880.00	0.65717	1.00000	1.00000	1.00000	1.00000	
3890.00	0.65173	1.00000	1.00000	1.00000	1.00000	
3900.00	0.65207	1.00000	1.00000	1.00000	1.00000	
3910.00	0.64884	1.00000	1.00000	1.00000	1.00000	
3920.00	0.64852	1.00000	1.00000	1.00000	1.00000	
3930.00	0.64121	1.00000	1.00000	1.00000	1.00000	
3940.00	0.64828	1.00000	1.00000	1.00000	1.00000	
3950.00	0.65391	1.00000	1.00000	1.00000	1.00000	
3960.00	0.65225	1.00000	1.00000	1.00000	1.00000	
3970.00	0.64241	1.00000	1.00000	1.00000	1.00000	
3980.00	0.65020	1.00000	1.00000	1.00000	1.00000	
3990.00	0.65522	1.00000	1.00000	1.00000	1.00000	
4000.00	0.64939	1.00000	1.00000	1.00000	1.00000	
