10.00	0.99660	0.99662	0.99720	0.99632	0.99605	
20.00	0.99644	0.99656	0.99709	0.99624	0.99599	
30.00	0.99648	0.99673	0.99708	0.99604	0.99619	
40.00	0.99640	0.99676	0.99722	0.99568	0.99637	
50.00	0.99635	0.99634	0.99735	0.99563	0.99623	
60.00	0.99638	0.99652	0.99744	0.99528	0.99607	
70.00	0.99630	0.99644	0.99742	0.99500	0.99601	
80.00	0.99631	0.99661	0.99754	0.99524	0.99611	
90.00	0.99597	0.99677	0.99756	0.99534	0.99573	
100.00	0.99602	0.99669	0.99751	0.99553	0.99594	
110.00	0.99604	0.99684	0.99742	0.99553	0.99613	
120.00	0.99603	0.99668	0.99755	0.99562	0.99631	
130.00	0.99599	0.99679	0.99747	0.99559	0.99649	
140.00	0.99613	0.99671	0.99704	0.99572	0.99666	
150.00	0.99623	0.99686	0.99713	0.99579	0.99683	
160.00	0.99603	0.99690	0.99725	0.99572	0.99688	
170.00	0.99620	0.99685	0.99732	0.99577	0.99687	
180.00	0.99591	0.99696	0.99737	0.99563	0.99700	
190.00	0.99607	0.99693	0.99726	0.99584	0.99704	
200.00	0.99578	0.99700	0.99731	0.99588	0.99718	
210.00	0.99581	0.99714	0.99727	0.99594	0.99732	
220.00	0.99587	0.99728	0.99729	0.99574	0.99743	
230.00	0.99580	0.99702	0.99730	0.99591	0.99756	
240.00	0.99548	0.99700	0.99663	0.99606	0.99768	
250.00	0.99539	0.99685	0.99674	0.99625	0.99734	
260.00	0.99554	0.99700	0.99671	0.99580	0.99715	
270.00	0.99552	0.99702	0.99687	0.99583	0.99728	
280.00	0.99556	0.99669	0.99676	0.99603	0.99717	
290.00	0.99552	0.99605	0.99667	0.99604	0.99731	
300.00	0.99574	0.99597	0.99683	0.99622	0.99744	
310.00	0.99561	0.99616	0.99699	0.99635	0.99739	
320.00	0.99576	0.99608	0.99713	0.99653	0.99750	
330.00	0.99595	0.99605	0.99697	0.99662	0.99729	
340.00	0.99586	0.99593	0.99675	0.99669	0.99742	
350.00	0.99596	0.99612	0.99679	0.99680	0.99754	
360.00	0.99595	0.99595	0.99643	0.99687	0.99753	
370.00	0.99614	0.99581	0.99653	0.99669	0.99762	
380.00	0.99633	0.99602	0.99598	0.99671	0.99773	
390.00	0.99631	0.99611	0.99595	0.99681	0.99782	
400.00	0.99649	0.99618	0.99577	0.99696	0.99791	
410.00	0.99635	0.99637	0.99573	0.99706	0.99801	
420.00	0.99652	0.99647	0.99551	0.99716	0.99756	
430.00	0.99638	0.99650	0.99421	0.99727	0.99767	
440.00	0.99642	0.99658	0.99440	0.99738	0.99778	
450.00	0.99650	0.99674	0.99462	0.99750	0.99788	
460.00	0.99645	0.99672	0.99461	0.99753	0.99751	
470.00	0.99634	0.99684	0.99487	0.99760	0.99763	
480.00	0.99642	0.99688	0.99487	0.99768	0.99772	
490.00	0.99627	0.99689	0.99507	0.99777	0.99763	
500.00	0.99643	0.99704	0.99527	0.99782	0.99772	
510.00	0.99637	0.99705	0.99526	0.99752	0.99775	
520.00	0.99641	0.99712	0.99521	0.99762	0.99773	
530.00	0.99648	0.99719	0.99522	0.99766	0.99771	
540.00	0.99660	0.99732	0.99545	0.99730	0.99781	
550.00	0.99673	0.99744	0.99567	0.99708	0.99789	
560.00	0.99665	0.99750	0.99564	0.99720	0.99789	
570.00	0.99681	0.99739	0.99554	0.99692	0.99769	
580.00	0.99696	0.99751	0.99576	0.99690	0.99780	
590.00	0.99710	0.99763	0.99554	0.99674	0.99788	
600.00	0.99691	0.99773	0.99540	0.99635	0.99734	
610.00	0.99698	0.99778	0.99553	0.99652	0.99746	
620.00	0.99709	0.99782	0.99542	0.99669	0.99730	
630.00	0.99685	0.99760	0.99510	0.99664	0.99737	
640.00	0.99699	0.99769	0.99462	0.99669	0.99749	
650.00	0.99709	0.99741	0.99466	0.99640	0.99738	
660.00	0.99673	0.99731	0.99444	0.99657	0.99731	
670.00	0.99688	0.99743	0.99471	0.99645	0.99729	
680.00	0.99704	0.99741	0.99494	0.99626	0.99742	
690.00	0.99706	0.99754	0.99484	0.99638	0.99731	
700.00	0.99717	0.99761	0.99493	0.99652	0.99743	
710.00	0.99722	0.99745	0.99518	0.99621	0.99751	
720.00	0.99714	0.99757	0.99511	0.99604	0.99757	
730.00	0.99682	0.99727	0.99528	0.99581	0.99759	
740.00	0.99696	0.99734	0.99551	0.99568	0.99765	
750.00	0.99703	0.99745	0.99538	0.99588	0.99777	
760.00	0.99701	0.99734	0.99543	0.99550	0.99785	
770.00	0.99660	0.99711	0.99565	0.99534	0.99768	
780.00	0.99652	0.99725	0.99548	0.99538	0.99775	
790.00	0.99626	0.99716	0.99570	0.99560	0.99783	
800.00	0.99568	0.99724	0.99589	0.99530	0.99780	
810.00	0.99588	0.99735	0.99586	0.99545	0.99754	
820.00	0.99576	0.99747	0.99551	0.99534	0.99723	
830.00	0.99588	0.99749	0.99553	0.99522	0.99684	
840.00	0.99609	0.99757	0.99570	0.99511	0.99674	
850.00	0.99628	0.99739	0.99579	0.99524	0.99625	
860.00	0.99646	0.99741	0.99543	0.99543	0.99604	
870.00	0.99660	0.99727	0.99542	0.99539	0.99610	
880.00	0.99659	0.99740	0.99510	0.99561	0.99628	
890.00	0.99644	0.99713	0.99531	0.99552	0.99645	
900.00	0.99661	0.99725	0.99554	0.99572	0.99659	
910.00	0.99643	0.99722	0.99563	0.99591	0.99644	
920.00	0.99659	0.99691	0.99583	0.99611	0.99650	
930.00	0.99675	0.99696	0.99593	0.99623	0.99662	
940.00	0.99691	0.99706	0.99579	0.99622	0.99676	
950.00	0.99705	0.99702	0.99556	0.99638	0.99681	
960.00	0.99708	0.99714	0.99519	0.99651	0.99694	
970.00	0.99699	0.99723	0.99535	0.99634	0.99706	
980.00	0.99713	0.99674	0.99519	0.99637	0.99720	
990.00	0.99717	0.99644	0.99542	0.99635	0.99713	
1000.00	0.99714	0.99632	0.99559	0.99618	0.99719	
1010.00	0.99299	0.99646	0.99580	0.99637	0.99724	
1020.00	0.97719	0.99663	0.99601	0.99654	0.99738	
1030.00	0.93066	0.99679	0.99620	0.99671	0.99750	
1040.00	0.86058	0.99695	0.99639	0.99687	0.99763	
1050.00	0.82916	0.99710	0.99656	0.99703	0.99774	
1060.00	0.82573	0.99724	0.99673	0.99717	0.99785	
1070.00	0.82130	0.99738	0.99689	0.99731	0.99796	
1080.00	0.81648	0.99750	0.99704	0.99744	0.99806	
1090.00	0.82125	0.99758	0.99719	0.99756	0.99815	
1100.00	0.82185	0.99764	0.99732	0.99767	0.99824	
1110.00	0.82627	0.99775	0.99733	0.99779	0.99821	
1120.00	0.83225	0.99771	0.99743	0.99790	0.99829	
1130.00	0.83619	0.99782	0.99755	0.99781	0.99838	
1140.00	0.84355	0.99780	0.99751	0.99780	0.99841	
1150.00	0.84969	0.99791	0.99741	0.99791	0.99840	
1160.00	0.85520	0.99770	0.99726	0.99786	0.99838	
1170.00	0.86025	0.99774	0.99731	0.99785	0.99837	
1180.00	0.86508	0.99764	0.99724	0.99792	0.99821	
1190.00	0.87076	0.99775	0.99713	0.99780	0.99783	
1200.00	0.87495	0.99784	0.99724	0.99790	0.99790	
1210.00	0.88001	0.99784	0.99715	0.99788	0.99792	
1220.00	0.88501	0.99767	0.99725	0.99799	0.99790	
1230.00	0.89026	0.99765	0.99733	0.99801	0.99789	
1240.00	0.89461	0.99772	0.99733	0.99805	0.99784	
1250.00	0.89952	0.99770	0.99746	0.99812	0.99787	
1260.00	0.90411	0.99771	0.99753	0.99799	0.99791	
1270.00	0.90753	0.99778	0.99758	0.99804	0.99801	
1280.00	0.91149	0.99788	0.99770	0.99765	0.99810	
1290.00	0.91478	0.99799	0.99754	0.99775	0.99820	
1300.00	0.91781	0.99801	0.99735	0.99752	0.99815	
1310.00	0.92109	0.99810	0.99729	0.99749	0.99824	
1320.00	0.92338	0.99818	0.99738	0.99760	0.99804	
1330.00	0.92605	0.99827	0.99750	0.99763	0.99798	
1340.00	0.92821	0.99835	0.99694	0.99747	0.99808	
1350.00	0.93102	0.99841	0.99624	0.99760	0.99809	
1360.00	0.93406	0.99823	0.99560	0.99771	0.99804	
1370.00	0.93647	0.99810	0.99485	0.99776	0.99810	
1380.00	0.93875	0.99801	0.99450	0.99770	0.99818	
1390.00	0.94108	0.99786	0.99456	0.99781	0.99826	
1400.00	0.94326	0.99796	0.99427	0.99767	0.99817	
1410.00	0.94532	0.99806	0.99421	0.99778	0.99825	
1420.00	0.94752	0.99814	0.99438	0.99788	0.99826	
1430.00	0.94929	0.99806	0.99463	0.99777	0.99834	
1440.00	0.95139	0.99753	0.99463	0.99788	0.99841	
1450.00	0.95289	0.99753	0.99469	0.99779	0.99848	
1460.00	0.95478	0.99763	0.99440	0.99789	0.99849	
1470.00	0.95619	0.99774	0.99467	0.99799	0.99856	
1480.00	0.95735	0.99785	0.99493	0.99800	0.99860	
1490.00	0.95746	0.99708	0.99518	0.99809	0.99865	
1500.00	0.95864	0.99696	0.99541	0.99816	0.99871	
1510.00	0.95982	0.99698	0.99563	0.99823	0.99875	
1520.00	0.96012	0.99712	0.99578	0.99810	0.99876	
1530.00	0.96099	0.99726	0.99596	0.99758	0.99882	
1540.00	0.96113	0.99738	0.99616	0.99754	0.99880	
1550.00	0.96174	0.99709	0.99635	0.99752	0.99886	
1560.00	0.96251	0.99723	0.99652	0.99718	0.99882	
1570.00	0.96259	0.99736	0.99655	0.99731	0.99886	
1580.00	0.96417	0.99746	0.99668	0.99729	0.99870	
1590.00	0.96492	0.99699	0.99684	0.99740	0.99876	
1600.00	0.96562	0.99688	0.99641	0.99752	0.99878	
1610.00	0.96623	0.99685	0.99658	0.99720	0.99884	
1620.00	0.96712	0.99683	0.99675	0.99734	0.99868	
1630.00	0.96806	0.99665	0.99645	0.99711	0.99869	
1640.00	0.96826	0.99673	0.99646	0.99720	0.99875	
1650.00	0.96906	0.99677	0.99659	0.99707	0.99862	
1660.00	0.97006	0.99691	0.99674	0.99711	0.99866	
1670.00	0.97097	0.99705	0.99690	0.99722	0.99857	
1680.00	0.97234	0.99713	0.99673	0.99716	0.99855	
1690.00	0.97366	0.99725	0.99669	0.99728	0.99857	
1700.00	0.97471	0.99667	0.99678	0.99722	0.99838	
1710.00	0.97522	0.99665	0.99692	0.99679	0.99846	
1720.00	0.97640	0.99622	0.99707	0.99681	0.99822	
1730.00	0.97747	0.99616	0.99721	0.99675	0.99792	
1740.00	0.97704	0.99633	0.99726	0.99690	0.99801	
1750.00	0.97701	0.99650	0.99739	0.99671	0.99811	
1760.00	0.97692	0.99657	0.99751	0.99685	0.99820	
1770.00	0.97795	0.99653	0.99754	0.99700	0.99828	
1780.00	0.97842	0.99656	0.99749	0.99713	0.99745	
1790.00	0.97921	0.99645	0.99761	0.99727	0.99754	
1800.00	0.97904	0.99646	0.99768	0.99740	0.99728	
1810.00	0.97975	0.99663	0.99776	0.99750	0.99695	
1820.00	0.97998	0.99651	0.99770	0.99750	0.99709	
1830.00	0.98061	0.99665	0.99781	0.99745	0.99697	
1840.00	0.97897	0.99674	0.99776	0.99757	0.99712	
1850.00	0.97932	0.99675	0.99780	0.99769	0.99718	
1860.00	0.97881	0.99691	0.99791	0.99755	0.99701	
1870.00	0.97877	0.99679	0.99801	0.99767	0.99671	
1880.00	0.97786	0.99695	0.99807	0.99772	0.99674	
1890.00	0.97741	0.99686	0.99795	0.99760	0.99684	
1900.00	0.97621	0.99677	0.99779	0.99771	0.99699	
1910.00	0.97368	0.99692	0.99789	0.99764	0.99714	
1920.00	0.96919	0.99705	0.99799	0.99775	0.99728	
1930.00	0.95563	0.99719	0.99809	0.99786	0.99741	
1940.00	0.92923	0.99733	0.99818	0.99797	0.99754	
1950.00	0.90401	0.99746	0.99827	0.99806	0.99766	
1960.00	0.89152	0.99758	0.99835	0.99816	0.99777	
1970.00	0.87507	0.99770	0.99843	0.99825	0.99788	
1980.00	0.86228	0.99781	0.99851	0.99833	0.99798	
1990.00	0.84955	0.99792	0.99858	0.99842	0.99808	
2000.00	0.84313	0.99802	0.99865	0.99849	0.99817	
2010.00	0.83338	0.99812	0.99872	0.99857	0.99826	
2020.00	0.82682	0.99821	0.99878	0.99864	0.99835	
2030.00	0.82570	0.99830	0.99884	0.99870	0.99841	
2040.00	0.82391	0.99822	0.99890	0.99877	0.99849	
2050.00	0.82282	0.99830	0.99895	0.99883	0.99856	
2060.00	0.82282	0.99838	0.99894	0.99888	0.99863	
2070.00	0.82220	0.99846	0.99896	0.99894	0.99870	
2080.00	0.82671	0.99853	0.99900	0.99899	0.99875	
2090.00	0.83040	0.99851	0.99902	0.99897	0.99879	
2100.00	0.83556	0.99857	0.99907	0.99902	0.99885	
2110.00	0.84094	0.99864	0.99908	0.99906	0.99885	
2120.00	0.84468	0.99867	0.99904	0.99899	0.99869	
2130.00	0.85051	0.99869	0.99909	0.99893	0.99850	
2140.00	0.85485	0.99868	0.99913	0.99898	0.99824	
2150.00	0.85994	0.99874	0.99917	0.99903	0.99829	
2160.00	0.86658	0.99876	0.99914	0.99906	0.99832	
2170.00	0.87203	0.99882	0.99918	0.99911	0.99840	
2180.00	0.87750	0.99858	0.99922	0.99915	0.99834	
2190.00	0.88348	0.99862	0.99924	0.99919	0.99832	
2200.00	0.88864	0.99868	0.99928	0.99921	0.99828	
2210.00	0.89380	0.99868	0.99917	0.99896	0.99834	
2220.00	0.89774	0.99874	0.99915	0.99895	0.99842	
2230.00	0.90178	0.99854	0.99918	0.99899	0.99806	
2240.00	0.90484	0.99861	0.99922	0.99904	0.99768	
2250.00	0.90755	0.99867	0.99923	0.99908	0.99774	
2260.00	0.90971	0.99868	0.99916	0.99875	0.99785	
2270.00	0.91320	0.99874	0.99921	0.99850	0.99794	
2280.00	0.91590	0.99854	0.99922	0.99856	0.99767	
2290.00	0.91849	0.99859	0.99923	0.99862	0.99777	
2300.00	0.92076	0.99864	0.99926	0.99846	0.99764	
2310.00	0.92192	0.99867	0.99908	0.99854	0.99774	
2320.00	0.92240	0.99872	0.99912	0.99856	0.99783	
2330.00	0.92328	0.99878	0.99916	0.99827	0.99793	
2340.00	0.88524	0.99882	0.99920	0.99835	0.99798	
2350.00	0.78301	0.99888	0.99924	0.99843	0.99808	
2360.00	0.77885	0.99893	0.99928	0.99851	0.99818	
2370.00	0.76958	0.99899	0.99931	0.99858	0.99827	
2380.00	0.76610	0.99903	0.99934	0.99865	0.99835	
2390.00	0.76249	0.99908	0.99938	0.99872	0.99843	
2400.00	0.75741	0.99912	0.99941	0.99878	0.99851	
2410.00	0.75181	0.99916	0.99944	0.99884	0.99858	
2420.00	0.75430	0.99913	0.99945	0.99890	0.99852	
2430.00	0.76048	0.99916	0.99948	0.99895	0.99859	
2440.00	0.76403	0.99920	0.99950	0.99900	0.99866	
2450.00	0.77148	0.99916	0.99943	0.99876	0.99872	
2460.00	0.77934	0.99911	0.99946	0.99882	0.99870	
2470.00	0.78694	0.99915	0.99939	0.99862	0.99864	
2480.00	0.79627	0.99919	0.99941	0.99868	0.99868	
2490.00	0.80452	0.99922	0.99944	0.99861	0.99872	
2500.00	0.81101	0.99925	0.99943	0.99839	0.99877	
2510.00	0.81858	0.99929	0.99940	0.99824	0.99875	
2520.00	0.82670	0.99902	0.99943	0.99827	0.99881	
2530.00	0.83259	0.99905	0.99946	0.99816	0.99872	
2540.00	0.83998	0.99910	0.99937	0.99824	0.99862	
2550.00	0.84652	0.99914	0.99928	0.99833	0.99869	
2560.00	0.85293	0.99918	0.99912	0.99841	0.99872	
2570.00	0.85897	0.99922	0.99875	0.99832	0.99843	
2580.00	0.86495	0.99925	0.99878	0.99837	0.99850	
2590.00	0.87004	0.99906	0.99805	0.99844	0.99858	
2600.00	0.87466	0.99904	0.99814	0.99827	0.99851	
2610.00	0.87963	0.99905	0.99818	0.99833	0.99859	
2620.00	0.88489	0.99909	0.99799	0.99823	0.99865	
2630.00	0.88914	0.99911	0.99733	0.99832	0.99870	
2640.00	0.89364	0.99908	0.99730	0.99839	0.99871	
2650.00	0.89798	0.99898	0.99743	0.99842	0.99843	
2660.00	0.90220	0.99870	0.99755	0.99849	0.99823	
2670.00	0.90595	0.99876	0.99743	0.99857	0.99822	
2680.00	0.90960	0.99882	0.99755	0.99864	0.99806	
2690.00	0.91164	0.99888	0.99767	0.99868	0.99770	
2700.00	0.91367	0.99882	0.99779	0.99875	0.99766	
2710.00	0.91436	0.99888	0.99790	0.99878	0.99759	
2720.00	0.75585	0.99893	0.99798	0.99884	0.99767	
2730.00	0.75539	0.99899	0.99808	0.99890	0.99778	
2740.00	0.75302	0.99904	0.99817	0.99895	0.99789	
2750.00	0.74555	0.99908	0.99826	0.99900	0.99799	
2760.00	0.74527	0.99913	0.99834	0.99905	0.99809	
2770.00	0.74028	0.99917	0.99842	0.99897	0.99818	
2780.00	0.73816	0.99921	0.99850	0.99902	0.99812	
2790.00	0.74177	0.99925	0.99857	0.99906	0.99821	
2800.00	0.74668	0.99928	0.99864	0.99909	0.99815	
2810.00	0.75448	0.99926	0.99861	0.99913	0.99823	
2820.00	0.76231	0.99923	0.99868	0.99904	0.99826	
2830.00	0.77071	0.99927	0.99874	0.99904	0.99834	
2840.00	0.77813	0.99925	0.99855	0.99890	0.99834	
2850.00	0.78583	0.99929	0.99846	0.99885	0.99833	
2860.00	0.79217	0.99932	0.99850	0.99890	0.99841	
2870.00	0.80037	0.99909	0.99857	0.99896	0.99847	
2880.00	0.80876	0.99910	0.99841	0.99900	0.99854	
2890.00	0.81742	0.99905	0.99849	0.99905	0.99860	
2900.00	0.82554	0.99901	0.99855	0.99910	0.99855	
2910.00	0.83233	0.99882	0.99862	0.99914	0.99845	
2920.00	0.83938	0.99879	0.99869	0.99918	0.99837	
2930.00	0.84619	0.99885	0.99844	0.99900	0.99845	
2940.00	0.85202	0.99890	0.99851	0.99894	0.99837	
2950.00	0.85722	0.99896	0.99845	0.99898	0.99787	
2960.00	0.86179	0.99897	0.99841	0.99903	0.99781	
2970.00	0.86758	0.99867	0.99849	0.99907	0.99785	
2980.00	0.87087	0.99873	0.99856	0.99877	0.99795	
2990.00	0.87416	0.99879	0.99863	0.99854	0.99805	
3000.00	0.72418	0.99885	0.99864	0.99861	0.99810	
3010.00	0.69818	0.99891	0.99871	0.99868	0.99819	
3020.00	0.69837	0.99896	0.99877	0.99875	0.99828	
3030.00	0.69825	0.99901	0.99883	0.99881	0.99836	
3040.00	0.70504	0.99906	0.99889	0.99887	0.99844	
3050.00	0.70688	0.99911	0.99894	0.99892	0.99852	
3060.00	0.70906	0.99915	0.99900	0.99897	0.99844	
3070.00	0.71498	0.99919	0.99904	0.99902	0.99847	
3080.00	0.72180	0.99923	0.99906	0.99890	0.99854	
3090.00	0.73351	0.99926	0.99911	0.99891	0.99848	
3100.00	0.74358	0.99925	0.99913	0.99896	0.99819	
3110.00	0.75465	0.99928	0.99917	0.99901	0.99826	
3120.00	0.76502	0.99929	0.99921	0.99905	0.99834	
3130.00	0.77551	0.99933	0.99924	0.99909	0.99839	
3140.00	0.78315	0.99928	0.99924	0.99914	0.99847	
3150.00	0.78895	0.99932	0.99915	0.99910	0.99841	
3160.00	0.79740	0.99924	0.99905	0.99914	0.99849	
3170.00	0.80488	0.99924	0.99909	0.99905	0.99853	
3180.00	0.81289	0.99926	0.99912	0.99905	0.99836	
3190.00	0.82112	0.99926	0.99916	0.99910	0.99828	
3200.00	0.82882	0.99930	0.99915	0.99904	0.99835	
3210.00	0.83526	0.99933	0.99906	0.99909	0.99843	
3220.00	0.84196	0.99926	0.99909	0.99897	0.99847	
3230.00	0.84784	0.99914	0.99912	0.99885	0.99855	
3240.00	0.85184	0.99918	0.99917	0.99890	0.99820	
3250.00	0.85765	0.99922	0.99920	0.99895	0.99814	
3260.00	0.86203	0.99921	0.99924	0.99900	0.99793	
3270.00	0.86519	0.99921	0.99927	0.99858	0.99770	
3280.00	0.86685	0.99925	0.99929	0.99831	0.99772	
3290.00	0.68555	0.99899	0.99932	0.99839	0.99783	
3300.00	0.69761	0.99904	0.99936	0.99847	0.99794	
3310.00	0.69002	0.99909	0.99939	0.99854	0.99804	
3320.00	0.69019	0.99913	0.99942	0.99862	0.99813	
3330.00	0.69052	0.99917	0.99945	0.99868	0.99822	
3340.00	0.69650	0.99921	0.99947	0.99875	0.99826	
3350.00	0.70226	0.99921	0.99931	0.99880	0.99834	
3360.00	0.71201	0.99915	0.99915	0.99880	0.99842	
3370.00	0.72265	0.99919	0.99919	0.99885	0.99826	
3380.00	0.73229	0.99923	0.99923	0.99891	0.99825	
3390.00	0.74156	0.99925	0.99922	0.99883	0.99833	
3400.00	0.75179	0.99926	0.99911	0.99889	0.99818	
3410.00	0.76247	0.99909	0.99909	0.99886	0.99807	
3420.00	0.77216	0.99914	0.99902	0.99890	0.99815	
3430.00	0.78250	0.99907	0.99907	0.99891	0.99824	
3440.00	0.79270	0.99911	0.99911	0.99891	0.99831	
3450.00	0.80185	0.99906	0.99914	0.99869	0.99827	
3460.00	0.81101	0.99911	0.99919	0.99875	0.99810	
3470.00	0.81972	0.99907	0.99898	0.99823	0.99819	
3480.00	0.82813	0.99895	0.99877	0.99812	0.99818	
3490.00	0.83633	0.99875	0.99879	0.99772	0.99824	
3500.00	0.84359	0.99881	0.99841	0.99730	0.99831	
3510.00	0.85053	0.99879	0.99839	0.99739	0.99818	
3520.00	0.85751	0.99882	0.99822	0.99751	0.99816	
3530.00	0.86414	0.99885	0.99829	0.99744	0.99825	
3540.00	0.87051	0.99887	0.99832	0.99740	0.99831	
3550.00	0.87569	0.99878	0.99839	0.99749	0.99814	
3560.00	0.88080	0.99844	0.99771	0.99759	0.99786	
3570.00	0.88559	0.99851	0.99782	0.99758	0.99787	
3580.00	0.88947	0.99838	0.99778	0.99746	0.99797	
3590.00	0.88950	0.99846	0.99788	0.99755	0.99785	
3600.00	0.74512	0.99853	0.99798	0.99767	0.99795	
3610.00	0.74158	0.99861	0.99808	0.99778	0.99805	
3620.00	0.73544	0.99867	0.99818	0.99789	0.99815	
3630.00	0.73791	0.99874	0.99827	0.99799	0.99824	
3640.00	0.73450	0.99880	0.99835	0.99804	0.99832	
3650.00	0.73228	0.99886	0.99843	0.99814	0.99840	
3660.00	0.73356	0.99891	0.99851	0.99822	0.99847	
3670.00	0.73677	0.99897	0.99858	0.99811	0.99834	
3680.00	0.74258	0.99902	0.99865	0.99820	0.99838	
3690.00	0.74983	0.99906	0.99857	0.99788	0.99846	
3700.00	0.75807	0.99906	0.99852	0.99798	0.99852	
3710.00	0.76491	0.99910	0.99840	0.99808	0.99853	
3720.00	0.77328	0.99914	0.99848	0.99815	0.99845	
3730.00	0.78297	0.99905	0.99854	0.99824	0.99850	
3740.00	0.79061	0.99909	0.99856	0.99814	0.99845	
3750.00	0.79844	0.99909	0.99860	0.99823	0.99841	
3760.00	0.80521	0.99866	0.99866	0.99832	0.99839	
3770.00	0.81244	0.99861	0.99873	0.99831	0.99847	
3780.00	0.81811	0.99856	0.99859	0.99827	0.99837	
3790.00	0.82512	0.99835	0.99866	0.99814	0.99845	
3800.00	0.83159	0.99829	0.99866	0.99823	0.99847	
3810.00	0.83799	0.99836	0.99857	0.99831	0.99855	
3820.00	0.84355	0.99844	0.99864	0.99839	0.99862	
3830.00	0.84985	0.99851	0.99840	0.99846	0.99868	
3840.00	0.85558	0.99856	0.99843	0.99825	0.99875	
3850.00	0.86150	0.99863	0.99851	0.99825	0.99881	
3860.00	0.86671	0.99860	0.99858	0.99829	0.99872	
3870.00	0.87054	0.99867	0.99857	0.99825	0.99879	
3880.00	0.87578	0.99831	0.99864	0.99832	0.99878	
3890.00	0.88090	0.99839	0.99856	0.99840	0.99868	
3900.00	0.88514	0.99823	0.99827	0.99847	0.99875	
3910.00	0.88878	0.99831	0.99822	0.99853	0.99881	
3920.00	0.89201	0.99835	0.99830	0.99809	0.99884	
3930.00	0.89637	0.99840	0.99838	0.99817	0.99888	
3940.00	0.90076	0.99847	0.99845	0.99826	0.99894	
3950.00	0.90473	0.99818	0.99837	0.99832	0.99893	
3960.00	0.90773	0.99812	0.99803	0.99784	0.99890	
3970.00	0.91030	0.99821	0.99813	0.99794	0.99894	
3980.00	0.91184	0.99786	0.99822	0.99788	0.99894	
3990.00	0.91067	0.99762	0.99830	0.99796	0.99899	
4000.00	0.73856	0.99774	0.99839	0.99806	0.99904	
