10.00	0.99605	0.99601	0.99770	0.99651	0.99771	
20.00	0.99579	0.99620	0.99781	0.99650	0.99781	
30.00	0.99595	0.99613	0.99791	0.99646	0.99763	
40.00	0.99610	0.99620	0.99790	0.99621	0.99720	
50.00	0.99563	0.99613	0.99800	0.99622	0.99710	
60.00	0.99579	0.99588	0.99810	0.99631	0.99722	
70.00	0.99580	0.99575	0.99802	0.99583	0.99725	
80.00	0.99581	0.99570	0.99810	0.99595	0.99713	
90.00	0.99565	0.99572	0.99811	0.99614	0.99720	
100.00	0.99563	0.99593	0.99804	0.99623	0.99733	
110.00	0.99548	0.99596	0.99813	0.99618	0.99745	
120.00	0.99544	0.99581	0.99815	0.99617	0.99757	
130.00	0.99566	0.99599	0.99807	0.99632	0.99732	
140.00	0.99587	0.99615	0.99798	0.99622	0.99744	
150.00	0.99579	0.99608	0.99806	0.99622	0.99757	
160.00	0.99580	0.99623	0.99750	0.99641	0.99740	
170.00	0.99556	0.99635	0.99743	0.99640	0.99750	
180.00	0.99553	0.99651	0.99731	0.99656	0.99762	
190.00	0.99560	0.99660	0.99730	0.99673	0.99769	
200.00	0.99573	0.99668	0.99702	0.99672	0.99777	
210.00	0.99561	0.99684	0.99708	0.99668	0.99772	
220.00	0.99545	0.99678	0.99712	0.99684	0.99777	
230.00	0.99548	0.99660	0.99698	0.99688	0.99777	
240.00	0.99510	0.99656	0.99712	0.99693	0.99762	
250.00	0.99515	0.99662	0.99707	0.99701	0.99773	
260.00	0.99505	0.99653	0.99721	0.99698	0.99784	
270.00	0.99525	0.99645	0.99734	0.99687	0.99784	
280.00	0.99545	0.99662	0.99745	0.99687	0.99795	
290.00	0.99535	0.99655	0.99744	0.99695	0.99771	
300.00	0.99528	0.99656	0.99740	0.99706	0.99782	
310.00	0.99549	0.99651	0.99723	0.99692	0.99766	
320.00	0.99571	0.99609	0.99712	0.99706	0.99771	
330.00	0.99592	0.99569	0.99709	0.99708	0.99755	
340.00	0.99611	0.99570	0.99716	0.99722	0.99767	
350.00	0.99616	0.99572	0.99716	0.99713	0.99778	
360.00	0.99615	0.99586	0.99727	0.99704	0.99747	
370.00	0.99634	0.99573	0.99730	0.99714	0.99755	
380.00	0.99636	0.99577	0.99742	0.99707	0.99757	
390.00	0.99627	0.99598	0.99741	0.99703	0.99768	
400.00	0.99612	0.99589	0.99697	0.99702	0.99773	
410.00	0.99620	0.99609	0.99711	0.99716	0.99783	
420.00	0.99604	0.99626	0.99698	0.99702	0.99785	
430.00	0.99597	0.99639	0.99711	0.99713	0.99792	
440.00	0.99610	0.99657	0.99717	0.99727	0.99713	
450.00	0.99602	0.99631	0.99685	0.99736	0.99727	
460.00	0.99621	0.99648	0.99681	0.99745	0.99740	
470.00	0.99632	0.99665	0.99694	0.99758	0.99753	
480.00	0.99628	0.99658	0.99693	0.99752	0.99752	
490.00	0.99599	0.99645	0.99691	0.99749	0.99764	
500.00	0.99612	0.99628	0.99696	0.99729	0.99754	
510.00	0.99631	0.99646	0.99685	0.99739	0.99728	
520.00	0.99622	0.99614	0.99697	0.99745	0.99741	
530.00	0.99612	0.99630	0.99710	0.99743	0.99752	
540.00	0.99613	0.99643	0.99709	0.99752	0.99732	
550.00	0.99618	0.99659	0.99721	0.99764	0.99743	
560.00	0.99582	0.99675	0.99730	0.99757	0.99755	
570.00	0.99577	0.99691	0.99712	0.99741	0.99766	
580.00	0.99592	0.99699	0.99707	0.99731	0.99759	
590.00	0.99591	0.99705	0.99681	0.99744	0.99738	
600.00	0.99608	0.99714	0.99679	0.99726	0.99748	
610.00	0.99627	0.99727	0.99683	0.99726	0.99698	
620.00	0.99619	0.99736	0.99693	0.99720	0.99686	
630.00	0.99631	0.99736	0.99703	0.99730	0.99682	
640.00	0.99645	0.99742	0.99686	0.99743	0.99679	
650.00	0.99659	0.99712	0.99695	0.99755	0.99691	
660.00	0.99659	0.99662	0.99707	0.99754	0.99705	
670.00	0.99651	0.99655	0.99686	0.99747	0.99715	
680.00	0.99653	0.99666	0.99629	0.99745	0.99724	
690.00	0.99670	0.99661	0.99618	0.99746	0.99737	
700.00	0.99686	0.99665	0.99636	0.99743	0.99749	
710.00	0.99694	0.99647	0.99614	0.99755	0.99755	
720.00	0.99676	0.99639	0.99594	0.99767	0.99761	
730.00	0.99692	0.99642	0.99614	0.99751	0.99743	
740.00	0.99665	0.99660	0.99633	0.99763	0.99744	
750.00	0.99678	0.99657	0.99618	0.99717	0.99733	
760.00	0.99650	0.99669	0.99637	0.99673	0.99722	
770.00	0.99659	0.99676	0.99638	0.99689	0.99735	
780.00	0.99671	0.99665	0.99626	0.99704	0.99741	
790.00	0.99687	0.99681	0.99637	0.99686	0.99752	
800.00	0.99662	0.99688	0.99629	0.99685	0.99737	
810.00	0.99670	0.99693	0.99619	0.99683	0.99734	
820.00	0.99677	0.99702	0.99630	0.99676	0.99704	
830.00	0.99645	0.99713	0.99621	0.99690	0.99712	
840.00	0.99659	0.99726	0.99556	0.99704	0.99723	
850.00	0.99657	0.99740	0.99562	0.99719	0.99711	
860.00	0.99673	0.99701	0.99539	0.99732	0.99710	
870.00	0.99676	0.99713	0.99561	0.99690	0.99725	
880.00	0.99691	0.99666	0.99582	0.99678	0.99724	
890.00	0.99706	0.99659	0.99546	0.99683	0.99737	
900.00	0.99720	0.99645	0.99568	0.99685	0.99721	
910.00	0.99730	0.99630	0.99571	0.99697	0.99711	
920.00	0.99716	0.99648	0.99591	0.99696	0.99695	
930.00	0.99722	0.99661	0.99573	0.99666	0.99703	
940.00	0.99735	0.99653	0.99581	0.99677	0.99717	
950.00	0.99747	0.99669	0.99563	0.99648	0.99727	
960.00	0.99755	0.99647	0.99568	0.99653	0.99740	
970.00	0.99767	0.99610	0.99586	0.99668	0.99752	
980.00	0.99751	0.99592	0.99546	0.99684	0.99761	
990.00	0.99749	0.99590	0.99549	0.99681	0.99768	
1000.00	0.99669	0.99608	0.99571	0.99674	0.99779	
1010.00	0.99000	0.99624	0.99587	0.99690	0.99777	
1020.00	0.97624	0.99643	0.99607	0.99705	0.99788	
1030.00	0.94163	0.99660	0.99626	0.99719	0.99798	
1040.00	0.88482	0.99677	0.99645	0.99733	0.99808	
1050.00	0.83109	0.99692	0.99662	0.99746	0.99817	
1060.00	0.78457	0.99707	0.99678	0.99759	0.99826	
1070.00	0.72595	0.99722	0.99694	0.99770	0.99835	
1080.00	0.68662	0.99735	0.99709	0.99781	0.99843	
1090.00	0.64558	0.99748	0.99723	0.99792	0.99850	
1100.00	0.60893	0.99760	0.99737	0.99802	0.99858	
1110.00	0.59145	0.99772	0.99750	0.99812	0.99865	
1120.00	0.59145	0.99783	0.99762	0.99821	0.99871	
1130.00	0.60200	0.99794	0.99773	0.99830	0.99877	
1140.00	0.61743	0.99804	0.99784	0.99838	0.99883	
1150.00	0.63076	0.99808	0.99795	0.99846	0.99884	
1160.00	0.64655	0.99817	0.99805	0.99845	0.99873	
1170.00	0.66187	0.99823	0.99814	0.99838	0.99860	
1180.00	0.67726	0.99814	0.99821	0.99843	0.99867	
1190.00	0.69204	0.99799	0.99827	0.99848	0.99868	
1200.00	0.70613	0.99803	0.99828	0.99844	0.99875	
1210.00	0.71945	0.99807	0.99827	0.99807	0.99872	
1220.00	0.73241	0.99816	0.99828	0.99802	0.99871	
1230.00	0.74493	0.99793	0.99835	0.99801	0.99866	
1240.00	0.75692	0.99794	0.99839	0.99794	0.99861	
1250.00	0.76837	0.99804	0.99846	0.99789	0.99860	
1260.00	0.77847	0.99807	0.99853	0.99777	0.99823	
1270.00	0.78883	0.99816	0.99860	0.99740	0.99832	
1280.00	0.79861	0.99822	0.99866	0.99704	0.99836	
1290.00	0.80807	0.99827	0.99872	0.99639	0.99816	
1300.00	0.81683	0.99832	0.99878	0.99646	0.99825	
1310.00	0.82531	0.99833	0.99884	0.99655	0.99832	
1320.00	0.83280	0.99827	0.99882	0.99660	0.99785	
1330.00	0.83989	0.99836	0.99886	0.99666	0.99796	
1340.00	0.84551	0.99823	0.99892	0.99643	0.99766	
1350.00	0.85190	0.99827	0.99897	0.99660	0.99775	
1360.00	0.85853	0.99836	0.99902	0.99669	0.99786	
1370.00	0.86477	0.99826	0.99884	0.99637	0.99772	
1380.00	0.87088	0.99831	0.99886	0.99649	0.99782	
1390.00	0.87698	0.99839	0.99891	0.99666	0.99793	
1400.00	0.88246	0.99842	0.99896	0.99676	0.99797	
1410.00	0.88759	0.99850	0.99842	0.99668	0.99805	
1420.00	0.89285	0.99852	0.99849	0.99655	0.99815	
1430.00	0.89711	0.99832	0.99851	0.99631	0.99805	
1440.00	0.90182	0.99835	0.99855	0.99642	0.99782	
1450.00	0.90616	0.99830	0.99858	0.99633	0.99771	
1460.00	0.91036	0.99838	0.99861	0.99651	0.99782	
1470.00	0.91392	0.99842	0.99866	0.99655	0.99792	
1480.00	0.91664	0.99839	0.99872	0.99672	0.99802	
1490.00	0.91945	0.99817	0.99878	0.99664	0.99803	
1500.00	0.92256	0.99800	0.99882	0.99672	0.99768	
1510.00	0.92598	0.99780	0.99863	0.99640	0.99779	
1520.00	0.92882	0.99791	0.99857	0.99654	0.99790	
1530.00	0.93082	0.99801	0.99857	0.99660	0.99794	
1540.00	0.93300	0.99802	0.99862	0.99669	0.99804	
1550.00	0.93607	0.99794	0.99868	0.99667	0.99813	
1560.00	0.93858	0.99786	0.99836	0.99637	0.99822	
1570.00	0.94106	0.99772	0.99844	0.99654	0.99831	
1580.00	0.94350	0.99720	0.99823	0.99654	0.99838	
1590.00	0.94554	0.99733	0.99830	0.99658	0.99846	
1600.00	0.94803	0.99707	0.99809	0.99672	0.99853	
1610.00	0.94990	0.99700	0.99790	0.99662	0.99852	
1620.00	0.95176	0.99714	0.99775	0.99649	0.99859	
1630.00	0.95367	0.99728	0.99776	0.99664	0.99838	
1640.00	0.95558	0.99739	0.99776	0.99681	0.99831	
1650.00	0.95715	0.99752	0.99787	0.99682	0.99814	
1660.00	0.95899	0.99753	0.99791	0.99675	0.99823	
1670.00	0.96004	0.99751	0.99801	0.99648	0.99814	
1680.00	0.96118	0.99754	0.99810	0.99658	0.99816	
1690.00	0.96109	0.99753	0.99800	0.99656	0.99815	
1700.00	0.96277	0.99765	0.99809	0.99656	0.99821	
1710.00	0.96397	0.99776	0.99760	0.99650	0.99829	
1720.00	0.96470	0.99785	0.99738	0.99664	0.99818	
1730.00	0.96607	0.99762	0.99729	0.99658	0.99794	
1740.00	0.96729	0.99769	0.99721	0.99648	0.99804	
1750.00	0.96872	0.99778	0.99710	0.99635	0.99804	
1760.00	0.97017	0.99789	0.99717	0.99639	0.99805	
1770.00	0.97105	0.99799	0.99718	0.99653	0.99780	
1780.00	0.97181	0.99803	0.99723	0.99667	0.99781	
1790.00	0.97257	0.99797	0.99695	0.99681	0.99760	
1800.00	0.97290	0.99807	0.99710	0.99694	0.99772	
1810.00	0.97317	0.99791	0.99639	0.99691	0.99783	
1820.00	0.97446	0.99801	0.99544	0.99685	0.99793	
1830.00	0.97466	0.99800	0.99563	0.99700	0.99803	
1840.00	0.97556	0.99808	0.99558	0.99685	0.99809	
1850.00	0.97495	0.99817	0.99579	0.99698	0.99805	
1860.00	0.97560	0.99826	0.99592	0.99676	0.99811	
1870.00	0.97525	0.99825	0.99596	0.99692	0.99786	
1880.00	0.97484	0.99834	0.99616	0.99707	0.99754	
1890.00	0.97455	0.99842	0.99614	0.99721	0.99729	
1900.00	0.97421	0.99847	0.99633	0.99717	0.99741	
1910.00	0.97443	0.99854	0.99616	0.99716	0.99711	
1920.00	0.97369	0.99839	0.99588	0.99730	0.99698	
1930.00	0.97463	0.99830	0.99607	0.99725	0.99690	
1940.00	0.97418	0.99833	0.99623	0.99734	0.99705	
1950.00	0.97466	0.99824	0.99641	0.99744	0.99718	
1960.00	0.97495	0.99821	0.99606	0.99754	0.99732	
1970.00	0.97524	0.99816	0.99620	0.99765	0.99745	
1980.00	0.97546	0.99825	0.99637	0.99773	0.99729	
1990.00	0.97565	0.99834	0.99642	0.99780	0.99742	
2000.00	0.97507	0.99842	0.99646	0.99791	0.99737	
2010.00	0.97566	0.99846	0.99660	0.99787	0.99750	
2020.00	0.97576	0.99841	0.99651	0.99797	0.99762	
2030.00	0.97564	0.99843	0.99645	0.99807	0.99759	
2040.00	0.97652	0.99785	0.99659	0.99816	0.99770	
2050.00	0.97707	0.99792	0.99676	0.99825	0.99781	
2060.00	0.97800	0.99789	0.99691	0.99794	0.99792	
2070.00	0.97882	0.99790	0.99703	0.99727	0.99798	
2080.00	0.97897	0.99764	0.99717	0.99711	0.99794	
2090.00	0.97909	0.99746	0.99730	0.99724	0.99799	
2100.00	0.97987	0.99753	0.99740	0.99724	0.99800	
2110.00	0.98013	0.99765	0.99751	0.99734	0.99780	
2120.00	0.98087	0.99764	0.99746	0.99739	0.99791	
2130.00	0.98172	0.99725	0.99741	0.99751	0.99801	
2140.00	0.98197	0.99734	0.99744	0.99747	0.99803	
2150.00	0.98199	0.99746	0.99701	0.99726	0.99809	
2160.00	0.98254	0.99757	0.99709	0.99719	0.99817	
2170.00	0.98309	0.99769	0.99721	0.99733	0.99824	
2180.00	0.98365	0.99762	0.99715	0.99734	0.99833	
2190.00	0.98416	0.99772	0.99694	0.99720	0.99825	
2200.00	0.98447	0.99763	0.99709	0.99731	0.99815	
2210.00	0.98492	0.99769	0.99697	0.99729	0.99817	
2220.00	0.98520	0.99768	0.99692	0.99739	0.99822	
2230.00	0.98583	0.99777	0.99699	0.99742	0.99830	
2240.00	0.98651	0.99786	0.99700	0.99753	0.99839	
2250.00	0.98716	0.99796	0.99709	0.99741	0.99840	
2260.00	0.98686	0.99800	0.99723	0.99752	0.99782	
2270.00	0.98708	0.99795	0.99728	0.99761	0.99788	
2280.00	0.98758	0.99804	0.99702	0.99773	0.99797	
2290.00	0.98767	0.99806	0.99696	0.99784	0.99805	
2300.00	0.98802	0.99787	0.99690	0.99761	0.99793	
2310.00	0.98838	0.99796	0.99682	0.99757	0.99802	
2320.00	0.98861	0.99806	0.99695	0.99769	0.99801	
2330.00	0.98904	0.99814	0.99682	0.99769	0.99769	
2340.00	0.98890	0.99823	0.99697	0.99780	0.99769	
2350.00	0.98893	0.99832	0.99712	0.99791	0.99749	
2360.00	0.98858	0.99817	0.99712	0.99801	0.99746	
2370.00	0.98820	0.99825	0.99714	0.99777	0.99758	
2380.00	0.98872	0.99832	0.99717	0.99761	0.99738	
2390.00	0.98910	0.99839	0.99709	0.99763	0.99727	
2400.00	0.98963	0.99847	0.99700	0.99754	0.99739	
2410.00	0.98993	0.99816	0.99714	0.99760	0.99746	
2420.00	0.99019	0.99825	0.99706	0.99756	0.99726	
2430.00	0.99020	0.99833	0.99666	0.99763	0.99739	
2440.00	0.98949	0.99821	0.99677	0.99763	0.99750	
2450.00	0.98962	0.99805	0.99693	0.99775	0.99759	
2460.00	0.98939	0.99813	0.99708	0.99786	0.99707	
2470.00	0.98958	0.99822	0.99707	0.99796	0.99721	
2480.00	0.98998	0.99820	0.99699	0.99806	0.99712	
2490.00	0.99040	0.99823	0.99711	0.99796	0.99726	
2500.00	0.99051	0.99779	0.99689	0.99804	0.99728	
2510.00	0.99064	0.99768	0.99700	0.99779	0.99716	
2520.00	0.99057	0.99762	0.99715	0.99790	0.99708	
2530.00	0.99098	0.99740	0.99693	0.99769	0.99673	
2540.00	0.99124	0.99673	0.99704	0.99771	0.99673	
2550.00	0.99158	0.99659	0.99641	0.99782	0.99667	
2560.00	0.99180	0.99660	0.99593	0.99792	0.99674	
2570.00	0.99149	0.99671	0.99590	0.99770	0.99660	
2580.00	0.99170	0.99687	0.99589	0.99765	0.99674	
2590.00	0.99135	0.99690	0.99588	0.99776	0.99640	
2600.00	0.99141	0.99700	0.99607	0.99787	0.99657	
2610.00	0.99090	0.99713	0.99596	0.99797	0.99659	
2620.00	0.99060	0.99711	0.99614	0.99762	0.99676	
2630.00	0.99102	0.99705	0.99579	0.99766	0.99689	
2640.00	0.99118	0.99704	0.99587	0.99758	0.99693	
2650.00	0.99115	0.99715	0.99603	0.99735	0.99700	
2660.00	0.99078	0.99728	0.99621	0.99733	0.99697	
2670.00	0.99082	0.99741	0.99639	0.99746	0.99708	
2680.00	0.99060	0.99754	0.99594	0.99754	0.99720	
2690.00	0.99081	0.99765	0.99607	0.99766	0.99707	
2700.00	0.99109	0.99777	0.99609	0.99738	0.99710	
2710.00	0.99073	0.99730	0.99616	0.99740	0.99714	
2720.00	0.99107	0.99720	0.99632	0.99747	0.99704	
2730.00	0.99142	0.99707	0.99618	0.99749	0.99717	
2740.00	0.99090	0.99705	0.99616	0.99759	0.99712	
2750.00	0.99057	0.99712	0.99634	0.99743	0.99726	
2760.00	0.99077	0.99724	0.99620	0.99755	0.99674	
2770.00	0.99121	0.99703	0.99606	0.99760	0.99684	
2780.00	0.99105	0.99707	0.99622	0.99753	0.99698	
2790.00	0.99128	0.99710	0.99640	0.99765	0.99679	
2800.00	0.99170	0.99724	0.99636	0.99715	0.99695	
2810.00	0.99180	0.99738	0.99635	0.99725	0.99709	
2820.00	0.99213	0.99750	0.99652	0.99706	0.99716	
2830.00	0.99161	0.99745	0.99669	0.99708	0.99730	
2840.00	0.99175	0.99748	0.99652	0.99705	0.99702	
2850.00	0.99177	0.99749	0.99649	0.99685	0.99704	
2860.00	0.99116	0.99761	0.99599	0.99641	0.99717	
2870.00	0.99154	0.99764	0.99584	0.99659	0.99681	
2880.00	0.99193	0.99769	0.99604	0.99667	0.99677	
2890.00	0.99148	0.99779	0.99622	0.99668	0.99692	
2900.00	0.99169	0.99788	0.99635	0.99657	0.99707	
2910.00	0.99200	0.99790	0.99652	0.99673	0.99711	
2920.00	0.99203	0.99770	0.99626	0.99688	0.99724	
2930.00	0.99169	0.99778	0.99632	0.99703	0.99708	
2940.00	0.99138	0.99779	0.99649	0.99706	0.99721	
2950.00	0.99169	0.99778	0.99647	0.99720	0.99718	
2960.00	0.99187	0.99789	0.99658	0.99700	0.99688	
2970.00	0.99222	0.99793	0.99640	0.99691	0.99688	
2980.00	0.99221	0.99798	0.99651	0.99694	0.99687	
2990.00	0.99247	0.99802	0.99668	0.99689	0.99687	
3000.00	0.99254	0.99801	0.99663	0.99698	0.99702	
3010.00	0.99275	0.99785	0.99674	0.99713	0.99697	
3020.00	0.99252	0.99737	0.99677	0.99705	0.99683	
3030.00	0.99154	0.99738	0.99693	0.99708	0.99672	
3040.00	0.99157	0.99751	0.99708	0.99693	0.99651	
3050.00	0.99169	0.99754	0.99722	0.99653	0.99668	
3060.00	0.99172	0.99756	0.99735	0.99652	0.99676	
3070.00	0.99178	0.99762	0.99726	0.99642	0.99692	
3080.00	0.99153	0.99767	0.99721	0.99651	0.99691	
3090.00	0.99155	0.99779	0.99669	0.99612	0.99694	
3100.00	0.99125	0.99748	0.99684	0.99601	0.99682	
3110.00	0.99148	0.99759	0.99667	0.99575	0.99642	
3120.00	0.99140	0.99768	0.99678	0.99596	0.99658	
3130.00	0.99163	0.99754	0.99692	0.99600	0.99675	
3140.00	0.99077	0.99752	0.99703	0.99572	0.99659	
3150.00	0.99110	0.99740	0.99713	0.99582	0.99578	
3160.00	0.99145	0.99739	0.99713	0.99575	0.99599	
3170.00	0.99185	0.99750	0.99722	0.99596	0.99592	
3180.00	0.99203	0.99734	0.99735	0.99578	0.99609	
3190.00	0.99236	0.99740	0.99745	0.99598	0.99619	
3200.00	0.99272	0.99742	0.99758	0.99614	0.99626	
3210.00	0.99275	0.99755	0.99750	0.99608	0.99631	
3220.00	0.99280	0.99762	0.99754	0.99618	0.99648	
3230.00	0.99301	0.99749	0.99765	0.99631	0.99623	
3240.00	0.99298	0.99752	0.99776	0.99611	0.99619	
3250.00	0.99261	0.99730	0.99787	0.99615	0.99637	
3260.00	0.99281	0.99744	0.99777	0.99630	0.99655	
3270.00	0.99287	0.99754	0.99763	0.99618	0.99645	
3280.00	0.99270	0.99764	0.99774	0.99591	0.99660	
3290.00	0.99284	0.99762	0.99784	0.99577	0.99676	
3300.00	0.99318	0.99774	0.99762	0.99581	0.99685	
3310.00	0.99331	0.99785	0.99771	0.99583	0.99675	
3320.00	0.99286	0.99795	0.99778	0.99603	0.99691	
3330.00	0.99320	0.99755	0.99789	0.99623	0.99705	
3340.00	0.99222	0.99766	0.99799	0.99640	0.99713	
3350.00	0.99250	0.99778	0.99809	0.99645	0.99700	
3360.00	0.99272	0.99781	0.99797	0.99588	0.99714	
3370.00	0.99275	0.99791	0.99776	0.99608	0.99703	
3380.00	0.99236	0.99778	0.99787	0.99627	0.99718	
3390.00	0.99272	0.99786	0.99797	0.99619	0.99727	
3400.00	0.99283	0.99789	0.99776	0.99593	0.99700	
3410.00	0.99232	0.99799	0.99787	0.99595	0.99715	
3420.00	0.99269	0.99785	0.99797	0.99558	0.99729	
3430.00	0.99251	0.99795	0.99806	0.99576	0.99733	
3440.00	0.99262	0.99788	0.99798	0.99584	0.99745	
3450.00	0.99262	0.99769	0.99804	0.99587	0.99726	
3460.00	0.99282	0.99771	0.99805	0.99607	0.99713	
3470.00	0.99290	0.99764	0.99801	0.99589	0.99726	
3480.00	0.99279	0.99757	0.99810	0.99548	0.99732	
3490.00	0.99287	0.99724	0.99819	0.99541	0.99741	
3500.00	0.99290	0.99713	0.99825	0.99519	0.99751	
3510.00	0.99324	0.99726	0.99801	0.99542	0.99763	
3520.00	0.99335	0.99739	0.99775	0.99543	0.99749	
3530.00	0.99356	0.99750	0.99760	0.99561	0.99752	
3540.00	0.99337	0.99756	0.99767	0.99572	0.99752	
3550.00	0.99312	0.99742	0.99778	0.99593	0.99728	
3560.00	0.99305	0.99753	0.99720	0.99613	0.99733	
3570.00	0.99271	0.99738	0.99733	0.99632	0.99732	
3580.00	0.99263	0.99723	0.99746	0.99600	0.99743	
3590.00	0.99296	0.99681	0.99750	0.99607	0.99747	
3600.00	0.99256	0.99678	0.99754	0.99627	0.99719	
3610.00	0.99216	0.99677	0.99703	0.99644	0.99700	
3620.00	0.99221	0.99678	0.99717	0.99661	0.99708	
3630.00	0.99222	0.99692	0.99711	0.99653	0.99722	
3640.00	0.99192	0.99701	0.99678	0.99649	0.99727	
3650.00	0.99216	0.99715	0.99672	0.99649	0.99721	
3660.00	0.99214	0.99729	0.99688	0.99660	0.99708	
3670.00	0.99252	0.99733	0.99686	0.99670	0.99722	
3680.00	0.99285	0.99746	0.99690	0.99671	0.99734	
3690.00	0.99244	0.99756	0.99703	0.99682	0.99717	
3700.00	0.99241	0.99759	0.99713	0.99671	0.99725	
3710.00	0.99278	0.99771	0.99714	0.99686	0.99733	
3720.00	0.99272	0.99753	0.99698	0.99701	0.99741	
3730.00	0.99260	0.99694	0.99669	0.99713	0.99704	
3740.00	0.99284	0.99708	0.99683	0.99724	0.99718	
3750.00	0.99303	0.99708	0.99661	0.99734	0.99723	
3760.00	0.99312	0.99704	0.99652	0.99732	0.99736	
3770.00	0.99326	0.99719	0.99641	0.99739	0.99749	
3780.00	0.99313	0.99719	0.99659	0.99743	0.99710	
3790.00	0.99340	0.99666	0.99668	0.99712	0.99708	
3800.00	0.99350	0.99658	0.99682	0.99671	0.99722	
3810.00	0.99381	0.99661	0.99694	0.99672	0.99733	
3820.00	0.99392	0.99654	0.99674	0.99680	0.99738	
3830.00	0.99383	0.99670	0.99679	0.99682	0.99742	
3840.00	0.99398	0.99657	0.99652	0.99697	0.99752	
3850.00	0.99361	0.99657	0.99664	0.99712	0.99762	
3860.00	0.99373	0.99657	0.99651	0.99715	0.99763	
3870.00	0.99401	0.99673	0.99660	0.99688	0.99756	
3880.00	0.99399	0.99687	0.99677	0.99698	0.99708	
3890.00	0.99362	0.99683	0.99692	0.99698	0.99723	
3900.00	0.99366	0.99685	0.99700	0.99712	0.99715	
3910.00	0.99363	0.99666	0.99692	0.99710	0.99686	
3920.00	0.99371	0.99655	0.99692	0.99722	0.99701	
3930.00	0.99367	0.99667	0.99707	0.99727	0.99716	
3940.00	0.99387	0.99673	0.99674	0.99729	0.99727	
3950.00	0.99398	0.99639	0.99686	0.99710	0.99730	
3960.00	0.99424	0.99648	0.99687	0.99717	0.99741	
3970.00	0.99373	0.99651	0.99688	0.99720	0.99753	
3980.00	0.99394	0.99667	0.99660	0.99699	0.99765	
3990.00	0.99410	0.99683	0.99671	0.99714	0.99707	
4000.00	0.99431	0.99694	0.99649	0.99705	0.99717	
