10.00	0.99654	0.99723	0.99808	0.99788	0.99834	
20.00	0.99667	0.99699	0.99817	0.99799	0.99843	
30.00	0.99632	0.99710	0.99810	0.99808	0.99805	
40.00	0.99639	0.99685	0.99819	0.99800	0.99806	
50.00	0.99623	0.99698	0.99799	0.99810	0.99812	
60.00	0.99614	0.99681	0.99809	0.99819	0.99821	
70.00	0.99633	0.99651	0.99818	0.99826	0.99767	
80.00	0.99628	0.99647	0.99827	0.99833	0.99778	
90.00	0.99646	0.99650	0.99820	0.99837	0.99787	
100.00	0.99661	0.99639	0.99829	0.99842	0.99797	
110.00	0.99605	0.99657	0.99830	0.99819	0.99798	
120.00	0.99624	0.99625	0.99827	0.99820	0.99808	
130.00	0.99603	0.99616	0.99835	0.99829	0.99800	
140.00	0.99622	0.99571	0.99843	0.99835	0.99795	
150.00	0.99637	0.99570	0.99850	0.99843	0.99775	
160.00	0.99643	0.99559	0.99858	0.99805	0.99786	
170.00	0.99650	0.99569	0.99864	0.99808	0.99796	
180.00	0.99646	0.99584	0.99870	0.99811	0.99800	
190.00	0.99664	0.99584	0.99877	0.99818	0.99804	
200.00	0.99671	0.99599	0.99869	0.99827	0.99791	
210.00	0.99679	0.99608	0.99867	0.99833	0.99791	
220.00	0.99668	0.99614	0.99872	0.99840	0.99774	
230.00	0.99665	0.99632	0.99872	0.99845	0.99741	
240.00	0.99681	0.99648	0.99879	0.99838	0.99664	
250.00	0.99695	0.99664	0.99885	0.99843	0.99627	
260.00	0.99696	0.99677	0.99862	0.99851	0.99645	
270.00	0.99692	0.99691	0.99864	0.99858	0.99647	
280.00	0.99703	0.99706	0.99870	0.99865	0.99640	
290.00	0.99617	0.99705	0.99876	0.99867	0.99658	
300.00	0.99605	0.99710	0.99881	0.99874	0.99675	
310.00	0.99604	0.99704	0.99887	0.99880	0.99690	
320.00	0.99605	0.99695	0.99865	0.99885	0.99706	
330.00	0.99592	0.99697	0.99854	0.99891	0.99697	
340.00	0.99581	0.99709	0.99850	0.99896	0.99691	
350.00	0.99600	0.99697	0.99840	0.99899	0.99706	
360.00	0.99619	0.99712	0.99838	0.99904	0.99714	
370.00	0.99638	0.99722	0.99841	0.99909	0.99699	
380.00	0.99655	0.99736	0.99844	0.99906	0.99702	
390.00	0.99669	0.99749	0.99851	0.99903	0.99716	
400.00	0.99663	0.99760	0.99786	0.99895	0.99730	
410.00	0.99665	0.99765	0.99797	0.99892	0.99743	
420.00	0.99680	0.99763	0.99777	0.99897	0.99736	
430.00	0.99695	0.99756	0.99788	0.99890	0.99730	
440.00	0.99710	0.99768	0.99798	0.99894	0.99738	
450.00	0.99724	0.99764	0.99808	0.99893	0.99749	
460.00	0.99705	0.99775	0.99817	0.99898	0.99761	
470.00	0.99718	0.99786	0.99826	0.99901	0.99741	
480.00	0.99692	0.99796	0.99806	0.99904	0.99754	
490.00	0.99692	0.99773	0.99815	0.99906	0.99728	
500.00	0.99707	0.99784	0.99813	0.99910	0.99727	
510.00	0.99718	0.99785	0.99805	0.99913	0.99674	
520.00	0.99709	0.99772	0.99815	0.99886	0.99671	
530.00	0.99696	0.99774	0.99824	0.99892	0.99644	
540.00	0.99700	0.99765	0.99832	0.99897	0.99640	
550.00	0.99715	0.99773	0.99820	0.99888	0.99629	
560.00	0.99729	0.99780	0.99829	0.99878	0.99628	
570.00	0.99728	0.99752	0.99835	0.99877	0.99614	
580.00	0.99737	0.99762	0.99843	0.99877	0.99578	
590.00	0.99722	0.99774	0.99844	0.99883	0.99598	
600.00	0.99692	0.99784	0.99844	0.99889	0.99568	
610.00	0.99699	0.99794	0.99851	0.99894	0.99580	
620.00	0.99641	0.99802	0.99846	0.99899	0.99576	
630.00	0.99593	0.99797	0.99852	0.99904	0.99596	
640.00	0.99581	0.99789	0.99848	0.99883	0.99609	
650.00	0.99563	0.99799	0.99844	0.99888	0.99621	
660.00	0.99580	0.99789	0.99850	0.99894	0.99630	
670.00	0.99598	0.99796	0.99840	0.99899	0.99648	
680.00	0.99616	0.99806	0.99813	0.99902	0.99653	
690.00	0.99634	0.99813	0.99818	0.99906	0.99656	
700.00	0.99638	0.99780	0.99818	0.99911	0.99673	
710.00	0.99656	0.99785	0.99822	0.99915	0.99663	
720.00	0.99658	0.99792	0.99831	0.99894	0.99646	
730.00	0.99664	0.99766	0.99811	0.99899	0.99652	
740.00	0.99637	0.99777	0.99820	0.99898	0.99669	
750.00	0.99652	0.99786	0.99820	0.99901	0.99685	
760.00	0.99624	0.99754	0.99828	0.99905	0.99701	
770.00	0.99641	0.99757	0.99834	0.99910	0.99714	
780.00	0.99612	0.99769	0.99842	0.99910	0.99728	
790.00	0.99631	0.99742	0.99850	0.99914	0.99721	
800.00	0.99602	0.99748	0.99834	0.99912	0.99734	
810.00	0.99621	0.99734	0.99833	0.99892	0.99738	
820.00	0.99635	0.99743	0.99840	0.99896	0.99751	
830.00	0.99627	0.99749	0.99842	0.99860	0.99734	
840.00	0.99617	0.99761	0.99844	0.99867	0.99747	
850.00	0.99579	0.99772	0.99852	0.99873	0.99741	
860.00	0.99510	0.99781	0.99858	0.99861	0.99748	
870.00	0.99527	0.99792	0.99849	0.99833	0.99760	
880.00	0.99550	0.99802	0.99839	0.99841	0.99728	
890.00	0.99535	0.99811	0.99837	0.99849	0.99741	
900.00	0.99552	0.99820	0.99838	0.99850	0.99735	
910.00	0.99566	0.99825	0.99846	0.99856	0.99742	
920.00	0.99565	0.99814	0.99835	0.99859	0.99751	
930.00	0.99573	0.99821	0.99843	0.99848	0.99732	
940.00	0.99593	0.99828	0.99851	0.99846	0.99741	
950.00	0.99589	0.99834	0.99834	0.99820	0.99734	
960.00	0.99601	0.99834	0.99821	0.99829	0.99746	
970.00	0.99593	0.99842	0.99811	0.99821	0.99752	
980.00	0.99582	0.99848	0.99797	0.99830	0.99745	
990.00	0.99540	0.99856	0.99807	0.99824	0.99747	
1000.00	0.99535	0.99863	0.99815	0.99820	0.99759	
1010.00	0.98825	0.99844	0.99823	0.99829	0.99769	
1020.00	0.98741	0.99852	0.99831	0.99837	0.99781	
1030.00	0.98418	0.99859	0.99839	0.99845	0.99791	
1040.00	0.98019	0.99866	0.99847	0.99852	0.99801	
1050.00	0.97741	0.99872	0.99855	0.99860	0.99811	
1060.00	0.97366	0.99879	0.99862	0.99866	0.99820	
1070.00	0.96899	0.99884	0.99869	0.99873	0.99829	
1080.00	0.95964	0.99890	0.99875	0.99879	0.99837	
1090.00	0.95633	0.99895	0.99881	0.99885	0.99845	
1100.00	0.94962	0.99901	0.99887	0.99891	0.99853	
1110.00	0.94009	0.99905	0.99892	0.99896	0.99860	
1120.00	0.92932	0.99910	0.99898	0.99901	0.99867	
1130.00	0.91533	0.99914	0.99903	0.99906	0.99873	
1140.00	0.90200	0.99919	0.99907	0.99911	0.99880	
1150.00	0.89270	0.99923	0.99912	0.99915	0.99885	
1160.00	0.88578	0.99926	0.99916	0.99919	0.99891	
1170.00	0.87757	0.99930	0.99920	0.99923	0.99896	
1180.00	0.86350	0.99933	0.99924	0.99927	0.99901	
1190.00	0.85782	0.99937	0.99928	0.99930	0.99906	
1200.00	0.85187	0.99940	0.99931	0.99934	0.99911	
1210.00	0.84579	0.99943	0.99935	0.99937	0.99915	
1220.00	0.83876	0.99945	0.99938	0.99940	0.99919	
1230.00	0.83951	0.99948	0.99941	0.99943	0.99923	
1240.00	0.83248	0.99951	0.99944	0.99946	0.99927	
1250.00	0.82689	0.99953	0.99947	0.99948	0.99931	
1260.00	0.81808	0.99955	0.99949	0.99951	0.99934	
1270.00	0.81547	0.99958	0.99952	0.99953	0.99937	
1280.00	0.80984	0.99960	0.99954	0.99956	0.99940	
1290.00	0.79459	0.99962	0.99956	0.99958	0.99943	
1300.00	0.78987	0.99963	0.99958	0.99960	0.99946	
1310.00	0.77810	0.99965	0.99960	0.99962	0.99949	
1320.00	0.77094	0.99967	0.99962	0.99964	0.99951	
1330.00	0.76518	0.99969	0.99964	0.99965	0.99953	
1340.00	0.76610	0.99970	0.99966	0.99967	0.99956	
1350.00	0.75025	0.99972	0.99968	0.99969	0.99958	
1360.00	0.74643	0.99973	0.99969	0.99970	0.99960	
1370.00	0.73977	0.99974	0.99971	0.99972	0.99962	
1380.00	0.72872	0.99976	0.99972	0.99973	0.99964	
1390.00	0.72693	0.99977	0.99973	0.99974	0.99966	
1400.00	0.72078	0.99978	0.99975	0.99976	0.99967	
1410.00	0.72228	0.99979	0.99976	0.99977	0.99969	
1420.00	0.71659	0.99980	0.99977	0.99978	0.99970	
1430.00	0.71362	0.99981	0.99978	0.99979	0.99972	
1440.00	0.69677	0.99982	0.99979	0.99980	0.99973	
1450.00	0.69603	0.99983	0.99980	0.99981	0.99974	
1460.00	0.69063	0.99984	0.99981	0.99982	0.99976	
1470.00	0.68711	0.99984	0.99982	0.99983	0.99977	
1480.00	0.68566	0.99985	0.99983	0.99984	0.99978	
1490.00	0.68210	0.99986	0.99984	0.99984	0.99979	
1500.00	0.68318	0.99987	0.99985	0.99985	0.99980	
1510.00	0.68390	0.99987	0.99985	0.99986	0.99981	
1520.00	0.67831	0.99988	0.99986	0.99987	0.99982	
1530.00	0.66668	0.99988	0.99987	0.99987	0.99983	
1540.00	0.65930	0.99989	0.99988	0.99988	0.99984	
1550.00	0.65290	0.99990	0.99988	0.99989	0.99985	
1560.00	0.64704	0.99990	0.99989	0.99989	0.99985	
1570.00	0.65824	0.99991	0.99989	0.99990	0.99986	
1580.00	0.65785	0.99991	0.99990	0.99990	0.99987	
1590.00	0.65909	0.99991	0.99990	0.99991	0.99987	
1600.00	0.64447	0.99992	0.99991	0.99991	0.99988	
1610.00	0.64414	0.99992	0.99991	0.99992	0.99989	
1620.00	0.64998	0.99993	0.99992	0.99992	0.99989	
1630.00	0.65689	0.99993	0.99992	0.99992	0.99990	
1640.00	0.65945	0.99993	0.99992	0.99993	0.99990	
1650.00	0.65559	0.99994	0.99993	0.99993	0.99991	
1660.00	0.64543	0.99994	0.99993	0.99993	0.99991	
1670.00	0.62345	0.99994	0.99993	0.99994	0.99992	
1680.00	0.62653	0.99995	0.99994	0.99994	0.99992	
1690.00	0.62440	0.99995	0.99994	0.99994	0.99992	
1700.00	0.61410	0.99995	0.99994	0.99995	0.99993	
1710.00	0.61359	0.99995	0.99995	0.99995	0.99993	
1720.00	0.62460	0.99995	0.99995	0.99995	0.99993	
1730.00	0.62145	0.99996	0.99995	0.99995	0.99994	
1740.00	0.62250	0.99996	0.99995	0.99996	0.99994	
1750.00	0.60571	0.99996	0.99996	0.99996	0.99994	
1760.00	0.60534	0.99996	0.99996	0.99996	0.99995	
1770.00	0.61091	0.99996	0.99996	0.99996	0.99995	
1780.00	0.61364	0.99997	0.99996	0.99996	0.99995	
1790.00	0.62555	0.99997	0.99996	0.99997	0.99995	
1800.00	0.61967	0.99997	0.99997	0.99997	0.99996	
1810.00	0.60438	0.99997	0.99997	0.99997	0.99996	
1820.00	0.59878	0.99997	0.99997	0.99997	0.99996	
1830.00	0.59669	0.99997	0.99997	0.99997	0.99996	
1840.00	0.59467	0.99997	0.99997	0.99997	0.99996	
1850.00	0.60744	0.99998	0.99997	0.99997	0.99997	
1860.00	0.60670	0.99998	0.99998	0.99998	0.99997	
1870.00	0.59940	0.99998	0.99998	0.99998	0.99997	
1880.00	0.60171	0.99998	0.99998	0.99998	0.99997	
1890.00	0.60004	0.99998	0.99998	0.99998	0.99997	
1900.00	0.58744	0.99998	0.99998	0.99998	0.99997	
1910.00	0.59791	0.99998	0.99998	0.99998	0.99997	
1920.00	0.59748	0.99998	0.99998	0.99998	0.99998	
1930.00	0.59963	0.99998	0.99998	0.99998	0.99998	
1940.00	0.59647	0.99998	0.99998	0.99998	0.99998	
1950.00	0.59789	0.99999	0.99998	0.99998	0.99998	
1960.00	0.60128	0.99999	0.99999	0.99999	0.99998	
1970.00	0.58225	0.99999	0.99999	0.99999	0.99998	
1980.00	0.58714	0.99999	0.99999	0.99999	0.99998	
1990.00	0.57525	0.99999	0.99999	0.99999	0.99998	
2000.00	0.58459	0.99999	0.99999	0.99999	0.99998	
2010.00	0.58217	0.99999	0.99999	0.99999	0.99998	
2020.00	0.58555	0.99999	0.99999	0.99999	0.99999	
2030.00	0.59086	0.99999	0.99999	0.99999	0.99999	
2040.00	0.59568	0.99999	0.99999	0.99999	0.99999	
2050.00	0.59877	0.99999	0.99999	0.99999	0.99999	
2060.00	0.59286	0.99999	0.99999	0.99999	0.99999	
2070.00	0.58867	0.99999	0.99999	0.99999	0.99999	
2080.00	0.59589	0.99999	0.99999	0.99999	0.99999	
2090.00	0.59578	0.99999	0.99999	0.99999	0.99999	
2100.00	0.58290	0.99999	0.99999	0.99999	0.99999	
2110.00	0.58199	0.99999	0.99999	0.99999	0.99999	
2120.00	0.58136	0.99999	0.99999	0.99999	0.99999	
2130.00	0.57873	0.99999	0.99999	0.99999	0.99999	
2140.00	0.57518	0.99999	0.99999	0.99999	0.99999	
2150.00	0.57428	1.00000	0.99999	0.99999	0.99999	
2160.00	0.57723	1.00000	0.99999	0.99999	0.99999	
2170.00	0.57528	1.00000	1.00000	1.00000	0.99999	
2180.00	0.58139	1.00000	1.00000	1.00000	0.99999	
2190.00	0.58343	1.00000	1.00000	1.00000	0.99999	
2200.00	0.58048	1.00000	1.00000	1.00000	0.99999	
2210.00	0.58501	1.00000	1.00000	1.00000	0.99999	
2220.00	0.57207	1.00000	1.00000	1.00000	0.99999	
2230.00	0.57400	1.00000	1.00000	1.00000	1.00000	
2240.00	0.56420	1.00000	1.00000	1.00000	1.00000	
2250.00	0.56041	1.00000	1.00000	1.00000	1.00000	
2260.00	0.56089	1.00000	1.00000	1.00000	1.00000	
2270.00	0.56760	1.00000	1.00000	1.00000	1.00000	
2280.00	0.57139	1.00000	1.00000	1.00000	1.00000	
2290.00	0.57900	1.00000	1.00000	1.00000	1.00000	
2300.00	0.58545	1.00000	1.00000	1.00000	1.00000	
2310.00	0.59434	1.00000	1.00000	1.00000	1.00000	
2320.00	0.58292	1.00000	1.00000	1.00000	1.00000	
2330.00	0.56724	1.00000	1.00000	1.00000	1.00000	
2340.00	0.57733	1.00000	1.00000	1.00000	1.00000	
2350.00	0.56136	1.00000	1.00000	1.00000	1.00000	
2360.00	0.56955	1.00000	1.00000	1.00000	1.00000	
2370.00	0.56304	1.00000	1.00000	1.00000	1.00000	
2380.00	0.57378	1.00000	1.00000	1.00000	1.00000	
2390.00	0.56483	1.00000	1.00000	1.00000	1.00000	
2400.00	0.57153	1.00000	1.00000	1.00000	1.00000	
2410.00	0.57002	1.00000	1.00000	1.00000	1.00000	
2420.00	0.55763	1.00000	1.00000	1.00000	1.00000	
2430.00	0.55264	1.00000	1.00000	1.00000	1.00000	
2440.00	0.56489	1.00000	1.00000	1.00000	1.00000	
2450.00	0.56683	1.00000	1.00000	1.00000	1.00000	
2460.00	0.56642	1.00000	1.00000	1.00000	1.00000	
2470.00	0.57092	1.00000	1.00000	1.00000	1.00000	
2480.00	0.56827	1.00000	1.00000	1.00000	1.00000	
2490.00	0.57520	1.00000	1.00000	1.00000	1.00000	
2500.00	0.56143	1.00000	1.00000	1.00000	1.00000	
2510.00	0.56871	1.00000	1.00000	1.00000	1.00000	
2520.00	0.57628	1.00000	1.00000	1.00000	1.00000	
2530.00	0.57957	1.00000	1.00000	1.00000	1.00000	
2540.00	0.57662	1.00000	1.00000	1.00000	1.00000	
2550.00	0.58621	1.00000	1.00000	1.00000	1.00000	
2560.00	0.58539	1.00000	1.00000	1.00000	1.00000	
2570.00	0.59219	1.00000	1.00000	1.00000	1.00000	
2580.00	0.53915	1.00000	1.00000	1.00000	1.00000	
2590.00	0.55610	1.00000	1.00000	1.00000	1.00000	
2600.00	0.55752	1.00000	1.00000	1.00000	1.00000	
2610.00	0.57260	1.00000	1.00000	1.00000	1.00000	
2620.00	0.57382	1.00000	1.00000	1.00000	1.00000	
2630.00	0.58097	1.00000	1.00000	1.00000	1.00000	
2640.00	0.58585	1.00000	1.00000	1.00000	1.00000	
2650.00	0.59055	1.00000	1.00000	1.00000	1.00000	
2660.00	0.57875	1.00000	1.00000	1.00000	1.00000	
2670.00	0.56875	1.00000	1.00000	1.00000	1.00000	
2680.00	0.55171	1.00000	1.00000	1.00000	1.00000	
2690.00	0.55840	1.00000	1.00000	1.00000	1.00000	
2700.00	0.56145	1.00000	1.00000	1.00000	1.00000	
2710.00	0.56182	1.00000	1.00000	1.00000	1.00000	
2720.00	0.56202	1.00000	1.00000	1.00000	1.00000	
2730.00	0.57024	1.00000	1.00000	1.00000	1.00000	
2740.00	0.55738	1.00000	1.00000	1.00000	1.00000	
2750.00	0.56543	1.00000	1.00000	1.00000	1.00000	
2760.00	0.57662	1.00000	1.00000	1.00000	1.00000	
2770.00	0.57063	1.00000	1.00000	1.00000	1.00000	
2780.00	0.55699	1.00000	1.00000	1.00000	1.00000	
2790.00	0.55780	1.00000	1.00000	1.00000	1.00000	
2800.00	0.57009	1.00000	1.00000	1.00000	1.00000	
2810.00	0.57913	1.00000	1.00000	1.00000	1.00000	
2820.00	0.57339	1.00000	1.00000	1.00000	1.00000	
2830.00	0.56824	1.00000	1.00000	1.00000	1.00000	
2840.00	0.56490	1.00000	1.00000	1.00000	1.00000	
2850.00	0.55572	1.00000	1.00000	1.00000	1.00000	
2860.00	0.55240	1.00000	1.00000	1.00000	1.00000	
2870.00	0.56112	1.00000	1.00000	1.00000	1.00000	
2880.00	0.56725	1.00000	1.00000	1.00000	1.00000	
2890.00	0.57609	1.00000	1.00000	1.00000	1.00000	
2900.00	0.57217	1.00000	1.00000	1.00000	1.00000	
2910.00	0.57412	1.00000	1.00000	1.00000	1.00000	
2920.00	0.57710	1.00000	1.00000	1.00000	1.00000	
2930.00	0.58870	1.00000	1.00000	1.00000	1.00000	
2940.00	0.59157	1.00000	1.00000	1.00000	1.00000	
2950.00	0.59217	1.00000	1.00000	1.00000	1.00000	
2960.00	0.56704	1.00000	1.00000	1.00000	1.00000	
2970.00	0.57046	1.00000	1.00000	1.00000	1.00000	
2980.00	0.55833	1.00000	1.00000	1.00000	1.00000	
2990.00	0.56823	1.00000	1.00000	1.00000	1.00000	
3000.00	0.55881	1.00000	1.00000	1.00000	1.00000	
3010.00	0.56480	1.00000	1.00000	1.00000	1.00000	
3020.00	0.56372	1.00000	1.00000	1.00000	1.00000	
3030.00	0.55484	1.00000	1.00000	1.00000	1.00000	
3040.00	0.55827	1.00000	1.00000	1.00000	1.00000	
3050.00	0.56802	1.00000	1.00000	1.00000	1.00000	
3060.00	0.55363	1.00000	1.00000	1.00000	1.00000	
3070.00	0.55160	1.00000	1.00000	1.00000	1.00000	
3080.00	0.56154	1.00000	1.00000	1.00000	1.00000	
3090.00	0.57112	1.00000	1.00000	1.00000	1.00000	
3100.00	0.57934	1.00000	1.00000	1.00000	1.00000	
3110.00	0.57834	1.00000	1.00000	1.00000	1.00000	
3120.00	0.54459	1.00000	1.00000	1.00000	1.00000	
3130.00	0.54774	1.00000	1.00000	1.00000	1.00000	
3140.00	0.55498	1.00000	1.00000	1.00000	1.00000	
3150.00	0.55771	1.00000	1.00000	1.00000	1.00000	
3160.00	0.56850	1.00000	1.00000	1.00000	1.00000	
3170.00	0.56538	1.00000	1.00000	1.00000	1.00000	
3180.00	0.56079	1.00000	1.00000	1.00000	1.00000	
3190.00	0.56801	1.00000	1.00000	1.00000	1.00000	
3200.00	0.57282	1.00000	1.00000	1.00000	1.00000	
3210.00	0.54751	1.00000	1.00000	1.00000	1.00000	
3220.00	0.55802	1.00000	1.00000	1.00000	1.00000	
3230.00	0.55668	1.00000	1.00000	1.00000	1.00000	
3240.00	0.56839	1.00000	1.00000	1.00000	1.00000	
3250.00	0.57122	1.00000	1.00000	1.00000	1.00000	
3260.00	0.57297	1.00000	1.00000	1.00000	1.00000	
3270.00	0.57463	1.00000	1.00000	1.00000	1.00000	
3280.00	0.57881	1.00000	1.00000	1.00000	1.00000	
3290.00	0.57455	1.00000	1.00000	1.00000	1.00000	
3300.00	0.57031	1.00000	1.00000	1.00000	1.00000	
3310.00	0.57225	1.00000	1.00000	1.00000	1.00000	
3320.00	0.56744	1.00000	1.00000	1.00000	1.00000	
3330.00	0.55877	1.00000	1.00000	1.00000	1.00000	
3340.00	0.54815	1.00000	1.00000	1.00000	1.00000	
3350.00	0.56203	1.00000	1.00000	1.00000	1.00000	
3360.00	0.56647	1.00000	1.00000	1.00000	1.00000	
3370.00	0.57015	1.00000	1.00000	1.00000	1.00000	
3380.00	0.57712	1.00000	1.00000	1.00000	1.00000	
3390.00	0.56942	1.00000	1.00000	1.00000	1.00000	
3400.00	0.56513	1.00000	1.00000	1.00000	1.00000	
3410.00	0.57078	1.00000	1.00000	1.00000	1.00000	
3420.00	0.57353	1.00000	1.00000	1.00000	1.00000	
3430.00	0.55658	1.00000	1.00000	1.00000	1.00000	
3440.00	0.56672	1.00000	1.00000	1.00000	1.00000	
3450.00	0.57045	1.00000	1.00000	1.00000	1.00000	
3460.00	0.57300	1.00000	1.00000	1.00000	1.00000	
3470.00	0.56701	1.00000	1.00000	1.00000	1.00000	
3480.00	0.57068	1.00000	1.00000	1.00000	1.00000	
3490.00	0.56466	1.00000	1.00000	1.00000	1.00000	
3500.00	0.57012	1.00000	1.00000	1.00000	1.00000	
3510.00	0.57896	1.00000	1.00000	1.00000	1.00000	
3520.00	0.57896	1.00000	1.00000	1.00000	1.00000	
3530.00	0.58535	1.00000	1.00000	1.00000	1.00000	
3540.00	0.56036	1.00000	1.00000	1.00000	1.00000	
3550.00	0.55421	1.00000	1.00000	1.00000	1.00000	
3560.00	0.56276	1.00000	1.00000	1.00000	1.00000	
3570.00	0.56859	1.00000	1.00000	1.00000	1.00000	
3580.00	0.56301	1.00000	1.00000	1.00000	1.00000	
3590.00	0.57605	1.00000	1.00000	1.00000	1.00000	
3600.00	0.57634	1.00000	1.00000	1.00000	1.00000	
3610.00	0.57807	1.00000	1.00000	1.00000	1.00000	
3620.00	0.58330	1.00000	1.00000	1.00000	1.00000	
3630.00	0.58345	1.00000	1.00000	1.00000	1.00000	
3640.00	0.56565	1.00000	1.00000	1.00000	1.00000	
3650.00	0.57289	1.00000	1.00000	1.00000	1.00000	
3660.00	0.56801	1.00000	1.00000	1.00000	1.00000	
3670.00	0.56298	1.00000	1.00000	1.00000	1.00000	
3680.00	0.54234	1.00000	1.00000	1.00000	1.00000	
3690.00	0.55277	1.00000	1.00000	1.00000	1.00000	
3700.00	0.56614	1.00000	1.00000	1.00000	1.00000	
3710.00	0.57023	1.00000	1.00000	1.00000	1.00000	
3720.00	0.57614	1.00000	1.00000	1.00000	1.00000	
3730.00	0.56866	1.00000	1.00000	1.00000	1.00000	
3740.00	0.56827	1.00000	1.00000	1.00000	1.00000	
3750.00	0.57337	1.00000	1.00000	1.00000	1.00000	
3760.00	0.57786	1.00000	1.00000	1.00000	1.00000	
3770.00	0.56644	1.00000	1.00000	1.00000	1.00000	
3780.00	0.57393	1.00000	1.00000	1.00000	1.00000	
3790.00	0.58522	1.00000	1.00000	1.00000	1.00000	
3800.00	0.58581	1.00000	1.00000	1.00000	1.00000	
3810.00	0.58048	1.00000	1.00000	1.00000	1.00000	
3820.00	0.53549	1.00000	1.00000	1.00000	1.00000	
3830.00	0.54267	1.00000	1.00000	1.00000	1.00000	
3840.00	0.55550	1.00000	1.00000	1.00000	1.00000	
3850.00	0.56290	1.00000	1.00000	1.00000	1.00000	
3860.00	0.56639	1.00000	1.00000	1.00000	1.00000	
3870.00	0.56636	1.00000	1.00000	1.00000	1.00000	
3880.00	0.57093	1.00000	1.00000	1.00000	1.00000	
3890.00	0.56798	1.00000	1.00000	1.00000	1.00000	
3900.00	0.56880	1.00000	1.00000	1.00000	1.00000	
3910.00	0.57422	1.00000	1.00000	1.00000	1.00000	
3920.00	0.57737	1.00000	1.00000	1.00000	1.00000	
3930.00	0.58078	1.00000	1.00000	1.00000	1.00000	
3940.00	0.57215	1.00000	1.00000	1.00000	1.00000	
3950.00	0.57294	1.00000	1.00000	1.00000	1.00000	
3960.00	0.55917	1.00000	1.00000	1.00000	1.00000	
3970.00	0.55225	1.00000	1.00000	1.00000	1.00000	
3980.00	0.54859	1.00000	1.00000	1.00000	1.00000	
3990.00	0.53350	1.00000	1.00000	1.00000	1.00000	
4000.00	0.54395	1.00000	1.00000	1.00000	1.00000	
