10.00	0.99927	0.99935	0.99847	0.99917	0.99875	
20.00	0.99913	0.99938	0.99854	0.99913	0.99852	
30.00	0.99915	0.99941	0.99861	0.99917	0.99859	
40.00	0.99917	0.99943	0.99863	0.99914	0.99866	
50.00	0.99914	0.99946	0.99853	0.99917	0.99871	
60.00	0.99913	0.99948	0.99854	0.99921	0.99877	
70.00	0.99901	0.99950	0.99861	0.99925	0.99883	
80.00	0.99871	0.99952	0.99860	0.99929	0.99869	
90.00	0.99878	0.99954	0.99867	0.99919	0.99875	
100.00	0.99884	0.99948	0.99865	0.99920	0.99881	
110.00	0.99889	0.99948	0.99872	0.99924	0.99882	
120.00	0.99895	0.99950	0.99878	0.99928	0.99887	
130.00	0.99878	0.99951	0.99884	0.99931	0.99867	
140.00	0.99882	0.99942	0.99888	0.99935	0.99873	
150.00	0.99884	0.99945	0.99885	0.99937	0.99879	
160.00	0.99886	0.99936	0.99890	0.99915	0.99885	
170.00	0.99891	0.99939	0.99872	0.99919	0.99891	
180.00	0.99897	0.99934	0.99858	0.99923	0.99880	
190.00	0.99899	0.99937	0.99852	0.99926	0.99886	
200.00	0.99904	0.99940	0.99849	0.99920	0.99889	
210.00	0.99905	0.99943	0.99818	0.99924	0.99891	
220.00	0.99908	0.99946	0.99826	0.99909	0.99897	
230.00	0.99888	0.99949	0.99834	0.99900	0.99902	
240.00	0.99891	0.99932	0.99842	0.99893	0.99906	
250.00	0.99896	0.99932	0.99850	0.99898	0.99911	
260.00	0.99891	0.99911	0.99856	0.99898	0.99911	
270.00	0.99895	0.99899	0.99863	0.99903	0.99915	
280.00	0.99900	0.99904	0.99869	0.99908	0.99880	
290.00	0.99905	0.99905	0.99875	0.99908	0.99886	
300.00	0.99910	0.99909	0.99881	0.99910	0.99891	
310.00	0.99914	0.99893	0.99876	0.99915	0.99897	
320.00	0.99909	0.99896	0.99882	0.99919	0.99897	
330.00	0.99914	0.99901	0.99888	0.99900	0.99902	
340.00	0.99898	0.99906	0.99893	0.99905	0.99907	
350.00	0.99903	0.99910	0.99898	0.99910	0.99911	
360.00	0.99882	0.99915	0.99872	0.99889	0.99916	
370.00	0.99888	0.99917	0.99878	0.99894	0.99920	
380.00	0.99889	0.99913	0.99884	0.99880	0.99919	
390.00	0.99894	0.99898	0.99890	0.99886	0.99916	
400.00	0.99851	0.99903	0.99889	0.99891	0.99920	
410.00	0.99841	0.99908	0.99895	0.99897	0.99924	
420.00	0.99848	0.99912	0.99899	0.99902	0.99918	
430.00	0.99831	0.99908	0.99903	0.99896	0.99922	
440.00	0.99835	0.99912	0.99908	0.99901	0.99926	
450.00	0.99842	0.99915	0.99882	0.99906	0.99926	
460.00	0.99847	0.99919	0.99888	0.99910	0.99930	
470.00	0.99842	0.99921	0.99892	0.99911	0.99930	
480.00	0.99850	0.99922	0.99888	0.99895	0.99934	
490.00	0.99805	0.99925	0.99885	0.99899	0.99937	
500.00	0.99812	0.99929	0.99880	0.99902	0.99929	
510.00	0.99776	0.99930	0.99886	0.99906	0.99932	
520.00	0.99786	0.99933	0.99883	0.99908	0.99935	
530.00	0.99790	0.99936	0.99886	0.99909	0.99939	
540.00	0.99800	0.99929	0.99865	0.99913	0.99942	
550.00	0.99800	0.99932	0.99872	0.99917	0.99930	
560.00	0.99809	0.99936	0.99877	0.99908	0.99933	
570.00	0.99819	0.99938	0.99879	0.99912	0.99913	
580.00	0.99827	0.99932	0.99880	0.99903	0.99917	
590.00	0.99835	0.99930	0.99885	0.99907	0.99921	
600.00	0.99827	0.99933	0.99891	0.99906	0.99924	
610.00	0.99833	0.99931	0.99896	0.99882	0.99916	
620.00	0.99841	0.99934	0.99901	0.99884	0.99913	
630.00	0.99849	0.99937	0.99906	0.99889	0.99900	
640.00	0.99856	0.99937	0.99910	0.99875	0.99905	
650.00	0.99859	0.99939	0.99891	0.99874	0.99908	
660.00	0.99836	0.99934	0.99896	0.99878	0.99912	
670.00	0.99831	0.99934	0.99898	0.99843	0.99917	
680.00	0.99839	0.99934	0.99903	0.99851	0.99921	
690.00	0.99847	0.99936	0.99882	0.99839	0.99923	
700.00	0.99854	0.99916	0.99887	0.99847	0.99909	
710.00	0.99861	0.99920	0.99890	0.99826	0.99912	
720.00	0.99868	0.99924	0.99895	0.99810	0.99916	
730.00	0.99874	0.99904	0.99900	0.99804	0.99920	
740.00	0.99880	0.99862	0.99905	0.99813	0.99921	
750.00	0.99886	0.99869	0.99910	0.99822	0.99925	
760.00	0.99892	0.99852	0.99887	0.99815	0.99929	
770.00	0.99897	0.99859	0.99864	0.99813	0.99932	
780.00	0.99890	0.99843	0.99870	0.99805	0.99935	
790.00	0.99893	0.99850	0.99860	0.99813	0.99939	
800.00	0.99879	0.99854	0.99843	0.99804	0.99942	
810.00	0.99880	0.99860	0.99849	0.99784	0.99944	
820.00	0.99884	0.99866	0.99856	0.99777	0.99941	
830.00	0.99887	0.99871	0.99863	0.99788	0.99943	
840.00	0.99853	0.99877	0.99870	0.99752	0.99946	
850.00	0.99860	0.99883	0.99876	0.99764	0.99948	
860.00	0.99867	0.99850	0.99879	0.99776	0.99951	
870.00	0.99874	0.99843	0.99885	0.99780	0.99953	
880.00	0.99880	0.99831	0.99887	0.99778	0.99955	
890.00	0.99878	0.99839	0.99892	0.99788	0.99957	
900.00	0.99875	0.99847	0.99898	0.99799	0.99957	
910.00	0.99864	0.99854	0.99901	0.99795	0.99947	
920.00	0.99869	0.99852	0.99896	0.99792	0.99946	
930.00	0.99862	0.99849	0.99892	0.99786	0.99949	
940.00	0.99868	0.99856	0.99897	0.99796	0.99951	
950.00	0.99875	0.99863	0.99902	0.99801	0.99942	
960.00	0.99870	0.99868	0.99885	0.99786	0.99945	
970.00	0.99876	0.99875	0.99890	0.99791	0.99946	
980.00	0.99881	0.99881	0.99895	0.99794	0.99948	
990.00	0.99887	0.99887	0.99887	0.99805	0.99943	
1000.00	0.99892	0.99892	0.99876	0.99814	0.99945	
1010.00	0.99791	0.99898	0.99874	0.99823	0.99948	
1020.00	0.99130	0.99903	0.99880	0.99831	0.99951	
1030.00	0.98271	0.99907	0.99886	0.99840	0.99953	
1040.00	0.96908	0.99912	0.99892	0.99847	0.99955	
1050.00	0.96019	0.99916	0.99897	0.99855	0.99958	
1060.00	0.95688	0.99920	0.99902	0.99862	0.99960	
1070.00	0.95437	0.99924	0.99907	0.99869	0.99962	
1080.00	0.95139	0.99928	0.99911	0.99875	0.99963	
1090.00	0.94842	0.99931	0.99916	0.99881	0.99965	
1100.00	0.94717	0.99935	0.99920	0.99887	0.99967	
1110.00	0.94725	0.99938	0.99924	0.99892	0.99969	
1120.00	0.94692	0.99941	0.99927	0.99893	0.99970	
1130.00	0.94840	0.99938	0.99931	0.99898	0.99961	
1140.00	0.94874	0.99938	0.99934	0.99900	0.99960	
1150.00	0.94998	0.99936	0.99937	0.99905	0.99959	
1160.00	0.95039	0.99939	0.99940	0.99909	0.99961	
1170.00	0.94999	0.99941	0.99928	0.99913	0.99963	
1180.00	0.95157	0.99944	0.99931	0.99917	0.99964	
1190.00	0.95181	0.99947	0.99934	0.99921	0.99966	
1200.00	0.95298	0.99948	0.99938	0.99924	0.99968	
1210.00	0.95452	0.99951	0.99940	0.99928	0.99962	
1220.00	0.95610	0.99950	0.99943	0.99932	0.99964	
1230.00	0.95809	0.99952	0.99939	0.99935	0.99966	
1240.00	0.95983	0.99955	0.99942	0.99938	0.99967	
1250.00	0.96142	0.99957	0.99945	0.99941	0.99969	
1260.00	0.96307	0.99959	0.99939	0.99925	0.99970	
1270.00	0.96476	0.99961	0.99942	0.99929	0.99972	
1280.00	0.96604	0.99963	0.99943	0.99932	0.99956	
1290.00	0.96756	0.99964	0.99946	0.99930	0.99946	
1300.00	0.96858	0.99940	0.99949	0.99933	0.99949	
1310.00	0.96948	0.99929	0.99951	0.99937	0.99952	
1320.00	0.96996	0.99931	0.99954	0.99904	0.99954	
1330.00	0.97081	0.99934	0.99955	0.99908	0.99940	
1340.00	0.97158	0.99936	0.99948	0.99912	0.99943	
1350.00	0.97233	0.99939	0.99947	0.99916	0.99946	
1360.00	0.97292	0.99942	0.99950	0.99913	0.99885	
1370.00	0.97391	0.99914	0.99952	0.99917	0.99890	
1380.00	0.97401	0.99915	0.99952	0.99921	0.99895	
1390.00	0.97420	0.99890	0.99950	0.99923	0.99897	
1400.00	0.97487	0.99895	0.99951	0.99926	0.99902	
1410.00	0.97479	0.99898	0.99954	0.99929	0.99902	
1420.00	0.97582	0.99903	0.99956	0.99933	0.99907	
1430.00	0.97690	0.99908	0.99958	0.99930	0.99911	
1440.00	0.97799	0.99912	0.99959	0.99934	0.99910	
1450.00	0.97849	0.99908	0.99961	0.99937	0.99911	
1460.00	0.97931	0.99912	0.99953	0.99924	0.99916	
1470.00	0.98017	0.99911	0.99956	0.99907	0.99919	
1480.00	0.98106	0.99916	0.99958	0.99912	0.99923	
1490.00	0.98143	0.99910	0.99960	0.99916	0.99927	
1500.00	0.98215	0.99870	0.99962	0.99920	0.99931	
1510.00	0.98273	0.99874	0.99964	0.99924	0.99934	
1520.00	0.98309	0.99880	0.99966	0.99927	0.99937	
1530.00	0.98374	0.99886	0.99957	0.99931	0.99940	
1540.00	0.98451	0.99891	0.99960	0.99909	0.99920	
1550.00	0.98504	0.99896	0.99951	0.99913	0.99924	
1560.00	0.98554	0.99901	0.99939	0.99915	0.99928	
1570.00	0.98612	0.99906	0.99942	0.99919	0.99931	
1580.00	0.98680	0.99910	0.99945	0.99903	0.99920	
1590.00	0.98744	0.99898	0.99948	0.99907	0.99923	
1600.00	0.98772	0.99903	0.99950	0.99877	0.99927	
1610.00	0.98747	0.99907	0.99953	0.99882	0.99929	
1620.00	0.98737	0.99912	0.99955	0.99862	0.99933	
1630.00	0.98737	0.99916	0.99957	0.99869	0.99935	
1640.00	0.98680	0.99920	0.99959	0.99861	0.99938	
1650.00	0.98677	0.99905	0.99961	0.99868	0.99941	
1660.00	0.98726	0.99909	0.99941	0.99875	0.99941	
1670.00	0.98682	0.99913	0.99928	0.99872	0.99944	
1680.00	0.98740	0.99901	0.99928	0.99878	0.99909	
1690.00	0.98752	0.99885	0.99918	0.99876	0.99913	
1700.00	0.98757	0.99891	0.99922	0.99882	0.99917	
1710.00	0.98797	0.99882	0.99924	0.99887	0.99903	
1720.00	0.98777	0.99888	0.99927	0.99874	0.99908	
1730.00	0.98835	0.99893	0.99931	0.99880	0.99894	
1740.00	0.98872	0.99899	0.99934	0.99882	0.99899	
1750.00	0.98887	0.99900	0.99936	0.99887	0.99898	
1760.00	0.98925	0.99904	0.99917	0.99893	0.99903	
1770.00	0.98913	0.99909	0.99921	0.99898	0.99907	
1780.00	0.98931	0.99913	0.99925	0.99903	0.99911	
1790.00	0.98894	0.99918	0.99911	0.99907	0.99913	
1800.00	0.98856	0.99922	0.99915	0.99912	0.99918	
1810.00	0.98700	0.99925	0.99919	0.99916	0.99922	
1820.00	0.98716	0.99929	0.99923	0.99920	0.99925	
1830.00	0.98598	0.99933	0.99927	0.99924	0.99929	
1840.00	0.98515	0.99936	0.99931	0.99928	0.99932	
1850.00	0.98413	0.99925	0.99934	0.99931	0.99936	
1860.00	0.97928	0.99929	0.99937	0.99934	0.99939	
1870.00	0.97049	0.99932	0.99940	0.99937	0.99942	
1880.00	0.96392	0.99936	0.99943	0.99941	0.99945	
1890.00	0.96028	0.99939	0.99946	0.99943	0.99947	
1900.00	0.95685	0.99942	0.99949	0.99946	0.99950	
1910.00	0.95093	0.99945	0.99951	0.99949	0.99952	
1920.00	0.94420	0.99947	0.99954	0.99951	0.99955	
1930.00	0.93787	0.99950	0.99956	0.99954	0.99957	
1940.00	0.93311	0.99952	0.99958	0.99956	0.99959	
1950.00	0.92667	0.99955	0.99960	0.99958	0.99961	
1960.00	0.92033	0.99957	0.99962	0.99960	0.99963	
1970.00	0.91572	0.99959	0.99964	0.99962	0.99965	
1980.00	0.91027	0.99961	0.99966	0.99964	0.99966	
1990.00	0.90539	0.99963	0.99967	0.99966	0.99968	
2000.00	0.89896	0.99965	0.99969	0.99967	0.99970	
2010.00	0.89826	0.99966	0.99970	0.99969	0.99971	
2020.00	0.88872	0.99968	0.99972	0.99970	0.99973	
2030.00	0.88701	0.99970	0.99973	0.99968	0.99974	
2040.00	0.88039	0.99971	0.99974	0.99969	0.99975	
2050.00	0.86942	0.99972	0.99976	0.99971	0.99976	
2060.00	0.86507	0.99974	0.99977	0.99972	0.99978	
2070.00	0.86115	0.99975	0.99978	0.99973	0.99979	
2080.00	0.85821	0.99976	0.99979	0.99975	0.99980	
2090.00	0.85020	0.99977	0.99980	0.99976	0.99981	
2100.00	0.84804	0.99979	0.99981	0.99977	0.99982	
2110.00	0.84423	0.99980	0.99982	0.99978	0.99983	
2120.00	0.83852	0.99981	0.99983	0.99979	0.99983	
2130.00	0.83874	0.99982	0.99984	0.99980	0.99984	
2140.00	0.83271	0.99982	0.99984	0.99981	0.99985	
2150.00	0.83306	0.99983	0.99985	0.99982	0.99985	
2160.00	0.83298	0.99984	0.99986	0.99983	0.99986	
2170.00	0.83184	0.99985	0.99987	0.99984	0.99987	
2180.00	0.81713	0.99986	0.99987	0.99985	0.99987	
2190.00	0.81631	0.99986	0.99988	0.99985	0.99988	
2200.00	0.81963	0.99987	0.99988	0.99986	0.99989	
2210.00	0.81500	0.99988	0.99989	0.99987	0.99989	
2220.00	0.80867	0.99988	0.99990	0.99987	0.99990	
2230.00	0.80923	0.99989	0.99990	0.99988	0.99990	
2240.00	0.80273	0.99989	0.99991	0.99989	0.99991	
2250.00	0.79584	0.99990	0.99991	0.99989	0.99991	
2260.00	0.79284	0.99990	0.99991	0.99990	0.99992	
2270.00	0.79337	0.99991	0.99992	0.99990	0.99992	
2280.00	0.79363	0.99991	0.99992	0.99991	0.99992	
2290.00	0.79137	0.99992	0.99993	0.99991	0.99993	
2300.00	0.79277	0.99992	0.99993	0.99992	0.99993	
2310.00	0.79038	0.99993	0.99993	0.99992	0.99993	
2320.00	0.78539	0.99993	0.99994	0.99992	0.99994	
2330.00	0.78138	0.99993	0.99994	0.99993	0.99994	
2340.00	0.78041	0.99994	0.99994	0.99993	0.99994	
2350.00	0.77861	0.99994	0.99995	0.99993	0.99995	
2360.00	0.77301	0.99994	0.99995	0.99994	0.99995	
2370.00	0.77119	0.99994	0.99995	0.99994	0.99995	
2380.00	0.77186	0.99995	0.99995	0.99994	0.99995	
2390.00	0.76757	0.99995	0.99996	0.99995	0.99996	
2400.00	0.76508	0.99995	0.99996	0.99995	0.99996	
2410.00	0.76313	0.99995	0.99996	0.99995	0.99996	
2420.00	0.75051	0.99996	0.99996	0.99995	0.99996	
2430.00	0.75313	0.99996	0.99996	0.99996	0.99996	
2440.00	0.74561	0.99996	0.99997	0.99996	0.99997	
2450.00	0.74386	0.99996	0.99997	0.99996	0.99997	
2460.00	0.74067	0.99996	0.99997	0.99996	0.99997	
2470.00	0.73629	0.99997	0.99997	0.99996	0.99997	
2480.00	0.74061	0.99997	0.99997	0.99997	0.99997	
2490.00	0.73237	0.99997	0.99997	0.99997	0.99997	
2500.00	0.73855	0.99997	0.99997	0.99997	0.99997	
2510.00	0.73851	0.99997	0.99998	0.99997	0.99998	
2520.00	0.72421	0.99997	0.99998	0.99997	0.99998	
2530.00	0.71741	0.99998	0.99998	0.99997	0.99998	
2540.00	0.71893	0.99998	0.99998	0.99997	0.99998	
2550.00	0.71936	0.99998	0.99998	0.99998	0.99998	
2560.00	0.71900	0.99998	0.99998	0.99998	0.99998	
2570.00	0.72005	0.99998	0.99998	0.99998	0.99998	
2580.00	0.72033	0.99998	0.99998	0.99998	0.99998	
2590.00	0.71739	0.99998	0.99998	0.99998	0.99998	
2600.00	0.72215	0.99998	0.99998	0.99998	0.99998	
2610.00	0.71887	0.99998	0.99999	0.99998	0.99999	
2620.00	0.72124	0.99998	0.99999	0.99998	0.99999	
2630.00	0.72198	0.99999	0.99999	0.99998	0.99999	
2640.00	0.72336	0.99999	0.99999	0.99998	0.99999	
2650.00	0.72048	0.99999	0.99999	0.99999	0.99999	
2660.00	0.71048	0.99999	0.99999	0.99999	0.99999	
2670.00	0.71135	0.99999	0.99999	0.99999	0.99999	
2680.00	0.71482	0.99999	0.99999	0.99999	0.99999	
2690.00	0.71656	0.99999	0.99999	0.99999	0.99999	
2700.00	0.71860	0.99999	0.99999	0.99999	0.99999	
2710.00	0.71723	0.99999	0.99999	0.99999	0.99999	
2720.00	0.70427	0.99999	0.99999	0.99999	0.99999	
2730.00	0.70113	0.99999	0.99999	0.99999	0.99999	
2740.00	0.70293	0.99999	0.99999	0.99999	0.99999	
2750.00	0.70327	0.99999	0.99999	0.99999	0.99999	
2760.00	0.68212	0.99999	0.99999	0.99999	0.99999	
2770.00	0.68250	0.99999	0.99999	0.99999	0.99999	
2780.00	0.68305	0.99999	0.99999	0.99999	0.99999	
2790.00	0.67652	0.99999	0.99999	0.99999	0.99999	
2800.00	0.68428	0.99999	0.99999	0.99999	0.99999	
2810.00	0.68780	0.99999	0.99999	0.99999	0.99999	
2820.00	0.68855	0.99999	0.99999	0.99999	1.00000	
2830.00	0.69225	0.99999	1.00000	0.99999	1.00000	
2840.00	0.69226	0.99999	1.00000	0.99999	1.00000	
2850.00	0.68923	1.00000	1.00000	0.99999	1.00000	
2860.00	0.67821	1.00000	1.00000	1.00000	1.00000	
2870.00	0.68002	1.00000	1.00000	1.00000	1.00000	
2880.00	0.68272	1.00000	1.00000	1.00000	1.00000	
2890.00	0.67859	1.00000	1.00000	1.00000	1.00000	
2900.00	0.68278	1.00000	1.00000	1.00000	1.00000	
2910.00	0.67606	1.00000	1.00000	1.00000	1.00000	
2920.00	0.68128	1.00000	1.00000	1.00000	1.00000	
2930.00	0.67625	1.00000	1.00000	1.00000	1.00000	
2940.00	0.67160	1.00000	1.00000	1.00000	1.00000	
2950.00	0.67646	1.00000	1.00000	1.00000	1.00000	
2960.00	0.66657	1.00000	1.00000	1.00000	1.00000	
2970.00	0.66715	1.00000	1.00000	1.00000	1.00000	
2980.00	0.67417	1.00000	1.00000	1.00000	1.00000	
2990.00	0.67169	1.00000	1.00000	1.00000	1.00000	
3000.00	0.67835	1.00000	1.00000	1.00000	1.00000	
3010.00	0.67673	1.00000	1.00000	1.00000	1.00000	
3020.00	0.68324	1.00000	1.00000	1.00000	1.00000	
3030.00	0.67783	1.00000	1.00000	1.00000	1.00000	
3040.00	0.67752	1.00000	1.00000	1.00000	1.00000	
3050.00	0.66980	1.00000	1.00000	1.00000	1.00000	
3060.00	0.66993	1.00000	1.00000	1.00000	1.00000	
3070.00	0.67529	1.00000	1.00000	1.00000	1.00000	
3080.00	0.67452	1.00000	1.00000	1.00000	1.00000	
3090.00	0.68156	1.00000	1.00000	1.00000	1.00000	
3100.00	0.67369	1.00000	1.00000	1.00000	1.00000	
3110.00	0.67087	1.00000	1.00000	1.00000	1.00000	
3120.00	0.66897	1.00000	1.00000	1.00000	1.00000	
3130.00	0.66866	1.00000	1.00000	1.00000	1.00000	
3140.00	0.66430	1.00000	1.00000	1.00000	1.00000	
3150.00	0.66983	1.00000	1.00000	1.00000	1.00000	
3160.00	0.66014	1.00000	1.00000	1.00000	1.00000	
3170.00	0.66139	1.00000	1.00000	1.00000	1.00000	
3180.00	0.66195	1.00000	1.00000	1.00000	1.00000	
3190.00	0.66381	1.00000	1.00000	1.00000	1.00000	
3200.00	0.66315	1.00000	1.00000	1.00000	1.00000	
3210.00	0.66184	1.00000	1.00000	1.00000	1.00000	
3220.00	0.66449	1.00000	1.00000	1.00000	1.00000	
3230.00	0.67056	1.00000	1.00000	1.00000	1.00000	
3240.00	0.67210	1.00000	1.00000	1.00000	1.00000	
3250.00	0.67738	1.00000	1.00000	1.00000	1.00000	
3260.00	0.67185	1.00000	1.00000	1.00000	1.00000	
3270.00	0.66288	1.00000	1.00000	1.00000	1.00000	
3280.00	0.66604	1.00000	1.00000	1.00000	1.00000	
3290.00	0.67405	1.00000	1.00000	1.00000	1.00000	
3300.00	0.66069	1.00000	1.00000	1.00000	1.00000	
3310.00	0.66260	1.00000	1.00000	1.00000	1.00000	
3320.00	0.64958	1.00000	1.00000	1.00000	1.00000	
3330.00	0.66009	1.00000	1.00000	1.00000	1.00000	
3340.00	0.66292	1.00000	1.00000	1.00000	1.00000	
3350.00	0.66446	1.00000	1.00000	1.00000	1.00000	
3360.00	0.66664	1.00000	1.00000	1.00000	1.00000	
3370.00	0.67100	1.00000	1.00000	1.00000	1.00000	
3380.00	0.66545	1.00000	1.00000	1.00000	1.00000	
3390.00	0.66415	1.00000	1.00000	1.00000	1.00000	
3400.00	0.66697	1.00000	1.00000	1.00000	1.00000	
3410.00	0.66110	1.00000	1.00000	1.00000	1.00000	
3420.00	0.65602	1.00000	1.00000	1.00000	1.00000	
3430.00	0.64918	1.00000	1.00000	1.00000	1.00000	
3440.00	0.65075	1.00000	1.00000	1.00000	1.00000	
3450.00	0.65818	1.00000	1.00000	1.00000	1.00000	
3460.00	0.65857	1.00000	1.00000	1.00000	1.00000	
3470.00	0.65001	1.00000	1.00000	1.00000	1.00000	
3480.00	0.65620	1.00000	1.00000	1.00000	1.00000	
3490.00	0.65756	1.00000	1.00000	1.00000	1.00000	
3500.00	0.66294	1.00000	1.00000	1.00000	1.00000	
3510.00	0.66391	1.00000	1.00000	1.00000	1.00000	
3520.00	0.66372	1.00000	1.00000	1.00000	1.00000	
3530.00	0.65678	1.00000	1.00000	1.00000	1.00000	
3540.00	0.65367	1.00000	1.00000	1.00000	1.00000	
3550.00	0.64223	1.00000	1.00000	1.00000	1.00000	
3560.00	0.64828	1.00000	1.00000	1.00000	1.00000	
3570.00	0.65637	1.00000	1.00000	1.00000	1.00000	
3580.00	0.65672	1.00000	1.00000	1.00000	1.00000	
3590.00	0.64822	1.00000	1.00000	1.00000	1.00000	
3600.00	0.63985	1.00000	1.00000	1.00000	1.00000	
3610.00	0.64678	1.00000	1.00000	1.00000	1.00000	
3620.00	0.64791	1.00000	1.00000	1.00000	1.00000	
3630.00	0.64552	1.00000	1.00000	1.00000	1.00000	
3640.00	0.65113	1.00000	1.00000	1.00000	1.00000	
3650.00	0.64874	1.00000	1.00000	1.00000	1.00000	
3660.00	0.65601	1.00000	1.00000	1.00000	1.00000	
3670.00	0.63725	1.00000	1.00000	1.00000	1.00000	
3680.00	0.63810	1.00000	1.00000	1.00000	1.00000	
3690.00	0.63616	1.00000	1.00000	1.00000	1.00000	
3700.00	0.64445	1.00000	1.00000	1.00000	1.00000	
3710.00	0.63845	1.00000	1.00000	1.00000	1.00000	
3720.00	0.64295	1.00000	1.00000	1.00000	1.00000	
3730.00	0.63766	1.00000	1.00000	1.00000	1.00000	
3740.00	0.63435	1.00000	1.00000	1.00000	1.00000	
3750.00	0.63546	1.00000	1.00000	1.00000	1.00000	
3760.00	0.63657	1.00000	1.00000	1.00000	1.00000	
3770.00	0.64536	1.00000	1.00000	1.00000	1.00000	
3780.00	0.64809	1.00000	1.00000	1.00000	1.00000	
3790.00	0.64674	1.00000	1.00000	1.00000	1.00000	
3800.00	0.65333	1.00000	1.00000	1.00000	1.00000	
3810.00	0.66357	1.00000	1.00000	1.00000	1.00000	
3820.00	0.66434	1.00000	1.00000	1.00000	1.00000	
3830.00	0.65207	1.00000	1.00000	1.00000	1.00000	
3840.00	0.64844	1.00000	1.00000	1.00000	1.00000	
3850.00	0.64867	1.00000	1.00000	1.00000	1.00000	
3860.00	0.65328	1.00000	1.00000	1.00000	1.00000	
3870.00	0.65729	1.00000	1.00000	1.00000	1.00000	
3880.00	0.64144	1.00000	1.00000	1.00000	1.00000	
3890.00	0.64261	1.00000	1.00000	1.00000	1.00000	
3900.00	0.64708	1.00000	1.00000	1.00000	1.00000	
3910.00	0.65251	1.00000	1.00000	1.00000	1.00000	
3920.00	0.65770	1.00000	1.00000	1.00000	1.00000	
3930.00	0.66165	1.00000	1.00000	1.00000	1.00000	
3940.00	0.65636	1.00000	1.00000	1.00000	1.00000	
3950.00	0.65752	1.00000	1.00000	1.00000	1.00000	
3960.00	0.66459	1.00000	1.00000	1.00000	1.00000	
3970.00	0.67432	1.00000	1.00000	1.00000	1.00000	
3980.00	0.67259	1.00000	1.00000	1.00000	1.00000	
3990.00	0.63698	1.00000	1.00000	1.00000	1.00000	
4000.00	0.63831	1.00000	1.00000	1.00000	1.00000	
