10.00 -0.4838 -0.4806 -0.4804 -0.4807 -0.4831 -0.3200
20.00 -0.4690 -0.4661 -0.4569 -0.4711 -0.4666 -0.3031
30.00 -0.4857 -0.4781 -0.4915 -0.4915 -0.4849 -0.3004
40.00 -0.4717 -0.4670 -0.4645 -0.4636 -0.4600 -0.3197
50.00 -0.4924 -0.4978 -0.4928 -0.4927 -0.4966 -0.3200
60.00 -0.5044 -0.5061 -0.5174 -0.5068 -0.5098 -0.3234
70.00 -0.4456 -0.4541 -0.4543 -0.4505 -0.4563 -0.2989
80.00 -0.4857 -0.4816 -0.4906 -0.4824 -0.4865 -0.3121
90.00 -0.5127 -0.5226 -0.5204 -0.5192 -0.5129 -0.3431
100.00 -0.4530 -0.4493 -0.4597 -0.4605 -0.4627 -0.2939
110.00 -0.4560 -0.4555 -0.4633 -0.4584 -0.4589 -0.2917
120.00 -0.5141 -0.5122 -0.5058 -0.5168 -0.5059 -0.3382
130.00 -0.4744 -0.4789 -0.4807 -0.4823 -0.4815 -0.3221
140.00 -0.4516 -0.4506 -0.4670 -0.4595 -0.4680 -0.2949
150.00 -0.4783 -0.4890 -0.4804 -0.4817 -0.4852 -0.3132
160.00 -0.5027 -0.5042 -0.4929 -0.4968 -0.4937 -0.3188
170.00 -0.4733 -0.4678 -0.4775 -0.4773 -0.4684 -0.3160
180.00 -0.4812 -0.4757 -0.4821 -0.4847 -0.4890 -0.3122
190.00 -0.4691 -0.4640 -0.4657 -0.4720 -0.4728 -0.3052
200.00 -0.4798 -0.4843 -0.4966 -0.4908 -0.4816 -0.3193
210.00 -0.4971 -0.4939 -0.5004 -0.4962 -0.4927 -0.3225
220.00 -0.4677 -0.4747 -0.4672 -0.4650 -0.4735 -0.3196
230.00 -0.4857 -0.4869 -0.4841 -0.4853 -0.4797 -0.3130
240.00 -0.4680 -0.4632 -0.4668 -0.4703 -0.4675 -0.2965
250.00 -0.4870 -0.5006 -0.4940 -0.4942 -0.4998 -0.3218
260.00 -0.4826 -0.4795 -0.4750 -0.4818 -0.4785 -0.3114
270.00 -0.4837 -0.4778 -0.4808 -0.4826 -0.4806 -0.3064
280.00 -0.4999 -0.5014 -0.5097 -0.5116 -0.5037 -0.3346
290.00 -0.4639 -0.4739 -0.4596 -0.4633 -0.4670 -0.2913
300.00 -0.4762 -0.4737 -0.4799 -0.4797 -0.4695 -0.3202
310.00 -0.4865 -0.4943 -0.4908 -0.4862 -0.4888 -0.3091
320.00 -0.4650 -0.4550 -0.4583 -0.4586 -0.4562 -0.3080
330.00 -0.4754 -0.4676 -0.4678 -0.4797 -0.4729 -0.3113
340.00 -0.5114 -0.5165 -0.5147 -0.5018 -0.5093 -0.3231
350.00 -0.4558 -0.4584 -0.4547 -0.4520 -0.4548 -0.2987
360.00 -0.4680 -0.4709 -0.4674 -0.4676 -0.4626 -0.3033
370.00 -0.5065 -0.5105 -0.5016 -0.5018 -0.5014 -0.3189
380.00 -0.4755 -0.4789 -0.4765 -0.4778 -0.4764 -0.3141
390.00 -0.4628 -0.4695 -0.4656 -0.4631 -0.4603 -0.3048
400.00 -0.4886 -0.4953 -0.4943 -0.4990 -0.4963 -0.3138
410.00 -0.5049 -0.5103 -0.5098 -0.5037 -0.5112 -0.3374
420.00 -0.4726 -0.4669 -0.4666 -0.4721 -0.4746 -0.3019
430.00 -0.4571 -0.4539 -0.4617 -0.4488 -0.4492 -0.2904
440.00 -0.4917 -0.4874 -0.4893 -0.4859 -0.4902 -0.3110
450.00 -0.4912 -0.4925 -0.4902 -0.4913 -0.4955 -0.3257
460.00 -0.4766 -0.4809 -0.4692 -0.4727 -0.4690 -0.3148
470.00 -0.4946 -0.4880 -0.4956 -0.4846 -0.4948 -0.3168
480.00 -0.4917 -0.4968 -0.4947 -0.4994 -0.4986 -0.3135
490.00 -0.4827 -0.4780 -0.4903 -0.4882 -0.4903 -0.3186
500.00 -0.4457 -0.4442 -0.4474 -0.4503 -0.4400 -0.2881
510.00 -0.5024 -0.5045 -0.4971 -0.4980 -0.5098 -0.3285
520.00 -0.4740 -0.4729 -0.4748 -0.4770 -0.4685 -0.3088
530.00 -0.4953 -0.4979 -0.4918 -0.4988 -0.4977 -0.3195
540.00 -0.4619 -0.4626 -0.4570 -0.4527 -0.4577 -0.2889
550.00 -0.4753 -0.4810 -0.4853 -0.4700 -0.4824 -0.3082
560.00 -0.4913 -0.4944 -0.5059 -0.4949 -0.4912 -0.3210
570.00 -0.4832 -0.4871 -0.4817 -0.4919 -0.4885 -0.3240
580.00 -0.4826 -0.4866 -0.4818 -0.4822 -0.4769 -0.3186
590.00 -0.4671 -0.4630 -0.4630 -0.4587 -0.4593 -0.2905
600.00 -0.4836 -0.4774 -0.4849 -0.4872 -0.4827 -0.3206
610.00 -0.4881 -0.4936 -0.4925 -0.4857 -0.4935 -0.3005
620.00 -0.4798 -0.4708 -0.4767 -0.4887 -0.4815 -0.3148
630.00 -0.4601 -0.4666 -0.4721 -0.4720 -0.4803 -0.3089
640.00 -0.5096 -0.5070 -0.5131 -0.4957 -0.4990 -0.3218
650.00 -0.4486 -0.4410 -0.4478 -0.4533 -0.4514 -0.2997
660.00 -0.4877 -0.4845 -0.4917 -0.4886 -0.4906 -0.3136
670.00 -0.4986 -0.4956 -0.5012 -0.4925 -0.4907 -0.3187
680.00 -0.4682 -0.4617 -0.4615 -0.4690 -0.4739 -0.3182
690.00 -0.5041 -0.4965 -0.4997 -0.5134 -0.4995 -0.3212
700.00 -0.4302 -0.4388 -0.4390 -0.4353 -0.4337 -0.2989
710.00 -0.5021 -0.5032 -0.5162 -0.5075 -0.5118 -0.3203
720.00 -0.4750 -0.4637 -0.4632 -0.4701 -0.4711 -0.3115
730.00 -0.4813 -0.4745 -0.4789 -0.4729 -0.4778 -0.3103
740.00 -0.4803 -0.4878 -0.4838 -0.4777 -0.4750 -0.3121
750.00 -0.4857 -0.4864 -0.4956 -0.4747 -0.4836 -0.3076
760.00 -0.4896 -0.4793 -0.4887 -0.4843 -0.4834 -0.3117
770.00 -0.4728 -0.4777 -0.4681 -0.4836 -0.4764 -0.3149
780.00 -0.4615 -0.4659 -0.4637 -0.4590 -0.4621 -0.2943
790.00 -0.5035 -0.5030 -0.5053 -0.5069 -0.5067 -0.3260
800.00 -0.4714 -0.4721 -0.4683 -0.4751 -0.4721 -0.3076
810.00 -0.5037 -0.5118 -0.5007 -0.5076 -0.4990 -0.3369
820.00 -0.4440 -0.4552 -0.4438 -0.4537 -0.4520 -0.2874
830.00 -0.4987 -0.4931 -0.5010 -0.4906 -0.4920 -0.3301
840.00 -0.4692 -0.4686 -0.4720 -0.4698 -0.4654 -0.3049
850.00 -0.4699 -0.4655 -0.4673 -0.4731 -0.4694 -0.3198
860.00 -0.4847 -0.4900 -0.4844 -0.4873 -0.4867 -0.3020
870.00 -0.4994 -0.5036 -0.5030 -0.4967 -0.4993 -0.3242
880.00 -0.4590 -0.4553 -0.4681 -0.4563 -0.4627 -0.3022
890.00 -0.5022 -0.5024 -0.4968 -0.5014 -0.5047 -0.3235
900.00 -0.4906 -0.4833 -0.4834 -0.4924 -0.4755 -0.3163
910.00 -0.4733 -0.4660 -0.4650 -0.4674 -0.4627 -0.3019
920.00 -0.4973 -0.4937 -0.4895 -0.4940 -0.4990 -0.3114
930.00 -0.4615 -0.4624 -0.4660 -0.4612 -0.4739 -0.3127
940.00 -0.4869 -0.4870 -0.4897 -0.4877 -0.4851 -0.3162
950.00 -0.4607 -0.4503 -0.4519 -0.4547 -0.4468 -0.2922
960.00 -0.5112 -0.5153 -0.5162 -0.5127 -0.5154 -0.3366
970.00 -0.4646 -0.4624 -0.4634 -0.4599 -0.4652 -0.3075
980.00 -0.4954 -0.4866 -0.4888 -0.4932 -0.4914 -0.3143
990.00 -0.4684 -0.4746 -0.4788 -0.4766 -0.4699 -0.3028
1000.00 -0.4710 -0.4736 -0.4778 -0.4805 -0.4748 -0.3171
1010.00 -0.4896 -0.4870 -0.4994 -0.4924 -0.4860 -0.3152
1020.00 -0.4912 -0.4844 -0.4835 -0.4825 -0.4806 -0.3166
1030.00 -0.4687 -0.4694 -0.4750 -0.4704 -0.4784 -0.3096
1040.00 -0.4865 -0.4750 -0.4829 -0.4892 -0.4740 -0.3103
1050.00 -0.4813 -0.4703 -0.4784 -0.4741 -0.4792 -0.3212
1060.00 -0.5000 -0.4947 -0.4979 -0.5013 -0.4988 -0.3236
1070.00 -0.4776 -0.4710 -0.4689 -0.4721 -0.4637 -0.2999
1080.00 -0.4833 -0.4815 -0.4824 -0.4823 -0.4833 -0.3011
1090.00 -0.4899 -0.4940 -0.4936 -0.4921 -0.4942 -0.3391
1100.00 -0.4763 -0.4763 -0.4825 -0.4897 -0.4706 -0.3083
1110.00 -0.4894 -0.4822 -0.4877 -0.4925 -0.4923 -0.3143
1120.00 -0.4810 -0.4808 -0.4879 -0.4844 -0.4898 -0.3199
1130.00 -0.4694 -0.4676 -0.4674 -0.4708 -0.4715 -0.3007
1140.00 -0.4831 -0.4792 -0.4839 -0.4793 -0.4786 -0.3109
1150.00 -0.4880 -0.4891 -0.4843 -0.4890 -0.4799 -0.3141
1160.00 -0.4602 -0.4626 -0.4609 -0.4656 -0.4667 -0.2942
1170.00 -0.4923 -0.4911 -0.4866 -0.4859 -0.4922 -0.3193
1180.00 -0.4694 -0.4697 -0.4690 -0.4749 -0.4634 -0.2999
1190.00 -0.4662 -0.4576 -0.4664 -0.4654 -0.4619 -0.3023
1200.00 -0.4726 -0.4837 -0.4849 -0.4749 -0.4876 -0.3199
1210.00 -0.4872 -0.4795 -0.4777 -0.4811 -0.4753 -0.3177
1220.00 -0.5090 -0.5063 -0.5051 -0.5101 -0.5124 -0.3303
1230.00 -0.4630 -0.4632 -0.4608 -0.4564 -0.4585 -0.2968
1240.00 -0.4722 -0.4761 -0.4713 -0.4798 -0.4741 -0.3203
1250.00 -0.4837 -0.4860 -0.4875 -0.4843 -0.4826 -0.3152
1260.00 -0.4971 -0.4917 -0.5029 -0.4982 -0.4923 -0.3145
1270.00 -0.4687 -0.4612 -0.4659 -0.4677 -0.4633 -0.3056
1280.00 -0.4799 -0.4821 -0.4814 -0.4858 -0.4892 -0.3233
1290.00 -0.4886 -0.4792 -0.4838 -0.4837 -0.4842 -0.3151
1300.00 -0.4964 -0.5053 -0.5066 -0.4975 -0.4909 -0.3239
1310.00 -0.4659 -0.4691 -0.4653 -0.4767 -0.4749 -0.3123
1320.00 -0.4814 -0.4964 -0.4863 -0.4832 -0.4871 -0.3084
1330.00 -0.5087 -0.5056 -0.5098 -0.5059 -0.5191 -0.3334
1340.00 -0.4540 -0.4588 -0.4639 -0.4632 -0.4661 -0.2968
1350.00 -0.4815 -0.4729 -0.4710 -0.4729 -0.4726 -0.3108
1360.00 -0.4728 -0.4579 -0.4607 -0.4561 -0.4635 -0.3012
1370.00 -0.5350 -0.5414 -0.5346 -0.5318 -0.5351 -0.3493
1380.00 -0.4527 -0.4478 -0.4450 -0.4482 -0.4479 -0.2806
1390.00 -0.4763 -0.4810 -0.4735 -0.4758 -0.4716 -0.3114
1400.00 -0.4846 -0.4773 -0.4894 -0.4871 -0.4939 -0.3166
1410.00 -0.4900 -0.4767 -0.4854 -0.4792 -0.4810 -0.3107
1420.00 -0.4938 -0.4871 -0.4968 -0.4863 -0.4863 -0.3091
1430.00 -0.4766 -0.4716 -0.4773 -0.4773 -0.4737 -0.3080
1440.00 -0.4591 -0.4575 -0.4714 -0.4732 -0.4728 -0.2929
1450.00 -0.5149 -0.5099 -0.5105 -0.5128 -0.5158 -0.3353
1460.00 -0.4973 -0.4995 -0.4960 -0.4785 -0.4911 -0.3158
1470.00 -0.4785 -0.4763 -0.4743 -0.4767 -0.4765 -0.3095
1480.00 -0.4563 -0.4630 -0.4633 -0.4592 -0.4647 -0.3009
1490.00 -0.4914 -0.4836 -0.4860 -0.4945 -0.4948 -0.3105
1500.00 -0.4871 -0.4786 -0.4871 -0.4798 -0.4798 -0.3269
1510.00 -0.4951 -0.4940 -0.4900 -0.4927 -0.4873 -0.3169
1520.00 -0.4708 -0.4734 -0.4792 -0.4682 -0.4750 -0.3132
1530.00 -0.4676 -0.4746 -0.4685 -0.4784 -0.4772 -0.2978
1540.00 -0.4823 -0.4755 -0.4777 -0.4780 -0.4825 -0.3105
1550.00 -0.4835 -0.4800 -0.4810 -0.4829 -0.4839 -0.3278
1560.00 -0.5006 -0.4947 -0.4898 -0.4857 -0.4829 -0.3154
1570.00 -0.4896 -0.4905 -0.4864 -0.4870 -0.4908 -0.3055
1580.00 -0.4821 -0.4808 -0.4898 -0.4928 -0.4961 -0.3093
1590.00 -0.4795 -0.4672 -0.4712 -0.4747 -0.4848 -0.3123
1600.00 -0.4824 -0.4826 -0.4769 -0.4850 -0.4823 -0.3091
1610.00 -0.4753 -0.4667 -0.4712 -0.4740 -0.4763 -0.3131
1620.00 -0.4722 -0.4750 -0.4746 -0.4733 -0.4665 -0.3043
1630.00 -0.4808 -0.4758 -0.4808 -0.4825 -0.4905 -0.3191
1640.00 -0.4899 -0.4827 -0.4922 -0.4899 -0.4867 -0.3189
1650.00 -0.5078 -0.5146 -0.5167 -0.5142 -0.5120 -0.3352
1660.00 -0.4534 -0.4503 -0.4526 -0.4567 -0.4505 -0.2943
1670.00 -0.5031 -0.5063 -0.5018 -0.5019 -0.5081 -0.3123
1680.00 -0.4411 -0.4515 -0.4461 -0.4475 -0.4434 -0.3136
1690.00 -0.4903 -0.4940 -0.4880 -0.4855 -0.4890 -0.3013
1700.00 -0.4942 -0.4868 -0.4981 -0.4912 -0.4900 -0.3278
1710.00 -0.4647 -0.4715 -0.4712 -0.4712 -0.4708 -0.3025
1720.00 -0.4708 -0.4777 -0.4681 -0.4759 -0.4702 -0.3144
1730.00 -0.4887 -0.4833 -0.4808 -0.4840 -0.4821 -0.2994
1740.00 -0.4781 -0.4795 -0.4797 -0.4847 -0.4763 -0.3111
1750.00 -0.4781 -0.4845 -0.4735 -0.4797 -0.4742 -0.3141
1760.00 -0.4869 -0.4879 -0.4894 -0.4955 -0.4876 -0.3042
1770.00 -0.4391 -0.4482 -0.4497 -0.4554 -0.4433 -0.2935
1780.00 -0.5036 -0.5056 -0.5061 -0.5032 -0.5026 -0.3369
1790.00 -0.4933 -0.4942 -0.5012 -0.4921 -0.4894 -0.3061
1800.00 -0.4617 -0.4640 -0.4668 -0.4653 -0.4602 -0.3028
1810.00 -0.5051 -0.5064 -0.4969 -0.5100 -0.5033 -0.3179
1820.00 -0.4617 -0.4620 -0.4643 -0.4537 -0.4634 -0.3086
1830.00 -0.5050 -0.4956 -0.4979 -0.4981 -0.5024 -0.3264
1840.00 -0.4658 -0.4639 -0.4664 -0.4790 -0.4697 -0.2961
1850.00 -0.5052 -0.5042 -0.5103 -0.4995 -0.4936 -0.3231
1860.00 -0.4901 -0.4859 -0.4905 -0.4843 -0.4880 -0.3247
1870.00 -0.4477 -0.4526 -0.4539 -0.4350 -0.4447 -0.2946
1880.00 -0.5045 -0.5045 -0.5022 -0.5044 -0.5113 -0.3208
1890.00 -0.4579 -0.4469 -0.4586 -0.4605 -0.4587 -0.3006
1900.00 -0.5033 -0.5006 -0.4989 -0.5039 -0.4961 -0.3293
1910.00 -0.5017 -0.5037 -0.4928 -0.5027 -0.5015 -0.3192
1920.00 -0.4642 -0.4740 -0.4660 -0.4658 -0.4650 -0.3056
1930.00 -0.4507 -0.4565 -0.4476 -0.4441 -0.4458 -0.2970
1940.00 -0.4719 -0.4746 -0.4654 -0.4719 -0.4717 -0.2974
1950.00 -0.4921 -0.4891 -0.4943 -0.4873 -0.4960 -0.3260
1960.00 -0.5108 -0.5072 -0.5028 -0.5063 -0.4997 -0.3192
1970.00 -0.4651 -0.4554 -0.4592 -0.4682 -0.4618 -0.3123
1980.00 -0.5077 -0.4998 -0.5048 -0.4985 -0.5049 -0.3195
1990.00 -0.4349 -0.4335 -0.4315 -0.4172 -0.4362 -0.2935
2000.00 -0.5197 -0.5141 -0.5106 -0.5085 -0.5072 -0.3248
2010.00 -0.4814 -0.4852 -0.4791 -0.4835 -0.4817 -0.3016
2020.00 -0.4899 -0.4890 -0.4915 -0.4870 -0.4890 -0.3279
2030.00 -0.4475 -0.4593 -0.4603 -0.4545 -0.4529 -0.3001
2040.00 -0.4689 -0.4683 -0.4645 -0.4610 -0.4778 -0.3157
2050.00 -0.5012 -0.4888 -0.4927 -0.4994 -0.5012 -0.3185
2060.00 -0.4929 -0.4917 -0.4996 -0.4962 -0.4930 -0.3143
2070.00 -0.4874 -0.4848 -0.4751 -0.4878 -0.4788 -0.3103
2080.00 -0.4697 -0.4680 -0.4602 -0.4725 -0.4672 -0.3101
2090.00 -0.4841 -0.4789 -0.4890 -0.4835 -0.4750 -0.3138
2100.00 -0.4764 -0.4682 -0.4672 -0.4811 -0.4686 -0.3082
2110.00 -0.4990 -0.4899 -0.4982 -0.4920 -0.4962 -0.3246
2120.00 -0.4706 -0.4729 -0.4756 -0.4778 -0.4698 -0.3040
2130.00 -0.4519 -0.4474 -0.4455 -0.4501 -0.4501 -0.2951
2140.00 -0.5165 -0.5185 -0.5154 -0.5172 -0.5175 -0.3349
2150.00 -0.4971 -0.5008 -0.4975 -0.4980 -0.4940 -0.3223
2160.00 -0.4675 -0.4690 -0.4639 -0.4775 -0.4766 -0.3080
2170.00 -0.4654 -0.4751 -0.4783 -0.4798 -0.4688 -0.3154
2180.00 -0.4854 -0.4808 -0.4834 -0.4804 -0.4802 -0.3263
2190.00 -0.4941 -0.4990 -0.4988 -0.5012 -0.4963 -0.3234
2200.00 -0.4873 -0.4799 -0.4795 -0.4772 -0.4758 -0.3130
2210.00 -0.4720 -0.4679 -0.4711 -0.4760 -0.4653 -0.3064
2220.00 -0.4873 -0.4853 -0.4886 -0.4848 -0.4777 -0.3205
2230.00 -0.4828 -0.4824 -0.4732 -0.4867 -0.4837 -0.3106
2240.00 -0.4720 -0.4713 -0.4738 -0.4693 -0.4773 -0.3023
2250.00 -0.4885 -0.4804 -0.4900 -0.4740 -0.4785 -0.3035
2260.00 -0.4808 -0.4760 -0.4810 -0.4830 -0.4835 -0.3176
2270.00 -0.4652 -0.4768 -0.4846 -0.4754 -0.4767 -0.3118
2280.00 -0.4885 -0.4782 -0.4802 -0.4843 -0.4867 -0.3151
2290.00 -0.4778 -0.4780 -0.4820 -0.4814 -0.4771 -0.3095
2300.00 -0.4997 -0.5017 -0.4964 -0.4996 -0.4949 -0.3201
2310.00 -0.4735 -0.4697 -0.4720 -0.4682 -0.4728 -0.3108
2320.00 -0.4781 -0.4874 -0.4839 -0.4729 -0.4707 -0.3038
2330.00 -0.4929 -0.5073 -0.5079 -0.5084 -0.5063 -0.3382
2340.00 -0.4857 -0.4895 -0.4776 -0.4954 -0.4944 -0.3087
2350.00 -0.4688 -0.4610 -0.4643 -0.4653 -0.4652 -0.3066
2360.00 -0.4862 -0.4858 -0.4823 -0.4811 -0.4826 -0.3196
2370.00 -0.4787 -0.4820 -0.4780 -0.4876 -0.4728 -0.3092
2380.00 -0.4928 -0.4826 -0.4861 -0.4881 -0.4833 -0.3112
2390.00 -0.4619 -0.4488 -0.4590 -0.4628 -0.4653 -0.3013
2400.00 -0.4975 -0.4981 -0.4869 -0.4989 -0.4961 -0.3327
2410.00 -0.4903 -0.4948 -0.4941 -0.4957 -0.4994 -0.3289
2420.00 -0.4732 -0.4673 -0.4728 -0.4598 -0.4664 -0.2976
2430.00 -0.4784 -0.4820 -0.4839 -0.4840 -0.4876 -0.3174
2440.00 -0.4756 -0.4778 -0.4676 -0.4716 -0.4606 -0.3040
2450.00 -0.4936 -0.4743 -0.4862 -0.4940 -0.4879 -0.3149
2460.00 -0.5067 -0.4956 -0.5037 -0.5090 -0.4961 -0.3233
2470.00 -0.4703 -0.4739 -0.4657 -0.4725 -0.4782 -0.3161
2480.00 -0.4761 -0.4746 -0.4743 -0.4788 -0.4726 -0.3067
2490.00 -0.4752 -0.4839 -0.4845 -0.4869 -0.4862 -0.3083
2500.00 -0.4890 -0.4840 -0.4854 -0.4878 -0.4915 -0.3196
2510.00 -0.4919 -0.4879 -0.4927 -0.4978 -0.4867 -0.3215
2520.00 -0.4885 -0.4869 -0.4900 -0.4859 -0.4850 -0.3168
2530.00 -0.4470 -0.4486 -0.4524 -0.4441 -0.4440 -0.2941
2540.00 -0.4938 -0.4978 -0.4898 -0.4879 -0.5000 -0.3237
2550.00 -0.4813 -0.4720 -0.4849 -0.4713 -0.4734 -0.3126
2560.00 -0.4699 -0.4616 -0.4725 -0.4767 -0.4670 -0.2983
2570.00 -0.4826 -0.4839 -0.4818 -0.4826 -0.4881 -0.3145
2580.00 -0.4875 -0.4875 -0.4824 -0.4781 -0.4839 -0.3154
2590.00 -0.4955 -0.4935 -0.5002 -0.5012 -0.5056 -0.3232
2600.00 -0.4663 -0.4633 -0.4571 -0.4650 -0.4633 -0.3163
2610.00 -0.4778 -0.4805 -0.4748 -0.4828 -0.4857 -0.3052
2620.00 -0.4861 -0.4890 -0.4847 -0.4912 -0.4884 -0.3261
2630.00 -0.4608 -0.4616 -0.4713 -0.4625 -0.4631 -0.3114
2640.00 -0.4816 -0.4693 -0.4739 -0.4774 -0.4834 -0.2995
2650.00 -0.4962 -0.4943 -0.4959 -0.4954 -0.5033 -0.3354
2660.00 -0.4631 -0.4602 -0.4625 -0.4622 -0.4592 -0.3086
2670.00 -0.4916 -0.4957 -0.4939 -0.4979 -0.4874 -0.3179
2680.00 -0.4906 -0.4969 -0.5004 -0.5035 -0.4950 -0.3199
2690.00 -0.4504 -0.4577 -0.4590 -0.4507 -0.4583 -0.2944
2700.00 -0.4723 -0.4664 -0.4802 -0.4749 -0.4699 -0.3134
2710.00 -0.4773 -0.4913 -0.4914 -0.4886 -0.4895 -0.3085
2720.00 -0.4969 -0.4998 -0.4987 -0.4970 -0.5018 -0.3142
2730.00 -0.4823 -0.4736 -0.4794 -0.4815 -0.4714 -0.3083
2740.00 -0.4771 -0.4888 -0.4880 -0.4891 -0.4909 -0.3221
2750.00 -0.4899 -0.4915 -0.4834 -0.4907 -0.4897 -0.3173
2760.00 -0.4580 -0.4625 -0.4631 -0.4527 -0.4605 -0.3050
2770.00 -0.4779 -0.4818 -0.4831 -0.4762 -0.4707 -0.3043
2780.00 -0.4800 -0.4811 -0.4838 -0.4856 -0.4863 -0.3240
2790.00 -0.4847 -0.4869 -0.4837 -0.4861 -0.4890 -0.3028
2800.00 -0.4998 -0.4991 -0.5039 -0.4997 -0.5037 -0.3354
2810.00 -0.4733 -0.4701 -0.4753 -0.4755 -0.4799 -0.2977
2820.00 -0.4669 -0.4643 -0.4709 -0.4669 -0.4727 -0.3209
2830.00 -0.4833 -0.4883 -0.4835 -0.4893 -0.4917 -0.3024
2840.00 -0.4803 -0.4755 -0.4764 -0.4774 -0.4737 -0.3189
2850.00 -0.4891 -0.4855 -0.4855 -0.4857 -0.4862 -0.3097
2860.00 -0.4629 -0.4592 -0.4613 -0.4600 -0.4656 -0.2973
2870.00 -0.4926 -0.4984 -0.4980 -0.4880 -0.4983 -0.3252
2880.00 -0.4705 -0.4709 -0.4741 -0.4688 -0.4723 -0.3121
2890.00 -0.4893 -0.4875 -0.4871 -0.4904 -0.4885 -0.3100
2900.00 -0.4982 -0.4932 -0.4903 -0.4938 -0.4855 -0.3193
2910.00 -0.4704 -0.4683 -0.4782 -0.4758 -0.4694 -0.3134
2920.00 -0.4735 -0.4715 -0.4699 -0.4744 -0.4669 -0.3072
2930.00 -0.4734 -0.4734 -0.4654 -0.4783 -0.4798 -0.3024
2940.00 -0.4743 -0.4628 -0.4745 -0.4681 -0.4709 -0.3096
2950.00 -0.5038 -0.5050 -0.5020 -0.4993 -0.5014 -0.3256
2960.00 -0.4537 -0.4663 -0.4579 -0.4611 -0.4588 -0.3113
2970.00 -0.4625 -0.4794 -0.4781 -0.4778 -0.4735 -0.3121
2980.00 -0.4848 -0.4914 -0.4910 -0.4909 -0.4891 -0.3132
2990.00 -0.4874 -0.4828 -0.4881 -0.4965 -0.4904 -0.3147
3000.00 -0.4829 -0.4793 -0.4754 -0.4806 -0.4788 -0.3223
3010.00 -0.4777 -0.4711 -0.4831 -0.4680 -0.4674 -0.3159
3020.00 -0.4723 -0.4707 -0.4719 -0.4695 -0.4690 -0.2970
3030.00 -0.4958 -0.4852 -0.5001 -0.4974 -0.4946 -0.3227
3040.00 -0.4615 -0.4623 -0.4653 -0.4654 -0.4583 -0.3074
3050.00 -0.5015 -0.4981 -0.4913 -0.4920 -0.4865 -0.3128
3060.00 -0.5123 -0.5117 -0.5099 -0.5083 -0.5108 -0.3356
3070.00 -0.4573 -0.4558 -0.4526 -0.4538 -0.4577 -0.2988
3080.00 -0.4585 -0.4630 -0.4563 -0.4516 -0.4521 -0.3013
3090.00 -0.5149 -0.5148 -0.5110 -0.5169 -0.5086 -0.3282
3100.00 -0.4724 -0.4753 -0.4702 -0.4724 -0.4769 -0.3123
3110.00 -0.4627 -0.4720 -0.4713 -0.4745 -0.4685 -0.3098
3120.00 -0.4538 -0.4378 -0.4498 -0.4529 -0.4502 -0.2982
3130.00 -0.5107 -0.5033 -0.5137 -0.5120 -0.5079 -0.3380
3140.00 -0.4671 -0.4688 -0.4612 -0.4684 -0.4638 -0.2917
3150.00 -0.4984 -0.4946 -0.4985 -0.5058 -0.5003 -0.3278
3160.00 -0.4700 -0.4741 -0.4712 -0.4769 -0.4793 -0.3198
3170.00 -0.4889 -0.4748 -0.4832 -0.4829 -0.4812 -0.3058
3180.00 -0.5008 -0.5118 -0.4947 -0.5001 -0.5071 -0.3305
3190.00 -0.4645 -0.4710 -0.4777 -0.4609 -0.4733 -0.3060
3200.00 -0.4713 -0.4714 -0.4737 -0.4765 -0.4701 -0.3135
3210.00 -0.4836 -0.4793 -0.4839 -0.4835 -0.4750 -0.3121
3220.00 -0.5005 -0.4983 -0.4944 -0.4897 -0.4895 -0.3111
3230.00 -0.4701 -0.4804 -0.4756 -0.4733 -0.4675 -0.3091
3240.00 -0.4794 -0.4646 -0.4716 -0.4747 -0.4729 -0.3038
3250.00 -0.4912 -0.4904 -0.4943 -0.4924 -0.4905 -0.3128
3260.00 -0.4848 -0.4847 -0.4815 -0.4839 -0.4955 -0.3264
3270.00 -0.4774 -0.4650 -0.4708 -0.4701 -0.4858 -0.3012
3280.00 -0.4709 -0.4783 -0.4766 -0.4826 -0.4829 -0.3173
3290.00 -0.4918 -0.4974 -0.4971 -0.4905 -0.4928 -0.3161
3300.00 -0.4646 -0.4627 -0.4670 -0.4626 -0.4647 -0.3013
3310.00 -0.4767 -0.4705 -0.4799 -0.4881 -0.4738 -0.3177
3320.00 -0.4783 -0.4757 -0.4733 -0.4786 -0.4839 -0.3021
3330.00 -0.4995 -0.4943 -0.5000 -0.4977 -0.4967 -0.3288
3340.00 -0.4768 -0.4750 -0.4850 -0.4815 -0.4808 -0.3043
3350.00 -0.4713 -0.4575 -0.4727 -0.4625 -0.4678 -0.3092
3360.00 -0.4775 -0.4815 -0.4817 -0.4866 -0.4837 -0.3073
3370.00 -0.4853 -0.4826 -0.4812 -0.4827 -0.4814 -0.3128
3380.00 -0.4994 -0.5002 -0.4992 -0.4971 -0.4945 -0.3111
3390.00 -0.4378 -0.4412 -0.4397 -0.4447 -0.4427 -0.3033
3400.00 -0.4969 -0.5051 -0.5013 -0.5051 -0.5015 -0.3264
3410.00 -0.4644 -0.4637 -0.4649 -0.4641 -0.4587 -0.2913
3420.00 -0.4909 -0.4892 -0.4831 -0.4897 -0.4876 -0.3192
3430.00 -0.4950 -0.4855 -0.4953 -0.4812 -0.4857 -0.3132
3440.00 -0.4981 -0.4868 -0.4902 -0.4907 -0.4948 -0.3114
3450.00 -0.4765 -0.4759 -0.4698 -0.4676 -0.4780 -0.3117
3460.00 -0.5067 -0.4997 -0.4980 -0.5002 -0.5064 -0.3216
3470.00 -0.4547 -0.4615 -0.4518 -0.4668 -0.4590 -0.2933
3480.00 -0.4911 -0.5021 -0.4986 -0.5029 -0.5041 -0.3287
3490.00 -0.4854 -0.4825 -0.4842 -0.4891 -0.4851 -0.3236
3500.00 -0.4802 -0.4721 -0.4804 -0.4789 -0.4743 -0.3011
3510.00 -0.4714 -0.4725 -0.4669 -0.4700 -0.4724 -0.3172
3520.00 -0.4996 -0.4960 -0.4925 -0.4877 -0.4893 -0.3146
3530.00 -0.4549 -0.4520 -0.4546 -0.4587 -0.4570 -0.2975
3540.00 -0.4821 -0.4754 -0.4718 -0.4795 -0.4741 -0.3099
3550.00 -0.4977 -0.4898 -0.5034 -0.4945 -0.4899 -0.3173
3560.00 -0.4807 -0.4761 -0.4876 -0.4802 -0.4778 -0.3158
3570.00 -0.4863 -0.4889 -0.4833 -0.4881 -0.4848 -0.3156
3580.00 -0.4815 -0.4860 -0.4886 -0.4887 -0.4855 -0.3087
3590.00 -0.4973 -0.4890 -0.4879 -0.4873 -0.4957 -0.3130
3600.00 -0.4816 -0.4936 -0.4931 -0.4898 -0.4833 -0.3044
3610.00 -0.4658 -0.4622 -0.4708 -0.4646 -0.4645 -0.3117
3620.00 -0.4975 -0.4915 -0.4905 -0.4931 -0.4926 -0.3148
3630.00 -0.4683 -0.4647 -0.4614 -0.4578 -0.4669 -0.3129
3640.00 -0.4615 -0.4648 -0.4656 -0.4570 -0.4581 -0.3071
3650.00 -0.4839 -0.4834 -0.4936 -0.4742 -0.4853 -0.3052
3660.00 -0.4923 -0.4868 -0.4911 -0.4830 -0.4914 -0.3061
3670.00 -0.5022 -0.5010 -0.4964 -0.5043 -0.5024 -0.3359
3680.00 -0.4638 -0.4670 -0.4731 -0.4758 -0.4617 -0.3014
3690.00 -0.4843 -0.4928 -0.4887 -0.4960 -0.4884 -0.3183
3700.00 -0.4832 -0.4712 -0.4810 -0.4822 -0.4785 -0.3037
3710.00 -0.5051 -0.5104 -0.5087 -0.5064 -0.5083 -0.3340
3720.00 -0.4407 -0.4497 -0.4388 -0.4429 -0.4368 -0.2911
3730.00 -0.4802 -0.4819 -0.4761 -0.4776 -0.4790 -0.3133
3740.00 -0.4888 -0.4824 -0.4851 -0.4919 -0.4923 -0.3210
3750.00 -0.4888 -0.4921 -0.4881 -0.4846 -0.4850 -0.3162
3760.00 -0.4785 -0.4774 -0.4803 -0.4751 -0.4755 -0.3021
3770.00 -0.4994 -0.4993 -0.5000 -0.5040 -0.4979 -0.3226
3780.00 -0.4610 -0.4590 -0.4469 -0.4523 -0.4499 -0.2971
3790.00 -0.5125 -0.5175 -0.5139 -0.5213 -0.5116 -0.3182
3800.00 -0.4810 -0.4697 -0.4674 -0.4694 -0.4693 -0.3228
3810.00 -0.4950 -0.4977 -0.4906 -0.4972 -0.4959 -0.3108
3820.00 -0.4814 -0.4749 -0.4810 -0.4734 -0.4765 -0.3156
3830.00 -0.4655 -0.4695 -0.4703 -0.4769 -0.4625 -0.3092
3840.00 -0.4707 -0.4705 -0.4680 -0.4762 -0.4688 -0.3135
3850.00 -0.4779 -0.4900 -0.4866 -0.4896 -0.4908 -0.3023
3860.00 -0.4653 -0.4648 -0.4648 -0.4723 -0.4675 -0.3072
3870.00 -0.5241 -0.5220 -0.5057 -0.5227 -0.5232 -0.3284
3880.00 -0.4643 -0.4731 -0.4686 -0.4656 -0.4698 -0.3077
3890.00 -0.4510 -0.4589 -0.4550 -0.4564 -0.4489 -0.2993
3900.00 -0.5353 -0.5219 -0.5208 -0.5217 -0.5198 -0.3308
3910.00 -0.4672 -0.4518 -0.4579 -0.4667 -0.4712 -0.2977
3920.00 -0.4717 -0.4726 -0.4741 -0.4755 -0.4665 -0.3158
3930.00 -0.4739 -0.4702 -0.4746 -0.4669 -0.4769 -0.3039
3940.00 -0.4844 -0.4763 -0.4783 -0.4790 -0.4850 -0.3089
3950.00 -0.4882 -0.4958 -0.4916 -0.4942 -0.4934 -0.3261
3960.00 -0.4760 -0.4723 -0.4704 -0.4820 -0.4707 -0.3095
3970.00 -0.4936 -0.4869 -0.4994 -0.4952 -0.4947 -0.3294
3980.00 -0.4582 -0.4620 -0.4549 -0.4561 -0.4647 -0.2904
3990.00 -0.5033 -0.5115 -0.5102 -0.5023 -0.5121 -0.3321
4000.00 -0.4847 -0.4875 -0.4836 -0.4902 -0.4810 -0.3237
