10.00 -0.5058 -0.4997 -0.4936 -0.4890 -0.5080 -0.3149
20.00 -0.4946 -0.4892 -0.4815 -0.4762 -0.4763 -0.3226
30.00 -0.4648 -0.4693 -0.4681 -0.4718 -0.4798 -0.3142
40.00 -0.4765 -0.4711 -0.4661 -0.4687 -0.4841 -0.3090
50.00 -0.5008 -0.4799 -0.5085 -0.5069 -0.5087 -0.3316
60.00 -0.4636 -0.4448 -0.4526 -0.4653 -0.4508 -0.2938
70.00 -0.4632 -0.4694 -0.4746 -0.4721 -0.4679 -0.3182
80.00 -0.4854 -0.4792 -0.4856 -0.4827 -0.4756 -0.3098
90.00 -0.4819 -0.4879 -0.4758 -0.4734 -0.4798 -0.3181
100.00 -0.4697 -0.4830 -0.4754 -0.4884 -0.4829 -0.3298
110.00 -0.4883 -0.4956 -0.4912 -0.4848 -0.4827 -0.3329
120.00 -0.4472 -0.4488 -0.4342 -0.4390 -0.4369 -0.2994
130.00 -0.4914 -0.5015 -0.5016 -0.4894 -0.5083 -0.3227
140.00 -0.4626 -0.4740 -0.4710 -0.4822 -0.4740 -0.2958
150.00 -0.4624 -0.4650 -0.4671 -0.4652 -0.4665 -0.3157
160.00 -0.5068 -0.5166 -0.5155 -0.5101 -0.5069 -0.3217
170.00 -0.4795 -0.4848 -0.4811 -0.4805 -0.4676 -0.3210
180.00 -0.4597 -0.4625 -0.4508 -0.4571 -0.4622 -0.3064
190.00 -0.5137 -0.5029 -0.4910 -0.5038 -0.4965 -0.3314
200.00 -0.4744 -0.4780 -0.4688 -0.4659 -0.4499 -0.2967
210.00 -0.4608 -0.4610 -0.4541 -0.4572 -0.4521 -0.3039
220.00 -0.4755 -0.4664 -0.4790 -0.4732 -0.4762 -0.3192
230.00 -0.4965 -0.4805 -0.4895 -0.5072 -0.4775 -0.3217
240.00 -0.4803 -0.4847 -0.4818 -0.4790 -0.4805 -0.3152
250.00 -0.4261 -0.4352 -0.4273 -0.4384 -0.4330 -0.2928
260.00 -0.5134 -0.5281 -0.5032 -0.5091 -0.4951 -0.3417
270.00 -0.4839 -0.4712 -0.4820 -0.4801 -0.4699 -0.3060
280.00 -0.4786 -0.4723 -0.4697 -0.4490 -0.4620 -0.3103
290.00 -0.4826 -0.4881 -0.4900 -0.4972 -0.5043 -0.3235
300.00 -0.4713 -0.4562 -0.4739 -0.4686 -0.4755 -0.3090
310.00 -0.4805 -0.4813 -0.4949 -0.4933 -0.4968 -0.3221
320.00 -0.4720 -0.4835 -0.4829 -0.4966 -0.4821 -0.3267
330.00 -0.4724 -0.4935 -0.4939 -0.4720 -0.4719 -0.3138
340.00 -0.4715 -0.4737 -0.4665 -0.4674 -0.4756 -0.3024
350.00 -0.4696 -0.4842 -0.4749 -0.4914 -0.4711 -0.3196
360.00 -0.4909 -0.5021 -0.5064 -0.4910 -0.4964 -0.3301
370.00 -0.4693 -0.4720 -0.4660 -0.4779 -0.4696 -0.3145
380.00 -0.4855 -0.4890 -0.4625 -0.4733 -0.4951 -0.3137
390.00 -0.4608 -0.4846 -0.4700 -0.4763 -0.4796 -0.3107
400.00 -0.4752 -0.4843 -0.4770 -0.4852 -0.4800 -0.3284
410.00 -0.4759 -0.4841 -0.4841 -0.4985 -0.4787 -0.3075
420.00 -0.4473 -0.4685 -0.4642 -0.4526 -0.4634 -0.2970
430.00 -0.4867 -0.5032 -0.4843 -0.4975 -0.5010 -0.3332
440.00 -0.4572 -0.4432 -0.4607 -0.4610 -0.4623 -0.3025
450.00 -0.4653 -0.4517 -0.4678 -0.4736 -0.4766 -0.2915
460.00 -0.5017 -0.4938 -0.5015 -0.5018 -0.4921 -0.3307
470.00 -0.5118 -0.5039 -0.5038 -0.5004 -0.4810 -0.3181
480.00 -0.4581 -0.4558 -0.4636 -0.4538 -0.4576 -0.3023
490.00 -0.5084 -0.4867 -0.4931 -0.4975 -0.5017 -0.3311
500.00 -0.4666 -0.4619 -0.4609 -0.4519 -0.4645 -0.3023
510.00 -0.4779 -0.4757 -0.4786 -0.4508 -0.4870 -0.3158
520.00 -0.4678 -0.4907 -0.4805 -0.4826 -0.4902 -0.3099
530.00 -0.4849 -0.4782 -0.4878 -0.4722 -0.4830 -0.3303
540.00 -0.4516 -0.4690 -0.4480 -0.4518 -0.4555 -0.3046
550.00 -0.4972 -0.5101 -0.5024 -0.5109 -0.5099 -0.3261
560.00 -0.4519 -0.4639 -0.4708 -0.4737 -0.4535 -0.2861
570.00 -0.4820 -0.4754 -0.4684 -0.4715 -0.4694 -0.3222
580.00 -0.4970 -0.4968 -0.5037 -0.5032 -0.4972 -0.3369
590.00 -0.4755 -0.4738 -0.4557 -0.4839 -0.4943 -0.3036
600.00 -0.4633 -0.4582 -0.4531 -0.4619 -0.4601 -0.2994
610.00 -0.4873 -0.4776 -0.4772 -0.4809 -0.4828 -0.3234
620.00 -0.4940 -0.4750 -0.4870 -0.4925 -0.4782 -0.3158
630.00 -0.4656 -0.4625 -0.4654 -0.4659 -0.4784 -0.3041
640.00 -0.4735 -0.4863 -0.4730 -0.4769 -0.4869 -0.3217
650.00 -0.4922 -0.4914 -0.4809 -0.4854 -0.4926 -0.3113
660.00 -0.4604 -0.4643 -0.4618 -0.4555 -0.4549 -0.3020
670.00 -0.4662 -0.4780 -0.4787 -0.4844 -0.4771 -0.3101
680.00 -0.4726 -0.4823 -0.4842 -0.4769 -0.4783 -0.3177
690.00 -0.4899 -0.4929 -0.5075 -0.4964 -0.4814 -0.3147
700.00 -0.4960 -0.4826 -0.4895 -0.4852 -0.5032 -0.3245
710.00 -0.4464 -0.4554 -0.4562 -0.4497 -0.4546 -0.2925
720.00 -0.4802 -0.4776 -0.4847 -0.4779 -0.4975 -0.3149
730.00 -0.4606 -0.4689 -0.4553 -0.4714 -0.4719 -0.3124
740.00 -0.4709 -0.4898 -0.5005 -0.5044 -0.5099 -0.3167
750.00 -0.4576 -0.4636 -0.4809 -0.4748 -0.4750 -0.3112
760.00 -0.4784 -0.4544 -0.4694 -0.4817 -0.4792 -0.3030
770.00 -0.4838 -0.4747 -0.4768 -0.4721 -0.4699 -0.3079
780.00 -0.4906 -0.4870 -0.4852 -0.4766 -0.4949 -0.3151
790.00 -0.4985 -0.4954 -0.4855 -0.4669 -0.4800 -0.3164
800.00 -0.4706 -0.4743 -0.4688 -0.4594 -0.4766 -0.3149
810.00 -0.4666 -0.4654 -0.4695 -0.4549 -0.4526 -0.3024
820.00 -0.5068 -0.4818 -0.4987 -0.4837 -0.5127 -0.3224
830.00 -0.4614 -0.4633 -0.4642 -0.4738 -0.4618 -0.3156
840.00 -0.5076 -0.5055 -0.5064 -0.5015 -0.5053 -0.3238
850.00 -0.4666 -0.4685 -0.4789 -0.4792 -0.4440 -0.3207
860.00 -0.4612 -0.4702 -0.4628 -0.4625 -0.4699 -0.2996
870.00 -0.4727 -0.4770 -0.4774 -0.4728 -0.4765 -0.3057
880.00 -0.4761 -0.4496 -0.4688 -0.4648 -0.4713 -0.3023
890.00 -0.4742 -0.4680 -0.4613 -0.4593 -0.4654 -0.3137
900.00 -0.5132 -0.4916 -0.5134 -0.4915 -0.5192 -0.3285
910.00 -0.4702 -0.4643 -0.4586 -0.4616 -0.4641 -0.3026
920.00 -0.4936 -0.4972 -0.4879 -0.5021 -0.4968 -0.3249
930.00 -0.4786 -0.4892 -0.4775 -0.4708 -0.4757 -0.3165
940.00 -0.4614 -0.4830 -0.4729 -0.4687 -0.4820 -0.3119
950.00 -0.4596 -0.4704 -0.4625 -0.4648 -0.4793 -0.3049
960.00 -0.5034 -0.5031 -0.4914 -0.4916 -0.4971 -0.3224
970.00 -0.4464 -0.4480 -0.4457 -0.4592 -0.4407 -0.2902
980.00 -0.4845 -0.4968 -0.4994 -0.4988 -0.4785 -0.3243
990.00 -0.4944 -0.4939 -0.4914 -0.4664 -0.4457 -0.3050
1000.00 -0.5008 -0.5017 -0.4984 -0.4812 -0.4752 -0.3182
1010.00 -0.4671 -0.4838 -0.4802 -0.4845 -0.4821 -0.3257
1020.00 -0.4514 -0.4532 -0.4462 -0.4568 -0.4610 -0.2894
1030.00 -0.4720 -0.4665 -0.4711 -0.4516 -0.4684 -0.3094
1040.00 -0.5040 -0.4951 -0.5086 -0.4953 -0.5026 -0.3193
1050.00 -0.4733 -0.4575 -0.4701 -0.4706 -0.4823 -0.3154
1060.00 -0.5095 -0.5005 -0.5060 -0.4673 -0.4986 -0.3198
1070.00 -0.4596 -0.4654 -0.4654 -0.4485 -0.4639 -0.2938
1080.00 -0.4629 -0.4661 -0.4776 -0.4625 -0.4645 -0.3181
1090.00 -0.4881 -0.4821 -0.4831 -0.4849 -0.4827 -0.3270
1100.00 -0.4662 -0.4631 -0.4599 -0.4624 -0.4621 -0.3005
1110.00 -0.4880 -0.4978 -0.4985 -0.4818 -0.4905 -0.3196
1120.00 -0.4668 -0.4610 -0.4623 -0.4558 -0.4593 -0.3047
1130.00 -0.4852 -0.4797 -0.4757 -0.4548 -0.4767 -0.3149
1140.00 -0.5027 -0.4920 -0.4827 -0.4818 -0.5014 -0.3130
1150.00 -0.4995 -0.5052 -0.5067 -0.4755 -0.4993 -0.3241
1160.00 -0.4692 -0.4635 -0.4523 -0.4695 -0.4549 -0.3054
1170.00 -0.5031 -0.4940 -0.4519 -0.4815 -0.4940 -0.3175
1180.00 -0.4872 -0.4854 -0.4642 -0.4660 -0.4777 -0.3081
1190.00 -0.4720 -0.4780 -0.4991 -0.4793 -0.4824 -0.3042
1200.00 -0.4618 -0.4543 -0.4475 -0.4564 -0.4436 -0.3117
1210.00 -0.4889 -0.4899 -0.4815 -0.4743 -0.4977 -0.3145
1220.00 -0.4895 -0.4660 -0.4778 -0.4805 -0.4822 -0.3143
1230.00 -0.4836 -0.4766 -0.4798 -0.4821 -0.4651 -0.3099
1240.00 -0.4691 -0.4741 -0.4771 -0.4624 -0.4434 -0.3098
1250.00 -0.4984 -0.4975 -0.4930 -0.4929 -0.4853 -0.3181
1260.00 -0.4382 -0.4445 -0.4220 -0.4373 -0.4297 -0.2922
1270.00 -0.5009 -0.5197 -0.5149 -0.5140 -0.4800 -0.3338
1280.00 -0.5163 -0.5147 -0.4996 -0.5198 -0.4806 -0.3215
1290.00 -0.4531 -0.4587 -0.4496 -0.4572 -0.4324 -0.3080
1300.00 -0.4848 -0.4951 -0.4868 -0.4919 -0.4526 -0.3086
1310.00 -0.4682 -0.4854 -0.4617 -0.4719 -0.4445 -0.2995
1320.00 -0.4698 -0.4620 -0.4775 -0.4909 -0.4691 -0.3144
1330.00 -0.4716 -0.4872 -0.4798 -0.4773 -0.4842 -0.3187
1340.00 -0.5011 -0.4890 -0.5034 -0.5026 -0.5079 -0.3346
1350.00 -0.4582 -0.4408 -0.4602 -0.4702 -0.4642 -0.3019
1360.00 -0.4676 -0.4749 -0.4873 -0.4715 -0.4697 -0.3033
1370.00 -0.4823 -0.4877 -0.4838 -0.4860 -0.4905 -0.3288
1380.00 -0.4600 -0.4851 -0.4768 -0.4874 -0.4711 -0.3216
1390.00 -0.4457 -0.4830 -0.4711 -0.4848 -0.4822 -0.3198
1400.00 -0.4617 -0.4657 -0.4709 -0.4780 -0.4686 -0.3008
1410.00 -0.4619 -0.4547 -0.4751 -0.4713 -0.4673 -0.3087
1420.00 -0.4816 -0.4898 -0.4921 -0.4774 -0.4812 -0.3046
1430.00 -0.4622 -0.4648 -0.4707 -0.4375 -0.4659 -0.3062
1440.00 -0.4929 -0.4997 -0.4963 -0.4628 -0.5043 -0.3165
1450.00 -0.4955 -0.4986 -0.4889 -0.4765 -0.4783 -0.3118
1460.00 -0.4808 -0.4625 -0.4854 -0.4747 -0.4759 -0.3132
1470.00 -0.4540 -0.4438 -0.4651 -0.4265 -0.4570 -0.3040
1480.00 -0.5478 -0.5447 -0.5451 -0.4869 -0.5411 -0.3396
1490.00 -0.4334 -0.4379 -0.4329 -0.4171 -0.4400 -0.2826
1500.00 -0.4911 -0.4781 -0.4932 -0.4407 -0.4920 -0.3119
1510.00 -0.5032 -0.4973 -0.4995 -0.4889 -0.4971 -0.3252
1520.00 -0.5051 -0.5057 -0.4924 -0.4815 -0.5115 -0.3211
1530.00 -0.4877 -0.4800 -0.4826 -0.4610 -0.4815 -0.3070
1540.00 -0.4929 -0.4834 -0.4786 -0.4827 -0.4739 -0.3240
1550.00 -0.4602 -0.4704 -0.4784 -0.4700 -0.4627 -0.3048
1560.00 -0.5054 -0.5016 -0.5036 -0.4815 -0.4735 -0.3235
1570.00 -0.4754 -0.4633 -0.4820 -0.4681 -0.4653 -0.3177
1580.00 -0.4747 -0.4680 -0.4721 -0.4618 -0.4627 -0.3097
1590.00 -0.4745 -0.4795 -0.4721 -0.4675 -0.4814 -0.3062
1600.00 -0.4879 -0.4936 -0.4817 -0.4940 -0.4971 -0.3064
1610.00 -0.4827 -0.4751 -0.4819 -0.4740 -0.4746 -0.3341
1620.00 -0.4801 -0.4766 -0.4744 -0.4764 -0.4778 -0.2981
1630.00 -0.4807 -0.4841 -0.4677 -0.4642 -0.4649 -0.3156
1640.00 -0.4996 -0.4890 -0.4797 -0.4890 -0.4810 -0.3033
1650.00 -0.4892 -0.4983 -0.4644 -0.5031 -0.4905 -0.3273
1660.00 -0.4576 -0.4525 -0.4467 -0.4535 -0.4689 -0.3087
1670.00 -0.4890 -0.4852 -0.4814 -0.4833 -0.4931 -0.3186
1680.00 -0.4590 -0.4684 -0.4602 -0.4632 -0.4690 -0.2996
1690.00 -0.4995 -0.5203 -0.5030 -0.5257 -0.5266 -0.3347
1700.00 -0.4573 -0.4748 -0.4626 -0.4636 -0.4648 -0.2969
1710.00 -0.4895 -0.4986 -0.4900 -0.4844 -0.4765 -0.3163
1720.00 -0.4961 -0.4896 -0.4897 -0.4651 -0.4712 -0.3136
1730.00 -0.4491 -0.4568 -0.4504 -0.4601 -0.4653 -0.3047
1740.00 -0.5056 -0.4950 -0.4867 -0.4945 -0.4906 -0.3264
1750.00 -0.4594 -0.4613 -0.4540 -0.4613 -0.4588 -0.2885
1760.00 -0.5100 -0.4797 -0.5017 -0.4915 -0.4947 -0.3283
1770.00 -0.4672 -0.4462 -0.4592 -0.4694 -0.4399 -0.2993
1780.00 -0.5066 -0.4857 -0.5033 -0.4761 -0.4989 -0.3224
1790.00 -0.4715 -0.4667 -0.4683 -0.4811 -0.4773 -0.3104
1800.00 -0.4647 -0.4694 -0.4699 -0.4662 -0.4686 -0.3098
1810.00 -0.4676 -0.4777 -0.4875 -0.4735 -0.4744 -0.2981
1820.00 -0.4742 -0.4782 -0.4882 -0.4793 -0.4711 -0.3141
1830.00 -0.4880 -0.4894 -0.4854 -0.4889 -0.4780 -0.3221
1840.00 -0.4766 -0.4868 -0.4727 -0.4599 -0.4731 -0.2985
1850.00 -0.4823 -0.5039 -0.5046 -0.4931 -0.4837 -0.3297
1860.00 -0.4732 -0.4657 -0.4788 -0.4730 -0.4620 -0.3020
1870.00 -0.4838 -0.4950 -0.4704 -0.4802 -0.5002 -0.3173
1880.00 -0.4730 -0.4813 -0.4777 -0.4634 -0.4806 -0.3181
1890.00 -0.4476 -0.4492 -0.4461 -0.4511 -0.4622 -0.3022
1900.00 -0.4973 -0.4830 -0.4882 -0.4893 -0.4907 -0.3158
1910.00 -0.4561 -0.4630 -0.4714 -0.4641 -0.4745 -0.3086
1920.00 -0.4835 -0.4752 -0.4840 -0.4838 -0.4818 -0.3137
1930.00 -0.5070 -0.4900 -0.4931 -0.4915 -0.4905 -0.3227
1940.00 -0.4801 -0.4680 -0.4810 -0.4488 -0.4702 -0.2981
1950.00 -0.4957 -0.4797 -0.4922 -0.4902 -0.4976 -0.3206
1960.00 -0.4707 -0.4663 -0.4813 -0.4647 -0.4534 -0.3254
1970.00 -0.4932 -0.4701 -0.4744 -0.4673 -0.4677 -0.2984
1980.00 -0.5115 -0.5107 -0.4721 -0.5052 -0.5054 -0.3372
1990.00 -0.4743 -0.4636 -0.4471 -0.4720 -0.4788 -0.2955
2000.00 -0.4754 -0.4641 -0.4642 -0.4639 -0.4763 -0.3144
2010.00 -0.4751 -0.4638 -0.4496 -0.4663 -0.4613 -0.2958
2020.00 -0.5016 -0.4948 -0.4880 -0.4921 -0.4984 -0.3245
2030.00 -0.4590 -0.4540 -0.4487 -0.4385 -0.4488 -0.3009
2040.00 -0.5106 -0.5146 -0.5163 -0.4975 -0.5011 -0.3400
2050.00 -0.4774 -0.4785 -0.4789 -0.4753 -0.4797 -0.3142
2060.00 -0.4722 -0.4828 -0.4832 -0.4648 -0.4760 -0.3096
2070.00 -0.4905 -0.4910 -0.4901 -0.4636 -0.4800 -0.3016
2080.00 -0.4438 -0.4465 -0.4577 -0.4393 -0.4398 -0.3063
2090.00 -0.4995 -0.5083 -0.5047 -0.5097 -0.5081 -0.3318
2100.00 -0.4765 -0.4896 -0.4743 -0.4779 -0.4758 -0.3172
2110.00 -0.4927 -0.4904 -0.4565 -0.4848 -0.4851 -0.3174
2120.00 -0.4602 -0.4616 -0.4703 -0.4592 -0.4708 -0.3120
2130.00 -0.4627 -0.4665 -0.4788 -0.4770 -0.4802 -0.3107
2140.00 -0.4942 -0.5056 -0.4924 -0.5022 -0.5040 -0.3212
2150.00 -0.4634 -0.4576 -0.4747 -0.4756 -0.4702 -0.3081
2160.00 -0.4586 -0.4581 -0.4456 -0.4606 -0.4633 -0.3086
2170.00 -0.4757 -0.4766 -0.4704 -0.4885 -0.4819 -0.3243
2180.00 -0.4647 -0.4578 -0.4455 -0.4646 -0.4667 -0.3054
2190.00 -0.4869 -0.5200 -0.4983 -0.5061 -0.5021 -0.3205
2200.00 -0.4641 -0.4789 -0.4658 -0.4505 -0.4381 -0.3018
2210.00 -0.5065 -0.5185 -0.5064 -0.4994 -0.4742 -0.3196
2220.00 -0.4643 -0.4739 -0.4626 -0.4663 -0.4710 -0.3168
2230.00 -0.4824 -0.4842 -0.4617 -0.4869 -0.4560 -0.3111
2240.00 -0.4965 -0.5167 -0.4952 -0.4920 -0.4982 -0.3286
2250.00 -0.4652 -0.4644 -0.4679 -0.4551 -0.4547 -0.3023
2260.00 -0.4928 -0.5016 -0.5052 -0.4674 -0.4890 -0.3269
2270.00 -0.4640 -0.4581 -0.4685 -0.4547 -0.4523 -0.3039
2280.00 -0.5117 -0.5307 -0.5304 -0.5181 -0.4906 -0.3476
2290.00 -0.4475 -0.4533 -0.4659 -0.4507 -0.4366 -0.2973
2300.00 -0.4744 -0.4824 -0.4957 -0.4986 -0.4748 -0.3223
2310.00 -0.4810 -0.4924 -0.4951 -0.4882 -0.4851 -0.3039
2320.00 -0.4703 -0.4681 -0.4807 -0.4702 -0.4392 -0.3085
2330.00 -0.4839 -0.4813 -0.4823 -0.4900 -0.4649 -0.3147
2340.00 -0.5255 -0.5101 -0.5210 -0.5209 -0.5008 -0.3362
2350.00 -0.4635 -0.4748 -0.4574 -0.4706 -0.4429 -0.3005
2360.00 -0.4692 -0.4693 -0.4676 -0.4746 -0.4686 -0.3200
2370.00 -0.4993 -0.5099 -0.5074 -0.5032 -0.4953 -0.3372
2380.00 -0.4732 -0.4716 -0.4739 -0.4676 -0.4474 -0.3118
2390.00 -0.4558 -0.4608 -0.4515 -0.4600 -0.4446 -0.2928
2400.00 -0.5033 -0.5110 -0.4944 -0.5117 -0.4986 -0.3256
2410.00 -0.4659 -0.4596 -0.4668 -0.4591 -0.4628 -0.3122
2420.00 -0.4897 -0.4855 -0.4858 -0.4901 -0.4803 -0.3270
2430.00 -0.4505 -0.4506 -0.4587 -0.4574 -0.4462 -0.2963
2440.00 -0.4909 -0.4967 -0.4927 -0.4793 -0.4904 -0.3348
2450.00 -0.4874 -0.4759 -0.4861 -0.4789 -0.4684 -0.3012
2460.00 -0.4804 -0.4731 -0.4845 -0.4783 -0.4841 -0.3181
2470.00 -0.4560 -0.4570 -0.4613 -0.4490 -0.4696 -0.3003
2480.00 -0.4914 -0.4680 -0.4828 -0.4871 -0.4795 -0.3120
2490.00 -0.4771 -0.4752 -0.4747 -0.4852 -0.4674 -0.3203
2500.00 -0.4533 -0.4874 -0.4891 -0.4920 -0.4798 -0.3099
2510.00 -0.4565 -0.4775 -0.4701 -0.4854 -0.4763 -0.3224
2520.00 -0.4637 -0.4707 -0.4822 -0.4865 -0.4867 -0.3065
2530.00 -0.4739 -0.4691 -0.4801 -0.4698 -0.4754 -0.3119
2540.00 -0.4898 -0.5007 -0.4896 -0.4943 -0.4829 -0.3132
2550.00 -0.4543 -0.4639 -0.4766 -0.4585 -0.4595 -0.3045
2560.00 -0.4850 -0.4929 -0.4892 -0.4977 -0.4819 -0.3211
2570.00 -0.4743 -0.4741 -0.4805 -0.4835 -0.4767 -0.3170
2580.00 -0.4672 -0.4761 -0.4846 -0.4702 -0.4851 -0.3148
2590.00 -0.4767 -0.4743 -0.4717 -0.4810 -0.4750 -0.3237
2600.00 -0.4828 -0.4801 -0.4857 -0.4781 -0.4798 -0.3025
2610.00 -0.4991 -0.5077 -0.5106 -0.5126 -0.4978 -0.3326
2620.00 -0.4545 -0.4544 -0.4570 -0.4520 -0.4563 -0.3078
2630.00 -0.4709 -0.4786 -0.4824 -0.4794 -0.4760 -0.3028
2640.00 -0.4860 -0.5014 -0.4945 -0.4754 -0.4908 -0.3255
2650.00 -0.4583 -0.4659 -0.4678 -0.4662 -0.4618 -0.3119
2660.00 -0.4630 -0.4928 -0.5132 -0.5041 -0.5081 -0.3263
2670.00 -0.4561 -0.4712 -0.4790 -0.4714 -0.4805 -0.3084
2680.00 -0.4696 -0.4686 -0.4856 -0.4716 -0.4647 -0.3140
2690.00 -0.4839 -0.4804 -0.4742 -0.4822 -0.4753 -0.3155
2700.00 -0.5010 -0.4946 -0.4870 -0.4792 -0.4909 -0.3120
2710.00 -0.4927 -0.4829 -0.4773 -0.4792 -0.4879 -0.3234
2720.00 -0.4644 -0.4537 -0.4448 -0.4477 -0.4662 -0.3062
2730.00 -0.4699 -0.4783 -0.4646 -0.4750 -0.4641 -0.3052
2740.00 -0.4749 -0.4880 -0.4745 -0.4764 -0.4692 -0.3070
2750.00 -0.4874 -0.4973 -0.5001 -0.4878 -0.4963 -0.3279
2760.00 -0.4956 -0.5171 -0.5062 -0.5079 -0.5080 -0.3151
2770.00 -0.4296 -0.4323 -0.4446 -0.4402 -0.4435 -0.3075
2780.00 -0.4591 -0.4885 -0.4873 -0.4794 -0.4762 -0.2957
2790.00 -0.4788 -0.4865 -0.4720 -0.4854 -0.4535 -0.3173
2800.00 -0.4725 -0.4840 -0.4657 -0.4847 -0.4859 -0.3065
2810.00 -0.4718 -0.4673 -0.4418 -0.4580 -0.4623 -0.3161
2820.00 -0.4934 -0.4838 -0.4881 -0.4903 -0.5007 -0.3153
2830.00 -0.4626 -0.4752 -0.4572 -0.4574 -0.4663 -0.3033
2840.00 -0.4914 -0.4890 -0.4706 -0.4864 -0.4894 -0.3196
2850.00 -0.4892 -0.4795 -0.4662 -0.4761 -0.4810 -0.3161
2860.00 -0.4447 -0.4549 -0.4419 -0.4610 -0.4449 -0.2954
2870.00 -0.5132 -0.5076 -0.4965 -0.5124 -0.5082 -0.3220
2880.00 -0.4908 -0.4996 -0.4859 -0.4948 -0.4893 -0.3178
2890.00 -0.4646 -0.4783 -0.4761 -0.4656 -0.4460 -0.3049
2900.00 -0.4872 -0.4890 -0.5028 -0.4850 -0.4868 -0.3235
2910.00 -0.4365 -0.4372 -0.4452 -0.4387 -0.4224 -0.2977
2920.00 -0.4842 -0.5001 -0.4908 -0.4887 -0.4684 -0.3321
2930.00 -0.4857 -0.4951 -0.4949 -0.4742 -0.4574 -0.2990
2940.00 -0.4883 -0.4832 -0.4828 -0.4801 -0.4619 -0.3226
2950.00 -0.4883 -0.5033 -0.4949 -0.4901 -0.4994 -0.3104
2960.00 -0.4542 -0.4431 -0.4646 -0.4678 -0.4530 -0.3039
2970.00 -0.4761 -0.4732 -0.4652 -0.4791 -0.4875 -0.3125
2980.00 -0.4866 -0.4827 -0.4875 -0.4941 -0.4841 -0.3172
2990.00 -0.4537 -0.4479 -0.4501 -0.4397 -0.4438 -0.2966
3000.00 -0.5086 -0.4995 -0.5122 -0.5100 -0.4903 -0.3140
3010.00 -0.4881 -0.4764 -0.4818 -0.4908 -0.4652 -0.3228
3020.00 -0.4783 -0.4745 -0.4774 -0.4865 -0.4592 -0.3162
3030.00 -0.4731 -0.4721 -0.4708 -0.4687 -0.4559 -0.3092
3040.00 -0.4772 -0.4931 -0.4835 -0.4914 -0.4842 -0.3068
3050.00 -0.4642 -0.4762 -0.4898 -0.4836 -0.4761 -0.3254
3060.00 -0.5008 -0.5012 -0.5038 -0.5064 -0.4938 -0.3350
3070.00 -0.4394 -0.4577 -0.4384 -0.4431 -0.4440 -0.2983
3080.00 -0.4919 -0.4817 -0.4840 -0.4696 -0.4835 -0.3103
3090.00 -0.4819 -0.4813 -0.4616 -0.4742 -0.4953 -0.3226
3100.00 -0.4675 -0.4967 -0.4925 -0.4853 -0.4958 -0.3035
3110.00 -0.4749 -0.4796 -0.4707 -0.4655 -0.4781 -0.3202
3120.00 -0.5074 -0.4922 -0.4998 -0.4913 -0.5103 -0.3195
3130.00 -0.4683 -0.4511 -0.4617 -0.4485 -0.4629 -0.3118
3140.00 -0.4814 -0.4856 -0.4790 -0.4937 -0.4939 -0.3020
3150.00 -0.4719 -0.4798 -0.4730 -0.4914 -0.4807 -0.3134
3160.00 -0.4641 -0.4928 -0.4817 -0.4939 -0.4757 -0.3174
3170.00 -0.4663 -0.4753 -0.4735 -0.4586 -0.4767 -0.3066
3180.00 -0.4488 -0.4658 -0.4430 -0.4526 -0.4580 -0.2978
3190.00 -0.4888 -0.4908 -0.4781 -0.4843 -0.4741 -0.3302
3200.00 -0.5102 -0.5109 -0.4850 -0.5082 -0.5021 -0.3159
3210.00 -0.4902 -0.4706 -0.4698 -0.4719 -0.4870 -0.3194
3220.00 -0.4783 -0.4583 -0.4796 -0.4824 -0.4791 -0.3177
3230.00 -0.4767 -0.4571 -0.4825 -0.4766 -0.4787 -0.3196
3240.00 -0.4856 -0.4838 -0.4699 -0.4912 -0.4781 -0.3051
3250.00 -0.4859 -0.4762 -0.4773 -0.4967 -0.4969 -0.3080
3260.00 -0.4758 -0.4573 -0.4654 -0.4817 -0.4794 -0.3255
3270.00 -0.4569 -0.4574 -0.4764 -0.4604 -0.4695 -0.3064
3280.00 -0.4475 -0.4484 -0.4551 -0.4580 -0.4491 -0.2989
3290.00 -0.4945 -0.5059 -0.5048 -0.4868 -0.5014 -0.3322
3300.00 -0.4599 -0.4616 -0.4630 -0.4544 -0.4591 -0.3024
3310.00 -0.4921 -0.5031 -0.4970 -0.4822 -0.4866 -0.3126
3320.00 -0.4712 -0.4920 -0.4885 -0.4824 -0.4592 -0.3065
3330.00 -0.4738 -0.4885 -0.4903 -0.4664 -0.4793 -0.3198
3340.00 -0.4724 -0.4714 -0.4703 -0.4826 -0.4701 -0.3279
3350.00 -0.4458 -0.4663 -0.4562 -0.4478 -0.4577 -0.2917
3360.00 -0.5080 -0.5221 -0.5232 -0.5054 -0.5160 -0.3331
3370.00 -0.4636 -0.4671 -0.4747 -0.4727 -0.4617 -0.3028
3380.00 -0.4677 -0.4797 -0.4687 -0.4669 -0.4511 -0.3298
3390.00 -0.4743 -0.4718 -0.4744 -0.4704 -0.4580 -0.2932
3400.00 -0.4871 -0.4929 -0.4859 -0.4788 -0.4721 -0.3169
3410.00 -0.4648 -0.4662 -0.4559 -0.4679 -0.4440 -0.3040
3420.00 -0.4729 -0.4835 -0.4842 -0.4796 -0.4707 -0.3155
3430.00 -0.4806 -0.4700 -0.4746 -0.4749 -0.4785 -0.3126
3440.00 -0.5174 -0.5136 -0.4879 -0.4986 -0.5183 -0.3321
3450.00 -0.4545 -0.4471 -0.4462 -0.4522 -0.4551 -0.2986
3460.00 -0.4749 -0.4873 -0.4734 -0.4643 -0.4897 -0.3194
3470.00 -0.4719 -0.4705 -0.4868 -0.4836 -0.4908 -0.3099
3480.00 -0.5086 -0.4916 -0.5118 -0.4949 -0.5050 -0.3348
3490.00 -0.4395 -0.4220 -0.4355 -0.4325 -0.4343 -0.2972
3500.00 -0.4995 -0.4857 -0.4972 -0.4921 -0.4819 -0.3165
3510.00 -0.4728 -0.4568 -0.4664 -0.4787 -0.4676 -0.3165
3520.00 -0.4711 -0.4604 -0.4707 -0.4708 -0.4612 -0.3109
3530.00 -0.5001 -0.5063 -0.5087 -0.4883 -0.4865 -0.3140
3540.00 -0.4835 -0.4938 -0.4805 -0.4816 -0.4813 -0.3203
3550.00 -0.4633 -0.4462 -0.4496 -0.4440 -0.4496 -0.3002
3560.00 -0.5046 -0.4980 -0.4997 -0.4866 -0.4982 -0.3319
3570.00 -0.4765 -0.4582 -0.4672 -0.4771 -0.4632 -0.3078
3580.00 -0.4877 -0.5052 -0.4922 -0.4942 -0.4838 -0.3200
3590.00 -0.4600 -0.4642 -0.4784 -0.4627 -0.4542 -0.3018
3600.00 -0.4595 -0.4638 -0.4608 -0.4650 -0.4619 -0.3194
3610.00 -0.4881 -0.4988 -0.4888 -0.4871 -0.4819 -0.3155
3620.00 -0.4787 -0.4605 -0.4685 -0.4652 -0.4516 -0.2950
3630.00 -0.5037 -0.5028 -0.5104 -0.4981 -0.4975 -0.3292
3640.00 -0.4807 -0.4679 -0.4728 -0.4634 -0.4675 -0.3112
3650.00 -0.4743 -0.4620 -0.4607 -0.4525 -0.4592 -0.2990
3660.00 -0.4963 -0.4806 -0.4886 -0.4697 -0.4929 -0.3288
3670.00 -0.4875 -0.4698 -0.4828 -0.4536 -0.4614 -0.3053
3680.00 -0.4786 -0.4920 -0.4843 -0.4569 -0.4841 -0.2975
3690.00 -0.4827 -0.4816 -0.4967 -0.4764 -0.4982 -0.3401
3700.00 -0.4836 -0.4856 -0.4877 -0.4513 -0.4839 -0.3138
3710.00 -0.4855 -0.4796 -0.4854 -0.4650 -0.4914 -0.3112
3720.00 -0.4492 -0.4664 -0.4621 -0.4399 -0.4619 -0.3002
3730.00 -0.4983 -0.5061 -0.5176 -0.4583 -0.4882 -0.3115
3740.00 -0.4876 -0.4926 -0.4780 -0.4716 -0.4706 -0.3158
3750.00 -0.4947 -0.4836 -0.4968 -0.4903 -0.4784 -0.3214
3760.00 -0.4833 -0.4584 -0.4838 -0.4674 -0.4695 -0.3138
3770.00 -0.4798 -0.4868 -0.4867 -0.4853 -0.4754 -0.3199
3780.00 -0.4705 -0.4726 -0.4753 -0.4545 -0.4721 -0.3008
3790.00 -0.4982 -0.4833 -0.4803 -0.4839 -0.4891 -0.3261
3800.00 -0.4698 -0.4731 -0.4747 -0.4920 -0.4739 -0.3031
3810.00 -0.4750 -0.4781 -0.4477 -0.4710 -0.4812 -0.3248
3820.00 -0.4782 -0.4894 -0.4667 -0.4576 -0.4809 -0.3109
3830.00 -0.4574 -0.4517 -0.4483 -0.4407 -0.4511 -0.2976
3840.00 -0.5132 -0.5182 -0.5134 -0.4912 -0.5169 -0.3261
3850.00 -0.4838 -0.4908 -0.5028 -0.4915 -0.4831 -0.3294
3860.00 -0.4638 -0.4661 -0.4681 -0.4739 -0.4726 -0.3043
3870.00 -0.4548 -0.4682 -0.4633 -0.4526 -0.4603 -0.3099
3880.00 -0.4886 -0.5109 -0.5157 -0.5231 -0.4870 -0.3255
3890.00 -0.4492 -0.4711 -0.4743 -0.4810 -0.4461 -0.2959
3900.00 -0.4769 -0.4895 -0.4807 -0.4726 -0.4624 -0.3211
3910.00 -0.4464 -0.4550 -0.4626 -0.4793 -0.4438 -0.3028
3920.00 -0.5148 -0.4917 -0.5073 -0.5056 -0.4960 -0.3348
3930.00 -0.4596 -0.4608 -0.4673 -0.4742 -0.4742 -0.3085
3940.00 -0.5064 -0.4833 -0.5026 -0.5046 -0.4837 -0.3236
3950.00 -0.4681 -0.4598 -0.4716 -0.4515 -0.4737 -0.3095
3960.00 -0.4828 -0.4775 -0.4900 -0.4809 -0.4788 -0.3294
3970.00 -0.4546 -0.4495 -0.4548 -0.4429 -0.4546 -0.2978
3980.00 -0.4772 -0.4598 -0.4803 -0.4748 -0.4886 -0.3236
3990.00 -0.5078 -0.4884 -0.4951 -0.5007 -0.5034 -0.3161
4000.00 -0.4844 -0.4673 -0.4713 -0.4811 -0.4733 -0.3346
