10.00 -0.5299 -0.5314 -0.5270 -0.4150 -0.5250 -0.3116
20.00 -0.4614 -0.4660 -0.4613 -0.3966 -0.4629 -0.3004
30.00 -0.7199 -0.7179 -0.7133 -0.4067 -0.7170 -0.3277
40.00 -0.4602 -0.4610 -0.4653 -0.3941 -0.4613 -0.3064
50.00 -0.6022 -0.6061 -0.6056 -0.4234 -0.6072 -0.3299
60.00 -0.5461 -0.5393 -0.5439 -0.3955 -0.5392 -0.3184
70.00 -0.6654 -0.6618 -0.6566 -0.3642 -0.6599 -0.3034
80.00 -0.6823 -0.6860 -0.6771 -0.3621 -0.6797 -0.3096
90.00 -0.5307 -0.5298 -0.5349 -0.4001 -0.5295 -0.3193
100.00 -0.9834 -0.9906 -0.9933 -0.3644 -0.9899 -0.3280
110.00 -0.5180 -0.5232 -0.5253 -0.3835 -0.5224 -0.2901
120.00 -0.5736 -0.5723 -0.5749 -0.4091 -0.5784 -0.3216
130.00 -0.5864 -0.5930 -0.5917 -0.3973 -0.5848 -0.3145
140.00 -0.7083 -0.7087 -0.7122 -0.3510 -0.7085 -0.2966
150.00 -0.7532 -0.7589 -0.7609 -0.3822 -0.7586 -0.3219
160.00 -0.6413 -0.6380 -0.6399 -0.3897 -0.6405 -0.3178
170.00 -0.5730 -0.5732 -0.5753 -0.3903 -0.5714 -0.2989
180.00 -0.5042 -0.5039 -0.5008 -0.3940 -0.5026 -0.3140
190.00 -0.5546 -0.5561 -0.5554 -0.4160 -0.5541 -0.3208
200.00 -0.5729 -0.5630 -0.5658 -0.3978 -0.5584 -0.3186
210.00 -0.6720 -0.6651 -0.6701 -0.3855 -0.6732 -0.3123
220.00 -0.6206 -0.6260 -0.6319 -0.3534 -0.6268 -0.3031
230.00 -0.7631 -0.7627 -0.7518 -0.3993 -0.7641 -0.3149
240.00 -0.5748 -0.5745 -0.5772 -0.4056 -0.5699 -0.3165
250.00 -0.4742 -0.4774 -0.4803 -0.3900 -0.4735 -0.3007
260.00 -0.8128 -0.8165 -0.8145 -0.3758 -0.8194 -0.3306
270.00 -0.7263 -0.7205 -0.7242 -0.3793 -0.7280 -0.3158
280.00 -0.6368 -0.6263 -0.6329 -0.3934 -0.6199 -0.3184
290.00 -0.5485 -0.5570 -0.5530 -0.3889 -0.5565 -0.2957
300.00 -0.6432 -0.6321 -0.6343 -0.3760 -0.6348 -0.3178
310.00 -0.5751 -0.5848 -0.5767 -0.4020 -0.5798 -0.3214
320.00 -0.5693 -0.5643 -0.5676 -0.3585 -0.5650 -0.3086
330.00 -0.7129 -0.7228 -0.7171 -0.4088 -0.7137 -0.3121
340.00 -0.5820 -0.5851 -0.5839 -0.3907 -0.5852 -0.3125
350.00 -0.5930 -0.5936 -0.6003 -0.3853 -0.5984 -0.3131
360.00 -0.5585 -0.5688 -0.5707 -0.4240 -0.5687 -0.3265
370.00 -0.6357 -0.6279 -0.6310 -0.3851 -0.6250 -0.3052
380.00 -0.6042 -0.6019 -0.6011 -0.3572 -0.6083 -0.3077
390.00 -1.0607 -1.0581 -1.0568 -0.3305 -1.0647 -0.3169
400.00 -0.5938 -0.5952 -0.5934 -0.4018 -0.5891 -0.3112
410.00 -0.5388 -0.5403 -0.5371 -0.4299 -0.5371 -0.3272
420.00 -0.5151 -0.5068 -0.5046 -0.4073 -0.5077 -0.3136
430.00 -0.5160 -0.5175 -0.5199 -0.3937 -0.5248 -0.3116
440.00 -0.6305 -0.6297 -0.6339 -0.3644 -0.6283 -0.2942
450.00 -0.8276 -0.8297 -0.8266 -0.3957 -0.8321 -0.3435
460.00 -0.7222 -0.7242 -0.7246 -0.3482 -0.7200 -0.2868
470.00 -0.5987 -0.6002 -0.6020 -0.4201 -0.5919 -0.3182
480.00 -0.6893 -0.6875 -0.6879 -0.3752 -0.6873 -0.3098
490.00 -0.4998 -0.4972 -0.4932 -0.3858 -0.4866 -0.3014
500.00 -0.6451 -0.6441 -0.6519 -0.3767 -0.6398 -0.3006
510.00 -0.6802 -0.6698 -0.6748 -0.4008 -0.6778 -0.3242
520.00 -0.5874 -0.5832 -0.5920 -0.4042 -0.5939 -0.3058
530.00 -0.5544 -0.5437 -0.5453 -0.3941 -0.5471 -0.3227
540.00 -0.5975 -0.6041 -0.5985 -0.4124 -0.5928 -0.3368
550.00 -0.7935 -0.7992 -0.7976 -0.3528 -0.7903 -0.3085
560.00 -0.6840 -0.6852 -0.6807 -0.3848 -0.6883 -0.3130
570.00 -0.5249 -0.5293 -0.5252 -0.3792 -0.5299 -0.2902
580.00 -0.5584 -0.5638 -0.5591 -0.3940 -0.5529 -0.3152
590.00 -0.7903 -0.7879 -0.7854 -0.3469 -0.7937 -0.3086
600.00 -0.6521 -0.6514 -0.6481 -0.3814 -0.6498 -0.3105
610.00 -0.5758 -0.5802 -0.5858 -0.4260 -0.5754 -0.3263
620.00 -0.5808 -0.5717 -0.5728 -0.3793 -0.5795 -0.3123
630.00 -0.6003 -0.5902 -0.5824 -0.3840 -0.5785 -0.3142
640.00 -0.6632 -0.6651 -0.6603 -0.3225 -0.6626 -0.3016
650.00 -0.7437 -0.7398 -0.7546 -0.4109 -0.7495 -0.3204
660.00 -0.5630 -0.5722 -0.5600 -0.3993 -0.5682 -0.3127
670.00 -0.5689 -0.5697 -0.5702 -0.4086 -0.5655 -0.3090
680.00 -0.5462 -0.5481 -0.5424 -0.3796 -0.5467 -0.3064
690.00 -0.5146 -0.5175 -0.5236 -0.4074 -0.5179 -0.3170
700.00 -0.6383 -0.6392 -0.6366 -0.4120 -0.6467 -0.3336
710.00 -0.5755 -0.5815 -0.5732 -0.3804 -0.5713 -0.3105
720.00 -0.7925 -0.7953 -0.8008 -0.3706 -0.7933 -0.3180
730.00 -0.7276 -0.7281 -0.7234 -0.3541 -0.7366 -0.3235
740.00 -0.7386 -0.7401 -0.7343 -0.3557 -0.7421 -0.2775
750.00 -0.5482 -0.5466 -0.5470 -0.4015 -0.5439 -0.3170
760.00 -0.5534 -0.5453 -0.5442 -0.4162 -0.5371 -0.3142
770.00 -0.6540 -0.6575 -0.6705 -0.3973 -0.6585 -0.3359
780.00 -0.5955 -0.5986 -0.5982 -0.3805 -0.5998 -0.3087
790.00 -0.5339 -0.5353 -0.5356 -0.3854 -0.5359 -0.3040
800.00 -0.5001 -0.5047 -0.5100 -0.4029 -0.5079 -0.3152
810.00 -0.7717 -0.7724 -0.7710 -0.4141 -0.7719 -0.3366
820.00 -0.5606 -0.5650 -0.5655 -0.3762 -0.5579 -0.3101
830.00 -0.7729 -0.7689 -0.7724 -0.3648 -0.7825 -0.3180
840.00 -0.8127 -0.8070 -0.8100 -0.3519 -0.8078 -0.3022
850.00 -0.6337 -0.6359 -0.6295 -0.3876 -0.6304 -0.3089
860.00 -0.6125 -0.6123 -0.6101 -0.3973 -0.6095 -0.3124
870.00 -0.4935 -0.4921 -0.4919 -0.4231 -0.4857 -0.3211
880.00 -0.6125 -0.6123 -0.6120 -0.4092 -0.6089 -0.3226
890.00 -0.4580 -0.4536 -0.4564 -0.3840 -0.4574 -0.2989
900.00 -0.5397 -0.5418 -0.5393 -0.4104 -0.5378 -0.3201
910.00 -0.9358 -0.9485 -0.9458 -0.3724 -0.9394 -0.3504
920.00 -0.8467 -0.8478 -0.8482 -0.3667 -0.8485 -0.2998
930.00 -0.4827 -0.4855 -0.4803 -0.3536 -0.4785 -0.2793
940.00 -0.5986 -0.5980 -0.5961 -0.4174 -0.5987 -0.3176
950.00 -0.4885 -0.4981 -0.4988 -0.4116 -0.4934 -0.3257
960.00 -0.5233 -0.5189 -0.5191 -0.3986 -0.5197 -0.3075
970.00 -0.5918 -0.5963 -0.5958 -0.3908 -0.6006 -0.3184
980.00 -0.6344 -0.6270 -0.6351 -0.3965 -0.6266 -0.3237
990.00 -0.7181 -0.7197 -0.7180 -0.3718 -0.7105 -0.3159
1000.00 -0.8864 -0.8757 -0.8898 -0.3614 -0.8902 -0.3131
1010.00 -0.5705 -0.5737 -0.5646 -0.3577 -0.5672 -0.2953
1020.00 -0.5878 -0.5840 -0.5841 -0.4316 -0.5859 -0.3327
1030.00 -0.6963 -0.7009 -0.7083 -0.3509 -0.7046 -0.3026
1040.00 -0.5923 -0.5958 -0.6024 -0.3714 -0.6031 -0.2979
1050.00 -0.6297 -0.6256 -0.6209 -0.4354 -0.6257 -0.3327
1060.00 -0.4894 -0.4890 -0.4941 -0.4008 -0.4853 -0.3175
1070.00 -0.5958 -0.5905 -0.5975 -0.3847 -0.5952 -0.3168
1080.00 -0.5603 -0.5659 -0.5675 -0.3964 -0.5672 -0.3083
1090.00 -0.6352 -0.6386 -0.6491 -0.3526 -0.6396 -0.3032
1100.00 -0.7400 -0.7436 -0.7440 -0.3986 -0.7407 -0.3277
1110.00 -0.5635 -0.5575 -0.5578 -0.3985 -0.5544 -0.3175
1120.00 -0.6744 -0.6750 -0.6769 -0.3611 -0.6795 -0.3189
1130.00 -0.7508 -0.7573 -0.7484 -0.3777 -0.7532 -0.3105
1140.00 -0.7014 -0.7010 -0.6897 -0.3979 -0.6881 -0.3270
1150.00 -0.6052 -0.5960 -0.6015 -0.3855 -0.6028 -0.2992
1160.00 -0.5993 -0.5958 -0.5983 -0.3947 -0.5968 -0.3171
1170.00 -0.5169 -0.5136 -0.5189 -0.4022 -0.5164 -0.3076
1180.00 -0.4489 -0.4496 -0.4545 -0.4048 -0.4499 -0.3023
1190.00 -0.5307 -0.5300 -0.5287 -0.4225 -0.5305 -0.3223
1200.00 -0.5054 -0.5016 -0.5066 -0.3990 -0.5033 -0.3101
1210.00 -0.7366 -0.7319 -0.7223 -0.3735 -0.7343 -0.3340
1220.00 -0.9810 -0.9837 -0.9779 -0.3350 -0.9729 -0.3321
1230.00 -0.9117 -0.9148 -0.9200 -0.3130 -0.9094 -0.2820
1240.00 -0.6171 -0.6205 -0.6212 -0.4086 -0.6227 -0.3138
1250.00 -0.4730 -0.4771 -0.4749 -0.4175 -0.4760 -0.3129
1260.00 -0.4848 -0.4833 -0.4819 -0.3990 -0.4865 -0.2979
1270.00 -0.5741 -0.5663 -0.5732 -0.4135 -0.5746 -0.3186
1280.00 -0.4910 -0.4874 -0.4967 -0.3880 -0.4855 -0.3066
1290.00 -0.8253 -0.8292 -0.8279 -0.3672 -0.8273 -0.3299
1300.00 -0.6467 -0.6475 -0.6472 -0.3824 -0.6456 -0.3039
1310.00 -0.6123 -0.6044 -0.6026 -0.3947 -0.6117 -0.3236
1320.00 -0.5874 -0.5862 -0.5918 -0.3674 -0.5835 -0.3007
1330.00 -0.6183 -0.6230 -0.6164 -0.3911 -0.6179 -0.3068
1340.00 -0.6042 -0.6052 -0.6026 -0.4220 -0.6020 -0.3370
1350.00 -0.7598 -0.7611 -0.7507 -0.3699 -0.7609 -0.3206
1360.00 -0.5105 -0.5055 -0.5118 -0.3752 -0.5045 -0.2894
1370.00 -0.7154 -0.7104 -0.7205 -0.4089 -0.7144 -0.3313
1380.00 -0.5825 -0.5926 -0.5800 -0.3608 -0.5915 -0.2884
1390.00 -0.6568 -0.6495 -0.6491 -0.4075 -0.6624 -0.3291
1400.00 -0.6476 -0.6477 -0.6524 -0.3906 -0.6544 -0.3057
1410.00 -0.5441 -0.5451 -0.5517 -0.3960 -0.5490 -0.3078
1420.00 -0.6650 -0.6667 -0.6669 -0.3841 -0.6671 -0.3198
1430.00 -0.6691 -0.6674 -0.6677 -0.4074 -0.6707 -0.3291
1440.00 -0.5499 -0.5480 -0.5465 -0.3805 -0.5508 -0.3040
1450.00 -0.4896 -0.4989 -0.5015 -0.3807 -0.4971 -0.2935
1460.00 -0.6251 -0.6276 -0.6234 -0.4287 -0.6316 -0.3408
1470.00 -0.7123 -0.7169 -0.7197 -0.3427 -0.7073 -0.3064
1480.00 -0.9017 -0.8898 -0.8982 -0.3581 -0.9018 -0.3246
1490.00 -0.5736 -0.5786 -0.5697 -0.3807 -0.5717 -0.2992
1500.00 -0.5818 -0.5730 -0.5845 -0.3852 -0.5777 -0.3037
1510.00 -0.6423 -0.6448 -0.6449 -0.4086 -0.6434 -0.3345
1520.00 -0.5462 -0.5450 -0.5444 -0.3977 -0.5445 -0.3140
1530.00 -0.6981 -0.7062 -0.7068 -0.3889 -0.7039 -0.3313
1540.00 -0.5378 -0.5363 -0.5265 -0.3878 -0.5331 -0.2996
1550.00 -0.7030 -0.6964 -0.7021 -0.3897 -0.6946 -0.3235
1560.00 -0.6067 -0.6042 -0.6068 -0.3822 -0.6000 -0.3074
1570.00 -0.6323 -0.6393 -0.6410 -0.3981 -0.6435 -0.3203
1580.00 -0.6377 -0.6395 -0.6369 -0.3765 -0.6426 -0.3149
1590.00 -0.6050 -0.5924 -0.5960 -0.3597 -0.5949 -0.3088
1600.00 -0.7138 -0.7137 -0.7214 -0.4321 -0.7199 -0.3427
1610.00 -0.7012 -0.6886 -0.6901 -0.3519 -0.7012 -0.2958
1620.00 -0.6608 -0.6584 -0.6636 -0.3879 -0.6532 -0.3237
1630.00 -0.5754 -0.5739 -0.5750 -0.3761 -0.5715 -0.2983
1640.00 -0.5465 -0.5513 -0.5497 -0.4086 -0.5464 -0.3176
1650.00 -0.6058 -0.6037 -0.6001 -0.3951 -0.5968 -0.3124
1660.00 -0.5739 -0.5730 -0.5757 -0.4148 -0.5797 -0.3139
1670.00 -0.5256 -0.5263 -0.5233 -0.4058 -0.5299 -0.3149
1680.00 -0.5366 -0.5431 -0.5389 -0.3888 -0.5416 -0.3029
1690.00 -0.7746 -0.7724 -0.7698 -0.3772 -0.7690 -0.3401
1700.00 -0.8608 -0.8541 -0.8607 -0.3503 -0.8704 -0.3154
1710.00 -0.5949 -0.5937 -0.5865 -0.3909 -0.5900 -0.3103
1720.00 -0.6348 -0.6485 -0.6453 -0.3976 -0.6448 -0.3286
1730.00 -0.5488 -0.5452 -0.5342 -0.3900 -0.5395 -0.3061
1740.00 -0.6407 -0.6362 -0.6362 -0.3608 -0.6344 -0.2967
1750.00 -0.6221 -0.6310 -0.6305 -0.4169 -0.6309 -0.3304
1760.00 -0.6195 -0.6126 -0.6146 -0.4139 -0.6244 -0.3366
1770.00 -0.5708 -0.5740 -0.5849 -0.3651 -0.5768 -0.2987
1780.00 -0.6850 -0.6876 -0.6770 -0.3748 -0.6821 -0.3112
1790.00 -0.6956 -0.6869 -0.6969 -0.4011 -0.6969 -0.3190
1800.00 -0.5708 -0.5736 -0.5728 -0.3804 -0.5684 -0.3052
1810.00 -0.6531 -0.6649 -0.6477 -0.3799 -0.6588 -0.3146
1820.00 -0.5744 -0.5735 -0.5648 -0.3962 -0.5847 -0.3132
1830.00 -0.4911 -0.5023 -0.5008 -0.3971 -0.4942 -0.3100
1840.00 -0.6159 -0.6163 -0.6075 -0.4254 -0.6171 -0.3318
1850.00 -0.8426 -0.8390 -0.8469 -0.3605 -0.8453 -0.3147
1860.00 -0.5415 -0.5363 -0.5398 -0.3690 -0.5377 -0.3091
1870.00 -0.7086 -0.7223 -0.7139 -0.3978 -0.7026 -0.3164
1880.00 -0.5242 -0.5278 -0.5243 -0.3923 -0.5279 -0.3093
1890.00 -0.7136 -0.7232 -0.7201 -0.4027 -0.7118 -0.3246
1900.00 -0.6109 -0.6069 -0.6039 -0.3796 -0.6074 -0.2921
1910.00 -0.5418 -0.5456 -0.5436 -0.4055 -0.5446 -0.3234
1920.00 -0.5732 -0.5876 -0.5881 -0.4098 -0.5766 -0.3261
1930.00 -0.5910 -0.5900 -0.5848 -0.3641 -0.5863 -0.3022
1940.00 -0.7240 -0.7178 -0.7256 -0.3970 -0.7232 -0.3179
1950.00 -0.5759 -0.5734 -0.5735 -0.3494 -0.5769 -0.2993
1960.00 -0.8484 -0.8423 -0.8399 -0.3887 -0.8338 -0.3319
1970.00 -0.5877 -0.5993 -0.6019 -0.3982 -0.5918 -0.3177
1980.00 -0.5065 -0.5104 -0.5082 -0.3901 -0.5085 -0.2941
1990.00 -0.5985 -0.6085 -0.5987 -0.3900 -0.6072 -0.3305
2000.00 -0.7266 -0.7292 -0.7206 -0.3892 -0.7253 -0.3191
2010.00 -0.6767 -0.6775 -0.6796 -0.3526 -0.6812 -0.2991
2020.00 -0.6594 -0.6606 -0.6605 -0.3980 -0.6648 -0.3225
2030.00 -0.6174 -0.6158 -0.6133 -0.3703 -0.6132 -0.3015
2040.00 -0.5557 -0.5541 -0.5562 -0.4084 -0.5526 -0.3181
2050.00 -0.5985 -0.6114 -0.6070 -0.4281 -0.6090 -0.3363
2060.00 -0.6305 -0.6343 -0.6268 -0.3544 -0.6382 -0.2929
2070.00 -0.6589 -0.6689 -0.6732 -0.3960 -0.6642 -0.3333
2080.00 -0.7128 -0.7025 -0.7011 -0.3681 -0.7015 -0.3032
2090.00 -0.6086 -0.6141 -0.6081 -0.3901 -0.6084 -0.3062
2100.00 -0.5335 -0.5340 -0.5445 -0.3890 -0.5414 -0.3158
2110.00 -0.8685 -0.8630 -0.8714 -0.3704 -0.8686 -0.3316
2120.00 -0.5519 -0.5505 -0.5525 -0.3764 -0.5470 -0.2877
2130.00 -0.5569 -0.5634 -0.5693 -0.4058 -0.5591 -0.3144
2140.00 -0.6327 -0.6198 -0.6273 -0.4139 -0.6304 -0.3231
2150.00 -0.5197 -0.5208 -0.5179 -0.4082 -0.5167 -0.3197
2160.00 -0.5164 -0.5299 -0.5148 -0.3977 -0.5141 -0.3072
2170.00 -0.6748 -0.6758 -0.6638 -0.3402 -0.6733 -0.3017
2180.00 -1.0125 -1.0190 -1.0182 -0.3824 -1.0123 -0.3362
2190.00 -0.4930 -0.4859 -0.4837 -0.3596 -0.4927 -0.2907
2200.00 -0.6623 -0.6653 -0.6625 -0.3882 -0.6675 -0.3149
2210.00 -0.5452 -0.5477 -0.5526 -0.4272 -0.5476 -0.3245
2220.00 -0.6921 -0.6958 -0.6949 -0.3928 -0.6967 -0.3246
2230.00 -0.5242 -0.5242 -0.5194 -0.3876 -0.5280 -0.2948
2240.00 -0.5919 -0.5832 -0.5897 -0.3946 -0.5874 -0.3208
2250.00 -0.5204 -0.5179 -0.5255 -0.4070 -0.5257 -0.3161
2260.00 -0.7059 -0.7145 -0.7108 -0.3927 -0.7013 -0.3205
2270.00 -0.6714 -0.6711 -0.6740 -0.3559 -0.6747 -0.3085
2280.00 -0.7712 -0.7678 -0.7829 -0.3814 -0.7716 -0.3196
2290.00 -0.7658 -0.7634 -0.7615 -0.3532 -0.7668 -0.3076
2300.00 -0.6221 -0.6252 -0.6279 -0.3974 -0.6243 -0.3115
2310.00 -0.5577 -0.5567 -0.5581 -0.4051 -0.5575 -0.3167
2320.00 -0.5320 -0.5269 -0.5320 -0.3816 -0.5239 -0.2994
2330.00 -0.4981 -0.5038 -0.4967 -0.4174 -0.5001 -0.3201
2340.00 -0.5443 -0.5464 -0.5450 -0.4116 -0.5448 -0.3220
2350.00 -0.5045 -0.5010 -0.5063 -0.3857 -0.5021 -0.3059
2360.00 -0.8079 -0.8173 -0.8192 -0.3633 -0.8123 -0.3312
2370.00 -0.9828 -0.9764 -0.9849 -0.3361 -0.9812 -0.3068
2380.00 -0.6802 -0.6757 -0.6789 -0.3746 -0.6717 -0.3090
2390.00 -0.5936 -0.6007 -0.5902 -0.4172 -0.5992 -0.3193
2400.00 -0.4843 -0.4850 -0.4866 -0.4111 -0.4863 -0.3189
2410.00 -0.5961 -0.5939 -0.6030 -0.4088 -0.5933 -0.3181
2420.00 -0.4950 -0.4929 -0.4902 -0.4005 -0.4908 -0.3124
2430.00 -0.5184 -0.5151 -0.5196 -0.4104 -0.5177 -0.3045
2440.00 -0.5134 -0.5199 -0.5165 -0.3856 -0.5162 -0.3060
2450.00 -0.6951 -0.6982 -0.6991 -0.3810 -0.7017 -0.3231
2460.00 -1.0599 -1.0685 -1.0841 -0.3601 -1.0688 -0.3517
2470.00 -0.5590 -0.5565 -0.5494 -0.3720 -0.5590 -0.2870
2480.00 -0.6411 -0.6393 -0.6438 -0.4177 -0.6421 -0.3274
2490.00 -0.6068 -0.6070 -0.6107 -0.3591 -0.6041 -0.2998
2500.00 -0.6407 -0.6348 -0.6414 -0.3579 -0.6429 -0.2970
2510.00 -0.6101 -0.6078 -0.6133 -0.4241 -0.6089 -0.3298
2520.00 -0.5134 -0.5040 -0.5076 -0.3946 -0.5134 -0.3278
2530.00 -0.5734 -0.5734 -0.5735 -0.3805 -0.5693 -0.3000
2540.00 -0.7368 -0.7295 -0.7244 -0.3701 -0.7324 -0.3081
2550.00 -0.7587 -0.7579 -0.7647 -0.4313 -0.7579 -0.3379
2560.00 -0.4878 -0.4817 -0.4895 -0.3714 -0.4933 -0.2935
2570.00 -0.6443 -0.6420 -0.6438 -0.3772 -0.6425 -0.3141
2580.00 -0.6163 -0.6213 -0.6197 -0.4097 -0.6181 -0.3225
2590.00 -0.6452 -0.6462 -0.6433 -0.3702 -0.6458 -0.2922
2600.00 -0.6233 -0.6214 -0.6167 -0.4086 -0.6197 -0.3308
2610.00 -0.6321 -0.6276 -0.6356 -0.3853 -0.6282 -0.3233
2620.00 -0.5009 -0.4992 -0.4999 -0.3686 -0.5048 -0.2900
2630.00 -0.5785 -0.5754 -0.5750 -0.4140 -0.5833 -0.3280
2640.00 -0.8210 -0.8275 -0.8343 -0.3548 -0.8215 -0.3233
2650.00 -0.7466 -0.7426 -0.7357 -0.3607 -0.7468 -0.3155
2660.00 -0.7333 -0.7417 -0.7315 -0.3835 -0.7392 -0.3096
2670.00 -0.5680 -0.5656 -0.5625 -0.4229 -0.5628 -0.3255
2680.00 -0.5704 -0.5766 -0.5704 -0.4067 -0.5730 -0.3112
2690.00 -0.4856 -0.4773 -0.4802 -0.3989 -0.4775 -0.3155
2700.00 -0.6268 -0.6209 -0.6234 -0.3839 -0.6207 -0.3155
2710.00 -0.6076 -0.6022 -0.6085 -0.4081 -0.5994 -0.3284
2720.00 -0.8237 -0.8229 -0.8212 -0.3922 -0.8205 -0.3242
2730.00 -0.5262 -0.5226 -0.5235 -0.3511 -0.5231 -0.2884
2740.00 -0.6075 -0.6155 -0.6168 -0.3837 -0.6142 -0.3133
2750.00 -0.6139 -0.6142 -0.6096 -0.4097 -0.6153 -0.3136
2760.00 -0.6175 -0.6169 -0.6258 -0.3951 -0.6162 -0.3227
2770.00 -0.8256 -0.8306 -0.8250 -0.3730 -0.8262 -0.3252
2780.00 -0.6372 -0.6335 -0.6364 -0.3365 -0.6270 -0.2859
2790.00 -0.6948 -0.6987 -0.6962 -0.3866 -0.7011 -0.3089
2800.00 -0.5507 -0.5436 -0.5474 -0.4247 -0.5454 -0.3158
2810.00 -0.4815 -0.4833 -0.4815 -0.4008 -0.4865 -0.3144
2820.00 -0.5779 -0.5828 -0.5815 -0.3985 -0.5743 -0.3179
2830.00 -0.6593 -0.6439 -0.6623 -0.3799 -0.6526 -0.3163
2840.00 -0.8513 -0.8484 -0.8620 -0.3610 -0.8557 -0.3256
2850.00 -0.6313 -0.6397 -0.6306 -0.3651 -0.6330 -0.2843
2860.00 -0.5336 -0.5334 -0.5326 -0.4103 -0.5388 -0.3230
2870.00 -0.5898 -0.5972 -0.5931 -0.4071 -0.5984 -0.3273
2880.00 -0.5532 -0.5561 -0.5650 -0.3900 -0.5562 -0.3029
2890.00 -0.7469 -0.7517 -0.7502 -0.3761 -0.7513 -0.3249
2900.00 -0.5288 -0.5218 -0.5219 -0.3989 -0.5223 -0.3170
2910.00 -0.5556 -0.5627 -0.5567 -0.3726 -0.5681 -0.3053
2920.00 -0.6900 -0.6849 -0.6889 -0.3963 -0.6915 -0.3292
2930.00 -0.6769 -0.6767 -0.6786 -0.3817 -0.6689 -0.3292
2940.00 -0.6486 -0.6400 -0.6496 -0.3888 -0.6402 -0.3067
2950.00 -0.5612 -0.5543 -0.5543 -0.3879 -0.5578 -0.3188
2960.00 -0.6348 -0.6340 -0.6376 -0.4145 -0.6387 -0.3213
2970.00 -0.7460 -0.7462 -0.7396 -0.3518 -0.7484 -0.3156
2980.00 -0.6149 -0.6269 -0.6204 -0.3775 -0.6284 -0.3061
2990.00 -0.6355 -0.6330 -0.6318 -0.3632 -0.6328 -0.2968
3000.00 -0.6083 -0.5979 -0.6177 -0.4205 -0.6094 -0.3359
3010.00 -0.7170 -0.7065 -0.6990 -0.3822 -0.7019 -0.3210
3020.00 -0.5839 -0.5801 -0.5792 -0.3978 -0.5826 -0.3086
3030.00 -0.5008 -0.4990 -0.5023 -0.3845 -0.5033 -0.3034
3040.00 -0.6764 -0.6762 -0.6788 -0.4124 -0.6759 -0.3313
3050.00 -0.6779 -0.6800 -0.6637 -0.3749 -0.6769 -0.3085
3060.00 -0.6001 -0.6021 -0.5936 -0.3710 -0.6005 -0.3168
3070.00 -0.6309 -0.6390 -0.6306 -0.4112 -0.6381 -0.3345
3080.00 -0.5634 -0.5565 -0.5652 -0.3957 -0.5567 -0.3024
3090.00 -0.6667 -0.6712 -0.6764 -0.3695 -0.6659 -0.3087
3100.00 -0.7892 -0.7931 -0.7851 -0.3608 -0.7933 -0.3146
3110.00 -0.5991 -0.6012 -0.5937 -0.4039 -0.5990 -0.3174
3120.00 -0.5488 -0.5443 -0.5529 -0.3733 -0.5541 -0.2994
3130.00 -0.6177 -0.6120 -0.6195 -0.4179 -0.6239 -0.3301
3140.00 -0.6275 -0.6302 -0.6210 -0.3821 -0.6273 -0.3132
3150.00 -0.5903 -0.5960 -0.5916 -0.3836 -0.5908 -0.3244
3160.00 -0.7034 -0.7074 -0.7125 -0.3944 -0.7085 -0.3037
3170.00 -0.5707 -0.5647 -0.5712 -0.3951 -0.5568 -0.3160
3180.00 -0.6878 -0.6831 -0.6717 -0.3845 -0.6859 -0.3247
3190.00 -0.6191 -0.6207 -0.6216 -0.3868 -0.6207 -0.3066
3200.00 -0.8039 -0.8005 -0.8052 -0.3741 -0.7995 -0.3167
3210.00 -0.5270 -0.5295 -0.5282 -0.3842 -0.5229 -0.3075
3220.00 -0.6008 -0.6047 -0.6039 -0.4134 -0.6028 -0.3237
3230.00 -0.5709 -0.5607 -0.5730 -0.4173 -0.5647 -0.3102
3240.00 -0.5963 -0.5944 -0.5997 -0.3866 -0.5959 -0.3151
3250.00 -0.7173 -0.7180 -0.7174 -0.3743 -0.7208 -0.3216
3260.00 -0.7535 -0.7502 -0.7458 -0.3891 -0.7527 -0.3147
3270.00 -0.5746 -0.5656 -0.5697 -0.4008 -0.5698 -0.3162
3280.00 -0.4927 -0.4897 -0.4878 -0.3864 -0.4857 -0.3097
3290.00 -0.5490 -0.5492 -0.5462 -0.4083 -0.5530 -0.3128
3300.00 -0.9463 -0.9467 -0.9454 -0.3685 -0.9517 -0.3254
3310.00 -0.6118 -0.6182 -0.6093 -0.3852 -0.6171 -0.3164
3320.00 -0.5463 -0.5438 -0.5475 -0.3650 -0.5488 -0.2966
3330.00 -0.6786 -0.6803 -0.6827 -0.3716 -0.6791 -0.3102
3340.00 -0.6092 -0.6187 -0.6173 -0.3899 -0.6163 -0.3051
3350.00 -0.5898 -0.5911 -0.5891 -0.4258 -0.5854 -0.3223
3360.00 -0.4673 -0.4649 -0.4664 -0.3744 -0.4653 -0.2910
3370.00 -0.6097 -0.6027 -0.6165 -0.3917 -0.6062 -0.3325
3380.00 -0.7861 -0.7955 -0.7753 -0.4142 -0.7853 -0.3304
3390.00 -0.5658 -0.5589 -0.5726 -0.3556 -0.5650 -0.2963
3400.00 -0.7251 -0.7316 -0.7326 -0.4000 -0.7305 -0.3253
3410.00 -0.5424 -0.5444 -0.5443 -0.3983 -0.5468 -0.3129
3420.00 -0.5284 -0.5285 -0.5328 -0.3643 -0.5375 -0.2964
3430.00 -0.7210 -0.7250 -0.7301 -0.4019 -0.7271 -0.3257
3440.00 -0.7651 -0.7532 -0.7559 -0.3665 -0.7527 -0.3201
3450.00 -0.5865 -0.5893 -0.5913 -0.3762 -0.5848 -0.3022
3460.00 -0.5668 -0.5669 -0.5637 -0.4099 -0.5649 -0.3240
3470.00 -0.6254 -0.6178 -0.6297 -0.3868 -0.6227 -0.3106
3480.00 -0.5982 -0.6008 -0.6076 -0.4047 -0.6058 -0.3105
3490.00 -0.6533 -0.6477 -0.6551 -0.3544 -0.6516 -0.3033
3500.00 -0.6003 -0.6020 -0.6017 -0.3940 -0.6004 -0.3041
3510.00 -0.5389 -0.5362 -0.5373 -0.3807 -0.5400 -0.3048
3520.00 -0.5778 -0.5840 -0.5824 -0.4225 -0.5792 -0.3361
3530.00 -0.7885 -0.7934 -0.8001 -0.3649 -0.7964 -0.3172
3540.00 -0.5391 -0.5413 -0.5367 -0.3728 -0.5408 -0.2999
3550.00 -0.7175 -0.7141 -0.7168 -0.4271 -0.7081 -0.3451
3560.00 -0.6445 -0.6406 -0.6454 -0.3663 -0.6465 -0.3025
3570.00 -0.5342 -0.5342 -0.5333 -0.3877 -0.5314 -0.3107
3580.00 -0.4894 -0.4909 -0.4955 -0.4002 -0.4879 -0.3034
3590.00 -0.5982 -0.6061 -0.6011 -0.3950 -0.6067 -0.3194
3600.00 -0.7100 -0.7071 -0.7152 -0.3715 -0.7164 -0.3125
3610.00 -0.9843 -1.0034 -0.9932 -0.3653 -0.9853 -0.3285
3620.00 -0.5472 -0.5469 -0.5439 -0.3648 -0.5430 -0.2993
3630.00 -0.6413 -0.6428 -0.6451 -0.4073 -0.6426 -0.3133
3640.00 -0.5603 -0.5589 -0.5651 -0.4117 -0.5622 -0.3158
3650.00 -0.5065 -0.5013 -0.5001 -0.3770 -0.5056 -0.2978
3660.00 -0.6416 -0.6527 -0.6475 -0.4320 -0.6513 -0.3509
3670.00 -0.5480 -0.5512 -0.5385 -0.3721 -0.5473 -0.3080
3680.00 -0.6500 -0.6519 -0.6514 -0.3916 -0.6525 -0.3144
3690.00 -0.5856 -0.5923 -0.5873 -0.3951 -0.5947 -0.3245
3700.00 -0.7015 -0.7052 -0.6973 -0.3808 -0.6934 -0.3166
3710.00 -0.5860 -0.5797 -0.5704 -0.3792 -0.5776 -0.3095
3720.00 -0.9722 -0.9780 -0.9811 -0.3813 -0.9834 -0.3351
3730.00 -0.5959 -0.5938 -0.5881 -0.3627 -0.5851 -0.2965
3740.00 -0.5143 -0.5091 -0.5170 -0.3948 -0.5110 -0.2992
3750.00 -0.5854 -0.5797 -0.5788 -0.3972 -0.5825 -0.3039
3760.00 -0.5472 -0.5425 -0.5423 -0.3922 -0.5408 -0.3091
3770.00 -0.4988 -0.5058 -0.5048 -0.4111 -0.5004 -0.3212
3780.00 -0.7047 -0.6993 -0.7084 -0.3641 -0.7001 -0.3202
3790.00 -0.8767 -0.8798 -0.8777 -0.3872 -0.8837 -0.3325
3800.00 -0.4952 -0.4939 -0.4973 -0.3769 -0.4881 -0.2889
3810.00 -0.6664 -0.6665 -0.6679 -0.4093 -0.6631 -0.3385
3820.00 -0.4985 -0.5027 -0.4984 -0.3715 -0.5018 -0.2957
3830.00 -0.7461 -0.7471 -0.7494 -0.4096 -0.7440 -0.3327
3840.00 -0.5857 -0.5782 -0.5798 -0.3532 -0.5787 -0.2994
3850.00 -0.6682 -0.6650 -0.6640 -0.3884 -0.6684 -0.3212
3860.00 -0.7758 -0.7766 -0.7824 -0.3595 -0.7932 -0.3041
3870.00 -0.5989 -0.6021 -0.5941 -0.4026 -0.6022 -0.3314
3880.00 -0.6001 -0.6080 -0.6006 -0.3789 -0.6107 -0.3118
3890.00 -0.6016 -0.6052 -0.5976 -0.4092 -0.6000 -0.3108
3900.00 -0.6148 -0.6074 -0.6127 -0.3743 -0.6069 -0.3102
3910.00 -0.8351 -0.8332 -0.8361 -0.4019 -0.8358 -0.3402
3920.00 -0.4606 -0.4517 -0.4579 -0.3710 -0.4502 -0.2947
3930.00 -0.5958 -0.5984 -0.5922 -0.3961 -0.5976 -0.3263
3940.00 -0.6279 -0.6389 -0.6245 -0.3782 -0.6322 -0.3045
3950.00 -0.5090 -0.5042 -0.5144 -0.4119 -0.5125 -0.3119
3960.00 -0.5353 -0.5281 -0.5335 -0.3790 -0.5350 -0.3008
3970.00 -0.6128 -0.6144 -0.6119 -0.4052 -0.6199 -0.3242
3980.00 -0.9632 -0.9584 -0.9648 -0.3722 -0.9604 -0.3445
3990.00 -0.5504 -0.5401 -0.5442 -0.3854 -0.5542 -0.2987
4000.00 -0.5648 -0.5595 -0.5665 -0.3767 -0.5635 -0.2969
