10.00 -0.4994 -0.5000 -0.4957 -0.5043 -0.3884 -0.2878
20.00 -0.5508 -0.5463 -0.5430 -0.5443 -0.4165 -0.3281
30.00 -0.4992 -0.5079 -0.4988 -0.5028 -0.3993 -0.3033
40.00 -0.5533 -0.5558 -0.5495 -0.5460 -0.4028 -0.3201
50.00 -0.6824 -0.6758 -0.6719 -0.6707 -0.3481 -0.3028
60.00 -1.4568 -1.4556 -1.4626 -1.4575 -0.2466 -0.3203
70.00 -0.6232 -0.6104 -0.6203 -0.6194 -0.4043 -0.3106
80.00 -0.5534 -0.5480 -0.5481 -0.5482 -0.4008 -0.3074
90.00 -0.4622 -0.4593 -0.4625 -0.4563 -0.3856 -0.3047
100.00 -0.5994 -0.5957 -0.5953 -0.5929 -0.3866 -0.3155
110.00 -0.7652 -0.7597 -0.7539 -0.7597 -0.3444 -0.3099
120.00 -1.0182 -1.0225 -1.0089 -1.0202 -0.3616 -0.3298
130.00 -0.8018 -0.8147 -0.8073 -0.8044 -0.3712 -0.3225
140.00 -0.5441 -0.5452 -0.5414 -0.5398 -0.3911 -0.3171
150.00 -0.6584 -0.6557 -0.6524 -0.6538 -0.3682 -0.3026
160.00 -0.6909 -0.6854 -0.6854 -0.6866 -0.3609 -0.3062
170.00 -0.8777 -0.8839 -0.8744 -0.8853 -0.3469 -0.3104
180.00 -0.8035 -0.7972 -0.7976 -0.7972 -0.3577 -0.3115
190.00 -0.6642 -0.6720 -0.6605 -0.6738 -0.3615 -0.3051
200.00 -0.6048 -0.5971 -0.6023 -0.6025 -0.4225 -0.3315
210.00 -0.5938 -0.5818 -0.5944 -0.5808 -0.4182 -0.3302
220.00 -0.6806 -0.6806 -0.6782 -0.6743 -0.3716 -0.3196
230.00 -0.9297 -0.9218 -0.9249 -0.9328 -0.3211 -0.3276
240.00 -1.0486 -1.0598 -1.0546 -1.0517 -0.3340 -0.3036
250.00 -0.4757 -0.4831 -0.4730 -0.4848 -0.3568 -0.2786
260.00 -0.7194 -0.7151 -0.7172 -0.7138 -0.4071 -0.3240
270.00 -0.6182 -0.6272 -0.6215 -0.6228 -0.3630 -0.3056
280.00 -0.6635 -0.6537 -0.6621 -0.6583 -0.4038 -0.3204
290.00 -0.6383 -0.6360 -0.6454 -0.6352 -0.3619 -0.3077
300.00 -0.9287 -0.9164 -0.9246 -0.9223 -0.3498 -0.3080
310.00 -0.5931 -0.5913 -0.5962 -0.5965 -0.3738 -0.3195
320.00 -0.5892 -0.5892 -0.5890 -0.5922 -0.3902 -0.3047
330.00 -0.7891 -0.7875 -0.7933 -0.7892 -0.3757 -0.3401
340.00 -0.7582 -0.7503 -0.7527 -0.7483 -0.3289 -0.2838
350.00 -0.7162 -0.7068 -0.7102 -0.7006 -0.3985 -0.3277
360.00 -0.6783 -0.6787 -0.6748 -0.6803 -0.4167 -0.3385
370.00 -0.7326 -0.7250 -0.7263 -0.7275 -0.3664 -0.3083
380.00 -0.8223 -0.8328 -0.8261 -0.8227 -0.3373 -0.3097
390.00 -0.5653 -0.5715 -0.5741 -0.5761 -0.4150 -0.3221
400.00 -0.6756 -0.6725 -0.6803 -0.6719 -0.3610 -0.3035
410.00 -1.0924 -1.0782 -1.0871 -1.0875 -0.3050 -0.3092
420.00 -0.6570 -0.6593 -0.6648 -0.6625 -0.4053 -0.3077
430.00 -0.5185 -0.5168 -0.5234 -0.5231 -0.4098 -0.3251
440.00 -0.7353 -0.7421 -0.7392 -0.7449 -0.3364 -0.2995
450.00 -0.8391 -0.8307 -0.8427 -0.8310 -0.4050 -0.3462
460.00 -0.4870 -0.4933 -0.4812 -0.4870 -0.3505 -0.2891
470.00 -1.1022 -1.0906 -1.0850 -1.0914 -0.3425 -0.3297
480.00 -0.5913 -0.5920 -0.5965 -0.6003 -0.3873 -0.3035
490.00 -0.5943 -0.6011 -0.6059 -0.5925 -0.3770 -0.3188
500.00 -0.7087 -0.6978 -0.7032 -0.7024 -0.3759 -0.3139
510.00 -0.6296 -0.6400 -0.6279 -0.6298 -0.3794 -0.3104
520.00 -0.6053 -0.6032 -0.6091 -0.6124 -0.3531 -0.3149
530.00 -1.3190 -1.3244 -1.3272 -1.3240 -0.3227 -0.3371
540.00 -0.5412 -0.5391 -0.5444 -0.5371 -0.3551 -0.2785
550.00 -0.5868 -0.5822 -0.5830 -0.5850 -0.3889 -0.3238
560.00 -0.5783 -0.5747 -0.5766 -0.5739 -0.4103 -0.3198
570.00 -0.5974 -0.5887 -0.5885 -0.5920 -0.3775 -0.3157
580.00 -0.7405 -0.7319 -0.7418 -0.7319 -0.3784 -0.3132
590.00 -1.0055 -1.0054 -0.9971 -1.0018 -0.3485 -0.3391
600.00 -1.0669 -1.0612 -1.0690 -1.0763 -0.3208 -0.3082
610.00 -0.4812 -0.4732 -0.4823 -0.4864 -0.3687 -0.2819
620.00 -0.5314 -0.5384 -0.5364 -0.5358 -0.4054 -0.3157
630.00 -0.5816 -0.5861 -0.5798 -0.5815 -0.3965 -0.3245
640.00 -0.5292 -0.5234 -0.5232 -0.5244 -0.3875 -0.3023
650.00 -0.7462 -0.7390 -0.7414 -0.7535 -0.3722 -0.3334
660.00 -1.1962 -1.1843 -1.1980 -1.1832 -0.3129 -0.3269
670.00 -0.6907 -0.6995 -0.6942 -0.6945 -0.3693 -0.3068
680.00 -0.6029 -0.6018 -0.6030 -0.6040 -0.3818 -0.2974
690.00 -0.5785 -0.5798 -0.5787 -0.5717 -0.3928 -0.3220
700.00 -0.7053 -0.7096 -0.7098 -0.7092 -0.3819 -0.3207
710.00 -0.7191 -0.7146 -0.7227 -0.7166 -0.3662 -0.3167
720.00 -1.0881 -1.0844 -1.0791 -1.0832 -0.3271 -0.3085
730.00 -0.5765 -0.5797 -0.5819 -0.5852 -0.4108 -0.3206
740.00 -0.5214 -0.5161 -0.5179 -0.5181 -0.3723 -0.2895
750.00 -0.8055 -0.8155 -0.8095 -0.8051 -0.3920 -0.3391
760.00 -0.8295 -0.8219 -0.8191 -0.8246 -0.3403 -0.3075
770.00 -0.6561 -0.6558 -0.6663 -0.6598 -0.4009 -0.3141
780.00 -0.5450 -0.5450 -0.5453 -0.5413 -0.3708 -0.3041
790.00 -0.5543 -0.5455 -0.5448 -0.5532 -0.3906 -0.3172
800.00 -0.9810 -0.9731 -0.9710 -0.9689 -0.3140 -0.3214
810.00 -0.9991 -0.9918 -1.0008 -0.9988 -0.3515 -0.3035
820.00 -0.5411 -0.5388 -0.5343 -0.5406 -0.3561 -0.2934
830.00 -0.6790 -0.6899 -0.6849 -0.6821 -0.4185 -0.3279
840.00 -0.5761 -0.5785 -0.5773 -0.5814 -0.3826 -0.3010
850.00 -0.6358 -0.6305 -0.6357 -0.6256 -0.3772 -0.3119
860.00 -0.9299 -0.9287 -0.9305 -0.9314 -0.3362 -0.3123
870.00 -0.9065 -0.9036 -0.8944 -0.9079 -0.3671 -0.3143
880.00 -0.5550 -0.5561 -0.5583 -0.5521 -0.3677 -0.2950
890.00 -0.5849 -0.5853 -0.5877 -0.5895 -0.3777 -0.3095
900.00 -0.6955 -0.6949 -0.6877 -0.6876 -0.3804 -0.3215
910.00 -0.8468 -0.8497 -0.8610 -0.8562 -0.3787 -0.3293
920.00 -0.6863 -0.6805 -0.6834 -0.6830 -0.3517 -0.2974
930.00 -0.8287 -0.8287 -0.8328 -0.8362 -0.3768 -0.3313
940.00 -0.5577 -0.5546 -0.5555 -0.5475 -0.3854 -0.3163
950.00 -0.6458 -0.6466 -0.6468 -0.6399 -0.3880 -0.3179
960.00 -0.7494 -0.7428 -0.7428 -0.7548 -0.3770 -0.3196
970.00 -0.7386 -0.7354 -0.7354 -0.7403 -0.3278 -0.3068
980.00 -1.1727 -1.1687 -1.1761 -1.1675 -0.3410 -0.3110
990.00 -0.5726 -0.5755 -0.5690 -0.5754 -0.3731 -0.3089
1000.00 -0.5438 -0.5441 -0.5536 -0.5556 -0.3706 -0.2921
1010.00 -0.6462 -0.6443 -0.6487 -0.6490 -0.4310 -0.3388
1020.00 -0.6326 -0.6363 -0.6321 -0.6249 -0.3683 -0.3096
1030.00 -0.7429 -0.7469 -0.7469 -0.7440 -0.3768 -0.3181
1040.00 -0.7640 -0.7701 -0.7701 -0.7642 -0.3278 -0.3262
1050.00 -0.9597 -0.9612 -0.9520 -0.9562 -0.4065 -0.3190
1060.00 -0.8192 -0.8199 -0.8230 -0.8161 -0.3455 -0.3143
1070.00 -0.5170 -0.5117 -0.5175 -0.5092 -0.3947 -0.3028
1080.00 -0.5278 -0.5300 -0.5218 -0.5319 -0.3692 -0.2952
1090.00 -0.6757 -0.6769 -0.6761 -0.6757 -0.4119 -0.3233
1100.00 -0.8047 -0.8009 -0.8034 -0.8060 -0.3431 -0.3257
1110.00 -1.1331 -1.1202 -1.1263 -1.1305 -0.3315 -0.3295
1120.00 -0.5870 -0.5843 -0.5847 -0.5823 -0.3726 -0.2977
1130.00 -0.5912 -0.6014 -0.5949 -0.5981 -0.3971 -0.3130
1140.00 -0.6153 -0.6168 -0.6250 -0.6213 -0.3895 -0.3147
1150.00 -0.6712 -0.6715 -0.6717 -0.6754 -0.3457 -0.3017
1160.00 -0.6285 -0.6337 -0.6337 -0.6302 -0.3970 -0.3113
1170.00 -0.9595 -0.9573 -0.9591 -0.9560 -0.3425 -0.3268
1180.00 -0.5741 -0.5787 -0.5695 -0.5697 -0.3798 -0.3102
1190.00 -0.5773 -0.5783 -0.5673 -0.5715 -0.4141 -0.3278
1200.00 -0.8619 -0.8598 -0.8508 -0.8457 -0.3372 -0.3058
1210.00 -0.7974 -0.8005 -0.7971 -0.7983 -0.3506 -0.3266
1220.00 -0.8087 -0.8193 -0.8303 -0.8209 -0.3504 -0.2877
1230.00 -0.6261 -0.6194 -0.6294 -0.6166 -0.3914 -0.3170
1240.00 -0.5521 -0.5516 -0.5560 -0.5503 -0.3890 -0.3111
1250.00 -0.6110 -0.6175 -0.6041 -0.6141 -0.3785 -0.3140
1260.00 -0.9910 -0.9856 -0.9830 -0.9936 -0.3432 -0.3392
1270.00 -0.7987 -0.7965 -0.8071 -0.7965 -0.3530 -0.3159
1280.00 -0.8370 -0.8343 -0.8376 -0.8336 -0.3553 -0.3015
1290.00 -0.5726 -0.5727 -0.5728 -0.5795 -0.3853 -0.3037
1300.00 -0.5349 -0.5379 -0.5424 -0.5416 -0.4062 -0.3205
1310.00 -0.7242 -0.7404 -0.7286 -0.7331 -0.3333 -0.3062
1320.00 -1.0560 -1.0550 -1.0600 -1.0643 -0.3759 -0.3329
1330.00 -0.5303 -0.5213 -0.5172 -0.5209 -0.3640 -0.2907
1340.00 -0.5749 -0.5788 -0.5640 -0.5676 -0.3859 -0.3125
1350.00 -0.6059 -0.6067 -0.6188 -0.6170 -0.3762 -0.3125
1360.00 -1.2311 -1.2174 -1.2202 -1.2276 -0.2946 -0.3275
1370.00 -0.6399 -0.6336 -0.6390 -0.6420 -0.3906 -0.3089
1380.00 -0.5959 -0.5987 -0.6023 -0.6007 -0.3775 -0.2946
1390.00 -0.5563 -0.5642 -0.5729 -0.5608 -0.3980 -0.3189
1400.00 -0.6064 -0.6004 -0.6016 -0.6009 -0.3747 -0.3087
1410.00 -0.6632 -0.6541 -0.6490 -0.6499 -0.3645 -0.3068
1420.00 -1.1752 -1.1848 -1.1796 -1.1916 -0.3588 -0.3524
1430.00 -0.7621 -0.7624 -0.7635 -0.7659 -0.3259 -0.2835
1440.00 -0.4961 -0.5059 -0.5021 -0.5038 -0.3767 -0.3017
1450.00 -0.6138 -0.6159 -0.6161 -0.6191 -0.3930 -0.3083
1460.00 -0.5873 -0.5842 -0.5844 -0.5846 -0.4011 -0.3223
1470.00 -0.7364 -0.7355 -0.7343 -0.7419 -0.3516 -0.3174
1480.00 -0.7078 -0.7171 -0.7152 -0.7070 -0.3878 -0.3271
1490.00 -0.6790 -0.6852 -0.6766 -0.6834 -0.3525 -0.3095
1500.00 -0.8157 -0.7990 -0.8153 -0.8028 -0.3383 -0.3109
1510.00 -0.9034 -0.8996 -0.8965 -0.8961 -0.3641 -0.3128
1520.00 -0.6498 -0.6572 -0.6571 -0.6519 -0.3727 -0.2981
1530.00 -0.5801 -0.5833 -0.5772 -0.5780 -0.3948 -0.3251
1540.00 -0.7666 -0.7580 -0.7737 -0.7618 -0.3675 -0.3133
1550.00 -0.6528 -0.6540 -0.6519 -0.6502 -0.3909 -0.3173
1560.00 -0.5625 -0.5651 -0.5659 -0.5573 -0.3722 -0.3072
1570.00 -1.1917 -1.2030 -1.1862 -1.2012 -0.3252 -0.3305
1580.00 -0.5828 -0.5748 -0.5738 -0.5735 -0.3887 -0.3064
1590.00 -0.4711 -0.4770 -0.4759 -0.4744 -0.3904 -0.3001
1600.00 -0.6007 -0.5981 -0.6008 -0.5978 -0.4084 -0.3239
1610.00 -0.5173 -0.5256 -0.5181 -0.5229 -0.3875 -0.3147
1620.00 -1.0125 -1.0072 -1.0095 -1.0132 -0.3238 -0.3404
1630.00 -1.4328 -1.4363 -1.4466 -1.4345 -0.2339 -0.2824
1640.00 -0.5558 -0.5574 -0.5527 -0.5566 -0.4081 -0.3019
1650.00 -0.4790 -0.4851 -0.4844 -0.4833 -0.3835 -0.3018
1660.00 -0.5301 -0.5378 -0.5277 -0.5347 -0.4386 -0.3242
1670.00 -0.4977 -0.5097 -0.5053 -0.4991 -0.3973 -0.3104
1680.00 -0.7071 -0.7068 -0.7085 -0.7102 -0.3749 -0.3236
1690.00 -0.6189 -0.6172 -0.6210 -0.6209 -0.3486 -0.2936
1700.00 -1.3464 -1.3383 -1.3543 -1.3519 -0.3134 -0.3464
1710.00 -0.5730 -0.5759 -0.5727 -0.5711 -0.3738 -0.2871
1720.00 -0.6237 -0.6301 -0.6238 -0.6210 -0.3972 -0.3123
1730.00 -0.5360 -0.5297 -0.5417 -0.5385 -0.3837 -0.3104
1740.00 -0.6386 -0.6393 -0.6416 -0.6391 -0.3831 -0.3336
1750.00 -0.7723 -0.7696 -0.7777 -0.7654 -0.3564 -0.3167
1760.00 -1.1011 -1.1031 -1.0944 -1.0984 -0.3245 -0.3151
1770.00 -0.5280 -0.5217 -0.5195 -0.5244 -0.3665 -0.2937
1780.00 -0.6576 -0.6643 -0.6603 -0.6564 -0.4046 -0.3283
1790.00 -0.8238 -0.8098 -0.8102 -0.8140 -0.3807 -0.3187
1800.00 -0.9223 -0.9315 -0.9203 -0.9297 -0.3352 -0.3046
1810.00 -0.5358 -0.5337 -0.5373 -0.5397 -0.3821 -0.3041
1820.00 -0.5863 -0.5841 -0.5854 -0.5821 -0.3972 -0.3160
1830.00 -0.6052 -0.6000 -0.6063 -0.6004 -0.3987 -0.3191
1840.00 -0.7613 -0.7455 -0.7589 -0.7464 -0.3218 -0.3009
1850.00 -0.8079 -0.8145 -0.8132 -0.8027 -0.3858 -0.3183
1860.00 -0.9048 -0.9130 -0.9041 -0.9083 -0.3346 -0.3309
1870.00 -0.6227 -0.6233 -0.6226 -0.6229 -0.3865 -0.3037
1880.00 -0.5628 -0.5657 -0.5610 -0.5677 -0.3850 -0.3092
1890.00 -0.5190 -0.5165 -0.5134 -0.5119 -0.3600 -0.2940
1900.00 -1.1199 -1.1104 -1.1164 -1.1066 -0.3556 -0.3401
1910.00 -0.7930 -0.7957 -0.7953 -0.8050 -0.3541 -0.3004
1920.00 -0.5758 -0.5787 -0.5844 -0.5776 -0.3906 -0.3086
1930.00 -0.5035 -0.4964 -0.4967 -0.4968 -0.3647 -0.2965
1940.00 -0.7300 -0.7315 -0.7310 -0.7307 -0.4054 -0.3358
1950.00 -0.6893 -0.6821 -0.6867 -0.6815 -0.3551 -0.2981
1960.00 -0.7941 -0.8070 -0.8013 -0.8066 -0.3721 -0.3239
1970.00 -0.8301 -0.8295 -0.8192 -0.8241 -0.3220 -0.3087
1980.00 -0.6020 -0.6072 -0.6039 -0.5963 -0.4049 -0.3228
1990.00 -0.7826 -0.7811 -0.7814 -0.7661 -0.3803 -0.3351
2000.00 -0.5104 -0.5100 -0.5064 -0.5120 -0.3840 -0.2971
2010.00 -1.0951 -1.0982 -1.0933 -1.1063 -0.3199 -0.3300
2020.00 -0.5400 -0.5439 -0.5429 -0.5490 -0.3662 -0.2856
2030.00 -0.6298 -0.6334 -0.6285 -0.6253 -0.3872 -0.3157
2040.00 -0.6332 -0.6295 -0.6298 -0.6355 -0.3876 -0.3213
2050.00 -1.0428 -1.0385 -1.0415 -1.0365 -0.3758 -0.3537
2060.00 -0.5504 -0.5507 -0.5481 -0.5497 -0.3810 -0.3015
2070.00 -0.5780 -0.5763 -0.5707 -0.5680 -0.3730 -0.3010
2080.00 -0.9361 -0.9496 -0.9444 -0.9528 -0.3551 -0.3260
2090.00 -0.7744 -0.7731 -0.7684 -0.7782 -0.3777 -0.3243
2100.00 -0.6701 -0.6736 -0.6703 -0.6647 -0.3581 -0.2944
2110.00 -0.5588 -0.5710 -0.5547 -0.5593 -0.4058 -0.3106
2120.00 -0.5593 -0.5602 -0.5669 -0.5675 -0.3914 -0.3131
2130.00 -0.6166 -0.6125 -0.6142 -0.6067 -0.3744 -0.3249
2140.00 -0.9600 -0.9618 -0.9647 -0.9548 -0.3240 -0.3022
2150.00 -1.1683 -1.1541 -1.1474 -1.1574 -0.3232 -0.3319
2160.00 -0.7024 -0.7064 -0.7096 -0.7054 -0.3857 -0.3054
2170.00 -0.4920 -0.4846 -0.4885 -0.4874 -0.3623 -0.2849
2180.00 -0.6408 -0.6447 -0.6445 -0.6409 -0.4381 -0.3406
2190.00 -0.4783 -0.4888 -0.4900 -0.4819 -0.3794 -0.2996
2200.00 -0.7984 -0.7973 -0.8081 -0.8042 -0.3786 -0.3351
2210.00 -0.9515 -0.9368 -0.9489 -0.9439 -0.3258 -0.3109
2220.00 -0.7243 -0.7360 -0.7376 -0.7335 -0.3492 -0.2955
2230.00 -0.5735 -0.5674 -0.5648 -0.5773 -0.3999 -0.3233
2240.00 -0.5932 -0.5953 -0.5862 -0.5916 -0.3938 -0.3097
2250.00 -0.7492 -0.7419 -0.7429 -0.7457 -0.3397 -0.3086
2260.00 -1.0158 -1.0117 -1.0096 -1.0158 -0.3276 -0.3077
2270.00 -0.6158 -0.6201 -0.6189 -0.6189 -0.4116 -0.3029
2280.00 -0.5109 -0.5178 -0.5216 -0.5130 -0.4210 -0.3150
2290.00 -0.5459 -0.5488 -0.5552 -0.5521 -0.3913 -0.3138
2300.00 -1.0176 -1.0061 -1.0113 -1.0123 -0.3220 -0.3190
2310.00 -0.8807 -0.8773 -0.8728 -0.8746 -0.3219 -0.2894
2320.00 -0.7362 -0.7390 -0.7450 -0.7489 -0.4088 -0.3265
2330.00 -0.6244 -0.6266 -0.6254 -0.6224 -0.3735 -0.3117
2340.00 -0.5427 -0.5405 -0.5374 -0.5427 -0.3696 -0.2978
2350.00 -0.7317 -0.7260 -0.7199 -0.7323 -0.3960 -0.3381
2360.00 -0.8985 -0.8954 -0.9035 -0.8983 -0.3714 -0.3293
2370.00 -0.6441 -0.6497 -0.6472 -0.6466 -0.3771 -0.2997
2380.00 -0.5205 -0.5135 -0.5195 -0.5161 -0.3746 -0.2991
2390.00 -0.6825 -0.6921 -0.6871 -0.6774 -0.4297 -0.3356
2400.00 -0.6580 -0.6609 -0.6613 -0.6637 -0.3308 -0.3113
2410.00 -1.2519 -1.2384 -1.2456 -1.2471 -0.2914 -0.3062
2420.00 -0.7654 -0.7750 -0.7656 -0.7661 -0.3850 -0.3270
2430.00 -0.5624 -0.5585 -0.5636 -0.5692 -0.3677 -0.2890
2440.00 -0.6119 -0.6001 -0.6066 -0.6069 -0.3821 -0.3096
2450.00 -0.6231 -0.6131 -0.6160 -0.6235 -0.3876 -0.3227
2460.00 -0.6576 -0.6587 -0.6512 -0.6473 -0.3917 -0.3224
2470.00 -0.7094 -0.7142 -0.7050 -0.7249 -0.3291 -0.2965
2480.00 -0.8651 -0.8619 -0.8576 -0.8685 -0.3526 -0.3027
2490.00 -0.7929 -0.7942 -0.7837 -0.7884 -0.3917 -0.3227
2500.00 -0.5654 -0.5621 -0.5622 -0.5631 -0.4012 -0.3118
2510.00 -0.6593 -0.6668 -0.6647 -0.6663 -0.3914 -0.3272
2520.00 -0.5432 -0.5293 -0.5382 -0.5378 -0.3705 -0.2997
2530.00 -1.0029 -0.9900 -1.0070 -1.0086 -0.3405 -0.3265
2540.00 -0.8544 -0.8480 -0.8457 -0.8429 -0.3253 -0.3028
2550.00 -0.7630 -0.7603 -0.7646 -0.7586 -0.3781 -0.3193
2560.00 -0.5310 -0.5434 -0.5390 -0.5379 -0.4051 -0.3138
2570.00 -0.5205 -0.5214 -0.5275 -0.5267 -0.3893 -0.3123
2580.00 -0.6142 -0.6003 -0.6040 -0.6017 -0.4081 -0.3272
2590.00 -1.2479 -1.2472 -1.2472 -1.2462 -0.2897 -0.3165
2600.00 -0.6447 -0.6320 -0.6463 -0.6401 -0.3970 -0.3075
2610.00 -0.5411 -0.5304 -0.5380 -0.5388 -0.3625 -0.2978
2620.00 -0.6150 -0.6194 -0.6192 -0.6139 -0.4212 -0.3325
2630.00 -0.7716 -0.7624 -0.7664 -0.7649 -0.3714 -0.3216
2640.00 -0.7488 -0.7450 -0.7404 -0.7359 -0.3722 -0.3063
2650.00 -0.9072 -0.9103 -0.9108 -0.9073 -0.3282 -0.3057
2660.00 -0.6407 -0.6479 -0.6479 -0.6518 -0.3997 -0.3177
2670.00 -0.5402 -0.5454 -0.5497 -0.5423 -0.4228 -0.3249
2680.00 -0.7562 -0.7500 -0.7523 -0.7506 -0.3560 -0.3037
2690.00 -0.7611 -0.7541 -0.7545 -0.7485 -0.3508 -0.3146
2700.00 -0.8381 -0.8436 -0.8483 -0.8403 -0.3268 -0.2993
2710.00 -0.6755 -0.6724 -0.6696 -0.6675 -0.3644 -0.3136
2720.00 -0.6478 -0.6425 -0.6436 -0.6459 -0.3595 -0.3008
2730.00 -0.8584 -0.8487 -0.8510 -0.8514 -0.3767 -0.3248
2740.00 -0.6958 -0.6968 -0.6972 -0.7049 -0.3634 -0.3018
2750.00 -0.5461 -0.5501 -0.5472 -0.5462 -0.3908 -0.3042
2760.00 -0.9387 -0.9373 -0.9428 -0.9374 -0.3750 -0.3483
2770.00 -0.6796 -0.6863 -0.6925 -0.6814 -0.3758 -0.3016
2780.00 -0.7095 -0.6995 -0.7005 -0.7053 -0.3874 -0.3167
2790.00 -0.6187 -0.6130 -0.6205 -0.6215 -0.3676 -0.3081
2800.00 -0.5924 -0.6027 -0.5980 -0.5955 -0.4205 -0.3297
2810.00 -0.7081 -0.7095 -0.7048 -0.7080 -0.3442 -0.3009
2820.00 -0.8216 -0.8216 -0.8227 -0.8081 -0.3445 -0.3073
2830.00 -0.7883 -0.7773 -0.7792 -0.7785 -0.3540 -0.3143
2840.00 -0.7529 -0.7619 -0.7625 -0.7536 -0.3689 -0.3117
2850.00 -0.9050 -0.8945 -0.8923 -0.8950 -0.3737 -0.3053
2860.00 -0.5738 -0.5685 -0.5779 -0.5752 -0.3955 -0.3128
2870.00 -0.5143 -0.5201 -0.5124 -0.5127 -0.4279 -0.3345
2880.00 -0.6850 -0.6835 -0.6825 -0.6786 -0.3248 -0.3010
2890.00 -1.2358 -1.2316 -1.2503 -1.2258 -0.2839 -0.3075
2900.00 -0.7799 -0.7854 -0.7875 -0.7840 -0.3807 -0.2974
2910.00 -0.5126 -0.5156 -0.5113 -0.5137 -0.4007 -0.3012
2920.00 -0.5298 -0.5258 -0.5263 -0.5301 -0.3976 -0.3151
2930.00 -0.5611 -0.5647 -0.5655 -0.5620 -0.3934 -0.3182
2940.00 -0.5910 -0.5890 -0.5902 -0.5875 -0.4031 -0.3247
2950.00 -0.8652 -0.8575 -0.8721 -0.8672 -0.3456 -0.3171
2960.00 -0.8640 -0.8598 -0.8604 -0.8530 -0.3265 -0.3071
2970.00 -0.6613 -0.6605 -0.6585 -0.6614 -0.3947 -0.3197
2980.00 -0.7075 -0.6987 -0.6982 -0.6946 -0.3817 -0.3225
2990.00 -0.9222 -0.9282 -0.9302 -0.9290 -0.3238 -0.3033
3000.00 -0.8064 -0.8155 -0.8148 -0.8109 -0.3643 -0.3131
3010.00 -0.6276 -0.6231 -0.6278 -0.6267 -0.3893 -0.3021
3020.00 -0.5232 -0.5199 -0.5237 -0.5252 -0.3981 -0.3085
3030.00 -0.6467 -0.6518 -0.6459 -0.6482 -0.3734 -0.3074
3040.00 -0.6533 -0.6469 -0.6552 -0.6450 -0.3689 -0.3072
3050.00 -0.8702 -0.8556 -0.8652 -0.8645 -0.3875 -0.3421
3060.00 -0.7005 -0.6997 -0.7045 -0.7044 -0.3513 -0.3079
3070.00 -1.0188 -1.0112 -1.0227 -1.0104 -0.3136 -0.3080
3080.00 -0.6161 -0.6123 -0.6135 -0.6135 -0.4239 -0.3190
3090.00 -0.5061 -0.5145 -0.5028 -0.5014 -0.3458 -0.2826
3100.00 -0.8564 -0.8581 -0.8586 -0.8531 -0.3991 -0.3508
3110.00 -0.8447 -0.8553 -0.8591 -0.8623 -0.3524 -0.3061
3120.00 -0.5325 -0.5224 -0.5232 -0.5123 -0.3852 -0.3010
3130.00 -0.6287 -0.6289 -0.6210 -0.6288 -0.3951 -0.3057
3140.00 -0.8247 -0.8239 -0.8228 -0.8151 -0.3586 -0.3295
3150.00 -0.9846 -0.9850 -0.9789 -0.9761 -0.3587 -0.3321
3160.00 -0.5096 -0.5198 -0.5144 -0.5137 -0.3881 -0.2959
3170.00 -0.6200 -0.6173 -0.6158 -0.6097 -0.3661 -0.2956
3180.00 -0.5356 -0.5326 -0.5336 -0.5413 -0.3861 -0.3074
3190.00 -0.7760 -0.7712 -0.7707 -0.7716 -0.3465 -0.3171
3200.00 -1.1735 -1.1763 -1.1737 -1.1755 -0.3577 -0.3340
3210.00 -0.6407 -0.6385 -0.6481 -0.6388 -0.3858 -0.3023
3220.00 -0.5510 -0.5429 -0.5367 -0.5370 -0.3727 -0.2988
3230.00 -0.5689 -0.5735 -0.5708 -0.5698 -0.4028 -0.3204
3240.00 -0.7485 -0.7413 -0.7475 -0.7399 -0.3576 -0.3276
3250.00 -1.0319 -1.0372 -1.0402 -1.0346 -0.3468 -0.3199
3260.00 -0.5651 -0.5664 -0.5585 -0.5678 -0.3720 -0.3025
3270.00 -0.7830 -0.7848 -0.7790 -0.7828 -0.3864 -0.3353
3280.00 -0.6318 -0.6382 -0.6248 -0.6350 -0.3755 -0.2974
3290.00 -0.6888 -0.6759 -0.6857 -0.6831 -0.3505 -0.3014
3300.00 -0.7214 -0.7131 -0.7231 -0.7226 -0.3892 -0.3184
3310.00 -0.5745 -0.5784 -0.5741 -0.5737 -0.3994 -0.3308
3320.00 -1.0215 -1.0271 -1.0248 -1.0267 -0.3200 -0.3112
3330.00 -0.8280 -0.8248 -0.8214 -0.8275 -0.3702 -0.3193
3340.00 -0.6156 -0.6276 -0.6306 -0.6179 -0.3924 -0.3036
3350.00 -0.5220 -0.5200 -0.5176 -0.5169 -0.4055 -0.3129
3360.00 -0.6343 -0.6321 -0.6320 -0.6339 -0.3822 -0.3113
3370.00 -0.5664 -0.5703 -0.5689 -0.5671 -0.3623 -0.3011
3380.00 -1.3702 -1.3712 -1.3807 -1.3739 -0.2978 -0.3508
3390.00 -0.7603 -0.7592 -0.7630 -0.7663 -0.3654 -0.2976
3400.00 -0.5248 -0.5240 -0.5228 -0.5179 -0.3854 -0.2979
3410.00 -0.5163 -0.5239 -0.5197 -0.5173 -0.4073 -0.3242
3420.00 -0.6742 -0.6689 -0.6736 -0.6663 -0.4017 -0.3209
3430.00 -0.6399 -0.6559 -0.6361 -0.6466 -0.3797 -0.3254
3440.00 -0.6553 -0.6481 -0.6642 -0.6534 -0.3710 -0.3116
3450.00 -0.8626 -0.8632 -0.8568 -0.8689 -0.3124 -0.3028
3460.00 -0.6746 -0.6789 -0.6694 -0.6733 -0.3738 -0.3008
3470.00 -0.8305 -0.8370 -0.8301 -0.8366 -0.3769 -0.3261
3480.00 -0.6370 -0.6365 -0.6410 -0.6315 -0.3888 -0.3205
3490.00 -0.8733 -0.8698 -0.8694 -0.8630 -0.3774 -0.3260
3500.00 -0.5215 -0.5142 -0.5110 -0.5219 -0.3896 -0.3107
3510.00 -0.8233 -0.8250 -0.8177 -0.8267 -0.3638 -0.3233
3520.00 -0.5851 -0.5814 -0.5843 -0.5855 -0.3738 -0.2950
3530.00 -0.8687 -0.8571 -0.8586 -0.8610 -0.3156 -0.3121
3540.00 -1.1130 -1.1026 -1.1070 -1.1120 -0.3238 -0.3009
3550.00 -0.5964 -0.5925 -0.5998 -0.5894 -0.3944 -0.3068
3560.00 -0.5953 -0.5935 -0.5945 -0.5914 -0.4028 -0.3147
3570.00 -0.5462 -0.5412 -0.5448 -0.5404 -0.3867 -0.3021
3580.00 -0.5178 -0.5249 -0.5188 -0.5193 -0.3981 -0.3208
3590.00 -0.6130 -0.6063 -0.6062 -0.6117 -0.4075 -0.3267
3600.00 -1.4702 -1.4809 -1.4759 -1.4722 -0.2308 -0.3233
3610.00 -0.6666 -0.6777 -0.6756 -0.6793 -0.3793 -0.2926
3620.00 -0.5346 -0.5207 -0.5257 -0.5309 -0.4095 -0.3158
3630.00 -0.5621 -0.5628 -0.5626 -0.5653 -0.3733 -0.2841
3640.00 -0.6079 -0.6039 -0.6104 -0.6107 -0.3952 -0.3231
3650.00 -0.6734 -0.6669 -0.6649 -0.6644 -0.4116 -0.3293
3660.00 -0.6421 -0.6559 -0.6542 -0.6509 -0.3607 -0.3045
3670.00 -0.7023 -0.7103 -0.7047 -0.6974 -0.3701 -0.3145
3680.00 -1.0932 -1.0997 -1.0945 -1.1001 -0.3344 -0.3116
3690.00 -0.5741 -0.5847 -0.5940 -0.5822 -0.3875 -0.3138
3700.00 -0.5865 -0.5902 -0.5864 -0.5872 -0.3824 -0.3092
3710.00 -0.5656 -0.5580 -0.5562 -0.5616 -0.3784 -0.3203
3720.00 -1.0874 -1.0869 -1.0783 -1.0884 -0.3554 -0.3295
3730.00 -0.8228 -0.8115 -0.8168 -0.8217 -0.3575 -0.3115
3740.00 -0.6488 -0.6477 -0.6564 -0.6537 -0.3749 -0.3112
3750.00 -0.7644 -0.7634 -0.7551 -0.7519 -0.3836 -0.3242
3760.00 -0.5766 -0.5700 -0.5791 -0.5686 -0.3844 -0.2919
3770.00 -0.5334 -0.5297 -0.5361 -0.5381 -0.3742 -0.2862
3780.00 -0.7468 -0.7415 -0.7392 -0.7429 -0.3979 -0.3321
3790.00 -0.5875 -0.5789 -0.5795 -0.5880 -0.4071 -0.3300
3800.00 -1.5032 -1.5042 -1.4956 -1.5011 -0.2216 -0.3207
3810.00 -0.6387 -0.6403 -0.6381 -0.6359 -0.3456 -0.2826
3820.00 -0.5361 -0.5428 -0.5387 -0.5393 -0.4236 -0.3060
3830.00 -0.4950 -0.4938 -0.4903 -0.4905 -0.4057 -0.3094
3840.00 -0.7436 -0.7531 -0.7429 -0.7417 -0.4152 -0.3276
3850.00 -0.4862 -0.4839 -0.4809 -0.4850 -0.3562 -0.2963
3860.00 -0.7405 -0.7293 -0.7260 -0.7276 -0.3953 -0.3412
3870.00 -0.8317 -0.8190 -0.8340 -0.8313 -0.3247 -0.3031
3880.00 -1.0122 -1.0151 -1.0149 -1.0132 -0.3712 -0.3348
3890.00 -0.5801 -0.5796 -0.5786 -0.5776 -0.3489 -0.2833
3900.00 -0.5815 -0.5802 -0.5691 -0.5804 -0.4083 -0.3103
3910.00 -0.5028 -0.5024 -0.5050 -0.5032 -0.3882 -0.3043
3920.00 -0.7313 -0.7190 -0.7278 -0.7275 -0.3652 -0.3280
3930.00 -1.0197 -1.0312 -1.0269 -1.0264 -0.3112 -0.3120
3940.00 -0.8413 -0.8447 -0.8559 -0.8508 -0.3871 -0.3114
3950.00 -0.5013 -0.4875 -0.5001 -0.4963 -0.3875 -0.3059
3960.00 -0.6063 -0.6053 -0.5992 -0.6021 -0.4022 -0.3225
3970.00 -0.8644 -0.8616 -0.8662 -0.8610 -0.3178 -0.3140
3980.00 -1.0983 -1.1022 -1.1011 -1.0924 -0.3131 -0.3054
3990.00 -0.6438 -0.6424 -0.6383 -0.6451 -0.3989 -0.2971
4000.00 -0.5329 -0.5330 -0.5287 -0.5275 -0.4050 -0.3162
