10.00 -0.5079 -0.5157 -0.5132 -0.5196 -0.4902 -0.3166
20.00 -0.4915 -0.4897 -0.4927 -0.5019 -0.4880 -0.3291
30.00 -0.4742 -0.4774 -0.4801 -0.4935 -0.4908 -0.3082
40.00 -0.4554 -0.4763 -0.4504 -0.4677 -0.4551 -0.3102
50.00 -0.4673 -0.4688 -0.4616 -0.4704 -0.4687 -0.3114
60.00 -0.4882 -0.4823 -0.4709 -0.4786 -0.4910 -0.3279
70.00 -0.4724 -0.4800 -0.4671 -0.4693 -0.4855 -0.3139
80.00 -0.4932 -0.4852 -0.4808 -0.4971 -0.4986 -0.3275
90.00 -0.4654 -0.4448 -0.4511 -0.4714 -0.4668 -0.3047
100.00 -0.4953 -0.4667 -0.4831 -0.4914 -0.4829 -0.3180
110.00 -0.4429 -0.4611 -0.4665 -0.4724 -0.4807 -0.3020
120.00 -0.4838 -0.4958 -0.4911 -0.4970 -0.4858 -0.3176
130.00 -0.4928 -0.5037 -0.4925 -0.5103 -0.5156 -0.3202
140.00 -0.4768 -0.4762 -0.4495 -0.4766 -0.4744 -0.3106
150.00 -0.4795 -0.4959 -0.4844 -0.4928 -0.4963 -0.3271
160.00 -0.4607 -0.4426 -0.4743 -0.4755 -0.4773 -0.3017
170.00 -0.4560 -0.4391 -0.4319 -0.4479 -0.4524 -0.2981
180.00 -0.4964 -0.4952 -0.4861 -0.4945 -0.4904 -0.3200
190.00 -0.4963 -0.4906 -0.4905 -0.4989 -0.4786 -0.3214
200.00 -0.4504 -0.4648 -0.4530 -0.4712 -0.4543 -0.3132
210.00 -0.4898 -0.4938 -0.4491 -0.4836 -0.4699 -0.3175
220.00 -0.4931 -0.4922 -0.4799 -0.4976 -0.4806 -0.3257
230.00 -0.4765 -0.4640 -0.4540 -0.4770 -0.4726 -0.3101
240.00 -0.4979 -0.4889 -0.5024 -0.5130 -0.5130 -0.3287
250.00 -0.4648 -0.4614 -0.4552 -0.4735 -0.4777 -0.3014
260.00 -0.4705 -0.4696 -0.4719 -0.4695 -0.4745 -0.3079
270.00 -0.4843 -0.4842 -0.4884 -0.4895 -0.4887 -0.3213
280.00 -0.4756 -0.4804 -0.4843 -0.4769 -0.4781 -0.3185
290.00 -0.4617 -0.4611 -0.4652 -0.4770 -0.4693 -0.3135
300.00 -0.4875 -0.4732 -0.4872 -0.4776 -0.4727 -0.3125
310.00 -0.4715 -0.4748 -0.4595 -0.4681 -0.4521 -0.3118
320.00 -0.5072 -0.4767 -0.5001 -0.4974 -0.5022 -0.3154
330.00 -0.4549 -0.4529 -0.4632 -0.4444 -0.4592 -0.2949
340.00 -0.4610 -0.4813 -0.4630 -0.4718 -0.4671 -0.3023
350.00 -0.4794 -0.4756 -0.4876 -0.4918 -0.4923 -0.3238
360.00 -0.4931 -0.4892 -0.4952 -0.4909 -0.4889 -0.3128
370.00 -0.4740 -0.4748 -0.4793 -0.4830 -0.4719 -0.3213
380.00 -0.4660 -0.4805 -0.4768 -0.4941 -0.4954 -0.3101
390.00 -0.4761 -0.4835 -0.4781 -0.4915 -0.4754 -0.3151
400.00 -0.4242 -0.4455 -0.4502 -0.4665 -0.4575 -0.2872
410.00 -0.4986 -0.5006 -0.4941 -0.4858 -0.4970 -0.3291
420.00 -0.5001 -0.5059 -0.4817 -0.5142 -0.5166 -0.3260
430.00 -0.4467 -0.4600 -0.4380 -0.4579 -0.4643 -0.3063
440.00 -0.4861 -0.4716 -0.4838 -0.4991 -0.4989 -0.3095
450.00 -0.4461 -0.4337 -0.4325 -0.4396 -0.4442 -0.2974
460.00 -0.5167 -0.5181 -0.5173 -0.5132 -0.5208 -0.3364
470.00 -0.4385 -0.4324 -0.4436 -0.4449 -0.4446 -0.2911
480.00 -0.5062 -0.4968 -0.5263 -0.5259 -0.5305 -0.3317
490.00 -0.4423 -0.4752 -0.4824 -0.4781 -0.4837 -0.3126
500.00 -0.4409 -0.4178 -0.4367 -0.4546 -0.4611 -0.2990
510.00 -0.4755 -0.4793 -0.4406 -0.4682 -0.4827 -0.3093
520.00 -0.4952 -0.5037 -0.5067 -0.5047 -0.5179 -0.3295
530.00 -0.4619 -0.4716 -0.4482 -0.4598 -0.4763 -0.3080
540.00 -0.4499 -0.4743 -0.4756 -0.4758 -0.4849 -0.3066
550.00 -0.4740 -0.4700 -0.4612 -0.4832 -0.4858 -0.3176
560.00 -0.4553 -0.4735 -0.4612 -0.4725 -0.4791 -0.3084
570.00 -0.4767 -0.4950 -0.4962 -0.5070 -0.5084 -0.3213
580.00 -0.4841 -0.4750 -0.4934 -0.4948 -0.4927 -0.3264
590.00 -0.4677 -0.4621 -0.4702 -0.4625 -0.4681 -0.3046
600.00 -0.4897 -0.4828 -0.4952 -0.4897 -0.4978 -0.3243
610.00 -0.4791 -0.4750 -0.4613 -0.4818 -0.4681 -0.3077
620.00 -0.4782 -0.4705 -0.4606 -0.4762 -0.4677 -0.3198
630.00 -0.4626 -0.4661 -0.4597 -0.4513 -0.4506 -0.3125
640.00 -0.4960 -0.4780 -0.4822 -0.4938 -0.4824 -0.3138
650.00 -0.4970 -0.4580 -0.4852 -0.4949 -0.5041 -0.3142
660.00 -0.4906 -0.4462 -0.4890 -0.4902 -0.4893 -0.3150
670.00 -0.4644 -0.4443 -0.4581 -0.4624 -0.4523 -0.3056
680.00 -0.5111 -0.4847 -0.5111 -0.5252 -0.5113 -0.3242
690.00 -0.4655 -0.4246 -0.4678 -0.4632 -0.4641 -0.3110
700.00 -0.5003 -0.4617 -0.5011 -0.5014 -0.4980 -0.3157
710.00 -0.5008 -0.4574 -0.4875 -0.4949 -0.5106 -0.3166
720.00 -0.4555 -0.4448 -0.4534 -0.4386 -0.4422 -0.2953
730.00 -0.4747 -0.4486 -0.4842 -0.4884 -0.4878 -0.3160
740.00 -0.4917 -0.4572 -0.4821 -0.4965 -0.4911 -0.3094
750.00 -0.4946 -0.4988 -0.4861 -0.4891 -0.4985 -0.3182
760.00 -0.4399 -0.4629 -0.4461 -0.4488 -0.4540 -0.3013
770.00 -0.4592 -0.4870 -0.5010 -0.4937 -0.4791 -0.3248
780.00 -0.4793 -0.4861 -0.4991 -0.5112 -0.5066 -0.3320
790.00 -0.4639 -0.4705 -0.4704 -0.4841 -0.4782 -0.3160
800.00 -0.4770 -0.4695 -0.4649 -0.4950 -0.4874 -0.3119
810.00 -0.4347 -0.4603 -0.4643 -0.4775 -0.4614 -0.3014
820.00 -0.4537 -0.4602 -0.4726 -0.4890 -0.4874 -0.3150
830.00 -0.4781 -0.5016 -0.5001 -0.4867 -0.5094 -0.3179
840.00 -0.4566 -0.4675 -0.4712 -0.4485 -0.4708 -0.3029
850.00 -0.4837 -0.4933 -0.4987 -0.5084 -0.5150 -0.3374
860.00 -0.4369 -0.4489 -0.4580 -0.4519 -0.4506 -0.2996
870.00 -0.4756 -0.4972 -0.4862 -0.4874 -0.4929 -0.3192
880.00 -0.4961 -0.5109 -0.5095 -0.5138 -0.5164 -0.3259
890.00 -0.4778 -0.4659 -0.4717 -0.4587 -0.4763 -0.3144
900.00 -0.5000 -0.4638 -0.4915 -0.4840 -0.5048 -0.3152
910.00 -0.4869 -0.4882 -0.4840 -0.4850 -0.4931 -0.3253
920.00 -0.4650 -0.4725 -0.4536 -0.4485 -0.4542 -0.2900
930.00 -0.4999 -0.4966 -0.5014 -0.4811 -0.4897 -0.3285
940.00 -0.4463 -0.4505 -0.4538 -0.4540 -0.4451 -0.3015
950.00 -0.4844 -0.4898 -0.4807 -0.4957 -0.4790 -0.3204
960.00 -0.4818 -0.4816 -0.4989 -0.4891 -0.4632 -0.3153
970.00 -0.4826 -0.4928 -0.4735 -0.4852 -0.4692 -0.3172
980.00 -0.4805 -0.4964 -0.4937 -0.4970 -0.5016 -0.3104
990.00 -0.4478 -0.4495 -0.4627 -0.4437 -0.4488 -0.3058
1000.00 -0.4506 -0.4625 -0.4591 -0.4475 -0.4707 -0.2999
1010.00 -0.5193 -0.4994 -0.5278 -0.5073 -0.5072 -0.3359
1020.00 -0.4766 -0.4696 -0.4881 -0.4732 -0.4700 -0.3069
1030.00 -0.4616 -0.4611 -0.4740 -0.4798 -0.4759 -0.3277
1040.00 -0.4593 -0.4546 -0.4546 -0.4549 -0.4594 -0.3059
1050.00 -0.4744 -0.4809 -0.4763 -0.4748 -0.4674 -0.3040
1060.00 -0.4851 -0.4611 -0.4668 -0.4785 -0.4889 -0.3118
1070.00 -0.4983 -0.4994 -0.5084 -0.5168 -0.5046 -0.3290
1080.00 -0.4949 -0.4735 -0.4979 -0.4981 -0.4895 -0.3191
1090.00 -0.4579 -0.4582 -0.4450 -0.4640 -0.4522 -0.3047
1100.00 -0.5102 -0.4968 -0.4831 -0.5122 -0.5024 -0.3289
1110.00 -0.4582 -0.4537 -0.4464 -0.4508 -0.4635 -0.3074
1120.00 -0.4949 -0.5083 -0.4807 -0.5017 -0.5017 -0.3118
1130.00 -0.4494 -0.4421 -0.4562 -0.4650 -0.4661 -0.3040
1140.00 -0.4857 -0.4820 -0.4728 -0.4893 -0.4994 -0.3096
1150.00 -0.4918 -0.4616 -0.4733 -0.4707 -0.4856 -0.3117
1160.00 -0.4835 -0.4651 -0.4670 -0.4687 -0.4510 -0.3057
1170.00 -0.5168 -0.4918 -0.4844 -0.5109 -0.4945 -0.3289
1180.00 -0.4551 -0.4412 -0.4395 -0.4410 -0.4503 -0.2932
1190.00 -0.5104 -0.4909 -0.4925 -0.5019 -0.5136 -0.3309
1200.00 -0.4666 -0.4500 -0.4798 -0.4680 -0.4687 -0.3076
1210.00 -0.4787 -0.4617 -0.4866 -0.4877 -0.4666 -0.3096
1220.00 -0.4795 -0.4667 -0.4815 -0.4803 -0.4704 -0.3120
1230.00 -0.4683 -0.4844 -0.4811 -0.4861 -0.4676 -0.3160
1240.00 -0.4737 -0.4967 -0.4851 -0.4776 -0.4843 -0.3249
1250.00 -0.4775 -0.4856 -0.4901 -0.4849 -0.4624 -0.2994
1260.00 -0.4573 -0.4618 -0.4597 -0.4575 -0.4552 -0.2979
1270.00 -0.4776 -0.4731 -0.4742 -0.4850 -0.4613 -0.3048
1280.00 -0.5055 -0.5103 -0.4899 -0.4948 -0.5038 -0.3385
1290.00 -0.4956 -0.4959 -0.4600 -0.4923 -0.4950 -0.3234
1300.00 -0.4895 -0.4734 -0.4666 -0.4742 -0.4612 -0.3063
1310.00 -0.4625 -0.4573 -0.4423 -0.4663 -0.4600 -0.3074
1320.00 -0.5031 -0.4945 -0.4974 -0.4965 -0.4829 -0.3278
1330.00 -0.4872 -0.4717 -0.4761 -0.4695 -0.4897 -0.2958
1340.00 -0.4911 -0.4655 -0.4604 -0.4689 -0.4831 -0.3094
1350.00 -0.4917 -0.4812 -0.4859 -0.4939 -0.4906 -0.3255
1360.00 -0.4810 -0.4804 -0.4727 -0.4823 -0.4729 -0.3221
1370.00 -0.4804 -0.4620 -0.4609 -0.4813 -0.4751 -0.3027
1380.00 -0.4821 -0.4807 -0.4656 -0.4874 -0.4586 -0.3117
1390.00 -0.4865 -0.4597 -0.4537 -0.4688 -0.4742 -0.2982
1400.00 -0.5097 -0.4859 -0.4743 -0.4997 -0.4966 -0.3361
1410.00 -0.4700 -0.4436 -0.4565 -0.4639 -0.4636 -0.3071
1420.00 -0.4857 -0.4705 -0.4507 -0.4887 -0.4687 -0.3113
1430.00 -0.4889 -0.4795 -0.4813 -0.4809 -0.4867 -0.3154
1440.00 -0.4862 -0.4883 -0.4875 -0.4834 -0.4612 -0.3250
1450.00 -0.4729 -0.4796 -0.4651 -0.4787 -0.4528 -0.3069
1460.00 -0.4949 -0.4753 -0.4934 -0.4990 -0.4805 -0.3108
1470.00 -0.4709 -0.4472 -0.4708 -0.4720 -0.4848 -0.3135
1480.00 -0.4891 -0.4694 -0.4817 -0.4928 -0.4846 -0.3195
1490.00 -0.4794 -0.4621 -0.4844 -0.4922 -0.4917 -0.3139
1500.00 -0.4864 -0.4643 -0.5000 -0.4935 -0.4943 -0.3223
1510.00 -0.4384 -0.4263 -0.4535 -0.4453 -0.4443 -0.2965
1520.00 -0.4850 -0.4919 -0.4850 -0.4887 -0.5062 -0.3192
1530.00 -0.4729 -0.4748 -0.4915 -0.4803 -0.4859 -0.3150
1540.00 -0.4744 -0.4863 -0.4777 -0.4865 -0.4860 -0.3190
1550.00 -0.4930 -0.4754 -0.4910 -0.4969 -0.5058 -0.3239
1560.00 -0.4371 -0.4232 -0.4371 -0.4425 -0.4439 -0.2890
1570.00 -0.4702 -0.4984 -0.4883 -0.5027 -0.4863 -0.3235
1580.00 -0.4947 -0.5116 -0.5016 -0.4989 -0.5225 -0.3218
1590.00 -0.4450 -0.4579 -0.4648 -0.4582 -0.4563 -0.3080
1600.00 -0.4955 -0.4981 -0.4863 -0.5061 -0.5086 -0.3282
1610.00 -0.4377 -0.4563 -0.4452 -0.4424 -0.4445 -0.2961
1620.00 -0.4744 -0.4877 -0.4782 -0.4952 -0.4816 -0.3155
1630.00 -0.4890 -0.4955 -0.5224 -0.5027 -0.5073 -0.3253
1640.00 -0.4536 -0.4676 -0.4671 -0.4772 -0.4613 -0.3153
1650.00 -0.4725 -0.4623 -0.4651 -0.4595 -0.4771 -0.3026
1660.00 -0.4794 -0.4814 -0.4681 -0.4665 -0.4748 -0.3033
1670.00 -0.4774 -0.4876 -0.4749 -0.4702 -0.4777 -0.3171
1680.00 -0.4786 -0.4742 -0.4645 -0.4645 -0.4767 -0.3101
1690.00 -0.4519 -0.4788 -0.4647 -0.4655 -0.4702 -0.3080
1700.00 -0.4900 -0.5115 -0.4843 -0.4971 -0.4989 -0.3216
1710.00 -0.4629 -0.4655 -0.4598 -0.4714 -0.4620 -0.3026
1720.00 -0.5076 -0.4983 -0.5090 -0.5047 -0.5087 -0.3315
1730.00 -0.4669 -0.4538 -0.4577 -0.4640 -0.4591 -0.2891
1740.00 -0.4857 -0.4691 -0.4785 -0.4812 -0.4782 -0.3100
1750.00 -0.4833 -0.4658 -0.4828 -0.4805 -0.4768 -0.3079
1760.00 -0.4683 -0.4847 -0.4729 -0.4634 -0.4689 -0.3112
1770.00 -0.4582 -0.4685 -0.4572 -0.4609 -0.4569 -0.3071
1780.00 -0.4732 -0.4874 -0.4849 -0.4869 -0.5038 -0.3138
1790.00 -0.4886 -0.4953 -0.4821 -0.4907 -0.4984 -0.3270
1800.00 -0.4756 -0.4686 -0.4665 -0.4617 -0.4430 -0.2997
1810.00 -0.4958 -0.4908 -0.4901 -0.5109 -0.4920 -0.3276
1820.00 -0.4764 -0.4747 -0.4873 -0.4900 -0.4713 -0.3161
1830.00 -0.4683 -0.4511 -0.4636 -0.4688 -0.4639 -0.3143
1840.00 -0.4781 -0.4668 -0.4707 -0.4854 -0.4884 -0.3176
1850.00 -0.5201 -0.5064 -0.5280 -0.5203 -0.5129 -0.3373
1860.00 -0.4664 -0.4459 -0.4554 -0.4494 -0.4625 -0.3087
1870.00 -0.4762 -0.4721 -0.4711 -0.4700 -0.4807 -0.3071
1880.00 -0.4843 -0.4747 -0.4697 -0.4822 -0.4928 -0.3146
1890.00 -0.4459 -0.4528 -0.4689 -0.4787 -0.4778 -0.2998
1900.00 -0.4546 -0.4636 -0.4611 -0.4608 -0.4722 -0.3065
1910.00 -0.4980 -0.4789 -0.4915 -0.5099 -0.5097 -0.3308
1920.00 -0.4385 -0.4432 -0.4562 -0.4554 -0.4477 -0.2911
1930.00 -0.4917 -0.4885 -0.4881 -0.4887 -0.4834 -0.3235
1940.00 -0.5086 -0.4725 -0.5078 -0.4985 -0.5120 -0.3284
1950.00 -0.4436 -0.4436 -0.4516 -0.4345 -0.4584 -0.2889
1960.00 -0.4766 -0.4909 -0.4932 -0.4981 -0.4835 -0.3234
1970.00 -0.4833 -0.4885 -0.4979 -0.4843 -0.4939 -0.3127
1980.00 -0.4817 -0.4547 -0.4773 -0.4656 -0.4789 -0.3209
1990.00 -0.4623 -0.4785 -0.4564 -0.4511 -0.4599 -0.3133
2000.00 -0.5117 -0.4971 -0.4864 -0.4898 -0.5061 -0.3212
2010.00 -0.4996 -0.4811 -0.4814 -0.4900 -0.4859 -0.3140
2020.00 -0.4903 -0.4645 -0.4621 -0.4842 -0.4947 -0.3125
2030.00 -0.4539 -0.4438 -0.4511 -0.4563 -0.4598 -0.3039
2040.00 -0.4926 -0.4638 -0.4848 -0.4919 -0.4767 -0.3135
2050.00 -0.4675 -0.4556 -0.4711 -0.4645 -0.4832 -0.3154
2060.00 -0.4960 -0.4714 -0.4923 -0.5046 -0.4951 -0.3172
2070.00 -0.4810 -0.4812 -0.4878 -0.4905 -0.4854 -0.3257
2080.00 -0.4789 -0.4728 -0.4945 -0.4878 -0.4786 -0.3158
2090.00 -0.4566 -0.4725 -0.4836 -0.4705 -0.4764 -0.3027
2100.00 -0.4548 -0.4610 -0.4610 -0.4558 -0.4606 -0.3057
2110.00 -0.4852 -0.4761 -0.4779 -0.4854 -0.4826 -0.3147
2120.00 -0.4640 -0.4551 -0.4676 -0.4709 -0.4578 -0.3031
2130.00 -0.4969 -0.4974 -0.5095 -0.5164 -0.5088 -0.3213
2140.00 -0.4638 -0.4802 -0.4861 -0.4888 -0.4812 -0.3131
2150.00 -0.4746 -0.4810 -0.4787 -0.4863 -0.4527 -0.3207
2160.00 -0.4909 -0.4969 -0.5076 -0.5131 -0.4957 -0.3268
2170.00 -0.4492 -0.4443 -0.4628 -0.4525 -0.4559 -0.3049
2180.00 -0.4832 -0.4851 -0.4842 -0.4906 -0.4644 -0.3126
2190.00 -0.4424 -0.4578 -0.4493 -0.4632 -0.4731 -0.2976
2200.00 -0.4911 -0.4702 -0.4642 -0.4745 -0.4872 -0.3088
2210.00 -0.4772 -0.4967 -0.4916 -0.4857 -0.4940 -0.3127
2220.00 -0.4691 -0.4682 -0.4644 -0.4529 -0.4530 -0.3035
2230.00 -0.5184 -0.5049 -0.5113 -0.4997 -0.4953 -0.3336
2240.00 -0.4597 -0.4525 -0.4475 -0.4551 -0.4382 -0.3030
2250.00 -0.4848 -0.4961 -0.4817 -0.4728 -0.4674 -0.3018
2260.00 -0.4911 -0.4804 -0.4733 -0.4836 -0.4777 -0.3091
2270.00 -0.4884 -0.4967 -0.4986 -0.4990 -0.4950 -0.3420
2280.00 -0.4752 -0.4791 -0.4553 -0.4730 -0.4750 -0.3023
2290.00 -0.4524 -0.4666 -0.4487 -0.4581 -0.4579 -0.2980
2300.00 -0.4784 -0.4841 -0.4955 -0.4917 -0.4813 -0.3354
2310.00 -0.4911 -0.4890 -0.4759 -0.4948 -0.4779 -0.3053
2320.00 -0.4815 -0.4778 -0.4632 -0.4729 -0.4866 -0.3123
2330.00 -0.4712 -0.4805 -0.4759 -0.4784 -0.4889 -0.3123
2340.00 -0.4895 -0.4834 -0.4641 -0.4791 -0.4911 -0.3100
2350.00 -0.4971 -0.4899 -0.4774 -0.4800 -0.4828 -0.3133
2360.00 -0.4957 -0.4868 -0.4851 -0.4811 -0.4826 -0.3275
2370.00 -0.4814 -0.4509 -0.4728 -0.4849 -0.4672 -0.2983
2380.00 -0.5052 -0.4965 -0.4861 -0.5008 -0.4936 -0.3246
2390.00 -0.4722 -0.4527 -0.4610 -0.4551 -0.4596 -0.3194
2400.00 -0.4784 -0.4482 -0.4674 -0.4899 -0.4507 -0.3004
2410.00 -0.4977 -0.4675 -0.4791 -0.4988 -0.4753 -0.3182
2420.00 -0.4679 -0.4535 -0.4574 -0.4723 -0.4651 -0.3173
2430.00 -0.4835 -0.4730 -0.4765 -0.4861 -0.4817 -0.3135
2440.00 -0.5346 -0.5037 -0.4888 -0.5405 -0.5347 -0.3259
2450.00 -0.4542 -0.4505 -0.4246 -0.4387 -0.4471 -0.2967
2460.00 -0.5031 -0.4957 -0.4796 -0.5013 -0.5051 -0.3275
2470.00 -0.5080 -0.5012 -0.5042 -0.4929 -0.5128 -0.3263
2480.00 -0.4812 -0.4588 -0.4612 -0.4792 -0.4779 -0.3062
2490.00 -0.4834 -0.4688 -0.4239 -0.4814 -0.4717 -0.3141
2500.00 -0.4804 -0.4834 -0.4268 -0.4886 -0.4842 -0.3060
2510.00 -0.5324 -0.5210 -0.4822 -0.5330 -0.5212 -0.3430
2520.00 -0.4867 -0.4558 -0.4223 -0.4798 -0.4732 -0.2962
2530.00 -0.5252 -0.5137 -0.4433 -0.5234 -0.5232 -0.3297
2540.00 -0.4866 -0.4783 -0.4079 -0.4870 -0.4872 -0.2957
2550.00 -0.4935 -0.4832 -0.4459 -0.4935 -0.4855 -0.3180
2560.00 -0.4808 -0.4784 -0.4546 -0.4896 -0.4936 -0.3055
2570.00 -0.4532 -0.4629 -0.4540 -0.4555 -0.4602 -0.3104
2580.00 -0.4911 -0.5162 -0.4797 -0.5090 -0.5173 -0.3218
2590.00 -0.4589 -0.4686 -0.4505 -0.4743 -0.4809 -0.3121
2600.00 -0.4935 -0.5073 -0.4960 -0.5024 -0.4949 -0.3284
2610.00 -0.4898 -0.4968 -0.4815 -0.5059 -0.4917 -0.3177
2620.00 -0.4348 -0.4326 -0.4307 -0.4408 -0.4264 -0.2917
2630.00 -0.5073 -0.5045 -0.5017 -0.5123 -0.4962 -0.3260
2640.00 -0.4762 -0.4897 -0.4885 -0.4954 -0.4785 -0.3210
2650.00 -0.4763 -0.4801 -0.4794 -0.4658 -0.4746 -0.3084
2660.00 -0.4543 -0.4430 -0.4480 -0.4580 -0.4615 -0.3077
2670.00 -0.5055 -0.5188 -0.5002 -0.5202 -0.5242 -0.3421
2680.00 -0.4494 -0.4350 -0.4360 -0.4395 -0.4566 -0.2850
2690.00 -0.4710 -0.4825 -0.4651 -0.4650 -0.4803 -0.3201
2700.00 -0.4875 -0.4858 -0.4827 -0.4878 -0.4798 -0.3110
2710.00 -0.4886 -0.5053 -0.5031 -0.4852 -0.5082 -0.3316
2720.00 -0.4860 -0.4757 -0.4723 -0.4516 -0.4713 -0.3103
2730.00 -0.4619 -0.4685 -0.4641 -0.4539 -0.4651 -0.3095
2740.00 -0.4747 -0.4721 -0.4778 -0.4709 -0.4786 -0.2924
2750.00 -0.4680 -0.4609 -0.4762 -0.4581 -0.4717 -0.3124
2760.00 -0.4745 -0.4736 -0.4718 -0.4743 -0.4841 -0.3058
2770.00 -0.4939 -0.5066 -0.4957 -0.4943 -0.4994 -0.3194
2780.00 -0.4969 -0.5201 -0.5059 -0.5180 -0.5075 -0.3224
2790.00 -0.4464 -0.4613 -0.4530 -0.4553 -0.4504 -0.3095
2800.00 -0.4578 -0.4661 -0.4689 -0.4681 -0.4606 -0.3069
2810.00 -0.4871 -0.4766 -0.4878 -0.4831 -0.4760 -0.3073
2820.00 -0.4718 -0.4582 -0.4753 -0.4738 -0.4730 -0.3155
2830.00 -0.4968 -0.4790 -0.5036 -0.4798 -0.5032 -0.3173
2840.00 -0.4731 -0.4784 -0.4530 -0.4600 -0.4687 -0.3095
2850.00 -0.4716 -0.4588 -0.4585 -0.4728 -0.4526 -0.3024
2860.00 -0.4837 -0.4751 -0.4790 -0.4780 -0.4843 -0.3144
2870.00 -0.4769 -0.4546 -0.4753 -0.4754 -0.4538 -0.3054
2880.00 -0.4859 -0.4926 -0.4936 -0.4908 -0.4859 -0.3189
2890.00 -0.4655 -0.4642 -0.4624 -0.4725 -0.4537 -0.3128
2900.00 -0.4823 -0.4831 -0.4896 -0.4759 -0.4794 -0.3083
2910.00 -0.4878 -0.5021 -0.5125 -0.4909 -0.4892 -0.3189
2920.00 -0.4811 -0.4851 -0.4686 -0.4868 -0.4746 -0.3133
2930.00 -0.4456 -0.4583 -0.4415 -0.4485 -0.4560 -0.2931
2940.00 -0.5000 -0.5059 -0.5065 -0.5042 -0.5104 -0.3344
2950.00 -0.4599 -0.4521 -0.4640 -0.4802 -0.4743 -0.3082
2960.00 -0.4786 -0.4533 -0.4760 -0.4834 -0.4883 -0.3043
2970.00 -0.4732 -0.4775 -0.4746 -0.4836 -0.4588 -0.3201
2980.00 -0.5029 -0.4990 -0.4995 -0.5041 -0.5057 -0.3287
2990.00 -0.4366 -0.4463 -0.4322 -0.4452 -0.4522 -0.2991
3000.00 -0.4947 -0.4843 -0.4575 -0.4772 -0.4896 -0.3161
3010.00 -0.4679 -0.4634 -0.4724 -0.4745 -0.4661 -0.3041
3020.00 -0.4768 -0.4629 -0.4754 -0.4757 -0.4832 -0.3181
3030.00 -0.5124 -0.4953 -0.5105 -0.5054 -0.4790 -0.3281
3040.00 -0.4583 -0.4583 -0.4449 -0.4562 -0.4584 -0.3031
3050.00 -0.4936 -0.4976 -0.4920 -0.4892 -0.4814 -0.3110
3060.00 -0.4791 -0.4753 -0.4695 -0.4752 -0.4788 -0.3149
3070.00 -0.4629 -0.4542 -0.4686 -0.4569 -0.4606 -0.2932
3080.00 -0.5029 -0.4969 -0.4894 -0.5003 -0.5130 -0.3252
3090.00 -0.4691 -0.4735 -0.4587 -0.4835 -0.4876 -0.3004
3100.00 -0.4765 -0.4746 -0.4601 -0.4580 -0.4804 -0.3118
3110.00 -0.4931 -0.4905 -0.4967 -0.4934 -0.5000 -0.3297
3120.00 -0.4650 -0.4756 -0.4662 -0.4488 -0.4479 -0.3100
3130.00 -0.4728 -0.4605 -0.4607 -0.4492 -0.4488 -0.3162
3140.00 -0.4812 -0.4822 -0.4671 -0.4829 -0.4824 -0.3091
3150.00 -0.4907 -0.4754 -0.4751 -0.5045 -0.4800 -0.3223
3160.00 -0.4746 -0.4820 -0.4695 -0.4814 -0.4671 -0.3106
3170.00 -0.4471 -0.4638 -0.4514 -0.4613 -0.4554 -0.2985
3180.00 -0.4883 -0.4816 -0.4858 -0.4938 -0.4688 -0.3068
3190.00 -0.4878 -0.4923 -0.4876 -0.4945 -0.4708 -0.3192
3200.00 -0.4670 -0.4704 -0.4542 -0.4668 -0.4633 -0.3133
3210.00 -0.4869 -0.4921 -0.4907 -0.4935 -0.4917 -0.3180
3220.00 -0.4772 -0.4758 -0.4855 -0.4858 -0.4692 -0.3060
3230.00 -0.4778 -0.4700 -0.4710 -0.4680 -0.4634 -0.3153
3240.00 -0.4645 -0.4799 -0.4736 -0.4626 -0.4701 -0.3034
3250.00 -0.4967 -0.4944 -0.5049 -0.4852 -0.4963 -0.3264
3260.00 -0.4729 -0.4648 -0.4682 -0.4616 -0.4653 -0.3009
3270.00 -0.4645 -0.4575 -0.4530 -0.4680 -0.4630 -0.3167
3280.00 -0.4979 -0.4903 -0.4959 -0.4775 -0.4950 -0.3147
3290.00 -0.4564 -0.4535 -0.4497 -0.4427 -0.4604 -0.2993
3300.00 -0.4889 -0.4841 -0.4679 -0.4792 -0.4877 -0.3232
3310.00 -0.4907 -0.4841 -0.4975 -0.5026 -0.4979 -0.3194
3320.00 -0.4779 -0.4831 -0.4872 -0.4754 -0.4780 -0.3033
3330.00 -0.4604 -0.4529 -0.4595 -0.4581 -0.4634 -0.3052
3340.00 -0.4890 -0.4977 -0.5077 -0.4788 -0.5011 -0.3122
3350.00 -0.4695 -0.4666 -0.4635 -0.4652 -0.4765 -0.3189
3360.00 -0.4943 -0.4861 -0.4781 -0.4953 -0.4919 -0.3204
3370.00 -0.4806 -0.4744 -0.4691 -0.4656 -0.4723 -0.3045
3380.00 -0.4643 -0.4688 -0.4527 -0.4687 -0.4731 -0.3145
3390.00 -0.4968 -0.4800 -0.4662 -0.4969 -0.5053 -0.3174
3400.00 -0.4430 -0.4490 -0.4597 -0.4616 -0.4565 -0.3022
3410.00 -0.5002 -0.5043 -0.5135 -0.5130 -0.5089 -0.3261
3420.00 -0.4586 -0.4692 -0.4695 -0.4631 -0.4702 -0.3150
3430.00 -0.4609 -0.4645 -0.4669 -0.4530 -0.4632 -0.2932
3440.00 -0.5181 -0.5185 -0.5203 -0.5039 -0.5117 -0.3342
3450.00 -0.4737 -0.4815 -0.4921 -0.4729 -0.4785 -0.3181
3460.00 -0.4625 -0.4852 -0.4740 -0.4562 -0.4851 -0.3100
3470.00 -0.4871 -0.4845 -0.4785 -0.4742 -0.4903 -0.3198
3480.00 -0.4687 -0.4423 -0.4374 -0.4409 -0.4440 -0.2925
3490.00 -0.5047 -0.5061 -0.4686 -0.5018 -0.4997 -0.3230
3500.00 -0.4827 -0.4932 -0.4493 -0.4810 -0.4886 -0.3152
3510.00 -0.4975 -0.4928 -0.4718 -0.4954 -0.5008 -0.3289
3520.00 -0.4711 -0.4511 -0.4505 -0.4785 -0.4726 -0.3009
3530.00 -0.4864 -0.4711 -0.4517 -0.4945 -0.4832 -0.3192
3540.00 -0.4796 -0.4931 -0.4556 -0.4732 -0.4773 -0.3188
3550.00 -0.4982 -0.4863 -0.4880 -0.4966 -0.4976 -0.3316
3560.00 -0.4648 -0.4823 -0.4556 -0.4714 -0.4702 -0.3078
3570.00 -0.4981 -0.4885 -0.4831 -0.4909 -0.4899 -0.3182
3580.00 -0.4748 -0.4494 -0.4451 -0.4556 -0.4588 -0.3017
3590.00 -0.5047 -0.4830 -0.4796 -0.5037 -0.5105 -0.3350
3600.00 -0.4741 -0.4768 -0.4646 -0.4638 -0.4713 -0.3076
3610.00 -0.4844 -0.4920 -0.4865 -0.5004 -0.5049 -0.3097
3620.00 -0.4773 -0.4645 -0.4859 -0.4961 -0.4824 -0.3072
3630.00 -0.4976 -0.4953 -0.4989 -0.5063 -0.5038 -0.3363
3640.00 -0.4591 -0.4528 -0.4594 -0.4642 -0.4636 -0.2971
3650.00 -0.4720 -0.4811 -0.4823 -0.4850 -0.4729 -0.3146
3660.00 -0.4555 -0.4791 -0.4646 -0.4644 -0.4760 -0.3120
3670.00 -0.4938 -0.4933 -0.4915 -0.4818 -0.4880 -0.3165
3680.00 -0.4966 -0.5015 -0.4938 -0.4968 -0.4977 -0.3248
3690.00 -0.4493 -0.4468 -0.4587 -0.4485 -0.4390 -0.2954
3700.00 -0.4917 -0.4908 -0.5125 -0.4991 -0.4973 -0.3282
3710.00 -0.4610 -0.4583 -0.4574 -0.4397 -0.4508 -0.2995
3720.00 -0.4702 -0.4719 -0.4592 -0.4767 -0.4693 -0.3033
3730.00 -0.5037 -0.4804 -0.4622 -0.5007 -0.4956 -0.3272
3740.00 -0.4810 -0.4645 -0.4640 -0.4672 -0.4796 -0.3050
3750.00 -0.4580 -0.4632 -0.4617 -0.4616 -0.4636 -0.3149
3760.00 -0.5107 -0.4998 -0.4887 -0.5059 -0.5085 -0.3249
3770.00 -0.4834 -0.4632 -0.4722 -0.4857 -0.4889 -0.3232
3780.00 -0.4600 -0.4467 -0.4552 -0.4607 -0.4651 -0.3057
3790.00 -0.5021 -0.4845 -0.4763 -0.5046 -0.5023 -0.3214
3800.00 -0.4747 -0.4854 -0.4694 -0.4845 -0.4821 -0.3172
3810.00 -0.4698 -0.4609 -0.4664 -0.4642 -0.4718 -0.2979
3820.00 -0.4831 -0.4796 -0.4606 -0.4742 -0.4824 -0.3071
3830.00 -0.5043 -0.4931 -0.4747 -0.4870 -0.4769 -0.3240
3840.00 -0.4756 -0.4630 -0.4611 -0.4736 -0.4729 -0.3165
3850.00 -0.4555 -0.4646 -0.4776 -0.4702 -0.4597 -0.3024
3860.00 -0.4884 -0.4949 -0.4750 -0.4911 -0.4756 -0.3188
3870.00 -0.4892 -0.4868 -0.4771 -0.4958 -0.4800 -0.3089
3880.00 -0.4551 -0.4602 -0.4599 -0.4612 -0.4511 -0.3095
3890.00 -0.4794 -0.4732 -0.4884 -0.4775 -0.4825 -0.3063
3900.00 -0.4799 -0.4855 -0.4827 -0.4638 -0.4581 -0.3285
3910.00 -0.4865 -0.4967 -0.5032 -0.4711 -0.4935 -0.3154
3920.00 -0.4817 -0.4691 -0.4814 -0.4760 -0.4929 -0.3109
3930.00 -0.4915 -0.4879 -0.4873 -0.4571 -0.4852 -0.3070
3940.00 -0.4773 -0.4961 -0.4788 -0.4719 -0.5020 -0.3172
3950.00 -0.4514 -0.4711 -0.4553 -0.4703 -0.4800 -0.3055
3960.00 -0.4740 -0.4865 -0.4757 -0.4565 -0.4758 -0.3178
3970.00 -0.4772 -0.4809 -0.4841 -0.4683 -0.4820 -0.3027
3980.00 -0.4587 -0.4659 -0.4573 -0.4558 -0.4692 -0.3130
3990.00 -0.4974 -0.4893 -0.5062 -0.5121 -0.4933 -0.3278
4000.00 -0.4530 -0.4533 -0.4256 -0.4509 -0.4394 -0.2946
