10.00 -1.1951 -1.1814 -1.1894 -1.1878 -0.2955 -0.3206
20.00 -0.6600 -0.6655 -0.6621 -0.6534 -0.3708 -0.2894
30.00 -0.6132 -0.6147 -0.6144 -0.6166 -0.3984 -0.3164
40.00 -0.7665 -0.7675 -0.7710 -0.7705 -0.4039 -0.3430
50.00 -0.7090 -0.7224 -0.7136 -0.7110 -0.3592 -0.2938
60.00 -0.6596 -0.6533 -0.6585 -0.6595 -0.3586 -0.3153
70.00 -1.5780 -1.5676 -1.5711 -1.5676 -0.2249 -0.3127
80.00 -0.6072 -0.6040 -0.6136 -0.6140 -0.3926 -0.3001
90.00 -0.4419 -0.4418 -0.4358 -0.4377 -0.3837 -0.2888
100.00 -0.4500 -0.4516 -0.4518 -0.4499 -0.3785 -0.3076
110.00 -0.7787 -0.7748 -0.7803 -0.7724 -0.3903 -0.3324
120.00 -0.9972 -1.0019 -1.0069 -1.0103 -0.3181 -0.3075
130.00 -0.8361 -0.8420 -0.8343 -0.8447 -0.3964 -0.3286
140.00 -0.5237 -0.5264 -0.5239 -0.5198 -0.3506 -0.2866
150.00 -0.7438 -0.7555 -0.7456 -0.7480 -0.3547 -0.3260
160.00 -0.9287 -0.9326 -0.9319 -0.9257 -0.3601 -0.3240
170.00 -0.7960 -0.7966 -0.8073 -0.8007 -0.3548 -0.3110
180.00 -0.6787 -0.6774 -0.6797 -0.6716 -0.3919 -0.3224
190.00 -0.6097 -0.6063 -0.6110 -0.6045 -0.3526 -0.3070
200.00 -0.9896 -0.9858 -0.9907 -0.9902 -0.3383 -0.3185
210.00 -0.9095 -0.8960 -0.9138 -0.9174 -0.3458 -0.3220
220.00 -0.6603 -0.6610 -0.6547 -0.6590 -0.3484 -0.2864
230.00 -0.6744 -0.6702 -0.6769 -0.6781 -0.3838 -0.3202
240.00 -0.6439 -0.6543 -0.6539 -0.6489 -0.3855 -0.3086
250.00 -0.7772 -0.7823 -0.7790 -0.7841 -0.3541 -0.3253
260.00 -0.9480 -0.9436 -0.9510 -0.9531 -0.3496 -0.3159
270.00 -0.7796 -0.7798 -0.7773 -0.7765 -0.3730 -0.3163
280.00 -0.6923 -0.6998 -0.6924 -0.6972 -0.3560 -0.3056
290.00 -0.7509 -0.7496 -0.7494 -0.7540 -0.3940 -0.3238
300.00 -0.8278 -0.8312 -0.8295 -0.8302 -0.3144 -0.3087
310.00 -0.9034 -0.9010 -0.9080 -0.9026 -0.3338 -0.2952
320.00 -0.7427 -0.7417 -0.7413 -0.7349 -0.3833 -0.3156
330.00 -0.6957 -0.6830 -0.6911 -0.6906 -0.3610 -0.3185
340.00 -0.7513 -0.7548 -0.7521 -0.7454 -0.3774 -0.3149
350.00 -0.7107 -0.7218 -0.7171 -0.7254 -0.3622 -0.3141
360.00 -0.6441 -0.6462 -0.6387 -0.6419 -0.3916 -0.3084
370.00 -0.7809 -0.7850 -0.7740 -0.7722 -0.3189 -0.2968
380.00 -1.1214 -1.1104 -1.1115 -1.1136 -0.3623 -0.3489
390.00 -0.6524 -0.6517 -0.6489 -0.6505 -0.3435 -0.2851
400.00 -0.5691 -0.5651 -0.5691 -0.5642 -0.4191 -0.3277
410.00 -0.7072 -0.7109 -0.7165 -0.7078 -0.3935 -0.3087
420.00 -0.5295 -0.5360 -0.5279 -0.5322 -0.3727 -0.3151
430.00 -1.8925 -1.8863 -1.8981 -1.8950 -0.1971 -0.3301
440.00 -0.4557 -0.4573 -0.4520 -0.4567 -0.3831 -0.2843
450.00 -0.4619 -0.4626 -0.4630 -0.4589 -0.3723 -0.2747
460.00 -0.5711 -0.5714 -0.5745 -0.5718 -0.4269 -0.3402
470.00 -0.5031 -0.5146 -0.5082 -0.5079 -0.3524 -0.2846
480.00 -1.3930 -1.3957 -1.3955 -1.3995 -0.3224 -0.3574
490.00 -0.5651 -0.5633 -0.5673 -0.5675 -0.3628 -0.2976
500.00 -0.6395 -0.6377 -0.6375 -0.6454 -0.3748 -0.2925
510.00 -0.5339 -0.5304 -0.5235 -0.5247 -0.3934 -0.3128
520.00 -1.0429 -1.0525 -1.0525 -1.0488 -0.2952 -0.3192
530.00 -1.0586 -1.0509 -1.0573 -1.0591 -0.3798 -0.3287
540.00 -0.5188 -0.5186 -0.5211 -0.5204 -0.3646 -0.2970
550.00 -0.6234 -0.6190 -0.6244 -0.6141 -0.3747 -0.3095
560.00 -0.7722 -0.7848 -0.7747 -0.7807 -0.3948 -0.3228
570.00 -0.6459 -0.6407 -0.6422 -0.6453 -0.3571 -0.3102
580.00 -0.8844 -0.8779 -0.8844 -0.8914 -0.2941 -0.2981
590.00 -1.1114 -1.0990 -1.1061 -1.1039 -0.3678 -0.3353
600.00 -0.6618 -0.6746 -0.6585 -0.6658 -0.3637 -0.3016
610.00 -0.6959 -0.7008 -0.7007 -0.6978 -0.3860 -0.3035
620.00 -0.6365 -0.6370 -0.6409 -0.6431 -0.3565 -0.2976
630.00 -0.5907 -0.5895 -0.5867 -0.5865 -0.4001 -0.3226
640.00 -0.6887 -0.6812 -0.6750 -0.6961 -0.3546 -0.3131
650.00 -1.6101 -1.6190 -1.6325 -1.6126 -0.2440 -0.3380
660.00 -0.5842 -0.5855 -0.5858 -0.5775 -0.3472 -0.2835
670.00 -0.5383 -0.5236 -0.5341 -0.5396 -0.4005 -0.2956
680.00 -0.5775 -0.5721 -0.5788 -0.5745 -0.4321 -0.3325
690.00 -0.5018 -0.5021 -0.4975 -0.5042 -0.3766 -0.3044
700.00 -1.1144 -1.1156 -1.1215 -1.1172 -0.2962 -0.3132
710.00 -0.9023 -0.8995 -0.9047 -0.9096 -0.3785 -0.3221
720.00 -0.5323 -0.5322 -0.5309 -0.5292 -0.3825 -0.3128
730.00 -0.8067 -0.8080 -0.8074 -0.8119 -0.3294 -0.3087
740.00 -0.8774 -0.8752 -0.8774 -0.8699 -0.3652 -0.3192
750.00 -0.9652 -0.9836 -0.9738 -0.9788 -0.3696 -0.3181
760.00 -0.5342 -0.5259 -0.5326 -0.5327 -0.3788 -0.2916
770.00 -0.5682 -0.5673 -0.5577 -0.5697 -0.3928 -0.3104
780.00 -0.8224 -0.8231 -0.8195 -0.8188 -0.3945 -0.3391
790.00 -0.6853 -0.6945 -0.6898 -0.6861 -0.3486 -0.3123
800.00 -1.3911 -1.3978 -1.4092 -1.4049 -0.2580 -0.3243
810.00 -0.6553 -0.6514 -0.6507 -0.6458 -0.3225 -0.2548
820.00 -0.6053 -0.6030 -0.6090 -0.6068 -0.4113 -0.3266
830.00 -0.6802 -0.6832 -0.6736 -0.6841 -0.3784 -0.3071
840.00 -0.5866 -0.5841 -0.5777 -0.5821 -0.3878 -0.3115
850.00 -0.9313 -0.9280 -0.9244 -0.9306 -0.3014 -0.3033
860.00 -0.7663 -0.7569 -0.7651 -0.7638 -0.4008 -0.3304
870.00 -0.6142 -0.6189 -0.6169 -0.6201 -0.3788 -0.3045
880.00 -0.6505 -0.6516 -0.6553 -0.6497 -0.3672 -0.3159
890.00 -1.1449 -1.1366 -1.1383 -1.1261 -0.3194 -0.3283
900.00 -0.6957 -0.6901 -0.6903 -0.7001 -0.3841 -0.3046
910.00 -0.6590 -0.6610 -0.6673 -0.6673 -0.3676 -0.3016
920.00 -0.6608 -0.6785 -0.6669 -0.6755 -0.4018 -0.3350
930.00 -0.8560 -0.8504 -0.8495 -0.8395 -0.3225 -0.2980
940.00 -1.2050 -1.2018 -1.2048 -1.2038 -0.3251 -0.3197
950.00 -0.5817 -0.5919 -0.5951 -0.5881 -0.3886 -0.3042
960.00 -0.6289 -0.6388 -0.6314 -0.6328 -0.3606 -0.2966
970.00 -0.6746 -0.6704 -0.6755 -0.6698 -0.3821 -0.3307
980.00 -0.9553 -0.9573 -0.9530 -0.9594 -0.3826 -0.3252
990.00 -0.7388 -0.7311 -0.7420 -0.7449 -0.3336 -0.3035
1000.00 -0.7637 -0.7586 -0.7655 -0.7538 -0.3679 -0.3000
1010.00 -0.6538 -0.6569 -0.6524 -0.6573 -0.3643 -0.3083
1020.00 -0.6661 -0.6588 -0.6639 -0.6596 -0.3788 -0.3119
1030.00 -0.6609 -0.6565 -0.6486 -0.6564 -0.3795 -0.3147
1040.00 -1.0488 -1.0636 -1.0589 -1.0463 -0.2998 -0.3377
1050.00 -1.1751 -1.1660 -1.1597 -1.1608 -0.3189 -0.2975
1060.00 -0.4702 -0.4773 -0.4791 -0.4751 -0.3982 -0.3057
1070.00 -0.5270 -0.5223 -0.5286 -0.5293 -0.3795 -0.3070
1080.00 -0.7432 -0.7348 -0.7315 -0.7260 -0.3793 -0.3152
1090.00 -0.7976 -0.7881 -0.7806 -0.7922 -0.3435 -0.3155
1100.00 -0.9718 -0.9767 -0.9705 -0.9743 -0.3409 -0.3156
1110.00 -0.7837 -0.7850 -0.7825 -0.7846 -0.3505 -0.2940
1120.00 -0.6473 -0.6585 -0.6596 -0.6578 -0.3681 -0.3061
1130.00 -0.6868 -0.6770 -0.6858 -0.6804 -0.4003 -0.3099
1140.00 -0.6773 -0.6825 -0.6773 -0.6792 -0.3509 -0.3019
1150.00 -0.7982 -0.8038 -0.8012 -0.8010 -0.3738 -0.3272
1160.00 -1.1253 -1.1244 -1.1208 -1.1269 -0.3185 -0.3099
1170.00 -0.6363 -0.6456 -0.6338 -0.6439 -0.3937 -0.3139
1180.00 -0.6332 -0.6389 -0.6394 -0.6408 -0.4034 -0.3231
1190.00 -0.5639 -0.5674 -0.5726 -0.5683 -0.3474 -0.2885
1200.00 -0.8299 -0.8290 -0.8406 -0.8266 -0.3285 -0.3197
1210.00 -1.1469 -1.1565 -1.1456 -1.1541 -0.3359 -0.3274
1220.00 -0.6814 -0.6772 -0.6808 -0.6808 -0.3479 -0.2837
1230.00 -0.5393 -0.5372 -0.5280 -0.5364 -0.3974 -0.3022
1240.00 -0.6578 -0.6573 -0.6559 -0.6602 -0.4161 -0.3394
1250.00 -0.9508 -0.9526 -0.9517 -0.9500 -0.3108 -0.3191
1260.00 -1.0185 -1.0113 -1.0150 -1.0095 -0.3108 -0.2893
1270.00 -0.5506 -0.5497 -0.5527 -0.5550 -0.3814 -0.2969
1280.00 -0.8175 -0.8116 -0.8157 -0.8225 -0.3887 -0.3263
1290.00 -0.6261 -0.6214 -0.6245 -0.6191 -0.3450 -0.2921
1300.00 -0.9797 -0.9780 -0.9828 -0.9776 -0.3376 -0.3331
1310.00 -0.7888 -0.7897 -0.7918 -0.7869 -0.3622 -0.3144
1320.00 -0.5368 -0.5394 -0.5407 -0.5401 -0.3765 -0.3041
1330.00 -0.5847 -0.5910 -0.5892 -0.5863 -0.3940 -0.3080
1340.00 -0.9593 -0.9536 -0.9596 -0.9558 -0.3377 -0.3332
1350.00 -1.2403 -1.2369 -1.2513 -1.2312 -0.3207 -0.3215
1360.00 -0.4708 -0.4817 -0.4732 -0.4794 -0.3600 -0.2874
1370.00 -0.6710 -0.6767 -0.6662 -0.6754 -0.4353 -0.3452
1380.00 -0.4964 -0.4968 -0.4939 -0.5006 -0.3335 -0.2825
1390.00 -1.1538 -1.1511 -1.1496 -1.1520 -0.3126 -0.3314
1400.00 -0.7480 -0.7517 -0.7525 -0.7496 -0.4013 -0.3149
1410.00 -0.6223 -0.6140 -0.6206 -0.6165 -0.3752 -0.3070
1420.00 -0.6534 -0.6598 -0.6603 -0.6580 -0.3748 -0.3236
1430.00 -0.7548 -0.7622 -0.7460 -0.7543 -0.3730 -0.3191
1440.00 -0.9085 -0.9154 -0.9192 -0.9195 -0.3383 -0.3156
1450.00 -0.6961 -0.6904 -0.6927 -0.6917 -0.3771 -0.3139
1460.00 -0.9088 -0.9061 -0.8987 -0.9036 -0.3822 -0.3383
1470.00 -0.8002 -0.8030 -0.8140 -0.8039 -0.3510 -0.3076
1480.00 -0.5706 -0.5711 -0.5705 -0.5695 -0.4000 -0.3111
1490.00 -0.8454 -0.8414 -0.8409 -0.8366 -0.3294 -0.3205
1500.00 -1.1288 -1.1370 -1.1390 -1.1459 -0.3179 -0.3038
1510.00 -0.5565 -0.5530 -0.5506 -0.5578 -0.3689 -0.2919
1520.00 -0.8091 -0.8152 -0.8122 -0.8111 -0.3730 -0.3235
1530.00 -0.5773 -0.5762 -0.5728 -0.5743 -0.4090 -0.3151
1540.00 -0.6712 -0.6753 -0.6667 -0.6753 -0.3935 -0.3354
1550.00 -0.6364 -0.6327 -0.6369 -0.6381 -0.3264 -0.2919
1560.00 -1.3898 -1.3788 -1.3915 -1.3826 -0.2607 -0.3044
1570.00 -0.6396 -0.6467 -0.6364 -0.6419 -0.3837 -0.3198
1580.00 -0.7559 -0.7450 -0.7434 -0.7522 -0.4077 -0.3304
1590.00 -0.5656 -0.5613 -0.5623 -0.5698 -0.3685 -0.2927
1600.00 -0.6772 -0.6860 -0.6872 -0.6850 -0.3984 -0.3197
1610.00 -0.6293 -0.6332 -0.6312 -0.6357 -0.3966 -0.3299
1620.00 -1.0008 -1.0053 -0.9962 -0.9991 -0.2913 -0.2990
1630.00 -1.0023 -1.0015 -1.0024 -0.9959 -0.3203 -0.2986
1640.00 -0.6286 -0.6254 -0.6240 -0.6304 -0.3867 -0.3181
1650.00 -0.6993 -0.7051 -0.7064 -0.7000 -0.3955 -0.3187
1660.00 -0.6318 -0.6338 -0.6304 -0.6191 -0.3452 -0.2834
1670.00 -0.7586 -0.7521 -0.7563 -0.7510 -0.3967 -0.3369
1680.00 -1.1765 -1.1756 -1.1735 -1.1679 -0.2746 -0.3062
1690.00 -0.5993 -0.6053 -0.6064 -0.6067 -0.4043 -0.3221
1700.00 -0.5792 -0.5809 -0.5801 -0.5877 -0.3754 -0.3000
1710.00 -0.7292 -0.7256 -0.7350 -0.7229 -0.4021 -0.3392
1720.00 -0.7363 -0.7311 -0.7323 -0.7300 -0.3326 -0.2936
1730.00 -0.9942 -0.9829 -0.9825 -0.9820 -0.3741 -0.3460
1740.00 -0.6969 -0.7161 -0.7199 -0.7217 -0.3736 -0.2986
1750.00 -0.5903 -0.5905 -0.5912 -0.5881 -0.3745 -0.3153
1760.00 -1.1645 -1.1534 -1.1601 -1.1567 -0.3145 -0.3161
1770.00 -0.5130 -0.5148 -0.5094 -0.5186 -0.3816 -0.3016
1780.00 -0.8795 -0.8763 -0.8865 -0.8816 -0.3388 -0.3147
1790.00 -0.7427 -0.7437 -0.7359 -0.7491 -0.3796 -0.3087
1800.00 -0.7725 -0.7819 -0.7711 -0.7710 -0.3783 -0.3366
1810.00 -0.7003 -0.6936 -0.6954 -0.7026 -0.3488 -0.2894
1820.00 -0.8147 -0.8128 -0.8244 -0.8233 -0.3646 -0.3228
1830.00 -0.7104 -0.7097 -0.7150 -0.7100 -0.3493 -0.3139
1840.00 -1.0899 -1.0881 -1.0883 -1.0932 -0.3407 -0.3051
1850.00 -0.5902 -0.5904 -0.5968 -0.5904 -0.3874 -0.2985
1860.00 -0.6617 -0.6496 -0.6472 -0.6512 -0.4060 -0.3177
1870.00 -0.5906 -0.5906 -0.5925 -0.5960 -0.3465 -0.2999
1880.00 -1.1848 -1.1956 -1.1937 -1.1891 -0.2934 -0.3125
1890.00 -0.8938 -0.9122 -0.8898 -0.8992 -0.3660 -0.3070
1900.00 -0.5525 -0.5512 -0.5459 -0.5571 -0.4097 -0.3038
1910.00 -0.5006 -0.4915 -0.4984 -0.4977 -0.3756 -0.2947
1920.00 -0.5461 -0.5466 -0.5505 -0.5429 -0.3854 -0.3171
1930.00 -1.0541 -1.0441 -1.0554 -1.0430 -0.3074 -0.3131
1940.00 -1.0512 -1.0501 -1.0418 -1.0510 -0.3521 -0.3208
1950.00 -0.5056 -0.5015 -0.5050 -0.5060 -0.3501 -0.2928
1960.00 -0.8809 -0.8799 -0.8826 -0.8764 -0.3981 -0.3321
1970.00 -0.5512 -0.5540 -0.5552 -0.5522 -0.3837 -0.3104
1980.00 -0.7405 -0.7505 -0.7523 -0.7520 -0.3569 -0.3140
1990.00 -1.1944 -1.1895 -1.1949 -1.1996 -0.3173 -0.3354
2000.00 -0.7893 -0.7922 -0.7766 -0.7974 -0.3500 -0.2914
2010.00 -0.5236 -0.5341 -0.5391 -0.5303 -0.3984 -0.3079
2020.00 -0.6523 -0.6398 -0.6408 -0.6407 -0.4023 -0.3204
2030.00 -0.8856 -0.8852 -0.8812 -0.8828 -0.3466 -0.3162
2040.00 -0.8373 -0.8376 -0.8453 -0.8439 -0.3147 -0.3078
2050.00 -0.8216 -0.8264 -0.8275 -0.8334 -0.3925 -0.3215
2060.00 -0.6314 -0.6248 -0.6224 -0.6219 -0.3671 -0.2886
2070.00 -0.6141 -0.6125 -0.6120 -0.6145 -0.3671 -0.3214
2080.00 -0.7132 -0.7159 -0.7153 -0.7137 -0.3587 -0.3162
2090.00 -1.0662 -1.0729 -1.0811 -1.0591 -0.3074 -0.3162
2100.00 -0.7395 -0.7374 -0.7377 -0.7277 -0.3563 -0.3075
2110.00 -0.8376 -0.8297 -0.8356 -0.8405 -0.3890 -0.3251
2120.00 -0.8354 -0.8211 -0.8202 -0.8297 -0.3460 -0.3085
2130.00 -0.6425 -0.6421 -0.6486 -0.6384 -0.3862 -0.3101
2140.00 -0.5539 -0.5692 -0.5633 -0.5563 -0.3614 -0.2887
2150.00 -0.5644 -0.5715 -0.5607 -0.5655 -0.3917 -0.3242
2160.00 -1.6224 -1.6183 -1.6156 -1.6129 -0.1955 -0.3068
2170.00 -0.5936 -0.5881 -0.5878 -0.5913 -0.3950 -0.3022
2180.00 -0.5400 -0.5492 -0.5388 -0.5391 -0.3911 -0.3061
2190.00 -0.5854 -0.5815 -0.5863 -0.5875 -0.4085 -0.3157
2200.00 -0.5740 -0.5698 -0.5679 -0.5649 -0.3777 -0.3099
2210.00 -0.8540 -0.8455 -0.8658 -0.8530 -0.3453 -0.3246
2220.00 -1.3842 -1.3892 -1.3990 -1.3989 -0.3051 -0.3348
2230.00 -0.5339 -0.5340 -0.5277 -0.5273 -0.3797 -0.2977
2240.00 -0.5472 -0.5484 -0.5504 -0.5527 -0.3703 -0.2854
2250.00 -0.6004 -0.5965 -0.6048 -0.5990 -0.3795 -0.3352
2260.00 -0.9274 -0.9178 -0.9257 -0.9222 -0.3542 -0.3141
2270.00 -0.8051 -0.8151 -0.8124 -0.8108 -0.3655 -0.3241
2280.00 -0.7685 -0.7826 -0.7771 -0.7708 -0.3578 -0.3039
2290.00 -0.6273 -0.6277 -0.6257 -0.6238 -0.3950 -0.3228
2300.00 -0.8086 -0.8012 -0.8062 -0.8053 -0.3620 -0.3101
2310.00 -1.0678 -1.0664 -1.0743 -1.0659 -0.3337 -0.3243
2320.00 -0.6470 -0.6431 -0.6433 -0.6458 -0.3217 -0.2841
2330.00 -0.6404 -0.6373 -0.6387 -0.6363 -0.3891 -0.3103
2340.00 -0.6689 -0.6649 -0.6675 -0.6686 -0.4131 -0.3501
2350.00 -0.7332 -0.7250 -0.7386 -0.7300 -0.3263 -0.3108
2360.00 -1.3770 -1.3812 -1.3765 -1.3761 -0.2690 -0.2947
2370.00 -0.5495 -0.5527 -0.5445 -0.5508 -0.3900 -0.2975
2380.00 -0.5806 -0.5851 -0.5867 -0.5852 -0.3841 -0.2946
2390.00 -0.5419 -0.5377 -0.5361 -0.5360 -0.3962 -0.3130
2400.00 -0.6938 -0.6865 -0.6910 -0.6901 -0.3722 -0.3355
2410.00 -1.2687 -1.2706 -1.2608 -1.2576 -0.2755 -0.2915
2420.00 -0.6495 -0.6414 -0.6498 -0.6478 -0.3914 -0.2963
2430.00 -0.6443 -0.6425 -0.6402 -0.6434 -0.3787 -0.3158
2440.00 -0.6902 -0.6895 -0.6964 -0.6943 -0.3681 -0.3053
2450.00 -1.0951 -1.0837 -1.0986 -1.0867 -0.3444 -0.3289
2460.00 -0.5017 -0.5005 -0.5022 -0.4980 -0.3826 -0.3015
2470.00 -0.6478 -0.6382 -0.6395 -0.6483 -0.3848 -0.3131
2480.00 -0.6064 -0.6050 -0.6139 -0.6013 -0.4016 -0.3245
2490.00 -1.1385 -1.1392 -1.1380 -1.1398 -0.2313 -0.3093
2500.00 -1.2147 -1.2347 -1.2292 -1.2249 -0.3130 -0.2832
2510.00 -0.5254 -0.5334 -0.5324 -0.5254 -0.3753 -0.2941
2520.00 -0.5100 -0.5087 -0.5152 -0.5100 -0.4163 -0.3109
2530.00 -0.4967 -0.4884 -0.4981 -0.4919 -0.3961 -0.3138
2540.00 -0.7315 -0.7335 -0.7375 -0.7378 -0.3878 -0.3279
2550.00 -0.9345 -0.9524 -0.9304 -0.9408 -0.2809 -0.3166
2560.00 -1.3702 -1.3673 -1.3657 -1.3547 -0.3006 -0.3030
2570.00 -0.5020 -0.5104 -0.5017 -0.4998 -0.3893 -0.2889
2580.00 -0.4959 -0.4994 -0.4973 -0.4998 -0.4241 -0.3181
2590.00 -0.5916 -0.5905 -0.5937 -0.5872 -0.4037 -0.3288
2600.00 -0.5869 -0.5840 -0.5805 -0.5822 -0.3396 -0.2979
2610.00 -1.3704 -1.3696 -1.3797 -1.3797 -0.2922 -0.3340
2620.00 -0.5861 -0.5896 -0.5873 -0.5873 -0.3577 -0.2948
2630.00 -0.6643 -0.6685 -0.6719 -0.6732 -0.3851 -0.3152
2640.00 -0.7118 -0.7133 -0.7220 -0.7128 -0.3881 -0.3234
2650.00 -0.5234 -0.5213 -0.5266 -0.5246 -0.3912 -0.3185
2660.00 -1.4237 -1.4348 -1.4270 -1.4299 -0.2652 -0.3240
2670.00 -0.6835 -0.6870 -0.6884 -0.6826 -0.3581 -0.2942
2680.00 -0.6379 -0.6293 -0.6371 -0.6330 -0.3738 -0.3053
2690.00 -0.5983 -0.6078 -0.6036 -0.6036 -0.4120 -0.3297
2700.00 -0.6846 -0.6723 -0.6789 -0.6783 -0.3885 -0.3249
2710.00 -0.7894 -0.7837 -0.7812 -0.7819 -0.3378 -0.3127
2720.00 -1.1806 -1.1853 -1.1744 -1.1782 -0.3196 -0.3182
2730.00 -0.6008 -0.6012 -0.6034 -0.6051 -0.3759 -0.3028
2740.00 -0.6861 -0.6898 -0.6956 -0.6930 -0.3802 -0.3149
2750.00 -0.4897 -0.4827 -0.4944 -0.4915 -0.4052 -0.3126
2760.00 -0.9568 -0.9693 -0.9626 -0.9587 -0.3148 -0.3245
2770.00 -1.2403 -1.2434 -1.2305 -1.2273 -0.2892 -0.2881
2780.00 -0.5210 -0.5219 -0.5208 -0.5205 -0.3846 -0.3088
2790.00 -0.5195 -0.5210 -0.5235 -0.5163 -0.4114 -0.3113
2800.00 -0.6148 -0.6014 -0.6078 -0.6098 -0.3927 -0.3286
2810.00 -0.9971 -1.0075 -0.9899 -1.0046 -0.3151 -0.3199
2820.00 -1.0245 -1.0321 -1.0298 -1.0254 -0.3367 -0.3099
2830.00 -0.5230 -0.5149 -0.5161 -0.5150 -0.3680 -0.2833
2840.00 -0.6293 -0.6276 -0.6297 -0.6270 -0.3921 -0.3168
2850.00 -1.0416 -1.0451 -1.0475 -1.0494 -0.3270 -0.3185
2860.00 -0.7399 -0.7433 -0.7426 -0.7420 -0.3393 -0.3033
2870.00 -0.7138 -0.7118 -0.7038 -0.7126 -0.3725 -0.3130
2880.00 -0.7525 -0.7479 -0.7561 -0.7517 -0.3898 -0.3351
2890.00 -0.6605 -0.6641 -0.6514 -0.6598 -0.3517 -0.2863
2900.00 -1.1148 -1.1179 -1.1130 -1.1052 -0.3228 -0.3322
2910.00 -0.6215 -0.6178 -0.6222 -0.6138 -0.3924 -0.3126
2920.00 -0.7358 -0.7373 -0.7397 -0.7427 -0.3568 -0.2974
2930.00 -0.5263 -0.5304 -0.5234 -0.5323 -0.3859 -0.3068
2940.00 -1.1176 -1.1027 -1.1063 -1.1051 -0.3147 -0.3287
2950.00 -0.6531 -0.6496 -0.6528 -0.6548 -0.3641 -0.3012
2960.00 -0.7179 -0.7209 -0.7218 -0.7177 -0.3651 -0.3190
2970.00 -0.8830 -0.8912 -0.8808 -0.8760 -0.3776 -0.3175
2980.00 -0.6809 -0.6792 -0.6859 -0.6820 -0.3638 -0.2980
2990.00 -0.5507 -0.5544 -0.5575 -0.5506 -0.4180 -0.3174
3000.00 -0.7395 -0.7448 -0.7458 -0.7408 -0.3540 -0.3102
3010.00 -1.2483 -1.2351 -1.2463 -1.2384 -0.2805 -0.3240
3020.00 -0.6408 -0.6273 -0.6433 -0.6390 -0.3752 -0.3049
3030.00 -0.7807 -0.7927 -0.7754 -0.7895 -0.3806 -0.3171
3040.00 -0.5584 -0.5637 -0.5599 -0.5634 -0.3652 -0.2953
3050.00 -0.9072 -0.9093 -0.9078 -0.9134 -0.3469 -0.3454
3060.00 -0.7307 -0.7402 -0.7378 -0.7356 -0.3799 -0.2908
3070.00 -0.6376 -0.6355 -0.6342 -0.6331 -0.3901 -0.3165
3080.00 -0.8627 -0.8588 -0.8610 -0.8562 -0.3473 -0.3291
3090.00 -0.6817 -0.6776 -0.6744 -0.6765 -0.3318 -0.2904
3100.00 -1.1261 -1.1259 -1.1269 -1.1218 -0.3522 -0.3177
3110.00 -0.4794 -0.4832 -0.4808 -0.4808 -0.3885 -0.3002
3120.00 -0.5917 -0.5911 -0.5927 -0.5975 -0.3897 -0.3170
3130.00 -0.8338 -0.8276 -0.8220 -0.8315 -0.3401 -0.3156
3140.00 -1.1599 -1.1534 -1.1488 -1.1593 -0.2977 -0.3046
3150.00 -0.6149 -0.6152 -0.6130 -0.6130 -0.3768 -0.3041
3160.00 -0.6282 -0.6236 -0.6119 -0.6216 -0.3973 -0.3045
3170.00 -0.6325 -0.6367 -0.6360 -0.6348 -0.3795 -0.3189
3180.00 -0.7153 -0.7138 -0.7198 -0.7095 -0.3427 -0.3038
3190.00 -1.2972 -1.2978 -1.3056 -1.3095 -0.3206 -0.3244
3200.00 -0.6311 -0.6320 -0.6207 -0.6265 -0.3908 -0.3241
3210.00 -0.5445 -0.5463 -0.5452 -0.5459 -0.3972 -0.3081
3220.00 -0.8926 -0.8854 -0.8923 -0.8959 -0.3565 -0.3279
3230.00 -0.6660 -0.6642 -0.6669 -0.6611 -0.3449 -0.2934
3240.00 -0.8199 -0.8193 -0.8153 -0.8172 -0.4066 -0.3343
3250.00 -0.5933 -0.5896 -0.5896 -0.5915 -0.3294 -0.2939
3260.00 -1.1001 -1.1107 -1.1074 -1.1105 -0.3494 -0.3252
3270.00 -0.6687 -0.6545 -0.6659 -0.6636 -0.3793 -0.3117
3280.00 -0.5738 -0.5766 -0.5766 -0.5728 -0.3761 -0.3015
3290.00 -0.6897 -0.6865 -0.6844 -0.6869 -0.3630 -0.3240
3300.00 -1.0316 -1.0292 -1.0319 -1.0379 -0.3308 -0.3147
3310.00 -0.8476 -0.8492 -0.8456 -0.8444 -0.3617 -0.3060
3320.00 -0.7372 -0.7296 -0.7335 -0.7340 -0.3616 -0.2988
3330.00 -0.6120 -0.6088 -0.6102 -0.6103 -0.4194 -0.3200
3340.00 -0.8058 -0.8051 -0.8111 -0.8046 -0.3691 -0.3169
3350.00 -0.6031 -0.6040 -0.6061 -0.6010 -0.3784 -0.3070
3360.00 -1.0661 -1.0905 -1.0771 -1.0837 -0.3043 -0.3170
3370.00 -0.8004 -0.7965 -0.7964 -0.7950 -0.3723 -0.3237
3380.00 -0.6215 -0.6288 -0.6241 -0.6278 -0.3724 -0.2986
3390.00 -0.6600 -0.6555 -0.6547 -0.6488 -0.3780 -0.3190
3400.00 -0.8733 -0.8726 -0.8670 -0.8690 -0.3553 -0.3077
3410.00 -0.9552 -0.9522 -0.9596 -0.9566 -0.3008 -0.3076
3420.00 -0.6822 -0.6802 -0.6764 -0.6741 -0.3876 -0.3156
3430.00 -0.6219 -0.6209 -0.6201 -0.6117 -0.3922 -0.3072
3440.00 -0.8345 -0.8367 -0.8334 -0.8360 -0.3685 -0.3356
3450.00 -0.9528 -0.9505 -0.9553 -0.9625 -0.3083 -0.2980
3460.00 -0.6014 -0.6075 -0.6136 -0.6056 -0.3977 -0.3228
3470.00 -1.0160 -1.0216 -1.0194 -1.0229 -0.3681 -0.3282
3480.00 -0.4277 -0.4234 -0.4245 -0.4292 -0.3569 -0.2886
3490.00 -0.8734 -0.8908 -0.8771 -0.8781 -0.3726 -0.3251
3500.00 -0.8540 -0.8452 -0.8485 -0.8550 -0.3602 -0.3115
3510.00 -0.6996 -0.6979 -0.6989 -0.6981 -0.3554 -0.3082
3520.00 -0.6624 -0.6601 -0.6611 -0.6545 -0.3522 -0.3074
3530.00 -0.8374 -0.8340 -0.8359 -0.8448 -0.3985 -0.3213
3540.00 -0.8023 -0.8020 -0.8051 -0.8078 -0.3339 -0.3149
3550.00 -1.0867 -1.0962 -1.0915 -1.0815 -0.3450 -0.3164
3560.00 -0.5466 -0.5349 -0.5440 -0.5488 -0.3740 -0.2933
3570.00 -0.5731 -0.5714 -0.5738 -0.5731 -0.3784 -0.2998
3580.00 -0.6837 -0.6712 -0.6788 -0.6782 -0.3865 -0.3243
3590.00 -0.9703 -0.9759 -0.9782 -0.9668 -0.3237 -0.3262
3600.00 -0.8945 -0.8894 -0.8838 -0.8928 -0.3291 -0.3014
3610.00 -0.6206 -0.6205 -0.6202 -0.6220 -0.4186 -0.3222
3620.00 -0.8150 -0.8118 -0.8242 -0.8144 -0.3617 -0.3134
3630.00 -0.5449 -0.5559 -0.5524 -0.5503 -0.3808 -0.3089
3640.00 -0.6966 -0.6950 -0.6871 -0.6973 -0.3923 -0.3304
3650.00 -1.0197 -1.0101 -1.0238 -1.0233 -0.3227 -0.3177
3660.00 -0.7746 -0.7665 -0.7725 -0.7684 -0.3326 -0.3002
3670.00 -1.0316 -1.0355 -1.0272 -1.0317 -0.3425 -0.3134
3680.00 -0.6341 -0.6383 -0.6391 -0.6338 -0.3778 -0.2968
3690.00 -0.6227 -0.6128 -0.6153 -0.6149 -0.3933 -0.3249
3700.00 -0.8267 -0.8394 -0.8287 -0.8263 -0.3497 -0.3137
3710.00 -0.7196 -0.7173 -0.7234 -0.7195 -0.3698 -0.3021
3720.00 -0.5949 -0.5967 -0.5897 -0.6011 -0.3576 -0.3042
3730.00 -0.7979 -0.7978 -0.8011 -0.7939 -0.4015 -0.3258
3740.00 -0.6241 -0.6302 -0.6231 -0.6229 -0.3575 -0.3082
3750.00 -0.8643 -0.8787 -0.8806 -0.8733 -0.3436 -0.3286
3760.00 -1.4637 -1.4543 -1.4655 -1.4508 -0.2838 -0.3123
3770.00 -0.5078 -0.5141 -0.5133 -0.5101 -0.3484 -0.2764
3780.00 -0.6284 -0.6346 -0.6312 -0.6314 -0.3941 -0.3008
3790.00 -0.5499 -0.5535 -0.5489 -0.5429 -0.4277 -0.3384
3800.00 -0.5158 -0.5146 -0.5079 -0.5158 -0.3986 -0.3187
3810.00 -1.1024 -1.1071 -1.1125 -1.1067 -0.2334 -0.3226
3820.00 -1.4093 -1.4088 -1.4091 -1.3983 -0.2454 -0.2671
3830.00 -0.4973 -0.5016 -0.5036 -0.5093 -0.4117 -0.3062
3840.00 -0.4896 -0.4912 -0.4873 -0.4898 -0.4026 -0.3127
3850.00 -0.5000 -0.5009 -0.5023 -0.5022 -0.4014 -0.3160
3860.00 -0.5534 -0.5552 -0.5487 -0.5484 -0.3951 -0.3166
3870.00 -1.4198 -1.4239 -1.4301 -1.4298 -0.2497 -0.3189
3880.00 -0.8202 -0.8278 -0.8155 -0.8202 -0.3494 -0.3028
3890.00 -0.5470 -0.5433 -0.5555 -0.5398 -0.3944 -0.3047
3900.00 -0.5033 -0.4959 -0.4991 -0.4970 -0.3970 -0.3076
3910.00 -0.5794 -0.5757 -0.5721 -0.5643 -0.3869 -0.3213
3920.00 -1.2514 -1.2490 -1.2510 -1.2579 -0.2949 -0.3148
3930.00 -0.8189 -0.8275 -0.8293 -0.8173 -0.3081 -0.2912
3940.00 -0.7735 -0.7826 -0.7899 -0.7856 -0.4170 -0.3358
3950.00 -0.5171 -0.5120 -0.5064 -0.5067 -0.3785 -0.2919
3960.00 -0.6929 -0.6964 -0.7008 -0.6930 -0.3584 -0.3092
3970.00 -0.7062 -0.7100 -0.7032 -0.7110 -0.3944 -0.3304
3980.00 -1.2353 -1.2390 -1.2502 -1.2339 -0.2833 -0.3079
3990.00 -0.6417 -0.6478 -0.6401 -0.6487 -0.3601 -0.2987
4000.00 -0.5579 -0.5640 -0.5663 -0.5668 -0.3992 -0.3185
