10.00 -0.4829 -0.4650 -0.4813 -0.4774 -0.4812 -0.3036
20.00 -0.4944 -0.5068 -0.4960 -0.4913 -0.4881 -0.3235
30.00 -0.4646 -0.4704 -0.4739 -0.4615 -0.4713 -0.2955
40.00 -0.4952 -0.5035 -0.5000 -0.5027 -0.5050 -0.3315
50.00 -0.4492 -0.4596 -0.4656 -0.4646 -0.4638 -0.3031
60.00 -0.5105 -0.5022 -0.5036 -0.5045 -0.5058 -0.3192
70.00 -0.4288 -0.4289 -0.4354 -0.4347 -0.4395 -0.2946
80.00 -0.4757 -0.4853 -0.4909 -0.4874 -0.4955 -0.3255
90.00 -0.4763 -0.4931 -0.4962 -0.4855 -0.4908 -0.3071
100.00 -0.4695 -0.4766 -0.4809 -0.4719 -0.4777 -0.3090
110.00 -0.4795 -0.4748 -0.4802 -0.4571 -0.4748 -0.3046
120.00 -0.4789 -0.4771 -0.4624 -0.4736 -0.4792 -0.3111
130.00 -0.4827 -0.4798 -0.4842 -0.4774 -0.4843 -0.2960
140.00 -0.4852 -0.5002 -0.4973 -0.4958 -0.5028 -0.3394
150.00 -0.4527 -0.4626 -0.4599 -0.4576 -0.4651 -0.3095
160.00 -0.4763 -0.4743 -0.4720 -0.4670 -0.4734 -0.3047
170.00 -0.4979 -0.4945 -0.4879 -0.4931 -0.4942 -0.3073
180.00 -0.5069 -0.5003 -0.4967 -0.5030 -0.5107 -0.3271
190.00 -0.4753 -0.4729 -0.4643 -0.4772 -0.4690 -0.3125
200.00 -0.4694 -0.4754 -0.4772 -0.4782 -0.4725 -0.3057
210.00 -0.4832 -0.4813 -0.4888 -0.4828 -0.4854 -0.3136
220.00 -0.4949 -0.4861 -0.4978 -0.4878 -0.4895 -0.3093
230.00 -0.4637 -0.4613 -0.4560 -0.4650 -0.4614 -0.3104
240.00 -0.4847 -0.4899 -0.4839 -0.4977 -0.4863 -0.3154
250.00 -0.4726 -0.4705 -0.4647 -0.4726 -0.4754 -0.3210
260.00 -0.4733 -0.4887 -0.4847 -0.4866 -0.4831 -0.3167
270.00 -0.4938 -0.4877 -0.4853 -0.4886 -0.4749 -0.3002
280.00 -0.4813 -0.4758 -0.4808 -0.4838 -0.4833 -0.3265
290.00 -0.4817 -0.4774 -0.4915 -0.4968 -0.4829 -0.3041
300.00 -0.4840 -0.4845 -0.4756 -0.4759 -0.4777 -0.3226
310.00 -0.4942 -0.4970 -0.4916 -0.4885 -0.4929 -0.3219
320.00 -0.4833 -0.4916 -0.4854 -0.4876 -0.4844 -0.3055
330.00 -0.4497 -0.4448 -0.4449 -0.4544 -0.4471 -0.3090
340.00 -0.5010 -0.5089 -0.4981 -0.5006 -0.5031 -0.3220
350.00 -0.4801 -0.4838 -0.4886 -0.4851 -0.4777 -0.3144
360.00 -0.4624 -0.4616 -0.4769 -0.4815 -0.4763 -0.2986
370.00 -0.4777 -0.4783 -0.4837 -0.4783 -0.4730 -0.3185
380.00 -0.4918 -0.4923 -0.5056 -0.4921 -0.4948 -0.3001
390.00 -0.4782 -0.4744 -0.4771 -0.4707 -0.4745 -0.3260
400.00 -0.4750 -0.4779 -0.4806 -0.4903 -0.4846 -0.3069
410.00 -0.4582 -0.4520 -0.4688 -0.4661 -0.4674 -0.2994
420.00 -0.5031 -0.4964 -0.5010 -0.4850 -0.4841 -0.3170
430.00 -0.4588 -0.4513 -0.4510 -0.4530 -0.4536 -0.3029
440.00 -0.4732 -0.4560 -0.4715 -0.4629 -0.4666 -0.3031
450.00 -0.4889 -0.4938 -0.4942 -0.4900 -0.4979 -0.3189
460.00 -0.4912 -0.4946 -0.4836 -0.4800 -0.4945 -0.3093
470.00 -0.4753 -0.4682 -0.4688 -0.4679 -0.4682 -0.3064
480.00 -0.4800 -0.4982 -0.4999 -0.4933 -0.4940 -0.3186
490.00 -0.4565 -0.4674 -0.4606 -0.4683 -0.4583 -0.3083
500.00 -0.4850 -0.4876 -0.4915 -0.4903 -0.4929 -0.3121
510.00 -0.4737 -0.4860 -0.4778 -0.4832 -0.4785 -0.3178
520.00 -0.4729 -0.4861 -0.4686 -0.4750 -0.4753 -0.3143
530.00 -0.4692 -0.4821 -0.4806 -0.4697 -0.4783 -0.3123
540.00 -0.5087 -0.4955 -0.4998 -0.5071 -0.5037 -0.3145
550.00 -0.4697 -0.4664 -0.4709 -0.4710 -0.4704 -0.3068
560.00 -0.4735 -0.4792 -0.4722 -0.4725 -0.4703 -0.3209
570.00 -0.4575 -0.4708 -0.4663 -0.4633 -0.4721 -0.3015
580.00 -0.5078 -0.5109 -0.4995 -0.5015 -0.4941 -0.3309
590.00 -0.4771 -0.4736 -0.4726 -0.4770 -0.4756 -0.3076
600.00 -0.4567 -0.4453 -0.4571 -0.4484 -0.4515 -0.2959
610.00 -0.4963 -0.4956 -0.4886 -0.4941 -0.4866 -0.3101
620.00 -0.4951 -0.4935 -0.4871 -0.4887 -0.4935 -0.3242
630.00 -0.4603 -0.4553 -0.4585 -0.4616 -0.4507 -0.2941
640.00 -0.4997 -0.4868 -0.4986 -0.4886 -0.4888 -0.3216
650.00 -0.5008 -0.5030 -0.4997 -0.4970 -0.4969 -0.3262
660.00 -0.4929 -0.4912 -0.4857 -0.4862 -0.4805 -0.3278
670.00 -0.4579 -0.4590 -0.4607 -0.4565 -0.4530 -0.3005
680.00 -0.4755 -0.4697 -0.4699 -0.4679 -0.4726 -0.3140
690.00 -0.4887 -0.4839 -0.4807 -0.4855 -0.4692 -0.3067
700.00 -0.4970 -0.4890 -0.4994 -0.4951 -0.4995 -0.3257
710.00 -0.4648 -0.4625 -0.4621 -0.4687 -0.4626 -0.3114
720.00 -0.4803 -0.4638 -0.4617 -0.4738 -0.4767 -0.2980
730.00 -0.5021 -0.5036 -0.5103 -0.4937 -0.4959 -0.3316
740.00 -0.4801 -0.4806 -0.4862 -0.4846 -0.4803 -0.3094
750.00 -0.4905 -0.4831 -0.4860 -0.4819 -0.4900 -0.3212
760.00 -0.4806 -0.4796 -0.4869 -0.4733 -0.4768 -0.3094
770.00 -0.4827 -0.4830 -0.4881 -0.4740 -0.4871 -0.3199
780.00 -0.4748 -0.4691 -0.4759 -0.4774 -0.4700 -0.3095
790.00 -0.4761 -0.4791 -0.4841 -0.4731 -0.4801 -0.3089
800.00 -0.4942 -0.4935 -0.4920 -0.4844 -0.4789 -0.3266
810.00 -0.4980 -0.4798 -0.4972 -0.4949 -0.4882 -0.3008
820.00 -0.4925 -0.4987 -0.4943 -0.4819 -0.4887 -0.3138
830.00 -0.4804 -0.4820 -0.4791 -0.4904 -0.4791 -0.3295
840.00 -0.4832 -0.4828 -0.4939 -0.4844 -0.4908 -0.3012
850.00 -0.4871 -0.4927 -0.4946 -0.4798 -0.4996 -0.3261
860.00 -0.4463 -0.4326 -0.4426 -0.4420 -0.4412 -0.2940
870.00 -0.4761 -0.4607 -0.4753 -0.4635 -0.4675 -0.3079
880.00 -0.5013 -0.5058 -0.5087 -0.5167 -0.5056 -0.3248
890.00 -0.4710 -0.4650 -0.4639 -0.4647 -0.4674 -0.3022
900.00 -0.5008 -0.4887 -0.4914 -0.4949 -0.4919 -0.3211
910.00 -0.4706 -0.4813 -0.4734 -0.4697 -0.4779 -0.3148
920.00 -0.4749 -0.4734 -0.4753 -0.4833 -0.4663 -0.3021
930.00 -0.4829 -0.4818 -0.4638 -0.4832 -0.4736 -0.3009
940.00 -0.4824 -0.4870 -0.4985 -0.4824 -0.4862 -0.3168
950.00 -0.4679 -0.4790 -0.4772 -0.4756 -0.4676 -0.3165
960.00 -0.4745 -0.4798 -0.4727 -0.4792 -0.4761 -0.3060
970.00 -0.4658 -0.4699 -0.4715 -0.4803 -0.4666 -0.3035
980.00 -0.4938 -0.5008 -0.4998 -0.5030 -0.5088 -0.3289
990.00 -0.4868 -0.4966 -0.4867 -0.4946 -0.4937 -0.3091
1000.00 -0.4753 -0.4659 -0.4634 -0.4680 -0.4732 -0.3153
1010.00 -0.4774 -0.4786 -0.4736 -0.4745 -0.4763 -0.3155
1020.00 -0.4908 -0.4919 -0.4869 -0.4936 -0.4866 -0.3110
1030.00 -0.4761 -0.4696 -0.4745 -0.4706 -0.4735 -0.3258
1040.00 -0.4706 -0.4580 -0.4635 -0.4546 -0.4594 -0.2930
1050.00 -0.5062 -0.5097 -0.5014 -0.5169 -0.5157 -0.3313
1060.00 -0.4821 -0.4777 -0.4768 -0.4715 -0.4708 -0.3008
1070.00 -0.4809 -0.4740 -0.4796 -0.4768 -0.4664 -0.3263
1080.00 -0.4947 -0.4944 -0.4940 -0.4899 -0.4935 -0.3234
1090.00 -0.4708 -0.4794 -0.4889 -0.4846 -0.4788 -0.3090
1100.00 -0.4783 -0.4829 -0.4812 -0.4774 -0.4913 -0.2961
1110.00 -0.4699 -0.4765 -0.4704 -0.4665 -0.4737 -0.3170
1120.00 -0.4995 -0.4966 -0.5007 -0.4962 -0.5028 -0.3267
1130.00 -0.4649 -0.4662 -0.4724 -0.4700 -0.4768 -0.3231
1140.00 -0.5063 -0.5060 -0.4950 -0.4980 -0.5016 -0.3136
1150.00 -0.4578 -0.4652 -0.4585 -0.4652 -0.4574 -0.3048
1160.00 -0.4852 -0.4855 -0.4807 -0.4878 -0.4844 -0.3179
1170.00 -0.4912 -0.4851 -0.4835 -0.4969 -0.4823 -0.3102
1180.00 -0.4804 -0.4838 -0.4875 -0.4867 -0.4788 -0.3182
1190.00 -0.4648 -0.4639 -0.4732 -0.4670 -0.4696 -0.3001
1200.00 -0.4739 -0.4675 -0.4555 -0.4665 -0.4636 -0.3133
1210.00 -0.4614 -0.4624 -0.4649 -0.4619 -0.4608 -0.3012
1220.00 -0.4765 -0.4759 -0.4767 -0.4766 -0.4758 -0.3166
1230.00 -0.4891 -0.4838 -0.4993 -0.4865 -0.4873 -0.3239
1240.00 -0.4779 -0.4760 -0.4794 -0.4807 -0.4843 -0.3047
1250.00 -0.4943 -0.4915 -0.4908 -0.4934 -0.4788 -0.3377
1260.00 -0.4759 -0.4896 -0.4754 -0.4771 -0.4743 -0.3085
1270.00 -0.4835 -0.4771 -0.4821 -0.4851 -0.4810 -0.3056
1280.00 -0.4809 -0.4715 -0.4709 -0.4774 -0.4693 -0.3054
1290.00 -0.4975 -0.4944 -0.5007 -0.4986 -0.5023 -0.3349
1300.00 -0.4908 -0.4749 -0.4862 -0.4907 -0.4997 -0.3045
1310.00 -0.4500 -0.4390 -0.4484 -0.4476 -0.4403 -0.2982
1320.00 -0.5203 -0.5070 -0.5176 -0.5240 -0.5178 -0.3202
1330.00 -0.4724 -0.4597 -0.4650 -0.4781 -0.4760 -0.3095
1340.00 -0.4691 -0.4715 -0.4636 -0.4749 -0.4692 -0.3160
1350.00 -0.4974 -0.4851 -0.4981 -0.5044 -0.5046 -0.3241
1360.00 -0.4825 -0.4834 -0.4747 -0.4919 -0.4801 -0.3020
1370.00 -0.5001 -0.4957 -0.4823 -0.4893 -0.4903 -0.3265
1380.00 -0.4713 -0.4729 -0.4653 -0.4642 -0.4732 -0.2968
1390.00 -0.4866 -0.5041 -0.4994 -0.5023 -0.4950 -0.3328
1400.00 -0.4670 -0.4687 -0.4699 -0.4732 -0.4657 -0.3011
1410.00 -0.4908 -0.4900 -0.4975 -0.4944 -0.5007 -0.3313
1420.00 -0.4717 -0.4704 -0.4714 -0.4739 -0.4764 -0.3124
1430.00 -0.4600 -0.4579 -0.4581 -0.4520 -0.4639 -0.2938
1440.00 -0.4834 -0.4902 -0.4877 -0.4987 -0.5002 -0.3119
1450.00 -0.4536 -0.4599 -0.4627 -0.4648 -0.4575 -0.3058
1460.00 -0.4925 -0.4952 -0.4952 -0.4962 -0.4848 -0.3171
1470.00 -0.4912 -0.4951 -0.4830 -0.4880 -0.4922 -0.3301
1480.00 -0.4714 -0.4667 -0.4775 -0.4664 -0.4642 -0.3035
1490.00 -0.4893 -0.4917 -0.4914 -0.4917 -0.4850 -0.3205
1500.00 -0.4805 -0.4822 -0.4779 -0.4765 -0.4813 -0.3071
1510.00 -0.4762 -0.4654 -0.4651 -0.4677 -0.4728 -0.3191
1520.00 -0.4874 -0.4797 -0.4819 -0.4924 -0.4926 -0.3134
1530.00 -0.4958 -0.4822 -0.4832 -0.4801 -0.4902 -0.3244
1540.00 -0.4678 -0.4740 -0.4705 -0.4704 -0.4631 -0.3214
1550.00 -0.4697 -0.4783 -0.4729 -0.4712 -0.4647 -0.2960
1560.00 -0.4941 -0.4874 -0.4866 -0.4957 -0.4914 -0.3248
1570.00 -0.4842 -0.4748 -0.4847 -0.4744 -0.4911 -0.3187
1580.00 -0.4726 -0.4680 -0.4739 -0.4730 -0.4591 -0.3022
1590.00 -0.4772 -0.4793 -0.4748 -0.4689 -0.4728 -0.3141
1600.00 -0.4925 -0.4921 -0.4879 -0.4813 -0.4991 -0.3273
1610.00 -0.4810 -0.4800 -0.4810 -0.4810 -0.4799 -0.3004
1620.00 -0.4878 -0.4814 -0.4858 -0.4963 -0.5010 -0.3219
1630.00 -0.4393 -0.4503 -0.4418 -0.4570 -0.4494 -0.2943
1640.00 -0.4876 -0.4953 -0.5010 -0.4993 -0.4878 -0.3288
1650.00 -0.4736 -0.4812 -0.4813 -0.4789 -0.4795 -0.3191
1660.00 -0.5021 -0.4928 -0.5009 -0.5093 -0.4993 -0.3102
1670.00 -0.4487 -0.4588 -0.4593 -0.4579 -0.4653 -0.2972
1680.00 -0.4781 -0.4842 -0.4871 -0.4922 -0.4841 -0.3190
1690.00 -0.4814 -0.4772 -0.4795 -0.4887 -0.4829 -0.3156
1700.00 -0.4995 -0.5081 -0.5024 -0.5008 -0.4972 -0.3111
1710.00 -0.4483 -0.4510 -0.4475 -0.4499 -0.4544 -0.3007
1720.00 -0.4977 -0.4990 -0.4928 -0.5058 -0.4925 -0.3051
1730.00 -0.4755 -0.4743 -0.4755 -0.4736 -0.4769 -0.3153
1740.00 -0.4880 -0.4869 -0.4853 -0.4958 -0.4895 -0.3239
1750.00 -0.4565 -0.4573 -0.4643 -0.4588 -0.4579 -0.2848
1760.00 -0.4766 -0.4778 -0.4787 -0.4833 -0.4837 -0.3212
1770.00 -0.5147 -0.5081 -0.5051 -0.5042 -0.5163 -0.3233
1780.00 -0.4736 -0.4596 -0.4700 -0.4693 -0.4695 -0.3020
1790.00 -0.4544 -0.4451 -0.4421 -0.4521 -0.4551 -0.2955
1800.00 -0.4856 -0.4900 -0.4834 -0.4880 -0.4891 -0.3121
1810.00 -0.4818 -0.4889 -0.4917 -0.4963 -0.4970 -0.3111
1820.00 -0.4608 -0.4730 -0.4594 -0.4653 -0.4597 -0.3070
1830.00 -0.4976 -0.5021 -0.5001 -0.4942 -0.5078 -0.3172
1840.00 -0.4718 -0.4722 -0.4788 -0.4765 -0.4694 -0.3212
1850.00 -0.4871 -0.4834 -0.4844 -0.4829 -0.4888 -0.3122
1860.00 -0.4569 -0.4613 -0.4684 -0.4613 -0.4619 -0.2992
1870.00 -0.4754 -0.4758 -0.4844 -0.4788 -0.4802 -0.3116
1880.00 -0.5201 -0.5178 -0.5295 -0.5196 -0.5150 -0.3165
1890.00 -0.4636 -0.4728 -0.4659 -0.4609 -0.4670 -0.3118
1900.00 -0.4573 -0.4658 -0.4626 -0.4611 -0.4620 -0.3089
1910.00 -0.4958 -0.4900 -0.4867 -0.4862 -0.4908 -0.3152
1920.00 -0.4815 -0.4917 -0.4780 -0.4846 -0.4873 -0.3145
1930.00 -0.4932 -0.4904 -0.4880 -0.4953 -0.4851 -0.3193
1940.00 -0.4766 -0.4734 -0.4789 -0.4816 -0.4782 -0.3113
1950.00 -0.4701 -0.4692 -0.4658 -0.4722 -0.4680 -0.3032
1960.00 -0.4786 -0.4786 -0.4801 -0.4777 -0.4737 -0.3178
1970.00 -0.4536 -0.4593 -0.4503 -0.4586 -0.4573 -0.3096
1980.00 -0.5146 -0.5270 -0.5186 -0.5254 -0.5261 -0.3334
1990.00 -0.4607 -0.4679 -0.4620 -0.4645 -0.4693 -0.3145
2000.00 -0.4844 -0.4966 -0.4852 -0.4883 -0.4955 -0.3015
2010.00 -0.4984 -0.4899 -0.4968 -0.5058 -0.4972 -0.3272
2020.00 -0.4712 -0.4764 -0.4791 -0.4712 -0.4762 -0.3127
2030.00 -0.4787 -0.4657 -0.4817 -0.4683 -0.4774 -0.3192
2040.00 -0.4509 -0.4408 -0.4522 -0.4495 -0.4594 -0.2868
2050.00 -0.5052 -0.5007 -0.4946 -0.5024 -0.5054 -0.3288
2060.00 -0.4562 -0.4647 -0.4557 -0.4644 -0.4605 -0.3087
2070.00 -0.5079 -0.5121 -0.4987 -0.5080 -0.5029 -0.3251
2080.00 -0.4548 -0.4574 -0.4552 -0.4558 -0.4553 -0.2932
2090.00 -0.4822 -0.4885 -0.4827 -0.4820 -0.4855 -0.3263
2100.00 -0.4560 -0.4527 -0.4481 -0.4545 -0.4589 -0.2907
2110.00 -0.4927 -0.5003 -0.4965 -0.4884 -0.4931 -0.3276
2120.00 -0.4838 -0.4923 -0.5014 -0.4913 -0.4959 -0.3168
2130.00 -0.4764 -0.4871 -0.4844 -0.4824 -0.4822 -0.3171
2140.00 -0.4936 -0.5025 -0.4957 -0.4967 -0.4970 -0.3281
2150.00 -0.4645 -0.4619 -0.4595 -0.4580 -0.4535 -0.3049
2160.00 -0.4788 -0.4750 -0.4720 -0.4700 -0.4752 -0.3122
2170.00 -0.4690 -0.4713 -0.4747 -0.4698 -0.4643 -0.3085
2180.00 -0.4885 -0.4917 -0.4879 -0.4829 -0.4904 -0.3090
2190.00 -0.4741 -0.4654 -0.4763 -0.4805 -0.4781 -0.3223
2200.00 -0.4770 -0.4801 -0.4777 -0.4783 -0.4678 -0.3167
2210.00 -0.4882 -0.4898 -0.4863 -0.4733 -0.4766 -0.3063
2220.00 -0.5004 -0.4904 -0.4929 -0.4895 -0.4925 -0.3215
2230.00 -0.4688 -0.4873 -0.4694 -0.4626 -0.4715 -0.3000
2240.00 -0.5009 -0.5090 -0.5023 -0.4993 -0.4983 -0.3308
2250.00 -0.4706 -0.4733 -0.4653 -0.4746 -0.4765 -0.3040
2260.00 -0.4885 -0.4849 -0.4787 -0.4941 -0.4854 -0.3141
2270.00 -0.4642 -0.4553 -0.4573 -0.4593 -0.4524 -0.3104
2280.00 -0.4774 -0.4800 -0.4781 -0.4852 -0.4751 -0.3116
2290.00 -0.4795 -0.4921 -0.4892 -0.4929 -0.4810 -0.3097
2300.00 -0.4908 -0.4932 -0.4888 -0.4813 -0.4833 -0.3062
2310.00 -0.4884 -0.4956 -0.4875 -0.4897 -0.4860 -0.3297
2320.00 -0.4826 -0.4924 -0.4928 -0.4974 -0.4851 -0.3200
2330.00 -0.4584 -0.4593 -0.4459 -0.4564 -0.4634 -0.2986
2340.00 -0.4884 -0.4943 -0.4846 -0.4808 -0.4834 -0.3194
2350.00 -0.5049 -0.4992 -0.4965 -0.5028 -0.5037 -0.3261
2360.00 -0.4533 -0.4595 -0.4515 -0.4559 -0.4554 -0.2980
2370.00 -0.4892 -0.4925 -0.4810 -0.4783 -0.4865 -0.3063
2380.00 -0.4797 -0.4824 -0.4800 -0.4745 -0.4818 -0.3171
2390.00 -0.4703 -0.4595 -0.4586 -0.4698 -0.4637 -0.3024
2400.00 -0.5036 -0.5042 -0.5075 -0.5032 -0.5130 -0.3081
2410.00 -0.4704 -0.4684 -0.4739 -0.4691 -0.4620 -0.3190
2420.00 -0.4749 -0.4664 -0.4715 -0.4777 -0.4770 -0.3160
2430.00 -0.4905 -0.4835 -0.4998 -0.4902 -0.4876 -0.3157
2440.00 -0.4915 -0.4919 -0.4931 -0.4926 -0.4853 -0.3217
2450.00 -0.4855 -0.5003 -0.4893 -0.4876 -0.4847 -0.3145
2460.00 -0.4670 -0.4513 -0.4429 -0.4626 -0.4582 -0.3063
2470.00 -0.4912 -0.5039 -0.4995 -0.4856 -0.4976 -0.3241
2480.00 -0.4568 -0.4637 -0.4709 -0.4606 -0.4575 -0.2973
2490.00 -0.4851 -0.4829 -0.4793 -0.4774 -0.4688 -0.3190
2500.00 -0.4877 -0.4863 -0.4950 -0.4899 -0.4988 -0.3059
2510.00 -0.4841 -0.4951 -0.4897 -0.4859 -0.4917 -0.3212
2520.00 -0.4557 -0.4541 -0.4628 -0.4492 -0.4565 -0.2961
2530.00 -0.5193 -0.5280 -0.5181 -0.5201 -0.5197 -0.3311
2540.00 -0.4704 -0.4798 -0.4757 -0.4802 -0.4843 -0.3214
2550.00 -0.4447 -0.4530 -0.4461 -0.4513 -0.4513 -0.2884
2560.00 -0.4972 -0.4998 -0.4990 -0.4933 -0.5007 -0.3153
2570.00 -0.4891 -0.4822 -0.4910 -0.4840 -0.4927 -0.3193
2580.00 -0.4881 -0.4821 -0.4824 -0.4775 -0.4821 -0.3237
2590.00 -0.4970 -0.4946 -0.5031 -0.4936 -0.4865 -0.3183
2600.00 -0.4680 -0.4753 -0.4720 -0.4671 -0.4672 -0.2967
2610.00 -0.4452 -0.4553 -0.4588 -0.4507 -0.4542 -0.3050
2620.00 -0.4805 -0.4880 -0.4754 -0.4825 -0.4817 -0.3247
2630.00 -0.4952 -0.5097 -0.5125 -0.5115 -0.4971 -0.3205
2640.00 -0.4726 -0.4880 -0.4769 -0.4864 -0.4873 -0.3148
2650.00 -0.4777 -0.4899 -0.4791 -0.4862 -0.4703 -0.3138
2660.00 -0.4970 -0.4918 -0.4954 -0.4875 -0.4806 -0.3251
2670.00 -0.4975 -0.4904 -0.4929 -0.4954 -0.4872 -0.3152
2680.00 -0.4543 -0.4478 -0.4575 -0.4505 -0.4455 -0.3025
2690.00 -0.4860 -0.4878 -0.4804 -0.4802 -0.4830 -0.3084
2700.00 -0.4932 -0.4837 -0.4853 -0.4811 -0.4819 -0.3090
2710.00 -0.4602 -0.4599 -0.4595 -0.4611 -0.4639 -0.2972
2720.00 -0.4900 -0.4911 -0.4898 -0.4992 -0.4970 -0.3290
2730.00 -0.4849 -0.4846 -0.4936 -0.4889 -0.4823 -0.3058
2740.00 -0.4798 -0.4848 -0.4887 -0.4797 -0.4730 -0.3180
2750.00 -0.4987 -0.4896 -0.5014 -0.5048 -0.5020 -0.3136
2760.00 -0.4605 -0.4499 -0.4615 -0.4594 -0.4618 -0.3148
2770.00 -0.4811 -0.4779 -0.4850 -0.4952 -0.4758 -0.2978
2780.00 -0.4901 -0.4760 -0.4848 -0.4826 -0.4849 -0.3144
2790.00 -0.4691 -0.4642 -0.4615 -0.4670 -0.4723 -0.3002
2800.00 -0.4919 -0.4813 -0.4828 -0.4810 -0.4811 -0.3106
2810.00 -0.4787 -0.4848 -0.4923 -0.4853 -0.4859 -0.3210
2820.00 -0.4966 -0.5014 -0.5014 -0.4935 -0.5000 -0.3232
2830.00 -0.4681 -0.4659 -0.4656 -0.4707 -0.4714 -0.3035
2840.00 -0.4924 -0.4914 -0.4938 -0.4966 -0.4867 -0.3146
2850.00 -0.4840 -0.4772 -0.4697 -0.4811 -0.4841 -0.3179
2860.00 -0.4740 -0.4713 -0.4704 -0.4797 -0.4749 -0.3068
2870.00 -0.4663 -0.4670 -0.4744 -0.4701 -0.4651 -0.2971
2880.00 -0.4592 -0.4558 -0.4458 -0.4640 -0.4531 -0.3020
2890.00 -0.5511 -0.5357 -0.5488 -0.5468 -0.5268 -0.3329
2900.00 -0.4707 -0.4738 -0.4651 -0.4730 -0.4714 -0.3240
2910.00 -0.4866 -0.4822 -0.4810 -0.4837 -0.4781 -0.3212
2920.00 -0.4511 -0.4472 -0.4487 -0.4571 -0.4353 -0.2770
2930.00 -0.4887 -0.4916 -0.4794 -0.4840 -0.5013 -0.3110
2940.00 -0.5000 -0.4951 -0.4834 -0.4936 -0.4958 -0.3142
2950.00 -0.4695 -0.4799 -0.4718 -0.4827 -0.4726 -0.3150
2960.00 -0.4883 -0.4835 -0.4856 -0.4916 -0.4897 -0.3230
2970.00 -0.4766 -0.4651 -0.4663 -0.4779 -0.4684 -0.2950
2980.00 -0.5092 -0.5092 -0.4984 -0.4969 -0.5015 -0.3324
2990.00 -0.4762 -0.4705 -0.4745 -0.4817 -0.4738 -0.3084
3000.00 -0.4669 -0.4582 -0.4544 -0.4598 -0.4500 -0.2859
3010.00 -0.5002 -0.4834 -0.4864 -0.4940 -0.4942 -0.3340
3020.00 -0.4569 -0.4559 -0.4490 -0.4575 -0.4555 -0.3024
3030.00 -0.5108 -0.5116 -0.5093 -0.5074 -0.5141 -0.3257
3040.00 -0.4679 -0.4672 -0.4646 -0.4719 -0.4695 -0.2968
3050.00 -0.4800 -0.4807 -0.4771 -0.4753 -0.4814 -0.3160
3060.00 -0.4782 -0.4846 -0.4786 -0.4890 -0.4842 -0.3125
3070.00 -0.4608 -0.4689 -0.4677 -0.4788 -0.4691 -0.3094
3080.00 -0.4781 -0.4712 -0.4803 -0.4826 -0.4749 -0.2981
3090.00 -0.4827 -0.4880 -0.4886 -0.4832 -0.4808 -0.3186
3100.00 -0.4885 -0.4894 -0.4971 -0.4950 -0.5007 -0.3191
3110.00 -0.4627 -0.4557 -0.4682 -0.4652 -0.4714 -0.3089
3120.00 -0.4979 -0.4940 -0.4913 -0.4991 -0.4994 -0.3208
3130.00 -0.4660 -0.4533 -0.4671 -0.4608 -0.4589 -0.3027
3140.00 -0.4805 -0.4804 -0.4895 -0.4854 -0.4854 -0.3054
3150.00 -0.4934 -0.4902 -0.4751 -0.4827 -0.4852 -0.3333
3160.00 -0.4595 -0.4666 -0.4580 -0.4640 -0.4608 -0.2925
3170.00 -0.5004 -0.4909 -0.4949 -0.5061 -0.4965 -0.3185
3180.00 -0.4877 -0.4792 -0.4735 -0.4865 -0.4875 -0.3271
3190.00 -0.4757 -0.4768 -0.4643 -0.4747 -0.4758 -0.2998
3200.00 -0.4780 -0.4840 -0.4870 -0.4897 -0.4711 -0.3177
3210.00 -0.4789 -0.4900 -0.4852 -0.4864 -0.4807 -0.3280
3220.00 -0.4912 -0.4921 -0.4802 -0.4942 -0.4982 -0.3204
3230.00 -0.4704 -0.4708 -0.4696 -0.4665 -0.4595 -0.3001
3240.00 -0.4913 -0.4787 -0.4862 -0.4884 -0.4878 -0.3160
3250.00 -0.4920 -0.4881 -0.4951 -0.4963 -0.4985 -0.3306
3260.00 -0.4527 -0.4505 -0.4576 -0.4488 -0.4484 -0.2962
3270.00 -0.5322 -0.5321 -0.5331 -0.5357 -0.5292 -0.3438
3280.00 -0.4506 -0.4464 -0.4434 -0.4497 -0.4493 -0.3001
3290.00 -0.4732 -0.4759 -0.4735 -0.4737 -0.4669 -0.3095
3300.00 -0.4849 -0.4778 -0.4826 -0.4823 -0.4849 -0.3060
3310.00 -0.4679 -0.4759 -0.4762 -0.4752 -0.4721 -0.3028
3320.00 -0.5111 -0.5024 -0.4945 -0.5032 -0.5083 -0.3328
3330.00 -0.4608 -0.4597 -0.4636 -0.4657 -0.4616 -0.2985
3340.00 -0.4784 -0.4775 -0.4803 -0.4789 -0.4806 -0.3125
3350.00 -0.4974 -0.4884 -0.4870 -0.4880 -0.4821 -0.3098
3360.00 -0.4901 -0.4826 -0.4866 -0.4840 -0.4834 -0.3229
3370.00 -0.4472 -0.4446 -0.4386 -0.4529 -0.4500 -0.2868
3380.00 -0.5046 -0.5158 -0.5246 -0.5165 -0.5178 -0.3362
3390.00 -0.4884 -0.4837 -0.4857 -0.4936 -0.4772 -0.3138
3400.00 -0.4802 -0.4665 -0.4646 -0.4628 -0.4682 -0.3113
3410.00 -0.4967 -0.4975 -0.4916 -0.5039 -0.4974 -0.3280
3420.00 -0.4700 -0.4774 -0.4724 -0.4768 -0.4710 -0.3117
3430.00 -0.4726 -0.4798 -0.4827 -0.4762 -0.4826 -0.2967
3440.00 -0.4835 -0.4911 -0.4899 -0.4751 -0.4911 -0.3235
3450.00 -0.4560 -0.4558 -0.4577 -0.4588 -0.4543 -0.2972
3460.00 -0.5086 -0.5089 -0.5058 -0.5049 -0.5119 -0.3371
3470.00 -0.4415 -0.4552 -0.4455 -0.4583 -0.4546 -0.2937
3480.00 -0.4964 -0.4914 -0.5054 -0.4983 -0.4984 -0.3158
3490.00 -0.4848 -0.4813 -0.4910 -0.4837 -0.4841 -0.3202
3500.00 -0.4854 -0.4783 -0.4750 -0.4847 -0.4788 -0.3028
3510.00 -0.4830 -0.4934 -0.4875 -0.4882 -0.4918 -0.3204
3520.00 -0.4467 -0.4466 -0.4543 -0.4502 -0.4572 -0.2969
3530.00 -0.4750 -0.4823 -0.4763 -0.4760 -0.4733 -0.3080
3540.00 -0.4936 -0.4918 -0.4851 -0.4907 -0.4866 -0.3207
3550.00 -0.4900 -0.4887 -0.4797 -0.5003 -0.4860 -0.3259
3560.00 -0.4750 -0.4725 -0.4783 -0.4762 -0.4815 -0.2985
3570.00 -0.4736 -0.4747 -0.4728 -0.4716 -0.4804 -0.3148
3580.00 -0.4811 -0.4881 -0.4762 -0.4695 -0.4827 -0.3083
3590.00 -0.4638 -0.4779 -0.4679 -0.4690 -0.4811 -0.3122
3600.00 -0.4672 -0.4711 -0.4788 -0.4754 -0.4789 -0.3032
3610.00 -0.4770 -0.4776 -0.4781 -0.4764 -0.4747 -0.3273
3620.00 -0.4599 -0.4450 -0.4565 -0.4572 -0.4569 -0.3011
3630.00 -0.5006 -0.5080 -0.4891 -0.4963 -0.4969 -0.3252
3640.00 -0.4798 -0.4844 -0.4713 -0.4701 -0.4737 -0.3138
3650.00 -0.4887 -0.4915 -0.4723 -0.4909 -0.4912 -0.3183
3660.00 -0.4710 -0.4717 -0.4548 -0.4554 -0.4723 -0.3020
3670.00 -0.5100 -0.5067 -0.5066 -0.4948 -0.5074 -0.3238
3680.00 -0.4567 -0.4577 -0.4553 -0.4613 -0.4596 -0.3064
3690.00 -0.5057 -0.5065 -0.5075 -0.5046 -0.5100 -0.3267
3700.00 -0.4691 -0.4667 -0.4697 -0.4675 -0.4634 -0.3021
3710.00 -0.4827 -0.4889 -0.4900 -0.4891 -0.4872 -0.3211
3720.00 -0.4612 -0.4622 -0.4697 -0.4759 -0.4670 -0.3068
3730.00 -0.4985 -0.5032 -0.4916 -0.4945 -0.4968 -0.3164
3740.00 -0.4927 -0.4827 -0.4938 -0.4789 -0.4903 -0.3210
3750.00 -0.4657 -0.4806 -0.4719 -0.4675 -0.4765 -0.3065
3760.00 -0.4722 -0.4705 -0.4648 -0.4632 -0.4708 -0.3034
3770.00 -0.4718 -0.4711 -0.4752 -0.4677 -0.4815 -0.3053
3780.00 -0.4589 -0.4514 -0.4683 -0.4700 -0.4611 -0.3001
3790.00 -0.4974 -0.5050 -0.4978 -0.4948 -0.4996 -0.3350
3800.00 -0.4756 -0.4812 -0.4780 -0.4762 -0.4865 -0.3070
3810.00 -0.4916 -0.4817 -0.4808 -0.4905 -0.4909 -0.3184
3820.00 -0.4723 -0.4760 -0.4775 -0.4735 -0.4739 -0.3065
3830.00 -0.5120 -0.5106 -0.5063 -0.5157 -0.5153 -0.3236
3840.00 -0.4544 -0.4442 -0.4512 -0.4514 -0.4508 -0.3096
3850.00 -0.5094 -0.5064 -0.5011 -0.4988 -0.5009 -0.3271
3860.00 -0.4787 -0.4822 -0.4780 -0.4821 -0.4807 -0.3136
3870.00 -0.4589 -0.4550 -0.4520 -0.4651 -0.4637 -0.3086
3880.00 -0.5054 -0.5035 -0.5029 -0.5043 -0.5009 -0.3275
3890.00 -0.4571 -0.4689 -0.4610 -0.4682 -0.4700 -0.3123
3900.00 -0.4720 -0.4664 -0.4731 -0.4738 -0.4672 -0.3078
3910.00 -0.4894 -0.4922 -0.4795 -0.4865 -0.4873 -0.3157
3920.00 -0.4828 -0.4840 -0.4929 -0.4739 -0.4831 -0.3082
3930.00 -0.4998 -0.4949 -0.4948 -0.4962 -0.5003 -0.3234
3940.00 -0.4622 -0.4724 -0.4684 -0.4662 -0.4614 -0.3053
3950.00 -0.5116 -0.5139 -0.5142 -0.5141 -0.5081 -0.3272
3960.00 -0.4575 -0.4640 -0.4464 -0.4538 -0.4556 -0.2944
3970.00 -0.4623 -0.4635 -0.4609 -0.4622 -0.4650 -0.3087
3980.00 -0.4765 -0.4840 -0.4892 -0.4836 -0.4895 -0.3154
3990.00 -0.4941 -0.4992 -0.4890 -0.4907 -0.4891 -0.3124
4000.00 -0.4613 -0.4640 -0.4589 -0.4631 -0.4557 -0.3039
