10.00 -1.6372 -1.6383 -0.1977 -1.6379 -1.6354 -0.3070
20.00 -0.5309 -0.5338 -0.3627 -0.5316 -0.5306 -0.2958
30.00 -0.6349 -0.6435 -0.4373 -0.6424 -0.6438 -0.3209
40.00 -0.4677 -0.4712 -0.3902 -0.4663 -0.4702 -0.2906
50.00 -0.5874 -0.5888 -0.3988 -0.5936 -0.5932 -0.3270
60.00 -0.6771 -0.6777 -0.3742 -0.6816 -0.6882 -0.3195
70.00 -0.9319 -0.9329 -0.3159 -0.9267 -0.9292 -0.3199
80.00 -1.0557 -1.0499 -0.3501 -1.0547 -1.0665 -0.3212
90.00 -0.5770 -0.5858 -0.3567 -0.5810 -0.5772 -0.2945
100.00 -0.5760 -0.5754 -0.3912 -0.5812 -0.5730 -0.3053
110.00 -0.6977 -0.6906 -0.3712 -0.6874 -0.6772 -0.3149
120.00 -1.0936 -1.0996 -0.3354 -1.0904 -1.1039 -0.3293
130.00 -0.5192 -0.5264 -0.3980 -0.5282 -0.5189 -0.3136
140.00 -0.6899 -0.6954 -0.3529 -0.6999 -0.6885 -0.3046
150.00 -0.6453 -0.6433 -0.3676 -0.6374 -0.6520 -0.3040
160.00 -0.9718 -0.9784 -0.3611 -0.9739 -0.9825 -0.3290
170.00 -0.7231 -0.7205 -0.3674 -0.7355 -0.7232 -0.3023
180.00 -0.6372 -0.6348 -0.3667 -0.6384 -0.6331 -0.3039
190.00 -0.7053 -0.7015 -0.3647 -0.7071 -0.6902 -0.2995
200.00 -0.6734 -0.6726 -0.3905 -0.6775 -0.6763 -0.3178
210.00 -0.6992 -0.6992 -0.3860 -0.6965 -0.6946 -0.3266
220.00 -0.7402 -0.7467 -0.3501 -0.7460 -0.7419 -0.3079
230.00 -1.1457 -1.1353 -0.3021 -1.1481 -1.1389 -0.3230
240.00 -0.7985 -0.7982 -0.3491 -0.7878 -0.7981 -0.2956
250.00 -0.6636 -0.6678 -0.4232 -0.6625 -0.6657 -0.3299
260.00 -0.4784 -0.4772 -0.3725 -0.4767 -0.4752 -0.3011
270.00 -0.6104 -0.6095 -0.3827 -0.6083 -0.6067 -0.3175
280.00 -0.8214 -0.8186 -0.3760 -0.8231 -0.8151 -0.3233
290.00 -0.8685 -0.8636 -0.2783 -0.8577 -0.8603 -0.2897
300.00 -0.9147 -0.9096 -0.3898 -0.9143 -0.9108 -0.3352
310.00 -0.6381 -0.6299 -0.3639 -0.6418 -0.6335 -0.2966
320.00 -0.6186 -0.6224 -0.3822 -0.6174 -0.6201 -0.3120
330.00 -0.6734 -0.6679 -0.3976 -0.6678 -0.6705 -0.3350
340.00 -0.6858 -0.6785 -0.3680 -0.6774 -0.6813 -0.3184
350.00 -1.2411 -1.2394 -0.3098 -1.2312 -1.2328 -0.3318
360.00 -0.7251 -0.7284 -0.3569 -0.7327 -0.7324 -0.3046
370.00 -0.6316 -0.6412 -0.3932 -0.6329 -0.6387 -0.3057
380.00 -0.6559 -0.6569 -0.4021 -0.6557 -0.6550 -0.3265
390.00 -0.6723 -0.6673 -0.3557 -0.6693 -0.6594 -0.2954
400.00 -0.5707 -0.5759 -0.3794 -0.5685 -0.5664 -0.3108
410.00 -0.8000 -0.7922 -0.3960 -0.8040 -0.8070 -0.3396
420.00 -0.5921 -0.5932 -0.3323 -0.5968 -0.5934 -0.2912
430.00 -1.2047 -1.2018 -0.3205 -1.1982 -1.1943 -0.3140
440.00 -0.6561 -0.6499 -0.3772 -0.6603 -0.6556 -0.3093
450.00 -0.6553 -0.6541 -0.3632 -0.6469 -0.6527 -0.3147
460.00 -0.6331 -0.6303 -0.4128 -0.6265 -0.6337 -0.3370
470.00 -0.8084 -0.8127 -0.3592 -0.8030 -0.8175 -0.3058
480.00 -0.7660 -0.7798 -0.3408 -0.7804 -0.7678 -0.3111
490.00 -0.7486 -0.7459 -0.3798 -0.7479 -0.7403 -0.3258
500.00 -0.6697 -0.6718 -0.3945 -0.6780 -0.6781 -0.3248
510.00 -0.8755 -0.8703 -0.3433 -0.8711 -0.8700 -0.3095
520.00 -0.7352 -0.7322 -0.3719 -0.7415 -0.7356 -0.3006
530.00 -0.6797 -0.6805 -0.3600 -0.6845 -0.6733 -0.2964
540.00 -0.7468 -0.7490 -0.3933 -0.7389 -0.7429 -0.3369
550.00 -0.6920 -0.6817 -0.3657 -0.6832 -0.6901 -0.3086
560.00 -0.6726 -0.6736 -0.3834 -0.6731 -0.6689 -0.3132
570.00 -0.8308 -0.8256 -0.3105 -0.8197 -0.8312 -0.3113
580.00 -0.9571 -0.9690 -0.3550 -0.9815 -0.9565 -0.3123
590.00 -0.5813 -0.5788 -0.3948 -0.5798 -0.5827 -0.3087
600.00 -0.6292 -0.6351 -0.4035 -0.6323 -0.6316 -0.3316
610.00 -0.7457 -0.7494 -0.3606 -0.7429 -0.7556 -0.3114
620.00 -0.8213 -0.8274 -0.3752 -0.8224 -0.8100 -0.3162
630.00 -0.6060 -0.6114 -0.3662 -0.6095 -0.6138 -0.3133
640.00 -1.1251 -1.1246 -0.3580 -1.1233 -1.1220 -0.3459
650.00 -0.7205 -0.7165 -0.3517 -0.7289 -0.7167 -0.3006
660.00 -0.6057 -0.6063 -0.3853 -0.6080 -0.6061 -0.3048
670.00 -0.7317 -0.7426 -0.3735 -0.7306 -0.7433 -0.3200
680.00 -0.6843 -0.6777 -0.3780 -0.6865 -0.6820 -0.3169
690.00 -0.7521 -0.7506 -0.3662 -0.7560 -0.7458 -0.3113
700.00 -0.9336 -0.9383 -0.3518 -0.9320 -0.9302 -0.3183
710.00 -0.7028 -0.7004 -0.3623 -0.7078 -0.7079 -0.2957
720.00 -0.6436 -0.6545 -0.3921 -0.6428 -0.6439 -0.3110
730.00 -0.6647 -0.6684 -0.3581 -0.6651 -0.6662 -0.3016
740.00 -0.6012 -0.5942 -0.3860 -0.5950 -0.5998 -0.3172
750.00 -0.9524 -0.9548 -0.3708 -0.9522 -0.9496 -0.3321
760.00 -1.1188 -1.1138 -0.3088 -1.1133 -1.1162 -0.3161
770.00 -0.6428 -0.6425 -0.3490 -0.6415 -0.6507 -0.2901
780.00 -0.5377 -0.5398 -0.3989 -0.5424 -0.5396 -0.3015
790.00 -0.5128 -0.5113 -0.3947 -0.5133 -0.5062 -0.3069
800.00 -0.5837 -0.5754 -0.3941 -0.5822 -0.5810 -0.3349
810.00 -1.2804 -1.2821 -0.2984 -1.2863 -1.2890 -0.3447
820.00 -0.7566 -0.7538 -0.3580 -0.7540 -0.7500 -0.2842
830.00 -0.5664 -0.5665 -0.3681 -0.5669 -0.5731 -0.2927
840.00 -0.6169 -0.6085 -0.4139 -0.6137 -0.6153 -0.3176
850.00 -0.5841 -0.5856 -0.3508 -0.5888 -0.5813 -0.3101
860.00 -1.0042 -1.0003 -0.3416 -0.9981 -0.9993 -0.3229
870.00 -0.8661 -0.8634 -0.3643 -0.8679 -0.8762 -0.3242
880.00 -0.8546 -0.8422 -0.3566 -0.8520 -0.8530 -0.3021
890.00 -0.6696 -0.6732 -0.3815 -0.6739 -0.6842 -0.3124
900.00 -0.6020 -0.6062 -0.3952 -0.6055 -0.6074 -0.3079
910.00 -0.5508 -0.5514 -0.3637 -0.5490 -0.5496 -0.3057
920.00 -0.8976 -0.9084 -0.3749 -0.9007 -0.9024 -0.3333
930.00 -0.7016 -0.7012 -0.3623 -0.6980 -0.6985 -0.3138
940.00 -0.7731 -0.7707 -0.3602 -0.7775 -0.7733 -0.3031
950.00 -0.7165 -0.7171 -0.3508 -0.7193 -0.7231 -0.2984
960.00 -1.0577 -1.0522 -0.3569 -1.0509 -1.0556 -0.3423
970.00 -0.6768 -0.6704 -0.3549 -0.6830 -0.6759 -0.2950
980.00 -0.5242 -0.5259 -0.4014 -0.5236 -0.5262 -0.3076
990.00 -0.5572 -0.5580 -0.3874 -0.5610 -0.5591 -0.3131
1000.00 -0.8554 -0.8550 -0.3408 -0.8467 -0.8541 -0.3209
1010.00 -0.8123 -0.8138 -0.3708 -0.8107 -0.8103 -0.3020
1020.00 -0.5273 -0.5376 -0.3655 -0.5295 -0.5283 -0.3103
1030.00 -1.1139 -1.1117 -0.3537 -1.1064 -1.1104 -0.3389
1040.00 -0.6775 -0.6738 -0.3660 -0.6780 -0.6777 -0.2983
1050.00 -0.6401 -0.6454 -0.3638 -0.6524 -0.6486 -0.3115
1060.00 -0.6080 -0.6156 -0.3726 -0.6115 -0.6107 -0.3097
1070.00 -0.7097 -0.7104 -0.3676 -0.7056 -0.7048 -0.3150
1080.00 -1.1933 -1.1963 -0.2954 -1.1925 -1.1893 -0.3300
1090.00 -0.7818 -0.7872 -0.3498 -0.7904 -0.7837 -0.2756
1100.00 -0.5730 -0.5775 -0.3880 -0.5683 -0.5678 -0.3086
1110.00 -0.5313 -0.5307 -0.4081 -0.5361 -0.5311 -0.3195
1120.00 -0.6068 -0.6069 -0.3981 -0.6045 -0.6005 -0.3126
1130.00 -1.0195 -1.0146 -0.3443 -1.0144 -1.0130 -0.3322
1140.00 -0.6759 -0.6637 -0.3708 -0.6781 -0.6611 -0.3069
1150.00 -0.7884 -0.7859 -0.3775 -0.7819 -0.7849 -0.3158
1160.00 -0.5496 -0.5566 -0.3782 -0.5609 -0.5611 -0.3000
1170.00 -0.6730 -0.6845 -0.3898 -0.6789 -0.6777 -0.3306
1180.00 -0.9625 -0.9602 -0.2777 -0.9584 -0.9552 -0.2977
1190.00 -1.0627 -1.0582 -0.3404 -1.0705 -1.0610 -0.3254
1200.00 -0.6766 -0.6715 -0.3981 -0.6647 -0.6747 -0.3080
1210.00 -0.5311 -0.5294 -0.3831 -0.5260 -0.5319 -0.2932
1220.00 -0.5414 -0.5395 -0.3688 -0.5449 -0.5458 -0.3074
1230.00 -0.8132 -0.8261 -0.3926 -0.8239 -0.8233 -0.3352
1240.00 -0.6758 -0.6859 -0.3618 -0.6791 -0.6826 -0.3104
1250.00 -0.7403 -0.7313 -0.3646 -0.7406 -0.7341 -0.3144
1260.00 -0.9887 -0.9994 -0.3615 -0.9992 -0.9961 -0.3334
1270.00 -0.6137 -0.6152 -0.3395 -0.6288 -0.6222 -0.3028
1280.00 -1.1199 -1.1189 -0.3662 -1.1075 -1.1068 -0.3225
1290.00 -0.6537 -0.6629 -0.3488 -0.6548 -0.6503 -0.2926
1300.00 -0.5325 -0.5305 -0.4043 -0.5340 -0.5415 -0.3057
1310.00 -0.5629 -0.5621 -0.3941 -0.5625 -0.5648 -0.3134
1320.00 -0.5602 -0.5570 -0.3931 -0.5625 -0.5537 -0.3235
1330.00 -1.5278 -1.5273 -0.2237 -1.5273 -1.5338 -0.3014
1340.00 -0.5476 -0.5465 -0.3808 -0.5463 -0.5386 -0.2859
1350.00 -0.4644 -0.4662 -0.4146 -0.4698 -0.4640 -0.3115
1360.00 -0.6847 -0.6837 -0.3917 -0.6773 -0.6846 -0.3190
1370.00 -0.8157 -0.8181 -0.3441 -0.8140 -0.8246 -0.3148
1380.00 -0.5819 -0.5815 -0.4104 -0.5739 -0.5782 -0.3310
1390.00 -0.7003 -0.6997 -0.3697 -0.7032 -0.7019 -0.3103
1400.00 -1.1517 -1.1519 -0.3318 -1.1593 -1.1536 -0.3450
1410.00 -0.5515 -0.5425 -0.3253 -0.5520 -0.5483 -0.2787
1420.00 -0.9431 -0.9461 -0.3915 -0.9413 -0.9397 -0.3213
1430.00 -0.6292 -0.6288 -0.3817 -0.6266 -0.6305 -0.3190
1440.00 -0.5008 -0.4973 -0.3851 -0.5002 -0.5044 -0.3043
1450.00 -0.6072 -0.6086 -0.4034 -0.6177 -0.6156 -0.3279
1460.00 -0.7912 -0.7876 -0.3552 -0.7823 -0.7869 -0.3279
1470.00 -1.2539 -1.2337 -0.2537 -1.2488 -1.2446 -0.2910
1480.00 -0.6316 -0.6405 -0.3659 -0.6368 -0.6374 -0.3185
1490.00 -0.6966 -0.6962 -0.4165 -0.6882 -0.6924 -0.3142
1500.00 -0.4947 -0.4927 -0.3839 -0.4925 -0.4962 -0.3042
1510.00 -0.6111 -0.6041 -0.3872 -0.6121 -0.6090 -0.3200
1520.00 -1.4030 -1.3977 -0.2565 -1.4011 -1.4036 -0.3226
1530.00 -0.6395 -0.6401 -0.4142 -0.6367 -0.6296 -0.3197
1540.00 -0.5427 -0.5533 -0.3629 -0.5385 -0.5398 -0.2910
1550.00 -0.6270 -0.6282 -0.4103 -0.6278 -0.6171 -0.3275
1560.00 -0.5478 -0.5553 -0.3710 -0.5605 -0.5578 -0.3031
1570.00 -1.0541 -1.0510 -0.3316 -1.0440 -1.0484 -0.3415
1580.00 -0.8599 -0.8556 -0.3361 -0.8544 -0.8585 -0.3068
1590.00 -0.5681 -0.5668 -0.4173 -0.5600 -0.5604 -0.3188
1600.00 -0.5786 -0.5787 -0.3498 -0.5795 -0.5805 -0.2988
1610.00 -0.6853 -0.6838 -0.3831 -0.6928 -0.6887 -0.3127
1620.00 -1.1000 -1.0952 -0.3546 -1.1052 -1.0941 -0.3381
1630.00 -0.8596 -0.8512 -0.3509 -0.8608 -0.8524 -0.3005
1640.00 -0.4757 -0.4781 -0.3642 -0.4768 -0.4817 -0.2885
1650.00 -0.7147 -0.7189 -0.4137 -0.7211 -0.7245 -0.3334
1660.00 -0.5681 -0.5719 -0.3627 -0.5589 -0.5636 -0.3069
1670.00 -1.1846 -1.1885 -0.3340 -1.1877 -1.1899 -0.3288
1680.00 -0.6986 -0.6942 -0.3309 -0.7066 -0.7011 -0.2926
1690.00 -0.6351 -0.6319 -0.3937 -0.6296 -0.6275 -0.3088
1700.00 -0.5800 -0.5819 -0.3826 -0.5834 -0.5851 -0.3005
1710.00 -0.6726 -0.6795 -0.3971 -0.6797 -0.6770 -0.3308
1720.00 -1.0841 -1.0830 -0.3539 -1.0814 -1.0737 -0.3457
1730.00 -0.6876 -0.6832 -0.3271 -0.6797 -0.6917 -0.2709
1740.00 -0.6261 -0.6278 -0.4108 -0.6218 -0.6244 -0.3292
1750.00 -0.9856 -0.9967 -0.3451 -0.9847 -0.9847 -0.3114
1760.00 -0.4678 -0.4626 -0.3661 -0.4670 -0.4703 -0.2881
1770.00 -0.6358 -0.6251 -0.3861 -0.6299 -0.6318 -0.3123
1780.00 -0.9167 -0.9173 -0.3756 -0.9161 -0.9118 -0.3334
1790.00 -0.7128 -0.7150 -0.3927 -0.7238 -0.7091 -0.3327
1800.00 -0.6721 -0.6734 -0.3541 -0.6787 -0.6662 -0.3026
1810.00 -0.8797 -0.8782 -0.3630 -0.8777 -0.8850 -0.3217
1820.00 -0.7516 -0.7521 -0.3451 -0.7567 -0.7522 -0.2957
1830.00 -0.5436 -0.5392 -0.3862 -0.5421 -0.5426 -0.3072
1840.00 -0.9448 -0.9365 -0.3419 -0.9271 -0.9351 -0.3189
1850.00 -0.6901 -0.6859 -0.3918 -0.6814 -0.6832 -0.3207
1860.00 -0.8162 -0.8116 -0.3577 -0.8126 -0.8168 -0.3156
1870.00 -0.7371 -0.7438 -0.3441 -0.7398 -0.7458 -0.3096
1880.00 -0.6934 -0.6961 -0.3998 -0.7009 -0.6930 -0.3138
1890.00 -0.6878 -0.6772 -0.3761 -0.6877 -0.6826 -0.3127
1900.00 -0.8252 -0.8245 -0.3092 -0.8212 -0.8246 -0.3007
1910.00 -0.7548 -0.7497 -0.3986 -0.7513 -0.7485 -0.3159
1920.00 -0.6555 -0.6568 -0.3717 -0.6667 -0.6600 -0.3167
1930.00 -0.7118 -0.7169 -0.3805 -0.7079 -0.7167 -0.3212
1940.00 -0.7097 -0.7160 -0.4044 -0.7176 -0.7140 -0.3194
1950.00 -0.8523 -0.8541 -0.3059 -0.8466 -0.8517 -0.3038
1960.00 -0.9682 -0.9583 -0.3142 -0.9683 -0.9521 -0.2997
1970.00 -0.7388 -0.7492 -0.4167 -0.7430 -0.7467 -0.3184
1980.00 -0.4938 -0.4964 -0.3971 -0.5029 -0.4995 -0.3135
1990.00 -0.6914 -0.6899 -0.3748 -0.6877 -0.6835 -0.3075
2000.00 -0.8557 -0.8678 -0.3658 -0.8498 -0.8632 -0.3382
2010.00 -0.8590 -0.8509 -0.3367 -0.8542 -0.8592 -0.2995
2020.00 -0.6564 -0.6632 -0.3916 -0.6558 -0.6639 -0.3129
2030.00 -0.6537 -0.6500 -0.3982 -0.6559 -0.6463 -0.3300
2040.00 -0.5633 -0.5664 -0.3672 -0.5688 -0.5660 -0.3102
2050.00 -1.2958 -1.2963 -0.3130 -1.3022 -1.2991 -0.3223
2060.00 -0.5067 -0.5126 -0.3788 -0.5049 -0.5128 -0.2839
2070.00 -0.5551 -0.5538 -0.3945 -0.5535 -0.5524 -0.3130
2080.00 -0.9375 -0.9408 -0.3885 -0.9388 -0.9393 -0.3435
2090.00 -0.6399 -0.6406 -0.3342 -0.6404 -0.6362 -0.3088
2100.00 -1.0030 -0.9987 -0.3488 -0.9887 -0.9941 -0.3107
2110.00 -0.5801 -0.5768 -0.3592 -0.5894 -0.5878 -0.2941
2120.00 -0.7388 -0.7400 -0.4054 -0.7348 -0.7392 -0.3292
2130.00 -0.5131 -0.5140 -0.3735 -0.5119 -0.5082 -0.3040
2140.00 -0.6113 -0.6192 -0.3771 -0.6115 -0.6135 -0.3135
2150.00 -0.8883 -0.8868 -0.3765 -0.8957 -0.8767 -0.3368
2160.00 -1.3907 -1.3965 -0.2487 -1.3934 -1.3966 -0.2997
2170.00 -0.5493 -0.5548 -0.3914 -0.5489 -0.5591 -0.3067
2180.00 -0.5021 -0.5032 -0.3981 -0.4969 -0.4946 -0.2976
2190.00 -0.5580 -0.5576 -0.3901 -0.5617 -0.5607 -0.3094
2200.00 -0.6991 -0.6999 -0.3909 -0.6900 -0.6928 -0.3370
2210.00 -0.9018 -0.9136 -0.3722 -0.9051 -0.9033 -0.3422
2220.00 -0.9760 -0.9746 -0.3033 -0.9772 -0.9719 -0.3109
2230.00 -0.7644 -0.7619 -0.3528 -0.7666 -0.7712 -0.2945
2240.00 -0.4784 -0.4740 -0.3660 -0.4811 -0.4779 -0.2901
2250.00 -0.7528 -0.7445 -0.4053 -0.7449 -0.7497 -0.3269
2260.00 -0.5726 -0.5719 -0.3675 -0.5754 -0.5692 -0.2945
2270.00 -0.9894 -0.9959 -0.3625 -0.9932 -0.9980 -0.3635
2280.00 -0.9525 -0.9536 -0.3368 -0.9467 -0.9464 -0.3062
2290.00 -0.6195 -0.6214 -0.3719 -0.6226 -0.6173 -0.3056
2300.00 -0.7077 -0.7155 -0.3519 -0.7073 -0.7101 -0.3054
2310.00 -0.5838 -0.5771 -0.3791 -0.5804 -0.5818 -0.2969
2320.00 -0.6326 -0.6306 -0.4184 -0.6224 -0.6318 -0.3333
2330.00 -0.5540 -0.5616 -0.3899 -0.5553 -0.5507 -0.3069
2340.00 -0.5530 -0.5629 -0.3605 -0.5546 -0.5556 -0.3136
2350.00 -1.9405 -1.9482 -0.1286 -1.9487 -1.9421 -0.3003
2360.00 -0.5563 -0.5579 -0.3841 -0.5605 -0.5641 -0.3032
2370.00 -0.4763 -0.4792 -0.4218 -0.4740 -0.4784 -0.3030
2380.00 -0.5019 -0.5020 -0.3860 -0.4977 -0.5030 -0.3133
2390.00 -0.6537 -0.6540 -0.4091 -0.6586 -0.6488 -0.3216
2400.00 -0.5325 -0.5341 -0.4019 -0.5340 -0.5336 -0.3154
2410.00 -0.7194 -0.7116 -0.3551 -0.7103 -0.7100 -0.3152
2420.00 -1.6530 -1.6592 -0.2378 -1.6470 -1.6708 -0.3048
2430.00 -0.5220 -0.5257 -0.3939 -0.5144 -0.5158 -0.2962
2440.00 -0.5829 -0.5754 -0.4239 -0.5769 -0.5786 -0.3290
2450.00 -0.5227 -0.5176 -0.3887 -0.5189 -0.5231 -0.3123
2460.00 -0.5779 -0.5840 -0.3861 -0.5786 -0.5737 -0.3142
2470.00 -0.6982 -0.6904 -0.3687 -0.6893 -0.6912 -0.3166
2480.00 -0.9479 -0.9493 -0.3514 -0.9497 -0.9565 -0.3274
2490.00 -0.8710 -0.8795 -0.3144 -0.8834 -0.8805 -0.3064
2500.00 -0.9108 -0.9084 -0.3383 -0.9092 -0.9112 -0.2983
2510.00 -0.5734 -0.5659 -0.4137 -0.5689 -0.5820 -0.3067
2520.00 -0.7020 -0.6945 -0.3619 -0.6952 -0.6944 -0.3345
2530.00 -0.6476 -0.6548 -0.3988 -0.6545 -0.6444 -0.3131
2540.00 -0.6791 -0.6912 -0.3712 -0.6886 -0.6874 -0.3081
2550.00 -0.7227 -0.7306 -0.3625 -0.7258 -0.7377 -0.3197
2560.00 -0.9924 -0.9860 -0.3090 -0.9946 -0.9861 -0.3124
2570.00 -0.8841 -0.8702 -0.3605 -0.8909 -0.8967 -0.3122
2580.00 -0.5225 -0.5236 -0.3852 -0.5210 -0.5240 -0.2949
2590.00 -0.6051 -0.6010 -0.3967 -0.6112 -0.6011 -0.3144
2600.00 -0.6202 -0.6183 -0.3921 -0.6172 -0.6184 -0.3160
2610.00 -0.5441 -0.5348 -0.4059 -0.5432 -0.5453 -0.3102
2620.00 -1.2835 -1.2883 -0.1749 -1.2758 -1.2720 -0.3202
2630.00 -1.2128 -1.2136 -0.3415 -1.2143 -1.2095 -0.2904
2640.00 -0.4411 -0.4414 -0.3835 -0.4457 -0.4388 -0.2921
2650.00 -0.5697 -0.5720 -0.4014 -0.5696 -0.5746 -0.2998
2660.00 -0.5371 -0.5444 -0.4349 -0.5302 -0.5383 -0.3308
2670.00 -0.6397 -0.6360 -0.3861 -0.6293 -0.6273 -0.3067
2680.00 -0.8848 -0.8776 -0.3404 -0.8837 -0.8890 -0.3212
2690.00 -0.7695 -0.7718 -0.3765 -0.7725 -0.7589 -0.3254
2700.00 -0.6223 -0.6242 -0.3705 -0.6328 -0.6280 -0.3039
2710.00 -0.5746 -0.5761 -0.3677 -0.5735 -0.5720 -0.3103
2720.00 -1.0739 -1.0698 -0.2712 -1.0624 -1.0699 -0.3136
2730.00 -0.9122 -0.9161 -0.3680 -0.9217 -0.9170 -0.2957
2740.00 -0.5424 -0.5361 -0.3792 -0.5486 -0.5405 -0.3005
2750.00 -0.6723 -0.6799 -0.4463 -0.6757 -0.6706 -0.3447
2760.00 -0.6982 -0.6906 -0.3501 -0.6928 -0.6941 -0.2926
2770.00 -0.6337 -0.6397 -0.3429 -0.6339 -0.6317 -0.3071
2780.00 -1.0262 -1.0235 -0.3368 -1.0191 -1.0366 -0.3109
2790.00 -0.6580 -0.6628 -0.3886 -0.6594 -0.6640 -0.3102
2800.00 -0.5580 -0.5531 -0.3968 -0.5592 -0.5610 -0.3142
2810.00 -0.6002 -0.5972 -0.3255 -0.5927 -0.5941 -0.2945
2820.00 -1.3659 -1.3684 -0.2810 -1.3827 -1.3654 -0.3132
2830.00 -0.6238 -0.6305 -0.3973 -0.6153 -0.6309 -0.3129
2840.00 -0.5887 -0.5894 -0.4026 -0.5872 -0.5883 -0.3055
2850.00 -0.6169 -0.6111 -0.4031 -0.6090 -0.6111 -0.3138
2860.00 -0.5425 -0.5403 -0.3814 -0.5396 -0.5453 -0.3187
2870.00 -0.8314 -0.8351 -0.3374 -0.8325 -0.8294 -0.3152
2880.00 -0.9336 -0.9405 -0.3420 -0.9396 -0.9442 -0.3144
2890.00 -0.9135 -0.9004 -0.3296 -0.9086 -0.9120 -0.2838
2900.00 -0.7249 -0.7237 -0.3980 -0.7260 -0.7312 -0.3364
2910.00 -0.5174 -0.5242 -0.3960 -0.5185 -0.5111 -0.2948
2920.00 -0.6647 -0.6637 -0.3795 -0.6687 -0.6607 -0.3303
2930.00 -0.7882 -0.7950 -0.3541 -0.7914 -0.7918 -0.3194
2940.00 -1.0677 -1.0583 -0.3058 -1.0644 -1.0660 -0.2864
2950.00 -0.5843 -0.5879 -0.4102 -0.5795 -0.5950 -0.3198
2960.00 -0.5539 -0.5437 -0.3704 -0.5446 -0.5482 -0.3079
2970.00 -0.5743 -0.5694 -0.3936 -0.5690 -0.5759 -0.3038
2980.00 -0.8704 -0.8840 -0.3657 -0.8672 -0.8771 -0.3366
2990.00 -1.2309 -1.2299 -0.2809 -1.2249 -1.2244 -0.3039
3000.00 -0.6567 -0.6599 -0.3768 -0.6483 -0.6602 -0.3058
3010.00 -0.6797 -0.6757 -0.3862 -0.6830 -0.6779 -0.3099
3020.00 -0.5104 -0.5250 -0.4087 -0.5248 -0.5193 -0.3193
3030.00 -0.7945 -0.7915 -0.3637 -0.7858 -0.7906 -0.3292
3040.00 -0.8217 -0.8234 -0.3147 -0.8319 -0.8294 -0.2932
3050.00 -0.7520 -0.7488 -0.3912 -0.7527 -0.7378 -0.3196
3060.00 -0.6515 -0.6503 -0.3422 -0.6474 -0.6480 -0.3054
3070.00 -0.5779 -0.5700 -0.3987 -0.5795 -0.5774 -0.3083
3080.00 -0.6730 -0.6810 -0.3821 -0.6718 -0.6748 -0.3312
3090.00 -0.7877 -0.7949 -0.3438 -0.7910 -0.7904 -0.3001
3100.00 -1.2107 -1.1985 -0.3326 -1.2015 -1.2158 -0.3335
3110.00 -0.7111 -0.7217 -0.3746 -0.7213 -0.7123 -0.3013
3120.00 -0.5835 -0.5867 -0.3767 -0.5817 -0.5790 -0.3057
3130.00 -0.4918 -0.4947 -0.4047 -0.4917 -0.4926 -0.3094
3140.00 -0.9280 -0.9202 -0.3595 -0.9326 -0.9352 -0.3389
3150.00 -0.8813 -0.8812 -0.3590 -0.8841 -0.8739 -0.3102
3160.00 -0.5968 -0.5991 -0.3590 -0.5929 -0.5943 -0.2980
3170.00 -0.7845 -0.7823 -0.3753 -0.7902 -0.7957 -0.3200
3180.00 -0.7196 -0.7104 -0.3709 -0.7065 -0.7048 -0.3104
3190.00 -0.6666 -0.6674 -0.3810 -0.6700 -0.6717 -0.3011
3200.00 -0.5108 -0.5151 -0.4109 -0.5103 -0.5108 -0.3233
3210.00 -1.3003 -1.3022 -0.2505 -1.2953 -1.3001 -0.3303
3220.00 -0.9116 -0.9137 -0.3513 -0.8983 -0.9081 -0.2893
3230.00 -0.5775 -0.5816 -0.3684 -0.5811 -0.5791 -0.2902
3240.00 -0.5999 -0.6011 -0.3995 -0.6028 -0.6025 -0.3174
3250.00 -0.6489 -0.6491 -0.3838 -0.6552 -0.6536 -0.3267
3260.00 -0.7495 -0.7463 -0.3806 -0.7496 -0.7517 -0.3208
3270.00 -0.5749 -0.5723 -0.3974 -0.5713 -0.5695 -0.3220
3280.00 -0.8205 -0.8218 -0.3331 -0.8313 -0.8136 -0.3216
3290.00 -0.7663 -0.7657 -0.3740 -0.7728 -0.7701 -0.3110
3300.00 -0.8356 -0.8365 -0.3670 -0.8373 -0.8304 -0.3176
3310.00 -1.0125 -1.0023 -0.3235 -1.0108 -1.0089 -0.3165
3320.00 -0.5349 -0.5354 -0.3915 -0.5315 -0.5351 -0.3129
3330.00 -0.6279 -0.6336 -0.3480 -0.6377 -0.6281 -0.2891
3340.00 -0.7277 -0.7357 -0.3926 -0.7325 -0.7410 -0.3300
3350.00 -0.6012 -0.5980 -0.3992 -0.6109 -0.5998 -0.3250
3360.00 -0.5860 -0.5812 -0.3550 -0.5802 -0.5896 -0.3063
3370.00 -1.6154 -1.6013 -0.2477 -1.5947 -1.6094 -0.3278
3380.00 -0.6287 -0.6292 -0.3644 -0.6257 -0.6274 -0.2845
3390.00 -0.4959 -0.5001 -0.4292 -0.4966 -0.4920 -0.3258
3400.00 -0.4907 -0.4933 -0.3734 -0.4944 -0.4940 -0.2973
3410.00 -0.5800 -0.5704 -0.4183 -0.5766 -0.5786 -0.3207
3420.00 -0.6503 -0.6530 -0.3941 -0.6560 -0.6534 -0.3334
3430.00 -1.4675 -1.4810 -0.2356 -1.4860 -1.4678 -0.3197
3440.00 -0.6122 -0.6136 -0.3680 -0.6153 -0.6161 -0.2863
3450.00 -0.5625 -0.5607 -0.3929 -0.5512 -0.5644 -0.3004
3460.00 -0.5233 -0.5227 -0.3989 -0.5282 -0.5281 -0.3151
3470.00 -0.7989 -0.7964 -0.3870 -0.8064 -0.7974 -0.3200
3480.00 -0.6679 -0.6643 -0.3873 -0.6540 -0.6642 -0.3209
3490.00 -0.7978 -0.8111 -0.2975 -0.8028 -0.8025 -0.2831
3500.00 -1.1794 -1.1702 -0.3261 -1.1674 -1.1777 -0.3226
3510.00 -0.5819 -0.5806 -0.3575 -0.5847 -0.5796 -0.2911
3520.00 -0.5442 -0.5357 -0.4031 -0.5472 -0.5498 -0.3135
3530.00 -0.6792 -0.6786 -0.4087 -0.6750 -0.6828 -0.3263
3540.00 -0.5162 -0.5204 -0.3622 -0.5184 -0.5204 -0.2935
3550.00 -1.2087 -1.2073 -0.3382 -1.2074 -1.2082 -0.3454
3560.00 -0.6093 -0.6079 -0.3800 -0.6092 -0.6093 -0.2971
3570.00 -0.6994 -0.7057 -0.3562 -0.7061 -0.7006 -0.3126
3580.00 -0.5118 -0.5172 -0.3953 -0.5152 -0.5219 -0.3039
3590.00 -1.0942 -1.1049 -0.3437 -1.1091 -1.0945 -0.3488
3600.00 -0.7856 -0.7917 -0.2996 -0.7915 -0.7945 -0.2828
3610.00 -0.5671 -0.5725 -0.4059 -0.5715 -0.5781 -0.3101
3620.00 -0.5787 -0.5805 -0.4260 -0.5788 -0.5751 -0.3395
3630.00 -0.6990 -0.7154 -0.3594 -0.7122 -0.7070 -0.3153
3640.00 -0.9266 -0.9243 -0.3288 -0.9269 -0.9235 -0.3101
3650.00 -0.6976 -0.6872 -0.3896 -0.6980 -0.6997 -0.3313
3660.00 -0.5651 -0.5747 -0.4126 -0.5730 -0.5753 -0.3236
3670.00 -0.8409 -0.8371 -0.3552 -0.8297 -0.8343 -0.3216
3680.00 -0.8312 -0.8324 -0.3433 -0.8332 -0.8339 -0.3231
3690.00 -1.0534 -1.0667 -0.3034 -1.0545 -1.0607 -0.2949
3700.00 -0.6186 -0.6121 -0.3767 -0.6225 -0.6189 -0.2971
3710.00 -0.6945 -0.6857 -0.3908 -0.6876 -0.6831 -0.2997
3720.00 -0.4514 -0.4511 -0.3878 -0.4494 -0.4504 -0.3051
3730.00 -0.6430 -0.6470 -0.3840 -0.6348 -0.6408 -0.3213
3740.00 -0.8202 -0.8228 -0.3331 -0.8234 -0.8187 -0.3280
3750.00 -1.3932 -1.3994 -0.2879 -1.3936 -1.3899 -0.3090
3760.00 -0.5345 -0.5299 -0.3907 -0.5343 -0.5279 -0.3107
3770.00 -0.5218 -0.5239 -0.3688 -0.5201 -0.5235 -0.2836
3780.00 -0.7273 -0.7254 -0.4088 -0.7264 -0.7246 -0.3352
3790.00 -0.7185 -0.7208 -0.3565 -0.7247 -0.7193 -0.3114
3800.00 -0.6807 -0.6855 -0.3931 -0.6823 -0.6790 -0.3255
3810.00 -0.9033 -0.8970 -0.3401 -0.8968 -0.9020 -0.3151
3820.00 -0.9149 -0.9115 -0.3186 -0.9111 -0.9074 -0.2974
3830.00 -0.5241 -0.5275 -0.4074 -0.5248 -0.5199 -0.3098
3840.00 -0.5538 -0.5548 -0.3859 -0.5530 -0.5539 -0.3167
3850.00 -0.8376 -0.8442 -0.3326 -0.8363 -0.8451 -0.3146
3860.00 -0.9747 -0.9549 -0.3615 -0.9607 -0.9556 -0.3287
3870.00 -0.7606 -0.7556 -0.3523 -0.7651 -0.7594 -0.2893
3880.00 -0.5964 -0.5923 -0.3873 -0.5842 -0.5929 -0.3065
3890.00 -0.6623 -0.6701 -0.3937 -0.6676 -0.6681 -0.3271
3900.00 -0.5391 -0.5263 -0.4038 -0.5244 -0.5349 -0.3194
3910.00 -0.9912 -0.9905 -0.3361 -0.9941 -0.9852 -0.3263
3920.00 -0.9116 -0.9086 -0.3096 -0.9154 -0.9047 -0.2928
3930.00 -0.8665 -0.8734 -0.3814 -0.8648 -0.8683 -0.3277
3940.00 -0.4711 -0.4678 -0.3530 -0.4670 -0.4721 -0.2738
3950.00 -0.5656 -0.5574 -0.4172 -0.5575 -0.5523 -0.3281
3960.00 -0.5188 -0.5230 -0.3903 -0.5233 -0.5231 -0.3105
3970.00 -0.6686 -0.6556 -0.4020 -0.6662 -0.6598 -0.3341
3980.00 -2.0347 -2.0402 -0.1048 -2.0545 -2.0481 -0.2916
3990.00 -0.4539 -0.4470 -0.3646 -0.4460 -0.4532 -0.2803
4000.00 -0.4839 -0.4939 -0.4208 -0.4844 -0.4977 -0.3110
