10.00 -0.5941 -0.3729 -0.6002 -0.5956 -0.5996 -0.3129
20.00 -1.6523 -0.1939 -1.6505 -1.6388 -1.6492 -0.3090
30.00 -0.5846 -0.3624 -0.5716 -0.5784 -0.5751 -0.2975
40.00 -0.6314 -0.3848 -0.6332 -0.6247 -0.6256 -0.2989
50.00 -0.5443 -0.4126 -0.5402 -0.5411 -0.5366 -0.3131
60.00 -0.5191 -0.3980 -0.5178 -0.5215 -0.5122 -0.3216
70.00 -0.6251 -0.3944 -0.6297 -0.6301 -0.6284 -0.3241
80.00 -1.2947 -0.2167 -1.3029 -1.3105 -1.3106 -0.3338
90.00 -1.2487 -0.2348 -1.2533 -1.2539 -1.2500 -0.2449
100.00 -0.4882 -0.4055 -0.4868 -0.4810 -0.4836 -0.3029
110.00 -0.5017 -0.4240 -0.5041 -0.5088 -0.5053 -0.3183
120.00 -0.5259 -0.4103 -0.5203 -0.5258 -0.5311 -0.3147
130.00 -0.6630 -0.3781 -0.6654 -0.6704 -0.6682 -0.3216
140.00 -1.0547 -0.3638 -1.0616 -1.0438 -1.0578 -0.3506
150.00 -0.5710 -0.3494 -0.5659 -0.5673 -0.5744 -0.2872
160.00 -0.7525 -0.3871 -0.7593 -0.7580 -0.7644 -0.3118
170.00 -0.6953 -0.3699 -0.6966 -0.6949 -0.6928 -0.3255
180.00 -1.0204 -0.2914 -1.0261 -1.0173 -1.0249 -0.2965
190.00 -0.8310 -0.3658 -0.8378 -0.8396 -0.8361 -0.3003
200.00 -0.6260 -0.3879 -0.6196 -0.6144 -0.6137 -0.3211
210.00 -0.5532 -0.3975 -0.5547 -0.5595 -0.5547 -0.3076
220.00 -0.5794 -0.3687 -0.5802 -0.5842 -0.5926 -0.3015
230.00 -1.5056 -0.2745 -1.4984 -1.5001 -1.5011 -0.3304
240.00 -0.5732 -0.3982 -0.5791 -0.5735 -0.5802 -0.3033
250.00 -0.5153 -0.3674 -0.5185 -0.5150 -0.5154 -0.2920
260.00 -0.6007 -0.4329 -0.5980 -0.5963 -0.5987 -0.3334
270.00 -0.5397 -0.3429 -0.5354 -0.5317 -0.5388 -0.2868
280.00 -1.2696 -0.2809 -1.2731 -1.2796 -1.2813 -0.3426
290.00 -1.0551 -0.3564 -1.0557 -1.0516 -1.0544 -0.2996
300.00 -0.4512 -0.3690 -0.4557 -0.4506 -0.4601 -0.2828
310.00 -0.5924 -0.4215 -0.5992 -0.5979 -0.5919 -0.3350
320.00 -0.6399 -0.3577 -0.6409 -0.6353 -0.6350 -0.2957
330.00 -0.9550 -0.3659 -0.9608 -0.9682 -0.9505 -0.3502
340.00 -0.7353 -0.3420 -0.7368 -0.7440 -0.7367 -0.2862
350.00 -0.9575 -0.3597 -0.9498 -0.9549 -0.9523 -0.3143
360.00 -0.5186 -0.3818 -0.5069 -0.5075 -0.5148 -0.3018
370.00 -0.5806 -0.3853 -0.5783 -0.5734 -0.5769 -0.3185
380.00 -1.1519 -0.3159 -1.1537 -1.1653 -1.1583 -0.3231
390.00 -0.6683 -0.3552 -0.6709 -0.6707 -0.6677 -0.2996
400.00 -0.6745 -0.3866 -0.6724 -0.6635 -0.6684 -0.3175
410.00 -0.7006 -0.3632 -0.7049 -0.7058 -0.7011 -0.3074
420.00 -0.7307 -0.3747 -0.7269 -0.7279 -0.7247 -0.3323
430.00 -0.7551 -0.3329 -0.7658 -0.7576 -0.7643 -0.2916
440.00 -0.7881 -0.4076 -0.7810 -0.7835 -0.7888 -0.3350
450.00 -0.8250 -0.3666 -0.8280 -0.8225 -0.8357 -0.3298
460.00 -0.8203 -0.2751 -0.8271 -0.8239 -0.8196 -0.2754
470.00 -0.8642 -0.4087 -0.8681 -0.8699 -0.8718 -0.3314
480.00 -0.5046 -0.3624 -0.5100 -0.5100 -0.5072 -0.2891
490.00 -0.5744 -0.4327 -0.5768 -0.5726 -0.5732 -0.3512
500.00 -0.8400 -0.3496 -0.8358 -0.8443 -0.8554 -0.3266
510.00 -0.8853 -0.2997 -0.8877 -0.8870 -0.8914 -0.2990
520.00 -1.0676 -0.2882 -1.0710 -1.0680 -1.0548 -0.2753
530.00 -0.6342 -0.4075 -0.6292 -0.6338 -0.6268 -0.3208
540.00 -0.5088 -0.3865 -0.5074 -0.5060 -0.5133 -0.3047
550.00 -0.8806 -0.3688 -0.8725 -0.8686 -0.8718 -0.3368
560.00 -0.7619 -0.3662 -0.7556 -0.7549 -0.7567 -0.3124
570.00 -0.5664 -0.3769 -0.5697 -0.5708 -0.5703 -0.3079
580.00 -0.9035 -0.3802 -0.9173 -0.9168 -0.9140 -0.3431
590.00 -0.9735 -0.3001 -0.9730 -0.9722 -0.9747 -0.2993
600.00 -0.6383 -0.3811 -0.6445 -0.6445 -0.6460 -0.3065
610.00 -0.5376 -0.3892 -0.5498 -0.5479 -0.5446 -0.3110
620.00 -0.7167 -0.3644 -0.7110 -0.7070 -0.7106 -0.3218
630.00 -1.1851 -0.3216 -1.1918 -1.1801 -1.1897 -0.3030
640.00 -0.6565 -0.4048 -0.6566 -0.6561 -0.6602 -0.3235
650.00 -0.5316 -0.3533 -0.5431 -0.5361 -0.5308 -0.2798
660.00 -0.7269 -0.3942 -0.7264 -0.7277 -0.7271 -0.3271
670.00 -0.6913 -0.3486 -0.6906 -0.7013 -0.6900 -0.3035
680.00 -0.9665 -0.3637 -0.9737 -0.9593 -0.9744 -0.3277
690.00 -0.8603 -0.3431 -0.8480 -0.8569 -0.8486 -0.2984
700.00 -0.6457 -0.3761 -0.6427 -0.6322 -0.6356 -0.3134
710.00 -0.5318 -0.4052 -0.5299 -0.5352 -0.5277 -0.3196
720.00 -1.1844 -0.2933 -1.1883 -1.1830 -1.2001 -0.3147
730.00 -0.6087 -0.3822 -0.5962 -0.5995 -0.6005 -0.3102
740.00 -0.5920 -0.3795 -0.5959 -0.5963 -0.5958 -0.3017
750.00 -0.6132 -0.3723 -0.6101 -0.6098 -0.6114 -0.3101
760.00 -1.2936 -0.3045 -1.2856 -1.2916 -1.2854 -0.3380
770.00 -0.8157 -0.3268 -0.8276 -0.8337 -0.8279 -0.2659
780.00 -0.5411 -0.4163 -0.5383 -0.5402 -0.5411 -0.3103
790.00 -0.5308 -0.4258 -0.5304 -0.5422 -0.5346 -0.3280
800.00 -0.4714 -0.3800 -0.4827 -0.4813 -0.4744 -0.2966
810.00 -1.4815 -0.2555 -1.4612 -1.4802 -1.4726 -0.3262
820.00 -0.6173 -0.3776 -0.6195 -0.6159 -0.6241 -0.2926
830.00 -0.5423 -0.3881 -0.5439 -0.5421 -0.5414 -0.3054
840.00 -0.7628 -0.3868 -0.7628 -0.7721 -0.7607 -0.3299
850.00 -0.6226 -0.3542 -0.6276 -0.6214 -0.6216 -0.2892
860.00 -0.7399 -0.3893 -0.7295 -0.7386 -0.7390 -0.3289
870.00 -0.5974 -0.3879 -0.6082 -0.5966 -0.6017 -0.3147
880.00 -1.4360 -0.2743 -1.4465 -1.4508 -1.4424 -0.3265
890.00 -0.6208 -0.3637 -0.6198 -0.6135 -0.6253 -0.2951
900.00 -0.5639 -0.3535 -0.5591 -0.5571 -0.5526 -0.2802
910.00 -0.6766 -0.4304 -0.6778 -0.6732 -0.6779 -0.3500
920.00 -0.5975 -0.3703 -0.5920 -0.5950 -0.5980 -0.2908
930.00 -0.8234 -0.3580 -0.8160 -0.8146 -0.8090 -0.3260
940.00 -0.8785 -0.3441 -0.8728 -0.8751 -0.8744 -0.3198
950.00 -0.9123 -0.3540 -0.9115 -0.9109 -0.9116 -0.3319
960.00 -0.6303 -0.3791 -0.6328 -0.6315 -0.6328 -0.3173
970.00 -0.6031 -0.3345 -0.6018 -0.6060 -0.6063 -0.2770
980.00 -1.0397 -0.3476 -1.0395 -1.0310 -1.0295 -0.3286
990.00 -0.6516 -0.3904 -0.6486 -0.6564 -0.6522 -0.3033
1000.00 -0.5515 -0.3961 -0.5494 -0.5470 -0.5607 -0.3232
1010.00 -0.6970 -0.3624 -0.6959 -0.6963 -0.7000 -0.3193
1020.00 -0.8969 -0.3756 -0.8907 -0.8922 -0.8872 -0.3411
1030.00 -1.2719 -0.3209 -1.2875 -1.2851 -1.2911 -0.3150
1040.00 -0.4736 -0.3427 -0.4775 -0.4805 -0.4769 -0.2728
1050.00 -0.7326 -0.4063 -0.7225 -0.7241 -0.7277 -0.3379
1060.00 -0.6478 -0.3665 -0.6474 -0.6426 -0.6447 -0.2960
1070.00 -0.5804 -0.3728 -0.5836 -0.5812 -0.5778 -0.3147
1080.00 -0.9592 -0.3800 -0.9665 -0.9638 -0.9595 -0.3288
1090.00 -0.7830 -0.3051 -0.7790 -0.7898 -0.7861 -0.2937
1100.00 -0.7120 -0.3649 -0.7159 -0.7151 -0.7137 -0.3002
1110.00 -0.9048 -0.3717 -0.9072 -0.9065 -0.9146 -0.3258
1120.00 -0.5709 -0.3793 -0.5724 -0.5845 -0.5807 -0.3077
1130.00 -0.7806 -0.3879 -0.7743 -0.7815 -0.7800 -0.3275
1140.00 -0.5557 -0.3778 -0.5549 -0.5588 -0.5521 -0.3160
1150.00 -1.4273 -0.2439 -1.4273 -1.4238 -1.4306 -0.3082
1160.00 -0.6554 -0.3783 -0.6491 -0.6507 -0.6546 -0.2913
1170.00 -0.5445 -0.4116 -0.5455 -0.5485 -0.5477 -0.3053
1180.00 -0.4981 -0.3996 -0.4960 -0.4922 -0.4998 -0.3130
1190.00 -0.5928 -0.3866 -0.5919 -0.5894 -0.5914 -0.3167
1200.00 -1.0208 -0.2996 -1.0142 -1.0117 -1.0302 -0.3257
1210.00 -1.0881 -0.3214 -1.0773 -1.0924 -1.0660 -0.3139
1220.00 -0.6732 -0.4030 -0.6756 -0.6794 -0.6775 -0.3093
1230.00 -0.5424 -0.3927 -0.5405 -0.5397 -0.5440 -0.3221
1240.00 -0.6022 -0.3853 -0.6072 -0.6117 -0.6059 -0.3146
1250.00 -0.6364 -0.3618 -0.6373 -0.6369 -0.6372 -0.3163
1260.00 -1.1838 -0.2988 -1.1837 -1.1901 -1.1814 -0.3161
1270.00 -0.6493 -0.3763 -0.6509 -0.6527 -0.6509 -0.3146
1280.00 -0.8314 -0.3493 -0.8284 -0.8354 -0.8312 -0.3104
1290.00 -0.7886 -0.3543 -0.7875 -0.7893 -0.7877 -0.3034
1300.00 -0.5623 -0.4030 -0.5643 -0.5616 -0.5652 -0.3053
1310.00 -0.6926 -0.3582 -0.6965 -0.6933 -0.6935 -0.3151
1320.00 -0.6407 -0.3625 -0.6409 -0.6402 -0.6390 -0.3073
1330.00 -0.9534 -0.3473 -0.9603 -0.9515 -0.9569 -0.3365
1340.00 -0.9406 -0.3446 -0.9448 -0.9381 -0.9382 -0.2962
1350.00 -0.9460 -0.3387 -0.9533 -0.9686 -0.9527 -0.3118
1360.00 -0.4920 -0.3934 -0.4894 -0.4926 -0.5000 -0.3127
1370.00 -0.6017 -0.3665 -0.6132 -0.6004 -0.6013 -0.3015
1380.00 -0.7002 -0.3893 -0.6975 -0.6920 -0.6993 -0.3235
1390.00 -0.6415 -0.3753 -0.6439 -0.6405 -0.6400 -0.3039
1400.00 -0.9198 -0.3513 -0.9163 -0.9042 -0.9152 -0.3262
1410.00 -1.1871 -0.3062 -1.1898 -1.1885 -1.1903 -0.3219
1420.00 -0.5706 -0.3881 -0.5765 -0.5712 -0.5750 -0.3051
1430.00 -0.5982 -0.3605 -0.5936 -0.5943 -0.6026 -0.2928
1440.00 -0.5998 -0.4291 -0.6080 -0.6058 -0.5976 -0.3283
1450.00 -0.6094 -0.4003 -0.6037 -0.6104 -0.6147 -0.3257
1460.00 -1.2741 -0.2148 -1.2472 -1.2587 -1.2758 -0.3073
1470.00 -1.0619 -0.3523 -1.0662 -1.0734 -1.0646 -0.2897
1480.00 -0.4697 -0.3909 -0.4718 -0.4767 -0.4766 -0.3026
1490.00 -0.5355 -0.3852 -0.5386 -0.5379 -0.5317 -0.3012
1500.00 -0.5272 -0.4086 -0.5339 -0.5312 -0.5309 -0.3180
1510.00 -0.7359 -0.3723 -0.7299 -0.7286 -0.7330 -0.3196
1520.00 -1.4354 -0.2755 -1.4345 -1.4472 -1.4373 -0.3229
1530.00 -0.5798 -0.3606 -0.5768 -0.5803 -0.5801 -0.2911
1540.00 -0.4933 -0.4009 -0.4900 -0.4879 -0.4802 -0.3083
1550.00 -0.5420 -0.3826 -0.5400 -0.5474 -0.5351 -0.2961
1560.00 -0.8257 -0.3522 -0.8302 -0.8242 -0.8260 -0.3323
1570.00 -1.3353 -0.2829 -1.3320 -1.3376 -1.3333 -0.2993
1580.00 -0.4873 -0.3792 -0.4907 -0.4841 -0.4868 -0.2935
1590.00 -0.5961 -0.4262 -0.5995 -0.5949 -0.5909 -0.3331
1600.00 -0.6385 -0.4100 -0.6329 -0.6324 -0.6343 -0.3288
1610.00 -0.6402 -0.3546 -0.6405 -0.6355 -0.6387 -0.3096
1620.00 -1.4744 -0.2189 -1.4842 -1.4926 -1.4688 -0.3210
1630.00 -0.6840 -0.3680 -0.6792 -0.6911 -0.6859 -0.2849
1640.00 -0.5162 -0.3822 -0.5191 -0.5155 -0.5147 -0.3016
1650.00 -0.6386 -0.4090 -0.6344 -0.6323 -0.6353 -0.3267
1660.00 -0.6518 -0.3821 -0.6546 -0.6502 -0.6482 -0.3205
1670.00 -0.6207 -0.3883 -0.6172 -0.6216 -0.6219 -0.2954
1680.00 -1.2038 -0.3446 -1.2070 -1.2007 -1.1951 -0.3360
1690.00 -0.5561 -0.3512 -0.5497 -0.5505 -0.5427 -0.2983
1700.00 -0.8748 -0.3855 -0.8796 -0.8744 -0.8735 -0.3081
1710.00 -0.5143 -0.3855 -0.5131 -0.5169 -0.5155 -0.3089
1720.00 -0.8828 -0.3436 -0.8776 -0.8869 -0.8764 -0.3270
1730.00 -0.6523 -0.4197 -0.6496 -0.6491 -0.6575 -0.3308
1740.00 -0.7970 -0.3182 -0.8098 -0.7991 -0.8070 -0.3062
1750.00 -1.2308 -0.2840 -1.2339 -1.2416 -1.2359 -0.3016
1760.00 -0.5938 -0.3600 -0.5912 -0.5931 -0.5842 -0.2841
1770.00 -0.5364 -0.4098 -0.5295 -0.5307 -0.5358 -0.3222
1780.00 -0.5616 -0.3870 -0.5568 -0.5467 -0.5485 -0.3020
1790.00 -0.7654 -0.3817 -0.7662 -0.7663 -0.7651 -0.3299
1800.00 -1.1765 -0.2768 -1.1706 -1.1746 -1.1780 -0.3372
1810.00 -0.9585 -0.3265 -0.9504 -0.9572 -0.9585 -0.2855
1820.00 -0.5923 -0.3785 -0.5920 -0.5888 -0.5938 -0.2940
1830.00 -0.4474 -0.3844 -0.4486 -0.4535 -0.4534 -0.2956
1840.00 -0.7255 -0.4115 -0.7345 -0.7285 -0.7365 -0.3380
1850.00 -0.5736 -0.3727 -0.5734 -0.5836 -0.5810 -0.3055
1860.00 -1.2905 -0.2888 -1.2964 -1.2897 -1.2938 -0.3209
1870.00 -0.7265 -0.3579 -0.7298 -0.7239 -0.7249 -0.3032
1880.00 -0.5287 -0.3701 -0.5257 -0.5340 -0.5335 -0.2938
1890.00 -0.6755 -0.4133 -0.6797 -0.6759 -0.6667 -0.3401
1900.00 -0.6266 -0.3784 -0.6323 -0.6250 -0.6274 -0.3018
1910.00 -0.8082 -0.3678 -0.7915 -0.7939 -0.7959 -0.3353
1920.00 -1.0857 -0.3128 -1.0857 -1.0829 -1.0860 -0.3136
1930.00 -0.7272 -0.3658 -0.7145 -0.7241 -0.7200 -0.3111
1940.00 -0.6850 -0.3899 -0.6810 -0.6952 -0.6910 -0.3204
1950.00 -0.6735 -0.3384 -0.6689 -0.6672 -0.6690 -0.3037
1960.00 -0.9086 -0.3690 -0.9047 -0.9066 -0.9065 -0.3209
1970.00 -0.6209 -0.3650 -0.6212 -0.6148 -0.6250 -0.2993
1980.00 -0.7720 -0.3565 -0.7871 -0.7845 -0.7872 -0.3163
1990.00 -0.7999 -0.3720 -0.7932 -0.7988 -0.7982 -0.3139
2000.00 -0.6684 -0.4035 -0.6776 -0.6722 -0.6796 -0.3311
2010.00 -0.7264 -0.3580 -0.7236 -0.7318 -0.7260 -0.3118
2020.00 -0.7910 -0.3491 -0.7930 -0.7714 -0.7845 -0.3230
2030.00 -0.9139 -0.3386 -0.9202 -0.9230 -0.9152 -0.2983
2040.00 -0.6450 -0.3776 -0.6579 -0.6469 -0.6507 -0.3191
2050.00 -0.7421 -0.3864 -0.7490 -0.7593 -0.7497 -0.3169
2060.00 -0.6640 -0.3651 -0.6656 -0.6596 -0.6528 -0.3050
2070.00 -0.6352 -0.3459 -0.6303 -0.6358 -0.6395 -0.3014
2080.00 -1.3886 -0.3083 -1.3844 -1.3847 -1.3859 -0.3364
2090.00 -0.5995 -0.3569 -0.6065 -0.6043 -0.6026 -0.2868
2100.00 -0.5818 -0.4065 -0.5889 -0.5942 -0.5845 -0.3080
2110.00 -0.5240 -0.4039 -0.5277 -0.5281 -0.5260 -0.3157
2120.00 -0.5796 -0.3848 -0.5775 -0.5789 -0.5816 -0.3128
2130.00 -1.2563 -0.2981 -1.2496 -1.2570 -1.2574 -0.3449
2140.00 -0.7991 -0.3252 -0.7841 -0.7936 -0.7962 -0.2697
2150.00 -0.6426 -0.4362 -0.6501 -0.6443 -0.6399 -0.3386
2160.00 -0.4789 -0.3689 -0.4734 -0.4710 -0.4749 -0.2895
2170.00 -0.9859 -0.3235 -0.9973 -0.9927 -1.0077 -0.3277
2180.00 -0.8919 -0.3830 -0.8855 -0.8957 -0.8836 -0.3269
2190.00 -0.4997 -0.3443 -0.4992 -0.4947 -0.5032 -0.2754
2200.00 -0.8576 -0.3570 -0.8476 -0.8469 -0.8502 -0.3217
2210.00 -0.5831 -0.3559 -0.5946 -0.5961 -0.5820 -0.2876
2220.00 -0.8064 -0.3765 -0.8002 -0.7984 -0.8023 -0.3246
2230.00 -0.6966 -0.3752 -0.7052 -0.7073 -0.6989 -0.3105
2240.00 -0.5833 -0.3946 -0.5846 -0.5758 -0.5885 -0.3270
2250.00 -1.4785 -0.2220 -1.4838 -1.4847 -1.4896 -0.2995
2260.00 -0.5435 -0.3864 -0.5553 -0.5481 -0.5476 -0.3000
2270.00 -0.7082 -0.3793 -0.6999 -0.7052 -0.7101 -0.3173
2280.00 -0.5560 -0.4095 -0.5572 -0.5580 -0.5481 -0.3307
2290.00 -0.6721 -0.3541 -0.6636 -0.6641 -0.6766 -0.3102
2300.00 -0.6714 -0.3583 -0.6640 -0.6770 -0.6709 -0.2930
2310.00 -0.7571 -0.3524 -0.7606 -0.7637 -0.7609 -0.3271
2320.00 -1.1512 -0.3267 -1.1486 -1.1456 -1.1436 -0.3271
2330.00 -0.6479 -0.3757 -0.6427 -0.6429 -0.6455 -0.2993
2340.00 -0.5751 -0.3758 -0.5755 -0.5739 -0.5766 -0.3093
2350.00 -0.6274 -0.4091 -0.6316 -0.6375 -0.6300 -0.3179
2360.00 -1.4893 -0.2181 -1.4848 -1.4821 -1.4845 -0.3118
2370.00 -0.6563 -0.3693 -0.6575 -0.6612 -0.6474 -0.2947
2380.00 -0.4970 -0.4006 -0.5023 -0.4982 -0.5071 -0.3134
2390.00 -0.6736 -0.3794 -0.6708 -0.6630 -0.6742 -0.3041
2400.00 -0.6807 -0.3945 -0.6845 -0.6790 -0.6760 -0.3244
2410.00 -0.6449 -0.3783 -0.6526 -0.6384 -0.6430 -0.3297
2420.00 -0.7644 -0.3527 -0.7636 -0.7703 -0.7661 -0.3109
2430.00 -1.0185 -0.3256 -1.0176 -1.0159 -1.0080 -0.3131
2440.00 -0.6718 -0.3756 -0.6742 -0.6686 -0.6634 -0.3086
2450.00 -0.6226 -0.3666 -0.6237 -0.6308 -0.6246 -0.3143
2460.00 -0.6251 -0.4045 -0.6272 -0.6317 -0.6282 -0.3226
2470.00 -0.7882 -0.3513 -0.7933 -0.8011 -0.8006 -0.3096
2480.00 -0.9743 -0.3461 -0.9645 -0.9784 -0.9746 -0.3308
2490.00 -0.5836 -0.3571 -0.5809 -0.5736 -0.5817 -0.3021
2500.00 -1.0780 -0.3530 -1.0671 -1.0706 -1.0861 -0.3195
2510.00 -0.5553 -0.3966 -0.5545 -0.5619 -0.5577 -0.3092
2520.00 -0.5233 -0.3831 -0.5256 -0.5238 -0.5240 -0.3027
2530.00 -1.3123 -0.2740 -1.3094 -1.3092 -1.2963 -0.3414
2540.00 -0.6491 -0.3903 -0.6596 -0.6592 -0.6507 -0.2946
2550.00 -0.5674 -0.3781 -0.5608 -0.5606 -0.5619 -0.3041
2560.00 -0.5209 -0.4136 -0.5212 -0.5229 -0.5164 -0.3184
2570.00 -1.2210 -0.3213 -1.2173 -1.2148 -1.2249 -0.3440
2580.00 -0.7873 -0.3246 -0.7869 -0.7835 -0.7744 -0.2787
2590.00 -0.6076 -0.3735 -0.6151 -0.6144 -0.6163 -0.2991
2600.00 -0.5908 -0.3901 -0.5876 -0.5875 -0.5921 -0.3216
2610.00 -0.7666 -0.3877 -0.7571 -0.7521 -0.7638 -0.3231
2620.00 -0.7496 -0.3483 -0.7469 -0.7493 -0.7417 -0.3076
2630.00 -0.7119 -0.3655 -0.7113 -0.7120 -0.7079 -0.3123
2640.00 -0.9433 -0.2964 -0.9343 -0.9336 -0.9318 -0.2898
2650.00 -0.9031 -0.3558 -0.8994 -0.9012 -0.9067 -0.3251
2660.00 -0.7957 -0.3756 -0.7887 -0.7886 -0.7866 -0.3060
2670.00 -0.6162 -0.3892 -0.6158 -0.6145 -0.6294 -0.3142
2680.00 -0.4959 -0.3940 -0.4973 -0.5003 -0.4987 -0.3074
2690.00 -0.5212 -0.4303 -0.5137 -0.5135 -0.5165 -0.3344
2700.00 -0.9222 -0.2409 -0.9233 -0.9239 -0.9117 -0.2970
2710.00 -1.6302 -0.2274 -1.6265 -1.6170 -1.6188 -0.2883
2720.00 -0.4721 -0.4059 -0.4688 -0.4796 -0.4691 -0.3104
2730.00 -0.4858 -0.3831 -0.4883 -0.4872 -0.4835 -0.2893
2740.00 -0.5497 -0.3983 -0.5434 -0.5421 -0.5458 -0.3251
2750.00 -0.6550 -0.3999 -0.6420 -0.6529 -0.6548 -0.3182
2760.00 -0.7706 -0.3552 -0.7681 -0.7723 -0.7764 -0.3280
2770.00 -1.1407 -0.2927 -1.1398 -1.1401 -1.1421 -0.2968
2780.00 -0.7100 -0.3904 -0.7058 -0.7055 -0.7034 -0.3079
2790.00 -0.4954 -0.3805 -0.4978 -0.4947 -0.4877 -0.3101
2800.00 -0.6983 -0.3813 -0.6913 -0.6926 -0.6922 -0.3360
2810.00 -0.9354 -0.3419 -0.9372 -0.9339 -0.9350 -0.3233
2820.00 -0.9357 -0.3566 -0.9331 -0.9380 -0.9303 -0.3252
2830.00 -0.7078 -0.3470 -0.7106 -0.7054 -0.7109 -0.2802
2840.00 -0.5937 -0.4154 -0.5914 -0.5921 -0.5950 -0.3299
2850.00 -0.5297 -0.3713 -0.5255 -0.5243 -0.5277 -0.3034
2860.00 -1.2468 -0.3055 -1.2433 -1.2420 -1.2326 -0.3206
2870.00 -0.6801 -0.3661 -0.6782 -0.6841 -0.6782 -0.2977
2880.00 -0.5590 -0.3919 -0.5557 -0.5589 -0.5583 -0.3147
2890.00 -0.6288 -0.3969 -0.6375 -0.6345 -0.6335 -0.3237
2900.00 -0.9198 -0.3197 -0.9029 -0.9106 -0.9204 -0.3239
2910.00 -1.0201 -0.3434 -1.0283 -1.0192 -1.0233 -0.2998
2920.00 -0.6707 -0.3483 -0.6767 -0.6838 -0.6760 -0.2891
2930.00 -0.7297 -0.4053 -0.7259 -0.7308 -0.7287 -0.3289
2940.00 -0.4963 -0.3590 -0.4979 -0.5017 -0.4962 -0.2935
2950.00 -0.7525 -0.3748 -0.7497 -0.7525 -0.7513 -0.3192
2960.00 -0.8085 -0.3587 -0.8096 -0.8074 -0.8021 -0.3190
2970.00 -1.2369 -0.2888 -1.2280 -1.2234 -1.2329 -0.3058
2980.00 -0.6438 -0.3692 -0.6508 -0.6456 -0.6515 -0.3001
2990.00 -0.5567 -0.3946 -0.5630 -0.5665 -0.5641 -0.3086
3000.00 -0.6777 -0.4107 -0.6762 -0.6728 -0.6767 -0.3163
3010.00 -0.5450 -0.3767 -0.5401 -0.5451 -0.5437 -0.3070
3020.00 -1.1845 -0.3008 -1.1801 -1.1814 -1.1837 -0.3146
3030.00 -0.5039 -0.3825 -0.4984 -0.5015 -0.5046 -0.3023
3040.00 -0.8442 -0.3915 -0.8526 -0.8475 -0.8492 -0.3354
3050.00 -0.6816 -0.3281 -0.6798 -0.6817 -0.6850 -0.2762
3060.00 -0.9052 -0.3857 -0.8971 -0.9045 -0.9011 -0.3399
3070.00 -0.5658 -0.3698 -0.5690 -0.5588 -0.5701 -0.2931
3080.00 -1.0170 -0.3579 -1.0155 -1.0235 -1.0249 -0.3441
3090.00 -0.6029 -0.3274 -0.6039 -0.6047 -0.5975 -0.2802
3100.00 -0.8874 -0.3489 -0.8849 -0.8784 -0.8791 -0.2935
3110.00 -0.8707 -0.3968 -0.8721 -0.8746 -0.8615 -0.3349
3120.00 -0.6212 -0.3942 -0.6175 -0.6266 -0.6148 -0.3182
3130.00 -0.7068 -0.3498 -0.7161 -0.7096 -0.7068 -0.2924
3140.00 -0.4433 -0.4049 -0.4396 -0.4447 -0.4475 -0.3158
3150.00 -0.9438 -0.3401 -0.9464 -0.9421 -0.9442 -0.3405
3160.00 -1.2415 -0.2911 -1.2400 -1.2278 -1.2511 -0.2930
3170.00 -0.5942 -0.3756 -0.5833 -0.5910 -0.5854 -0.2921
3180.00 -0.4563 -0.3856 -0.4532 -0.4591 -0.4513 -0.2933
3190.00 -0.6606 -0.4017 -0.6638 -0.6581 -0.6613 -0.3289
3200.00 -0.7075 -0.4048 -0.7254 -0.7220 -0.7164 -0.3387
3210.00 -1.3968 -0.2538 -1.3882 -1.3949 -1.4024 -0.3203
3220.00 -0.5351 -0.3629 -0.5397 -0.5345 -0.5327 -0.2819
3230.00 -0.5563 -0.3869 -0.5550 -0.5523 -0.5560 -0.2963
3240.00 -0.4961 -0.4099 -0.5018 -0.4954 -0.4944 -0.3239
3250.00 -0.9473 -0.3644 -0.9376 -0.9350 -0.9411 -0.3371
3260.00 -0.8245 -0.3073 -0.8209 -0.8290 -0.8176 -0.2930
3270.00 -0.8657 -0.3855 -0.8607 -0.8625 -0.8620 -0.3284
3280.00 -0.5797 -0.4127 -0.5730 -0.5694 -0.5771 -0.3270
3290.00 -0.6949 -0.3505 -0.7000 -0.7018 -0.6937 -0.2904
3300.00 -1.0454 -0.3249 -1.0370 -1.0473 -1.0382 -0.3316
3310.00 -0.8182 -0.3548 -0.8184 -0.8158 -0.8210 -0.2936
3320.00 -0.6144 -0.3734 -0.6206 -0.6135 -0.6157 -0.3134
3330.00 -0.6866 -0.4022 -0.6868 -0.6868 -0.6873 -0.3135
3340.00 -0.5439 -0.3774 -0.5384 -0.5423 -0.5427 -0.3162
3350.00 -1.0005 -0.3246 -1.0013 -1.0124 -1.0075 -0.3146
3360.00 -0.7124 -0.3625 -0.7219 -0.7150 -0.7110 -0.3000
3370.00 -0.7666 -0.3980 -0.7676 -0.7741 -0.7755 -0.3414
3380.00 -0.9954 -0.3323 -1.0067 -1.0025 -1.0074 -0.3339
3390.00 -0.6455 -0.3660 -0.6375 -0.6387 -0.6312 -0.2899
3400.00 -0.5381 -0.4147 -0.5323 -0.5400 -0.5366 -0.3252
3410.00 -0.8213 -0.3073 -0.8380 -0.8210 -0.8234 -0.2898
3420.00 -0.9644 -0.3693 -0.9675 -0.9699 -0.9702 -0.3257
3430.00 -0.5761 -0.3605 -0.5824 -0.5764 -0.5790 -0.3072
3440.00 -0.8957 -0.3587 -0.8988 -0.8905 -0.8890 -0.3084
3450.00 -0.5463 -0.3955 -0.5307 -0.5404 -0.5401 -0.3150
3460.00 -1.1170 -0.3237 -1.1181 -1.1188 -1.1145 -0.3205
3470.00 -0.5588 -0.3750 -0.5511 -0.5544 -0.5548 -0.2968
3480.00 -0.7687 -0.3567 -0.7685 -0.7653 -0.7720 -0.3108
3490.00 -0.6838 -0.3907 -0.6820 -0.6821 -0.6851 -0.3162
3500.00 -0.6064 -0.4065 -0.5985 -0.5915 -0.6008 -0.3144
3510.00 -0.6590 -0.3349 -0.6561 -0.6580 -0.6609 -0.2970
3520.00 -1.5046 -0.2775 -1.5177 -1.5046 -1.5019 -0.3341
3530.00 -0.4848 -0.3879 -0.4886 -0.4937 -0.4904 -0.3002
3540.00 -0.5059 -0.3576 -0.5064 -0.5086 -0.5086 -0.2803
3550.00 -0.6411 -0.4071 -0.6351 -0.6420 -0.6390 -0.3281
3560.00 -0.7631 -0.3884 -0.7699 -0.7700 -0.7723 -0.3340
3570.00 -0.9783 -0.3615 -0.9749 -0.9872 -0.9761 -0.3302
3580.00 -0.6429 -0.3510 -0.6338 -0.6367 -0.6361 -0.3016
3590.00 -1.0299 -0.3105 -1.0158 -1.0207 -1.0312 -0.2930
3600.00 -0.6331 -0.3841 -0.6382 -0.6398 -0.6437 -0.2995
3610.00 -0.5686 -0.3830 -0.5753 -0.5692 -0.5721 -0.3168
3620.00 -0.6694 -0.3772 -0.6708 -0.6584 -0.6618 -0.3052
3630.00 -0.9711 -0.3094 -0.9740 -0.9777 -0.9770 -0.3226
3640.00 -1.0582 -0.3643 -1.0584 -1.0648 -1.0569 -0.3190
3650.00 -0.6219 -0.3404 -0.6214 -0.6232 -0.6181 -0.2860
3660.00 -0.6260 -0.4174 -0.6246 -0.6247 -0.6238 -0.3267
3670.00 -0.5459 -0.3772 -0.5471 -0.5414 -0.5477 -0.3015
3680.00 -0.8848 -0.3289 -0.8843 -0.8793 -0.8914 -0.3055
3690.00 -0.6289 -0.4184 -0.6414 -0.6400 -0.6398 -0.3374
3700.00 -1.1735 -0.3385 -1.1817 -1.1884 -1.1787 -0.3285
3710.00 -0.6500 -0.3298 -0.6449 -0.6413 -0.6474 -0.2818
3720.00 -0.5831 -0.4110 -0.5750 -0.5841 -0.5786 -0.3126
3730.00 -0.5787 -0.3729 -0.5768 -0.5722 -0.5814 -0.3119
3740.00 -0.8655 -0.3241 -0.8640 -0.8727 -0.8606 -0.3135
3750.00 -0.9061 -0.3739 -0.9133 -0.9113 -0.9077 -0.3272
3760.00 -0.6210 -0.3384 -0.6291 -0.6147 -0.6200 -0.2983
3770.00 -0.9384 -0.3857 -0.9342 -0.9270 -0.9146 -0.3385
3780.00 -0.7699 -0.3584 -0.7783 -0.7680 -0.7800 -0.3031
3790.00 -0.5269 -0.3715 -0.5238 -0.5335 -0.5241 -0.3039
3800.00 -0.5853 -0.4002 -0.5892 -0.5917 -0.5897 -0.3135
3810.00 -1.5167 -0.2013 -1.5239 -1.5073 -1.5202 -0.3047
3820.00 -0.5909 -0.3833 -0.5821 -0.5833 -0.5803 -0.2974
3830.00 -0.6222 -0.3917 -0.6237 -0.6225 -0.6224 -0.3166
3840.00 -0.6770 -0.4001 -0.6772 -0.6861 -0.6722 -0.3226
3850.00 -0.5075 -0.3835 -0.5126 -0.5093 -0.5100 -0.3075
3860.00 -0.7006 -0.3852 -0.7051 -0.7010 -0.6994 -0.3125
3870.00 -0.6921 -0.3871 -0.6924 -0.6878 -0.6979 -0.3347
3880.00 -1.6122 -0.1942 -1.5914 -1.6097 -1.5941 -0.3097
3890.00 -0.6751 -0.3618 -0.6763 -0.6799 -0.6809 -0.2923
3900.00 -0.4588 -0.3879 -0.4559 -0.4534 -0.4554 -0.2964
3910.00 -0.5879 -0.3992 -0.5865 -0.5873 -0.5884 -0.3111
3920.00 -0.5731 -0.3751 -0.5772 -0.5689 -0.5699 -0.3063
3930.00 -0.8945 -0.3660 -0.9020 -0.8930 -0.8919 -0.3309
3940.00 -0.7269 -0.3831 -0.7166 -0.7199 -0.7236 -0.3211
3950.00 -0.9909 -0.3317 -1.0057 -0.9975 -0.9957 -0.3105
3960.00 -0.5739 -0.3818 -0.5770 -0.5697 -0.5724 -0.3144
3970.00 -0.7614 -0.3781 -0.7546 -0.7600 -0.7624 -0.3261
3980.00 -0.5784 -0.3347 -0.5695 -0.5715 -0.5807 -0.2951
3990.00 -1.1371 -0.3534 -1.1375 -1.1399 -1.1318 -0.3173
4000.00 -0.7605 -0.3777 -0.7608 -0.7557 -0.7623 -0.3159
