10.00 -0.4618 -0.4754 -0.4703 -0.4629 -0.4695 -0.3088
20.00 -0.4789 -0.4789 -0.4691 -0.4758 -0.4814 -0.3187
30.00 -0.4873 -0.4961 -0.4677 -0.4679 -0.4875 -0.3025
40.00 -0.4769 -0.4929 -0.4805 -0.4881 -0.4830 -0.3117
50.00 -0.4728 -0.4819 -0.4733 -0.4736 -0.4846 -0.3281
60.00 -0.4754 -0.4694 -0.4730 -0.4770 -0.4700 -0.3050
70.00 -0.4803 -0.4642 -0.4659 -0.4825 -0.4796 -0.3149
80.00 -0.4861 -0.4800 -0.4854 -0.4835 -0.4940 -0.3115
90.00 -0.4855 -0.4793 -0.4769 -0.4767 -0.4712 -0.3258
100.00 -0.4837 -0.4629 -0.4768 -0.4758 -0.4826 -0.3063
110.00 -0.4676 -0.4641 -0.4515 -0.4608 -0.4614 -0.3028
120.00 -0.4784 -0.4865 -0.4823 -0.5006 -0.4885 -0.3190
130.00 -0.4717 -0.4724 -0.4816 -0.4567 -0.4713 -0.3078
140.00 -0.5111 -0.5042 -0.5042 -0.4972 -0.5012 -0.3339
150.00 -0.4524 -0.4513 -0.4754 -0.4639 -0.4612 -0.3029
160.00 -0.4656 -0.4737 -0.4739 -0.4633 -0.4572 -0.3075
170.00 -0.4828 -0.4745 -0.4824 -0.4682 -0.4830 -0.3103
180.00 -0.4862 -0.4716 -0.4719 -0.4747 -0.4806 -0.3167
190.00 -0.4834 -0.4785 -0.4861 -0.4910 -0.4952 -0.3238
200.00 -0.4462 -0.4415 -0.4364 -0.4442 -0.4398 -0.2897
210.00 -0.5070 -0.5049 -0.5134 -0.5171 -0.4989 -0.3267
220.00 -0.5011 -0.4930 -0.4810 -0.4937 -0.4886 -0.3204
230.00 -0.4426 -0.4372 -0.4389 -0.4394 -0.4524 -0.2848
240.00 -0.5045 -0.5066 -0.4931 -0.5156 -0.5122 -0.3248
250.00 -0.4735 -0.4734 -0.4499 -0.4678 -0.4823 -0.3242
260.00 -0.4691 -0.4827 -0.4834 -0.4806 -0.4845 -0.3162
270.00 -0.4649 -0.4784 -0.4720 -0.4737 -0.4801 -0.3211
280.00 -0.4873 -0.4796 -0.4821 -0.4771 -0.4919 -0.3162
290.00 -0.4658 -0.4753 -0.4789 -0.4724 -0.4696 -0.3009
300.00 -0.4692 -0.4707 -0.4638 -0.4639 -0.4681 -0.3038
310.00 -0.4889 -0.4881 -0.4756 -0.4918 -0.4860 -0.3203
320.00 -0.4653 -0.4500 -0.4555 -0.4560 -0.4570 -0.3081
330.00 -0.5118 -0.5035 -0.5030 -0.5054 -0.5106 -0.3301
340.00 -0.4589 -0.4370 -0.4556 -0.4447 -0.4532 -0.2959
350.00 -0.5014 -0.4909 -0.4959 -0.4990 -0.5064 -0.3182
360.00 -0.4860 -0.4757 -0.4901 -0.4964 -0.4881 -0.3183
370.00 -0.4495 -0.4456 -0.4580 -0.4641 -0.4482 -0.2910
380.00 -0.5028 -0.4813 -0.4926 -0.5087 -0.4980 -0.3269
390.00 -0.4872 -0.4734 -0.4908 -0.4914 -0.4880 -0.3294
400.00 -0.4566 -0.4567 -0.4494 -0.4679 -0.4597 -0.3001
410.00 -0.4976 -0.4985 -0.4979 -0.5021 -0.5074 -0.3272
420.00 -0.4748 -0.4438 -0.4597 -0.4723 -0.4736 -0.3078
430.00 -0.4951 -0.4811 -0.4816 -0.4870 -0.4816 -0.3147
440.00 -0.4856 -0.4782 -0.4701 -0.4806 -0.4759 -0.3048
450.00 -0.4866 -0.4953 -0.4692 -0.4785 -0.4814 -0.3360
460.00 -0.4927 -0.5065 -0.4989 -0.5053 -0.5000 -0.3151
470.00 -0.4762 -0.4863 -0.4670 -0.4706 -0.4814 -0.3137
480.00 -0.4853 -0.4866 -0.4915 -0.4983 -0.4928 -0.3159
490.00 -0.4593 -0.4538 -0.4503 -0.4759 -0.4565 -0.3177
500.00 -0.4574 -0.4737 -0.4690 -0.4554 -0.4638 -0.3120
510.00 -0.4821 -0.4899 -0.4900 -0.4801 -0.4833 -0.3045
520.00 -0.4813 -0.4891 -0.4891 -0.4943 -0.5001 -0.3157
530.00 -0.4856 -0.4736 -0.4890 -0.4785 -0.4943 -0.3204
540.00 -0.4592 -0.4602 -0.4599 -0.4626 -0.4476 -0.2947
550.00 -0.4850 -0.4865 -0.4962 -0.4902 -0.4922 -0.3248
560.00 -0.4722 -0.4724 -0.4812 -0.4819 -0.4816 -0.3077
570.00 -0.4696 -0.4774 -0.4729 -0.4649 -0.4761 -0.3175
580.00 -0.4898 -0.4845 -0.4946 -0.4947 -0.4780 -0.3169
590.00 -0.4740 -0.4751 -0.4784 -0.4701 -0.4704 -0.3016
600.00 -0.4683 -0.4585 -0.4655 -0.4607 -0.4703 -0.3006
610.00 -0.4780 -0.4841 -0.4833 -0.4729 -0.4882 -0.3369
620.00 -0.4539 -0.4465 -0.4600 -0.4476 -0.4429 -0.2852
630.00 -0.5239 -0.4998 -0.5157 -0.5180 -0.5077 -0.3239
640.00 -0.4685 -0.4763 -0.4734 -0.4718 -0.4622 -0.3095
650.00 -0.4848 -0.4883 -0.4967 -0.4824 -0.4749 -0.3189
660.00 -0.4730 -0.4815 -0.4785 -0.4726 -0.4577 -0.3191
670.00 -0.4716 -0.4757 -0.4743 -0.4808 -0.4674 -0.3014
680.00 -0.5006 -0.4953 -0.4818 -0.4789 -0.4834 -0.3196
690.00 -0.4535 -0.4519 -0.4504 -0.4506 -0.4539 -0.2932
700.00 -0.4928 -0.4885 -0.4836 -0.4921 -0.4906 -0.3248
710.00 -0.4826 -0.4923 -0.4765 -0.4888 -0.4725 -0.3111
720.00 -0.4963 -0.5102 -0.5006 -0.5031 -0.5121 -0.3326
730.00 -0.4568 -0.4563 -0.4410 -0.4443 -0.4472 -0.3063
740.00 -0.4754 -0.4771 -0.4805 -0.4768 -0.4848 -0.3027
750.00 -0.4839 -0.4759 -0.4627 -0.4793 -0.4736 -0.3137
760.00 -0.4701 -0.4759 -0.4693 -0.4666 -0.4519 -0.3139
770.00 -0.5168 -0.5012 -0.4971 -0.4958 -0.5019 -0.3152
780.00 -0.5008 -0.4944 -0.5054 -0.4977 -0.4804 -0.3104
790.00 -0.4639 -0.4602 -0.4502 -0.4523 -0.4625 -0.3061
800.00 -0.4822 -0.4681 -0.4745 -0.4635 -0.4763 -0.3138
810.00 -0.4847 -0.4997 -0.4969 -0.4866 -0.5024 -0.3207
820.00 -0.4723 -0.4852 -0.4731 -0.4617 -0.4806 -0.3162
830.00 -0.4634 -0.4750 -0.4573 -0.4674 -0.4577 -0.3187
840.00 -0.4638 -0.4635 -0.4755 -0.4884 -0.4926 -0.3049
850.00 -0.4679 -0.4781 -0.4702 -0.4808 -0.4793 -0.3092
860.00 -0.4791 -0.4783 -0.4788 -0.4753 -0.4789 -0.3074
870.00 -0.4871 -0.4957 -0.4883 -0.5017 -0.4907 -0.3269
880.00 -0.4922 -0.4946 -0.4841 -0.4947 -0.4979 -0.3152
890.00 -0.4941 -0.4869 -0.4751 -0.4908 -0.4890 -0.3135
900.00 -0.4842 -0.4909 -0.4885 -0.4950 -0.4976 -0.3266
910.00 -0.4833 -0.4806 -0.4712 -0.4826 -0.4562 -0.3139
920.00 -0.4701 -0.4745 -0.4572 -0.4682 -0.4588 -0.3103
930.00 -0.4758 -0.4834 -0.4731 -0.4812 -0.4743 -0.2961
940.00 -0.4735 -0.4669 -0.4829 -0.4578 -0.4720 -0.3057
950.00 -0.4802 -0.4789 -0.4879 -0.4879 -0.4696 -0.3068
960.00 -0.4547 -0.4511 -0.4611 -0.4655 -0.4664 -0.3107
970.00 -0.4939 -0.4953 -0.4942 -0.5003 -0.4726 -0.3140
980.00 -0.4840 -0.4904 -0.4943 -0.4940 -0.4718 -0.3247
990.00 -0.4590 -0.4495 -0.4589 -0.4613 -0.4576 -0.3106
1000.00 -0.4807 -0.4915 -0.4810 -0.4908 -0.4888 -0.3208
1010.00 -0.4641 -0.4529 -0.4374 -0.4578 -0.4570 -0.3048
1020.00 -0.4899 -0.4786 -0.4858 -0.4779 -0.4709 -0.3232
1030.00 -0.4642 -0.4637 -0.4603 -0.4684 -0.4633 -0.2951
1040.00 -0.4977 -0.5144 -0.5096 -0.4951 -0.5075 -0.3256
1050.00 -0.4743 -0.4751 -0.4715 -0.4801 -0.4760 -0.3016
1060.00 -0.5000 -0.4927 -0.4967 -0.5017 -0.5028 -0.3291
1070.00 -0.4730 -0.4722 -0.4559 -0.4738 -0.4753 -0.3070
1080.00 -0.4926 -0.4911 -0.4676 -0.4948 -0.4933 -0.3132
1090.00 -0.4879 -0.4840 -0.4721 -0.4814 -0.4838 -0.3219
1100.00 -0.4611 -0.4772 -0.4735 -0.4675 -0.4677 -0.3036
1110.00 -0.4761 -0.4780 -0.4675 -0.4671 -0.4691 -0.3127
1120.00 -0.4872 -0.4958 -0.4935 -0.4835 -0.4910 -0.3177
1130.00 -0.4801 -0.4860 -0.4794 -0.4700 -0.4762 -0.3138
1140.00 -0.4643 -0.4539 -0.4427 -0.4413 -0.4414 -0.3013
1150.00 -0.4798 -0.4878 -0.4878 -0.4908 -0.4975 -0.3187
1160.00 -0.4862 -0.4836 -0.4776 -0.4850 -0.4688 -0.3132
1170.00 -0.4939 -0.4940 -0.4671 -0.4974 -0.4859 -0.3108
1180.00 -0.4760 -0.4744 -0.4813 -0.4821 -0.4816 -0.3237
1190.00 -0.4855 -0.4832 -0.4793 -0.4714 -0.4850 -0.3093
1200.00 -0.4481 -0.4624 -0.4506 -0.4703 -0.4465 -0.2970
1210.00 -0.5091 -0.4996 -0.4651 -0.5132 -0.4952 -0.3120
1220.00 -0.4740 -0.4777 -0.4833 -0.4813 -0.4931 -0.3220
1230.00 -0.4610 -0.4520 -0.4580 -0.4451 -0.4522 -0.3003
1240.00 -0.5013 -0.5000 -0.5043 -0.5116 -0.5144 -0.3279
1250.00 -0.4856 -0.4824 -0.4742 -0.4932 -0.4888 -0.3268
1260.00 -0.4690 -0.4677 -0.4534 -0.4704 -0.4750 -0.3136
1270.00 -0.4680 -0.4647 -0.4701 -0.4691 -0.4724 -0.3088
1280.00 -0.4843 -0.4805 -0.4721 -0.4877 -0.4843 -0.3235
1290.00 -0.4974 -0.4881 -0.4968 -0.5003 -0.5081 -0.3163
1300.00 -0.4607 -0.4685 -0.4639 -0.4692 -0.4694 -0.3080
1310.00 -0.4868 -0.4662 -0.5024 -0.4900 -0.4973 -0.3281
1320.00 -0.4642 -0.4508 -0.4629 -0.4578 -0.4644 -0.3014
1330.00 -0.4985 -0.4870 -0.4861 -0.4929 -0.4857 -0.3316
1340.00 -0.4671 -0.4647 -0.4651 -0.4522 -0.4576 -0.2955
1350.00 -0.5150 -0.5010 -0.4812 -0.5038 -0.5069 -0.3239
1360.00 -0.4658 -0.4683 -0.4628 -0.4616 -0.4682 -0.3086
1370.00 -0.4913 -0.4833 -0.4792 -0.4772 -0.4899 -0.3175
1380.00 -0.4772 -0.4823 -0.4656 -0.4736 -0.4821 -0.3093
1390.00 -0.4760 -0.4718 -0.4674 -0.4635 -0.4800 -0.3092
1400.00 -0.4862 -0.4817 -0.4873 -0.4889 -0.4928 -0.3175
1410.00 -0.4757 -0.4584 -0.4637 -0.4674 -0.4706 -0.2992
1420.00 -0.5139 -0.4997 -0.4981 -0.5121 -0.4932 -0.3318
1430.00 -0.4737 -0.4706 -0.4702 -0.4631 -0.4544 -0.3041
1440.00 -0.5020 -0.4984 -0.4863 -0.5001 -0.4979 -0.3199
1450.00 -0.4598 -0.4533 -0.4584 -0.4635 -0.4485 -0.2969
1460.00 -0.4793 -0.4753 -0.4722 -0.4754 -0.4662 -0.3040
1470.00 -0.4885 -0.4614 -0.4896 -0.5012 -0.4881 -0.3136
1480.00 -0.4648 -0.4656 -0.4555 -0.4626 -0.4480 -0.2962
1490.00 -0.4901 -0.4956 -0.4761 -0.4905 -0.4974 -0.3280
1500.00 -0.4911 -0.4894 -0.4791 -0.4861 -0.4887 -0.3104
1510.00 -0.4679 -0.4691 -0.4704 -0.4635 -0.4676 -0.3131
1520.00 -0.5009 -0.4986 -0.5001 -0.4854 -0.4826 -0.3228
1530.00 -0.4627 -0.4609 -0.4685 -0.4518 -0.4694 -0.3047
1540.00 -0.4867 -0.4885 -0.4800 -0.4818 -0.4833 -0.3223
1550.00 -0.4699 -0.4711 -0.4642 -0.4557 -0.4624 -0.3166
1560.00 -0.4889 -0.4923 -0.4782 -0.4821 -0.4860 -0.3168
1570.00 -0.4627 -0.4635 -0.4687 -0.4648 -0.4666 -0.3026
1580.00 -0.4812 -0.4849 -0.4733 -0.4818 -0.4799 -0.3129
1590.00 -0.4590 -0.4651 -0.4676 -0.4647 -0.4765 -0.3090
1600.00 -0.5094 -0.5073 -0.4938 -0.4969 -0.4973 -0.3242
1610.00 -0.4446 -0.4545 -0.4497 -0.4539 -0.4510 -0.3036
1620.00 -0.4973 -0.4934 -0.4800 -0.4862 -0.4829 -0.3064
1630.00 -0.4705 -0.4724 -0.4764 -0.4728 -0.4739 -0.3181
1640.00 -0.4733 -0.4763 -0.4741 -0.4795 -0.4853 -0.3105
1650.00 -0.4644 -0.4657 -0.4817 -0.4657 -0.4729 -0.3054
1660.00 -0.4746 -0.4771 -0.4742 -0.4742 -0.4731 -0.3093
1670.00 -0.4922 -0.4900 -0.4991 -0.4838 -0.5010 -0.3237
1680.00 -0.5064 -0.4890 -0.4893 -0.4942 -0.4986 -0.3244
1690.00 -0.4543 -0.4566 -0.4429 -0.4637 -0.4563 -0.3097
1700.00 -0.4808 -0.4653 -0.4727 -0.4650 -0.4602 -0.3072
1710.00 -0.4973 -0.5041 -0.4986 -0.4963 -0.4986 -0.3174
1720.00 -0.4719 -0.4766 -0.4701 -0.4582 -0.4491 -0.2940
1730.00 -0.4648 -0.4811 -0.4564 -0.4902 -0.4620 -0.3083
1740.00 -0.4770 -0.4954 -0.4970 -0.4894 -0.4899 -0.3178
1750.00 -0.4836 -0.4721 -0.4925 -0.4917 -0.4688 -0.3177
1760.00 -0.4868 -0.4677 -0.4798 -0.4696 -0.4723 -0.3059
1770.00 -0.4688 -0.4738 -0.4656 -0.4750 -0.4710 -0.3084
1780.00 -0.4820 -0.4757 -0.4750 -0.4885 -0.4722 -0.3176
1790.00 -0.4701 -0.4641 -0.4577 -0.4674 -0.4668 -0.3058
1800.00 -0.4990 -0.4847 -0.4930 -0.4927 -0.4940 -0.3323
1810.00 -0.4803 -0.4708 -0.4824 -0.4679 -0.4826 -0.3007
1820.00 -0.4870 -0.4830 -0.4932 -0.4823 -0.4928 -0.3268
1830.00 -0.4765 -0.4833 -0.4786 -0.4868 -0.4640 -0.3142
1840.00 -0.4925 -0.4858 -0.4618 -0.4783 -0.4736 -0.3140
1850.00 -0.4852 -0.4862 -0.4683 -0.4828 -0.4759 -0.3225
1860.00 -0.4937 -0.4911 -0.4884 -0.4800 -0.4912 -0.3099
1870.00 -0.4637 -0.4539 -0.4661 -0.4600 -0.4538 -0.3012
1880.00 -0.4818 -0.4721 -0.4896 -0.4834 -0.4682 -0.3248
1890.00 -0.4979 -0.4896 -0.5002 -0.4952 -0.4923 -0.3269
1900.00 -0.4711 -0.4670 -0.4599 -0.4580 -0.4653 -0.2998
1910.00 -0.4487 -0.4541 -0.4545 -0.4525 -0.4473 -0.3050
1920.00 -0.5049 -0.5061 -0.4956 -0.4918 -0.4900 -0.3132
1930.00 -0.4843 -0.4886 -0.4934 -0.4932 -0.4975 -0.3209
1940.00 -0.4773 -0.4684 -0.4804 -0.4697 -0.4645 -0.3191
1950.00 -0.4754 -0.4611 -0.4732 -0.4758 -0.4653 -0.3072
1960.00 -0.4672 -0.4851 -0.4809 -0.4834 -0.4835 -0.3095
1970.00 -0.4797 -0.4848 -0.4802 -0.4816 -0.4739 -0.3186
1980.00 -0.4787 -0.4735 -0.4581 -0.4809 -0.4862 -0.3029
1990.00 -0.4650 -0.4744 -0.4838 -0.4783 -0.4826 -0.3193
2000.00 -0.4572 -0.4574 -0.4672 -0.4766 -0.4611 -0.3048
2010.00 -0.4870 -0.5083 -0.4967 -0.4987 -0.5028 -0.3163
2020.00 -0.4787 -0.4721 -0.4745 -0.4777 -0.4850 -0.3214
2030.00 -0.4674 -0.4560 -0.4610 -0.4612 -0.4610 -0.3078
2040.00 -0.4651 -0.4792 -0.4732 -0.4760 -0.4651 -0.3056
2050.00 -0.4904 -0.4927 -0.4880 -0.4865 -0.4936 -0.3232
2060.00 -0.4718 -0.4808 -0.4921 -0.4691 -0.4853 -0.3041
2070.00 -0.4895 -0.4659 -0.4660 -0.4672 -0.4568 -0.3042
2080.00 -0.4826 -0.4739 -0.4767 -0.4830 -0.4799 -0.3132
2090.00 -0.5013 -0.5000 -0.4912 -0.4944 -0.4981 -0.3250
2100.00 -0.4664 -0.4513 -0.4552 -0.4567 -0.4672 -0.2997
2110.00 -0.5016 -0.4951 -0.5023 -0.5175 -0.5173 -0.3344
2120.00 -0.4528 -0.4565 -0.4595 -0.4499 -0.4534 -0.3074
2130.00 -0.4714 -0.4683 -0.4914 -0.4883 -0.4823 -0.3124
2140.00 -0.5004 -0.4948 -0.5068 -0.4761 -0.4899 -0.3286
2150.00 -0.4847 -0.4783 -0.4970 -0.4848 -0.4831 -0.3080
2160.00 -0.4587 -0.4552 -0.4649 -0.4502 -0.4550 -0.3069
2170.00 -0.4760 -0.4866 -0.4806 -0.4665 -0.4850 -0.3076
2180.00 -0.4628 -0.4709 -0.4746 -0.4757 -0.4852 -0.3238
2190.00 -0.4917 -0.4929 -0.4728 -0.4929 -0.4861 -0.3234
2200.00 -0.4795 -0.4741 -0.4792 -0.4555 -0.4796 -0.2975
2210.00 -0.4650 -0.4773 -0.4711 -0.4650 -0.4730 -0.3182
2220.00 -0.4609 -0.4711 -0.4822 -0.4821 -0.4821 -0.3096
2230.00 -0.4896 -0.4809 -0.4798 -0.4824 -0.4867 -0.3178
2240.00 -0.4731 -0.4780 -0.4678 -0.4667 -0.4812 -0.3161
2250.00 -0.4870 -0.4903 -0.5021 -0.4975 -0.5002 -0.3207
2260.00 -0.4560 -0.4504 -0.4512 -0.4552 -0.4570 -0.3046
2270.00 -0.4897 -0.4971 -0.5000 -0.4949 -0.4905 -0.3074
2280.00 -0.5012 -0.4970 -0.4921 -0.4942 -0.4856 -0.3330
2290.00 -0.4514 -0.4536 -0.4345 -0.4561 -0.4496 -0.3004
2300.00 -0.4994 -0.4747 -0.4828 -0.4932 -0.4835 -0.3153
2310.00 -0.4625 -0.4744 -0.4683 -0.4684 -0.4755 -0.3072
2320.00 -0.4851 -0.4904 -0.4764 -0.4757 -0.4751 -0.3258
2330.00 -0.4655 -0.4655 -0.4645 -0.4631 -0.4508 -0.2965
2340.00 -0.5051 -0.5218 -0.5025 -0.5267 -0.5123 -0.3356
2350.00 -0.4656 -0.4585 -0.4655 -0.4668 -0.4546 -0.3032
2360.00 -0.4813 -0.4785 -0.4783 -0.4878 -0.4605 -0.3084
2370.00 -0.4599 -0.4612 -0.4713 -0.4612 -0.4710 -0.3151
2380.00 -0.4822 -0.4776 -0.4716 -0.4801 -0.4685 -0.3153
2390.00 -0.5106 -0.5156 -0.5105 -0.5072 -0.5151 -0.3210
2400.00 -0.4588 -0.4649 -0.4723 -0.4728 -0.4665 -0.2944
2410.00 -0.4677 -0.4600 -0.4716 -0.4744 -0.4680 -0.3084
2420.00 -0.4842 -0.4840 -0.4798 -0.4769 -0.4803 -0.3213
2430.00 -0.4716 -0.4840 -0.4795 -0.4806 -0.4840 -0.3226
2440.00 -0.4594 -0.4601 -0.4542 -0.4514 -0.4602 -0.2926
2450.00 -0.4768 -0.4906 -0.4880 -0.4862 -0.4835 -0.3199
2460.00 -0.4837 -0.4627 -0.4776 -0.4762 -0.4815 -0.3170
2470.00 -0.4742 -0.4925 -0.4816 -0.4815 -0.4849 -0.3139
2480.00 -0.4617 -0.4632 -0.4601 -0.4751 -0.4698 -0.3090
2490.00 -0.5143 -0.5214 -0.5284 -0.5106 -0.5241 -0.3341
2500.00 -0.4622 -0.4610 -0.4550 -0.4515 -0.4599 -0.3108
2510.00 -0.4945 -0.4821 -0.4760 -0.4804 -0.4851 -0.3099
2520.00 -0.4697 -0.4692 -0.4783 -0.4787 -0.4877 -0.3157
2530.00 -0.5048 -0.4984 -0.5026 -0.4886 -0.5023 -0.3303
2540.00 -0.4554 -0.4706 -0.4530 -0.4689 -0.4641 -0.3068
2550.00 -0.4751 -0.4799 -0.4824 -0.4796 -0.4741 -0.3222
2560.00 -0.4655 -0.4664 -0.4747 -0.4712 -0.4704 -0.3061
2570.00 -0.5054 -0.5065 -0.4956 -0.4928 -0.4884 -0.3165
2580.00 -0.4825 -0.4677 -0.4632 -0.4721 -0.4661 -0.3099
2590.00 -0.4858 -0.4825 -0.4940 -0.4879 -0.4900 -0.3330
2600.00 -0.4745 -0.4768 -0.4798 -0.4699 -0.4740 -0.3062
2610.00 -0.4895 -0.4799 -0.4815 -0.4933 -0.4626 -0.3137
2620.00 -0.4689 -0.4749 -0.4679 -0.4773 -0.4740 -0.3139
2630.00 -0.4854 -0.4772 -0.4835 -0.4808 -0.4848 -0.3190
2640.00 -0.4679 -0.4701 -0.4515 -0.4704 -0.4634 -0.3031
2650.00 -0.4752 -0.4971 -0.4914 -0.4860 -0.4898 -0.3233
2660.00 -0.4577 -0.4603 -0.4567 -0.4704 -0.4694 -0.3068
2670.00 -0.4882 -0.4970 -0.4825 -0.5029 -0.4963 -0.3293
2680.00 -0.4877 -0.4751 -0.4765 -0.4858 -0.4782 -0.3042
2690.00 -0.4852 -0.4914 -0.4779 -0.4860 -0.4679 -0.3128
2700.00 -0.4620 -0.4766 -0.4739 -0.4527 -0.4606 -0.3050
2710.00 -0.5065 -0.5127 -0.5073 -0.5018 -0.5105 -0.3188
2720.00 -0.4853 -0.4733 -0.4688 -0.4794 -0.4682 -0.3240
2730.00 -0.4833 -0.4888 -0.4731 -0.4863 -0.4852 -0.3199
2740.00 -0.5089 -0.4909 -0.4861 -0.5050 -0.5049 -0.3138
2750.00 -0.4566 -0.4472 -0.4415 -0.4480 -0.4566 -0.3074
2760.00 -0.4818 -0.4782 -0.4835 -0.4631 -0.4777 -0.2904
2770.00 -0.4979 -0.4935 -0.4877 -0.4739 -0.4827 -0.3299
2780.00 -0.4972 -0.4970 -0.5052 -0.4722 -0.5049 -0.3277
2790.00 -0.4499 -0.4613 -0.4545 -0.4481 -0.4491 -0.2989
2800.00 -0.4897 -0.4976 -0.4897 -0.4861 -0.4891 -0.3221
2810.00 -0.4596 -0.4607 -0.4582 -0.4574 -0.4521 -0.3050
2820.00 -0.4818 -0.4776 -0.4831 -0.4869 -0.4789 -0.3060
2830.00 -0.4967 -0.4761 -0.5052 -0.4847 -0.4945 -0.3139
2840.00 -0.4898 -0.4877 -0.4742 -0.4852 -0.4925 -0.3268
2850.00 -0.4670 -0.4611 -0.4697 -0.4736 -0.4680 -0.3039
2860.00 -0.4813 -0.4785 -0.4838 -0.4975 -0.4804 -0.3079
2870.00 -0.4769 -0.4823 -0.4733 -0.4860 -0.4825 -0.3164
2880.00 -0.4948 -0.4928 -0.4705 -0.4935 -0.4955 -0.3209
2890.00 -0.4699 -0.4765 -0.4671 -0.4787 -0.4813 -0.3114
2900.00 -0.4574 -0.4686 -0.4681 -0.4702 -0.4723 -0.3002
2910.00 -0.4808 -0.4919 -0.4753 -0.4814 -0.4801 -0.3216
2920.00 -0.4763 -0.4855 -0.4681 -0.4772 -0.4799 -0.3045
2930.00 -0.4629 -0.4620 -0.4689 -0.4602 -0.4699 -0.3225
2940.00 -0.4755 -0.4791 -0.4727 -0.4836 -0.4827 -0.2984
2950.00 -0.4856 -0.4757 -0.4835 -0.4751 -0.4887 -0.3200
2960.00 -0.4864 -0.4802 -0.4844 -0.4733 -0.4974 -0.3230
2970.00 -0.4665 -0.4632 -0.4715 -0.4685 -0.4702 -0.2965
2980.00 -0.4741 -0.4614 -0.4673 -0.4735 -0.4774 -0.3132
2990.00 -0.4838 -0.4922 -0.4762 -0.4886 -0.4740 -0.3253
3000.00 -0.4564 -0.4635 -0.4475 -0.4616 -0.4445 -0.3014
3010.00 -0.4843 -0.4868 -0.4748 -0.4773 -0.4849 -0.3044
3020.00 -0.4937 -0.4860 -0.4851 -0.4943 -0.4857 -0.3297
3030.00 -0.4877 -0.4864 -0.4605 -0.4813 -0.4938 -0.3179
3040.00 -0.4673 -0.4684 -0.4517 -0.4758 -0.4766 -0.3067
3050.00 -0.4963 -0.5040 -0.5031 -0.4889 -0.5023 -0.3220
3060.00 -0.4433 -0.4415 -0.4484 -0.4458 -0.4379 -0.2951
3070.00 -0.5113 -0.5169 -0.5159 -0.5205 -0.5199 -0.3340
3080.00 -0.4818 -0.4727 -0.4645 -0.4863 -0.4880 -0.3229
3090.00 -0.4603 -0.4865 -0.4902 -0.5041 -0.5011 -0.3142
3100.00 -0.4377 -0.4441 -0.4598 -0.4618 -0.4564 -0.2907
3110.00 -0.4983 -0.4883 -0.4977 -0.4934 -0.5065 -0.3179
3120.00 -0.4539 -0.4502 -0.4626 -0.4608 -0.4662 -0.3070
3130.00 -0.5029 -0.4898 -0.5037 -0.4989 -0.4908 -0.3296
3140.00 -0.4982 -0.4775 -0.4943 -0.4918 -0.4700 -0.3102
3150.00 -0.4786 -0.4641 -0.4740 -0.4853 -0.4678 -0.3103
3160.00 -0.4697 -0.4670 -0.4452 -0.4730 -0.4715 -0.3066
3170.00 -0.4822 -0.4901 -0.4868 -0.4851 -0.4758 -0.3204
3180.00 -0.4839 -0.4844 -0.4931 -0.4857 -0.4811 -0.3197
3190.00 -0.4743 -0.4698 -0.4686 -0.4733 -0.4600 -0.3064
3200.00 -0.4552 -0.4662 -0.4625 -0.4586 -0.4538 -0.3112
3210.00 -0.4884 -0.4794 -0.4838 -0.4795 -0.4782 -0.3073
3220.00 -0.4976 -0.4960 -0.5024 -0.5090 -0.5039 -0.3290
3230.00 -0.4488 -0.4547 -0.4494 -0.4520 -0.4548 -0.2850
3240.00 -0.4999 -0.4864 -0.4973 -0.5014 -0.4917 -0.3177
3250.00 -0.4796 -0.4637 -0.4684 -0.4702 -0.4624 -0.2983
3260.00 -0.5186 -0.5152 -0.5136 -0.5197 -0.5089 -0.3559
3270.00 -0.4502 -0.4468 -0.4412 -0.4500 -0.4499 -0.2929
3280.00 -0.4785 -0.4747 -0.4642 -0.4726 -0.4732 -0.3057
3290.00 -0.4913 -0.4960 -0.4846 -0.4905 -0.4943 -0.3127
3300.00 -0.4461 -0.4546 -0.4632 -0.4580 -0.4578 -0.3128
3310.00 -0.4894 -0.4879 -0.4755 -0.4914 -0.4781 -0.3123
3320.00 -0.4784 -0.4765 -0.4567 -0.4753 -0.4557 -0.2994
3330.00 -0.5030 -0.5145 -0.5018 -0.5039 -0.4998 -0.3376
3340.00 -0.4925 -0.5024 -0.4713 -0.5007 -0.5084 -0.3110
3350.00 -0.4835 -0.4775 -0.4712 -0.4818 -0.4794 -0.3140
3360.00 -0.4680 -0.4688 -0.4567 -0.4529 -0.4648 -0.3147
3370.00 -0.4891 -0.5002 -0.4728 -0.4722 -0.4951 -0.2971
3380.00 -0.4791 -0.4898 -0.4867 -0.4589 -0.4875 -0.3216
3390.00 -0.4540 -0.4541 -0.4503 -0.4610 -0.4711 -0.2967
3400.00 -0.5182 -0.5071 -0.5006 -0.5089 -0.5175 -0.3391
3410.00 -0.4585 -0.4611 -0.4577 -0.4729 -0.4567 -0.2969
3420.00 -0.4837 -0.4761 -0.4815 -0.4823 -0.4853 -0.3198
3430.00 -0.4895 -0.4981 -0.4963 -0.4987 -0.5023 -0.3116
3440.00 -0.4880 -0.4751 -0.4737 -0.4786 -0.4851 -0.3163
3450.00 -0.4450 -0.4472 -0.4477 -0.4433 -0.4397 -0.2980
3460.00 -0.5092 -0.5012 -0.4973 -0.5006 -0.4884 -0.3285
3470.00 -0.4789 -0.4746 -0.4728 -0.4741 -0.4663 -0.3123
3480.00 -0.4632 -0.4661 -0.4629 -0.4618 -0.4646 -0.3064
3490.00 -0.5072 -0.5074 -0.5159 -0.4988 -0.5065 -0.3281
3500.00 -0.4655 -0.4725 -0.4575 -0.4710 -0.4619 -0.2931
3510.00 -0.4817 -0.4911 -0.4785 -0.4843 -0.4693 -0.3189
3520.00 -0.4520 -0.4566 -0.4612 -0.4588 -0.4498 -0.3034
3530.00 -0.5069 -0.4956 -0.5057 -0.5094 -0.4884 -0.3263
3540.00 -0.4799 -0.4838 -0.4848 -0.4728 -0.4820 -0.3022
3550.00 -0.4526 -0.4398 -0.4423 -0.4409 -0.4561 -0.2969
3560.00 -0.4906 -0.4875 -0.4859 -0.4832 -0.4793 -0.3245
3570.00 -0.4834 -0.4881 -0.4909 -0.4970 -0.4975 -0.3202
3580.00 -0.4688 -0.4798 -0.4846 -0.4844 -0.4737 -0.3250
3590.00 -0.4845 -0.4936 -0.4865 -0.4981 -0.4877 -0.3110
3600.00 -0.4809 -0.4939 -0.4867 -0.4888 -0.4838 -0.3138
3610.00 -0.4678 -0.4598 -0.4645 -0.4746 -0.4590 -0.3016
3620.00 -0.4811 -0.5019 -0.4831 -0.4942 -0.4815 -0.3321
3630.00 -0.4761 -0.4605 -0.4659 -0.4729 -0.4655 -0.3050
3640.00 -0.4987 -0.4912 -0.4795 -0.4998 -0.4880 -0.3119
3650.00 -0.4827 -0.4863 -0.4831 -0.4904 -0.4773 -0.3219
3660.00 -0.4753 -0.4769 -0.4736 -0.4765 -0.4690 -0.3179
3670.00 -0.4692 -0.4647 -0.4699 -0.4633 -0.4702 -0.3169
3680.00 -0.4889 -0.5089 -0.5147 -0.4997 -0.5054 -0.3279
3690.00 -0.4668 -0.4716 -0.4677 -0.4609 -0.4555 -0.2970
3700.00 -0.4834 -0.5021 -0.4968 -0.4954 -0.4863 -0.3205
3710.00 -0.4669 -0.4728 -0.4639 -0.4735 -0.4637 -0.3167
3720.00 -0.4723 -0.4611 -0.4615 -0.4699 -0.4528 -0.2984
3730.00 -0.4865 -0.4959 -0.5032 -0.4913 -0.4903 -0.3192
3740.00 -0.4753 -0.4789 -0.4850 -0.4679 -0.4751 -0.3165
3750.00 -0.4804 -0.4702 -0.4669 -0.4752 -0.4673 -0.3023
3760.00 -0.4672 -0.4804 -0.4950 -0.4782 -0.4816 -0.3199
3770.00 -0.4815 -0.4891 -0.4985 -0.4851 -0.4888 -0.3154
3780.00 -0.4742 -0.4895 -0.4876 -0.4816 -0.4778 -0.3074
3790.00 -0.4787 -0.4778 -0.4752 -0.4706 -0.4763 -0.3138
3800.00 -0.4963 -0.4834 -0.4927 -0.4951 -0.4889 -0.3314
3810.00 -0.4705 -0.4739 -0.4694 -0.4701 -0.4618 -0.3189
3820.00 -0.5013 -0.5148 -0.5035 -0.5052 -0.5052 -0.3246
3830.00 -0.4480 -0.4370 -0.4394 -0.4446 -0.4454 -0.2820
3840.00 -0.5014 -0.4982 -0.4940 -0.4869 -0.5011 -0.3230
3850.00 -0.4401 -0.4586 -0.4651 -0.4628 -0.4550 -0.3061
3860.00 -0.4823 -0.4936 -0.4893 -0.4967 -0.4919 -0.3261
3870.00 -0.4727 -0.4906 -0.4806 -0.4646 -0.4768 -0.3117
3880.00 -0.4770 -0.4841 -0.4807 -0.4871 -0.4854 -0.3217
3890.00 -0.4663 -0.4729 -0.4652 -0.4718 -0.4697 -0.3010
3900.00 -0.4761 -0.4568 -0.4786 -0.4780 -0.4689 -0.3130
3910.00 -0.4848 -0.4743 -0.4900 -0.4830 -0.4696 -0.3053
3920.00 -0.4964 -0.4874 -0.4995 -0.5016 -0.4961 -0.3329
3930.00 -0.4599 -0.4699 -0.4427 -0.4502 -0.4613 -0.3087
3940.00 -0.4895 -0.4822 -0.4825 -0.4661 -0.4762 -0.3083
3950.00 -0.4897 -0.4909 -0.4937 -0.4948 -0.4864 -0.3205
3960.00 -0.4796 -0.4957 -0.4757 -0.4890 -0.4886 -0.3117
3970.00 -0.4698 -0.4735 -0.4648 -0.4700 -0.4774 -0.3082
3980.00 -0.4746 -0.4743 -0.4604 -0.4614 -0.4760 -0.3095
3990.00 -0.4811 -0.4936 -0.4823 -0.4966 -0.4939 -0.3258
4000.00 -0.4613 -0.4759 -0.4615 -0.4655 -0.4709 -0.3075
