10.00 -0.8653 -0.8665 -0.8586 -0.3418 -0.8696 -0.3010
20.00 -0.7122 -0.7190 -0.7167 -0.3746 -0.7165 -0.3177
30.00 -0.7481 -0.7462 -0.7524 -0.3246 -0.7519 -0.2865
40.00 -0.7339 -0.7323 -0.7432 -0.3884 -0.7415 -0.3304
50.00 -0.8511 -0.8527 -0.8563 -0.3474 -0.8534 -0.3041
60.00 -0.6471 -0.6502 -0.6481 -0.3923 -0.6504 -0.3275
70.00 -0.6457 -0.6433 -0.6429 -0.3677 -0.6508 -0.3140
80.00 -1.8472 -1.8373 -1.8604 -0.1588 -1.8397 -0.2826
90.00 -0.4462 -0.4433 -0.4431 -0.3785 -0.4437 -0.2991
100.00 -0.4943 -0.4942 -0.5029 -0.4222 -0.4883 -0.3193
110.00 -0.5256 -0.5270 -0.5309 -0.4129 -0.5275 -0.3177
120.00 -1.0291 -1.0069 -1.0197 -0.2684 -1.0265 -0.3129
130.00 -1.2203 -1.2308 -1.2295 -0.3026 -1.2210 -0.2976
140.00 -0.5362 -0.5343 -0.5468 -0.3880 -0.5405 -0.2960
150.00 -0.6467 -0.6470 -0.6444 -0.3993 -0.6448 -0.3313
160.00 -1.0771 -1.0606 -1.0771 -0.3100 -1.0754 -0.3165
170.00 -0.8871 -0.8993 -0.8983 -0.3376 -0.8905 -0.3139
180.00 -0.7260 -0.7240 -0.7174 -0.3399 -0.7213 -0.2909
190.00 -0.6511 -0.6485 -0.6493 -0.3936 -0.6540 -0.3275
200.00 -0.9075 -0.9175 -0.9089 -0.3489 -0.9063 -0.3175
210.00 -0.5302 -0.5380 -0.5330 -0.4096 -0.5301 -0.3107
220.00 -1.7549 -1.7457 -1.7467 -0.1864 -1.7485 -0.3324
230.00 -0.6442 -0.6460 -0.6436 -0.3368 -0.6511 -0.2685
240.00 -0.4911 -0.4914 -0.4879 -0.3975 -0.4886 -0.3060
250.00 -0.5056 -0.5026 -0.5008 -0.4040 -0.5009 -0.3136
260.00 -0.6153 -0.6137 -0.6098 -0.3796 -0.6085 -0.3185
270.00 -0.6308 -0.6320 -0.6317 -0.3750 -0.6308 -0.3198
280.00 -1.9927 -1.9982 -1.9915 -0.1007 -2.0032 -0.3027
290.00 -0.4977 -0.4977 -0.4986 -0.3701 -0.4930 -0.2949
300.00 -0.5292 -0.5317 -0.5332 -0.4054 -0.5339 -0.2978
310.00 -0.6150 -0.6090 -0.6092 -0.3826 -0.6093 -0.3195
320.00 -0.6057 -0.5984 -0.6011 -0.3750 -0.5979 -0.3053
330.00 -1.4798 -1.4698 -1.4740 -0.2947 -1.4885 -0.3493
340.00 -0.6695 -0.6710 -0.6745 -0.2995 -0.6784 -0.2718
350.00 -0.6083 -0.6217 -0.6117 -0.4244 -0.6161 -0.3248
360.00 -0.8684 -0.8650 -0.8668 -0.3634 -0.8755 -0.3294
370.00 -0.5812 -0.5739 -0.5811 -0.3738 -0.5829 -0.2956
380.00 -0.6644 -0.6699 -0.6605 -0.3466 -0.6564 -0.3127
390.00 -1.4838 -1.4971 -1.5008 -0.2659 -1.4900 -0.3106
400.00 -0.5560 -0.5597 -0.5581 -0.3762 -0.5579 -0.3001
410.00 -0.6243 -0.6266 -0.6294 -0.3768 -0.6270 -0.3033
420.00 -0.7598 -0.7529 -0.7569 -0.3703 -0.7566 -0.3280
430.00 -0.7998 -0.7983 -0.7906 -0.3329 -0.8007 -0.3112
440.00 -1.2453 -1.2387 -1.2466 -0.2995 -1.2449 -0.3023
450.00 -0.6690 -0.6760 -0.6756 -0.3746 -0.6771 -0.3126
460.00 -0.7245 -0.7206 -0.7320 -0.3751 -0.7314 -0.3097
470.00 -0.5326 -0.5361 -0.5309 -0.3968 -0.5293 -0.3114
480.00 -1.1916 -1.2086 -1.1996 -0.2697 -1.1942 -0.3234
490.00 -0.7788 -0.7721 -0.7837 -0.3729 -0.7819 -0.3118
500.00 -0.7968 -0.7975 -0.7893 -0.3674 -0.7949 -0.3224
510.00 -0.5998 -0.5991 -0.6014 -0.3570 -0.5998 -0.2968
520.00 -0.9538 -0.9401 -0.9570 -0.3424 -0.9533 -0.3285
530.00 -1.0492 -1.0543 -1.0419 -0.3213 -1.0533 -0.3110
540.00 -0.6461 -0.6348 -0.6431 -0.3663 -0.6495 -0.2939
550.00 -0.5328 -0.5289 -0.5326 -0.3942 -0.5310 -0.3049
560.00 -0.5943 -0.5854 -0.5874 -0.3714 -0.5900 -0.3120
570.00 -1.7570 -1.7606 -1.7607 -0.1583 -1.7676 -0.3014
580.00 -0.5954 -0.5998 -0.6031 -0.4162 -0.5960 -0.3210
590.00 -0.4491 -0.4463 -0.4456 -0.4058 -0.4468 -0.3037
600.00 -0.6495 -0.6526 -0.6523 -0.3527 -0.6500 -0.2989
610.00 -1.1157 -1.1195 -1.1228 -0.3027 -1.1275 -0.3383
620.00 -0.8075 -0.8137 -0.8144 -0.3525 -0.8186 -0.3029
630.00 -0.6833 -0.6855 -0.6844 -0.3794 -0.6846 -0.3027
640.00 -0.6983 -0.7075 -0.6949 -0.4122 -0.6912 -0.3391
650.00 -0.4581 -0.4521 -0.4593 -0.3697 -0.4613 -0.2900
660.00 -2.1947 -2.1922 -2.1814 -0.0605 -2.1950 -0.3159
670.00 -0.4063 -0.3940 -0.3963 -0.3494 -0.4018 -0.2586
680.00 -0.5009 -0.5019 -0.5124 -0.4396 -0.5024 -0.3241
690.00 -0.5995 -0.5998 -0.6020 -0.3933 -0.6011 -0.3191
700.00 -0.5923 -0.5936 -0.5897 -0.3755 -0.5927 -0.3111
710.00 -1.1362 -1.1352 -1.1323 -0.3219 -1.1347 -0.3335
720.00 -1.0068 -1.0125 -1.0102 -0.2890 -1.0038 -0.2879
730.00 -0.6962 -0.6939 -0.6980 -0.3817 -0.6940 -0.3049
740.00 -0.8196 -0.8139 -0.8211 -0.3823 -0.8140 -0.3157
750.00 -0.5679 -0.5656 -0.5626 -0.3536 -0.5671 -0.2922
760.00 -0.6031 -0.5997 -0.6008 -0.3829 -0.6051 -0.3185
770.00 -1.4196 -1.4322 -1.4226 -0.2756 -1.4134 -0.3254
780.00 -0.7157 -0.7091 -0.7148 -0.3827 -0.7186 -0.3182
790.00 -0.6687 -0.6702 -0.6720 -0.3505 -0.6770 -0.2937
800.00 -0.6725 -0.6739 -0.6816 -0.4103 -0.6738 -0.3208
810.00 -0.6259 -0.6212 -0.6246 -0.3396 -0.6285 -0.3069
820.00 -1.2320 -1.2247 -1.2358 -0.3157 -1.2341 -0.3400
830.00 -0.7912 -0.7947 -0.7899 -0.3120 -0.7913 -0.2728
840.00 -0.7870 -0.7822 -0.7899 -0.3685 -0.7867 -0.3221
850.00 -0.6687 -0.6759 -0.6665 -0.3839 -0.6815 -0.3118
860.00 -0.7552 -0.7579 -0.7578 -0.3550 -0.7604 -0.3101
870.00 -0.8102 -0.8164 -0.8131 -0.3800 -0.8103 -0.3327
880.00 -0.6407 -0.6395 -0.6404 -0.3253 -0.6405 -0.3074
890.00 -1.7073 -1.6934 -1.6891 -0.2463 -1.6949 -0.3133
900.00 -0.4876 -0.4915 -0.4941 -0.3713 -0.4891 -0.2792
910.00 -0.5117 -0.5031 -0.5130 -0.3678 -0.5129 -0.2816
920.00 -0.7261 -0.7347 -0.7288 -0.3897 -0.7277 -0.3297
930.00 -0.7790 -0.7832 -0.7919 -0.3818 -0.7932 -0.3295
940.00 -1.1514 -1.1548 -1.1552 -0.3092 -1.1433 -0.3416
950.00 -0.8500 -0.8438 -0.8412 -0.2845 -0.8437 -0.2817
960.00 -0.7429 -0.7592 -0.7485 -0.3859 -0.7528 -0.3097
970.00 -0.7185 -0.7251 -0.7208 -0.3625 -0.7271 -0.3104
980.00 -0.6060 -0.6082 -0.6107 -0.3764 -0.6084 -0.3013
990.00 -1.1932 -1.1849 -1.1816 -0.3206 -1.1809 -0.3462
1000.00 -0.7201 -0.7023 -0.7183 -0.3450 -0.7024 -0.2746
1010.00 -0.5593 -0.5644 -0.5638 -0.3937 -0.5632 -0.3089
1020.00 -1.1561 -1.1567 -1.1458 -0.3344 -1.1638 -0.3401
1030.00 -0.5629 -0.5617 -0.5617 -0.3799 -0.5580 -0.3046
1040.00 -0.7140 -0.7128 -0.7167 -0.3380 -0.7187 -0.3062
1050.00 -0.8406 -0.8355 -0.8299 -0.3332 -0.8347 -0.3141
1060.00 -1.3343 -1.3278 -1.3276 -0.2904 -1.3377 -0.3100
1070.00 -0.5179 -0.5219 -0.5205 -0.3778 -0.5206 -0.2880
1080.00 -0.6168 -0.6258 -0.6206 -0.4061 -0.6260 -0.3328
1090.00 -0.8356 -0.8526 -0.8455 -0.3448 -0.8492 -0.3221
1100.00 -0.7870 -0.7768 -0.7816 -0.3271 -0.7861 -0.2889
1110.00 -1.2108 -1.1999 -1.2039 -0.2970 -1.2069 -0.3221
1120.00 -0.7934 -0.7953 -0.7961 -0.3645 -0.7865 -0.3025
1130.00 -0.5258 -0.5246 -0.5279 -0.3878 -0.5293 -0.3113
1140.00 -0.6329 -0.6481 -0.6378 -0.4020 -0.6380 -0.3225
1150.00 -0.9275 -0.9316 -0.9175 -0.3331 -0.9261 -0.3203
1160.00 -1.0035 -1.0132 -1.0128 -0.3276 -1.0089 -0.3208
1170.00 -0.8923 -0.8872 -0.8914 -0.3515 -0.8930 -0.2960
1180.00 -0.7368 -0.7312 -0.7301 -0.3622 -0.7380 -0.3131
1190.00 -0.6515 -0.6482 -0.6452 -0.3633 -0.6534 -0.3055
1200.00 -0.8775 -0.8712 -0.8698 -0.3378 -0.8796 -0.3079
1210.00 -0.8087 -0.8151 -0.8162 -0.3833 -0.8141 -0.3227
1220.00 -0.7228 -0.7248 -0.7229 -0.3459 -0.7117 -0.3092
1230.00 -0.9519 -0.9596 -0.9624 -0.3335 -0.9570 -0.3230
1240.00 -0.8513 -0.8514 -0.8495 -0.3286 -0.8548 -0.3002
1250.00 -1.0125 -1.0097 -1.0138 -0.3824 -1.0098 -0.3538
1260.00 -0.6735 -0.6869 -0.6802 -0.3701 -0.6844 -0.2914
1270.00 -0.4876 -0.4872 -0.4851 -0.3849 -0.4881 -0.2943
1280.00 -0.6967 -0.7281 -0.7247 -0.3676 -0.7200 -0.3111
1290.00 -1.8272 -1.8210 -1.8388 -0.2394 -1.8303 -0.3277
1300.00 -0.4719 -0.4711 -0.4736 -0.3513 -0.4694 -0.2788
1310.00 -0.6108 -0.6098 -0.6083 -0.4202 -0.6055 -0.3191
1320.00 -0.5279 -0.5489 -0.5484 -0.3659 -0.5380 -0.3081
1330.00 -0.9402 -0.9588 -0.9569 -0.3603 -0.9524 -0.3400
1340.00 -1.0054 -1.0118 -1.0099 -0.3012 -1.0121 -0.2786
1350.00 -0.5642 -0.5594 -0.5662 -0.3557 -0.5615 -0.3026
1360.00 -0.9070 -0.9012 -0.9104 -0.3545 -0.9090 -0.3265
1370.00 -1.0912 -1.0895 -1.0963 -0.3313 -1.0953 -0.2978
1380.00 -0.5223 -0.5187 -0.5205 -0.3987 -0.5161 -0.3196
1390.00 -0.5467 -0.5555 -0.5447 -0.3709 -0.5460 -0.3017
1400.00 -1.2858 -1.2902 -1.2890 -0.2493 -1.2927 -0.3251
1410.00 -0.8860 -0.8823 -0.8739 -0.3590 -0.8880 -0.2927
1420.00 -0.5958 -0.5935 -0.5948 -0.4382 -0.5925 -0.3342
1430.00 -0.6122 -0.6085 -0.6129 -0.3690 -0.6043 -0.3120
1440.00 -1.1485 -1.1462 -1.1473 -0.3158 -1.1372 -0.3264
1450.00 -0.9250 -0.9260 -0.9213 -0.3103 -0.9150 -0.2892
1460.00 -0.7106 -0.7047 -0.7096 -0.3640 -0.7177 -0.3086
1470.00 -0.6018 -0.5993 -0.5922 -0.4074 -0.6009 -0.3234
1480.00 -0.6138 -0.6164 -0.6151 -0.3648 -0.6141 -0.3142
1490.00 -1.5187 -1.5135 -1.5074 -0.2488 -1.5103 -0.3132
1500.00 -0.5989 -0.6017 -0.6066 -0.3858 -0.6027 -0.2884
1510.00 -0.5101 -0.5174 -0.5184 -0.3760 -0.5201 -0.2892
1520.00 -0.5857 -0.5799 -0.5787 -0.4214 -0.5875 -0.3359
1530.00 -1.0098 -1.0155 -1.0142 -0.2871 -1.0105 -0.3274
1540.00 -1.4478 -1.4427 -1.4605 -0.2384 -1.4452 -0.2923
1550.00 -0.5469 -0.5577 -0.5534 -0.3881 -0.5492 -0.2973
1560.00 -0.5552 -0.5507 -0.5511 -0.4100 -0.5595 -0.3143
1570.00 -0.6241 -0.6312 -0.6253 -0.3791 -0.6323 -0.3098
1580.00 -1.3807 -1.3802 -1.3840 -0.2385 -1.3658 -0.3144
1590.00 -0.7656 -0.7597 -0.7630 -0.3600 -0.7643 -0.2967
1600.00 -0.6340 -0.6378 -0.6428 -0.3839 -0.6383 -0.2967
1610.00 -0.6388 -0.6296 -0.6311 -0.3866 -0.6380 -0.3259
1620.00 -0.6236 -0.6327 -0.6277 -0.3518 -0.6233 -0.3084
1630.00 -1.5660 -1.5655 -1.5650 -0.3002 -1.5682 -0.3359
1640.00 -0.4944 -0.5002 -0.5008 -0.3640 -0.4940 -0.2876
1650.00 -0.8317 -0.8310 -0.8329 -0.3651 -0.8289 -0.3176
1660.00 -0.5545 -0.5452 -0.5485 -0.4009 -0.5547 -0.3134
1670.00 -0.8105 -0.8071 -0.8102 -0.3552 -0.8043 -0.3215
1680.00 -0.9897 -0.9854 -0.9891 -0.2798 -0.9941 -0.2981
1690.00 -1.0034 -1.0068 -1.0220 -0.3484 -1.0173 -0.3341
1700.00 -0.6126 -0.6193 -0.6125 -0.3750 -0.6128 -0.2747
1710.00 -0.6445 -0.6444 -0.6466 -0.3441 -0.6457 -0.2942
1720.00 -0.8415 -0.8376 -0.8303 -0.3926 -0.8424 -0.3385
1730.00 -1.0095 -1.0203 -1.0128 -0.3253 -1.0142 -0.3256
1740.00 -1.0170 -1.0214 -1.0209 -0.3241 -1.0099 -0.3195
1750.00 -0.6408 -0.6484 -0.6427 -0.3752 -0.6420 -0.2951
1760.00 -0.6016 -0.6040 -0.5999 -0.3889 -0.6105 -0.3152
1770.00 -0.8606 -0.8574 -0.8623 -0.3206 -0.8538 -0.3043
1780.00 -0.9414 -0.9477 -0.9434 -0.3469 -0.9439 -0.3289
1790.00 -0.8660 -0.8600 -0.8646 -0.3329 -0.8533 -0.3049
1800.00 -0.8369 -0.8405 -0.8384 -0.3706 -0.8388 -0.3228
1810.00 -0.8626 -0.8726 -0.8598 -0.3799 -0.8592 -0.3274
1820.00 -0.6567 -0.6490 -0.6498 -0.3095 -0.6578 -0.2830
1830.00 -0.6718 -0.6692 -0.6682 -0.4278 -0.6625 -0.3255
1840.00 -1.3191 -1.3205 -1.3238 -0.2452 -1.3317 -0.3155
1850.00 -0.8051 -0.8069 -0.8009 -0.3404 -0.7944 -0.2788
1860.00 -0.6098 -0.6093 -0.6110 -0.4281 -0.6138 -0.3286
1870.00 -0.6322 -0.6393 -0.6352 -0.3759 -0.6406 -0.3199
1880.00 -0.6683 -0.6670 -0.6569 -0.3825 -0.6604 -0.3139
1890.00 -1.0728 -1.0792 -1.0853 -0.2698 -1.0753 -0.3065
1900.00 -1.2756 -1.2696 -1.2594 -0.3251 -1.2567 -0.3003
1910.00 -0.4903 -0.4851 -0.4865 -0.3931 -0.4799 -0.3033
1920.00 -0.6282 -0.6234 -0.6258 -0.3742 -0.6212 -0.3018
1930.00 -0.6522 -0.6465 -0.6526 -0.3837 -0.6562 -0.3262
1940.00 -1.0940 -1.0873 -1.0880 -0.2782 -1.0903 -0.3340
1950.00 -1.1253 -1.1309 -1.1306 -0.3115 -1.1260 -0.2715
1960.00 -0.4731 -0.4684 -0.4689 -0.3734 -0.4687 -0.2893
1970.00 -0.6359 -0.6389 -0.6402 -0.4078 -0.6467 -0.3349
1980.00 -0.7254 -0.7158 -0.7129 -0.3691 -0.7240 -0.3187
1990.00 -1.2084 -1.2016 -1.2026 -0.2519 -1.1973 -0.3000
2000.00 -0.7901 -0.7827 -0.7873 -0.3686 -0.7877 -0.3204
2010.00 -0.6885 -0.6885 -0.6969 -0.3696 -0.6990 -0.2931
2020.00 -0.7525 -0.7545 -0.7431 -0.3872 -0.7525 -0.3275
2030.00 -0.6564 -0.6513 -0.6540 -0.3814 -0.6550 -0.3202
2040.00 -1.5421 -1.5544 -1.5582 -0.1770 -1.5545 -0.3067
2050.00 -0.6896 -0.6925 -0.6817 -0.3765 -0.6890 -0.3006
2060.00 -0.5594 -0.5634 -0.5628 -0.3977 -0.5617 -0.2951
2070.00 -0.5803 -0.5768 -0.5764 -0.4148 -0.5793 -0.3280
2080.00 -0.5544 -0.5463 -0.5471 -0.3696 -0.5473 -0.2941
2090.00 -1.9924 -1.9920 -1.9887 -0.1203 -1.9824 -0.3202
2100.00 -0.5975 -0.5896 -0.5970 -0.3593 -0.5993 -0.2929
2110.00 -0.5153 -0.5163 -0.5174 -0.4270 -0.5091 -0.3203
2120.00 -0.4738 -0.4768 -0.4740 -0.3906 -0.4823 -0.2966
2130.00 -0.5213 -0.5228 -0.5225 -0.4007 -0.5208 -0.3171
2140.00 -1.1544 -1.1476 -1.1505 -0.3137 -1.1452 -0.3507
2150.00 -1.1009 -1.1204 -1.1268 -0.2655 -1.1189 -0.2748
2160.00 -0.6841 -0.6738 -0.6787 -0.3683 -0.6882 -0.3061
2170.00 -0.5637 -0.5646 -0.5640 -0.3839 -0.5632 -0.2987
2180.00 -0.8309 -0.8323 -0.8278 -0.3736 -0.8264 -0.3301
2190.00 -0.5540 -0.5501 -0.5578 -0.3653 -0.5441 -0.2973
2200.00 -1.5494 -1.5597 -1.5503 -0.2197 -1.5616 -0.3349
2210.00 -0.7904 -0.7948 -0.7877 -0.3508 -0.7896 -0.2904
2220.00 -0.5311 -0.5336 -0.5386 -0.3915 -0.5362 -0.3044
2230.00 -0.6083 -0.6055 -0.6116 -0.4040 -0.6025 -0.3207
2240.00 -0.5757 -0.5821 -0.5754 -0.3691 -0.5771 -0.3086
2250.00 -1.1154 -1.1026 -1.1053 -0.2925 -1.1215 -0.3279
2260.00 -1.0790 -1.0807 -1.0885 -0.2992 -1.0794 -0.3008
2270.00 -0.6485 -0.6483 -0.6497 -0.3582 -0.6508 -0.2878
2280.00 -0.7252 -0.7348 -0.7317 -0.4022 -0.7349 -0.3228
2290.00 -0.6164 -0.6245 -0.6167 -0.3957 -0.6240 -0.3188
2300.00 -1.0515 -1.0522 -1.0501 -0.3187 -1.0473 -0.3351
2310.00 -0.9793 -0.9852 -0.9883 -0.3082 -0.9812 -0.2909
2320.00 -0.6250 -0.6241 -0.6264 -0.3796 -0.6238 -0.2996
2330.00 -0.9167 -0.9284 -0.9256 -0.3767 -0.9311 -0.3260
2340.00 -0.7704 -0.7655 -0.7666 -0.2902 -0.7641 -0.3037
2350.00 -0.7569 -0.7486 -0.7499 -0.4200 -0.7461 -0.3224
2360.00 -0.5887 -0.5839 -0.5882 -0.3661 -0.5904 -0.2950
2370.00 -1.1521 -1.1477 -1.1493 -0.3282 -1.1533 -0.3378
2380.00 -0.7342 -0.7259 -0.7303 -0.3332 -0.7255 -0.3023
2390.00 -0.8275 -0.8279 -0.8355 -0.3616 -0.8400 -0.3142
2400.00 -0.8387 -0.8386 -0.8284 -0.3854 -0.8312 -0.3358
2410.00 -0.7045 -0.7078 -0.7069 -0.3173 -0.7112 -0.2982
2420.00 -1.0001 -0.9987 -1.0012 -0.3477 -0.9971 -0.3102
2430.00 -0.6933 -0.6940 -0.6931 -0.4180 -0.6945 -0.3406
2440.00 -0.6256 -0.6263 -0.6278 -0.3644 -0.6232 -0.2989
2450.00 -1.3436 -1.3490 -1.3367 -0.2138 -1.3375 -0.3066
2460.00 -0.7747 -0.7804 -0.7781 -0.3888 -0.7739 -0.3013
2470.00 -0.5732 -0.5790 -0.5720 -0.3833 -0.5730 -0.3070
2480.00 -0.5733 -0.5608 -0.5718 -0.3691 -0.5652 -0.3029
2490.00 -1.0202 -1.0129 -1.0330 -0.3281 -1.0238 -0.3270
2500.00 -0.9447 -0.9511 -0.9379 -0.3459 -0.9459 -0.3266
2510.00 -0.9295 -0.9264 -0.9262 -0.3224 -0.9304 -0.2880
2520.00 -0.4480 -0.4505 -0.4482 -0.3794 -0.4407 -0.2947
2530.00 -1.0022 -0.9914 -0.9825 -0.3409 -0.9932 -0.3467
2540.00 -0.6650 -0.6648 -0.6694 -0.3800 -0.6688 -0.3026
2550.00 -0.6330 -0.6363 -0.6316 -0.3663 -0.6286 -0.3168
2560.00 -1.3207 -1.3126 -1.3116 -0.3438 -1.3024 -0.3573
2570.00 -0.5936 -0.5987 -0.5978 -0.3265 -0.6019 -0.2875
2580.00 -1.1175 -1.1297 -1.1254 -0.3417 -1.1244 -0.3120
2590.00 -0.5537 -0.5496 -0.5585 -0.3674 -0.5511 -0.2951
2600.00 -0.6386 -0.6395 -0.6342 -0.3700 -0.6352 -0.3093
2610.00 -1.3927 -1.4026 -1.3954 -0.3323 -1.3880 -0.3348
2620.00 -0.5580 -0.5694 -0.5660 -0.3191 -0.5669 -0.2817
2630.00 -0.7264 -0.7268 -0.7312 -0.4017 -0.7336 -0.3309
2640.00 -0.7874 -0.7952 -0.7821 -0.3406 -0.7794 -0.3014
2650.00 -0.6617 -0.6702 -0.6669 -0.3813 -0.6654 -0.2984
2660.00 -0.7043 -0.6903 -0.6895 -0.4054 -0.6919 -0.3473
2670.00 -1.5788 -1.5641 -1.5772 -0.2330 -1.5739 -0.3310
2680.00 -0.6534 -0.6603 -0.6587 -0.3290 -0.6583 -0.2670
2690.00 -0.5182 -0.5171 -0.5211 -0.4022 -0.5161 -0.3020
2700.00 -0.5739 -0.5746 -0.5747 -0.3877 -0.5736 -0.3025
2710.00 -0.6434 -0.6428 -0.6420 -0.3748 -0.6556 -0.3251
2720.00 -1.6609 -1.6768 -1.6516 -0.1929 -1.6607 -0.3095
2730.00 -0.6411 -0.6345 -0.6357 -0.3757 -0.6360 -0.2999
2740.00 -0.5988 -0.5936 -0.6004 -0.3998 -0.5978 -0.3070
2750.00 -0.5257 -0.5180 -0.5282 -0.4167 -0.5245 -0.3230
2760.00 -0.5365 -0.5409 -0.5368 -0.3840 -0.5456 -0.3142
2770.00 -2.0176 -2.0175 -2.0372 -0.1438 -2.0145 -0.3339
2780.00 -0.5813 -0.5780 -0.5674 -0.3461 -0.5841 -0.2661
2790.00 -0.5305 -0.5339 -0.5302 -0.3867 -0.5285 -0.3110
2800.00 -0.5417 -0.5413 -0.5338 -0.4292 -0.5432 -0.3170
2810.00 -0.5790 -0.5795 -0.5852 -0.3593 -0.5859 -0.3100
2820.00 -1.2234 -1.2211 -1.2207 -0.3171 -1.2166 -0.3445
2830.00 -0.8569 -0.8566 -0.8588 -0.3382 -0.8558 -0.2982
2840.00 -0.9806 -0.9864 -0.9878 -0.3080 -0.9838 -0.3040
2850.00 -0.5850 -0.5868 -0.5883 -0.3962 -0.5826 -0.3087
2860.00 -0.6075 -0.6059 -0.6049 -0.3717 -0.6105 -0.3110
2870.00 -0.5264 -0.5241 -0.5286 -0.4247 -0.5242 -0.3306
2880.00 -1.9738 -1.9595 -1.9716 -0.0989 -1.9707 -0.2971
2890.00 -0.5326 -0.5287 -0.5318 -0.3614 -0.5336 -0.2867
2900.00 -0.4850 -0.4890 -0.4928 -0.4134 -0.4889 -0.3052
2910.00 -0.4914 -0.4884 -0.4944 -0.3852 -0.4934 -0.2953
2920.00 -0.8025 -0.7886 -0.7921 -0.3896 -0.7960 -0.3450
2930.00 -1.0989 -1.1136 -1.1158 -0.2542 -1.1105 -0.2954
2940.00 -0.7919 -0.7940 -0.7940 -0.3889 -0.7914 -0.3288
2950.00 -0.9401 -0.9385 -0.9304 -0.3580 -0.9356 -0.3041
2960.00 -0.4889 -0.4786 -0.4858 -0.3584 -0.4832 -0.2918
2970.00 -0.8354 -0.8354 -0.8434 -0.3564 -0.8422 -0.3338
2980.00 -1.2237 -1.2202 -1.2137 -0.2539 -1.2247 -0.2786
2990.00 -0.6853 -0.6863 -0.6881 -0.3983 -0.6926 -0.3192
3000.00 -0.6801 -0.6809 -0.6776 -0.3873 -0.6784 -0.3127
3010.00 -0.7722 -0.7703 -0.7693 -0.3467 -0.7655 -0.3078
3020.00 -0.5896 -0.5840 -0.5892 -0.3863 -0.5840 -0.3125
3030.00 -1.6226 -1.6107 -1.6121 -0.2024 -1.6219 -0.3018
3040.00 -0.5061 -0.5095 -0.5134 -0.3828 -0.5120 -0.2976
3050.00 -0.5833 -0.5904 -0.5936 -0.3828 -0.5872 -0.3015
3060.00 -0.6353 -0.6306 -0.6233 -0.3869 -0.6292 -0.3188
3070.00 -0.7440 -0.7403 -0.7395 -0.3180 -0.7364 -0.3086
3080.00 -1.5083 -1.5063 -1.5096 -0.2927 -1.5227 -0.3264
3090.00 -0.4671 -0.4623 -0.4644 -0.3791 -0.4645 -0.2887
3100.00 -0.5562 -0.5636 -0.5587 -0.3907 -0.5562 -0.3188
3110.00 -0.9515 -0.9567 -0.9594 -0.3459 -0.9427 -0.3232
3120.00 -0.8332 -0.8398 -0.8366 -0.3695 -0.8291 -0.3135
3130.00 -0.9754 -0.9825 -0.9799 -0.2896 -0.9734 -0.2989
3140.00 -0.7727 -0.7674 -0.7692 -0.3657 -0.7723 -0.3034
3150.00 -0.5423 -0.5423 -0.5392 -0.4142 -0.5447 -0.3243
3160.00 -0.5886 -0.5907 -0.5937 -0.3848 -0.5890 -0.3198
3170.00 -1.5080 -1.4981 -1.5028 -0.2133 -1.5066 -0.3062
3180.00 -0.8339 -0.8252 -0.8258 -0.3507 -0.8267 -0.3033
3190.00 -0.5409 -0.5448 -0.5451 -0.3629 -0.5477 -0.2880
3200.00 -0.5873 -0.5958 -0.5976 -0.3786 -0.5907 -0.3031
3210.00 -0.7718 -0.7784 -0.7767 -0.3753 -0.7661 -0.3251
3220.00 -0.9187 -0.9282 -0.9219 -0.3522 -0.9262 -0.3258
3230.00 -0.8833 -0.8877 -0.8847 -0.3294 -0.8833 -0.3011
3240.00 -1.0475 -1.0459 -1.0417 -0.4008 -1.0443 -0.3533
3250.00 -0.5515 -0.5475 -0.5425 -0.3447 -0.5480 -0.2907
3260.00 -0.9235 -0.9267 -0.9212 -0.3381 -0.9234 -0.3223
3270.00 -0.9383 -0.9350 -0.9402 -0.3228 -0.9390 -0.3027
3280.00 -0.7706 -0.7770 -0.7791 -0.3604 -0.7793 -0.2981
3290.00 -0.6192 -0.6182 -0.6161 -0.3995 -0.6097 -0.3090
3300.00 -0.4918 -0.4888 -0.4854 -0.3869 -0.4897 -0.3037
3310.00 -2.1680 -2.1570 -2.1654 -0.1584 -2.1672 -0.3539
3320.00 -0.4129 -0.4067 -0.4077 -0.3412 -0.4115 -0.2617
3330.00 -0.4969 -0.4934 -0.4910 -0.3975 -0.4898 -0.3007
3340.00 -0.5127 -0.5061 -0.5134 -0.4138 -0.5095 -0.3114
3350.00 -0.5524 -0.5550 -0.5497 -0.4015 -0.5573 -0.3227
3360.00 -0.6981 -0.7004 -0.6944 -0.3322 -0.6870 -0.3171
3370.00 -1.9101 -1.9216 -1.9176 -0.1475 -1.9209 -0.3022
3380.00 -0.5120 -0.5115 -0.5187 -0.3878 -0.5092 -0.2870
3390.00 -0.5051 -0.5034 -0.5020 -0.4074 -0.4969 -0.3116
3400.00 -0.5106 -0.5138 -0.5095 -0.4048 -0.5104 -0.3124
3410.00 -0.7428 -0.7460 -0.7472 -0.3345 -0.7502 -0.3205
3420.00 -1.5529 -1.5552 -1.5523 -0.2640 -1.5514 -0.3332
3430.00 -0.4585 -0.4620 -0.4604 -0.3514 -0.4605 -0.2799
3440.00 -0.7002 -0.6897 -0.6946 -0.3892 -0.6968 -0.3168
3450.00 -0.7322 -0.7346 -0.7297 -0.3641 -0.7271 -0.3192
3460.00 -1.1558 -1.1490 -1.1604 -0.3401 -1.1637 -0.3184
3470.00 -0.5686 -0.5660 -0.5672 -0.3458 -0.5737 -0.2959
3480.00 -0.9658 -0.9788 -0.9706 -0.3329 -0.9708 -0.3151
3490.00 -0.8087 -0.8018 -0.8036 -0.3358 -0.8059 -0.2870
3500.00 -0.5650 -0.5665 -0.5634 -0.3968 -0.5635 -0.3141
3510.00 -0.7036 -0.7039 -0.7061 -0.3710 -0.7026 -0.3156
3520.00 -1.5748 -1.5748 -1.5772 -0.2789 -1.5697 -0.3410
3530.00 -0.5501 -0.5480 -0.5449 -0.3400 -0.5482 -0.2776
3540.00 -0.6693 -0.6788 -0.6774 -0.4259 -0.6764 -0.3289
3550.00 -0.5711 -0.5688 -0.5737 -0.3718 -0.5711 -0.3093
3560.00 -0.7105 -0.7141 -0.7172 -0.3165 -0.7118 -0.3062
3570.00 -1.5480 -1.5525 -1.5403 -0.2603 -1.5544 -0.3179
3580.00 -0.5542 -0.5589 -0.5586 -0.3919 -0.5576 -0.2953
3590.00 -0.5498 -0.5527 -0.5476 -0.4027 -0.5450 -0.3138
3600.00 -0.6235 -0.6210 -0.6197 -0.3789 -0.6240 -0.3056
3610.00 -1.3402 -1.3334 -1.3352 -0.2326 -1.3202 -0.3171
3620.00 -1.0459 -1.0453 -1.0363 -0.3277 -1.0439 -0.2832
3630.00 -0.5338 -0.5244 -0.5336 -0.3698 -0.5355 -0.2976
3640.00 -0.5851 -0.5874 -0.5911 -0.4122 -0.5966 -0.3108
3650.00 -0.7016 -0.6987 -0.6981 -0.3530 -0.6967 -0.3087
3660.00 -0.7954 -0.8050 -0.8023 -0.3861 -0.8054 -0.3394
3670.00 -0.8803 -0.8821 -0.8915 -0.3165 -0.8825 -0.2963
3680.00 -1.1099 -1.1160 -1.1124 -0.3464 -1.1117 -0.3281
3690.00 -0.6157 -0.6120 -0.6121 -0.3894 -0.6236 -0.3049
3700.00 -0.5787 -0.5834 -0.5815 -0.3422 -0.5780 -0.2876
3710.00 -1.2108 -1.2150 -1.2085 -0.3456 -1.2055 -0.3449
3720.00 -0.9280 -0.9251 -0.9280 -0.3062 -0.9364 -0.3050
3730.00 -0.6398 -0.6292 -0.6288 -0.3924 -0.6360 -0.2922
3740.00 -0.7502 -0.7568 -0.7491 -0.3716 -0.7542 -0.3091
3750.00 -0.5211 -0.5265 -0.5082 -0.3512 -0.5148 -0.2979
3760.00 -1.5448 -1.5483 -1.5490 -0.2431 -1.5615 -0.3241
3770.00 -0.5317 -0.5296 -0.5388 -0.3542 -0.5396 -0.2871
3780.00 -0.6273 -0.6301 -0.6339 -0.3848 -0.6346 -0.3039
3790.00 -0.5967 -0.5996 -0.5923 -0.4121 -0.5945 -0.3237
3800.00 -1.0674 -1.0486 -1.0459 -0.2696 -1.0605 -0.3149
3810.00 -1.0644 -1.0658 -1.0597 -0.3248 -1.0592 -0.3048
3820.00 -0.6808 -0.6903 -0.6890 -0.3938 -0.6937 -0.3214
3830.00 -0.6009 -0.6061 -0.5983 -0.3961 -0.6004 -0.3174
3840.00 -0.8363 -0.8449 -0.8471 -0.3513 -0.8361 -0.3249
3850.00 -1.0685 -1.0694 -1.0750 -0.2682 -1.0731 -0.2837
3860.00 -0.6682 -0.6654 -0.6663 -0.3876 -0.6645 -0.3078
3870.00 -0.6699 -0.6821 -0.6749 -0.4325 -0.6824 -0.3468
3880.00 -0.6225 -0.6255 -0.6242 -0.3188 -0.6312 -0.2805
3890.00 -1.0077 -1.0087 -1.0221 -0.3392 -1.0075 -0.3421
3900.00 -0.8870 -0.8869 -0.8865 -0.3504 -0.8871 -0.3065
3910.00 -1.1113 -1.0980 -1.1022 -0.3029 -1.1075 -0.2973
3920.00 -0.5616 -0.5667 -0.5636 -0.3590 -0.5716 -0.3071
3930.00 -0.7022 -0.6987 -0.7021 -0.3802 -0.6997 -0.3178
3940.00 -0.8852 -0.8795 -0.8827 -0.3547 -0.8906 -0.3113
3950.00 -0.6385 -0.6456 -0.6497 -0.3833 -0.6520 -0.3193
3960.00 -1.2105 -1.2064 -1.2039 -0.2823 -1.1977 -0.3362
3970.00 -0.8488 -0.8422 -0.8427 -0.3246 -0.8418 -0.2784
3980.00 -0.7223 -0.7226 -0.7272 -0.3893 -0.7277 -0.3115
3990.00 -0.5166 -0.5140 -0.5149 -0.4073 -0.5244 -0.3137
4000.00 -0.6817 -0.6859 -0.6820 -0.3859 -0.6717 -0.3241
