10.00 -0.5855 -0.5689 -0.3917 -0.5820 -0.5684 -0.3042
20.00 -0.5838 -0.5928 -0.3856 -0.5921 -0.5843 -0.3036
30.00 -0.5562 -0.5503 -0.3909 -0.5485 -0.5468 -0.3079
40.00 -0.5957 -0.6055 -0.3937 -0.6016 -0.6062 -0.3203
50.00 -0.7603 -0.7598 -0.3716 -0.7637 -0.7572 -0.3230
60.00 -0.6661 -0.6650 -0.3985 -0.6677 -0.6629 -0.3176
70.00 -0.6356 -0.6375 -0.3699 -0.6339 -0.6425 -0.3064
80.00 -0.8884 -0.8858 -0.3825 -0.8896 -0.8889 -0.3229
90.00 -0.6128 -0.6079 -0.3955 -0.6115 -0.6090 -0.3210
100.00 -0.5949 -0.5866 -0.4001 -0.5919 -0.5909 -0.3113
110.00 -0.5866 -0.5907 -0.3591 -0.5946 -0.5864 -0.3032
120.00 -0.8507 -0.8493 -0.4056 -0.8502 -0.8481 -0.3240
130.00 -0.5407 -0.5491 -0.3999 -0.5448 -0.5436 -0.3011
140.00 -0.4941 -0.4990 -0.3742 -0.4885 -0.4931 -0.2998
150.00 -0.6147 -0.6113 -0.4329 -0.6212 -0.6181 -0.3379
160.00 -0.6012 -0.6038 -0.3744 -0.6050 -0.5984 -0.3065
170.00 -0.5788 -0.5900 -0.3811 -0.5904 -0.5866 -0.3164
180.00 -0.8384 -0.8379 -0.4174 -0.8341 -0.8359 -0.3460
190.00 -0.5046 -0.5145 -0.3755 -0.5098 -0.5036 -0.2992
200.00 -0.8037 -0.8064 -0.3486 -0.8048 -0.8108 -0.3238
210.00 -0.5940 -0.5886 -0.4049 -0.5991 -0.5916 -0.3092
220.00 -0.5757 -0.5789 -0.3966 -0.5702 -0.5826 -0.3127
230.00 -0.4860 -0.4851 -0.3891 -0.4869 -0.4874 -0.3117
240.00 -0.6168 -0.6205 -0.3707 -0.6179 -0.6157 -0.3028
250.00 -0.7354 -0.7293 -0.4128 -0.7376 -0.7338 -0.3344
260.00 -0.6229 -0.6252 -0.3527 -0.6228 -0.6189 -0.2944
270.00 -0.6542 -0.6521 -0.4314 -0.6580 -0.6509 -0.3454
280.00 -0.6291 -0.6320 -0.3537 -0.6353 -0.6347 -0.2929
290.00 -0.5589 -0.5558 -0.3872 -0.5596 -0.5551 -0.3062
300.00 -0.6178 -0.6198 -0.4040 -0.6139 -0.6131 -0.3253
310.00 -0.5409 -0.5382 -0.4041 -0.5352 -0.5358 -0.3161
320.00 -0.6083 -0.6065 -0.3679 -0.6114 -0.6099 -0.3195
330.00 -0.8995 -0.8921 -0.3627 -0.8973 -0.8825 -0.3121
340.00 -0.8566 -0.8691 -0.3887 -0.8714 -0.8701 -0.3329
350.00 -0.6066 -0.6034 -0.3642 -0.5966 -0.5977 -0.3016
360.00 -0.5106 -0.5104 -0.3759 -0.5122 -0.5154 -0.2875
370.00 -0.5755 -0.5783 -0.4059 -0.5800 -0.5739 -0.3282
380.00 -0.5811 -0.5849 -0.3819 -0.5809 -0.5812 -0.3031
390.00 -0.6282 -0.6244 -0.3852 -0.6200 -0.6196 -0.3127
400.00 -0.6771 -0.6865 -0.4004 -0.6855 -0.6854 -0.3254
410.00 -0.6144 -0.6193 -0.3804 -0.6164 -0.6114 -0.3098
420.00 -0.7324 -0.7288 -0.3612 -0.7233 -0.7145 -0.3011
430.00 -0.7398 -0.7328 -0.4046 -0.7345 -0.7403 -0.3334
440.00 -0.5354 -0.5321 -0.3921 -0.5368 -0.5421 -0.3133
450.00 -0.5845 -0.5893 -0.4134 -0.5944 -0.5903 -0.3308
460.00 -0.6609 -0.6554 -0.3508 -0.6632 -0.6472 -0.3006
470.00 -0.7281 -0.7255 -0.3922 -0.7288 -0.7222 -0.3218
480.00 -0.8090 -0.8223 -0.3656 -0.8282 -0.8236 -0.3148
490.00 -0.5647 -0.5659 -0.3825 -0.5638 -0.5654 -0.2875
500.00 -0.5855 -0.5902 -0.4045 -0.5804 -0.5907 -0.3308
510.00 -0.4973 -0.4900 -0.3794 -0.4911 -0.4926 -0.2959
520.00 -0.5850 -0.5776 -0.4170 -0.5778 -0.5813 -0.3226
530.00 -0.8464 -0.8504 -0.3773 -0.8590 -0.8555 -0.3258
540.00 -0.6765 -0.6744 -0.3700 -0.6727 -0.6751 -0.3177
550.00 -0.6386 -0.6419 -0.3719 -0.6357 -0.6420 -0.3137
560.00 -0.6308 -0.6411 -0.3841 -0.6386 -0.6353 -0.3044
570.00 -0.6151 -0.6142 -0.3929 -0.6102 -0.6087 -0.3111
580.00 -0.6300 -0.6316 -0.4098 -0.6209 -0.6205 -0.3281
590.00 -0.6391 -0.6381 -0.3664 -0.6374 -0.6392 -0.3017
600.00 -0.5997 -0.5977 -0.3782 -0.6025 -0.5993 -0.3129
610.00 -0.7434 -0.7380 -0.3872 -0.7434 -0.7413 -0.3084
620.00 -0.5607 -0.5661 -0.3839 -0.5633 -0.5628 -0.3101
630.00 -0.7660 -0.7740 -0.3981 -0.7775 -0.7730 -0.3235
640.00 -0.5407 -0.5364 -0.3731 -0.5315 -0.5372 -0.2961
650.00 -0.6895 -0.6949 -0.4172 -0.6872 -0.6944 -0.3358
660.00 -0.4820 -0.4744 -0.3696 -0.4778 -0.4736 -0.2949
670.00 -0.5976 -0.5990 -0.4118 -0.5972 -0.6033 -0.3250
680.00 -0.6515 -0.6562 -0.3973 -0.6537 -0.6562 -0.3265
690.00 -0.6043 -0.6048 -0.3422 -0.5985 -0.5992 -0.2990
700.00 -0.7923 -0.7924 -0.4068 -0.7811 -0.7966 -0.3440
710.00 -0.4892 -0.4908 -0.3874 -0.4928 -0.4981 -0.2917
720.00 -0.5690 -0.5621 -0.3991 -0.5658 -0.5577 -0.3129
730.00 -0.6883 -0.6917 -0.4003 -0.6902 -0.6863 -0.3280
740.00 -0.7132 -0.7151 -0.3823 -0.7067 -0.7103 -0.3201
750.00 -0.8629 -0.8714 -0.3482 -0.8771 -0.8767 -0.3201
760.00 -0.5925 -0.5908 -0.3820 -0.5888 -0.5931 -0.2949
770.00 -0.5285 -0.5281 -0.3838 -0.5335 -0.5330 -0.2942
780.00 -0.4850 -0.4824 -0.4142 -0.4834 -0.4813 -0.3223
790.00 -0.8058 -0.7983 -0.3789 -0.7979 -0.7943 -0.3251
800.00 -0.6588 -0.6753 -0.3610 -0.6627 -0.6676 -0.3043
810.00 -0.6030 -0.6078 -0.3943 -0.6111 -0.6030 -0.3188
820.00 -0.5461 -0.5471 -0.3638 -0.5481 -0.5443 -0.2947
830.00 -0.7666 -0.7601 -0.4262 -0.7623 -0.7562 -0.3368
840.00 -0.6286 -0.6228 -0.3512 -0.6260 -0.6270 -0.2874
850.00 -0.5996 -0.5938 -0.4055 -0.6101 -0.6053 -0.3288
860.00 -0.6144 -0.6152 -0.3788 -0.6220 -0.6160 -0.3109
870.00 -0.7138 -0.7147 -0.4071 -0.7134 -0.7133 -0.3215
880.00 -0.5643 -0.5728 -0.3641 -0.5668 -0.5693 -0.2988
890.00 -0.6716 -0.6668 -0.4112 -0.6732 -0.6640 -0.3296
900.00 -0.7500 -0.7453 -0.3633 -0.7512 -0.7455 -0.3120
910.00 -0.5869 -0.5891 -0.3742 -0.5913 -0.5901 -0.3112
920.00 -0.5845 -0.5859 -0.3976 -0.5750 -0.5775 -0.3157
930.00 -0.7358 -0.7423 -0.3682 -0.7347 -0.7475 -0.3244
940.00 -0.5624 -0.5657 -0.3818 -0.5560 -0.5528 -0.2860
950.00 -0.5994 -0.6020 -0.4089 -0.6068 -0.5996 -0.3352
960.00 -0.5969 -0.5887 -0.3955 -0.5848 -0.5843 -0.3100
970.00 -0.5697 -0.5649 -0.3764 -0.5603 -0.5723 -0.3050
980.00 -0.8202 -0.8382 -0.3809 -0.8373 -0.8415 -0.3394
990.00 -0.5497 -0.5450 -0.3609 -0.5410 -0.5453 -0.2869
1000.00 -0.6135 -0.6144 -0.4021 -0.6174 -0.6061 -0.3187
1010.00 -0.5889 -0.5859 -0.3869 -0.5831 -0.5819 -0.3198
1020.00 -0.6022 -0.6050 -0.3834 -0.6087 -0.6009 -0.3198
1030.00 -0.8214 -0.8320 -0.3747 -0.8336 -0.8278 -0.3305
1040.00 -0.7915 -0.7871 -0.3737 -0.7969 -0.8048 -0.3059
1050.00 -0.5596 -0.5583 -0.3645 -0.5586 -0.5630 -0.2974
1060.00 -0.5236 -0.5291 -0.4151 -0.5270 -0.5165 -0.3277
1070.00 -0.5729 -0.5701 -0.4007 -0.5728 -0.5666 -0.3097
1080.00 -0.5457 -0.5500 -0.4015 -0.5459 -0.5466 -0.3175
1090.00 -0.6143 -0.6145 -0.3797 -0.6098 -0.6202 -0.3080
1100.00 -0.6948 -0.6942 -0.3629 -0.6976 -0.6876 -0.3150
1110.00 -0.6126 -0.6134 -0.3872 -0.6176 -0.6156 -0.3092
1120.00 -0.7584 -0.7600 -0.3797 -0.7642 -0.7617 -0.3221
1130.00 -0.8492 -0.8441 -0.3659 -0.8453 -0.8515 -0.3191
1140.00 -0.5552 -0.5526 -0.3732 -0.5602 -0.5575 -0.2961
1150.00 -0.6155 -0.6109 -0.4121 -0.6037 -0.6097 -0.3126
1160.00 -0.5001 -0.4976 -0.4006 -0.4968 -0.4965 -0.3107
1170.00 -0.6563 -0.6563 -0.3994 -0.6623 -0.6621 -0.3331
1180.00 -0.6587 -0.6546 -0.3698 -0.6518 -0.6544 -0.3221
1190.00 -0.9217 -0.9168 -0.3677 -0.9058 -0.9151 -0.3232
1200.00 -0.6088 -0.6146 -0.3731 -0.6157 -0.6180 -0.2963
1210.00 -0.5498 -0.5524 -0.4030 -0.5505 -0.5483 -0.3095
1220.00 -0.5795 -0.5807 -0.4193 -0.5790 -0.5817 -0.3250
1230.00 -0.6249 -0.6186 -0.3649 -0.6254 -0.6275 -0.3087
1240.00 -0.6303 -0.6317 -0.3982 -0.6350 -0.6321 -0.3150
1250.00 -0.6324 -0.6419 -0.3919 -0.6398 -0.6384 -0.3137
1260.00 -0.6598 -0.6612 -0.3811 -0.6611 -0.6579 -0.3141
1270.00 -0.6078 -0.6088 -0.3675 -0.6052 -0.6046 -0.3111
1280.00 -0.6558 -0.6539 -0.3845 -0.6597 -0.6538 -0.3116
1290.00 -0.6143 -0.6126 -0.4285 -0.6154 -0.6127 -0.3296
1300.00 -0.6284 -0.6303 -0.3314 -0.6275 -0.6276 -0.2800
1310.00 -0.7048 -0.6963 -0.4350 -0.6957 -0.7092 -0.3368
1320.00 -0.6921 -0.6890 -0.3568 -0.6847 -0.6864 -0.3139
1330.00 -0.6782 -0.6738 -0.4077 -0.6813 -0.6732 -0.3213
1340.00 -0.5783 -0.5795 -0.3832 -0.5773 -0.5855 -0.3126
1350.00 -0.5534 -0.5586 -0.3821 -0.5561 -0.5520 -0.2992
1360.00 -0.7971 -0.7963 -0.3561 -0.7928 -0.7914 -0.3207
1370.00 -0.7888 -0.7945 -0.3865 -0.7985 -0.7947 -0.3199
1380.00 -0.5317 -0.5277 -0.3711 -0.5324 -0.5323 -0.3015
1390.00 -0.5071 -0.5117 -0.3833 -0.5088 -0.5117 -0.2948
1400.00 -0.7208 -0.7226 -0.4318 -0.7273 -0.7174 -0.3465
1410.00 -0.5645 -0.5595 -0.3867 -0.5667 -0.5641 -0.3087
1420.00 -0.6387 -0.6401 -0.3611 -0.6430 -0.6432 -0.2934
1430.00 -0.6925 -0.6944 -0.4056 -0.6896 -0.7001 -0.3228
1440.00 -0.5939 -0.5848 -0.3813 -0.5959 -0.5897 -0.3002
1450.00 -0.7774 -0.7842 -0.3604 -0.7738 -0.7799 -0.3167
1460.00 -0.5798 -0.5711 -0.4108 -0.5791 -0.5799 -0.3188
1470.00 -0.6104 -0.6063 -0.3850 -0.6029 -0.6034 -0.3017
1480.00 -0.5416 -0.5483 -0.3845 -0.5413 -0.5415 -0.3171
1490.00 -0.6310 -0.6350 -0.3983 -0.6294 -0.6273 -0.3298
1500.00 -0.7078 -0.6940 -0.3722 -0.6974 -0.7024 -0.3129
1510.00 -0.7670 -0.7627 -0.3524 -0.7629 -0.7654 -0.3113
1520.00 -0.5819 -0.5908 -0.4013 -0.5843 -0.5842 -0.3213
1530.00 -0.6269 -0.6212 -0.3860 -0.6291 -0.6280 -0.3156
1540.00 -0.6348 -0.6378 -0.4164 -0.6239 -0.6318 -0.3272
1550.00 -0.6205 -0.6239 -0.3654 -0.6243 -0.6195 -0.3127
1560.00 -0.6000 -0.5933 -0.3810 -0.6017 -0.5952 -0.3028
1570.00 -0.5130 -0.5190 -0.4063 -0.5244 -0.5149 -0.3111
1580.00 -0.6140 -0.6141 -0.3785 -0.6140 -0.6056 -0.3249
1590.00 -0.6991 -0.6963 -0.3850 -0.6897 -0.6961 -0.3169
1600.00 -0.9694 -0.9656 -0.3529 -0.9571 -0.9655 -0.3310
1610.00 -0.6153 -0.6120 -0.3742 -0.6149 -0.6184 -0.2984
1620.00 -0.5223 -0.5087 -0.3979 -0.5242 -0.5217 -0.3074
1630.00 -0.5398 -0.5392 -0.3716 -0.5365 -0.5478 -0.2878
1640.00 -0.5930 -0.5868 -0.4041 -0.5806 -0.5842 -0.3239
1650.00 -0.6323 -0.6377 -0.3807 -0.6349 -0.6234 -0.3119
1660.00 -0.6363 -0.6306 -0.4066 -0.6343 -0.6347 -0.3198
1670.00 -0.6091 -0.6043 -0.3969 -0.6087 -0.6010 -0.3212
1680.00 -0.7649 -0.7769 -0.3593 -0.7689 -0.7713 -0.3102
1690.00 -0.6692 -0.6705 -0.3693 -0.6721 -0.6844 -0.3060
1700.00 -0.6476 -0.6467 -0.3964 -0.6464 -0.6428 -0.3130
1710.00 -0.6621 -0.6602 -0.3592 -0.6575 -0.6596 -0.3048
1720.00 -0.7007 -0.7018 -0.4009 -0.6908 -0.6958 -0.3229
1730.00 -0.6395 -0.6357 -0.4092 -0.6317 -0.6446 -0.3283
1740.00 -0.5269 -0.5358 -0.3908 -0.5300 -0.5320 -0.3154
1750.00 -0.6248 -0.6264 -0.3815 -0.6377 -0.6188 -0.3133
1760.00 -0.6326 -0.6347 -0.3663 -0.6320 -0.6434 -0.2954
1770.00 -0.7558 -0.7632 -0.3950 -0.7641 -0.7641 -0.3295
1780.00 -0.5856 -0.5723 -0.3811 -0.5868 -0.5816 -0.3105
1790.00 -0.6307 -0.6288 -0.3701 -0.6331 -0.6252 -0.3055
1800.00 -0.6972 -0.6938 -0.3731 -0.6922 -0.6984 -0.3171
1810.00 -0.6231 -0.6288 -0.4008 -0.6263 -0.6263 -0.3313
1820.00 -0.7034 -0.6994 -0.3772 -0.6979 -0.7027 -0.3122
1830.00 -0.6870 -0.6821 -0.3679 -0.6813 -0.6862 -0.3077
1840.00 -0.5965 -0.5955 -0.4097 -0.6001 -0.5961 -0.3150
1850.00 -0.6025 -0.5967 -0.3932 -0.6061 -0.6069 -0.3032
1860.00 -0.5416 -0.5408 -0.4019 -0.5417 -0.5416 -0.3061
1870.00 -0.6109 -0.6070 -0.3975 -0.6106 -0.6102 -0.3297
1880.00 -0.5623 -0.5620 -0.3896 -0.5586 -0.5630 -0.3109
1890.00 -0.8015 -0.7942 -0.3698 -0.8005 -0.7999 -0.3403
1900.00 -0.6310 -0.6325 -0.3888 -0.6333 -0.6305 -0.3201
1910.00 -0.7071 -0.7104 -0.3882 -0.7118 -0.7167 -0.3186
1920.00 -0.6712 -0.6562 -0.3639 -0.6704 -0.6655 -0.3106
1930.00 -0.5890 -0.5980 -0.3681 -0.5934 -0.5926 -0.2906
1940.00 -0.7295 -0.7238 -0.4187 -0.7150 -0.7217 -0.3479
1950.00 -0.5214 -0.5158 -0.3734 -0.5228 -0.5263 -0.2997
1960.00 -0.6924 -0.6853 -0.3926 -0.6868 -0.6930 -0.3163
1970.00 -0.6465 -0.6484 -0.3867 -0.6557 -0.6480 -0.3123
1980.00 -0.5477 -0.5561 -0.3855 -0.5434 -0.5470 -0.3143
1990.00 -0.6127 -0.5986 -0.4059 -0.6038 -0.6049 -0.3396
2000.00 -0.7792 -0.7791 -0.3514 -0.7726 -0.7818 -0.2926
2010.00 -0.6847 -0.6744 -0.4114 -0.6717 -0.6796 -0.3346
2020.00 -0.6454 -0.6426 -0.3582 -0.6436 -0.6401 -0.3092
2030.00 -0.6061 -0.6120 -0.3889 -0.6098 -0.6023 -0.3070
2040.00 -0.6516 -0.6476 -0.3892 -0.6533 -0.6588 -0.3236
2050.00 -0.6830 -0.6776 -0.4022 -0.6844 -0.6866 -0.3195
2060.00 -0.6109 -0.6103 -0.4015 -0.6088 -0.6148 -0.3153
2070.00 -0.5671 -0.5618 -0.3979 -0.5601 -0.5591 -0.3103
2080.00 -0.6441 -0.6556 -0.3852 -0.6606 -0.6461 -0.3158
2090.00 -0.8017 -0.7977 -0.3630 -0.7945 -0.7973 -0.3107
2100.00 -0.6136 -0.6190 -0.3622 -0.6186 -0.6195 -0.3049
2110.00 -0.7034 -0.7018 -0.4022 -0.7077 -0.7072 -0.3244
2120.00 -0.5831 -0.5832 -0.3874 -0.5720 -0.5701 -0.3106
2130.00 -0.5386 -0.5365 -0.3896 -0.5255 -0.5407 -0.3024
2140.00 -0.6636 -0.6725 -0.4067 -0.6669 -0.6618 -0.3183
2150.00 -0.5929 -0.5957 -0.4021 -0.5978 -0.5984 -0.3196
2160.00 -0.6784 -0.6855 -0.3805 -0.6816 -0.6883 -0.3241
2170.00 -0.6203 -0.6091 -0.3649 -0.6111 -0.6165 -0.2997
2180.00 -0.7077 -0.7078 -0.3992 -0.7057 -0.7204 -0.3283
2190.00 -0.5065 -0.5104 -0.3940 -0.5129 -0.5102 -0.3073
2200.00 -0.5338 -0.5398 -0.4035 -0.5320 -0.5294 -0.3161
2210.00 -0.7615 -0.7643 -0.3387 -0.7603 -0.7642 -0.3090
2220.00 -0.7140 -0.6975 -0.3773 -0.7070 -0.6994 -0.3187
2230.00 -0.6889 -0.6926 -0.3944 -0.6870 -0.6930 -0.3162
2240.00 -0.5541 -0.5587 -0.3898 -0.5567 -0.5595 -0.3114
2250.00 -0.6638 -0.6678 -0.3805 -0.6634 -0.6587 -0.3100
2260.00 -0.6039 -0.5943 -0.3774 -0.5994 -0.6025 -0.3174
2270.00 -0.7813 -0.7782 -0.3666 -0.7751 -0.7818 -0.3232
2280.00 -0.7061 -0.7013 -0.3897 -0.7050 -0.6985 -0.3153
2290.00 -0.5222 -0.5196 -0.3979 -0.5228 -0.5192 -0.3089
2300.00 -0.4370 -0.4364 -0.4005 -0.4390 -0.4462 -0.3079
2310.00 -0.5949 -0.5964 -0.4091 -0.5970 -0.5936 -0.3353
2320.00 -0.7353 -0.7330 -0.3675 -0.7342 -0.7399 -0.3130
2330.00 -0.7087 -0.7006 -0.3811 -0.7067 -0.6988 -0.3120
2340.00 -0.6877 -0.6945 -0.3681 -0.6887 -0.6911 -0.3051
2350.00 -0.6884 -0.6939 -0.3597 -0.6991 -0.6959 -0.3118
2360.00 -0.7539 -0.7551 -0.4091 -0.7514 -0.7493 -0.3235
2370.00 -0.5041 -0.4987 -0.4061 -0.5037 -0.5029 -0.3223
2380.00 -0.6246 -0.6176 -0.3734 -0.6168 -0.6205 -0.3018
2390.00 -0.4886 -0.4869 -0.4121 -0.4887 -0.4905 -0.3200
2400.00 -0.6537 -0.6574 -0.4121 -0.6601 -0.6571 -0.3312
2410.00 -0.5937 -0.6018 -0.3618 -0.5977 -0.5971 -0.3025
2420.00 -0.6614 -0.6555 -0.3996 -0.6550 -0.6554 -0.3123
2430.00 -0.6650 -0.6612 -0.3601 -0.6584 -0.6632 -0.3246
2440.00 -0.8279 -0.8355 -0.3921 -0.8313 -0.8267 -0.3163
2450.00 -0.6245 -0.6220 -0.3539 -0.6135 -0.6229 -0.2918
2460.00 -0.6910 -0.7026 -0.3978 -0.6991 -0.6971 -0.3262
2470.00 -0.5331 -0.5303 -0.3986 -0.5348 -0.5348 -0.3106
2480.00 -0.6746 -0.6786 -0.3956 -0.6750 -0.6842 -0.3305
2490.00 -0.6898 -0.6886 -0.3871 -0.6870 -0.6881 -0.3165
2500.00 -0.6032 -0.6097 -0.3665 -0.6097 -0.6140 -0.2983
2510.00 -0.6022 -0.5963 -0.3976 -0.5993 -0.6096 -0.3254
2520.00 -0.5678 -0.5646 -0.3953 -0.5711 -0.5725 -0.3015
2530.00 -0.6579 -0.6574 -0.3971 -0.6580 -0.6581 -0.3168
2540.00 -0.6268 -0.6277 -0.3800 -0.6342 -0.6311 -0.3166
2550.00 -0.6482 -0.6496 -0.3890 -0.6433 -0.6425 -0.3193
2560.00 -0.6182 -0.6291 -0.3631 -0.6236 -0.6272 -0.3043
2570.00 -0.6880 -0.6839 -0.3844 -0.6865 -0.6909 -0.3165
2580.00 -0.6808 -0.6759 -0.3997 -0.6714 -0.6809 -0.3226
2590.00 -0.6451 -0.6412 -0.3795 -0.6460 -0.6498 -0.3178
2600.00 -0.6522 -0.6459 -0.3652 -0.6457 -0.6420 -0.3044
2610.00 -0.7426 -0.7506 -0.3867 -0.7521 -0.7402 -0.3288
2620.00 -0.5641 -0.5717 -0.4018 -0.5670 -0.5690 -0.3110
2630.00 -0.5327 -0.5234 -0.4087 -0.5282 -0.5267 -0.3219
2640.00 -0.6856 -0.6759 -0.3919 -0.6850 -0.6817 -0.3301
2650.00 -0.7802 -0.7719 -0.3328 -0.7782 -0.7764 -0.2970
2660.00 -0.6852 -0.6838 -0.4092 -0.6834 -0.6902 -0.3308
2670.00 -0.5769 -0.5830 -0.3839 -0.5832 -0.5810 -0.3050
2680.00 -0.4731 -0.4697 -0.3894 -0.4681 -0.4647 -0.2995
2690.00 -0.6134 -0.6101 -0.4195 -0.6236 -0.6156 -0.3376
2700.00 -0.6321 -0.6404 -0.3509 -0.6339 -0.6372 -0.3055
2710.00 -0.6303 -0.6342 -0.3673 -0.6335 -0.6291 -0.3018
2720.00 -0.6900 -0.7006 -0.4044 -0.6969 -0.7020 -0.3252
2730.00 -0.6068 -0.6039 -0.3901 -0.6007 -0.6002 -0.2984
2740.00 -0.6696 -0.6711 -0.4019 -0.6705 -0.6749 -0.3423
2750.00 -0.6942 -0.6809 -0.3873 -0.6890 -0.6918 -0.3097
2760.00 -0.6717 -0.6809 -0.3836 -0.6812 -0.6738 -0.3175
2770.00 -0.6013 -0.5948 -0.3584 -0.5959 -0.5937 -0.2998
2780.00 -0.7091 -0.7128 -0.4086 -0.7137 -0.7157 -0.3292
2790.00 -0.6303 -0.6323 -0.3872 -0.6254 -0.6407 -0.3260
2800.00 -0.6388 -0.6424 -0.3956 -0.6445 -0.6404 -0.3094
2810.00 -0.4991 -0.4929 -0.3998 -0.4976 -0.4985 -0.3044
2820.00 -0.5970 -0.5951 -0.3978 -0.6015 -0.5952 -0.3246
2830.00 -0.7840 -0.7863 -0.3863 -0.7910 -0.7961 -0.3293
2840.00 -0.6432 -0.6411 -0.3711 -0.6397 -0.6352 -0.3016
2850.00 -0.6207 -0.6218 -0.3811 -0.6249 -0.6240 -0.3144
2860.00 -0.7299 -0.7271 -0.3617 -0.7382 -0.7339 -0.3127
2870.00 -0.5745 -0.5740 -0.3950 -0.5776 -0.5726 -0.3072
2880.00 -0.8520 -0.8543 -0.3778 -0.8542 -0.8581 -0.3143
2890.00 -0.5362 -0.5401 -0.4005 -0.5348 -0.5385 -0.3132
2900.00 -0.5144 -0.5106 -0.4115 -0.5086 -0.5095 -0.3185
2910.00 -0.6527 -0.6480 -0.3779 -0.6459 -0.6512 -0.3090
2920.00 -0.5591 -0.5647 -0.3827 -0.5582 -0.5570 -0.3056
2930.00 -0.7031 -0.7020 -0.3982 -0.7012 -0.7098 -0.3218
2940.00 -0.6761 -0.6790 -0.3890 -0.6828 -0.6806 -0.3178
2950.00 -0.6778 -0.6839 -0.3761 -0.6809 -0.6793 -0.3090
2960.00 -0.7030 -0.7040 -0.3988 -0.7046 -0.7064 -0.3233
2970.00 -0.5251 -0.5198 -0.3974 -0.5224 -0.5250 -0.3107
2980.00 -0.5379 -0.5416 -0.3959 -0.5396 -0.5541 -0.3227
2990.00 -0.7409 -0.7385 -0.3831 -0.7372 -0.7351 -0.3234
3000.00 -0.5785 -0.5819 -0.3913 -0.5910 -0.5842 -0.3165
3010.00 -0.7686 -0.7751 -0.3648 -0.7724 -0.7686 -0.3094
3020.00 -0.6817 -0.6753 -0.3877 -0.6818 -0.6843 -0.3183
3030.00 -0.7266 -0.7250 -0.3772 -0.7208 -0.7264 -0.3172
3040.00 -0.5553 -0.5414 -0.3896 -0.5505 -0.5519 -0.3074
3050.00 -0.6118 -0.6137 -0.4080 -0.6083 -0.6103 -0.3158
3060.00 -0.6246 -0.6353 -0.3952 -0.6194 -0.6214 -0.3206
3070.00 -0.7280 -0.7375 -0.3976 -0.7377 -0.7302 -0.3393
3080.00 -0.6275 -0.6182 -0.3915 -0.6173 -0.6166 -0.3001
3090.00 -0.5577 -0.5554 -0.3828 -0.5593 -0.5644 -0.3025
3100.00 -0.5386 -0.5367 -0.4145 -0.5406 -0.5401 -0.3231
3110.00 -0.6698 -0.6632 -0.3590 -0.6719 -0.6664 -0.3071
3120.00 -0.7317 -0.7345 -0.3749 -0.7259 -0.7324 -0.3176
3130.00 -0.6776 -0.6791 -0.3584 -0.6851 -0.6822 -0.2954
3140.00 -0.6511 -0.6568 -0.3991 -0.6614 -0.6540 -0.3279
3150.00 -0.5953 -0.5959 -0.3954 -0.5940 -0.5949 -0.3077
3160.00 -0.6815 -0.6815 -0.3785 -0.6850 -0.6799 -0.3185
3170.00 -0.6681 -0.6709 -0.3534 -0.6685 -0.6627 -0.2998
3180.00 -0.7577 -0.7630 -0.3976 -0.7539 -0.7575 -0.3253
3190.00 -0.5929 -0.5907 -0.4056 -0.5840 -0.5874 -0.3285
3200.00 -0.6116 -0.6141 -0.3699 -0.6185 -0.6146 -0.2937
3210.00 -0.5513 -0.5570 -0.4112 -0.5560 -0.5443 -0.3203
3220.00 -0.4723 -0.4688 -0.3846 -0.4775 -0.4808 -0.3014
3230.00 -0.5916 -0.5873 -0.4098 -0.5940 -0.5905 -0.3319
3240.00 -0.8905 -0.8892 -0.3711 -0.8874 -0.8900 -0.3141
3250.00 -0.5301 -0.5289 -0.3846 -0.5250 -0.5314 -0.3094
3260.00 -0.8247 -0.8276 -0.3695 -0.8096 -0.8174 -0.3289
3270.00 -0.6141 -0.6013 -0.3815 -0.6083 -0.6195 -0.3055
3280.00 -0.5362 -0.5426 -0.4158 -0.5371 -0.5434 -0.3204
3290.00 -0.7041 -0.7077 -0.3860 -0.7121 -0.7083 -0.3166
3300.00 -0.5232 -0.5248 -0.3775 -0.5294 -0.5204 -0.3031
3310.00 -0.5768 -0.5770 -0.3823 -0.5826 -0.5762 -0.3047
3320.00 -0.6544 -0.6556 -0.4322 -0.6555 -0.6462 -0.3373
3330.00 -0.6552 -0.6543 -0.3503 -0.6576 -0.6517 -0.3004
3340.00 -0.8064 -0.8100 -0.3799 -0.8103 -0.8105 -0.3285
3350.00 -0.5852 -0.5749 -0.4263 -0.5849 -0.5833 -0.3228
3360.00 -0.6123 -0.6140 -0.3451 -0.6127 -0.6169 -0.2915
3370.00 -0.5597 -0.5694 -0.3883 -0.5693 -0.5633 -0.3133
3380.00 -0.6462 -0.6468 -0.3880 -0.6444 -0.6372 -0.3177
3390.00 -0.5750 -0.5737 -0.4029 -0.5684 -0.5749 -0.3183
3400.00 -0.8100 -0.8154 -0.3437 -0.8057 -0.8056 -0.3196
3410.00 -0.7656 -0.7708 -0.3520 -0.7679 -0.7730 -0.3033
3420.00 -0.6241 -0.6226 -0.4133 -0.6308 -0.6236 -0.3145
3430.00 -0.4938 -0.4946 -0.4032 -0.4981 -0.4902 -0.3085
3440.00 -0.5406 -0.5356 -0.3995 -0.5366 -0.5377 -0.3164
3450.00 -0.5804 -0.5793 -0.4404 -0.5771 -0.5761 -0.3428
3460.00 -0.6040 -0.6165 -0.3751 -0.6214 -0.6063 -0.3044
3470.00 -0.7175 -0.7167 -0.3509 -0.7156 -0.7194 -0.3200
3480.00 -0.7706 -0.7671 -0.3708 -0.7670 -0.7592 -0.3069
3490.00 -0.6036 -0.6076 -0.3974 -0.6044 -0.6019 -0.3110
3500.00 -0.4972 -0.4991 -0.3987 -0.5015 -0.4999 -0.3047
3510.00 -0.7020 -0.6915 -0.4004 -0.7031 -0.7052 -0.3309
3520.00 -0.6094 -0.6154 -0.3772 -0.6190 -0.6163 -0.3117
3530.00 -0.7550 -0.7602 -0.3516 -0.7511 -0.7456 -0.3240
3540.00 -0.8251 -0.8181 -0.3759 -0.8300 -0.8203 -0.3001
3550.00 -0.5181 -0.5161 -0.4007 -0.5099 -0.5134 -0.3152
3560.00 -0.5374 -0.5376 -0.3967 -0.5390 -0.5396 -0.3118
3570.00 -0.5264 -0.5208 -0.3869 -0.5236 -0.5205 -0.3055
3580.00 -0.6280 -0.6291 -0.4169 -0.6208 -0.6208 -0.3363
3590.00 -0.8842 -0.8842 -0.3614 -0.8741 -0.8852 -0.3274
3600.00 -0.7115 -0.7152 -0.3528 -0.7207 -0.7138 -0.2951
3610.00 -0.6420 -0.6423 -0.3955 -0.6423 -0.6418 -0.3072
3620.00 -0.5806 -0.5854 -0.3835 -0.5813 -0.5893 -0.3058
3630.00 -0.6052 -0.5935 -0.3971 -0.5890 -0.6022 -0.3265
3640.00 -0.5820 -0.5791 -0.3946 -0.5784 -0.5857 -0.3009
3650.00 -0.5455 -0.5437 -0.3830 -0.5513 -0.5459 -0.3158
3660.00 -0.7854 -0.7902 -0.3927 -0.7850 -0.7822 -0.3284
3670.00 -0.6277 -0.6264 -0.3578 -0.6327 -0.6383 -0.3038
3680.00 -0.5979 -0.6016 -0.4112 -0.5951 -0.6049 -0.3124
3690.00 -0.5394 -0.5320 -0.4119 -0.5378 -0.5371 -0.3230
3700.00 -0.8449 -0.8315 -0.3344 -0.8331 -0.8283 -0.3174
3710.00 -0.7153 -0.7135 -0.3819 -0.7173 -0.7115 -0.3029
3720.00 -0.6261 -0.6284 -0.3626 -0.6267 -0.6295 -0.3060
3730.00 -0.6543 -0.6540 -0.4000 -0.6530 -0.6567 -0.3239
3740.00 -0.5916 -0.5847 -0.4300 -0.5926 -0.5962 -0.3255
3750.00 -0.5437 -0.5462 -0.3866 -0.5383 -0.5427 -0.3121
3760.00 -0.5477 -0.5520 -0.3842 -0.5515 -0.5493 -0.3076
3770.00 -0.9637 -0.9681 -0.3673 -0.9580 -0.9637 -0.3261
3780.00 -0.6632 -0.6552 -0.4135 -0.6594 -0.6504 -0.3263
3790.00 -0.5032 -0.5065 -0.3907 -0.5079 -0.5063 -0.3119
3800.00 -0.6190 -0.6217 -0.4125 -0.6209 -0.6214 -0.3138
3810.00 -0.4859 -0.4836 -0.3764 -0.4816 -0.4849 -0.3053
3820.00 -0.8271 -0.8212 -0.3625 -0.8200 -0.8209 -0.3134
3830.00 -0.6661 -0.6734 -0.4134 -0.6772 -0.6852 -0.3228
3840.00 -0.5201 -0.5203 -0.3703 -0.5209 -0.5176 -0.2928
3850.00 -0.6063 -0.6053 -0.3955 -0.6046 -0.6056 -0.3281
3860.00 -0.7079 -0.7127 -0.3630 -0.7085 -0.7084 -0.3066
3870.00 -0.7357 -0.7300 -0.3970 -0.7359 -0.7377 -0.3250
3880.00 -0.5794 -0.5749 -0.3856 -0.5738 -0.5703 -0.2991
3890.00 -0.5901 -0.5820 -0.3647 -0.5880 -0.5886 -0.2982
3900.00 -0.6553 -0.6570 -0.4028 -0.6471 -0.6545 -0.3271
3910.00 -0.6333 -0.6351 -0.4044 -0.6280 -0.6391 -0.3255
3920.00 -0.6133 -0.6176 -0.3697 -0.6206 -0.6158 -0.3032
3930.00 -0.7514 -0.7539 -0.3975 -0.7571 -0.7505 -0.3285
3940.00 -0.7097 -0.7068 -0.3563 -0.6994 -0.7042 -0.2990
3950.00 -0.6204 -0.6190 -0.3830 -0.6185 -0.6202 -0.3054
3960.00 -0.6034 -0.5981 -0.4187 -0.6060 -0.6041 -0.3451
3970.00 -0.6114 -0.6151 -0.3604 -0.6064 -0.6109 -0.2878
3980.00 -0.6784 -0.6711 -0.4238 -0.6730 -0.6772 -0.3412
3990.00 -0.5750 -0.5743 -0.3510 -0.5710 -0.5626 -0.2859
4000.00 -0.5977 -0.5992 -0.4382 -0.6005 -0.5981 -0.3410
