10.00 0.00 11.63 0.00 0.00 0.00 6.80
20.00 0.00 11.88 0.00 0.00 0.00 6.90
30.00 0.00 34.25 0.00 0.00 0.00 13.50
40.00 0.00 9.13 0.00 0.00 0.00 6.55
50.00 0.00 8.75 0.00 0.00 0.00 6.15
60.00 0.00 7.25 0.00 0.00 0.00 5.85
70.00 0.00 7.25 0.00 0.00 0.00 5.95
80.00 0.00 29.38 0.00 0.00 0.00 11.45
90.00 0.00 21.00 0.00 0.00 0.00 10.20
100.00 0.00 14.38 0.00 0.00 0.00 7.80
110.00 0.00 14.38 0.00 0.00 0.00 7.50
120.00 0.00 11.00 0.00 0.00 0.00 7.20
130.00 0.00 12.50 0.00 0.00 0.00 6.95
140.00 0.00 9.63 0.00 0.00 0.00 6.80
150.00 0.00 16.88 0.00 0.00 0.00 8.50
160.00 0.00 13.50 0.00 0.00 0.00 7.10
170.00 0.00 16.50 0.00 0.00 0.00 8.75
180.00 0.00 12.88 0.00 0.00 0.00 7.15
190.00 0.00 18.63 0.00 0.00 0.00 8.90
200.00 0.00 12.25 0.00 0.00 0.00 7.20
210.00 0.00 12.38 0.00 0.00 0.00 7.60
220.00 0.00 17.50 0.00 0.00 0.00 8.45
230.00 0.00 10.00 0.00 0.00 0.00 6.95
240.00 0.00 20.75 0.00 0.00 0.00 9.10
250.00 0.00 7.13 0.00 0.00 0.00 5.95
260.00 0.00 7.75 0.00 0.00 0.00 6.25
270.00 0.00 21.13 0.00 0.00 0.13 9.75
280.00 0.00 20.63 0.00 0.00 0.00 9.50
290.00 0.00 23.38 0.00 0.00 0.00 9.85
300.00 0.00 6.63 0.00 0.00 0.00 5.80
310.00 0.00 12.75 0.00 0.00 0.00 7.15
320.00 0.00 15.50 0.00 0.00 0.00 8.25
330.00 0.00 13.88 0.00 0.00 0.00 8.15
340.00 0.00 10.00 0.00 0.00 0.00 6.20
350.00 0.00 19.63 0.00 0.00 0.00 9.35
360.00 0.00 12.13 0.00 0.00 0.00 7.15
370.00 0.00 25.50 0.00 0.00 0.00 10.75
380.00 0.00 5.63 0.00 0.00 0.00 5.45
390.00 0.00 19.25 0.00 0.00 0.00 8.70
400.00 0.00 10.63 0.00 0.00 0.00 7.50
410.00 0.00 15.00 0.00 0.00 0.00 7.70
420.00 0.00 8.38 0.00 0.00 0.00 6.20
430.00 0.00 17.88 0.00 0.00 0.00 8.45
440.00 0.00 20.38 0.00 0.00 0.00 10.05
450.00 0.00 29.00 0.00 0.00 0.00 11.40
460.00 0.00 8.38 0.00 0.00 0.00 6.50
470.00 0.00 6.63 0.00 0.00 0.00 5.55
480.00 0.00 7.00 0.00 0.00 0.00 5.75
490.00 0.00 8.00 0.00 0.00 0.00 6.30
500.00 0.00 8.38 0.00 0.00 0.00 6.10
510.00 0.00 35.38 0.00 0.00 0.00 13.40
520.00 0.00 12.00 0.00 0.00 0.00 7.20
530.00 0.00 27.13 0.00 0.00 0.00 11.15
540.00 0.00 9.13 0.00 0.00 0.00 6.45
550.00 0.00 16.13 0.00 0.00 0.00 7.95
560.00 0.00 10.13 0.00 0.00 0.00 6.85
570.00 0.00 6.00 0.00 0.00 0.00 5.15
580.00 0.00 6.63 0.00 0.00 0.00 6.05
590.00 0.00 18.13 0.00 0.00 0.00 8.45
600.00 0.00 25.88 0.00 0.00 0.00 11.30
610.00 0.00 12.25 0.00 0.00 0.00 6.95
620.00 0.00 14.25 0.00 0.00 0.00 7.80
630.00 0.00 27.50 0.00 0.00 0.00 11.70
640.00 0.00 10.63 0.00 0.00 0.00 6.65
650.00 0.00 10.00 0.00 0.00 0.00 6.35
660.00 0.00 9.50 0.00 0.00 0.00 6.60
670.00 0.00 19.00 0.00 0.00 0.00 9.10
680.00 0.00 13.75 0.00 0.00 0.00 7.70
690.00 0.00 12.13 0.00 0.00 0.00 7.20
700.00 0.00 12.75 0.00 0.00 0.00 7.30
710.00 0.00 10.00 0.00 0.00 0.00 6.20
720.00 0.00 11.63 0.00 0.00 0.00 7.50
730.00 0.00 41.50 0.00 0.00 0.00 14.80
740.00 0.00 11.63 0.00 0.00 0.00 7.05
750.00 0.00 9.63 0.00 0.00 0.00 6.30
760.00 0.00 9.50 0.00 0.00 0.00 6.80
770.00 0.00 10.25 0.00 0.00 0.00 6.75
780.00 0.00 9.63 0.00 0.00 0.00 6.25
790.00 0.00 14.13 0.00 0.00 0.00 7.85
800.00 0.00 6.63 0.00 0.00 0.00 5.70
810.00 0.00 33.88 0.00 0.00 0.00 13.45
820.00 0.00 19.50 0.00 0.00 0.00 8.95
830.00 0.00 6.50 0.00 0.00 0.00 5.50
840.00 0.00 7.25 0.00 0.00 0.00 5.90
850.00 0.00 9.00 0.00 0.00 0.00 6.45
860.00 0.00 27.63 0.00 0.00 0.13 10.95
870.00 0.00 12.38 0.00 0.00 0.00 7.65
880.00 0.00 10.88 0.00 0.00 0.00 6.45
890.00 0.00 5.75 0.00 0.00 0.00 5.85
900.00 0.00 23.88 0.00 0.00 0.00 9.55
910.00 0.00 18.13 0.00 0.00 0.00 9.75
920.00 0.00 10.50 0.00 0.00 0.00 6.75
930.00 0.00 14.75 0.00 0.00 0.00 8.10
940.00 0.00 9.50 0.00 0.00 0.00 6.00
950.00 0.00 20.25 0.00 0.00 0.00 9.70
960.00 0.00 11.13 0.00 0.00 0.00 6.90
970.00 0.00 23.63 0.00 0.00 0.00 9.85
980.00 0.00 12.13 0.00 0.00 0.00 7.15
990.00 0.00 8.00 0.00 0.00 0.00 6.45
1000.00 0.00 9.50 0.00 0.00 0.00 6.45
1010.00 0.00 14.75 0.00 0.00 0.00 7.90
1020.00 0.00 29.13 0.00 0.00 0.00 11.70
1030.00 0.00 10.00 0.00 0.00 0.00 6.70
1040.00 0.00 10.00 0.00 0.00 0.00 6.45
1050.00 0.00 12.00 0.00 0.00 0.00 6.85
1060.00 0.00 28.63 0.00 0.00 0.00 11.60
1070.00 0.00 11.63 0.00 0.00 0.00 7.55
1080.00 0.00 9.25 0.00 0.00 0.00 6.20
1090.00 0.00 9.38 0.00 0.00 0.00 6.55
1100.00 0.00 12.50 0.00 0.00 0.00 7.25
1110.00 0.00 10.88 0.00 0.00 0.00 6.75
1120.00 0.00 27.50 0.00 0.00 0.00 11.70
1130.00 0.00 13.38 0.00 0.00 0.00 7.50
1140.00 0.00 14.63 0.00 0.00 0.00 7.85
1150.00 0.00 18.25 0.00 0.00 0.00 9.05
1160.00 0.00 9.00 0.00 0.00 0.00 6.30
1170.00 0.00 7.50 0.00 0.00 0.00 5.95
1180.00 0.00 12.38 0.00 0.00 0.00 7.00
1190.00 0.00 13.25 0.00 0.00 0.00 7.65
1200.00 0.00 24.50 0.00 0.00 0.00 10.55
1210.00 0.00 23.63 0.00 0.00 0.00 10.25
1220.00 0.00 6.63 0.00 0.00 0.00 5.55
1230.00 0.00 15.75 0.00 0.00 0.00 7.60
1240.00 0.00 9.50 0.00 0.00 0.00 7.25
1250.00 0.00 7.63 0.00 0.00 0.00 6.05
1260.00 0.00 6.75 0.00 0.00 0.00 5.45
1270.00 0.00 8.13 0.00 0.25 0.00 6.05
1280.00 0.00 55.50 0.00 0.00 0.00 19.00
1290.00 0.00 13.63 0.00 0.00 0.00 7.80
1300.00 0.00 4.88 0.00 0.00 0.00 5.15
1310.00 0.00 8.75 0.00 0.00 0.00 5.90
1320.00 0.00 7.63 0.00 0.00 0.00 5.80
1330.00 0.00 11.75 0.00 0.00 0.00 7.60
1340.00 0.00 16.25 0.00 0.00 0.00 8.10
1350.00 0.00 21.88 0.00 0.00 0.00 9.75
1360.00 0.00 22.75 0.00 0.00 0.00 10.20
1370.00 0.00 7.25 0.00 0.00 0.00 5.90
1380.00 0.00 6.88 0.00 0.00 0.00 5.80
1390.00 0.00 7.75 0.00 0.00 0.00 5.80
1400.00 0.00 24.88 0.00 0.00 0.00 10.75
1410.00 0.00 6.25 0.00 0.00 0.00 5.70
1420.00 0.00 18.88 0.00 0.00 0.00 8.40
1430.00 0.00 20.75 0.00 0.00 0.00 10.15
1440.00 0.00 8.63 0.00 0.00 0.00 6.10
1450.00 0.00 28.88 0.00 0.00 0.00 12.00
1460.00 0.00 7.38 0.00 0.00 0.00 5.75
1470.00 0.00 9.38 0.00 0.00 0.00 6.55
1480.00 0.00 11.13 0.00 0.00 0.00 6.85
1490.00 0.00 23.50 0.00 0.00 0.00 10.45
1500.00 0.00 10.25 0.00 0.00 0.00 6.85
1510.00 0.00 10.75 0.00 0.00 0.00 6.60
1520.00 0.00 17.38 0.00 0.00 0.00 8.60
1530.00 0.00 10.38 0.00 0.00 0.00 6.55
1540.00 0.00 14.88 0.00 0.00 0.00 8.30
1550.00 0.00 19.63 0.00 0.00 0.00 9.20
1560.00 0.00 16.63 0.00 0.00 0.00 8.20
1570.00 0.00 11.00 0.00 0.00 0.00 7.15
1580.00 0.00 11.13 0.00 0.00 0.00 6.80
1590.00 0.00 10.00 0.00 0.00 0.00 6.60
1600.00 0.00 9.88 0.00 0.00 0.00 6.40
1610.00 0.00 21.63 0.00 0.00 0.00 9.40
1620.00 0.00 28.25 0.00 0.00 0.00 12.20
1630.00 0.00 10.25 0.00 0.00 0.00 6.80
1640.00 0.00 5.38 0.00 0.00 0.00 5.10
1650.00 0.00 12.00 0.00 0.00 0.00 6.95
1660.00 0.00 18.00 0.00 0.00 0.00 8.50
1670.00 0.00 21.88 0.00 0.00 0.00 10.85
1680.00 0.00 10.38 0.00 0.00 0.00 6.40
1690.00 0.00 16.88 0.00 0.00 0.00 8.40
1700.00 0.00 13.38 0.00 0.00 0.00 7.85
1710.00 0.00 6.25 0.00 0.00 0.00 5.50
1720.00 0.00 14.25 0.00 0.00 0.00 7.70
1730.00 0.00 23.25 0.00 0.00 0.00 10.50
1740.00 0.00 9.13 0.00 0.00 0.00 6.10
1750.00 0.00 12.50 0.00 0.00 0.00 7.35
1760.00 0.00 11.25 0.00 0.00 0.00 7.20
1770.00 0.00 23.00 0.00 0.00 0.00 10.00
1780.00 0.00 10.50 0.00 0.00 0.00 6.70
1790.00 0.00 27.00 0.00 0.00 0.00 11.35
1800.00 0.00 17.25 0.00 0.00 0.00 8.35
1810.00 0.00 6.75 0.00 0.00 0.00 5.75
1820.00 0.00 4.13 0.00 0.00 0.00 5.15
1830.00 0.00 9.25 0.00 0.00 0.00 6.10
1840.00 0.00 21.38 0.00 0.00 0.00 9.60
1850.00 0.00 29.88 0.00 0.00 0.00 12.85
1860.00 0.00 11.50 0.00 0.00 0.00 6.80
1870.00 0.00 7.38 0.00 0.00 0.00 6.05
1880.00 0.00 10.88 0.00 0.00 0.00 6.45
1890.00 0.00 8.13 0.00 0.00 0.00 6.40
1900.00 0.00 32.13 0.00 0.00 0.00 12.70
1910.00 0.00 16.38 0.00 0.00 0.00 8.35
1920.00 0.00 7.88 0.00 0.00 0.00 6.00
1930.00 0.00 5.63 0.00 0.00 0.00 5.20
1940.00 0.00 9.13 0.00 0.00 0.00 6.55
1950.00 0.00 11.50 0.00 0.00 0.00 6.10
1960.00 0.00 36.50 0.00 0.00 0.00 14.55
1970.00 0.00 14.13 0.00 0.00 0.00 7.75
1980.00 0.00 12.75 0.00 0.00 0.00 7.55
1990.00 0.00 10.38 0.00 0.00 0.00 6.75
2000.00 0.00 7.50 0.00 0.00 0.00 5.75
2010.00 0.00 17.50 0.00 0.00 0.00 8.95
2020.00 0.00 9.00 0.00 0.00 0.00 6.00
2030.00 0.00 12.13 0.00 0.00 0.00 7.65
2040.00 0.00 25.63 0.00 0.00 0.00 10.45
2050.00 0.00 20.00 0.00 0.00 0.00 9.80
2060.00 0.00 9.38 0.00 0.00 0.00 6.20
2070.00 0.00 12.00 0.00 0.00 0.00 7.20
2080.00 0.00 12.50 0.00 0.00 0.00 7.40
2090.00 0.00 12.13 0.00 0.00 0.00 6.95
2100.00 0.00 10.38 0.00 0.00 0.00 6.85
2110.00 0.00 11.88 0.00 0.00 0.00 7.20
2120.00 0.00 24.13 0.00 0.00 0.00 10.85
2130.00 0.00 15.25 0.00 0.00 0.00 7.30
2140.00 0.00 14.63 0.00 0.00 0.00 8.45
2150.00 0.00 11.13 0.00 0.00 0.00 7.05
2160.00 0.00 11.88 0.00 0.00 0.00 6.70
2170.00 0.00 30.38 0.00 0.00 0.00 11.80
2180.00 0.00 11.25 0.00 0.00 0.00 7.15
2190.00 0.00 13.63 0.00 0.00 0.00 7.65
2200.00 0.00 9.25 0.00 0.00 0.00 6.80
2210.00 0.00 12.00 0.00 0.00 0.00 7.05
2220.00 0.00 10.25 0.00 0.00 0.00 6.85
2230.00 0.00 17.75 0.00 0.00 0.00 8.75
2240.00 0.00 20.75 0.00 0.00 0.00 9.55
2250.00 0.00 14.13 0.00 0.00 0.00 7.50
2260.00 0.00 8.88 0.00 0.00 0.00 6.20
2270.00 0.00 5.50 0.00 0.00 0.00 5.60
2280.00 0.00 17.63 0.00 0.00 0.00 8.00
2290.00 0.00 23.00 0.00 0.00 0.00 10.85
2300.00 0.00 12.25 0.00 0.00 0.00 7.35
2310.00 0.00 16.38 0.00 0.00 0.00 7.85
2320.00 0.00 7.50 0.00 0.00 0.00 6.50
2330.00 0.00 8.63 0.00 0.00 0.00 6.45
2340.00 0.00 19.25 0.00 0.00 0.00 9.10
2350.00 0.00 15.13 0.00 0.00 0.00 7.80
2360.00 0.00 30.25 0.00 0.00 0.00 12.30
2370.00 0.00 9.00 0.00 0.00 0.00 6.05
2380.00 0.00 12.50 0.00 0.00 0.00 7.45
2390.00 0.00 13.13 0.00 0.00 0.00 7.15
2400.00 0.00 17.88 0.00 0.00 0.00 9.10
2410.00 0.00 16.50 0.00 0.00 0.00 8.30
2420.00 0.00 8.25 0.00 0.00 0.00 5.95
2430.00 0.00 13.00 0.00 0.00 0.00 7.45
2440.00 0.00 11.88 0.00 0.00 0.00 7.05
2450.00 0.00 14.13 0.00 0.00 0.00 7.80
2460.00 0.00 13.75 0.00 0.00 0.00 7.60
2470.00 0.00 19.38 0.00 0.00 0.00 9.30
2480.00 0.00 4.75 0.00 0.00 0.00 4.95
2490.00 0.00 29.13 0.00 0.00 0.00 12.10
2500.00 0.00 10.88 0.00 0.00 0.00 6.70
2510.00 0.00 13.00 0.00 0.00 0.00 7.10
2520.00 0.00 15.13 0.00 0.00 0.00 8.10
2530.00 0.00 10.00 0.00 0.00 0.00 6.55
2540.00 0.00 14.25 0.00 0.00 0.00 7.90
2550.00 0.00 25.50 0.00 0.00 0.00 10.65
2560.00 0.00 9.63 0.00 0.00 0.00 6.65
2570.00 0.00 20.50 0.00 0.00 0.00 9.40
2580.00 0.00 7.25 0.00 0.00 0.00 5.95
2590.00 0.00 9.88 0.00 0.00 0.00 6.55
2600.00 0.00 8.38 0.00 0.00 0.00 6.15
2610.00 0.00 25.50 0.00 0.00 0.00 9.35
2620.00 0.00 26.88 0.00 0.00 0.00 12.65
2630.00 0.00 7.00 0.00 0.00 0.00 5.60
2640.00 0.00 8.38 0.00 0.00 0.00 6.35
2650.00 0.00 19.25 0.00 0.00 0.00 8.70
2660.00 0.00 11.50 0.00 0.00 0.00 7.55
2670.00 0.00 16.25 0.00 0.00 0.00 8.30
2680.00 0.00 10.00 0.00 0.00 0.00 6.60
2690.00 0.00 7.50 0.00 0.00 0.00 6.00
2700.00 0.00 20.13 0.00 0.00 0.00 9.00
2710.00 0.00 15.13 0.00 0.00 0.00 8.05
2720.00 0.00 25.63 0.00 0.00 0.00 11.00
2730.00 0.00 10.88 0.00 0.00 0.00 6.90
2740.00 0.00 11.13 0.00 0.00 0.00 6.75
2750.00 0.00 9.50 0.00 0.00 0.00 6.80
2760.00 0.00 10.00 0.00 0.00 0.00 6.60
2770.00 0.00 7.75 0.00 0.00 0.00 5.95
2780.00 0.00 27.50 0.00 0.00 0.00 11.25
2790.00 0.00 23.25 0.00 0.00 0.00 10.50
2800.00 0.00 7.00 0.00 0.00 0.00 5.40
2810.00 0.00 17.50 0.00 0.00 0.00 8.55
2820.00 0.00 9.88 0.00 0.00 0.00 6.50
2830.00 0.00 7.13 0.00 0.00 0.00 6.15
2840.00 0.00 15.25 0.00 0.00 0.00 8.10
2850.00 0.00 11.00 0.00 0.00 0.00 6.95
2860.00 0.00 32.00 0.00 0.00 0.00 12.25
2870.00 0.00 17.13 0.00 0.00 0.00 8.85
2880.00 0.00 10.88 0.00 0.00 0.00 6.90
2890.00 0.00 11.88 0.00 0.00 0.00 6.80
2900.00 0.00 6.38 0.00 0.00 0.00 5.70
2910.00 0.00 10.63 0.00 0.00 0.00 6.80
2920.00 0.00 21.38 0.00 0.00 0.00 9.60
2930.00 0.00 17.63 0.00 0.00 0.00 9.10
2940.00 0.00 16.13 0.00 0.00 0.00 7.70
2950.00 0.00 14.13 0.00 0.00 0.00 8.10
2960.00 0.00 7.38 0.00 0.00 0.00 5.75
2970.00 0.00 10.13 0.00 0.00 0.00 6.65
2980.00 0.00 17.00 0.00 0.00 0.00 8.55
2990.00 0.00 22.00 0.00 0.00 0.00 9.70
3000.00 0.00 14.88 0.00 0.00 0.00 8.15
3010.00 0.00 14.25 0.00 0.00 0.00 7.80
3020.00 0.00 22.63 0.00 0.00 0.00 9.55
3030.00 0.00 13.38 0.00 0.00 0.00 7.45
3040.00 0.00 11.38 0.00 0.00 0.00 7.40
3050.00 0.00 8.75 0.00 0.00 0.00 6.45
3060.00 0.00 10.00 0.00 0.00 0.00 6.55
3070.00 0.00 17.75 0.00 0.00 0.00 8.55
3080.00 0.00 22.63 0.00 0.00 0.00 10.35
3090.00 0.00 17.00 0.00 0.00 0.00 8.35
3100.00 0.00 9.88 0.00 0.00 0.00 6.65
3110.00 0.00 8.75 0.00 0.00 0.00 6.10
3120.00 0.00 12.00 0.00 0.00 0.00 7.30
3130.00 0.00 17.75 0.00 0.00 0.00 8.55
3140.00 0.00 12.75 0.00 0.00 0.00 7.30
3150.00 0.00 17.88 0.00 0.00 0.00 8.90
3160.00 0.00 19.13 0.00 0.00 0.00 8.80
3170.00 0.00 25.25 0.00 0.00 0.00 10.80
3180.00 0.00 9.75 0.00 0.00 0.00 6.60
3190.00 0.00 7.25 0.00 0.00 0.00 5.75
3200.00 0.00 6.13 0.00 0.00 0.00 5.55
3210.00 0.00 7.00 0.00 0.00 0.00 5.85
3220.00 0.00 17.50 0.00 0.00 0.00 8.65
3230.00 0.00 20.63 0.00 0.00 0.00 9.55
3240.00 0.00 15.13 0.00 0.00 0.00 8.20
3250.00 0.00 19.13 0.00 0.00 0.00 8.75
3260.00 0.00 15.88 0.00 0.00 0.00 8.45
3270.00 0.00 14.13 0.00 0.00 0.00 7.55
3280.00 0.00 8.50 0.00 0.00 0.00 6.25
3290.00 0.00 9.63 0.00 0.00 0.00 6.45
3300.00 0.00 24.88 0.00 0.00 0.00 10.85
3310.00 0.00 11.13 0.00 0.00 0.00 6.45
3320.00 0.00 12.50 0.00 0.00 0.00 7.30
3330.00 0.00 12.38 0.00 0.00 0.00 7.20
3340.00 0.00 10.25 0.00 0.00 0.00 6.95
3350.00 0.00 10.50 0.00 0.00 0.00 6.75
3360.00 0.00 13.13 0.00 0.00 0.00 7.30
3370.00 0.00 53.75 0.00 0.00 0.00 18.45
3380.00 0.00 9.13 0.00 0.00 0.00 6.15
3390.00 0.00 3.75 0.00 0.00 0.00 4.90
3400.00 0.00 8.00 0.00 0.00 0.00 6.40
3410.00 0.00 7.25 0.00 0.00 0.00 5.65
3420.00 0.13 8.25 0.00 0.13 0.13 6.00
3430.00 0.00 9.00 0.00 0.00 0.00 6.90
3440.00 0.00 25.00 0.00 0.00 0.00 10.15
3450.00 0.00 29.38 0.00 0.00 0.00 12.40
3460.00 0.00 20.75 0.00 0.00 0.00 9.40
3470.00 0.00 10.25 0.00 0.00 0.00 6.65
3480.00 0.00 4.75 0.00 0.00 0.00 5.15
3490.00 0.00 11.88 0.00 0.00 0.00 7.25
3500.00 0.00 7.88 0.00 0.00 0.00 6.00
3510.00 0.00 11.13 0.00 0.00 0.00 7.00
3520.00 0.00 39.13 0.00 0.00 0.00 14.35
3530.00 0.00 14.13 0.00 0.00 0.00 7.75
3540.00 0.00 10.13 0.00 0.00 0.00 6.75
3550.00 0.00 6.38 0.00 0.00 0.00 5.20
3560.00 0.00 7.25 0.00 0.00 0.00 5.85
3570.00 0.00 18.63 0.00 0.00 0.00 9.40
3580.00 0.00 18.63 0.00 0.00 0.00 9.05
3590.00 0.00 14.38 0.00 0.00 0.00 7.70
3600.00 0.00 8.88 0.00 0.00 0.00 6.10
3610.00 0.00 15.38 0.00 0.00 0.00 8.10
3620.00 0.00 8.75 0.00 0.00 0.00 6.10
3630.00 0.00 21.75 0.00 0.00 0.00 9.35
3640.00 0.00 33.50 0.00 0.00 0.00 13.35
3650.00 0.00 6.75 0.00 0.00 0.00 5.80
3660.00 0.00 8.75 0.00 0.00 0.00 6.45
3670.00 0.00 11.00 0.00 0.00 0.00 6.85
3680.00 0.00 7.63 0.00 0.00 0.00 5.70
3690.00 0.00 9.00 0.00 0.00 0.13 6.15
3700.00 0.00 51.00 0.00 0.00 0.00 18.40
3710.00 0.00 6.00 0.00 0.00 0.00 5.00
3720.00 0.00 9.13 0.00 0.00 0.00 6.55
3730.00 0.00 7.88 0.00 0.00 0.00 5.85
3740.00 0.00 7.25 0.00 0.00 0.00 6.15
3750.00 0.00 6.75 0.00 0.00 0.00 5.55
3760.00 0.00 32.13 0.00 0.00 0.00 12.00
3770.00 0.00 21.38 0.00 0.00 0.00 10.55
3780.00 0.00 11.88 0.00 0.00 0.00 6.75
3790.00 0.00 10.13 0.00 0.00 0.00 6.95
3800.00 0.00 11.75 0.00 0.00 0.00 6.75
3810.00 0.00 9.00 0.00 0.00 0.00 6.50
3820.00 0.00 17.00 0.00 0.00 0.00 8.45
3830.00 0.00 12.25 0.00 0.00 0.00 7.40
3840.00 0.00 13.25 0.00 0.00 0.00 7.55
3850.00 0.00 8.13 0.00 0.00 0.00 6.15
3860.00 0.00 26.50 0.00 0.00 0.00 10.70
3870.00 0.00 4.88 0.00 0.00 0.00 5.40
3880.00 0.00 12.63 0.00 0.00 0.00 7.25
3890.00 0.00 40.88 0.00 0.00 0.00 15.20
3900.00 0.00 7.63 0.00 0.00 0.00 5.90
3910.00 0.00 8.25 0.00 0.00 0.00 6.20
3920.00 0.00 9.63 0.00 0.00 0.00 6.35
3930.00 0.00 10.13 0.00 0.00 0.00 6.90
3940.00 0.00 17.13 0.00 0.00 0.00 8.60
3950.00 0.00 11.63 0.00 0.00 0.00 7.00
3960.00 0.00 16.50 0.00 0.00 0.00 7.90
3970.00 0.00 17.38 0.00 0.00 0.00 8.95
3980.00 0.00 26.63 0.00 0.00 0.00 11.05
3990.00 0.00 13.50 0.00 0.00 0.00 7.65
4000.00 0.00 6.88 0.00 0.00 0.00 5.30
