10.00 0.25 1.38 0.25 0.38 0.38 5.10
20.00 0.63 0.25 0.63 0.50 1.13 5.10
30.00 0.50 0.38 0.38 0.88 0.38 5.00
40.00 1.13 0.50 0.38 0.38 0.38 5.25
50.00 0.88 0.50 0.25 0.38 0.25 4.90
60.00 0.13 1.13 0.63 0.13 0.50 5.30
70.00 0.63 0.25 0.25 0.38 0.00 4.50
80.00 0.63 0.63 0.38 0.00 0.25 4.95
90.00 1.13 0.13 0.38 0.75 0.50 5.25
100.00 1.25 0.38 0.38 0.75 0.25 4.95
110.00 0.38 0.25 0.25 1.13 0.50 4.90
120.00 0.00 0.13 1.00 0.75 0.13 5.00
130.00 0.63 0.50 0.63 1.25 0.63 5.15
140.00 0.50 0.38 0.25 0.75 0.13 5.15
150.00 0.50 0.13 0.63 0.50 0.00 4.85
160.00 0.25 0.25 0.50 1.13 0.25 4.95
170.00 0.13 0.63 0.75 0.75 0.63 5.20
180.00 0.50 0.50 0.38 0.38 0.25 5.25
190.00 0.25 0.50 1.00 0.25 0.63 4.95
200.00 0.88 0.38 0.50 0.63 0.75 4.95
210.00 0.38 0.50 0.38 0.75 0.38 5.10
220.00 0.13 0.75 0.13 1.00 0.38 5.20
230.00 0.25 0.25 0.25 0.38 0.50 5.05
240.00 0.38 0.50 1.00 0.00 0.50 4.95
250.00 0.13 0.50 0.63 0.13 0.38 4.90
260.00 0.63 0.25 0.25 0.25 0.13 5.00
270.00 0.25 0.38 0.75 0.63 1.25 5.30
280.00 0.50 0.25 0.38 0.25 0.38 4.85
290.00 0.75 0.50 0.25 0.13 0.50 5.30
300.00 0.38 0.13 0.50 0.50 0.13 4.85
310.00 0.25 0.38 0.63 0.50 0.38 5.10
320.00 0.63 0.00 0.75 0.50 0.63 5.25
330.00 0.13 0.25 0.25 0.25 0.50 4.65
340.00 0.75 0.38 0.63 0.38 1.00 5.20
350.00 0.75 0.25 0.00 0.63 0.63 5.10
360.00 1.00 1.50 0.38 0.13 0.25 4.95
370.00 0.25 0.50 0.00 0.88 1.00 5.05
380.00 0.88 0.38 0.38 1.13 0.63 5.30
390.00 0.38 0.75 0.13 0.25 0.50 4.90
400.00 0.75 1.25 0.38 0.25 0.25 5.10
410.00 0.25 0.75 0.38 0.38 0.25 4.85
420.00 0.13 0.13 0.13 0.75 1.00 5.15
430.00 0.38 0.25 0.13 0.75 0.50 4.70
440.00 0.25 0.88 0.25 0.50 0.50 4.85
450.00 0.38 0.38 0.50 1.00 0.38 5.20
460.00 0.50 0.13 0.63 1.13 0.25 5.10
470.00 0.25 0.13 0.75 0.63 0.38 5.00
480.00 0.75 0.25 0.00 0.50 0.25 5.05
490.00 1.13 0.25 0.50 0.50 0.50 4.90
500.00 0.75 0.63 0.13 0.25 0.38 5.15
510.00 0.88 0.13 0.75 0.25 0.88 5.05
520.00 0.75 0.00 0.50 0.63 0.50 4.95
530.00 1.00 0.00 0.38 0.38 0.13 4.95
540.00 0.38 0.63 0.63 0.25 0.75 5.30
550.00 0.50 0.50 0.63 0.50 0.75 5.00
560.00 0.50 0.38 0.50 0.38 0.50 4.90
570.00 1.13 0.63 0.50 0.75 0.25 5.00
580.00 0.13 0.25 0.63 0.38 0.50 5.25
590.00 0.25 0.38 1.00 0.50 0.50 4.90
600.00 0.00 0.88 0.25 0.75 0.75 4.80
610.00 0.38 0.25 0.63 0.13 0.50 5.25
620.00 0.38 0.25 0.63 0.25 0.50 5.05
630.00 0.38 0.63 0.25 0.25 0.88 4.80
640.00 0.50 0.75 0.75 0.50 0.50 5.15
650.00 0.38 0.25 0.25 0.38 0.63 5.20
660.00 0.00 0.38 0.38 0.25 0.50 5.05
670.00 0.38 0.13 0.25 1.00 0.88 4.90
680.00 0.25 0.63 0.50 0.25 0.50 4.95
690.00 0.25 0.50 0.63 0.38 0.88 5.00
700.00 0.50 0.75 0.13 0.50 0.25 5.15
710.00 0.25 0.38 0.50 0.25 0.50 4.95
720.00 0.25 1.25 0.75 0.50 0.50 5.10
730.00 0.25 0.38 0.38 0.75 0.63 5.15
740.00 0.25 0.50 0.38 0.13 1.00 4.90
750.00 0.50 0.88 0.38 1.00 0.13 5.15
760.00 0.38 1.13 0.13 0.75 0.63 5.00
770.00 0.75 0.50 0.13 1.00 0.38 5.10
780.00 0.25 0.75 0.50 0.25 0.50 4.95
790.00 0.88 0.50 0.25 0.50 0.63 4.95
800.00 0.63 0.00 0.25 0.38 0.75 5.10
810.00 0.38 1.13 0.38 0.75 1.00 5.25
820.00 0.75 0.25 0.25 0.38 0.50 5.30
830.00 0.75 0.00 0.50 0.25 0.75 4.95
840.00 1.13 0.63 0.13 0.63 0.63 5.25
850.00 0.75 0.38 0.13 1.00 0.13 5.10
860.00 0.38 1.00 0.25 0.63 0.38 4.75
870.00 0.00 0.75 0.38 0.38 0.63 4.75
880.00 1.00 1.13 0.38 0.25 0.88 5.40
890.00 0.25 0.38 0.38 0.38 0.13 4.90
900.00 0.25 0.50 0.75 0.88 0.63 5.25
910.00 0.38 0.25 0.38 0.38 0.38 4.90
920.00 0.75 0.75 0.63 0.25 0.75 4.90
930.00 0.38 0.38 1.00 0.13 0.75 5.10
940.00 0.63 0.63 0.25 0.63 0.50 5.10
950.00 0.63 0.38 0.50 0.50 0.25 4.90
960.00 0.88 0.38 0.75 0.25 0.38 5.00
970.00 0.50 0.38 0.50 0.00 0.63 5.00
980.00 0.63 0.50 0.50 0.25 0.13 5.15
990.00 0.75 0.25 0.63 0.50 0.25 5.20
1000.00 0.25 0.50 0.75 0.25 0.25 4.95
1010.00 0.38 0.25 0.75 0.63 0.25 4.85
1020.00 0.25 0.63 0.88 0.25 0.75 5.15
1030.00 0.00 0.75 0.38 0.63 0.38 5.00
1040.00 0.13 0.50 0.25 0.75 0.50 4.85
1050.00 1.00 0.88 1.13 0.00 0.38 5.50
1060.00 0.25 0.63 0.38 0.38 1.00 4.90
1070.00 0.38 0.38 0.50 0.38 0.63 4.90
1080.00 0.38 0.25 0.75 0.50 0.38 5.25
1090.00 1.25 0.63 0.00 0.13 0.75 5.15
1100.00 0.63 0.25 0.38 0.75 0.25 4.95
1110.00 0.75 0.25 0.38 0.50 0.13 4.95
1120.00 0.13 0.38 0.38 0.63 0.00 5.20
1130.00 0.63 0.50 0.00 0.13 0.25 4.80
1140.00 0.63 0.25 0.75 0.63 0.25 5.35
1150.00 0.63 0.50 0.50 0.25 0.50 4.90
1160.00 0.50 0.25 0.63 0.38 0.63 5.05
1170.00 0.50 0.50 0.63 0.38 0.88 5.05
1180.00 0.50 0.38 0.13 0.25 0.50 5.10
1190.00 0.50 0.63 0.38 0.25 0.75 4.90
1200.00 0.38 0.50 1.25 0.50 0.25 4.90
1210.00 0.50 0.50 0.38 0.63 0.50 4.95
1220.00 0.13 0.38 0.38 0.50 0.63 4.90
1230.00 0.25 1.00 0.00 0.50 0.75 5.05
1240.00 0.38 0.38 0.38 0.75 0.50 5.05
1250.00 0.25 0.25 0.00 0.38 0.63 5.05
1260.00 0.88 0.13 0.50 0.50 0.63 5.00
1270.00 0.25 0.75 0.38 0.38 0.50 5.05
1280.00 0.38 0.38 0.38 0.50 0.38 5.05
1290.00 0.50 0.25 0.38 0.25 0.50 5.05
1300.00 0.75 1.00 0.50 0.50 0.00 5.20
1310.00 0.63 0.75 0.75 0.13 0.38 4.60
1320.00 0.38 1.25 0.50 0.25 1.00 5.55
1330.00 0.38 0.88 0.50 0.38 0.25 4.85
1340.00 0.25 0.38 1.00 0.38 0.25 4.95
1350.00 0.50 1.13 0.13 0.25 0.25 5.30
1360.00 0.38 0.38 0.63 0.13 0.38 5.00
1370.00 0.13 0.38 0.75 0.13 0.38 5.20
1380.00 0.38 0.13 1.13 0.50 0.75 4.90
1390.00 1.13 0.25 0.38 0.13 0.63 5.15
1400.00 0.63 0.25 0.63 0.25 0.38 4.90
1410.00 0.75 0.38 0.25 0.63 0.38 5.20
1420.00 0.50 0.13 0.63 0.38 0.25 5.05
1430.00 0.25 0.63 0.75 0.50 0.13 4.80
1440.00 0.88 0.63 0.75 0.13 0.00 5.05
1450.00 0.63 0.25 0.38 0.13 0.50 5.00
1460.00 0.50 0.38 0.50 0.38 0.63 5.00
1470.00 0.13 0.13 0.63 0.38 0.13 5.10
1480.00 0.25 0.50 0.13 0.13 0.50 4.95
1490.00 0.38 0.50 0.25 0.25 0.88 5.10
1500.00 0.25 0.25 0.38 0.63 0.25 5.15
1510.00 0.13 0.38 0.50 0.38 0.13 4.65
1520.00 0.13 0.63 0.75 0.00 0.25 5.15
1530.00 0.25 0.50 0.63 0.88 0.38 5.15
1540.00 0.38 0.38 0.25 0.50 0.75 4.75
1550.00 0.25 0.50 0.25 0.63 0.75 5.00
1560.00 0.13 0.38 0.75 0.25 0.63 5.25
1570.00 0.38 0.88 0.63 0.50 0.38 4.90
1580.00 0.38 0.25 0.50 0.50 0.88 4.95
1590.00 0.63 0.00 0.38 0.63 0.63 5.00
1600.00 0.38 0.50 0.50 1.25 0.25 5.15
1610.00 0.50 0.63 0.38 0.63 0.63 5.05
1620.00 0.00 1.00 0.63 0.25 0.13 5.10
1630.00 1.25 0.50 0.75 0.13 0.25 4.75
1640.00 0.75 0.50 0.50 0.25 0.50 5.20
1650.00 0.63 0.63 0.25 0.63 0.25 5.00
1660.00 0.63 0.75 0.50 0.50 0.50 5.25
1670.00 0.75 0.50 0.25 0.63 0.00 4.75
1680.00 0.50 0.88 0.38 0.00 0.50 5.20
1690.00 0.63 1.00 0.25 0.00 0.25 5.00
1700.00 0.88 0.13 0.00 1.00 1.00 5.20
1710.00 0.25 0.25 0.50 0.50 0.50 4.70
1720.00 0.75 0.25 1.00 0.50 0.50 5.30
1730.00 0.63 0.38 0.75 0.50 0.38 5.05
1740.00 0.38 0.50 0.75 0.38 0.63 5.15
1750.00 0.50 0.25 0.25 0.63 0.50 4.85
1760.00 0.63 0.38 0.50 0.50 0.25 5.00
1770.00 0.75 0.50 0.88 0.75 0.13 5.30
1780.00 0.13 1.00 0.38 0.63 0.25 4.95
1790.00 0.63 0.75 0.88 0.38 0.00 4.75
1800.00 0.50 0.63 0.88 0.25 0.25 5.15
1810.00 1.25 0.63 0.50 0.38 0.13 5.15
1820.00 0.63 0.00 0.63 0.75 0.75 4.90
1830.00 0.75 0.50 0.63 1.00 0.50 5.30
1840.00 0.63 0.38 0.00 0.13 0.50 5.00
1850.00 0.38 0.13 0.38 0.63 0.38 4.95
1860.00 0.63 0.25 0.13 0.75 0.63 4.95
1870.00 0.63 0.75 0.13 0.38 0.13 4.95
1880.00 0.25 0.88 0.25 0.75 0.63 5.60
1890.00 0.50 0.25 0.25 0.38 0.13 4.80
1900.00 0.75 0.25 0.25 0.38 0.50 4.85
1910.00 0.25 0.00 1.13 0.63 0.63 5.10
1920.00 0.00 0.25 1.13 0.50 0.38 5.05
1930.00 0.25 0.50 0.63 0.13 0.63 5.15
1940.00 0.50 0.88 0.38 0.50 0.50 5.00
1950.00 0.75 0.50 0.88 0.25 0.88 4.90
1960.00 0.63 0.38 0.25 0.63 1.00 5.00
1970.00 0.38 0.38 0.38 0.38 0.25 4.95
1980.00 0.88 0.63 0.63 0.63 0.50 5.40
1990.00 0.50 0.25 0.25 0.25 0.00 4.70
2000.00 1.25 0.25 0.50 0.38 0.50 5.25
2010.00 0.13 0.50 0.13 0.50 0.88 5.20
2020.00 0.88 0.25 0.38 0.50 0.50 4.90
2030.00 0.50 1.00 0.13 0.63 0.38 5.00
2040.00 0.50 0.63 0.25 0.38 0.13 4.70
2050.00 0.00 0.38 0.88 0.50 0.25 5.30
2060.00 0.63 0.38 0.38 0.25 0.50 4.70
2070.00 0.25 0.38 0.88 0.13 0.63 5.30
2080.00 0.88 0.50 0.50 0.38 0.88 4.85
2090.00 0.38 0.00 0.38 0.50 0.50 5.05
2100.00 0.63 0.38 1.25 0.13 0.13 4.80
2110.00 0.50 0.25 0.38 0.75 0.38 5.10
2120.00 1.00 0.50 0.25 0.88 0.13 5.15
2130.00 0.88 0.25 0.38 0.63 0.50 5.05
2140.00 0.63 0.25 0.38 0.38 0.50 5.20
2150.00 0.38 0.25 0.38 0.13 0.75 4.80
2160.00 0.25 0.25 0.50 0.63 0.25 4.95
2170.00 0.38 0.13 0.25 0.50 1.00 5.00
2180.00 0.38 0.88 0.50 0.38 0.25 5.10
2190.00 0.63 0.88 0.25 0.38 0.38 4.95
2200.00 0.38 0.25 0.13 1.13 0.50 4.90
2210.00 0.63 0.13 0.38 0.50 0.75 5.10
2220.00 0.25 0.38 0.38 0.75 0.25 5.30
2230.00 0.38 0.00 0.63 0.88 0.75 4.95
2240.00 0.25 0.38 0.00 0.88 0.88 5.25
2250.00 0.63 0.38 0.50 0.50 0.50 5.00
2260.00 0.50 0.38 0.75 0.13 0.25 5.00
2270.00 0.13 0.50 0.63 0.00 0.50 4.75
2280.00 0.38 0.75 0.25 0.25 0.50 5.00
2290.00 0.50 0.25 0.38 0.25 1.13 5.15
2300.00 0.63 0.50 0.63 1.00 1.00 5.25
2310.00 0.38 0.13 0.38 0.38 0.50 5.00
2320.00 0.75 0.50 0.63 0.38 0.75 5.15
2330.00 0.25 0.38 1.00 0.63 0.38 4.75
2340.00 0.25 0.25 0.63 0.50 0.13 5.20
2350.00 0.50 0.13 0.50 0.63 0.13 5.20
2360.00 0.50 0.13 0.63 0.13 0.13 4.70
2370.00 0.38 0.75 0.88 0.75 0.63 5.25
2380.00 0.25 0.38 0.50 0.63 0.38 5.10
2390.00 0.38 0.50 0.88 0.38 0.25 4.85
2400.00 0.50 1.00 0.63 0.88 0.13 5.40
2410.00 0.38 0.63 0.13 0.38 0.50 4.70
2420.00 0.50 0.88 0.50 0.25 0.25 4.95
2430.00 0.38 1.00 0.38 0.25 0.38 5.25
2440.00 0.63 0.75 0.63 0.63 0.88 5.20
2450.00 0.75 0.13 0.50 0.88 0.75 5.00
2460.00 0.00 0.38 1.00 0.13 0.25 4.80
2470.00 0.63 0.38 0.25 0.88 0.13 5.15
2480.00 0.63 0.25 0.25 0.63 0.88 4.95
2490.00 0.13 0.63 0.25 0.50 0.63 4.95
2500.00 0.88 0.63 0.63 0.75 0.63 5.20
2510.00 0.75 0.25 0.38 0.38 0.13 5.10
2520.00 0.75 0.38 0.13 0.38 0.38 4.85
2530.00 0.63 0.63 0.88 0.38 0.63 5.50
2540.00 0.75 0.13 0.88 0.38 0.25 5.00
2550.00 0.63 0.25 0.38 0.50 0.50 4.90
2560.00 0.63 0.88 0.50 0.63 0.50 5.10
2570.00 0.50 0.38 0.38 0.50 0.50 5.15
2580.00 0.13 0.38 0.13 1.38 0.38 4.85
2590.00 0.25 0.50 0.13 0.13 0.75 5.20
2600.00 0.00 0.00 0.38 0.75 1.13 4.90
2610.00 0.75 0.13 0.13 0.38 0.13 4.85
2620.00 0.75 0.13 0.63 0.13 0.38 4.95
2630.00 0.88 0.13 0.25 0.13 0.75 5.25
2640.00 0.88 0.38 0.75 0.25 0.38 5.10
2650.00 0.38 0.38 0.13 0.00 0.75 5.05
2660.00 0.00 0.38 0.25 0.50 0.63 5.05
2670.00 0.25 0.25 0.38 0.25 0.63 5.15
2680.00 0.25 0.63 0.13 0.38 0.50 4.75
2690.00 0.25 0.38 0.38 0.88 0.75 5.15
2700.00 0.38 0.38 0.63 0.13 0.63 5.10
2710.00 0.50 0.50 0.13 0.38 0.75 4.75
2720.00 0.50 0.50 0.88 0.50 0.13 5.20
2730.00 0.75 0.38 0.25 0.63 0.25 5.10
2740.00 0.38 0.38 0.13 0.63 0.75 4.95
2750.00 0.50 1.00 0.25 0.63 0.63 5.25
2760.00 0.38 0.75 0.38 0.00 0.13 4.75
2770.00 0.63 0.63 0.50 0.13 0.63 5.10
2780.00 0.13 0.75 0.50 0.50 0.38 5.05
2790.00 0.63 0.63 0.63 0.38 0.13 5.00
2800.00 0.25 0.88 0.38 0.63 0.25 5.05
2810.00 0.50 0.38 0.63 0.63 0.50 5.15
2820.00 0.63 0.38 0.38 1.00 0.50 5.25
2830.00 0.25 0.75 0.38 0.50 0.13 4.85
2840.00 0.50 0.88 0.25 0.38 1.25 5.25
2850.00 0.50 0.38 1.00 0.38 0.50 4.90
2860.00 0.25 0.63 0.75 0.25 0.38 5.05
2870.00 0.50 0.63 0.25 0.38 1.00 4.95
2880.00 0.13 0.50 1.13 0.38 0.75 4.75
2890.00 0.38 0.63 0.13 0.25 1.88 5.80
2900.00 0.38 0.63 0.38 0.25 0.50 4.80
2910.00 0.25 0.50 0.25 0.00 0.88 5.05
2920.00 0.50 0.63 0.63 0.25 0.88 4.80
2930.00 0.50 0.50 1.13 0.50 0.00 5.30
2940.00 0.25 0.50 0.75 0.50 0.38 5.10
2950.00 0.88 0.13 0.63 0.13 0.13 4.90
2960.00 0.13 0.88 0.75 0.25 0.38 5.15
2970.00 0.25 0.50 0.63 0.25 0.75 4.95
2980.00 0.38 0.38 0.63 0.50 0.50 5.20
2990.00 0.50 1.13 0.63 0.63 0.50 5.00
3000.00 0.38 0.38 1.13 0.50 1.00 4.85
3010.00 0.13 0.63 0.50 0.38 0.50 5.15
3020.00 0.63 0.25 0.63 0.38 0.25 4.80
3030.00 0.63 0.38 0.38 0.25 0.25 5.35
3040.00 0.88 0.38 0.50 0.50 0.63 4.85
3050.00 0.38 0.25 0.38 0.50 0.25 4.95
3060.00 0.75 0.50 0.63 0.38 0.13 5.15
3070.00 0.63 0.38 0.50 0.00 0.38 4.90
3080.00 0.38 0.88 0.13 0.38 1.00 5.05
3090.00 0.50 0.38 0.38 0.63 0.50 5.10
3100.00 0.63 0.88 0.50 0.25 0.13 5.20
3110.00 0.50 0.38 0.13 0.38 0.38 4.75
3120.00 0.63 0.88 0.38 0.63 0.25 5.20
3130.00 0.38 0.75 0.00 0.13 0.50 4.90
3140.00 1.13 0.63 0.38 0.25 0.50 5.15
3150.00 0.13 0.13 1.13 0.13 0.50 4.95
3160.00 0.50 0.50 0.25 0.50 0.13 4.95
3170.00 0.50 0.88 0.63 0.00 0.38 5.25
3180.00 0.50 0.75 0.88 0.00 0.25 5.10
3190.00 0.25 0.13 0.88 0.50 0.25 4.90
3200.00 1.13 0.38 0.25 0.13 0.88 5.15
3210.00 0.50 0.38 0.63 0.13 0.88 4.95
3220.00 0.25 0.25 1.13 0.13 0.38 5.10
3230.00 0.00 0.63 0.50 0.50 1.00 4.90
3240.00 0.25 1.13 0.38 0.38 0.50 5.15
3250.00 0.50 0.63 0.25 0.38 0.25 5.10
3260.00 0.50 0.25 0.25 0.75 0.63 4.75
3270.00 0.38 0.88 0.38 0.13 0.50 5.55
3280.00 0.25 0.63 0.38 0.13 0.50 4.70
3290.00 0.38 0.63 0.50 0.50 0.50 4.95
3300.00 0.25 0.50 0.75 0.50 0.50 5.10
3310.00 0.50 0.38 0.25 0.13 0.63 4.95
3320.00 0.25 0.38 1.00 0.50 0.00 5.30
3330.00 0.50 0.75 0.50 0.38 0.50 5.00
3340.00 0.63 0.75 0.63 0.75 0.25 4.90
3350.00 0.38 0.88 0.25 0.88 1.25 5.25
3360.00 0.25 0.50 0.50 0.38 0.50 5.05
3370.00 0.38 0.38 0.75 0.13 0.25 4.85
3380.00 1.13 0.13 0.25 0.13 0.38 5.15
3390.00 0.50 0.38 0.50 0.38 0.88 5.20
3400.00 0.13 0.88 0.63 0.50 0.13 4.80
3410.00 0.38 0.25 0.63 0.50 0.50 5.25
3420.00 1.00 0.25 0.63 0.13 0.00 5.00
3430.00 0.88 0.63 0.25 0.63 0.25 5.05
3440.00 0.38 0.25 0.50 0.88 0.63 4.95
3450.00 0.63 0.38 0.63 0.38 0.13 4.75
3460.00 0.75 0.50 0.63 0.75 0.38 5.35
3470.00 0.88 0.63 0.50 0.00 0.63 4.85
3480.00 0.38 0.38 0.13 0.25 0.75 5.15
3490.00 0.63 0.63 0.13 0.25 0.25 5.15
3500.00 0.25 0.63 0.63 0.50 0.63 5.00
3510.00 0.88 0.25 0.75 0.75 0.50 5.10
3520.00 0.63 0.63 0.25 0.50 0.13 4.80
3530.00 0.75 0.38 0.25 0.63 0.63 5.00
3540.00 0.50 0.25 0.75 0.50 0.63 5.10
3550.00 0.25 0.63 0.75 0.13 0.50 5.10
3560.00 0.63 0.50 0.38 0.63 0.50 5.00
3570.00 0.25 0.38 0.38 0.38 0.13 5.00
3580.00 0.50 0.00 0.88 1.25 0.38 4.95
3590.00 0.75 0.38 0.63 0.75 0.13 5.00
3600.00 0.75 0.50 0.38 0.25 0.38 5.00
3610.00 0.13 0.25 0.25 0.38 0.50 4.90
3620.00 0.38 0.63 0.38 0.50 0.13 4.80
3630.00 0.50 0.13 0.75 0.63 0.25 5.25
3640.00 0.38 0.13 0.75 0.75 0.25 5.05
3650.00 0.38 0.25 1.00 0.75 0.13 5.05
3660.00 0.25 0.00 1.25 0.75 0.38 4.80
3670.00 0.50 0.38 0.38 1.00 0.38 5.35
3680.00 0.38 0.13 0.63 0.50 0.13 4.80
3690.00 0.25 0.75 0.75 0.50 0.38 5.30
3700.00 0.13 0.25 0.13 0.25 0.50 4.85
3710.00 0.88 0.38 0.25 0.38 0.50 5.15
3720.00 0.50 0.50 0.38 0.38 0.75 4.85
3730.00 0.63 0.00 0.63 0.50 0.25 5.15
3740.00 0.25 0.75 0.25 1.00 0.38 5.20
3750.00 0.38 0.00 0.75 1.00 0.13 4.90
3760.00 0.38 0.25 0.50 0.75 0.25 4.95
3770.00 0.50 0.88 0.50 0.50 0.25 5.00
3780.00 0.88 0.63 0.25 0.38 0.25 4.80
3790.00 0.50 0.13 0.75 0.38 0.38 5.20
3800.00 0.38 0.50 0.50 0.88 0.25 5.10
3810.00 0.13 0.88 0.88 0.00 0.50 5.05
3820.00 0.63 0.38 0.38 0.25 0.38 5.15
3830.00 0.38 0.50 0.63 0.38 0.50 5.20
3840.00 0.38 0.63 0.25 0.38 0.38 4.70
3850.00 0.25 0.50 1.00 0.88 0.88 5.25
3860.00 0.50 0.25 0.63 0.50 0.38 5.00
3870.00 0.75 0.50 0.63 0.13 0.25 4.80
3880.00 0.25 0.13 0.38 0.63 0.75 5.30
3890.00 0.50 0.13 0.63 0.25 0.25 4.90
3900.00 0.13 0.50 0.63 0.13 0.38 4.85
3910.00 0.63 0.38 0.75 0.38 0.25 5.15
3920.00 0.63 0.63 0.25 1.13 0.50 5.15
3930.00 0.50 0.63 0.50 0.75 0.25 5.20
3940.00 0.75 0.25 0.38 0.50 0.50 4.80
3950.00 0.50 0.38 0.63 0.63 0.75 5.45
3960.00 0.88 0.50 0.50 0.13 0.25 4.75
3970.00 0.25 0.38 0.63 0.63 0.25 4.85
3980.00 0.63 0.38 0.13 0.75 0.88 5.15
3990.00 0.63 0.38 0.63 0.75 0.50 5.10
4000.00 0.50 0.63 0.50 0.25 0.00 4.80
