10.00 0.00 0.00 63.63 0.00 0.00 20.65
20.00 0.00 0.00 6.00 0.00 0.00 5.80
30.00 0.00 0.00 11.13 0.00 0.00 7.00
40.00 0.00 0.00 4.75 0.00 0.00 4.95
50.00 0.00 0.00 9.13 0.00 0.00 6.35
60.00 0.00 0.00 15.00 0.00 0.00 7.90
70.00 0.00 0.00 26.13 0.00 0.00 11.10
80.00 0.00 0.00 30.25 0.00 0.00 12.40
90.00 0.00 0.00 10.38 0.00 0.00 6.45
100.00 0.00 0.00 9.13 0.00 0.00 6.30
110.00 0.00 0.00 13.75 0.00 0.00 7.70
120.00 0.00 0.00 33.50 0.00 0.00 13.20
130.00 0.00 0.00 6.25 0.00 0.00 5.55
140.00 0.00 0.00 16.38 0.00 0.00 7.95
150.00 0.00 0.00 12.00 0.00 0.00 7.30
160.00 0.00 0.00 26.88 0.00 0.00 11.40
170.00 0.00 0.00 16.63 0.00 0.00 8.20
180.00 0.00 0.00 13.13 0.00 0.00 7.10
190.00 0.00 0.00 15.63 0.00 0.00 8.25
200.00 0.00 0.00 12.88 0.00 0.00 7.45
210.00 0.00 0.00 13.88 0.00 0.00 7.80
220.00 0.00 0.00 19.00 0.00 0.00 8.55
230.00 0.00 0.00 36.50 0.00 0.00 13.75
240.00 0.00 0.00 19.25 0.00 0.00 9.25
250.00 0.00 0.00 11.38 0.00 0.00 7.40
260.00 0.00 0.00 5.38 0.00 0.00 5.05
270.00 0.00 0.00 10.25 0.00 0.00 6.70
280.00 0.00 0.00 19.13 0.00 0.00 9.50
290.00 0.00 0.00 30.00 0.00 0.00 10.75
300.00 0.00 0.00 18.88 0.00 0.00 10.10
310.00 0.00 0.00 13.25 0.00 0.00 7.15
320.00 0.00 0.00 11.38 0.00 0.00 6.90
330.00 0.00 0.00 11.25 0.00 0.00 7.40
340.00 0.00 0.00 16.00 0.00 0.00 7.90
350.00 0.00 0.00 39.00 0.00 0.00 14.85
360.00 0.00 0.00 16.13 0.00 0.00 8.40
370.00 0.00 0.00 12.00 0.00 0.00 7.10
380.00 0.00 0.00 12.00 0.00 0.00 7.25
390.00 0.00 0.00 14.63 0.00 0.00 7.65
400.00 0.00 0.00 9.25 0.00 0.00 6.15
410.00 0.00 0.00 17.25 0.00 0.00 9.15
420.00 0.00 0.00 12.50 0.00 0.00 6.75
430.00 0.00 0.00 38.38 0.00 0.00 14.55
440.00 0.00 0.00 12.63 0.00 0.00 7.30
450.00 0.00 0.00 13.50 0.00 0.00 7.35
460.00 0.00 0.00 9.63 0.00 0.00 6.85
470.00 0.00 0.00 20.75 0.00 0.00 9.45
480.00 0.00 0.00 20.13 0.00 0.00 9.35
490.00 0.00 0.00 16.38 0.00 0.00 8.20
500.00 0.00 0.00 12.00 0.00 0.00 7.60
510.00 0.00 0.00 24.13 0.00 0.00 10.20
520.00 0.00 0.00 16.75 0.00 0.00 8.45
530.00 0.00 0.00 14.88 0.00 0.00 7.70
540.00 0.00 0.00 14.88 0.00 0.00 8.50
550.00 0.00 0.00 15.38 0.00 0.00 7.65
560.00 0.00 0.00 12.50 0.00 0.00 7.55
570.00 0.00 0.00 25.13 0.00 0.00 9.95
580.00 0.00 0.00 24.25 0.00 0.00 11.15
590.00 0.00 0.00 9.50 0.00 0.00 6.50
600.00 0.00 0.00 11.50 0.00 0.00 6.80
610.00 0.00 0.00 17.00 0.00 0.00 8.65
620.00 0.00 0.00 19.75 0.00 0.00 9.55
630.00 0.00 0.00 10.63 0.00 0.00 6.65
640.00 0.00 0.00 33.63 0.00 0.00 13.50
650.00 0.00 0.00 17.75 0.00 0.00 8.25
660.00 0.00 0.00 9.25 0.00 0.00 6.60
670.00 0.00 0.00 17.00 0.00 0.00 8.50
680.00 0.00 0.00 14.38 0.00 0.00 7.60
690.00 0.00 0.00 17.13 0.00 0.00 8.65
700.00 0.00 0.00 25.00 0.00 0.00 11.05
710.00 0.00 0.00 17.00 0.00 0.00 8.05
720.00 0.00 0.00 11.25 0.00 0.00 7.05
730.00 0.00 0.00 14.75 0.00 0.00 7.65
740.00 0.00 0.00 9.00 0.00 0.00 6.50
750.00 0.00 0.00 26.50 0.00 0.00 11.25
760.00 0.00 0.00 35.25 0.00 0.00 13.55
770.00 0.00 0.00 13.13 0.00 0.00 7.10
780.00 0.00 0.00 7.25 0.00 0.00 5.80
790.00 0.00 0.00 6.00 0.00 0.00 5.65
800.00 0.00 0.00 8.25 0.00 0.00 6.40
810.00 0.00 0.00 42.88 0.00 0.00 15.45
820.00 0.00 0.00 17.88 0.00 0.00 8.70
830.00 0.00 0.00 9.75 0.00 0.00 6.20
840.00 0.00 0.00 9.63 0.00 0.00 6.80
850.00 0.00 0.00 11.63 0.00 0.00 6.55
860.00 0.00 0.00 28.63 0.00 0.00 11.75
870.00 0.00 0.00 20.75 0.00 0.00 10.05
880.00 0.00 0.00 23.13 0.00 0.00 9.95
890.00 0.00 0.00 13.88 0.00 0.00 7.55
900.00 0.00 0.00 9.88 0.00 0.00 6.75
910.00 0.00 0.00 9.13 0.00 0.00 5.95
920.00 0.00 0.00 23.25 0.00 0.00 10.50
930.00 0.00 0.00 16.25 0.00 0.00 8.05
940.00 0.00 0.00 17.00 0.00 0.00 8.90
950.00 0.00 0.00 18.00 0.00 0.00 8.25
960.00 0.00 0.00 29.75 0.00 0.00 12.45
970.00 0.00 0.00 14.38 0.00 0.00 7.75
980.00 0.00 0.00 6.50 0.00 0.00 5.55
990.00 0.00 0.00 8.13 0.00 0.00 6.10
1000.00 0.00 0.00 24.75 0.00 0.00 10.20
1010.00 0.00 0.00 18.50 0.00 0.00 9.30
1020.00 0.00 0.00 7.75 0.00 0.00 5.75
1030.00 0.00 0.00 33.50 0.00 0.00 13.20
1040.00 0.00 0.00 13.88 0.00 0.00 7.70
1050.00 0.00 0.00 12.00 0.00 0.00 7.15
1060.00 0.00 0.00 10.75 0.00 0.00 6.95
1070.00 0.00 0.00 15.88 0.00 0.00 7.90
1080.00 0.00 0.00 42.50 0.00 0.00 14.65
1090.00 0.00 0.00 16.25 0.00 0.00 8.90
1100.00 0.00 0.00 9.00 0.00 0.00 6.35
1110.00 0.00 0.00 6.50 0.00 0.00 5.70
1120.00 0.00 0.00 9.63 0.00 0.00 6.55
1130.00 0.00 0.00 29.75 0.00 0.00 12.10
1140.00 0.00 0.00 14.63 0.00 0.00 7.70
1150.00 0.00 0.00 18.25 0.00 0.00 9.05
1160.00 0.00 0.00 8.50 0.00 0.00 6.05
1170.00 0.00 0.00 12.88 0.00 0.00 7.60
1180.00 0.00 0.00 34.50 0.00 0.00 11.75
1190.00 0.00 0.00 26.50 0.00 0.00 12.50
1200.00 0.00 0.00 12.75 0.00 0.00 7.45
1210.00 0.00 0.00 7.50 0.00 0.00 5.65
1220.00 0.00 0.00 9.63 0.00 0.00 6.10
1230.00 0.00 0.00 18.38 0.00 0.00 9.45
1240.00 0.00 0.00 14.50 0.00 0.00 7.85
1250.00 0.00 0.00 16.00 0.00 0.00 8.35
1260.00 0.00 0.00 27.88 0.00 0.00 11.65
1270.00 0.00 0.00 14.50 0.00 0.00 7.00
1280.00 0.00 0.00 31.50 0.00 0.00 13.25
1290.00 0.00 0.00 14.63 0.00 0.00 7.40
1300.00 0.00 0.00 6.25 0.00 0.00 5.75
1310.00 0.00 0.00 8.38 0.00 0.00 6.00
1320.00 0.00 0.00 7.88 0.00 0.00 6.05
1330.00 0.00 0.00 55.75 0.00 0.00 19.00
1340.00 0.00 0.00 8.50 0.00 0.00 5.85
1350.00 0.00 0.00 3.50 0.00 0.00 4.85
1360.00 0.00 0.00 13.63 0.00 0.00 7.70
1370.00 0.00 0.00 21.50 0.00 0.00 9.60
1380.00 0.00 0.00 7.25 0.00 0.00 6.20
1390.00 0.00 0.00 15.50 0.00 0.00 8.05
1400.00 0.00 0.00 34.88 0.00 0.00 13.75
1410.00 0.00 0.00 10.63 0.00 0.00 6.20
1420.00 0.00 0.00 24.88 0.00 0.00 10.95
1430.00 0.00 0.00 11.00 0.00 0.00 7.00
1440.00 0.00 0.00 5.75 0.00 0.00 5.35
1450.00 0.00 0.00 9.50 0.00 0.00 6.70
1460.00 0.00 0.00 19.50 0.00 0.00 9.30
1470.00 0.00 0.00 43.50 0.00 0.00 15.15
1480.00 0.00 0.00 12.13 0.00 0.00 7.10
1490.00 0.00 0.00 12.63 0.00 0.00 7.80
1500.00 0.00 0.00 5.50 0.00 0.00 5.10
1510.00 0.00 0.00 10.63 0.00 0.00 6.75
1520.00 0.00 0.00 48.75 0.00 0.00 17.40
1530.00 0.00 0.00 10.00 0.00 0.00 6.90
1540.00 0.00 0.00 8.88 0.00 0.00 6.05
1550.00 0.00 0.00 9.75 0.00 0.00 6.70
1560.00 0.00 0.00 9.25 0.00 0.00 6.15
1570.00 0.00 0.00 31.63 0.00 0.00 12.50
1580.00 0.00 0.00 21.88 0.00 0.00 10.05
1590.00 0.00 0.00 7.25 0.00 0.00 6.05
1600.00 0.00 0.00 11.75 0.00 0.00 6.55
1610.00 0.00 0.00 14.38 0.00 0.00 7.85
1620.00 0.00 0.00 31.88 0.00 0.00 12.95
1630.00 0.00 0.00 22.38 0.00 0.00 9.95
1640.00 0.00 0.00 6.38 0.00 0.00 5.20
1650.00 0.00 0.00 14.13 0.00 0.00 8.05
1660.00 0.00 0.00 9.50 0.00 0.00 6.25
1670.00 0.00 0.00 38.50 0.00 0.00 14.30
1680.00 0.00 0.00 16.25 0.00 0.00 8.15
1690.00 0.00 0.00 11.00 0.00 0.00 6.95
1700.00 0.00 0.00 10.63 0.00 0.00 6.55
1710.00 0.00 0.00 11.88 0.00 0.00 7.50
1720.00 0.00 0.00 34.63 0.00 0.00 12.90
1730.00 0.00 0.00 14.13 0.00 0.00 7.90
1740.00 0.00 0.00 10.00 0.00 0.00 7.00
1750.00 0.00 0.00 29.13 0.00 0.00 11.75
1760.00 0.00 0.00 4.88 0.00 0.00 4.90
1770.00 0.00 0.00 12.50 0.00 0.00 6.90
1780.00 0.00 0.00 23.63 0.00 0.00 10.80
1790.00 0.00 0.00 14.50 0.00 0.00 8.00
1800.00 0.00 0.00 14.00 0.00 0.00 7.60
1810.00 0.00 0.00 23.13 0.00 0.00 10.30
1820.00 0.00 0.00 19.38 0.00 0.00 8.85
1830.00 0.00 0.00 6.88 0.00 0.00 5.80
1840.00 0.00 0.00 26.75 0.00 0.00 11.05
1850.00 0.00 0.00 12.38 0.00 0.00 7.70
1860.00 0.00 0.00 21.25 0.00 0.00 9.45
1870.00 0.00 0.00 18.88 0.00 0.00 8.50
1880.00 0.00 0.00 12.63 0.00 0.00 7.95
1890.00 0.00 0.00 13.88 0.00 0.00 7.60
1900.00 0.00 0.00 24.25 0.00 0.00 9.85
1910.00 0.00 0.00 14.75 0.00 0.00 8.35
1920.00 0.00 0.00 13.00 0.00 0.00 7.65
1930.00 0.00 0.00 14.38 0.00 0.00 7.90
1940.00 0.00 0.00 14.88 0.00 0.00 8.00
1950.00 0.00 0.00 26.88 0.00 0.00 10.40
1960.00 0.00 0.00 27.63 0.00 0.00 11.20
1970.00 0.00 0.00 14.00 0.00 0.00 8.30
1980.00 0.00 0.00 5.13 0.00 0.00 5.25
1990.00 0.00 0.00 15.38 0.00 0.00 7.80
2000.00 0.00 0.00 21.13 0.00 0.00 10.05
2010.00 0.00 0.00 24.38 0.00 0.00 10.10
2020.00 0.00 0.00 11.25 0.00 0.00 7.25
2030.00 0.00 0.00 11.25 0.00 0.00 7.15
2040.00 0.00 0.00 9.00 0.00 0.00 6.35
2050.00 0.00 0.00 43.63 0.00 0.00 15.65
2060.00 0.00 0.00 6.88 0.00 0.00 5.60
2070.00 0.00 0.00 7.88 0.00 0.00 5.90
2080.00 0.00 0.00 24.38 0.00 0.00 10.95
2090.00 0.00 0.00 14.25 0.00 0.00 7.45
2100.00 0.00 0.00 28.63 0.00 0.00 11.65
2110.00 0.00 0.00 10.63 0.00 0.00 6.60
2120.00 0.00 0.00 15.00 0.00 0.00 8.35
2130.00 0.00 0.00 7.25 0.00 0.00 5.50
2140.00 0.00 0.00 11.38 0.00 0.00 6.85
2150.00 0.00 0.00 22.00 0.00 0.00 10.25
2160.00 0.00 0.00 49.13 0.00 0.00 17.25
2170.00 0.00 0.00 8.00 0.00 0.00 6.15
2180.00 0.00 0.00 5.88 0.00 0.00 5.20
2190.00 0.00 0.13 8.75 0.00 0.00 6.00
2200.00 0.00 0.00 12.38 0.00 0.00 7.90
2210.00 0.00 0.00 23.50 0.00 0.00 10.45
2220.00 0.00 0.00 30.00 0.00 0.00 11.75
2230.00 0.00 0.00 17.63 0.00 0.00 8.75
2240.00 0.00 0.00 6.25 0.00 0.00 5.25
2250.00 0.00 0.00 16.00 0.00 0.00 8.40
2260.00 0.00 0.00 10.38 0.00 0.00 6.50
2270.00 0.00 0.00 26.63 0.00 0.00 11.60
2280.00 0.00 0.00 27.00 0.00 0.00 11.10
2290.00 0.00 0.00 11.13 0.00 0.00 6.90
2300.00 0.00 0.00 16.00 0.00 0.00 8.10
2310.00 0.00 0.00 9.50 0.00 0.00 6.40
2320.00 0.00 0.00 10.13 0.00 0.00 6.90
2330.00 0.00 0.00 7.88 0.00 0.00 6.00
2340.00 0.00 0.00 10.63 0.00 0.13 6.20
2350.00 0.00 0.00 76.00 0.00 0.00 24.70
2360.00 0.00 0.00 7.38 0.00 0.00 5.95
2370.00 0.00 0.00 4.38 0.00 0.00 5.00
2380.00 0.00 0.00 6.25 0.00 0.00 5.50
2390.00 0.00 0.00 11.38 0.00 0.00 7.00
2400.00 0.00 0.00 6.38 0.00 0.00 5.70
2410.00 0.00 0.00 15.88 0.00 0.00 8.25
2420.00 0.00 0.00 62.25 0.00 0.00 20.60
2430.00 0.00 0.00 6.63 0.00 0.00 5.50
2440.00 0.00 0.00 7.50 0.00 0.00 6.25
2450.00 0.00 0.00 6.25 0.00 0.00 5.50
2460.00 0.00 0.00 8.88 0.00 0.00 6.35
2470.00 0.00 0.00 14.50 0.00 0.00 7.95
2480.00 0.00 0.00 27.13 0.00 0.00 11.25
2490.00 0.00 0.00 27.00 0.00 0.00 10.65
2500.00 0.00 0.00 23.38 0.00 0.00 10.50
2510.00 0.00 0.00 7.88 0.00 0.00 6.30
2520.00 0.00 0.00 14.50 0.00 0.00 7.95
2530.00 0.00 0.00 12.50 0.00 0.00 7.15
2540.00 0.00 0.00 14.00 0.00 0.00 7.75
2550.00 0.00 0.00 16.38 0.00 0.00 8.35
2560.00 0.00 0.00 31.25 0.00 0.00 11.95
2570.00 0.00 0.00 21.25 0.00 0.00 10.25
2580.00 0.00 0.00 7.50 0.00 0.00 5.55
2590.00 0.00 0.00 9.75 0.00 0.00 6.60
2600.00 0.00 0.00 11.00 0.00 0.00 6.85
2610.00 0.00 0.00 6.88 0.00 0.00 5.80
2620.00 0.00 0.00 55.88 0.00 0.00 16.90
2630.00 0.00 0.00 29.25 0.00 0.00 13.65
2640.00 0.00 0.00 3.38 0.00 0.00 4.60
2650.00 0.00 0.00 9.88 0.00 0.00 6.20
2660.00 0.00 0.00 5.00 0.00 0.00 5.65
2670.00 0.00 0.00 11.88 0.00 0.00 7.05
2680.00 0.00 0.00 23.75 0.00 0.00 10.50
2690.00 0.00 0.00 19.25 0.00 0.00 8.75
2700.00 0.00 0.00 9.88 0.00 0.00 6.95
2710.00 0.00 0.00 9.38 0.00 0.00 6.35
2720.00 0.00 0.00 39.00 0.00 0.00 13.40
2730.00 0.00 0.00 20.38 0.00 0.00 10.50
2740.00 0.00 0.00 8.38 0.00 0.00 5.80
2750.00 0.00 0.00 10.75 0.00 0.00 7.35
2760.00 0.00 0.00 16.63 0.00 0.00 8.05
2770.00 0.00 0.00 13.50 0.00 0.00 7.15
2780.00 0.00 0.00 30.13 0.00 0.00 12.30
2790.00 0.00 0.00 13.00 0.00 0.00 7.40
2800.00 0.00 0.00 8.00 0.00 0.00 6.20
2810.00 0.00 0.00 16.13 0.00 0.00 6.90
2820.00 0.00 0.00 43.13 0.00 0.00 16.45
2830.00 0.00 0.00 11.38 0.00 0.00 7.10
2840.00 0.00 0.00 8.88 0.00 0.00 6.30
2850.00 0.00 0.00 10.88 0.00 0.00 6.80
2860.00 0.00 0.00 7.13 0.00 0.00 5.85
2870.00 0.00 0.13 22.00 0.00 0.00 9.75
2880.00 0.00 0.00 27.75 0.00 0.00 11.25
2890.00 0.00 0.00 24.88 0.00 0.00 10.65
2900.00 0.00 0.00 14.88 0.00 0.00 8.10
2910.00 0.00 0.00 5.88 0.00 0.00 5.50
2920.00 0.00 0.00 13.63 0.00 0.00 7.45
2930.00 0.00 0.00 20.25 0.00 0.00 9.35
2940.00 0.00 0.00 33.13 0.00 0.00 12.80
2950.00 0.00 0.00 8.88 0.00 0.00 6.20
2960.00 0.00 0.00 8.00 0.00 0.00 6.00
2970.00 0.00 0.00 8.75 0.00 0.00 6.30
2980.00 0.00 0.00 25.25 0.00 0.00 10.30
2990.00 0.00 0.00 38.75 0.00 0.00 14.90
3000.00 0.00 0.00 12.88 0.00 0.00 7.40
3010.00 0.00 0.00 13.75 0.00 0.00 7.60
3020.00 0.00 0.00 5.38 0.00 0.00 5.50
3030.00 0.00 0.00 19.00 0.00 0.00 9.10
3040.00 0.00 0.00 23.50 0.00 0.00 9.95
3050.00 0.00 0.00 15.88 0.00 0.00 8.20
3060.00 0.00 0.00 13.00 0.00 0.00 7.50
3070.00 0.00 0.00 8.63 0.00 0.00 6.10
3080.00 0.00 0.00 13.63 0.00 0.00 7.70
3090.00 0.00 0.00 21.63 0.00 0.00 9.35
3100.00 0.00 0.00 36.00 0.00 0.00 14.35
3110.00 0.00 0.00 15.75 0.00 0.00 8.05
3120.00 0.00 0.00 10.13 0.00 0.00 6.40
3130.00 0.00 0.00 4.75 0.00 0.00 5.25
3140.00 0.00 0.00 25.88 0.00 0.00 10.80
3150.00 0.00 0.00 22.75 0.00 0.00 10.45
3160.00 0.00 0.00 11.38 0.00 0.00 6.60
3170.00 0.00 0.00 18.88 0.00 0.00 9.20
3180.00 0.00 0.00 15.13 0.00 0.00 7.95
3190.00 0.00 0.00 13.25 0.00 0.00 7.45
3200.00 0.00 0.00 4.75 0.00 0.00 5.35
3210.00 0.00 0.00 50.75 0.00 0.00 16.60
3220.00 0.00 0.00 20.13 0.00 0.00 10.10
3230.00 0.00 0.00 9.63 0.00 0.00 6.35
3240.00 0.00 0.00 10.38 0.00 0.00 6.70
3250.00 0.00 0.00 12.25 0.00 0.00 7.35
3260.00 0.00 0.00 15.88 0.00 0.00 8.40
3270.00 0.00 0.00 8.00 0.00 0.00 6.20
3280.00 0.00 0.00 22.13 0.00 0.00 9.70
3290.00 0.00 0.00 16.88 0.00 0.00 8.80
3300.00 0.00 0.00 22.00 0.00 0.00 9.75
3310.00 0.00 0.00 30.50 0.00 0.00 12.20
3320.00 0.00 0.00 5.63 0.00 0.00 5.65
3330.00 0.00 0.00 14.38 0.00 0.00 7.35
3340.00 0.00 0.00 15.00 0.00 0.00 8.15
3350.00 0.00 0.00 9.13 0.00 0.00 6.55
3360.00 0.00 0.00 9.88 0.00 0.00 6.45
3370.00 0.00 0.00 58.88 0.00 0.00 19.90
3380.00 0.00 0.00 12.50 0.00 0.00 7.15
3390.00 0.00 0.00 3.75 0.00 0.00 5.05
3400.00 0.00 0.00 6.38 0.00 0.00 5.35
3410.00 0.00 0.00 7.88 0.00 0.00 6.30
3420.00 0.00 0.00 12.13 0.00 0.00 7.25
3430.00 0.00 0.00 52.13 0.00 0.00 18.20
3440.00 0.00 0.00 11.88 0.00 0.00 6.90
3450.00 0.00 0.00 9.38 0.00 0.00 5.95
3460.00 0.00 0.00 5.50 0.00 0.00 5.60
3470.00 0.00 0.00 19.38 0.00 0.00 9.15
3480.00 0.00 0.00 12.50 0.00 0.00 7.45
3490.00 0.00 0.00 25.50 0.00 0.00 9.75
3500.00 0.00 0.00 34.13 0.00 0.00 13.85
3510.00 0.00 0.00 10.88 0.00 0.00 6.45
3520.00 0.00 0.00 6.63 0.00 0.00 5.85
3530.00 0.00 0.00 14.25 0.00 0.00 7.60
3540.00 0.00 0.00 6.50 0.00 0.00 5.70
3550.00 0.00 0.00 37.63 0.00 0.00 14.50
3560.00 0.00 0.00 10.88 0.00 0.00 6.75
3570.00 0.00 0.00 16.38 0.00 0.00 8.05
3580.00 0.00 0.00 5.38 0.00 0.00 5.50
3590.00 0.00 0.00 33.00 0.00 0.00 13.10
3600.00 0.00 0.00 22.13 0.00 0.00 9.30
3610.00 0.00 0.00 8.13 0.00 0.00 6.25
3620.00 0.00 0.00 6.25 0.00 0.00 6.10
3630.00 0.00 0.00 15.63 0.00 0.00 8.15
3640.00 0.00 0.00 27.25 0.00 0.00 10.85
3650.00 0.00 0.00 12.25 0.00 0.00 7.85
3660.00 0.00 0.00 8.13 0.00 0.00 6.20
3670.00 0.00 0.00 21.13 0.00 0.00 9.75
3680.00 0.00 0.00 23.13 0.00 0.00 9.80
3690.00 0.00 0.00 31.50 0.00 0.00 12.65
3700.00 0.00 0.00 11.75 0.00 0.00 7.00
3710.00 0.00 0.00 14.00 0.00 0.00 7.55
3720.00 0.00 0.00 3.50 0.00 0.00 4.85
3730.00 0.00 0.00 12.13 0.00 0.00 7.10
3740.00 0.00 0.00 26.75 0.00 0.00 9.60
3750.00 0.00 0.00 42.38 0.00 0.00 17.05
3760.00 0.00 0.00 6.63 0.00 0.00 5.70
3770.00 0.00 0.00 8.63 0.00 0.00 5.80
3780.00 0.00 0.00 14.25 0.00 0.00 8.05
3790.00 0.00 0.00 16.50 0.00 0.00 8.20
3800.00 0.00 0.00 12.88 0.00 0.00 7.65
3810.00 0.00 0.00 25.13 0.00 0.00 10.55
3820.00 0.00 0.00 25.88 0.00 0.00 10.90
3830.00 0.00 0.00 5.88 0.00 0.00 5.55
3840.00 0.00 0.00 8.13 0.00 0.00 5.95
3850.00 0.00 0.00 22.63 0.00 0.00 9.90
3860.00 0.00 0.00 26.00 0.00 0.00 11.30
3870.00 0.00 0.00 19.50 0.00 0.00 8.90
3880.00 0.00 0.00 9.63 0.00 0.00 6.50
3890.00 0.00 0.00 12.50 0.00 0.00 7.45
3900.00 0.00 0.00 6.75 0.00 0.00 5.55
3910.00 0.00 0.00 30.13 0.00 0.00 12.05
3920.00 0.00 0.00 26.50 0.00 0.00 11.00
3930.00 0.00 0.00 20.00 0.00 0.00 9.70
3940.00 0.00 0.00 6.13 0.00 0.00 5.10
3950.00 0.00 0.00 7.00 0.00 0.00 5.85
3960.00 0.00 0.00 6.63 0.00 0.00 5.75
3970.00 0.00 0.00 12.25 0.00 0.00 7.25
3980.00 0.00 0.00 82.00 0.00 0.00 26.05
3990.00 0.00 0.00 4.88 0.00 0.00 4.70
4000.00 0.00 0.00 4.13 0.00 0.00 5.05
