10.00 0.00 0.13 8.88 0.00 0.00 6.20
20.00 0.00 0.00 10.38 0.00 0.00 6.45
30.00 0.00 0.00 8.25 0.00 0.00 6.10
40.00 0.00 0.00 9.25 0.00 0.00 6.55
50.00 0.00 0.00 19.00 0.00 0.00 8.95
60.00 0.00 0.00 11.25 0.00 0.00 7.20
70.00 0.00 0.00 13.50 0.00 0.00 7.30
80.00 0.00 0.00 22.13 0.00 0.00 10.20
90.00 0.00 0.00 9.75 0.00 0.00 6.65
100.00 0.00 0.00 9.38 0.00 0.00 6.55
110.00 0.00 0.00 12.00 0.00 0.00 6.55
120.00 0.00 0.00 19.63 0.00 0.00 9.65
130.00 0.00 0.00 7.25 0.00 0.00 5.85
140.00 0.00 0.00 5.88 0.00 0.00 5.20
150.00 0.00 0.00 8.88 0.00 0.00 6.75
160.00 0.00 0.00 11.13 0.00 0.00 6.80
170.00 0.00 0.00 9.00 0.00 0.00 6.35
180.00 0.00 0.00 18.75 0.00 0.00 9.60
190.00 0.00 0.00 6.38 0.00 0.00 5.40
200.00 0.00 0.00 20.63 0.00 0.00 9.50
210.00 0.00 0.00 9.38 0.00 0.00 6.35
220.00 0.00 0.00 8.50 0.00 0.00 6.30
230.00 0.00 0.00 4.75 0.00 0.00 5.20
240.00 0.00 0.00 12.50 0.25 0.00 7.05
250.00 0.00 0.00 13.88 0.00 0.00 8.15
260.00 0.00 0.00 12.38 0.00 0.00 6.95
270.00 0.00 0.00 11.38 0.00 0.00 7.20
280.00 0.00 0.00 12.25 0.00 0.00 7.15
290.00 0.00 0.00 7.75 0.00 0.00 6.15
300.00 0.00 0.00 10.63 0.00 0.00 6.80
310.00 0.00 0.00 6.50 0.00 0.00 5.75
320.00 0.00 0.00 10.63 0.00 0.00 6.85
330.00 0.00 0.00 24.00 0.00 0.00 10.40
340.00 0.00 0.00 21.63 0.00 0.00 9.95
350.00 0.00 0.00 10.38 0.00 0.00 6.70
360.00 0.00 0.00 7.13 0.00 0.00 5.50
370.00 0.00 0.00 8.00 0.00 0.00 6.25
380.00 0.00 0.00 9.63 0.00 0.00 6.45
390.00 0.00 0.00 12.13 0.00 0.00 7.00
400.00 0.00 0.00 12.00 0.00 0.00 7.70
410.00 0.00 0.00 11.75 0.00 0.00 6.70
420.00 0.00 0.00 17.50 0.00 0.00 8.30
430.00 0.00 0.00 14.13 0.00 0.00 8.35
440.00 0.00 0.00 6.88 0.00 0.00 5.70
450.00 0.00 0.00 8.13 0.00 0.00 6.50
460.00 0.00 0.00 14.63 0.00 0.00 7.45
470.00 0.00 0.00 15.63 0.00 0.00 8.05
480.00 0.00 0.00 21.25 0.00 0.00 9.75
490.00 0.00 0.00 7.50 0.00 0.00 5.95
500.00 0.00 0.00 8.38 0.00 0.00 6.40
510.00 0.00 0.13 6.00 0.00 0.00 5.25
520.00 0.00 0.13 8.50 0.00 0.00 6.40
530.00 0.00 0.00 21.25 0.00 0.00 9.75
540.00 0.00 0.00 14.50 0.00 0.00 7.75
550.00 0.00 0.00 11.50 0.00 0.00 7.05
560.00 0.00 0.00 11.75 0.00 0.00 7.15
570.00 0.00 0.00 11.00 0.00 0.00 6.80
580.00 0.00 0.00 9.88 0.00 0.00 6.85
590.00 0.00 0.00 12.63 0.00 0.00 7.20
600.00 0.00 0.00 10.63 0.00 0.13 6.60
610.00 0.00 0.00 16.88 0.00 0.00 8.40
620.00 0.00 0.00 8.50 0.00 0.00 6.20
630.00 0.00 0.00 17.50 0.00 0.00 8.75
640.00 0.00 0.00 7.63 0.00 0.00 5.90
650.00 0.00 0.00 12.88 0.00 0.00 7.70
660.00 0.00 0.00 5.13 0.00 0.00 5.05
670.00 0.00 0.00 9.88 0.13 0.00 6.60
680.00 0.00 0.00 11.75 0.00 0.00 7.20
690.00 0.00 0.00 12.38 0.00 0.00 6.80
700.00 0.00 0.00 15.88 0.00 0.00 9.00
710.00 0.00 0.00 6.38 0.00 0.00 5.25
720.00 0.00 0.00 7.88 0.00 0.00 6.20
730.00 0.13 0.00 13.00 0.00 0.00 7.65
740.00 0.00 0.00 14.50 0.00 0.00 8.15
750.00 0.00 0.00 23.38 0.00 0.00 10.20
760.00 0.00 0.00 10.25 0.00 0.00 6.50
770.00 0.00 0.00 8.00 0.00 0.00 5.85
780.00 0.00 0.00 3.50 0.00 0.00 4.90
790.00 0.00 0.00 19.00 0.00 0.00 9.20
800.00 0.00 0.00 14.13 0.00 0.00 7.55
810.00 0.00 0.00 9.75 0.00 0.00 6.65
820.00 0.00 0.00 8.63 0.00 0.00 5.85
830.00 0.00 0.00 15.75 0.00 0.00 8.65
840.00 0.13 0.00 14.13 0.00 0.00 7.30
850.00 0.00 0.00 7.63 0.00 0.00 6.25
860.00 0.00 0.00 11.88 0.00 0.00 7.00
870.00 0.00 0.00 13.88 0.00 0.00 7.90
880.00 0.00 0.00 9.38 0.00 0.00 6.45
890.00 0.00 0.00 12.13 0.00 0.00 7.25
900.00 0.00 0.00 17.38 0.00 0.00 8.50
910.00 0.00 0.00 9.75 0.00 0.00 6.50
920.00 0.00 0.00 8.88 0.00 0.00 6.40
930.00 0.00 0.00 16.50 0.00 0.00 8.40
940.00 0.00 0.00 8.88 0.00 0.00 6.15
950.00 0.00 0.00 8.63 0.00 0.00 6.50
960.00 0.00 0.00 9.38 0.00 0.00 6.45
970.00 0.00 0.00 10.00 0.00 0.00 6.40
980.00 0.00 0.00 20.00 0.00 0.00 9.60
990.00 0.00 0.00 8.75 0.00 0.00 5.95
1000.00 0.00 0.00 10.13 0.00 0.00 6.80
1010.00 0.00 0.00 8.75 0.00 0.00 6.40
1020.00 0.00 0.00 10.75 0.00 0.00 6.55
1030.00 0.00 0.00 18.88 0.00 0.00 9.55
1040.00 0.00 0.00 19.88 0.00 0.00 9.10
1050.00 0.00 0.00 8.38 0.00 0.00 6.30
1060.00 0.00 0.00 5.50 0.00 0.00 5.40
1070.00 0.00 0.00 8.25 0.00 0.00 6.40
1080.00 0.00 0.00 7.50 0.00 0.00 5.80
1090.00 0.00 0.00 10.88 0.00 0.00 6.90
1100.00 0.00 0.00 16.13 0.00 0.00 8.00
1110.00 0.00 0.00 10.25 0.00 0.00 6.60
1120.00 0.00 0.00 17.25 0.00 0.00 8.80
1130.00 0.00 0.00 22.00 0.00 0.00 9.95
1140.00 0.00 0.00 8.00 0.00 0.00 6.05
1150.00 0.00 0.00 10.75 0.00 0.00 6.75
1160.00 0.00 0.00 4.75 0.00 0.00 5.15
1170.00 0.00 0.00 12.13 0.00 0.00 7.30
1180.00 0.00 0.00 12.25 0.00 0.00 7.30
1190.00 0.00 0.00 24.38 0.00 0.00 10.80
1200.00 0.00 0.00 12.63 0.00 0.00 6.75
1210.00 0.00 0.00 7.13 0.00 0.00 6.05
1220.00 0.00 0.00 7.38 0.00 0.00 6.20
1230.00 0.00 0.00 11.63 0.00 0.00 6.95
1240.00 0.00 0.00 11.13 0.00 0.00 6.95
1250.00 0.00 0.00 11.50 0.00 0.00 7.20
1260.00 0.00 0.00 13.25 0.00 0.00 7.25
1270.00 0.00 0.00 10.63 0.00 0.00 6.75
1280.00 0.00 0.00 12.75 0.00 0.00 7.35
1290.00 0.00 0.00 9.00 0.00 0.00 6.55
1300.00 0.00 0.00 14.38 0.00 0.00 7.15
1310.00 0.00 0.00 12.13 0.00 0.00 7.75
1320.00 0.00 0.00 14.88 0.00 0.00 7.95
1330.00 0.00 0.00 12.63 0.00 0.00 7.30
1340.00 0.00 0.00 9.00 0.00 0.00 6.40
1350.00 0.00 0.00 8.38 0.00 0.00 6.10
1360.00 0.00 0.00 19.63 0.00 0.00 9.20
1370.00 0.00 0.00 19.25 0.00 0.00 9.05
1380.00 0.00 0.00 7.75 0.00 0.00 5.75
1390.00 0.00 0.00 6.38 0.00 0.00 5.55
1400.00 0.00 0.00 13.25 0.00 0.00 7.95
1410.00 0.00 0.00 8.88 0.00 0.00 6.20
1420.00 0.00 0.00 14.25 0.00 0.00 7.25
1430.00 0.00 0.00 12.63 0.00 0.00 7.80
1440.00 0.00 0.00 11.00 0.00 0.00 6.55
1450.00 0.00 0.00 18.25 0.00 0.00 8.95
1460.00 0.00 0.00 7.75 0.00 0.00 6.20
1470.00 0.00 0.00 10.75 0.00 0.00 6.80
1480.00 0.00 0.00 7.63 0.00 0.00 5.90
1490.00 0.00 0.00 10.13 0.00 0.00 6.80
1500.00 0.00 0.00 16.13 0.00 0.00 8.10
1510.00 0.00 0.00 17.13 0.00 0.00 8.75
1520.00 0.00 0.00 8.75 0.00 0.00 6.45
1530.00 0.00 0.00 11.25 0.00 0.00 6.85
1540.00 0.00 0.00 9.88 0.00 0.00 6.85
1550.00 0.00 0.00 11.75 0.00 0.00 7.00
1560.00 0.00 0.00 10.13 0.00 0.00 6.60
1570.00 0.00 0.00 6.25 0.00 0.00 5.50
1580.00 0.00 0.00 9.88 0.00 0.00 6.80
1590.00 0.00 0.00 14.50 0.00 0.00 7.90
1600.00 0.00 0.00 26.25 0.00 0.00 11.25
1610.00 0.00 0.00 11.63 0.00 0.00 6.85
1620.00 0.00 0.00 6.38 0.00 0.00 5.60
1630.00 0.00 0.00 9.00 0.13 0.00 6.05
1640.00 0.00 0.00 8.63 0.00 0.00 6.20
1650.00 0.00 0.00 12.38 0.00 0.00 7.10
1660.00 0.00 0.00 10.25 0.00 0.00 6.95
1670.00 0.00 0.00 10.13 0.00 0.00 6.75
1680.00 0.00 0.00 18.50 0.00 0.00 8.90
1690.00 0.00 0.00 14.25 0.00 0.00 7.60
1700.00 0.00 0.00 10.63 0.00 0.00 7.05
1710.00 0.00 0.00 14.25 0.00 0.00 7.70
1720.00 0.00 0.00 14.00 0.00 0.00 7.55
1730.00 0.00 0.00 10.13 0.00 0.00 7.00
1740.00 0.00 0.00 6.75 0.00 0.00 5.75
1750.00 0.00 0.00 11.88 0.00 0.00 6.95
1760.00 0.00 0.00 12.63 0.00 0.00 7.15
1770.00 0.00 0.00 16.63 0.00 0.00 8.75
1780.00 0.00 0.00 9.63 0.00 0.00 6.30
1790.00 0.00 0.00 12.00 0.00 0.00 7.20
1800.00 0.00 0.00 13.75 0.00 0.00 7.70
1810.00 0.00 0.00 11.25 0.00 0.00 6.95
1820.00 0.00 0.00 14.50 0.00 0.00 7.95
1830.00 0.00 0.00 14.75 0.00 0.00 7.85
1840.00 0.00 0.00 9.00 0.00 0.00 6.45
1850.00 0.00 0.00 10.50 0.00 0.00 6.65
1860.00 0.00 0.00 6.88 0.00 0.00 5.85
1870.00 0.00 0.00 10.00 0.00 0.00 6.55
1880.00 0.00 0.00 7.88 0.00 0.00 6.15
1890.00 0.00 0.00 18.75 0.00 0.00 9.20
1900.00 0.00 0.00 12.88 0.00 0.00 7.00
1910.00 0.00 0.00 13.25 0.00 0.00 8.05
1920.00 0.00 0.00 15.13 0.00 0.00 7.60
1930.00 0.00 0.00 9.75 0.00 0.00 6.45
1940.00 0.00 0.00 13.25 0.00 0.00 8.05
1950.00 0.00 0.00 6.75 0.00 0.00 5.65
1960.00 0.00 0.00 14.50 0.00 0.00 7.75
1970.00 0.00 0.00 11.75 0.00 0.00 7.25
1980.00 0.00 0.00 7.63 0.00 0.00 6.05
1990.00 0.00 0.00 9.00 0.00 0.00 6.55
2000.00 0.00 0.00 20.13 0.00 0.00 9.05
2010.00 0.00 0.00 12.13 0.00 0.00 7.55
2020.00 0.00 0.00 13.13 0.00 0.00 7.30
2030.00 0.00 0.00 10.38 0.00 0.00 6.65
2040.00 0.00 0.00 11.50 0.00 0.00 7.25
2050.00 0.00 0.00 14.38 0.00 0.00 7.75
2060.00 0.00 0.00 9.38 0.00 0.00 6.55
2070.00 0.00 0.00 8.13 0.00 0.00 6.15
2080.00 0.00 0.00 12.00 0.00 0.00 7.25
2090.00 0.00 0.00 20.38 0.00 0.00 9.30
2100.00 0.00 0.00 12.13 0.00 0.00 7.05
2110.00 0.00 0.00 13.00 0.00 0.00 7.75
2120.00 0.00 0.00 8.75 0.00 0.00 6.20
2130.00 0.00 0.00 7.75 0.00 0.00 5.90
2140.00 0.00 0.00 12.50 0.00 0.13 7.25
2150.00 0.00 0.00 8.88 0.00 0.00 6.50
2160.00 0.00 0.00 14.00 0.00 0.00 7.75
2170.00 0.00 0.00 11.75 0.00 0.00 6.90
2180.00 0.00 0.00 13.63 0.00 0.00 7.95
2190.00 0.00 0.00 5.63 0.00 0.00 5.45
2200.00 0.00 0.00 6.88 0.00 0.00 5.75
2210.00 0.00 0.00 20.25 0.00 0.00 8.80
2220.00 0.00 0.00 13.38 0.00 0.00 8.00
2230.00 0.00 0.00 13.38 0.00 0.00 7.65
2240.00 0.00 0.00 8.00 0.00 0.00 6.10
2250.00 0.00 0.00 13.75 0.00 0.13 7.45
2260.00 0.00 0.00 9.50 0.00 0.00 6.60
2270.00 0.00 0.00 19.63 0.00 0.00 9.00
2280.00 0.00 0.00 13.50 0.00 0.00 7.85
2290.00 0.00 0.00 6.13 0.00 0.00 5.65
2300.00 0.00 0.00 2.25 0.00 0.00 4.50
2310.00 0.00 0.00 8.50 0.00 0.00 6.50
2320.00 0.00 0.00 17.00 0.00 0.00 8.45
2330.00 0.00 0.00 15.13 0.00 0.00 7.90
2340.00 0.00 0.00 14.00 0.00 0.00 7.85
2350.00 0.00 0.00 16.00 0.00 0.00 7.90
2360.00 0.00 0.00 15.25 0.00 0.00 8.35
2370.00 0.00 0.00 4.63 0.00 0.00 5.30
2380.00 0.00 0.00 11.00 0.00 0.00 7.05
2390.00 0.00 0.00 4.88 0.00 0.00 5.00
2400.00 0.00 0.13 10.88 0.00 0.00 7.25
2410.00 0.00 0.00 12.00 0.00 0.00 6.75
2420.00 0.00 0.00 12.13 0.00 0.00 7.35
2430.00 0.00 0.00 15.00 0.00 0.00 7.40
2440.00 0.00 0.00 17.50 0.00 0.00 9.55
2450.00 0.00 0.00 12.63 0.00 0.00 7.10
2460.00 0.00 0.00 13.88 0.00 0.00 7.70
2470.00 0.00 0.00 6.25 0.00 0.00 5.65
2480.00 0.00 0.00 13.63 0.00 0.00 7.70
2490.00 0.00 0.00 13.75 0.00 0.00 7.65
2500.00 0.00 0.00 11.63 0.00 0.00 7.00
2510.00 0.00 0.00 9.00 0.00 0.00 6.40
2520.00 0.00 0.00 8.75 0.00 0.00 6.25
2530.00 0.00 0.00 12.63 0.00 0.00 7.45
2540.00 0.00 0.00 11.00 0.00 0.00 6.95
2550.00 0.00 0.00 11.50 0.00 0.00 7.15
2560.00 0.00 0.00 13.38 0.00 0.00 7.05
2570.00 0.00 0.00 13.50 0.00 0.00 7.70
2580.00 0.00 0.00 12.50 0.00 0.00 7.40
2590.00 0.00 0.00 11.88 0.00 0.00 7.15
2600.00 0.00 0.00 12.75 0.00 0.00 7.35
2610.00 0.00 0.00 16.25 0.00 0.00 8.35
2620.00 0.00 0.00 8.38 0.00 0.00 6.30
2630.00 0.00 0.00 5.50 0.00 0.00 5.50
2640.00 0.00 0.00 13.00 0.00 0.00 7.70
2650.00 0.00 0.00 21.50 0.00 0.00 8.95
2660.00 0.00 0.00 10.75 0.00 0.00 7.65
2670.00 0.00 0.00 9.75 0.00 0.00 6.40
2680.00 0.00 0.00 4.63 0.00 0.00 4.90
2690.00 0.00 0.00 8.75 0.00 0.00 6.65
2700.00 0.00 0.00 13.50 0.00 0.00 7.25
2710.00 0.00 0.00 11.75 0.00 0.00 6.95
2720.00 0.00 0.00 14.38 0.00 0.00 8.05
2730.00 0.00 0.00 9.63 0.00 0.00 6.45
2740.00 0.00 0.00 12.00 0.00 0.00 7.40
2750.00 0.00 0.00 14.50 0.00 0.00 7.85
2760.00 0.00 0.00 13.88 0.00 0.00 7.50
2770.00 0.00 0.00 10.50 0.00 0.00 6.70
2780.00 0.00 0.00 13.63 0.00 0.00 8.05
2790.00 0.00 0.00 11.00 0.00 0.00 7.00
2800.00 0.00 0.00 12.13 0.00 0.00 7.10
2810.00 0.00 0.00 5.00 0.00 0.00 5.20
2820.00 0.00 0.00 9.50 0.00 0.00 6.55
2830.00 0.00 0.00 19.13 0.00 0.00 9.15
2840.00 0.00 0.00 12.88 0.00 0.00 7.05
2850.00 0.00 0.00 9.88 0.00 0.00 6.90
2860.00 0.00 0.00 17.88 0.00 0.00 8.60
2870.00 0.00 0.00 7.88 0.00 0.00 6.20
2880.00 0.00 0.00 22.38 0.00 0.00 9.85
2890.00 0.00 0.00 6.38 0.00 0.00 5.75
2900.00 0.00 0.00 5.25 0.00 0.00 5.40
2910.00 0.00 0.00 13.00 0.00 0.00 7.25
2920.00 0.00 0.00 9.25 0.00 0.00 6.15
2930.00 0.00 0.00 13.38 0.00 0.00 7.85
2940.00 0.00 0.00 13.63 0.00 0.00 7.60
2950.00 0.00 0.00 14.00 0.00 0.00 7.70
2960.00 0.00 0.00 14.50 0.00 0.00 7.90
2970.00 0.00 0.00 6.13 0.00 0.00 5.55
2980.00 0.00 0.00 7.00 0.00 0.00 5.90
2990.00 0.00 0.00 16.63 0.00 0.00 8.35
3000.00 0.00 0.00 8.38 0.00 0.00 6.40
3010.00 0.00 0.00 19.13 0.00 0.00 8.80
3020.00 0.00 0.00 12.63 0.00 0.00 7.70
3030.00 0.00 0.00 16.38 0.00 0.00 8.15
3040.00 0.00 0.00 6.88 0.00 0.00 6.00
3050.00 0.00 0.00 10.25 0.00 0.00 6.65
3060.00 0.00 0.00 11.00 0.00 0.00 6.90
3070.00 0.00 0.00 15.00 0.00 0.00 8.25
3080.00 0.00 0.00 11.38 0.00 0.00 6.85
3090.00 0.00 0.00 8.50 0.00 0.00 6.20
3100.00 0.00 0.00 6.13 0.00 0.00 5.75
3110.00 0.00 0.13 15.13 0.00 0.00 7.60
3120.00 0.00 0.00 15.13 0.00 0.00 8.25
3130.00 0.00 0.00 15.00 0.00 0.00 7.80
3140.00 0.00 0.00 11.75 0.00 0.00 7.25
3150.00 0.00 0.00 9.50 0.00 0.00 6.55
3160.00 0.00 0.00 14.50 0.00 0.00 7.75
3170.00 0.00 0.00 15.88 0.00 0.00 7.65
3180.00 0.00 0.00 14.50 0.00 0.00 8.45
3190.00 0.00 0.00 8.63 0.00 0.00 6.40
3200.00 0.00 0.00 11.75 0.00 0.00 6.90
3210.00 0.00 0.00 7.38 0.00 0.00 5.95
3220.00 0.00 0.00 4.50 0.00 0.00 5.05
3230.00 0.00 0.00 9.00 0.00 0.00 6.30
3240.00 0.00 0.00 23.00 0.00 0.00 10.50
3250.00 0.00 0.00 7.25 0.00 0.00 5.65
3260.00 0.00 0.00 20.63 0.00 0.00 9.50
3270.00 0.00 0.00 10.25 0.00 0.00 6.90
3280.00 0.00 0.00 6.63 0.00 0.00 5.70
3290.00 0.00 0.00 15.13 0.00 0.00 7.95
3300.00 0.00 0.00 6.88 0.00 0.00 5.65
3310.00 0.00 0.00 10.00 0.00 0.00 6.40
3320.00 0.00 0.00 9.88 0.00 0.00 7.20
3330.00 0.13 0.00 14.38 0.00 0.00 7.30
3340.00 0.00 0.00 18.88 0.00 0.00 9.35
3350.00 0.00 0.00 7.63 0.00 0.00 6.25
3360.00 0.00 0.00 12.38 0.00 0.00 6.95
3370.00 0.00 0.00 8.88 0.00 0.00 6.35
3380.00 0.00 0.00 11.75 0.00 0.00 7.05
3390.00 0.13 0.00 7.75 0.00 0.00 6.05
3400.00 0.00 0.00 21.75 0.00 0.00 9.65
3410.00 0.00 0.00 17.13 0.00 0.00 8.65
3420.00 0.00 0.00 10.50 0.00 0.00 7.00
3430.00 0.00 0.00 5.00 0.00 0.00 5.20
3440.00 0.00 0.00 7.50 0.00 0.00 5.75
3450.00 0.00 0.00 6.13 0.00 0.00 6.15
3460.00 0.00 0.00 11.13 0.00 0.00 7.00
3470.00 0.00 0.00 17.38 0.00 0.00 8.25
3480.00 0.00 0.00 16.88 0.00 0.00 8.60
3490.00 0.00 0.00 9.63 0.00 0.00 6.55
3500.00 0.00 0.00 6.25 0.00 0.13 5.40
3510.00 0.13 0.00 12.88 0.00 0.00 7.75
3520.00 0.00 0.00 10.75 0.00 0.00 6.85
3530.00 0.00 0.00 21.00 0.00 0.00 8.75
3540.00 0.00 0.00 17.50 0.00 0.00 9.40
3550.00 0.00 0.00 5.75 0.00 0.00 5.45
3560.00 0.00 0.00 6.63 0.00 0.00 5.80
3570.00 0.00 0.00 7.00 0.00 0.00 5.65
3580.00 0.00 0.00 9.50 0.00 0.00 6.75
3590.00 0.00 0.00 23.25 0.00 0.00 10.35
3600.00 0.00 0.00 16.50 0.00 0.00 8.20
3610.00 0.00 0.00 12.25 0.00 0.00 7.10
3620.00 0.00 0.00 9.75 0.13 0.00 6.55
3630.00 0.00 0.00 8.63 0.00 0.00 6.45
3640.00 0.00 0.00 9.50 0.00 0.00 6.40
3650.00 0.00 0.00 7.75 0.00 0.00 5.90
3660.00 0.00 0.00 18.00 0.00 0.00 8.95
3670.00 0.00 0.00 13.00 0.00 0.00 7.40
3680.00 0.00 0.00 9.13 0.00 0.00 6.35
3690.00 0.00 0.00 5.75 0.13 0.00 5.55
3700.00 0.00 0.00 24.00 0.00 0.00 9.90
3710.00 0.00 0.00 13.38 0.00 0.00 8.00
3720.00 0.00 0.00 12.75 0.00 0.00 7.15
3730.00 0.00 0.00 11.25 0.00 0.00 7.20
3740.00 0.00 0.00 8.00 0.00 0.00 6.30
3750.00 0.00 0.00 7.50 0.00 0.00 5.85
3760.00 0.00 0.00 8.63 0.00 0.00 5.90
3770.00 0.00 0.00 27.50 0.00 0.00 11.50
3780.00 0.00 0.00 10.50 0.00 0.00 7.20
3790.00 0.00 0.00 6.13 0.00 0.00 5.45
3800.00 0.00 0.00 10.00 0.00 0.00 6.75
3810.00 0.00 0.00 5.13 0.00 0.00 5.10
3820.00 0.00 0.00 22.75 0.00 0.00 9.70
3830.00 0.00 0.00 10.88 0.00 0.00 7.30
3840.00 0.00 0.00 7.75 0.00 0.00 5.70
3850.00 0.00 0.00 8.88 0.00 0.00 6.60
3860.00 0.00 0.00 18.00 0.00 0.00 8.25
3870.00 0.00 0.00 13.38 0.00 0.00 8.10
3880.00 0.00 0.00 9.88 0.00 0.00 6.35
3890.00 0.00 0.00 12.00 0.00 0.00 6.65
3900.00 0.00 0.00 10.50 0.00 0.00 7.20
3910.00 0.00 0.00 10.50 0.00 0.00 6.90
3920.00 0.00 0.00 12.25 0.00 0.00 7.05
3930.00 0.00 0.00 15.38 0.00 0.00 8.50
3940.00 0.00 0.00 17.63 0.00 0.00 7.90
3950.00 0.00 0.00 10.25 0.00 0.00 6.85
3960.00 0.00 0.00 7.75 0.00 0.00 6.60
3970.00 0.00 0.00 13.00 0.00 0.00 6.95
3980.00 0.00 0.00 11.00 0.00 0.00 7.45
3990.00 0.00 0.00 11.50 0.00 0.00 6.50
4000.00 0.00 0.00 6.63 0.00 0.00 6.20
