10.00 0.50 0.13 0.75 0.13 1.50 5.20
20.00 0.50 0.50 0.38 0.25 0.63 5.40
30.00 1.00 0.75 1.25 0.50 0.50 5.25
40.00 0.63 0.13 1.13 0.38 0.63 5.10
50.00 0.50 0.63 1.00 0.38 0.38 5.05
60.00 0.38 0.38 1.00 0.38 0.13 5.25
70.00 0.75 0.25 0.50 0.63 0.13 5.15
80.00 0.50 1.13 1.25 0.50 0.25 5.25
90.00 0.63 1.13 0.88 0.00 0.38 5.05
100.00 0.50 1.38 1.13 0.25 1.00 5.35
110.00 1.88 0.88 0.38 0.00 0.00 5.10
120.00 1.00 0.38 0.50 0.13 0.50 5.30
130.00 1.00 0.50 1.00 0.25 0.25 5.45
140.00 0.13 0.25 1.38 0.25 0.38 5.10
150.00 1.00 0.25 1.00 0.38 0.25 5.30
160.00 0.88 1.63 0.50 0.50 0.50 5.30
170.00 0.38 0.88 1.38 0.63 0.75 4.90
180.00 0.50 0.75 0.63 0.50 0.75 5.35
190.00 0.75 0.63 0.75 0.25 1.00 5.40
200.00 0.88 0.38 0.75 0.13 0.75 5.10
210.00 0.13 0.13 1.75 0.38 1.00 5.20
220.00 0.75 0.25 1.00 0.25 1.13 5.25
230.00 0.00 1.13 1.13 0.13 0.25 5.05
240.00 0.50 1.13 0.75 0.13 0.38 5.50
250.00 0.75 0.50 1.13 0.38 0.13 5.20
260.00 0.75 0.88 0.50 0.88 0.50 5.10
270.00 0.88 0.88 0.75 0.38 0.50 5.30
280.00 0.88 0.38 0.13 0.63 0.38 5.25
290.00 0.38 0.38 0.13 0.13 0.38 4.95
300.00 0.38 1.00 0.50 0.50 0.88 5.20
310.00 0.38 0.13 0.75 0.50 1.25 5.10
320.00 0.00 1.50 0.75 1.13 0.50 5.45
330.00 0.75 0.75 0.38 1.13 0.75 5.05
340.00 1.00 0.13 0.63 0.63 0.75 5.30
350.00 0.63 0.75 0.63 0.50 0.25 5.05
360.00 0.50 0.75 0.50 0.50 0.63 5.40
370.00 0.75 0.50 0.38 0.25 0.50 5.10
380.00 1.50 0.63 0.88 0.25 0.50 5.40
390.00 0.75 0.63 0.75 0.38 0.88 5.20
400.00 2.00 0.88 0.88 0.25 0.50 5.05
410.00 0.63 0.38 0.63 1.00 0.25 5.35
420.00 0.63 0.38 1.50 0.50 0.13 5.50
430.00 1.13 0.63 1.00 0.25 0.13 5.00
440.00 1.13 1.63 1.13 0.50 0.50 5.45
450.00 0.50 0.63 0.88 0.75 0.25 5.00
460.00 0.50 0.75 0.63 0.63 0.50 5.55
470.00 0.63 1.13 0.50 0.63 0.38 4.80
480.00 1.13 1.25 0.50 0.50 0.25 5.70
490.00 2.00 0.75 0.25 0.25 0.13 5.10
500.00 0.88 1.13 1.00 0.38 0.13 5.10
510.00 0.50 0.63 1.75 0.75 0.38 5.10
520.00 1.00 0.50 0.38 0.63 0.25 5.40
530.00 0.63 0.25 1.38 0.50 0.00 5.05
540.00 1.75 0.63 0.63 0.50 0.13 5.30
550.00 0.75 0.63 1.00 0.13 0.25 5.20
560.00 1.13 0.38 0.75 0.25 0.38 5.20
570.00 1.38 1.00 1.00 0.25 0.50 5.40
580.00 0.63 0.88 0.25 0.38 0.13 5.25
590.00 0.63 0.75 0.38 0.75 0.63 5.15
600.00 0.38 0.38 0.38 0.63 0.13 5.20
610.00 0.38 0.88 0.88 0.13 0.88 5.25
620.00 0.25 0.25 0.88 0.38 0.75 5.00
630.00 0.38 0.25 0.63 0.50 0.88 5.00
640.00 0.38 1.00 0.63 0.00 0.50 5.20
650.00 0.25 1.75 0.75 0.63 0.13 5.40
660.00 0.38 2.00 0.25 0.38 0.50 5.30
670.00 0.13 1.00 0.38 0.25 0.63 4.95
680.00 0.75 2.13 0.75 0.13 0.50 5.55
690.00 0.13 2.00 0.13 0.13 0.25 4.90
700.00 0.25 1.75 0.38 0.38 0.38 5.40
710.00 0.25 2.13 0.75 0.38 0.00 5.50
720.00 0.13 0.88 0.38 1.00 0.50 4.95
730.00 0.63 1.75 0.25 0.38 0.25 5.05
740.00 0.50 1.88 0.75 0.38 0.38 5.50
750.00 0.75 0.38 1.00 0.63 0.50 5.30
760.00 1.00 0.25 0.88 0.63 0.13 4.95
770.00 1.38 0.50 0.00 0.25 0.75 5.25
780.00 1.13 0.75 0.50 0.13 0.50 5.25
790.00 1.13 0.63 0.25 0.13 0.38 5.10
800.00 0.75 0.75 1.25 0.00 0.13 5.30
810.00 1.88 0.75 0.50 0.25 0.75 5.10
820.00 1.38 0.88 0.63 0.13 0.00 5.20
830.00 1.25 0.50 0.13 1.13 0.13 5.35
840.00 1.13 0.38 0.38 1.13 0.13 5.05
850.00 1.13 0.88 0.75 0.50 0.13 5.50
860.00 1.13 0.50 0.13 0.00 0.38 4.85
870.00 1.13 0.13 0.38 0.63 0.25 5.30
880.00 1.00 0.63 0.88 0.75 0.38 5.65
890.00 0.50 0.63 0.25 1.13 0.25 5.15
900.00 0.25 1.63 0.75 1.00 0.38 5.35
910.00 0.75 0.75 0.63 0.75 0.63 5.30
920.00 0.25 0.13 0.75 1.13 1.13 5.35
930.00 0.63 0.13 0.38 1.25 0.63 5.10
940.00 0.75 0.38 0.38 0.50 0.50 4.85
950.00 0.50 0.38 0.63 0.50 0.50 5.30
960.00 0.88 0.63 0.25 0.13 1.50 5.25
970.00 0.75 0.38 0.88 0.13 0.75 5.25
980.00 1.00 0.50 0.75 0.63 0.38 5.40
990.00 0.50 0.63 0.00 0.75 0.25 4.80
1000.00 0.88 0.50 0.38 0.63 0.25 5.00
1010.00 0.38 0.88 0.13 1.38 0.75 5.60
1020.00 0.50 0.88 0.38 0.88 0.88 5.20
1030.00 0.75 0.75 0.25 0.13 0.38 5.10
1040.00 0.38 0.50 0.50 0.38 0.75 4.95
1050.00 0.63 0.75 0.38 0.75 1.13 5.40
1060.00 0.00 1.13 1.00 0.88 0.13 5.00
1070.00 1.13 0.75 0.75 0.38 1.00 5.55
1080.00 0.75 1.13 0.25 0.63 0.63 5.40
1090.00 0.13 0.50 1.13 0.25 0.88 5.00
1100.00 0.13 0.50 1.13 0.25 0.63 5.45
1110.00 0.25 0.50 0.75 0.38 0.25 4.95
1120.00 1.00 0.75 1.50 0.63 0.75 5.50
1130.00 0.88 1.13 0.63 0.38 0.50 5.05
1140.00 0.75 0.88 1.13 1.13 0.25 5.45
1150.00 0.25 1.13 0.88 1.00 0.38 5.15
1160.00 0.25 0.75 0.63 0.75 1.13 5.25
1170.00 0.00 1.00 1.38 0.25 0.63 5.35
1180.00 0.25 0.75 0.50 0.63 0.75 4.95
1190.00 0.25 1.00 1.25 0.75 0.38 5.50
1200.00 0.50 1.25 0.13 1.00 0.88 5.10
1210.00 0.75 1.25 0.00 0.38 1.00 5.20
1220.00 0.38 1.13 0.38 0.38 0.88 5.25
1230.00 1.13 0.25 0.75 0.38 1.00 5.20
1240.00 0.88 0.13 0.38 0.63 0.38 5.20
1250.00 0.63 0.50 0.25 0.63 1.63 5.45
1260.00 0.75 0.38 0.25 0.50 0.88 4.85
1270.00 0.63 0.50 0.88 0.25 1.38 5.30
1280.00 0.13 0.25 1.25 0.63 0.63 5.45
1290.00 0.25 0.50 1.50 0.50 0.38 5.20
1300.00 0.13 0.75 0.88 0.25 1.00 5.20
1310.00 0.13 0.63 1.00 0.38 0.38 4.90
1320.00 0.50 0.38 0.50 0.50 1.13 5.45
1330.00 0.50 1.13 0.88 1.25 0.13 5.30
1340.00 0.13 0.88 1.25 0.75 0.50 5.25
1350.00 0.38 0.75 0.75 0.88 0.63 5.40
1360.00 0.38 0.50 0.75 0.13 0.75 5.20
1370.00 0.38 1.00 0.88 0.38 0.38 5.20
1380.00 0.25 0.25 1.00 0.50 1.13 5.15
1390.00 0.13 1.00 1.63 0.75 0.63 5.25
1400.00 0.25 0.75 1.63 0.25 0.63 5.40
1410.00 0.13 1.00 0.63 0.25 0.50 4.95
1420.00 0.38 0.88 1.75 0.25 0.63 5.20
1430.00 0.00 0.63 0.75 0.50 0.13 5.20
1440.00 0.38 0.38 0.50 0.63 1.88 5.25
1450.00 0.50 0.25 0.88 0.38 1.25 5.20
1460.00 0.25 1.38 0.63 0.25 0.75 5.35
1470.00 0.75 1.63 0.50 0.38 0.25 5.10
1480.00 0.25 1.13 0.88 0.50 0.50 5.35
1490.00 0.63 1.50 0.38 0.13 0.25 5.25
1500.00 1.13 1.88 0.25 0.88 0.38 5.35
1510.00 0.88 1.13 0.13 0.50 0.38 4.90
1520.00 0.88 0.75 0.88 0.88 0.25 5.40
1530.00 0.75 0.88 0.13 0.50 0.38 5.45
1540.00 0.75 0.38 0.50 0.38 0.38 5.00
1550.00 0.25 1.38 0.50 0.38 0.25 5.40
1560.00 0.50 1.00 1.00 0.50 0.50 4.85
1570.00 1.75 0.25 0.63 0.25 0.63 5.30
1580.00 1.88 0.13 0.88 0.75 0.00 5.55
1590.00 1.25 0.25 0.25 0.25 0.63 4.95
1600.00 0.88 0.63 1.00 0.50 0.25 5.35
1610.00 0.88 0.25 0.38 0.50 0.50 4.85
1620.00 1.00 0.50 0.75 0.38 0.50 5.30
1630.00 1.00 1.00 0.13 0.63 0.50 5.55
1640.00 1.00 0.63 0.50 0.13 0.63 4.95
1650.00 0.50 0.75 0.63 0.88 0.00 5.25
1660.00 0.75 0.50 0.75 1.25 0.50 5.15
1670.00 0.75 0.63 0.50 0.88 0.50 5.25
1680.00 0.38 0.13 0.88 0.88 0.25 5.30
1690.00 1.13 0.00 0.75 0.75 0.75 4.90
1700.00 1.00 0.13 1.25 0.75 0.50 5.40
1710.00 0.88 0.25 0.63 0.13 0.63 5.15
1720.00 0.75 0.63 0.63 0.50 0.50 5.40
1730.00 0.13 1.00 0.50 0.63 1.00 5.00
1740.00 0.38 0.75 0.63 0.25 0.50 5.20
1750.00 0.13 1.13 0.38 0.25 0.50 5.20
1760.00 0.38 0.13 0.63 0.75 0.88 5.10
1770.00 0.63 0.25 0.88 0.38 1.00 5.05
1780.00 1.63 0.38 0.75 0.75 0.25 5.50
1790.00 0.63 0.38 0.88 0.75 0.13 5.20
1800.00 0.38 0.38 0.38 0.88 1.38 5.20
1810.00 0.63 1.13 1.00 0.38 1.00 5.25
1820.00 1.00 0.88 0.63 0.13 1.13 5.40
1830.00 0.25 1.13 0.38 0.25 0.13 5.05
1840.00 0.50 1.13 0.75 0.50 0.13 5.10
1850.00 0.50 1.25 0.25 0.75 0.75 5.55
1860.00 0.00 1.13 0.50 0.88 0.38 4.95
1870.00 0.50 0.88 0.63 1.00 0.63 5.20
1880.00 0.25 1.00 1.00 0.50 0.13 5.30
1890.00 1.50 1.00 0.75 0.25 0.13 5.10
1900.00 1.13 0.38 0.88 0.63 0.38 5.00
1910.00 0.50 1.13 0.88 0.50 0.13 5.45
1920.00 1.25 1.00 0.50 0.38 0.75 5.05
1930.00 0.50 0.50 0.50 0.38 0.63 5.25
1940.00 0.38 1.88 0.38 0.75 0.38 5.50
1950.00 0.50 0.63 0.38 1.38 0.25 4.90
1960.00 1.13 0.38 0.75 0.50 1.13 5.35
1970.00 1.13 0.75 0.50 0.88 0.38 5.35
1980.00 0.25 1.25 0.25 1.00 0.38 5.20
1990.00 0.50 0.13 0.75 0.75 0.25 5.00
2000.00 0.38 0.63 1.13 1.00 0.38 5.45
2010.00 0.25 1.13 0.88 0.63 0.88 5.30
2020.00 0.25 1.25 1.38 0.63 0.00 5.30
2030.00 0.38 0.88 0.75 0.25 0.38 4.95
2040.00 0.50 1.50 0.38 0.25 1.00 5.35
2050.00 0.38 0.75 0.25 0.63 0.00 5.05
2060.00 0.25 1.88 0.75 0.00 0.75 5.35
2070.00 0.63 0.75 0.38 0.13 0.63 5.25
2080.00 0.63 0.75 0.25 0.63 0.50 5.25
2090.00 1.25 0.63 0.25 0.75 0.63 5.10
2100.00 0.88 0.25 0.38 0.63 0.38 5.00
2110.00 0.63 0.63 0.75 0.38 0.38 5.15
2120.00 0.88 0.75 0.38 0.38 0.88 5.10
2130.00 1.00 1.13 0.63 0.25 0.50 5.55
2140.00 1.25 0.50 0.63 0.38 0.88 5.30
2150.00 0.63 0.25 0.38 0.13 1.63 5.15
2160.00 0.88 0.75 0.38 0.13 1.00 5.40
2170.00 0.50 0.88 0.13 0.50 0.13 5.10
2180.00 0.50 0.38 0.63 0.50 1.38 5.15
2190.00 1.50 0.50 1.00 0.25 0.00 5.05
2200.00 0.38 1.00 1.13 0.75 0.38 5.20
2210.00 1.00 0.38 0.38 0.88 0.63 5.40
2220.00 0.38 0.75 0.50 1.13 1.50 5.15
2230.00 0.25 0.25 0.38 1.13 1.38 5.35
2240.00 0.25 0.63 0.75 0.50 1.13 5.00
2250.00 0.50 0.38 0.63 1.00 1.63 5.30
2260.00 0.38 0.75 1.13 0.63 1.00 5.40
2270.00 0.75 0.25 0.75 0.13 0.38 5.10
2280.00 0.38 0.50 1.50 0.63 0.88 5.20
2290.00 0.75 0.00 0.88 0.25 0.63 5.10
2300.00 1.13 0.75 0.25 0.13 1.00 5.20
2310.00 0.25 0.63 1.00 0.38 0.63 5.40
2320.00 0.25 0.13 1.25 0.38 0.25 5.15
2330.00 0.75 0.88 0.63 0.75 0.50 5.20
2340.00 0.38 0.63 1.25 0.63 0.50 5.25
2350.00 0.25 0.25 1.13 1.13 0.88 5.35
2360.00 0.38 0.75 0.50 0.75 0.88 5.25
2370.00 0.38 1.25 0.63 0.13 1.13 5.30
2380.00 0.25 0.75 1.13 0.50 0.75 5.50
2390.00 0.00 0.63 0.38 0.63 0.50 4.90
2400.00 0.25 2.00 0.75 0.25 1.00 5.15
2410.00 0.38 1.50 0.75 0.25 1.13 5.25
2420.00 0.13 0.63 0.50 0.38 0.63 5.10
2430.00 0.75 1.25 1.13 0.25 0.63 5.15
2440.00 0.50 1.50 2.25 0.50 0.25 5.85
2450.00 0.25 0.75 1.75 0.50 1.00 4.95
2460.00 0.13 0.25 1.00 0.25 0.00 5.45
2470.00 0.50 0.88 0.75 1.00 0.38 5.35
2480.00 0.13 0.88 0.88 0.38 0.38 5.15
2490.00 0.00 0.63 2.38 0.13 0.25 5.15
2500.00 0.13 0.50 2.38 0.13 0.25 5.20
2510.00 0.25 0.88 2.25 0.13 0.38 5.70
2520.00 0.00 1.13 2.63 0.00 0.63 5.15
2530.00 0.00 0.25 3.75 0.00 0.25 5.70
2540.00 0.13 0.50 4.25 0.25 0.13 5.25
2550.00 0.25 0.50 2.38 0.38 0.50 5.15
2560.00 0.63 0.75 1.63 0.50 0.38 5.35
2570.00 0.63 0.25 0.88 0.38 0.38 4.85
2580.00 1.25 0.25 1.75 0.38 0.13 5.65
2590.00 1.00 0.38 1.25 0.25 0.13 5.05
2600.00 0.63 0.00 0.63 0.25 0.75 5.45
2610.00 1.13 0.63 1.38 0.38 1.13 5.45
2620.00 0.63 0.50 0.63 0.25 0.88 4.85
2630.00 0.25 0.63 0.75 0.38 1.13 5.45
2640.00 1.13 0.50 0.38 0.38 1.00 5.35
2650.00 0.75 0.38 0.50 1.00 0.38 5.10
2660.00 0.88 0.75 0.88 0.25 0.25 4.95
2670.00 0.75 0.63 1.25 0.25 0.25 5.60
2680.00 0.38 0.63 0.88 0.75 0.13 4.90
2690.00 0.63 0.25 0.88 1.13 0.25 5.30
2700.00 0.63 0.25 0.50 0.50 0.50 5.10
2710.00 1.25 0.50 0.38 1.13 0.25 5.50
2720.00 0.25 0.38 0.25 1.13 0.50 5.00
2730.00 0.63 0.25 0.50 1.13 0.50 5.05
2740.00 0.38 0.75 0.75 1.00 0.63 5.40
2750.00 0.25 0.63 0.13 0.88 0.25 4.90
2760.00 0.88 0.75 0.88 0.75 0.63 5.25
2770.00 1.13 0.38 0.88 1.00 0.50 5.65
2780.00 1.50 0.38 0.75 0.50 0.63 5.45
2790.00 0.88 0.38 0.63 0.50 0.50 4.95
2800.00 1.00 0.63 0.25 0.38 0.88 5.15
2810.00 0.38 0.63 0.50 0.25 1.13 5.30
2820.00 0.25 1.38 0.25 0.50 0.63 5.00
2830.00 0.63 1.00 0.38 1.13 0.13 5.45
2840.00 0.38 0.25 1.00 0.88 0.88 5.10
2850.00 0.25 0.88 0.63 0.38 0.88 5.15
2860.00 0.38 1.00 0.75 0.88 0.50 5.25
2870.00 0.13 1.13 0.25 0.38 1.38 5.10
2880.00 0.75 0.50 0.38 0.38 0.75 5.40
2890.00 0.25 0.63 0.63 0.25 0.75 4.85
2900.00 0.75 0.63 0.50 1.00 1.00 5.35
2910.00 0.88 0.75 0.13 1.25 1.00 5.40
2920.00 0.50 0.50 1.13 0.50 1.13 5.40
2930.00 0.63 0.38 0.88 0.75 0.25 4.95
2940.00 0.88 0.25 0.50 0.25 0.50 5.35
2950.00 1.00 0.88 0.75 0.13 0.50 5.10
2960.00 0.50 1.50 0.50 0.38 0.00 5.25
2970.00 0.88 0.38 0.38 0.13 1.38 5.10
2980.00 0.38 0.88 0.38 0.25 0.38 5.50
2990.00 0.38 0.00 0.75 0.63 0.25 4.80
3000.00 0.00 0.38 1.75 1.00 0.25 5.25
3010.00 1.00 0.75 0.50 0.50 0.63 5.15
3020.00 0.63 1.13 0.50 0.88 0.25 5.30
3030.00 0.38 1.00 0.13 0.38 1.63 5.40
3040.00 0.50 0.13 1.00 0.38 0.25 5.00
3050.00 0.63 0.50 0.75 1.00 1.13 5.35
3060.00 0.38 0.75 0.88 0.50 0.63 5.10
3070.00 0.50 0.88 0.75 0.88 0.50 5.10
3080.00 0.50 0.63 1.00 0.50 0.50 5.45
3090.00 1.00 0.63 0.75 0.38 0.13 5.25
3100.00 0.25 0.25 1.00 1.25 0.50 5.25
3110.00 0.88 0.50 0.63 0.63 0.25 5.25
3120.00 0.38 0.13 0.38 1.13 1.25 4.95
3130.00 0.25 0.25 0.25 0.75 0.63 4.90
3140.00 0.63 0.88 0.88 0.38 0.63 5.30
3150.00 0.38 0.75 1.13 0.13 0.63 5.25
3160.00 0.50 0.38 0.88 0.38 0.63 5.15
3170.00 1.00 0.13 0.75 0.25 0.75 5.00
3180.00 0.25 0.38 0.50 0.00 1.50 5.20
3190.00 0.63 0.50 0.75 0.38 1.38 5.35
3200.00 0.50 0.25 0.75 0.38 0.50 5.00
3210.00 0.63 1.13 1.13 0.75 0.63 5.45
3220.00 0.50 0.63 0.38 0.25 1.13 5.30
3230.00 0.63 0.25 0.38 0.50 0.50 4.90
3240.00 0.63 0.25 0.38 1.13 0.63 5.45
3250.00 0.75 0.38 0.13 1.00 0.50 5.10
3260.00 0.38 0.63 0.63 1.13 0.75 5.20
3270.00 0.25 0.50 0.75 0.38 0.50 4.95
3280.00 0.50 0.63 0.50 1.38 0.50 5.55
3290.00 0.75 0.50 0.75 0.88 0.63 5.00
3300.00 0.25 0.50 0.88 0.75 0.38 5.05
3310.00 0.63 1.00 0.38 0.50 0.63 5.50
3320.00 0.75 0.75 0.38 1.00 0.50 5.20
3330.00 0.25 0.63 0.25 0.38 0.25 4.90
3340.00 0.88 0.50 0.38 1.63 0.50 5.55
3350.00 0.63 0.50 0.88 0.38 0.38 5.05
3360.00 0.25 0.75 0.75 0.88 0.38 5.30
3370.00 0.50 0.63 0.75 0.75 0.38 5.25
3380.00 0.63 0.25 1.00 0.38 0.38 5.05
3390.00 0.38 0.88 1.38 0.25 0.13 5.40
3400.00 1.00 0.88 0.25 0.38 0.50 4.85
3410.00 1.13 0.63 0.63 0.38 0.63 5.55
3420.00 0.50 0.25 0.38 0.50 0.25 5.05
3430.00 0.50 0.75 0.63 1.13 0.75 5.20
3440.00 0.38 0.63 0.63 1.13 0.75 5.55
3450.00 1.00 0.38 0.00 1.13 0.63 5.25
3460.00 1.38 0.25 0.63 1.50 0.25 5.15
3470.00 0.25 0.38 0.88 1.00 0.38 5.35
3480.00 0.00 0.88 1.25 0.88 0.63 4.95
3490.00 0.25 0.25 1.38 0.63 0.38 5.40
3500.00 0.63 0.13 2.25 0.50 0.13 5.15
3510.00 0.38 0.75 1.38 0.50 0.13 5.45
3520.00 0.50 1.00 1.38 0.25 0.25 5.25
3530.00 0.38 1.00 1.63 0.13 0.50 5.05
3540.00 0.25 0.00 1.50 0.63 0.88 5.20
3550.00 0.63 1.00 0.75 0.63 0.88 5.30
3560.00 0.75 0.38 1.25 0.63 0.63 5.25
3570.00 0.25 0.63 1.13 0.75 0.63 5.25
3580.00 0.13 1.00 1.25 0.50 0.38 5.10
3590.00 0.25 1.13 1.25 0.50 0.13 5.35
3600.00 0.38 0.25 1.25 0.63 0.50 5.20
3610.00 0.63 0.75 1.13 0.63 0.00 5.45
3620.00 1.13 1.63 0.75 0.13 0.63 5.35
3630.00 0.50 0.63 0.63 0.25 0.63 5.35
3640.00 0.25 0.50 0.38 0.13 0.38 4.95
3650.00 1.00 0.25 0.75 0.25 0.88 5.20
3660.00 1.13 0.25 0.63 1.00 0.38 5.10
3670.00 0.63 0.50 0.13 0.63 0.63 5.25
3680.00 0.63 0.63 1.00 0.75 0.75 5.45
3690.00 0.75 0.63 0.38 0.88 1.00 4.95
3700.00 0.88 0.63 0.25 0.75 0.63 5.30
3710.00 0.25 0.50 0.88 1.38 0.63 5.10
3720.00 0.50 0.63 1.00 0.25 0.88 5.20
3730.00 0.00 1.00 1.50 0.13 0.50 5.25
3740.00 0.13 0.50 0.75 0.75 0.25 5.30
3750.00 0.38 0.50 0.13 0.50 0.63 4.85
3760.00 0.25 0.75 1.25 0.63 0.38 5.45
3770.00 0.38 1.00 0.75 0.38 0.38 5.20
3780.00 0.25 0.88 1.00 0.25 0.38 4.95
3790.00 0.50 1.13 1.00 0.38 0.25 5.45
3800.00 0.50 0.38 0.88 0.38 0.38 5.20
3810.00 0.50 0.88 0.63 0.75 0.38 5.15
3820.00 0.38 0.50 1.25 0.63 0.38 5.20
3830.00 0.13 0.38 1.25 0.50 1.00 5.35
3840.00 0.25 0.75 1.00 0.25 0.38 5.10
3850.00 1.25 0.75 0.25 0.75 1.00 5.25
3860.00 0.50 0.13 0.88 0.25 1.25 5.25
3870.00 1.00 0.25 0.75 0.25 1.13 5.25
3880.00 0.63 0.38 0.63 0.38 1.00 5.10
3890.00 0.63 1.00 0.38 0.50 0.88 5.20
3900.00 0.38 0.13 0.00 0.63 0.88 5.10
3910.00 0.63 0.00 0.00 1.63 0.63 5.30
3920.00 0.50 0.75 0.38 1.13 0.25 5.20
3930.00 0.25 0.38 0.50 1.63 0.38 5.25
3940.00 0.88 0.25 0.75 1.13 0.13 5.30
3950.00 1.38 0.38 0.88 0.25 0.25 5.15
3960.00 0.38 0.00 0.38 1.13 0.13 5.20
3970.00 1.13 0.50 0.50 1.25 0.25 5.10
3980.00 0.63 0.50 0.63 0.63 0.38 4.95
3990.00 0.50 0.88 0.38 0.38 0.88 5.50
4000.00 0.25 0.38 1.50 0.50 0.75 4.95
