10.00 0.38 0.75 1.13 1.25 0.38 5.45
20.00 0.25 0.38 0.50 1.50 0.75 5.20
30.00 0.88 0.75 0.50 0.75 0.25 5.15
40.00 0.38 0.88 0.88 0.75 0.38 5.20
50.00 0.88 1.50 0.50 0.38 0.13 5.45
60.00 0.50 1.50 0.75 0.50 0.75 5.05
70.00 0.38 0.38 0.00 0.13 0.38 5.00
80.00 0.63 0.75 0.38 0.50 0.88 5.55
90.00 0.75 0.25 0.63 1.00 0.88 5.05
100.00 0.50 0.25 0.50 0.13 0.38 5.15
110.00 0.38 0.13 0.63 0.63 0.63 5.10
120.00 0.38 0.50 0.63 0.63 0.63 4.80
130.00 0.88 0.75 0.25 1.00 0.25 5.35
140.00 1.00 0.38 0.50 0.38 0.50 5.15
150.00 0.75 0.38 0.38 0.50 0.38 5.00
160.00 1.13 0.38 0.50 0.50 0.38 5.55
170.00 0.38 0.50 0.50 0.88 1.00 5.20
180.00 0.50 0.50 0.88 0.50 0.38 5.00
190.00 0.25 0.50 1.00 0.50 1.13 5.45
200.00 0.75 0.50 0.50 0.63 1.50 5.30
210.00 0.38 0.25 0.50 0.63 0.88 4.95
220.00 0.25 0.88 0.25 0.63 0.88 5.00
230.00 0.25 1.00 0.75 0.00 1.13 5.40
240.00 0.25 0.25 0.63 0.63 0.50 5.20
250.00 0.63 0.25 0.88 0.25 0.50 4.75
260.00 0.38 0.25 0.75 0.50 1.00 5.50
270.00 0.25 1.13 0.50 0.63 1.00 5.20
280.00 0.25 0.63 0.50 1.38 1.00 5.05
290.00 0.88 0.63 0.88 0.63 0.50 5.40
300.00 0.75 1.50 0.75 0.38 0.63 5.20
310.00 1.13 1.13 0.50 0.50 0.25 5.30
320.00 0.88 0.63 0.50 0.13 0.75 5.25
330.00 1.38 0.38 0.13 0.88 1.00 5.25
340.00 0.63 0.38 0.63 0.88 0.25 5.20
350.00 1.00 0.63 0.75 0.25 1.00 5.20
360.00 0.75 0.38 0.25 0.75 0.88 5.45
370.00 0.63 0.38 0.50 0.38 0.13 5.05
380.00 0.88 0.38 1.38 1.25 0.25 5.35
390.00 1.38 0.25 1.13 0.63 0.38 5.20
400.00 0.63 0.13 0.25 0.38 0.13 5.10
410.00 1.50 0.63 0.75 0.13 0.88 5.50
420.00 1.25 0.25 0.25 0.63 0.38 4.80
430.00 0.75 0.38 0.75 0.75 0.00 5.35
440.00 0.38 0.75 0.63 0.13 0.25 5.10
450.00 0.25 0.88 0.25 0.00 0.13 4.90
460.00 0.50 0.50 0.25 0.50 0.63 5.40
470.00 0.25 0.88 0.63 0.88 1.50 5.55
480.00 0.75 0.63 0.25 0.75 0.75 5.00
490.00 0.13 0.88 1.13 0.50 0.50 5.35
500.00 0.38 0.25 0.38 0.75 0.50 5.15
510.00 0.13 0.25 0.13 1.38 0.25 4.95
520.00 1.50 0.63 0.75 0.50 0.50 5.30
530.00 0.13 0.38 0.00 0.88 0.50 5.25
540.00 0.50 0.13 0.75 0.75 0.38 4.85
550.00 0.88 0.38 0.63 0.63 0.25 5.65
560.00 1.25 0.63 0.50 0.38 0.88 5.05
570.00 0.38 0.13 0.38 0.25 0.50 5.05
580.00 0.63 0.63 0.50 0.13 0.50 5.40
590.00 0.88 1.00 1.50 0.38 0.13 5.35
600.00 0.38 0.63 0.75 0.63 0.38 4.85
610.00 0.13 0.88 0.63 0.50 0.63 5.30
620.00 0.13 1.25 0.38 0.38 0.88 5.25
630.00 0.75 0.50 0.75 0.13 0.13 5.35
640.00 0.50 0.13 0.50 0.63 0.25 4.85
650.00 0.25 0.63 0.88 0.75 0.50 5.35
660.00 0.50 0.25 0.50 0.50 0.50 4.95
670.00 1.00 0.63 0.50 0.25 0.88 5.15
680.00 0.63 0.63 0.25 0.38 0.63 5.20
690.00 1.13 0.63 0.25 0.25 0.88 5.40
700.00 0.25 0.63 0.38 0.75 0.00 5.30
710.00 0.88 0.75 0.50 0.88 0.50 4.95
720.00 0.88 1.13 0.50 0.63 0.25 5.35
730.00 0.75 0.50 0.50 0.25 0.38 5.00
740.00 1.13 0.88 0.63 0.13 0.13 5.25
750.00 1.25 1.00 0.25 0.38 0.38 5.15
760.00 0.50 1.13 1.00 0.13 0.25 5.10
770.00 0.25 0.63 0.38 0.75 0.50 5.20
780.00 0.38 0.75 0.38 0.75 0.50 5.30
790.00 0.38 0.25 0.75 1.25 1.00 5.45
800.00 0.63 0.63 0.63 1.00 0.25 5.00
810.00 0.38 0.50 0.38 0.50 0.88 5.05
820.00 0.25 1.13 0.63 1.00 0.25 5.45
830.00 0.38 0.63 0.38 0.38 0.75 5.00
840.00 0.50 0.63 0.38 0.75 0.50 5.50
850.00 0.75 0.50 0.00 0.38 1.50 5.05
860.00 0.75 0.50 0.88 0.50 0.50 5.05
870.00 0.63 0.50 0.38 0.50 0.63 5.15
880.00 0.25 1.25 0.50 0.75 0.25 5.20
890.00 0.50 0.50 0.88 0.88 0.25 5.00
900.00 0.63 1.25 0.50 1.13 0.13 5.60
910.00 0.13 0.75 0.63 0.75 0.38 4.95
920.00 0.38 0.50 1.00 0.63 0.38 5.45
930.00 0.38 0.13 0.50 0.63 0.63 5.10
940.00 1.38 0.13 0.75 0.75 0.13 5.10
950.00 1.13 0.63 1.00 0.63 0.88 5.45
960.00 0.50 0.38 1.00 1.13 0.50 5.20
970.00 0.63 0.38 0.38 0.13 1.00 4.80
980.00 0.88 0.25 0.38 0.50 1.25 5.35
990.00 0.13 0.25 0.50 1.38 2.13 5.30
1000.00 0.25 0.25 0.13 0.88 0.88 5.30
1010.00 0.63 0.50 0.38 0.38 0.38 5.20
1020.00 0.63 0.75 0.75 0.38 0.25 4.95
1030.00 0.38 0.75 0.50 1.25 0.50 5.00
1040.00 0.38 0.75 0.38 0.63 0.50 5.45
1050.00 0.38 1.00 0.63 0.75 0.38 5.05
1060.00 0.13 0.50 0.25 2.25 0.75 5.50
1070.00 0.75 0.63 0.25 1.25 0.50 5.30
1080.00 0.50 0.50 0.00 0.63 0.38 4.75
1090.00 0.50 0.50 0.38 0.75 0.75 5.45
1100.00 0.50 0.50 1.00 0.50 0.50 4.85
1110.00 0.50 0.50 0.25 1.00 0.50 5.30
1120.00 0.25 0.38 0.38 0.63 0.50 5.10
1130.00 0.50 0.50 0.63 1.50 0.38 5.10
1140.00 0.38 0.88 1.13 1.38 0.50 5.55
1150.00 0.50 0.50 0.38 1.50 0.63 5.35
1160.00 0.25 0.38 1.13 0.63 0.63 5.00
1170.00 0.00 0.38 2.13 0.50 0.38 5.35
1180.00 0.38 0.25 1.63 1.13 0.88 5.25
1190.00 0.88 1.00 0.38 1.00 0.50 5.30
1200.00 0.25 0.38 0.75 0.63 0.75 4.85
1210.00 0.50 0.63 1.13 1.13 0.25 5.45
1220.00 0.38 0.88 0.50 0.75 0.63 5.25
1230.00 0.50 0.63 0.25 0.38 0.88 5.10
1240.00 0.25 0.50 0.25 0.50 1.63 5.10
1250.00 0.50 0.63 1.00 0.63 1.38 5.35
1260.00 0.38 0.38 1.00 0.50 1.25 4.95
1270.00 0.88 0.25 0.50 0.38 1.50 5.40
1280.00 0.63 0.63 1.00 0.25 2.00 5.55
1290.00 0.63 0.25 0.75 0.13 1.25 4.80
1300.00 0.50 0.25 0.63 0.25 1.75 5.35
1310.00 0.63 0.00 0.75 0.50 2.00 5.15
1320.00 0.75 1.25 0.50 0.13 0.63 5.15
1330.00 0.75 0.25 0.50 0.50 0.63 5.25
1340.00 0.63 0.63 0.63 0.25 0.13 5.45
1350.00 0.75 1.63 0.38 0.25 0.25 5.00
1360.00 1.13 0.88 0.25 0.88 0.88 5.35
1370.00 0.63 0.38 0.63 0.38 0.38 5.25
1380.00 1.38 0.25 0.63 0.13 0.63 5.10
1390.00 1.88 0.25 0.63 0.25 0.38 5.20
1400.00 1.00 0.75 0.50 0.38 0.63 5.10
1410.00 0.88 1.13 0.25 0.13 0.50 5.10
1420.00 1.00 0.63 0.50 1.00 1.00 5.35
1430.00 1.00 0.25 0.13 1.50 0.50 4.95
1440.00 0.63 0.38 0.38 2.25 0.38 5.40
1450.00 0.50 0.50 0.63 1.25 1.00 5.45
1460.00 0.38 1.38 0.25 0.50 0.75 5.15
1470.00 0.63 0.75 0.25 1.63 0.38 5.00
1480.00 0.13 0.63 0.25 3.00 0.50 5.85
1490.00 0.63 0.25 0.63 1.63 0.13 4.90
1500.00 0.50 0.50 0.13 2.25 0.25 5.20
1510.00 0.50 0.50 0.50 1.63 0.25 5.30
1520.00 0.38 0.50 0.75 1.50 0.38 5.50
1530.00 0.25 0.63 0.50 1.50 0.50 5.15
1540.00 0.13 0.50 0.75 0.50 0.63 5.15
1550.00 0.88 0.63 0.38 0.88 1.00 5.15
1560.00 0.13 0.50 0.13 1.38 0.88 5.35
1570.00 0.38 0.75 0.25 0.63 1.00 5.10
1580.00 0.25 0.75 0.38 0.63 0.75 5.10
1590.00 0.50 0.25 0.63 1.00 0.13 5.25
1600.00 0.75 0.50 1.13 0.63 0.25 5.40
1610.00 0.63 0.50 0.38 0.63 0.88 5.10
1620.00 0.38 0.75 0.75 0.50 0.63 5.35
1630.00 0.25 0.25 0.75 0.63 1.13 5.10
1640.00 0.25 0.50 1.00 0.63 0.88 5.25
1650.00 0.50 0.00 1.38 0.13 0.50 5.35
1660.00 0.50 0.75 1.25 0.50 0.13 4.95
1670.00 0.63 0.63 1.13 0.38 0.25 5.15
1680.00 0.50 0.50 1.25 0.50 0.13 5.05
1690.00 1.38 0.38 1.38 0.13 0.13 5.70
1700.00 0.75 0.13 0.50 0.25 0.63 4.95
1710.00 0.50 0.25 0.63 0.63 0.88 5.45
1720.00 0.38 0.38 0.63 1.50 1.00 5.30
1730.00 0.50 0.50 0.50 0.25 0.38 5.00
1740.00 0.00 0.75 0.88 0.75 0.50 5.25
1750.00 0.38 0.63 0.63 0.75 0.63 4.95
1760.00 0.13 1.13 0.00 0.75 0.38 5.35
1770.00 0.50 1.00 0.38 0.38 1.13 5.00
1780.00 0.00 1.00 0.63 1.63 0.63 5.40
1790.00 0.50 0.75 0.50 0.25 0.75 5.10
1800.00 0.50 0.25 0.50 0.63 0.38 5.05
1810.00 1.38 0.63 0.38 0.75 0.50 5.30
1820.00 0.75 0.50 0.25 0.63 0.63 5.15
1830.00 0.63 0.50 0.75 0.13 0.88 5.25
1840.00 0.50 0.38 0.75 1.00 0.50 5.30
1850.00 0.88 0.13 0.13 0.63 0.75 5.30
1860.00 0.50 1.00 0.38 0.50 1.13 5.10
1870.00 0.75 0.38 1.25 1.00 0.25 5.35
1880.00 0.63 0.25 0.75 1.13 0.25 5.20
1890.00 0.75 0.50 0.63 0.50 0.13 4.90
1900.00 0.88 1.00 0.63 0.38 0.63 5.30
1910.00 1.00 0.63 0.38 0.50 0.25 5.15
1920.00 0.50 0.88 0.63 0.50 0.75 5.20
1930.00 0.38 1.00 1.00 0.88 0.63 5.35
1940.00 0.50 0.88 0.38 1.25 0.63 5.20
1950.00 0.63 1.38 0.88 1.00 0.50 5.45
1960.00 0.25 0.75 0.25 0.38 0.75 5.05
1970.00 0.13 1.00 0.75 1.00 0.63 5.25
1980.00 0.00 0.13 1.50 0.63 0.50 5.30
1990.00 0.50 0.38 1.88 0.38 0.38 5.20
2000.00 0.38 0.38 0.88 0.88 0.50 5.10
2010.00 0.13 0.88 1.13 0.38 0.63 5.25
2020.00 0.50 0.38 1.00 0.75 0.50 5.15
2030.00 0.25 0.50 0.50 0.75 0.50 5.00
2040.00 0.25 0.50 0.25 0.88 0.88 5.35
2050.00 0.38 0.50 0.25 0.88 0.75 5.10
2060.00 0.63 0.00 0.25 1.00 0.63 5.25
2070.00 0.38 0.38 0.38 1.50 0.75 5.25
2080.00 0.38 0.63 0.25 0.50 0.88 4.75
2090.00 0.88 0.63 0.38 0.38 0.50 5.55
2100.00 0.38 0.13 0.50 0.50 0.75 5.00
2110.00 0.25 0.25 1.50 0.63 0.38 5.20
2120.00 0.63 0.63 0.50 0.50 0.38 5.05
2130.00 0.75 0.63 0.13 0.50 0.38 5.20
2140.00 0.75 0.38 0.88 0.50 0.63 5.40
2150.00 1.00 1.25 0.38 0.25 0.38 5.15
2160.00 0.63 0.50 1.25 0.38 0.13 5.00
2170.00 0.63 1.00 0.88 0.25 0.38 5.15
2180.00 0.25 0.50 1.00 0.38 0.25 4.95
2190.00 1.25 0.13 1.25 0.50 1.00 5.50
2200.00 0.63 0.00 0.25 1.00 1.50 5.25
2210.00 0.63 0.13 0.63 0.88 1.88 5.30
2220.00 0.63 0.13 0.75 0.25 0.25 5.10
2230.00 0.25 0.50 1.00 0.25 1.50 5.15
2240.00 1.00 0.00 1.00 1.00 0.63 5.35
2250.00 0.50 0.50 0.38 1.00 1.13 5.10
2260.00 0.50 0.13 0.13 1.38 0.50 5.30
2270.00 0.50 0.63 0.38 1.38 0.88 5.05
2280.00 0.88 0.13 0.25 0.63 1.63 5.60
2290.00 0.88 0.38 0.00 0.38 1.38 4.90
2300.00 1.13 0.75 0.38 0.25 0.88 5.25
2310.00 1.13 0.50 0.38 0.63 1.00 5.45
2320.00 0.13 0.63 0.00 0.38 1.63 5.05
2330.00 0.50 0.38 0.38 0.63 1.13 5.35
2340.00 0.00 1.00 0.38 0.63 1.38 5.45
2350.00 0.50 0.00 0.50 0.25 1.50 5.00
2360.00 0.63 0.63 0.63 0.13 0.63 5.10
2370.00 0.38 0.50 0.38 0.38 0.75 5.35
2380.00 0.38 0.25 0.25 0.50 1.13 5.10
2390.00 0.50 0.25 1.00 0.63 1.25 5.05
2400.00 0.63 0.75 1.25 0.38 1.50 5.45
2410.00 0.13 0.63 0.38 0.63 0.63 5.15
2420.00 0.38 0.75 0.50 0.38 0.75 5.10
2430.00 0.38 0.50 0.38 0.50 0.63 5.10
2440.00 0.38 0.75 0.38 1.00 0.38 5.20
2450.00 0.38 0.88 0.50 1.00 1.13 5.30
2460.00 0.13 0.75 0.50 0.63 0.13 5.10
2470.00 0.88 0.88 0.38 0.88 0.25 5.00
2480.00 0.25 1.25 0.50 0.75 0.63 5.30
2490.00 0.50 0.63 0.75 0.38 0.88 5.20
2500.00 1.75 0.38 0.50 0.13 1.13 5.25
2510.00 1.88 0.38 0.75 0.38 0.38 5.25
2520.00 1.13 0.88 0.50 0.13 0.13 5.20
2530.00 0.75 0.75 0.50 0.50 0.63 5.25
2540.00 0.75 0.25 0.38 0.75 0.75 5.25
2550.00 0.75 0.63 0.25 0.63 0.75 5.10
2560.00 0.88 0.75 0.50 0.25 1.00 5.25
2570.00 0.75 0.63 0.25 0.38 0.63 5.20
2580.00 0.75 0.50 0.13 0.38 0.13 5.20
2590.00 0.88 0.50 0.88 0.13 0.63 5.10
2600.00 0.63 0.75 0.25 0.88 0.63 5.25
2610.00 0.63 0.63 0.25 0.38 0.88 5.45
2620.00 0.63 0.50 0.50 0.50 0.50 4.95
2630.00 0.75 0.63 0.50 0.25 0.88 5.15
2640.00 1.00 0.38 0.25 1.13 0.63 5.40
2650.00 0.75 0.38 0.13 0.38 0.63 5.10
2660.00 1.88 0.88 0.13 0.25 0.25 5.30
2670.00 1.38 0.50 0.13 0.50 0.13 5.10
2680.00 0.88 0.75 0.13 0.38 0.63 5.15
2690.00 0.38 0.75 0.50 0.63 0.75 5.20
2700.00 0.38 0.75 1.13 1.25 0.75 5.50
2710.00 0.38 0.63 0.75 1.13 0.38 5.25
2720.00 0.25 0.63 1.00 0.75 0.50 5.00
2730.00 0.75 0.13 0.88 0.38 0.50 5.10
2740.00 0.75 0.38 1.00 0.63 0.88 5.25
2750.00 0.75 0.38 0.25 0.88 0.75 5.25
2760.00 1.63 0.13 0.88 0.75 0.50 5.65
2770.00 0.75 0.63 0.38 0.50 0.50 4.65
2780.00 1.63 0.63 0.50 0.25 1.13 5.35
2790.00 0.63 0.00 0.63 0.25 1.38 5.10
2800.00 0.75 0.63 1.13 0.25 0.50 5.25
2810.00 0.13 0.25 1.00 0.38 0.38 4.90
2820.00 0.75 0.88 1.00 0.75 0.38 5.45
2830.00 0.63 0.00 1.13 1.13 0.63 5.20
2840.00 0.38 0.50 1.50 0.50 0.13 5.15
2850.00 0.38 0.50 1.13 0.63 0.38 5.20
2860.00 0.50 0.25 0.88 0.13 0.75 4.85
2870.00 0.25 0.63 1.25 0.50 0.50 5.55
2880.00 1.00 0.50 0.88 0.63 0.88 5.45
2890.00 0.50 0.13 0.25 0.63 1.63 5.20
2900.00 0.75 0.63 0.38 1.00 0.75 5.40
2910.00 0.50 0.63 0.25 0.25 0.88 4.60
2920.00 0.50 0.13 0.13 0.25 1.25 5.10
2930.00 0.88 0.13 0.25 1.13 1.75 5.55
2940.00 0.50 0.50 0.75 0.75 1.63 5.15
2950.00 1.38 0.50 1.00 0.75 0.75 5.55
2960.00 0.50 1.00 0.25 0.13 0.88 4.85
2970.00 0.50 0.50 1.25 0.50 0.25 5.20
2980.00 0.63 0.88 0.25 0.50 0.75 5.35
2990.00 0.25 0.75 0.38 0.63 1.13 4.85
3000.00 0.75 0.75 0.25 0.38 1.25 5.50
3010.00 0.25 0.88 0.13 0.00 1.13 5.25
3020.00 0.50 0.63 0.38 0.25 1.13 5.15
3030.00 0.13 0.63 0.75 0.25 1.25 5.10
3040.00 1.50 0.50 0.88 0.75 0.88 5.45
3050.00 1.00 0.75 0.38 0.50 0.63 5.00
3060.00 0.88 0.88 0.63 0.63 1.00 5.55
3070.00 1.00 0.13 0.88 0.63 0.38 4.95
3080.00 0.25 0.75 0.88 1.25 0.75 5.20
3090.00 0.25 0.50 1.25 0.75 0.25 5.25
3100.00 1.50 0.38 0.63 0.88 0.63 5.50
3110.00 0.75 0.25 0.63 0.75 0.63 5.05
3120.00 0.25 0.75 0.50 0.88 0.13 5.45
3130.00 0.13 0.88 0.38 0.88 0.25 4.95
3140.00 1.00 0.75 1.25 0.63 0.38 5.50
3150.00 1.00 0.75 1.00 0.13 0.63 5.20
3160.00 1.25 0.38 0.50 0.38 0.88 5.40
3170.00 1.00 0.38 0.75 1.00 0.25 5.05
3180.00 0.88 0.00 0.88 0.63 0.50 4.95
3190.00 0.13 0.38 0.63 0.88 1.13 5.20
3200.00 0.50 0.50 1.75 0.50 0.50 5.60
3210.00 0.13 0.88 0.75 0.75 0.13 5.10
3220.00 0.50 1.50 0.38 0.38 0.38 5.20
3230.00 0.25 1.13 0.25 0.38 0.38 5.15
3240.00 0.50 0.88 1.25 0.50 0.75 5.25
3250.00 0.88 1.38 1.00 0.38 0.25 5.45
3260.00 0.38 1.00 1.13 0.13 0.13 5.05
3270.00 0.75 0.75 0.38 0.75 0.50 5.10
3280.00 0.75 0.50 0.63 0.50 0.63 4.90
3290.00 0.88 0.25 0.25 1.00 0.38 5.40
3300.00 0.50 0.50 0.63 0.75 0.38 5.05
3310.00 0.75 0.38 0.38 1.13 0.88 5.35
3320.00 0.63 0.25 0.63 0.63 1.50 5.25
3330.00 0.63 0.13 0.13 1.25 0.63 5.20
3340.00 0.38 0.63 0.88 0.13 0.63 5.05
3350.00 1.00 0.38 0.63 1.13 0.63 5.05
3360.00 1.13 0.50 0.38 1.00 0.63 5.60
3370.00 0.88 0.75 0.50 0.75 1.13 5.20
3380.00 0.38 0.13 0.13 0.50 1.13 4.85
3390.00 0.88 0.75 0.75 0.75 1.63 5.20
3400.00 0.25 0.25 0.50 1.00 1.00 5.45
3410.00 0.38 0.38 0.63 0.25 0.88 4.90
3420.00 0.38 0.00 0.13 0.25 0.88 5.10
3430.00 0.63 0.75 0.63 0.88 0.63 5.35
3440.00 0.50 0.13 1.13 1.00 0.00 5.50
3450.00 0.50 0.63 0.50 0.50 0.38 4.85
3460.00 0.75 0.38 0.63 0.88 0.13 5.10
3470.00 1.13 1.63 0.50 0.50 0.38 5.25
3480.00 0.50 1.13 0.38 0.88 0.88 5.60
3490.00 0.13 0.88 0.50 0.38 0.13 4.65
3500.00 0.25 0.63 0.38 0.50 1.00 5.35
3510.00 0.50 1.00 0.38 0.25 0.50 5.05
3520.00 0.50 0.63 0.63 0.38 1.38 5.05
3530.00 0.50 0.88 0.25 1.25 1.50 5.50
3540.00 0.63 0.38 0.88 0.75 0.38 5.25
3550.00 0.13 0.63 0.63 0.75 0.63 4.85
3560.00 0.38 0.13 0.38 1.00 0.50 5.50
3570.00 0.25 0.88 0.38 0.50 0.50 4.90
3580.00 1.00 0.50 0.75 0.50 0.75 5.45
3590.00 0.75 0.63 0.13 0.63 1.13 5.05
3600.00 1.00 0.25 0.50 0.50 0.75 5.05
3610.00 0.75 0.50 0.75 0.63 1.00 5.45
3620.00 0.38 1.00 0.75 1.13 1.25 5.20
3630.00 0.75 0.88 0.25 0.63 1.00 5.55
3640.00 0.50 0.88 0.88 1.00 1.00 5.15
3650.00 0.25 1.00 0.75 1.63 1.00 5.20
3660.00 0.25 0.75 0.38 1.13 0.38 5.15
3670.00 0.00 0.63 0.13 1.38 0.75 5.05
3680.00 0.63 0.25 0.50 1.88 0.38 5.45
3690.00 0.50 0.50 0.00 0.63 0.13 5.15
3700.00 0.63 0.13 0.25 2.38 0.63 5.15
3710.00 0.50 0.50 0.13 1.00 0.25 5.20
3720.00 0.88 0.25 0.38 1.63 0.38 5.00
3730.00 0.88 0.38 0.25 2.13 1.00 5.70
3740.00 0.25 0.25 0.63 1.25 1.25 5.10
3750.00 0.38 0.88 0.63 0.75 1.13 5.35
3760.00 0.25 1.25 0.50 1.00 1.00 5.25
3770.00 0.63 0.50 0.25 0.38 1.13 5.25
3780.00 0.38 0.63 0.38 1.38 0.63 5.20
3790.00 0.25 0.63 0.75 0.50 0.38 5.25
3800.00 1.13 0.75 0.88 0.25 0.38 5.25
3810.00 0.13 0.50 1.63 0.50 0.13 4.95
3820.00 0.38 0.25 0.88 1.38 0.25 5.20
3830.00 0.25 0.63 0.88 1.00 0.50 4.85
3840.00 0.50 0.50 0.50 1.50 0.38 5.65
3850.00 0.50 0.50 0.38 0.63 0.75 5.30
3860.00 1.00 0.38 0.38 0.50 0.50 5.10
3870.00 0.63 0.25 0.38 1.00 0.75 5.00
3880.00 1.63 0.63 0.25 0.25 1.38 5.50
3890.00 1.13 0.25 0.50 0.25 1.75 5.15
3900.00 0.50 0.13 0.38 0.50 1.00 5.10
3910.00 1.13 0.88 0.50 0.00 1.13 5.05
3920.00 0.25 1.13 0.50 0.63 0.88 5.45
3930.00 0.75 0.75 0.50 0.25 0.13 5.15
3940.00 0.38 1.25 0.63 0.63 1.25 5.35
3950.00 0.50 0.88 0.25 0.88 0.25 5.10
3960.00 0.75 0.50 0.38 0.75 0.75 5.10
3970.00 0.13 0.75 0.25 0.75 0.50 4.95
3980.00 0.63 1.13 0.63 0.25 0.00 5.15
3990.00 0.50 1.50 0.63 0.75 0.63 5.65
4000.00 0.00 1.00 0.63 0.13 0.25 4.95
