10.00 9.75 0.00 0.00 0.00 0.00 6.20
20.00 34.13 0.00 0.00 0.00 0.00 13.55
30.00 18.38 0.00 0.00 0.00 0.00 8.85
40.00 7.50 0.00 0.00 0.00 0.00 5.60
50.00 5.38 0.00 0.00 0.00 0.00 5.55
60.00 5.63 0.00 0.00 0.00 0.00 5.60
70.00 6.50 0.00 0.00 0.00 0.00 5.70
80.00 8.00 0.00 0.00 0.13 0.00 6.20
90.00 5.25 0.00 0.13 0.00 0.00 5.10
100.00 20.00 0.00 0.00 0.00 0.00 9.50
110.00 10.50 0.00 0.00 0.00 0.00 6.80
120.00 16.00 0.00 0.00 0.00 0.00 8.25
130.00 16.63 0.00 0.00 0.00 0.00 8.60
140.00 5.88 0.00 0.00 0.00 0.00 5.10
150.00 11.38 0.00 0.00 0.00 0.00 7.20
160.00 4.13 0.00 0.00 0.00 0.00 5.25
170.00 7.75 0.00 0.00 0.00 0.13 6.05
180.00 3.63 0.00 0.25 0.00 0.13 5.20
190.00 7.88 0.25 0.13 0.00 0.25 6.00
200.00 28.88 0.00 0.00 0.13 0.00 10.90
210.00 15.25 0.00 0.00 0.00 0.00 8.95
220.00 8.75 0.00 0.00 0.00 0.00 6.30
230.00 8.75 0.00 0.00 0.00 0.00 6.20
240.00 7.38 0.00 0.00 0.00 0.00 6.00
250.00 8.88 0.00 0.00 0.00 0.00 6.40
260.00 8.88 0.00 0.00 0.00 0.00 6.35
270.00 12.00 0.00 0.00 0.00 0.00 7.15
280.00 9.25 0.00 0.00 0.00 0.00 6.50
290.00 15.75 0.00 0.00 0.00 0.00 8.40
300.00 8.63 0.00 0.00 0.00 0.00 6.10
310.00 10.88 0.00 0.00 0.00 0.00 7.15
320.00 8.38 0.00 0.00 0.00 0.00 5.95
330.00 8.25 0.00 0.00 0.00 0.00 6.15
340.00 14.13 0.00 0.00 0.00 0.00 7.65
350.00 12.50 0.00 0.00 0.00 0.00 7.70
360.00 11.88 0.00 0.00 0.00 0.00 7.00
370.00 16.50 0.00 0.00 0.00 0.00 8.45
380.00 10.00 0.00 0.00 0.00 0.00 6.10
390.00 13.13 0.00 0.00 0.00 0.00 7.80
400.00 6.88 0.00 0.00 0.00 0.00 5.60
410.00 7.88 0.00 0.00 0.00 0.00 6.20
420.00 6.75 0.00 0.00 0.00 0.00 5.85
430.00 8.38 0.00 0.13 0.00 0.13 6.10
440.00 16.00 0.00 0.00 0.00 0.00 7.85
450.00 18.38 0.00 0.00 0.00 0.00 9.35
460.00 10.63 0.00 0.00 0.00 0.00 6.85
470.00 9.38 0.00 0.00 0.00 0.00 6.50
480.00 13.38 0.00 0.00 0.00 0.00 7.50
490.00 5.50 0.00 0.00 0.00 0.00 5.30
500.00 8.88 0.00 0.00 0.00 0.00 6.15
510.00 7.63 0.00 0.00 0.00 0.00 6.35
520.00 6.00 0.00 0.00 0.13 0.00 5.45
530.00 3.63 0.00 0.00 0.25 0.00 5.25
540.00 15.50 0.13 0.00 0.00 0.13 8.05
550.00 24.38 0.00 0.00 0.00 0.00 10.65
560.00 11.38 0.00 0.00 0.00 0.00 7.00
570.00 17.38 0.00 0.00 0.00 0.00 8.70
580.00 4.63 0.00 0.00 0.00 0.00 5.20
590.00 11.38 0.00 0.00 0.00 0.00 6.80
600.00 6.63 0.13 0.00 0.00 0.00 5.70
610.00 7.50 0.00 0.00 0.00 0.00 5.95
620.00 7.25 0.00 0.00 0.00 0.00 6.05
630.00 8.13 0.13 0.00 0.13 0.13 6.15
640.00 7.00 0.00 0.00 0.00 0.00 5.65
650.00 19.13 0.00 0.00 0.00 0.00 8.95
660.00 16.50 0.00 0.00 0.00 0.00 8.80
670.00 20.38 0.00 0.00 0.00 0.00 9.35
680.00 11.38 0.00 0.00 0.00 0.00 6.90
690.00 6.75 0.00 0.00 0.00 0.00 6.00
700.00 6.75 0.00 0.00 0.00 0.00 5.85
710.00 5.75 0.00 0.13 0.13 0.00 5.30
720.00 8.88 0.00 0.00 0.00 0.00 6.35
730.00 7.63 0.00 0.00 0.00 0.00 6.05
740.00 5.13 0.00 0.00 0.13 0.00 5.35
750.00 11.50 0.00 0.00 0.00 0.00 6.90
760.00 14.63 0.00 0.00 0.00 0.00 8.15
770.00 19.50 0.00 0.00 0.00 0.00 9.20
780.00 10.25 0.00 0.00 0.00 0.00 6.55
790.00 16.75 0.00 0.00 0.00 0.00 8.50
800.00 8.00 0.00 0.00 0.00 0.00 6.20
810.00 7.50 0.13 0.00 0.00 0.00 5.55
820.00 9.38 0.00 0.00 0.00 0.00 6.65
830.00 11.75 0.00 0.00 0.00 0.00 6.90
840.00 12.88 0.00 0.00 0.00 0.00 7.50
850.00 11.13 0.00 0.00 0.00 0.00 7.05
860.00 8.50 0.00 0.00 0.00 0.00 6.35
870.00 15.88 0.00 0.00 0.00 0.00 8.10
880.00 10.63 0.00 0.00 0.00 0.00 6.35
890.00 13.25 0.00 0.00 0.00 0.00 7.75
900.00 6.88 0.00 0.00 0.00 0.00 5.80
910.00 15.38 0.00 0.00 0.00 0.00 8.10
920.00 5.63 0.00 0.00 0.00 0.00 5.15
930.00 9.88 0.00 0.00 0.00 0.00 6.95
940.00 11.50 0.00 0.00 0.00 0.00 6.80
950.00 13.38 0.00 0.00 0.00 0.00 7.65
960.00 5.75 0.00 0.00 0.00 0.00 5.55
970.00 11.00 0.00 0.00 0.00 0.00 6.75
980.00 15.13 0.00 0.00 0.00 0.00 8.25
990.00 8.50 0.00 0.00 0.00 0.00 6.10
1000.00 14.50 0.00 0.00 0.00 0.00 7.45
1010.00 9.38 0.00 0.00 0.00 0.00 6.35
1020.00 14.25 0.00 0.00 0.00 0.00 8.15
1030.00 8.13 0.00 0.00 0.00 0.00 6.15
1040.00 9.88 0.00 0.00 0.00 0.00 6.70
1050.00 17.38 0.00 0.00 0.00 0.00 8.60
1060.00 10.13 0.00 0.00 0.00 0.00 6.75
1070.00 5.38 0.00 0.00 0.00 0.00 5.25
1080.00 8.88 0.00 0.00 0.00 0.00 6.45
1090.00 9.50 0.13 0.00 0.00 0.00 6.75
1100.00 12.63 0.00 0.00 0.00 0.00 7.05
1110.00 10.00 0.00 0.00 0.00 0.00 6.55
1120.00 19.50 0.00 0.00 0.00 0.00 9.25
1130.00 5.75 0.00 0.00 0.00 0.00 5.90
1140.00 9.63 0.00 0.00 0.00 0.00 6.30
1150.00 14.38 0.00 0.00 0.00 0.00 7.90
1160.00 7.50 0.00 0.00 0.00 0.00 5.45
1170.00 7.25 0.00 0.00 0.00 0.00 6.30
1180.00 11.25 0.00 0.00 0.00 0.00 6.70
1190.00 19.25 0.00 0.00 0.00 0.00 9.90
1200.00 11.13 0.00 0.00 0.00 0.00 6.55
1210.00 5.38 0.00 0.00 0.00 0.00 5.15
1220.00 12.13 0.00 0.00 0.00 0.00 7.10
1230.00 14.00 0.00 0.00 0.00 0.00 7.90
1240.00 6.50 0.00 0.00 0.00 0.00 5.80
1250.00 7.13 0.25 0.00 0.00 0.00 5.75
1260.00 15.50 0.00 0.00 0.00 0.00 8.10
1270.00 19.38 0.00 0.00 0.00 0.00 9.10
1280.00 11.63 0.00 0.00 0.00 0.00 7.05
1290.00 8.75 0.00 0.00 0.00 0.00 6.65
1300.00 13.75 0.00 0.00 0.00 0.00 7.40
1310.00 6.75 0.00 0.00 0.00 0.00 5.90
1320.00 8.00 0.00 0.00 0.00 0.00 6.05
1330.00 9.38 0.00 0.00 0.00 0.00 6.55
1340.00 6.75 0.00 0.00 0.00 0.00 5.70
1350.00 8.00 0.00 0.00 0.00 0.13 6.45
1360.00 15.13 0.00 0.00 0.00 0.00 7.50
1370.00 12.50 0.00 0.00 0.00 0.00 7.60
1380.00 11.88 0.00 0.00 0.00 0.00 7.00
1390.00 10.25 0.00 0.00 0.00 0.00 6.90
1400.00 13.63 0.00 0.00 0.00 0.00 7.30
1410.00 11.75 0.00 0.00 0.00 0.00 7.20
1420.00 7.75 0.00 0.00 0.00 0.00 6.05
1430.00 10.88 0.00 0.00 0.00 0.00 6.60
1440.00 13.38 0.00 0.13 0.00 0.00 7.95
1450.00 10.00 0.00 0.00 0.00 0.00 6.50
1460.00 10.00 0.00 0.00 0.00 0.00 6.60
1470.00 14.50 0.00 0.00 0.00 0.00 7.75
1480.00 10.63 0.00 0.00 0.00 0.00 7.50
1490.00 13.13 0.00 0.00 0.00 0.00 7.20
1500.00 20.13 0.00 0.00 0.00 0.00 9.45
1510.00 12.00 0.00 0.00 0.00 0.00 7.05
1520.00 9.13 0.00 0.00 0.00 0.00 6.30
1530.00 5.00 0.00 0.00 0.00 0.00 5.15
1540.00 10.00 0.00 0.00 0.00 0.00 6.65
1550.00 9.00 0.00 0.00 0.00 0.00 6.35
1560.00 16.25 0.00 0.00 0.00 0.00 8.00
1570.00 9.38 0.00 0.00 0.00 0.00 6.75
1580.00 8.13 0.00 0.00 0.00 0.00 6.10
1590.00 8.38 0.00 0.00 0.00 0.00 6.20
1600.00 14.63 0.00 0.00 0.00 0.00 8.00
1610.00 6.88 0.00 0.00 0.00 0.00 6.05
1620.00 7.00 0.00 0.00 0.00 0.00 5.95
1630.00 11.63 0.00 0.00 0.00 0.00 6.85
1640.00 13.75 0.00 0.00 0.00 0.00 7.80
1650.00 16.13 0.00 0.00 0.00 0.00 8.05
1660.00 8.63 0.00 0.00 0.00 0.00 6.30
1670.00 10.88 0.00 0.00 0.00 0.00 7.00
1680.00 5.63 0.00 0.00 0.00 0.00 5.50
1690.00 8.75 0.00 0.00 0.00 0.13 6.15
1700.00 11.38 0.00 0.00 0.00 0.00 7.25
1710.00 20.50 0.00 0.00 0.00 0.00 9.65
1720.00 19.88 0.00 0.00 0.00 0.00 9.35
1730.00 8.38 0.00 0.00 0.00 0.00 6.20
1740.00 9.00 0.00 0.00 0.00 0.00 6.20
1750.00 2.63 0.00 0.13 0.00 0.00 4.85
1760.00 11.63 0.00 0.00 0.00 0.00 6.90
1770.00 17.63 0.00 0.00 0.00 0.00 8.75
1780.00 5.13 0.00 0.00 0.00 0.00 5.30
1790.00 7.38 0.00 0.00 0.00 0.00 5.65
1800.00 14.25 0.00 0.00 0.00 0.00 7.75
1810.00 13.25 0.00 0.00 0.00 0.00 7.65
1820.00 11.00 0.00 0.00 0.00 0.00 7.20
1830.00 6.88 0.00 0.00 0.00 0.00 5.65
1840.00 13.50 0.00 0.00 0.00 0.00 7.45
1850.00 15.88 0.00 0.00 0.00 0.00 8.20
1860.00 10.63 0.00 0.00 0.00 0.00 7.05
1870.00 11.63 0.00 0.00 0.00 0.00 6.90
1880.00 6.38 0.00 0.00 0.00 0.00 5.90
1890.00 8.75 0.00 0.00 0.00 0.00 5.70
1900.00 13.25 0.00 0.00 0.00 0.00 7.95
1910.00 8.75 0.00 0.00 0.00 0.00 5.95
1920.00 18.50 0.00 0.00 0.00 0.00 9.20
1930.00 6.50 0.00 0.00 0.00 0.00 5.95
1940.00 10.13 0.00 0.00 0.00 0.00 6.55
1950.00 7.00 0.00 0.00 0.00 0.00 5.95
1960.00 10.25 0.00 0.00 0.00 0.00 6.40
1970.00 14.88 0.00 0.00 0.00 0.00 8.55
1980.00 16.88 0.00 0.00 0.00 0.00 8.20
1990.00 6.38 0.00 0.00 0.00 0.00 6.15
2000.00 13.63 0.00 0.00 0.00 0.00 7.10
2010.00 6.25 0.00 0.00 0.00 0.00 5.85
2020.00 14.75 0.00 0.00 0.00 0.00 7.70
2030.00 12.13 0.00 0.00 0.00 0.00 7.35
2040.00 11.13 0.00 0.00 0.00 0.00 7.15
2050.00 9.13 0.00 0.00 0.00 0.00 6.15
2060.00 6.63 0.00 0.00 0.00 0.00 5.65
2070.00 6.88 0.00 0.00 0.00 0.00 6.15
2080.00 27.13 0.00 0.00 0.00 0.00 11.20
2090.00 7.63 0.00 0.00 0.00 0.00 5.80
2100.00 13.25 0.00 0.00 0.00 0.00 7.20
2110.00 12.63 0.00 0.00 0.00 0.00 7.65
2120.00 5.38 0.00 0.00 0.00 0.00 5.30
2130.00 4.13 0.25 0.00 0.00 0.00 5.20
2140.00 5.38 0.13 0.00 0.00 0.25 5.25
2150.00 15.50 0.13 0.00 0.00 0.13 8.45
2160.00 17.63 0.00 0.00 0.00 0.00 8.75
2170.00 11.13 0.00 0.00 0.00 0.00 7.10
2180.00 15.63 0.00 0.00 0.00 0.00 8.10
2190.00 4.25 0.00 0.00 0.00 0.00 4.90
2200.00 7.50 0.00 0.00 0.13 0.00 5.70
2210.00 8.88 0.00 0.00 0.00 0.00 6.75
2220.00 6.13 0.00 0.00 0.00 0.00 5.75
2230.00 21.63 0.00 0.00 0.00 0.00 9.25
2240.00 16.13 0.00 0.00 0.00 0.00 8.65
2250.00 11.75 0.00 0.00 0.00 0.00 6.80
2260.00 11.75 0.00 0.00 0.00 0.00 7.20
2270.00 10.25 0.00 0.00 0.00 0.00 6.50
2280.00 6.75 0.00 0.00 0.00 0.00 5.85
2290.00 5.75 0.00 0.00 0.00 0.00 5.55
2300.00 5.63 0.00 0.00 0.00 0.00 5.40
2310.00 10.63 0.00 0.00 0.00 0.00 7.10
2320.00 23.25 0.00 0.00 0.00 0.00 9.85
2330.00 13.38 0.00 0.00 0.00 0.00 7.40
2340.00 11.88 0.00 0.00 0.00 0.00 7.15
2350.00 16.88 0.00 0.00 0.00 0.00 8.40
2360.00 9.13 0.00 0.00 0.00 0.00 6.25
2370.00 5.13 0.00 0.00 0.00 0.00 5.45
2380.00 10.25 0.00 0.00 0.00 0.00 6.20
2390.00 7.13 0.00 0.00 0.00 0.00 6.60
2400.00 14.25 0.00 0.00 0.00 0.00 7.70
2410.00 11.88 0.00 0.00 0.00 0.00 6.95
2420.00 12.13 0.00 0.00 0.00 0.00 7.50
2430.00 8.50 0.00 0.00 0.00 0.00 6.00
2440.00 4.88 0.00 0.13 0.00 0.00 5.55
2450.00 9.50 0.13 0.00 0.13 0.00 6.40
2460.00 29.13 0.00 0.00 0.00 0.00 11.90
2470.00 11.50 0.00 0.00 0.00 0.00 7.10
2480.00 9.63 0.00 0.00 0.00 0.00 6.65
2490.00 4.00 0.00 0.00 0.00 0.00 4.80
2500.00 6.25 0.00 0.00 0.00 0.13 5.80
2510.00 3.75 0.25 0.00 0.13 0.00 4.80
2520.00 4.63 0.13 0.25 0.13 0.13 5.55
2530.00 3.13 0.38 0.25 0.13 0.13 5.30
2540.00 5.88 0.13 0.13 0.00 0.25 6.15
2550.00 19.38 0.00 0.13 0.00 0.13 9.40
2560.00 40.75 0.00 0.00 0.00 0.00 14.60
2570.00 10.75 0.00 0.00 0.00 0.00 7.20
2580.00 8.75 0.00 0.00 0.00 0.00 5.60
2590.00 5.88 0.00 0.00 0.00 0.00 5.65
2600.00 6.00 0.00 0.00 0.00 0.00 5.65
2610.00 8.00 0.00 0.00 0.00 0.00 6.35
2620.00 9.63 0.00 0.00 0.00 0.00 6.40
2630.00 2.63 0.13 0.00 0.13 0.13 4.75
2640.00 7.25 0.13 0.00 0.13 0.13 5.70
2650.00 18.75 0.00 0.00 0.00 0.00 9.10
2660.00 26.13 0.00 0.00 0.00 0.00 11.15
2670.00 11.38 0.00 0.00 0.00 0.00 6.80
2680.00 15.50 0.00 0.00 0.00 0.00 8.45
2690.00 5.25 0.00 0.00 0.00 0.00 5.35
2700.00 6.75 0.00 0.00 0.00 0.00 5.55
2710.00 7.00 0.00 0.00 0.00 0.00 5.80
2720.00 6.63 0.13 0.00 0.00 0.00 5.65
2730.00 11.00 0.13 0.13 0.00 0.00 7.30
2740.00 7.88 0.00 0.13 0.00 0.25 5.85
2750.00 13.75 0.00 0.00 0.00 0.00 7.90
2760.00 21.25 0.00 0.00 0.00 0.00 9.85
2770.00 9.63 0.00 0.00 0.00 0.00 6.55
2780.00 9.00 0.00 0.00 0.00 0.00 6.20
2790.00 14.13 0.00 0.00 0.00 0.00 7.50
2800.00 10.50 0.00 0.00 0.00 0.00 6.70
2810.00 9.38 0.00 0.00 0.00 0.00 6.30
2820.00 9.75 0.00 0.00 0.00 0.00 6.80
2830.00 8.38 0.00 0.00 0.00 0.00 6.30
2840.00 7.88 0.00 0.00 0.13 0.00 6.10
2850.00 15.75 0.00 0.00 0.00 0.00 8.25
2860.00 16.88 0.00 0.00 0.00 0.00 8.50
2870.00 7.63 0.00 0.00 0.00 0.00 5.90
2880.00 9.13 0.00 0.00 0.00 0.00 6.40
2890.00 7.50 0.00 0.00 0.00 0.00 5.90
2900.00 10.75 0.00 0.00 0.00 0.00 6.95
2910.00 21.13 0.00 0.00 0.00 0.00 9.30
2920.00 5.00 0.00 0.00 0.00 0.00 5.60
2930.00 12.50 0.00 0.00 0.00 0.00 7.40
2940.00 5.13 0.00 0.00 0.00 0.00 5.40
2950.00 8.25 0.00 0.00 0.00 0.00 5.80
2960.00 11.25 0.00 0.00 0.00 0.00 7.15
2970.00 11.88 0.00 0.00 0.00 0.00 7.10
2980.00 11.88 0.00 0.00 0.00 0.00 7.40
2990.00 5.50 0.00 0.00 0.00 0.00 5.30
3000.00 7.63 0.00 0.00 0.00 0.00 6.10
3010.00 12.75 0.00 0.13 0.00 0.00 7.50
3020.00 16.38 0.00 0.00 0.00 0.00 8.20
3030.00 6.25 0.00 0.00 0.00 0.00 5.75
3040.00 9.63 0.13 0.13 0.00 0.00 6.10
3050.00 24.38 0.00 0.00 0.00 0.00 10.90
3060.00 14.13 0.00 0.00 0.00 0.00 7.65
3070.00 11.50 0.00 0.00 0.00 0.00 6.90
3080.00 7.88 0.00 0.00 0.00 0.00 6.20
3090.00 10.13 0.00 0.00 0.00 0.00 6.90
3100.00 7.63 0.00 0.00 0.00 0.00 6.00
3110.00 9.50 0.00 0.00 0.00 0.00 6.55
3120.00 8.50 0.00 0.00 0.00 0.00 6.05
3130.00 10.13 0.00 0.00 0.00 0.00 6.50
3140.00 8.88 0.00 0.00 0.00 0.00 6.50
3150.00 10.13 0.00 0.00 0.00 0.00 6.90
3160.00 12.13 0.00 0.00 0.00 0.00 6.85
3170.00 13.50 0.00 0.00 0.00 0.00 7.60
3180.00 11.00 0.00 0.00 0.00 0.00 7.25
3190.00 8.63 0.00 0.00 0.00 0.00 6.00
3200.00 14.25 0.00 0.00 0.00 0.00 8.20
3210.00 10.00 0.00 0.00 0.00 0.00 6.35
3220.00 16.25 0.00 0.00 0.00 0.00 8.45
3230.00 12.38 0.00 0.00 0.00 0.00 7.25
3240.00 8.63 0.00 0.00 0.00 0.00 6.30
3250.00 14.00 0.00 0.00 0.00 0.00 7.40
3260.00 6.63 0.00 0.00 0.00 0.00 6.10
3270.00 8.63 0.00 0.00 0.00 0.00 6.10
3280.00 6.38 0.00 0.00 0.13 0.00 5.85
3290.00 10.88 0.00 0.00 0.00 0.00 6.85
3300.00 13.25 0.00 0.00 0.00 0.00 7.50
3310.00 9.25 0.00 0.00 0.00 0.00 6.35
3320.00 17.88 0.00 0.00 0.00 0.00 8.65
3330.00 13.25 0.00 0.00 0.00 0.00 7.70
3340.00 17.00 0.00 0.00 0.00 0.00 8.30
3350.00 7.13 0.00 0.00 0.00 0.00 5.95
3360.00 8.63 0.00 0.00 0.00 0.00 6.35
3370.00 3.88 0.00 0.00 0.00 0.00 5.10
3380.00 10.75 0.00 0.13 0.00 0.00 6.65
3390.00 10.50 0.00 0.00 0.00 0.00 6.95
3400.00 13.88 0.00 0.00 0.00 0.00 7.40
3410.00 29.13 0.00 0.00 0.00 0.00 12.20
3420.00 6.13 0.00 0.00 0.00 0.00 5.45
3430.00 8.00 0.00 0.00 0.00 0.00 6.10
3440.00 4.50 0.00 0.00 0.00 0.00 5.25
3450.00 5.50 0.00 0.00 0.00 0.00 5.60
3460.00 10.88 0.00 0.00 0.00 0.00 6.25
3470.00 6.88 0.00 0.00 0.13 0.00 6.50
3480.00 12.25 0.00 0.00 0.13 0.00 6.95
3490.00 17.75 0.00 0.00 0.00 0.00 9.00
3500.00 10.75 0.00 0.00 0.00 0.00 7.05
3510.00 9.75 0.00 0.00 0.00 0.00 6.05
3520.00 5.25 0.00 0.00 0.00 0.00 5.80
3530.00 11.25 0.00 0.00 0.00 0.00 6.75
3540.00 12.50 0.13 0.00 0.00 0.00 7.10
3550.00 17.13 0.00 0.00 0.00 0.00 8.75
3560.00 19.38 0.00 0.00 0.00 0.00 9.10
3570.00 11.88 0.00 0.00 0.00 0.00 7.40
3580.00 9.50 0.00 0.00 0.00 0.00 6.45
3590.00 7.13 0.00 0.00 0.00 0.00 5.70
3600.00 5.25 0.00 0.00 0.00 0.00 5.15
3610.00 8.75 0.00 0.13 0.00 0.00 6.45
3620.00 5.38 0.00 0.00 0.13 0.13 5.35
3630.00 17.75 0.00 0.00 0.00 0.00 8.75
3640.00 14.13 0.00 0.00 0.00 0.00 7.45
3650.00 14.75 0.00 0.00 0.00 0.00 8.30
3660.00 13.75 0.00 0.00 0.00 0.00 7.65
3670.00 6.00 0.00 0.00 0.00 0.00 5.35
3680.00 13.50 0.00 0.00 0.00 0.00 7.35
3690.00 8.63 0.00 0.00 0.00 0.00 6.50
3700.00 11.38 0.00 0.00 0.00 0.00 7.15
3710.00 6.75 0.00 0.00 0.00 0.00 5.65
3720.00 7.50 0.00 0.00 0.00 0.00 6.30
3730.00 7.88 0.00 0.00 0.00 0.00 6.00
3740.00 13.63 0.00 0.00 0.00 0.00 7.05
3750.00 13.63 0.00 0.00 0.00 0.00 8.25
3760.00 8.13 0.00 0.00 0.00 0.00 6.00
3770.00 13.38 0.00 0.00 0.00 0.00 7.00
3780.00 17.13 0.00 0.00 0.00 0.00 9.20
3790.00 10.63 0.00 0.00 0.00 0.00 6.70
3800.00 6.50 0.00 0.00 0.00 0.00 5.60
3810.00 7.63 0.00 0.00 0.13 0.00 5.95
3820.00 8.38 0.00 0.00 0.00 0.00 6.55
3830.00 13.75 0.00 0.00 0.00 0.00 7.50
3840.00 21.00 0.00 0.00 0.00 0.00 9.60
3850.00 6.88 0.00 0.00 0.00 0.00 5.80
3860.00 11.25 0.00 0.00 0.00 0.00 6.45
3870.00 14.13 0.00 0.00 0.00 0.00 8.20
3880.00 12.13 0.00 0.00 0.00 0.00 6.75
3890.00 7.25 0.00 0.00 0.00 0.00 6.00
3900.00 9.13 0.00 0.00 0.00 0.00 6.35
3910.00 11.00 0.00 0.00 0.00 0.00 7.00
3920.00 9.88 0.00 0.00 0.00 0.00 6.70
3930.00 14.38 0.00 0.00 0.00 0.00 7.85
3940.00 4.63 0.00 0.00 0.00 0.00 5.10
3950.00 12.00 0.00 0.00 0.00 0.00 6.90
3960.00 15.75 0.00 0.00 0.00 0.00 8.10
3970.00 11.38 0.00 0.00 0.00 0.00 6.85
3980.00 11.00 0.00 0.00 0.00 0.00 7.50
3990.00 11.50 0.00 0.00 0.00 0.00 6.70
4000.00 8.00 0.00 0.00 0.00 0.00 6.00
