10.00 0.00 0.00 0.00 0.00 5.50 5.20
20.00 0.00 0.00 0.00 0.00 6.63 5.85
30.00 0.00 0.00 0.00 0.00 5.63 5.30
40.00 0.00 0.00 0.25 0.00 7.25 5.95
50.00 0.00 0.00 0.00 0.00 15.38 7.95
60.00 0.00 0.00 0.00 0.00 51.38 18.00
70.00 0.00 0.00 0.00 0.00 10.13 6.60
80.00 0.00 0.00 0.00 0.00 7.63 5.95
90.00 0.00 0.00 0.00 0.00 3.88 4.85
100.00 0.00 0.00 0.00 0.00 10.75 6.50
110.00 0.00 0.00 0.00 0.00 17.88 9.00
120.00 0.00 0.00 0.00 0.00 29.00 11.80
130.00 0.00 0.00 0.00 0.00 19.00 9.30
140.00 0.00 0.00 0.00 0.00 7.38 5.95
150.00 0.00 0.00 0.00 0.00 13.63 7.45
160.00 0.00 0.00 0.00 0.00 16.13 7.80
170.00 0.00 0.00 0.00 0.00 22.50 10.35
180.00 0.00 0.00 0.00 0.00 19.63 9.10
190.00 0.00 0.00 0.00 0.00 14.25 7.55
200.00 0.00 0.00 0.00 0.00 8.00 6.55
210.00 0.00 0.00 0.00 0.00 8.00 6.35
220.00 0.00 0.00 0.00 0.00 13.75 7.75
230.00 0.00 0.00 0.00 0.00 27.13 10.95
240.00 0.00 0.00 0.00 0.00 30.75 12.55
250.00 0.00 0.00 0.00 0.00 7.00 5.30
260.00 0.00 0.00 0.00 0.00 14.75 7.95
270.00 0.00 0.00 0.00 0.00 11.50 7.00
280.00 0.00 0.00 0.00 0.00 12.50 7.35
290.00 0.00 0.00 0.00 0.00 12.88 7.15
300.00 0.00 0.00 0.00 0.00 25.63 10.85
310.00 0.00 0.00 0.00 0.00 9.38 6.60
320.00 0.00 0.00 0.00 0.00 10.13 6.45
330.00 0.00 0.00 0.00 0.00 17.88 8.95
340.00 0.00 0.00 0.00 0.00 19.50 9.00
350.00 0.00 0.00 0.00 0.00 13.63 7.75
360.00 0.00 0.00 0.00 0.00 12.13 7.65
370.00 0.00 0.00 0.00 0.00 16.38 8.15
380.00 0.00 0.00 0.00 0.00 21.63 9.70
390.00 0.00 0.00 0.00 0.00 7.75 6.20
400.00 0.00 0.00 0.00 0.00 14.25 7.65
410.00 0.00 0.00 0.00 0.00 35.38 13.10
420.00 0.00 0.00 0.00 0.00 11.38 7.35
430.00 0.00 0.00 0.00 0.00 5.38 5.50
440.00 0.00 0.00 0.00 0.00 18.50 8.70
450.00 0.00 0.00 0.00 0.00 19.38 9.45
460.00 0.00 0.00 0.00 0.00 6.63 5.40
470.00 0.00 0.00 0.00 0.00 32.38 12.95
480.00 0.00 0.00 0.00 0.00 9.38 6.35
490.00 0.00 0.00 0.00 0.00 10.00 6.70
500.00 0.00 0.00 0.00 0.00 15.00 7.90
510.00 0.00 0.00 0.00 0.00 11.88 7.00
520.00 0.00 0.00 0.00 0.00 12.25 7.00
530.00 0.00 0.00 0.00 0.00 42.38 15.90
540.00 0.00 0.00 0.00 0.00 8.88 6.10
550.00 0.00 0.00 0.00 0.00 9.13 6.30
560.00 0.00 0.00 0.00 0.00 8.13 6.25
570.00 0.00 0.00 0.00 0.00 9.63 6.65
580.00 0.00 0.00 0.00 0.00 16.00 8.30
590.00 0.00 0.00 0.00 0.00 29.63 11.95
600.00 0.00 0.00 0.00 0.00 32.00 12.60
610.00 0.00 0.00 0.00 0.00 5.88 5.15
620.00 0.00 0.00 0.00 0.00 6.75 5.75
630.00 0.00 0.00 0.00 0.00 8.63 6.35
640.00 0.00 0.00 0.00 0.00 6.75 5.65
650.00 0.00 0.13 0.00 0.00 17.00 8.40
660.00 0.00 0.00 0.00 0.00 37.50 14.45
670.00 0.00 0.00 0.00 0.00 14.63 7.95
680.00 0.00 0.00 0.00 0.00 11.00 6.70
690.00 0.00 0.00 0.00 0.00 8.38 6.30
700.00 0.00 0.00 0.00 0.00 16.00 8.10
710.00 0.00 0.00 0.00 0.00 15.25 8.10
720.00 0.00 0.00 0.00 0.00 35.00 12.95
730.00 0.00 0.00 0.00 0.00 7.00 6.35
740.00 0.00 0.00 0.00 0.00 8.13 5.65
750.00 0.00 0.00 0.00 0.00 17.75 9.15
760.00 0.00 0.00 0.00 0.00 21.50 9.60
770.00 0.00 0.00 0.00 0.00 12.00 7.30
780.00 0.00 0.00 0.00 0.00 8.50 6.05
790.00 0.00 0.00 0.00 0.00 7.75 6.05
800.00 0.00 0.00 0.00 0.00 30.00 11.75
810.00 0.00 0.00 0.00 0.00 27.50 11.55
820.00 0.00 0.00 0.00 0.00 8.88 5.85
830.00 0.00 0.00 0.00 0.00 12.63 7.60
840.00 0.00 0.00 0.00 0.00 8.75 6.50
850.00 0.00 0.00 0.00 0.00 13.00 7.00
860.00 0.00 0.00 0.00 0.00 26.88 11.00
870.00 0.00 0.00 0.00 0.00 23.50 10.45
880.00 0.00 0.00 0.00 0.00 8.25 6.05
890.00 0.00 0.00 0.00 0.00 10.38 6.65
900.00 0.00 0.00 0.00 0.00 13.88 7.75
910.00 0.00 0.00 0.00 0.00 21.13 9.85
920.00 0.00 0.00 0.00 0.00 16.50 7.85
930.00 0.00 0.00 0.00 0.00 18.75 9.50
940.00 0.00 0.00 0.00 0.00 7.63 5.95
950.00 0.00 0.00 0.00 0.00 12.00 7.30
960.00 0.00 0.00 0.00 0.00 17.25 8.45
970.00 0.00 0.00 0.00 0.00 19.63 8.80
980.00 0.00 0.00 0.00 0.00 34.75 13.80
990.00 0.00 0.00 0.00 0.00 9.63 6.30
1000.00 0.00 0.00 0.00 0.00 9.38 6.00
1010.00 0.00 0.00 0.00 0.00 9.88 7.10
1020.00 0.00 0.00 0.00 0.00 12.75 7.15
1030.00 0.00 0.00 0.00 0.00 15.75 8.50
1040.00 0.00 0.00 0.00 0.00 22.13 9.05
1050.00 0.00 0.00 0.00 0.00 22.88 11.05
1060.00 0.00 0.00 0.00 0.00 20.38 9.55
1070.00 0.00 0.00 0.00 0.00 6.63 5.50
1080.00 0.00 0.00 0.00 0.00 8.13 5.70
1090.00 0.00 0.00 0.00 0.00 12.13 7.50
1100.00 0.00 0.00 0.00 0.00 20.63 9.35
1110.00 0.00 0.00 0.00 0.00 34.75 13.45
1120.00 0.00 0.00 0.00 0.00 9.50 6.60
1130.00 0.00 0.00 0.00 0.00 9.50 6.40
1140.00 0.00 0.00 0.00 0.00 10.63 6.85
1150.00 0.00 0.00 0.00 0.00 16.00 7.75
1160.00 0.00 0.00 0.00 0.00 10.25 7.10
1170.00 0.00 0.00 0.00 0.00 26.88 11.10
1180.00 0.00 0.00 0.00 0.00 8.88 6.35
1190.00 0.00 0.00 0.00 0.00 7.75 6.25
1200.00 0.00 0.00 0.00 0.00 23.50 10.15
1210.00 0.00 0.00 0.00 0.00 19.50 9.05
1220.00 0.00 0.00 0.00 0.00 21.38 9.65
1230.00 0.00 0.00 0.00 0.00 10.38 6.80
1240.00 0.00 0.00 0.00 0.00 7.88 6.05
1250.00 0.00 0.00 0.00 0.00 10.88 6.95
1260.00 0.00 0.00 0.00 0.00 27.63 11.55
1270.00 0.00 0.00 0.00 0.00 19.00 9.25
1280.00 0.00 0.00 0.00 0.00 22.50 9.80
1290.00 0.00 0.00 0.00 0.00 9.13 6.15
1300.00 0.00 0.00 0.00 0.00 6.13 5.80
1310.00 0.00 0.00 0.00 0.00 19.00 8.55
1320.00 0.00 0.00 0.00 0.00 29.50 12.35
1330.00 0.00 0.00 0.00 0.00 7.13 5.85
1340.00 0.00 0.00 0.00 0.00 9.13 6.10
1350.00 0.00 0.00 0.00 0.00 11.13 6.90
1360.00 0.00 0.00 0.00 0.00 41.88 14.85
1370.00 0.00 0.00 0.00 0.00 9.38 6.95
1380.00 0.00 0.00 0.00 0.00 10.88 6.65
1390.00 0.00 0.00 0.00 0.00 8.25 6.15
1400.00 0.00 0.00 0.00 0.00 10.25 6.65
1410.00 0.00 0.00 0.00 0.00 13.13 7.60
1420.00 0.00 0.00 0.00 0.00 36.38 14.00
1430.00 0.00 0.00 0.00 0.00 19.88 9.00
1440.00 0.00 0.00 0.00 0.00 6.00 5.50
1450.00 0.00 0.00 0.00 0.00 11.25 6.60
1460.00 0.00 0.00 0.00 0.00 8.50 6.45
1470.00 0.00 0.00 0.00 0.00 17.38 8.40
1480.00 0.00 0.00 0.00 0.00 14.00 8.10
1490.00 0.00 0.00 0.00 0.00 16.25 7.90
1500.00 0.00 0.00 0.00 0.00 19.88 9.45
1510.00 0.00 0.00 0.00 0.00 24.25 10.50
1520.00 0.00 0.00 0.00 0.00 13.00 7.35
1530.00 0.00 0.00 0.00 0.00 8.00 6.20
1540.00 0.00 0.00 0.00 0.00 19.38 8.90
1550.00 0.00 0.00 0.00 0.00 11.38 7.25
1560.00 0.00 0.00 0.00 0.00 9.13 6.30
1570.00 0.00 0.00 0.00 0.00 38.38 14.20
1580.00 0.00 0.00 0.00 0.00 7.88 6.25
1590.00 0.00 0.00 0.00 0.00 4.63 5.15
1600.00 0.00 0.00 0.00 0.00 9.13 6.40
1610.00 0.00 0.00 0.00 0.00 5.88 5.50
1620.00 0.00 0.00 0.00 0.00 34.38 12.15
1630.00 0.00 0.00 0.00 0.00 48.38 17.85
1640.00 0.00 0.00 0.00 0.00 7.25 5.95
1650.00 0.00 0.00 0.00 0.00 5.13 5.00
1660.00 0.00 0.00 0.00 0.00 5.38 5.70
1670.00 0.13 0.00 0.00 0.13 5.13 5.30
1680.00 0.00 0.00 0.00 0.00 16.38 8.05
1690.00 0.00 0.00 0.00 0.00 12.13 7.00
1700.00 0.00 0.00 0.00 0.00 43.38 16.40
1710.00 0.00 0.00 0.00 0.00 10.00 6.30
1720.00 0.00 0.00 0.00 0.00 11.00 6.90
1730.00 0.00 0.00 0.00 0.00 7.38 5.90
1740.00 0.00 0.00 0.00 0.00 10.75 7.10
1750.00 0.00 0.00 0.00 0.00 18.38 8.80
1760.00 0.00 0.00 0.00 0.00 33.88 13.30
1770.00 0.00 0.00 0.00 0.00 7.38 5.50
1780.00 0.00 0.00 0.00 0.00 12.13 7.35
1790.00 0.00 0.00 0.00 0.00 19.38 9.30
1800.00 0.00 0.00 0.00 0.00 27.13 11.00
1810.00 0.00 0.00 0.00 0.00 6.50 5.75
1820.00 0.00 0.00 0.00 0.00 9.13 6.35
1830.00 0.00 0.00 0.00 0.00 9.88 6.65
1840.00 0.00 0.00 0.00 0.00 19.13 8.80
1850.00 0.00 0.00 0.00 0.00 19.63 9.35
1860.00 0.00 0.00 0.00 0.00 24.75 10.60
1870.00 0.00 0.00 0.00 0.00 10.50 7.05
1880.00 0.00 0.00 0.00 0.00 8.00 6.00
1890.00 0.00 0.00 0.00 0.00 8.75 5.65
1900.00 0.00 0.00 0.00 0.00 33.00 13.20
1910.00 0.00 0.00 0.00 0.00 19.50 9.25
1920.00 0.00 0.00 0.00 0.00 9.38 6.35
1930.00 0.00 0.00 0.00 0.00 6.75 5.45
1940.00 0.00 0.00 0.00 0.00 14.75 8.15
1950.00 0.00 0.00 0.00 0.00 15.13 7.75
1960.00 0.00 0.00 0.00 0.00 19.88 9.30
1970.00 0.00 0.00 0.00 0.00 22.63 9.60
1980.00 0.00 0.00 0.00 0.00 7.25 6.60
1990.00 0.00 0.00 0.00 0.00 17.50 9.00
2000.00 0.00 0.00 0.00 0.00 7.38 5.50
2010.00 0.00 0.00 0.13 0.00 34.38 13.25
2020.00 0.00 0.00 0.00 0.00 8.63 5.85
2030.00 0.00 0.00 0.00 0.00 10.75 7.05
2040.00 0.00 0.00 0.00 0.00 10.75 7.10
2050.00 0.00 0.00 0.00 0.00 29.00 12.15
2060.00 0.00 0.00 0.00 0.00 8.38 6.05
2070.00 0.00 0.00 0.00 0.00 10.63 6.30
2080.00 0.00 0.00 0.00 0.00 25.75 11.15
2090.00 0.00 0.00 0.00 0.00 17.38 8.80
2100.00 0.00 0.00 0.00 0.00 14.88 7.75
2110.00 0.00 0.00 0.00 0.00 7.13 5.95
2120.00 0.00 0.00 0.00 0.00 8.75 6.50
2130.00 0.00 0.00 0.00 0.00 10.63 6.50
2140.00 0.00 0.00 0.00 0.00 28.75 11.55
2150.00 0.00 0.00 0.00 0.00 35.25 13.75
2160.00 0.00 0.00 0.00 0.00 15.50 8.05
2170.00 0.00 0.00 0.00 0.00 6.75 5.40
2180.00 0.00 0.00 0.00 0.00 9.38 6.80
2190.00 0.00 0.00 0.00 0.00 5.25 5.20
2200.00 0.00 0.00 0.00 0.00 19.75 9.25
2210.00 0.00 0.00 0.00 0.00 28.13 11.25
2220.00 0.00 0.00 0.00 0.00 16.00 8.35
2230.00 0.00 0.00 0.00 0.00 7.75 6.20
2240.00 0.00 0.00 0.00 0.00 9.88 6.60
2250.00 0.00 0.00 0.00 0.00 19.25 8.75
2260.00 0.00 0.00 0.00 0.00 30.63 11.95
2270.00 0.00 0.00 0.00 0.00 8.63 6.65
2280.00 0.00 0.00 0.00 0.00 5.50 5.50
2290.00 0.00 0.00 0.00 0.00 7.50 5.90
2300.00 0.00 0.00 0.00 0.00 33.00 12.45
2310.00 0.00 0.00 0.00 0.00 23.13 10.15
2320.00 0.00 0.00 0.00 0.00 14.88 8.30
2330.00 0.00 0.00 0.00 0.00 11.25 6.85
2340.00 0.00 0.00 0.00 0.00 8.38 6.05
2350.00 0.00 0.00 0.00 0.00 15.38 8.20
2360.00 0.00 0.00 0.00 0.00 22.38 10.40
2370.00 0.00 0.00 0.00 0.00 13.25 7.25
2380.00 0.00 0.00 0.00 0.00 7.25 5.60
2390.00 0.00 0.00 0.00 0.00 11.63 7.65
2400.00 0.00 0.00 0.00 0.00 15.63 7.65
2410.00 0.00 0.00 0.00 0.00 40.63 15.05
2420.00 0.00 0.00 0.00 0.00 16.88 8.75
2430.00 0.00 0.00 0.00 0.00 10.38 6.30
2440.00 0.00 0.00 0.00 0.00 10.25 6.65
2450.00 0.00 0.00 0.00 0.00 10.38 6.80
2460.00 0.00 0.00 0.00 0.00 11.63 7.25
2470.00 0.00 0.00 0.00 0.00 21.00 8.35
2480.00 0.00 0.00 0.00 0.00 19.50 10.05
2490.00 0.00 0.00 0.00 0.00 18.88 9.00
2500.00 0.00 0.00 0.00 0.00 8.25 6.10
2510.00 0.00 0.00 0.00 0.00 11.63 7.40
2520.00 0.00 0.00 0.00 0.00 8.00 5.95
2530.00 0.00 0.00 0.00 0.00 29.25 11.90
2540.00 0.00 0.00 0.00 0.00 22.63 9.95
2550.00 0.00 0.00 0.00 0.00 17.25 8.65
2560.00 0.00 0.00 0.00 0.00 6.38 5.75
2570.00 0.00 0.00 0.00 0.00 6.13 5.50
2580.00 0.00 0.00 0.00 0.00 10.00 6.60
2590.00 0.00 0.00 0.00 0.00 43.25 15.40
2600.00 0.00 0.00 0.00 0.00 10.50 6.95
2610.00 0.00 0.00 0.00 0.00 8.25 5.90
2620.00 0.00 0.00 0.00 0.00 9.38 6.75
2630.00 0.00 0.00 0.00 0.00 18.00 8.70
2640.00 0.00 0.00 0.00 0.00 17.50 8.65
2650.00 0.00 0.00 0.00 0.00 25.38 10.70
2660.00 0.00 0.00 0.00 0.00 11.38 7.10
2670.00 0.00 0.00 0.00 0.00 6.13 5.80
2680.00 0.00 0.00 0.00 0.00 19.63 8.85
2690.00 0.00 0.00 0.00 0.00 17.00 8.55
2700.00 0.00 0.00 0.00 0.00 22.38 9.85
2710.00 0.00 0.00 0.00 0.00 13.50 7.65
2720.00 0.00 0.00 0.00 0.00 13.88 7.30
2730.00 0.00 0.00 0.00 0.00 22.00 9.95
2740.00 0.00 0.00 0.00 0.00 13.75 7.85
2750.00 0.00 0.00 0.00 0.00 8.88 6.05
2760.00 0.00 0.00 0.00 0.00 23.88 10.90
2770.00 0.00 0.00 0.00 0.00 15.25 7.75
2780.00 0.00 0.00 0.00 0.00 14.50 8.00
2790.00 0.00 0.00 0.00 0.00 12.50 6.90
2800.00 0.00 0.00 0.00 0.00 8.00 6.40
2810.00 0.00 0.00 0.00 0.00 15.50 8.10
2820.00 0.00 0.00 0.00 0.00 23.25 9.75
2830.00 0.00 0.00 0.00 0.00 17.88 8.85
2840.00 0.00 0.00 0.00 0.00 17.63 8.80
2850.00 0.00 0.00 0.00 0.00 23.63 10.40
2860.00 0.00 0.00 0.00 0.00 8.63 6.35
2870.00 0.00 0.00 0.00 0.00 4.38 5.20
2880.00 0.00 0.00 0.00 0.00 20.50 8.20
2890.00 0.00 0.00 0.00 0.00 38.75 14.75
2900.00 0.00 0.00 0.00 0.00 16.75 8.95
2910.00 0.00 0.00 0.00 0.00 6.25 5.45
2920.00 0.00 0.00 0.00 0.00 6.25 5.65
2930.00 0.00 0.00 0.00 0.00 8.50 6.10
2940.00 0.00 0.00 0.00 0.00 8.88 6.50
2950.00 0.00 0.00 0.13 0.00 23.00 10.15
2960.00 0.00 0.00 0.00 0.00 23.38 10.10
2970.00 0.00 0.00 0.00 0.00 12.38 7.45
2980.00 0.00 0.00 0.00 0.00 15.00 7.95
2990.00 0.00 0.00 0.00 0.00 26.63 10.95
3000.00 0.00 0.00 0.00 0.00 19.25 9.35
3010.00 0.00 0.00 0.00 0.00 11.25 7.10
3020.00 0.00 0.00 0.00 0.00 6.88 5.40
3030.00 0.00 0.00 0.00 0.00 12.50 7.45
3040.00 0.00 0.00 0.00 0.00 14.13 7.35
3050.00 0.00 0.00 0.00 0.00 20.13 9.80
3060.00 0.00 0.00 0.00 0.00 16.38 8.05
3070.00 0.00 0.00 0.00 0.00 29.38 12.40
3080.00 0.00 0.00 0.00 0.00 9.88 6.50
3090.00 0.00 0.00 0.00 0.00 8.00 5.55
3100.00 0.00 0.00 0.00 0.00 20.50 9.70
3110.00 0.00 0.00 0.00 0.00 22.13 10.00
3120.00 0.00 0.00 0.00 0.00 7.50 5.75
3130.00 0.00 0.00 0.00 0.00 11.00 6.85
3140.00 0.00 0.00 0.00 0.13 22.00 9.60
3150.00 0.00 0.00 0.00 0.00 26.38 11.55
3160.00 0.00 0.00 0.00 0.00 6.38 5.60
3170.00 0.00 0.00 0.00 0.00 11.75 6.85
3180.00 0.00 0.00 0.00 0.00 7.38 5.75
3190.00 0.00 0.00 0.00 0.00 21.50 8.90
3200.00 0.00 0.00 0.00 0.00 33.13 13.95
3210.00 0.00 0.00 0.00 0.00 11.88 7.20
3220.00 0.00 0.00 0.00 0.00 8.50 6.00
3230.00 0.00 0.00 0.00 0.00 7.75 6.10
3240.00 0.00 0.00 0.00 0.00 18.25 8.55
3250.00 0.00 0.00 0.00 0.00 29.63 12.35
3260.00 0.00 0.00 0.00 0.00 9.13 6.15
3270.00 0.00 0.00 0.00 0.00 17.50 8.90
3280.00 0.00 0.00 0.00 0.00 12.38 7.05
3290.00 0.00 0.00 0.00 0.00 16.13 7.85
3300.00 0.00 0.00 0.00 0.00 14.13 8.15
3310.00 0.00 0.00 0.00 0.00 8.88 6.25
3320.00 0.00 0.00 0.00 0.00 33.25 12.45
3330.00 0.00 0.00 0.00 0.00 17.50 9.45
3340.00 0.00 0.00 0.00 0.00 11.63 6.80
3350.00 0.00 0.00 0.00 0.00 5.88 5.55
3360.00 0.00 0.00 0.00 0.00 11.50 7.10
3370.00 0.00 0.00 0.00 0.00 10.75 6.25
3380.00 0.00 0.00 0.00 0.00 46.13 16.75
3390.00 0.00 0.00 0.00 0.00 17.00 8.70
3400.00 0.00 0.00 0.00 0.00 7.13 5.60
3410.00 0.00 0.00 0.00 0.00 5.38 5.55
3420.00 0.00 0.00 0.00 0.00 13.13 7.55
3430.00 0.00 0.00 0.00 0.00 11.63 7.15
3440.00 0.00 0.00 0.00 0.00 13.38 7.45
3450.00 0.00 0.00 0.00 0.00 25.88 10.40
3460.00 0.00 0.00 0.00 0.00 12.00 7.30
3470.00 0.00 0.00 0.00 0.00 20.38 9.75
3480.00 0.00 0.00 0.00 0.00 11.13 6.95
3490.00 0.00 0.00 0.00 0.00 22.25 10.10
3500.00 0.00 0.00 0.00 0.00 6.00 5.70
3510.00 0.00 0.00 0.00 0.00 20.38 9.40
3520.00 0.00 0.00 0.00 0.00 10.13 6.40
3530.00 0.00 0.00 0.00 0.00 27.50 10.50
3540.00 0.00 0.00 0.00 0.00 31.38 13.10
3550.00 0.00 0.00 0.00 0.00 10.38 6.65
3560.00 0.00 0.00 0.00 0.00 8.63 6.25
3570.00 0.00 0.00 0.00 0.00 8.00 5.90
3580.00 0.00 0.00 0.00 0.00 6.00 5.50
3590.00 0.00 0.00 0.00 0.00 9.13 6.80
3600.00 0.00 0.00 0.00 0.00 53.63 18.35
3610.00 0.00 0.00 0.00 0.00 14.25 7.50
3620.00 0.00 0.00 0.00 0.00 5.50 5.60
3630.00 0.00 0.00 0.00 0.00 9.75 6.10
3640.00 0.00 0.00 0.00 0.00 9.75 6.70
3650.00 0.00 0.00 0.00 0.00 11.88 7.40
3660.00 0.00 0.00 0.00 0.00 13.88 7.40
3670.00 0.00 0.00 0.00 0.00 15.00 8.05
3680.00 0.00 0.00 0.00 0.00 35.75 13.20
3690.00 0.00 0.00 0.00 0.00 7.38 6.40
3700.00 0.00 0.00 0.00 0.00 9.38 6.30
3710.00 0.00 0.00 0.00 0.00 8.38 6.10
3720.00 0.00 0.00 0.00 0.00 32.38 13.05
3730.00 0.00 0.00 0.00 0.00 21.38 9.50
3740.00 0.00 0.00 0.00 0.00 11.88 7.25
3750.00 0.00 0.00 0.00 0.00 17.25 8.65
3760.00 0.00 0.00 0.00 0.00 9.88 6.25
3770.00 0.00 0.00 0.00 0.00 9.13 6.25
3780.00 0.00 0.00 0.00 0.00 15.25 8.15
3790.00 0.00 0.00 0.00 0.00 7.75 6.30
3800.00 0.00 0.00 0.00 0.00 56.88 18.70
3810.00 0.00 0.00 0.00 0.00 10.75 7.10
3820.00 0.00 0.00 0.00 0.00 6.50 5.70
3830.00 0.00 0.00 0.00 0.00 4.88 5.20
3840.00 0.00 0.00 0.00 0.00 16.13 8.35
3850.00 0.00 0.00 0.00 0.00 5.75 5.40
3860.00 0.00 0.00 0.00 0.00 14.75 8.10
3870.00 0.00 0.00 0.00 0.00 23.50 9.90
3880.00 0.00 0.00 0.00 0.00 27.88 12.00
3890.00 0.00 0.00 0.00 0.00 11.13 6.50
3900.00 0.00 0.00 0.00 0.00 8.25 6.20
3910.00 0.00 0.00 0.00 0.00 6.25 5.40
3920.00 0.00 0.00 0.00 0.00 17.63 8.25
3930.00 0.00 0.00 0.00 0.00 29.38 12.45
3940.00 0.00 0.00 0.00 0.00 21.00 9.55
3950.00 0.00 0.00 0.00 0.00 5.88 5.35
3960.00 0.00 0.00 0.00 0.00 9.38 6.55
3970.00 0.00 0.00 0.00 0.00 26.25 10.30
3980.00 0.00 0.00 0.00 0.00 34.50 13.10
3990.00 0.00 0.00 0.00 0.00 9.88 7.35
4000.00 0.00 0.00 0.00 0.00 6.13 5.45
