10.00 0.00 0.00 0.00 0.00 9.75 6.10
20.00 0.00 0.00 0.00 0.00 33.00 13.20
30.00 0.00 0.00 0.00 0.00 13.63 7.60
40.00 0.00 0.00 0.00 0.00 6.63 5.65
50.00 0.00 0.00 0.00 0.00 13.50 7.50
60.00 0.00 0.00 0.00 0.00 10.13 6.65
70.00 0.00 0.00 0.00 0.00 15.38 8.15
80.00 0.00 0.00 0.00 0.00 6.25 5.65
90.00 0.00 0.00 0.00 0.00 15.63 7.90
100.00 0.00 0.00 0.00 0.00 14.00 7.70
110.00 0.00 0.00 0.00 0.00 20.75 9.80
120.00 0.00 0.00 0.00 0.00 9.00 6.30
130.00 0.00 0.00 0.00 0.00 5.63 5.35
140.00 0.00 0.00 0.00 0.00 11.63 7.15
150.00 0.00 0.00 0.00 0.00 10.63 6.35
160.00 0.00 0.00 0.00 0.00 29.50 12.05
170.00 0.00 0.00 0.00 0.00 15.50 8.70
180.00 0.00 0.00 0.00 0.00 16.50 7.95
190.00 0.00 0.00 0.00 0.00 6.63 5.80
200.00 0.00 0.00 0.00 0.00 9.25 6.10
210.00 0.00 0.00 0.00 0.00 10.63 6.95
220.00 0.00 0.00 0.00 0.00 9.13 6.55
230.00 0.00 0.00 0.00 0.00 11.50 7.05
240.00 0.00 0.00 0.00 0.00 16.63 8.55
250.00 0.00 0.00 0.00 0.00 13.75 7.20
260.00 0.00 0.00 0.00 0.00 15.25 8.25
270.00 0.00 0.00 0.00 0.00 16.75 8.35
280.00 0.00 0.00 0.00 0.00 18.75 9.20
290.00 0.00 0.00 0.00 0.00 7.88 6.15
300.00 0.00 0.00 0.00 0.00 7.13 5.80
310.00 0.00 0.00 0.00 0.00 11.25 7.05
320.00 0.00 0.00 0.00 0.00 15.63 8.30
330.00 0.00 0.00 0.00 0.00 9.63 6.30
340.00 0.00 0.00 0.00 0.00 13.13 7.50
350.00 0.00 0.00 0.00 0.00 14.88 8.05
360.00 0.00 0.00 0.00 0.00 15.63 8.25
370.00 0.00 0.00 0.00 0.00 22.50 10.00
380.00 0.00 0.00 0.00 0.00 9.13 6.10
390.00 0.00 0.00 0.00 0.00 14.25 7.80
400.00 0.00 0.00 0.00 0.00 7.63 6.15
410.00 0.00 0.00 0.00 0.00 13.25 7.25
420.00 0.00 0.00 0.00 0.00 7.88 5.75
430.00 0.00 0.00 0.00 0.00 12.25 7.65
440.00 0.00 0.00 0.00 0.00 16.88 7.75
450.00 0.00 0.00 0.00 0.00 21.38 10.80
460.00 0.00 0.00 0.00 0.00 23.25 10.15
470.00 0.00 0.00 0.00 0.00 4.75 5.00
480.00 0.00 0.00 0.00 0.00 4.13 5.10
490.00 0.00 0.00 0.00 0.13 12.13 7.40
500.00 0.00 0.00 0.00 0.00 12.50 7.10
510.00 0.00 0.00 0.00 0.00 9.63 6.50
520.00 0.00 0.00 0.00 0.00 27.50 11.10
530.00 0.00 0.00 0.00 0.00 19.00 9.35
540.00 0.00 0.00 0.00 0.00 10.63 6.50
550.00 0.00 0.00 0.00 0.00 9.50 6.85
560.00 0.00 0.00 0.00 0.00 14.50 7.90
570.00 0.00 0.00 0.00 0.00 8.00 6.20
580.00 0.00 0.00 0.00 0.00 9.13 6.05
590.00 0.00 0.00 0.00 0.00 19.25 9.10
600.00 0.00 0.00 0.00 0.00 16.38 8.85
610.00 0.00 0.00 0.00 0.00 10.88 6.25
620.00 0.00 0.00 0.00 0.00 5.88 5.85
630.00 0.00 0.13 0.00 0.00 11.13 6.65
640.00 0.00 0.00 0.00 0.00 22.50 9.90
650.00 0.00 0.00 0.00 0.00 15.25 8.45
660.00 0.00 0.00 0.00 0.00 12.00 7.10
670.00 0.00 0.00 0.00 0.00 7.38 5.70
680.00 0.00 0.00 0.00 0.00 7.63 6.20
690.00 0.00 0.00 0.00 0.00 11.75 7.00
700.00 0.00 0.00 0.00 0.00 16.25 7.85
710.00 0.00 0.00 0.00 0.00 13.25 8.10
720.00 0.00 0.00 0.00 0.00 9.88 6.45
730.00 0.00 0.00 0.00 0.00 21.63 9.85
740.00 0.00 0.00 0.00 0.00 13.38 7.30
750.00 0.00 0.00 0.00 0.00 13.75 7.85
760.00 0.00 0.00 0.00 0.00 12.75 7.45
770.00 0.00 0.00 0.00 0.00 15.13 8.20
780.00 0.00 0.00 0.00 0.00 8.13 6.10
790.00 0.00 0.00 0.00 0.00 10.63 6.65
800.00 0.00 0.00 0.00 0.00 18.13 8.10
810.00 0.00 0.00 0.00 0.00 13.25 8.15
820.00 0.00 0.00 0.00 0.00 15.50 8.10
830.00 0.00 0.00 0.00 0.00 9.50 6.45
840.00 0.00 0.00 0.00 0.00 14.25 7.25
850.00 0.00 0.00 0.00 0.00 15.13 8.70
860.00 0.00 0.00 0.00 0.00 8.88 6.10
870.00 0.00 0.00 0.00 0.00 17.00 8.55
880.00 0.00 0.00 0.00 0.00 9.75 6.65
890.00 0.00 0.00 0.00 0.00 13.38 7.75
900.00 0.00 0.00 0.00 0.00 7.38 5.60
910.00 0.00 0.00 0.00 0.00 19.25 8.75
920.00 0.00 0.00 0.00 0.00 11.38 7.80
930.00 0.00 0.00 0.00 0.00 7.75 5.85
940.00 0.00 0.00 0.00 0.00 14.63 7.45
950.00 0.00 0.00 0.00 0.00 27.88 11.80
960.00 0.00 0.00 0.00 0.00 9.00 6.30
970.00 0.00 0.00 0.00 0.00 9.50 6.80
980.00 0.13 0.00 0.00 0.00 7.50 5.90
990.00 0.00 0.00 0.00 0.00 15.88 7.65
1000.00 0.00 0.00 0.00 0.00 10.75 7.80
1010.00 0.00 0.00 0.00 0.00 14.38 7.85
1020.00 0.00 0.00 0.00 0.00 32.50 12.65
1030.00 0.00 0.00 0.00 0.00 6.13 5.30
1040.00 0.00 0.00 0.00 0.00 10.63 6.35
1050.00 0.00 0.00 0.00 0.00 7.25 6.35
1060.00 0.25 0.00 0.00 0.00 7.00 5.60
1070.00 0.00 0.00 0.00 0.00 27.00 11.65
1080.00 0.00 0.00 0.00 0.00 11.50 6.95
1090.00 0.00 0.00 0.00 0.00 9.88 6.55
1100.00 0.00 0.00 0.00 0.00 11.38 6.95
1110.00 0.00 0.00 0.00 0.00 10.75 6.65
1120.00 0.00 0.00 0.00 0.00 22.38 10.25
1130.00 0.00 0.00 0.00 0.00 9.50 6.40
1140.00 0.00 0.00 0.00 0.00 5.25 5.35
1150.00 0.13 0.00 0.00 0.00 7.63 5.80
1160.00 0.00 0.00 0.00 0.00 16.13 8.35
1170.00 0.00 0.00 0.00 0.00 17.75 9.15
1180.00 0.00 0.00 0.00 0.00 9.38 6.15
1190.00 0.00 0.00 0.00 0.00 8.38 6.30
1200.00 0.00 0.00 0.00 0.00 37.63 14.40
1210.00 0.00 0.00 0.00 0.00 8.50 6.05
1220.00 0.00 0.00 0.00 0.00 6.13 5.20
1230.00 0.00 0.13 0.00 0.00 9.00 6.80
1240.00 0.00 0.00 0.00 0.00 8.50 6.25
1250.00 0.00 0.00 0.00 0.00 7.75 5.95
1260.00 0.00 0.00 0.00 0.00 21.13 8.75
1270.00 0.00 0.00 0.00 0.00 14.88 8.55
1280.00 0.00 0.00 0.00 0.00 14.63 7.65
1290.00 0.00 0.00 0.00 0.00 13.13 7.65
1300.00 0.00 0.00 0.00 0.00 9.88 6.60
1310.00 0.00 0.00 0.00 0.00 13.13 7.50
1320.00 0.00 0.00 0.00 0.00 9.75 6.45
1330.00 0.00 0.00 0.00 0.00 9.88 6.45
1340.00 0.00 0.00 0.00 0.00 16.63 8.50
1350.00 0.00 0.00 0.00 0.00 32.25 12.75
1360.00 0.00 0.00 0.00 0.00 9.13 6.35
1370.00 0.00 0.00 0.00 0.00 17.38 8.55
1380.00 0.00 0.00 0.00 0.00 5.13 5.15
1390.00 0.00 0.00 0.00 0.00 6.13 5.75
1400.00 0.00 0.00 0.00 0.00 10.13 6.75
1410.00 0.00 0.00 0.00 0.00 11.50 6.95
1420.00 0.00 0.00 0.00 0.00 17.75 8.55
1430.00 0.00 0.00 0.00 0.00 20.25 9.65
1440.00 0.00 0.00 0.00 0.00 9.88 6.45
1450.00 0.00 0.00 0.00 0.00 9.00 6.60
1460.00 0.00 0.00 0.00 0.00 8.38 6.10
1470.00 0.00 0.00 0.00 0.00 22.38 10.00
1480.00 0.00 0.00 0.00 0.00 15.00 7.80
1490.00 0.00 0.00 0.00 0.00 8.38 6.40
1500.00 0.00 0.00 0.00 0.00 9.25 6.35
1510.00 0.00 0.00 0.00 0.00 18.13 8.15
1520.00 0.00 0.00 0.00 0.00 9.38 7.00
1530.00 0.00 0.00 0.00 0.00 13.13 7.20
1540.00 0.00 0.00 0.00 0.00 15.25 8.45
1550.00 0.00 0.00 0.00 0.00 23.13 10.00
1560.00 0.00 0.00 0.00 0.00 5.25 5.15
1570.00 0.00 0.00 0.00 0.00 8.38 6.15
1580.00 0.00 0.00 0.00 0.00 11.75 7.30
1590.00 0.00 0.00 0.00 0.00 23.88 9.35
1600.00 0.00 0.00 0.00 0.00 17.38 9.10
1610.00 0.00 0.00 0.00 0.00 9.38 6.65
1620.00 0.00 0.00 0.00 0.00 12.25 7.35
1630.00 0.00 0.00 0.00 0.00 9.38 5.95
1640.00 0.00 0.00 0.00 0.00 7.25 6.30
1650.00 0.00 0.00 0.00 0.00 20.25 8.35
1660.00 0.00 0.00 0.00 0.00 18.38 9.75
1670.00 0.00 0.00 0.00 0.00 21.50 9.35
1680.00 0.00 0.00 0.00 0.00 9.38 7.00
1690.00 0.00 0.00 0.00 0.00 6.75 5.45
1700.00 0.00 0.00 0.00 0.00 13.50 7.55
1710.00 0.00 0.00 0.00 0.00 13.00 7.50
1720.00 0.00 0.00 0.00 0.00 14.00 7.80
1730.00 0.00 0.00 0.00 0.00 20.88 9.70
1740.00 0.00 0.00 0.00 0.00 4.75 4.90
1750.00 0.00 0.00 0.00 0.00 5.63 5.60
1760.00 0.00 0.00 0.00 0.00 11.50 6.75
1770.00 0.00 0.00 0.00 0.00 19.75 9.20
1780.00 0.00 0.00 0.00 0.00 29.00 12.25
1790.00 0.00 0.00 0.00 0.00 11.13 6.35
1800.00 0.00 0.00 0.00 0.00 8.75 6.25
1810.00 0.00 0.00 0.13 0.00 8.50 6.30
1820.00 0.00 0.00 0.00 0.00 7.63 5.95
1830.00 0.00 0.13 0.00 0.00 6.13 5.55
1840.00 0.00 0.00 0.00 0.00 17.63 8.80
1850.00 0.00 0.00 0.00 0.00 14.88 7.80
1860.00 0.00 0.00 0.00 0.00 34.38 13.30
1870.00 0.00 0.00 0.00 0.00 7.50 5.90
1880.00 0.00 0.00 0.00 0.00 10.00 6.70
1890.00 0.00 0.00 0.00 0.00 5.88 5.70
1900.00 0.00 0.00 0.00 0.00 7.00 5.80
1910.00 0.00 0.13 0.13 0.00 4.63 5.50
1920.00 0.00 0.00 0.00 0.13 5.00 5.05
1930.00 0.00 0.00 0.00 0.00 58.88 19.45
1940.00 0.00 0.00 0.00 0.00 15.63 8.35
1950.00 0.00 0.00 0.00 0.00 4.38 5.15
1960.00 0.00 0.00 0.00 0.00 3.50 4.70
1970.00 0.00 0.00 0.00 0.00 7.75 6.00
1980.00 0.00 0.00 0.00 0.00 6.50 5.90
1990.00 0.25 0.00 0.13 0.00 7.50 5.60
2000.00 0.13 0.00 0.00 0.00 23.00 10.20
2010.00 0.00 0.00 0.00 0.00 16.00 8.65
2020.00 0.00 0.00 0.00 0.00 12.38 7.30
2030.00 0.00 0.00 0.00 0.00 14.50 7.30
2040.00 0.00 0.00 0.00 0.00 17.63 9.25
2050.00 0.00 0.00 0.00 0.00 11.13 6.85
2060.00 0.00 0.00 0.00 0.00 7.00 5.85
2070.00 0.00 0.00 0.00 0.00 8.13 6.05
2080.00 0.00 0.00 0.00 0.00 17.63 8.60
2090.00 0.00 0.00 0.00 0.00 25.75 11.00
2100.00 0.00 0.00 0.00 0.00 12.00 7.15
2110.00 0.00 0.00 0.00 0.00 8.50 6.20
2120.00 0.00 0.00 0.00 0.00 8.25 5.85
2130.00 0.00 0.00 0.00 0.00 11.00 7.15
2140.00 0.00 0.00 0.00 0.00 13.63 7.85
2150.00 0.00 0.00 0.00 0.00 25.50 10.90
2160.00 0.00 0.00 0.00 0.00 13.00 7.25
2170.00 0.00 0.00 0.00 0.00 7.88 5.95
2180.00 0.00 0.00 0.00 0.00 5.00 5.10
2190.00 0.00 0.13 0.13 0.13 4.25 5.30
2200.00 0.00 0.00 0.00 0.00 11.75 7.05
2210.00 0.00 0.00 0.00 0.00 34.00 12.70
2220.00 0.00 0.00 0.00 0.00 15.50 8.90
2230.00 0.00 0.00 0.00 0.00 7.00 5.45
2240.00 0.00 0.00 0.13 0.00 11.75 7.40
2250.00 0.00 0.00 0.00 0.00 16.88 8.55
2260.00 0.00 0.00 0.00 0.00 11.00 6.70
2270.00 0.00 0.00 0.00 0.00 13.00 7.95
2280.00 0.00 0.00 0.00 0.00 13.88 7.65
2290.00 0.00 0.00 0.00 0.00 7.63 5.95
2300.00 0.00 0.00 0.00 0.00 6.38 5.60
2310.00 0.00 0.00 0.00 0.00 11.63 7.00
2320.00 0.00 0.00 0.00 0.00 15.88 7.85
2330.00 0.00 0.00 0.00 0.00 31.38 13.10
2340.00 0.00 0.00 0.00 0.00 6.50 5.50
2350.00 0.00 0.00 0.00 0.00 11.00 6.95
2360.00 0.00 0.00 0.00 0.00 23.38 9.80
2370.00 0.00 0.00 0.00 0.00 10.38 7.10
2380.00 0.00 0.00 0.00 0.00 5.88 5.35
2390.00 0.00 0.00 0.00 0.00 14.75 7.30
2400.00 0.00 0.00 0.00 0.00 9.63 7.20
2410.00 0.00 0.00 0.00 0.00 9.38 6.45
2420.00 0.00 0.00 0.00 0.00 22.13 9.60
2430.00 0.00 0.00 0.00 0.00 16.38 8.95
2440.00 0.00 0.00 0.00 0.00 6.50 5.75
2450.00 0.00 0.00 0.00 0.00 7.25 5.90
2460.00 0.00 0.00 0.13 0.00 5.13 5.45
2470.00 0.00 0.00 0.13 0.00 7.50 5.70
2480.00 0.00 0.00 0.00 0.00 15.75 8.25
2490.00 0.00 0.00 0.00 0.00 25.00 10.60
2500.00 0.00 0.00 0.00 0.00 37.63 14.35
2510.00 0.00 0.00 0.00 0.00 11.38 7.00
2520.00 0.00 0.00 0.00 0.00 2.38 4.65
2530.00 0.00 0.00 0.00 0.00 6.88 5.85
2540.00 0.00 0.00 0.00 0.00 15.50 7.60
2550.00 0.00 0.00 0.00 0.00 13.75 8.30
2560.00 0.00 0.00 0.00 0.00 9.00 6.20
2570.00 0.00 0.00 0.00 0.00 19.38 9.05
2580.00 0.00 0.00 0.00 0.00 10.50 6.80
2590.00 0.00 0.00 0.00 0.00 11.63 6.85
2600.00 0.00 0.00 0.00 0.00 18.50 9.15
2610.00 0.00 0.00 0.00 0.00 7.88 6.05
2620.00 0.00 0.00 0.00 0.00 7.63 5.85
2630.00 0.00 0.00 0.00 0.00 11.88 7.60
2640.00 0.00 0.00 0.00 0.00 20.63 9.45
2650.00 0.00 0.00 0.00 0.00 12.88 7.30
2660.00 0.00 0.00 0.00 0.00 26.63 10.90
2670.00 0.00 0.00 0.00 0.00 10.13 6.85
2680.00 0.00 0.00 0.00 0.00 8.13 6.00
2690.00 0.00 0.00 0.00 0.00 6.25 5.65
2700.00 0.00 0.00 0.00 0.00 8.50 5.80
2710.00 0.00 0.00 0.00 0.00 6.38 6.20
2720.00 0.00 0.13 0.00 0.00 17.63 8.75
2730.00 0.00 0.00 0.00 0.00 21.38 9.25
2740.00 0.00 0.00 0.00 0.00 26.00 11.25
2750.00 0.00 0.00 0.00 0.00 10.50 6.55
2760.00 0.00 0.00 0.00 0.00 6.88 5.85
2770.00 0.00 0.00 0.00 0.00 7.88 6.10
2780.00 0.00 0.00 0.00 0.00 9.63 6.45
2790.00 0.00 0.00 0.00 0.00 11.88 7.15
2800.00 0.00 0.00 0.00 0.13 7.38 6.00
2810.00 0.00 0.00 0.00 0.00 12.75 7.15
2820.00 0.00 0.00 0.00 0.00 23.88 10.75
2830.00 0.00 0.00 0.00 0.00 27.50 11.20
2840.00 0.00 0.00 0.00 0.00 17.88 8.25
2850.00 0.00 0.00 0.00 0.00 9.00 6.70
2860.00 0.00 0.00 0.00 0.00 12.25 7.15
2870.00 0.00 0.00 0.00 0.00 9.25 6.40
2880.00 0.00 0.00 0.00 0.00 6.00 5.55
2890.00 0.00 0.00 0.00 0.00 6.50 5.85
2900.00 0.00 0.00 0.00 0.00 8.00 6.30
2910.00 0.00 0.13 0.00 0.00 21.63 9.70
2920.00 0.00 0.00 0.00 0.00 23.75 10.65
2930.00 0.00 0.00 0.00 0.00 7.50 5.80
2940.00 0.00 0.00 0.00 0.00 5.63 5.20
2950.00 0.00 0.00 0.00 0.00 11.25 7.40
2960.00 0.00 0.00 0.00 0.00 21.88 9.65
2970.00 0.00 0.00 0.00 0.00 24.63 10.65
2980.00 0.00 0.00 0.00 0.00 15.00 7.65
2990.00 0.00 0.00 0.00 0.00 8.63 6.45
3000.00 0.00 0.00 0.00 0.00 4.50 5.00
3010.00 0.00 0.00 0.00 0.00 9.25 6.25
3020.00 0.00 0.00 0.00 0.00 15.13 8.10
3030.00 0.00 0.00 0.00 0.00 12.13 7.50
3040.00 0.00 0.00 0.00 0.00 16.50 8.00
3050.00 0.00 0.00 0.00 0.00 14.63 8.05
3060.00 0.00 0.00 0.00 0.00 15.50 8.10
3070.00 0.00 0.00 0.00 0.00 8.75 6.15
3080.00 0.00 0.00 0.00 0.00 12.63 7.50
3090.00 0.00 0.00 0.00 0.00 9.00 6.55
3100.00 0.00 0.00 0.00 0.00 21.00 9.40
3110.00 0.00 0.00 0.00 0.00 12.50 7.35
3120.00 0.00 0.00 0.00 0.00 10.13 6.75
3130.00 0.00 0.00 0.00 0.00 11.63 7.05
3140.00 0.00 0.00 0.00 0.00 15.50 7.95
3150.00 0.00 0.00 0.00 0.00 5.88 5.25
3160.00 0.00 0.00 0.00 0.00 11.88 7.35
3170.00 0.00 0.00 0.00 0.00 16.63 8.35
3180.00 0.00 0.00 0.00 0.00 37.13 13.95
3190.00 0.00 0.00 0.00 0.00 6.00 5.65
3200.00 0.00 0.00 0.00 0.00 4.88 5.00
3210.00 0.00 0.00 0.00 0.00 4.88 5.50
3220.00 0.00 0.00 0.00 0.13 15.75 8.30
3230.00 0.00 0.00 0.00 0.00 7.00 5.70
3240.00 0.00 0.00 0.00 0.00 21.75 9.85
3250.00 0.00 0.00 0.00 0.00 18.25 8.60
3260.00 0.00 0.00 0.00 0.00 13.38 7.65
3270.00 0.00 0.00 0.00 0.00 8.88 6.10
3280.00 0.00 0.00 0.00 0.00 15.50 8.60
3290.00 0.00 0.00 0.00 0.00 10.38 6.70
3300.00 0.00 0.00 0.00 0.00 7.25 5.60
3310.00 0.00 0.00 0.00 0.00 22.38 10.15
3320.00 0.00 0.00 0.00 0.00 15.50 7.90
3330.00 0.00 0.00 0.00 0.00 7.38 5.75
3340.00 0.00 0.00 0.00 0.00 15.50 8.45
3350.00 0.00 0.00 0.00 0.00 16.50 8.45
3360.00 0.00 0.00 0.00 0.00 6.75 5.50
3370.00 0.00 0.00 0.00 0.00 16.38 8.55
3380.00 0.00 0.00 0.00 0.00 15.25 7.85
3390.00 0.00 0.00 0.00 0.00 5.25 5.30
3400.00 0.00 0.00 0.00 0.00 21.38 9.90
3410.00 0.00 0.00 0.00 0.00 12.50 7.15
3420.00 0.00 0.00 0.00 0.00 20.63 9.25
3430.00 0.00 0.00 0.00 0.00 14.13 7.95
3440.00 0.00 0.00 0.00 0.00 7.88 5.95
3450.00 0.00 0.00 0.00 0.00 9.13 6.05
3460.00 0.00 0.00 0.00 0.00 11.13 7.30
3470.00 0.00 0.00 0.00 0.00 5.13 5.60
3480.00 0.00 0.00 0.00 0.00 16.63 7.95
3490.00 0.00 0.00 0.00 0.00 11.00 7.05
3500.00 0.00 0.00 0.00 0.00 31.00 12.20
3510.00 0.00 0.00 0.00 0.00 12.38 7.40
3520.00 0.00 0.00 0.00 0.00 10.25 6.70
3530.00 0.00 0.00 0.00 0.00 6.75 5.70
3540.00 0.00 0.00 0.00 0.00 15.00 7.80
3550.00 0.00 0.00 0.00 0.00 10.25 6.65
3560.00 0.00 0.00 0.00 0.00 8.88 6.75
3570.00 0.00 0.00 0.00 0.00 6.38 5.30
3580.00 0.00 0.00 0.00 0.00 19.38 9.50
3590.00 0.00 0.00 0.00 0.00 19.88 9.45
3600.00 0.00 0.00 0.00 0.00 17.38 8.25
3610.00 0.00 0.00 0.00 0.00 15.63 8.20
3620.00 0.00 0.00 0.00 0.00 10.13 7.10
3630.00 0.00 0.00 0.00 0.00 7.63 5.85
3640.00 0.00 0.00 0.00 0.13 6.38 5.65
3650.00 0.00 0.00 0.00 0.00 17.13 8.45
3660.00 0.00 0.00 0.00 0.00 16.63 8.30
3670.00 0.00 0.00 0.00 0.00 13.13 7.35
3680.00 0.00 0.00 0.00 0.00 11.63 7.50
3690.00 0.00 0.00 0.00 0.00 12.38 6.55
3700.00 0.00 0.00 0.00 0.00 20.25 9.55
3710.00 0.00 0.00 0.00 0.00 22.63 10.00
3720.00 0.00 0.00 0.00 0.00 9.25 6.60
3730.00 0.00 0.00 0.00 0.00 12.88 7.50
3740.00 0.00 0.00 0.00 0.00 6.38 5.60
3750.00 0.00 0.00 0.00 0.00 8.13 5.70
3760.00 0.00 0.00 0.00 0.00 15.63 8.45
3770.00 0.00 0.00 0.13 0.00 12.63 6.95
3780.00 0.00 0.00 0.00 0.00 4.88 5.70
3790.00 0.00 0.00 0.00 0.00 41.00 15.40
3800.00 0.00 0.00 0.00 0.00 8.50 6.00
3810.00 0.00 0.00 0.00 0.00 5.13 5.00
3820.00 0.00 0.00 0.00 0.00 12.63 7.50
3830.00 0.00 0.00 0.00 0.00 7.13 5.90
3840.00 0.00 0.00 0.00 0.00 15.38 8.15
3850.00 0.00 0.00 0.00 0.00 7.38 5.90
3860.00 0.00 0.00 0.00 0.00 7.13 5.55
3870.00 0.00 0.00 0.00 0.00 16.38 8.25
3880.00 0.00 0.00 0.00 0.00 15.25 8.30
3890.00 0.00 0.00 0.00 0.00 11.13 6.45
3900.00 0.00 0.00 0.00 0.00 35.38 13.60
3910.00 0.00 0.00 0.00 0.00 7.13 6.00
3920.00 0.00 0.00 0.00 0.00 11.50 7.20
3930.00 0.00 0.00 0.00 0.00 7.38 6.00
3940.00 0.00 0.00 0.00 0.00 14.00 7.90
3950.00 0.00 0.00 0.00 0.00 8.88 6.05
3960.00 0.00 0.00 0.00 0.00 12.88 7.50
3970.00 0.00 0.00 0.00 0.00 17.50 7.80
3980.00 0.00 0.00 0.00 0.00 22.13 10.80
3990.00 0.00 0.00 0.00 0.00 11.13 6.70
4000.00 0.00 0.00 0.00 0.00 10.13 7.05
