10.00 0.00 0.00 0.00 7.50 0.00 5.75
20.00 0.00 0.00 0.00 12.50 0.00 7.45
30.00 0.00 0.00 0.00 37.50 0.00 14.30
40.00 0.00 0.00 0.00 10.88 0.00 6.80
50.00 0.00 0.00 0.00 13.63 0.00 7.40
60.00 0.00 0.00 0.00 16.50 0.00 8.60
70.00 0.00 0.00 0.00 34.75 0.00 13.45
80.00 0.00 0.00 0.00 9.63 0.00 6.05
90.00 0.00 0.00 0.00 10.88 0.00 6.90
100.00 0.00 0.00 0.00 17.88 0.00 8.50
110.00 0.00 0.00 0.00 15.75 0.00 8.10
120.00 0.00 0.00 0.00 27.75 0.00 11.95
130.00 0.00 0.00 0.00 19.75 0.00 8.60
140.00 0.00 0.00 0.00 19.50 0.00 9.40
150.00 0.00 0.00 0.00 8.13 0.00 5.85
160.00 0.00 0.00 0.00 11.63 0.00 7.50
170.00 0.00 0.00 0.00 22.38 0.00 9.75
180.00 0.00 0.00 0.00 32.13 0.00 11.90
190.00 0.00 0.00 0.00 22.63 0.00 10.55
200.00 0.00 0.00 0.00 10.88 0.00 7.10
210.00 0.00 0.00 0.00 4.88 0.00 5.25
220.00 0.00 0.00 0.00 11.38 0.00 6.95
230.00 0.00 0.00 0.00 42.38 0.00 14.50
240.00 0.00 0.00 0.00 14.88 0.00 8.85
250.00 0.00 0.00 0.00 13.13 0.00 6.90
260.00 0.00 0.00 0.00 12.13 0.00 7.65
270.00 0.00 0.00 0.00 15.13 0.00 7.85
280.00 0.00 0.00 0.00 41.63 0.00 15.10
290.00 0.00 0.00 0.00 11.25 0.00 6.80
300.00 0.00 0.00 0.00 9.25 0.00 6.60
310.00 0.00 0.00 0.00 14.63 0.00 7.55
320.00 0.00 0.00 0.00 16.38 0.00 8.85
330.00 0.00 0.00 0.00 16.88 0.00 8.40
340.00 0.00 0.00 0.00 50.00 0.00 17.35
350.00 0.00 0.00 0.00 5.88 0.00 5.35
360.00 0.00 0.00 0.00 10.63 0.00 6.85
370.00 0.00 0.00 0.00 9.50 0.00 6.30
380.00 0.00 0.00 0.00 9.50 0.00 6.65
390.00 0.00 0.00 0.00 17.63 0.00 8.40
400.00 0.00 0.00 0.00 43.50 0.00 15.95
410.00 0.00 0.00 0.00 9.00 0.00 6.40
420.00 0.00 0.00 0.00 9.50 0.00 6.40
430.00 0.00 0.00 0.00 35.38 0.00 13.20
440.00 0.00 0.00 0.00 10.00 0.00 6.95
450.00 0.00 0.00 0.00 10.13 0.00 6.85
460.00 0.00 0.00 0.00 15.75 0.00 7.95
470.00 0.00 0.00 0.00 21.75 0.00 10.15
480.00 0.00 0.00 0.00 23.38 0.00 10.15
490.00 0.00 0.00 0.00 19.00 0.00 8.80
500.00 0.00 0.00 0.00 17.75 0.00 8.70
510.00 0.00 0.00 0.00 8.00 0.00 6.15
520.00 0.00 0.00 0.00 12.38 0.00 7.25
530.00 0.00 0.00 0.00 35.63 0.00 13.85
540.00 0.00 0.00 0.00 18.75 0.00 8.60
550.00 0.00 0.00 0.00 13.50 0.00 7.45
560.00 0.00 0.00 0.00 8.50 0.00 6.20
570.00 0.00 0.00 0.00 22.50 0.00 10.05
580.00 0.00 0.00 0.00 31.75 0.00 12.65
590.00 0.00 0.00 0.00 11.88 0.00 7.00
600.00 0.00 0.00 0.00 11.25 0.00 6.90
610.00 0.00 0.00 0.00 11.25 0.00 7.10
620.00 0.00 0.00 0.00 9.13 0.00 6.50
630.00 0.00 0.00 0.00 5.38 0.00 5.35
640.00 0.00 0.00 0.00 89.50 0.00 27.80
650.00 0.00 0.00 0.00 3.25 0.00 4.70
660.00 0.00 0.00 0.00 4.38 0.00 5.15
670.00 0.00 0.00 0.00 4.88 0.00 5.05
680.00 0.00 0.00 0.00 4.63 0.00 5.40
690.00 0.00 0.13 0.00 8.75 0.13 6.30
700.00 0.00 0.00 0.00 75.13 0.00 24.35
710.00 0.00 0.00 0.00 3.88 0.00 4.55
720.00 0.00 0.00 0.00 7.63 0.00 5.95
730.00 0.00 0.00 0.00 8.38 0.00 6.05
740.00 0.00 0.00 0.00 6.13 0.00 5.55
750.00 0.00 0.00 0.00 13.38 0.00 7.45
760.00 0.00 0.00 0.00 25.13 0.00 10.15
770.00 0.00 0.00 0.00 43.13 0.00 16.25
780.00 0.00 0.00 0.00 12.00 0.00 6.90
790.00 0.00 0.00 0.00 7.25 0.00 6.05
800.00 0.00 0.00 0.00 13.75 0.00 7.80
810.00 0.00 0.00 0.00 17.50 0.00 8.85
820.00 0.00 0.00 0.00 18.63 0.00 7.70
830.00 0.00 0.00 0.00 40.00 0.00 15.65
840.00 0.00 0.00 0.00 7.00 0.00 5.55
850.00 0.00 0.00 0.00 6.13 0.00 5.45
860.00 0.00 0.00 0.00 9.00 0.00 6.10
870.00 0.00 0.00 0.00 27.50 0.00 11.25
880.00 0.00 0.00 0.00 40.50 0.00 15.25
890.00 0.00 0.00 0.00 10.75 0.00 6.45
900.00 0.00 0.00 0.00 7.00 0.00 5.95
910.00 0.00 0.00 0.00 7.88 0.00 5.70
920.00 0.00 0.00 0.00 17.50 0.00 9.15
930.00 0.00 0.00 0.00 40.75 0.00 14.20
940.00 0.00 0.00 0.00 15.13 0.00 8.35
950.00 0.00 0.00 0.00 21.25 0.00 9.60
960.00 0.00 0.00 0.00 4.50 0.00 5.15
970.00 0.00 0.00 0.00 10.13 0.00 6.30
980.00 0.00 0.00 0.00 32.25 0.00 13.20
990.00 0.00 0.00 0.00 25.25 0.00 10.60
1000.00 0.00 0.00 0.00 13.00 0.00 7.10
1010.00 0.00 0.00 0.00 12.38 0.00 7.30
1020.00 0.00 0.00 0.00 12.25 0.00 7.10
1030.00 0.00 0.00 0.00 22.38 0.00 10.20
1040.00 0.00 0.00 0.00 19.50 0.00 9.05
1050.00 0.00 0.00 0.00 18.88 0.00 9.35
1060.00 0.00 0.00 0.00 16.50 0.00 7.80
1070.00 0.00 0.00 0.00 15.38 0.00 8.10
1080.00 0.00 0.00 0.00 18.88 0.00 9.65
1090.00 0.00 0.00 0.00 11.25 0.00 6.70
1100.00 0.00 0.00 0.00 35.25 0.00 12.95
1110.00 0.00 0.00 0.00 24.75 0.00 11.15
1120.00 0.00 0.00 0.00 9.00 0.00 6.15
1130.00 0.00 0.00 0.00 11.75 0.00 7.25
1140.00 0.00 0.00 0.00 13.75 0.00 7.60
1150.00 0.00 0.00 0.00 11.13 0.00 6.75
1160.00 0.00 0.00 0.00 31.13 0.00 11.85
1170.00 0.00 0.00 0.00 26.63 0.00 11.50
1180.00 0.00 0.00 0.00 13.38 0.00 7.50
1190.00 0.00 0.00 0.00 17.63 0.00 8.90
1200.00 0.00 0.00 0.00 13.13 0.00 7.45
1210.00 0.00 0.00 0.00 10.38 0.00 6.90
1220.00 0.00 0.00 0.00 23.13 0.00 9.40
1230.00 0.00 0.00 0.00 21.38 0.00 9.95
1240.00 0.00 0.00 0.00 25.38 0.00 11.00
1250.00 0.00 0.00 0.00 10.38 0.00 6.25
1260.00 0.00 0.00 0.00 14.75 0.00 8.35
1270.00 0.00 0.00 0.00 11.50 0.00 7.00
1280.00 0.00 0.00 0.00 18.00 0.00 8.95
1290.00 0.00 0.00 0.00 44.88 0.00 14.55
1300.00 0.00 0.00 0.00 11.50 0.00 8.30
1310.00 0.00 0.00 0.00 12.38 0.00 7.15
1320.00 0.00 0.00 0.00 9.88 0.00 6.55
1330.00 0.00 0.00 0.00 17.50 0.00 8.95
1340.00 0.00 0.00 0.00 15.50 0.00 6.95
1350.00 0.00 0.00 0.00 30.50 0.00 12.80
1360.00 0.00 0.00 0.00 9.00 0.00 6.25
1370.00 0.00 0.00 0.00 20.00 0.00 9.55
1380.00 0.00 0.00 0.00 16.25 0.00 8.35
1390.00 0.00 0.00 0.00 15.75 0.00 8.05
1400.00 0.00 0.00 0.00 34.88 0.00 13.45
1410.00 0.00 0.00 0.00 5.38 0.00 5.30
1420.00 0.00 0.00 0.00 11.13 0.00 6.50
1430.00 0.00 0.00 0.00 17.38 0.00 9.15
1440.00 0.00 0.00 0.00 32.63 0.00 12.85
1450.00 0.00 0.00 0.00 31.88 0.00 11.85
1460.00 0.00 0.00 0.00 9.75 0.00 6.90
1470.00 0.00 0.00 0.00 14.38 0.00 7.80
1480.00 0.00 0.00 0.00 6.00 0.00 5.60
1490.00 0.00 0.00 0.00 14.63 0.00 7.60
1500.00 0.00 0.00 0.00 26.50 0.00 11.30
1510.00 0.00 0.00 0.00 24.75 0.00 10.50
1520.00 0.00 0.00 0.00 10.75 0.00 6.90
1530.00 0.00 0.00 0.00 24.50 0.00 10.30
1540.00 0.00 0.00 0.00 15.00 0.00 7.55
1550.00 0.00 0.00 0.00 16.75 0.00 9.05
1560.00 0.00 0.00 0.00 11.00 0.00 6.40
1570.00 0.00 0.00 0.00 11.38 0.00 7.30
1580.00 0.00 0.00 0.00 49.00 0.00 17.15
1590.00 0.00 0.00 0.00 6.00 0.00 5.65
1600.00 0.00 0.00 0.00 11.13 0.00 5.95
1610.00 0.00 0.00 0.00 9.63 0.00 7.20
1620.00 0.00 0.00 0.00 39.38 0.00 13.35
1630.00 0.00 0.00 0.00 19.75 0.00 10.50
1640.00 0.00 0.00 0.00 9.63 0.00 6.45
1650.00 0.00 0.00 0.00 8.38 0.00 6.35
1660.00 0.00 0.00 0.00 10.75 0.00 6.45
1670.00 0.00 0.00 0.00 31.25 0.00 11.90
1680.00 0.00 0.00 0.00 30.75 0.00 12.60
1690.00 0.00 0.00 0.00 10.38 0.00 6.75
1700.00 0.00 0.00 0.00 6.25 0.00 5.80
1710.00 0.00 0.00 0.00 8.63 0.00 6.20
1720.00 0.00 0.00 0.00 24.38 0.00 10.45
1730.00 0.00 0.00 0.00 16.75 0.00 7.35
1740.00 0.00 0.00 0.00 35.38 0.00 14.45
1750.00 0.00 0.00 0.00 20.00 0.00 9.65
1760.00 0.00 0.00 0.00 8.63 0.00 5.90
1770.00 0.00 0.00 0.00 7.50 0.00 6.15
1780.00 0.00 0.00 0.00 28.63 0.00 11.20
1790.00 0.00 0.00 0.00 22.75 0.00 10.30
1800.00 0.00 0.00 0.00 10.38 0.00 6.90
1810.00 0.00 0.00 0.00 18.75 0.00 9.05
1820.00 0.00 0.00 0.00 22.50 0.00 9.80
1830.00 0.00 0.00 0.00 6.88 0.00 6.05
1840.00 0.00 0.00 0.00 18.38 0.00 9.00
1850.00 0.00 0.00 0.00 28.75 0.00 11.25
1860.00 0.00 0.00 0.00 16.75 0.00 8.35
1870.00 0.00 0.00 0.00 8.50 0.00 6.40
1880.00 0.00 0.00 0.00 34.50 0.00 12.00
1890.00 0.00 0.00 0.00 21.50 0.00 10.75
1900.00 0.00 0.00 0.00 7.38 0.00 5.85
1910.00 0.00 0.00 0.00 18.63 0.00 8.95
1920.00 0.00 0.00 0.00 9.88 0.00 6.50
1930.00 0.00 0.00 0.00 10.63 0.00 6.85
1940.00 0.00 0.00 0.00 31.88 0.00 12.10
1950.00 0.00 0.00 0.00 35.75 0.00 14.10
1960.00 0.00 0.00 0.00 5.13 0.00 4.95
1970.00 0.00 0.00 0.00 8.00 0.00 5.90
1980.00 0.00 0.00 0.00 8.25 0.00 6.35
1990.00 0.00 0.00 0.00 48.25 0.00 16.85
2000.00 0.00 0.00 0.00 13.88 0.00 7.50
2010.00 0.00 0.00 0.00 4.50 0.00 5.25
2020.00 0.00 0.00 0.00 29.88 0.00 11.55
2030.00 0.00 0.00 0.00 10.25 0.00 7.00
2040.00 0.00 0.00 0.00 7.88 0.00 5.80
2050.00 0.00 0.00 0.00 7.00 0.00 5.90
2060.00 0.00 0.00 0.00 68.00 0.00 22.05
2070.00 0.00 0.00 0.00 7.38 0.00 6.10
2080.00 0.00 0.00 0.00 11.75 0.00 6.95
2090.00 0.00 0.00 0.00 5.00 0.00 5.35
2100.00 0.00 0.00 0.00 5.00 0.00 5.50
2110.00 0.00 0.00 0.00 16.38 0.00 7.95
2120.00 0.00 0.00 0.00 27.13 0.00 12.05
2130.00 0.00 0.00 0.00 45.38 0.00 14.15
2140.00 0.00 0.00 0.00 9.75 0.00 8.35
2150.00 0.00 0.00 0.00 10.00 0.00 6.15
2160.00 0.00 0.00 0.00 5.63 0.00 5.75
2170.00 0.13 0.00 0.00 9.63 0.00 6.70
2180.00 0.00 0.00 0.00 22.38 0.00 9.25
2190.00 0.00 0.00 0.00 38.50 0.00 14.80
2200.00 0.00 0.00 0.00 10.50 0.00 6.55
2210.00 0.00 0.00 0.00 8.00 0.00 6.10
2220.00 0.00 0.00 0.00 36.00 0.00 13.70
2230.00 0.00 0.00 0.00 10.63 0.00 6.55
2240.00 0.00 0.00 0.00 10.50 0.00 6.80
2250.00 0.00 0.00 0.00 19.13 0.00 9.20
2260.00 0.00 0.00 0.00 16.63 0.00 8.50
2270.00 0.00 0.00 0.00 19.75 0.00 9.25
2280.00 0.00 0.00 0.00 27.75 0.00 11.30
2290.00 0.00 0.00 0.00 10.38 0.00 6.85
2300.00 0.00 0.00 0.00 15.50 0.00 8.20
2310.00 0.00 0.00 0.00 30.13 0.00 12.10
2320.00 0.00 0.00 0.00 15.38 0.00 8.15
2330.00 0.00 0.00 0.00 6.38 0.00 5.35
2340.00 0.00 0.00 0.00 20.00 0.00 9.20
2350.00 0.00 0.00 0.00 27.50 0.00 11.35
2360.00 0.00 0.00 0.00 16.38 0.00 8.20
2370.00 0.00 0.00 0.00 7.75 0.00 6.30
2380.00 0.00 0.00 0.00 7.88 0.00 5.80
2390.00 0.00 0.00 0.00 57.75 0.00 19.55
2400.00 0.00 0.00 0.00 13.13 0.00 7.30
2410.00 0.00 0.00 0.00 5.88 0.00 5.30
2420.00 0.00 0.00 0.00 10.13 0.00 6.80
2430.00 0.00 0.00 0.00 9.13 0.00 6.35
2440.00 0.00 0.00 0.00 15.38 0.00 7.80
2450.00 0.00 0.00 0.00 43.25 0.00 15.70
2460.00 0.00 0.00 0.00 11.75 0.00 7.40
2470.00 0.00 0.00 0.00 9.63 0.00 6.45
2480.00 0.00 0.00 0.00 17.38 0.00 8.15
2490.00 0.00 0.00 0.00 23.75 0.00 10.60
2500.00 0.00 0.00 0.00 15.88 0.00 7.90
2510.00 0.00 0.00 0.00 6.38 0.00 5.90
2520.00 0.00 0.00 0.00 11.13 0.00 6.95
2530.00 0.00 0.00 0.00 72.25 0.00 23.45
2540.00 0.00 0.00 0.00 4.63 0.00 4.95
2550.00 0.00 0.00 0.00 6.25 0.00 5.50
2560.00 0.00 0.00 0.00 7.88 0.00 5.85
2570.00 0.00 0.00 0.00 8.50 0.00 6.45
2580.00 0.00 0.00 0.00 20.00 0.00 8.80
2590.00 0.00 0.00 0.00 41.25 0.00 15.55
2600.00 0.00 0.00 0.00 9.88 0.00 6.35
2610.00 0.00 0.00 0.00 10.88 0.00 6.85
2620.00 0.00 0.00 0.00 12.00 0.00 7.25
2630.00 0.00 0.00 0.00 23.75 0.00 10.15
2640.00 0.00 0.00 0.00 12.00 0.00 7.60
2650.00 0.00 0.00 0.00 29.75 0.00 11.55
2660.00 0.00 0.00 0.00 20.13 0.00 9.05
2670.00 0.00 0.00 0.00 11.63 0.00 7.40
2680.00 0.00 0.00 0.00 8.13 0.00 6.25
2690.00 0.00 0.00 0.00 18.13 0.00 8.25
2700.00 0.00 0.00 0.00 53.50 0.00 18.75
2710.00 0.00 0.00 0.00 6.75 0.00 5.65
2720.00 0.00 0.00 0.00 7.38 0.00 6.15
2730.00 0.00 0.00 0.00 9.75 0.00 6.30
2740.00 0.00 0.00 0.00 9.50 0.00 6.40
2750.00 0.00 0.00 0.00 27.88 0.00 11.25
2760.00 0.00 0.00 0.00 23.75 0.00 10.75
2770.00 0.00 0.00 0.00 31.00 0.00 12.10
2780.00 0.00 0.00 0.00 7.75 0.00 6.10
2790.00 0.00 0.00 0.00 16.63 0.00 8.20
2800.00 0.00 0.00 0.00 13.38 0.00 7.60
2810.00 0.00 0.00 0.00 14.25 0.00 7.95
2820.00 0.00 0.00 0.00 20.88 0.00 9.40
2830.00 0.00 0.00 0.00 18.75 0.00 9.30
2840.00 0.00 0.00 0.00 17.00 0.00 8.20
2850.00 0.00 0.00 0.00 28.38 0.00 11.50
2860.00 0.00 0.00 0.00 10.63 0.00 7.00
2870.00 0.00 0.00 0.00 13.13 0.00 7.25
2880.00 0.00 0.00 0.00 16.88 0.00 8.55
2890.00 0.00 0.00 0.00 12.63 0.00 7.35
2900.00 0.00 0.00 0.00 34.75 0.00 13.30
2910.00 0.00 0.00 0.00 16.00 0.00 8.25
2920.00 0.00 0.00 0.00 13.63 0.00 7.20
2930.00 0.00 0.00 0.00 20.75 0.00 9.90
2940.00 0.00 0.00 0.00 11.88 0.00 7.20
2950.00 0.00 0.00 0.00 7.63 0.00 5.75
2960.00 0.00 0.00 0.00 34.50 0.00 13.20
2970.00 0.00 0.00 0.00 22.38 0.00 10.20
2980.00 0.00 0.00 0.00 8.88 0.00 5.90
2990.00 0.00 0.00 0.00 11.13 0.00 7.10
3000.00 0.00 0.00 0.00 28.88 0.00 11.65
3010.00 0.00 0.00 0.00 15.50 0.00 8.45
3020.00 0.00 0.00 0.00 15.75 0.00 7.65
3030.00 0.00 0.00 0.00 12.13 0.00 7.50
3040.00 0.00 0.00 0.00 40.00 0.00 14.75
3050.00 0.00 0.00 0.00 13.50 0.00 7.45
3060.00 0.00 0.00 0.00 8.00 0.00 5.80
3070.00 0.00 0.00 0.00 22.38 0.00 10.15
3080.00 0.00 0.00 0.00 10.25 0.00 6.85
3090.00 0.00 0.00 0.00 9.38 0.00 6.45
3100.00 0.00 0.00 0.00 18.50 0.00 8.85
3110.00 0.00 0.00 0.00 51.50 0.00 17.85
3120.00 0.00 0.00 0.00 9.75 0.00 6.35
3130.00 0.00 0.00 0.00 7.25 0.00 5.90
3140.00 0.00 0.00 0.00 14.50 0.00 7.60
3150.00 0.00 0.00 0.00 13.00 0.00 7.25
3160.00 0.00 0.00 0.00 44.88 0.00 16.50
3170.00 0.00 0.00 0.00 6.63 0.00 5.55
3180.00 0.00 0.00 0.00 6.13 0.00 5.45
3190.00 0.00 0.00 0.00 5.38 0.00 5.30
3200.00 0.00 0.00 0.00 55.25 0.00 18.55
3210.00 0.00 0.00 0.00 11.63 0.00 7.15
3220.00 0.00 0.00 0.00 7.75 0.00 6.25
3230.00 0.00 0.00 0.00 11.00 0.00 6.70
3240.00 0.00 0.00 0.00 17.38 0.00 8.30
3250.00 0.00 0.00 0.00 19.50 0.00 9.55
3260.00 0.00 0.00 0.00 28.88 0.00 11.80
3270.00 0.00 0.00 0.00 19.88 0.00 9.00
3280.00 0.00 0.00 0.00 10.88 0.00 6.65
3290.00 0.00 0.00 0.00 18.13 0.00 9.00
3300.00 0.00 0.00 0.00 10.00 0.00 6.90
3310.00 0.00 0.00 0.00 20.75 0.00 9.50
3320.00 0.00 0.00 0.00 12.50 0.00 7.60
3330.00 0.00 0.00 0.00 35.75 0.00 13.30
3340.00 0.00 0.00 0.00 21.00 0.00 9.65
3350.00 0.00 0.00 0.00 13.88 0.00 7.45
3360.00 0.00 0.00 0.00 8.00 0.00 6.25
3370.00 0.00 0.00 0.00 6.00 0.00 5.75
3380.00 0.00 0.00 0.00 26.00 0.00 10.35
3390.00 0.00 0.00 0.00 25.75 0.00 10.85
3400.00 0.00 0.00 0.00 20.50 0.00 9.90
3410.00 0.00 0.00 0.00 19.13 0.00 8.75
3420.00 0.00 0.00 0.00 9.25 0.00 6.40
3430.00 0.00 0.00 0.00 9.38 0.00 6.15
3440.00 0.00 0.00 0.00 28.38 0.00 12.05
3450.00 0.00 0.00 0.00 34.00 0.00 13.25
3460.00 0.00 0.00 0.00 11.00 0.00 6.65
3470.00 0.00 0.00 0.00 6.50 0.00 5.80
3480.00 0.00 0.00 0.00 13.38 0.00 6.80
3490.00 0.00 0.00 0.00 22.00 0.00 10.40
3500.00 0.00 0.00 0.00 17.50 0.00 8.80
3510.00 0.00 0.00 0.00 24.25 0.00 10.75
3520.00 0.00 0.00 0.00 21.00 0.00 8.45
3530.00 0.00 0.00 0.00 17.38 0.00 9.65
3540.00 0.00 0.00 0.00 15.63 0.00 8.15
3550.00 0.00 0.00 0.00 15.38 0.00 7.90
3560.00 0.00 0.00 0.00 18.50 0.00 9.35
3570.00 0.00 0.00 0.00 6.63 0.00 5.40
3580.00 0.00 0.00 0.00 15.63 0.00 7.95
3590.00 0.00 0.00 0.00 46.88 0.00 16.80
3600.00 0.00 0.00 0.00 14.38 0.00 7.40
3610.00 0.00 0.00 0.00 10.13 0.00 6.80
3620.00 0.00 0.00 0.00 10.00 0.00 6.55
3630.00 0.00 0.00 0.00 18.25 0.00 8.80
3640.00 0.00 0.00 0.00 23.13 0.00 9.25
3650.00 0.00 0.00 0.00 20.88 0.00 10.50
3660.00 0.00 0.00 0.00 19.13 0.00 8.80
3670.00 0.00 0.00 0.00 19.75 0.00 9.50
3680.00 0.00 0.00 0.00 12.50 0.00 7.15
3690.00 0.00 0.00 0.00 17.25 0.00 8.60
3700.00 0.00 0.00 0.00 31.00 0.00 12.60
3710.00 0.00 0.00 0.00 10.25 0.00 6.65
3720.00 0.00 0.00 0.00 17.88 0.00 8.45
3730.00 0.00 0.00 0.00 16.88 0.00 8.65
3740.00 0.00 0.00 0.00 26.13 0.00 11.15
3750.00 0.00 0.00 0.00 7.63 0.00 5.30
3760.00 0.00 0.00 0.00 18.63 0.00 9.05
3770.00 0.00 0.00 0.00 12.38 0.00 7.65
3780.00 0.00 0.00 0.00 43.25 0.00 15.55
3790.00 0.00 0.00 0.00 13.25 0.00 7.50
3800.00 0.00 0.00 0.00 3.75 0.00 4.75
3810.00 0.00 0.00 0.00 8.00 0.00 6.05
3820.00 0.00 0.00 0.00 9.88 0.00 6.75
3830.00 0.00 0.00 0.00 65.75 0.00 21.60
3840.00 0.00 0.00 0.00 6.00 0.00 5.35
3850.00 0.00 0.00 0.00 7.75 0.00 5.85
3860.00 0.00 0.00 0.00 7.25 0.00 5.85
3870.00 0.00 0.00 0.00 7.38 0.00 5.85
3880.00 0.00 0.00 0.00 45.88 0.00 16.30
3890.00 0.00 0.00 0.00 20.00 0.00 9.00
3900.00 0.00 0.00 0.00 11.50 0.00 7.15
3910.00 0.00 0.00 0.00 14.13 0.00 7.95
3920.00 0.00 0.00 0.00 16.38 0.00 8.10
3930.00 0.00 0.00 0.00 8.25 0.00 6.30
3940.00 0.00 0.00 0.00 17.38 0.00 8.40
3950.00 0.00 0.00 0.00 14.50 0.00 7.90
3960.00 0.00 0.00 0.00 18.75 0.00 8.50
3970.00 0.00 0.00 0.00 55.25 0.00 19.10
3980.00 0.00 0.00 0.00 4.38 0.00 4.95
3990.00 0.00 0.00 0.00 6.25 0.00 5.45
4000.00 0.00 0.00 0.00 8.38 0.00 6.25
