10.00 0.75 0.50 0.13 0.50 0.38 5.15
20.00 0.75 0.75 0.63 0.00 0.00 5.05
30.00 0.13 0.38 0.50 0.25 0.75 4.90
40.00 0.38 0.75 0.38 0.13 0.38 5.10
50.00 0.38 0.50 0.25 0.63 0.63 5.10
60.00 0.25 0.38 0.38 0.25 0.38 5.15
70.00 0.25 0.50 0.63 0.38 0.38 5.05
80.00 0.38 0.63 0.50 0.13 0.63 4.80
90.00 0.25 0.50 0.38 0.63 0.50 5.15
100.00 0.38 0.75 0.13 0.50 0.25 4.80
110.00 0.38 1.13 0.38 0.63 0.00 5.35
120.00 0.25 0.63 0.50 0.63 0.25 5.05
130.00 0.50 0.38 0.13 0.25 0.63 4.60
140.00 0.13 0.50 0.38 0.50 0.25 5.00
150.00 0.00 0.75 0.50 0.13 0.50 5.15
160.00 0.63 0.63 0.63 0.25 0.50 4.90
170.00 0.63 0.13 1.13 0.25 0.38 4.95
180.00 0.38 0.13 0.88 0.25 0.38 5.15
190.00 0.38 0.25 0.13 0.25 0.00 4.85
200.00 0.50 0.50 0.13 1.13 0.38 5.25
210.00 0.88 0.50 0.50 0.50 0.75 5.05
220.00 0.00 0.50 0.13 0.63 0.63 4.90
230.00 0.63 0.88 1.25 0.38 0.38 5.25
240.00 0.63 0.13 0.38 0.25 0.75 4.95
250.00 0.25 0.25 0.50 0.13 1.00 4.90
260.00 0.63 0.38 0.13 0.50 1.00 5.10
270.00 0.13 0.50 0.38 1.13 0.13 5.00
280.00 0.50 0.88 0.38 0.13 0.63 5.00
290.00 0.13 0.50 0.50 0.63 0.25 4.90
300.00 0.25 0.38 0.25 0.63 0.25 4.70
310.00 0.50 0.75 0.25 0.38 0.63 5.00
320.00 0.50 0.25 0.50 0.25 0.50 5.10
330.00 0.50 0.38 0.13 0.63 0.63 5.15
340.00 0.63 0.25 0.13 0.25 0.50 4.95
350.00 0.50 0.50 0.38 0.75 0.75 4.95
360.00 0.25 0.50 0.75 0.00 0.13 4.75
370.00 0.75 0.38 0.75 0.25 0.13 5.20
380.00 0.38 0.25 0.63 0.75 0.25 4.70
390.00 0.50 0.13 0.25 0.50 0.00 5.00
400.00 0.38 0.63 0.63 0.63 0.25 5.05
410.00 1.00 0.50 0.38 0.38 0.38 5.20
420.00 0.50 0.25 0.63 0.25 0.63 4.55
430.00 0.38 0.38 0.38 0.50 0.63 5.25
440.00 0.88 0.13 0.38 0.75 0.63 5.00
450.00 0.75 0.38 0.13 0.75 0.25 5.05
460.00 0.75 0.38 0.25 0.50 0.75 4.95
470.00 0.88 0.63 0.50 0.38 0.13 4.95
480.00 0.25 0.25 0.25 0.50 0.13 5.00
490.00 0.63 0.00 1.13 0.00 0.38 5.05
500.00 0.50 0.25 0.75 0.38 0.38 4.75
510.00 0.25 0.50 0.25 0.50 0.63 5.20
520.00 0.88 0.25 0.50 0.25 1.13 5.25
530.00 0.50 0.13 0.63 0.00 0.50 4.70
540.00 0.75 0.50 0.38 0.63 0.25 5.05
550.00 0.50 0.38 0.25 0.75 0.50 5.15
560.00 0.38 0.88 0.25 0.38 0.25 4.95
570.00 0.50 0.63 0.63 0.13 0.63 5.05
580.00 0.88 0.38 0.38 0.50 0.13 4.90
590.00 0.25 0.50 0.25 0.63 0.13 5.05
600.00 0.88 0.38 0.50 0.38 1.00 5.15
610.00 0.50 0.38 0.75 0.75 0.38 4.90
620.00 0.50 0.63 0.88 0.38 0.13 5.00
630.00 0.50 0.38 0.75 0.88 0.38 4.90
640.00 0.38 0.00 0.50 0.50 0.13 4.70
650.00 0.63 0.63 0.38 0.50 0.25 5.15
660.00 0.38 0.50 0.13 0.50 0.50 4.90
670.00 1.00 0.75 0.50 0.38 0.38 5.45
680.00 0.75 0.63 1.00 0.00 0.38 4.75
690.00 0.50 0.50 1.00 0.13 0.63 5.15
700.00 0.88 0.50 0.38 0.38 0.13 5.15
710.00 0.25 1.00 0.25 0.38 0.63 4.70
720.00 1.00 0.75 0.25 0.50 0.25 5.35
730.00 0.50 0.50 0.25 0.38 0.13 4.80
740.00 0.88 0.38 0.88 0.63 0.25 5.10
750.00 0.63 0.25 0.38 0.50 0.63 5.15
760.00 0.38 0.25 0.25 0.00 0.50 4.90
770.00 0.25 0.25 0.88 0.75 0.25 4.85
780.00 0.50 0.13 0.25 0.50 0.38 5.15
790.00 0.50 1.00 0.50 0.13 0.00 4.90
800.00 0.50 0.38 0.13 0.00 0.63 4.85
810.00 0.88 0.75 0.38 0.38 0.13 5.10
820.00 0.25 0.25 0.50 0.13 0.13 4.95
830.00 0.25 0.50 0.13 0.63 1.25 5.00
840.00 0.38 0.13 0.38 1.13 0.63 5.30
850.00 0.13 0.25 0.38 0.63 0.63 4.65
860.00 0.50 0.13 0.38 0.63 1.00 5.30
870.00 0.25 0.25 0.25 0.38 0.38 4.75
880.00 0.13 0.25 0.50 0.88 0.25 4.95
890.00 0.50 0.25 0.38 0.25 0.88 5.10
900.00 0.75 0.38 0.63 0.38 0.75 4.75
910.00 0.13 0.50 0.88 0.38 0.13 4.95
920.00 0.88 0.38 0.38 0.25 1.00 5.10
930.00 0.25 0.25 0.00 0.25 1.13 5.15
940.00 1.13 0.75 0.00 0.75 0.50 4.75
950.00 0.25 1.13 0.13 0.38 0.00 5.15
960.00 0.25 0.50 0.25 0.50 0.38 4.70
970.00 1.00 0.25 0.25 0.50 0.38 5.20
980.00 0.38 0.25 0.63 0.38 0.63 4.75
990.00 0.25 0.75 0.63 0.13 0.38 5.35
1000.00 0.88 0.38 0.38 0.38 0.38 4.90
1010.00 0.13 0.00 0.50 0.00 0.38 4.75
1020.00 0.50 0.75 0.13 0.38 0.25 5.25
1030.00 0.63 0.00 1.25 0.25 0.00 4.90
1040.00 0.75 0.50 0.63 0.25 0.38 5.00
1050.00 0.63 0.50 0.25 0.25 0.50 5.15
1060.00 0.25 0.63 0.25 0.38 0.38 4.80
1070.00 0.13 0.75 1.00 0.75 0.25 5.10
1080.00 0.00 0.13 0.88 0.00 0.50 5.05
1090.00 0.13 0.38 1.00 0.25 0.38 4.90
1100.00 0.75 0.13 0.38 0.75 0.13 4.95
1110.00 0.50 0.38 0.25 0.88 0.13 4.90
1120.00 0.50 0.13 0.75 0.25 1.00 5.40
1130.00 0.25 0.00 0.38 0.50 0.38 4.75
1140.00 0.75 0.13 0.25 0.38 0.75 5.00
1150.00 0.38 0.38 0.38 0.50 0.25 4.90
1160.00 0.38 0.50 0.25 0.75 0.63 5.25
1170.00 0.50 0.63 0.25 0.38 0.38 4.90
1180.00 0.13 0.75 0.38 0.63 0.38 5.00
1190.00 0.50 0.63 0.88 0.88 0.38 5.10
1200.00 0.88 0.13 0.88 0.63 0.63 5.00
1210.00 0.50 0.88 0.25 0.38 0.25 5.00
1220.00 0.75 0.38 0.63 0.25 0.50 5.00
1230.00 0.88 1.00 0.50 0.38 0.13 5.10
1240.00 0.75 0.13 0.63 0.13 0.50 5.30
1250.00 0.63 0.25 0.13 0.13 0.38 4.55
1260.00 0.75 0.25 0.38 0.13 1.25 5.15
1270.00 0.75 0.38 0.38 0.50 0.75 5.05
1280.00 0.63 0.75 0.50 0.00 0.38 4.60
1290.00 0.25 0.63 0.38 0.25 0.63 5.05
1300.00 0.50 0.13 0.25 0.13 1.13 4.80
1310.00 0.25 1.00 0.50 0.25 0.38 5.00
1320.00 0.75 0.75 0.75 0.13 0.63 5.35
1330.00 0.25 0.50 0.63 0.25 0.13 5.30
1340.00 0.13 0.50 0.50 0.13 0.50 4.90
1350.00 0.00 0.38 0.38 0.13 0.38 4.90
1360.00 0.25 0.25 0.50 0.25 0.38 5.10
1370.00 0.50 0.25 0.88 0.50 0.50 5.00
1380.00 0.25 0.38 0.38 0.50 0.38 5.00
1390.00 0.38 0.38 0.38 0.00 0.63 5.00
1400.00 0.50 0.38 0.38 0.13 0.50 5.15
1410.00 0.13 0.88 0.13 0.50 0.25 4.70
1420.00 0.38 0.50 1.00 0.75 0.88 5.35
1430.00 0.38 0.38 0.50 0.13 0.63 4.85
1440.00 0.38 0.50 1.00 0.38 0.50 4.90
1450.00 0.75 0.38 0.25 0.38 0.13 4.95
1460.00 1.00 0.50 0.63 0.50 0.13 5.05
1470.00 0.00 0.75 0.38 0.38 0.38 4.95
1480.00 0.75 0.25 0.63 0.38 1.00 5.05
1490.00 0.38 0.00 0.25 0.13 0.38 5.05
1500.00 0.50 0.00 0.13 0.50 0.50 4.85
1510.00 1.13 0.50 0.38 0.13 0.00 5.05
1520.00 0.25 0.38 0.38 0.63 0.88 4.90
1530.00 0.13 0.25 0.63 0.50 0.38 5.00
1540.00 0.25 1.13 0.00 0.50 0.50 5.25
1550.00 1.00 0.75 0.25 0.25 0.63 5.00
1560.00 0.25 0.50 0.50 0.25 1.00 4.95
1570.00 0.25 0.50 0.63 0.38 0.50 4.80
1580.00 0.63 0.88 0.38 0.25 0.63 5.05
1590.00 0.38 0.38 0.38 0.50 0.75 4.95
1600.00 0.25 0.38 0.63 0.13 0.75 5.20
1610.00 0.38 0.13 0.88 0.63 0.13 4.95
1620.00 0.75 0.25 0.38 0.38 0.25 5.15
1630.00 0.25 0.13 0.38 1.25 0.25 4.85
1640.00 0.25 0.75 0.63 0.63 0.38 5.00
1650.00 0.38 0.00 0.25 0.50 0.25 4.80
1660.00 0.13 0.13 1.00 0.75 0.50 5.15
1670.00 0.38 0.13 0.50 0.25 0.50 5.05
1680.00 0.38 0.25 0.63 0.75 0.38 4.75
1690.00 0.38 0.13 0.63 0.63 0.38 5.15
1700.00 0.63 0.00 0.88 0.38 0.50 4.95
1710.00 0.75 0.13 0.38 0.38 0.25 5.00
1720.00 0.63 0.38 0.25 0.38 0.88 4.95
1730.00 1.00 0.50 0.13 0.38 0.13 4.95
1740.00 0.13 0.38 0.00 0.50 0.38 5.10
1750.00 0.63 0.38 0.00 0.63 0.38 4.65
1760.00 0.38 0.25 0.13 0.88 0.38 5.30
1770.00 0.38 0.25 0.63 0.38 0.13 4.90
1780.00 0.38 0.38 0.63 1.00 0.38 5.05
1790.00 0.63 0.75 0.13 0.25 0.63 5.15
1800.00 0.25 0.50 0.88 0.75 0.50 4.85
1810.00 0.25 1.00 0.25 1.13 0.25 4.95
1820.00 1.13 0.13 0.63 0.13 0.38 5.55
1830.00 0.50 0.38 0.13 0.13 0.25 4.65
1840.00 0.25 0.38 0.63 0.50 0.38 5.10
1850.00 0.25 0.25 0.50 0.50 0.50 4.75
1860.00 0.38 0.13 0.25 0.38 0.38 4.80
1870.00 0.25 0.38 0.38 0.75 0.38 5.15
1880.00 0.25 0.63 0.50 0.13 0.50 5.15
1890.00 0.25 0.88 0.75 0.50 0.63 5.30
1900.00 0.38 0.25 0.50 0.25 0.13 4.75
1910.00 0.25 0.25 0.63 1.00 0.13 5.20
1920.00 0.50 0.50 0.13 0.25 0.38 4.65
1930.00 0.25 0.38 0.25 0.13 0.38 5.00
1940.00 0.50 0.50 0.50 0.38 0.75 4.95
1950.00 0.63 0.25 0.50 0.25 0.75 5.15
1960.00 0.50 0.50 0.00 0.25 0.50 4.70
1970.00 0.75 0.25 0.25 0.38 0.88 5.10
1980.00 1.25 0.25 0.88 0.50 0.25 5.15
1990.00 0.50 0.50 0.38 0.50 0.50 5.20
2000.00 0.25 0.63 0.38 0.38 0.50 5.00
2010.00 0.38 0.75 0.13 0.63 0.63 4.95
2020.00 0.25 0.50 0.50 0.50 0.50 5.00
2030.00 0.13 0.00 0.63 0.88 0.50 4.90
2040.00 0.25 0.13 0.38 0.13 0.38 5.05
2050.00 0.38 0.50 0.50 0.50 0.38 5.00
2060.00 0.63 0.38 0.50 0.25 0.63 5.00
2070.00 0.63 0.25 0.50 0.50 0.50 5.10
2080.00 0.50 0.25 0.75 0.38 0.25 4.75
2090.00 0.38 0.63 1.00 0.13 0.25 5.00
2100.00 1.25 0.38 0.25 0.63 0.50 5.05
2110.00 0.25 0.38 0.75 0.50 0.50 5.20
2120.00 0.50 0.25 0.25 0.25 1.25 5.05
2130.00 0.00 0.25 0.50 0.63 0.38 4.95
2140.00 0.25 0.25 0.50 0.50 0.13 4.80
2150.00 0.50 0.63 0.38 0.50 0.50 5.10
2160.00 0.50 0.38 1.13 0.13 0.38 5.15
2170.00 0.00 0.25 0.38 0.25 0.25 4.80
2180.00 0.25 0.75 0.13 0.75 0.75 4.90
2190.00 0.25 0.38 0.50 0.50 0.63 5.25
2200.00 0.38 0.75 0.88 0.38 0.38 4.90
2210.00 0.00 0.13 0.25 0.50 0.50 4.85
2220.00 0.63 0.50 0.75 0.88 0.38 5.10
2230.00 0.13 0.38 0.38 0.38 0.13 5.00
2240.00 0.63 0.25 0.00 0.00 0.75 5.00
2250.00 0.63 0.38 0.38 0.25 0.13 5.05
2260.00 0.25 0.50 0.25 0.50 0.75 5.00
2270.00 0.50 0.63 0.50 0.63 0.63 5.15
2280.00 0.63 0.38 0.38 0.75 0.50 4.95
2290.00 0.88 0.50 0.38 0.25 0.63 5.05
2300.00 0.50 0.63 0.38 0.25 0.50 4.90
2310.00 0.25 0.50 0.88 0.38 0.25 5.15
2320.00 0.50 0.63 0.50 1.13 0.38 4.80
2330.00 0.00 0.38 0.50 0.63 0.75 5.20
2340.00 0.63 0.50 0.50 0.50 0.25 5.00
2350.00 0.25 0.38 0.25 1.00 0.50 5.25
2360.00 0.38 0.63 0.13 0.63 0.13 4.90
2370.00 0.38 0.63 0.50 0.25 0.25 5.05
2380.00 0.38 0.50 0.75 0.25 0.25 4.90
2390.00 0.38 0.63 1.13 0.38 0.50 4.95
2400.00 0.63 0.25 0.25 0.13 0.25 5.25
2410.00 0.75 0.88 0.25 0.13 0.25 4.75
2420.00 0.38 0.38 0.63 0.50 0.75 5.05
2430.00 0.38 0.13 0.38 0.63 0.88 4.95
2440.00 0.38 0.00 0.25 0.75 0.75 4.90
2450.00 0.25 0.75 0.13 0.88 0.63 5.25
2460.00 0.63 0.63 0.50 0.25 0.63 5.05
2470.00 0.63 0.13 0.38 0.75 0.13 4.85
2480.00 0.38 0.25 0.00 0.63 0.38 4.95
2490.00 0.25 0.00 0.75 0.38 1.00 5.00
2500.00 0.50 0.63 0.13 0.63 0.50 5.40
2510.00 0.25 0.50 0.63 0.38 0.38 4.50
2520.00 0.38 0.25 0.38 0.38 0.25 5.05
2530.00 0.25 0.38 0.50 0.50 0.75 5.25
2540.00 0.50 0.63 0.63 0.50 0.00 4.80
2550.00 1.00 0.25 0.13 0.13 0.13 5.20
2560.00 0.25 0.25 0.63 0.25 0.50 4.80
2570.00 0.25 1.00 1.25 0.50 0.38 5.15
2580.00 0.25 0.50 0.25 0.38 0.38 4.85
2590.00 0.75 0.50 0.50 0.63 0.38 5.05
2600.00 0.25 0.25 0.75 0.63 0.13 5.10
2610.00 0.13 0.38 0.63 0.50 0.50 4.80
2620.00 0.25 0.50 0.50 0.75 0.13 4.90
2630.00 0.00 0.63 0.25 0.38 1.13 5.30
2640.00 0.38 0.63 0.25 1.00 0.75 5.00
2650.00 0.25 0.38 0.25 0.38 0.63 4.85
2660.00 0.75 0.88 0.25 0.38 0.75 5.35
2670.00 0.88 0.38 0.13 0.13 0.75 4.75
2680.00 0.88 0.13 0.63 0.88 0.50 4.95
2690.00 0.25 0.38 0.50 0.75 0.38 5.15
2700.00 1.00 0.50 0.50 0.75 0.50 4.95
2710.00 1.25 0.13 0.25 0.25 0.25 4.90
2720.00 1.00 0.50 0.75 0.38 0.50 5.35
2730.00 0.63 0.00 0.75 0.63 0.38 4.70
2740.00 0.88 0.38 0.63 1.00 0.13 5.05
2750.00 0.25 0.25 0.25 0.25 0.50 5.25
2760.00 0.25 0.25 0.38 0.13 0.50 4.60
2770.00 0.13 0.50 1.00 0.25 0.38 4.90
2780.00 0.13 0.13 0.75 0.13 0.50 4.95
2790.00 0.13 0.88 0.50 0.63 0.13 5.05
2800.00 0.13 0.50 0.63 0.75 0.50 5.05
2810.00 0.50 0.00 0.38 0.38 0.75 4.85
2820.00 0.63 0.13 0.38 0.63 0.88 5.25
2830.00 0.88 0.25 0.75 0.00 0.38 4.80
2840.00 0.50 0.25 0.75 0.50 0.38 5.20
2850.00 0.13 0.25 0.50 0.50 0.50 4.75
2860.00 0.63 0.38 0.25 0.63 0.75 5.40
2870.00 0.63 0.00 0.13 0.25 0.63 4.80
2880.00 1.00 0.25 0.50 0.13 1.13 5.15
2890.00 0.38 0.50 0.25 0.50 1.00 5.15
2900.00 0.63 0.38 0.50 0.25 0.50 4.90
2910.00 0.63 0.13 0.38 0.25 0.88 5.15
2920.00 0.25 0.25 0.38 0.38 0.75 4.55
2930.00 0.63 0.38 0.50 0.25 0.63 5.20
2940.00 0.13 0.50 0.38 0.50 0.25 4.85
2950.00 0.50 0.50 0.13 0.38 0.38 5.25
2960.00 0.25 0.25 0.63 0.13 0.50 4.80
2970.00 0.50 0.25 0.63 0.25 0.63 4.75
2980.00 0.75 1.00 0.63 0.25 0.38 5.00
2990.00 0.63 0.88 0.13 0.50 0.50 5.25
3000.00 0.63 0.13 0.25 0.38 0.50 4.95
3010.00 0.25 0.38 0.50 0.38 0.13 5.00
3020.00 0.38 0.63 0.25 1.00 0.63 5.15
3030.00 0.38 0.75 0.50 0.13 0.50 5.00
3040.00 0.63 0.13 0.38 0.38 0.38 5.10
3050.00 0.38 0.13 0.25 0.25 0.25 4.65
3060.00 0.50 0.38 0.50 0.88 0.25 5.05
3070.00 0.25 1.13 0.63 0.50 0.63 5.15
3080.00 0.63 0.88 0.25 0.25 0.50 5.05
3090.00 0.50 0.50 0.88 0.25 0.13 4.70
3100.00 0.25 0.00 0.25 0.50 0.25 5.05
3110.00 0.63 0.38 0.63 1.25 0.50 5.00
3120.00 0.63 0.25 0.25 0.50 0.50 5.15
3130.00 0.38 0.25 0.50 0.88 0.13 5.10
3140.00 0.25 0.00 0.63 1.13 0.50 4.75
3150.00 0.75 0.25 0.25 0.25 0.25 5.00
3160.00 0.38 0.63 0.25 0.38 0.63 5.05
3170.00 0.25 0.38 0.00 0.13 0.63 4.95
3180.00 0.63 0.75 0.38 0.50 0.38 5.00
3190.00 0.13 0.25 0.38 0.75 0.13 4.95
3200.00 0.50 0.63 0.63 0.75 0.63 5.10
3210.00 0.75 1.00 0.13 0.25 0.38 5.10
3220.00 0.13 0.38 1.00 0.13 0.38 4.95
3230.00 0.25 0.13 0.75 0.25 0.63 5.00
3240.00 0.13 0.63 0.25 0.25 0.63 4.75
3250.00 0.50 0.00 0.50 0.63 1.00 5.35
3260.00 0.38 0.13 0.88 0.38 0.50 4.90
3270.00 1.50 0.50 0.25 0.63 0.38 5.50
3280.00 0.75 0.38 0.38 0.63 0.63 4.60
3290.00 0.63 0.38 0.38 0.25 0.00 5.00
3300.00 0.63 0.13 0.88 0.75 0.25 5.00
3310.00 0.88 0.25 0.38 0.13 0.38 5.25
3320.00 0.00 0.38 0.13 0.25 1.25 4.70
3330.00 0.13 0.38 0.38 0.25 1.13 5.10
3340.00 0.50 0.38 0.50 0.38 0.50 4.80
3350.00 0.25 0.63 0.25 0.63 1.00 5.35
3360.00 0.50 0.00 0.63 0.50 0.75 5.05
3370.00 0.63 0.25 1.00 0.50 0.63 4.95
3380.00 0.50 0.63 0.50 0.25 0.25 4.85
3390.00 0.50 0.88 0.63 0.38 0.25 4.95
3400.00 0.25 0.38 0.13 0.50 0.75 5.05
3410.00 0.50 0.25 0.50 0.38 0.63 5.10
3420.00 0.25 0.75 0.38 0.25 0.13 4.95
3430.00 0.50 1.13 0.38 0.25 0.13 5.05
3440.00 0.38 0.13 0.13 0.50 0.50 4.75
3450.00 0.50 0.13 0.63 0.13 0.63 5.20
3460.00 0.88 0.13 0.25 1.38 0.25 5.00
3470.00 0.88 0.50 0.75 1.00 0.25 5.30
3480.00 0.50 0.25 0.13 0.25 0.75 4.70
3490.00 0.50 0.00 0.38 0.38 0.75 5.10
3500.00 0.50 0.50 0.25 0.50 0.50 5.15
3510.00 0.63 0.88 0.13 0.50 0.25 4.90
3520.00 1.00 0.13 0.38 0.25 0.38 4.95
3530.00 0.00 0.75 0.63 0.38 0.63 4.90
3540.00 0.75 0.50 0.50 0.75 0.75 5.60
3550.00 0.13 0.50 0.13 0.75 0.38 4.80
3560.00 0.38 0.88 0.25 0.25 0.38 5.35
3570.00 0.50 0.25 0.63 0.25 0.25 4.85
3580.00 0.75 0.13 0.50 0.25 0.25 4.70
3590.00 0.63 0.50 0.63 0.63 0.38 5.30
3600.00 0.50 0.25 0.50 0.63 0.38 4.75
3610.00 0.38 0.25 0.25 1.13 0.25 4.70
3620.00 0.75 0.38 0.38 0.38 0.63 5.30
3630.00 0.75 0.38 0.50 0.50 0.63 5.10
3640.00 1.00 0.38 0.25 0.50 0.25 5.00
3650.00 0.75 0.50 0.13 0.13 0.50 4.95
3660.00 0.50 0.50 0.63 0.63 0.25 5.25
3670.00 0.88 0.50 0.13 0.38 0.75 4.90
3680.00 0.38 0.25 0.25 0.63 0.38 5.05
3690.00 0.25 0.88 0.25 0.13 0.63 5.10
3700.00 0.38 0.50 0.00 0.13 1.00 4.75
3710.00 1.00 0.63 0.25 0.38 0.38 5.15
3720.00 0.88 0.38 0.50 0.25 0.25 5.15
3730.00 0.88 0.25 0.00 0.38 1.25 4.80
3740.00 0.13 0.50 0.00 0.50 0.63 5.05
3750.00 0.13 0.50 0.38 0.38 0.63 4.70
3760.00 0.38 0.38 0.25 0.75 1.25 5.20
3770.00 0.25 0.38 0.25 0.88 0.25 5.05
3780.00 0.88 0.25 0.38 0.38 0.63 5.00
3790.00 0.25 0.50 0.50 0.75 0.38 4.85
3800.00 0.50 0.63 0.25 0.63 0.50 5.00
3810.00 0.13 0.25 0.50 0.50 0.13 4.95
3820.00 0.75 0.50 0.88 1.00 0.50 5.00
3830.00 0.50 0.75 0.38 0.25 0.25 5.05
3840.00 0.38 0.25 0.13 0.88 0.38 5.15
3850.00 0.50 0.63 0.63 0.13 0.00 4.60
3860.00 0.50 0.25 0.63 0.50 0.63 5.25
3870.00 0.75 0.50 0.75 0.13 0.38 4.95
3880.00 0.13 0.13 0.38 0.13 0.63 5.00
3890.00 0.50 0.63 0.25 0.00 0.00 4.95
3900.00 0.50 0.25 0.50 0.25 0.75 4.85
3910.00 0.63 0.63 0.13 0.25 0.75 5.30
3920.00 0.25 0.38 0.38 0.50 0.50 5.05
3930.00 0.50 0.25 0.25 0.63 0.38 4.85
3940.00 0.13 0.38 0.13 0.75 1.25 4.95
3950.00 0.38 0.75 0.13 1.00 0.25 4.90
3960.00 0.63 0.13 0.88 0.63 0.50 5.15
3970.00 0.25 0.25 0.13 1.00 0.25 5.00
3980.00 0.63 0.38 0.38 0.38 0.25 5.00
3990.00 0.63 0.50 0.63 0.13 0.25 5.05
4000.00 0.50 0.13 0.00 0.25 0.63 4.90
