10.00 -0.6282 -0.6261 -0.6159 -0.6341 -0.6241 -0.4099
20.00 -0.4769 -0.4629 -0.4634 -0.4641 -0.4608 -0.3169
30.00 -0.4710 -0.4597 -0.4656 -0.4655 -0.4612 -0.3099
40.00 -0.4692 -0.4908 -0.4838 -0.4775 -0.4700 -0.3105
50.00 -0.4847 -0.4732 -0.4668 -0.4823 -0.4799 -0.3183
60.00 -0.4636 -0.4623 -0.4453 -0.4549 -0.4615 -0.3086
70.00 -0.4747 -0.4608 -0.4777 -0.4775 -0.4578 -0.3095
80.00 -0.5319 -0.5321 -0.5282 -0.5165 -0.5271 -0.3272
90.00 -0.4499 -0.4603 -0.4527 -0.4551 -0.4611 -0.3068
100.00 -0.4648 -0.4646 -0.4585 -0.4671 -0.4631 -0.2979
110.00 -0.5205 -0.5264 -0.4981 -0.5135 -0.5174 -0.3435
120.00 -0.4633 -0.4602 -0.4588 -0.4613 -0.4587 -0.2982
130.00 -0.4796 -0.4648 -0.4596 -0.4539 -0.4661 -0.3025
140.00 -0.4711 -0.4700 -0.4688 -0.4563 -0.4650 -0.2975
150.00 -0.5156 -0.4979 -0.5173 -0.5128 -0.5083 -0.3385
160.00 -0.4865 -0.4772 -0.4716 -0.4838 -0.4680 -0.3176
170.00 -0.4404 -0.4575 -0.4453 -0.4507 -0.4554 -0.2910
180.00 -0.4891 -0.4884 -0.5033 -0.4899 -0.5033 -0.3096
190.00 -0.4837 -0.4816 -0.4871 -0.4862 -0.4854 -0.3256
200.00 -0.4702 -0.4619 -0.4789 -0.4731 -0.4798 -0.3133
210.00 -0.4722 -0.4623 -0.4675 -0.4553 -0.4717 -0.3022
