10.00	0.24000	0.24101	0.24068	0.23921	0.24083	
20.00	0.24044	0.24074	0.24053	0.23931	0.24105	
30.00	0.24036	0.24069	0.24040	0.23963	0.24101	
40.00	0.24077	0.24072	0.24023	0.23947	0.24082	
50.00	0.24101	0.24086	0.24024	0.23940	0.24074	
60.00	0.24079	0.24121	0.24030	0.23933	0.24065	
70.00	0.24077	0.24096	0.24014	0.23928	0.24038	
80.00	0.24078	0.24109	0.24005	0.23902	0.24025	
90.00	0.24116	0.24084	0.24002	0.23929	0.24022	
100.00	0.24156	0.24083	0.23986	0.23947	0.24009	
110.00	0.24146	0.24083	0.23973	0.23979	0.24006	
120.00	0.24119	0.24074	0.23995	0.23974	0.23983	
130.00	0.24141	0.24076	0.23985	0.24035	0.23989	
140.00	0.24150	0.24081	0.23978	0.24060	0.23975	
150.00	0.24156	0.24070	0.23991	0.24077	0.23949	
160.00	0.24153	0.24044	0.24004	0.24118	0.23927	
170.00	0.24138	0.24061	0.24013	0.24126	0.23945	
180.00	0.24145	0.24069	0.24032	0.24136	0.23927	
190.00	0.24143	0.24061	0.24049	0.24125	0.23956	
200.00	0.24179	0.24062	0.24081	0.24148	0.23994	
210.00	0.24183	0.24067	0.24065	0.24163	0.23988	
220.00	0.24158	0.24106	0.24041	0.24195	0.23970	
230.00	0.24138	0.24090	0.24021	0.24202	0.23969	
240.00	0.24141	0.24109	0.24043	0.24174	0.23959	
250.00	0.24117	0.24100	0.24048	0.24159	0.23953	
260.00	0.24129	0.24085	0.24025	0.24139	0.23933	
270.00	0.24129	0.24089	0.24066	0.24139	0.23989	
280.00	0.24121	0.24078	0.24067	0.24118	0.23993	
290.00	0.24147	0.24099	0.24049	0.24103	0.24003	
300.00	0.24150	0.24079	0.24052	0.24103	0.23977	
310.00	0.24126	0.24065	0.24054	0.24109	0.23979	
320.00	0.24134	0.24038	0.24070	0.24106	0.24002	
330.00	0.24111	0.24032	0.24049	0.24100	0.24000	
340.00	0.24131	0.24031	0.24066	0.24095	0.24024	
350.00	0.24138	0.24021	0.24039	0.24101	0.24026	
360.00	0.24166	0.24091	0.24038	0.24074	0.24009	
370.00	0.24149	0.24113	0.24011	0.24110	0.24063	
380.00	0.24164	0.24120	0.24007	0.24119	0.24067	
390.00	0.24157	0.24126	0.23982	0.24102	0.24063	
400.00	0.24163	0.24151	0.23986	0.24084	0.24059	
410.00	0.24154	0.24153	0.23971	0.24092	0.24052	
420.00	0.24140	0.24126	0.23958	0.24114	0.24079	
430.00	0.24137	0.24115	0.23949	0.24118	0.24079	
440.00	0.24126	0.24180	0.23947	0.24123	0.24076	
450.00	0.24129	0.24188	0.23942	0.24145	0.24061	
460.00	0.24113	0.24165	0.23949	0.24164	0.24055	
470.00	0.24106	0.24138	0.23941	0.24148	0.24051	
480.00	0.24142	0.24117	0.23915	0.24151	0.24025	
490.00	0.24171	0.24092	0.23918	0.24159	0.24039	
500.00	0.24160	0.24091	0.23892	0.24147	0.24041	
510.00	0.24193	0.24069	0.23886	0.24124	0.24060	
520.00	0.24205	0.24042	0.23908	0.24131	0.24056	
530.00	0.24248	0.24015	0.23904	0.24136	0.24035	
540.00	0.24246	0.24029	0.23918	0.24117	0.24062	
550.00	0.24261	0.24041	0.23933	0.24115	0.24089	
560.00	0.24253	0.24016	0.23932	0.24108	0.24098	
570.00	0.24288	0.24016	0.23933	0.24119	0.24102	
580.00	0.24260	0.24012	0.23946	0.24110	0.24102	
590.00	0.24240	0.24014	0.23983	0.24111	0.24105	
600.00	0.24212	0.24042	0.23961	0.24141	0.24131	
610.00	0.24212	0.24022	0.23959	0.24117	0.24117	
620.00	0.24198	0.23999	0.23956	0.24099	0.24106	
630.00	0.24195	0.24002	0.23946	0.24079	0.24137	
640.00	0.24189	0.23995	0.23942	0.24110	0.24153	
650.00	0.24178	0.23985	0.23933	0.24105	0.24168	
660.00	0.24151	0.23989	0.23923	0.24095	0.24159	
670.00	0.24133	0.23967	0.23914	0.24122	0.24178	
680.00	0.24110	0.23984	0.23911	0.24113	0.24188	
690.00	0.24103	0.23998	0.23931	0.24126	0.24202	
700.00	0.24110	0.24004	0.23911	0.24133	0.24181	
710.00	0.24109	0.23995	0.23926	0.24114	0.24174	
720.00	0.24104	0.24025	0.23923	0.24108	0.24177	
730.00	0.24092	0.24031	0.23905	0.24122	0.24179	
740.00	0.24075	0.24036	0.23893	0.24098	0.24189	
750.00	0.24095	0.24063	0.23887	0.24139	0.24166	
760.00	0.24088	0.24107	0.23864	0.24143	0.24189	
770.00	0.24083	0.24115	0.23842	0.24169	0.24190	
780.00	0.24081	0.24133	0.23867	0.24148	0.24189	
790.00	0.24087	0.24131	0.23863	0.24160	0.24178	
800.00	0.24095	0.24112	0.23857	0.24144	0.24186	
810.00	0.24085	0.24162	0.23846	0.24164	0.24235	
820.00	0.24113	0.24139	0.23831	0.24152	0.24246	
830.00	0.24123	0.24111	0.23846	0.24135	0.24249	
840.00	0.24160	0.24117	0.23833	0.24139	0.24250	
850.00	0.24179	0.24115	0.23820	0.24184	0.24231	
860.00	0.24162	0.24145	0.23811	0.24193	0.24218	
870.00	0.24134	0.24186	0.23791	0.24174	0.24233	
880.00	0.24165	0.24225	0.23773	0.24172	0.24252	
890.00	0.24155	0.24217	0.23763	0.24156	0.24224	
900.00	0.24146	0.24217	0.23759	0.24181	0.24229	
910.00	0.24150	0.24208	0.23765	0.24181	0.24238	
920.00	0.24157	0.24217	0.23777	0.24163	0.24256	
930.00	0.24161	0.24213	0.23805	0.24135	0.24270	
940.00	0.24169	0.24204	0.23788	0.24142	0.24287	
950.00	0.24180	0.24210	0.23783	0.24143	0.24288	
960.00	0.24183	0.24202	0.23805	0.24136	0.24275	
970.00	0.24167	0.24194	0.23799	0.24108	0.24277	
980.00	0.24174	0.24187	0.23816	0.24092	0.24254	
990.00	0.24193	0.24171	0.23808	0.24082	0.24252	
1000.00	0.24178	0.24177	0.23836	0.24075	0.24238	
1010.00	0.24170	0.24160	0.23858	0.24085	0.24215	
1020.00	0.24161	0.24178	0.23873	0.24083	0.24257	
1030.00	0.24134	0.24200	0.23867	0.24082	0.24270	
1040.00	0.24109	0.24200	0.23860	0.24076	0.24260	
1050.00	0.24147	0.24243	0.23917	0.24049	0.24255	
1060.00	0.24127	0.24238	0.23921	0.24053	0.24287	
1070.00	0.24127	0.24232	0.23917	0.24060	0.24291	
1080.00	0.24115	0.24230	0.23908	0.24063	0.24279	
1090.00	0.24186	0.24219	0.23882	0.24047	0.24279	
1100.00	0.24181	0.24208	0.23865	0.24060	0.24273	
1110.00	0.24198	0.24196	0.23858	0.24052	0.24245	
1120.00	0.24170	0.24193	0.23847	0.24045	0.24217	
1130.00	0.24179	0.24192	0.23822	0.24018	0.24202	
1140.00	0.24210	0.24180	0.23829	0.24043	0.24216	
1150.00	0.24235	0.24197	0.23847	0.24030	0.24206	
1160.00	0.24223	0.24169	0.23873	0.24019	0.24199	
1170.00	0.24240	0.24177	0.23870	0.24020	0.24219	
1180.00	0.24254	0.24170	0.23851	0.24009	0.24217	
1190.00	0.24258	0.24172	0.23859	0.23994	0.24235	
1200.00	0.24242	0.24189	0.23925	0.23982	0.24219	
1210.00	0.24238	0.24193	0.23909	0.23997	0.24222	
1220.00	0.24217	0.24174	0.23897	0.23983	0.24225	
1230.00	0.24195	0.24215	0.23871	0.23980	0.24237	
1240.00	0.24174	0.24207	0.23862	0.23981	0.24238	
1250.00	0.24173	0.24210	0.23836	0.23959	0.24263	
1260.00	0.24209	0.24197	0.23831	0.23961	0.24263	
1270.00	0.24187	0.24225	0.23851	0.23942	0.24258	
1280.00	0.24167	0.24220	0.23863	0.23946	0.24253	
1290.00	0.24161	0.24207	0.23867	0.23949	0.24258	
1300.00	0.24165	0.24251	0.23856	0.23948	0.24229	
1310.00	0.24179	0.24283	0.23869	0.23934	0.24232	
1320.00	0.24176	0.24348	0.23866	0.23920	0.24285	
1330.00	0.24181	0.24362	0.23890	0.23907	0.24260	
1340.00	0.24167	0.24356	0.23918	0.23916	0.24248	
1350.00	0.24182	0.24384	0.23902	0.23895	0.24239	
1360.00	0.24190	0.24388	0.23933	0.23870	0.24226	
1370.00	0.24170	0.24380	0.23962	0.23847	0.24219	
1380.00	0.24168	0.24361	0.24015	0.23844	0.24216	
1390.00	0.24202	0.24346	0.23995	0.23819	0.24233	
1400.00	0.24205	0.24338	0.24016	0.23816	0.24219	
1410.00	0.24236	0.24323	0.24009	0.23828	0.24200	
1420.00	0.24230	0.24295	0.23995	0.23822	0.24194	
1430.00	0.24211	0.24285	0.24027	0.23827	0.24168	
1440.00	0.24227	0.24298	0.24064	0.23805	0.24140	
1450.00	0.24237	0.24292	0.24052	0.23798	0.24135	
1460.00	0.24244	0.24277	0.24082	0.23797	0.24141	
1470.00	0.24233	0.24250	0.24079	0.23806	0.24130	
1480.00	0.24224	0.24271	0.24064	0.23782	0.24142	
1490.00	0.24215	0.24275	0.24051	0.23769	0.24137	
1500.00	0.24209	0.24261	0.24050	0.23786	0.24136	
1510.00	0.24193	0.24257	0.24046	0.23792	0.24110	
1520.00	0.24167	0.24284	0.24070	0.23777	0.24098	
1530.00	0.24156	0.24301	0.24076	0.23777	0.24096	
1540.00	0.24148	0.24296	0.24056	0.23786	0.24120	
1550.00	0.24131	0.24288	0.24037	0.23805	0.24128	
1560.00	0.24115	0.24282	0.24063	0.23791	0.24146	
1570.00	0.24109	0.24298	0.24059	0.23791	0.24153	
1580.00	0.24108	0.24286	0.24050	0.23779	0.24173	
1590.00	0.24111	0.24257	0.24038	0.23787	0.24169	
1600.00	0.24109	0.24267	0.24036	0.23827	0.24143	
1610.00	0.24107	0.24267	0.24033	0.23855	0.24147	
1620.00	0.24080	0.24293	0.24027	0.23836	0.24134	
1630.00	0.24101	0.24287	0.24046	0.23818	0.24130	
1640.00	0.24105	0.24276	0.24051	0.23807	0.24132	
1650.00	0.24111	0.24292	0.24025	0.23817	0.24142	
1660.00	0.24111	0.24320	0.24034	0.23820	0.24142	
1670.00	0.24133	0.24303	0.24017	0.23798	0.24115	
1680.00	0.24126	0.24303	0.24017	0.23773	0.24101	
1690.00	0.24147	0.24331	0.23997	0.23748	0.24078	
1700.00	0.24183	0.24307	0.23970	0.23746	0.24124	
1710.00	0.24182	0.24284	0.23990	0.23756	0.24127	
1720.00	0.24189	0.24281	0.24013	0.23755	0.24118	
1730.00	0.24207	0.24288	0.24045	0.23763	0.24119	
1740.00	0.24195	0.24298	0.24074	0.23755	0.24122	
1750.00	0.24184	0.24289	0.24080	0.23775	0.24118	
1760.00	0.24189	0.24278	0.24088	0.23765	0.24112	
1770.00	0.24205	0.24280	0.24098	0.23783	0.24100	
1780.00	0.24183	0.24296	0.24088	0.23810	0.24100	
1790.00	0.24195	0.24321	0.24109	0.23797	0.24073	
1800.00	0.24205	0.24322	0.24125	0.23789	0.24057	
1810.00	0.24268	0.24357	0.24136	0.23770	0.24045	
1820.00	0.24273	0.24328	0.24149	0.23793	0.24060	
1830.00	0.24304	0.24329	0.24173	0.23850	0.24054	
1840.00	0.24315	0.24317	0.24145	0.23833	0.24051	
1850.00	0.24328	0.24299	0.24138	0.23854	0.24042	
1860.00	0.24335	0.24282	0.24113	0.23895	0.24072	
1870.00	0.24316	0.24283	0.24096	0.23892	0.24059	
1880.00	0.24303	0.24302	0.24070	0.23933	0.24074	
1890.00	0.24303	0.24276	0.24058	0.23919	0.24054	
1900.00	0.24339	0.24266	0.24056	0.23912	0.24045	
1910.00	0.24317	0.24243	0.24088	0.23937	0.24042	
1920.00	0.24288	0.24215	0.24093	0.23946	0.24037	
1930.00	0.24282	0.24212	0.24079	0.23926	0.24034	
1940.00	0.24274	0.24207	0.24086	0.23953	0.24035	
1950.00	0.24258	0.24206	0.24110	0.23932	0.24067	
1960.00	0.24270	0.24208	0.24109	0.23940	0.24068	
1970.00	0.24264	0.24191	0.24121	0.23937	0.24063	
1980.00	0.24303	0.24210	0.24116	0.23936	0.24076	
1990.00	0.24325	0.24213	0.24092	0.23932	0.24049	
2000.00	0.24378	0.24197	0.24103	0.23936	0.24038	
2010.00	0.24363	0.24201	0.24102	0.23937	0.24036	
2020.00	0.24386	0.24188	0.24083	0.23932	0.24034	
2030.00	0.24390	0.24203	0.24061	0.23934	0.24019	
2040.00	0.24395	0.24232	0.24066	0.23939	0.23994	
2050.00	0.24365	0.24230	0.24092	0.23943	0.23974	
2060.00	0.24369	0.24227	0.24077	0.23937	0.23975	
2070.00	0.24351	0.24214	0.24116	0.23915	0.23965	
2080.00	0.24378	0.24213	0.24105	0.23918	0.24010	
2090.00	0.24367	0.24185	0.24111	0.23932	0.23995	
2100.00	0.24375	0.24175	0.24168	0.23907	0.23983	
2110.00	0.24383	0.24170	0.24177	0.23921	0.23975	
2120.00	0.24426	0.24176	0.24168	0.23948	0.23952	
2130.00	0.24447	0.24163	0.24163	0.23971	0.23942	
2140.00	0.24450	0.24164	0.24148	0.23948	0.23942	
2150.00	0.24433	0.24152	0.24153	0.23922	0.23977	
2160.00	0.24416	0.24135	0.24160	0.23936	0.23964	
2170.00	0.24403	0.24116	0.24151	0.23962	0.24014	
2180.00	0.24391	0.24121	0.24165	0.23953	0.24006	
2190.00	0.24408	0.24146	0.24141	0.23966	0.23986	
2200.00	0.24393	0.24134	0.24121	0.23991	0.23998	
2210.00	0.24394	0.24115	0.24102	0.24008	0.24031	
2220.00	0.24379	0.24123	0.24085	0.24005	0.24029	
2230.00	0.24374	0.24096	0.24092	0.24025	0.24037	
2240.00	0.24352	0.24094	0.24065	0.24068	0.24049	
2250.00	0.24346	0.24088	0.24056	0.24056	0.24048	
2260.00	0.24350	0.24086	0.24072	0.24030	0.24046	
2270.00	0.24323	0.24105	0.24080	0.24003	0.24036	
2280.00	0.24311	0.24112	0.24059	0.23985	0.24033	
2290.00	0.24338	0.24099	0.24049	0.23979	0.24066	
2300.00	0.24361	0.24092	0.24064	0.24030	0.24118	
2310.00	0.24373	0.24077	0.24040	0.24016	0.24115	
2320.00	0.24393	0.24084	0.24035	0.24019	0.24124	
2330.00	0.24366	0.24101	0.24050	0.24036	0.24106	
2340.00	0.24364	0.24074	0.24057	0.24029	0.24090	
2350.00	0.24362	0.24054	0.24044	0.24009	0.24063	
2360.00	0.24349	0.24033	0.24044	0.23987	0.24053	
2370.00	0.24341	0.24034	0.24080	0.24001	0.24058	
2380.00	0.24326	0.24020	0.24076	0.24022	0.24075	
2390.00	0.24310	0.24018	0.24121	0.24022	0.24059	
2400.00	0.24316	0.24034	0.24128	0.24025	0.24041	
2410.00	0.24314	0.24036	0.24102	0.24017	0.24042	
2420.00	0.24315	0.24050	0.24088	0.24011	0.24045	
2430.00	0.24307	0.24076	0.24071	0.24008	0.24037	
2440.00	0.24317	0.24097	0.24077	0.24016	0.24063	
2450.00	0.24342	0.24070	0.24082	0.24027	0.24077	
2460.00	0.24313	0.24074	0.24127	0.24013	0.24055	
2470.00	0.24328	0.24072	0.24113	0.24048	0.24028	
2480.00	0.24325	0.24079	0.24100	0.24056	0.24065	
2490.00	0.24298	0.24117	0.24088	0.24071	0.24069	
2500.00	0.24344	0.24120	0.24103	0.24084	0.24064	
2510.00	0.24360	0.24108	0.24093	0.24090	0.24046	
2520.00	0.24377	0.24099	0.24077	0.24096	0.24039	
2530.00	0.24372	0.24105	0.24110	0.24086	0.24065	
2540.00	0.24395	0.24084	0.24142	0.24105	0.24040	
2550.00	0.24425	0.24080	0.24131	0.24101	0.24050	
2560.00	0.24409	0.24100	0.24140	0.24132	0.24055	
2570.00	0.24415	0.24099	0.24142	0.24113	0.24059	
2580.00	0.24387	0.24082	0.24121	0.24130	0.24058	
2590.00	0.24361	0.24080	0.24095	0.24116	0.24072	
2600.00	0.24332	0.24053	0.24097	0.24139	0.24092	
2610.00	0.24355	0.24031	0.24070	0.24121	0.24075	
2620.00	0.24353	0.24004	0.24068	0.24105	0.24061	
2630.00	0.24370	0.23980	0.24061	0.24091	0.24084	
2640.00	0.24398	0.23982	0.24089	0.24076	0.24084	
2650.00	0.24395	0.23980	0.24071	0.24048	0.24097	
2660.00	0.24366	0.23995	0.24049	0.24057	0.24110	
2670.00	0.24343	0.23985	0.24041	0.24045	0.24124	
2680.00	0.24324	0.23990	0.24016	0.24053	0.24108	
2690.00	0.24312	0.23984	0.24029	0.24064	0.24119	
2700.00	0.24289	0.23976	0.24048	0.24050	0.24131	
2710.00	0.24277	0.23968	0.24027	0.24040	0.24139	
2720.00	0.24286	0.23963	0.24064	0.24022	0.24128	
2730.00	0.24285	0.23967	0.24058	0.24010	0.24113	
2740.00	0.24268	0.23965	0.24045	0.24012	0.24145	
2750.00	0.24273	0.23967	0.24030	0.24021	0.24141	
2760.00	0.24278	0.23999	0.24007	0.23994	0.24127	
2770.00	0.24275	0.24000	0.24013	0.23980	0.24125	
2780.00	0.24247	0.24020	0.23998	0.23987	0.24102	
2790.00	0.24267	0.24027	0.24025	0.23967	0.24076	
2800.00	0.24248	0.24033	0.24002	0.23994	0.24070	
2810.00	0.24260	0.24032	0.24013	0.23996	0.24075	
2820.00	0.24275	0.24025	0.24006	0.24034	0.24063	
2830.00	0.24249	0.24042	0.23997	0.24043	0.24050	
2840.00	0.24247	0.24060	0.23987	0.24034	0.24070	
2850.00	0.24246	0.24057	0.24042	0.24035	0.24053	
2860.00	0.24228	0.24071	0.24053	0.24014	0.24054	
2870.00	0.24236	0.24059	0.24031	0.24011	0.24093	
2880.00	0.24213	0.24050	0.24094	0.24001	0.24106	
2890.00	0.24211	0.24056	0.24069	0.23976	0.24224	
2900.00	0.24207	0.24078	0.24054	0.23964	0.24236	
2910.00	0.24205	0.24059	0.24048	0.23938	0.24273	
2920.00	0.24220	0.24048	0.24063	0.23935	0.24292	
2930.00	0.24214	0.24055	0.24103	0.23955	0.24263	
2940.00	0.24189	0.24063	0.24127	0.23965	0.24257	
2950.00	0.24216	0.24042	0.24169	0.23942	0.24233	
2960.00	0.24188	0.24057	0.24167	0.23935	0.24227	
2970.00	0.24176	0.24064	0.24164	0.23912	0.24228	
2980.00	0.24173	0.24053	0.24183	0.23906	0.24230	
2990.00	0.24177	0.24110	0.24193	0.23909	0.24224	
3000.00	0.24155	0.24096	0.24242	0.23917	0.24247	
3010.00	0.24137	0.24114	0.24246	0.23903	0.24246	
3020.00	0.24124	0.24106	0.24262	0.23904	0.24232	
3030.00	0.24145	0.24100	0.24265	0.23908	0.24218	
3040.00	0.24143	0.24105	0.24261	0.23912	0.24230	
3050.00	0.24127	0.24096	0.24252	0.23903	0.24206	
3060.00	0.24141	0.24103	0.24279	0.23879	0.24183	
3070.00	0.24156	0.24086	0.24261	0.23853	0.24161	
3080.00	0.24155	0.24112	0.24247	0.23842	0.24189	
3090.00	0.24160	0.24098	0.24237	0.23850	0.24195	
3100.00	0.24155	0.24125	0.24230	0.23843	0.24178	
3110.00	0.24149	0.24119	0.24211	0.23857	0.24154	
3120.00	0.24170	0.24156	0.24196	0.23863	0.24138	
3130.00	0.24181	0.24186	0.24174	0.23839	0.24163	
3140.00	0.24221	0.24205	0.24158	0.23832	0.24157	
3150.00	0.24203	0.24177	0.24193	0.23813	0.24161	
3160.00	0.24195	0.24169	0.24182	0.23822	0.24152	
3170.00	0.24195	0.24188	0.24173	0.23796	0.24136	
3180.00	0.24186	0.24207	0.24207	0.23771	0.24121	
3190.00	0.24178	0.24187	0.24252	0.23788	0.24105	
3200.00	0.24233	0.24181	0.24249	0.23773	0.24114	
3210.00	0.24241	0.24185	0.24244	0.23752	0.24130	
3220.00	0.24215	0.24180	0.24280	0.23732	0.24119	
3230.00	0.24187	0.24188	0.24301	0.23733	0.24163	
3240.00	0.24163	0.24234	0.24282	0.23724	0.24170	
3250.00	0.24179	0.24257	0.24260	0.23722	0.24158	
3260.00	0.24182	0.24233	0.24246	0.23747	0.24165	
3270.00	0.24179	0.24251	0.24240	0.23725	0.24171	
3280.00	0.24159	0.24254	0.24228	0.23700	0.24189	
3290.00	0.24136	0.24245	0.24223	0.23712	0.24184	
3300.00	0.24114	0.24256	0.24258	0.23712	0.24187	
3310.00	0.24106	0.24261	0.24257	0.23699	0.24196	
3320.00	0.24088	0.24251	0.24285	0.23700	0.24168	
3330.00	0.24077	0.24267	0.24274	0.23691	0.24157	
3340.00	0.24091	0.24280	0.24257	0.23706	0.24153	
3350.00	0.24083	0.24305	0.24248	0.23743	0.24198	
3360.00	0.24058	0.24300	0.24233	0.23735	0.24209	
3370.00	0.24051	0.24289	0.24248	0.23723	0.24204	
3380.00	0.24075	0.24273	0.24227	0.23717	0.24191	
3390.00	0.24066	0.24288	0.24223	0.23695	0.24227	
3400.00	0.24040	0.24326	0.24251	0.23700	0.24213	
3410.00	0.24039	0.24312	0.24274	0.23696	0.24208	
3420.00	0.24077	0.24318	0.24263	0.23680	0.24180	
3430.00	0.24082	0.24327	0.24261	0.23683	0.24168	
3440.00	0.24082	0.24307	0.24243	0.23712	0.24178	
3450.00	0.24085	0.24308	0.24247	0.23698	0.24157	
3460.00	0.24090	0.24328	0.24255	0.23702	0.24167	
3470.00	0.24129	0.24328	0.24268	0.23677	0.24170	
3480.00	0.24128	0.24318	0.24241	0.23664	0.24199	
3490.00	0.24161	0.24316	0.24219	0.23649	0.24191	
3500.00	0.24144	0.24344	0.24238	0.23656	0.24193	
3510.00	0.24170	0.24330	0.24239	0.23656	0.24190	
3520.00	0.24176	0.24337	0.24229	0.23650	0.24176	
3530.00	0.24202	0.24340	0.24222	0.23673	0.24166	
3540.00	0.24202	0.24326	0.24237	0.23663	0.24175	
3550.00	0.24199	0.24332	0.24267	0.23639	0.24170	
3560.00	0.24213	0.24326	0.24275	0.23672	0.24158	
3570.00	0.24200	0.24307	0.24269	0.23665	0.24133	
3580.00	0.24195	0.24278	0.24269	0.23706	0.24117	
3590.00	0.24210	0.24270	0.24268	0.23723	0.24089	
3600.00	0.24200	0.24284	0.24268	0.23710	0.24087	
3610.00	0.24173	0.24257	0.24253	0.23704	0.24095	
3620.00	0.24170	0.24277	0.24260	0.23703	0.24082	
3630.00	0.24157	0.24250	0.24273	0.23752	0.24064	
3640.00	0.24148	0.24223	0.24284	0.23783	0.24045	
3650.00	0.24143	0.24211	0.24313	0.23813	0.24026	
3660.00	0.24127	0.24183	0.24357	0.23813	0.24019	
3670.00	0.24126	0.24173	0.24339	0.23843	0.23999	
3680.00	0.24123	0.24151	0.24334	0.23845	0.23986	
3690.00	0.24105	0.24157	0.24350	0.23851	0.23981	
3700.00	0.24084	0.24146	0.24330	0.23830	0.24002	
3710.00	0.24119	0.24135	0.24308	0.23840	0.24012	
3720.00	0.24101	0.24157	0.24313	0.23849	0.24031	
3730.00	0.24112	0.24129	0.24339	0.23830	0.24020	
3740.00	0.24095	0.24145	0.24325	0.23860	0.24009	
3750.00	0.24103	0.24118	0.24316	0.23904	0.23988	
3760.00	0.24100	0.24094	0.24333	0.23928	0.23971	
3770.00	0.24103	0.24123	0.24343	0.23943	0.23964	
3780.00	0.24124	0.24153	0.24343	0.23943	0.23938	
3790.00	0.24124	0.24128	0.24334	0.23946	0.23927	
3800.00	0.24112	0.24122	0.24322	0.23989	0.23929	
3810.00	0.24086	0.24128	0.24334	0.23963	0.23920	
3820.00	0.24082	0.24117	0.24320	0.23947	0.23913	
3830.00	0.24087	0.24103	0.24340	0.23933	0.23902	
3840.00	0.24076	0.24100	0.24318	0.23919	0.23895	
3850.00	0.24053	0.24104	0.24356	0.23928	0.23883	
3860.00	0.24052	0.24079	0.24361	0.23935	0.23891	
3870.00	0.24053	0.24097	0.24373	0.23919	0.23870	
3880.00	0.24050	0.24082	0.24367	0.23927	0.23906	
3890.00	0.24061	0.24056	0.24349	0.23905	0.23906	
3900.00	0.24036	0.24047	0.24370	0.23904	0.23889	
3910.00	0.24054	0.24042	0.24364	0.23907	0.23873	
3920.00	0.24059	0.24046	0.24340	0.23950	0.23872	
3930.00	0.24052	0.24042	0.24353	0.23978	0.23856	
3940.00	0.24082	0.24028	0.24356	0.23975	0.23858	
3950.00	0.24072	0.24024	0.24358	0.23993	0.23872	
3960.00	0.24084	0.24010	0.24363	0.23979	0.23867	
3970.00	0.24087	0.24001	0.24380	0.23983	0.23855	
3980.00	0.24125	0.23991	0.24363	0.24004	0.23862	
3990.00	0.24130	0.23977	0.24362	0.24018	0.23865	
4000.00	0.24124	0.23995	0.24352	0.23991	0.23839	
