10.00	1.00000	1.00000	1.00000	1.00000	0.50483	
20.00	1.00000	1.00000	1.00000	1.00000	0.46857	
30.00	1.00000	1.00000	1.00000	1.00000	0.46601	
40.00	1.00000	1.00000	1.00000	1.00000	0.47959	
50.00	1.00000	1.00000	1.00000	1.00000	0.47923	
60.00	1.00000	1.00000	1.00000	1.00000	0.48448	
70.00	1.00000	1.00000	1.00000	1.00000	0.48059	
80.00	1.00000	1.00000	1.00000	1.00000	0.49391	
90.00	1.00000	1.00000	1.00000	1.00000	0.48831	
100.00	1.00000	1.00000	1.00000	1.00000	0.48962	
110.00	1.00000	1.00000	1.00000	1.00000	0.47337	
120.00	1.00000	1.00000	1.00000	1.00000	0.47939	
130.00	1.00000	1.00000	1.00000	1.00000	0.49395	
140.00	1.00000	1.00000	1.00000	1.00000	0.49679	
150.00	1.00000	1.00000	1.00000	1.00000	0.50122	
160.00	1.00000	1.00000	1.00000	1.00000	0.46980	
170.00	1.00000	1.00000	1.00000	1.00000	0.46610	
180.00	1.00000	1.00000	1.00000	1.00000	0.45758	
190.00	1.00000	1.00000	1.00000	1.00000	0.47306	
200.00	1.00000	1.00000	1.00000	1.00000	0.47984	
210.00	1.00000	1.00000	1.00000	1.00000	0.48730	
220.00	1.00000	1.00000	1.00000	1.00000	0.49589	
230.00	1.00000	1.00000	1.00000	1.00000	0.49852	
240.00	1.00000	1.00000	1.00000	1.00000	0.49155	
250.00	1.00000	1.00000	1.00000	1.00000	0.49091	
260.00	1.00000	1.00000	1.00000	1.00000	0.48624	
270.00	1.00000	1.00000	1.00000	1.00000	0.47982	
280.00	1.00000	1.00000	1.00000	1.00000	0.46865	
290.00	1.00000	1.00000	1.00000	1.00000	0.47997	
300.00	1.00000	1.00000	1.00000	1.00000	0.49225	
310.00	1.00000	1.00000	1.00000	1.00000	0.49529	
320.00	1.00000	1.00000	1.00000	1.00000	0.48908	
330.00	1.00000	1.00000	1.00000	1.00000	0.49518	
340.00	1.00000	1.00000	1.00000	1.00000	0.49427	
350.00	1.00000	1.00000	1.00000	1.00000	0.49010	
360.00	1.00000	1.00000	1.00000	1.00000	0.48746	
370.00	1.00000	1.00000	1.00000	1.00000	0.47008	
380.00	1.00000	1.00000	1.00000	1.00000	0.47858	
390.00	1.00000	1.00000	1.00000	1.00000	0.47679	
400.00	1.00000	1.00000	1.00000	1.00000	0.48771	
410.00	1.00000	1.00000	1.00000	1.00000	0.48568	
420.00	1.00000	1.00000	1.00000	1.00000	0.49511	
430.00	1.00000	1.00000	1.00000	1.00000	0.49736	
440.00	1.00000	1.00000	1.00000	1.00000	0.48630	
450.00	1.00000	1.00000	1.00000	1.00000	0.47292	
460.00	1.00000	1.00000	1.00000	1.00000	0.45399	
470.00	1.00000	1.00000	1.00000	1.00000	0.47031	
480.00	1.00000	1.00000	1.00000	1.00000	0.48797	
490.00	1.00000	1.00000	1.00000	1.00000	0.49015	
500.00	1.00000	1.00000	1.00000	1.00000	0.49058	
510.00	1.00000	1.00000	1.00000	1.00000	0.49802	
520.00	1.00000	1.00000	1.00000	1.00000	0.47161	
530.00	1.00000	1.00000	1.00000	1.00000	0.46106	
540.00	1.00000	1.00000	1.00000	1.00000	0.46557	
550.00	1.00000	1.00000	1.00000	1.00000	0.47342	
560.00	1.00000	1.00000	1.00000	1.00000	0.46959	
570.00	1.00000	1.00000	1.00000	1.00000	0.48062	
580.00	1.00000	1.00000	1.00000	1.00000	0.48624	
590.00	1.00000	1.00000	1.00000	1.00000	0.47483	
600.00	1.00000	1.00000	1.00000	1.00000	0.47041	
610.00	1.00000	1.00000	1.00000	1.00000	0.47404	
620.00	1.00000	1.00000	1.00000	1.00000	0.49073	
630.00	1.00000	1.00000	1.00000	1.00000	0.49402	
640.00	1.00000	1.00000	1.00000	1.00000	0.47351	
650.00	1.00000	1.00000	1.00000	1.00000	0.47218	
660.00	1.00000	1.00000	1.00000	1.00000	0.47452	
670.00	1.00000	1.00000	1.00000	1.00000	0.48505	
680.00	1.00000	1.00000	1.00000	1.00000	0.49581	
690.00	1.00000	1.00000	1.00000	1.00000	0.49867	
700.00	1.00000	1.00000	1.00000	1.00000	0.49216	
710.00	1.00000	1.00000	1.00000	1.00000	0.49171	
720.00	1.00000	1.00000	1.00000	1.00000	0.49775	
730.00	1.00000	1.00000	1.00000	1.00000	0.48305	
740.00	1.00000	1.00000	1.00000	1.00000	0.48103	
750.00	1.00000	1.00000	1.00000	1.00000	0.48149	
760.00	1.00000	1.00000	1.00000	1.00000	0.48186	
770.00	1.00000	1.00000	1.00000	1.00000	0.47927	
780.00	1.00000	1.00000	1.00000	1.00000	0.48902	
790.00	1.00000	1.00000	1.00000	1.00000	0.49358	
800.00	1.00000	1.00000	1.00000	1.00000	0.47943	
810.00	1.00000	1.00000	1.00000	1.00000	0.48266	
820.00	1.00000	1.00000	1.00000	1.00000	0.47751	
830.00	1.00000	1.00000	1.00000	1.00000	0.48361	
840.00	1.00000	1.00000	1.00000	1.00000	0.48038	
850.00	1.00000	1.00000	1.00000	1.00000	0.47562	
860.00	1.00000	1.00000	1.00000	1.00000	0.48290	
870.00	1.00000	1.00000	1.00000	1.00000	0.47745	
880.00	1.00000	1.00000	1.00000	1.00000	0.48515	
890.00	1.00000	1.00000	1.00000	1.00000	0.48476	
900.00	1.00000	1.00000	1.00000	1.00000	0.49509	
910.00	1.00000	1.00000	1.00000	1.00000	0.48245	
920.00	1.00000	1.00000	1.00000	1.00000	0.48780	
930.00	1.00000	1.00000	1.00000	1.00000	0.49772	
940.00	1.00000	1.00000	1.00000	1.00000	0.49470	
950.00	1.00000	1.00000	1.00000	1.00000	0.47110	
960.00	1.00000	1.00000	1.00000	1.00000	0.48025	
970.00	1.00000	1.00000	1.00000	1.00000	0.48820	
980.00	1.00000	1.00000	1.00000	1.00000	0.49641	
990.00	1.00000	1.00000	1.00000	1.00000	0.48756	
1000.00	1.00000	1.00000	1.00000	1.00000	0.49341	
1010.00	1.00000	1.00000	1.00000	1.00000	0.49202	
1020.00	1.00000	1.00000	1.00000	1.00000	0.45275	
1030.00	1.00000	1.00000	1.00000	1.00000	0.46709	
1040.00	1.00000	1.00000	1.00000	1.00000	0.47189	
1050.00	1.00000	1.00000	1.00000	1.00000	0.48346	
1060.00	1.00000	1.00000	1.00000	1.00000	0.49641	
1070.00	1.00000	1.00000	1.00000	1.00000	0.46848	
1080.00	1.00000	1.00000	1.00000	1.00000	0.47292	
1090.00	1.00000	1.00000	1.00000	1.00000	0.47817	
1100.00	1.00000	1.00000	1.00000	1.00000	0.48271	
1110.00	1.00000	1.00000	1.00000	1.00000	0.48900	
1120.00	1.00000	1.00000	1.00000	1.00000	0.47250	
1130.00	1.00000	1.00000	1.00000	1.00000	0.47968	
1140.00	1.00000	1.00000	1.00000	1.00000	0.49515	
1150.00	1.00000	1.00000	1.00000	1.00000	0.50549	
1160.00	1.00000	1.00000	1.00000	1.00000	0.49600	
1170.00	1.00000	1.00000	1.00000	1.00000	0.48672	
1180.00	1.00000	1.00000	1.00000	1.00000	0.49422	
1190.00	1.00000	1.00000	1.00000	1.00000	0.50160	
1200.00	1.00000	1.00000	1.00000	1.00000	0.45554	
1210.00	1.00000	1.00000	1.00000	1.00000	0.46472	
1220.00	1.00000	1.00000	1.00000	1.00000	0.47866	
1230.00	1.00000	1.00000	1.00000	1.00000	0.48338	
1240.00	1.00000	1.00000	1.00000	1.00000	0.49232	
1250.00	1.00000	1.00000	1.00000	1.00000	0.50150	
1260.00	1.00000	1.00000	1.00000	1.00000	0.48511	
1270.00	1.00000	1.00000	1.00000	1.00000	0.48503	
1280.00	1.00000	1.00000	1.00000	1.00000	0.48070	
1290.00	1.00000	1.00000	1.00000	1.00000	0.48180	
1300.00	1.00000	1.00000	1.00000	1.00000	0.48932	
1310.00	1.00000	1.00000	1.00000	1.00000	0.48734	
1320.00	1.00000	1.00000	1.00000	1.00000	0.49469	
1330.00	1.00000	1.00000	1.00000	1.00000	0.49934	
1340.00	1.00000	1.00000	1.00000	1.00000	0.49263	
1350.00	1.00000	1.00000	1.00000	1.00000	0.45798	
1360.00	1.00000	1.00000	1.00000	1.00000	0.46552	
1370.00	1.00000	1.00000	1.00000	1.00000	0.45903	
1380.00	1.00000	1.00000	1.00000	1.00000	0.47484	
1390.00	1.00000	1.00000	1.00000	1.00000	0.48849	
1400.00	1.00000	1.00000	1.00000	1.00000	0.49567	
1410.00	1.00000	1.00000	1.00000	1.00000	0.49870	
1420.00	1.00000	1.00000	1.00000	1.00000	0.49032	
1430.00	1.00000	1.00000	1.00000	1.00000	0.47815	
1440.00	1.00000	1.00000	1.00000	1.00000	0.48281	
1450.00	1.00000	1.00000	1.00000	1.00000	0.49123	
1460.00	1.00000	1.00000	1.00000	1.00000	0.49970	
1470.00	1.00000	1.00000	1.00000	1.00000	0.48271	
1480.00	1.00000	1.00000	1.00000	1.00000	0.47922	
1490.00	1.00000	1.00000	1.00000	1.00000	0.48789	
1500.00	1.00000	1.00000	1.00000	1.00000	0.49301	
1510.00	1.00000	1.00000	1.00000	1.00000	0.48341	
1520.00	1.00000	1.00000	1.00000	1.00000	0.48960	
1530.00	1.00000	1.00000	1.00000	1.00000	0.49001	
1540.00	1.00000	1.00000	1.00000	1.00000	0.48831	
1550.00	1.00000	1.00000	1.00000	1.00000	0.46886	
1560.00	1.00000	1.00000	1.00000	1.00000	0.48252	
1570.00	1.00000	1.00000	1.00000	1.00000	0.49159	
1580.00	1.00000	1.00000	1.00000	1.00000	0.49402	
1590.00	1.00000	1.00000	1.00000	1.00000	0.47316	
1600.00	1.00000	1.00000	1.00000	1.00000	0.46815	
1610.00	1.00000	1.00000	1.00000	1.00000	0.47555	
1620.00	1.00000	1.00000	1.00000	1.00000	0.47780	
1630.00	1.00000	1.00000	1.00000	1.00000	0.48429	
1640.00	1.00000	1.00000	1.00000	1.00000	0.49690	
1650.00	1.00000	1.00000	1.00000	1.00000	0.48012	
1660.00	1.00000	1.00000	1.00000	1.00000	0.47226	
1670.00	1.00000	1.00000	1.00000	1.00000	0.45834	
1680.00	1.00000	1.00000	1.00000	1.00000	0.46709	
1690.00	1.00000	1.00000	1.00000	1.00000	0.47871	
1700.00	1.00000	1.00000	1.00000	1.00000	0.47899	
1710.00	1.00000	1.00000	1.00000	1.00000	0.47829	
1720.00	1.00000	1.00000	1.00000	1.00000	0.47671	
1730.00	1.00000	1.00000	1.00000	1.00000	0.46456	
1740.00	1.00000	1.00000	1.00000	1.00000	0.48162	
1750.00	1.00000	1.00000	1.00000	1.00000	0.49534	
1760.00	1.00000	1.00000	1.00000	1.00000	0.49879	
1770.00	1.00000	1.00000	1.00000	1.00000	0.48641	
1780.00	1.00000	1.00000	1.00000	1.00000	0.45696	
1790.00	1.00000	1.00000	1.00000	1.00000	0.46127	
1800.00	1.00000	1.00000	1.00000	1.00000	0.47044	
1810.00	1.00000	1.00000	1.00000	1.00000	0.48056	
1820.00	1.00000	1.00000	1.00000	1.00000	0.49040	
1830.00	1.00000	1.00000	1.00000	1.00000	0.50312	
1840.00	1.00000	1.00000	1.00000	1.00000	0.49574	
1850.00	1.00000	1.00000	1.00000	1.00000	0.49137	
1860.00	1.00000	1.00000	1.00000	1.00000	0.45322	
1870.00	1.00000	1.00000	1.00000	1.00000	0.46363	
1880.00	1.00000	1.00000	1.00000	1.00000	0.47028	
1890.00	1.00000	1.00000	1.00000	1.00000	0.48519	
1900.00	1.00000	1.00000	1.00000	1.00000	0.49479	
1910.00	1.00000	1.00000	1.00000	1.00000	0.50978	
1920.00	1.00000	1.00000	1.00000	1.00000	0.52403	
1930.00	1.00000	1.00000	1.00000	1.00000	0.44130	
1940.00	1.00000	1.00000	1.00000	1.00000	0.43924	
1950.00	1.00000	1.00000	1.00000	1.00000	0.45651	
1960.00	1.00000	1.00000	1.00000	1.00000	0.47575	
1970.00	1.00000	1.00000	1.00000	1.00000	0.48463	
1980.00	1.00000	1.00000	1.00000	1.00000	0.49666	
1990.00	1.00000	1.00000	1.00000	1.00000	0.50528	
2000.00	1.00000	1.00000	1.00000	1.00000	0.48844	
2010.00	1.00000	1.00000	1.00000	1.00000	0.48398	
2020.00	1.00000	1.00000	1.00000	1.00000	0.48531	
2030.00	1.00000	1.00000	1.00000	1.00000	0.48251	
2040.00	1.00000	1.00000	1.00000	1.00000	0.47236	
2050.00	1.00000	1.00000	1.00000	1.00000	0.47592	
2060.00	1.00000	1.00000	1.00000	1.00000	0.48753	
2070.00	1.00000	1.00000	1.00000	1.00000	0.49719	
2080.00	1.00000	1.00000	1.00000	1.00000	0.48630	
2090.00	1.00000	1.00000	1.00000	1.00000	0.46628	
2100.00	1.00000	1.00000	1.00000	1.00000	0.47021	
2110.00	1.00000	1.00000	1.00000	1.00000	0.47879	
2120.00	1.00000	1.00000	1.00000	1.00000	0.48629	
2130.00	1.00000	1.00000	1.00000	1.00000	0.49084	
2140.00	1.00000	1.00000	1.00000	1.00000	0.49052	
2150.00	1.00000	1.00000	1.00000	1.00000	0.46750	
2160.00	1.00000	1.00000	1.00000	1.00000	0.46803	
2170.00	1.00000	1.00000	1.00000	1.00000	0.47853	
2180.00	1.00000	1.00000	1.00000	1.00000	0.49415	
2190.00	1.00000	1.00000	1.00000	1.00000	0.50984	
2200.00	1.00000	1.00000	1.00000	1.00000	0.50987	
2210.00	1.00000	1.00000	1.00000	1.00000	0.47390	
2220.00	1.00000	1.00000	1.00000	1.00000	0.46760	
2230.00	1.00000	1.00000	1.00000	1.00000	0.47879	
2240.00	1.00000	1.00000	1.00000	1.00000	0.48233	
2250.00	1.00000	1.00000	1.00000	1.00000	0.47332	
2260.00	1.00000	1.00000	1.00000	1.00000	0.47939	
2270.00	1.00000	1.00000	1.00000	1.00000	0.48073	
2280.00	1.00000	1.00000	1.00000	1.00000	0.47984	
2290.00	1.00000	1.00000	1.00000	1.00000	0.49121	
2300.00	1.00000	1.00000	1.00000	1.00000	0.50297	
2310.00	1.00000	1.00000	1.00000	1.00000	0.50508	
2320.00	1.00000	1.00000	1.00000	1.00000	0.49996	
2330.00	1.00000	1.00000	1.00000	1.00000	0.46381	
2340.00	1.00000	1.00000	1.00000	1.00000	0.47748	
2350.00	1.00000	1.00000	1.00000	1.00000	0.48032	
2360.00	1.00000	1.00000	1.00000	1.00000	0.45909	
2370.00	1.00000	1.00000	1.00000	1.00000	0.46701	
2380.00	1.00000	1.00000	1.00000	1.00000	0.48225	
2390.00	1.00000	1.00000	1.00000	1.00000	0.47856	
2400.00	1.00000	1.00000	1.00000	1.00000	0.48618	
2410.00	1.00000	1.00000	1.00000	1.00000	0.49511	
2420.00	1.00000	1.00000	1.00000	1.00000	0.47541	
2430.00	1.00000	1.00000	1.00000	1.00000	0.46981	
2440.00	1.00000	1.00000	1.00000	1.00000	0.48367	
2450.00	1.00000	1.00000	1.00000	1.00000	0.49455	
2460.00	1.00000	1.00000	1.00000	1.00000	0.50983	
2470.00	1.00000	1.00000	1.00000	1.00000	0.51981	
2480.00	1.00000	1.00000	1.00000	1.00000	0.51292	
2490.00	1.00000	1.00000	1.00000	1.00000	0.49163	
2500.00	1.00000	1.00000	1.00000	1.00000	0.44373	
2510.00	1.00000	1.00000	1.00000	1.00000	0.44683	
2520.00	1.00000	1.00000	1.00000	1.00000	0.46853	
2530.00	1.00000	1.00000	1.00000	1.00000	0.47994	
2540.00	1.00000	1.00000	1.00000	1.00000	0.47348	
2550.00	1.00000	1.00000	1.00000	1.00000	0.47409	
2560.00	1.00000	1.00000	1.00000	1.00000	0.48297	
2570.00	1.00000	1.00000	1.00000	1.00000	0.47231	
2580.00	1.00000	1.00000	1.00000	1.00000	0.47804	
2590.00	1.00000	1.00000	1.00000	1.00000	0.48238	
2600.00	1.00000	1.00000	1.00000	1.00000	0.47154	
2610.00	1.00000	1.00000	1.00000	1.00000	0.48168	
2620.00	1.00000	1.00000	1.00000	1.00000	0.49248	
2630.00	1.00000	1.00000	1.00000	1.00000	0.49523	
2640.00	1.00000	1.00000	1.00000	1.00000	0.47864	
2650.00	1.00000	1.00000	1.00000	1.00000	0.47945	
2660.00	1.00000	1.00000	1.00000	1.00000	0.45536	
2670.00	1.00000	1.00000	1.00000	1.00000	0.46092	
2680.00	1.00000	1.00000	1.00000	1.00000	0.47203	
2690.00	1.00000	1.00000	1.00000	1.00000	0.48521	
2700.00	1.00000	1.00000	1.00000	1.00000	0.49212	
2710.00	1.00000	1.00000	1.00000	1.00000	0.50574	
2720.00	1.00000	1.00000	1.00000	1.00000	0.49851	
2730.00	1.00000	1.00000	1.00000	1.00000	0.48346	
2740.00	1.00000	1.00000	1.00000	1.00000	0.46104	
2750.00	1.00000	1.00000	1.00000	1.00000	0.46646	
2760.00	1.00000	1.00000	1.00000	1.00000	0.47962	
2770.00	1.00000	1.00000	1.00000	1.00000	0.48878	
2780.00	1.00000	1.00000	1.00000	1.00000	0.49475	
2790.00	1.00000	1.00000	1.00000	1.00000	0.49703	
2800.00	1.00000	1.00000	1.00000	1.00000	0.50642	
2810.00	1.00000	1.00000	1.00000	1.00000	0.50598	
2820.00	1.00000	1.00000	1.00000	1.00000	0.48728	
2830.00	1.00000	1.00000	1.00000	1.00000	0.46088	
2840.00	1.00000	1.00000	1.00000	1.00000	0.45148	
2850.00	1.00000	1.00000	1.00000	1.00000	0.45823	
2860.00	1.00000	1.00000	1.00000	1.00000	0.46132	
2870.00	1.00000	1.00000	1.00000	1.00000	0.46959	
2880.00	1.00000	1.00000	1.00000	1.00000	0.48333	
2890.00	1.00000	1.00000	1.00000	1.00000	0.49727	
2900.00	1.00000	1.00000	1.00000	1.00000	0.50819	
2910.00	1.00000	1.00000	1.00000	1.00000	0.49175	
2920.00	1.00000	1.00000	1.00000	1.00000	0.47263	
2930.00	1.00000	1.00000	1.00000	1.00000	0.48422	
2940.00	1.00000	1.00000	1.00000	1.00000	0.49818	
2950.00	1.00000	1.00000	1.00000	1.00000	0.50092	
2960.00	1.00000	1.00000	1.00000	1.00000	0.48483	
2970.00	1.00000	1.00000	1.00000	1.00000	0.46302	
2980.00	1.00000	1.00000	1.00000	1.00000	0.45802	
2990.00	1.00000	1.00000	1.00000	1.00000	0.46680	
3000.00	1.00000	1.00000	1.00000	1.00000	0.48356	
3010.00	1.00000	1.00000	1.00000	1.00000	0.48957	
3020.00	1.00000	1.00000	1.00000	1.00000	0.48618	
3030.00	1.00000	1.00000	1.00000	1.00000	0.48922	
3040.00	1.00000	1.00000	1.00000	1.00000	0.48412	
3050.00	1.00000	1.00000	1.00000	1.00000	0.48030	
3060.00	1.00000	1.00000	1.00000	1.00000	0.47509	
3070.00	1.00000	1.00000	1.00000	1.00000	0.48287	
3080.00	1.00000	1.00000	1.00000	1.00000	0.48438	
3090.00	1.00000	1.00000	1.00000	1.00000	0.49092	
3100.00	1.00000	1.00000	1.00000	1.00000	0.47529	
3110.00	1.00000	1.00000	1.00000	1.00000	0.47776	
3120.00	1.00000	1.00000	1.00000	1.00000	0.48304	
3130.00	1.00000	1.00000	1.00000	1.00000	0.48602	
3140.00	1.00000	1.00000	1.00000	1.00000	0.48330	
3150.00	1.00000	1.00000	1.00000	1.00000	0.49856	
3160.00	1.00000	1.00000	1.00000	1.00000	0.50118	
3170.00	1.00000	1.00000	1.00000	1.00000	0.49366	
3180.00	1.00000	1.00000	1.00000	1.00000	0.44824	
3190.00	1.00000	1.00000	1.00000	1.00000	0.46346	
3200.00	1.00000	1.00000	1.00000	1.00000	0.47840	
3210.00	1.00000	1.00000	1.00000	1.00000	0.49374	
3220.00	1.00000	1.00000	1.00000	1.00000	0.48813	
3230.00	1.00000	1.00000	1.00000	1.00000	0.49967	
3240.00	1.00000	1.00000	1.00000	1.00000	0.48226	
3250.00	1.00000	1.00000	1.00000	1.00000	0.47384	
3260.00	1.00000	1.00000	1.00000	1.00000	0.47174	
3270.00	1.00000	1.00000	1.00000	1.00000	0.48172	
3280.00	1.00000	1.00000	1.00000	1.00000	0.47828	
3290.00	1.00000	1.00000	1.00000	1.00000	0.48408	
3300.00	1.00000	1.00000	1.00000	1.00000	0.49613	
3310.00	1.00000	1.00000	1.00000	1.00000	0.47899	
3320.00	1.00000	1.00000	1.00000	1.00000	0.47511	
3330.00	1.00000	1.00000	1.00000	1.00000	0.48653	
3340.00	1.00000	1.00000	1.00000	1.00000	0.48215	
3350.00	1.00000	1.00000	1.00000	1.00000	0.47565	
3360.00	1.00000	1.00000	1.00000	1.00000	0.48844	
3370.00	1.00000	1.00000	1.00000	1.00000	0.48280	
3380.00	1.00000	1.00000	1.00000	1.00000	0.47928	
3390.00	1.00000	1.00000	1.00000	1.00000	0.49478	
3400.00	1.00000	1.00000	1.00000	1.00000	0.47778	
3410.00	1.00000	1.00000	1.00000	1.00000	0.47923	
3420.00	1.00000	1.00000	1.00000	1.00000	0.46522	
3430.00	1.00000	1.00000	1.00000	1.00000	0.46543	
3440.00	1.00000	1.00000	1.00000	1.00000	0.47597	
3450.00	1.00000	1.00000	1.00000	1.00000	0.48255	
3460.00	1.00000	1.00000	1.00000	1.00000	0.48561	
3470.00	1.00000	1.00000	1.00000	1.00000	0.50123	
3480.00	1.00000	1.00000	1.00000	1.00000	0.49378	
3490.00	1.00000	1.00000	1.00000	1.00000	0.49599	
3500.00	1.00000	1.00000	1.00000	1.00000	0.46364	
3510.00	1.00000	1.00000	1.00000	1.00000	0.46785	
3520.00	1.00000	1.00000	1.00000	1.00000	0.47225	
3530.00	1.00000	1.00000	1.00000	1.00000	0.48551	
3540.00	1.00000	1.00000	1.00000	1.00000	0.48063	
3550.00	1.00000	1.00000	1.00000	1.00000	0.48657	
3560.00	1.00000	1.00000	1.00000	1.00000	0.49662	
3570.00	1.00000	1.00000	1.00000	1.00000	0.50961	
3580.00	1.00000	1.00000	1.00000	1.00000	0.49906	
3590.00	1.00000	1.00000	1.00000	1.00000	0.48495	
3600.00	1.00000	1.00000	1.00000	1.00000	0.47486	
3610.00	1.00000	1.00000	1.00000	1.00000	0.46875	
3620.00	1.00000	1.00000	1.00000	1.00000	0.47382	
3630.00	1.00000	1.00000	1.00000	1.00000	0.48366	
3640.00	1.00000	1.00000	1.00000	1.00000	0.49495	
3650.00	1.00000	1.00000	1.00000	1.00000	0.48768	
3660.00	1.00000	1.00000	1.00000	1.00000	0.48151	
3670.00	1.00000	1.00000	1.00000	1.00000	0.48359	
3680.00	1.00000	1.00000	1.00000	1.00000	0.48961	
3690.00	1.00000	1.00000	1.00000	1.00000	0.49027	
3700.00	1.00000	1.00000	1.00000	1.00000	0.47523	
3710.00	1.00000	1.00000	1.00000	1.00000	0.45641	
3720.00	1.00000	1.00000	1.00000	1.00000	0.46433	
3730.00	1.00000	1.00000	1.00000	1.00000	0.46405	
3740.00	1.00000	1.00000	1.00000	1.00000	0.47743	
3750.00	1.00000	1.00000	1.00000	1.00000	0.48587	
3760.00	1.00000	1.00000	1.00000	1.00000	0.48252	
3770.00	1.00000	1.00000	1.00000	1.00000	0.48202	
3780.00	1.00000	1.00000	1.00000	1.00000	0.49765	
3790.00	1.00000	1.00000	1.00000	1.00000	0.44851	
3800.00	1.00000	1.00000	1.00000	1.00000	0.46055	
3810.00	1.00000	1.00000	1.00000	1.00000	0.47754	
3820.00	1.00000	1.00000	1.00000	1.00000	0.47561	
3830.00	1.00000	1.00000	1.00000	1.00000	0.48624	
3840.00	1.00000	1.00000	1.00000	1.00000	0.48130	
3850.00	1.00000	1.00000	1.00000	1.00000	0.49225	
3860.00	1.00000	1.00000	1.00000	1.00000	0.50465	
3870.00	1.00000	1.00000	1.00000	1.00000	0.49843	
3880.00	1.00000	1.00000	1.00000	1.00000	0.49245	
3890.00	1.00000	1.00000	1.00000	1.00000	0.49770	
3900.00	1.00000	1.00000	1.00000	1.00000	0.45804	
3910.00	1.00000	1.00000	1.00000	1.00000	0.47086	
3920.00	1.00000	1.00000	1.00000	1.00000	0.47148	
3930.00	1.00000	1.00000	1.00000	1.00000	0.48341	
3940.00	1.00000	1.00000	1.00000	1.00000	0.48112	
3950.00	1.00000	1.00000	1.00000	1.00000	0.48995	
3960.00	1.00000	1.00000	1.00000	1.00000	0.49129	
3970.00	1.00000	1.00000	1.00000	1.00000	0.48057	
3980.00	1.00000	1.00000	1.00000	1.00000	0.46436	
3990.00	1.00000	1.00000	1.00000	1.00000	0.46796	
4000.00	1.00000	1.00000	1.00000	1.00000	0.47459	
