10.00	0.20000	0.82790	0.20000	0.20000	0.20000	
20.00	0.20000	0.82718	0.20000	0.20000	0.20000	
30.00	0.20000	0.83281	0.20000	0.20000	0.20000	
40.00	0.20000	0.83131	0.20000	0.20000	0.20000	
50.00	0.20000	0.82964	0.20000	0.20000	0.20000	
60.00	0.20000	0.82755	0.20000	0.20000	0.20000	
70.00	0.20000	0.82550	0.20000	0.20000	0.20000	
80.00	0.20000	0.82992	0.20000	0.20000	0.20000	
90.00	0.20000	0.83157	0.20000	0.20000	0.20000	
100.00	0.20000	0.83134	0.20000	0.20000	0.20000	
110.00	0.20000	0.83130	0.20000	0.20000	0.20000	
120.00	0.20000	0.83020	0.20000	0.20000	0.20000	
130.00	0.20000	0.82968	0.20000	0.20000	0.20000	
140.00	0.20000	0.82816	0.20000	0.20000	0.20000	
150.00	0.20000	0.82889	0.20000	0.20000	0.20000	
160.00	0.20000	0.82845	0.20000	0.20000	0.20000	
170.00	0.20000	0.82903	0.20000	0.20000	0.20000	
180.00	0.20000	0.82864	0.20000	0.20000	0.20000	
190.00	0.20000	0.82974	0.20000	0.20000	0.20000	
200.00	0.20000	0.82900	0.20000	0.20000	0.20000	
210.00	0.20000	0.82827	0.20000	0.20000	0.20000	
220.00	0.20000	0.82917	0.20000	0.20000	0.20000	
230.00	0.20000	0.82784	0.20000	0.20000	0.20000	
240.00	0.20000	0.82973	0.20000	0.20000	0.20000	
250.00	0.20000	0.82763	0.20000	0.20000	0.20000	
260.00	0.20000	0.82568	0.20000	0.20000	0.20000	
270.00	0.20000	0.82763	0.20000	0.20000	0.20000	
280.00	0.20000	0.82931	0.20000	0.20000	0.20000	
290.00	0.20000	0.83169	0.20000	0.20000	0.20000	
300.00	0.20000	0.82940	0.20000	0.20000	0.20000	
310.00	0.20000	0.82893	0.20000	0.20000	0.20000	
320.00	0.20000	0.82917	0.20000	0.20000	0.20000	
330.00	0.20000	0.82887	0.20000	0.20000	0.20000	
340.00	0.20000	0.82753	0.20000	0.20000	0.20000	
350.00	0.20000	0.82905	0.20000	0.20000	0.20000	
360.00	0.20000	0.82825	0.20000	0.20000	0.20000	
370.00	0.20000	0.83144	0.20000	0.20000	0.20000	
380.00	0.20000	0.82892	0.20000	0.20000	0.20000	
390.00	0.20000	0.83033	0.20000	0.20000	0.20000	
400.00	0.20000	0.82918	0.20000	0.20000	0.20000	
410.00	0.20000	0.82942	0.20000	0.20000	0.20000	
420.00	0.20000	0.82755	0.20000	0.20000	0.20000	
430.00	0.20000	0.82856	0.20000	0.20000	0.20000	
440.00	0.20000	0.83020	0.20000	0.20000	0.20000	
450.00	0.20000	0.83446	0.20000	0.20000	0.20000	
460.00	0.20000	0.83265	0.20000	0.20000	0.20000	
470.00	0.20000	0.83027	0.20000	0.20000	0.20000	
480.00	0.20000	0.82805	0.20000	0.20000	0.20000	
490.00	0.20000	0.82626	0.20000	0.20000	0.20000	
500.00	0.20000	0.82455	0.20000	0.20000	0.20000	
510.00	0.20000	0.83053	0.20000	0.20000	0.20000	
520.00	0.20000	0.82984	0.20000	0.20000	0.20000	
530.00	0.20000	0.83316	0.20000	0.20000	0.20000	
540.00	0.20000	0.83164	0.20000	0.20000	0.20000	
550.00	0.20000	0.83210	0.20000	0.20000	0.20000	
560.00	0.20000	0.83085	0.20000	0.20000	0.20000	
570.00	0.20000	0.82846	0.20000	0.20000	0.20000	
580.00	0.20000	0.82611	0.20000	0.20000	0.20000	
590.00	0.20000	0.82698	0.20000	0.20000	0.20000	
600.00	0.20000	0.83007	0.20000	0.20000	0.20000	
610.00	0.20000	0.82928	0.20000	0.20000	0.20000	
620.00	0.20000	0.82926	0.20000	0.20000	0.20000	
630.00	0.20000	0.83291	0.20000	0.20000	0.20000	
640.00	0.20000	0.83178	0.20000	0.20000	0.20000	
650.00	0.20000	0.83050	0.20000	0.20000	0.20000	
660.00	0.20000	0.82900	0.20000	0.20000	0.20000	
670.00	0.20000	0.83038	0.20000	0.20000	0.20000	
680.00	0.20000	0.83006	0.20000	0.20000	0.20000	
690.00	0.20000	0.82929	0.20000	0.20000	0.20000	
700.00	0.20000	0.82886	0.20000	0.20000	0.20000	
710.00	0.20000	0.82764	0.20000	0.20000	0.20000	
720.00	0.20000	0.82665	0.20000	0.20000	0.20000	
730.00	0.20000	0.83439	0.20000	0.20000	0.20000	
740.00	0.20000	0.83335	0.20000	0.20000	0.20000	
750.00	0.20000	0.83186	0.20000	0.20000	0.20000	
760.00	0.20000	0.83036	0.20000	0.20000	0.20000	
770.00	0.20000	0.82910	0.20000	0.20000	0.20000	
780.00	0.20000	0.82765	0.20000	0.20000	0.20000	
790.00	0.20000	0.82745	0.20000	0.20000	0.20000	
800.00	0.20000	0.82525	0.20000	0.20000	0.20000	
810.00	0.20000	0.83064	0.20000	0.20000	0.20000	
820.00	0.20000	0.83189	0.20000	0.20000	0.20000	
830.00	0.20000	0.82945	0.20000	0.20000	0.20000	
840.00	0.20000	0.82737	0.20000	0.20000	0.20000	
850.00	0.20000	0.82581	0.20000	0.20000	0.20000	
860.00	0.20000	0.82966	0.20000	0.20000	0.20000	
870.00	0.20000	0.82884	0.20000	0.20000	0.20000	
880.00	0.20000	0.82786	0.20000	0.20000	0.20000	
890.00	0.20000	0.82537	0.20000	0.20000	0.20000	
900.00	0.20000	0.82824	0.20000	0.20000	0.20000	
910.00	0.20000	0.82903	0.20000	0.20000	0.20000	
920.00	0.20000	0.82783	0.20000	0.20000	0.20000	
930.00	0.20000	0.82794	0.20000	0.20000	0.20000	
940.00	0.20000	0.82656	0.20000	0.20000	0.20000	
950.00	0.20000	0.82806	0.20000	0.20000	0.20000	
960.00	0.20000	0.82709	0.20000	0.20000	0.20000	
970.00	0.20000	0.82983	0.20000	0.20000	0.20000	
980.00	0.20000	0.82919	0.20000	0.20000	0.20000	
990.00	0.20000	0.82738	0.20000	0.20000	0.20000	
1000.00	0.20000	0.82594	0.20000	0.20000	0.20000	
1010.00	0.20000	0.82615	0.20000	0.20000	0.20000	
1020.00	0.20000	0.83055	0.20000	0.20000	0.20000	
1030.00	0.20000	0.82927	0.20000	0.20000	0.20000	
1040.00	0.20000	0.82792	0.20000	0.20000	0.20000	
1050.00	0.20000	0.82715	0.20000	0.20000	0.20000	
1060.00	0.20000	0.83115	0.20000	0.20000	0.20000	
1070.00	0.20000	0.83015	0.20000	0.20000	0.20000	
1080.00	0.20000	0.82870	0.20000	0.20000	0.20000	
1090.00	0.20000	0.82712	0.20000	0.20000	0.20000	
1100.00	0.20000	0.82660	0.20000	0.20000	0.20000	
1110.00	0.20000	0.82545	0.20000	0.20000	0.20000	
1120.00	0.20000	0.82901	0.20000	0.20000	0.20000	
1130.00	0.20000	0.82872	0.20000	0.20000	0.20000	
1140.00	0.20000	0.82874	0.20000	0.20000	0.20000	
1150.00	0.20000	0.82994	0.20000	0.20000	0.20000	
1160.00	0.20000	0.82839	0.20000	0.20000	0.20000	
1170.00	0.20000	0.82639	0.20000	0.20000	0.20000	
1180.00	0.20000	0.82584	0.20000	0.20000	0.20000	
1190.00	0.20000	0.82538	0.20000	0.20000	0.20000	
1200.00	0.20000	0.82821	0.20000	0.20000	0.20000	
1210.00	0.20000	0.83079	0.20000	0.20000	0.20000	
1220.00	0.20000	0.82866	0.20000	0.20000	0.20000	
1230.00	0.20000	0.82908	0.20000	0.20000	0.20000	
1240.00	0.20000	0.82740	0.20000	0.20000	0.20000	
1250.00	0.20000	0.82544	0.20000	0.20000	0.20000	
1260.00	0.20000	0.82331	0.20000	0.20000	0.20000	
1270.00	0.20000	0.82158	0.20000	0.20000	0.20000	
1280.00	0.20000	0.83304	0.20000	0.20000	0.20000	
1290.00	0.20000	0.83286	0.20000	0.20000	0.20000	
1300.00	0.20000	0.82995	0.20000	0.20000	0.20000	
1310.00	0.20000	0.82839	0.20000	0.20000	0.20000	
1320.00	0.20000	0.82652	0.20000	0.20000	0.20000	
1330.00	0.20000	0.82565	0.20000	0.20000	0.20000	
1340.00	0.20000	0.82607	0.20000	0.20000	0.20000	
1350.00	0.20000	0.82832	0.20000	0.20000	0.20000	
1360.00	0.20000	0.83072	0.20000	0.20000	0.20000	
1370.00	0.20000	0.82862	0.20000	0.20000	0.20000	
1380.00	0.20000	0.82633	0.20000	0.20000	0.20000	
1390.00	0.20000	0.82448	0.20000	0.20000	0.20000	
1400.00	0.20000	0.82750	0.20000	0.20000	0.20000	
1410.00	0.20000	0.82495	0.20000	0.20000	0.20000	
1420.00	0.20000	0.82627	0.20000	0.20000	0.20000	
1430.00	0.20000	0.82804	0.20000	0.20000	0.20000	
1440.00	0.20000	0.82634	0.20000	0.20000	0.20000	
1450.00	0.20000	0.83060	0.20000	0.20000	0.20000	
1460.00	0.20000	0.82845	0.20000	0.20000	0.20000	
1470.00	0.20000	0.82696	0.20000	0.20000	0.20000	
1480.00	0.20000	0.82606	0.20000	0.20000	0.20000	
1490.00	0.20000	0.82871	0.20000	0.20000	0.20000	
1500.00	0.20000	0.82756	0.20000	0.20000	0.20000	
1510.00	0.20000	0.82665	0.20000	0.20000	0.20000	
1520.00	0.20000	0.82754	0.20000	0.20000	0.20000	
1530.00	0.20000	0.82644	0.20000	0.20000	0.20000	
1540.00	0.20000	0.82646	0.20000	0.20000	0.20000	
1550.00	0.20000	0.82777	0.20000	0.20000	0.20000	
1560.00	0.20000	0.82847	0.20000	0.20000	0.20000	
1570.00	0.20000	0.82733	0.20000	0.20000	0.20000	
1580.00	0.20000	0.82640	0.20000	0.20000	0.20000	
1590.00	0.20000	0.82504	0.20000	0.20000	0.20000	
1600.00	0.20000	0.82388	0.20000	0.20000	0.20000	
1610.00	0.20000	0.82608	0.20000	0.20000	0.20000	
1620.00	0.20000	0.83004	0.20000	0.20000	0.20000	
1630.00	0.20000	0.82879	0.20000	0.20000	0.20000	
1640.00	0.20000	0.82619	0.20000	0.20000	0.20000	
1650.00	0.20000	0.82545	0.20000	0.20000	0.20000	
1660.00	0.20000	0.82657	0.20000	0.20000	0.20000	
1670.00	0.20000	0.82874	0.20000	0.20000	0.20000	
1680.00	0.20000	0.82764	0.20000	0.20000	0.20000	
1690.00	0.20000	0.82828	0.20000	0.20000	0.20000	
1700.00	0.20000	0.82799	0.20000	0.20000	0.20000	
1710.00	0.20000	0.82568	0.20000	0.20000	0.20000	
1720.00	0.20000	0.82547	0.20000	0.20000	0.20000	
1730.00	0.20000	0.82795	0.20000	0.20000	0.20000	
1740.00	0.20000	0.82647	0.20000	0.20000	0.20000	
1750.00	0.20000	0.82587	0.20000	0.20000	0.20000	
1760.00	0.20000	0.82488	0.20000	0.20000	0.20000	
1770.00	0.20000	0.82741	0.20000	0.20000	0.20000	
1780.00	0.20000	0.82628	0.20000	0.20000	0.20000	
1790.00	0.20000	0.82996	0.20000	0.20000	0.20000	
1800.00	0.20000	0.83077	0.20000	0.20000	0.20000	
1810.00	0.20000	0.82856	0.20000	0.20000	0.20000	
1820.00	0.20000	0.82562	0.20000	0.20000	0.20000	
1830.00	0.20000	0.82441	0.20000	0.20000	0.20000	
1840.00	0.20000	0.82636	0.20000	0.20000	0.20000	
1850.00	0.20000	0.83061	0.20000	0.20000	0.20000	
1860.00	0.20000	0.82986	0.20000	0.20000	0.20000	
1870.00	0.20000	0.82783	0.20000	0.20000	0.20000	
1880.00	0.20000	0.82698	0.20000	0.20000	0.20000	
1890.00	0.20000	0.82505	0.20000	0.20000	0.20000	
1900.00	0.20000	0.83013	0.20000	0.20000	0.20000	
1910.00	0.20000	0.83065	0.20000	0.20000	0.20000	
1920.00	0.20000	0.82881	0.20000	0.20000	0.20000	
1930.00	0.20000	0.82620	0.20000	0.20000	0.20000	
1940.00	0.20000	0.82461	0.20000	0.20000	0.20000	
1950.00	0.20000	0.82421	0.20000	0.20000	0.20000	
1960.00	0.20000	0.83007	0.20000	0.20000	0.20000	
1970.00	0.20000	0.82995	0.20000	0.20000	0.20000	
1980.00	0.20000	0.82940	0.20000	0.20000	0.20000	
1990.00	0.20000	0.82816	0.20000	0.20000	0.20000	
2000.00	0.20000	0.82620	0.20000	0.20000	0.20000	
2010.00	0.20000	0.82700	0.20000	0.20000	0.20000	
2020.00	0.20000	0.82551	0.20000	0.20000	0.20000	
2030.00	0.20000	0.82490	0.20000	0.20000	0.20000	
2040.00	0.20000	0.82823	0.20000	0.20000	0.20000	
2050.00	0.20000	0.82989	0.20000	0.20000	0.20000	
2060.00	0.20000	0.82840	0.20000	0.20000	0.20000	
2070.00	0.20000	0.82770	0.20000	0.20000	0.20000	
2080.00	0.20000	0.82709	0.20000	0.20000	0.20000	
2090.00	0.20000	0.82646	0.20000	0.20000	0.20000	
2100.00	0.20000	0.82528	0.20000	0.20000	0.20000	
2110.00	0.20000	0.82463	0.20000	0.20000	0.20000	
2120.00	0.20000	0.82725	0.20000	0.20000	0.20000	
2130.00	0.20000	0.82762	0.20000	0.20000	0.20000	
2140.00	0.20000	0.82764	0.20000	0.20000	0.20000	
2150.00	0.20000	0.82674	0.20000	0.20000	0.20000	
2160.00	0.20000	0.82595	0.20000	0.20000	0.20000	
2170.00	0.20000	0.83052	0.20000	0.20000	0.20000	
2180.00	0.20000	0.82967	0.20000	0.20000	0.20000	
2190.00	0.20000	0.82946	0.20000	0.20000	0.20000	
2200.00	0.20000	0.82788	0.20000	0.20000	0.20000	
2210.00	0.20000	0.82724	0.20000	0.20000	0.20000	
2220.00	0.20000	0.82600	0.20000	0.20000	0.20000	
2230.00	0.20000	0.82702	0.20000	0.20000	0.20000	
2240.00	0.20000	0.82873	0.20000	0.20000	0.20000	
2250.00	0.20000	0.82867	0.20000	0.20000	0.20000	
2260.00	0.20000	0.82714	0.20000	0.20000	0.20000	
2270.00	0.20000	0.82455	0.20000	0.20000	0.20000	
2280.00	0.20000	0.82577	0.20000	0.20000	0.20000	
2290.00	0.20000	0.82783	0.20000	0.20000	0.20000	
2300.00	0.20000	0.82711	0.20000	0.20000	0.20000	
2310.00	0.20000	0.82778	0.20000	0.20000	0.20000	
2320.00	0.20000	0.82567	0.20000	0.20000	0.20000	
2330.00	0.20000	0.82404	0.20000	0.20000	0.20000	
2340.00	0.20000	0.82567	0.20000	0.20000	0.20000	
2350.00	0.20000	0.82576	0.20000	0.20000	0.20000	
2360.00	0.20000	0.83036	0.20000	0.20000	0.20000	
2370.00	0.20000	0.82874	0.20000	0.20000	0.20000	
2380.00	0.20000	0.82811	0.20000	0.20000	0.20000	
2390.00	0.20000	0.82793	0.20000	0.20000	0.20000	
2400.00	0.20000	0.82881	0.20000	0.20000	0.20000	
2410.00	0.20000	0.82933	0.20000	0.20000	0.20000	
2420.00	0.20000	0.82762	0.20000	0.20000	0.20000	
2430.00	0.20000	0.82721	0.20000	0.20000	0.20000	
2440.00	0.20000	0.82651	0.20000	0.20000	0.20000	
2450.00	0.20000	0.82649	0.20000	0.20000	0.20000	
2460.00	0.20000	0.82628	0.20000	0.20000	0.20000	
2470.00	0.20000	0.82782	0.20000	0.20000	0.20000	
2480.00	0.20000	0.82501	0.20000	0.20000	0.20000	
2490.00	0.20000	0.82904	0.20000	0.20000	0.20000	
2500.00	0.20000	0.82794	0.20000	0.20000	0.20000	
2510.00	0.20000	0.82749	0.20000	0.20000	0.20000	
2520.00	0.20000	0.82770	0.20000	0.20000	0.20000	
2530.00	0.20000	0.82640	0.20000	0.20000	0.20000	
2540.00	0.20000	0.82626	0.20000	0.20000	0.20000	
2550.00	0.20000	0.82947	0.20000	0.20000	0.20000	
2560.00	0.20000	0.82795	0.20000	0.20000	0.20000	
2570.00	0.20000	0.82986	0.20000	0.20000	0.20000	
2580.00	0.20000	0.82772	0.20000	0.20000	0.20000	
2590.00	0.20000	0.82641	0.20000	0.20000	0.20000	
2600.00	0.20000	0.82461	0.20000	0.20000	0.20000	
2610.00	0.20000	0.82808	0.20000	0.20000	0.20000	
2620.00	0.20000	0.83133	0.20000	0.20000	0.20000	
2630.00	0.20000	0.82911	0.20000	0.20000	0.20000	
2640.00	0.20000	0.82727	0.20000	0.20000	0.20000	
2650.00	0.20000	0.82887	0.20000	0.20000	0.20000	
2660.00	0.20000	0.82776	0.20000	0.20000	0.20000	
2670.00	0.20000	0.82833	0.20000	0.20000	0.20000	
2680.00	0.20000	0.82697	0.20000	0.20000	0.20000	
2690.00	0.20000	0.82498	0.20000	0.20000	0.20000	
2700.00	0.20000	0.82675	0.20000	0.20000	0.20000	
2710.00	0.20000	0.82682	0.20000	0.20000	0.20000	
2720.00	0.20000	0.83014	0.20000	0.20000	0.20000	
2730.00	0.20000	0.82900	0.20000	0.20000	0.20000	
2740.00	0.20000	0.82807	0.20000	0.20000	0.20000	
2750.00	0.20000	0.82658	0.20000	0.20000	0.20000	
2760.00	0.20000	0.82542	0.20000	0.20000	0.20000	
2770.00	0.20000	0.82356	0.20000	0.20000	0.20000	
2780.00	0.20000	0.82726	0.20000	0.20000	0.20000	
2790.00	0.20000	0.82978	0.20000	0.20000	0.20000	
2800.00	0.20000	0.82767	0.20000	0.20000	0.20000	
2810.00	0.20000	0.82875	0.20000	0.20000	0.20000	
2820.00	0.20000	0.82737	0.20000	0.20000	0.20000	
2830.00	0.20000	0.82533	0.20000	0.20000	0.20000	
2840.00	0.20000	0.82562	0.20000	0.20000	0.20000	
2850.00	0.20000	0.82454	0.20000	0.20000	0.20000	
2860.00	0.20000	0.82969	0.20000	0.20000	0.20000	
2870.00	0.20000	0.83041	0.20000	0.20000	0.20000	
2880.00	0.20000	0.82927	0.20000	0.20000	0.20000	
2890.00	0.20000	0.82852	0.20000	0.20000	0.20000	
2900.00	0.20000	0.82624	0.20000	0.20000	0.20000	
2910.00	0.20000	0.82512	0.20000	0.20000	0.20000	
2920.00	0.20000	0.82720	0.20000	0.20000	0.20000	
2930.00	0.20000	0.82798	0.20000	0.20000	0.20000	
2940.00	0.20000	0.82842	0.20000	0.20000	0.20000	
2950.00	0.20000	0.82838	0.20000	0.20000	0.20000	
2960.00	0.20000	0.82631	0.20000	0.20000	0.20000	
2970.00	0.20000	0.82515	0.20000	0.20000	0.20000	
2980.00	0.20000	0.82590	0.20000	0.20000	0.20000	
2990.00	0.20000	0.82802	0.20000	0.20000	0.20000	
3000.00	0.20000	0.82802	0.20000	0.20000	0.20000	
3010.00	0.20000	0.82804	0.20000	0.20000	0.20000	
3020.00	0.20000	0.83054	0.20000	0.20000	0.20000	
3030.00	0.20000	0.83033	0.20000	0.20000	0.20000	
3040.00	0.20000	0.82929	0.20000	0.20000	0.20000	
3050.00	0.20000	0.82762	0.20000	0.20000	0.20000	
3060.00	0.20000	0.82646	0.20000	0.20000	0.20000	
3070.00	0.20000	0.82750	0.20000	0.20000	0.20000	
3080.00	0.20000	0.82966	0.20000	0.20000	0.20000	
3090.00	0.20000	0.83052	0.20000	0.20000	0.20000	
3100.00	0.20000	0.82916	0.20000	0.20000	0.20000	
3110.00	0.20000	0.82744	0.20000	0.20000	0.20000	
3120.00	0.20000	0.82679	0.20000	0.20000	0.20000	
3130.00	0.20000	0.82780	0.20000	0.20000	0.20000	
3140.00	0.20000	0.82733	0.20000	0.20000	0.20000	
3150.00	0.20000	0.82826	0.20000	0.20000	0.20000	
3160.00	0.20000	0.82944	0.20000	0.20000	0.20000	
3170.00	0.20000	0.83258	0.20000	0.20000	0.20000	
3180.00	0.20000	0.83108	0.20000	0.20000	0.20000	
3190.00	0.20000	0.82889	0.20000	0.20000	0.20000	
3200.00	0.20000	0.82651	0.20000	0.20000	0.20000	
3210.00	0.20000	0.82447	0.20000	0.20000	0.20000	
3220.00	0.20000	0.82536	0.20000	0.20000	0.20000	
3230.00	0.20000	0.82706	0.20000	0.20000	0.20000	
3240.00	0.20000	0.82714	0.20000	0.20000	0.20000	
3250.00	0.20000	0.82847	0.20000	0.20000	0.20000	
3260.00	0.20000	0.82877	0.20000	0.20000	0.20000	
3270.00	0.20000	0.82858	0.20000	0.20000	0.20000	
3280.00	0.20000	0.82685	0.20000	0.20000	0.20000	
3290.00	0.20000	0.82563	0.20000	0.20000	0.20000	
3300.00	0.20000	0.82851	0.20000	0.20000	0.20000	
3310.00	0.20000	0.82759	0.20000	0.20000	0.20000	
3320.00	0.20000	0.82696	0.20000	0.20000	0.20000	
3330.00	0.20000	0.82637	0.20000	0.20000	0.20000	
3340.00	0.20000	0.82512	0.20000	0.20000	0.20000	
3350.00	0.20000	0.82396	0.20000	0.20000	0.20000	
3360.00	0.20000	0.82354	0.20000	0.20000	0.20000	
3370.00	0.20000	0.83490	0.20000	0.20000	0.20000	
3380.00	0.20000	0.83333	0.20000	0.20000	0.20000	
3390.00	0.20000	0.83022	0.20000	0.20000	0.20000	
3400.00	0.20000	0.82827	0.20000	0.20000	0.20000	
3410.00	0.20000	0.82627	0.20000	0.20000	0.20000	
3420.00	0.20000	0.82456	0.20000	0.20000	0.20000	
3430.00	0.20000	0.82301	0.20000	0.20000	0.20000	
3440.00	0.20000	0.82630	0.20000	0.20000	0.20000	
3450.00	0.20000	0.83026	0.20000	0.20000	0.20000	
3460.00	0.20000	0.83206	0.20000	0.20000	0.20000	
3470.00	0.20000	0.83088	0.20000	0.20000	0.20000	
3480.00	0.20000	0.82813	0.20000	0.20000	0.20000	
3490.00	0.20000	0.82731	0.20000	0.20000	0.20000	
3500.00	0.20000	0.82533	0.20000	0.20000	0.20000	
3510.00	0.20000	0.82448	0.20000	0.20000	0.20000	
3520.00	0.20000	0.83164	0.20000	0.20000	0.20000	
3530.00	0.20000	0.83167	0.20000	0.20000	0.20000	
3540.00	0.20000	0.83040	0.20000	0.20000	0.20000	
3550.00	0.20000	0.82799	0.20000	0.20000	0.20000	
3560.00	0.20000	0.82608	0.20000	0.20000	0.20000	
3570.00	0.20000	0.82707	0.20000	0.20000	0.20000	
3580.00	0.20000	0.82830	0.20000	0.20000	0.20000	
3590.00	0.20000	0.82826	0.20000	0.20000	0.20000	
3600.00	0.20000	0.82678	0.20000	0.20000	0.20000	
3610.00	0.20000	0.82688	0.20000	0.20000	0.20000	
3620.00	0.20000	0.82521	0.20000	0.20000	0.20000	
3630.00	0.20000	0.82745	0.20000	0.20000	0.20000	
3640.00	0.20000	0.83276	0.20000	0.20000	0.20000	
3650.00	0.20000	0.83051	0.20000	0.20000	0.20000	
3660.00	0.20000	0.82883	0.20000	0.20000	0.20000	
3670.00	0.20000	0.82797	0.20000	0.20000	0.20000	
3680.00	0.20000	0.82600	0.20000	0.20000	0.20000	
3690.00	0.20000	0.82439	0.20000	0.20000	0.20000	
3700.00	0.20000	0.83481	0.20000	0.20000	0.20000	
3710.00	0.20000	0.83231	0.20000	0.20000	0.20000	
3720.00	0.20000	0.83086	0.20000	0.20000	0.20000	
3730.00	0.20000	0.82902	0.20000	0.20000	0.20000	
3740.00	0.20000	0.82694	0.20000	0.20000	0.20000	
3750.00	0.20000	0.82471	0.20000	0.20000	0.20000	
3760.00	0.20000	0.82974	0.20000	0.20000	0.20000	
3770.00	0.20000	0.83155	0.20000	0.20000	0.20000	
3780.00	0.20000	0.83068	0.20000	0.20000	0.20000	
3790.00	0.20000	0.82925	0.20000	0.20000	0.20000	
3800.00	0.20000	0.82839	0.20000	0.20000	0.20000	
3810.00	0.20000	0.82687	0.20000	0.20000	0.20000	
3820.00	0.20000	0.82752	0.20000	0.20000	0.20000	
3830.00	0.20000	0.82677	0.20000	0.20000	0.20000	
3840.00	0.20000	0.82653	0.20000	0.20000	0.20000	
3850.00	0.20000	0.82460	0.20000	0.20000	0.20000	
3860.00	0.20000	0.82813	0.20000	0.20000	0.20000	
3870.00	0.20000	0.82532	0.20000	0.20000	0.20000	
3880.00	0.20000	0.82486	0.20000	0.20000	0.20000	
3890.00	0.20000	0.83235	0.20000	0.20000	0.20000	
3900.00	0.20000	0.83035	0.20000	0.20000	0.20000	
3910.00	0.20000	0.82866	0.20000	0.20000	0.20000	
3920.00	0.20000	0.82719	0.20000	0.20000	0.20000	
3930.00	0.20000	0.82588	0.20000	0.20000	0.20000	
3940.00	0.20000	0.82674	0.20000	0.20000	0.20000	
3950.00	0.20000	0.82593	0.20000	0.20000	0.20000	
3960.00	0.20000	0.82649	0.20000	0.20000	0.20000	
3970.00	0.20000	0.82723	0.20000	0.20000	0.20000	
3980.00	0.20000	0.83086	0.20000	0.20000	0.20000	
3990.00	0.20000	0.83043	0.20000	0.20000	0.20000	
4000.00	0.20000	0.82822	0.20000	0.20000	0.20000	
