10.00	0.20001	0.20002	0.20002	0.20002	0.80977	
20.00	0.20001	0.20002	0.20002	0.20002	0.81574	
30.00	0.20001	0.20002	0.20002	0.20002	0.81612	
40.00	0.20001	0.20002	0.20002	0.20002	0.81402	
50.00	0.20001	0.20002	0.20001	0.20002	0.81415	
60.00	0.20001	0.20002	0.20001	0.20002	0.81336	
70.00	0.20001	0.20002	0.20001	0.20002	0.81394	
80.00	0.20001	0.20002	0.20001	0.20002	0.81174	
90.00	0.20001	0.20002	0.20001	0.20002	0.81271	
100.00	0.20001	0.20002	0.20001	0.20002	0.81258	
110.00	0.20001	0.20002	0.20001	0.20002	0.81503	
120.00	0.20001	0.20002	0.20001	0.20002	0.81375	
130.00	0.20001	0.20002	0.20001	0.20002	0.81142	
140.00	0.20001	0.20002	0.20001	0.20002	0.81096	
150.00	0.20001	0.20002	0.20001	0.20002	0.81033	
160.00	0.20001	0.20002	0.20001	0.20002	0.81545	
170.00	0.20001	0.20002	0.20001	0.20002	0.81603	
180.00	0.20001	0.20002	0.20001	0.20001	0.81722	
190.00	0.20001	0.20002	0.20001	0.20001	0.81513	
200.00	0.20001	0.20002	0.20001	0.20001	0.81407	
210.00	0.20001	0.20002	0.20001	0.20001	0.81315	
220.00	0.20001	0.20002	0.20001	0.20001	0.81189	
230.00	0.20001	0.20001	0.20001	0.20001	0.81144	
240.00	0.20001	0.20001	0.20001	0.20001	0.81247	
250.00	0.20001	0.20001	0.20001	0.20001	0.81275	
260.00	0.20001	0.20001	0.20001	0.20001	0.81336	
270.00	0.20001	0.20001	0.20001	0.20001	0.81435	
280.00	0.20001	0.20001	0.20001	0.20001	0.81609	
290.00	0.20001	0.20001	0.20001	0.20001	0.81439	
300.00	0.20001	0.20001	0.20001	0.20001	0.81251	
310.00	0.20001	0.20001	0.20001	0.20001	0.81200	
320.00	0.20001	0.20001	0.20001	0.20001	0.81283	
330.00	0.20001	0.20001	0.20001	0.20001	0.81180	
340.00	0.20001	0.20001	0.20001	0.20001	0.81189	
350.00	0.20001	0.20001	0.20001	0.20001	0.81241	
360.00	0.20001	0.20001	0.20001	0.20001	0.81299	
370.00	0.20001	0.20001	0.20001	0.20001	0.81581	
380.00	0.20001	0.20001	0.20001	0.20001	0.81464	
390.00	0.20001	0.20001	0.20001	0.20001	0.81486	
400.00	0.20001	0.20001	0.20001	0.20001	0.81314	
410.00	0.20001	0.20001	0.20001	0.20001	0.81340	
420.00	0.20001	0.20001	0.20001	0.20001	0.81174	
430.00	0.20001	0.20001	0.20001	0.20001	0.81140	
440.00	0.20001	0.20001	0.20001	0.20001	0.81267	
450.00	0.20001	0.20001	0.20001	0.20001	0.81518	
460.00	0.20001	0.20001	0.20001	0.20001	0.81845	
470.00	0.20001	0.20001	0.20001	0.20001	0.81585	
480.00	0.20001	0.20001	0.20001	0.20001	0.81306	
490.00	0.20001	0.20001	0.20001	0.20001	0.81263	
500.00	0.20001	0.20001	0.20001	0.20001	0.81232	
510.00	0.20001	0.20001	0.20001	0.20001	0.81126	
520.00	0.20001	0.20001	0.20001	0.20001	0.81583	
530.00	0.20001	0.20001	0.20001	0.20001	0.81744	
540.00	0.20001	0.20001	0.20001	0.20001	0.81685	
550.00	0.20001	0.20001	0.20001	0.20001	0.81558	
560.00	0.20001	0.20001	0.20001	0.20001	0.81593	
570.00	0.20001	0.20001	0.20001	0.20001	0.81430	
580.00	0.20001	0.20001	0.20001	0.20001	0.81331	
590.00	0.20001	0.20001	0.20001	0.20001	0.81507	
600.00	0.20001	0.20001	0.20001	0.20001	0.81595	
610.00	0.20001	0.20001	0.20001	0.20001	0.81535	
620.00	0.20001	0.20001	0.20001	0.20001	0.81289	
630.00	0.20001	0.20001	0.20001	0.20001	0.81222	
640.00	0.20001	0.20001	0.20001	0.20001	0.81517	
650.00	0.20001	0.20001	0.20001	0.20001	0.81559	
660.00	0.20001	0.20001	0.20001	0.20001	0.81526	
670.00	0.20001	0.20001	0.20001	0.20001	0.81362	
680.00	0.20001	0.20001	0.20001	0.20001	0.81172	
690.00	0.20001	0.20001	0.20001	0.20001	0.81114	
700.00	0.20001	0.20001	0.20001	0.20001	0.81227	
710.00	0.20001	0.20001	0.20001	0.20001	0.81229	
720.00	0.20001	0.20001	0.20001	0.20001	0.81126	
730.00	0.20001	0.20001	0.20001	0.20001	0.81381	
740.00	0.20001	0.20001	0.20001	0.20001	0.81408	
750.00	0.20001	0.20001	0.20001	0.20001	0.81405	
760.00	0.20001	0.20001	0.20001	0.20001	0.81392	
770.00	0.20001	0.20001	0.20001	0.20001	0.81445	
780.00	0.20001	0.20001	0.20001	0.20001	0.81289	
790.00	0.20001	0.20001	0.20001	0.20001	0.81214	
800.00	0.20001	0.20001	0.20001	0.20001	0.81401	
810.00	0.20001	0.20001	0.20001	0.20001	0.81377	
820.00	0.20001	0.20001	0.20001	0.20001	0.81455	
830.00	0.20001	0.20001	0.20001	0.20001	0.81333	
840.00	0.20001	0.20001	0.20001	0.20001	0.81376	
850.00	0.20001	0.20001	0.20001	0.20001	0.81443	
860.00	0.20001	0.20001	0.20001	0.20001	0.81316	
870.00	0.20001	0.20001	0.20001	0.20001	0.81418	
880.00	0.20001	0.20001	0.20001	0.20001	0.81314	
890.00	0.20001	0.20001	0.20001	0.20001	0.81319	
900.00	0.20001	0.20001	0.20001	0.20001	0.81144	
910.00	0.20001	0.20001	0.20001	0.20001	0.81340	
920.00	0.20001	0.20001	0.20001	0.20001	0.81263	
930.00	0.20001	0.20001	0.20001	0.20001	0.81103	
940.00	0.20001	0.20001	0.20001	0.20001	0.81157	
950.00	0.20001	0.20001	0.20001	0.20001	0.81570	
960.00	0.20001	0.20001	0.20001	0.20001	0.81446	
970.00	0.20001	0.20001	0.20001	0.20001	0.81313	
980.00	0.20001	0.20001	0.20001	0.20001	0.81146	
990.00	0.20001	0.20001	0.20001	0.20001	0.81260	
1000.00	0.20001	0.20001	0.20001	0.20001	0.81162	
1010.00	0.20001	0.20001	0.20001	0.20001	0.81203	
1020.00	0.20001	0.20001	0.20001	0.20001	0.81817	
1030.00	0.20001	0.20001	0.20001	0.20001	0.81598	
1040.00	0.20001	0.20001	0.20001	0.20001	0.81532	
1050.00	0.20001	0.20001	0.20001	0.20001	0.81345	
1060.00	0.20001	0.20001	0.20001	0.20001	0.81144	
1070.00	0.20001	0.20001	0.20001	0.20001	0.81585	
1080.00	0.20001	0.20001	0.20001	0.20001	0.81535	
1090.00	0.20001	0.20001	0.20001	0.20001	0.81435	
1100.00	0.20001	0.20001	0.20001	0.20001	0.81377	
1110.00	0.20001	0.20001	0.20001	0.20001	0.81282	
1120.00	0.20001	0.20001	0.20001	0.20001	0.81565	
1130.00	0.20001	0.20001	0.20001	0.20001	0.81459	
1140.00	0.20001	0.20001	0.20001	0.20001	0.81208	
1150.00	0.20001	0.20001	0.20001	0.20001	0.81038	
1160.00	0.20001	0.20001	0.20001	0.20001	0.81151	
1170.00	0.20001	0.20001	0.20001	0.20001	0.81294	
1180.00	0.20001	0.20001	0.20001	0.20001	0.81185	
1190.00	0.20001	0.20001	0.20001	0.20001	0.81041	
1200.00	0.20001	0.20001	0.20001	0.20001	0.81788	
1210.00	0.20001	0.20001	0.20001	0.20001	0.81644	
1220.00	0.20001	0.20001	0.20001	0.20001	0.81422	
1230.00	0.20001	0.20001	0.20001	0.20001	0.81310	
1240.00	0.20001	0.20001	0.20001	0.20001	0.81169	
1250.00	0.20001	0.20001	0.20001	0.20001	0.81005	
1260.00	0.20001	0.20001	0.20001	0.20001	0.81290	
1270.00	0.20001	0.20001	0.20001	0.20001	0.81305	
1280.00	0.20001	0.20001	0.20001	0.20001	0.81363	
1290.00	0.20001	0.20001	0.20001	0.20001	0.81365	
1300.00	0.20001	0.20001	0.20001	0.20001	0.81252	
1310.00	0.20001	0.20001	0.20001	0.20001	0.81260	
1320.00	0.20001	0.20001	0.20001	0.20001	0.81152	
1330.00	0.20001	0.20001	0.20001	0.20001	0.81063	
1340.00	0.20001	0.20001	0.20001	0.20001	0.81179	
1350.00	0.20000	0.20001	0.20001	0.20001	0.81762	
1360.00	0.20000	0.20001	0.20001	0.20001	0.81636	
1370.00	0.20000	0.20001	0.20001	0.20001	0.81773	
1380.00	0.20000	0.20001	0.20001	0.20001	0.81519	
1390.00	0.20000	0.20001	0.20001	0.20001	0.81304	
1400.00	0.20000	0.20001	0.20001	0.20001	0.81199	
1410.00	0.20000	0.20001	0.20001	0.20001	0.81155	
1420.00	0.20000	0.20001	0.20001	0.20001	0.81289	
1430.00	0.20000	0.20001	0.20001	0.20001	0.81495	
1440.00	0.20000	0.20001	0.20001	0.20001	0.81398	
1450.00	0.20000	0.20001	0.20001	0.20001	0.81257	
1460.00	0.20000	0.20001	0.20001	0.20001	0.81113	
1470.00	0.20000	0.20001	0.20001	0.20001	0.81397	
1480.00	0.20000	0.20001	0.20001	0.20001	0.81452	
1490.00	0.20000	0.20001	0.20001	0.20001	0.81300	
1500.00	0.20000	0.20001	0.20001	0.20001	0.81184	
1510.00	0.20000	0.20001	0.20001	0.20001	0.81349	
1520.00	0.20000	0.20001	0.20001	0.20001	0.81238	
1530.00	0.20000	0.20001	0.20001	0.20001	0.81233	
1540.00	0.20000	0.20001	0.20001	0.20001	0.81278	
1550.00	0.20000	0.20001	0.20001	0.20001	0.81580	
1560.00	0.20000	0.20001	0.20001	0.20001	0.81348	
1570.00	0.20000	0.20001	0.20001	0.20001	0.81191	
1580.00	0.20000	0.20001	0.20001	0.20001	0.81142	
1590.00	0.20000	0.20001	0.20001	0.20001	0.81484	
1600.00	0.20000	0.20001	0.20001	0.20001	0.81591	
1610.00	0.20000	0.20001	0.20001	0.20001	0.81469	
1620.00	0.20000	0.20001	0.20001	0.20001	0.81442	
1630.00	0.20000	0.20001	0.20001	0.20001	0.81341	
1640.00	0.20000	0.20001	0.20001	0.20001	0.81138	
1650.00	0.20000	0.20001	0.20001	0.20001	0.81393	
1660.00	0.20000	0.20001	0.20001	0.20001	0.81529	
1670.00	0.20000	0.20001	0.20001	0.20001	0.81778	
1680.00	0.20000	0.20001	0.20001	0.20001	0.81656	
1690.00	0.20000	0.20001	0.20001	0.20001	0.81460	
1700.00	0.20000	0.20001	0.20001	0.20001	0.81475	
1710.00	0.20000	0.20001	0.20001	0.20001	0.81477	
1720.00	0.20000	0.20001	0.20001	0.20001	0.81503	
1730.00	0.20000	0.20001	0.20001	0.20001	0.81728	
1740.00	0.20000	0.20001	0.20000	0.20001	0.81461	
1750.00	0.20000	0.20001	0.20000	0.20001	0.81228	
1760.00	0.20000	0.20001	0.20000	0.20001	0.81176	
1770.00	0.20000	0.20001	0.20000	0.20001	0.81372	
1780.00	0.20000	0.20001	0.20000	0.20001	0.81853	
1790.00	0.20000	0.20001	0.20000	0.20001	0.81784	
1800.00	0.20000	0.20001	0.20000	0.20001	0.81639	
1810.00	0.20000	0.20001	0.20000	0.20001	0.81488	
1820.00	0.20000	0.20001	0.20000	0.20001	0.81319	
1830.00	0.20000	0.20001	0.20000	0.20001	0.81098	
1840.00	0.20000	0.20001	0.20000	0.20001	0.81230	
1850.00	0.20000	0.20001	0.20000	0.20001	0.81301	
1860.00	0.20000	0.20001	0.20000	0.20001	0.81925	
1870.00	0.20000	0.20001	0.20000	0.20001	0.81750	
1880.00	0.20000	0.20000	0.20000	0.20001	0.81646	
1890.00	0.20000	0.20000	0.20000	0.20001	0.81416	
1900.00	0.20000	0.20000	0.20000	0.20001	0.81226	
1910.00	0.20000	0.20000	0.20000	0.20000	0.80958	
1920.00	0.20000	0.20000	0.20000	0.20000	0.80713	
1930.00	0.20000	0.20000	0.20000	0.20000	0.82119	
1940.00	0.20000	0.20000	0.20000	0.20000	0.82179	
1950.00	0.20000	0.20000	0.20000	0.20000	0.81902	
1960.00	0.20000	0.20000	0.20000	0.20000	0.81601	
1970.00	0.20000	0.20000	0.20000	0.20000	0.81440	
1980.00	0.20000	0.20000	0.20000	0.20000	0.81237	
1990.00	0.20000	0.20000	0.20000	0.20000	0.81072	
2000.00	0.20000	0.20000	0.20000	0.20000	0.81362	
2010.00	0.20000	0.20000	0.20000	0.20000	0.81436	
2020.00	0.20000	0.20000	0.20000	0.20000	0.81410	
2030.00	0.20000	0.20000	0.20000	0.20000	0.81457	
2040.00	0.20000	0.20000	0.20000	0.20000	0.81600	
2050.00	0.20000	0.20000	0.20000	0.20000	0.81530	
2060.00	0.20000	0.20000	0.20000	0.20000	0.81334	
2070.00	0.20000	0.20000	0.20000	0.20000	0.81186	
2080.00	0.20000	0.20000	0.20000	0.20000	0.81326	
2090.00	0.20000	0.20000	0.20000	0.20000	0.81714	
2100.00	0.20000	0.20000	0.20000	0.20000	0.81659	
2110.00	0.20000	0.20000	0.20000	0.20000	0.81516	
2120.00	0.20000	0.20000	0.20000	0.20000	0.81371	
2130.00	0.20000	0.20000	0.20000	0.20000	0.81285	
2140.00	0.20000	0.20000	0.20000	0.20000	0.81298	
2150.00	0.20000	0.20000	0.20000	0.20000	0.81685	
2160.00	0.20000	0.20000	0.20000	0.20000	0.81682	
2170.00	0.20000	0.20000	0.20000	0.20000	0.81507	
2180.00	0.20000	0.20000	0.20000	0.20000	0.81256	
2190.00	0.20000	0.20000	0.20000	0.20000	0.80986	
2200.00	0.20000	0.20000	0.20000	0.20000	0.80958	
2210.00	0.20000	0.20000	0.20000	0.20000	0.81589	
2220.00	0.20000	0.20000	0.20000	0.20000	0.81656	
2230.00	0.20000	0.20000	0.20000	0.20000	0.81473	
2240.00	0.20000	0.20000	0.20000	0.20000	0.81420	
2250.00	0.20000	0.20000	0.20000	0.20000	0.81534	
2260.00	0.20000	0.20000	0.20000	0.20000	0.81459	
2270.00	0.20000	0.20000	0.20000	0.20000	0.81454	
2280.00	0.20000	0.20000	0.20000	0.20000	0.81473	
2290.00	0.20000	0.20000	0.20000	0.20000	0.81291	
2300.00	0.20000	0.20000	0.20000	0.20000	0.81092	
2310.00	0.20000	0.20000	0.20000	0.20000	0.81052	
2320.00	0.20000	0.20000	0.20000	0.20000	0.81140	
2330.00	0.20000	0.20000	0.20000	0.20000	0.81713	
2340.00	0.20000	0.20000	0.20000	0.20000	0.81505	
2350.00	0.20000	0.20000	0.20000	0.20000	0.81443	
2360.00	0.20000	0.20000	0.20000	0.20000	0.81777	
2370.00	0.20000	0.20000	0.20000	0.20000	0.81670	
2380.00	0.20000	0.20000	0.20000	0.20000	0.81435	
2390.00	0.20000	0.20000	0.20000	0.20000	0.81475	
2400.00	0.20000	0.20000	0.20000	0.20000	0.81364	
2410.00	0.20000	0.20000	0.20000	0.20000	0.81233	
2420.00	0.20000	0.20000	0.20000	0.20000	0.81528	
2430.00	0.20000	0.20000	0.20000	0.20000	0.81616	
2440.00	0.20000	0.20000	0.20000	0.20000	0.81405	
2450.00	0.20000	0.20000	0.20000	0.20000	0.81221	
2460.00	0.20000	0.20000	0.20000	0.20000	0.80969	
2470.00	0.20000	0.20000	0.20000	0.20000	0.80799	
2480.00	0.20000	0.20000	0.20000	0.20000	0.80890	
2490.00	0.20000	0.20000	0.20000	0.20000	0.81251	
2500.00	0.20000	0.20000	0.20000	0.20000	0.81998	
2510.00	0.20000	0.20000	0.20000	0.20000	0.81949	
2520.00	0.20000	0.20000	0.20000	0.20000	0.81610	
2530.00	0.20000	0.20000	0.20000	0.20000	0.81421	
2540.00	0.20000	0.20000	0.20000	0.20000	0.81515	
2550.00	0.20000	0.20000	0.20000	0.20000	0.81516	
2560.00	0.20000	0.20000	0.20000	0.20000	0.81387	
2570.00	0.20000	0.20000	0.20000	0.20000	0.81583	
2580.00	0.20000	0.20000	0.20000	0.20000	0.81499	
2590.00	0.20000	0.20000	0.20000	0.20000	0.81436	
2600.00	0.20000	0.20000	0.20000	0.20000	0.81603	
2610.00	0.20000	0.20000	0.20000	0.20000	0.81442	
2620.00	0.20000	0.20000	0.20000	0.20000	0.81268	
2630.00	0.20000	0.20000	0.20000	0.20000	0.81231	
2640.00	0.20000	0.20000	0.20000	0.20000	0.81476	
2650.00	0.20000	0.20000	0.20000	0.20000	0.81471	
2660.00	0.20000	0.20000	0.20000	0.20000	0.81892	
2670.00	0.20000	0.20000	0.20000	0.20000	0.81787	
2680.00	0.20000	0.20000	0.20000	0.20000	0.81620	
2690.00	0.20000	0.20000	0.20000	0.20000	0.81416	
2700.00	0.20000	0.20000	0.20000	0.20000	0.81278	
2710.00	0.20000	0.20000	0.20000	0.20000	0.81050	
2720.00	0.20000	0.20000	0.20000	0.20000	0.81185	
2730.00	0.20000	0.20000	0.20000	0.20000	0.81452	
2740.00	0.20000	0.20000	0.20000	0.20000	0.81825	
2750.00	0.20000	0.20000	0.20000	0.20000	0.81738	
2760.00	0.20000	0.20000	0.20000	0.20000	0.81538	
2770.00	0.20000	0.20000	0.20000	0.20000	0.81363	
2780.00	0.20000	0.20000	0.20000	0.20000	0.81256	
2790.00	0.20000	0.20000	0.20000	0.20000	0.81207	
2800.00	0.20000	0.20000	0.20000	0.20000	0.81039	
2810.00	0.20000	0.20000	0.20000	0.20000	0.81029	
2820.00	0.20000	0.20000	0.20000	0.20000	0.81353	
2830.00	0.20000	0.20000	0.20000	0.20000	0.81782	
2840.00	0.20000	0.20000	0.20000	0.20000	0.81931	
2850.00	0.20000	0.20000	0.20000	0.20000	0.81815	
2860.00	0.20000	0.20000	0.20000	0.20000	0.81778	
2870.00	0.20000	0.20000	0.20000	0.20000	0.81650	
2880.00	0.20000	0.20000	0.20000	0.20000	0.81430	
2890.00	0.20000	0.20000	0.20000	0.20000	0.81211	
2900.00	0.20000	0.20000	0.20000	0.20000	0.81038	
2910.00	0.20000	0.20000	0.20000	0.20000	0.81292	
2920.00	0.20000	0.20000	0.20000	0.20000	0.81618	
2930.00	0.20000	0.20000	0.20000	0.20000	0.81450	
2940.00	0.20000	0.20000	0.20000	0.20000	0.81209	
2950.00	0.20000	0.20000	0.20000	0.20000	0.81157	
2960.00	0.20000	0.20000	0.20000	0.20000	0.81432	
2970.00	0.20000	0.20000	0.20000	0.20000	0.81778	
2980.00	0.20000	0.20000	0.20000	0.20000	0.81841	
2990.00	0.20000	0.20000	0.20000	0.20000	0.81683	
3000.00	0.20000	0.20000	0.20000	0.20000	0.81414	
3010.00	0.20000	0.20000	0.20000	0.20000	0.81285	
3020.00	0.20000	0.20000	0.20000	0.20000	0.81353	
3030.00	0.20000	0.20000	0.20000	0.20000	0.81320	
3040.00	0.20000	0.20000	0.20000	0.20000	0.81414	
3050.00	0.20000	0.20000	0.20000	0.20000	0.81475	
3060.00	0.20000	0.20000	0.20000	0.20000	0.81562	
3070.00	0.20000	0.20000	0.20000	0.20000	0.81429	
3080.00	0.20000	0.20000	0.20000	0.20000	0.81400	
3090.00	0.20000	0.20000	0.20000	0.20000	0.81274	
3100.00	0.20000	0.20000	0.20000	0.20000	0.81523	
3110.00	0.20000	0.20000	0.20000	0.20000	0.81496	
3120.00	0.20000	0.20000	0.20000	0.20000	0.81416	
3130.00	0.20000	0.20000	0.20000	0.20000	0.81361	
3140.00	0.20000	0.20000	0.20000	0.20000	0.81429	
3150.00	0.20000	0.20000	0.20000	0.20000	0.81198	
3160.00	0.20000	0.20000	0.20000	0.20000	0.81155	
3170.00	0.20000	0.20000	0.20000	0.20000	0.81256	
3180.00	0.20000	0.20000	0.20000	0.20000	0.81988	
3190.00	0.20000	0.20000	0.20000	0.20000	0.81762	
3200.00	0.20000	0.20000	0.20000	0.20000	0.81511	
3210.00	0.20000	0.20000	0.20000	0.20000	0.81255	
3220.00	0.20000	0.20000	0.20000	0.20000	0.81318	
3230.00	0.20000	0.20000	0.20000	0.20000	0.81130	
3240.00	0.20000	0.20000	0.20000	0.20000	0.81399	
3250.00	0.20000	0.20000	0.20000	0.20000	0.81560	
3260.00	0.20000	0.20000	0.20000	0.20000	0.81580	
3270.00	0.20000	0.20000	0.20000	0.20000	0.81433	
3280.00	0.20000	0.20000	0.20000	0.20000	0.81491	
3290.00	0.20000	0.20000	0.20000	0.20000	0.81400	
3300.00	0.20000	0.20000	0.20000	0.20000	0.81207	
3310.00	0.20000	0.20000	0.20000	0.20000	0.81479	
3320.00	0.20000	0.20000	0.20000	0.20000	0.81539	
3330.00	0.20000	0.20000	0.20000	0.20000	0.81361	
3340.00	0.20000	0.20000	0.20000	0.20000	0.81443	
3350.00	0.20000	0.20000	0.20000	0.20000	0.81541	
3360.00	0.20000	0.20000	0.20000	0.20000	0.81346	
3370.00	0.20000	0.20000	0.20000	0.20000	0.81439	
3380.00	0.20000	0.20000	0.20000	0.20000	0.81507	
3390.00	0.20000	0.20000	0.20000	0.20000	0.81251	
3400.00	0.20000	0.20000	0.20000	0.20000	0.81507	
3410.00	0.20000	0.20000	0.20000	0.20000	0.81489	
3420.00	0.20000	0.20000	0.20000	0.20000	0.81725	
3430.00	0.20000	0.20000	0.20000	0.20000	0.81738	
3440.00	0.20000	0.20000	0.20000	0.20000	0.81569	
3450.00	0.20000	0.20000	0.20000	0.20000	0.81452	
3460.00	0.20000	0.20000	0.20000	0.20000	0.81383	
3470.00	0.20000	0.20000	0.20000	0.20000	0.81132	
3480.00	0.20000	0.20000	0.20000	0.20000	0.81250	
3490.00	0.20000	0.20000	0.20000	0.20000	0.81195	
3500.00	0.20000	0.20000	0.20000	0.20000	0.81752	
3510.00	0.20000	0.20000	0.20000	0.20000	0.81711	
3520.00	0.20000	0.20000	0.20000	0.20000	0.81633	
3530.00	0.20000	0.20000	0.20000	0.20000	0.81424	
3540.00	0.20000	0.20000	0.20000	0.20000	0.81505	
3550.00	0.20000	0.20000	0.20000	0.20000	0.81410	
3560.00	0.20000	0.20000	0.20000	0.20000	0.81247	
3570.00	0.20000	0.20000	0.20000	0.20000	0.81039	
3580.00	0.20000	0.20000	0.20000	0.20000	0.81221	
3590.00	0.20000	0.20000	0.20000	0.20000	0.81437	
3600.00	0.20000	0.20000	0.20000	0.20000	0.81571	
3610.00	0.20000	0.20000	0.20000	0.20000	0.81654	
3620.00	0.20000	0.20000	0.20000	0.20000	0.81549	
3630.00	0.20000	0.20000	0.20000	0.20000	0.81376	
3640.00	0.20000	0.20000	0.20000	0.20000	0.81176	
3650.00	0.20000	0.20000	0.20000	0.20000	0.81299	
3660.00	0.20000	0.20000	0.20000	0.20000	0.81405	
3670.00	0.20000	0.20000	0.20000	0.20000	0.81399	
3680.00	0.20000	0.20000	0.20000	0.20000	0.81329	
3690.00	0.20000	0.20000	0.20000	0.20000	0.81313	
3700.00	0.20000	0.20000	0.20000	0.20000	0.81557	
3710.00	0.20000	0.20000	0.20000	0.20000	0.81843	
3720.00	0.20000	0.20000	0.20000	0.20000	0.81712	
3730.00	0.20000	0.20000	0.20000	0.20000	0.81712	
3740.00	0.20000	0.20000	0.20000	0.20000	0.81504	
3750.00	0.20000	0.20000	0.20000	0.20000	0.81354	
3760.00	0.20000	0.20000	0.20000	0.20000	0.81414	
3770.00	0.20000	0.20000	0.20000	0.20000	0.81406	
3780.00	0.20000	0.20000	0.20000	0.20000	0.81154	
3790.00	0.20000	0.20000	0.20000	0.20000	0.81989	
3800.00	0.20000	0.20000	0.20000	0.20000	0.81826	
3810.00	0.20000	0.20000	0.20000	0.20000	0.81576	
3820.00	0.20000	0.20000	0.20000	0.20000	0.81571	
3830.00	0.20000	0.20000	0.20000	0.20000	0.81386	
3840.00	0.20000	0.20000	0.20000	0.20000	0.81456	
3850.00	0.20000	0.20000	0.20000	0.20000	0.81272	
3860.00	0.20000	0.20000	0.20000	0.20000	0.81079	
3870.00	0.20000	0.20000	0.20000	0.20000	0.81187	
3880.00	0.20000	0.20000	0.20000	0.20000	0.81262	
3890.00	0.20000	0.20000	0.20000	0.20000	0.81191	
3900.00	0.20000	0.20000	0.20000	0.20000	0.81858	
3910.00	0.20000	0.20000	0.20000	0.20000	0.81663	
3920.00	0.20000	0.20000	0.20000	0.20000	0.81634	
3930.00	0.20000	0.20000	0.20000	0.20000	0.81450	
3940.00	0.20000	0.20000	0.20000	0.20000	0.81473	
3950.00	0.20000	0.20000	0.20000	0.20000	0.81337	
3960.00	0.20000	0.20000	0.20000	0.20000	0.81317	
3970.00	0.20000	0.20000	0.20000	0.20000	0.81473	
3980.00	0.20000	0.20000	0.20000	0.20000	0.81754	
3990.00	0.20000	0.20000	0.20000	0.20000	0.81697	
4000.00	0.20000	0.20000	0.20000	0.20000	0.81597	
