10.00 -0.5118 -0.4939 -0.5032 -0.5056 -0.4979 -0.3049
20.00 -0.4722 -0.4651 -0.4779 -0.4792 -0.4809 -0.3323
30.00 -0.4885 -0.4807 -0.4925 -0.4936 -0.4763 -0.3150
40.00 -0.4955 -0.4909 -0.5043 -0.5060 -0.4945 -0.3277
50.00 -0.4879 -0.5012 -0.5056 -0.4877 -0.4996 -0.3081
60.00 -0.4615 -0.4618 -0.4608 -0.4540 -0.4701 -0.3068
70.00 -0.5055 -0.5166 -0.5060 -0.5092 -0.5196 -0.3211
80.00 -0.5064 -0.5074 -0.5053 -0.5068 -0.5227 -0.3140
90.00 -0.4849 -0.4798 -0.4634 -0.4901 -0.4884 -0.3147
100.00 -0.5026 -0.4923 -0.4897 -0.4936 -0.4996 -0.3157
110.00 -0.4869 -0.4904 -0.4913 -0.4825 -0.4832 -0.3258
120.00 -0.4966 -0.4895 -0.4846 -0.4951 -0.4835 -0.3136
130.00 -0.5133 -0.5028 -0.5014 -0.5037 -0.4973 -0.3231
140.00 -0.5056 -0.4950 -0.4955 -0.5043 -0.4952 -0.3219
150.00 -0.4691 -0.4714 -0.4727 -0.4599 -0.4615 -0.2979
160.00 -0.4653 -0.4635 -0.4574 -0.4692 -0.4526 -0.3094
170.00 -0.5185 -0.5205 -0.5343 -0.5298 -0.5370 -0.3274
180.00 -0.4791 -0.4718 -0.4819 -0.4887 -0.4837 -0.3132
190.00 -0.4858 -0.5087 -0.4918 -0.5019 -0.4915 -0.3207
200.00 -0.4744 -0.4635 -0.4779 -0.4784 -0.4777 -0.3197
210.00 -0.4747 -0.4896 -0.5010 -0.4891 -0.4890 -0.3129
220.00 -0.4939 -0.4900 -0.4879 -0.4878 -0.4999 -0.3152
230.00 -0.5071 -0.4911 -0.5003 -0.5059 -0.4980 -0.3229
240.00 -0.4734 -0.4877 -0.4951 -0.4842 -0.4708 -0.3249
250.00 -0.5235 -0.5197 -0.5314 -0.5210 -0.5112 -0.3256
260.00 -0.4491 -0.4417 -0.4370 -0.4376 -0.4423 -0.3023
270.00 -0.5022 -0.5030 -0.5100 -0.5172 -0.4972 -0.3134
280.00 -0.5217 -0.5256 -0.5094 -0.5083 -0.5090 -0.3315
290.00 -0.5014 -0.5030 -0.4923 -0.4963 -0.5062 -0.3158
300.00 -0.4856 -0.4745 -0.4709 -0.4761 -0.4661 -0.3141
310.00 -0.4924 -0.5013 -0.4858 -0.5044 -0.4928 -0.3154
320.00 -0.5137 -0.5104 -0.5027 -0.5135 -0.5067 -0.3144
330.00 -0.4740 -0.4724 -0.4632 -0.4638 -0.4679 -0.3081
340.00 -0.4931 -0.4908 -0.4909 -0.4872 -0.4866 -0.3174
350.00 -0.4686 -0.4806 -0.4866 -0.4856 -0.4814 -0.3154
360.00 -0.4850 -0.4937 -0.4823 -0.4856 -0.4998 -0.3192
370.00 -0.4999 -0.5084 -0.4949 -0.5134 -0.5021 -0.3176
380.00 -0.4805 -0.4873 -0.4807 -0.4929 -0.4868 -0.3208
390.00 -0.4908 -0.4981 -0.4987 -0.5005 -0.4891 -0.3246
400.00 -0.4709 -0.4739 -0.4774 -0.4660 -0.4698 -0.3173
410.00 -0.5026 -0.4946 -0.4950 -0.4950 -0.4961 -0.3214
420.00 -0.5177 -0.5007 -0.4979 -0.5084 -0.5013 -0.3235
430.00 -0.4744 -0.4771 -0.4746 -0.4831 -0.4790 -0.3215
440.00 -0.5087 -0.5277 -0.5060 -0.5196 -0.5106 -0.3205
450.00 -0.4645 -0.4870 -0.4995 -0.4976 -0.4751 -0.3140
460.00 -0.4717 -0.4869 -0.4777 -0.4758 -0.4728 -0.3120
470.00 -0.5002 -0.4996 -0.5052 -0.5050 -0.4954 -0.3211
480.00 -0.5204 -0.5199 -0.5182 -0.5170 -0.5024 -0.3378
490.00 -0.4680 -0.4671 -0.4753 -0.4641 -0.4444 -0.3047
500.00 -0.5109 -0.5009 -0.5200 -0.4980 -0.5143 -0.3190
510.00 -0.4870 -0.5357 -0.5286 -0.5383 -0.5314 -0.3044
520.00 -0.5836 -0.7860 -0.7925 -0.7968 -0.7811 -0.3544
530.00 -0.5601 -0.9056 -0.9085 -0.8960 -0.9072 -0.3346
540.00 -0.5371 -0.8395 -0.8462 -0.8489 -0.8424 -0.3146
550.00 -0.5627 -0.9281 -0.9180 -0.9171 -0.9184 -0.3301
560.00 -0.5560 -0.9754 -0.9776 -0.9896 -0.9671 -0.3149
570.00 -0.5030 -0.7768 -0.7744 -0.7759 -0.7817 -0.3156
580.00 -0.4151 -0.4958 -0.4953 -0.4953 -0.4927 -0.3105
590.00 -0.4112 -0.4907 -0.4965 -0.5005 -0.4951 -0.3014
600.00 -0.4552 -0.5560 -0.5563 -0.5601 -0.5524 -0.3294
610.00 -0.4296 -0.4791 -0.4738 -0.4693 -0.4746 -0.3164
620.00 -0.4547 -0.5540 -0.5585 -0.5579 -0.5587 -0.3233
630.00 -0.4548 -0.5060 -0.5005 -0.5026 -0.4972 -0.3255
640.00 -0.4447 -0.5103 -0.5108 -0.5146 -0.5156 -0.3144
650.00 -0.4733 -0.5363 -0.5236 -0.5241 -0.5400 -0.3352
660.00 -0.4338 -0.4652 -0.4746 -0.4688 -0.4735 -0.2899
670.00 -0.4570 -0.4888 -0.4876 -0.4823 -0.4803 -0.3167
680.00 -0.5035 -0.5060 -0.5001 -0.5159 -0.5116 -0.3233
690.00 -0.4884 -0.4898 -0.5099 -0.4916 -0.4903 -0.3157
700.00 -0.4618 -0.4725 -0.4763 -0.4743 -0.4756 -0.3026
710.00 -0.4913 -0.4833 -0.4899 -0.4932 -0.4715 -0.3082
720.00 -0.5347 -0.5162 -0.5255 -0.5151 -0.5219 -0.3434
730.00 -0.4824 -0.4799 -0.4872 -0.4799 -0.4783 -0.3138
740.00 -0.4588 -0.4638 -0.4432 -0.4545 -0.4547 -0.3048
750.00 -0.5159 -0.4973 -0.5061 -0.5146 -0.4936 -0.3029
760.00 -0.5176 -0.5088 -0.5115 -0.5166 -0.5065 -0.3450
770.00 -0.5074 -0.5019 -0.5002 -0.4907 -0.4935 -0.3197
780.00 -0.5004 -0.4899 -0.4874 -0.4999 -0.4994 -0.3143
790.00 -0.5009 -0.4846 -0.4861 -0.4881 -0.4929 -0.3100
800.00 -0.4775 -0.4810 -0.4956 -0.4916 -0.4858 -0.3049
810.00 -0.5002 -0.4977 -0.5009 -0.5015 -0.4934 -0.3274
820.00 -0.4508 -0.4722 -0.4679 -0.4659 -0.4688 -0.3057
830.00 -0.4885 -0.5059 -0.5040 -0.5052 -0.4995 -0.3244
840.00 -0.4709 -0.4707 -0.4776 -0.4841 -0.4757 -0.3107
850.00 -0.4889 -0.5066 -0.5092 -0.5034 -0.5003 -0.3255
860.00 -0.4813 -0.4936 -0.5029 -0.4956 -0.5027 -0.3181
870.00 -0.4682 -0.4962 -0.4964 -0.4998 -0.4985 -0.3107
880.00 -0.4882 -0.4787 -0.4882 -0.4880 -0.4762 -0.3344
890.00 -0.5084 -0.5148 -0.5122 -0.5136 -0.5189 -0.3163
900.00 -0.5030 -0.4978 -0.4936 -0.4984 -0.4893 -0.3363
910.00 -0.4699 -0.4950 -0.4883 -0.5010 -0.4767 -0.3258
920.00 -0.4646 -0.5029 -0.5012 -0.4955 -0.4847 -0.3057
930.00 -0.4690 -0.4960 -0.4944 -0.4951 -0.4902 -0.3247
940.00 -0.4854 -0.5143 -0.5013 -0.5118 -0.5036 -0.3121
950.00 -0.4745 -0.4837 -0.4765 -0.4713 -0.4818 -0.3185
960.00 -0.5174 -0.5198 -0.5104 -0.5083 -0.5211 -0.3250
970.00 -0.4696 -0.4780 -0.4635 -0.4698 -0.4789 -0.3146
980.00 -0.4632 -0.4826 -0.4727 -0.4811 -0.4580 -0.2995
990.00 -0.4887 -0.4968 -0.4932 -0.4911 -0.4936 -0.3209
1000.00 -0.4670 -0.5056 -0.5127 -0.5108 -0.5238 -0.3177
1010.00 -0.5055 -0.5001 -0.5145 -0.4904 -0.5104 -0.3185
1020.00 -0.5031 -0.4968 -0.4976 -0.4991 -0.5038 -0.3354
1030.00 -0.4710 -0.4807 -0.4854 -0.4908 -0.4924 -0.3064
1040.00 -0.4821 -0.4770 -0.4953 -0.4967 -0.4888 -0.3072
1050.00 -0.4754 -0.4776 -0.4879 -0.4781 -0.4967 -0.3192
1060.00 -0.4760 -0.4951 -0.4978 -0.4963 -0.4980 -0.3207
1070.00 -0.4918 -0.4967 -0.5012 -0.5036 -0.5134 -0.3232
1080.00 -0.5121 -0.5020 -0.5062 -0.5056 -0.5056 -0.3233
1090.00 -0.4771 -0.4711 -0.4638 -0.4726 -0.4713 -0.3024
1100.00 -0.5532 -0.5461 -0.5380 -0.5437 -0.5353 -0.3524
1110.00 -0.4409 -0.4433 -0.4331 -0.4381 -0.4460 -0.2781
1120.00 -0.5127 -0.5243 -0.5086 -0.5238 -0.5195 -0.3217
1130.00 -0.4988 -0.4998 -0.5012 -0.5025 -0.5095 -0.3219
1140.00 -0.4536 -0.4738 -0.4633 -0.4591 -0.4677 -0.3176
1150.00 -0.4744 -0.4907 -0.4740 -0.4887 -0.4871 -0.3088
1160.00 -0.4572 -0.4605 -0.4652 -0.4687 -0.4747 -0.2966
1170.00 -0.5087 -0.5079 -0.5158 -0.5069 -0.5117 -0.3399
1180.00 -0.4753 -0.5055 -0.4876 -0.5007 -0.5075 -0.3162
1190.00 -0.4773 -0.4934 -0.4983 -0.4933 -0.4912 -0.3046
1200.00 -0.5169 -0.5103 -0.5212 -0.4985 -0.5246 -0.3400
1210.00 -0.4634 -0.4665 -0.4674 -0.4656 -0.4769 -0.3009
1220.00 -0.4821 -0.5027 -0.5113 -0.5074 -0.5149 -0.3317
1230.00 -0.4780 -0.4767 -0.4819 -0.4779 -0.4768 -0.3036
1240.00 -0.4906 -0.5027 -0.5110 -0.5077 -0.5055 -0.3272
1250.00 -0.4966 -0.5047 -0.5029 -0.4974 -0.4927 -0.3211
1260.00 -0.4702 -0.4648 -0.4772 -0.4797 -0.4712 -0.3061
1270.00 -0.4854 -0.4975 -0.4753 -0.4935 -0.4840 -0.3249
1280.00 -0.4983 -0.5247 -0.4982 -0.5064 -0.5183 -0.3268
1290.00 -0.5175 -0.5187 -0.5027 -0.5313 -0.5259 -0.3177
1300.00 -0.4764 -0.4844 -0.4828 -0.4811 -0.4770 -0.3129
1310.00 -0.4593 -0.4631 -0.4595 -0.4510 -0.4630 -0.3026
1320.00 -0.4997 -0.5085 -0.4994 -0.5196 -0.5265 -0.3325
1330.00 -0.4940 -0.5007 -0.4876 -0.4891 -0.4923 -0.3084
1340.00 -0.5012 -0.4968 -0.4996 -0.4953 -0.4884 -0.3316
1350.00 -0.4765 -0.4723 -0.4743 -0.4733 -0.4676 -0.3078
1360.00 -0.4945 -0.5057 -0.5116 -0.4994 -0.5082 -0.3267
1370.00 -0.4812 -0.4831 -0.4847 -0.4793 -0.4908 -0.3234
1380.00 -0.5105 -0.5198 -0.5211 -0.4915 -0.5109 -0.3274
1390.00 -0.4533 -0.4782 -0.4734 -0.4693 -0.4796 -0.3028
1400.00 -0.5118 -0.5092 -0.5125 -0.5252 -0.5033 -0.3246
1410.00 -0.4838 -0.4967 -0.4931 -0.4833 -0.4992 -0.3161
1420.00 -0.4892 -0.4858 -0.4836 -0.4744 -0.4738 -0.3186
1430.00 -0.4657 -0.4674 -0.4715 -0.4835 -0.4683 -0.3017
1440.00 -0.4893 -0.4897 -0.4990 -0.5030 -0.4999 -0.3184
1450.00 -0.4737 -0.4922 -0.4914 -0.4924 -0.4804 -0.3188
1460.00 -0.4733 -0.4977 -0.4869 -0.4839 -0.4860 -0.3224
1470.00 -0.5225 -0.5317 -0.5214 -0.5099 -0.4968 -0.3311
1480.00 -0.4959 -0.4803 -0.4887 -0.4883 -0.4848 -0.3056
1490.00 -0.4679 -0.4685 -0.4777 -0.4777 -0.4773 -0.3186
1500.00 -0.5122 -0.4969 -0.5177 -0.5069 -0.5122 -0.3160
1510.00 -0.4894 -0.4820 -0.4915 -0.4841 -0.4790 -0.3238
1520.00 -0.4922 -0.4985 -0.4944 -0.4908 -0.4971 -0.3216
1530.00 -0.4677 -0.4620 -0.4719 -0.4682 -0.4774 -0.3026
1540.00 -0.5047 -0.4892 -0.5001 -0.4987 -0.5007 -0.3286
1550.00 -0.5075 -0.5013 -0.5051 -0.4937 -0.4963 -0.3122
1560.00 -0.4979 -0.5041 -0.5009 -0.4831 -0.5029 -0.3200
1570.00 -0.4500 -0.4539 -0.4496 -0.4409 -0.4437 -0.2873
1580.00 -0.5041 -0.5037 -0.5095 -0.4984 -0.5048 -0.3303
1590.00 -0.4966 -0.5161 -0.5103 -0.5183 -0.5129 -0.3295
1600.00 -0.4670 -0.4950 -0.4905 -0.4843 -0.4986 -0.2958
1610.00 -0.4948 -0.5062 -0.5147 -0.5028 -0.5083 -0.3422
1620.00 -0.4970 -0.5096 -0.5085 -0.5031 -0.5204 -0.3288
1630.00 -0.4428 -0.4623 -0.4593 -0.4601 -0.4634 -0.3094
1640.00 -0.5119 -0.4949 -0.5123 -0.5154 -0.5063 -0.3393
1650.00 -0.5135 -0.5223 -0.5024 -0.5179 -0.5171 -0.3141
1660.00 -0.4756 -0.4715 -0.4828 -0.4734 -0.4783 -0.3149
1670.00 -0.5095 -0.4974 -0.5004 -0.4972 -0.5071 -0.3185
1680.00 -0.4757 -0.4759 -0.4873 -0.4847 -0.4692 -0.3182
1690.00 -0.4983 -0.4875 -0.4952 -0.4885 -0.5045 -0.3217
1700.00 -0.4979 -0.4973 -0.4852 -0.4939 -0.4965 -0.3182
1710.00 -0.4862 -0.4962 -0.4969 -0.4812 -0.4895 -0.3187
1720.00 -0.4938 -0.4951 -0.4939 -0.4747 -0.4830 -0.3136
1730.00 -0.4764 -0.4776 -0.4865 -0.4772 -0.4820 -0.3152
1740.00 -0.5022 -0.4972 -0.5138 -0.5059 -0.5118 -0.3147
1750.00 -0.4819 -0.4907 -0.4894 -0.4913 -0.4956 -0.3235
1760.00 -0.4872 -0.4957 -0.4747 -0.4940 -0.4824 -0.3148
