10.00 -0.4768 -0.4744 -0.4738 -0.4813 -0.4732 -0.3099
20.00 -0.4859 -0.5027 -0.5060 -0.5068 -0.4978 -0.3259
30.00 -0.4644 -0.4480 -0.4559 -0.4672 -0.4563 -0.3012
40.00 -0.4804 -0.4875 -0.4881 -0.4788 -0.4754 -0.3098
50.00 -0.5018 -0.4934 -0.5009 -0.5089 -0.4884 -0.3216
60.00 -0.4828 -0.4862 -0.4766 -0.4939 -0.4721 -0.3254
70.00 -0.4864 -0.4932 -0.4949 -0.4863 -0.4885 -0.3080
80.00 -0.4799 -0.4641 -0.4938 -0.4882 -0.4845 -0.3207
90.00 -0.4779 -0.4938 -0.4945 -0.4877 -0.4903 -0.3120
100.00 -0.4595 -0.4444 -0.4597 -0.4562 -0.4491 -0.3100
110.00 -0.5000 -0.5013 -0.5101 -0.4963 -0.5080 -0.3300
120.00 -0.4995 -0.4925 -0.4879 -0.5025 -0.4997 -0.3244
130.00 -0.4588 -0.4575 -0.4463 -0.4630 -0.4575 -0.3015
140.00 -0.5005 -0.4733 -0.4893 -0.4982 -0.4925 -0.3198
150.00 -0.5185 -0.5073 -0.5068 -0.5173 -0.5243 -0.3276
160.00 -0.4759 -0.4587 -0.4623 -0.4698 -0.4768 -0.2956
170.00 -0.4437 -0.4624 -0.4577 -0.4636 -0.4483 -0.3073
180.00 -0.5091 -0.5048 -0.5098 -0.5062 -0.4920 -0.3254
190.00 -0.4834 -0.4897 -0.4791 -0.4834 -0.4621 -0.3173
200.00 -0.4777 -0.4683 -0.4786 -0.4702 -0.4679 -0.2910
210.00 -0.5103 -0.4950 -0.5070 -0.4981 -0.5048 -0.3315
220.00 -0.4923 -0.4881 -0.4763 -0.4747 -0.4924 -0.3145
230.00 -0.4923 -0.4821 -0.4778 -0.4732 -0.4854 -0.3181
240.00 -0.4520 -0.4491 -0.4542 -0.4578 -0.4601 -0.2993
250.00 -0.5007 -0.5061 -0.5016 -0.5075 -0.5010 -0.3341
260.00 -0.4733 -0.4911 -0.4910 -0.4853 -0.4848 -0.3083
270.00 -0.5123 -0.5138 -0.5019 -0.5094 -0.5247 -0.3301
280.00 -0.4913 -0.4886 -0.4544 -0.4865 -0.5026 -0.3186
290.00 -0.4668 -0.4820 -0.4490 -0.4812 -0.4712 -0.3150
300.00 -0.4960 -0.4757 -0.4595 -0.4834 -0.4962 -0.3107
310.00 -0.5034 -0.4769 -0.4823 -0.4891 -0.5031 -0.3202
320.00 -0.4737 -0.4461 -0.4704 -0.4562 -0.4659 -0.3109
330.00 -0.4946 -0.4822 -0.4845 -0.5004 -0.4880 -0.3096
340.00 -0.5017 -0.5001 -0.4991 -0.4843 -0.4949 -0.3258
350.00 -0.4798 -0.4718 -0.4735 -0.4712 -0.4698 -0.3065
360.00 -0.5004 -0.5102 -0.4952 -0.4984 -0.4959 -0.3276
370.00 -0.4614 -0.4660 -0.4639 -0.4649 -0.4652 -0.3074
380.00 -0.4815 -0.4969 -0.4818 -0.4968 -0.4923 -0.3253
390.00 -0.4464 -0.4663 -0.4613 -0.4646 -0.4663 -0.2951
400.00 -0.4912 -0.4865 -0.4972 -0.5023 -0.4996 -0.3275
410.00 -0.4718 -0.4641 -0.4811 -0.4810 -0.4708 -0.3103
420.00 -0.5299 -0.5204 -0.5178 -0.5278 -0.5185 -0.3419
430.00 -0.4941 -0.4828 -0.4709 -0.4834 -0.4938 -0.3083
440.00 -0.4989 -0.4789 -0.4959 -0.4971 -0.4874 -0.3111
450.00 -0.4627 -0.4556 -0.4591 -0.4733 -0.4618 -0.3088
460.00 -0.4865 -0.4946 -0.4816 -0.5040 -0.4705 -0.3267
470.00 -0.4941 -0.4821 -0.4877 -0.4966 -0.4995 -0.3119
480.00 -0.4743 -0.4498 -0.4853 -0.4731 -0.4705 -0.3096
490.00 -0.4428 -0.4370 -0.4523 -0.4515 -0.4496 -0.3048
500.00 -0.5249 -0.5191 -0.5077 -0.5083 -0.5167 -0.3307
510.00 -0.4618 -0.6338 -0.6219 -0.6337 -0.6323 -0.3005
520.00 -0.4691 -0.7277 -0.7360 -0.7249 -0.7325 -0.3244
530.00 -0.3995 -0.4990 -0.5024 -0.5112 -0.5098 -0.3078
540.00 -0.4274 -0.5677 -0.5711 -0.5648 -0.5657 -0.3242
550.00 -0.4240 -0.5467 -0.5446 -0.5404 -0.5481 -0.3271
560.00 -0.4119 -0.5020 -0.5056 -0.5054 -0.5092 -0.3080
570.00 -0.4292 -0.5393 -0.5403 -0.5365 -0.5409 -0.3240
580.00 -0.4075 -0.5186 -0.5225 -0.5207 -0.5216 -0.3006
590.00 -0.4278 -0.5506 -0.5526 -0.5505 -0.5547 -0.3236
600.00 -0.4193 -0.5768 -0.5656 -0.5657 -0.5751 -0.3186
610.00 -0.4109 -0.5722 -0.5637 -0.5627 -0.5725 -0.3076
620.00 -0.4147 -0.6184 -0.6150 -0.6137 -0.6161 -0.3264
630.00 -0.3997 -0.5456 -0.5358 -0.5375 -0.5381 -0.3101
640.00 -0.4282 -0.6304 -0.6304 -0.6282 -0.6197 -0.3258
650.00 -0.4007 -0.5080 -0.4918 -0.5035 -0.4992 -0.3069
660.00 -0.4066 -0.5067 -0.5169 -0.5142 -0.5130 -0.3099
670.00 -0.4042 -0.6191 -0.6216 -0.6183 -0.6175 -0.3205
680.00 -0.3916 -0.6205 -0.6114 -0.6228 -0.6100 -0.3087
690.00 -0.4354 -0.6139 -0.6062 -0.6146 -0.6190 -0.3353
700.00 -0.4167 -0.6405 -0.6446 -0.6502 -0.6480 -0.3223
710.00 -0.4003 -0.5288 -0.5336 -0.5332 -0.5358 -0.3063
720.00 -0.4223 -0.5969 -0.5878 -0.5888 -0.5933 -0.3268
730.00 -0.4087 -0.5892 -0.5898 -0.5964 -0.5817 -0.3201
740.00 -0.3835 -0.4997 -0.5073 -0.4990 -0.5021 -0.3003
750.00 -0.4173 -0.6717 -0.6715 -0.6707 -0.6703 -0.3308
760.00 -0.4069 -0.6941 -0.6927 -0.6842 -0.6863 -0.3237
770.00 -0.4003 -0.5438 -0.5373 -0.5487 -0.5472 -0.3064
780.00 -0.3984 -0.5603 -0.5601 -0.5643 -0.5544 -0.3162
790.00 -0.4064 -0.6112 -0.6066 -0.6062 -0.6140 -0.3192
800.00 -0.3940 -0.5965 -0.5863 -0.5924 -0.5861 -0.3138
810.00 -0.4223 -0.6546 -0.6485 -0.6539 -0.6492 -0.3305
820.00 -0.4003 -0.5543 -0.5646 -0.5557 -0.5679 -0.3020
830.00 -0.4374 -0.6296 -0.6288 -0.6267 -0.6309 -0.3453
840.00 -0.3846 -0.6123 -0.6079 -0.6035 -0.6128 -0.3040
850.00 -0.3837 -0.7340 -0.7369 -0.7377 -0.7328 -0.3105
860.00 -0.4003 -0.5773 -0.5770 -0.5740 -0.5801 -0.3094
870.00 -0.4121 -0.6168 -0.6141 -0.6224 -0.6203 -0.3275
880.00 -0.3945 -0.6814 -0.6813 -0.6862 -0.6905 -0.3115
890.00 -0.4131 -0.6606 -0.6520 -0.6530 -0.6489 -0.3187
900.00 -0.3864 -0.5294 -0.5233 -0.5246 -0.5247 -0.3045
910.00 -0.4345 -0.7067 -0.7060 -0.7044 -0.7036 -0.3254
920.00 -0.3794 -0.5254 -0.5274 -0.5236 -0.5257 -0.3031
930.00 -0.4195 -0.6044 -0.6043 -0.6072 -0.6081 -0.3297
940.00 -0.3993 -0.6737 -0.6701 -0.6755 -0.6693 -0.3150
950.00 -0.3822 -0.6312 -0.6329 -0.6424 -0.6369 -0.3080
960.00 -0.4595 -0.7621 -0.7702 -0.7752 -0.7650 -0.3616
970.00 -0.3541 -0.5722 -0.5728 -0.5710 -0.5765 -0.2818
980.00 -0.3920 -0.7065 -0.7078 -0.7195 -0.7093 -0.3110
990.00 -0.4027 -0.5754 -0.5755 -0.5727 -0.5738 -0.3136
1000.00 -0.4374 -0.6720 -0.6670 -0.6713 -0.6774 -0.3318
1010.00 -0.3944 -0.6118 -0.6080 -0.6113 -0.6141 -0.3015
1020.00 -0.4001 -0.6740 -0.6735 -0.6646 -0.6638 -0.3131
1030.00 -0.3915 -0.5065 -0.5053 -0.5146 -0.5079 -0.3082
1040.00 -0.4124 -0.6465 -0.6523 -0.6513 -0.6465 -0.3341
1050.00 -0.4126 -0.6621 -0.6630 -0.6677 -0.6675 -0.3173
1060.00 -0.4040 -0.6583 -0.6448 -0.6469 -0.6454 -0.3100
1070.00 -0.4084 -0.6172 -0.6047 -0.6141 -0.6074 -0.3135
1080.00 -0.4115 -0.6343 -0.6434 -0.6350 -0.6367 -0.3250
1090.00 -0.3862 -0.7011 -0.7039 -0.6967 -0.6973 -0.3111
1100.00 -0.4187 -0.6956 -0.6992 -0.7015 -0.7057 -0.3292
1110.00 -0.3998 -0.6918 -0.6846 -0.6796 -0.6846 -0.3054
1120.00 -0.4095 -0.5453 -0.5482 -0.5430 -0.5355 -0.3177
1130.00 -0.3791 -0.5505 -0.5526 -0.5554 -0.5486 -0.2917
1140.00 -0.4261 -0.7144 -0.7096 -0.7159 -0.7169 -0.3324
1150.00 -0.4097 -0.6830 -0.6859 -0.6831 -0.6802 -0.3135
1160.00 -0.4006 -0.5076 -0.5081 -0.5015 -0.5035 -0.3103
1170.00 -0.4106 -0.7256 -0.7155 -0.7193 -0.7197 -0.3321
1180.00 -0.3763 -0.6879 -0.6945 -0.6904 -0.6958 -0.2980
1190.00 -0.4360 -0.5844 -0.5838 -0.5827 -0.5904 -0.3344
1200.00 -0.4313 -0.6319 -0.6312 -0.6298 -0.6296 -0.3318
1210.00 -0.3978 -0.5652 -0.5705 -0.5669 -0.5640 -0.3174
1220.00 -0.3693 -0.6144 -0.6057 -0.6125 -0.6149 -0.3066
1230.00 -0.4006 -0.7219 -0.7151 -0.7181 -0.7130 -0.3128
1240.00 -0.4173 -0.6112 -0.6073 -0.5999 -0.6007 -0.3295
1250.00 -0.4235 -0.6737 -0.6682 -0.6642 -0.6669 -0.3290
1260.00 -0.3799 -0.5328 -0.5296 -0.5335 -0.5277 -0.3026
1270.00 -0.4249 -0.7474 -0.7518 -0.7515 -0.7477 -0.3279
1280.00 -0.3580 -0.5279 -0.5196 -0.5213 -0.5273 -0.2876
1290.00 -0.4339 -0.7812 -0.7847 -0.7770 -0.7905 -0.3495
1300.00 -0.3992 -0.7095 -0.7058 -0.7096 -0.7090 -0.3187
1310.00 -0.3878 -0.5358 -0.5388 -0.5353 -0.5340 -0.3023
1320.00 -0.4003 -0.6617 -0.6655 -0.6602 -0.6581 -0.3084
1330.00 -0.3880 -0.7018 -0.7005 -0.7072 -0.7020 -0.3086
1340.00 -0.4227 -0.6778 -0.6779 -0.6801 -0.6814 -0.3373
1350.00 -0.3798 -0.5717 -0.5726 -0.5722 -0.5738 -0.2978
1360.00 -0.4310 -0.7331 -0.7402 -0.7327 -0.7440 -0.3283
1370.00 -0.3906 -0.5324 -0.5296 -0.5351 -0.5340 -0.2999
1380.00 -0.4241 -0.6389 -0.6296 -0.6420 -0.6342 -0.3339
1390.00 -0.4056 -0.6019 -0.5977 -0.5986 -0.6097 -0.3115
1400.00 -0.3774 -0.6820 -0.6842 -0.6938 -0.6944 -0.3031
1410.00 -0.3982 -0.8372 -0.8371 -0.8443 -0.8384 -0.3287
1420.00 -0.3898 -0.5682 -0.5675 -0.5692 -0.5687 -0.3120
1430.00 -0.3901 -0.6076 -0.6132 -0.6200 -0.6065 -0.3023
1440.00 -0.4319 -0.7011 -0.6899 -0.6966 -0.6929 -0.3317
1450.00 -0.3744 -0.4923 -0.4964 -0.4949 -0.5041 -0.2898
1460.00 -0.4266 -0.5863 -0.5887 -0.5873 -0.5971 -0.3287
1470.00 -0.4258 -0.6244 -0.6233 -0.6247 -0.6242 -0.3348
1480.00 -0.3880 -0.6097 -0.6250 -0.6150 -0.6150 -0.3077
1490.00 -0.3928 -0.9547 -0.9504 -0.9526 -0.9606 -0.3421
1500.00 -0.3755 -0.5408 -0.5411 -0.5433 -0.5410 -0.2969
1510.00 -0.4133 -0.6463 -0.6485 -0.6467 -0.6401 -0.3319
1520.00 -0.4112 -0.6635 -0.6690 -0.6617 -0.6625 -0.3194
1530.00 -0.3785 -0.5297 -0.5237 -0.5194 -0.5229 -0.2956
1540.00 -0.4204 -0.6182 -0.6150 -0.6132 -0.6192 -0.3251
1550.00 -0.4054 -0.6424 -0.6475 -0.6426 -0.6348 -0.3289
1560.00 -0.4522 -0.6925 -0.6932 -0.6879 -0.6976 -0.3384
1570.00 -0.3945 -0.5377 -0.5234 -0.5269 -0.5311 -0.3081
1580.00 -0.3687 -0.5805 -0.5712 -0.5726 -0.5707 -0.2938
1590.00 -0.4092 -0.7895 -0.7799 -0.7788 -0.7815 -0.3337
1600.00 -0.4023 -0.7366 -0.7323 -0.7287 -0.7303 -0.3346
1610.00 -0.3991 -0.9386 -0.9440 -0.9428 -0.9423 -0.3276
1620.00 -0.3851 -0.5089 -0.5144 -0.5095 -0.5068 -0.2819
1630.00 -0.4299 -0.5339 -0.5404 -0.5423 -0.5351 -0.3275
1640.00 -0.4032 -0.5959 -0.5999 -0.5948 -0.5945 -0.3250
1650.00 -0.4128 -0.5431 -0.5499 -0.5418 -0.5465 -0.3150
1660.00 -0.4021 -0.6395 -0.6345 -0.6337 -0.6445 -0.3272
1670.00 -0.3769 -0.8014 -0.8045 -0.8033 -0.8086 -0.3101
1680.00 -0.4114 -0.7049 -0.7082 -0.7098 -0.7175 -0.3299
1690.00 -0.3818 -0.6784 -0.6762 -0.6815 -0.6713 -0.3106
1700.00 -0.4184 -0.5098 -0.5150 -0.5152 -0.5115 -0.3100
1710.00 -0.4115 -0.6861 -0.6799 -0.6873 -0.6784 -0.3201
1720.00 -0.3597 -0.7293 -0.7328 -0.7401 -0.7315 -0.3053
1730.00 -0.3752 -0.7030 -0.6992 -0.6972 -0.6993 -0.3043
1740.00 -0.4195 -0.7022 -0.6970 -0.6965 -0.6904 -0.3185
1750.00 -0.4187 -0.5816 -0.5756 -0.5775 -0.5793 -0.3302
1760.00 -0.3900 -0.6176 -0.6198 -0.6180 -0.6204 -0.3039
1770.00 -0.4167 -0.6674 -0.6661 -0.6701 -0.6755 -0.3182
1780.00 -0.3989 -0.5069 -0.5033 -0.5108 -0.5017 -0.3103
1790.00 -0.4069 -0.5127 -0.5152 -0.5121 -0.5176 -0.3163
1800.00 -0.4407 -0.6082 -0.6110 -0.6025 -0.6029 -0.3328
1810.00 -0.3950 -0.6029 -0.6097 -0.6050 -0.6055 -0.3085
1820.00 -0.3839 -0.6151 -0.6154 -0.6152 -0.6146 -0.3146
1830.00 -0.3991 -1.0403 -1.0231 -1.0454 -1.0311 -0.3333
1840.00 -0.3867 -0.5462 -0.5414 -0.5443 -0.5378 -0.3035
1850.00 -0.4127 -0.5452 -0.5465 -0.5389 -0.5432 -0.3273
1860.00 -0.4109 -0.7600 -0.7625 -0.7619 -0.7592 -0.3270
1870.00 -0.3904 -0.5752 -0.5778 -0.5824 -0.5792 -0.3107
1880.00 -0.3852 -0.6100 -0.6032 -0.6041 -0.6111 -0.3067
1890.00 -0.4227 -0.7560 -0.7556 -0.7564 -0.7471 -0.3433
1900.00 -0.3934 -0.5936 -0.5933 -0.5913 -0.5918 -0.3036
1910.00 -0.4230 -0.6299 -0.6313 -0.6341 -0.6246 -0.3324
1920.00 -0.4172 -0.7276 -0.7299 -0.7195 -0.7300 -0.3453
1930.00 -0.3635 -0.5309 -0.5304 -0.5270 -0.5229 -0.2812
1940.00 -0.3931 -0.6518 -0.6524 -0.6513 -0.6555 -0.3122
1950.00 -0.4407 -0.7846 -0.7853 -0.7832 -0.7790 -0.3481
1960.00 -0.3646 -0.6619 -0.6545 -0.6599 -0.6638 -0.3063
1970.00 -0.4144 -0.6400 -0.6432 -0.6381 -0.6456 -0.3231
1980.00 -0.3817 -0.5977 -0.5927 -0.5938 -0.5943 -0.3142
1990.00 -0.3883 -0.9309 -0.9434 -0.9485 -0.9346 -0.3170
2000.00 -0.3951 -0.6980 -0.6970 -0.6888 -0.6942 -0.3195
2010.00 -0.4095 -0.6565 -0.6675 -0.6607 -0.6607 -0.3073
