10.00 -0.5223 -0.5272 -0.5231 -0.5209 -0.5092 -0.3346
20.00 -0.4883 -0.4847 -0.4878 -0.4719 -0.4798 -0.3087
30.00 -0.4733 -0.4704 -0.4597 -0.4604 -0.4654 -0.3102
40.00 -0.4971 -0.4992 -0.4895 -0.4902 -0.5018 -0.3313
50.00 -0.5075 -0.5050 -0.4998 -0.4968 -0.4924 -0.3141
60.00 -0.5045 -0.5153 -0.5152 -0.5040 -0.5025 -0.3277
70.00 -0.4890 -0.4986 -0.4752 -0.4876 -0.4865 -0.3055
80.00 -0.4837 -0.4891 -0.4781 -0.4782 -0.4711 -0.3155
90.00 -0.5184 -0.5150 -0.5152 -0.5146 -0.5101 -0.3177
100.00 -0.4926 -0.4840 -0.4828 -0.4883 -0.4907 -0.3204
110.00 -0.4851 -0.4871 -0.4958 -0.4774 -0.4911 -0.3294
120.00 -0.4815 -0.4867 -0.4759 -0.4706 -0.4772 -0.3075
130.00 -0.5225 -0.5249 -0.5303 -0.5073 -0.5281 -0.3415
140.00 -0.4956 -0.4948 -0.4971 -0.4934 -0.5010 -0.3162
150.00 -0.4653 -0.4627 -0.4633 -0.4620 -0.4601 -0.2967
160.00 -0.4967 -0.4802 -0.4921 -0.4847 -0.4792 -0.3110
170.00 -0.4787 -0.4887 -0.4743 -0.4847 -0.4844 -0.3187
180.00 -0.4597 -0.4673 -0.4688 -0.4640 -0.4629 -0.3101
190.00 -0.4990 -0.5131 -0.5064 -0.5096 -0.5053 -0.3414
200.00 -0.5064 -0.5148 -0.5250 -0.5215 -0.5198 -0.3291
210.00 -0.4560 -0.4481 -0.4636 -0.4621 -0.4601 -0.2956
220.00 -0.4955 -0.4869 -0.4852 -0.4818 -0.4919 -0.3105
230.00 -0.5115 -0.5030 -0.4930 -0.5026 -0.5097 -0.3301
240.00 -0.5021 -0.4981 -0.4737 -0.5026 -0.4999 -0.3176
250.00 -0.4947 -0.4933 -0.4954 -0.4897 -0.4944 -0.3112
260.00 -0.4865 -0.4832 -0.4905 -0.4903 -0.4921 -0.3170
270.00 -0.4899 -0.4850 -0.4854 -0.4962 -0.4999 -0.3157
280.00 -0.4949 -0.4885 -0.4871 -0.4805 -0.4884 -0.3235
290.00 -0.5121 -0.5114 -0.4996 -0.5068 -0.5129 -0.3299
300.00 -0.4917 -0.4897 -0.4974 -0.4688 -0.4757 -0.3105
310.00 -0.4891 -0.4908 -0.4852 -0.4901 -0.4833 -0.3139
320.00 -0.4992 -0.5044 -0.5011 -0.5055 -0.4874 -0.3130
330.00 -0.4716 -0.4704 -0.4845 -0.4690 -0.4772 -0.3172
340.00 -0.4820 -0.4805 -0.4873 -0.4935 -0.4837 -0.3189
350.00 -0.4927 -0.4877 -0.4969 -0.4644 -0.4976 -0.3159
360.00 -0.5032 -0.4949 -0.4891 -0.4983 -0.5042 -0.3154
370.00 -0.5006 -0.4948 -0.5040 -0.5036 -0.5197 -0.3231
380.00 -0.4741 -0.4663 -0.4867 -0.4519 -0.4838 -0.3156
390.00 -0.4897 -0.4820 -0.4970 -0.4772 -0.4909 -0.3111
400.00 -0.5147 -0.5151 -0.5135 -0.4947 -0.4967 -0.3079
410.00 -0.4614 -0.4647 -0.4692 -0.4696 -0.4673 -0.3071
420.00 -0.5009 -0.5019 -0.4935 -0.4920 -0.4977 -0.3283
430.00 -0.4997 -0.5054 -0.4935 -0.4944 -0.4869 -0.3211
440.00 -0.5273 -0.5186 -0.5177 -0.5208 -0.5266 -0.3281
450.00 -0.4931 -0.5197 -0.5159 -0.5132 -0.4990 -0.3086
460.00 -0.4391 -0.4359 -0.4488 -0.4411 -0.4425 -0.3101
470.00 -0.5098 -0.5258 -0.5206 -0.5093 -0.5286 -0.3402
480.00 -0.4841 -0.4712 -0.4744 -0.4828 -0.4896 -0.3056
490.00 -0.4826 -0.5044 -0.4995 -0.4933 -0.5004 -0.3276
500.00 -0.4760 -0.4808 -0.4791 -0.4656 -0.4900 -0.3192
510.00 -0.5338 -0.6694 -0.6631 -0.6630 -0.6694 -0.3351
520.00 -0.5459 -0.7625 -0.7831 -0.7729 -0.7789 -0.3381
530.00 -0.5758 -0.8986 -0.8967 -0.8961 -0.8968 -0.3230
540.00 -0.5371 -0.7967 -0.7892 -0.7990 -0.7960 -0.3253
550.00 -0.5588 -0.9348 -0.9264 -0.9320 -0.9258 -0.3207
560.00 -0.5606 -0.9498 -0.9549 -0.9491 -0.9491 -0.3250
570.00 -0.5569 -0.8791 -0.8824 -0.8946 -0.8861 -0.3279
580.00 -0.3922 -0.4985 -0.4957 -0.4846 -0.4875 -0.2835
590.00 -0.4120 -0.4752 -0.4712 -0.4778 -0.4711 -0.3109
600.00 -0.4629 -0.5496 -0.5604 -0.5513 -0.5586 -0.3477
610.00 -0.4440 -0.5036 -0.4977 -0.4941 -0.4955 -0.3178
620.00 -0.4482 -0.5082 -0.5058 -0.4966 -0.4996 -0.3131
630.00 -0.4391 -0.4786 -0.4898 -0.4792 -0.4806 -0.3062
640.00 -0.4582 -0.4966 -0.4964 -0.4997 -0.4965 -0.3074
650.00 -0.4787 -0.5213 -0.5265 -0.5196 -0.5277 -0.3431
660.00 -0.4653 -0.5137 -0.5183 -0.5136 -0.5152 -0.3179
670.00 -0.4589 -0.4661 -0.4624 -0.4506 -0.4655 -0.2990
680.00 -0.4921 -0.5013 -0.5006 -0.4958 -0.5009 -0.3295
690.00 -0.4964 -0.4983 -0.4986 -0.4841 -0.4890 -0.3252
700.00 -0.5032 -0.5023 -0.5079 -0.5195 -0.5039 -0.3291
710.00 -0.4666 -0.4824 -0.4826 -0.4704 -0.4825 -0.3128
720.00 -0.4737 -0.5067 -0.5086 -0.5110 -0.5121 -0.3167
730.00 -0.4803 -0.4969 -0.5016 -0.5088 -0.5052 -0.3237
740.00 -0.4748 -0.4694 -0.4872 -0.4803 -0.4892 -0.3057
750.00 -0.4868 -0.5214 -0.5182 -0.5162 -0.5035 -0.3443
760.00 -0.4905 -0.5040 -0.5037 -0.5033 -0.4938 -0.3189
770.00 -0.4979 -0.5103 -0.5018 -0.5156 -0.5004 -0.3447
780.00 -0.4214 -0.4581 -0.4445 -0.4530 -0.4604 -0.2841
790.00 -0.4757 -0.5203 -0.5175 -0.5228 -0.5201 -0.3275
800.00 -0.4494 -0.4980 -0.5130 -0.4950 -0.5104 -0.3104
810.00 -0.4563 -0.5216 -0.5165 -0.5166 -0.5131 -0.3171
820.00 -0.4320 -0.4814 -0.4883 -0.4892 -0.4879 -0.3151
830.00 -0.4402 -0.4949 -0.4928 -0.4960 -0.4980 -0.3079
840.00 -0.4790 -0.5565 -0.5581 -0.5507 -0.5626 -0.3445
850.00 -0.4747 -0.4936 -0.5027 -0.5137 -0.5055 -0.3120
860.00 -0.4644 -0.4709 -0.4694 -0.4780 -0.4754 -0.3012
870.00 -0.5123 -0.5178 -0.5236 -0.5340 -0.5291 -0.3436
880.00 -0.4437 -0.4427 -0.4460 -0.4524 -0.4531 -0.2830
890.00 -0.5210 -0.5160 -0.5204 -0.5259 -0.5133 -0.3301
900.00 -0.4679 -0.4862 -0.4862 -0.4855 -0.4828 -0.3070
910.00 -0.4882 -0.5216 -0.5149 -0.5200 -0.5096 -0.3238
920.00 -0.4525 -0.4796 -0.4833 -0.4878 -0.4829 -0.2981
930.00 -0.5082 -0.5238 -0.5257 -0.5227 -0.5157 -0.3396
940.00 -0.4659 -0.4827 -0.4887 -0.4962 -0.4837 -0.3091
950.00 -0.4589 -0.4893 -0.4695 -0.4847 -0.4746 -0.3041
960.00 -0.4837 -0.5563 -0.5532 -0.5472 -0.5450 -0.3481
970.00 -0.4341 -0.4868 -0.4673 -0.4737 -0.4883 -0.2856
980.00 -0.4906 -0.5203 -0.5127 -0.5160 -0.5107 -0.3379
990.00 -0.4857 -0.4963 -0.4965 -0.4926 -0.4918 -0.3240
1000.00 -0.4573 -0.4686 -0.4745 -0.4586 -0.4466 -0.3024
1010.00 -0.4905 -0.4883 -0.4976 -0.4855 -0.4776 -0.3130
1020.00 -0.5120 -0.5139 -0.5189 -0.5049 -0.4997 -0.3246
1030.00 -0.4754 -0.4938 -0.4932 -0.4902 -0.4846 -0.3175
1040.00 -0.4829 -0.4909 -0.4930 -0.4846 -0.4883 -0.3225
1050.00 -0.4675 -0.4724 -0.4657 -0.4542 -0.4719 -0.2993
1060.00 -0.4829 -0.4920 -0.4845 -0.4886 -0.4884 -0.3193
1070.00 -0.5153 -0.5107 -0.5070 -0.5175 -0.5263 -0.3241
1080.00 -0.4658 -0.4537 -0.4589 -0.4624 -0.4607 -0.2963
1090.00 -0.5174 -0.5288 -0.5242 -0.5258 -0.5294 -0.3248
1100.00 -0.4701 -0.4765 -0.4767 -0.4859 -0.4761 -0.3123
1110.00 -0.4897 -0.4906 -0.4849 -0.4911 -0.4747 -0.3173
1120.00 -0.5377 -0.5093 -0.5381 -0.5261 -0.5165 -0.3201
1130.00 -0.4837 -0.4823 -0.4880 -0.4858 -0.4678 -0.3210
1140.00 -0.4922 -0.4793 -0.4920 -0.4888 -0.4735 -0.3088
1150.00 -0.4929 -0.4958 -0.4851 -0.4917 -0.4811 -0.3168
1160.00 -0.4924 -0.5151 -0.5169 -0.5032 -0.4944 -0.3176
1170.00 -0.4601 -0.4834 -0.4811 -0.4578 -0.4660 -0.3163
1180.00 -0.5072 -0.5014 -0.4893 -0.5124 -0.5053 -0.3243
1190.00 -0.4871 -0.4888 -0.4794 -0.4825 -0.4801 -0.3119
1200.00 -0.4936 -0.5054 -0.5023 -0.5060 -0.4980 -0.3164
1210.00 -0.5013 -0.5085 -0.4901 -0.5020 -0.5068 -0.3142
1220.00 -0.5036 -0.5059 -0.4754 -0.4836 -0.4936 -0.3146
1230.00 -0.4739 -0.4748 -0.4561 -0.4621 -0.4678 -0.3011
1240.00 -0.5149 -0.5175 -0.4956 -0.5172 -0.5129 -0.3355
1250.00 -0.4860 -0.4890 -0.4923 -0.4852 -0.4928 -0.3216
1260.00 -0.4741 -0.4903 -0.4943 -0.4800 -0.4894 -0.3186
1270.00 -0.4981 -0.5064 -0.4972 -0.4955 -0.4911 -0.3113
1280.00 -0.4883 -0.4981 -0.5112 -0.4998 -0.5010 -0.3261
1290.00 -0.4546 -0.4567 -0.4363 -0.4586 -0.4489 -0.3019
1300.00 -0.4834 -0.5037 -0.4996 -0.5038 -0.5132 -0.3180
1310.00 -0.4673 -0.5232 -0.5297 -0.5257 -0.5237 -0.3272
1320.00 -0.4689 -0.4733 -0.4863 -0.4829 -0.4900 -0.3188
1330.00 -0.4866 -0.5100 -0.5077 -0.5084 -0.5092 -0.3424
1340.00 -0.4571 -0.4718 -0.4724 -0.4687 -0.4837 -0.2940
1350.00 -0.4911 -0.4997 -0.5106 -0.5093 -0.5077 -0.3408
1360.00 -0.4969 -0.5130 -0.5069 -0.5024 -0.5189 -0.3119
1370.00 -0.4466 -0.4741 -0.4703 -0.4756 -0.4734 -0.3009
1380.00 -0.4808 -0.4937 -0.4978 -0.4905 -0.4904 -0.3175
1390.00 -0.5202 -0.5438 -0.5385 -0.5409 -0.5386 -0.3338
1400.00 -0.4812 -0.4882 -0.4982 -0.4897 -0.4949 -0.3091
1410.00 -0.5026 -0.4845 -0.5089 -0.5103 -0.4974 -0.3286
1420.00 -0.4628 -0.4709 -0.4841 -0.4803 -0.4746 -0.3002
1430.00 -0.4756 -0.4965 -0.4821 -0.4907 -0.4989 -0.3284
1440.00 -0.4900 -0.5072 -0.5022 -0.4942 -0.5066 -0.3224
1450.00 -0.4855 -0.4899 -0.4858 -0.4827 -0.4739 -0.3241
1460.00 -0.4873 -0.4792 -0.4879 -0.4909 -0.4991 -0.3060
1470.00 -0.4741 -0.4997 -0.5020 -0.4977 -0.4976 -0.3351
1480.00 -0.4798 -0.4982 -0.5022 -0.4911 -0.4885 -0.3260
1490.00 -0.4701 -0.4816 -0.5004 -0.4875 -0.4704 -0.3006
1500.00 -0.5432 -0.5420 -0.5339 -0.5442 -0.5374 -0.3393
1510.00 -0.4386 -0.4504 -0.4551 -0.4550 -0.4529 -0.3065
1520.00 -0.4711 -0.4817 -0.4742 -0.4721 -0.4700 -0.3156
1530.00 -0.4896 -0.5013 -0.4999 -0.5152 -0.5046 -0.3083
1540.00 -0.4684 -0.4801 -0.4746 -0.4582 -0.4828 -0.3206
1550.00 -0.4791 -0.5010 -0.4838 -0.4861 -0.4860 -0.3220
1560.00 -0.5178 -0.5270 -0.5218 -0.5157 -0.5217 -0.3376
1570.00 -0.4751 -0.4698 -0.4761 -0.4505 -0.4677 -0.3011
1580.00 -0.4999 -0.5000 -0.5061 -0.4972 -0.5052 -0.3201
1590.00 -0.4839 -0.4973 -0.5011 -0.4902 -0.4969 -0.3112
1600.00 -0.4815 -0.4912 -0.4782 -0.4868 -0.4824 -0.3241
1610.00 -0.5001 -0.5129 -0.5089 -0.5058 -0.5062 -0.3200
1620.00 -0.4530 -0.4712 -0.4575 -0.4626 -0.4693 -0.2971
1630.00 -0.5148 -0.5137 -0.5251 -0.5166 -0.5216 -0.3307
1640.00 -0.4714 -0.4752 -0.4771 -0.4703 -0.4815 -0.3032
1650.00 -0.5151 -0.5172 -0.5033 -0.5104 -0.5225 -0.3231
1660.00 -0.4699 -0.4792 -0.4898 -0.4867 -0.4841 -0.3224
1670.00 -0.4615 -0.4874 -0.4896 -0.4789 -0.4829 -0.3109
1680.00 -0.4999 -0.4940 -0.4992 -0.4944 -0.5002 -0.3224
1690.00 -0.4723 -0.4718 -0.4699 -0.4680 -0.4686 -0.3066
1700.00 -0.5528 -0.5497 -0.5314 -0.5265 -0.5366 -0.3350
1710.00 -0.4760 -0.4793 -0.4569 -0.4670 -0.4682 -0.3062
1720.00 -0.4909 -0.5052 -0.5060 -0.4943 -0.5028 -0.3242
1730.00 -0.4364 -0.4609 -0.4507 -0.4439 -0.4455 -0.3050
1740.00 -0.5104 -0.5121 -0.5019 -0.5004 -0.5071 -0.3186
1750.00 -0.4842 -0.4950 -0.4819 -0.4960 -0.4859 -0.3174
1760.00 -0.4619 -0.4833 -0.4869 -0.4755 -0.4789 -0.3142
1770.00 -0.5071 -0.5042 -0.5088 -0.4957 -0.4902 -0.3170
1780.00 -0.4839 -0.4946 -0.4938 -0.4879 -0.4887 -0.3140
1790.00 -0.4970 -0.4921 -0.4949 -0.4878 -0.4997 -0.3089
1800.00 -0.5004 -0.4855 -0.4916 -0.5014 -0.5028 -0.3278
1810.00 -0.5137 -0.4993 -0.5047 -0.4960 -0.5097 -0.3096
1820.00 -0.4763 -0.4878 -0.4796 -0.4898 -0.4832 -0.3143
1830.00 -0.5103 -0.5066 -0.5073 -0.5072 -0.5066 -0.3363
1840.00 -0.4888 -0.4865 -0.4998 -0.4917 -0.4959 -0.3071
1850.00 -0.4843 -0.4852 -0.4849 -0.4973 -0.4889 -0.3160
1860.00 -0.4702 -0.4853 -0.4820 -0.4822 -0.4668 -0.3048
1870.00 -0.5301 -0.5166 -0.5305 -0.5257 -0.5183 -0.3489
1880.00 -0.4799 -0.4947 -0.4872 -0.4901 -0.4944 -0.3029
1890.00 -0.4666 -0.5042 -0.5048 -0.5050 -0.5018 -0.3155
1900.00 -0.4597 -0.4800 -0.4817 -0.4785 -0.4792 -0.3202
1910.00 -0.4979 -0.5113 -0.5069 -0.5007 -0.5002 -0.3088
1920.00 -0.4683 -0.4731 -0.4726 -0.4766 -0.4740 -0.3099
1930.00 -0.4971 -0.4890 -0.4916 -0.4911 -0.4802 -0.3325
1940.00 -0.4828 -0.5027 -0.4917 -0.4945 -0.5056 -0.3261
1950.00 -0.4855 -0.4839 -0.4827 -0.4832 -0.4850 -0.3120
1960.00 -0.4726 -0.4893 -0.4918 -0.4970 -0.5013 -0.3232
1970.00 -0.4835 -0.4928 -0.4912 -0.4862 -0.4794 -0.3210
1980.00 -0.4630 -0.4677 -0.4751 -0.4636 -0.4774 -0.3058
1990.00 -0.5165 -0.5387 -0.5366 -0.5378 -0.5150 -0.3269
2000.00 -0.4632 -0.4665 -0.4754 -0.4664 -0.4700 -0.3018
2010.00 -0.4917 -0.4861 -0.4869 -0.4885 -0.4834 -0.3218
2020.00 -0.5102 -0.5125 -0.5149 -0.5071 -0.5162 -0.3308
2030.00 -0.4638 -0.4811 -0.4676 -0.4797 -0.4842 -0.3193
2040.00 -0.4790 -0.4877 -0.4729 -0.4677 -0.4773 -0.3173
2050.00 -0.4849 -0.5005 -0.5092 -0.5009 -0.4952 -0.3242
2060.00 -0.4829 -0.4798 -0.4893 -0.4840 -0.4865 -0.3242
2070.00 -0.5073 -0.5128 -0.5166 -0.5084 -0.5038 -0.3245
