10.00 -0.5039 -0.5047 -0.4961 -0.4975 -0.5160 -0.3068
20.00 -0.4926 -0.5160 -0.5089 -0.5122 -0.5185 -0.3222
30.00 -0.4613 -0.4857 -0.4814 -0.4747 -0.4759 -0.3058
40.00 -0.5033 -0.5019 -0.5095 -0.5130 -0.5043 -0.3283
50.00 -0.4884 -0.4826 -0.5042 -0.4872 -0.4895 -0.3215
60.00 -0.4781 -0.4925 -0.5079 -0.4996 -0.4977 -0.3183
70.00 -0.4797 -0.4781 -0.4813 -0.4728 -0.4738 -0.3003
80.00 -0.5185 -0.5161 -0.4968 -0.5114 -0.5162 -0.3242
90.00 -0.4956 -0.4869 -0.4863 -0.4946 -0.4854 -0.3317
100.00 -0.4903 -0.4835 -0.4912 -0.4964 -0.4893 -0.3209
110.00 -0.4964 -0.4848 -0.4704 -0.4872 -0.4916 -0.3146
120.00 -0.4714 -0.4699 -0.4643 -0.4670 -0.4699 -0.3135
130.00 -0.5127 -0.4993 -0.4952 -0.4925 -0.5149 -0.3228
140.00 -0.5041 -0.5082 -0.4953 -0.4995 -0.4924 -0.3180
150.00 -0.4781 -0.4892 -0.4763 -0.4777 -0.4815 -0.3079
160.00 -0.4814 -0.4847 -0.4868 -0.4829 -0.4848 -0.3193
170.00 -0.4817 -0.4775 -0.4756 -0.4558 -0.4711 -0.3056
180.00 -0.4952 -0.4931 -0.4905 -0.4884 -0.4983 -0.3144
190.00 -0.4791 -0.4888 -0.4860 -0.4766 -0.4900 -0.3022
200.00 -0.5352 -0.5364 -0.5251 -0.5341 -0.5200 -0.3496
210.00 -0.4551 -0.4677 -0.4648 -0.4693 -0.4595 -0.3013
220.00 -0.5231 -0.5247 -0.5249 -0.5204 -0.5044 -0.3294
230.00 -0.4565 -0.4628 -0.4499 -0.4534 -0.4452 -0.3045
240.00 -0.5026 -0.5091 -0.4959 -0.4986 -0.5201 -0.3166
250.00 -0.4905 -0.5021 -0.4877 -0.5018 -0.4967 -0.3196
260.00 -0.5093 -0.5009 -0.5070 -0.5159 -0.5107 -0.3330
270.00 -0.4697 -0.4848 -0.4552 -0.4733 -0.4724 -0.2960
280.00 -0.4949 -0.4999 -0.4868 -0.4975 -0.5029 -0.3330
290.00 -0.4801 -0.4735 -0.4730 -0.4870 -0.4759 -0.3169
300.00 -0.4962 -0.4953 -0.4982 -0.5061 -0.4927 -0.3173
310.00 -0.4809 -0.4812 -0.4797 -0.4867 -0.4863 -0.3169
320.00 -0.4874 -0.4802 -0.4651 -0.4845 -0.4811 -0.3072
330.00 -0.5270 -0.5154 -0.5179 -0.5099 -0.5374 -0.3286
340.00 -0.4820 -0.4888 -0.4788 -0.5009 -0.4763 -0.3134
350.00 -0.4742 -0.4787 -0.4914 -0.4858 -0.4826 -0.3170
360.00 -0.4871 -0.4918 -0.4932 -0.4885 -0.4913 -0.3172
370.00 -0.5192 -0.5203 -0.5003 -0.5160 -0.5080 -0.3278
380.00 -0.4716 -0.4511 -0.4646 -0.4644 -0.4588 -0.2987
390.00 -0.5559 -0.5494 -0.5536 -0.5533 -0.5277 -0.3376
400.00 -0.4788 -0.4625 -0.4811 -0.4589 -0.4677 -0.3099
410.00 -0.4795 -0.4758 -0.4779 -0.4707 -0.4695 -0.3108
420.00 -0.5011 -0.5008 -0.5075 -0.5046 -0.4968 -0.3394
430.00 -0.4609 -0.4652 -0.4672 -0.4740 -0.4587 -0.3064
440.00 -0.5091 -0.5055 -0.4996 -0.5107 -0.4962 -0.3308
450.00 -0.4689 -0.4767 -0.4688 -0.4845 -0.4811 -0.3029
460.00 -0.5213 -0.5331 -0.5373 -0.5277 -0.5176 -0.3357
470.00 -0.4775 -0.4770 -0.4779 -0.4711 -0.4742 -0.3052
480.00 -0.4577 -0.4658 -0.4688 -0.4647 -0.4599 -0.3084
490.00 -0.5163 -0.5039 -0.4991 -0.5170 -0.5193 -0.3076
500.00 -0.5235 -0.5221 -0.5265 -0.5238 -0.5289 -0.3432
510.00 -0.4717 -0.5610 -0.5536 -0.5459 -0.5471 -0.2998
520.00 -0.5794 -0.8847 -0.8854 -0.8823 -0.8927 -0.3468
530.00 -0.5846 -0.9353 -0.9352 -0.9303 -0.9307 -0.3368
540.00 -0.5657 -0.9278 -0.9304 -0.9319 -0.9226 -0.3194
550.00 -0.5173 -0.7980 -0.7940 -0.7904 -0.7965 -0.3226
560.00 -0.5529 -0.9511 -0.9446 -0.9539 -0.9555 -0.3096
570.00 -0.5519 -0.9339 -0.9335 -0.9306 -0.9347 -0.3338
580.00 -0.4446 -0.5335 -0.5333 -0.5347 -0.5396 -0.3089
590.00 -0.4205 -0.5047 -0.5125 -0.5071 -0.5121 -0.3098
600.00 -0.4087 -0.5136 -0.5124 -0.5155 -0.5061 -0.3115
610.00 -0.4378 -0.5540 -0.5477 -0.5504 -0.5521 -0.3160
620.00 -0.4554 -0.5927 -0.5879 -0.5788 -0.5792 -0.3315
630.00 -0.4293 -0.4948 -0.4915 -0.4882 -0.4940 -0.3166
640.00 -0.4408 -0.5200 -0.5206 -0.5231 -0.5210 -0.3199
650.00 -0.4409 -0.5532 -0.5537 -0.5502 -0.5417 -0.3100
660.00 -0.4418 -0.4875 -0.4808 -0.4879 -0.4814 -0.3230
670.00 -0.5146 -0.5478 -0.5452 -0.5429 -0.5376 -0.3322
680.00 -0.4418 -0.4507 -0.4555 -0.4567 -0.4499 -0.3066
690.00 -0.4868 -0.5000 -0.5000 -0.5014 -0.4905 -0.3239
700.00 -0.4824 -0.4955 -0.4895 -0.4937 -0.4846 -0.3240
710.00 -0.4881 -0.4989 -0.5041 -0.4965 -0.4965 -0.3206
720.00 -0.4597 -0.4671 -0.4797 -0.4856 -0.4684 -0.2998
730.00 -0.4906 -0.5036 -0.5204 -0.5091 -0.4954 -0.3195
740.00 -0.4972 -0.5043 -0.5044 -0.5070 -0.5073 -0.3210
750.00 -0.4795 -0.5032 -0.4894 -0.5048 -0.5013 -0.3173
760.00 -0.5091 -0.4970 -0.5023 -0.4898 -0.4913 -0.3271
770.00 -0.4737 -0.4889 -0.4703 -0.4808 -0.4801 -0.3041
780.00 -0.4913 -0.4836 -0.4811 -0.4752 -0.4813 -0.3198
790.00 -0.5125 -0.5136 -0.5057 -0.5023 -0.5103 -0.3172
800.00 -0.4700 -0.4536 -0.4699 -0.4645 -0.4717 -0.3137
810.00 -0.4940 -0.4979 -0.5034 -0.4957 -0.5062 -0.3211
820.00 -0.5061 -0.4962 -0.5027 -0.5111 -0.5198 -0.3211
830.00 -0.4306 -0.4622 -0.4674 -0.4657 -0.4680 -0.2989
840.00 -0.4812 -0.5199 -0.5057 -0.5252 -0.5082 -0.3270
850.00 -0.4629 -0.4955 -0.4972 -0.4866 -0.4941 -0.3079
860.00 -0.5180 -0.5293 -0.5419 -0.5398 -0.5329 -0.3394
870.00 -0.4449 -0.4543 -0.4529 -0.4513 -0.4507 -0.3039
880.00 -0.4663 -0.4791 -0.4870 -0.4874 -0.4862 -0.3162
890.00 -0.4915 -0.5010 -0.4901 -0.4898 -0.5035 -0.3107
900.00 -0.5074 -0.5184 -0.5163 -0.5108 -0.5173 -0.3268
910.00 -0.4847 -0.4791 -0.4761 -0.4866 -0.4726 -0.3136
920.00 -0.5021 -0.4970 -0.5018 -0.5051 -0.5093 -0.3342
930.00 -0.4854 -0.4882 -0.4793 -0.4840 -0.4729 -0.3136
940.00 -0.5106 -0.5154 -0.4987 -0.5073 -0.5113 -0.3236
950.00 -0.4876 -0.4777 -0.4762 -0.4838 -0.4812 -0.3155
960.00 -0.4732 -0.4708 -0.4878 -0.4801 -0.4787 -0.3059
970.00 -0.5083 -0.5118 -0.5040 -0.5135 -0.5154 -0.3263
980.00 -0.4685 -0.4791 -0.4658 -0.4747 -0.4631 -0.3033
990.00 -0.4841 -0.4993 -0.4704 -0.5012 -0.4868 -0.3075
1000.00 -0.5117 -0.4985 -0.5052 -0.4918 -0.4954 -0.3249
1010.00 -0.4986 -0.5053 -0.5010 -0.4967 -0.4725 -0.3114
1020.00 -0.4648 -0.4745 -0.4674 -0.4761 -0.4833 -0.3035
1030.00 -0.4921 -0.4994 -0.4773 -0.4892 -0.4963 -0.3169
1040.00 -0.4931 -0.5090 -0.4897 -0.5002 -0.5001 -0.3201
1050.00 -0.4831 -0.4880 -0.4897 -0.4937 -0.4928 -0.3218
1060.00 -0.5028 -0.5098 -0.5009 -0.5083 -0.4860 -0.3268
1070.00 -0.4815 -0.4793 -0.4717 -0.4865 -0.4772 -0.3179
1080.00 -0.5019 -0.5203 -0.4927 -0.4921 -0.5063 -0.3133
1090.00 -0.4499 -0.4710 -0.4667 -0.4585 -0.4731 -0.3079
1100.00 -0.4851 -0.5090 -0.5056 -0.5066 -0.4946 -0.3344
1110.00 -0.4829 -0.4913 -0.4974 -0.4941 -0.4867 -0.3195
1120.00 -0.4610 -0.4769 -0.4801 -0.4670 -0.4776 -0.3069
1130.00 -0.4892 -0.5267 -0.5128 -0.5164 -0.5043 -0.3288
1140.00 -0.4868 -0.5355 -0.5469 -0.5366 -0.5296 -0.3262
1150.00 -0.4243 -0.4410 -0.4396 -0.4351 -0.4471 -0.2982
1160.00 -0.4870 -0.5212 -0.5211 -0.5237 -0.5215 -0.3263
1170.00 -0.4948 -0.5228 -0.5275 -0.5038 -0.5160 -0.3246
1180.00 -0.4672 -0.4996 -0.4901 -0.4965 -0.4880 -0.3173
1190.00 -0.4852 -0.4685 -0.4676 -0.4806 -0.4864 -0.3053
1200.00 -0.4901 -0.4776 -0.4854 -0.4980 -0.4934 -0.3280
1210.00 -0.4919 -0.4887 -0.4879 -0.5009 -0.4874 -0.3059
1220.00 -0.5294 -0.5282 -0.5397 -0.5295 -0.5412 -0.3407
1230.00 -0.4561 -0.4741 -0.4816 -0.4772 -0.4818 -0.2931
1240.00 -0.4949 -0.4892 -0.4934 -0.4807 -0.4982 -0.3480
1250.00 -0.4705 -0.5083 -0.5114 -0.5173 -0.5059 -0.3227
1260.00 -0.4141 -0.4237 -0.4356 -0.4355 -0.4391 -0.2910
1270.00 -0.5196 -0.5211 -0.5370 -0.5264 -0.5367 -0.3353
1280.00 -0.4966 -0.4907 -0.4932 -0.4847 -0.4837 -0.3206
1290.00 -0.4730 -0.4668 -0.4760 -0.4841 -0.4753 -0.3127
1300.00 -0.5002 -0.5241 -0.5301 -0.5256 -0.5256 -0.3303
1310.00 -0.4693 -0.4909 -0.4906 -0.4912 -0.4989 -0.3125
1320.00 -0.4587 -0.4722 -0.4732 -0.4821 -0.4751 -0.3195
1330.00 -0.4670 -0.4997 -0.4901 -0.5014 -0.5054 -0.2950
1340.00 -0.5127 -0.5198 -0.5116 -0.5110 -0.5165 -0.3440
1350.00 -0.4786 -0.5079 -0.5221 -0.5052 -0.5070 -0.3232
1360.00 -0.4336 -0.4709 -0.4865 -0.4843 -0.4871 -0.3045
1370.00 -0.4807 -0.4924 -0.4864 -0.4781 -0.4969 -0.2957
1380.00 -0.4712 -0.5221 -0.5123 -0.5090 -0.5094 -0.3293
1390.00 -0.4689 -0.5040 -0.5090 -0.4994 -0.5059 -0.3254
1400.00 -0.4451 -0.4613 -0.4817 -0.4796 -0.4807 -0.3046
1410.00 -0.4926 -0.5243 -0.5330 -0.5345 -0.5204 -0.3313
1420.00 -0.4583 -0.4721 -0.4837 -0.4826 -0.4757 -0.3083
1430.00 -0.5027 -0.5144 -0.5106 -0.4991 -0.5142 -0.3239
1440.00 -0.4698 -0.4992 -0.5052 -0.4906 -0.5083 -0.3215
1450.00 -0.4992 -0.5166 -0.5129 -0.5160 -0.5202 -0.3399
1460.00 -0.4087 -0.4749 -0.4784 -0.4858 -0.4863 -0.2975
1470.00 -0.4663 -0.4956 -0.4954 -0.4947 -0.4931 -0.3119
1480.00 -0.4692 -0.4941 -0.4863 -0.4810 -0.4925 -0.3164
1490.00 -0.4788 -0.5065 -0.5059 -0.5140 -0.5098 -0.3225
1500.00 -0.4849 -0.4780 -0.4908 -0.4973 -0.4829 -0.3141
1510.00 -0.4695 -0.4805 -0.4909 -0.4989 -0.4799 -0.3172
1520.00 -0.4741 -0.4898 -0.4881 -0.4943 -0.4945 -0.3128
1530.00 -0.4924 -0.4944 -0.5065 -0.5021 -0.5011 -0.3205
1540.00 -0.4933 -0.4984 -0.4960 -0.5130 -0.5121 -0.3061
1550.00 -0.4767 -0.4985 -0.4722 -0.4941 -0.4911 -0.3152
1560.00 -0.4622 -0.5383 -0.5447 -0.5445 -0.5398 -0.3396
1570.00 -0.4260 -0.5050 -0.5061 -0.5175 -0.5027 -0.2995
1580.00 -0.4577 -0.5495 -0.5584 -0.5636 -0.5607 -0.3292
1590.00 -0.4384 -0.5463 -0.5437 -0.5396 -0.5460 -0.3132
1600.00 -0.4455 -0.5127 -0.5061 -0.5149 -0.5120 -0.3184
1610.00 -0.4226 -0.5279 -0.5080 -0.5269 -0.5159 -0.3010
1620.00 -0.4536 -0.6367 -0.6437 -0.6392 -0.6452 -0.3472
1630.00 -0.4113 -0.5522 -0.5613 -0.5537 -0.5699 -0.3230
1640.00 -0.4249 -0.6620 -0.6726 -0.6665 -0.6713 -0.3423
1650.00 -0.4179 -0.7122 -0.7141 -0.7118 -0.7046 -0.3282
1660.00 -0.4041 -0.6185 -0.6334 -0.6312 -0.6307 -0.3065
1670.00 -0.4554 -0.7305 -0.7287 -0.7225 -0.7208 -0.3356
1680.00 -0.4374 -0.6571 -0.6590 -0.6542 -0.6531 -0.3211
1690.00 -0.3928 -0.5930 -0.5953 -0.5987 -0.5813 -0.2958
1700.00 -0.4325 -0.5888 -0.5869 -0.5816 -0.5807 -0.3225
1710.00 -0.4334 -0.6004 -0.6131 -0.6119 -0.6085 -0.3308
1720.00 -0.4086 -0.6340 -0.6265 -0.6376 -0.6347 -0.3068
1730.00 -0.4444 -0.6389 -0.6361 -0.6375 -0.6473 -0.3404
1740.00 -0.4062 -0.5235 -0.5235 -0.5198 -0.5177 -0.3090
1750.00 -0.4478 -0.5949 -0.5846 -0.5912 -0.5824 -0.3315
1760.00 -0.4413 -0.5759 -0.5741 -0.5742 -0.5803 -0.3273
1770.00 -0.4196 -0.6461 -0.6412 -0.6506 -0.6458 -0.3165
1780.00 -0.4377 -0.5985 -0.6094 -0.6077 -0.6025 -0.3220
1790.00 -0.4196 -0.5549 -0.5559 -0.5573 -0.5631 -0.3096
1800.00 -0.4310 -0.5691 -0.5716 -0.5713 -0.5746 -0.3182
1810.00 -0.4167 -0.6816 -0.6818 -0.6850 -0.6823 -0.3089
1820.00 -0.4203 -0.6060 -0.6001 -0.6065 -0.6019 -0.3157
1830.00 -0.4241 -0.6285 -0.6228 -0.6165 -0.6186 -0.3241
1840.00 -0.4397 -0.6094 -0.6108 -0.6066 -0.6123 -0.3260
1850.00 -0.4319 -0.5523 -0.5517 -0.5516 -0.5561 -0.3226
1860.00 -0.4262 -0.5722 -0.5788 -0.5712 -0.5751 -0.3202
1870.00 -0.4289 -0.5822 -0.5838 -0.5768 -0.5721 -0.3223
1880.00 -0.4304 -0.6090 -0.6123 -0.6060 -0.6015 -0.3286
1890.00 -0.4338 -0.6117 -0.6101 -0.6042 -0.6089 -0.3204
1900.00 -0.3930 -0.5226 -0.5224 -0.5240 -0.5196 -0.3003
1910.00 -0.4662 -0.7298 -0.7344 -0.7282 -0.7305 -0.3476
1920.00 -0.4012 -0.5879 -0.5829 -0.5869 -0.5877 -0.3099
1930.00 -0.4441 -0.6078 -0.6091 -0.6032 -0.6081 -0.3290
1940.00 -0.4242 -0.6198 -0.6205 -0.6230 -0.6233 -0.3139
1950.00 -0.4319 -0.5549 -0.5587 -0.5601 -0.5585 -0.3232
1960.00 -0.4428 -0.6017 -0.5991 -0.6021 -0.6007 -0.3379
1970.00 -0.4122 -0.7392 -0.7453 -0.7522 -0.7380 -0.3213
1980.00 -0.4194 -0.6134 -0.6055 -0.6054 -0.6178 -0.3141
1990.00 -0.4184 -0.6318 -0.6255 -0.6265 -0.6369 -0.3306
2000.00 -0.4319 -0.7180 -0.7190 -0.7167 -0.7140 -0.3206
2010.00 -0.3946 -0.5522 -0.5643 -0.5590 -0.5541 -0.3141
2020.00 -0.4518 -0.8753 -0.8757 -0.8707 -0.8721 -0.3331
2030.00 -0.4009 -0.5308 -0.5340 -0.5348 -0.5313 -0.3059
2040.00 -0.4154 -0.6109 -0.6136 -0.6102 -0.6133 -0.3097
2050.00 -0.4241 -0.6060 -0.6018 -0.5997 -0.6033 -0.3268
2060.00 -0.4201 -0.6340 -0.6387 -0.6342 -0.6383 -0.3148
2070.00 -0.4644 -0.7360 -0.7368 -0.7385 -0.7420 -0.3489
