10.00 -0.4688 -0.4817 -0.4781 -0.4752 -0.4854 -0.2911
20.00 -0.4616 -0.4659 -0.4691 -0.4663 -0.4686 -0.3237
30.00 -0.5289 -0.5370 -0.5298 -0.5320 -0.5413 -0.3388
40.00 -0.4715 -0.4691 -0.4773 -0.4688 -0.4855 -0.3016
50.00 -0.4976 -0.5126 -0.4896 -0.5072 -0.5129 -0.3213
60.00 -0.4857 -0.4813 -0.4767 -0.4851 -0.4918 -0.3096
70.00 -0.5062 -0.5129 -0.4990 -0.5075 -0.4974 -0.3292
80.00 -0.4834 -0.4898 -0.4884 -0.4884 -0.4849 -0.3068
90.00 -0.4660 -0.4686 -0.4620 -0.4565 -0.4626 -0.3093
100.00 -0.4976 -0.5043 -0.5170 -0.5012 -0.4941 -0.3211
110.00 -0.5049 -0.5307 -0.5245 -0.5107 -0.5137 -0.3245
120.00 -0.4584 -0.4738 -0.4658 -0.4603 -0.4669 -0.2894
130.00 -0.4898 -0.4995 -0.4864 -0.4974 -0.4837 -0.3328
140.00 -0.4700 -0.4769 -0.4797 -0.4786 -0.4683 -0.3069
150.00 -0.4904 -0.4947 -0.4834 -0.4904 -0.4720 -0.3193
160.00 -0.4992 -0.4898 -0.4993 -0.4887 -0.4833 -0.3125
170.00 -0.5018 -0.5026 -0.5085 -0.5043 -0.5119 -0.3391
180.00 -0.4874 -0.4852 -0.4849 -0.4859 -0.4798 -0.3161
190.00 -0.4972 -0.4991 -0.4673 -0.5032 -0.4833 -0.3290
200.00 -0.5076 -0.5111 -0.4816 -0.5037 -0.5072 -0.3154
210.00 -0.4979 -0.4880 -0.4794 -0.4777 -0.4968 -0.3181
220.00 -0.5131 -0.5101 -0.5070 -0.5091 -0.4996 -0.3122
230.00 -0.4483 -0.4565 -0.4483 -0.4463 -0.4514 -0.2936
240.00 -0.5091 -0.5084 -0.5041 -0.5149 -0.5053 -0.3361
250.00 -0.5176 -0.5184 -0.5232 -0.5115 -0.5179 -0.3306
260.00 -0.4869 -0.4806 -0.4872 -0.4776 -0.5014 -0.3202
270.00 -0.4621 -0.4557 -0.4606 -0.4479 -0.4532 -0.3003
280.00 -0.4830 -0.4652 -0.4798 -0.4655 -0.4705 -0.3137
290.00 -0.5093 -0.5065 -0.5129 -0.5191 -0.5136 -0.3191
300.00 -0.5097 -0.5013 -0.4986 -0.4973 -0.4900 -0.3304
310.00 -0.4757 -0.4776 -0.4751 -0.4765 -0.4642 -0.3032
320.00 -0.4942 -0.5092 -0.5074 -0.4974 -0.4986 -0.3232
330.00 -0.5109 -0.5111 -0.5264 -0.5171 -0.5136 -0.3259
340.00 -0.4353 -0.4283 -0.4318 -0.4385 -0.4370 -0.2896
350.00 -0.5092 -0.5241 -0.5166 -0.5106 -0.5159 -0.3367
360.00 -0.4899 -0.4936 -0.4855 -0.4991 -0.5006 -0.3120
370.00 -0.4709 -0.4762 -0.4693 -0.4521 -0.4725 -0.3122
380.00 -0.5033 -0.4943 -0.4979 -0.4962 -0.4996 -0.3225
390.00 -0.5257 -0.5281 -0.5043 -0.5215 -0.5187 -0.3403
400.00 -0.4794 -0.4784 -0.4635 -0.4769 -0.4731 -0.3043
410.00 -0.4607 -0.4604 -0.4513 -0.4533 -0.4552 -0.3087
420.00 -0.5115 -0.5075 -0.5019 -0.5080 -0.5166 -0.3202
430.00 -0.4854 -0.5082 -0.4969 -0.4993 -0.5033 -0.3203
440.00 -0.4863 -0.4730 -0.4836 -0.4821 -0.4771 -0.3077
450.00 -0.5006 -0.5019 -0.5005 -0.5017 -0.5127 -0.3329
460.00 -0.4783 -0.4654 -0.4722 -0.4657 -0.4629 -0.2960
470.00 -0.5021 -0.5016 -0.4922 -0.4848 -0.5003 -0.3222
480.00 -0.5019 -0.5025 -0.5050 -0.4853 -0.4904 -0.3173
490.00 -0.4942 -0.5028 -0.4953 -0.4948 -0.5004 -0.3221
500.00 -0.4962 -0.4886 -0.4921 -0.4964 -0.5072 -0.3183
510.00 -0.5073 -0.6282 -0.6298 -0.6175 -0.6156 -0.3192
520.00 -0.5430 -0.8683 -0.8711 -0.8697 -0.8746 -0.3233
530.00 -0.5498 -0.8791 -0.8736 -0.8714 -0.8754 -0.3290
540.00 -0.5911 -0.8803 -0.8753 -0.8695 -0.8720 -0.3377
550.00 -0.5546 -0.8455 -0.8437 -0.8462 -0.8423 -0.3255
560.00 -0.5436 -0.8469 -0.8391 -0.8409 -0.8388 -0.3438
570.00 -0.4652 -0.7101 -0.7021 -0.7038 -0.7147 -0.2914
580.00 -0.4197 -0.4961 -0.4951 -0.4916 -0.4886 -0.3100
590.00 -0.4235 -0.5512 -0.5446 -0.5430 -0.5467 -0.3087
600.00 -0.4363 -0.5347 -0.5216 -0.5298 -0.5293 -0.3167
610.00 -0.4207 -0.4945 -0.4975 -0.5027 -0.4972 -0.3151
620.00 -0.4415 -0.5764 -0.5871 -0.5874 -0.5874 -0.3234
630.00 -0.4257 -0.5328 -0.5303 -0.5287 -0.5349 -0.3147
640.00 -0.4403 -0.5264 -0.5239 -0.5271 -0.5286 -0.3226
650.00 -0.4504 -0.5505 -0.5424 -0.5478 -0.5371 -0.3226
660.00 -0.4296 -0.5174 -0.5174 -0.5111 -0.5211 -0.3160
670.00 -0.4314 -0.5373 -0.5408 -0.5281 -0.5298 -0.3114
680.00 -0.4536 -0.5828 -0.5871 -0.5854 -0.5858 -0.3355
690.00 -0.4192 -0.5036 -0.5011 -0.5055 -0.4965 -0.3083
700.00 -0.4140 -0.5319 -0.5333 -0.5269 -0.5350 -0.3075
710.00 -0.4329 -0.6100 -0.6102 -0.6052 -0.6059 -0.3298
720.00 -0.4303 -0.6004 -0.5858 -0.5926 -0.5902 -0.3103
730.00 -0.4269 -0.5320 -0.5387 -0.5374 -0.5412 -0.3230
740.00 -0.4490 -0.6758 -0.6690 -0.6860 -0.6717 -0.3259
750.00 -0.4109 -0.5301 -0.5377 -0.5406 -0.5340 -0.3163
760.00 -0.4364 -0.6452 -0.6412 -0.6443 -0.6504 -0.3056
770.00 -0.4464 -0.5776 -0.5725 -0.5804 -0.5745 -0.3303
780.00 -0.4090 -0.5256 -0.5256 -0.5301 -0.5242 -0.3125
790.00 -0.4436 -0.5891 -0.5851 -0.5813 -0.5783 -0.3294
800.00 -0.4127 -0.5312 -0.5419 -0.5447 -0.5399 -0.3087
810.00 -0.4589 -0.6080 -0.6117 -0.6113 -0.6123 -0.3439
820.00 -0.3942 -0.5110 -0.5063 -0.5053 -0.5068 -0.2953
830.00 -0.4265 -0.5534 -0.5488 -0.5527 -0.5550 -0.3209
840.00 -0.4602 -0.6554 -0.6637 -0.6540 -0.6582 -0.3323
850.00 -0.4309 -0.5108 -0.5150 -0.5083 -0.5049 -0.3323
860.00 -0.4088 -0.5978 -0.5924 -0.5847 -0.5942 -0.3062
870.00 -0.4502 -0.6894 -0.6827 -0.6926 -0.6937 -0.3419
880.00 -0.4202 -0.6077 -0.6112 -0.6090 -0.6124 -0.3243
890.00 -0.4040 -0.6830 -0.6900 -0.6851 -0.6876 -0.2982
900.00 -0.4209 -0.6062 -0.6143 -0.6177 -0.6136 -0.3183
910.00 -0.4336 -0.7189 -0.7143 -0.7097 -0.7158 -0.3319
920.00 -0.4255 -0.6716 -0.6669 -0.6726 -0.6687 -0.3332
930.00 -0.3965 -0.5692 -0.5637 -0.5701 -0.5693 -0.3036
940.00 -0.4582 -0.6450 -0.6415 -0.6451 -0.6399 -0.3431
950.00 -0.4090 -0.6243 -0.6303 -0.6303 -0.6209 -0.3067
960.00 -0.4317 -0.7168 -0.7148 -0.7177 -0.7181 -0.3313
970.00 -0.4267 -0.6339 -0.6379 -0.6394 -0.6384 -0.3193
980.00 -0.3829 -0.4942 -0.4931 -0.4886 -0.4880 -0.2962
990.00 -0.4610 -0.5779 -0.5710 -0.5761 -0.5714 -0.3416
1000.00 -0.4034 -0.5957 -0.5920 -0.5932 -0.5975 -0.3041
1010.00 -0.4500 -0.6228 -0.6161 -0.6203 -0.6089 -0.3307
1020.00 -0.4543 -0.6244 -0.6281 -0.6350 -0.6296 -0.3366
1030.00 -0.3894 -0.6941 -0.6866 -0.6875 -0.6945 -0.3060
1040.00 -0.4447 -0.7325 -0.7368 -0.7244 -0.7304 -0.3258
1050.00 -0.4321 -0.6303 -0.6348 -0.6372 -0.6361 -0.3429
1060.00 -0.4031 -0.6074 -0.6016 -0.6030 -0.6062 -0.3065
1070.00 -0.4251 -0.5934 -0.5946 -0.5963 -0.5902 -0.3261
1080.00 -0.4097 -0.6829 -0.6892 -0.6845 -0.6842 -0.3178
1090.00 -0.4317 -0.6851 -0.6903 -0.6884 -0.6954 -0.3235
1100.00 -0.4262 -0.5638 -0.5728 -0.5683 -0.5672 -0.3172
1110.00 -0.4214 -0.6987 -0.6914 -0.6943 -0.7005 -0.3258
1120.00 -0.4266 -0.5918 -0.5877 -0.5837 -0.5941 -0.3159
1130.00 -0.4387 -0.7215 -0.7230 -0.7239 -0.7234 -0.3382
1140.00 -0.4277 -0.5856 -0.5915 -0.5843 -0.5830 -0.3275
1150.00 -0.4116 -0.6653 -0.6755 -0.6681 -0.6713 -0.3198
1160.00 -0.4274 -0.6595 -0.6623 -0.6556 -0.6613 -0.3283
1170.00 -0.4233 -0.6564 -0.6466 -0.6579 -0.6490 -0.3178
1180.00 -0.3961 -0.5066 -0.5100 -0.5147 -0.5125 -0.3039
1190.00 -0.4444 -0.6415 -0.6486 -0.6539 -0.6419 -0.3314
1200.00 -0.4125 -0.6409 -0.6321 -0.6288 -0.6395 -0.3201
1210.00 -0.4236 -0.7048 -0.7020 -0.7011 -0.7080 -0.3319
1220.00 -0.4308 -0.6526 -0.6441 -0.6434 -0.6346 -0.3225
1230.00 -0.4705 -0.7284 -0.7335 -0.7330 -0.7430 -0.3437
1240.00 -0.3932 -0.5467 -0.5427 -0.5350 -0.5433 -0.3086
1250.00 -0.3963 -0.6126 -0.6072 -0.6158 -0.6183 -0.3005
1260.00 -0.4407 -0.7149 -0.7143 -0.7192 -0.7180 -0.3390
1270.00 -0.4291 -0.6672 -0.6629 -0.6548 -0.6587 -0.3273
1280.00 -0.4201 -0.6521 -0.6668 -0.6498 -0.6626 -0.3319
1290.00 -0.4043 -0.6934 -0.6954 -0.6884 -0.6994 -0.3043
1300.00 -0.4668 -0.7699 -0.7626 -0.7643 -0.7701 -0.3488
1310.00 -0.3896 -0.5966 -0.5956 -0.5926 -0.5987 -0.2992
1320.00 -0.4316 -0.5614 -0.5623 -0.5675 -0.5571 -0.3156
1330.00 -0.4268 -0.6087 -0.6140 -0.6204 -0.6189 -0.3265
1340.00 -0.4475 -0.6375 -0.6249 -0.6214 -0.6320 -0.3349
1350.00 -0.4038 -0.5339 -0.5379 -0.5313 -0.5345 -0.3141
1360.00 -0.4606 -0.7317 -0.7339 -0.7328 -0.7356 -0.3402
1370.00 -0.4042 -0.6884 -0.6826 -0.6938 -0.6921 -0.3123
1380.00 -0.4173 -0.6189 -0.6291 -0.6271 -0.6284 -0.3239
1390.00 -0.3937 -0.8115 -0.7945 -0.8002 -0.7983 -0.3134
1400.00 -0.4312 -0.8593 -0.8590 -0.8469 -0.8611 -0.3386
1410.00 -0.4027 -0.6591 -0.6649 -0.6642 -0.6581 -0.3078
1420.00 -0.4107 -0.5811 -0.5956 -0.5945 -0.5912 -0.3125
1430.00 -0.4421 -0.6732 -0.6764 -0.6736 -0.6802 -0.3219
1440.00 -0.4265 -0.5385 -0.5304 -0.5241 -0.5309 -0.3284
1450.00 -0.4370 -0.7134 -0.7112 -0.7170 -0.7170 -0.3362
1460.00 -0.4116 -0.7098 -0.7153 -0.7089 -0.7137 -0.2978
1470.00 -0.4215 -0.6387 -0.6445 -0.6439 -0.6460 -0.3355
1480.00 -0.4277 -0.6727 -0.6766 -0.6687 -0.6761 -0.3212
1490.00 -0.4285 -0.6146 -0.6198 -0.6189 -0.6076 -0.3204
1500.00 -0.3893 -0.5592 -0.5604 -0.5645 -0.5681 -0.3040
1510.00 -0.4389 -0.9692 -0.9665 -0.9772 -0.9684 -0.3378
1520.00 -0.3967 -0.5967 -0.5883 -0.5904 -0.5864 -0.2943
1530.00 -0.4377 -0.6969 -0.6985 -0.7010 -0.7013 -0.3368
1540.00 -0.4435 -0.6262 -0.6316 -0.6326 -0.6275 -0.3311
1550.00 -0.4045 -0.5429 -0.5529 -0.5433 -0.5500 -0.3010
1560.00 -0.4424 -0.6435 -0.6484 -0.6449 -0.6513 -0.3338
1570.00 -0.4067 -0.7440 -0.7376 -0.7390 -0.7352 -0.3252
1580.00 -0.4252 -0.6385 -0.6432 -0.6395 -0.6369 -0.3244
1590.00 -0.4255 -0.6016 -0.6106 -0.6122 -0.6142 -0.3299
1600.00 -0.4195 -0.6762 -0.6780 -0.6881 -0.6818 -0.3247
1610.00 -0.4311 -0.6108 -0.6026 -0.6032 -0.5985 -0.3250
1620.00 -0.4508 -0.7648 -0.7639 -0.7700 -0.7664 -0.3422
1630.00 -0.4099 -0.6576 -0.6544 -0.6527 -0.6559 -0.3172
1640.00 -0.4370 -0.6396 -0.6451 -0.6472 -0.6466 -0.3191
1650.00 -0.4374 -0.6249 -0.6162 -0.6297 -0.6195 -0.3242
1660.00 -0.3870 -0.5463 -0.5467 -0.5434 -0.5440 -0.3047
1670.00 -0.4484 -0.9623 -0.9652 -0.9644 -0.9619 -0.3646
1680.00 -0.3802 -0.6291 -0.6209 -0.6278 -0.6248 -0.2922
1690.00 -0.4296 -0.6255 -0.6234 -0.6233 -0.6274 -0.3252
1700.00 -0.4330 -0.5632 -0.5619 -0.5660 -0.5663 -0.3278
1710.00 -0.4357 -0.7826 -0.7859 -0.7793 -0.7873 -0.3382
1720.00 -0.4320 -0.7116 -0.7207 -0.7105 -0.7063 -0.3296
1730.00 -0.3941 -0.6319 -0.6412 -0.6286 -0.6394 -0.3072
1740.00 -0.4304 -0.6665 -0.6811 -0.6730 -0.6763 -0.3176
1750.00 -0.4359 -0.6786 -0.6804 -0.6737 -0.6681 -0.3306
1760.00 -0.4042 -0.5731 -0.5740 -0.5747 -0.5757 -0.3117
1770.00 -0.4776 -0.6749 -0.6745 -0.6746 -0.6749 -0.3421
1780.00 -0.3909 -0.6044 -0.5962 -0.5929 -0.6014 -0.3032
1790.00 -0.4196 -0.6408 -0.6440 -0.6377 -0.6407 -0.3263
1800.00 -0.4155 -0.9844 -0.9779 -0.9884 -0.9699 -0.3358
1810.00 -0.4126 -0.8031 -0.8104 -0.8023 -0.8103 -0.3109
1820.00 -0.4121 -0.6236 -0.6339 -0.6211 -0.6276 -0.3009
1830.00 -0.4150 -0.5985 -0.6007 -0.5988 -0.6006 -0.3166
1840.00 -0.4389 -0.6913 -0.6956 -0.6918 -0.6936 -0.3330
1850.00 -0.4201 -0.5508 -0.5444 -0.5525 -0.5471 -0.3235
1860.00 -0.4524 -0.7462 -0.7363 -0.7395 -0.7322 -0.3418
1870.00 -0.4186 -0.7194 -0.7201 -0.7220 -0.7194 -0.3251
1880.00 -0.3804 -0.7295 -0.7194 -0.7349 -0.7340 -0.2988
1890.00 -0.4375 -0.6302 -0.6271 -0.6281 -0.6313 -0.3246
1900.00 -0.4267 -0.7120 -0.7173 -0.7147 -0.7233 -0.3177
1910.00 -0.4453 -0.8322 -0.8189 -0.8205 -0.8229 -0.3450
1920.00 -0.3810 -0.4930 -0.4918 -0.4932 -0.4906 -0.2873
1930.00 -0.4198 -0.6663 -0.6721 -0.6661 -0.6661 -0.3166
1940.00 -0.4291 -0.5913 -0.6002 -0.5993 -0.5970 -0.3225
1950.00 -0.4408 -0.6078 -0.6013 -0.5963 -0.5994 -0.3326
1960.00 -0.4300 -0.7570 -0.7715 -0.7695 -0.7640 -0.3364
1970.00 -0.4218 -0.6802 -0.6626 -0.6745 -0.6669 -0.3066
1980.00 -0.4277 -0.6826 -0.6750 -0.6860 -0.6732 -0.3260
1990.00 -0.4276 -0.5795 -0.5928 -0.5880 -0.5895 -0.3293
2000.00 -0.4002 -0.6154 -0.6131 -0.6129 -0.6102 -0.3137
2010.00 -0.4383 -0.8983 -0.8894 -0.9047 -0.9028 -0.3422
2020.00 -0.3846 -0.6542 -0.6585 -0.6558 -0.6707 -0.2895
2030.00 -0.4338 -0.7537 -0.7575 -0.7527 -0.7523 -0.3394
2040.00 -0.4371 -0.7026 -0.6960 -0.7037 -0.7007 -0.3271
2050.00 -0.4222 -0.6131 -0.6134 -0.6161 -0.6119 -0.3253
2060.00 -0.3920 -0.7376 -0.7382 -0.7279 -0.7417 -0.2950
