10.00 -0.4426 -0.4446 -0.4489 -0.4488 -0.4541 -0.2965
20.00 -0.4826 -0.4888 -0.4856 -0.4797 -0.4821 -0.3111
30.00 -0.4782 -0.4743 -0.4607 -0.4787 -0.4742 -0.3164
40.00 -0.4941 -0.4861 -0.4888 -0.4813 -0.4847 -0.2969
50.00 -0.5019 -0.4988 -0.5057 -0.4998 -0.4942 -0.3297
60.00 -0.4930 -0.4858 -0.4876 -0.4834 -0.4872 -0.3162
70.00 -0.4727 -0.4605 -0.4658 -0.4669 -0.4641 -0.3091
80.00 -0.4870 -0.4885 -0.4827 -0.4904 -0.4734 -0.3104
90.00 -0.4904 -0.4751 -0.4898 -0.4958 -0.4867 -0.3127
100.00 -0.4682 -0.4622 -0.4704 -0.4689 -0.4671 -0.3220
110.00 -0.4792 -0.4805 -0.4896 -0.4986 -0.4828 -0.3065
120.00 -0.4974 -0.4896 -0.4871 -0.4957 -0.4937 -0.3163
130.00 -0.4594 -0.4635 -0.4668 -0.4600 -0.4426 -0.2895
140.00 -0.4959 -0.5043 -0.5099 -0.5098 -0.4916 -0.3300
150.00 -0.4857 -0.4843 -0.4878 -0.4737 -0.4688 -0.2979
160.00 -0.4908 -0.5006 -0.4962 -0.5006 -0.4942 -0.3258
170.00 -0.4641 -0.4658 -0.4629 -0.4607 -0.4681 -0.2900
180.00 -0.4823 -0.4858 -0.4789 -0.4799 -0.4819 -0.3314
190.00 -0.5261 -0.5218 -0.5231 -0.5202 -0.5324 -0.3245
200.00 -0.4829 -0.4701 -0.4900 -0.4732 -0.4830 -0.3204
210.00 -0.4588 -0.4717 -0.4784 -0.4694 -0.4750 -0.2982
220.00 -0.4670 -0.4762 -0.4803 -0.4731 -0.4839 -0.3288
230.00 -0.5050 -0.5134 -0.5142 -0.5180 -0.5126 -0.3154
240.00 -0.4513 -0.4511 -0.4562 -0.4439 -0.4501 -0.2993
250.00 -0.5092 -0.5235 -0.5107 -0.5096 -0.5025 -0.3328
260.00 -0.4724 -0.4723 -0.4649 -0.4829 -0.4664 -0.3119
270.00 -0.5012 -0.4856 -0.4864 -0.4863 -0.4888 -0.3115
280.00 -0.4701 -0.4785 -0.4751 -0.4698 -0.4756 -0.3044
290.00 -0.4820 -0.4853 -0.4871 -0.4902 -0.4718 -0.3210
300.00 -0.4856 -0.4910 -0.4914 -0.4831 -0.4873 -0.3251
310.00 -0.4765 -0.4809 -0.4801 -0.4757 -0.4717 -0.3094
320.00 -0.5343 -0.5357 -0.5345 -0.5254 -0.5368 -0.3341
330.00 -0.4348 -0.4509 -0.4448 -0.4452 -0.4481 -0.2917
340.00 -0.4948 -0.4963 -0.4960 -0.5022 -0.5018 -0.3274
350.00 -0.4697 -0.4696 -0.4745 -0.4705 -0.4659 -0.3055
360.00 -0.4797 -0.4854 -0.4961 -0.4943 -0.4966 -0.3086
370.00 -0.4653 -0.4717 -0.4706 -0.4687 -0.4686 -0.3103
380.00 -0.4862 -0.5066 -0.5142 -0.5102 -0.5122 -0.3264
390.00 -0.4595 -0.4853 -0.4922 -0.4925 -0.4917 -0.3054
400.00 -0.4592 -0.4663 -0.4676 -0.4551 -0.4430 -0.2960
410.00 -0.4977 -0.5031 -0.5111 -0.5093 -0.5067 -0.3329
420.00 -0.4717 -0.4674 -0.4702 -0.4717 -0.4607 -0.3135
430.00 -0.4976 -0.5079 -0.5239 -0.5125 -0.5001 -0.3175
440.00 -0.4691 -0.4721 -0.4634 -0.4613 -0.4672 -0.3144
450.00 -0.4627 -0.4636 -0.4686 -0.4671 -0.4528 -0.3046
460.00 -0.4974 -0.5064 -0.4991 -0.4956 -0.5039 -0.3261
470.00 -0.4969 -0.4981 -0.5056 -0.5035 -0.5008 -0.3199
480.00 -0.4570 -0.4560 -0.4519 -0.4415 -0.4390 -0.2912
490.00 -0.4844 -0.4886 -0.4863 -0.4905 -0.4805 -0.3217
500.00 -0.5083 -0.4850 -0.4979 -0.5001 -0.5067 -0.3255
510.00 -0.5044 -0.6024 -0.6112 -0.6103 -0.6085 -0.3176
520.00 -0.4908 -0.7665 -0.7746 -0.7714 -0.7745 -0.3080
530.00 -0.5613 -0.8961 -0.9119 -0.9107 -0.9045 -0.3336
540.00 -0.5039 -0.8651 -0.8687 -0.8660 -0.8693 -0.3047
550.00 -0.5457 -0.8998 -0.8917 -0.8958 -0.8986 -0.3289
560.00 -0.5103 -0.8645 -0.8692 -0.8606 -0.8636 -0.3179
570.00 -0.5201 -0.9204 -0.9174 -0.9183 -0.9182 -0.2963
580.00 -0.5126 -0.8665 -0.8606 -0.8639 -0.8620 -0.3057
590.00 -0.4939 -0.8215 -0.8331 -0.8299 -0.8320 -0.3138
600.00 -0.4241 -0.5470 -0.5396 -0.5379 -0.5438 -0.3104
610.00 -0.4094 -0.4789 -0.4755 -0.4733 -0.4800 -0.3118
620.00 -0.4019 -0.4556 -0.4610 -0.4550 -0.4583 -0.3161
630.00 -0.4386 -0.5252 -0.5198 -0.5271 -0.5241 -0.3121
640.00 -0.4531 -0.5114 -0.4989 -0.5112 -0.5148 -0.3217
650.00 -0.4286 -0.4795 -0.4776 -0.4773 -0.4787 -0.3078
660.00 -0.4663 -0.4928 -0.4876 -0.4950 -0.4880 -0.3129
670.00 -0.4812 -0.4922 -0.5065 -0.4969 -0.4841 -0.3334
680.00 -0.4727 -0.4859 -0.4928 -0.5006 -0.4881 -0.3213
690.00 -0.4686 -0.4819 -0.4811 -0.4762 -0.4861 -0.3060
700.00 -0.4625 -0.4710 -0.4634 -0.4718 -0.4689 -0.3158
710.00 -0.4681 -0.4732 -0.4737 -0.4828 -0.4726 -0.3017
720.00 -0.4820 -0.4996 -0.5016 -0.5095 -0.4913 -0.3125
730.00 -0.4656 -0.4836 -0.4763 -0.4702 -0.4845 -0.3202
740.00 -0.4535 -0.5003 -0.4998 -0.5039 -0.4986 -0.3218
750.00 -0.4137 -0.5194 -0.5193 -0.5222 -0.5041 -0.2946
760.00 -0.4717 -0.5249 -0.5277 -0.5220 -0.5060 -0.3317
770.00 -0.4391 -0.4661 -0.4662 -0.4559 -0.4619 -0.3038
780.00 -0.4479 -0.4930 -0.4883 -0.5009 -0.4936 -0.3023
790.00 -0.4615 -0.5109 -0.5012 -0.5015 -0.5010 -0.3201
800.00 -0.4590 -0.4892 -0.4931 -0.4905 -0.4980 -0.3128
810.00 -0.4758 -0.5013 -0.5058 -0.5039 -0.5104 -0.3314
820.00 -0.4397 -0.4420 -0.4377 -0.4354 -0.4430 -0.2921
830.00 -0.4972 -0.4977 -0.5002 -0.4958 -0.4959 -0.3166
840.00 -0.4701 -0.4941 -0.4916 -0.4988 -0.4923 -0.3246
850.00 -0.4811 -0.5123 -0.5099 -0.5102 -0.5046 -0.3223
860.00 -0.4437 -0.4685 -0.4625 -0.4518 -0.4680 -0.3065
870.00 -0.4507 -0.4894 -0.4756 -0.4903 -0.4689 -0.3070
880.00 -0.4491 -0.4777 -0.4921 -0.4842 -0.4879 -0.3179
890.00 -0.4691 -0.4892 -0.5037 -0.5055 -0.5058 -0.3178
900.00 -0.4643 -0.4784 -0.4881 -0.4864 -0.4937 -0.3192
910.00 -0.4754 -0.4870 -0.4906 -0.4868 -0.4903 -0.3229
920.00 -0.4714 -0.4726 -0.4789 -0.4856 -0.4892 -0.3134
930.00 -0.4625 -0.5195 -0.5076 -0.5116 -0.5116 -0.3191
940.00 -0.4514 -0.4689 -0.4734 -0.4819 -0.4778 -0.3054
950.00 -0.4866 -0.4996 -0.4939 -0.5026 -0.4984 -0.3231
960.00 -0.4602 -0.4712 -0.4645 -0.4662 -0.4616 -0.3104
970.00 -0.4742 -0.4920 -0.4931 -0.4999 -0.4860 -0.3246
980.00 -0.4983 -0.5040 -0.5052 -0.5058 -0.5079 -0.3294
990.00 -0.4431 -0.4647 -0.4776 -0.4709 -0.4606 -0.2972
1000.00 -0.4837 -0.4892 -0.4880 -0.4907 -0.4883 -0.3307
1010.00 -0.4764 -0.4847 -0.4757 -0.4858 -0.4813 -0.3060
1020.00 -0.4879 -0.4894 -0.4983 -0.5000 -0.5006 -0.3221
1030.00 -0.4618 -0.4702 -0.4676 -0.4711 -0.4733 -0.3086
1040.00 -0.4501 -0.4832 -0.4886 -0.4860 -0.4888 -0.3091
1050.00 -0.4461 -0.4771 -0.4782 -0.4851 -0.4805 -0.3122
1060.00 -0.4633 -0.4978 -0.4895 -0.4898 -0.4922 -0.3230
1070.00 -0.4612 -0.4923 -0.4957 -0.4936 -0.4978 -0.3249
1080.00 -0.4375 -0.5310 -0.5359 -0.5286 -0.5375 -0.3150
1090.00 -0.4086 -0.5113 -0.5082 -0.5137 -0.5148 -0.3026
1100.00 -0.4089 -0.7112 -0.7210 -0.7114 -0.7120 -0.3366
1110.00 -0.3465 -0.9015 -0.8932 -0.9085 -0.9075 -0.2994
1120.00 -0.3958 -0.6425 -0.6394 -0.6433 -0.6438 -0.3186
1130.00 -0.4059 -0.6585 -0.6584 -0.6603 -0.6495 -0.3214
1140.00 -0.3938 -0.5658 -0.5677 -0.5682 -0.5694 -0.3052
1150.00 -0.4218 -0.5922 -0.5946 -0.6020 -0.6010 -0.3204
1160.00 -0.3856 -0.5549 -0.5597 -0.5595 -0.5504 -0.3010
1170.00 -0.4046 -0.5833 -0.5863 -0.5855 -0.5829 -0.3202
1180.00 -0.4124 -0.6792 -0.6888 -0.6770 -0.6809 -0.3201
1190.00 -0.3895 -0.5985 -0.5925 -0.5911 -0.5936 -0.3106
1200.00 -0.4412 -0.5830 -0.5817 -0.5782 -0.5878 -0.3346
1210.00 -0.3658 -0.5193 -0.5223 -0.5180 -0.5161 -0.2805
1220.00 -0.4317 -0.6372 -0.6309 -0.6291 -0.6354 -0.3192
1230.00 -0.4043 -0.5250 -0.5320 -0.5250 -0.5136 -0.3195
1240.00 -0.4134 -0.5085 -0.5121 -0.5095 -0.5110 -0.3107
1250.00 -0.4362 -0.6043 -0.5973 -0.6008 -0.5982 -0.3257
1260.00 -0.4091 -0.5445 -0.5455 -0.5425 -0.5537 -0.3142
1270.00 -0.4248 -0.4965 -0.5054 -0.5033 -0.4985 -0.3192
1280.00 -0.4088 -0.5808 -0.5894 -0.5889 -0.5871 -0.3139
1290.00 -0.4130 -0.4695 -0.4648 -0.4556 -0.4569 -0.3118
1300.00 -0.4566 -0.6081 -0.6150 -0.6126 -0.5988 -0.3497
1310.00 -0.3815 -0.5083 -0.5068 -0.5067 -0.5005 -0.2894
1320.00 -0.4158 -0.6646 -0.6617 -0.6690 -0.6679 -0.3282
1330.00 -0.3949 -0.5731 -0.5732 -0.5637 -0.5763 -0.3117
1340.00 -0.4226 -0.5413 -0.5393 -0.5455 -0.5430 -0.3140
1350.00 -0.4051 -0.5752 -0.5833 -0.5803 -0.5742 -0.3184
1360.00 -0.4308 -0.6919 -0.6917 -0.6920 -0.6930 -0.3328
1370.00 -0.4198 -0.6247 -0.6269 -0.6301 -0.6240 -0.3172
1380.00 -0.3820 -0.5964 -0.5900 -0.5932 -0.5907 -0.2951
1390.00 -0.3935 -0.5933 -0.5873 -0.5874 -0.5881 -0.3048
1400.00 -0.4032 -0.5618 -0.5627 -0.5614 -0.5599 -0.3027
1410.00 -0.4419 -0.6379 -0.6374 -0.6408 -0.6315 -0.3362
1420.00 -0.4099 -0.5513 -0.5533 -0.5464 -0.5460 -0.3098
1430.00 -0.4096 -0.5222 -0.5212 -0.5242 -0.5210 -0.3122
1440.00 -0.4266 -0.5523 -0.5457 -0.5502 -0.5483 -0.3180
1450.00 -0.4307 -0.6173 -0.6284 -0.6214 -0.6221 -0.3236
1460.00 -0.4035 -0.5722 -0.5702 -0.5716 -0.5754 -0.3093
1470.00 -0.4324 -0.6238 -0.6249 -0.6222 -0.6206 -0.3223
1480.00 -0.3961 -0.5035 -0.5038 -0.4991 -0.5012 -0.3025
1490.00 -0.4218 -0.6423 -0.6451 -0.6544 -0.6448 -0.3289
1500.00 -0.3716 -0.4989 -0.5008 -0.4894 -0.4903 -0.2981
1510.00 -0.4142 -0.6003 -0.6055 -0.6072 -0.6061 -0.3284
1520.00 -0.4279 -0.5971 -0.6049 -0.6001 -0.6027 -0.3259
1530.00 -0.4147 -0.5690 -0.5680 -0.5593 -0.5648 -0.3174
1540.00 -0.3954 -0.5542 -0.5475 -0.5529 -0.5499 -0.3081
1550.00 -0.4541 -0.6497 -0.6502 -0.6484 -0.6470 -0.3455
1560.00 -0.3642 -0.5790 -0.5772 -0.5786 -0.5815 -0.2873
1570.00 -0.4354 -0.6188 -0.6140 -0.6129 -0.6148 -0.3330
1580.00 -0.4006 -0.5470 -0.5500 -0.5443 -0.5513 -0.3047
1590.00 -0.3996 -0.5208 -0.5206 -0.5199 -0.5196 -0.2991
1600.00 -0.4410 -0.5645 -0.5668 -0.5609 -0.5631 -0.3406
1610.00 -0.3991 -0.6653 -0.6602 -0.6641 -0.6690 -0.3059
1620.00 -0.3877 -0.6228 -0.6182 -0.6181 -0.6260 -0.3141
1630.00 -0.4246 -0.6448 -0.6431 -0.6515 -0.6461 -0.3242
1640.00 -0.3808 -0.5337 -0.5307 -0.5219 -0.5311 -0.3050
1650.00 -0.4284 -0.6068 -0.6113 -0.6071 -0.6083 -0.3206
1660.00 -0.3898 -0.5957 -0.5959 -0.5930 -0.5984 -0.3084
1670.00 -0.4420 -0.6450 -0.6441 -0.6390 -0.6494 -0.3330
1680.00 -0.3905 -0.5342 -0.5422 -0.5462 -0.5326 -0.2987
1690.00 -0.3839 -0.6263 -0.6233 -0.6196 -0.6199 -0.3088
1700.00 -0.4297 -0.5806 -0.5855 -0.5824 -0.5916 -0.3222
1710.00 -0.4036 -0.5966 -0.5959 -0.5997 -0.5996 -0.3155
1720.00 -0.4134 -0.5763 -0.5629 -0.5726 -0.5699 -0.3162
1730.00 -0.3905 -0.4573 -0.4520 -0.4495 -0.4506 -0.2997
1740.00 -0.4126 -0.5663 -0.5620 -0.5666 -0.5631 -0.3168
1750.00 -0.3936 -0.6030 -0.6025 -0.6048 -0.6071 -0.3075
1760.00 -0.4152 -0.6584 -0.6563 -0.6673 -0.6632 -0.3252
1770.00 -0.4161 -0.5548 -0.5615 -0.5603 -0.5495 -0.3268
1780.00 -0.4139 -0.5517 -0.5467 -0.5422 -0.5403 -0.3098
1790.00 -0.4135 -0.5630 -0.5548 -0.5576 -0.5559 -0.3153
1800.00 -0.4041 -0.5353 -0.5397 -0.5395 -0.5354 -0.3190
1810.00 -0.4221 -0.5937 -0.5955 -0.5898 -0.5919 -0.3288
1820.00 -0.4164 -0.5954 -0.5924 -0.5929 -0.5927 -0.3249
1830.00 -0.4278 -0.6056 -0.6078 -0.6077 -0.6081 -0.3337
1840.00 -0.3791 -0.6396 -0.6415 -0.6417 -0.6434 -0.3069
1850.00 -0.4039 -0.6830 -0.6784 -0.6793 -0.6789 -0.3231
1860.00 -0.3785 -0.6513 -0.6546 -0.6605 -0.6593 -0.2997
1870.00 -0.4429 -0.6128 -0.6261 -0.6202 -0.6155 -0.3407
1880.00 -0.3976 -0.5471 -0.5467 -0.5432 -0.5401 -0.3081
1890.00 -0.4054 -0.5848 -0.5892 -0.5837 -0.5809 -0.3089
1900.00 -0.4227 -0.5582 -0.5552 -0.5661 -0.5554 -0.3203
1910.00 -0.4096 -0.5609 -0.5607 -0.5610 -0.5671 -0.3076
1920.00 -0.4199 -0.4993 -0.5099 -0.4983 -0.4995 -0.3275
1930.00 -0.4200 -0.4870 -0.4864 -0.4867 -0.4875 -0.3032
1940.00 -0.4327 -0.5777 -0.5665 -0.5763 -0.5774 -0.3213
1950.00 -0.4003 -0.5331 -0.5372 -0.5267 -0.5246 -0.3137
1960.00 -0.4241 -0.5872 -0.5918 -0.5879 -0.5967 -0.3278
1970.00 -0.3983 -0.6104 -0.6158 -0.6110 -0.6025 -0.3204
1980.00 -0.4227 -0.7682 -0.7727 -0.7712 -0.7772 -0.3252
1990.00 -0.3793 -0.6967 -0.6947 -0.6975 -0.6887 -0.3173
2000.00 -0.3758 -0.5803 -0.5714 -0.5751 -0.5761 -0.2967
2010.00 -0.4055 -0.5959 -0.5977 -0.5997 -0.5976 -0.3251
2020.00 -0.4252 -0.6835 -0.6795 -0.6792 -0.6894 -0.3260
2030.00 -0.3978 -0.6605 -0.6579 -0.6622 -0.6524 -0.3068
2040.00 -0.4085 -0.5034 -0.5136 -0.5143 -0.5086 -0.3204
2050.00 -0.3960 -0.5289 -0.5281 -0.5269 -0.5300 -0.3047
2060.00 -0.4290 -0.6623 -0.6589 -0.6604 -0.6572 -0.3196
2070.00 -0.3984 -0.5289 -0.5236 -0.5307 -0.5175 -0.3008
2080.00 -0.4148 -0.5326 -0.5362 -0.5307 -0.5360 -0.3198
