10.00 -0.4845 -0.4941 -0.4884 -0.5054 -0.4837 -0.3172
20.00 -0.4921 -0.4886 -0.4885 -0.4841 -0.4917 -0.3198
30.00 -0.4921 -0.4781 -0.4845 -0.4897 -0.4842 -0.3165
40.00 -0.5234 -0.5202 -0.5255 -0.5228 -0.5049 -0.3270
50.00 -0.4510 -0.4701 -0.4781 -0.4709 -0.4697 -0.3191
60.00 -0.4929 -0.5088 -0.4957 -0.5072 -0.4991 -0.3146
70.00 -0.4585 -0.4566 -0.4615 -0.4509 -0.4676 -0.3006
80.00 -0.5133 -0.5132 -0.4986 -0.5147 -0.5077 -0.3322
90.00 -0.4938 -0.5025 -0.5081 -0.5048 -0.5056 -0.3195
100.00 -0.4875 -0.5104 -0.5079 -0.5042 -0.5106 -0.3178
110.00 -0.4633 -0.4746 -0.4705 -0.4564 -0.4739 -0.3176
120.00 -0.4927 -0.4969 -0.4985 -0.4983 -0.4985 -0.3245
130.00 -0.5076 -0.5059 -0.4908 -0.5010 -0.4978 -0.3230
140.00 -0.4842 -0.4887 -0.4908 -0.4765 -0.4847 -0.3028
150.00 -0.4998 -0.4940 -0.5006 -0.5014 -0.5022 -0.3227
160.00 -0.4601 -0.4809 -0.4680 -0.4788 -0.4714 -0.3122
170.00 -0.5124 -0.5085 -0.5028 -0.5035 -0.4969 -0.3315
180.00 -0.4802 -0.4774 -0.4865 -0.4689 -0.4716 -0.3160
190.00 -0.4817 -0.4855 -0.4682 -0.4934 -0.4798 -0.2986
200.00 -0.4882 -0.4836 -0.4838 -0.4896 -0.4965 -0.3219
210.00 -0.4836 -0.4983 -0.4898 -0.4932 -0.4784 -0.3169
220.00 -0.4948 -0.5084 -0.5194 -0.5161 -0.5009 -0.3193
230.00 -0.4872 -0.5000 -0.4969 -0.4856 -0.4732 -0.3184
240.00 -0.4947 -0.4983 -0.4912 -0.5066 -0.4921 -0.3069
250.00 -0.4800 -0.4752 -0.4893 -0.4846 -0.4750 -0.3257
260.00 -0.4931 -0.5013 -0.5009 -0.5030 -0.4904 -0.3022
270.00 -0.4761 -0.4799 -0.4803 -0.4902 -0.4766 -0.3216
280.00 -0.4845 -0.4907 -0.4992 -0.5055 -0.4942 -0.3207
290.00 -0.4784 -0.4837 -0.4894 -0.4963 -0.4857 -0.3092
300.00 -0.4936 -0.4909 -0.4949 -0.4997 -0.4962 -0.3300
310.00 -0.5206 -0.5221 -0.5172 -0.5355 -0.5210 -0.3307
320.00 -0.4732 -0.4718 -0.4834 -0.4681 -0.4904 -0.3006
330.00 -0.5016 -0.4964 -0.4948 -0.4894 -0.4842 -0.3226
340.00 -0.5101 -0.4861 -0.5067 -0.4965 -0.5093 -0.3270
350.00 -0.4996 -0.4943 -0.5033 -0.4722 -0.4963 -0.3240
360.00 -0.4750 -0.4807 -0.4486 -0.4675 -0.4794 -0.3131
370.00 -0.4879 -0.4948 -0.4751 -0.4925 -0.5052 -0.3226
380.00 -0.4889 -0.5109 -0.5123 -0.4962 -0.5135 -0.3137
390.00 -0.4836 -0.4881 -0.4884 -0.4868 -0.4899 -0.3266
400.00 -0.5046 -0.4968 -0.5027 -0.4681 -0.5071 -0.3026
410.00 -0.5044 -0.5184 -0.5108 -0.5010 -0.5094 -0.3282
420.00 -0.4587 -0.4554 -0.4598 -0.4609 -0.4589 -0.3007
430.00 -0.4837 -0.4861 -0.4711 -0.4693 -0.4819 -0.3252
440.00 -0.5165 -0.5274 -0.5156 -0.5270 -0.5252 -0.3243
450.00 -0.4822 -0.4972 -0.4843 -0.4827 -0.4850 -0.2943
460.00 -0.4724 -0.4876 -0.4877 -0.4887 -0.4771 -0.3187
470.00 -0.5164 -0.5198 -0.5084 -0.5065 -0.5016 -0.3212
480.00 -0.4585 -0.4699 -0.4786 -0.4758 -0.4753 -0.2968
490.00 -0.5170 -0.5174 -0.5117 -0.5073 -0.4928 -0.3347
500.00 -0.4535 -0.4717 -0.4818 -0.4713 -0.4715 -0.3001
510.00 -0.5280 -0.6506 -0.6400 -0.6490 -0.6437 -0.3517
520.00 -0.5270 -0.8371 -0.8412 -0.8537 -0.8386 -0.3061
530.00 -0.5948 -0.9808 -0.9820 -0.9870 -0.9815 -0.3485
540.00 -0.5275 -0.9039 -0.8989 -0.8896 -0.8991 -0.3175
550.00 -0.5765 -0.9861 -0.9919 -0.9890 -0.9896 -0.3357
560.00 -0.4418 -0.6584 -0.6505 -0.6623 -0.6528 -0.2914
570.00 -0.4445 -0.5533 -0.5558 -0.5553 -0.5579 -0.3138
580.00 -0.4463 -0.5326 -0.5386 -0.5444 -0.5357 -0.3339
590.00 -0.4132 -0.5097 -0.5050 -0.5089 -0.5063 -0.3033
600.00 -0.4537 -0.5486 -0.5465 -0.5436 -0.5471 -0.3347
610.00 -0.4457 -0.5391 -0.5434 -0.5434 -0.5451 -0.3276
620.00 -0.4478 -0.5539 -0.5589 -0.5558 -0.5568 -0.3292
630.00 -0.4192 -0.5246 -0.5204 -0.5220 -0.5188 -0.3037
640.00 -0.4209 -0.5119 -0.5193 -0.5141 -0.5241 -0.2964
650.00 -0.4587 -0.5139 -0.5170 -0.5206 -0.5159 -0.3335
660.00 -0.4586 -0.5428 -0.5438 -0.5365 -0.5453 -0.3293
670.00 -0.4139 -0.4854 -0.4952 -0.4869 -0.4880 -0.3049
680.00 -0.4362 -0.5658 -0.5531 -0.5609 -0.5597 -0.3230
690.00 -0.4420 -0.5878 -0.5874 -0.5942 -0.5904 -0.3234
700.00 -0.4420 -0.5698 -0.5655 -0.5669 -0.5710 -0.3257
710.00 -0.4249 -0.5541 -0.5521 -0.5516 -0.5462 -0.3147
720.00 -0.4476 -0.5480 -0.5458 -0.5447 -0.5484 -0.3292
730.00 -0.4416 -0.5881 -0.5850 -0.5919 -0.5846 -0.3209
740.00 -0.4087 -0.5173 -0.5195 -0.5256 -0.5181 -0.3032
750.00 -0.4437 -0.5369 -0.5342 -0.5320 -0.5181 -0.3203
760.00 -0.4407 -0.5891 -0.5782 -0.5833 -0.5820 -0.3228
770.00 -0.4436 -0.5917 -0.5917 -0.5889 -0.5854 -0.3256
780.00 -0.4315 -0.5564 -0.5551 -0.5634 -0.5521 -0.3192
790.00 -0.4214 -0.5532 -0.5526 -0.5534 -0.5527 -0.3223
800.00 -0.4303 -0.6610 -0.6673 -0.6722 -0.6719 -0.3191
810.00 -0.4221 -0.5768 -0.5746 -0.5763 -0.5743 -0.3231
820.00 -0.4365 -0.6879 -0.6960 -0.6883 -0.6853 -0.3233
830.00 -0.4076 -0.5571 -0.5534 -0.5526 -0.5492 -0.3021
840.00 -0.4453 -0.5830 -0.5840 -0.5852 -0.5859 -0.3323
850.00 -0.4008 -0.5591 -0.5605 -0.5656 -0.5647 -0.3044
860.00 -0.4584 -0.6108 -0.6124 -0.6126 -0.6040 -0.3407
870.00 -0.4194 -0.4952 -0.4963 -0.5016 -0.4860 -0.3192
880.00 -0.4323 -0.5740 -0.5701 -0.5728 -0.5766 -0.3293
890.00 -0.4122 -0.5793 -0.5715 -0.5734 -0.5642 -0.3139
900.00 -0.3930 -0.6145 -0.6186 -0.6154 -0.6132 -0.3060
910.00 -0.4520 -0.7006 -0.6966 -0.6981 -0.6904 -0.3317
920.00 -0.4106 -0.5845 -0.5865 -0.5857 -0.5947 -0.3067
930.00 -0.4328 -0.6347 -0.6321 -0.6381 -0.6266 -0.3335
940.00 -0.4392 -0.6959 -0.6930 -0.6959 -0.7023 -0.3384
950.00 -0.4382 -0.6500 -0.6522 -0.6575 -0.6582 -0.3309
960.00 -0.3864 -0.5948 -0.5998 -0.5967 -0.6013 -0.3007
970.00 -0.4385 -0.6528 -0.6541 -0.6497 -0.6472 -0.3372
980.00 -0.3901 -0.5825 -0.5716 -0.5826 -0.5718 -0.2935
990.00 -0.4458 -0.6380 -0.6340 -0.6275 -0.6339 -0.3356
1000.00 -0.4298 -0.5984 -0.6025 -0.6083 -0.6112 -0.3211
1010.00 -0.4341 -0.6574 -0.6545 -0.6543 -0.6584 -0.3328
1020.00 -0.4239 -0.6174 -0.6198 -0.6143 -0.6193 -0.3216
1030.00 -0.4098 -0.7058 -0.7043 -0.7077 -0.7056 -0.3106
1040.00 -0.4456 -0.7181 -0.7265 -0.7325 -0.7242 -0.3355
1050.00 -0.4182 -0.6232 -0.6266 -0.6228 -0.6297 -0.3110
1060.00 -0.4186 -0.5518 -0.5590 -0.5580 -0.5602 -0.3194
1070.00 -0.4447 -0.6656 -0.6738 -0.6606 -0.6785 -0.3335
1080.00 -0.3877 -0.5417 -0.5537 -0.5460 -0.5393 -0.2997
1090.00 -0.4589 -0.6473 -0.6463 -0.6497 -0.6549 -0.3450
1100.00 -0.4042 -0.6201 -0.6181 -0.6213 -0.6183 -0.3081
1110.00 -0.4393 -0.6574 -0.6617 -0.6578 -0.6541 -0.3251
1120.00 -0.4216 -0.6456 -0.6438 -0.6492 -0.6502 -0.3206
1130.00 -0.4365 -0.6962 -0.7015 -0.6936 -0.6909 -0.3261
1140.00 -0.4074 -0.6012 -0.6062 -0.6065 -0.6107 -0.3142
1150.00 -0.4078 -0.5076 -0.5054 -0.5046 -0.5069 -0.3160
1160.00 -0.4448 -0.6582 -0.6569 -0.6543 -0.6563 -0.3328
1170.00 -0.3986 -0.4715 -0.4766 -0.4751 -0.4794 -0.3021
1180.00 -0.4202 -0.5896 -0.5886 -0.5868 -0.5900 -0.3204
1190.00 -0.4430 -0.6072 -0.6112 -0.6062 -0.6127 -0.3457
1200.00 -0.4075 -0.5987 -0.5991 -0.5969 -0.6026 -0.3164
1210.00 -0.4231 -0.7528 -0.7491 -0.7564 -0.7566 -0.3133
1220.00 -0.4265 -0.7686 -0.7650 -0.7626 -0.7593 -0.3350
1230.00 -0.4011 -0.5657 -0.5611 -0.5605 -0.5619 -0.3032
1240.00 -0.4479 -0.6890 -0.6912 -0.7006 -0.6860 -0.3431
1250.00 -0.3961 -0.7832 -0.7724 -0.7774 -0.7805 -0.3095
1260.00 -0.4309 -0.6979 -0.6976 -0.7032 -0.6996 -0.3332
1270.00 -0.3912 -0.7114 -0.7095 -0.7045 -0.7069 -0.3103
1280.00 -0.4461 -0.6608 -0.6585 -0.6478 -0.6517 -0.3251
1290.00 -0.4291 -0.6104 -0.6059 -0.6070 -0.5987 -0.3255
1300.00 -0.4065 -0.6085 -0.6168 -0.6127 -0.6126 -0.3166
1310.00 -0.4237 -0.6565 -0.6577 -0.6588 -0.6522 -0.3297
1320.00 -0.4147 -0.7609 -0.7629 -0.7726 -0.7754 -0.3172
1330.00 -0.4477 -0.6979 -0.6953 -0.6926 -0.6936 -0.3427
1340.00 -0.3991 -0.6079 -0.6132 -0.6111 -0.6067 -0.3035
1350.00 -0.4233 -0.5961 -0.5917 -0.5996 -0.5976 -0.3210
1360.00 -0.4478 -0.7630 -0.7614 -0.7591 -0.7655 -0.3290
1370.00 -0.4312 -0.6082 -0.6051 -0.6047 -0.6017 -0.3287
1380.00 -0.3880 -0.6106 -0.6127 -0.6171 -0.6192 -0.3081
1390.00 -0.4298 -0.6862 -0.6927 -0.6846 -0.6909 -0.3318
1400.00 -0.4246 -0.6622 -0.6554 -0.6627 -0.6563 -0.3169
1410.00 -0.4401 -0.6755 -0.6753 -0.6833 -0.6687 -0.3278
1420.00 -0.4156 -0.6914 -0.6904 -0.6949 -0.6918 -0.3210
1430.00 -0.4196 -0.5219 -0.5172 -0.5237 -0.5228 -0.3262
1440.00 -0.4494 -0.7455 -0.7482 -0.7321 -0.7322 -0.3373
1450.00 -0.3898 -0.5006 -0.4957 -0.4961 -0.4968 -0.2983
1460.00 -0.4343 -0.6738 -0.6731 -0.6754 -0.6728 -0.3309
1470.00 -0.4569 -0.5660 -0.5655 -0.5817 -0.5694 -0.3414
1480.00 -0.3929 -0.4983 -0.4930 -0.5021 -0.4984 -0.3011
1490.00 -0.4611 -0.6522 -0.6537 -0.6485 -0.6533 -0.3413
1500.00 -0.4072 -0.6931 -0.6896 -0.6815 -0.6868 -0.3200
1510.00 -0.4329 -0.8572 -0.8605 -0.8546 -0.8595 -0.3393
1520.00 -0.3792 -0.6786 -0.6883 -0.6841 -0.6889 -0.3043
1530.00 -0.4471 -0.7120 -0.7118 -0.7181 -0.7116 -0.3382
1540.00 -0.3965 -0.5849 -0.5846 -0.5828 -0.5863 -0.3039
1550.00 -0.4221 -0.7942 -0.7934 -0.7918 -0.8031 -0.3271
1560.00 -0.4205 -0.7527 -0.7549 -0.7531 -0.7555 -0.3187
1570.00 -0.3879 -0.6078 -0.6104 -0.6106 -0.6126 -0.2917
1580.00 -0.4847 -0.7062 -0.7015 -0.7069 -0.7039 -0.3729
1590.00 -0.4115 -0.8056 -0.8088 -0.8013 -0.8003 -0.3159
1600.00 -0.4017 -0.6205 -0.6216 -0.6279 -0.6244 -0.3026
1610.00 -0.4168 -0.5236 -0.5199 -0.5222 -0.5143 -0.3204
1620.00 -0.4324 -0.7181 -0.7270 -0.7182 -0.7210 -0.3297
1630.00 -0.4671 -0.6480 -0.6545 -0.6529 -0.6448 -0.3475
1640.00 -0.3703 -0.6644 -0.6594 -0.6638 -0.6600 -0.2986
1650.00 -0.4548 -0.7844 -0.7713 -0.7779 -0.7784 -0.3485
1660.00 -0.4146 -0.6405 -0.6394 -0.6460 -0.6326 -0.3138
1670.00 -0.4065 -0.5937 -0.5921 -0.5935 -0.5970 -0.3105
1680.00 -0.4186 -0.5947 -0.6048 -0.5995 -0.5975 -0.3130
1690.00 -0.4232 -0.6178 -0.6157 -0.6161 -0.6088 -0.3119
1700.00 -0.4173 -0.6397 -0.6353 -0.6382 -0.6344 -0.3133
1710.00 -0.4491 -0.6726 -0.6721 -0.6791 -0.6702 -0.3423
1720.00 -0.3968 -0.8726 -0.8755 -0.8711 -0.8806 -0.3151
1730.00 -0.4132 -0.6052 -0.5939 -0.6030 -0.6117 -0.3119
1740.00 -0.4319 -0.6092 -0.6141 -0.6104 -0.6071 -0.3347
1750.00 -0.4254 -0.8303 -0.8290 -0.8330 -0.8250 -0.3231
1760.00 -0.4230 -0.6250 -0.6206 -0.6250 -0.6168 -0.3253
1770.00 -0.4239 -0.7356 -0.7514 -0.7545 -0.7519 -0.3192
1780.00 -0.3945 -0.7623 -0.7545 -0.7569 -0.7537 -0.3106
1790.00 -0.4112 -0.6751 -0.6734 -0.6678 -0.6723 -0.3122
1800.00 -0.4397 -0.7055 -0.7053 -0.7052 -0.7025 -0.3315
1810.00 -0.4093 -0.5902 -0.5875 -0.5836 -0.5867 -0.3091
1820.00 -0.4523 -0.5801 -0.5852 -0.5843 -0.5769 -0.3415
1830.00 -0.3952 -0.5761 -0.5821 -0.5765 -0.5817 -0.3074
1840.00 -0.4426 -0.5832 -0.5814 -0.5912 -0.5787 -0.3329
1850.00 -0.4183 -0.7626 -0.7567 -0.7525 -0.7541 -0.3282
1860.00 -0.4209 -0.7831 -0.7797 -0.7777 -0.7791 -0.3257
1870.00 -0.4259 -0.7014 -0.7078 -0.7142 -0.7110 -0.3281
1880.00 -0.4102 -0.7050 -0.7055 -0.7024 -0.7004 -0.3013
1890.00 -0.4376 -0.6126 -0.6078 -0.6131 -0.6081 -0.3328
1900.00 -0.4109 -0.6967 -0.6988 -0.7074 -0.6966 -0.3135
1910.00 -0.4300 -0.6366 -0.6301 -0.6248 -0.6319 -0.3209
1920.00 -0.4308 -0.7147 -0.7089 -0.7049 -0.7097 -0.3337
1930.00 -0.4180 -0.6973 -0.6907 -0.6983 -0.6968 -0.3150
1940.00 -0.4020 -0.6750 -0.6723 -0.6851 -0.6815 -0.3276
1950.00 -0.4511 -0.7119 -0.7283 -0.7228 -0.7168 -0.3320
1960.00 -0.4042 -0.6183 -0.6279 -0.6203 -0.6253 -0.3082
1970.00 -0.4093 -0.6787 -0.6827 -0.6772 -0.6780 -0.3151
1980.00 -0.4563 -0.9209 -0.9067 -0.9227 -0.9210 -0.3537
1990.00 -0.4181 -0.5910 -0.5901 -0.5947 -0.5993 -0.3130
2000.00 -0.4264 -0.5748 -0.5769 -0.5786 -0.5806 -0.3104
2010.00 -0.4340 -0.6388 -0.6339 -0.6392 -0.6339 -0.3208
2020.00 -0.4221 -0.5955 -0.5996 -0.5890 -0.5996 -0.3181
2030.00 -0.4396 -0.9907 -0.9922 -0.9910 -0.9893 -0.3594
2040.00 -0.3965 -0.6015 -0.5979 -0.5931 -0.5991 -0.3011
2050.00 -0.4138 -0.7858 -0.7842 -0.7812 -0.7888 -0.3192
