10.00 -0.4828 -0.4706 -0.4818 -0.4740 -0.4813 -0.3064
20.00 -0.4895 -0.4715 -0.4923 -0.4706 -0.4883 -0.3061
30.00 -0.4800 -0.4817 -0.4799 -0.4707 -0.4867 -0.3109
40.00 -0.4707 -0.4716 -0.4829 -0.4834 -0.4776 -0.3165
50.00 -0.5039 -0.4949 -0.4976 -0.4988 -0.5029 -0.3105
60.00 -0.4829 -0.4773 -0.4892 -0.4837 -0.4915 -0.3192
70.00 -0.4719 -0.4842 -0.4910 -0.4816 -0.4853 -0.3132
80.00 -0.4717 -0.4873 -0.4894 -0.4779 -0.4851 -0.3159
90.00 -0.4825 -0.4815 -0.4735 -0.4805 -0.4894 -0.3067
100.00 -0.4602 -0.4643 -0.4551 -0.4583 -0.4611 -0.3038
110.00 -0.4724 -0.4623 -0.4742 -0.4622 -0.4588 -0.3101
120.00 -0.5130 -0.5087 -0.5169 -0.5223 -0.5288 -0.3284
130.00 -0.4815 -0.4644 -0.4715 -0.4796 -0.4799 -0.3171
140.00 -0.4965 -0.4832 -0.4890 -0.4897 -0.4996 -0.3112
150.00 -0.5009 -0.4859 -0.4858 -0.4894 -0.4803 -0.3335
160.00 -0.4885 -0.4554 -0.4765 -0.4998 -0.4872 -0.2998
170.00 -0.4891 -0.4773 -0.4839 -0.4797 -0.4915 -0.3215
180.00 -0.4906 -0.4680 -0.4833 -0.4829 -0.4796 -0.3024
190.00 -0.4774 -0.4696 -0.4738 -0.4842 -0.4744 -0.3037
200.00 -0.4932 -0.4841 -0.4926 -0.5036 -0.4789 -0.3282
210.00 -0.4876 -0.4869 -0.5001 -0.4907 -0.4948 -0.3180
220.00 -0.4775 -0.4700 -0.4852 -0.4824 -0.4804 -0.3205
230.00 -0.4795 -0.4896 -0.4877 -0.4937 -0.5021 -0.3160
240.00 -0.4945 -0.4837 -0.4825 -0.4835 -0.4794 -0.3176
250.00 -0.4684 -0.4680 -0.4673 -0.4503 -0.4582 -0.3018
260.00 -0.4994 -0.5069 -0.4888 -0.4959 -0.4978 -0.3340
270.00 -0.4648 -0.4782 -0.4697 -0.4638 -0.4690 -0.3016
280.00 -0.4883 -0.4982 -0.4864 -0.4957 -0.5008 -0.3243
290.00 -0.4883 -0.4939 -0.4922 -0.4778 -0.4941 -0.3138
300.00 -0.4867 -0.4847 -0.4760 -0.4870 -0.5010 -0.3108
310.00 -0.4844 -0.4809 -0.4910 -0.4820 -0.4836 -0.3267
320.00 -0.5042 -0.4922 -0.5046 -0.5111 -0.5112 -0.3062
330.00 -0.4728 -0.4765 -0.4852 -0.4567 -0.4927 -0.3080
340.00 -0.4543 -0.4563 -0.4626 -0.4518 -0.4599 -0.3089
350.00 -0.5141 -0.5192 -0.5145 -0.4956 -0.5116 -0.3311
360.00 -0.4821 -0.4791 -0.4775 -0.4683 -0.4755 -0.3127
370.00 -0.4733 -0.4877 -0.4812 -0.4849 -0.4849 -0.3188
380.00 -0.4779 -0.4575 -0.4650 -0.4633 -0.4526 -0.3088
390.00 -0.4991 -0.4801 -0.4908 -0.4945 -0.4998 -0.3231
400.00 -0.4687 -0.4649 -0.4590 -0.4724 -0.4769 -0.3060
410.00 -0.4885 -0.4961 -0.4758 -0.4871 -0.4891 -0.3094
420.00 -0.4908 -0.4959 -0.4941 -0.5043 -0.4899 -0.3419
430.00 -0.5055 -0.4949 -0.4960 -0.5064 -0.4888 -0.3180
440.00 -0.4561 -0.4469 -0.4453 -0.4473 -0.4484 -0.2955
450.00 -0.4671 -0.4837 -0.4890 -0.4823 -0.4689 -0.3223
460.00 -0.4766 -0.4911 -0.4861 -0.4856 -0.4933 -0.3247
470.00 -0.4775 -0.4827 -0.4678 -0.4924 -0.4920 -0.3055
480.00 -0.4826 -0.4837 -0.4882 -0.4856 -0.4868 -0.3210
490.00 -0.4909 -0.4910 -0.4970 -0.4954 -0.5000 -0.3131
500.00 -0.4872 -0.4827 -0.4814 -0.4874 -0.4940 -0.3240
510.00 -0.4875 -0.6416 -0.6342 -0.6425 -0.6429 -0.3127
520.00 -0.5183 -0.8891 -0.8828 -0.8876 -0.8814 -0.3241
530.00 -0.5503 -0.9667 -0.9673 -0.9733 -0.9672 -0.3383
540.00 -0.4826 -0.8819 -0.8771 -0.8756 -0.8819 -0.2867
550.00 -0.5373 -0.9511 -0.9498 -0.9549 -0.9559 -0.3342
560.00 -0.4852 -0.9003 -0.9006 -0.9010 -0.8968 -0.2917
570.00 -0.5009 -0.9057 -0.9098 -0.8962 -0.9069 -0.3137
580.00 -0.4338 -0.6153 -0.6143 -0.6095 -0.6159 -0.3106
590.00 -0.3952 -0.4865 -0.4846 -0.4827 -0.4832 -0.2914
600.00 -0.4244 -0.5223 -0.5251 -0.5273 -0.5281 -0.3174
610.00 -0.4085 -0.4978 -0.4903 -0.4916 -0.4862 -0.3077
620.00 -0.4423 -0.5749 -0.5739 -0.5769 -0.5586 -0.3289
630.00 -0.4347 -0.5212 -0.5216 -0.5180 -0.5248 -0.3208
640.00 -0.4241 -0.4759 -0.4816 -0.4775 -0.4733 -0.3102
650.00 -0.4400 -0.5775 -0.5831 -0.5851 -0.5789 -0.3170
660.00 -0.4183 -0.5176 -0.5190 -0.5117 -0.5144 -0.3161
670.00 -0.4115 -0.5043 -0.5106 -0.5117 -0.5035 -0.3102
680.00 -0.4672 -0.5392 -0.5311 -0.5340 -0.5299 -0.3377
690.00 -0.4233 -0.4800 -0.4790 -0.4801 -0.4726 -0.3060
700.00 -0.4483 -0.5105 -0.5184 -0.5073 -0.5140 -0.3192
710.00 -0.4161 -0.5126 -0.5145 -0.5154 -0.5089 -0.3098
720.00 -0.4278 -0.5355 -0.5259 -0.5395 -0.5372 -0.3093
730.00 -0.4209 -0.5214 -0.5201 -0.5178 -0.5159 -0.3186
740.00 -0.4152 -0.5167 -0.5097 -0.5055 -0.5205 -0.3075
750.00 -0.4323 -0.5626 -0.5600 -0.5488 -0.5527 -0.3251
760.00 -0.4349 -0.5217 -0.5323 -0.5319 -0.5237 -0.3210
770.00 -0.3997 -0.5297 -0.5308 -0.5251 -0.5356 -0.3031
780.00 -0.4080 -0.5725 -0.5861 -0.5744 -0.5717 -0.3289
790.00 -0.4161 -0.5797 -0.5852 -0.5909 -0.5909 -0.3193
800.00 -0.3995 -0.6119 -0.6129 -0.6081 -0.6161 -0.3147
810.00 -0.3982 -0.6235 -0.6158 -0.6175 -0.6159 -0.3087
820.00 -0.4024 -0.6348 -0.6333 -0.6324 -0.6283 -0.3188
830.00 -0.4061 -0.5690 -0.5591 -0.5639 -0.5633 -0.3085
840.00 -0.4163 -0.6076 -0.6077 -0.6075 -0.6143 -0.3287
850.00 -0.4117 -0.5804 -0.5785 -0.5835 -0.5782 -0.3148
860.00 -0.3978 -0.5289 -0.5332 -0.5303 -0.5337 -0.3099
870.00 -0.4182 -0.5384 -0.5349 -0.5382 -0.5389 -0.3152
880.00 -0.4170 -0.5731 -0.5754 -0.5669 -0.5777 -0.3206
890.00 -0.4297 -0.5172 -0.5140 -0.5160 -0.5161 -0.3262
900.00 -0.4021 -0.6082 -0.6153 -0.6168 -0.6176 -0.3145
910.00 -0.4179 -0.6403 -0.6436 -0.6365 -0.6492 -0.3278
920.00 -0.3968 -0.5298 -0.5373 -0.5330 -0.5394 -0.3029
930.00 -0.3887 -0.5254 -0.5289 -0.5267 -0.5184 -0.3052
940.00 -0.4201 -0.6428 -0.6406 -0.6565 -0.6476 -0.3234
950.00 -0.4174 -0.6048 -0.6035 -0.6011 -0.6074 -0.3274
960.00 -0.3742 -0.4884 -0.4806 -0.4844 -0.4795 -0.2967
970.00 -0.4481 -0.6668 -0.6708 -0.6668 -0.6700 -0.3328
980.00 -0.4091 -0.4811 -0.4771 -0.4825 -0.4840 -0.3187
990.00 -0.4130 -0.6169 -0.6126 -0.6093 -0.6148 -0.3110
1000.00 -0.4133 -0.6404 -0.6385 -0.6340 -0.6330 -0.3228
1010.00 -0.3891 -0.5959 -0.6029 -0.5996 -0.6032 -0.3029
1020.00 -0.4136 -0.6172 -0.6141 -0.6150 -0.6140 -0.3269
1030.00 -0.4157 -0.6326 -0.6341 -0.6367 -0.6325 -0.3228
1040.00 -0.3921 -0.6215 -0.6217 -0.6143 -0.6275 -0.3098
1050.00 -0.3992 -0.5810 -0.5819 -0.5759 -0.5816 -0.3116
1060.00 -0.4298 -0.6412 -0.6326 -0.6385 -0.6445 -0.3303
1070.00 -0.3959 -0.5379 -0.5358 -0.5404 -0.5286 -0.3022
1080.00 -0.4218 -0.6098 -0.6090 -0.6171 -0.6138 -0.3276
1090.00 -0.4020 -0.5560 -0.5507 -0.5512 -0.5573 -0.3116
1100.00 -0.4478 -0.6435 -0.6470 -0.6448 -0.6430 -0.3428
1110.00 -0.3867 -0.5165 -0.5159 -0.5158 -0.5163 -0.2981
1120.00 -0.4039 -0.5779 -0.5807 -0.5809 -0.5695 -0.3102
1130.00 -0.3981 -0.6341 -0.6380 -0.6361 -0.6266 -0.3076
1140.00 -0.4192 -0.6720 -0.6723 -0.6734 -0.6745 -0.3236
1150.00 -0.3912 -0.5290 -0.5342 -0.5310 -0.5349 -0.3091
1160.00 -0.3954 -0.7312 -0.7281 -0.7266 -0.7246 -0.3160
1170.00 -0.4148 -0.6339 -0.6294 -0.6346 -0.6395 -0.3247
1180.00 -0.4112 -0.6363 -0.6255 -0.6242 -0.6273 -0.3173
1190.00 -0.4165 -0.5672 -0.5650 -0.5707 -0.5724 -0.3233
1200.00 -0.4023 -0.5188 -0.5340 -0.5269 -0.5318 -0.3079
1210.00 -0.4182 -0.6306 -0.6313 -0.6303 -0.6301 -0.3198
1220.00 -0.3884 -0.5353 -0.5369 -0.5311 -0.5324 -0.2987
1230.00 -0.4600 -0.6794 -0.6845 -0.6803 -0.6792 -0.3539
1240.00 -0.3674 -0.5956 -0.5842 -0.5935 -0.5873 -0.2892
1250.00 -0.4152 -0.5735 -0.5724 -0.5712 -0.5739 -0.3244
1260.00 -0.4028 -0.5593 -0.5560 -0.5491 -0.5446 -0.3127
1270.00 -0.3944 -0.5072 -0.5046 -0.5126 -0.5133 -0.3100
1280.00 -0.4169 -0.5885 -0.5872 -0.5891 -0.5897 -0.3270
1290.00 -0.4204 -0.5560 -0.5514 -0.5585 -0.5545 -0.3194
1300.00 -0.3992 -0.6952 -0.7013 -0.7030 -0.6900 -0.3258
1310.00 -0.3988 -0.6915 -0.6990 -0.6976 -0.6949 -0.3214
1320.00 -0.3805 -0.6518 -0.6422 -0.6430 -0.6378 -0.3015
1330.00 -0.4317 -0.6247 -0.6268 -0.6178 -0.6226 -0.3256
1340.00 -0.4078 -0.5732 -0.5696 -0.5719 -0.5628 -0.3133
1350.00 -0.3948 -0.5456 -0.5495 -0.5444 -0.5450 -0.3020
1360.00 -0.4307 -0.5705 -0.5594 -0.5800 -0.5682 -0.3218
1370.00 -0.4048 -0.6722 -0.6691 -0.6650 -0.6737 -0.3323
1380.00 -0.4140 -0.6871 -0.6859 -0.6788 -0.6835 -0.3093
1390.00 -0.4029 -0.5319 -0.5249 -0.5221 -0.5290 -0.3107
1400.00 -0.3974 -0.5320 -0.5340 -0.5312 -0.5374 -0.3194
1410.00 -0.4277 -0.6596 -0.6551 -0.6653 -0.6589 -0.3260
1420.00 -0.3987 -0.5310 -0.5311 -0.5333 -0.5358 -0.3147
1430.00 -0.4049 -0.6775 -0.6717 -0.6703 -0.6627 -0.3251
1440.00 -0.3999 -0.7592 -0.7502 -0.7632 -0.7638 -0.3141
1450.00 -0.4092 -0.5235 -0.5226 -0.5246 -0.5267 -0.3251
1460.00 -0.4050 -0.6251 -0.6229 -0.6274 -0.6260 -0.3171
1470.00 -0.3970 -0.5575 -0.5704 -0.5603 -0.5654 -0.3018
1480.00 -0.4109 -0.6157 -0.6146 -0.6103 -0.6127 -0.3105
1490.00 -0.4029 -0.5503 -0.5411 -0.5400 -0.5367 -0.3161
1500.00 -0.4160 -0.5523 -0.5552 -0.5580 -0.5515 -0.3249
1510.00 -0.4117 -0.6084 -0.6088 -0.6047 -0.6063 -0.3195
1520.00 -0.3955 -0.6937 -0.6971 -0.6981 -0.6895 -0.3157
1530.00 -0.4212 -0.6889 -0.6906 -0.6842 -0.6793 -0.3300
1540.00 -0.4146 -0.6882 -0.6858 -0.6925 -0.6868 -0.3274
1550.00 -0.3909 -0.6240 -0.6320 -0.6251 -0.6254 -0.3069
1560.00 -0.3772 -0.5724 -0.5744 -0.5730 -0.5689 -0.2949
1570.00 -0.4154 -0.6389 -0.6441 -0.6453 -0.6455 -0.3307
1580.00 -0.4123 -0.6351 -0.6288 -0.6256 -0.6266 -0.3132
1590.00 -0.4089 -0.4850 -0.4870 -0.4881 -0.4913 -0.3072
1600.00 -0.4275 -0.5119 -0.5055 -0.5111 -0.5130 -0.3281
1610.00 -0.4125 -0.5928 -0.5772 -0.5827 -0.5776 -0.3146
1620.00 -0.4181 -0.5813 -0.5869 -0.5803 -0.5904 -0.3365
1630.00 -0.4052 -0.6294 -0.6210 -0.6275 -0.6306 -0.3137
1640.00 -0.3766 -0.5579 -0.5600 -0.5613 -0.5611 -0.3093
1650.00 -0.4038 -0.5698 -0.5672 -0.5656 -0.5733 -0.3009
1660.00 -0.4182 -0.6312 -0.6271 -0.6221 -0.6275 -0.3320
1670.00 -0.3921 -0.6073 -0.6085 -0.6172 -0.6104 -0.3139
1680.00 -0.3922 -0.8891 -0.8895 -0.8984 -0.8892 -0.3249
1690.00 -0.3847 -0.5357 -0.5282 -0.5313 -0.5337 -0.3050
1700.00 -0.4726 -0.5941 -0.5948 -0.6027 -0.5914 -0.3470
1710.00 -0.3852 -0.6378 -0.6347 -0.6432 -0.6372 -0.3165
1720.00 -0.4074 -0.6077 -0.6004 -0.5992 -0.6080 -0.2985
1730.00 -0.3969 -0.6028 -0.5903 -0.6039 -0.5865 -0.3159
1740.00 -0.3977 -0.5375 -0.5460 -0.5452 -0.5424 -0.2989
1750.00 -0.4326 -0.5818 -0.5712 -0.5732 -0.5794 -0.3425
1760.00 -0.3969 -0.6194 -0.6236 -0.6185 -0.6228 -0.3000
1770.00 -0.4374 -0.5661 -0.5637 -0.5701 -0.5627 -0.3321
