10.00 -0.4752 -0.4623 -0.4749 -0.4731 -0.4714 -0.3045
20.00 -0.5081 -0.5195 -0.5104 -0.4972 -0.5034 -0.3288
30.00 -0.4488 -0.4633 -0.4575 -0.4643 -0.4611 -0.3032
40.00 -0.4635 -0.4791 -0.4770 -0.4873 -0.4815 -0.3136
50.00 -0.4858 -0.4847 -0.4745 -0.4797 -0.4692 -0.3054
60.00 -0.4866 -0.4930 -0.4832 -0.4794 -0.4705 -0.3152
70.00 -0.4794 -0.4812 -0.4808 -0.4796 -0.4921 -0.3089
80.00 -0.4914 -0.4836 -0.4903 -0.4917 -0.4990 -0.3108
90.00 -0.4627 -0.4530 -0.4526 -0.4604 -0.4538 -0.3228
100.00 -0.4845 -0.4810 -0.4922 -0.4841 -0.4884 -0.3075
110.00 -0.4831 -0.4754 -0.4801 -0.4834 -0.4848 -0.3231
120.00 -0.4541 -0.4699 -0.4524 -0.4653 -0.4650 -0.3043
130.00 -0.5078 -0.5137 -0.5184 -0.5028 -0.5210 -0.3309
140.00 -0.5087 -0.4999 -0.5074 -0.4943 -0.4945 -0.3107
150.00 -0.4514 -0.4462 -0.4574 -0.4541 -0.4397 -0.3116
160.00 -0.4704 -0.4833 -0.4816 -0.4704 -0.4708 -0.3187
170.00 -0.5182 -0.5328 -0.5291 -0.5223 -0.5148 -0.3222
180.00 -0.4804 -0.4820 -0.4800 -0.4592 -0.4719 -0.3145
190.00 -0.4814 -0.4974 -0.4961 -0.4826 -0.4952 -0.3147
200.00 -0.4738 -0.4848 -0.4840 -0.4780 -0.4809 -0.3171
210.00 -0.5010 -0.4980 -0.4945 -0.4976 -0.4992 -0.3235
220.00 -0.4864 -0.4835 -0.4877 -0.4769 -0.4777 -0.3107
230.00 -0.4755 -0.4835 -0.4798 -0.4874 -0.4778 -0.3113
240.00 -0.4418 -0.4654 -0.4626 -0.4775 -0.4564 -0.2937
250.00 -0.5017 -0.5047 -0.4836 -0.5069 -0.4877 -0.3247
260.00 -0.4734 -0.4820 -0.4663 -0.4820 -0.4781 -0.3168
270.00 -0.4710 -0.4645 -0.4733 -0.4723 -0.4690 -0.3036
280.00 -0.5181 -0.5053 -0.5036 -0.4933 -0.5092 -0.3223
290.00 -0.4812 -0.4980 -0.4951 -0.4891 -0.4733 -0.3087
300.00 -0.4723 -0.4697 -0.4661 -0.4738 -0.4688 -0.2949
310.00 -0.4892 -0.4975 -0.5010 -0.4859 -0.4948 -0.3225
320.00 -0.4632 -0.4558 -0.4651 -0.4578 -0.4686 -0.3009
330.00 -0.4957 -0.4791 -0.4910 -0.4795 -0.4822 -0.3216
340.00 -0.5188 -0.5133 -0.5211 -0.5183 -0.5150 -0.3267
350.00 -0.4585 -0.4513 -0.4687 -0.4431 -0.4587 -0.3025
360.00 -0.5019 -0.5060 -0.4968 -0.5002 -0.5050 -0.3386
370.00 -0.4850 -0.4777 -0.4701 -0.4733 -0.4669 -0.3159
380.00 -0.4961 -0.4851 -0.4912 -0.4779 -0.4733 -0.3088
390.00 -0.4734 -0.4748 -0.4786 -0.4743 -0.4738 -0.2956
400.00 -0.4990 -0.4972 -0.4988 -0.5019 -0.5022 -0.3374
410.00 -0.4636 -0.4632 -0.4585 -0.4623 -0.4572 -0.3051
420.00 -0.4902 -0.4961 -0.4992 -0.4917 -0.4865 -0.3138
430.00 -0.4974 -0.4878 -0.4817 -0.4781 -0.4869 -0.3176
440.00 -0.5006 -0.5077 -0.4995 -0.4923 -0.5007 -0.3434
450.00 -0.4532 -0.4601 -0.4654 -0.4566 -0.4492 -0.3077
460.00 -0.4990 -0.4896 -0.4960 -0.4933 -0.4907 -0.3140
470.00 -0.4994 -0.4927 -0.4931 -0.4985 -0.5037 -0.3303
480.00 -0.4744 -0.4739 -0.4723 -0.4807 -0.4581 -0.3167
490.00 -0.4796 -0.4897 -0.4860 -0.4862 -0.4894 -0.3172
500.00 -0.4877 -0.4876 -0.4736 -0.4829 -0.4934 -0.3077
510.00 -0.5009 -0.6161 -0.6040 -0.6154 -0.6150 -0.3202
520.00 -0.5124 -0.8054 -0.7940 -0.8011 -0.7987 -0.3147
530.00 -0.5504 -0.9108 -0.9117 -0.9205 -0.9139 -0.3427
540.00 -0.5197 -0.8390 -0.8357 -0.8404 -0.8397 -0.3187
550.00 -0.4847 -0.7600 -0.7576 -0.7610 -0.7671 -0.2945
560.00 -0.5502 -0.9505 -0.9394 -0.9504 -0.9394 -0.3292
570.00 -0.5261 -0.8844 -0.8780 -0.8786 -0.8795 -0.3158
580.00 -0.5106 -0.8571 -0.8549 -0.8552 -0.8557 -0.3178
590.00 -0.5151 -0.8841 -0.8859 -0.8892 -0.8915 -0.3101
600.00 -0.4575 -0.6099 -0.6238 -0.6123 -0.6144 -0.3207
610.00 -0.4347 -0.5361 -0.5373 -0.5418 -0.5341 -0.3154
620.00 -0.4377 -0.5226 -0.5238 -0.5263 -0.5182 -0.3232
630.00 -0.3881 -0.4736 -0.4823 -0.4831 -0.4713 -0.2866
640.00 -0.4246 -0.5147 -0.5171 -0.5202 -0.5154 -0.3195
650.00 -0.4364 -0.5095 -0.5092 -0.5052 -0.5165 -0.3238
660.00 -0.4428 -0.4912 -0.4942 -0.4955 -0.4939 -0.3021
670.00 -0.4619 -0.4797 -0.4864 -0.4746 -0.4701 -0.3210
680.00 -0.4771 -0.5276 -0.5382 -0.5264 -0.5291 -0.3349
690.00 -0.4367 -0.4655 -0.4705 -0.4648 -0.4514 -0.2970
700.00 -0.5013 -0.4931 -0.4978 -0.5125 -0.5159 -0.3250
710.00 -0.4655 -0.4717 -0.4728 -0.4645 -0.4669 -0.3021
720.00 -0.4553 -0.4682 -0.4789 -0.4715 -0.4727 -0.3029
730.00 -0.4813 -0.4848 -0.4898 -0.4895 -0.4871 -0.3022
740.00 -0.4663 -0.4849 -0.4797 -0.4726 -0.4757 -0.3142
750.00 -0.4961 -0.4828 -0.4879 -0.4968 -0.4867 -0.3297
760.00 -0.4879 -0.4903 -0.5005 -0.5109 -0.5028 -0.3157
770.00 -0.4808 -0.4811 -0.4906 -0.4783 -0.4792 -0.3104
780.00 -0.4639 -0.4592 -0.4660 -0.4602 -0.4641 -0.3182
790.00 -0.4907 -0.5177 -0.5237 -0.5157 -0.5049 -0.3115
800.00 -0.4819 -0.5040 -0.5063 -0.5051 -0.4970 -0.3208
810.00 -0.4650 -0.4624 -0.4718 -0.4673 -0.4716 -0.3166
820.00 -0.4792 -0.4824 -0.4772 -0.4841 -0.4894 -0.3150
830.00 -0.4612 -0.4748 -0.4673 -0.4584 -0.4811 -0.3054
840.00 -0.4684 -0.4886 -0.4916 -0.4910 -0.4882 -0.3139
850.00 -0.4790 -0.4940 -0.4906 -0.4927 -0.4962 -0.3303
860.00 -0.4669 -0.4775 -0.4888 -0.4954 -0.4969 -0.3057
870.00 -0.4676 -0.4746 -0.4775 -0.4815 -0.4877 -0.3172
880.00 -0.4964 -0.5119 -0.5031 -0.5150 -0.5135 -0.3322
890.00 -0.4807 -0.4993 -0.4988 -0.5049 -0.5013 -0.3288
900.00 -0.4700 -0.4764 -0.4871 -0.4912 -0.4854 -0.3069
910.00 -0.4410 -0.4486 -0.4524 -0.4559 -0.4546 -0.2942
920.00 -0.4913 -0.5066 -0.5047 -0.5010 -0.5164 -0.3183
930.00 -0.4491 -0.4342 -0.4575 -0.4558 -0.4540 -0.3020
940.00 -0.4980 -0.4824 -0.5021 -0.5007 -0.5000 -0.3184
950.00 -0.5070 -0.5036 -0.5070 -0.5099 -0.5076 -0.3291
960.00 -0.4340 -0.4281 -0.4444 -0.4386 -0.4306 -0.2888
970.00 -0.5281 -0.5245 -0.5247 -0.5288 -0.5261 -0.3483
980.00 -0.4572 -0.4545 -0.4543 -0.4692 -0.4474 -0.2966
990.00 -0.4734 -0.5098 -0.5078 -0.5118 -0.5081 -0.3325
1000.00 -0.5017 -0.5059 -0.4995 -0.5056 -0.4987 -0.3218
1010.00 -0.4386 -0.4582 -0.4559 -0.4709 -0.4568 -0.2971
1020.00 -0.4600 -0.4943 -0.4984 -0.4974 -0.5056 -0.3065
1030.00 -0.4729 -0.5016 -0.4971 -0.4993 -0.5069 -0.3306
1040.00 -0.4738 -0.5044 -0.4856 -0.4971 -0.4871 -0.3225
1050.00 -0.4544 -0.4773 -0.4826 -0.4818 -0.4696 -0.2972
1060.00 -0.4611 -0.4891 -0.4845 -0.4965 -0.4904 -0.3026
1070.00 -0.4860 -0.4910 -0.5039 -0.4880 -0.4910 -0.3256
1080.00 -0.4676 -0.5005 -0.5033 -0.5037 -0.5161 -0.3311
1090.00 -0.4754 -0.4891 -0.4981 -0.4947 -0.5003 -0.3286
1100.00 -0.4489 -0.4640 -0.4608 -0.4635 -0.4721 -0.3119
1110.00 -0.4512 -0.4665 -0.4577 -0.4572 -0.4515 -0.3026
1120.00 -0.4679 -0.4904 -0.4974 -0.4989 -0.5060 -0.3113
1130.00 -0.4597 -0.4785 -0.4753 -0.4796 -0.4786 -0.3059
1140.00 -0.4803 -0.5044 -0.4897 -0.4941 -0.4930 -0.3157
1150.00 -0.4698 -0.4724 -0.4658 -0.4666 -0.4701 -0.3118
1160.00 -0.4731 -0.4896 -0.4910 -0.4853 -0.4966 -0.3138
1170.00 -0.4944 -0.5089 -0.5022 -0.5102 -0.5030 -0.3197
1180.00 -0.4568 -0.4778 -0.4778 -0.4755 -0.4849 -0.3127
1190.00 -0.4604 -0.4619 -0.4653 -0.4717 -0.4669 -0.3208
1200.00 -0.4848 -0.4838 -0.4694 -0.4860 -0.4902 -0.3087
1210.00 -0.4727 -0.4921 -0.4849 -0.4812 -0.4970 -0.3155
1220.00 -0.5025 -0.5044 -0.5179 -0.5126 -0.5145 -0.3410
1230.00 -0.4537 -0.4509 -0.4549 -0.4473 -0.4498 -0.2914
1240.00 -0.4496 -0.4995 -0.5048 -0.4940 -0.5042 -0.3207
1250.00 -0.4709 -0.5064 -0.5229 -0.5182 -0.5174 -0.3199
1260.00 -0.4520 -0.4711 -0.4739 -0.4806 -0.4817 -0.3118
1270.00 -0.4656 -0.5175 -0.5140 -0.5204 -0.5135 -0.3235
1280.00 -0.4457 -0.4558 -0.4624 -0.4613 -0.4601 -0.3003
1290.00 -0.4933 -0.4832 -0.4989 -0.4995 -0.4966 -0.3312
1300.00 -0.4468 -0.4727 -0.4835 -0.4761 -0.4747 -0.3027
1310.00 -0.4962 -0.5103 -0.5100 -0.5042 -0.5131 -0.3152
1320.00 -0.4490 -0.4746 -0.4690 -0.4649 -0.4698 -0.3082
1330.00 -0.4847 -0.5140 -0.5160 -0.5094 -0.5133 -0.3244
1340.00 -0.4689 -0.4894 -0.4702 -0.4802 -0.4857 -0.3101
1350.00 -0.4398 -0.4881 -0.4827 -0.4856 -0.4741 -0.3062
1360.00 -0.4492 -0.4936 -0.5099 -0.5094 -0.5111 -0.3227
1370.00 -0.4784 -0.4899 -0.4918 -0.5022 -0.4996 -0.3276
1380.00 -0.4685 -0.4768 -0.4842 -0.4792 -0.4894 -0.3161
1390.00 -0.4651 -0.5062 -0.5096 -0.5189 -0.5188 -0.3163
1400.00 -0.4401 -0.4660 -0.4761 -0.4801 -0.4867 -0.3071
1410.00 -0.4642 -0.5114 -0.5061 -0.5199 -0.5214 -0.3123
1420.00 -0.4255 -0.4726 -0.4905 -0.4895 -0.4807 -0.3128
1430.00 -0.4738 -0.5169 -0.5266 -0.5234 -0.5248 -0.3280
1440.00 -0.4727 -0.4884 -0.4823 -0.4917 -0.4898 -0.3162
1450.00 -0.4397 -0.4539 -0.4560 -0.4475 -0.4486 -0.2997
1460.00 -0.4958 -0.5037 -0.5006 -0.4877 -0.5007 -0.3124
1470.00 -0.5092 -0.5005 -0.4964 -0.4950 -0.5024 -0.3172
1480.00 -0.4679 -0.4913 -0.4768 -0.4890 -0.4734 -0.3094
1490.00 -0.5013 -0.5063 -0.4990 -0.5093 -0.5111 -0.3339
1500.00 -0.4509 -0.4717 -0.4648 -0.4500 -0.4771 -0.2906
1510.00 -0.4813 -0.4913 -0.4792 -0.4808 -0.4859 -0.3246
1520.00 -0.4815 -0.4889 -0.4759 -0.4942 -0.4811 -0.3155
1530.00 -0.4999 -0.4871 -0.5024 -0.5078 -0.5088 -0.3248
1540.00 -0.4677 -0.4638 -0.4592 -0.4665 -0.4662 -0.3075
1550.00 -0.4781 -0.4891 -0.4935 -0.4791 -0.4745 -0.3136
1560.00 -0.4772 -0.4802 -0.4802 -0.4836 -0.4771 -0.3251
1570.00 -0.4636 -0.4650 -0.4814 -0.4624 -0.4792 -0.2999
1580.00 -0.4904 -0.4835 -0.5003 -0.4962 -0.4900 -0.3176
1590.00 -0.4916 -0.4994 -0.4930 -0.4996 -0.4926 -0.3304
1600.00 -0.4803 -0.4834 -0.4801 -0.4700 -0.4686 -0.3174
1610.00 -0.4976 -0.5015 -0.4909 -0.4974 -0.4843 -0.3174
1620.00 -0.4239 -0.4617 -0.4558 -0.4643 -0.4651 -0.3039
1630.00 -0.4532 -0.5013 -0.4933 -0.5026 -0.4883 -0.3156
1640.00 -0.4658 -0.4856 -0.4854 -0.4805 -0.4939 -0.3133
1650.00 -0.4709 -0.4880 -0.4955 -0.4913 -0.4912 -0.3167
1660.00 -0.4828 -0.4910 -0.5042 -0.4895 -0.4946 -0.3328
1670.00 -0.4372 -0.4634 -0.4704 -0.4804 -0.4718 -0.2977
1680.00 -0.4934 -0.5425 -0.5384 -0.5443 -0.5382 -0.3511
1690.00 -0.4096 -0.4395 -0.4479 -0.4484 -0.4417 -0.2909
1700.00 -0.4700 -0.5386 -0.5407 -0.5405 -0.5300 -0.3272
1710.00 -0.4619 -0.5021 -0.5082 -0.5166 -0.5046 -0.3146
1720.00 -0.4311 -0.4810 -0.4841 -0.4832 -0.4891 -0.3114
1730.00 -0.4398 -0.4892 -0.4702 -0.4808 -0.4868 -0.3181
1740.00 -0.4340 -0.5190 -0.5076 -0.5106 -0.5166 -0.3150
1750.00 -0.4290 -0.5400 -0.5386 -0.5269 -0.5369 -0.3220
1760.00 -0.3929 -0.5339 -0.5374 -0.5351 -0.5370 -0.2978
1770.00 -0.4250 -0.5940 -0.5989 -0.5950 -0.5940 -0.3351
1780.00 -0.4037 -0.6156 -0.6218 -0.6079 -0.6148 -0.3167
1790.00 -0.4019 -0.6068 -0.6168 -0.6183 -0.6116 -0.3231
1800.00 -0.3902 -0.6536 -0.6557 -0.6645 -0.6659 -0.3060
1810.00 -0.4318 -0.6108 -0.6189 -0.6123 -0.6182 -0.3351
1820.00 -0.4093 -0.5942 -0.6023 -0.5935 -0.6007 -0.3084
1830.00 -0.3927 -0.5264 -0.5188 -0.5229 -0.5270 -0.3139
1840.00 -0.4205 -0.5754 -0.5771 -0.5806 -0.5832 -0.3161
1850.00 -0.3984 -0.4739 -0.4745 -0.4781 -0.4757 -0.3114
1860.00 -0.4259 -0.6348 -0.6336 -0.6410 -0.6348 -0.3359
1870.00 -0.3912 -0.6201 -0.6199 -0.6174 -0.6175 -0.3079
1880.00 -0.4345 -0.5696 -0.5647 -0.5640 -0.5598 -0.3298
1890.00 -0.4024 -0.5975 -0.6007 -0.5996 -0.6050 -0.3111
1900.00 -0.4142 -0.5554 -0.5567 -0.5554 -0.5540 -0.3198
1910.00 -0.3901 -0.5846 -0.5799 -0.5856 -0.5901 -0.3009
1920.00 -0.4449 -0.6298 -0.6185 -0.6225 -0.6185 -0.3469
1930.00 -0.3950 -0.5189 -0.5100 -0.5230 -0.5232 -0.3083
1940.00 -0.4205 -0.5427 -0.5420 -0.5401 -0.5409 -0.3259
1950.00 -0.4107 -0.5216 -0.5276 -0.5244 -0.5279 -0.3071
1960.00 -0.4146 -0.5433 -0.5406 -0.5453 -0.5454 -0.3151
1970.00 -0.4071 -0.5723 -0.5749 -0.5837 -0.5859 -0.3097
1980.00 -0.4011 -0.5613 -0.5618 -0.5640 -0.5648 -0.3114
1990.00 -0.4362 -0.6374 -0.6297 -0.6355 -0.6370 -0.3334
2000.00 -0.4106 -0.5653 -0.5735 -0.5693 -0.5768 -0.3075
2010.00 -0.4062 -0.5540 -0.5544 -0.5591 -0.5419 -0.3162
2020.00 -0.4190 -0.5090 -0.5133 -0.5117 -0.5167 -0.3150
2030.00 -0.4152 -0.5284 -0.5321 -0.5334 -0.5265 -0.3189
2040.00 -0.4153 -0.5359 -0.5390 -0.5383 -0.5441 -0.3245
2050.00 -0.4163 -0.6063 -0.6012 -0.5996 -0.5957 -0.3143
2060.00 -0.4081 -0.5068 -0.5054 -0.5067 -0.5091 -0.3073
2070.00 -0.3969 -0.5509 -0.5547 -0.5466 -0.5518 -0.3061
2080.00 -0.4264 -0.6138 -0.6015 -0.6134 -0.6089 -0.3229
2090.00 -0.4060 -0.7260 -0.7196 -0.7231 -0.7233 -0.3239
