10.00 -0.4645 -0.4540 -0.4510 -0.4472 -0.4672 -0.2996
20.00 -0.4955 -0.4900 -0.4790 -0.4950 -0.5028 -0.3196
30.00 -0.4741 -0.4739 -0.4559 -0.4701 -0.4629 -0.2966
40.00 -0.5054 -0.5322 -0.5304 -0.5192 -0.5385 -0.3299
50.00 -0.4959 -0.4991 -0.4807 -0.4983 -0.4970 -0.3162
60.00 -0.4505 -0.4702 -0.4525 -0.4645 -0.4617 -0.2946
70.00 -0.4839 -0.4931 -0.4826 -0.4821 -0.4813 -0.3090
80.00 -0.5339 -0.5403 -0.5513 -0.5320 -0.5381 -0.3464
90.00 -0.4778 -0.4728 -0.4775 -0.4851 -0.4832 -0.2996
100.00 -0.4645 -0.4824 -0.4817 -0.4817 -0.4615 -0.3135
110.00 -0.4821 -0.4680 -0.4839 -0.4773 -0.4683 -0.3095
120.00 -0.4940 -0.5028 -0.4974 -0.4924 -0.5059 -0.3314
130.00 -0.4972 -0.5173 -0.5069 -0.5138 -0.5187 -0.3096
140.00 -0.4576 -0.4775 -0.4684 -0.4692 -0.4458 -0.2974
150.00 -0.5008 -0.5103 -0.4935 -0.4916 -0.4939 -0.3245
160.00 -0.4806 -0.4899 -0.4849 -0.4861 -0.4902 -0.3239
170.00 -0.5339 -0.5351 -0.5284 -0.5278 -0.5177 -0.3345
180.00 -0.4557 -0.4511 -0.4588 -0.4562 -0.4335 -0.2890
190.00 -0.5126 -0.5121 -0.5100 -0.5124 -0.5039 -0.3405
200.00 -0.4562 -0.4625 -0.4622 -0.4651 -0.4549 -0.3073
210.00 -0.4855 -0.4877 -0.4931 -0.4813 -0.4874 -0.3153
220.00 -0.4846 -0.4843 -0.4876 -0.4963 -0.4637 -0.3156
230.00 -0.4994 -0.5070 -0.5178 -0.5102 -0.5012 -0.3311
240.00 -0.4892 -0.4961 -0.4877 -0.5016 -0.4816 -0.3110
250.00 -0.5071 -0.5177 -0.5146 -0.5070 -0.4862 -0.3154
260.00 -0.4783 -0.4728 -0.4742 -0.4704 -0.4717 -0.3176
270.00 -0.5059 -0.5120 -0.4902 -0.5245 -0.5073 -0.3216
280.00 -0.4618 -0.4686 -0.4606 -0.4613 -0.4616 -0.3059
290.00 -0.4859 -0.4909 -0.4716 -0.5033 -0.4979 -0.3073
300.00 -0.4922 -0.4870 -0.4695 -0.4923 -0.4959 -0.3221
310.00 -0.5188 -0.5242 -0.5127 -0.5172 -0.5152 -0.3265
320.00 -0.4900 -0.4785 -0.4842 -0.4937 -0.4850 -0.3198
330.00 -0.4869 -0.4700 -0.4735 -0.4807 -0.4755 -0.3003
340.00 -0.4956 -0.4930 -0.4910 -0.5084 -0.4945 -0.3252
350.00 -0.4664 -0.4659 -0.4696 -0.4660 -0.4786 -0.2961
360.00 -0.5024 -0.5033 -0.5053 -0.5024 -0.5090 -0.3271
370.00 -0.4919 -0.4928 -0.4897 -0.4888 -0.4968 -0.3151
380.00 -0.4925 -0.4789 -0.4882 -0.4865 -0.4893 -0.3238
390.00 -0.4694 -0.4638 -0.4519 -0.4675 -0.4604 -0.2892
400.00 -0.5174 -0.5155 -0.5085 -0.5120 -0.5164 -0.3398
410.00 -0.4832 -0.4755 -0.4855 -0.4923 -0.4891 -0.3159
420.00 -0.4751 -0.4968 -0.4966 -0.5014 -0.5057 -0.3117
430.00 -0.5040 -0.5032 -0.5049 -0.5078 -0.5097 -0.3147
440.00 -0.4603 -0.4688 -0.4647 -0.4771 -0.4654 -0.3133
450.00 -0.4893 -0.4783 -0.4953 -0.4910 -0.4979 -0.3221
460.00 -0.5006 -0.4892 -0.5013 -0.4843 -0.4899 -0.3282
470.00 -0.4538 -0.4716 -0.4747 -0.4528 -0.4709 -0.3051
480.00 -0.5203 -0.4946 -0.5210 -0.5080 -0.5268 -0.3249
490.00 -0.4594 -0.4647 -0.4659 -0.4479 -0.4654 -0.3008
500.00 -0.5178 -0.5124 -0.5092 -0.5206 -0.5147 -0.3381
510.00 -0.4978 -0.5912 -0.6031 -0.5948 -0.5979 -0.3177
520.00 -0.5728 -0.9153 -0.9083 -0.9152 -0.9108 -0.3390
530.00 -0.5239 -0.8059 -0.8016 -0.7957 -0.8018 -0.3308
540.00 -0.4276 -0.5689 -0.5688 -0.5725 -0.5744 -0.2918
550.00 -0.4373 -0.5003 -0.4957 -0.4946 -0.4969 -0.3260
560.00 -0.4527 -0.5996 -0.6040 -0.6007 -0.5983 -0.3299
570.00 -0.4410 -0.5375 -0.5368 -0.5377 -0.5380 -0.3203
580.00 -0.4123 -0.4825 -0.4837 -0.4732 -0.4825 -0.3002
590.00 -0.4717 -0.5490 -0.5507 -0.5468 -0.5456 -0.3331
600.00 -0.4297 -0.5128 -0.5221 -0.5127 -0.5120 -0.3076
610.00 -0.4508 -0.5016 -0.5046 -0.5004 -0.5055 -0.3253
620.00 -0.4460 -0.5134 -0.5015 -0.4997 -0.5058 -0.3081
630.00 -0.4214 -0.5087 -0.5054 -0.5156 -0.5135 -0.3094
640.00 -0.4899 -0.5114 -0.5272 -0.5234 -0.5202 -0.3370
650.00 -0.4447 -0.4573 -0.4509 -0.4496 -0.4487 -0.3041
660.00 -0.4793 -0.4946 -0.5046 -0.4828 -0.5032 -0.3168
670.00 -0.4655 -0.4854 -0.4998 -0.4968 -0.5039 -0.3102
680.00 -0.4439 -0.5192 -0.5188 -0.5156 -0.5187 -0.3148
690.00 -0.4702 -0.4857 -0.4900 -0.4793 -0.4807 -0.3131
700.00 -0.4687 -0.5056 -0.5066 -0.5091 -0.5096 -0.3264
710.00 -0.4735 -0.4859 -0.4795 -0.4948 -0.4896 -0.3080
720.00 -0.5088 -0.5186 -0.5149 -0.5204 -0.5196 -0.3312
730.00 -0.4790 -0.4912 -0.4782 -0.4793 -0.4756 -0.3022
740.00 -0.5041 -0.5134 -0.5227 -0.5117 -0.5026 -0.3209
750.00 -0.4831 -0.5019 -0.5089 -0.4935 -0.4990 -0.3261
760.00 -0.4836 -0.4787 -0.4812 -0.4742 -0.4734 -0.3108
770.00 -0.4886 -0.5001 -0.5050 -0.4932 -0.5099 -0.3256
780.00 -0.4784 -0.4912 -0.4901 -0.5041 -0.4862 -0.3053
790.00 -0.4636 -0.4682 -0.4691 -0.4737 -0.4704 -0.3099
800.00 -0.4927 -0.5021 -0.5024 -0.5042 -0.5003 -0.3296
810.00 -0.4636 -0.4751 -0.4780 -0.4744 -0.4684 -0.3235
820.00 -0.5075 -0.5125 -0.5119 -0.5180 -0.4967 -0.3175
830.00 -0.4808 -0.4957 -0.4902 -0.5022 -0.4879 -0.3260
840.00 -0.4884 -0.5078 -0.5085 -0.5006 -0.4811 -0.3118
850.00 -0.4796 -0.4810 -0.4846 -0.4814 -0.4770 -0.3163
860.00 -0.5070 -0.4947 -0.5109 -0.5081 -0.5080 -0.3317
870.00 -0.4990 -0.5088 -0.5008 -0.4963 -0.5073 -0.3191
880.00 -0.4437 -0.4789 -0.4737 -0.4685 -0.4762 -0.3033
890.00 -0.4814 -0.4940 -0.4947 -0.4695 -0.4880 -0.3087
900.00 -0.4776 -0.4885 -0.4789 -0.4825 -0.4840 -0.3211
910.00 -0.5061 -0.5166 -0.5124 -0.5092 -0.5241 -0.3300
920.00 -0.4726 -0.4831 -0.4729 -0.4866 -0.4912 -0.3065
930.00 -0.4803 -0.4924 -0.4964 -0.4757 -0.5017 -0.3197
940.00 -0.4551 -0.4880 -0.4793 -0.4733 -0.4822 -0.3145
950.00 -0.5100 -0.5028 -0.5196 -0.5041 -0.5125 -0.3184
960.00 -0.4581 -0.4731 -0.4575 -0.4641 -0.4614 -0.3097
970.00 -0.4890 -0.4973 -0.4788 -0.4878 -0.4890 -0.3224
980.00 -0.4683 -0.4943 -0.4790 -0.4862 -0.4950 -0.3125
990.00 -0.4986 -0.5117 -0.5121 -0.5121 -0.5057 -0.3348
1000.00 -0.4775 -0.4769 -0.4773 -0.4846 -0.4801 -0.3259
1010.00 -0.5075 -0.5223 -0.5063 -0.5291 -0.5241 -0.3306
1020.00 -0.4460 -0.4638 -0.4420 -0.4649 -0.4649 -0.2942
1030.00 -0.4953 -0.5222 -0.5038 -0.5229 -0.5289 -0.3267
1040.00 -0.4695 -0.4797 -0.4755 -0.4805 -0.4712 -0.3094
1050.00 -0.5156 -0.5160 -0.5064 -0.4994 -0.5115 -0.3212
1060.00 -0.4838 -0.4904 -0.4835 -0.4728 -0.4851 -0.3275
1070.00 -0.4686 -0.4742 -0.4615 -0.4678 -0.4785 -0.3077
1080.00 -0.4783 -0.4921 -0.4860 -0.4914 -0.4921 -0.3093
1090.00 -0.5092 -0.5159 -0.5063 -0.5070 -0.5080 -0.3339
1100.00 -0.4664 -0.4690 -0.4757 -0.4675 -0.4710 -0.3093
1110.00 -0.4989 -0.5103 -0.4987 -0.4906 -0.5050 -0.3271
1120.00 -0.4599 -0.4680 -0.4651 -0.4661 -0.4713 -0.2994
1130.00 -0.5296 -0.5301 -0.5240 -0.5277 -0.5279 -0.3303
1140.00 -0.4802 -0.5047 -0.4998 -0.4954 -0.5034 -0.3286
1150.00 -0.4547 -0.4447 -0.4495 -0.4453 -0.4553 -0.3002
1160.00 -0.4949 -0.5039 -0.4885 -0.4856 -0.5037 -0.3004
1170.00 -0.4769 -0.4981 -0.4939 -0.4939 -0.4998 -0.3211
1180.00 -0.4652 -0.4965 -0.4902 -0.4854 -0.5076 -0.3216
1190.00 -0.4888 -0.5163 -0.5306 -0.5208 -0.5157 -0.3216
1200.00 -0.4432 -0.4697 -0.4712 -0.4650 -0.4809 -0.2997
1210.00 -0.4764 -0.5308 -0.5256 -0.5194 -0.5261 -0.3232
1220.00 -0.4871 -0.5188 -0.5122 -0.5129 -0.5248 -0.3207
1230.00 -0.4634 -0.4862 -0.4965 -0.4930 -0.4944 -0.3182
1240.00 -0.4716 -0.4959 -0.5076 -0.4983 -0.5049 -0.3304
1250.00 -0.4948 -0.5233 -0.5240 -0.5097 -0.5287 -0.3232
1260.00 -0.4536 -0.4905 -0.5026 -0.4887 -0.4892 -0.3104
1270.00 -0.5004 -0.5242 -0.5089 -0.5088 -0.5278 -0.3451
1280.00 -0.4418 -0.4512 -0.4562 -0.4553 -0.4636 -0.2927
1290.00 -0.4807 -0.4907 -0.4775 -0.4805 -0.4866 -0.3236
1300.00 -0.4648 -0.4991 -0.4950 -0.4910 -0.5026 -0.3088
1310.00 -0.5109 -0.5261 -0.5245 -0.5234 -0.5344 -0.3314
1320.00 -0.4753 -0.4763 -0.4658 -0.4669 -0.4863 -0.3081
1330.00 -0.4903 -0.4766 -0.4592 -0.4852 -0.4817 -0.3135
1340.00 -0.5009 -0.5040 -0.4904 -0.5022 -0.5076 -0.3141
1350.00 -0.4549 -0.4850 -0.4725 -0.4895 -0.4831 -0.3187
1360.00 -0.4823 -0.4798 -0.4823 -0.4816 -0.4770 -0.3278
1370.00 -0.4806 -0.4795 -0.4715 -0.4715 -0.4813 -0.3173
1380.00 -0.5226 -0.5301 -0.4892 -0.5234 -0.5200 -0.3210
1390.00 -0.5073 -0.5104 -0.4926 -0.4974 -0.4974 -0.3161
1400.00 -0.4823 -0.4823 -0.4664 -0.4852 -0.4703 -0.3160
1410.00 -0.4901 -0.4882 -0.4794 -0.4731 -0.4788 -0.3305
1420.00 -0.4721 -0.4630 -0.4790 -0.4790 -0.4836 -0.3101
1430.00 -0.4849 -0.4845 -0.5018 -0.4955 -0.4878 -0.3239
1440.00 -0.4937 -0.5057 -0.5058 -0.5026 -0.5064 -0.3143
1450.00 -0.4852 -0.4967 -0.4953 -0.4985 -0.5012 -0.3242
1460.00 -0.4492 -0.4891 -0.4772 -0.4859 -0.4920 -0.3065
1470.00 -0.5060 -0.5159 -0.5021 -0.5013 -0.5130 -0.3292
1480.00 -0.4964 -0.5028 -0.5013 -0.5002 -0.5078 -0.3207
1490.00 -0.4559 -0.4882 -0.4910 -0.4850 -0.4810 -0.3053
1500.00 -0.4987 -0.4891 -0.4863 -0.4830 -0.4932 -0.3110
1510.00 -0.4598 -0.4668 -0.4702 -0.4554 -0.4638 -0.3228
1520.00 -0.5386 -0.5367 -0.5408 -0.5206 -0.5434 -0.3454
1530.00 -0.4781 -0.4933 -0.4937 -0.4869 -0.4875 -0.3078
1540.00 -0.5034 -0.4757 -0.4962 -0.4968 -0.4949 -0.3129
1550.00 -0.4509 -0.4507 -0.4567 -0.4336 -0.4471 -0.3002
1560.00 -0.5133 -0.5074 -0.4977 -0.4976 -0.5111 -0.3191
1570.00 -0.4702 -0.4768 -0.4820 -0.4852 -0.4727 -0.3063
1580.00 -0.4688 -0.4898 -0.4879 -0.4901 -0.4859 -0.3202
1590.00 -0.4926 -0.4966 -0.5050 -0.4986 -0.4795 -0.3238
1600.00 -0.4938 -0.5046 -0.5071 -0.5078 -0.5002 -0.3315
1610.00 -0.4882 -0.4890 -0.4912 -0.4799 -0.5019 -0.3046
1620.00 -0.4962 -0.4707 -0.4869 -0.4902 -0.4819 -0.3314
1630.00 -0.5079 -0.5142 -0.5005 -0.5013 -0.5202 -0.3196
1640.00 -0.4866 -0.4825 -0.4834 -0.4884 -0.4872 -0.3138
1650.00 -0.4930 -0.5046 -0.5019 -0.5083 -0.5100 -0.3168
1660.00 -0.4615 -0.4622 -0.4650 -0.4651 -0.4663 -0.2957
1670.00 -0.4781 -0.4743 -0.4753 -0.4735 -0.4858 -0.3253
1680.00 -0.5142 -0.5102 -0.5040 -0.4997 -0.5181 -0.3235
1690.00 -0.4729 -0.4583 -0.4772 -0.4611 -0.4704 -0.3204
1700.00 -0.4983 -0.4970 -0.4981 -0.4937 -0.4852 -0.3130
1710.00 -0.5054 -0.5035 -0.5155 -0.4951 -0.5002 -0.3355
1720.00 -0.4815 -0.4914 -0.4928 -0.4866 -0.4814 -0.3020
1730.00 -0.4711 -0.5022 -0.5151 -0.5099 -0.4988 -0.3448
1740.00 -0.4741 -0.4992 -0.4912 -0.4895 -0.4823 -0.3057
1750.00 -0.4780 -0.5189 -0.5024 -0.5185 -0.5150 -0.3174
1760.00 -0.4794 -0.4869 -0.4846 -0.4800 -0.4884 -0.3372
1770.00 -0.4700 -0.4691 -0.4785 -0.4638 -0.4729 -0.3103
1780.00 -0.4857 -0.5125 -0.5063 -0.5126 -0.5046 -0.3070
1790.00 -0.4880 -0.4971 -0.4998 -0.4955 -0.4687 -0.3238
1800.00 -0.4801 -0.4708 -0.4661 -0.4837 -0.4651 -0.2992
1810.00 -0.5125 -0.5312 -0.5257 -0.5285 -0.5274 -0.3423
1820.00 -0.4636 -0.4665 -0.4698 -0.4634 -0.4637 -0.2881
1830.00 -0.5103 -0.5139 -0.5035 -0.5096 -0.5104 -0.3397
1840.00 -0.4508 -0.4509 -0.4605 -0.4658 -0.4504 -0.2898
1850.00 -0.4971 -0.4896 -0.5043 -0.4961 -0.5050 -0.3248
1860.00 -0.4944 -0.5002 -0.5070 -0.5173 -0.5022 -0.3302
1870.00 -0.4956 -0.4888 -0.4944 -0.4941 -0.4943 -0.3183
1880.00 -0.4499 -0.4536 -0.4553 -0.4638 -0.4653 -0.3069
1890.00 -0.4877 -0.5002 -0.4953 -0.4868 -0.4815 -0.3206
1900.00 -0.4870 -0.4699 -0.4795 -0.4789 -0.4813 -0.3156
1910.00 -0.4850 -0.5019 -0.5013 -0.5004 -0.5026 -0.3318
1920.00 -0.4823 -0.4883 -0.4814 -0.4924 -0.4999 -0.3106
1930.00 -0.5169 -0.5002 -0.5184 -0.5035 -0.5031 -0.3321
1940.00 -0.5042 -0.5088 -0.5259 -0.5082 -0.5031 -0.3247
1950.00 -0.4721 -0.4903 -0.4896 -0.4855 -0.4818 -0.3190
1960.00 -0.4874 -0.4888 -0.4884 -0.4749 -0.4775 -0.3182
1970.00 -0.4752 -0.4827 -0.4878 -0.4652 -0.4864 -0.3118
1980.00 -0.4762 -0.4820 -0.4696 -0.4801 -0.4690 -0.3146
1990.00 -0.4862 -0.5116 -0.5007 -0.5029 -0.5070 -0.3274
2000.00 -0.5122 -0.4989 -0.5130 -0.5043 -0.5153 -0.3285
2010.00 -0.4771 -0.4795 -0.4860 -0.4996 -0.4800 -0.3123
2020.00 -0.5030 -0.5157 -0.5128 -0.5004 -0.4956 -0.3281
2030.00 -0.4765 -0.4692 -0.4778 -0.4741 -0.4794 -0.3113
