10.00 -0.5004 -0.5053 -0.4859 -0.4940 -0.4873 -0.3108
20.00 -0.4419 -0.4396 -0.4421 -0.4444 -0.4478 -0.2911
30.00 -0.5005 -0.5004 -0.4945 -0.4986 -0.4947 -0.3244
40.00 -0.4774 -0.4799 -0.4895 -0.4781 -0.4827 -0.3053
50.00 -0.4744 -0.4848 -0.4831 -0.4918 -0.4648 -0.3146
60.00 -0.4571 -0.4696 -0.4582 -0.4641 -0.4650 -0.3046
70.00 -0.4924 -0.5038 -0.4968 -0.4965 -0.5065 -0.3252
80.00 -0.4876 -0.4900 -0.4877 -0.4840 -0.4821 -0.3137
90.00 -0.4879 -0.4899 -0.4754 -0.4950 -0.4730 -0.3305
100.00 -0.5047 -0.4923 -0.5043 -0.5071 -0.5032 -0.3048
110.00 -0.4786 -0.4839 -0.4835 -0.4820 -0.4726 -0.3197
120.00 -0.4488 -0.4620 -0.4589 -0.4612 -0.4675 -0.2971
130.00 -0.5099 -0.5213 -0.5134 -0.4944 -0.5036 -0.3294
140.00 -0.4826 -0.4755 -0.4565 -0.4590 -0.4664 -0.3094
150.00 -0.4773 -0.4716 -0.4743 -0.4818 -0.4701 -0.3061
160.00 -0.4864 -0.4998 -0.4921 -0.4997 -0.4866 -0.3267
170.00 -0.4711 -0.4696 -0.4618 -0.4700 -0.4672 -0.3039
180.00 -0.4856 -0.4944 -0.4970 -0.4924 -0.5013 -0.3348
190.00 -0.4757 -0.4836 -0.4737 -0.4885 -0.4854 -0.2993
200.00 -0.5076 -0.5165 -0.5075 -0.5088 -0.5162 -0.3398
210.00 -0.4530 -0.4742 -0.4670 -0.4618 -0.4722 -0.2995
220.00 -0.4638 -0.4784 -0.4682 -0.4725 -0.4790 -0.3123
230.00 -0.4864 -0.4941 -0.4827 -0.4889 -0.4930 -0.3134
240.00 -0.4375 -0.4582 -0.4471 -0.4618 -0.4537 -0.2863
250.00 -0.5018 -0.5051 -0.4901 -0.5012 -0.5122 -0.3394
260.00 -0.5063 -0.4847 -0.4925 -0.4959 -0.4936 -0.3149
270.00 -0.4727 -0.4702 -0.4654 -0.4748 -0.4649 -0.3185
280.00 -0.4748 -0.4787 -0.4864 -0.4730 -0.4699 -0.3087
290.00 -0.4743 -0.4682 -0.4712 -0.4601 -0.4679 -0.3126
300.00 -0.5068 -0.4907 -0.4886 -0.4972 -0.4874 -0.3109
310.00 -0.4898 -0.4985 -0.4933 -0.4940 -0.4832 -0.3125
320.00 -0.4930 -0.4997 -0.5006 -0.5047 -0.5006 -0.3263
330.00 -0.4835 -0.4792 -0.4776 -0.4798 -0.4843 -0.3165
340.00 -0.4753 -0.4952 -0.4766 -0.4815 -0.4881 -0.3107
350.00 -0.4749 -0.4784 -0.4714 -0.4893 -0.4678 -0.2971
360.00 -0.4942 -0.4993 -0.4820 -0.4885 -0.5020 -0.3313
370.00 -0.4844 -0.4674 -0.4689 -0.4860 -0.4745 -0.3115
380.00 -0.4452 -0.4572 -0.4508 -0.4574 -0.4446 -0.2923
390.00 -0.4818 -0.4926 -0.4760 -0.4846 -0.4928 -0.3220
400.00 -0.5170 -0.5181 -0.5160 -0.5221 -0.5108 -0.3350
410.00 -0.5091 -0.5105 -0.4988 -0.5047 -0.5033 -0.3355
420.00 -0.4432 -0.4449 -0.4317 -0.4413 -0.4399 -0.2978
430.00 -0.5023 -0.5040 -0.4841 -0.4990 -0.4991 -0.3200
440.00 -0.4662 -0.4697 -0.4709 -0.4620 -0.4709 -0.2957
450.00 -0.4964 -0.4972 -0.4901 -0.5013 -0.4971 -0.3191
460.00 -0.4682 -0.4669 -0.4608 -0.4488 -0.4623 -0.2929
470.00 -0.5017 -0.5080 -0.5012 -0.4992 -0.4989 -0.3296
480.00 -0.4983 -0.4915 -0.4888 -0.4848 -0.5010 -0.3275
490.00 -0.4649 -0.4450 -0.4581 -0.4617 -0.4625 -0.2981
500.00 -0.4733 -0.4650 -0.4720 -0.4800 -0.4752 -0.3085
510.00 -0.5263 -0.6269 -0.6233 -0.6276 -0.6271 -0.3430
520.00 -0.5601 -0.8462 -0.8514 -0.8534 -0.8590 -0.3461
530.00 -0.4781 -0.8228 -0.8270 -0.8114 -0.8149 -0.2864
540.00 -0.5397 -0.8093 -0.8058 -0.8250 -0.8193 -0.3305
550.00 -0.5234 -0.8551 -0.8732 -0.8605 -0.8722 -0.3172
560.00 -0.5397 -0.9192 -0.9239 -0.9238 -0.9364 -0.3250
570.00 -0.4989 -0.8449 -0.8409 -0.8468 -0.8504 -0.3085
580.00 -0.5369 -0.8459 -0.8413 -0.8426 -0.8426 -0.3207
590.00 -0.5172 -0.8804 -0.8846 -0.8824 -0.8743 -0.3186
600.00 -0.4726 -0.6920 -0.6870 -0.6855 -0.6885 -0.3211
610.00 -0.4400 -0.5323 -0.5339 -0.5335 -0.5294 -0.3116
620.00 -0.4103 -0.4949 -0.4901 -0.4926 -0.4960 -0.3059
630.00 -0.4060 -0.4881 -0.5035 -0.4970 -0.4879 -0.3043
640.00 -0.4250 -0.5266 -0.5280 -0.5323 -0.5283 -0.3172
650.00 -0.4349 -0.5075 -0.5099 -0.5206 -0.5026 -0.3332
660.00 -0.4194 -0.4889 -0.4857 -0.4809 -0.4932 -0.3052
670.00 -0.4584 -0.5116 -0.5015 -0.4990 -0.5009 -0.3150
680.00 -0.4522 -0.4962 -0.4928 -0.4949 -0.5023 -0.3038
690.00 -0.4544 -0.4623 -0.4651 -0.4729 -0.4669 -0.3065
700.00 -0.4989 -0.5112 -0.5100 -0.5088 -0.5062 -0.3350
710.00 -0.4489 -0.4750 -0.4839 -0.4713 -0.4799 -0.3014
720.00 -0.4737 -0.5048 -0.4987 -0.4970 -0.4999 -0.3216
730.00 -0.4468 -0.4747 -0.4661 -0.4774 -0.4735 -0.3174
740.00 -0.4741 -0.4807 -0.4803 -0.4824 -0.4783 -0.3103
750.00 -0.4949 -0.5159 -0.5042 -0.5152 -0.5068 -0.3233
760.00 -0.4953 -0.4975 -0.5060 -0.4791 -0.4992 -0.3226
770.00 -0.4602 -0.4694 -0.4701 -0.4651 -0.4713 -0.3036
780.00 -0.4762 -0.4942 -0.4973 -0.4879 -0.4860 -0.3196
790.00 -0.4656 -0.4730 -0.4784 -0.4701 -0.4653 -0.3127
800.00 -0.4918 -0.5118 -0.4967 -0.5087 -0.4879 -0.3222
810.00 -0.5062 -0.5044 -0.5180 -0.5055 -0.5153 -0.3320
820.00 -0.4609 -0.4553 -0.4572 -0.4610 -0.4549 -0.2983
830.00 -0.4732 -0.4779 -0.4740 -0.4753 -0.4760 -0.3089
840.00 -0.4633 -0.4790 -0.4773 -0.4811 -0.4695 -0.3120
850.00 -0.5003 -0.5001 -0.5168 -0.5054 -0.5218 -0.3311
860.00 -0.4824 -0.4733 -0.4766 -0.4819 -0.4814 -0.3149
870.00 -0.4893 -0.4941 -0.5088 -0.5028 -0.4986 -0.3203
880.00 -0.4724 -0.4922 -0.4832 -0.4931 -0.4841 -0.3074
890.00 -0.4782 -0.4624 -0.4716 -0.4757 -0.4761 -0.3184
900.00 -0.5025 -0.4977 -0.4976 -0.5116 -0.5065 -0.3187
910.00 -0.4808 -0.4811 -0.4729 -0.4832 -0.4835 -0.3259
920.00 -0.4900 -0.4883 -0.4877 -0.4820 -0.4869 -0.3171
930.00 -0.4794 -0.4702 -0.4756 -0.4796 -0.4722 -0.3073
940.00 -0.4603 -0.4958 -0.4939 -0.4928 -0.5019 -0.3120
950.00 -0.4535 -0.4978 -0.4973 -0.5014 -0.4985 -0.3273
960.00 -0.4595 -0.4959 -0.4872 -0.5019 -0.4900 -0.3100
970.00 -0.4054 -0.4868 -0.4878 -0.4903 -0.4951 -0.3010
980.00 -0.4537 -0.5161 -0.5183 -0.5090 -0.5189 -0.3217
990.00 -0.4375 -0.5025 -0.5097 -0.5061 -0.5128 -0.3136
1000.00 -0.4258 -0.5188 -0.5242 -0.5234 -0.5228 -0.3128
1010.00 -0.3654 -0.7611 -0.7589 -0.7613 -0.7573 -0.3227
1020.00 -0.4038 -0.7307 -0.7366 -0.7233 -0.7263 -0.3294
1030.00 -0.3952 -0.6177 -0.6209 -0.6196 -0.6254 -0.3199
1040.00 -0.3996 -0.5563 -0.5602 -0.5573 -0.5626 -0.3166
1050.00 -0.4135 -0.6670 -0.6641 -0.6664 -0.6697 -0.3276
1060.00 -0.3922 -0.7288 -0.7231 -0.7293 -0.7330 -0.3047
1070.00 -0.3965 -0.6466 -0.6308 -0.6418 -0.6491 -0.3158
1080.00 -0.4140 -0.6318 -0.6293 -0.6335 -0.6312 -0.3191
1090.00 -0.4094 -0.5374 -0.5335 -0.5328 -0.5317 -0.3078
1100.00 -0.4237 -0.6049 -0.6070 -0.6036 -0.6063 -0.3251
1110.00 -0.3919 -0.5867 -0.5800 -0.5864 -0.5828 -0.3064
1120.00 -0.4021 -0.5298 -0.5351 -0.5409 -0.5354 -0.3078
1130.00 -0.4295 -0.5294 -0.5363 -0.5244 -0.5309 -0.3300
1140.00 -0.4385 -0.5486 -0.5385 -0.5395 -0.5380 -0.3222
1150.00 -0.4140 -0.5811 -0.5845 -0.5797 -0.5865 -0.3159
1160.00 -0.4388 -0.5672 -0.5629 -0.5652 -0.5674 -0.3357
1170.00 -0.3720 -0.4709 -0.4687 -0.4711 -0.4707 -0.2957
1180.00 -0.4264 -0.6187 -0.6085 -0.6173 -0.6175 -0.3216
1190.00 -0.4090 -0.5649 -0.5630 -0.5543 -0.5622 -0.3108
1200.00 -0.4180 -0.5743 -0.5750 -0.5743 -0.5789 -0.3166
1210.00 -0.4303 -0.5188 -0.5202 -0.5209 -0.5195 -0.3313
1220.00 -0.4267 -0.5778 -0.5842 -0.5817 -0.5805 -0.3206
1230.00 -0.3924 -0.4736 -0.4780 -0.4727 -0.4744 -0.3004
1240.00 -0.4423 -0.5823 -0.5714 -0.5697 -0.5677 -0.3279
1250.00 -0.4111 -0.5208 -0.5268 -0.5190 -0.5240 -0.3171
1260.00 -0.4074 -0.5538 -0.5516 -0.5549 -0.5588 -0.3125
1270.00 -0.4099 -0.6215 -0.6195 -0.6130 -0.6208 -0.3193
1280.00 -0.4103 -0.6016 -0.6049 -0.6049 -0.6000 -0.3163
1290.00 -0.3973 -0.6489 -0.6430 -0.6420 -0.6456 -0.3127
1300.00 -0.4089 -0.6397 -0.6542 -0.6528 -0.6395 -0.3280
1310.00 -0.4191 -0.5947 -0.5909 -0.5883 -0.5946 -0.3191
1320.00 -0.3915 -0.5248 -0.5309 -0.5309 -0.5356 -0.3004
1330.00 -0.3868 -0.5634 -0.5596 -0.5537 -0.5553 -0.3061
1340.00 -0.4479 -0.6518 -0.6598 -0.6667 -0.6593 -0.3404
1350.00 -0.4011 -0.4694 -0.4759 -0.4719 -0.4701 -0.3034
1360.00 -0.4279 -0.6122 -0.6168 -0.6177 -0.6150 -0.3262
1370.00 -0.4089 -0.5205 -0.5178 -0.5236 -0.5202 -0.3115
1380.00 -0.4055 -0.4435 -0.4352 -0.4411 -0.4425 -0.3020
1390.00 -0.4244 -0.4757 -0.4725 -0.4660 -0.4750 -0.3114
1400.00 -0.4483 -0.5937 -0.5923 -0.5967 -0.5956 -0.3238
1410.00 -0.4075 -0.5347 -0.5265 -0.5303 -0.5365 -0.3107
1420.00 -0.3973 -0.5638 -0.5581 -0.5631 -0.5552 -0.3146
1430.00 -0.4088 -0.6034 -0.6115 -0.6149 -0.6064 -0.3247
1440.00 -0.4196 -0.7895 -0.7965 -0.7990 -0.7938 -0.3463
1450.00 -0.3936 -0.5986 -0.6007 -0.6009 -0.6074 -0.2997
1460.00 -0.3987 -0.5695 -0.5750 -0.5723 -0.5657 -0.3187
1470.00 -0.4155 -0.5572 -0.5558 -0.5469 -0.5605 -0.3194
1480.00 -0.4085 -0.5704 -0.5716 -0.5742 -0.5732 -0.3221
1490.00 -0.4002 -0.5348 -0.5354 -0.5360 -0.5307 -0.3106
1500.00 -0.4089 -0.7244 -0.7354 -0.7316 -0.7305 -0.3035
1510.00 -0.4281 -0.5986 -0.5903 -0.5888 -0.5912 -0.3295
1520.00 -0.4279 -0.6064 -0.6060 -0.5988 -0.6039 -0.3382
1530.00 -0.4130 -0.6652 -0.6683 -0.6733 -0.6631 -0.3096
1540.00 -0.3881 -0.4793 -0.4768 -0.4772 -0.4761 -0.3046
1550.00 -0.4192 -0.5871 -0.5875 -0.5854 -0.5909 -0.3248
1560.00 -0.4087 -0.5724 -0.5759 -0.5758 -0.5727 -0.3204
1570.00 -0.4038 -0.6588 -0.6602 -0.6575 -0.6603 -0.3140
1580.00 -0.4342 -0.6109 -0.6078 -0.6120 -0.6169 -0.3193
1590.00 -0.4244 -0.5300 -0.5438 -0.5409 -0.5383 -0.3278
1600.00 -0.4025 -0.5604 -0.5646 -0.5555 -0.5663 -0.3065
1610.00 -0.4221 -0.5874 -0.5906 -0.5878 -0.6007 -0.3280
1620.00 -0.3826 -0.5686 -0.5725 -0.5714 -0.5713 -0.3043
1630.00 -0.4353 -0.5112 -0.5079 -0.5182 -0.5108 -0.3317
1640.00 -0.4403 -0.5623 -0.5715 -0.5624 -0.5673 -0.3148
1650.00 -0.4065 -0.5473 -0.5516 -0.5586 -0.5496 -0.3193
1660.00 -0.4078 -0.5747 -0.5707 -0.5675 -0.5713 -0.3234
1670.00 -0.4260 -0.6347 -0.6333 -0.6329 -0.6323 -0.3306
1680.00 -0.3855 -0.5782 -0.5760 -0.5788 -0.5807 -0.3007
1690.00 -0.4428 -0.7727 -0.7730 -0.7765 -0.7794 -0.3509
1700.00 -0.3616 -0.5109 -0.5157 -0.5035 -0.4995 -0.2771
1710.00 -0.4054 -0.6574 -0.6467 -0.6505 -0.6526 -0.3246
1720.00 -0.3937 -0.6612 -0.6475 -0.6493 -0.6466 -0.3155
1730.00 -0.4249 -0.6061 -0.6165 -0.6200 -0.6109 -0.3192
1740.00 -0.3928 -0.5440 -0.5493 -0.5454 -0.5550 -0.2991
1750.00 -0.4058 -0.5909 -0.5901 -0.5943 -0.5946 -0.3164
1760.00 -0.4408 -0.7365 -0.7198 -0.7328 -0.7340 -0.3419
1770.00 -0.4111 -0.5385 -0.5456 -0.5467 -0.5411 -0.3125
1780.00 -0.3897 -0.4870 -0.4892 -0.4878 -0.4845 -0.3080
1790.00 -0.4095 -0.6071 -0.6070 -0.6138 -0.6058 -0.3083
1800.00 -0.4050 -0.5485 -0.5488 -0.5471 -0.5447 -0.3135
1810.00 -0.4047 -0.5792 -0.5871 -0.5843 -0.5873 -0.3154
1820.00 -0.4207 -0.5554 -0.5569 -0.5598 -0.5499 -0.3223
1830.00 -0.4161 -0.6505 -0.6537 -0.6498 -0.6591 -0.3277
1840.00 -0.3924 -0.7030 -0.7019 -0.6942 -0.6925 -0.3120
1850.00 -0.3983 -0.6299 -0.6242 -0.6286 -0.6295 -0.3097
1860.00 -0.4194 -0.5957 -0.5906 -0.6014 -0.5941 -0.3300
1870.00 -0.4043 -0.5700 -0.5733 -0.5802 -0.5717 -0.2985
1880.00 -0.4205 -0.4743 -0.4778 -0.4757 -0.4761 -0.3149
1890.00 -0.4150 -0.5023 -0.5068 -0.5074 -0.5055 -0.3187
1900.00 -0.4028 -0.5747 -0.5765 -0.5807 -0.5673 -0.3054
1910.00 -0.4194 -0.6113 -0.6070 -0.6037 -0.6027 -0.3201
1920.00 -0.3971 -0.5970 -0.5947 -0.5987 -0.5937 -0.3131
1930.00 -0.4349 -0.5956 -0.5981 -0.5958 -0.5920 -0.3335
1940.00 -0.3961 -0.6839 -0.6910 -0.6811 -0.6839 -0.3162
1950.00 -0.3988 -0.5864 -0.5930 -0.5989 -0.5860 -0.3165
1960.00 -0.4117 -0.6815 -0.6701 -0.6758 -0.6729 -0.3244
1970.00 -0.4156 -0.5479 -0.5555 -0.5530 -0.5545 -0.3137
1980.00 -0.4113 -0.5507 -0.5486 -0.5540 -0.5547 -0.3166
1990.00 -0.3962 -0.5904 -0.5846 -0.5813 -0.5974 -0.3096
2000.00 -0.4277 -0.6024 -0.5986 -0.5999 -0.6070 -0.3219
2010.00 -0.4052 -0.6197 -0.6222 -0.6259 -0.6141 -0.3279
2020.00 -0.4133 -0.6131 -0.6095 -0.6132 -0.6143 -0.3075
2030.00 -0.4211 -0.5418 -0.5415 -0.5410 -0.5342 -0.3167
2040.00 -0.4188 -0.5843 -0.5807 -0.5828 -0.5847 -0.3238
2050.00 -0.3858 -0.5509 -0.5518 -0.5563 -0.5548 -0.3019
2060.00 -0.4277 -0.6305 -0.6333 -0.6446 -0.6384 -0.3413
2070.00 -0.3967 -0.5678 -0.5630 -0.5631 -0.5652 -0.2990
2080.00 -0.4408 -0.7324 -0.7156 -0.7201 -0.7248 -0.3457
2090.00 -0.3854 -0.5784 -0.5719 -0.5784 -0.5737 -0.3133
