10.00 0.25 0.63 0.38 0.25 0.50 5.35
20.00 0.38 0.50 0.25 0.13 0.13 5.00
30.00 0.13 0.63 0.00 0.13 0.63 5.05
40.00 0.38 0.50 0.13 0.25 0.38 5.25
50.00 0.63 0.25 0.13 0.75 0.50 5.30
60.00 0.38 0.38 0.25 0.63 0.13 4.90
70.00 0.75 0.13 0.63 0.50 0.50 5.50
80.00 0.50 0.38 0.63 0.38 0.00 5.50
90.00 0.13 0.50 1.13 0.00 0.13 5.00
100.00 0.13 0.50 0.38 0.38 0.25 5.30
110.00 0.13 0.00 0.13 0.13 0.25 5.10
120.00 0.38 0.38 0.38 0.25 0.38 5.25
130.00 0.13 0.25 0.50 0.38 0.50 5.30
140.00 0.00 0.38 0.50 0.13 0.63 5.25
150.00 0.38 0.38 0.13 0.50 0.38 5.00
160.00 0.13 0.00 0.50 0.25 0.50 4.95
170.00 0.88 0.63 0.38 0.25 0.13 5.60
180.00 0.25 0.50 0.38 0.13 0.38 5.10
190.00 1.00 0.38 0.38 0.25 0.25 5.20
200.00 0.50 0.50 0.25 0.13 0.25 5.00
210.00 0.88 0.38 0.13 0.25 0.50 5.35
220.00 0.13 0.63 0.50 0.63 0.38 5.25
230.00 0.25 0.63 0.13 0.25 0.25 5.30
240.00 0.38 0.13 0.13 0.25 1.13 5.00
250.00 0.38 0.50 0.00 0.50 0.63 5.60
260.00 0.13 0.25 0.63 0.38 0.38 4.70
270.00 0.63 0.75 0.25 0.00 0.63 5.40
280.00 0.25 0.13 0.63 0.63 0.63 5.50
290.00 0.50 0.50 0.63 0.38 0.13 5.35
300.00 0.00 0.00 0.50 0.13 0.38 5.00
310.00 0.50 0.13 0.88 0.00 0.50 5.35
320.00 0.13 0.13 0.63 0.38 0.75 5.40
330.00 0.00 0.13 0.25 0.13 0.13 4.85
340.00 0.25 0.38 0.25 0.50 0.50 5.25
350.00 1.00 0.25 0.50 0.13 0.25 5.05
360.00 0.63 0.38 0.63 0.38 0.00 5.10
370.00 0.50 0.13 0.50 0.25 0.50 5.50
380.00 0.25 0.25 0.50 0.25 0.25 4.95
390.00 0.75 0.00 0.13 0.13 0.38 5.30
400.00 0.25 0.25 0.00 0.38 0.25 4.95
410.00 0.13 0.63 0.38 0.13 0.38 5.20
420.00 0.00 0.25 0.38 0.38 0.25 5.45
430.00 0.13 0.25 0.50 0.00 0.13 4.95
440.00 0.50 0.13 0.50 0.13 0.75 5.50
450.00 1.00 0.38 0.00 0.13 0.63 5.15
460.00 0.50 0.00 0.25 0.13 0.50 5.10
470.00 0.50 0.38 0.00 0.25 0.63 5.25
480.00 0.13 0.13 0.25 0.13 1.00 5.45
490.00 0.38 0.25 0.25 0.38 0.88 5.00
500.00 0.25 0.75 0.13 0.75 0.38 5.45
510.00 3.50 0.00 0.13 0.00 0.25 5.80
520.00 9.25 0.00 0.00 0.00 0.00 8.45
530.00 13.25 0.00 0.00 0.00 0.00 9.95
540.00 13.13 0.00 0.00 0.00 0.00 9.30
550.00 14.00 0.00 0.00 0.00 0.00 10.35
560.00 16.63 0.00 0.00 0.00 0.00 10.90
570.00 10.00 0.00 0.00 0.00 0.00 8.45
580.00 3.00 0.00 0.00 0.00 0.00 5.10
590.00 3.75 0.00 0.00 0.00 0.00 5.35
600.00 3.25 0.00 0.00 0.00 0.13 5.75
610.00 1.88 0.13 0.00 0.00 0.13 4.95
620.00 3.75 0.00 0.13 0.13 0.00 5.90
630.00 1.88 0.00 0.00 0.13 0.13 5.25
640.00 2.50 0.00 0.25 0.00 0.00 5.30
650.00 2.25 0.00 0.13 0.13 0.13 5.75
660.00 1.38 0.38 0.13 0.13 0.13 4.90
670.00 1.13 0.25 0.13 0.00 0.13 5.10
680.00 0.75 0.38 0.38 0.00 0.63 5.45
690.00 0.38 0.63 0.00 0.50 0.25 5.25
700.00 0.75 0.38 0.00 0.38 0.38 5.05
710.00 0.00 0.38 0.00 0.38 0.75 5.20
720.00 0.25 0.25 0.25 0.50 0.13 5.40
730.00 0.00 0.25 0.00 0.38 0.25 5.05
740.00 0.13 0.25 0.63 0.25 0.38 4.90
750.00 0.13 0.88 0.50 0.38 0.63 5.70
760.00 0.13 0.38 0.50 0.13 0.50 5.00
770.00 0.25 0.25 0.38 0.38 0.50 5.40
780.00 0.00 0.50 0.63 0.13 0.25 5.20
790.00 0.00 0.50 0.50 0.38 0.25 5.25
800.00 0.50 0.50 0.00 0.38 0.50 5.30
810.00 0.00 0.50 0.50 0.38 0.50 5.20
820.00 0.63 0.25 0.25 0.25 0.38 4.95
830.00 0.88 0.13 0.50 0.38 0.13 5.40
840.00 0.25 0.63 0.25 0.13 0.38 5.05
850.00 0.75 0.00 0.00 0.13 0.38 5.25
860.00 0.75 0.63 0.38 0.38 0.13 5.35
870.00 1.13 0.38 0.25 0.13 0.50 5.30
880.00 0.38 0.38 0.00 0.38 0.38 5.05
890.00 0.38 0.25 0.38 0.13 0.13 5.45
900.00 0.00 0.13 0.25 0.13 0.63 5.20
910.00 0.75 0.38 0.50 0.00 0.63 5.20
920.00 1.50 0.13 0.25 0.25 0.63 5.40
930.00 1.00 0.25 0.25 0.38 0.50 5.15
940.00 0.88 0.00 1.00 0.25 0.25 5.50
950.00 0.38 0.13 0.25 0.63 0.13 5.00
960.00 0.25 0.25 0.38 0.50 0.25 5.55
970.00 0.25 0.13 0.63 0.13 0.00 4.95
980.00 0.75 0.13 0.38 0.25 1.00 5.20
990.00 0.38 0.25 0.25 0.63 0.38 5.15
1000.00 1.50 0.38 0.25 0.50 0.00 5.45
1010.00 0.63 0.50 0.25 1.00 0.25 5.45
1020.00 0.25 0.25 0.50 0.25 0.13 5.30
1030.00 0.88 0.75 0.50 0.13 0.13 5.10
1040.00 0.38 0.88 0.25 0.13 0.25 5.40
1050.00 0.38 0.38 0.25 0.63 0.00 4.95
1060.00 0.75 0.25 0.13 0.25 0.00 5.25
1070.00 0.63 0.38 0.50 0.38 0.00 5.40
1080.00 0.13 0.50 0.25 0.50 0.25 5.35
1090.00 0.00 0.50 0.63 0.25 0.38 4.95
1100.00 0.13 0.25 0.38 0.25 0.75 5.75
1110.00 0.38 0.13 0.63 0.25 0.25 4.70
1120.00 0.50 0.25 0.88 0.38 0.50 5.60
1130.00 0.38 0.38 0.38 0.25 0.13 5.30
1140.00 0.50 0.13 0.13 0.38 0.13 4.85
1150.00 0.50 0.25 0.75 0.13 0.13 5.20
1160.00 0.63 0.50 0.50 0.13 0.00 5.10
1170.00 0.38 0.38 0.13 0.50 0.25 5.25
1180.00 0.88 0.13 0.63 0.13 0.25 5.40
1190.00 0.75 0.25 0.13 0.63 0.50 5.35
1200.00 0.25 0.50 0.25 0.63 0.13 5.40
1210.00 0.63 0.50 0.38 0.38 0.00 4.90
1220.00 1.00 0.38 0.38 0.00 0.13 5.45
1230.00 0.25 0.13 0.13 0.25 0.50 5.05
1240.00 0.63 0.50 0.38 0.25 0.50 5.40
1250.00 0.50 0.13 0.25 0.50 0.50 5.30
1260.00 0.38 0.50 0.13 0.00 0.25 5.00
1270.00 0.25 0.13 0.63 0.00 0.25 5.00
1280.00 0.38 0.00 1.13 0.38 0.00 5.40
1290.00 0.63 0.50 1.13 0.13 0.25 5.60
1300.00 0.38 0.13 0.25 0.25 0.38 5.05
1310.00 0.50 0.38 0.38 0.63 0.38 5.00
1320.00 0.50 0.38 0.88 0.38 0.13 5.30
1330.00 0.25 0.25 0.63 0.88 0.38 5.35
1340.00 0.25 0.25 0.13 0.63 0.63 5.15
1350.00 0.25 0.25 0.25 0.25 0.50 5.00
1360.00 0.13 0.00 0.00 0.38 0.13 5.35
1370.00 0.25 0.38 0.13 0.38 0.13 5.05
1380.00 0.38 0.25 0.13 1.25 0.25 5.40
1390.00 0.63 0.13 0.50 0.13 0.13 5.05
1400.00 0.63 0.50 0.50 0.13 0.75 5.50
1410.00 0.63 0.25 0.13 0.50 0.25 5.25
1420.00 0.13 0.13 0.38 0.50 0.50 5.15
1430.00 0.50 0.63 0.38 0.25 0.38 5.20
1440.00 0.63 0.50 0.25 0.00 0.38 5.20
1450.00 0.75 0.38 0.13 0.38 0.63 5.20
1460.00 0.63 0.00 0.50 0.25 0.63 5.05
1470.00 0.13 0.00 0.13 0.50 1.00 5.55
1480.00 0.13 0.63 0.25 0.63 0.50 5.10
1490.00 0.50 0.50 0.13 0.25 0.38 5.05
1500.00 0.13 1.00 0.38 0.38 0.25 5.55
1510.00 0.13 0.38 0.00 0.25 0.38 5.05
1520.00 0.38 0.13 0.13 0.50 0.13 5.15
1530.00 0.38 0.75 0.25 0.38 0.38 5.10
1540.00 0.00 0.50 0.38 0.38 0.38 5.20
1550.00 0.13 0.38 0.25 0.50 0.63 5.50
1560.00 0.25 0.25 0.38 1.00 0.50 5.20
1570.00 0.25 0.25 0.13 0.63 0.38 4.85
1580.00 0.13 0.13 0.38 0.50 0.38 5.25
1590.00 1.00 0.63 0.63 0.13 0.50 5.65
1600.00 1.25 0.13 0.25 0.88 0.13 5.10
1610.00 0.50 0.00 0.00 0.13 0.13 5.30
1620.00 0.63 0.00 0.38 0.25 0.00 5.40
1630.00 0.75 0.13 0.13 0.13 0.13 4.75
1640.00 0.13 0.63 0.38 0.25 0.13 5.30
1650.00 0.50 0.25 0.75 0.13 0.38 5.50
1660.00 0.50 0.63 0.00 0.63 0.13 5.10
1670.00 0.25 0.38 0.38 0.63 0.38 5.50
1680.00 0.13 0.25 0.13 0.25 0.38 4.95
1690.00 0.25 0.88 0.25 0.75 0.13 5.20
1700.00 0.38 0.25 1.00 0.50 0.25 5.35
1710.00 0.38 0.13 0.00 0.50 0.50 5.30
1720.00 0.13 0.13 0.25 0.75 0.50 5.15
1730.00 0.38 0.63 0.13 0.50 0.25 5.10
1740.00 0.63 0.75 0.38 0.50 0.25 5.45
1750.00 0.38 0.13 0.38 0.25 0.00 5.10
1760.00 0.25 0.13 0.88 0.13 0.50 5.30
