10.00 0.25 0.13 0.50 0.50 0.63 5.35
20.00 0.25 0.00 0.13 0.88 0.50 5.10
30.00 0.00 0.00 0.38 0.50 0.63 5.00
40.00 0.13 0.13 0.63 0.75 0.13 5.15
50.00 0.13 0.50 0.38 0.25 0.63 5.30
60.00 0.38 0.13 0.25 0.38 0.63 5.35
70.00 0.13 0.00 0.50 0.38 0.63 5.30
80.00 0.25 0.00 0.25 0.25 0.63 5.00
90.00 0.50 0.38 0.50 0.38 0.88 5.60
100.00 0.00 0.38 0.50 0.38 0.13 5.10
110.00 0.50 0.25 0.00 0.75 0.25 5.10
120.00 0.25 0.00 0.38 0.63 0.50 5.10
130.00 0.38 0.25 0.25 1.00 0.38 5.55
140.00 0.63 0.25 0.50 0.63 0.25 5.30
150.00 0.25 0.13 0.13 0.75 0.38 4.95
160.00 0.13 0.50 0.13 0.50 0.63 5.15
170.00 0.38 0.13 0.50 0.25 0.38 5.20
180.00 0.63 0.25 0.13 0.38 0.38 4.90
190.00 0.38 0.00 0.38 0.13 0.25 5.20
200.00 0.50 0.38 0.25 0.25 0.50 5.50
210.00 0.38 0.63 0.13 0.38 0.13 4.90
220.00 0.13 0.13 0.50 0.50 0.25 5.25
230.00 0.13 0.25 0.63 0.50 0.25 5.35
240.00 0.25 0.63 1.25 0.13 0.25 5.25
250.00 0.13 0.38 0.63 0.63 0.38 5.30
260.00 0.38 0.63 0.25 0.25 0.25 5.10
270.00 0.38 0.88 0.50 0.00 0.13 5.25
280.00 0.13 0.00 0.50 0.50 0.13 5.00
290.00 0.38 0.25 0.88 0.25 0.38 5.45
300.00 0.13 0.25 0.25 1.13 0.50 5.20
310.00 0.25 0.25 0.38 0.50 0.38 5.10
320.00 0.63 0.13 0.50 0.25 0.63 5.40
330.00 0.50 0.38 0.00 0.50 0.25 4.95
340.00 0.25 0.63 0.25 0.25 0.38 5.20
350.00 0.25 0.38 0.25 1.13 0.13 5.20
360.00 0.25 0.50 0.63 0.63 0.25 5.40
370.00 0.50 0.75 0.38 0.50 0.00 5.30
380.00 0.25 0.50 0.00 0.63 0.25 5.00
390.00 0.50 0.63 0.00 0.88 0.00 5.20
400.00 0.38 0.38 0.13 1.13 0.63 5.50
410.00 0.50 0.25 0.38 0.25 0.13 5.05
420.00 0.25 0.25 0.50 0.50 0.25 5.25
430.00 0.25 0.00 0.50 0.50 0.50 5.10
440.00 0.25 0.50 0.38 0.25 0.25 5.60
450.00 0.75 0.13 0.25 0.38 0.88 5.55
460.00 0.50 0.50 0.00 0.25 0.13 4.60
470.00 0.38 0.25 0.25 0.38 0.00 5.40
480.00 0.38 0.75 0.63 0.38 0.13 5.20
490.00 0.88 0.38 0.38 0.75 0.25 5.30
500.00 0.38 0.13 0.13 0.25 0.00 5.05
510.00 6.00 0.13 0.13 0.13 0.13 7.35
520.00 10.13 0.00 0.00 0.00 0.00 8.25
530.00 13.13 0.00 0.00 0.00 0.00 9.90
540.00 11.38 0.00 0.00 0.00 0.00 8.70
550.00 15.13 0.00 0.00 0.00 0.00 10.30
560.00 14.75 0.00 0.00 0.00 0.00 10.65
570.00 12.75 0.00 0.00 0.00 0.00 9.70
580.00 3.63 0.00 0.00 0.00 0.00 5.30
590.00 2.50 0.00 0.00 0.00 0.00 5.00
600.00 3.13 0.00 0.00 0.00 0.00 5.70
610.00 2.38 0.00 0.00 0.25 0.25 5.15
620.00 2.38 0.00 0.13 0.25 0.25 5.30
630.00 1.75 0.38 0.00 0.13 0.25 5.10
640.00 1.50 0.25 0.25 0.00 0.13 5.30
650.00 1.75 0.13 0.00 0.38 0.13 5.45
660.00 1.63 0.13 0.00 0.25 0.00 5.45
670.00 0.63 0.13 0.25 0.75 0.25 4.90
680.00 0.63 0.13 0.38 0.38 0.25 5.25
690.00 0.00 0.13 0.13 0.63 0.50 5.20
700.00 0.38 0.75 0.25 0.13 0.38 5.40
710.00 0.75 0.13 0.00 0.38 0.38 5.10
720.00 1.00 0.38 0.13 0.00 0.25 5.40
730.00 0.75 0.38 0.50 0.13 0.13 5.35
740.00 1.00 0.75 0.00 0.38 0.00 5.25
750.00 0.75 0.00 0.00 0.25 0.50 5.20
760.00 0.50 0.25 0.00 0.38 0.63 5.30
770.00 0.63 0.13 0.38 0.00 0.38 5.35
780.00 1.25 0.00 0.63 0.13 0.50 5.00
790.00 1.38 0.38 0.13 0.25 0.25 5.40
800.00 2.00 0.50 0.00 0.13 0.00 5.30
810.00 2.13 0.25 0.13 0.13 0.13 5.50
820.00 1.63 0.50 0.00 0.13 0.13 5.15
830.00 1.88 0.38 0.50 0.00 0.00 5.30
840.00 2.50 0.25 0.00 0.38 0.13 6.00
850.00 1.25 0.63 0.13 0.00 0.50 5.30
860.00 0.88 0.50 0.50 0.13 0.25 5.15
870.00 0.38 0.63 0.13 0.00 0.00 5.45
880.00 0.50 0.25 0.38 0.25 0.00 4.85
890.00 0.38 0.50 0.38 0.13 0.63 5.45
900.00 0.88 0.13 0.38 0.38 0.38 5.10
910.00 0.75 0.25 0.25 0.25 0.38 5.55
920.00 1.13 0.25 0.38 0.13 0.13 5.15
930.00 0.63 0.25 0.00 0.13 0.25 5.40
940.00 1.00 0.38 0.25 0.00 0.75 5.20
950.00 1.00 0.00 0.63 0.25 0.25 5.25
960.00 1.88 0.13 0.00 0.00 0.25 5.70
970.00 1.75 0.13 0.38 0.63 0.13 5.20
980.00 1.00 0.00 0.38 0.25 0.38 5.50
990.00 0.50 0.13 0.25 0.25 0.25 5.10
1000.00 0.63 0.25 0.00 0.75 0.88 5.05
1010.00 0.13 0.38 0.00 0.50 0.75 5.20
1020.00 0.63 0.13 0.13 0.75 0.75 5.30
1030.00 0.50 0.25 0.13 0.25 0.75 5.25
1040.00 0.25 0.50 0.25 0.63 0.25 5.15
1050.00 0.38 0.13 0.38 0.75 0.50 5.00
1060.00 0.50 0.25 0.25 0.50 0.25 5.15
1070.00 0.25 0.50 0.63 0.38 0.13 5.55
1080.00 0.00 0.13 0.25 0.13 0.25 4.80
1090.00 0.38 0.13 0.38 0.25 0.38 5.60
1100.00 0.50 0.38 0.50 0.00 0.13 5.05
1110.00 0.00 0.50 0.00 0.13 0.88 5.05
1120.00 0.13 0.75 0.13 0.38 0.88 5.75
1130.00 0.13 0.25 0.00 0.13 0.75 5.00
1140.00 0.13 0.63 0.25 0.25 0.75 5.20
1150.00 0.38 0.00 0.38 0.25 0.75 5.25
1160.00 0.50 0.13 0.13 0.38 0.88 5.30
1170.00 0.50 0.00 0.00 0.75 0.63 5.15
1180.00 0.38 0.38 0.88 0.38 0.25 5.25
1190.00 0.00 0.25 0.75 0.13 0.63 5.25
1200.00 0.63 0.50 0.25 0.25 0.38 5.25
1210.00 0.25 0.13 0.50 0.38 0.13 5.50
1220.00 0.00 0.13 1.13 0.75 0.63 5.05
1230.00 0.00 0.13 0.63 0.50 0.13 5.05
1240.00 0.13 0.13 0.88 0.25 0.50 5.40
1250.00 0.38 0.13 0.13 0.50 0.38 5.05
1260.00 0.50 0.25 0.13 0.50 0.25 5.25
1270.00 0.38 0.25 0.38 0.38 0.63 5.30
1280.00 0.88 0.38 0.00 0.38 0.13 5.30
1290.00 0.13 0.13 0.88 0.25 0.00 4.70
1300.00 0.88 0.00 0.25 0.25 0.25 5.50
1310.00 1.75 0.25 0.25 0.25 0.25 5.60
1320.00 0.75 0.50 0.50 0.25 0.00 5.15
1330.00 0.75 0.00 0.13 0.25 0.00 5.20
1340.00 0.88 0.25 0.25 0.38 0.13 5.15
1350.00 0.63 0.50 0.13 0.38 0.13 5.25
1360.00 0.63 0.13 0.25 0.50 0.00 5.40
1370.00 0.88 0.13 0.25 0.00 0.13 5.00
1380.00 0.75 0.13 0.13 0.38 0.38 5.15
1390.00 0.88 0.25 0.63 0.50 0.38 5.80
1400.00 0.50 0.75 0.00 0.50 0.13 5.25
1410.00 0.38 1.13 0.38 0.00 0.63 5.40
1420.00 0.63 0.63 0.00 0.13 0.50 5.10
1430.00 0.63 0.00 0.63 0.38 0.00 5.10
1440.00 0.63 0.00 0.13 0.50 0.25 5.40
1450.00 0.13 0.00 0.25 0.38 0.63 5.05
1460.00 0.75 0.88 0.38 0.50 0.38 5.30
1470.00 0.75 0.25 0.13 0.25 0.25 5.40
1480.00 0.63 0.25 0.13 0.25 0.50 5.10
1490.00 0.88 0.38 0.13 0.63 0.75 5.35
1500.00 0.13 0.63 0.75 0.00 0.63 5.70
1510.00 0.50 0.13 0.25 0.13 0.25 4.70
1520.00 0.25 0.25 0.13 0.38 0.50 5.05
1530.00 0.75 0.13 0.63 0.13 0.50 5.45
1540.00 0.50 0.00 0.38 0.50 0.00 4.85
1550.00 0.25 0.13 0.38 0.38 0.50 5.20
1560.00 0.38 0.13 0.38 0.50 0.13 5.40
1570.00 0.13 0.25 0.25 0.88 0.50 5.05
1580.00 0.38 0.38 0.25 0.25 0.25 5.30
1590.00 0.50 0.13 0.00 0.50 0.50 5.25
1600.00 0.13 0.13 0.38 0.25 0.25 5.05
1610.00 0.38 0.38 0.13 0.38 0.50 5.50
1620.00 0.50 0.13 0.88 0.38 0.00 5.05
1630.00 0.50 0.13 0.00 0.50 0.13 5.25
1640.00 0.25 0.50 0.25 0.63 0.13 5.15
1650.00 0.63 0.88 0.75 0.63 0.38 5.50
1660.00 0.38 0.13 0.13 0.00 0.00 5.10
1670.00 0.88 0.25 0.00 0.38 0.38 5.15
1680.00 0.25 0.50 0.38 0.50 0.25 5.30
1690.00 0.38 0.13 0.25 0.75 0.38 5.00
1700.00 0.13 0.13 0.75 0.63 0.50 5.75
1710.00 0.00 0.00 0.63 0.38 0.25 5.00
1720.00 0.63 0.38 0.38 0.75 0.38 5.25
1730.00 0.63 0.00 0.50 0.25 0.25 4.80
1740.00 0.13 0.25 0.63 0.63 0.50 5.45
1750.00 0.50 0.13 0.63 0.00 0.63 5.15
1760.00 0.63 0.25 0.13 0.38 0.25 5.15
1770.00 0.25 0.00 0.25 0.63 0.88 5.35
1780.00 0.38 0.25 0.13 0.50 0.25 5.15
1790.00 0.50 0.63 0.38 0.63 0.13 5.40
1800.00 0.13 1.13 0.63 0.13 0.25 5.15
1810.00 0.13 0.63 0.38 0.75 0.25 5.50
1820.00 0.38 0.13 0.50 0.13 0.13 5.10
1830.00 0.13 0.25 0.38 0.25 0.13 5.35
1840.00 0.50 0.38 0.13 0.25 0.25 5.30
1850.00 0.25 0.50 0.63 0.25 0.25 5.15
1860.00 0.50 0.13 0.38 0.38 0.75 5.25
1870.00 0.00 0.75 0.00 0.13 0.38 5.35
1880.00 0.75 0.50 0.63 0.63 0.38 5.30
1890.00 1.38 0.25 0.25 0.25 0.00 5.40
1900.00 0.38 0.25 0.38 0.63 0.13 4.95
1910.00 0.88 0.00 0.38 0.38 0.50 5.45
1920.00 0.50 0.38 0.13 0.25 0.25 5.05
1930.00 0.13 0.50 0.25 0.38 0.88 5.15
1940.00 0.50 0.13 0.50 0.50 0.25 5.25
1950.00 0.38 0.25 0.50 0.38 0.25 5.20
1960.00 0.88 0.25 0.13 0.25 0.13 5.15
1970.00 0.38 0.25 0.13 0.25 0.50 5.25
1980.00 0.75 0.50 0.25 0.38 0.38 5.00
1990.00 1.00 0.25 0.25 0.13 1.25 5.75
2000.00 0.63 0.63 0.50 0.38 0.25 5.10
2010.00 0.25 0.50 0.25 0.38 0.50 4.95
2020.00 0.38 0.13 0.38 0.38 0.25 5.40
2030.00 0.75 0.13 0.63 0.25 0.13 5.15
2040.00 0.13 0.00 0.50 0.50 0.13 4.95
2050.00 0.75 0.25 0.13 0.38 0.50 5.35
2060.00 0.25 0.38 0.38 0.25 0.38 5.10
2070.00 0.38 0.25 0.25 0.50 0.50 5.35
