10.00 0.63 0.38 0.50 0.13 0.38 5.05
20.00 0.25 0.38 0.25 0.50 0.38 5.25
30.00 0.00 0.50 0.38 0.13 0.38 5.10
40.00 0.13 0.50 0.25 0.13 0.88 5.55
50.00 0.75 0.50 0.00 0.25 0.13 5.00
60.00 0.75 0.38 0.63 0.13 0.38 5.30
70.00 0.25 0.25 0.13 0.50 0.13 4.90
80.00 0.13 0.13 0.63 0.25 0.25 5.35
90.00 0.63 0.25 0.13 0.38 0.50 5.40
100.00 1.00 0.13 0.63 0.13 0.00 5.40
110.00 0.38 0.25 0.38 0.75 0.25 4.90
120.00 0.63 0.25 0.25 0.38 0.25 5.20
130.00 0.00 0.25 0.75 0.50 0.50 5.45
140.00 0.38 0.38 0.00 0.63 0.13 5.00
150.00 0.38 0.50 0.50 0.38 0.25 5.25
160.00 0.63 0.00 0.38 0.00 0.25 4.95
170.00 0.13 0.13 0.25 0.38 0.38 5.35
180.00 0.38 0.00 0.13 0.63 0.50 5.00
190.00 0.38 0.38 0.75 0.25 0.25 5.20
200.00 0.50 0.38 0.50 0.38 0.00 5.25
210.00 0.63 0.00 0.38 0.25 0.75 5.05
220.00 0.75 0.63 0.13 0.13 0.75 5.45
230.00 0.50 0.00 0.00 0.50 1.00 5.25
240.00 0.75 0.63 0.75 0.25 0.75 5.45
250.00 0.25 0.50 0.25 0.13 0.75 5.05
260.00 0.38 0.50 0.13 0.25 1.00 5.25
270.00 0.63 0.25 0.50 0.13 0.63 5.10
280.00 0.50 0.63 0.25 0.00 0.25 5.25
290.00 0.75 0.63 0.25 0.00 0.38 5.20
300.00 0.25 0.38 0.25 0.25 0.38 5.20
310.00 0.38 0.38 0.75 0.00 0.38 5.60
320.00 0.50 0.63 0.25 0.75 0.00 5.10
330.00 0.38 0.13 0.25 0.50 0.38 5.25
340.00 0.13 0.88 0.13 0.50 0.00 5.45
350.00 0.13 0.50 0.38 1.13 0.38 5.10
360.00 0.13 0.00 1.00 0.75 0.13 5.15
370.00 0.25 0.25 0.88 0.38 0.00 5.05
380.00 1.13 0.13 0.00 0.75 0.38 5.40
390.00 0.50 0.00 0.38 0.38 0.13 5.15
400.00 0.25 0.38 0.13 1.38 0.50 5.55
410.00 0.50 0.25 0.38 0.50 0.13 5.25
420.00 0.25 0.38 0.50 0.50 0.25 4.85
430.00 0.25 0.00 0.50 0.63 0.25 5.15
440.00 0.63 0.50 0.63 0.50 0.50 5.55
450.00 0.50 0.13 0.50 0.50 0.25 5.25
460.00 0.38 0.00 0.13 0.13 0.25 5.10
470.00 0.25 0.13 0.63 0.75 0.75 5.55
480.00 0.88 0.13 0.13 0.00 0.25 5.00
490.00 0.25 0.00 0.38 0.38 0.75 5.35
500.00 0.88 0.13 0.13 0.25 0.13 4.90
510.00 4.50 0.13 0.25 0.13 0.13 7.00
520.00 13.88 0.00 0.00 0.00 0.00 9.80
530.00 15.75 0.00 0.00 0.00 0.00 10.55
540.00 14.00 0.00 0.00 0.00 0.00 10.15
550.00 16.75 0.00 0.00 0.00 0.00 11.15
560.00 7.75 0.00 0.00 0.00 0.00 7.05
570.00 4.50 0.00 0.00 0.00 0.00 5.95
580.00 3.00 0.00 0.00 0.00 0.00 5.60
590.00 4.00 0.00 0.00 0.00 0.00 5.30
600.00 3.38 0.00 0.00 0.00 0.00 5.75
610.00 3.50 0.00 0.00 0.00 0.00 5.85
620.00 3.88 0.13 0.00 0.13 0.00 5.80
630.00 3.75 0.00 0.00 0.00 0.00 5.45
640.00 3.63 0.25 0.13 0.25 0.00 5.60
650.00 1.88 0.00 0.13 0.00 0.00 5.35
660.00 3.00 0.00 0.13 0.00 0.13 5.75
670.00 3.00 0.13 0.00 0.00 0.13 5.15
680.00 4.00 0.00 0.13 0.13 0.00 6.00
690.00 5.75 0.00 0.00 0.00 0.00 6.65
700.00 4.25 0.00 0.13 0.00 0.00 5.90
710.00 4.25 0.00 0.00 0.00 0.00 5.75
720.00 3.63 0.00 0.13 0.00 0.13 5.75
730.00 5.38 0.00 0.13 0.13 0.00 6.50
740.00 3.50 0.00 0.00 0.00 0.13 5.40
750.00 3.25 0.00 0.00 0.13 0.25 5.70
760.00 5.13 0.00 0.13 0.00 0.00 6.35
770.00 5.13 0.13 0.00 0.00 0.13 6.30
780.00 4.38 0.00 0.00 0.00 0.25 5.95
790.00 4.38 0.00 0.00 0.00 0.00 5.95
800.00 8.13 0.00 0.00 0.00 0.00 7.45
810.00 5.38 0.00 0.00 0.00 0.00 6.20
820.00 8.13 0.00 0.00 0.00 0.00 7.60
830.00 5.13 0.00 0.00 0.00 0.00 5.95
840.00 4.50 0.00 0.00 0.00 0.13 6.20
850.00 5.75 0.00 0.00 0.00 0.00 6.20
860.00 5.00 0.00 0.00 0.00 0.00 6.45
870.00 3.00 0.00 0.00 0.00 0.00 5.25
880.00 4.63 0.00 0.00 0.13 0.00 6.05
890.00 4.88 0.00 0.00 0.00 0.25 6.30
900.00 7.63 0.00 0.00 0.00 0.00 6.85
910.00 7.75 0.00 0.00 0.00 0.00 7.60
920.00 6.63 0.00 0.00 0.00 0.00 6.50
930.00 5.88 0.00 0.00 0.00 0.00 6.80
940.00 8.00 0.00 0.00 0.00 0.00 7.65
950.00 7.13 0.00 0.00 0.00 0.00 7.10
960.00 7.00 0.00 0.00 0.00 0.00 6.65
970.00 7.00 0.00 0.00 0.00 0.00 7.25
980.00 6.75 0.00 0.00 0.00 0.00 6.40
990.00 5.88 0.00 0.00 0.00 0.00 6.70
1000.00 5.88 0.00 0.00 0.00 0.00 6.55
1010.00 7.13 0.00 0.00 0.00 0.00 7.15
1020.00 6.50 0.00 0.00 0.00 0.00 6.85
1030.00 9.13 0.00 0.00 0.00 0.00 7.85
1040.00 9.38 0.00 0.00 0.00 0.00 8.00
1050.00 6.88 0.00 0.00 0.00 0.00 6.95
1060.00 4.50 0.00 0.00 0.00 0.00 5.90
1070.00 7.75 0.00 0.00 0.00 0.00 7.40
1080.00 5.25 0.00 0.00 0.00 0.00 5.80
1090.00 6.13 0.00 0.00 0.00 0.00 7.00
1100.00 6.88 0.00 0.00 0.00 0.00 6.85
1110.00 7.75 0.00 0.00 0.00 0.00 7.25
1120.00 7.75 0.00 0.00 0.00 0.00 7.10
1130.00 8.00 0.00 0.00 0.00 0.00 7.65
1140.00 6.75 0.00 0.00 0.00 0.00 6.80
1150.00 3.25 0.00 0.00 0.00 0.00 5.20
1160.00 7.13 0.00 0.00 0.00 0.00 7.35
1170.00 2.75 0.00 0.00 0.00 0.00 4.80
1180.00 5.38 0.00 0.00 0.00 0.00 6.55
1190.00 5.50 0.00 0.00 0.00 0.00 6.50
1200.00 6.50 0.00 0.00 0.00 0.00 6.65
1210.00 10.63 0.00 0.00 0.00 0.00 8.40
1220.00 10.63 0.00 0.00 0.00 0.00 8.90
1230.00 5.25 0.00 0.00 0.00 0.00 5.85
1240.00 7.38 0.00 0.00 0.00 0.00 7.45
1250.00 11.50 0.00 0.00 0.00 0.00 8.90
1260.00 9.38 0.00 0.00 0.00 0.00 7.95
1270.00 9.25 0.00 0.00 0.00 0.00 7.85
1280.00 6.63 0.00 0.00 0.00 0.00 7.20
1290.00 6.25 0.00 0.00 0.00 0.00 6.65
1300.00 7.13 0.00 0.00 0.00 0.00 6.70
1310.00 6.75 0.00 0.00 0.00 0.00 7.35
1320.00 11.75 0.00 0.00 0.00 0.00 8.95
1330.00 7.75 0.00 0.00 0.00 0.00 7.35
1340.00 6.50 0.00 0.00 0.00 0.00 6.60
1350.00 6.63 0.00 0.00 0.00 0.00 6.60
1360.00 9.75 0.00 0.00 0.00 0.00 8.40
1370.00 5.88 0.00 0.00 0.00 0.00 6.60
1380.00 7.25 0.00 0.00 0.00 0.00 6.80
1390.00 8.50 0.00 0.00 0.00 0.00 7.70
1400.00 7.88 0.00 0.00 0.00 0.00 7.25
1410.00 7.75 0.00 0.00 0.00 0.00 7.50
1420.00 8.75 0.00 0.00 0.00 0.00 7.70
1430.00 3.00 0.00 0.00 0.00 0.00 5.40
1440.00 9.75 0.13 0.00 0.00 0.00 8.30
1450.00 3.75 0.00 0.00 0.00 0.00 5.30
1460.00 7.50 0.00 0.00 0.13 0.00 7.50
1470.00 4.00 0.00 0.00 0.00 0.00 6.00
1480.00 3.63 0.00 0.00 0.00 0.00 5.30
1490.00 6.63 0.00 0.00 0.00 0.00 7.15
1500.00 10.25 0.00 0.00 0.00 0.00 7.75
1510.00 11.50 0.00 0.00 0.00 0.00 9.75
1520.00 9.75 0.00 0.00 0.00 0.00 7.75
1530.00 8.50 0.00 0.00 0.00 0.00 7.85
1540.00 6.00 0.00 0.00 0.00 0.00 6.40
1550.00 11.38 0.00 0.00 0.00 0.00 9.10
1560.00 12.00 0.00 0.00 0.00 0.00 8.35
1570.00 6.38 0.00 0.00 0.00 0.00 7.00
1580.00 6.88 0.00 0.00 0.00 0.00 7.50
1590.00 12.38 0.00 0.00 0.00 0.00 9.25
1600.00 7.00 0.00 0.00 0.00 0.00 6.75
1610.00 4.00 0.00 0.00 0.00 0.00 5.50
1620.00 8.75 0.00 0.00 0.00 0.00 7.95
1630.00 6.38 0.00 0.00 0.00 0.00 7.00
1640.00 8.88 0.00 0.00 0.00 0.00 7.55
1650.00 10.38 0.00 0.00 0.00 0.00 8.70
1660.00 7.38 0.00 0.00 0.00 0.00 7.10
1670.00 6.13 0.00 0.00 0.00 0.00 6.50
1680.00 6.13 0.00 0.00 0.00 0.00 6.40
1690.00 6.63 0.00 0.00 0.00 0.00 6.95
1700.00 7.63 0.00 0.00 0.00 0.00 7.00
1710.00 7.50 0.00 0.00 0.00 0.00 7.30
1720.00 14.00 0.00 0.00 0.00 0.00 10.00
1730.00 7.00 0.00 0.00 0.00 0.00 6.75
1740.00 5.00 0.00 0.00 0.00 0.00 6.40
1750.00 13.13 0.00 0.00 0.00 0.00 9.45
1760.00 6.13 0.00 0.00 0.00 0.00 6.85
1770.00 10.63 0.00 0.00 0.00 0.00 8.45
1780.00 11.38 0.00 0.00 0.00 0.00 8.75
1790.00 8.63 0.00 0.00 0.00 0.00 7.30
1800.00 8.25 0.00 0.00 0.00 0.00 7.70
1810.00 5.50 0.00 0.00 0.00 0.00 6.50
1820.00 4.38 0.00 0.00 0.00 0.00 6.10
1830.00 6.25 0.00 0.00 0.00 0.00 6.25
1840.00 4.25 0.00 0.00 0.00 0.00 6.30
1850.00 10.88 0.00 0.00 0.00 0.00 8.65
1860.00 12.00 0.00 0.00 0.00 0.00 8.75
1870.00 7.88 0.00 0.00 0.00 0.00 7.85
1880.00 10.38 0.00 0.00 0.00 0.00 8.00
1890.00 5.50 0.00 0.00 0.00 0.00 6.55
1900.00 9.25 0.00 0.00 0.00 0.00 7.90
1910.00 6.50 0.00 0.00 0.00 0.00 6.80
1920.00 8.75 0.00 0.00 0.00 0.00 7.95
1930.00 8.88 0.00 0.00 0.00 0.00 7.70
1940.00 10.00 0.00 0.00 0.00 0.00 7.75
1950.00 7.25 0.00 0.00 0.00 0.00 7.75
1960.00 8.13 0.00 0.00 0.00 0.00 7.00
1970.00 7.63 0.00 0.00 0.00 0.00 7.55
1980.00 14.75 0.00 0.00 0.00 0.00 10.50
1990.00 5.50 0.00 0.00 0.00 0.00 6.50
2000.00 5.75 0.00 0.00 0.00 0.00 6.15
2010.00 6.63 0.00 0.00 0.00 0.00 7.00
2020.00 5.88 0.00 0.00 0.00 0.00 6.35
2030.00 17.13 0.00 0.00 0.00 0.00 11.60
2040.00 6.38 0.00 0.00 0.00 0.00 6.55
2050.00 11.88 0.00 0.00 0.00 0.00 8.80
