10.00 0.25 0.88 0.25 0.88 0.25 5.30
20.00 0.50 0.38 0.75 0.88 1.13 5.45
30.00 0.50 0.25 0.63 0.63 0.00 5.10
40.00 0.63 0.38 1.75 0.38 0.25 5.35
50.00 0.25 0.25 0.75 0.50 0.00 5.20
60.00 0.38 0.25 0.63 0.38 0.63 5.30
70.00 0.38 0.63 0.63 0.38 0.38 5.05
80.00 0.25 0.88 0.75 0.75 0.00 5.30
90.00 0.25 0.75 0.88 0.63 0.25 5.20
100.00 0.38 0.38 0.75 0.88 0.63 5.50
110.00 0.25 0.25 0.50 0.38 0.50 4.85
120.00 0.75 0.38 0.25 2.00 0.13 5.90
130.00 0.50 0.25 0.38 0.88 0.38 5.25
140.00 0.13 0.00 0.38 0.75 0.13 4.75
150.00 1.00 0.38 0.63 0.38 0.38 5.45
160.00 1.00 0.25 0.38 0.00 0.75 4.95
170.00 1.50 1.13 0.38 0.63 0.63 5.50
180.00 0.63 0.50 0.13 0.13 0.63 5.25
190.00 0.63 1.25 0.63 0.13 0.13 5.30
200.00 0.13 0.88 1.00 0.25 0.25 5.40
210.00 1.25 0.63 1.00 0.25 0.38 5.45
220.00 0.38 0.75 0.63 0.13 0.13 4.95
230.00 0.13 0.88 1.50 0.25 0.13 5.30
240.00 0.63 0.50 0.75 0.25 0.50 5.10
250.00 0.63 0.75 0.25 0.25 0.63 5.60
260.00 1.00 0.25 0.13 0.25 0.88 5.20
270.00 0.38 0.38 0.50 0.63 1.50 5.40
280.00 0.75 0.25 0.00 0.50 0.63 5.20
290.00 0.50 0.13 0.00 0.75 1.13 5.15
300.00 0.25 0.00 0.75 0.50 1.00 5.50
310.00 1.00 0.25 0.25 0.38 0.63 5.00
320.00 0.38 0.38 0.13 0.25 1.13 5.00
330.00 0.38 0.63 0.50 0.63 0.63 5.70
340.00 0.75 0.38 0.38 0.50 0.75 5.45
350.00 0.38 0.50 0.38 0.50 0.13 5.25
360.00 0.63 0.13 1.00 0.25 0.25 5.05
370.00 0.75 0.50 0.50 0.38 1.00 5.30
380.00 0.50 0.25 0.75 0.38 0.63 4.95
390.00 1.25 0.50 0.75 0.38 0.38 5.60
400.00 0.88 0.50 0.38 1.13 0.50 5.50
410.00 0.63 0.75 0.63 0.50 0.50 5.30
420.00 0.13 0.25 0.13 0.50 1.63 5.25
430.00 0.63 0.25 0.00 0.75 1.25 4.95
440.00 1.00 1.13 0.13 0.63 0.88 5.50
450.00 0.38 0.13 0.38 0.38 0.75 5.00
460.00 0.38 0.88 0.25 0.50 0.38 5.40
470.00 0.38 0.38 0.25 0.38 0.50 5.00
480.00 0.38 0.50 0.13 0.63 0.75 5.10
490.00 0.13 0.63 0.75 0.13 0.63 5.25
500.00 0.63 0.50 0.50 0.38 1.50 5.30
510.00 7.13 0.38 0.13 0.25 0.25 6.90
520.00 7.00 0.00 0.00 0.00 0.00 6.60
530.00 9.63 0.00 0.00 0.13 0.00 7.00
540.00 7.50 0.00 0.00 0.00 0.00 6.35
550.00 4.63 0.00 0.00 0.00 0.00 5.80
560.00 7.38 0.13 0.00 0.00 0.13 6.15
570.00 5.75 0.00 0.00 0.00 0.00 6.20
580.00 7.75 0.00 0.00 0.00 0.00 6.65
590.00 7.75 0.00 0.00 0.00 0.00 6.35
600.00 5.75 0.00 0.00 0.00 0.00 6.15
610.00 3.63 0.13 0.00 0.00 0.00 5.20
620.00 7.63 0.00 0.00 0.00 0.00 6.70
630.00 12.50 0.00 0.00 0.00 0.00 8.00
640.00 8.00 0.00 0.00 0.00 0.00 6.80
650.00 13.25 0.00 0.00 0.00 0.00 8.10
660.00 10.25 0.00 0.00 0.00 0.00 7.45
670.00 12.75 0.00 0.00 0.00 0.00 8.40
680.00 8.13 0.00 0.00 0.00 0.00 6.25
690.00 12.25 0.00 0.00 0.00 0.00 8.70
700.00 7.38 0.00 0.00 0.00 0.00 6.30
710.00 9.00 0.00 0.00 0.00 0.00 6.65
720.00 10.38 0.00 0.00 0.00 0.00 7.70
730.00 4.75 0.00 0.00 0.00 0.00 5.60
740.00 11.88 0.00 0.00 0.00 0.00 7.75
750.00 6.00 0.00 0.00 0.00 0.00 5.95
760.00 9.88 0.00 0.00 0.00 0.00 7.70
770.00 9.63 0.00 0.00 0.00 0.00 6.90
780.00 11.38 0.00 0.00 0.00 0.00 7.55
790.00 6.50 0.00 0.00 0.00 0.00 6.20
800.00 15.25 0.00 0.00 0.00 0.00 9.30
810.00 8.38 0.00 0.00 0.00 0.00 6.95
820.00 18.00 0.00 0.00 0.00 0.00 9.40
830.00 8.38 0.00 0.00 0.00 0.00 6.75
840.00 9.50 0.00 0.00 0.00 0.00 6.85
850.00 6.63 0.00 0.00 0.00 0.00 6.70
860.00 7.88 0.00 0.00 0.00 0.00 6.60
870.00 6.38 0.00 0.00 0.13 0.00 6.05
880.00 7.50 0.00 0.00 0.00 0.00 6.65
890.00 5.75 0.13 0.00 0.00 0.00 5.95
900.00 11.38 0.00 0.00 0.00 0.00 7.40
910.00 17.00 0.00 0.00 0.00 0.00 10.10
920.00 7.38 0.00 0.00 0.00 0.00 6.20
930.00 12.13 0.00 0.00 0.00 0.00 7.95
940.00 10.88 0.00 0.00 0.00 0.00 7.60
950.00 8.38 0.00 0.00 0.00 0.00 6.65
960.00 14.88 0.00 0.00 0.00 0.00 8.75
970.00 9.50 0.00 0.00 0.00 0.00 7.35
980.00 6.88 0.00 0.00 0.00 0.00 6.15
990.00 10.13 0.00 0.00 0.00 0.00 7.10
1000.00 13.25 0.00 0.00 0.00 0.00 8.50
1010.00 10.00 0.00 0.00 0.00 0.00 7.40
1020.00 7.88 0.00 0.00 0.00 0.00 6.55
1030.00 12.50 0.00 0.00 0.00 0.00 8.30
1040.00 5.75 0.00 0.00 0.00 0.00 5.60
1050.00 14.38 0.00 0.00 0.00 0.00 8.75
1060.00 7.00 0.00 0.00 0.00 0.00 6.60
1070.00 6.38 0.00 0.00 0.00 0.00 6.15
1080.00 13.50 0.00 0.00 0.00 0.00 7.80
1090.00 18.63 0.00 0.00 0.00 0.00 10.65
1100.00 9.25 0.00 0.00 0.00 0.00 6.60
1110.00 8.13 0.00 0.00 0.00 0.00 6.65
1120.00 9.25 0.00 0.00 0.00 0.00 7.45
1130.00 7.00 0.00 0.00 0.00 0.00 6.15
1140.00 7.75 0.00 0.00 0.00 0.00 6.60
1150.00 8.63 0.00 0.00 0.00 0.00 7.20
1160.00 9.63 0.00 0.00 0.00 0.00 6.85
1170.00 10.25 0.00 0.00 0.00 0.00 6.95
1180.00 23.00 0.00 0.00 0.00 0.00 11.75
1190.00 9.50 0.00 0.00 0.00 0.00 7.75
1200.00 12.25 0.00 0.00 0.00 0.00 7.70
1210.00 10.63 0.00 0.00 0.00 0.00 7.30
1220.00 5.63 0.00 0.00 0.00 0.00 5.90
1230.00 7.75 0.00 0.00 0.00 0.00 6.25
1240.00 10.25 0.00 0.00 0.00 0.00 7.25
1250.00 11.25 0.00 0.00 0.00 0.00 8.25
1260.00 7.75 0.00 0.00 0.00 0.00 6.45
1270.00 6.63 0.00 0.13 0.00 0.00 5.80
1280.00 7.50 0.00 0.00 0.00 0.00 7.05
1290.00 7.00 0.00 0.00 0.00 0.00 6.30
1300.00 8.63 0.00 0.00 0.00 0.00 6.45
1310.00 17.25 0.00 0.00 0.00 0.00 10.30
1320.00 15.75 0.00 0.00 0.00 0.00 9.30
1330.00 12.13 0.00 0.00 0.00 0.00 7.70
1340.00 17.25 0.00 0.00 0.00 0.00 9.45
1350.00 7.38 0.00 0.00 0.00 0.00 6.50
1360.00 5.38 0.00 0.00 0.00 0.00 5.75
1370.00 7.00 0.00 0.00 0.00 0.00 6.40
1380.00 8.50 0.00 0.00 0.00 0.00 6.65
1390.00 8.38 0.00 0.00 0.00 0.00 7.00
1400.00 6.63 0.00 0.00 0.00 0.00 6.25
1410.00 7.00 0.00 0.00 0.00 0.00 6.20
1420.00 13.50 0.00 0.00 0.00 0.00 8.55
1430.00 27.75 0.00 0.00 0.00 0.00 12.50
1440.00 11.38 0.00 0.00 0.00 0.00 8.30
1450.00 8.38 0.00 0.00 0.00 0.00 6.65
1460.00 5.13 0.00 0.00 0.00 0.00 5.45
1470.00 7.38 0.00 0.00 0.00 0.00 6.55
1480.00 8.50 0.00 0.00 0.00 0.00 6.60
1490.00 11.13 0.00 0.00 0.00 0.00 8.10
1500.00 8.13 0.00 0.00 0.00 0.00 6.35
1510.00 7.13 0.00 0.00 0.00 0.00 6.40
1520.00 19.38 0.00 0.00 0.00 0.00 10.50
1530.00 12.75 0.00 0.00 0.00 0.00 8.20
1540.00 12.25 0.00 0.00 0.00 0.00 7.95
1550.00 9.25 0.00 0.00 0.00 0.00 6.85
1560.00 10.25 0.00 0.00 0.00 0.00 7.65
1570.00 7.13 0.00 0.00 0.00 0.00 6.00
1580.00 13.13 0.00 0.00 0.00 0.00 8.55
1590.00 6.75 0.00 0.00 0.00 0.00 6.55
1600.00 9.00 0.00 0.00 0.00 0.00 6.60
1610.00 11.63 0.00 0.00 0.00 0.00 7.50
1620.00 19.75 0.00 0.00 0.00 0.00 11.10
1630.00 10.00 0.00 0.00 0.00 0.00 7.15
1640.00 8.38 0.00 0.00 0.00 0.00 6.55
1650.00 8.75 0.00 0.00 0.00 0.00 7.05
1660.00 10.63 0.00 0.00 0.00 0.00 7.80
1670.00 10.25 0.00 0.00 0.00 0.00 7.20
1680.00 6.88 0.00 0.00 0.00 0.00 6.40
1690.00 9.38 0.00 0.00 0.00 0.00 7.10
1700.00 9.88 0.00 0.00 0.00 0.00 7.05
1710.00 13.63 0.00 0.00 0.00 0.00 8.10
1720.00 14.75 0.00 0.00 0.00 0.00 8.90
1730.00 16.25 0.00 0.00 0.00 0.00 9.70
1740.00 7.50 0.00 0.00 0.00 0.00 6.30
1750.00 9.13 0.00 0.00 0.00 0.00 7.10
1760.00 7.13 0.00 0.00 0.00 0.00 6.50
1770.00 11.38 0.00 0.00 0.00 0.00 7.60
1780.00 16.25 0.00 0.00 0.00 0.00 9.60
1790.00 8.38 0.00 0.00 0.00 0.00 6.65
1800.00 7.50 0.00 0.00 0.00 0.00 6.40
1810.00 6.63 0.00 0.00 0.00 0.00 6.30
1820.00 8.63 0.00 0.00 0.13 0.00 6.05
1830.00 7.88 0.00 0.00 0.00 0.00 7.05
1840.00 10.63 0.00 0.00 0.00 0.00 7.30
1850.00 16.75 0.00 0.00 0.00 0.00 9.95
1860.00 11.00 0.00 0.00 0.00 0.00 7.60
1870.00 14.38 0.00 0.00 0.00 0.00 8.75
1880.00 8.38 0.00 0.00 0.00 0.00 6.55
1890.00 9.13 0.00 0.00 0.00 0.00 7.05
1900.00 11.63 0.00 0.00 0.00 0.00 7.75
1910.00 9.13 0.00 0.00 0.00 0.00 6.90
1920.00 2.88 0.00 0.00 0.00 0.00 5.20
1930.00 21.38 0.00 0.00 0.00 0.00 11.25
1940.00 7.88 0.00 0.00 0.00 0.00 6.50
1950.00 8.38 0.00 0.00 0.00 0.00 6.45
1960.00 10.25 0.00 0.00 0.00 0.00 7.35
1970.00 16.00 0.00 0.00 0.00 0.00 9.70
1980.00 5.88 0.00 0.00 0.00 0.00 5.65
1990.00 16.75 0.00 0.00 0.00 0.00 9.75
2000.00 11.88 0.00 0.00 0.00 0.00 8.15
