10.00 0.38 0.00 0.75 0.25 0.63 5.20
20.00 0.13 0.13 0.50 0.25 0.63 4.90
30.00 0.25 0.38 0.50 0.13 0.75 5.40
40.00 0.25 0.25 0.50 0.13 0.38 5.20
50.00 0.63 0.38 0.38 0.13 0.25 4.95
60.00 0.38 0.88 0.25 0.13 0.50 5.00
70.00 0.38 0.50 0.25 0.13 0.63 5.15
80.00 0.38 0.63 0.25 0.00 0.50 5.15
90.00 0.63 0.50 0.50 0.50 0.63 5.10
100.00 0.50 0.50 0.38 0.13 0.75 5.00
110.00 0.88 0.75 0.13 0.13 0.50 5.10
120.00 0.25 0.63 0.50 0.88 0.25 5.40
130.00 0.13 0.13 0.25 0.38 0.63 4.80
140.00 0.25 1.13 0.38 0.25 0.63 5.35
150.00 0.88 0.63 0.38 0.75 0.13 5.30
160.00 0.75 0.25 0.63 0.13 0.13 5.15
170.00 0.38 0.88 0.50 0.13 0.13 5.35
180.00 0.13 0.75 0.50 0.25 0.00 4.75
190.00 0.13 0.63 0.50 0.25 0.75 5.05
200.00 0.00 0.88 0.25 0.13 0.50 5.10
210.00 0.25 1.00 1.13 0.00 0.25 5.40
220.00 0.38 0.63 0.50 0.63 0.25 4.95
230.00 0.25 0.00 0.25 0.50 0.25 5.05
240.00 0.63 0.50 0.25 0.50 0.63 5.15
250.00 0.63 0.13 0.63 0.25 0.38 5.25
260.00 0.25 0.38 0.50 0.25 1.00 5.05
270.00 0.25 0.38 0.13 0.63 0.88 5.15
280.00 0.25 0.38 0.38 0.38 0.88 4.95
290.00 0.63 0.75 0.25 0.50 0.88 5.35
300.00 0.75 0.88 0.38 0.13 0.38 5.25
310.00 1.00 0.50 1.00 0.50 0.00 5.45
320.00 0.25 0.88 0.75 0.63 0.63 5.20
330.00 1.00 0.50 0.38 0.88 0.25 4.95
340.00 0.50 0.88 0.75 0.25 0.13 5.25
350.00 0.50 0.25 0.38 0.13 0.13 4.95
360.00 1.13 0.63 0.25 0.13 0.38 5.15
370.00 0.63 1.38 0.38 0.63 0.00 5.10
380.00 0.50 0.88 0.63 0.25 0.13 5.75
390.00 0.25 0.63 0.38 0.63 0.38 4.60
400.00 0.50 0.75 0.50 0.63 0.63 5.50
410.00 0.38 0.25 0.25 0.00 1.25 4.90
420.00 0.63 0.13 0.75 0.13 0.25 5.30
430.00 0.50 0.25 0.13 0.25 1.00 5.15
440.00 0.50 0.50 0.38 0.25 0.50 5.05
450.00 0.63 0.50 0.13 0.00 0.63 4.80
460.00 0.75 0.38 0.25 0.50 0.63 5.40
470.00 0.38 0.75 0.38 0.63 0.50 5.20
480.00 0.13 0.50 0.63 0.25 0.63 4.95
490.00 0.50 0.38 0.50 0.75 0.25 5.55
500.00 0.50 0.75 0.25 0.50 0.50 5.20
510.00 4.63 0.50 0.25 0.25 0.25 6.00
520.00 18.00 0.00 0.00 0.00 0.00 9.80
530.00 16.00 0.00 0.00 0.00 0.00 8.70
540.00 18.25 0.00 0.00 0.00 0.00 10.75
550.00 17.25 0.00 0.00 0.00 0.00 9.60
560.00 17.00 0.00 0.00 0.00 0.00 9.85
570.00 21.88 0.00 0.00 0.00 0.00 10.45
580.00 15.63 0.00 0.00 0.00 0.00 9.25
590.00 4.88 0.00 0.00 0.00 0.00 5.40
600.00 3.13 0.00 0.00 0.00 0.00 5.00
610.00 3.13 0.00 0.00 0.00 0.00 5.00
620.00 3.38 0.13 0.00 0.25 0.00 5.55
630.00 1.50 0.00 0.25 0.38 0.38 4.90
640.00 0.88 0.13 0.63 0.75 0.25 5.00
650.00 0.50 0.50 0.75 0.13 0.13 5.15
660.00 0.88 0.25 0.38 0.38 0.50 5.50
670.00 0.38 0.25 0.25 0.38 0.25 4.90
680.00 0.38 0.50 0.38 0.50 0.50 5.25
690.00 0.13 0.38 0.75 0.50 0.25 5.15
700.00 0.25 0.25 0.75 0.25 0.63 4.90
710.00 1.00 0.38 1.13 0.25 0.25 5.30
720.00 0.38 0.25 1.13 1.00 0.25 5.70
730.00 0.63 0.25 0.63 0.50 0.25 4.85
740.00 0.13 0.25 1.00 0.63 0.25 5.50
750.00 0.38 0.13 0.50 0.38 0.63 4.60
760.00 0.13 0.00 1.00 0.75 0.63 5.50
770.00 0.25 0.25 0.38 0.25 1.00 4.85
780.00 0.50 0.38 0.63 0.13 0.63 5.55
790.00 0.25 0.38 0.88 0.88 1.00 5.25
800.00 0.63 0.50 0.63 0.63 0.00 5.45
810.00 0.38 1.13 0.38 0.13 0.50 5.20
820.00 0.63 0.38 0.13 0.75 0.50 5.10
830.00 0.75 0.25 0.00 0.25 0.63 5.05
840.00 0.63 0.75 0.38 0.25 0.50 5.35
850.00 0.25 0.00 0.50 0.75 0.25 5.05
860.00 0.50 0.50 0.38 0.38 0.63 5.10
870.00 0.38 0.50 0.50 0.13 0.00 5.20
880.00 0.25 0.25 0.63 0.38 1.00 5.30
890.00 0.50 0.38 0.75 0.38 0.38 4.85
900.00 0.38 0.63 1.25 0.00 0.50 5.45
910.00 0.38 0.50 0.63 0.38 0.25 5.00
920.00 0.13 0.88 0.50 0.25 0.63 5.25
930.00 0.13 0.50 0.38 0.50 0.38 5.30
940.00 0.13 0.25 1.00 0.50 0.13 4.95
950.00 0.13 0.75 0.75 0.38 0.00 5.00
960.00 0.13 0.38 0.50 0.50 0.25 5.10
970.00 0.50 0.88 1.38 0.38 0.25 5.30
980.00 0.88 0.13 1.00 0.75 0.13 5.25
990.00 0.25 0.13 0.75 0.38 0.88 5.25
1000.00 0.63 0.88 0.75 0.13 0.38 5.20
1010.00 0.75 0.50 0.50 0.25 0.63 5.05
1020.00 0.25 0.63 0.75 0.13 0.38 5.30
1030.00 0.63 0.50 1.00 0.38 0.50 5.05
1040.00 0.63 0.25 0.13 0.13 0.13 5.10
1050.00 0.25 0.00 0.25 0.50 0.50 5.00
1060.00 0.75 0.63 0.00 0.25 0.63 5.10
1070.00 0.75 0.38 0.50 0.38 0.38 5.55
1080.00 0.38 0.13 0.25 0.00 0.88 4.80
1090.00 0.50 0.50 1.00 0.75 0.25 5.15
1100.00 0.38 0.63 0.38 0.75 1.00 5.35
1110.00 0.13 0.13 0.50 0.75 0.50 5.25
1120.00 0.50 0.25 0.38 0.63 0.38 4.90
1130.00 0.13 0.50 0.50 0.75 0.50 5.15
1140.00 0.50 0.50 0.50 0.50 0.50 5.30
1150.00 0.50 0.50 0.50 0.38 0.25 5.10
1160.00 0.38 1.13 0.25 0.25 0.50 5.15
1170.00 0.25 0.50 0.25 0.38 0.13 4.90
1180.00 0.75 0.63 0.25 0.38 0.38 5.10
1190.00 0.75 1.00 0.13 0.25 0.50 5.30
1200.00 0.25 0.38 0.63 0.50 0.25 5.20
1210.00 0.38 0.75 0.38 0.88 1.25 5.45
1220.00 0.25 0.50 0.50 0.75 0.75 4.85
1230.00 0.38 0.25 0.25 0.13 1.00 5.15
1240.00 0.50 0.25 0.13 0.38 0.13 5.00
1250.00 0.38 0.50 0.00 0.50 0.50 5.20
1260.00 0.38 0.38 0.25 0.13 0.13 5.15
1270.00 0.88 0.25 0.38 0.13 1.25 5.30
1280.00 0.38 0.25 0.63 0.38 0.38 5.30
1290.00 0.38 0.25 0.25 0.50 0.25 4.60
1300.00 0.38 1.13 0.50 0.38 0.88 5.30
1310.00 0.13 0.50 0.88 0.13 1.13 5.55
1320.00 0.25 0.13 0.25 0.50 0.63 4.75
1330.00 0.25 0.13 0.88 0.00 0.38 5.20
1340.00 1.25 0.38 0.63 0.25 0.38 4.90
1350.00 0.63 0.38 2.00 0.38 0.75 5.90
1360.00 0.38 0.13 0.63 0.13 0.75 4.85
1370.00 0.13 0.25 0.00 0.13 1.25 5.45
1380.00 0.13 0.63 0.13 0.63 0.50 4.85
1390.00 0.25 0.13 0.25 0.38 0.38 5.05
1400.00 0.25 0.88 0.13 0.25 0.25 5.30
1410.00 1.25 0.13 0.25 0.50 0.63 5.30
1420.00 0.75 0.38 0.13 0.25 0.38 5.30
1430.00 1.88 0.38 0.38 0.38 0.13 5.20
1440.00 1.00 0.75 0.13 0.38 0.13 5.25
1450.00 0.88 0.25 0.38 0.50 0.25 4.95
1460.00 0.38 0.63 0.25 0.25 0.25 5.70
1470.00 0.38 0.63 0.00 0.50 0.50 4.90
1480.00 0.25 0.25 0.25 0.38 0.75 5.30
1490.00 0.38 0.25 0.38 0.75 0.25 5.25
1500.00 0.75 0.50 0.13 0.25 0.25 5.05
1510.00 0.50 0.38 0.38 0.63 0.50 5.05
1520.00 0.25 0.25 0.50 0.50 0.38 5.30
1530.00 0.25 0.38 0.38 0.25 0.50 5.15
1540.00 0.38 0.50 0.50 0.00 0.50 5.05
1550.00 0.75 0.38 0.50 0.13 0.38 4.95
1560.00 1.25 0.88 0.25 0.75 0.38 5.50
1570.00 0.38 0.75 0.38 0.38 0.63 5.20
1580.00 0.63 0.63 0.00 0.38 0.50 5.00
1590.00 0.25 0.63 0.63 0.13 0.38 5.10
1600.00 0.25 0.63 0.25 0.50 0.88 5.20
1610.00 0.38 0.38 1.13 0.50 0.75 5.40
1620.00 0.63 0.50 0.13 0.25 0.63 4.85
1630.00 1.00 0.38 0.00 0.50 0.38 5.25
1640.00 1.13 0.00 0.50 0.38 0.38 5.00
1650.00 0.50 0.25 0.63 0.25 0.13 5.60
1660.00 0.63 0.63 0.75 0.88 0.13 4.95
1670.00 0.88 0.50 0.63 0.38 0.25 5.15
1680.00 0.38 1.00 0.50 0.38 0.38 5.45
1690.00 0.38 0.50 0.63 0.38 0.50 4.85
1700.00 0.63 0.38 0.25 0.38 0.38 5.25
1710.00 0.50 0.25 0.25 1.00 0.13 5.20
1720.00 0.50 0.50 0.25 0.63 0.50 5.10
1730.00 0.50 0.13 0.25 0.50 0.38 5.20
1740.00 0.25 0.75 1.13 0.00 0.25 5.15
1750.00 1.00 0.63 1.13 0.25 0.63 5.35
1760.00 0.88 0.38 0.25 0.25 0.63 5.35
1770.00 0.38 0.25 0.50 0.63 0.13 4.80
