10.00 0.63 0.25 0.50 0.38 0.13 5.25
20.00 1.00 0.25 0.50 0.50 0.38 5.45
30.00 1.13 0.25 0.25 0.50 0.25 5.25
40.00 0.25 0.13 0.25 0.13 0.38 5.05
50.00 0.38 0.88 0.00 0.38 0.13 5.30
60.00 1.00 0.75 0.13 0.13 0.25 5.25
70.00 0.25 0.25 0.25 0.50 0.25 5.05
80.00 0.38 0.13 0.88 0.38 0.38 5.55
90.00 0.13 0.38 0.13 0.13 0.25 5.10
100.00 0.25 0.38 0.25 0.13 0.63 5.20
110.00 0.25 0.38 0.75 0.50 0.00 5.20
120.00 0.00 0.50 0.38 0.25 0.38 5.00
130.00 0.00 0.50 0.75 0.50 0.00 5.35
140.00 0.25 0.13 0.75 0.50 0.63 5.20
150.00 0.50 0.25 0.75 0.50 0.25 5.20
160.00 0.38 0.38 0.13 0.38 0.38 5.15
170.00 0.13 0.13 0.25 0.88 0.38 5.00
180.00 0.50 0.25 0.25 0.63 0.38 5.30
190.00 0.63 0.38 0.75 0.38 0.38 5.20
200.00 0.25 0.13 0.38 0.38 0.88 5.65
210.00 0.50 0.25 0.38 0.00 0.13 4.90
220.00 0.25 0.25 0.13 0.25 0.88 5.60
230.00 0.13 0.13 0.38 0.38 0.63 4.65
240.00 0.75 0.38 0.63 0.50 0.13 5.50
250.00 0.50 0.38 0.63 0.13 0.38 5.40
260.00 0.50 0.50 0.38 0.13 0.38 5.25
270.00 0.50 0.13 1.00 0.25 0.25 5.00
280.00 0.50 0.25 0.38 0.13 0.13 5.35
290.00 0.13 0.25 0.25 0.13 0.25 4.90
300.00 0.50 0.63 0.38 0.13 0.63 5.40
310.00 0.25 0.25 0.25 0.00 0.13 5.10
320.00 0.38 0.38 0.75 0.00 0.25 5.10
330.00 0.13 0.75 0.50 0.75 0.00 5.55
340.00 0.50 0.00 0.38 0.13 0.50 5.10
350.00 0.38 0.50 0.00 0.25 0.13 5.15
360.00 0.63 0.25 0.38 0.38 0.38 5.25
370.00 0.25 0.25 0.50 0.25 0.38 5.50
380.00 0.00 0.50 0.13 0.25 0.50 4.85
390.00 0.13 0.50 0.25 0.25 1.38 5.85
400.00 0.13 0.50 0.00 0.75 0.13 5.00
410.00 0.25 0.13 0.38 0.38 0.50 5.15
420.00 0.25 0.50 0.13 0.25 0.38 5.10
430.00 0.38 0.13 0.25 0.13 0.38 4.90
440.00 0.25 0.25 0.25 0.00 0.13 5.25
450.00 0.50 0.50 0.50 0.13 0.13 5.15
460.00 0.50 0.00 0.13 0.25 0.88 5.50
470.00 0.50 0.38 0.13 0.50 0.38 5.15
480.00 0.50 0.25 0.13 0.13 0.38 4.90
490.00 0.38 0.63 0.88 0.25 0.00 5.55
500.00 0.13 0.25 0.00 0.38 0.25 5.40
510.00 4.88 0.25 0.25 0.38 0.13 6.05
520.00 12.75 0.00 0.00 0.00 0.00 9.75
530.00 13.63 0.00 0.00 0.00 0.00 10.25
540.00 14.75 0.00 0.00 0.00 0.00 10.40
550.00 10.63 0.00 0.00 0.00 0.00 8.65
560.00 15.88 0.00 0.00 0.00 0.00 10.70
570.00 14.38 0.00 0.00 0.00 0.00 10.35
580.00 4.00 0.00 0.00 0.00 0.00 5.60
590.00 3.25 0.00 0.00 0.00 0.00 5.40
600.00 4.00 0.00 0.00 0.00 0.00 5.35
610.00 4.13 0.00 0.00 0.00 0.00 5.90
620.00 5.00 0.00 0.00 0.00 0.00 6.20
630.00 1.88 0.00 0.00 0.25 0.00 5.10
640.00 3.38 0.00 0.00 0.00 0.00 5.45
650.00 3.88 0.00 0.00 0.13 0.25 5.85
660.00 1.38 0.00 0.13 0.00 0.13 5.10
670.00 1.50 0.13 0.00 0.25 0.25 5.70
680.00 0.63 0.38 0.13 0.00 0.38 4.90
690.00 0.63 0.13 0.13 0.00 0.50 5.15
700.00 0.50 0.13 0.38 0.25 0.75 5.15
710.00 0.50 0.25 0.38 0.38 0.25 5.40
720.00 1.00 0.38 0.38 0.13 0.50 4.95
730.00 0.63 0.13 0.13 0.00 0.88 5.45
740.00 0.63 0.25 0.13 0.25 0.38 5.40
750.00 0.75 0.38 0.88 0.13 0.00 5.20
760.00 0.00 0.13 0.00 0.50 0.50 5.30
770.00 0.50 0.13 0.75 0.50 0.50 5.10
780.00 0.00 0.25 0.25 0.75 0.38 5.05
790.00 0.25 0.38 0.75 0.63 0.38 5.50
800.00 0.25 0.75 0.13 0.13 0.00 4.90
810.00 0.38 0.50 0.25 0.25 0.00 5.25
820.00 0.38 0.75 0.63 0.25 0.13 5.45
830.00 1.25 0.38 0.25 0.13 0.13 5.00
840.00 0.88 0.13 0.38 0.13 0.38 5.40
850.00 1.25 0.25 0.38 0.50 0.25 5.35
860.00 0.88 0.50 0.00 0.38 0.38 5.60
870.00 0.38 0.13 0.25 0.25 0.38 4.70
880.00 0.75 0.25 0.13 0.00 0.00 5.20
890.00 0.25 0.25 0.75 0.75 0.00 5.15
900.00 0.38 0.38 0.13 0.25 0.00 5.45
910.00 0.13 0.38 0.38 0.25 0.50 5.20
920.00 0.13 0.63 0.50 0.38 0.25 5.25
930.00 0.25 0.00 0.50 0.25 0.63 5.15
940.00 0.25 0.25 0.63 0.50 0.13 5.35
950.00 0.25 0.38 0.25 0.25 0.25 5.10
960.00 0.50 0.50 0.25 0.38 0.25 5.10
970.00 0.25 0.13 0.38 0.13 0.13 5.40
980.00 0.25 0.25 0.63 0.25 0.75 5.05
990.00 0.50 0.13 1.13 0.13 0.38 5.35
1000.00 0.13 0.63 0.63 0.75 0.63 5.25
1010.00 0.13 0.25 0.13 0.50 1.13 5.25
1020.00 0.38 0.63 0.38 0.00 0.13 5.15
1030.00 0.25 0.13 1.13 0.38 0.25 5.05
1040.00 0.38 0.25 0.63 0.38 0.50 5.30
1050.00 0.50 0.38 0.50 0.25 0.00 5.20
1060.00 0.38 0.00 0.25 0.13 1.00 5.35
1070.00 0.13 0.13 0.50 0.00 0.25 4.95
1080.00 0.38 0.13 0.88 0.88 0.38 5.35
1090.00 0.63 0.25 0.25 0.25 0.13 4.90
1100.00 0.88 0.13 0.25 0.25 0.50 5.35
1110.00 0.75 0.38 0.13 0.38 0.25 5.40
1120.00 0.63 0.13 0.13 0.63 0.38 4.90
1130.00 0.88 0.00 0.38 0.38 0.75 5.55
1140.00 1.63 0.25 0.00 0.13 0.63 5.70
1150.00 0.75 0.25 0.25 0.50 0.13 4.75
1160.00 0.88 0.25 0.25 0.00 0.38 5.45
1170.00 0.88 0.13 0.00 0.88 0.25 5.40
1180.00 0.88 0.00 0.38 0.00 0.38 5.20
1190.00 0.13 0.50 0.75 0.13 0.00 5.15
1200.00 0.13 0.63 0.38 0.00 0.25 5.15
1210.00 0.38 0.63 0.75 0.00 0.63 5.20
1220.00 0.38 0.75 0.25 0.38 0.13 5.70
1230.00 0.88 0.63 0.38 0.25 0.13 5.10
1240.00 0.00 0.25 0.00 0.63 0.13 5.10
1250.00 1.25 0.63 0.13 0.13 0.38 5.40
1260.00 1.00 0.50 0.13 0.25 0.00 4.55
1270.00 0.75 0.63 0.25 0.38 0.38 5.85
1280.00 0.00 0.25 0.38 0.25 0.38 5.00
1290.00 0.25 0.63 0.50 0.25 0.63 5.10
1300.00 1.00 0.25 0.25 0.13 0.25 5.45
1310.00 0.75 0.13 0.25 0.38 0.00 5.25
1320.00 0.50 0.38 0.25 0.13 0.13 5.00
1330.00 1.25 0.50 0.75 0.38 0.25 5.55
1340.00 0.38 0.50 0.50 0.38 0.25 5.35
1350.00 1.25 0.25 0.00 0.50 0.38 5.40
1360.00 1.75 0.50 0.00 0.38 0.13 5.10
1370.00 0.50 0.13 0.25 0.63 0.00 5.30
1380.00 1.50 0.00 0.50 0.38 0.25 5.45
1390.00 1.13 0.13 0.25 0.25 0.25 5.30
1400.00 1.13 0.63 0.00 0.13 0.00 5.15
1410.00 1.25 0.50 0.13 0.13 0.63 5.50
1420.00 1.13 0.50 0.00 0.00 0.25 5.10
1430.00 0.50 0.38 0.25 0.63 0.38 5.40
1440.00 1.13 0.38 0.00 0.50 0.13 5.30
1450.00 0.75 0.25 0.50 0.50 0.00 5.45
1460.00 2.38 0.38 0.00 0.00 0.00 5.15
1470.00 1.38 0.25 0.13 0.25 0.25 5.40
1480.00 0.88 0.00 0.25 0.25 0.00 5.05
1490.00 1.38 0.50 0.50 0.13 0.25 5.45
1500.00 0.50 0.50 0.25 0.00 0.63 5.25
1510.00 1.00 0.50 0.13 0.13 0.50 5.05
1520.00 0.75 0.50 0.25 0.25 0.13 5.25
1530.00 0.63 0.63 0.38 0.50 0.38 5.30
1540.00 0.63 0.63 0.50 0.13 0.25 5.50
1550.00 0.75 0.13 1.25 0.25 0.13 5.25
1560.00 2.63 0.25 0.00 0.00 0.13 5.70
1570.00 3.00 0.13 0.50 0.00 0.50 5.50
1580.00 3.00 0.25 0.25 0.13 0.00 6.05
1590.00 3.75 0.00 0.25 0.25 0.00 5.85
1600.00 2.25 0.13 0.25 0.00 0.25 5.40
1610.00 3.63 0.00 0.50 0.00 0.00 5.70
1620.00 5.75 0.13 0.00 0.00 0.00 6.80
1630.00 4.75 0.00 0.00 0.00 0.00 6.10
1640.00 7.00 0.00 0.00 0.00 0.00 7.40
1650.00 9.63 0.00 0.00 0.00 0.00 7.85
1660.00 6.75 0.00 0.00 0.00 0.00 7.00
1670.00 9.13 0.00 0.00 0.00 0.13 8.00
1680.00 7.00 0.00 0.00 0.00 0.00 7.20
1690.00 7.00 0.00 0.00 0.00 0.00 6.40
1700.00 5.00 0.00 0.00 0.00 0.00 6.25
1710.00 5.50 0.00 0.00 0.00 0.00 6.65
1720.00 7.63 0.00 0.00 0.00 0.00 7.05
1730.00 5.88 0.00 0.00 0.00 0.00 6.95
1740.00 4.13 0.00 0.00 0.13 0.00 5.45
1750.00 4.88 0.00 0.00 0.00 0.13 6.35
1760.00 4.25 0.00 0.00 0.00 0.00 6.15
1770.00 8.38 0.00 0.00 0.00 0.00 7.05
1780.00 5.00 0.00 0.00 0.00 0.00 6.60
1790.00 4.63 0.13 0.00 0.00 0.00 6.05
1800.00 4.63 0.00 0.00 0.00 0.00 6.05
1810.00 10.13 0.00 0.00 0.00 0.00 7.75
1820.00 4.75 0.00 0.00 0.00 0.00 6.35
1830.00 6.38 0.00 0.00 0.00 0.00 6.80
1840.00 5.88 0.00 0.00 0.00 0.00 6.55
1850.00 4.88 0.00 0.00 0.00 0.00 5.90
1860.00 4.50 0.00 0.00 0.00 0.00 6.25
1870.00 6.00 0.00 0.00 0.00 0.00 6.30
1880.00 4.63 0.00 0.00 0.00 0.00 6.45
1890.00 6.00 0.00 0.00 0.13 0.00 6.55
1900.00 4.63 0.00 0.00 0.00 0.00 5.80
1910.00 8.75 0.00 0.00 0.00 0.13 7.95
1920.00 6.00 0.00 0.00 0.00 0.00 6.50
1930.00 5.38 0.00 0.00 0.00 0.00 6.45
1940.00 6.38 0.00 0.00 0.00 0.00 6.90
1950.00 4.63 0.00 0.00 0.00 0.00 5.95
1960.00 5.00 0.00 0.13 0.00 0.00 6.40
1970.00 10.88 0.00 0.00 0.00 0.00 8.70
1980.00 5.75 0.00 0.00 0.00 0.00 6.55
1990.00 7.25 0.00 0.00 0.00 0.00 6.85
2000.00 8.63 0.00 0.00 0.00 0.00 7.90
2010.00 6.00 0.00 0.00 0.00 0.00 6.05
2020.00 12.63 0.00 0.00 0.00 0.00 9.95
2030.00 4.38 0.00 0.00 0.00 0.00 5.80
2040.00 6.50 0.00 0.00 0.00 0.00 6.60
2050.00 5.75 0.00 0.00 0.00 0.00 6.55
2060.00 7.25 0.00 0.00 0.00 0.00 7.10
2070.00 8.25 0.00 0.00 0.00 0.00 7.90
