10.00 0.13 0.25 0.38 0.50 0.25 4.90
20.00 0.13 0.50 0.38 0.63 0.13 5.55
30.00 0.75 0.13 0.13 0.38 0.50 5.35
40.00 0.38 0.38 0.13 0.00 0.25 4.75
50.00 0.25 0.25 0.25 0.25 0.63 5.45
60.00 0.50 0.00 0.00 0.50 0.50 4.95
70.00 0.63 0.38 0.38 0.63 0.38 5.65
80.00 0.63 0.38 0.13 0.25 0.00 5.05
90.00 0.13 0.38 0.25 0.38 0.38 5.35
100.00 0.13 0.38 0.25 0.13 0.25 4.90
110.00 0.13 0.13 0.38 0.88 0.25 5.45
120.00 0.25 0.25 0.25 0.13 0.25 5.15
130.00 0.25 0.50 0.13 0.38 0.25 5.10
140.00 0.75 0.13 0.13 0.25 0.13 5.45
150.00 0.38 0.25 0.13 0.38 0.25 5.05
160.00 0.50 0.25 0.38 0.25 0.13 5.15
170.00 0.63 0.25 0.38 0.00 0.25 4.85
180.00 0.25 0.25 0.75 0.38 0.25 5.45
190.00 0.50 0.25 0.50 0.13 0.63 5.25
200.00 0.75 0.50 0.00 0.00 0.38 5.15
210.00 0.38 0.63 0.25 0.25 0.50 5.30
220.00 0.75 0.25 0.13 0.25 0.63 5.30
230.00 0.50 0.00 0.75 0.38 0.25 5.50
240.00 0.50 0.25 0.13 0.13 0.13 5.00
250.00 0.25 0.13 0.63 0.25 0.25 5.25
260.00 0.25 0.13 0.25 0.00 0.38 5.10
270.00 0.38 0.50 0.75 0.38 0.38 5.15
280.00 0.00 0.25 0.38 0.38 0.75 5.50
290.00 0.38 0.38 0.50 0.38 0.13 5.10
300.00 0.75 0.13 0.38 0.38 0.25 5.20
310.00 0.63 0.13 0.50 1.00 0.13 5.20
320.00 0.00 0.25 0.25 0.25 0.50 4.95
330.00 0.13 0.50 0.13 0.63 0.13 5.30
340.00 0.13 0.63 0.38 0.50 0.13 5.15
350.00 0.25 0.75 0.38 0.25 0.25 5.40
360.00 0.38 1.00 0.13 0.13 0.38 4.95
370.00 0.75 0.38 0.25 0.00 0.13 5.15
380.00 0.00 1.13 0.00 0.38 0.25 5.20
390.00 0.50 0.25 0.25 0.13 0.38 4.90
400.00 0.50 0.25 0.13 0.38 0.38 5.35
410.00 0.13 0.50 0.63 0.75 0.00 5.20
420.00 0.63 0.50 0.13 0.25 0.13 5.40
430.00 0.38 0.13 1.13 0.25 0.00 5.20
440.00 0.13 0.25 0.75 0.25 0.38 5.15
450.00 0.25 0.13 0.63 0.00 0.88 5.30
460.00 0.13 0.38 0.50 0.13 0.63 5.20
470.00 0.25 0.38 0.25 0.25 0.63 5.40
480.00 0.50 0.50 0.38 0.00 0.38 4.85
490.00 0.25 0.38 0.38 0.75 0.63 5.25
500.00 0.25 1.00 0.25 0.38 0.63 5.45
510.00 7.25 0.13 0.25 0.00 0.13 7.55
520.00 13.13 0.00 0.00 0.00 0.00 9.45
530.00 11.63 0.00 0.00 0.00 0.00 9.15
540.00 15.50 0.00 0.00 0.00 0.00 10.85
550.00 13.50 0.00 0.00 0.00 0.00 9.75
560.00 13.00 0.00 0.00 0.00 0.00 9.60
570.00 15.25 0.00 0.00 0.00 0.00 10.65
580.00 8.13 0.00 0.00 0.00 0.00 7.65
590.00 3.88 0.00 0.00 0.00 0.00 5.55
600.00 2.38 0.00 0.00 0.00 0.00 5.15
610.00 4.88 0.00 0.00 0.00 0.00 6.05
620.00 3.75 0.13 0.00 0.00 0.00 5.75
630.00 4.50 0.00 0.00 0.00 0.00 6.05
640.00 3.88 0.00 0.00 0.00 0.13 5.85
650.00 3.13 0.13 0.00 0.13 0.13 5.55
660.00 1.88 0.00 0.13 0.13 0.50 5.25
670.00 2.50 0.00 0.00 0.00 0.00 5.55
680.00 3.38 0.13 0.00 0.00 0.25 5.65
690.00 3.00 0.13 0.00 0.00 0.13 5.30
700.00 2.38 0.00 0.25 0.13 0.13 5.10
710.00 2.00 0.00 0.50 0.00 0.25 5.55
720.00 2.38 0.00 0.00 0.00 0.00 5.30
730.00 2.63 0.13 0.00 0.00 0.00 5.45
740.00 4.13 0.00 0.13 0.00 0.13 6.35
750.00 2.75 0.00 0.13 0.13 0.25 5.60
760.00 6.13 0.00 0.00 0.13 0.00 6.70
770.00 3.88 0.00 0.00 0.00 0.00 5.45
780.00 8.38 0.00 0.00 0.00 0.13 7.95
790.00 4.50 0.00 0.00 0.00 0.00 5.85
800.00 8.00 0.00 0.00 0.00 0.00 7.50
810.00 5.25 0.00 0.00 0.00 0.00 6.30
820.00 6.25 0.00 0.00 0.00 0.00 6.50
830.00 9.38 0.00 0.00 0.00 0.00 8.35
840.00 4.50 0.00 0.00 0.00 0.00 5.95
850.00 4.75 0.00 0.00 0.00 0.00 6.20
860.00 5.63 0.00 0.00 0.00 0.00 6.00
870.00 4.00 0.00 0.00 0.00 0.00 6.05
880.00 6.50 0.00 0.00 0.00 0.00 6.90
890.00 8.75 0.00 0.00 0.00 0.00 7.65
900.00 7.25 0.00 0.00 0.00 0.00 7.25
910.00 6.00 0.00 0.00 0.00 0.00 6.50
920.00 4.88 0.00 0.00 0.00 0.00 6.10
930.00 7.00 0.00 0.00 0.00 0.00 7.20
940.00 3.13 0.00 0.00 0.00 0.00 5.35
950.00 4.75 0.00 0.00 0.00 0.00 6.30
960.00 3.63 0.00 0.00 0.00 0.00 5.50
970.00 3.75 0.00 0.13 0.00 0.00 5.55
980.00 5.25 0.00 0.00 0.00 0.00 6.30
990.00 8.88 0.00 0.13 0.00 0.00 7.90
1000.00 8.25 0.00 0.00 0.00 0.00 8.15
1010.00 8.00 0.00 0.00 0.00 0.00 7.05
1020.00 5.88 0.00 0.00 0.00 0.00 6.70
1030.00 4.88 0.00 0.00 0.00 0.00 6.25
1040.00 6.25 0.00 0.00 0.00 0.00 6.30
1050.00 7.50 0.00 0.00 0.00 0.00 7.75
1060.00 7.25 0.00 0.00 0.00 0.00 6.65
1070.00 8.38 0.00 0.00 0.00 0.00 7.95
1080.00 6.25 0.00 0.00 0.00 0.00 6.55
1090.00 8.25 0.00 0.00 0.00 0.00 7.90
1100.00 5.38 0.00 0.00 0.00 0.00 6.30
1110.00 8.38 0.00 0.00 0.00 0.00 7.65
1120.00 6.25 0.00 0.00 0.00 0.00 6.70
1130.00 6.25 0.00 0.00 0.00 0.00 6.45
1140.00 7.75 0.00 0.00 0.00 0.00 7.65
1150.00 6.50 0.00 0.00 0.00 0.00 6.45
1160.00 10.13 0.00 0.00 0.00 0.00 8.60
1170.00 6.63 0.00 0.00 0.00 0.00 6.85
1180.00 2.25 0.00 0.00 0.00 0.00 4.90
1190.00 7.00 0.00 0.00 0.00 0.00 6.75
1200.00 11.38 0.00 0.00 0.00 0.00 9.25
1210.00 9.00 0.00 0.00 0.00 0.00 7.55
1220.00 7.25 0.00 0.00 0.00 0.00 7.40
1230.00 7.75 0.00 0.00 0.00 0.00 7.65
1240.00 7.38 0.00 0.00 0.00 0.00 7.05
1250.00 6.13 0.00 0.00 0.00 0.00 6.50
1260.00 6.75 0.00 0.00 0.00 0.00 7.20
1270.00 8.00 0.00 0.00 0.00 0.00 7.30
1280.00 6.00 0.00 0.00 0.00 0.00 6.80
1290.00 4.13 0.00 0.00 0.00 0.00 5.75
1300.00 10.88 0.00 0.00 0.00 0.00 8.90
1310.00 5.63 0.00 0.00 0.00 0.00 6.05
1320.00 6.50 0.00 0.00 0.00 0.00 7.15
1330.00 6.25 0.00 0.00 0.00 0.00 6.65
1340.00 7.13 0.00 0.00 0.00 0.00 7.10
1350.00 12.38 0.00 0.00 0.00 0.00 9.10
1360.00 5.63 0.00 0.00 0.00 0.00 6.35
1370.00 6.75 0.00 0.00 0.00 0.00 7.05
1380.00 10.13 0.00 0.00 0.00 0.00 8.45
1390.00 9.25 0.00 0.00 0.00 0.00 8.25
1400.00 5.00 0.00 0.00 0.00 0.00 6.15
1410.00 7.13 0.00 0.00 0.00 0.00 6.95
1420.00 10.25 0.00 0.00 0.00 0.00 8.35
1430.00 8.50 0.00 0.00 0.00 0.00 8.10
1440.00 5.13 0.00 0.00 0.00 0.00 6.00
1450.00 7.00 0.00 0.00 0.00 0.00 6.65
1460.00 8.13 0.00 0.00 0.00 0.00 7.80
1470.00 5.25 0.00 0.00 0.00 0.00 6.25
1480.00 6.38 0.00 0.00 0.00 0.00 6.90
1490.00 4.63 0.00 0.00 0.00 0.00 5.90
1500.00 5.75 0.00 0.00 0.00 0.00 6.60
1510.00 7.63 0.00 0.00 0.00 0.00 7.30
1520.00 10.88 0.00 0.00 0.00 0.00 8.10
1530.00 14.25 0.00 0.00 0.00 0.00 10.60
1540.00 12.88 0.00 0.00 0.00 0.00 9.45
1550.00 9.50 0.00 0.00 0.00 0.00 8.20
1560.00 5.63 0.00 0.00 0.00 0.00 6.45
1570.00 5.13 0.00 0.00 0.00 0.00 6.10
1580.00 6.13 0.00 0.00 0.00 0.00 6.70
1590.00 5.25 0.00 0.00 0.00 0.00 5.95
1600.00 5.63 0.00 0.00 0.00 0.00 6.65
1610.00 10.38 0.00 0.00 0.00 0.00 8.45
1620.00 3.63 0.00 0.00 0.00 0.00 5.40
1630.00 13.50 0.00 0.00 0.00 0.00 9.40
1640.00 11.50 0.00 0.00 0.00 0.00 9.85
1650.00 6.00 0.00 0.00 0.00 0.00 6.70
1660.00 12.88 0.00 0.00 0.00 0.00 9.55
1670.00 7.00 0.00 0.00 0.00 0.00 6.95
1680.00 7.75 0.00 0.00 0.00 0.00 7.30
1690.00 5.88 0.00 0.00 0.00 0.00 6.25
1700.00 7.00 0.00 0.00 0.00 0.00 7.30
1710.00 6.38 0.00 0.00 0.00 0.00 6.75
1720.00 6.25 0.00 0.00 0.00 0.00 6.45
1730.00 4.00 0.00 0.00 0.00 0.00 5.80
1740.00 7.38 0.00 0.00 0.00 0.00 7.20
1750.00 7.38 0.00 0.00 0.00 0.00 7.25
1760.00 8.25 0.00 0.00 0.00 0.00 7.70
1770.00 11.88 0.00 0.00 0.00 0.00 9.25
1780.00 9.13 0.00 0.00 0.00 0.00 7.80
1790.00 13.00 0.00 0.00 0.00 0.00 9.90
1800.00 5.38 0.00 0.00 0.00 0.00 5.95
1810.00 7.50 0.00 0.00 0.00 0.00 7.55
1820.00 9.25 0.00 0.00 0.00 0.00 8.00
1830.00 5.75 0.00 0.00 0.00 0.00 6.20
1840.00 4.25 0.00 0.00 0.00 0.00 6.20
1850.00 6.00 0.00 0.00 0.00 0.00 6.40
1860.00 9.75 0.00 0.00 0.00 0.00 8.00
1870.00 7.00 0.00 0.00 0.00 0.00 7.60
1880.00 8.13 0.00 0.00 0.00 0.00 7.40
1890.00 14.63 0.00 0.00 0.00 0.00 10.65
1900.00 9.13 0.00 0.00 0.00 0.00 7.25
1910.00 8.25 0.00 0.00 0.00 0.00 7.90
1920.00 6.38 0.00 0.00 0.00 0.00 6.55
1930.00 5.88 0.00 0.00 0.00 0.00 6.55
1940.00 6.00 0.00 0.00 0.00 0.00 6.60
1950.00 11.38 0.00 0.00 0.00 0.00 9.45
1960.00 7.50 0.00 0.00 0.00 0.00 7.00
1970.00 5.88 0.00 0.00 0.00 0.00 6.75
1980.00 8.13 0.00 0.00 0.00 0.00 7.30
1990.00 7.63 0.00 0.00 0.00 0.00 7.45
2000.00 4.88 0.00 0.00 0.00 0.00 6.20
2010.00 5.88 0.00 0.00 0.00 0.00 6.20
2020.00 7.38 0.00 0.00 0.00 0.00 7.60
2030.00 11.50 0.00 0.00 0.00 0.00 9.05
2040.00 7.63 0.00 0.00 0.00 0.00 6.95
2050.00 8.13 0.00 0.00 0.00 0.00 7.50
2060.00 13.50 0.00 0.00 0.00 0.00 9.55
2070.00 11.13 0.00 0.00 0.00 0.00 9.35
