10.00 0.00 0.63 0.38 0.25 0.13 5.05
20.00 0.25 0.75 0.13 0.88 0.13 5.20
30.00 0.50 0.38 0.50 1.00 0.25 5.15
40.00 0.63 0.63 0.00 0.13 0.38 5.00
50.00 0.50 0.38 0.50 0.38 0.50 5.35
60.00 0.50 0.63 0.25 0.50 0.25 5.20
70.00 0.75 0.38 0.13 0.38 0.50 5.10
80.00 1.00 0.25 0.13 0.25 0.38 5.15
90.00 0.63 0.13 0.75 0.63 0.13 5.30
100.00 0.25 0.25 0.88 0.63 0.38 4.85
110.00 0.25 0.88 0.25 1.00 0.75 4.95
120.00 0.13 0.88 0.63 0.50 0.13 5.55
130.00 0.25 0.63 0.50 0.00 0.38 4.90
140.00 0.38 1.13 0.63 0.50 0.38 5.30
150.00 0.00 0.50 0.63 0.38 0.75 5.25
160.00 0.25 2.13 0.88 0.00 0.38 5.25
170.00 0.25 1.13 0.50 0.63 0.00 5.15
180.00 0.25 1.25 0.38 0.25 0.38 5.10
190.00 0.50 0.50 0.38 0.25 0.88 5.20
200.00 0.13 1.00 0.63 0.00 0.75 5.15
210.00 0.38 0.50 0.25 0.63 0.50 5.45
220.00 0.50 1.00 0.13 0.50 0.50 4.95
230.00 1.25 0.63 0.63 0.50 0.25 5.30
240.00 0.25 0.38 0.25 0.38 0.38 5.15
250.00 0.13 0.38 0.50 1.00 0.50 5.05
260.00 0.50 0.13 0.88 0.38 0.38 5.25
270.00 0.75 0.00 0.75 0.63 0.38 5.10
280.00 0.38 0.25 0.63 0.50 0.38 5.15
290.00 0.63 0.25 0.25 1.00 0.13 5.20
300.00 0.13 0.63 1.00 0.63 0.13 5.40
310.00 0.25 0.75 0.38 0.50 0.50 5.00
320.00 0.75 1.13 0.88 0.50 0.38 5.55
330.00 0.88 0.88 0.00 1.25 0.13 5.10
340.00 0.50 0.25 0.00 0.75 0.25 5.05
350.00 0.50 0.38 0.13 1.13 0.50 5.25
360.00 0.13 0.25 0.38 0.88 0.25 5.10
370.00 1.13 0.38 0.63 0.50 0.38 5.15
380.00 0.00 0.88 0.63 0.38 1.13 5.05
390.00 0.00 0.88 0.38 0.25 0.13 5.20
400.00 0.13 0.50 0.38 0.13 0.25 4.95
410.00 0.50 0.38 0.88 0.63 0.50 5.30
420.00 0.38 0.25 0.63 0.00 0.50 5.30
430.00 0.13 0.75 0.50 0.13 1.00 5.30
440.00 0.38 0.38 0.75 0.38 0.63 4.85
450.00 1.25 0.00 0.13 0.13 0.50 5.05
460.00 0.50 0.13 0.63 0.38 0.13 5.05
470.00 0.88 0.63 1.00 0.50 0.25 5.30
480.00 0.75 0.25 0.50 0.50 0.25 5.15
490.00 0.63 0.50 0.50 0.38 0.13 5.30
500.00 0.13 0.25 0.50 0.00 0.00 5.10
510.00 9.50 0.25 0.63 0.38 0.13 7.20
520.00 16.88 0.00 0.00 0.00 0.00 9.90
530.00 20.63 0.00 0.00 0.00 0.00 10.70
540.00 20.13 0.00 0.00 0.00 0.00 10.00
550.00 19.38 0.00 0.00 0.00 0.00 10.70
560.00 21.38 0.00 0.00 0.00 0.00 10.10
570.00 18.50 0.00 0.00 0.00 0.00 10.25
580.00 8.25 0.00 0.00 0.00 0.00 6.55
590.00 4.38 0.00 0.00 0.00 0.00 5.15
600.00 5.50 0.00 0.00 0.00 0.00 5.55
610.00 3.88 0.00 0.00 0.00 0.00 5.15
620.00 5.38 0.00 0.00 0.00 0.13 6.25
630.00 3.88 0.13 0.00 0.00 0.13 5.40
640.00 2.75 0.13 0.00 0.00 0.50 5.15
650.00 6.63 0.13 0.00 0.00 0.00 6.15
660.00 4.25 0.00 0.00 0.00 0.00 5.50
670.00 4.38 0.00 0.13 0.13 0.13 5.45
680.00 2.75 0.25 0.13 0.13 0.25 5.50
690.00 3.13 0.25 0.13 0.13 0.38 5.40
700.00 2.50 0.25 0.38 0.25 0.13 5.20
710.00 4.00 0.13 0.00 0.00 0.13 5.45
720.00 4.38 0.25 0.25 0.00 0.25 5.85
730.00 4.25 0.13 0.13 0.00 0.00 5.50
740.00 3.88 0.13 0.13 0.00 0.13 5.45
750.00 5.25 0.00 0.13 0.38 0.25 6.15
760.00 4.00 0.25 0.13 0.00 0.25 5.55
770.00 5.13 0.13 0.13 0.00 0.13 5.75
780.00 7.25 0.00 0.00 0.00 0.00 6.25
790.00 6.63 0.00 0.00 0.00 0.00 6.40
800.00 8.75 0.00 0.00 0.00 0.00 6.65
810.00 9.63 0.00 0.00 0.00 0.00 6.85
820.00 9.38 0.00 0.00 0.00 0.00 7.00
830.00 6.88 0.00 0.00 0.00 0.00 6.05
840.00 7.75 0.00 0.00 0.00 0.00 6.70
850.00 6.75 0.00 0.00 0.00 0.00 6.25
860.00 6.00 0.00 0.00 0.00 0.00 5.80
870.00 5.00 0.00 0.13 0.00 0.00 5.70
880.00 6.88 0.13 0.13 0.13 0.00 6.30
890.00 3.63 0.00 0.00 0.13 0.00 5.35
900.00 8.63 0.00 0.00 0.00 0.00 6.95
910.00 8.88 0.00 0.00 0.00 0.00 6.85
920.00 5.88 0.00 0.00 0.00 0.00 5.80
930.00 6.25 0.00 0.00 0.00 0.00 5.70
940.00 9.13 0.00 0.00 0.00 0.00 7.20
950.00 8.13 0.00 0.00 0.00 0.00 6.45
960.00 4.63 0.00 0.00 0.00 0.00 5.25
970.00 8.63 0.00 0.00 0.13 0.00 7.30
980.00 3.25 0.00 0.00 0.00 0.00 4.90
990.00 8.75 0.00 0.00 0.00 0.00 6.70
1000.00 9.63 0.00 0.00 0.00 0.00 7.00
1010.00 8.38 0.00 0.00 0.00 0.00 6.55
1020.00 7.50 0.00 0.00 0.00 0.00 6.75
1030.00 9.25 0.00 0.00 0.00 0.00 7.10
1040.00 8.75 0.00 0.00 0.00 0.00 6.70
1050.00 8.75 0.00 0.00 0.00 0.00 6.40
1060.00 8.13 0.00 0.00 0.00 0.00 7.00
1070.00 5.88 0.00 0.00 0.00 0.00 5.80
1080.00 7.88 0.00 0.00 0.00 0.00 6.70
1090.00 7.00 0.00 0.00 0.00 0.00 6.00
1100.00 7.75 0.00 0.00 0.00 0.00 7.00
1110.00 5.88 0.00 0.00 0.00 0.00 5.60
1120.00 7.63 0.00 0.00 0.00 0.13 6.20
1130.00 10.25 0.00 0.00 0.00 0.00 7.15
1140.00 9.75 0.00 0.00 0.00 0.00 7.30
1150.00 5.25 0.00 0.00 0.00 0.00 5.70
1160.00 13.50 0.00 0.00 0.13 0.00 8.25
1170.00 9.13 0.00 0.00 0.00 0.00 6.95
1180.00 8.75 0.00 0.00 0.00 0.00 7.00
1190.00 6.63 0.00 0.00 0.00 0.00 6.10
1200.00 5.38 0.13 0.00 0.00 0.00 5.75
1210.00 8.75 0.00 0.00 0.00 0.00 6.85
1220.00 6.50 0.00 0.00 0.00 0.00 5.90
1230.00 9.00 0.00 0.00 0.00 0.00 7.30
1240.00 9.13 0.00 0.00 0.00 0.13 6.60
1250.00 6.50 0.00 0.00 0.00 0.00 6.25
1260.00 6.50 0.00 0.00 0.00 0.00 5.85
1270.00 5.25 0.00 0.00 0.00 0.00 5.60
1280.00 6.88 0.00 0.00 0.00 0.00 6.50
1290.00 5.75 0.00 0.00 0.00 0.00 5.70
1300.00 11.63 0.00 0.00 0.13 0.00 7.90
1310.00 12.25 0.00 0.00 0.00 0.00 7.75
1320.00 10.50 0.00 0.00 0.00 0.00 7.30
1330.00 7.88 0.00 0.00 0.00 0.00 6.75
1340.00 7.13 0.00 0.00 0.00 0.00 6.15
1350.00 6.63 0.00 0.00 0.13 0.00 5.85
1360.00 6.13 0.00 0.00 0.00 0.00 6.15
1370.00 10.50 0.00 0.00 0.00 0.00 7.50
1380.00 10.75 0.00 0.00 0.00 0.00 7.50
1390.00 5.75 0.00 0.00 0.00 0.00 5.80
1400.00 5.50 0.00 0.00 0.00 0.00 5.65
1410.00 9.13 0.13 0.00 0.00 0.00 7.15
1420.00 6.00 0.00 0.00 0.00 0.00 5.80
1430.00 11.00 0.00 0.00 0.00 0.00 7.50
1440.00 14.13 0.00 0.00 0.00 0.00 8.55
1450.00 4.75 0.00 0.00 0.00 0.00 5.60
1460.00 9.38 0.00 0.00 0.00 0.00 6.85
1470.00 6.63 0.00 0.00 0.00 0.00 6.10
1480.00 9.00 0.00 0.00 0.00 0.00 6.75
1490.00 5.88 0.00 0.00 0.00 0.00 5.85
1500.00 5.63 0.00 0.00 0.00 0.00 5.90
1510.00 9.00 0.00 0.00 0.00 0.00 6.65
1520.00 11.75 0.00 0.00 0.00 0.00 7.80
1530.00 10.25 0.00 0.00 0.00 0.00 7.65
1540.00 10.75 0.00 0.00 0.00 0.00 7.65
1550.00 9.63 0.00 0.00 0.00 0.00 6.95
1560.00 9.00 0.00 0.00 0.00 0.00 6.35
1570.00 8.38 0.00 0.00 0.00 0.00 7.05
1580.00 9.00 0.00 0.00 0.00 0.00 6.95
1590.00 4.38 0.00 0.00 0.00 0.00 5.25
1600.00 3.25 0.00 0.00 0.13 0.00 5.15
1610.00 7.50 0.00 0.13 0.13 0.00 6.40
1620.00 6.13 0.00 0.13 0.00 0.00 6.45
1630.00 9.25 0.00 0.00 0.00 0.00 6.80
1640.00 7.75 0.00 0.00 0.00 0.00 6.05
1650.00 6.88 0.00 0.00 0.00 0.13 6.30
1660.00 8.00 0.00 0.00 0.13 0.00 6.80
1670.00 9.13 0.00 0.00 0.00 0.00 6.85
1680.00 19.25 0.00 0.00 0.00 0.00 10.40
1690.00 6.25 0.00 0.00 0.00 0.00 5.65
1700.00 5.75 0.00 0.00 0.00 0.00 6.35
1710.00 9.38 0.00 0.00 0.00 0.00 7.10
1720.00 9.13 0.00 0.00 0.00 0.00 6.55
1730.00 8.38 0.00 0.00 0.00 0.00 6.60
1740.00 6.50 0.00 0.13 0.00 0.00 5.90
1750.00 5.25 0.00 0.00 0.00 0.00 6.10
1760.00 10.50 0.00 0.00 0.00 0.00 6.95
1770.00 4.88 0.00 0.13 0.00 0.00 5.95
