10.00	0.20098	0.20120	0.20018	0.20046	0.20018	
20.00	0.20133	0.20175	0.20057	0.20064	0.20018	
30.00	0.20132	0.20188	0.20057	0.20101	0.20017	
40.00	0.20132	0.20187	0.20056	0.20100	0.20017	
50.00	0.20148	0.20186	0.20056	0.20100	0.20017	
60.00	0.20179	0.20193	0.20064	0.20108	0.20026	
70.00	0.20220	0.20216	0.20072	0.20150	0.20051	
80.00	0.20253	0.20274	0.20080	0.20149	0.20085	
90.00	0.20295	0.20298	0.20097	0.20156	0.20084	
100.00	0.20309	0.20296	0.20096	0.20206	0.20118	
110.00	0.20324	0.20294	0.20121	0.20221	0.20167	
120.00	0.20330	0.20308	0.20146	0.20220	0.20207	
130.00	0.20353	0.20306	0.20153	0.20226	0.20214	
140.00	0.20359	0.20321	0.20209	0.20233	0.20237	
150.00	0.20373	0.20348	0.20265	0.20232	0.20268	
160.00	0.20378	0.20362	0.20344	0.20263	0.20283	
170.00	0.20400	0.20376	0.20390	0.20286	0.20289	
180.00	0.20437	0.20397	0.20411	0.20300	0.20295	
190.00	0.20450	0.20418	0.20496	0.20335	0.20309	
200.00	0.20478	0.20423	0.20516	0.20340	0.20315	
210.00	0.20541	0.20436	0.20544	0.20354	0.20320	
220.00	0.20593	0.20464	0.20556	0.20367	0.20357	
230.00	0.20605	0.20484	0.20560	0.20395	0.20380	
240.00	0.20625	0.20496	0.20579	0.20400	0.20400	
250.00	0.20644	0.20512	0.20598	0.20459	0.20428	
260.00	0.20640	0.20531	0.20601	0.20463	0.20448	
270.00	0.20665	0.20528	0.20620	0.20485	0.20452	
280.00	0.20723	0.20532	0.20631	0.20511	0.20457	
290.00	0.20733	0.20565	0.20641	0.20548	0.20469	
300.00	0.20735	0.20569	0.20713	0.20566	0.20473	
310.00	0.20769	0.20594	0.20731	0.20562	0.20506	
320.00	0.20806	0.20612	0.20747	0.20566	0.20570	
330.00	0.20808	0.20623	0.20783	0.20584	0.20610	
340.00	0.20817	0.20662	0.20793	0.20608	0.20621	
350.00	0.20833	0.20671	0.20794	0.20619	0.20652	
360.00	0.20841	0.20685	0.20825	0.20615	0.20699	
370.00	0.20850	0.20725	0.20854	0.20632	0.20709	
380.00	0.20844	0.20769	0.20904	0.20642	0.20718	
390.00	0.20876	0.20806	0.20943	0.20645	0.20728	
400.00	0.20884	0.20855	0.20951	0.20647	0.20744	
410.00	0.20908	0.20926	0.20951	0.20670	0.20739	
420.00	0.20909	0.20927	0.20959	0.20686	0.20771	
430.00	0.20923	0.20947	0.20984	0.20695	0.20790	
440.00	0.20979	0.20948	0.20984	0.20719	0.20814	
450.00	0.20999	0.20955	0.20984	0.20721	0.20862	
460.00	0.21019	0.20955	0.20984	0.20736	0.20863	
470.00	0.21078	0.20962	0.21012	0.20731	0.20864	
480.00	0.21124	0.20986	0.21025	0.20740	0.20871	
490.00	0.21172	0.21002	0.21044	0.20764	0.20885	
500.00	0.21190	0.21002	0.21077	0.20772	0.20906	
510.00	0.21196	0.20995	0.21113	0.20810	0.20906	
520.00	0.21188	0.21001	0.21132	0.20837	0.20913	
530.00	0.21180	0.21057	0.21143	0.20850	0.20942	
540.00	0.21193	0.21062	0.21148	0.20863	0.20960	
550.00	0.21185	0.21068	0.21184	0.20870	0.20966	
560.00	0.21183	0.21079	0.21202	0.20864	0.20966	
570.00	0.21205	0.21125	0.21194	0.20883	0.20972	
580.00	0.21204	0.21143	0.21244	0.20899	0.20971	
590.00	0.21208	0.21147	0.21282	0.20899	0.21013	
600.00	0.21223	0.21146	0.21301	0.20893	0.21064	
610.00	0.21233	0.21144	0.21322	0.20913	0.21096	
620.00	0.21254	0.21166	0.21343	0.20937	0.21110	
630.00	0.21266	0.21170	0.21364	0.20954	0.21118	
640.00	0.21263	0.21193	0.21361	0.20984	0.21134	
650.00	0.21278	0.21208	0.21390	0.20995	0.21138	
660.00	0.21281	0.21217	0.21387	0.21033	0.21144	
670.00	0.21307	0.21215	0.21408	0.21044	0.21154	
680.00	0.21321	0.21251	0.21410	0.21054	0.21163	
690.00	0.21318	0.21260	0.21427	0.21058	0.21218	
700.00	0.21315	0.21295	0.21428	0.21057	0.21230	
710.00	0.21354	0.21302	0.21436	0.21061	0.21244	
720.00	0.21394	0.21304	0.21462	0.21054	0.21276	
730.00	0.21400	0.21328	0.21463	0.21066	0.21291	
740.00	0.21468	0.21345	0.21466	0.21059	0.21303	
750.00	0.21496	0.21365	0.21480	0.21074	0.21348	
760.00	0.21513	0.21378	0.21476	0.21078	0.21370	
770.00	0.21531	0.21374	0.21466	0.21092	0.21366	
780.00	0.21559	0.21393	0.21505	0.21096	0.21380	
790.00	0.21554	0.21412	0.21500	0.21115	0.21401	
800.00	0.21549	0.21414	0.21526	0.21118	0.21397	
810.00	0.21591	0.21415	0.21540	0.21121	0.21408	
820.00	0.21598	0.21421	0.21579	0.21143	0.21404	
830.00	0.21617	0.21417	0.21599	0.21177	0.21395	
840.00	0.21642	0.21436	0.21616	0.21174	0.21385	
850.00	0.21647	0.21447	0.21659	0.21191	0.21396	
860.00	0.21657	0.21453	0.21653	0.21204	0.21424	
870.00	0.21705	0.21482	0.21663	0.21201	0.21439	
880.00	0.21732	0.21496	0.21683	0.21203	0.21435	
890.00	0.21749	0.21517	0.21696	0.21217	0.21425	
900.00	0.21747	0.21522	0.21734	0.21231	0.21426	
910.00	0.21752	0.21522	0.21745	0.21271	0.21421	
920.00	0.21745	0.21542	0.21745	0.21272	0.21412	
930.00	0.21755	0.21574	0.21777	0.21285	0.21417	
940.00	0.21763	0.21563	0.21770	0.21292	0.21441	
950.00	0.21776	0.21553	0.21768	0.21288	0.21473	
960.00	0.21793	0.21613	0.21761	0.21321	0.21468	
970.00	0.21785	0.21674	0.21759	0.21328	0.21463	
980.00	0.21774	0.21677	0.21760	0.21367	0.21476	
990.00	0.21797	0.21670	0.21753	0.21398	0.21466	
1000.00	0.21803	0.21680	0.21741	0.21434	0.21471	
1010.00	0.21819	0.21691	0.21730	0.21443	0.21475	
1020.00	0.21826	0.21698	0.21727	0.21452	0.21498	
1030.00	0.21823	0.21686	0.21746	0.21460	0.21497	
1040.00	0.21815	0.21702	0.21757	0.21459	0.21505	
1050.00	0.21807	0.21717	0.21750	0.21465	0.21508	
1060.00	0.21829	0.21748	0.21761	0.21492	0.21529	
1070.00	0.21836	0.21751	0.21764	0.21504	0.21551	
1080.00	0.21857	0.21739	0.21785	0.21508	0.21554	
1090.00	0.21895	0.21745	0.21794	0.21526	0.21563	
1100.00	0.21887	0.21785	0.21800	0.21574	0.21557	
1110.00	0.21889	0.21782	0.21807	0.21604	0.21551	
1120.00	0.21880	0.21783	0.21813	0.21606	0.21549	
1130.00	0.21904	0.21795	0.21814	0.21625	0.21552	
1140.00	0.21906	0.21797	0.21819	0.21623	0.21555	
1150.00	0.21913	0.21793	0.21839	0.21659	0.21553	
1160.00	0.21930	0.21785	0.21835	0.21678	0.21547	
1170.00	0.21917	0.21782	0.21838	0.21733	0.21541	
1180.00	0.21913	0.21785	0.21834	0.21743	0.21560	
1190.00	0.21913	0.21781	0.21838	0.21748	0.21581	
1200.00	0.21904	0.21807	0.21834	0.21769	0.21597	
1210.00	0.21900	0.21858	0.21829	0.21794	0.21665	
1220.00	0.21906	0.21846	0.21821	0.21808	0.21721	
1230.00	0.21898	0.21842	0.21825	0.21800	0.21727	
1240.00	0.21902	0.21889	0.21821	0.21803	0.21740	
1250.00	0.21889	0.21896	0.21812	0.21816	0.21740	
1260.00	0.21890	0.21933	0.21808	0.21804	0.21728	
1270.00	0.21905	0.21928	0.21821	0.21796	0.21721	
1280.00	0.21912	0.21923	0.21858	0.21799	0.21733	
1290.00	0.21910	0.21952	0.21862	0.21795	0.21729	
1300.00	0.21918	0.21950	0.21886	0.21793	0.21721	
1310.00	0.21949	0.21945	0.21888	0.21782	0.21721	
1320.00	0.21973	0.21936	0.21883	0.21785	0.21710	
1330.00	0.21978	0.21938	0.21888	0.21810	0.21698	
1340.00	0.21973	0.21955	0.21899	0.21818	0.21715	
1350.00	0.21971	0.21942	0.21890	0.21817	0.21723	
1360.00	0.21992	0.21937	0.21894	0.21812	0.21719	
1370.00	0.22021	0.21936	0.21885	0.21839	0.21714	
1380.00	0.22030	0.21940	0.21894	0.21849	0.21724	
1390.00	0.22081	0.21951	0.21906	0.21840	0.21723	
1400.00	0.22098	0.21941	0.21904	0.21849	0.21723	
1410.00	0.22115	0.21935	0.21937	0.21837	0.21756	
1420.00	0.22101	0.21949	0.21944	0.21832	0.21770	
1430.00	0.22091	0.21975	0.21942	0.21830	0.21825	
1440.00	0.22091	0.21962	0.21969	0.21826	0.21836	
1450.00	0.22101	0.21949	0.21981	0.21825	0.21823	
1460.00	0.22088	0.21956	0.21986	0.21842	0.21822	
1470.00	0.22081	0.21972	0.21976	0.21833	0.21825	
1480.00	0.22074	0.21997	0.21970	0.21821	0.21846	
1490.00	0.22075	0.21988	0.22000	0.21825	0.21859	
1500.00	0.22092	0.21978	0.22042	0.21829	0.21853	
1510.00	0.22100	0.21975	0.22045	0.21867	0.21857	
1520.00	0.22093	0.21996	0.22072	0.21877	0.21851	
1530.00	0.22082	0.21995	0.22099	0.21868	0.21860	
1540.00	0.22075	0.21985	0.22089	0.21886	0.21888	
1550.00	0.22100	0.21989	0.22090	0.21897	0.21903	
1560.00	0.22096	0.22046	0.22090	0.21912	0.21923	
1570.00	0.22140	0.22036	0.22099	0.21909	0.21910	
1580.00	0.22151	0.22036	0.22099	0.21900	0.21911	
1590.00	0.22166	0.22060	0.22110	0.21908	0.21912	
1600.00	0.22182	0.22063	0.22143	0.21901	0.21915	
1610.00	0.22168	0.22049	0.22149	0.21906	0.21905	
1620.00	0.22159	0.22088	0.22166	0.21904	0.21892	
1630.00	0.22159	0.22120	0.22164	0.21892	0.21893	
1640.00	0.22183	0.22109	0.22174	0.21893	0.21880	
1650.00	0.22197	0.22116	0.22177	0.21881	0.21881	
1660.00	0.22206	0.22108	0.22199	0.21882	0.21874	
1670.00	0.22217	0.22105	0.22190	0.21873	0.21881	
1680.00	0.22227	0.22116	0.22213	0.21880	0.21884	
1690.00	0.22228	0.22147	0.22204	0.21875	0.21912	
1700.00	0.22213	0.22180	0.22204	0.21882	0.21911	
1710.00	0.22230	0.22189	0.22202	0.21869	0.21905	
1720.00	0.22231	0.22218	0.22212	0.21881	0.21912	
1730.00	0.22259	0.22223	0.22211	0.21891	0.21925	
1740.00	0.22306	0.22217	0.22225	0.21895	0.21926	
1750.00	0.22317	0.22239	0.22214	0.21914	0.21929	
1760.00	0.22332	0.22289	0.22218	0.21904	0.21963	
1770.00	0.22335	0.22343	0.22209	0.21906	0.21964	
1780.00	0.22331	0.22360	0.22202	0.21893	0.21951	
1790.00	0.22340	0.22347	0.22211	0.21899	0.21963	
1800.00	0.22363	0.22367	0.22210	0.21906	0.21950	
1810.00	0.22363	0.22377	0.22223	0.21909	0.21958	
1820.00	0.22359	0.22398	0.22238	0.21921	0.21961	
1830.00	0.22373	0.22415	0.22244	0.21936	0.21974	
1840.00	0.22365	0.22415	0.22235	0.21931	0.21979	
1850.00	0.22393	0.22402	0.22230	0.21918	0.21996	
1860.00	0.22399	0.22401	0.22229	0.21927	0.22031	
1870.00	0.22402	0.22423	0.22271	0.21928	0.22018	
1880.00	0.22419	0.22409	0.22286	0.21922	0.22054	
1890.00	0.22411	0.22405	0.22282	0.21935	0.22051	
1900.00	0.22449	0.22394	0.22297	0.21951	0.22038	
1910.00	0.22477	0.22381	0.22281	0.21957	0.22036	
1920.00	0.22473	0.22370	0.22266	0.21957	0.22054	
1930.00	0.22459	0.22374	0.22297	0.21954	0.22063	
1940.00	0.22480	0.22361	0.22292	0.21957	0.22054	
1950.00	0.22502	0.22370	0.22284	0.21946	0.22053	
1960.00	0.22544	0.22354	0.22294	0.21953	0.22059	
1970.00	0.22558	0.22376	0.22291	0.21958	0.22070	
1980.00	0.22560	0.22382	0.22298	0.21950	0.22080	
1990.00	0.22564	0.22373	0.22296	0.21966	0.22082	
2000.00	0.22547	0.22380	0.22290	0.21956	0.22095	
2010.00	0.22556	0.22364	0.22294	0.21965	0.22100	
2020.00	0.22592	0.22368	0.22300	0.21982	0.22090	
2030.00	0.22580	0.22366	0.22284	0.21988	0.22088	
2040.00	0.22671	0.22376	0.22269	0.21980	0.22109	
2050.00	0.22678	0.22379	0.22266	0.21967	0.22115	
2060.00	0.22667	0.22393	0.22275	0.21992	0.22120	
2070.00	0.22667	0.22407	0.22260	0.21981	0.22121	
2080.00	0.22649	0.22436	0.22261	0.21982	0.22116	
2090.00	0.22659	0.22460	0.22276	0.21990	0.22104	
2100.00	0.22641	0.22500	0.22293	0.21995	0.22092	
2110.00	0.22647	0.22498	0.22282	0.21987	0.22104	
2120.00	0.22634	0.22504	0.22282	0.21974	0.22092	
2130.00	0.22668	0.22531	0.22297	0.21977	0.22095	
2140.00	0.22690	0.22519	0.22284	0.21973	0.22084	
2150.00	0.22707	0.22551	0.22273	0.21974	0.22072	
2160.00	0.22713	0.22540	0.22269	0.21992	0.22076	
2170.00	0.22711	0.22532	0.22308	0.22019	0.22069	
2180.00	0.22720	0.22523	0.22321	0.22031	0.22062	
2190.00	0.22733	0.22557	0.22308	0.22045	0.22061	
2200.00	0.22726	0.22546	0.22314	0.22058	0.22058	
2210.00	0.22714	0.22558	0.22321	0.22049	0.22048	
2220.00	0.22696	0.22591	0.22315	0.22035	0.22077	
2230.00	0.22699	0.22607	0.22315	0.22070	0.22086	
2240.00	0.22694	0.22633	0.22317	0.22058	0.22079	
2250.00	0.22680	0.22633	0.22301	0.22047	0.22092	
2260.00	0.22675	0.22657	0.22302	0.22033	0.22101	
2270.00	0.22691	0.22645	0.22302	0.22034	0.22105	
2280.00	0.22688	0.22628	0.22339	0.22044	0.22091	
2290.00	0.22686	0.22626	0.22324	0.22075	0.22077	
2300.00	0.22689	0.22646	0.22316	0.22070	0.22070	
2310.00	0.22690	0.22644	0.22301	0.22060	0.22056	
2320.00	0.22702	0.22676	0.22302	0.22089	0.22042	
2330.00	0.22704	0.22664	0.22326	0.22108	0.22047	
2340.00	0.22692	0.22669	0.22326	0.22096	0.22035	
2350.00	0.22690	0.22727	0.22348	0.22111	0.22021	
2360.00	0.22672	0.22773	0.22332	0.22100	0.22027	
2370.00	0.22661	0.22784	0.22323	0.22108	0.22025	
2380.00	0.22665	0.22781	0.22308	0.22098	0.22025	
2390.00	0.22674	0.22783	0.22294	0.22152	0.22015	
2400.00	0.22684	0.22773	0.22295	0.22157	0.22014	
2410.00	0.22668	0.22756	0.22304	0.22159	0.22003	
2420.00	0.22661	0.22740	0.22288	0.22210	0.22005	
2430.00	0.22664	0.22722	0.22278	0.22227	0.21992	
2440.00	0.22671	0.22723	0.22280	0.22251	0.21986	
2450.00	0.22701	0.22735	0.22294	0.22252	0.21976	
2460.00	0.22695	0.22741	0.22286	0.22237	0.21974	
2470.00	0.22692	0.22723	0.22271	0.22274	0.21976	
2480.00	0.22719	0.22724	0.22303	0.22275	0.21971	
2490.00	0.22710	0.22720	0.22309	0.22274	0.21959	
2500.00	0.22692	0.22727	0.22295	0.22308	0.21953	
2510.00	0.22708	0.22709	0.22311	0.22317	0.21941	
2520.00	0.22690	0.22705	0.22304	0.22322	0.21937	
2530.00	0.22675	0.22702	0.22337	0.22341	0.21941	
2540.00	0.22679	0.22687	0.22336	0.22365	0.21931	
2550.00	0.22668	0.22702	0.22329	0.22351	0.21920	
2560.00	0.22688	0.22689	0.22320	0.22337	0.21907	
2570.00	0.22672	0.22698	0.22309	0.22347	0.21895	
2580.00	0.22658	0.22690	0.22341	0.22350	0.21901	
2590.00	0.22664	0.22723	0.22352	0.22380	0.21891	
2600.00	0.22665	0.22723	0.22344	0.22376	0.21885	
2610.00	0.22668	0.22738	0.22360	0.22360	0.21884	
2620.00	0.22672	0.22752	0.22383	0.22362	0.21909	
2630.00	0.22672	0.22769	0.22386	0.22349	0.21926	
2640.00	0.22668	0.22758	0.22373	0.22335	0.21926	
2650.00	0.22652	0.22780	0.22378	0.22320	0.21952	
2660.00	0.22634	0.22790	0.22368	0.22330	0.21946	
2670.00	0.22631	0.22784	0.22366	0.22328	0.21933	
2680.00	0.22623	0.22795	0.22372	0.22313	0.21920	
2690.00	0.22624	0.22801	0.22362	0.22297	0.21908	
2700.00	0.22639	0.22834	0.22362	0.22293	0.21915	
2710.00	0.22623	0.22833	0.22363	0.22283	0.21911	
2720.00	0.22641	0.22820	0.22372	0.22286	0.21900	
2730.00	0.22628	0.22806	0.22385	0.22286	0.21892	
2740.00	0.22611	0.22793	0.22383	0.22303	0.21899	
2750.00	0.22608	0.22774	0.22386	0.22324	0.21887	
2760.00	0.22615	0.22757	0.22386	0.22309	0.21885	
2770.00	0.22636	0.22742	0.22371	0.22315	0.21873	
2780.00	0.22620	0.22739	0.22359	0.22333	0.21873	
2790.00	0.22618	0.22753	0.22345	0.22347	0.21895	
2800.00	0.22605	0.22775	0.22329	0.22348	0.21886	
2810.00	0.22594	0.22864	0.22314	0.22345	0.21886	
2820.00	0.22588	0.22885	0.22320	0.22334	0.21888	
2830.00	0.22631	0.22871	0.22342	0.22320	0.21905	
2840.00	0.22637	0.22868	0.22339	0.22321	0.21893	
2850.00	0.22643	0.22879	0.22342	0.22305	0.21885	
2860.00	0.22660	0.22872	0.22343	0.22290	0.21874	
2870.00	0.22658	0.22865	0.22329	0.22287	0.21868	
2880.00	0.22661	0.22865	0.22333	0.22310	0.21868	
2890.00	0.22675	0.22903	0.22341	0.22324	0.21863	
2900.00	0.22677	0.22965	0.22338	0.22343	0.21851	
2910.00	0.22668	0.22955	0.22344	0.22332	0.21838	
2920.00	0.22651	0.22990	0.22370	0.22338	0.21842	
2930.00	0.22633	0.22991	0.22359	0.22331	0.21835	
2940.00	0.22616	0.22973	0.22344	0.22356	0.21851	
2950.00	0.22600	0.22986	0.22364	0.22360	0.21874	
2960.00	0.22585	0.22998	0.22360	0.22364	0.21916	
2970.00	0.22580	0.22979	0.22344	0.22395	0.21921	
2980.00	0.22564	0.22959	0.22360	0.22406	0.21909	
2990.00	0.22579	0.22974	0.22354	0.22392	0.21897	
3000.00	0.22578	0.23012	0.22368	0.22392	0.21885	
3010.00	0.22563	0.23023	0.22371	0.22420	0.21876	
3020.00	0.22552	0.23023	0.22357	0.22408	0.21876	
3030.00	0.22576	0.23018	0.22353	0.22408	0.21883	
3040.00	0.22562	0.23024	0.22356	0.22396	0.21870	
3050.00	0.22567	0.23005	0.22367	0.22394	0.21881	
3060.00	0.22568	0.22986	0.22392	0.22379	0.21878	
3070.00	0.22551	0.22967	0.22419	0.22382	0.21881	
3080.00	0.22537	0.23019	0.22421	0.22371	0.21871	
3090.00	0.22524	0.23027	0.22441	0.22368	0.21871	
3100.00	0.22512	0.23020	0.22483	0.22370	0.21880	
3110.00	0.22531	0.23071	0.22467	0.22379	0.21890	
3120.00	0.22514	0.23050	0.22484	0.22382	0.21904	
3130.00	0.22502	0.23056	0.22491	0.22410	0.21922	
3140.00	0.22518	0.23046	0.22520	0.22432	0.21950	
3150.00	0.22502	0.23046	0.22527	0.22427	0.21951	
3160.00	0.22497	0.23030	0.22513	0.22444	0.21938	
3170.00	0.22489	0.23031	0.22503	0.22427	0.21930	
3180.00	0.22496	0.23018	0.22498	0.22411	0.21917	
3190.00	0.22489	0.23006	0.22508	0.22412	0.21916	
3200.00	0.22482	0.22994	0.22510	0.22402	0.21908	
3210.00	0.22466	0.23002	0.22517	0.22389	0.21956	
3220.00	0.22450	0.22982	0.22522	0.22390	0.21964	
3230.00	0.22447	0.22967	0.22505	0.22392	0.21971	
3240.00	0.22449	0.22963	0.22488	0.22457	0.21990	
3250.00	0.22455	0.22943	0.22482	0.22462	0.21996	
3260.00	0.22444	0.22924	0.22490	0.22498	0.22009	
3270.00	0.22432	0.22905	0.22485	0.22486	0.22011	
3280.00	0.22439	0.22893	0.22483	0.22487	0.22053	
3290.00	0.22429	0.22919	0.22492	0.22483	0.22040	
3300.00	0.22430	0.22905	0.22482	0.22470	0.22041	
3310.00	0.22430	0.22919	0.22533	0.22453	0.22044	
3320.00	0.22429	0.22930	0.22533	0.22471	0.22060	
3330.00	0.22445	0.22910	0.22533	0.22498	0.22061	
3340.00	0.22452	0.22906	0.22527	0.22482	0.22048	
3350.00	0.22450	0.22900	0.22570	0.22467	0.22055	
3360.00	0.22469	0.22881	0.22622	0.22461	0.22056	
3370.00	0.22466	0.22874	0.22633	0.22488	0.22046	
3380.00	0.22475	0.22855	0.22636	0.22485	0.22057	
3390.00	0.22479	0.22867	0.22618	0.22469	0.22061	
3400.00	0.22472	0.22848	0.22615	0.22475	0.22062	
3410.00	0.22480	0.22847	0.22620	0.22492	0.22062	
3420.00	0.22520	0.22840	0.22603	0.22495	0.22066	
3430.00	0.22520	0.22830	0.22586	0.22527	0.22061	
3440.00	0.22530	0.22843	0.22609	0.22525	0.22091	
3450.00	0.22525	0.22831	0.22608	0.22525	0.22077	
3460.00	0.22522	0.22816	0.22611	0.22534	0.22081	
3470.00	0.22535	0.22825	0.22606	0.22531	0.22067	
3480.00	0.22524	0.22810	0.22609	0.22557	0.22058	
3490.00	0.22521	0.22823	0.22601	0.22550	0.22064	
3500.00	0.22514	0.22843	0.22585	0.22534	0.22060	
3510.00	0.22512	0.22865	0.22585	0.22518	0.22050	
3520.00	0.22511	0.22896	0.22584	0.22515	0.22053	
3530.00	0.22500	0.22890	0.22568	0.22507	0.22051	
3540.00	0.22520	0.22878	0.22571	0.22501	0.22056	
3550.00	0.22509	0.22868	0.22560	0.22499	0.22088	
3560.00	0.22530	0.22860	0.22545	0.22506	0.22100	
3570.00	0.22514	0.22855	0.22554	0.22490	0.22116	
3580.00	0.22497	0.22845	0.22563	0.22491	0.22116	
3590.00	0.22481	0.22844	0.22560	0.22545	0.22105	
3600.00	0.22480	0.22836	0.22571	0.22528	0.22136	
3610.00	0.22473	0.22823	0.22559	0.22534	0.22130	
3620.00	0.22460	0.22804	0.22543	0.22542	0.22136	
3630.00	0.22473	0.22785	0.22528	0.22546	0.22131	
3640.00	0.22496	0.22771	0.22517	0.22549	0.22123	
3650.00	0.22522	0.22753	0.22502	0.22540	0.22135	
3660.00	0.22513	0.22762	0.22487	0.22536	0.22146	
3670.00	0.22555	0.22749	0.22501	0.22522	0.22169	
3680.00	0.22572	0.22743	0.22489	0.22522	0.22155	
3690.00	0.22558	0.22735	0.22505	0.22536	0.22143	
3700.00	0.22541	0.22738	0.22497	0.22545	0.22141	
3710.00	0.22532	0.22747	0.22493	0.22539	0.22127	
3720.00	0.22530	0.22769	0.22490	0.22539	0.22115	
3730.00	0.22551	0.22785	0.22473	0.22546	0.22105	
3740.00	0.22541	0.22813	0.22457	0.22551	0.22115	
3750.00	0.22540	0.22800	0.22453	0.22575	0.22105	
3760.00	0.22540	0.22827	0.22444	0.22586	0.22107	
3770.00	0.22541	0.22865	0.22438	0.22579	0.22105	
3780.00	0.22561	0.22875	0.22445	0.22562	0.22096	
3790.00	0.22564	0.22862	0.22446	0.22570	0.22093	
3800.00	0.22548	0.22856	0.22434	0.22589	0.22105	
3810.00	0.22541	0.22866	0.22444	0.22591	0.22091	
3820.00	0.22544	0.22874	0.22434	0.22586	0.22096	
3830.00	0.22538	0.22883	0.22419	0.22586	0.22108	
3840.00	0.22523	0.22865	0.22416	0.22588	0.22111	
3850.00	0.22506	0.22873	0.22438	0.22581	0.22111	
3860.00	0.22510	0.22865	0.22477	0.22628	0.22113	
3870.00	0.22513	0.22864	0.22488	0.22637	0.22108	
3880.00	0.22499	0.22860	0.22480	0.22653	0.22105	
3890.00	0.22483	0.22860	0.22465	0.22636	0.22114	
3900.00	0.22472	0.22858	0.22483	0.22624	0.22132	
3910.00	0.22485	0.22854	0.22499	0.22611	0.22119	
3920.00	0.22474	0.22835	0.22521	0.22621	0.22118	
3930.00	0.22461	0.22817	0.22514	0.22641	0.22127	
3940.00	0.22463	0.22807	0.22513	0.22655	0.22138	
3950.00	0.22452	0.22825	0.22514	0.22658	0.22134	
3960.00	0.22437	0.22837	0.22501	0.22641	0.22131	
3970.00	0.22477	0.22852	0.22504	0.22623	0.22156	
3980.00	0.22461	0.22872	0.22511	0.22637	0.22154	
3990.00	0.22453	0.22894	0.22514	0.22619	0.22140	
4000.00	0.22454	0.22898	0.22505	0.22626	0.22155	
4010.00	0.22438	0.22916	0.22500	0.22609	0.22141	
4020.00	0.22441	0.22923	0.22495	0.22623	0.22149	
4030.00	0.22425	0.22941	0.22500	0.22639	0.22146	
4040.00	0.22410	0.22955	0.22512	0.22627	0.22133	
4050.00	0.22415	0.22954	0.22497	0.22676	0.22127	
4060.00	0.22399	0.22973	0.22485	0.22676	0.22170	
4070.00	0.22397	0.22969	0.22488	0.22658	0.22173	
4080.00	0.22389	0.22979	0.22500	0.22641	0.22173	
4090.00	0.22373	0.23012	0.22496	0.22627	0.22169	
4100.00	0.22378	0.23020	0.22495	0.22611	0.22161	
4110.00	0.22362	0.23002	0.22495	0.22632	0.22166	
4120.00	0.22352	0.23001	0.22518	0.22638	0.22152	
4130.00	0.22379	0.22987	0.22508	0.22665	0.22140	
4140.00	0.22365	0.22979	0.22492	0.22707	0.22126	
4150.00	0.22366	0.22959	0.22494	0.22706	0.22133	
4160.00	0.22351	0.22957	0.22488	0.22710	0.22136	
4170.00	0.22350	0.22941	0.22472	0.22710	0.22138	
4180.00	0.22335	0.22933	0.22471	0.22704	0.22159	
4190.00	0.22326	0.22938	0.22478	0.22690	0.22154	
4200.00	0.22338	0.22919	0.22506	0.22676	0.22177	
4210.00	0.22334	0.22919	0.22509	0.22707	0.22205	
4220.00	0.22320	0.22934	0.22500	0.22712	0.22198	
4230.00	0.22316	0.22924	0.22497	0.22728	0.22202	
4240.00	0.22304	0.22915	0.22481	0.22743	0.22237	
4250.00	0.22297	0.22900	0.22499	0.22731	0.22245	
4260.00	0.22284	0.22909	0.22519	0.22799	0.22230	
4270.00	0.22284	0.22907	0.22536	0.22811	0.22215	
4280.00	0.22269	0.22927	0.22542	0.22822	0.22218	
4290.00	0.22256	0.22908	0.22540	0.22819	0.22209	
4300.00	0.22251	0.22904	0.22523	0.22811	0.22215	
4310.00	0.22262	0.22896	0.22523	0.22818	0.22228	
4320.00	0.22278	0.22895	0.22506	0.22820	0.22224	
4330.00	0.22263	0.22900	0.22504	0.22818	0.22224	
4340.00	0.22277	0.22890	0.22491	0.22812	0.22209	
4350.00	0.22293	0.22909	0.22474	0.22813	0.22227	
4360.00	0.22286	0.22933	0.22483	0.22795	0.22229	
4370.00	0.22286	0.22962	0.22466	0.22781	0.22221	
4380.00	0.22312	0.22948	0.22500	0.22769	0.22207	
4390.00	0.22296	0.22990	0.22484	0.22762	0.22212	
4400.00	0.22281	0.23009	0.22496	0.22747	0.22213	
4410.00	0.22286	0.23021	0.22510	0.22738	0.22240	
4420.00	0.22293	0.23044	0.22513	0.22724	0.22255	
4430.00	0.22319	0.23056	0.22520	0.22710	0.22240	
4440.00	0.22304	0.23057	0.22510	0.22693	0.22246	
4450.00	0.22297	0.23109	0.22520	0.22682	0.22247	
4460.00	0.22291	0.23107	0.22509	0.22692	0.22233	
4470.00	0.22302	0.23124	0.22515	0.22687	0.22233	
4480.00	0.22303	0.23119	0.22522	0.22688	0.22226	
4490.00	0.22329	0.23109	0.22511	0.22700	0.22219	
4500.00	0.22314	0.23096	0.22503	0.22702	0.22229	
4510.00	0.22308	0.23121	0.22497	0.22698	0.22217	
4520.00	0.22313	0.23157	0.22482	0.22691	0.22223	
4530.00	0.22298	0.23162	0.22485	0.22679	0.22262	
4540.00	0.22295	0.23159	0.22473	0.22662	0.22252	
4550.00	0.22322	0.23149	0.22530	0.22644	0.22257	
4560.00	0.22342	0.23155	0.22517	0.22629	0.22290	
4570.00	0.22342	0.23162	0.22510	0.22675	0.22275	
4580.00	0.22349	0.23163	0.22493	0.22678	0.22276	
4590.00	0.22346	0.23146	0.22481	0.22661	0.22263	
4600.00	0.22351	0.23151	0.22490	0.22709	0.22258	
4610.00	0.22347	0.23151	0.22508	0.22697	0.22253	
4620.00	0.22382	0.23153	0.22514	0.22686	0.22253	
4630.00	0.22374	0.23179	0.22501	0.22708	0.22246	
4640.00	0.22361	0.23183	0.22496	0.22733	0.22239	
4650.00	0.22346	0.23182	0.22479	0.22767	0.22260	
4660.00	0.22364	0.23192	0.22463	0.22776	0.22261	
4670.00	0.22353	0.23178	0.22459	0.22760	0.22264	
4680.00	0.22380	0.23193	0.22453	0.22754	0.22283	
4690.00	0.22364	0.23215	0.22470	0.22747	0.22338	
4700.00	0.22355	0.23220	0.22459	0.22754	0.22345	
4710.00	0.22365	0.23199	0.22462	0.22769	0.22343	
4720.00	0.22353	0.23190	0.22451	0.22752	0.22334	
4730.00	0.22371	0.23197	0.22437	0.22734	0.22319	
4740.00	0.22399	0.23205	0.22432	0.22731	0.22303	
4750.00	0.22397	0.23205	0.22448	0.22720	0.22302	
4760.00	0.22405	0.23187	0.22443	0.22702	0.22309	
4770.00	0.22398	0.23188	0.22433	0.22684	0.22318	
4780.00	0.22388	0.23207	0.22417	0.22686	0.22334	
4790.00	0.22388	0.23199	0.22406	0.22676	0.22337	
4800.00	0.22427	0.23198	0.22392	0.22684	0.22323	
4810.00	0.22417	0.23200	0.22377	0.22667	0.22317	
4820.00	0.22406	0.23211	0.22373	0.22650	0.22315	
4830.00	0.22417	0.23206	0.22357	0.22674	0.22336	
4840.00	0.22418	0.23228	0.22352	0.22683	0.22336	
4850.00	0.22430	0.23209	0.22386	0.22696	0.22321	
4860.00	0.22418	0.23209	0.22417	0.22678	0.22322	
4870.00	0.22453	0.23191	0.22408	0.22671	0.22319	
4880.00	0.22468	0.23170	0.22412	0.22657	0.22318	
4890.00	0.22476	0.23157	0.22396	0.22639	0.22303	
4900.00	0.22464	0.23155	0.22395	0.22641	0.22319	
4910.00	0.22451	0.23158	0.22394	0.22637	0.22323	
4920.00	0.22452	0.23156	0.22384	0.22636	0.22340	
4930.00	0.22473	0.23166	0.22370	0.22639	0.22325	
4940.00	0.22474	0.23169	0.22386	0.22634	0.22344	
4950.00	0.22483	0.23186	0.22373	0.22654	0.22346	
4960.00	0.22502	0.23165	0.22366	0.22670	0.22334	
4970.00	0.22508	0.23158	0.22352	0.22670	0.22334	
4980.00	0.22527	0.23138	0.22340	0.22691	0.22331	
4990.00	0.22517	0.23159	0.22330	0.22674	0.22340	
5000.00	0.22518	0.23147	0.22342	0.22656	0.22344	
5010.00	0.22518	0.23145	0.22352	0.22638	0.22347	
5020.00	0.22503	0.23136	0.22349	0.22637	0.22331	
5030.00	0.22489	0.23160	0.22349	0.22636	0.22325	
5040.00	0.22473	0.23141	0.22336	0.22643	0.22321	
5050.00	0.22465	0.23163	0.22334	0.22637	0.22320	
5060.00	0.22487	0.23153	0.22335	0.22627	0.22314	
5070.00	0.22492	0.23170	0.22330	0.22610	0.22311	
5080.00	0.22500	0.23154	0.22315	0.22601	0.22300	
5090.00	0.22485	0.23142	0.22300	0.22594	0.22334	
5100.00	0.22468	0.23151	0.22284	0.22589	0.22318	
5110.00	0.22471	0.23152	0.22300	0.22583	0.22303	
5120.00	0.22456	0.23132	0.22322	0.22580	0.22300	
5130.00	0.22453	0.23128	0.22309	0.22586	0.22299	
5140.00	0.22437	0.23147	0.22321	0.22591	0.22301	
5150.00	0.22421	0.23130	0.22332	0.22595	0.22303	
5160.00	0.22419	0.23126	0.22338	0.22587	0.22310	
5170.00	0.22424	0.23143	0.22329	0.22592	0.22320	
5180.00	0.22437	0.23161	0.22316	0.22582	0.22319	
5190.00	0.22451	0.23150	0.22306	0.22565	0.22345	
5200.00	0.22458	0.23139	0.22308	0.22560	0.22366	
5210.00	0.22444	0.23154	0.22293	0.22555	0.22375	
5220.00	0.22458	0.23144	0.22277	0.22563	0.22360	
5230.00	0.22483	0.23125	0.22296	0.22552	0.22383	
5240.00	0.22479	0.23117	0.22286	0.22564	0.22384	
5250.00	0.22473	0.23096	0.22271	0.22583	0.22386	
5260.00	0.22496	0.23076	0.22256	0.22593	0.22375	
5270.00	0.22492	0.23056	0.22250	0.22621	0.22375	
5280.00	0.22511	0.23067	0.22263	0.22625	0.22389	
5290.00	0.22517	0.23080	0.22287	0.22608	0.22380	
5300.00	0.22519	0.23084	0.22286	0.22611	0.22381	
5310.00	0.22508	0.23098	0.22275	0.22617	0.22366	
5320.00	0.22521	0.23121	0.22260	0.22615	0.22366	
5330.00	0.22532	0.23130	0.22253	0.22610	0.22350	
5340.00	0.22553	0.23142	0.22256	0.22630	0.22350	
5350.00	0.22547	0.23138	0.22285	0.22636	0.22334	
5360.00	0.22551	0.23132	0.22290	0.22691	0.22319	
5370.00	0.22547	0.23150	0.22296	0.22680	0.22311	
5380.00	0.22549	0.23131	0.22287	0.22705	0.22309	
5390.00	0.22547	0.23147	0.22292	0.22705	0.22293	
5400.00	0.22553	0.23153	0.22348	0.22687	0.22278	
5410.00	0.22547	0.23132	0.22339	0.22670	0.22287	
5420.00	0.22530	0.23137	0.22330	0.22660	0.22283	
5430.00	0.22559	0.23116	0.22318	0.22644	0.22268	
5440.00	0.22568	0.23114	0.22327	0.22639	0.22264	
5450.00	0.22561	0.23105	0.22319	0.22627	0.22271	
5460.00	0.22594	0.23102	0.22318	0.22624	0.22256	
5470.00	0.22594	0.23084	0.22305	0.22615	0.22244	
5480.00	0.22581	0.23070	0.22292	0.22602	0.22239	
5490.00	0.22595	0.23077	0.22277	0.22616	0.22224	
5500.00	0.22610	0.23067	0.22268	0.22629	0.22210	
5510.00	0.22625	0.23066	0.22254	0.22637	0.22208	
5520.00	0.22626	0.23057	0.22272	0.22619	0.22195	
5530.00	0.22623	0.23046	0.22280	0.22621	0.22206	
5540.00	0.22627	0.23050	0.22265	0.22607	0.22193	
5550.00	0.22637	0.23053	0.22265	0.22598	0.22201	
5560.00	0.22652	0.23036	0.22260	0.22608	0.22195	
5570.00	0.22660	0.23015	0.22252	0.22643	0.22184	
5580.00	0.22689	0.22995	0.22249	0.22629	0.22173	
5590.00	0.22673	0.22991	0.22258	0.22611	0.22173	
5600.00	0.22661	0.22982	0.22284	0.22628	0.22190	
5610.00	0.22643	0.22972	0.22273	0.22614	0.22207	
5620.00	0.22629	0.22952	0.22336	0.22596	0.22228	
5630.00	0.22626	0.22949	0.22335	0.22579	0.22216	
5640.00	0.22609	0.22949	0.22358	0.22572	0.22235	
5650.00	0.22594	0.22930	0.22369	0.22554	0.22250	
5660.00	0.22592	0.22931	0.22391	0.22538	0.22247	
5670.00	0.22582	0.22912	0.22395	0.22542	0.22244	
5680.00	0.22580	0.22897	0.22384	0.22555	0.22261	
5690.00	0.22563	0.22905	0.22404	0.22574	0.22277	
5700.00	0.22550	0.22901	0.22394	0.22561	0.22267	
5710.00	0.22551	0.22887	0.22388	0.22580	0.22258	
5720.00	0.22546	0.22878	0.22372	0.22602	0.22268	
5730.00	0.22533	0.22877	0.22356	0.22596	0.22269	
5740.00	0.22534	0.22858	0.22365	0.22591	0.22263	
5750.00	0.22528	0.22839	0.22369	0.22615	0.22249	
5760.00	0.22531	0.22829	0.22356	0.22599	0.22241	
5770.00	0.22525	0.22811	0.22365	0.22602	0.22257	
5780.00	0.22537	0.22792	0.22352	0.22586	0.22249	
5790.00	0.22531	0.22833	0.22356	0.22577	0.22238	
5800.00	0.22546	0.22814	0.22341	0.22595	0.22230	
5810.00	0.22548	0.22795	0.22346	0.22595	0.22239	
5820.00	0.22538	0.22796	0.22331	0.22589	0.22231	
5830.00	0.22557	0.22783	0.22340	0.22632	0.22230	
5840.00	0.22540	0.22768	0.22353	0.22628	0.22227	
5850.00	0.22523	0.22751	0.22387	0.22640	0.22234	
5860.00	0.22511	0.22733	0.22375	0.22670	0.22220	
5870.00	0.22498	0.22724	0.22387	0.22672	0.22209	
5880.00	0.22502	0.22731	0.22413	0.22677	0.22200	
5890.00	0.22487	0.22740	0.22397	0.22701	0.22197	
5900.00	0.22498	0.22740	0.22381	0.22703	0.22210	
5910.00	0.22494	0.22740	0.22393	0.22696	0.22249	
5920.00	0.22509	0.22759	0.22377	0.22726	0.22263	
5930.00	0.22496	0.22748	0.22362	0.22724	0.22249	
5940.00	0.22479	0.22754	0.22390	0.22718	0.22241	
5950.00	0.22463	0.22770	0.22384	0.22723	0.22267	
5960.00	0.22459	0.22759	0.22392	0.22705	0.22252	
5970.00	0.22444	0.22745	0.22379	0.22725	0.22261	
5980.00	0.22440	0.22762	0.22394	0.22723	0.22263	
5990.00	0.22425	0.22761	0.22406	0.22717	0.22255	
6000.00	0.22409	0.22756	0.22403	0.22699	0.22288	
6010.00	0.22397	0.22763	0.22388	0.22738	0.22293	
6020.00	0.22393	0.22756	0.22428	0.22724	0.22288	
6030.00	0.22381	0.22750	0.22427	0.22722	0.22277	
6040.00	0.22385	0.22743	0.22421	0.22720	0.22272	
6050.00	0.22370	0.22760	0.22420	0.22741	0.22257	
6060.00	0.22361	0.22757	0.22418	0.22793	0.22249	
6070.00	0.22365	0.22762	0.22424	0.22782	0.22239	
6080.00	0.22375	0.22766	0.22414	0.22769	0.22229	
6090.00	0.22395	0.22748	0.22412	0.22783	0.22214	
6100.00	0.22389	0.22732	0.22406	0.22765	0.22208	
6110.00	0.22373	0.22724	0.22429	0.22786	0.22200	
6120.00	0.22392	0.22706	0.22497	0.22770	0.22185	
6130.00	0.22389	0.22688	0.22491	0.22824	0.22170	
6140.00	0.22397	0.22693	0.22489	0.22861	0.22180	
6150.00	0.22406	0.22695	0.22498	0.22849	0.22179	
6160.00	0.22423	0.22691	0.22509	0.22866	0.22189	
6170.00	0.22407	0.22679	0.22525	0.22863	0.22190	
6180.00	0.22393	0.22667	0.22508	0.22893	0.22178	
6190.00	0.22380	0.22666	0.22492	0.22899	0.22173	
6200.00	0.22365	0.22682	0.22488	0.22924	0.22166	
6210.00	0.22362	0.22685	0.22477	0.22914	0.22165	
6220.00	0.22382	0.22694	0.22472	0.22918	0.22155	
6230.00	0.22379	0.22676	0.22468	0.22901	0.22144	
6240.00	0.22370	0.22668	0.22481	0.22907	0.22167	
6250.00	0.22365	0.22705	0.22504	0.22891	0.22157	
6260.00	0.22351	0.22691	0.22510	0.22880	0.22165	
6270.00	0.22337	0.22687	0.22519	0.22892	0.22151	
6280.00	0.22328	0.22671	0.22551	0.22882	0.22168	
6290.00	0.22324	0.22656	0.22534	0.22881	0.22164	
6300.00	0.22309	0.22656	0.22528	0.22898	0.22158	
6310.00	0.22329	0.22641	0.22525	0.22906	0.22170	
6320.00	0.22361	0.22629	0.22514	0.22909	0.22186	
6330.00	0.22368	0.22618	0.22498	0.22908	0.22171	
6340.00	0.22399	0.22628	0.22506	0.22900	0.22167	
6350.00	0.22396	0.22637	0.22490	0.22902	0.22170	
6360.00	0.22380	0.22636	0.22476	0.22884	0.22180	
6370.00	0.22365	0.22627	0.22504	0.22865	0.22185	
6380.00	0.22349	0.22648	0.22537	0.22848	0.22171	
6390.00	0.22334	0.22632	0.22565	0.22857	0.22156	
6400.00	0.22319	0.22646	0.22587	0.22838	0.22148	
6410.00	0.22303	0.22631	0.22592	0.22843	0.22152	
6420.00	0.22329	0.22620	0.22620	0.22847	0.22161	
6430.00	0.22317	0.22611	0.22614	0.22846	0.22178	
6440.00	0.22321	0.22607	0.22608	0.22827	0.22182	
6450.00	0.22327	0.22615	0.22623	0.22812	0.22176	
6460.00	0.22336	0.22616	0.22617	0.22795	0.22163	
6470.00	0.22320	0.22615	0.22628	0.22796	0.22157	
6480.00	0.22314	0.22606	0.22623	0.22795	0.22143	
6490.00	0.22300	0.22601	0.22620	0.22795	0.22129	
6500.00	0.22322	0.22610	0.22623	0.22840	0.22124	
6510.00	0.22339	0.22608	0.22606	0.22831	0.22128	
6520.00	0.22331	0.22610	0.22608	0.22816	0.22120	
6530.00	0.22348	0.22606	0.22591	0.22797	0.22117	
6540.00	0.22352	0.22589	0.22602	0.22796	0.22116	
6550.00	0.22359	0.22582	0.22610	0.22793	0.22113	
6560.00	0.22346	0.22565	0.22596	0.22790	0.22123	
6570.00	0.22346	0.22583	0.22613	0.22787	0.22115	
6580.00	0.22357	0.22575	0.22617	0.22776	0.22102	
6590.00	0.22364	0.22577	0.22643	0.22764	0.22099	
6600.00	0.22373	0.22577	0.22636	0.22753	0.22103	
6610.00	0.22357	0.22569	0.22621	0.22761	0.22113	
6620.00	0.22350	0.22581	0.22604	0.22753	0.22108	
6630.00	0.22357	0.22590	0.22592	0.22735	0.22094	
6640.00	0.22344	0.22596	0.22586	0.22720	0.22086	
6650.00	0.22329	0.22591	0.22573	0.22763	0.22086	
6660.00	0.22313	0.22589	0.22574	0.22782	0.22082	
6670.00	0.22324	0.22594	0.22559	0.22784	0.22072	
6680.00	0.22331	0.22581	0.22561	0.22788	0.22099	
6690.00	0.22320	0.22578	0.22551	0.22788	0.22103	
6700.00	0.22322	0.22561	0.22593	0.22804	0.22131	
6710.00	0.22327	0.22549	0.22586	0.22790	0.22141	
6720.00	0.22312	0.22532	0.22572	0.22815	0.22152	
6730.00	0.22312	0.22530	0.22573	0.22835	0.22140	
6740.00	0.22312	0.22534	0.22597	0.22868	0.22131	
6750.00	0.22319	0.22528	0.22582	0.22879	0.22136	
6760.00	0.22330	0.22536	0.22564	0.22876	0.22122	
6770.00	0.22333	0.22536	0.22573	0.22892	0.22119	
6780.00	0.22344	0.22526	0.22571	0.22891	0.22128	
6790.00	0.22334	0.22524	0.22572	0.22906	0.22146	
6800.00	0.22363	0.22520	0.22555	0.22921	0.22170	
6810.00	0.22348	0.22509	0.22604	0.22902	0.22191	
6820.00	0.22343	0.22513	0.22590	0.22931	0.22213	
6830.00	0.22363	0.22516	0.22579	0.22922	0.22221	
6840.00	0.22377	0.22544	0.22562	0.22904	0.22233	
6850.00	0.22370	0.22550	0.22549	0.22912	0.22221	
6860.00	0.22357	0.22561	0.22546	0.22920	0.22207	
6870.00	0.22341	0.22565	0.22556	0.22926	0.22196	
6880.00	0.22329	0.22551	0.22552	0.22968	0.22192	
6890.00	0.22345	0.22540	0.22580	0.22965	0.22185	
6900.00	0.22333	0.22532	0.22564	0.22951	0.22192	
6910.00	0.22356	0.22535	0.22547	0.22931	0.22199	
6920.00	0.22357	0.22526	0.22548	0.22911	0.22203	
6930.00	0.22367	0.22515	0.22545	0.22892	0.22204	
6940.00	0.22351	0.22498	0.22551	0.22884	0.22217	
6950.00	0.22352	0.22517	0.22534	0.22872	0.22247	
6960.00	0.22339	0.22510	0.22536	0.22853	0.22232	
6970.00	0.22359	0.22493	0.22552	0.22845	0.22219	
6980.00	0.22344	0.22540	0.22581	0.22845	0.22204	
6990.00	0.22365	0.22567	0.22602	0.22874	0.22190	
7000.00	0.22361	0.22569	0.22600	0.22855	0.22202	
7010.00	0.22359	0.22582	0.22614	0.22893	0.22207	
7020.00	0.22344	0.22576	0.22615	0.22882	0.22212	
7030.00	0.22337	0.22572	0.22647	0.22900	0.22226	
7040.00	0.22322	0.22570	0.22633	0.22919	0.22235	
7050.00	0.22309	0.22600	0.22635	0.22918	0.22220	
7060.00	0.22304	0.22617	0.22674	0.22904	0.22207	
7070.00	0.22303	0.22622	0.22682	0.22895	0.22207	
7080.00	0.22309	0.22604	0.22699	0.22876	0.22219	
7090.00	0.22308	0.22590	0.22684	0.22857	0.22204	
7100.00	0.22293	0.22573	0.22674	0.22849	0.22207	
7110.00	0.22289	0.22574	0.22656	0.22837	0.22231	
7120.00	0.22292	0.22562	0.22670	0.22836	0.22235	
7130.00	0.22297	0.22585	0.22680	0.22826	0.22253	
7140.00	0.22320	0.22620	0.22679	0.22807	0.22240	
7150.00	0.22339	0.22624	0.22665	0.22794	0.22256	
7160.00	0.22343	0.22613	0.22678	0.22801	0.22242	
7170.00	0.22350	0.22618	0.22689	0.22810	0.22233	
7180.00	0.22382	0.22626	0.22686	0.22808	0.22226	
7190.00	0.22373	0.22617	0.22695	0.22789	0.22222	
7200.00	0.22361	0.22630	0.22721	0.22790	0.22215	
7210.00	0.22372	0.22618	0.22751	0.22820	0.22201	
7220.00	0.22376	0.22601	0.22783	0.22827	0.22199	
7230.00	0.22387	0.22610	0.22798	0.22808	0.22195	
7240.00	0.22388	0.22628	0.22800	0.22811	0.22232	
7250.00	0.22391	0.22613	0.22815	0.22815	0.22218	
7260.00	0.22375	0.22596	0.22805	0.22811	0.22238	
7270.00	0.22425	0.22579	0.22828	0.22809	0.22235	
7280.00	0.22436	0.22587	0.22827	0.22790	0.22221	
7290.00	0.22427	0.22579	0.22835	0.22799	0.22213	
7300.00	0.22438	0.22562	0.22832	0.22804	0.22202	
7310.00	0.22432	0.22556	0.22813	0.22812	0.22196	
7320.00	0.22451	0.22539	0.22834	0.22810	0.22185	
7330.00	0.22434	0.22533	0.22822	0.22860	0.22189	
7340.00	0.22444	0.22533	0.22804	0.22890	0.22178	
7350.00	0.22457	0.22528	0.22844	0.22904	0.22164	
7360.00	0.22464	0.22527	0.22843	0.22924	0.22149	
7370.00	0.22475	0.22528	0.22841	0.22919	0.22164	
7380.00	0.22480	0.22534	0.22836	0.22932	0.22165	
7390.00	0.22475	0.22519	0.22857	0.22915	0.22152	
7400.00	0.22479	0.22506	0.22840	0.22921	0.22138	
7410.00	0.22481	0.22495	0.22836	0.22902	0.22134	
7420.00	0.22472	0.22483	0.22826	0.22884	0.22143	
7430.00	0.22479	0.22474	0.22834	0.22875	0.22141	
7440.00	0.22489	0.22473	0.22815	0.22871	0.22144	
7450.00	0.22485	0.22461	0.22826	0.22856	0.22138	
7460.00	0.22497	0.22458	0.22869	0.22849	0.22133	
7470.00	0.22528	0.22442	0.22869	0.22838	0.22143	
7480.00	0.22535	0.22439	0.22873	0.22834	0.22156	
7490.00	0.22541	0.22435	0.22912	0.22817	0.22175	
7500.00	0.22534	0.22421	0.22924	0.22798	0.22205	
7510.00	0.22532	0.22406	0.22927	0.22780	0.22201	
7520.00	0.22546	0.22394	0.22960	0.22767	0.22187	
7530.00	0.22529	0.22393	0.22993	0.22760	0.22212	
7540.00	0.22512	0.22384	0.22974	0.22765	0.22230	
7550.00	0.22536	0.22386	0.22955	0.22764	0.22240	
7560.00	0.22520	0.22385	0.22956	0.22785	0.22230	
7570.00	0.22563	0.22380	0.22937	0.22789	0.22218	
7580.00	0.22559	0.22386	0.22941	0.22777	0.22230	
7590.00	0.22542	0.22391	0.22939	0.22761	0.22225	
7600.00	0.22525	0.22375	0.22936	0.22757	0.22248	
7610.00	0.22524	0.22371	0.22938	0.22739	0.22271	
7620.00	0.22510	0.22367	0.22936	0.22741	0.22277	
7630.00	0.22494	0.22366	0.22928	0.22771	0.22263	
7640.00	0.22480	0.22355	0.22951	0.22778	0.22277	
7650.00	0.22472	0.22340	0.22957	0.22800	0.22265	
7660.00	0.22455	0.22332	0.22966	0.22781	0.22253	
7670.00	0.22440	0.22335	0.22961	0.22770	0.22238	
7680.00	0.22423	0.22375	0.22941	0.22781	0.22269	
7690.00	0.22407	0.22400	0.22979	0.22771	0.22259	
7700.00	0.22424	0.22411	0.22971	0.22768	0.22244	
7710.00	0.22408	0.22401	0.22951	0.22768	0.22256	
7720.00	0.22394	0.22404	0.22940	0.22763	0.22248	
7730.00	0.22388	0.22388	0.22950	0.22761	0.22275	
7740.00	0.22398	0.22392	0.22946	0.22760	0.22261	
7750.00	0.22404	0.22390	0.22940	0.22770	0.22267	
7760.00	0.22422	0.22399	0.22943	0.22774	0.22253	
7770.00	0.22422	0.22401	0.22934	0.22766	0.22244	
7780.00	0.22410	0.22440	0.22956	0.22750	0.22255	
7790.00	0.22412	0.22434	0.22939	0.22753	0.22255	
7800.00	0.22415	0.22467	0.22922	0.22755	0.22250	
7810.00	0.22410	0.22466	0.22965	0.22737	0.22243	
7820.00	0.22412	0.22460	0.23010	0.22743	0.22231	
7830.00	0.22411	0.22468	0.23040	0.22742	0.22227	
7840.00	0.22425	0.22464	0.23045	0.22724	0.22221	
7850.00	0.22410	0.22471	0.23046	0.22730	0.22288	
7860.00	0.22406	0.22455	0.23039	0.22712	0.22282	
7870.00	0.22425	0.22448	0.23073	0.22703	0.22288	
7880.00	0.22419	0.22445	0.23111	0.22699	0.22300	
7890.00	0.22427	0.22433	0.23104	0.22681	0.22337	
7900.00	0.22423	0.22417	0.23090	0.22663	0.22382	
7910.00	0.22407	0.22425	0.23071	0.22669	0.22406	
7920.00	0.22433	0.22429	0.23085	0.22652	0.22417	
7930.00	0.22463	0.22417	0.23064	0.22651	0.22404	
7940.00	0.22493	0.22433	0.23065	0.22641	0.22412	
7950.00	0.22498	0.22447	0.23045	0.22623	0.22395	
7960.00	0.22498	0.22472	0.23061	0.22606	0.22415	
7970.00	0.22500	0.22473	0.23041	0.22597	0.22416	
7980.00	0.22484	0.22457	0.23028	0.22600	0.22444	
7990.00	0.22479	0.22441	0.23021	0.22586	0.22427	
8000.00	0.22476	0.22481	0.23007	0.22588	0.22416	
8010.00	0.22459	0.22494	0.22987	0.22571	0.22418	
8020.00	0.22451	0.22479	0.22985	0.22572	0.22446	
8030.00	0.22445	0.22521	0.22965	0.22559	0.22460	
8040.00	0.22429	0.22505	0.22959	0.22555	0.22447	
8050.00	0.22414	0.22516	0.22947	0.22538	0.22458	
8060.00	0.22398	0.22551	0.22929	0.22547	0.22457	
8070.00	0.22393	0.22544	0.22933	0.22536	0.22475	
8080.00	0.22377	0.22548	0.22975	0.22526	0.22483	
8090.00	0.22373	0.22560	0.22988	0.22511	0.22472	
8100.00	0.22361	0.22584	0.22976	0.22507	0.22475	
8110.00	0.22353	0.22584	0.22987	0.22491	0.22469	
8120.00	0.22354	0.22618	0.22976	0.22500	0.22469	
8130.00	0.22346	0.22640	0.22956	0.22488	0.22452	
8140.00	0.22347	0.22682	0.22940	0.22471	0.22459	
8150.00	0.22332	0.22685	0.22921	0.22458	0.22468	
8160.00	0.22332	0.22671	0.22956	0.22461	0.22488	
8170.00	0.22350	0.22668	0.22952	0.22476	0.22526	
8180.00	0.22349	0.22665	0.22937	0.22464	0.22518	
8190.00	0.22366	0.22663	0.22934	0.22461	0.22519	
8200.00	0.22389	0.22651	0.22936	0.22462	0.22502	
8210.00	0.22405	0.22634	0.22956	0.22469	0.22492	
8220.00	0.22423	0.22632	0.22959	0.22466	0.22486	
8230.00	0.22418	0.22615	0.22997	0.22450	0.22498	
8240.00	0.22419	0.22602	0.23037	0.22447	0.22484	
8250.00	0.22412	0.22599	0.23023	0.22463	0.22487	
8260.00	0.22428	0.22582	0.23020	0.22458	0.22508	
8270.00	0.22412	0.22583	0.23000	0.22473	0.22500	
8280.00	0.22421	0.22569	0.23026	0.22466	0.22484	
8290.00	0.22415	0.22554	0.23013	0.22454	0.22467	
8300.00	0.22409	0.22537	0.23046	0.22443	0.22480	
8310.00	0.22405	0.22534	0.23036	0.22468	0.22463	
8320.00	0.22389	0.22517	0.23048	0.22460	0.22460	
8330.00	0.22388	0.22523	0.23042	0.22471	0.22458	
8340.00	0.22372	0.22531	0.23047	0.22461	0.22494	
8350.00	0.22365	0.22524	0.23036	0.22467	0.22487	
8360.00	0.22360	0.22509	0.23043	0.22471	0.22474	
8370.00	0.22367	0.22492	0.23060	0.22475	0.22458	
8380.00	0.22354	0.22510	0.23060	0.22478	0.22493	
8390.00	0.22356	0.22496	0.23062	0.22485	0.22484	
8400.00	0.22361	0.22496	0.23060	0.22492	0.22492	
8410.00	0.22367	0.22489	0.23049	0.22494	0.22498	
8420.00	0.22369	0.22491	0.23032	0.22480	0.22524	
8430.00	0.22377	0.22481	0.23039	0.22491	0.22511	
8440.00	0.22361	0.22478	0.23029	0.22497	0.22544	
8450.00	0.22371	0.22467	0.23011	0.22497	0.22558	
8460.00	0.22373	0.22450	0.22997	0.22490	0.22542	
8470.00	0.22383	0.22451	0.22986	0.22482	0.22527	
8480.00	0.22394	0.22446	0.22966	0.22465	0.22529	
8490.00	0.22397	0.22440	0.22978	0.22470	0.22528	
8500.00	0.22398	0.22437	0.22983	0.22456	0.22511	
8510.00	0.22420	0.22435	0.22997	0.22463	0.22495	
8520.00	0.22406	0.22435	0.22992	0.22484	0.22481	
8530.00	0.22400	0.22419	0.22986	0.22483	0.22466	
8540.00	0.22397	0.22408	0.22982	0.22478	0.22474	
8550.00	0.22414	0.22421	0.22966	0.22468	0.22474	
8560.00	0.22426	0.22405	0.22947	0.22455	0.22462	
8570.00	0.22418	0.22389	0.22927	0.22463	0.22490	
8580.00	0.22411	0.22379	0.22925	0.22472	0.22525	
8590.00	0.22401	0.22412	0.22909	0.22469	0.22538	
8600.00	0.22411	0.22402	0.22889	0.22465	0.22558	
8610.00	0.22410	0.22397	0.22877	0.22456	0.22552	
8620.00	0.22401	0.22393	0.22927	0.22490	0.22576	
8630.00	0.22394	0.22386	0.22946	0.22504	0.22559	
8640.00	0.22380	0.22383	0.22992	0.22506	0.22565	
8650.00	0.22407	0.22384	0.23010	0.22519	0.22587	
8660.00	0.22428	0.22372	0.23039	0.22507	0.22579	
8670.00	0.22420	0.22374	0.23032	0.22498	0.22576	
8680.00	0.22425	0.22373	0.23046	0.22492	0.22559	
8690.00	0.22447	0.22364	0.23034	0.22475	0.22561	
8700.00	0.22436	0.22377	0.23020	0.22459	0.22566	
8710.00	0.22430	0.22379	0.23014	0.22468	0.22556	
8720.00	0.22447	0.22364	0.22999	0.22490	0.22580	
8730.00	0.22435	0.22388	0.23021	0.22499	0.22578	
8740.00	0.22420	0.22425	0.23011	0.22493	0.22570	
8750.00	0.22428	0.22423	0.22997	0.22507	0.22574	
8760.00	0.22421	0.22418	0.23010	0.22522	0.22570	
8770.00	0.22438	0.22426	0.23008	0.22540	0.22564	
8780.00	0.22421	0.22422	0.23004	0.22544	0.22586	
8790.00	0.22411	0.22432	0.23011	0.22529	0.22632	
8800.00	0.22405	0.22419	0.22995	0.22532	0.22670	
8810.00	0.22389	0.22417	0.22990	0.22541	0.22669	
8820.00	0.22390	0.22429	0.22999	0.22535	0.22665	
8830.00	0.22375	0.22435	0.23002	0.22529	0.22648	
8840.00	0.22362	0.22459	0.22991	0.22513	0.22686	
8850.00	0.22358	0.22478	0.23007	0.22496	0.22682	
8860.00	0.22379	0.22492	0.23004	0.22484	0.22683	
8870.00	0.22385	0.22481	0.23047	0.22469	0.22665	
8880.00	0.22386	0.22481	0.23041	0.22452	0.22663	
8890.00	0.22380	0.22490	0.23022	0.22438	0.22676	
8900.00	0.22380	0.22496	0.23005	0.22455	0.22686	
8910.00	0.22366	0.22507	0.22985	0.22442	0.22697	
8920.00	0.22350	0.22529	0.22965	0.22480	0.22693	
8930.00	0.22337	0.22535	0.22946	0.22470	0.22692	
8940.00	0.22348	0.22536	0.22936	0.22482	0.22689	
8950.00	0.22333	0.22552	0.22935	0.22465	0.22696	
8960.00	0.22322	0.22543	0.22939	0.22466	0.22683	
8970.00	0.22333	0.22554	0.22939	0.22461	0.22670	
8980.00	0.22331	0.22552	0.22920	0.22455	0.22677	
8990.00	0.22321	0.22544	0.22917	0.22480	0.22685	
9000.00	0.22309	0.22541	0.22918	0.22480	0.22703	
9010.00	0.22319	0.22541	0.22899	0.22468	0.22697	
9020.00	0.22336	0.22563	0.22888	0.22461	0.22726	
9030.00	0.22331	0.22566	0.22868	0.22454	0.22784	
9040.00	0.22324	0.22574	0.22851	0.22473	0.22773	
9050.00	0.22321	0.22569	0.22840	0.22485	0.22789	
9060.00	0.22305	0.22570	0.22823	0.22486	0.22792	
9070.00	0.22300	0.22555	0.22841	0.22486	0.22789	
9080.00	0.22301	0.22596	0.22822	0.22470	0.22770	
9090.00	0.22297	0.22606	0.22859	0.22467	0.22772	
9100.00	0.22287	0.22724	0.22858	0.22454	0.22754	
9110.00	0.22282	0.22736	0.22859	0.22482	0.22735	
9120.00	0.22267	0.22754	0.22854	0.22494	0.22726	
9130.00	0.22281	0.22774	0.22854	0.22484	0.22708	
9140.00	0.22291	0.22771	0.22850	0.22473	0.22695	
9150.00	0.22293	0.22758	0.22884	0.22478	0.22680	
9160.00	0.22297	0.22773	0.22881	0.22475	0.22708	
9170.00	0.22311	0.22759	0.22868	0.22536	0.22690	
9180.00	0.22302	0.22772	0.22856	0.22538	0.22676	
9190.00	0.22317	0.22799	0.22843	0.22549	0.22665	
9200.00	0.22302	0.22786	0.22837	0.22569	0.22678	
9210.00	0.22286	0.22770	0.22820	0.22558	0.22743	
9220.00	0.22272	0.22765	0.22846	0.22563	0.22738	
9230.00	0.22292	0.22776	0.22862	0.22575	0.22735	
9240.00	0.22297	0.22773	0.22849	0.22561	0.22725	
9250.00	0.22292	0.22780	0.22869	0.22544	0.22729	
9260.00	0.22282	0.22780	0.22885	0.22560	0.22744	
9270.00	0.22268	0.22775	0.22879	0.22571	0.22747	
9280.00	0.22253	0.22756	0.22877	0.22569	0.22743	
9290.00	0.22239	0.22738	0.22878	0.22590	0.22775	
9300.00	0.22233	0.22720	0.22863	0.22595	0.22776	
9310.00	0.22222	0.22731	0.22847	0.22600	0.22760	
9320.00	0.22217	0.22731	0.22850	0.22599	0.22749	
9330.00	0.22207	0.22713	0.22851	0.22606	0.22743	
9340.00	0.22226	0.22699	0.22844	0.22595	0.22754	
9350.00	0.22237	0.22686	0.22827	0.22594	0.22752	
9360.00	0.22229	0.22701	0.22808	0.22579	0.22733	
9370.00	0.22232	0.22699	0.22836	0.22576	0.22717	
9380.00	0.22241	0.22698	0.22829	0.22559	0.22707	
9390.00	0.22279	0.22698	0.22816	0.22542	0.22702	
9400.00	0.22264	0.22718	0.22804	0.22551	0.22700	
9410.00	0.22260	0.22716	0.22807	0.22534	0.22716	
9420.00	0.22292	0.22705	0.22805	0.22544	0.22732	
9430.00	0.22279	0.22727	0.22789	0.22555	0.22748	
9440.00	0.22281	0.22719	0.22779	0.22551	0.22730	
9450.00	0.22323	0.22703	0.22813	0.22550	0.22745	
9460.00	0.22322	0.22703	0.22814	0.22546	0.22727	
9470.00	0.22315	0.22685	0.22847	0.22560	0.22733	
9480.00	0.22320	0.22668	0.22914	0.22546	0.22715	
9490.00	0.22306	0.22709	0.22919	0.22574	0.22716	
9500.00	0.22290	0.22711	0.22903	0.22591	0.22698	
9510.00	0.22282	0.22696	0.22892	0.22591	0.22700	
9520.00	0.22284	0.22718	0.22885	0.22597	0.22694	
9530.00	0.22279	0.22701	0.22882	0.22595	0.22692	
9540.00	0.22268	0.22683	0.22908	0.22611	0.22690	
9550.00	0.22280	0.22666	0.22891	0.22597	0.22680	
9560.00	0.22287	0.22676	0.22893	0.22595	0.22677	
9570.00	0.22305	0.22670	0.22881	0.22592	0.22718	
9580.00	0.22325	0.22688	0.22875	0.22579	0.22707	
9590.00	0.22330	0.22675	0.22865	0.22575	0.22742	
9600.00	0.22332	0.22663	0.22868	0.22561	0.22730	
9610.00	0.22324	0.22695	0.22861	0.22565	0.22737	
9620.00	0.22339	0.22704	0.22842	0.22567	0.22762	
9630.00	0.22346	0.22706	0.22827	0.22550	0.22786	
9640.00	0.22335	0.22710	0.22823	0.22549	0.22809	
9650.00	0.22320	0.22726	0.22833	0.22544	0.22803	
9660.00	0.22353	0.22707	0.22876	0.22534	0.22831	
9670.00	0.22343	0.22691	0.22898	0.22517	0.22840	
9680.00	0.22328	0.22675	0.22922	0.22500	0.22841	
9690.00	0.22312	0.22666	0.22934	0.22489	0.22905	
9700.00	0.22299	0.22675	0.22914	0.22497	0.22921	
9710.00	0.22289	0.22710	0.22899	0.22497	0.22902	
9720.00	0.22280	0.22736	0.22880	0.22494	0.22902	
9730.00	0.22274	0.22717	0.22882	0.22498	0.22934	
9740.00	0.22259	0.22729	0.22891	0.22512	0.22927	
9750.00	0.22256	0.22745	0.22884	0.22496	0.22917	
9760.00	0.22241	0.22775	0.22913	0.22484	0.22930	
9770.00	0.22226	0.22768	0.22917	0.22491	0.22930	
9780.00	0.22239	0.22769	0.22898	0.22478	0.22927	
9790.00	0.22224	0.22764	0.22883	0.22485	0.22934	
9800.00	0.22243	0.22747	0.22876	0.22470	0.22955	
9810.00	0.22236	0.22741	0.22857	0.22470	0.23028	
9820.00	0.22253	0.22740	0.22838	0.22454	0.23074	
9830.00	0.22256	0.22731	0.22845	0.22461	0.23054	
9840.00	0.22265	0.22718	0.22832	0.22471	0.23055	
9850.00	0.22256	0.22731	0.22828	0.22461	0.23050	
9860.00	0.22276	0.22728	0.22827	0.22446	0.23040	
9870.00	0.22263	0.22724	0.22811	0.22431	0.23059	
9880.00	0.22285	0.22707	0.22812	0.22430	0.23061	
9890.00	0.22297	0.22699	0.22814	0.22414	0.23047	
9900.00	0.22310	0.22689	0.22802	0.22467	0.23045	
9910.00	0.22302	0.22695	0.22810	0.22462	0.23028	
9920.00	0.22301	0.22715	0.22793	0.22478	0.23008	
9930.00	0.22298	0.22716	0.22775	0.22488	0.23033	
9940.00	0.22287	0.22716	0.22761	0.22491	0.23039	
9950.00	0.22331	0.22729	0.22770	0.22484	0.23019	
9960.00	0.22340	0.22736	0.22758	0.22480	0.23006	
9970.00	0.22340	0.22749	0.22739	0.22493	0.22986	
9980.00	0.22330	0.22741	0.22730	0.22496	0.22991	
9990.00	0.22314	0.22723	0.22717	0.22500	0.23028	
10000.00	0.22300	0.22727	0.22699	0.22532	0.23017	
