10.00	0.99823	0.99917	0.99902	0.99915	0.99880	
20.00	0.99819	0.99922	0.99907	0.99907	0.99886	
30.00	0.99828	0.99910	0.99909	0.99912	0.99870	
40.00	0.99835	0.99914	0.99914	0.99916	0.99868	
50.00	0.99836	0.99918	0.99918	0.99920	0.99875	
60.00	0.99836	0.99922	0.99922	0.99924	0.99878	
70.00	0.99840	0.99926	0.99920	0.99908	0.99884	
80.00	0.99848	0.99928	0.99904	0.99913	0.99889	
90.00	0.99850	0.99913	0.99909	0.99899	0.99884	
100.00	0.99827	0.99917	0.99913	0.99904	0.99890	
110.00	0.99823	0.99921	0.99917	0.99889	0.99888	
120.00	0.99823	0.99925	0.99918	0.99892	0.99893	
130.00	0.99831	0.99929	0.99918	0.99897	0.99898	
140.00	0.99839	0.99932	0.99922	0.99901	0.99902	
150.00	0.99840	0.99929	0.99925	0.99906	0.99907	
160.00	0.99812	0.99933	0.99929	0.99911	0.99912	
170.00	0.99821	0.99936	0.99928	0.99903	0.99916	
180.00	0.99828	0.99939	0.99932	0.99908	0.99911	
190.00	0.99827	0.99942	0.99912	0.99912	0.99905	
200.00	0.99833	0.99940	0.99917	0.99916	0.99910	
210.00	0.99837	0.99943	0.99913	0.99920	0.99907	
220.00	0.99832	0.99929	0.99917	0.99924	0.99889	
230.00	0.99840	0.99916	0.99921	0.99910	0.99863	
240.00	0.99841	0.99909	0.99920	0.99914	0.99870	
250.00	0.99848	0.99913	0.99906	0.99918	0.99873	
260.00	0.99844	0.99907	0.99910	0.99901	0.99862	
270.00	0.99851	0.99904	0.99915	0.99906	0.99866	
280.00	0.99858	0.99908	0.99917	0.99910	0.99866	
290.00	0.99863	0.99888	0.99921	0.99915	0.99873	
300.00	0.99854	0.99893	0.99917	0.99919	0.99879	
310.00	0.99860	0.99894	0.99916	0.99923	0.99871	
320.00	0.99847	0.99889	0.99920	0.99925	0.99877	
330.00	0.99854	0.99894	0.99924	0.99919	0.99865	
340.00	0.99861	0.99861	0.99927	0.99923	0.99871	
350.00	0.99868	0.99847	0.99924	0.99905	0.99877	
360.00	0.99874	0.99855	0.99870	0.99862	0.99877	
370.00	0.99862	0.99837	0.99864	0.99869	0.99883	
380.00	0.99857	0.99845	0.99871	0.99873	0.99885	
390.00	0.99864	0.99853	0.99872	0.99879	0.99891	
400.00	0.99870	0.99831	0.99862	0.99837	0.99876	
410.00	0.99867	0.99840	0.99864	0.99845	0.99882	
420.00	0.99852	0.99847	0.99857	0.99852	0.99888	
430.00	0.99852	0.99855	0.99856	0.99859	0.99893	
440.00	0.99847	0.99860	0.99842	0.99866	0.99898	
450.00	0.99817	0.99867	0.99847	0.99872	0.99898	
460.00	0.99815	0.99874	0.99854	0.99878	0.99903	
470.00	0.99824	0.99880	0.99812	0.99878	0.99907	
480.00	0.99829	0.99885	0.99821	0.99884	0.99879	
490.00	0.99838	0.99891	0.99829	0.99868	0.99884	
500.00	0.99811	0.99896	0.99838	0.99874	0.99890	
510.00	0.99758	0.99901	0.99844	0.99880	0.99895	
520.00	0.99533	0.99906	0.99852	0.99886	0.99900	
530.00	0.98896	0.99911	0.99859	0.99891	0.99905	
540.00	0.98134	0.99915	0.99866	0.99897	0.99910	
550.00	0.96502	0.99919	0.99872	0.99902	0.99914	
560.00	0.95514	0.99923	0.99879	0.99907	0.99918	
570.00	0.95091	0.99927	0.99885	0.99911	0.99922	
580.00	0.94852	0.99930	0.99890	0.99915	0.99926	
590.00	0.94630	0.99934	0.99896	0.99920	0.99930	
600.00	0.94375	0.99937	0.99901	0.99924	0.99933	
610.00	0.94161	0.99940	0.99905	0.99927	0.99936	
620.00	0.93930	0.99943	0.99910	0.99931	0.99940	
630.00	0.93679	0.99946	0.99914	0.99934	0.99943	
640.00	0.93454	0.99931	0.99919	0.99937	0.99945	
650.00	0.93599	0.99935	0.99914	0.99940	0.99948	
660.00	0.93581	0.99938	0.99918	0.99943	0.99951	
670.00	0.93512	0.99941	0.99922	0.99946	0.99953	
680.00	0.93360	0.99944	0.99925	0.99947	0.99955	
690.00	0.92946	0.99946	0.99929	0.99950	0.99957	
700.00	0.92700	0.99949	0.99932	0.99952	0.99960	
710.00	0.92382	0.99952	0.99936	0.99955	0.99961	
720.00	0.92315	0.99954	0.99931	0.99957	0.99963	
730.00	0.92016	0.99956	0.99935	0.99950	0.99965	
740.00	0.91944	0.99958	0.99938	0.99953	0.99962	
750.00	0.91866	0.99960	0.99941	0.99953	0.99964	
760.00	0.91537	0.99962	0.99944	0.99955	0.99965	
770.00	0.91393	0.99964	0.99946	0.99958	0.99967	
780.00	0.91305	0.99966	0.99949	0.99960	0.99969	
790.00	0.91143	0.99967	0.99951	0.99962	0.99970	
800.00	0.90385	0.99969	0.99954	0.99964	0.99972	
810.00	0.90038	0.99971	0.99956	0.99965	0.99973	
820.00	0.89354	0.99972	0.99958	0.99967	0.99974	
830.00	0.89336	0.99973	0.99960	0.99969	0.99976	
840.00	0.89183	0.99975	0.99962	0.99970	0.99977	
850.00	0.88850	0.99976	0.99964	0.99972	0.99978	
860.00	0.88595	0.99977	0.99966	0.99973	0.99979	
870.00	0.88678	0.99978	0.99967	0.99974	0.99980	
880.00	0.88614	0.99979	0.99969	0.99975	0.99981	
890.00	0.88471	0.99980	0.99971	0.99976	0.99982	
900.00	0.88018	0.99981	0.99972	0.99977	0.99983	
910.00	0.87401	0.99982	0.99973	0.99979	0.99984	
920.00	0.87162	0.99983	0.99975	0.99980	0.99984	
930.00	0.86726	0.99984	0.99976	0.99981	0.99985	
940.00	0.86235	0.99985	0.99977	0.99982	0.99986	
950.00	0.85695	0.99985	0.99978	0.99982	0.99987	
960.00	0.85217	0.99986	0.99979	0.99983	0.99987	
970.00	0.84613	0.99987	0.99980	0.99984	0.99988	
980.00	0.84206	0.99987	0.99981	0.99985	0.99988	
990.00	0.83961	0.99988	0.99982	0.99986	0.99989	
1000.00	0.83716	0.99989	0.99983	0.99986	0.99990	
1010.00	0.83287	0.99989	0.99984	0.99987	0.99990	
1020.00	0.83027	0.99990	0.99985	0.99988	0.99991	
1030.00	0.82229	0.99990	0.99985	0.99988	0.99991	
1040.00	0.81295	0.99991	0.99986	0.99989	0.99991	
1050.00	0.80886	0.99991	0.99987	0.99989	0.99992	
1060.00	0.80978	0.99992	0.99987	0.99990	0.99992	
1070.00	0.80569	0.99992	0.99988	0.99990	0.99993	
1080.00	0.80577	0.99992	0.99989	0.99991	0.99993	
1090.00	0.80369	0.99993	0.99989	0.99991	0.99993	
1100.00	0.80257	0.99993	0.99990	0.99992	0.99994	
1110.00	0.79632	0.99993	0.99990	0.99992	0.99994	
1120.00	0.79240	0.99994	0.99991	0.99993	0.99994	
1130.00	0.78559	0.99994	0.99991	0.99993	0.99995	
1140.00	0.78387	0.99994	0.99992	0.99993	0.99995	
1150.00	0.78790	0.99995	0.99992	0.99994	0.99995	
1160.00	0.78470	0.99995	0.99992	0.99994	0.99995	
1170.00	0.78981	0.99995	0.99993	0.99994	0.99996	
1180.00	0.79103	0.99995	0.99993	0.99994	0.99996	
1190.00	0.79183	0.99996	0.99993	0.99995	0.99996	
1200.00	0.79076	0.99996	0.99994	0.99995	0.99996	
1210.00	0.78255	0.99996	0.99994	0.99995	0.99996	
1220.00	0.77557	0.99996	0.99994	0.99995	0.99997	
1230.00	0.77699	0.99996	0.99995	0.99996	0.99997	
1240.00	0.77363	0.99997	0.99995	0.99996	0.99997	
1250.00	0.76558	0.99997	0.99995	0.99996	0.99997	
1260.00	0.75981	0.99997	0.99995	0.99996	0.99997	
1270.00	0.75513	0.99997	0.99996	0.99996	0.99997	
1280.00	0.75278	0.99997	0.99996	0.99997	0.99997	
1290.00	0.75299	0.99997	0.99996	0.99997	0.99998	
1300.00	0.74884	0.99997	0.99996	0.99997	0.99998	
1310.00	0.74772	0.99998	0.99996	0.99997	0.99998	
1320.00	0.73731	0.99998	0.99997	0.99997	0.99998	
1330.00	0.73510	0.99998	0.99997	0.99997	0.99998	
1340.00	0.73463	0.99998	0.99997	0.99998	0.99998	
1350.00	0.73456	0.99998	0.99997	0.99998	0.99998	
1360.00	0.72710	0.99998	0.99997	0.99998	0.99998	
1370.00	0.72904	0.99998	0.99997	0.99998	0.99998	
1380.00	0.72795	0.99998	0.99997	0.99998	0.99998	
1390.00	0.72326	0.99998	0.99998	0.99998	0.99999	
1400.00	0.72248	0.99998	0.99998	0.99998	0.99999	
1410.00	0.72023	0.99999	0.99998	0.99998	0.99999	
1420.00	0.71597	0.99999	0.99998	0.99998	0.99999	
1430.00	0.72302	0.99999	0.99998	0.99998	0.99999	
1440.00	0.71810	0.99999	0.99998	0.99999	0.99999	
1450.00	0.72390	0.99999	0.99998	0.99999	0.99999	
1460.00	0.72344	0.99999	0.99998	0.99999	0.99999	
1470.00	0.72947	0.99999	0.99998	0.99999	0.99999	
1480.00	0.73582	0.99999	0.99999	0.99999	0.99999	
1490.00	0.73577	0.99999	0.99999	0.99999	0.99999	
1500.00	0.73089	0.99999	0.99999	0.99999	0.99999	
1510.00	0.72254	0.99999	0.99999	0.99999	0.99999	
1520.00	0.71760	0.99999	0.99999	0.99999	0.99999	
1530.00	0.71499	0.99999	0.99999	0.99999	0.99999	
1540.00	0.71715	0.99999	0.99999	0.99999	0.99999	
1550.00	0.71024	0.99999	0.99999	0.99999	0.99999	
1560.00	0.69919	0.99999	0.99999	0.99999	0.99999	
1570.00	0.70109	0.99999	0.99999	0.99999	0.99999	
1580.00	0.70075	0.99999	0.99999	0.99999	0.99999	
1590.00	0.69110	0.99999	0.99999	0.99999	0.99999	
1600.00	0.69245	0.99999	0.99999	0.99999	1.00000	
1610.00	0.69869	0.99999	0.99999	0.99999	1.00000	
1620.00	0.69585	0.99999	0.99999	0.99999	1.00000	
1630.00	0.69704	1.00000	0.99999	0.99999	1.00000	
1640.00	0.69473	1.00000	0.99999	0.99999	1.00000	
1650.00	0.68793	1.00000	0.99999	0.99999	1.00000	
1660.00	0.68821	1.00000	0.99999	0.99999	1.00000	
1670.00	0.69075	1.00000	0.99999	1.00000	1.00000	
1680.00	0.69285	1.00000	0.99999	1.00000	1.00000	
1690.00	0.69336	1.00000	0.99999	1.00000	1.00000	
1700.00	0.69269	1.00000	1.00000	1.00000	1.00000	
1710.00	0.69305	1.00000	1.00000	1.00000	1.00000	
1720.00	0.68133	1.00000	1.00000	1.00000	1.00000	
1730.00	0.68217	1.00000	1.00000	1.00000	1.00000	
1740.00	0.68733	1.00000	1.00000	1.00000	1.00000	
1750.00	0.67674	1.00000	1.00000	1.00000	1.00000	
1760.00	0.67970	1.00000	1.00000	1.00000	1.00000	
1770.00	0.67266	1.00000	1.00000	1.00000	1.00000	
1780.00	0.66560	1.00000	1.00000	1.00000	1.00000	
1790.00	0.66334	1.00000	1.00000	1.00000	1.00000	
1800.00	0.66243	1.00000	1.00000	1.00000	1.00000	
1810.00	0.66762	1.00000	1.00000	1.00000	1.00000	
1820.00	0.67422	1.00000	1.00000	1.00000	1.00000	
1830.00	0.67817	1.00000	1.00000	1.00000	1.00000	
1840.00	0.68382	1.00000	1.00000	1.00000	1.00000	
1850.00	0.67721	1.00000	1.00000	1.00000	1.00000	
1860.00	0.66947	1.00000	1.00000	1.00000	1.00000	
1870.00	0.67132	1.00000	1.00000	1.00000	1.00000	
1880.00	0.66738	1.00000	1.00000	1.00000	1.00000	
1890.00	0.67127	1.00000	1.00000	1.00000	1.00000	
1900.00	0.67024	1.00000	1.00000	1.00000	1.00000	
1910.00	0.67335	1.00000	1.00000	1.00000	1.00000	
1920.00	0.67154	1.00000	1.00000	1.00000	1.00000	
1930.00	0.66897	1.00000	1.00000	1.00000	1.00000	
1940.00	0.66345	1.00000	1.00000	1.00000	1.00000	
1950.00	0.66552	1.00000	1.00000	1.00000	1.00000	
1960.00	0.66419	1.00000	1.00000	1.00000	1.00000	
1970.00	0.66610	1.00000	1.00000	1.00000	1.00000	
1980.00	0.65397	1.00000	1.00000	1.00000	1.00000	
1990.00	0.65944	1.00000	1.00000	1.00000	1.00000	
2000.00	0.66243	1.00000	1.00000	1.00000	1.00000	
2010.00	0.66375	1.00000	1.00000	1.00000	1.00000	
2020.00	0.66728	1.00000	1.00000	1.00000	1.00000	
2030.00	0.64815	1.00000	1.00000	1.00000	1.00000	
2040.00	0.65299	1.00000	1.00000	1.00000	1.00000	
2050.00	0.64570	1.00000	1.00000	1.00000	1.00000	
