10.00	0.99734	0.99829	0.99788	0.99836	0.99763	
20.00	0.99747	0.99817	0.99797	0.99844	0.99774	
30.00	0.99759	0.99810	0.99805	0.99845	0.99739	
40.00	0.99756	0.99819	0.99793	0.99852	0.99751	
50.00	0.99757	0.99786	0.99803	0.99860	0.99763	
60.00	0.99769	0.99774	0.99786	0.99866	0.99775	
70.00	0.99780	0.99785	0.99797	0.99872	0.99786	
80.00	0.99757	0.99789	0.99807	0.99879	0.99790	
90.00	0.99769	0.99789	0.99783	0.99884	0.99759	
100.00	0.99779	0.99799	0.99793	0.99890	0.99740	
110.00	0.99787	0.99807	0.99803	0.99895	0.99729	
120.00	0.99787	0.99812	0.99808	0.99881	0.99738	
130.00	0.99797	0.99814	0.99811	0.99887	0.99726	
140.00	0.99805	0.99812	0.99810	0.99893	0.99739	
150.00	0.99809	0.99815	0.99820	0.99895	0.99752	
160.00	0.99817	0.99824	0.99813	0.99900	0.99763	
170.00	0.99800	0.99801	0.99813	0.99904	0.99774	
180.00	0.99809	0.99811	0.99816	0.99909	0.99785	
190.00	0.99819	0.99806	0.99821	0.99913	0.99784	
200.00	0.99828	0.99788	0.99829	0.99916	0.99795	
210.00	0.99834	0.99796	0.99835	0.99921	0.99805	
220.00	0.99843	0.99796	0.99838	0.99897	0.99814	
230.00	0.99850	0.99806	0.99840	0.99902	0.99823	
240.00	0.99850	0.99787	0.99848	0.99893	0.99829	
250.00	0.99843	0.99786	0.99798	0.99868	0.99837	
260.00	0.99850	0.99771	0.99807	0.99875	0.99835	
270.00	0.99857	0.99781	0.99816	0.99876	0.99818	
280.00	0.99864	0.99748	0.99816	0.99875	0.99818	
290.00	0.99870	0.99756	0.99817	0.99881	0.99785	
300.00	0.99869	0.99759	0.99821	0.99873	0.99796	
310.00	0.99876	0.99767	0.99817	0.99827	0.99806	
320.00	0.99882	0.99772	0.99825	0.99832	0.99795	
330.00	0.99857	0.99740	0.99811	0.99839	0.99805	
340.00	0.99844	0.99715	0.99779	0.99847	0.99815	
350.00	0.99848	0.99729	0.99781	0.99854	0.99823	
360.00	0.99837	0.99727	0.99780	0.99861	0.99827	
370.00	0.99839	0.99674	0.99791	0.99846	0.99836	
380.00	0.99818	0.99685	0.99786	0.99854	0.99841	
390.00	0.99815	0.99699	0.99796	0.99853	0.99849	
400.00	0.99819	0.99690	0.99798	0.99859	0.99856	
410.00	0.99824	0.99700	0.99808	0.99865	0.99851	
420.00	0.99832	0.99715	0.99801	0.99872	0.99848	
430.00	0.99815	0.99729	0.99811	0.99878	0.99849	
440.00	0.99817	0.99736	0.99809	0.99884	0.99856	
450.00	0.99814	0.99746	0.99819	0.99890	0.99863	
460.00	0.99808	0.99758	0.99828	0.99895	0.99866	
470.00	0.99817	0.99769	0.99807	0.99860	0.99846	
480.00	0.99826	0.99775	0.99813	0.99866	0.99854	
490.00	0.99831	0.99785	0.99798	0.99844	0.99829	
500.00	0.99831	0.99778	0.99804	0.99851	0.99835	
510.00	0.99699	0.99767	0.99813	0.99850	0.99843	
520.00	0.99333	0.99779	0.99822	0.99857	0.99851	
530.00	0.98663	0.99789	0.99831	0.99864	0.99858	
540.00	0.97642	0.99800	0.99839	0.99871	0.99865	
550.00	0.96268	0.99809	0.99847	0.99877	0.99872	
560.00	0.93915	0.99819	0.99855	0.99883	0.99878	
570.00	0.90872	0.99828	0.99862	0.99889	0.99884	
580.00	0.88589	0.99836	0.99868	0.99894	0.99890	
590.00	0.88332	0.99844	0.99875	0.99899	0.99895	
600.00	0.88235	0.99852	0.99881	0.99904	0.99900	
610.00	0.88190	0.99859	0.99887	0.99909	0.99905	
620.00	0.88176	0.99866	0.99892	0.99913	0.99910	
630.00	0.88480	0.99872	0.99896	0.99916	0.99914	
640.00	0.88881	0.99879	0.99900	0.99912	0.99917	
650.00	0.89329	0.99881	0.99903	0.99914	0.99921	
660.00	0.89686	0.99887	0.99897	0.99917	0.99890	
670.00	0.90122	0.99892	0.99896	0.99919	0.99894	
680.00	0.90536	0.99891	0.99891	0.99923	0.99890	
690.00	0.90974	0.99896	0.99879	0.99926	0.99896	
700.00	0.91378	0.99901	0.99872	0.99930	0.99834	
710.00	0.91687	0.99906	0.99869	0.99933	0.99842	
720.00	0.92039	0.99907	0.99855	0.99905	0.99850	
730.00	0.92371	0.99911	0.99861	0.99910	0.99856	
740.00	0.92726	0.99915	0.99867	0.99914	0.99858	
750.00	0.93052	0.99919	0.99873	0.99918	0.99844	
760.00	0.93372	0.99923	0.99879	0.99914	0.99848	
770.00	0.93670	0.99921	0.99884	0.99887	0.99853	
780.00	0.93947	0.99907	0.99882	0.99871	0.99860	
790.00	0.94230	0.99908	0.99882	0.99874	0.99850	
800.00	0.94467	0.99911	0.99865	0.99850	0.99857	
810.00	0.94680	0.99915	0.99871	0.99857	0.99856	
820.00	0.94893	0.99917	0.99878	0.99860	0.99860	
830.00	0.95088	0.99905	0.99883	0.99867	0.99864	
840.00	0.95282	0.99906	0.99889	0.99873	0.99869	
850.00	0.95502	0.99910	0.99870	0.99861	0.99875	
860.00	0.95698	0.99906	0.99876	0.99856	0.99855	
870.00	0.95872	0.99893	0.99850	0.99863	0.99862	
880.00	0.96058	0.99898	0.99857	0.99869	0.99864	
890.00	0.96219	0.99903	0.99815	0.99874	0.99849	
900.00	0.96379	0.99907	0.99812	0.99880	0.99855	
910.00	0.96536	0.99908	0.99808	0.99885	0.99863	
920.00	0.96705	0.99891	0.99816	0.99884	0.99869	
930.00	0.96860	0.99892	0.99825	0.99882	0.99876	
940.00	0.97008	0.99897	0.99796	0.99881	0.99881	
950.00	0.97133	0.99899	0.99776	0.99875	0.99887	
960.00	0.97267	0.99904	0.99777	0.99881	0.99869	
970.00	0.97381	0.99896	0.99769	0.99885	0.99865	
980.00	0.97487	0.99901	0.99755	0.99879	0.99871	
990.00	0.97607	0.99906	0.99742	0.99885	0.99863	
1000.00	0.97701	0.99910	0.99728	0.99891	0.99857	
1010.00	0.97791	0.99914	0.99724	0.99893	0.99864	
1020.00	0.97870	0.99917	0.99722	0.99893	0.99856	
1030.00	0.97964	0.99911	0.99727	0.99897	0.99860	
1040.00	0.98036	0.99911	0.99710	0.99902	0.99853	
1050.00	0.98125	0.99915	0.99724	0.99906	0.99860	
1060.00	0.98202	0.99906	0.99737	0.99909	0.99866	
1070.00	0.98270	0.99911	0.99706	0.99912	0.99872	
1080.00	0.98349	0.99915	0.99694	0.99916	0.99864	
1090.00	0.98417	0.99902	0.99709	0.99919	0.99870	
1100.00	0.98441	0.99906	0.99718	0.99923	0.99867	
1110.00	0.98485	0.99910	0.99720	0.99898	0.99873	
1120.00	0.98531	0.99914	0.99728	0.99899	0.99869	
1130.00	0.98603	0.99902	0.99729	0.99836	0.99875	
1140.00	0.98660	0.99902	0.99725	0.99817	0.99876	
1150.00	0.98704	0.99871	0.99723	0.99815	0.99874	
1160.00	0.98753	0.99844	0.99718	0.99814	0.99862	
1170.00	0.98809	0.99851	0.99727	0.99822	0.99868	
1180.00	0.98858	0.99856	0.99736	0.99821	0.99862	
1190.00	0.98891	0.99845	0.99749	0.99809	0.99824	
1200.00	0.98942	0.99832	0.99755	0.99813	0.99805	
1210.00	0.98974	0.99836	0.99763	0.99777	0.99791	
1220.00	0.99023	0.99809	0.99740	0.99785	0.99778	
1230.00	0.99064	0.99801	0.99753	0.99795	0.99764	
1240.00	0.99105	0.99810	0.99765	0.99804	0.99775	
1250.00	0.99145	0.99817	0.99776	0.99782	0.99779	
1260.00	0.99166	0.99794	0.99787	0.99792	0.99789	
1270.00	0.99199	0.99794	0.99789	0.99802	0.99750	
1280.00	0.99237	0.99804	0.99789	0.99785	0.99762	
1290.00	0.99272	0.99814	0.99798	0.99785	0.99773	
1300.00	0.99305	0.99733	0.99799	0.99795	0.99768	
1310.00	0.99337	0.99746	0.99798	0.99805	0.99769	
1320.00	0.99363	0.99756	0.99797	0.99813	0.99761	
1330.00	0.99393	0.99767	0.99792	0.99822	0.99746	
1340.00	0.99415	0.99779	0.99781	0.99831	0.99741	
1350.00	0.99439	0.99789	0.99732	0.99813	0.99720	
1360.00	0.99450	0.99799	0.99745	0.99822	0.99715	
1370.00	0.99474	0.99809	0.99758	0.99813	0.99688	
1380.00	0.99499	0.99818	0.99759	0.99820	0.99701	
1390.00	0.99522	0.99827	0.99771	0.99816	0.99713	
1400.00	0.99544	0.99823	0.99782	0.99823	0.99727	
1410.00	0.99554	0.99813	0.99792	0.99820	0.99699	
1420.00	0.99571	0.99822	0.99801	0.99828	0.99696	
1430.00	0.99525	0.99828	0.99811	0.99837	0.99710	
1440.00	0.99513	0.99832	0.99820	0.99827	0.99724	
1450.00	0.99483	0.99832	0.99829	0.99832	0.99738	
1460.00	0.99487	0.99816	0.99837	0.99830	0.99749	
1470.00	0.99510	0.99809	0.99844	0.99838	0.99752	
1480.00	0.99530	0.99818	0.99850	0.99840	0.99727	
1490.00	0.99552	0.99824	0.99858	0.99834	0.99733	
1500.00	0.99561	0.99833	0.99865	0.99818	0.99732	
1510.00	0.99534	0.99832	0.99871	0.99811	0.99731	
1520.00	0.99556	0.99810	0.99873	0.99812	0.99744	
1530.00	0.99570	0.99791	0.99865	0.99821	0.99757	
1540.00	0.99574	0.99799	0.99868	0.99829	0.99766	
1550.00	0.99569	0.99807	0.99866	0.99808	0.99777	
1560.00	0.99572	0.99792	0.99872	0.99802	0.99786	
1570.00	0.99570	0.99764	0.99879	0.99812	0.99793	
1580.00	0.99590	0.99751	0.99885	0.99821	0.99781	
1590.00	0.99608	0.99762	0.99889	0.99825	0.99789	
1600.00	0.99624	0.99773	0.99892	0.99825	0.99795	
1610.00	0.99642	0.99760	0.99864	0.99813	0.99772	
1620.00	0.99657	0.99772	0.99870	0.99822	0.99762	
1630.00	0.99657	0.99778	0.99877	0.99807	0.99734	
1640.00	0.99613	0.99789	0.99883	0.99807	0.99747	
1650.00	0.99629	0.99799	0.99846	0.99817	0.99760	
1660.00	0.99625	0.99766	0.99842	0.99790	0.99764	
1670.00	0.99620	0.99757	0.99849	0.99800	0.99776	
1680.00	0.99624	0.99763	0.99856	0.99808	0.99776	
1690.00	0.99636	0.99770	0.99845	0.99817	0.99757	
1700.00	0.99650	0.99773	0.99853	0.99824	0.99760	
1710.00	0.99634	0.99760	0.99860	0.99795	0.99767	
1720.00	0.99650	0.99755	0.99867	0.99783	0.99778	
1730.00	0.99621	0.99767	0.99873	0.99775	0.99785	
1740.00	0.99640	0.99778	0.99876	0.99786	0.99779	
1750.00	0.99649	0.99784	0.99850	0.99790	0.99763	
1760.00	0.99637	0.99794	0.99856	0.99801	0.99757	
1770.00	0.99654	0.99803	0.99853	0.99789	0.99769	
