10.00	0.99836	0.99773	0.99759	0.99852	0.99742	
20.00	0.99844	0.99782	0.99769	0.99821	0.99749	
30.00	0.99838	0.99792	0.99780	0.99822	0.99761	
40.00	0.99846	0.99802	0.99787	0.99809	0.99767	
50.00	0.99852	0.99808	0.99748	0.99804	0.99762	
60.00	0.99840	0.99807	0.99760	0.99810	0.99774	
70.00	0.99848	0.99816	0.99771	0.99809	0.99785	
80.00	0.99855	0.99804	0.99783	0.99818	0.99779	
90.00	0.99842	0.99763	0.99779	0.99820	0.99779	
100.00	0.99850	0.99758	0.99787	0.99828	0.99748	
110.00	0.99847	0.99770	0.99797	0.99819	0.99760	
120.00	0.99843	0.99738	0.99793	0.99814	0.99772	
130.00	0.99842	0.99750	0.99782	0.99797	0.99783	
140.00	0.99838	0.99762	0.99793	0.99806	0.99777	
150.00	0.99834	0.99773	0.99803	0.99816	0.99767	
160.00	0.99831	0.99773	0.99766	0.99825	0.99779	
170.00	0.99839	0.99783	0.99777	0.99806	0.99761	
180.00	0.99847	0.99783	0.99783	0.99810	0.99770	
190.00	0.99853	0.99793	0.99732	0.99819	0.99781	
200.00	0.99850	0.99803	0.99745	0.99828	0.99780	
210.00	0.99849	0.99812	0.99756	0.99836	0.99790	
220.00	0.99856	0.99821	0.99768	0.99840	0.99792	
230.00	0.99848	0.99799	0.99779	0.99846	0.99801	
240.00	0.99845	0.99789	0.99787	0.99852	0.99745	
250.00	0.99837	0.99799	0.99798	0.99857	0.99749	
260.00	0.99844	0.99800	0.99803	0.99863	0.99761	
270.00	0.99829	0.99785	0.99795	0.99859	0.99763	
280.00	0.99835	0.99769	0.99805	0.99866	0.99775	
290.00	0.99842	0.99781	0.99807	0.99871	0.99786	
300.00	0.99850	0.99776	0.99809	0.99877	0.99796	
310.00	0.99841	0.99748	0.99817	0.99853	0.99806	
320.00	0.99848	0.99756	0.99805	0.99859	0.99812	
330.00	0.99838	0.99725	0.99805	0.99866	0.99822	
340.00	0.99846	0.99738	0.99813	0.99872	0.99830	
350.00	0.99852	0.99739	0.99822	0.99851	0.99835	
360.00	0.99859	0.99751	0.99821	0.99858	0.99831	
370.00	0.99866	0.99754	0.99830	0.99852	0.99840	
380.00	0.99873	0.99728	0.99836	0.99858	0.99847	
390.00	0.99874	0.99735	0.99813	0.99864	0.99855	
400.00	0.99880	0.99747	0.99822	0.99840	0.99862	
410.00	0.99863	0.99760	0.99818	0.99828	0.99856	
420.00	0.99858	0.99771	0.99827	0.99836	0.99847	
430.00	0.99865	0.99782	0.99811	0.99783	0.99845	
440.00	0.99857	0.99793	0.99820	0.99755	0.99853	
450.00	0.99831	0.99802	0.99794	0.99762	0.99847	
460.00	0.99836	0.99810	0.99804	0.99773	0.99849	
470.00	0.99833	0.99817	0.99801	0.99784	0.99854	
480.00	0.99828	0.99804	0.99808	0.99795	0.99842	
490.00	0.99837	0.99799	0.99766	0.99805	0.99843	
500.00	0.99838	0.99808	0.99777	0.99814	0.99802	
510.00	0.99746	0.99811	0.99771	0.99823	0.99812	
520.00	0.99474	0.99820	0.99782	0.99832	0.99821	
530.00	0.98918	0.99829	0.99793	0.99840	0.99830	
540.00	0.98001	0.99837	0.99803	0.99848	0.99838	
550.00	0.96708	0.99845	0.99813	0.99855	0.99846	
560.00	0.94551	0.99852	0.99822	0.99862	0.99853	
570.00	0.92826	0.99860	0.99831	0.99869	0.99861	
580.00	0.89980	0.99866	0.99839	0.99875	0.99867	
590.00	0.87605	0.99873	0.99847	0.99881	0.99874	
600.00	0.87260	0.99879	0.99854	0.99887	0.99880	
610.00	0.87145	0.99885	0.99861	0.99893	0.99886	
620.00	0.87016	0.99891	0.99868	0.99898	0.99891	
630.00	0.87018	0.99896	0.99874	0.99903	0.99897	
640.00	0.86893	0.99901	0.99881	0.99907	0.99902	
650.00	0.86882	0.99901	0.99869	0.99911	0.99907	
660.00	0.87126	0.99905	0.99874	0.99912	0.99911	
670.00	0.87545	0.99904	0.99872	0.99916	0.99915	
680.00	0.87854	0.99904	0.99877	0.99920	0.99920	
690.00	0.88268	0.99895	0.99873	0.99924	0.99923	
700.00	0.88730	0.99900	0.99880	0.99928	0.99927	
710.00	0.89190	0.99905	0.99885	0.99923	0.99929	
720.00	0.89657	0.99907	0.99888	0.99926	0.99932	
730.00	0.90108	0.99873	0.99882	0.99930	0.99934	
740.00	0.90573	0.99875	0.99887	0.99933	0.99936	
750.00	0.91000	0.99881	0.99892	0.99936	0.99924	
760.00	0.91398	0.99887	0.99896	0.99936	0.99925	
770.00	0.91773	0.99893	0.99900	0.99927	0.99923	
780.00	0.92142	0.99895	0.99905	0.99905	0.99927	
790.00	0.92498	0.99899	0.99908	0.99907	0.99930	
800.00	0.92838	0.99902	0.99913	0.99905	0.99930	
810.00	0.93167	0.99906	0.99917	0.99891	0.99927	
820.00	0.93430	0.99911	0.99913	0.99893	0.99930	
830.00	0.93730	0.99915	0.99888	0.99898	0.99912	
840.00	0.94011	0.99911	0.99891	0.99902	0.99915	
850.00	0.94292	0.99915	0.99897	0.99903	0.99893	
860.00	0.94446	0.99919	0.99902	0.99908	0.99898	
870.00	0.94683	0.99922	0.99892	0.99911	0.99903	
880.00	0.94844	0.99926	0.99897	0.99915	0.99908	
890.00	0.95010	0.99926	0.99900	0.99918	0.99912	
900.00	0.95093	0.99927	0.99884	0.99922	0.99916	
910.00	0.95268	0.99929	0.99890	0.99926	0.99921	
920.00	0.95389	0.99932	0.99887	0.99929	0.99924	
930.00	0.95439	0.99934	0.99893	0.99931	0.99927	
940.00	0.95577	0.99928	0.99898	0.99920	0.99930	
950.00	0.95734	0.99929	0.99903	0.99913	0.99933	
960.00	0.95786	0.99932	0.99887	0.99914	0.99937	
970.00	0.95919	0.99936	0.99893	0.99904	0.99927	
980.00	0.95986	0.99939	0.99898	0.99902	0.99927	
990.00	0.96080	0.99941	0.99888	0.99904	0.99911	
1000.00	0.96080	0.99925	0.99893	0.99909	0.99915	
1010.00	0.96164	0.99928	0.99899	0.99913	0.99912	
1020.00	0.96070	0.99932	0.99900	0.99917	0.99916	
1030.00	0.96071	0.99900	0.99905	0.99902	0.99920	
1040.00	0.95959	0.99905	0.99910	0.99906	0.99923	
1050.00	0.95941	0.99899	0.99914	0.99911	0.99927	
1060.00	0.95918	0.99904	0.99918	0.99915	0.99930	
1070.00	0.95484	0.99909	0.99922	0.99905	0.99933	
1080.00	0.95151	0.99913	0.99926	0.99909	0.99937	
1090.00	0.94532	0.99917	0.99930	0.99914	0.99940	
1100.00	0.93414	0.99921	0.99933	0.99918	0.99943	
1110.00	0.92864	0.99925	0.99936	0.99922	0.99945	
1120.00	0.91673	0.99929	0.99939	0.99926	0.99948	
1130.00	0.90842	0.99932	0.99942	0.99929	0.99951	
1140.00	0.89833	0.99936	0.99945	0.99933	0.99953	
1150.00	0.89430	0.99939	0.99948	0.99936	0.99955	
1160.00	0.88387	0.99942	0.99950	0.99939	0.99958	
1170.00	0.87827	0.99945	0.99953	0.99942	0.99960	
1180.00	0.87507	0.99947	0.99955	0.99945	0.99962	
1190.00	0.87057	0.99950	0.99957	0.99948	0.99964	
1200.00	0.86633	0.99952	0.99959	0.99950	0.99965	
1210.00	0.86110	0.99955	0.99961	0.99953	0.99967	
1220.00	0.85098	0.99957	0.99963	0.99955	0.99969	
1230.00	0.84501	0.99959	0.99965	0.99957	0.99970	
1240.00	0.84262	0.99961	0.99967	0.99959	0.99972	
1250.00	0.84101	0.99963	0.99968	0.99961	0.99973	
1260.00	0.83583	0.99965	0.99970	0.99963	0.99974	
1270.00	0.82348	0.99966	0.99971	0.99965	0.99976	
1280.00	0.82096	0.99968	0.99973	0.99967	0.99977	
1290.00	0.82236	0.99970	0.99974	0.99968	0.99978	
1300.00	0.82359	0.99971	0.99975	0.99969	0.99979	
1310.00	0.82435	0.99972	0.99977	0.99971	0.99980	
1320.00	0.82454	0.99974	0.99977	0.99972	0.99981	
1330.00	0.82491	0.99975	0.99979	0.99968	0.99982	
1340.00	0.82391	0.99976	0.99980	0.99970	0.99983	
1350.00	0.81188	0.99978	0.99981	0.99971	0.99984	
1360.00	0.80201	0.99979	0.99982	0.99973	0.99984	
1370.00	0.79890	0.99980	0.99982	0.99974	0.99985	
1380.00	0.79949	0.99981	0.99983	0.99975	0.99986	
1390.00	0.79902	0.99982	0.99984	0.99976	0.99987	
1400.00	0.79508	0.99982	0.99985	0.99978	0.99987	
1410.00	0.79525	0.99983	0.99986	0.99979	0.99988	
1420.00	0.79511	0.99984	0.99986	0.99980	0.99988	
1430.00	0.78321	0.99985	0.99987	0.99981	0.99989	
1440.00	0.77631	0.99986	0.99988	0.99982	0.99990	
1450.00	0.77438	0.99986	0.99988	0.99982	0.99990	
1460.00	0.77648	0.99987	0.99989	0.99983	0.99991	
1470.00	0.77619	0.99988	0.99989	0.99984	0.99991	
1480.00	0.77748	0.99988	0.99990	0.99985	0.99991	
1490.00	0.77147	0.99989	0.99990	0.99986	0.99992	
1500.00	0.77171	0.99989	0.99991	0.99986	0.99992	
1510.00	0.76191	0.99990	0.99991	0.99987	0.99993	
1520.00	0.75505	0.99990	0.99992	0.99988	0.99993	
1530.00	0.75632	0.99991	0.99992	0.99988	0.99993	
1540.00	0.75806	0.99991	0.99993	0.99989	0.99994	
1550.00	0.75353	0.99992	0.99993	0.99989	0.99994	
1560.00	0.75263	0.99992	0.99993	0.99990	0.99994	
1570.00	0.74967	0.99993	0.99994	0.99990	0.99995	
1580.00	0.74371	0.99993	0.99994	0.99991	0.99995	
1590.00	0.74565	0.99993	0.99994	0.99991	0.99995	
1600.00	0.74803	0.99994	0.99994	0.99992	0.99995	
1610.00	0.75105	0.99994	0.99995	0.99992	0.99996	
1620.00	0.74486	0.99994	0.99995	0.99992	0.99996	
1630.00	0.73928	0.99994	0.99995	0.99993	0.99996	
1640.00	0.73227	0.99995	0.99995	0.99993	0.99996	
1650.00	0.73282	0.99995	0.99996	0.99993	0.99996	
1660.00	0.73253	0.99995	0.99996	0.99994	0.99997	
1670.00	0.72973	0.99995	0.99996	0.99994	0.99997	
1680.00	0.73180	0.99996	0.99996	0.99994	0.99997	
1690.00	0.73062	0.99996	0.99997	0.99994	0.99997	
1700.00	0.72228	0.99996	0.99997	0.99995	0.99997	
1710.00	0.72385	0.99996	0.99997	0.99995	0.99997	
1720.00	0.72865	0.99997	0.99997	0.99995	0.99997	
1730.00	0.73156	0.99997	0.99997	0.99995	0.99998	
1740.00	0.73228	0.99997	0.99997	0.99996	0.99998	
1750.00	0.73588	0.99997	0.99997	0.99996	0.99998	
1760.00	0.74054	0.99997	0.99998	0.99995	0.99998	
1770.00	0.73311	0.99997	0.99998	0.99995	0.99998	
1780.00	0.73017	0.99997	0.99998	0.99995	0.99998	
1790.00	0.72711	0.99998	0.99998	0.99996	0.99998	
1800.00	0.72355	0.99998	0.99998	0.99996	0.99998	
1810.00	0.71943	0.99998	0.99998	0.99996	0.99998	
1820.00	0.70793	0.99998	0.99998	0.99996	0.99998	
1830.00	0.70734	0.99998	0.99998	0.99996	0.99999	
1840.00	0.70607	0.99998	0.99998	0.99997	0.99999	
1850.00	0.70829	0.99998	0.99998	0.99997	0.99999	
1860.00	0.71340	0.99998	0.99999	0.99996	0.99999	
1870.00	0.71158	0.99998	0.99999	0.99997	0.99999	
1880.00	0.71306	0.99998	0.99999	0.99997	0.99999	
1890.00	0.71717	0.99999	0.99999	0.99997	0.99999	
1900.00	0.72365	0.99999	0.99999	0.99997	0.99999	
1910.00	0.73127	0.99999	0.99999	0.99997	0.99999	
1920.00	0.73113	0.99999	0.99999	0.99997	0.99999	
1930.00	0.72166	0.99999	0.99999	0.99998	0.99999	
1940.00	0.71169	0.99999	0.99999	0.99998	0.99999	
1950.00	0.70780	0.99999	0.99999	0.99998	0.99999	
1960.00	0.70748	0.99999	0.99999	0.99998	0.99999	
1970.00	0.71023	0.99999	0.99999	0.99998	0.99999	
1980.00	0.71133	0.99999	0.99999	0.99998	0.99999	
1990.00	0.71584	0.99999	0.99999	0.99998	0.99999	
2000.00	0.71836	0.99999	0.99999	0.99998	0.99999	
2010.00	0.72009	0.99999	0.99999	0.99998	0.99999	
2020.00	0.71606	0.99999	0.99999	0.99998	0.99999	
2030.00	0.71397	0.99999	0.99999	0.99999	0.99999	
2040.00	0.70363	0.99999	0.99999	0.99999	1.00000	
2050.00	0.70400	0.99999	0.99999	0.99999	1.00000	
2060.00	0.69214	0.99999	0.99999	0.99999	1.00000	
2070.00	0.69075	0.99999	0.99999	0.99999	1.00000	
2080.00	0.68254	0.99999	1.00000	0.99999	1.00000	
2090.00	0.68299	0.99999	1.00000	0.99999	1.00000	
