10.00	0.99813	0.99836	0.99828	0.99834	0.99718	
20.00	0.99804	0.99842	0.99816	0.99823	0.99731	
30.00	0.99810	0.99850	0.99818	0.99831	0.99739	
40.00	0.99789	0.99829	0.99827	0.99839	0.99726	
50.00	0.99789	0.99798	0.99834	0.99847	0.99728	
60.00	0.99794	0.99808	0.99818	0.99854	0.99714	
70.00	0.99765	0.99817	0.99822	0.99861	0.99718	
80.00	0.99740	0.99826	0.99814	0.99840	0.99702	
90.00	0.99752	0.99826	0.99811	0.99847	0.99701	
100.00	0.99753	0.99828	0.99779	0.99832	0.99698	
110.00	0.99740	0.99836	0.99767	0.99837	0.99704	
120.00	0.99730	0.99839	0.99766	0.99829	0.99709	
130.00	0.99731	0.99847	0.99761	0.99830	0.99711	
140.00	0.99744	0.99854	0.99749	0.99836	0.99725	
150.00	0.99757	0.99861	0.99761	0.99838	0.99711	
160.00	0.99724	0.99850	0.99773	0.99846	0.99720	
170.00	0.99737	0.99853	0.99762	0.99847	0.99718	
180.00	0.99739	0.99857	0.99774	0.99854	0.99731	
190.00	0.99750	0.99864	0.99783	0.99861	0.99730	
200.00	0.99762	0.99838	0.99791	0.99868	0.99739	
210.00	0.99705	0.99846	0.99795	0.99846	0.99752	
220.00	0.99638	0.99853	0.99782	0.99853	0.99764	
230.00	0.99650	0.99855	0.99792	0.99848	0.99775	
240.00	0.99614	0.99862	0.99801	0.99835	0.99786	
250.00	0.99631	0.99868	0.99791	0.99843	0.99796	
260.00	0.99649	0.99837	0.99764	0.99831	0.99782	
270.00	0.99667	0.99845	0.99775	0.99840	0.99792	
280.00	0.99675	0.99848	0.99783	0.99847	0.99753	
290.00	0.99690	0.99842	0.99790	0.99826	0.99765	
300.00	0.99705	0.99847	0.99794	0.99832	0.99773	
310.00	0.99715	0.99854	0.99804	0.99841	0.99767	
320.00	0.99728	0.99851	0.99814	0.99848	0.99779	
330.00	0.99722	0.99855	0.99823	0.99853	0.99790	
340.00	0.99732	0.99862	0.99804	0.99860	0.99795	
350.00	0.99735	0.99845	0.99785	0.99867	0.99799	
360.00	0.99740	0.99852	0.99748	0.99836	0.99795	
370.00	0.99753	0.99831	0.99761	0.99844	0.99791	
380.00	0.99763	0.99839	0.99769	0.99833	0.99794	
390.00	0.99762	0.99847	0.99760	0.99841	0.99800	
400.00	0.99755	0.99854	0.99761	0.99847	0.99799	
410.00	0.99765	0.99861	0.99766	0.99855	0.99798	
420.00	0.99775	0.99868	0.99774	0.99856	0.99807	
430.00	0.99786	0.99874	0.99782	0.99863	0.99790	
440.00	0.99796	0.99880	0.99773	0.99859	0.99797	
450.00	0.99801	0.99865	0.99732	0.99859	0.99807	
460.00	0.99810	0.99871	0.99742	0.99861	0.99801	
470.00	0.99813	0.99877	0.99755	0.99866	0.99810	
480.00	0.99822	0.99880	0.99761	0.99873	0.99819	
490.00	0.99831	0.99866	0.99746	0.99879	0.99828	
500.00	0.99837	0.99855	0.99758	0.99884	0.99835	
510.00	0.99780	0.99862	0.99762	0.99857	0.99843	
520.00	0.99549	0.99869	0.99774	0.99864	0.99851	
530.00	0.98683	0.99875	0.99785	0.99871	0.99858	
540.00	0.97905	0.99881	0.99795	0.99877	0.99865	
550.00	0.96401	0.99887	0.99805	0.99883	0.99871	
560.00	0.93958	0.99893	0.99815	0.99889	0.99878	
570.00	0.91468	0.99898	0.99824	0.99894	0.99884	
580.00	0.89367	0.99903	0.99832	0.99900	0.99889	
590.00	0.86653	0.99908	0.99840	0.99904	0.99895	
600.00	0.85287	0.99912	0.99848	0.99909	0.99900	
610.00	0.85119	0.99916	0.99856	0.99914	0.99905	
620.00	0.85053	0.99921	0.99863	0.99918	0.99909	
630.00	0.84960	0.99924	0.99869	0.99922	0.99914	
640.00	0.84856	0.99928	0.99876	0.99926	0.99918	
650.00	0.84972	0.99932	0.99882	0.99929	0.99922	
660.00	0.85152	0.99935	0.99886	0.99933	0.99926	
670.00	0.85493	0.99938	0.99892	0.99936	0.99927	
680.00	0.85877	0.99941	0.99895	0.99937	0.99918	
690.00	0.86413	0.99939	0.99900	0.99930	0.99919	
700.00	0.86972	0.99942	0.99905	0.99928	0.99923	
710.00	0.87327	0.99945	0.99907	0.99925	0.99926	
720.00	0.87832	0.99938	0.99911	0.99929	0.99930	
730.00	0.88248	0.99941	0.99901	0.99932	0.99933	
740.00	0.88717	0.99944	0.99905	0.99935	0.99909	
750.00	0.89166	0.99947	0.99896	0.99938	0.99909	
760.00	0.89604	0.99948	0.99901	0.99914	0.99911	
770.00	0.90030	0.99950	0.99906	0.99908	0.99914	
780.00	0.90425	0.99952	0.99910	0.99910	0.99911	
790.00	0.90859	0.99952	0.99915	0.99915	0.99915	
800.00	0.91245	0.99954	0.99915	0.99919	0.99915	
810.00	0.91623	0.99948	0.99919	0.99884	0.99912	
820.00	0.91966	0.99950	0.99922	0.99890	0.99915	
830.00	0.92315	0.99952	0.99926	0.99895	0.99879	
840.00	0.92626	0.99953	0.99903	0.99868	0.99880	
850.00	0.92917	0.99949	0.99895	0.99875	0.99886	
860.00	0.93247	0.99951	0.99881	0.99881	0.99887	
870.00	0.93529	0.99950	0.99886	0.99860	0.99892	
880.00	0.93765	0.99951	0.99891	0.99867	0.99896	
890.00	0.94042	0.99949	0.99888	0.99873	0.99901	
900.00	0.94302	0.99925	0.99867	0.99879	0.99899	
910.00	0.94574	0.99929	0.99873	0.99885	0.99904	
920.00	0.94829	0.99910	0.99879	0.99891	0.99908	
930.00	0.95081	0.99914	0.99867	0.99896	0.99910	
940.00	0.95217	0.99918	0.99872	0.99901	0.99910	
950.00	0.95320	0.99918	0.99878	0.99906	0.99893	
960.00	0.95441	0.99892	0.99884	0.99910	0.99881	
970.00	0.95477	0.99881	0.99888	0.99913	0.99887	
980.00	0.95610	0.99887	0.99891	0.99916	0.99892	
990.00	0.95499	0.99892	0.99896	0.99920	0.99897	
1000.00	0.95406	0.99890	0.99901	0.99924	0.99888	
1010.00	0.94349	0.99895	0.99906	0.99928	0.99894	
1020.00	0.93454	0.99900	0.99911	0.99931	0.99899	
1030.00	0.92905	0.99905	0.99915	0.99935	0.99904	
1040.00	0.92465	0.99910	0.99919	0.99938	0.99908	
1050.00	0.91145	0.99914	0.99923	0.99941	0.99913	
1060.00	0.89703	0.99918	0.99927	0.99944	0.99917	
1070.00	0.88561	0.99922	0.99930	0.99947	0.99921	
1080.00	0.87492	0.99926	0.99934	0.99949	0.99925	
1090.00	0.87050	0.99930	0.99937	0.99952	0.99929	
1100.00	0.86422	0.99933	0.99940	0.99954	0.99932	
1110.00	0.85623	0.99936	0.99943	0.99956	0.99935	
1120.00	0.85158	0.99940	0.99946	0.99958	0.99939	
1130.00	0.84914	0.99942	0.99948	0.99960	0.99942	
1140.00	0.84766	0.99945	0.99951	0.99962	0.99944	
1150.00	0.83917	0.99948	0.99953	0.99964	0.99947	
1160.00	0.83647	0.99950	0.99956	0.99966	0.99950	
1170.00	0.83707	0.99953	0.99958	0.99968	0.99952	
1180.00	0.82886	0.99955	0.99960	0.99969	0.99955	
1190.00	0.82378	0.99957	0.99962	0.99968	0.99957	
1200.00	0.81860	0.99959	0.99964	0.99969	0.99959	
1210.00	0.81907	0.99961	0.99966	0.99971	0.99961	
1220.00	0.81640	0.99963	0.99967	0.99972	0.99963	
1230.00	0.81830	0.99965	0.99969	0.99974	0.99965	
1240.00	0.81816	0.99967	0.99970	0.99974	0.99966	
1250.00	0.81817	0.99968	0.99972	0.99976	0.99968	
1260.00	0.81604	0.99970	0.99973	0.99970	0.99969	
1270.00	0.80982	0.99971	0.99974	0.99972	0.99971	
1280.00	0.80622	0.99973	0.99976	0.99973	0.99972	
1290.00	0.79589	0.99974	0.99977	0.99974	0.99974	
1300.00	0.78758	0.99975	0.99978	0.99976	0.99975	
1310.00	0.78453	0.99976	0.99979	0.99977	0.99976	
1320.00	0.78354	0.99975	0.99980	0.99978	0.99977	
1330.00	0.78035	0.99976	0.99981	0.99979	0.99978	
1340.00	0.77450	0.99977	0.99982	0.99980	0.99979	
1350.00	0.77800	0.99978	0.99983	0.99981	0.99980	
1360.00	0.77326	0.99979	0.99984	0.99982	0.99981	
1370.00	0.77575	0.99980	0.99985	0.99983	0.99982	
1380.00	0.78322	0.99981	0.99985	0.99984	0.99983	
1390.00	0.78907	0.99982	0.99986	0.99981	0.99984	
1400.00	0.78879	0.99983	0.99987	0.99981	0.99984	
1410.00	0.78980	0.99984	0.99987	0.99982	0.99985	
1420.00	0.78973	0.99985	0.99988	0.99982	0.99986	
1430.00	0.78437	0.99986	0.99988	0.99983	0.99987	
1440.00	0.77110	0.99986	0.99989	0.99984	0.99987	
1450.00	0.76557	0.99987	0.99990	0.99985	0.99988	
1460.00	0.76233	0.99988	0.99990	0.99986	0.99989	
1470.00	0.76263	0.99988	0.99991	0.99986	0.99989	
1480.00	0.76077	0.99989	0.99991	0.99987	0.99990	
1490.00	0.75983	0.99989	0.99991	0.99988	0.99990	
1500.00	0.74531	0.99990	0.99992	0.99988	0.99991	
1510.00	0.74514	0.99990	0.99992	0.99989	0.99991	
1520.00	0.74529	0.99991	0.99993	0.99989	0.99992	
1530.00	0.73811	0.99991	0.99993	0.99990	0.99992	
1540.00	0.74192	0.99992	0.99993	0.99990	0.99992	
1550.00	0.74004	0.99992	0.99994	0.99991	0.99993	
1560.00	0.73895	0.99992	0.99994	0.99991	0.99993	
1570.00	0.73110	0.99993	0.99994	0.99992	0.99993	
1580.00	0.72907	0.99993	0.99995	0.99992	0.99994	
1590.00	0.73186	0.99994	0.99995	0.99992	0.99994	
1600.00	0.73147	0.99994	0.99995	0.99993	0.99994	
1610.00	0.72977	0.99994	0.99995	0.99993	0.99995	
1620.00	0.72885	0.99994	0.99996	0.99994	0.99995	
1630.00	0.73408	0.99995	0.99996	0.99994	0.99995	
1640.00	0.73566	0.99995	0.99996	0.99994	0.99995	
1650.00	0.73760	0.99995	0.99996	0.99994	0.99996	
1660.00	0.73841	0.99995	0.99996	0.99995	0.99996	
1670.00	0.73470	0.99996	0.99997	0.99995	0.99996	
1680.00	0.73212	0.99996	0.99997	0.99995	0.99996	
1690.00	0.72243	0.99996	0.99997	0.99995	0.99996	
1700.00	0.72254	0.99996	0.99997	0.99996	0.99997	
1710.00	0.71485	0.99996	0.99997	0.99996	0.99997	
1720.00	0.70992	0.99997	0.99997	0.99996	0.99997	
1730.00	0.70620	0.99997	0.99997	0.99996	0.99997	
1740.00	0.70772	0.99997	0.99997	0.99996	0.99997	
1750.00	0.70620	0.99997	0.99997	0.99997	0.99997	
1760.00	0.69854	0.99997	0.99997	0.99997	0.99997	
1770.00	0.69939	0.99997	0.99998	0.99997	0.99998	
1780.00	0.70502	0.99998	0.99998	0.99997	0.99998	
1790.00	0.70119	0.99997	0.99998	0.99997	0.99998	
1800.00	0.70575	0.99998	0.99998	0.99997	0.99998	
1810.00	0.70552	0.99998	0.99998	0.99998	0.99998	
1820.00	0.70871	0.99998	0.99998	0.99998	0.99998	
1830.00	0.70362	0.99998	0.99998	0.99998	0.99998	
1840.00	0.69279	0.99998	0.99998	0.99998	0.99998	
1850.00	0.68935	0.99998	0.99998	0.99998	0.99998	
1860.00	0.69039	0.99998	0.99998	0.99998	0.99998	
1870.00	0.68964	0.99998	0.99999	0.99998	0.99999	
1880.00	0.69720	0.99998	0.99999	0.99998	0.99999	
1890.00	0.70462	0.99998	0.99999	0.99998	0.99999	
1900.00	0.70290	0.99998	0.99999	0.99998	0.99999	
1910.00	0.70265	0.99999	0.99999	0.99998	0.99999	
1920.00	0.70137	0.99999	0.99999	0.99999	0.99999	
1930.00	0.70278	0.99999	0.99999	0.99999	0.99999	
1940.00	0.69382	0.99999	0.99999	0.99999	0.99999	
1950.00	0.69285	0.99999	0.99999	0.99999	0.99999	
1960.00	0.68551	0.99999	0.99999	0.99999	0.99999	
1970.00	0.68903	0.99999	0.99999	0.99999	0.99999	
1980.00	0.69112	0.99999	0.99999	0.99999	0.99999	
1990.00	0.69193	0.99999	0.99999	0.99999	0.99999	
2000.00	0.69222	0.99999	0.99999	0.99999	0.99999	
2010.00	0.69000	0.99999	0.99999	0.99999	0.99999	
2020.00	0.68717	0.99999	0.99999	0.99999	0.99999	
2030.00	0.69031	0.99999	0.99999	0.99999	0.99999	
2040.00	0.69121	0.99999	0.99999	0.99999	0.99999	
2050.00	0.69066	0.99999	0.99999	0.99999	0.99999	
2060.00	0.69200	0.99999	0.99999	0.99999	0.99999	
2070.00	0.69135	0.99999	0.99999	0.99999	0.99999	
2080.00	0.68335	0.99999	1.00000	0.99999	0.99999	
2090.00	0.68388	0.99999	1.00000	0.99999	0.99999	
