10.00	0.99865	0.99942	0.99874	0.99894	0.99913	
20.00	0.99856	0.99943	0.99880	0.99881	0.99915	
30.00	0.99824	0.99946	0.99880	0.99886	0.99919	
40.00	0.99832	0.99949	0.99886	0.99892	0.99923	
50.00	0.99827	0.99944	0.99891	0.99897	0.99927	
60.00	0.99801	0.99938	0.99896	0.99902	0.99926	
70.00	0.99811	0.99941	0.99901	0.99905	0.99930	
80.00	0.99820	0.99944	0.99888	0.99908	0.99933	
90.00	0.99825	0.99947	0.99884	0.99912	0.99936	
100.00	0.99833	0.99949	0.99888	0.99916	0.99938	
110.00	0.99826	0.99941	0.99880	0.99920	0.99941	
120.00	0.99834	0.99944	0.99882	0.99924	0.99944	
130.00	0.99842	0.99943	0.99882	0.99921	0.99946	
140.00	0.99850	0.99946	0.99869	0.99923	0.99949	
150.00	0.99857	0.99948	0.99847	0.99913	0.99951	
160.00	0.99843	0.99946	0.99853	0.99917	0.99953	
170.00	0.99851	0.99923	0.99860	0.99919	0.99955	
180.00	0.99857	0.99927	0.99867	0.99905	0.99957	
190.00	0.99856	0.99925	0.99861	0.99901	0.99953	
200.00	0.99853	0.99903	0.99866	0.99894	0.99947	
210.00	0.99857	0.99908	0.99872	0.99899	0.99950	
220.00	0.99864	0.99912	0.99878	0.99904	0.99928	
230.00	0.99869	0.99916	0.99880	0.99908	0.99931	
240.00	0.99855	0.99919	0.99884	0.99912	0.99935	
250.00	0.99859	0.99917	0.99880	0.99917	0.99938	
260.00	0.99861	0.99894	0.99855	0.99921	0.99940	
270.00	0.99851	0.99899	0.99841	0.99911	0.99928	
280.00	0.99837	0.99899	0.99847	0.99915	0.99931	
290.00	0.99845	0.99904	0.99854	0.99919	0.99930	
300.00	0.99853	0.99907	0.99847	0.99923	0.99902	
310.00	0.99860	0.99912	0.99848	0.99927	0.99907	
320.00	0.99867	0.99913	0.99846	0.99929	0.99912	
330.00	0.99873	0.99911	0.99852	0.99933	0.99916	
340.00	0.99880	0.99915	0.99858	0.99936	0.99920	
350.00	0.99884	0.99898	0.99865	0.99939	0.99918	
360.00	0.99890	0.99903	0.99867	0.99942	0.99921	
370.00	0.99895	0.99906	0.99873	0.99945	0.99925	
380.00	0.99900	0.99910	0.99870	0.99947	0.99928	
390.00	0.99901	0.99914	0.99864	0.99950	0.99877	
400.00	0.99906	0.99887	0.99871	0.99952	0.99883	
410.00	0.99909	0.99892	0.99877	0.99954	0.99883	
420.00	0.99910	0.99898	0.99883	0.99957	0.99886	
430.00	0.99876	0.99902	0.99889	0.99959	0.99872	
440.00	0.99882	0.99907	0.99883	0.99961	0.99878	
450.00	0.99887	0.99898	0.99885	0.99963	0.99884	
460.00	0.99860	0.99903	0.99890	0.99963	0.99856	
470.00	0.99852	0.99900	0.99896	0.99954	0.99863	
480.00	0.99846	0.99905	0.99901	0.99956	0.99861	
490.00	0.99854	0.99908	0.99887	0.99959	0.99867	
500.00	0.99861	0.99911	0.99893	0.99960	0.99874	
510.00	0.99765	0.99915	0.99898	0.99961	0.99879	
520.00	0.99565	0.99920	0.99903	0.99963	0.99885	
530.00	0.99115	0.99923	0.99908	0.99965	0.99890	
540.00	0.98544	0.99927	0.99912	0.99966	0.99896	
550.00	0.97735	0.99931	0.99916	0.99968	0.99901	
560.00	0.96233	0.99934	0.99920	0.99970	0.99905	
570.00	0.94496	0.99937	0.99924	0.99971	0.99910	
580.00	0.94465	0.99940	0.99928	0.99973	0.99914	
590.00	0.94372	0.99943	0.99932	0.99974	0.99919	
600.00	0.94107	0.99946	0.99935	0.99975	0.99923	
610.00	0.93681	0.99949	0.99938	0.99976	0.99926	
620.00	0.93343	0.99951	0.99941	0.99977	0.99930	
630.00	0.93364	0.99954	0.99944	0.99979	0.99933	
640.00	0.93236	0.99956	0.99947	0.99980	0.99937	
650.00	0.93013	0.99958	0.99949	0.99981	0.99938	
660.00	0.93095	0.99960	0.99952	0.99982	0.99941	
670.00	0.93307	0.99962	0.99954	0.99982	0.99944	
680.00	0.93556	0.99940	0.99956	0.99983	0.99943	
690.00	0.93796	0.99943	0.99958	0.99984	0.99946	
700.00	0.94035	0.99945	0.99960	0.99982	0.99945	
710.00	0.94267	0.99946	0.99954	0.99982	0.99941	
720.00	0.94449	0.99948	0.99956	0.99983	0.99937	
730.00	0.94646	0.99951	0.99958	0.99984	0.99939	
740.00	0.94851	0.99949	0.99960	0.99985	0.99941	
750.00	0.95003	0.99947	0.99951	0.99985	0.99944	
760.00	0.95247	0.99949	0.99954	0.99985	0.99946	
770.00	0.95424	0.99952	0.99956	0.99984	0.99949	
780.00	0.95647	0.99948	0.99958	0.99965	0.99951	
790.00	0.95846	0.99944	0.99955	0.99967	0.99936	
800.00	0.96024	0.99943	0.99957	0.99968	0.99939	
810.00	0.96208	0.99942	0.99955	0.99970	0.99942	
820.00	0.96354	0.99921	0.99954	0.99971	0.99943	
830.00	0.96421	0.99924	0.99916	0.99972	0.99945	
840.00	0.96538	0.99928	0.99920	0.99974	0.99948	
850.00	0.96617	0.99931	0.99924	0.99973	0.99951	
860.00	0.96724	0.99934	0.99928	0.99974	0.99938	
870.00	0.96862	0.99938	0.99931	0.99973	0.99937	
880.00	0.96976	0.99941	0.99935	0.99975	0.99940	
890.00	0.97109	0.99944	0.99938	0.99974	0.99943	
900.00	0.97228	0.99946	0.99939	0.99975	0.99946	
910.00	0.97355	0.99948	0.99940	0.99977	0.99948	
920.00	0.97478	0.99948	0.99942	0.99956	0.99950	
930.00	0.97590	0.99950	0.99945	0.99958	0.99939	
940.00	0.97704	0.99953	0.99911	0.99944	0.99942	
950.00	0.97811	0.99931	0.99915	0.99946	0.99945	
960.00	0.97894	0.99934	0.99919	0.99949	0.99948	
970.00	0.97988	0.99937	0.99912	0.99951	0.99950	
980.00	0.98060	0.99940	0.99916	0.99954	0.99950	
990.00	0.98114	0.99943	0.99869	0.99956	0.99953	
1000.00	0.98206	0.99932	0.99875	0.99958	0.99935	
1010.00	0.98289	0.99915	0.99881	0.99960	0.99929	
1020.00	0.98355	0.99920	0.99880	0.99962	0.99933	
1030.00	0.98435	0.99923	0.99884	0.99944	0.99936	
1040.00	0.98497	0.99927	0.99889	0.99947	0.99925	
1050.00	0.98536	0.99930	0.99892	0.99943	0.99929	
1060.00	0.98602	0.99934	0.99897	0.99946	0.99908	
1070.00	0.98667	0.99937	0.99879	0.99949	0.99912	
1080.00	0.98725	0.99940	0.99857	0.99930	0.99916	
1090.00	0.98773	0.99943	0.99864	0.99933	0.99907	
1100.00	0.98819	0.99946	0.99852	0.99921	0.99910	
1110.00	0.98856	0.99948	0.99860	0.99925	0.99902	
1120.00	0.98903	0.99951	0.99866	0.99923	0.99906	
1130.00	0.98930	0.99953	0.99873	0.99927	0.99906	
1140.00	0.98897	0.99955	0.99879	0.99931	0.99911	
1150.00	0.98931	0.99957	0.99885	0.99934	0.99915	
1160.00	0.98960	0.99942	0.99891	0.99937	0.99919	
1170.00	0.98960	0.99945	0.99896	0.99938	0.99916	
1180.00	0.98972	0.99948	0.99895	0.99941	0.99917	
1190.00	0.99021	0.99942	0.99895	0.99944	0.99921	
1200.00	0.99058	0.99945	0.99900	0.99946	0.99925	
1210.00	0.99102	0.99945	0.99902	0.99949	0.99883	
1220.00	0.99142	0.99930	0.99889	0.99933	0.99889	
1230.00	0.99175	0.99925	0.99894	0.99937	0.99894	
1240.00	0.99215	0.99929	0.99899	0.99936	0.99899	
1250.00	0.99232	0.99930	0.99904	0.99927	0.99897	
1260.00	0.99240	0.99933	0.99909	0.99931	0.99902	
1270.00	0.99272	0.99893	0.99913	0.99934	0.99907	
1280.00	0.99307	0.99898	0.99917	0.99932	0.99911	
1290.00	0.99340	0.99899	0.99910	0.99927	0.99897	
1300.00	0.99344	0.99904	0.99915	0.99931	0.99895	
1310.00	0.99353	0.99906	0.99918	0.99934	0.99900	
1320.00	0.99324	0.99911	0.99922	0.99937	0.99905	
1330.00	0.99345	0.99914	0.99915	0.99922	0.99892	
1340.00	0.99348	0.99918	0.99909	0.99917	0.99897	
1350.00	0.99330	0.99922	0.99914	0.99921	0.99902	
1360.00	0.99290	0.99926	0.99918	0.99918	0.99907	
1370.00	0.99315	0.99926	0.99920	0.99922	0.99911	
1380.00	0.99287	0.99930	0.99924	0.99921	0.99914	
1390.00	0.99273	0.99933	0.99928	0.99921	0.99918	
1400.00	0.99272	0.99916	0.99931	0.99925	0.99922	
1410.00	0.99290	0.99920	0.99935	0.99928	0.99925	
1420.00	0.99279	0.99912	0.99938	0.99931	0.99922	
1430.00	0.99312	0.99912	0.99939	0.99934	0.99925	
1440.00	0.99317	0.99915	0.99942	0.99937	0.99917	
1450.00	0.99344	0.99916	0.99940	0.99940	0.99921	
1460.00	0.99261	0.99920	0.99943	0.99943	0.99925	
1470.00	0.99249	0.99923	0.99946	0.99946	0.99916	
1480.00	0.99248	0.99927	0.99946	0.99948	0.99920	
1490.00	0.99249	0.99931	0.99946	0.99951	0.99919	
1500.00	0.99231	0.99925	0.99948	0.99953	0.99918	
1510.00	0.99251	0.99911	0.99950	0.99955	0.99907	
1520.00	0.99263	0.99912	0.99953	0.99944	0.99912	
1530.00	0.99280	0.99913	0.99937	0.99947	0.99916	
1540.00	0.99279	0.99895	0.99937	0.99950	0.99919	
1550.00	0.99247	0.99900	0.99917	0.99937	0.99895	
1560.00	0.99221	0.99905	0.99921	0.99940	0.99900	
1570.00	0.99118	0.99910	0.99925	0.99943	0.99902	
1580.00	0.98951	0.99911	0.99918	0.99944	0.99906	
1590.00	0.98826	0.99916	0.99922	0.99946	0.99911	
1600.00	0.98784	0.99920	0.99926	0.99949	0.99915	
1610.00	0.98559	0.99924	0.99929	0.99951	0.99919	
1620.00	0.98281	0.99927	0.99933	0.99954	0.99923	
1630.00	0.98217	0.99931	0.99936	0.99956	0.99927	
1640.00	0.97632	0.99934	0.99939	0.99958	0.99931	
1650.00	0.96871	0.99937	0.99942	0.99960	0.99934	
1660.00	0.96300	0.99940	0.99945	0.99962	0.99937	
1670.00	0.95329	0.99943	0.99947	0.99964	0.99940	
1680.00	0.94658	0.99946	0.99950	0.99966	0.99943	
1690.00	0.94082	0.99949	0.99952	0.99967	0.99946	
1700.00	0.93733	0.99951	0.99955	0.99969	0.99949	
1710.00	0.93253	0.99954	0.99957	0.99971	0.99951	
1720.00	0.92180	0.99956	0.99959	0.99972	0.99954	
1730.00	0.91752	0.99958	0.99961	0.99973	0.99956	
1740.00	0.91381	0.99960	0.99963	0.99975	0.99958	
1750.00	0.91103	0.99962	0.99965	0.99976	0.99960	
1760.00	0.90745	0.99964	0.99966	0.99977	0.99962	
1770.00	0.89793	0.99966	0.99968	0.99978	0.99964	
1780.00	0.89443	0.99967	0.99970	0.99979	0.99966	
1790.00	0.89332	0.99969	0.99971	0.99980	0.99967	
1800.00	0.89073	0.99970	0.99973	0.99981	0.99969	
1810.00	0.87819	0.99972	0.99974	0.99982	0.99970	
1820.00	0.87762	0.99973	0.99975	0.99983	0.99972	
1830.00	0.87406	0.99975	0.99976	0.99984	0.99973	
1840.00	0.87010	0.99976	0.99978	0.99985	0.99975	
1850.00	0.86630	0.99977	0.99979	0.99985	0.99976	
1860.00	0.86545	0.99978	0.99980	0.99986	0.99977	
1870.00	0.86217	0.99979	0.99981	0.99987	0.99978	
1880.00	0.86094	0.99980	0.99982	0.99987	0.99979	
1890.00	0.85833	0.99981	0.99983	0.99988	0.99980	
1900.00	0.85742	0.99982	0.99983	0.99989	0.99981	
1910.00	0.85133	0.99983	0.99984	0.99989	0.99982	
1920.00	0.84961	0.99984	0.99985	0.99990	0.99983	
1930.00	0.84746	0.99985	0.99986	0.99990	0.99984	
1940.00	0.84452	0.99985	0.99986	0.99991	0.99985	
1950.00	0.84341	0.99986	0.99987	0.99991	0.99985	
1960.00	0.84159	0.99987	0.99988	0.99992	0.99986	
1970.00	0.83235	0.99987	0.99988	0.99992	0.99987	
1980.00	0.83046	0.99988	0.99989	0.99992	0.99987	
1990.00	0.82667	0.99989	0.99989	0.99993	0.99988	
2000.00	0.82105	0.99989	0.99990	0.99993	0.99989	
2010.00	0.82034	0.99990	0.99990	0.99993	0.99989	
2020.00	0.80553	0.99990	0.99991	0.99994	0.99990	
2030.00	0.80703	0.99991	0.99991	0.99994	0.99990	
2040.00	0.80495	0.99991	0.99992	0.99994	0.99991	
2050.00	0.80254	0.99992	0.99992	0.99995	0.99991	
2060.00	0.79695	0.99992	0.99993	0.99995	0.99992	
2070.00	0.79262	0.99992	0.99993	0.99995	0.99992	
