10.00	0.99907	0.99612	0.99807	0.99844	0.99752	
20.00	0.99912	0.99624	0.99815	0.99852	0.99764	
30.00	0.99907	0.99619	0.99807	0.99857	0.99775	
40.00	0.99911	0.99635	0.99813	0.99863	0.99783	
50.00	0.99916	0.99635	0.99813	0.99869	0.99790	
60.00	0.99916	0.99651	0.99822	0.99876	0.99790	
70.00	0.99915	0.99665	0.99799	0.99870	0.99801	
80.00	0.99915	0.99674	0.99809	0.99828	0.99805	
90.00	0.99920	0.99666	0.99818	0.99836	0.99814	
100.00	0.99923	0.99655	0.99813	0.99839	0.99823	
110.00	0.99927	0.99671	0.99819	0.99843	0.99819	
120.00	0.99929	0.99676	0.99785	0.99846	0.99825	
130.00	0.99932	0.99676	0.99795	0.99854	0.99826	
140.00	0.99935	0.99691	0.99758	0.99856	0.99834	
150.00	0.99938	0.99684	0.99769	0.99863	0.99821	
160.00	0.99941	0.99683	0.99771	0.99855	0.99830	
170.00	0.99944	0.99697	0.99780	0.99862	0.99838	
180.00	0.99946	0.99707	0.99788	0.99835	0.99834	
190.00	0.99944	0.99718	0.99791	0.99843	0.99835	
200.00	0.99935	0.99732	0.99780	0.99845	0.99843	
210.00	0.99917	0.99718	0.99791	0.99853	0.99850	
220.00	0.99920	0.99712	0.99790	0.99857	0.99856	
230.00	0.99912	0.99720	0.99795	0.99852	0.99857	
240.00	0.99916	0.99683	0.99805	0.99859	0.99844	
250.00	0.99917	0.99682	0.99796	0.99856	0.99848	
260.00	0.99921	0.99697	0.99806	0.99858	0.99856	
270.00	0.99925	0.99710	0.99798	0.99854	0.99862	
280.00	0.99878	0.99723	0.99807	0.99860	0.99868	
290.00	0.99884	0.99736	0.99816	0.99854	0.99857	
300.00	0.99890	0.99726	0.99825	0.99859	0.99864	
310.00	0.99888	0.99696	0.99828	0.99857	0.99871	
320.00	0.99879	0.99691	0.99835	0.99848	0.99877	
330.00	0.99884	0.99663	0.99841	0.99849	0.99883	
340.00	0.99889	0.99639	0.99849	0.99856	0.99873	
350.00	0.99895	0.99643	0.99851	0.99841	0.99879	
360.00	0.99900	0.99649	0.99859	0.99831	0.99873	
370.00	0.99905	0.99666	0.99853	0.99837	0.99880	
380.00	0.99906	0.99678	0.99850	0.99836	0.99879	
390.00	0.99911	0.99693	0.99857	0.99844	0.99879	
400.00	0.99915	0.99708	0.99858	0.99846	0.99885	
410.00	0.99919	0.99699	0.99851	0.99853	0.99874	
420.00	0.99923	0.99714	0.99847	0.99860	0.99879	
430.00	0.99909	0.99728	0.99834	0.99867	0.99885	
440.00	0.99913	0.99741	0.99831	0.99866	0.99854	
450.00	0.99917	0.99751	0.99836	0.99871	0.99860	
460.00	0.99917	0.99734	0.99842	0.99876	0.99864	
470.00	0.99920	0.99745	0.99845	0.99860	0.99855	
480.00	0.99924	0.99755	0.99839	0.99867	0.99862	
490.00	0.99911	0.99750	0.99836	0.99873	0.99869	
500.00	0.99912	0.99720	0.99844	0.99879	0.99875	
510.00	0.99815	0.99714	0.99851	0.99885	0.99881	
520.00	0.99777	0.99728	0.99858	0.99891	0.99887	
530.00	0.99693	0.99741	0.99865	0.99896	0.99893	
540.00	0.99436	0.99754	0.99872	0.99901	0.99898	
550.00	0.99349	0.99766	0.99874	0.99906	0.99903	
560.00	0.99269	0.99777	0.99880	0.99911	0.99908	
570.00	0.98978	0.99788	0.99886	0.99915	0.99912	
580.00	0.98791	0.99799	0.99891	0.99919	0.99916	
590.00	0.98678	0.99808	0.99896	0.99923	0.99921	
600.00	0.98606	0.99811	0.99890	0.99926	0.99924	
610.00	0.98516	0.99820	0.99896	0.99930	0.99928	
620.00	0.98355	0.99820	0.99901	0.99933	0.99929	
630.00	0.98220	0.99829	0.99906	0.99936	0.99933	
640.00	0.98010	0.99837	0.99907	0.99940	0.99936	
650.00	0.97880	0.99845	0.99910	0.99940	0.99939	
660.00	0.97562	0.99853	0.99914	0.99943	0.99942	
670.00	0.97378	0.99860	0.99918	0.99945	0.99945	
680.00	0.97152	0.99867	0.99922	0.99948	0.99947	
690.00	0.96900	0.99873	0.99926	0.99951	0.99942	
700.00	0.96542	0.99879	0.99930	0.99953	0.99945	
710.00	0.96256	0.99885	0.99933	0.99951	0.99947	
720.00	0.95782	0.99891	0.99936	0.99953	0.99950	
730.00	0.95261	0.99896	0.99939	0.99956	0.99952	
740.00	0.94981	0.99901	0.99942	0.99958	0.99955	
750.00	0.94223	0.99906	0.99945	0.99960	0.99957	
760.00	0.93151	0.99911	0.99948	0.99962	0.99959	
770.00	0.92273	0.99915	0.99950	0.99964	0.99961	
780.00	0.90840	0.99919	0.99953	0.99966	0.99963	
790.00	0.89989	0.99923	0.99955	0.99967	0.99965	
800.00	0.89182	0.99927	0.99957	0.99969	0.99967	
810.00	0.88441	0.99930	0.99959	0.99970	0.99968	
820.00	0.87189	0.99934	0.99961	0.99972	0.99970	
830.00	0.86111	0.99937	0.99963	0.99973	0.99971	
840.00	0.85110	0.99940	0.99965	0.99975	0.99973	
850.00	0.84484	0.99943	0.99967	0.99976	0.99974	
860.00	0.84099	0.99946	0.99968	0.99977	0.99975	
870.00	0.83695	0.99948	0.99970	0.99978	0.99976	
880.00	0.83413	0.99951	0.99971	0.99979	0.99978	
890.00	0.82355	0.99953	0.99973	0.99980	0.99979	
900.00	0.81423	0.99955	0.99974	0.99981	0.99980	
910.00	0.80279	0.99958	0.99975	0.99982	0.99981	
920.00	0.78998	0.99960	0.99977	0.99983	0.99982	
930.00	0.78083	0.99962	0.99978	0.99984	0.99983	
940.00	0.78228	0.99964	0.99979	0.99985	0.99983	
950.00	0.76630	0.99965	0.99980	0.99985	0.99984	
960.00	0.75690	0.99967	0.99981	0.99986	0.99985	
970.00	0.75438	0.99969	0.99982	0.99987	0.99986	
980.00	0.73810	0.99970	0.99983	0.99987	0.99986	
990.00	0.72899	0.99972	0.99983	0.99988	0.99987	
1000.00	0.73280	0.99973	0.99984	0.99989	0.99988	
1010.00	0.72472	0.99974	0.99985	0.99989	0.99988	
1020.00	0.72083	0.99976	0.99986	0.99990	0.99989	
1030.00	0.71525	0.99977	0.99986	0.99990	0.99989	
1040.00	0.70259	0.99978	0.99987	0.99991	0.99990	
1050.00	0.70453	0.99979	0.99988	0.99991	0.99990	
1060.00	0.69867	0.99980	0.99988	0.99992	0.99991	
1070.00	0.68923	0.99981	0.99989	0.99992	0.99991	
1080.00	0.69392	0.99982	0.99989	0.99992	0.99992	
1090.00	0.68634	0.99983	0.99990	0.99993	0.99992	
1100.00	0.68510	0.99984	0.99990	0.99993	0.99993	
1110.00	0.68343	0.99984	0.99991	0.99993	0.99993	
1120.00	0.67573	0.99985	0.99991	0.99994	0.99993	
1130.00	0.68068	0.99986	0.99992	0.99994	0.99994	
1140.00	0.66858	0.99987	0.99992	0.99994	0.99994	
1150.00	0.66759	0.99987	0.99993	0.99995	0.99994	
1160.00	0.66903	0.99988	0.99993	0.99995	0.99995	
1170.00	0.66606	0.99988	0.99993	0.99995	0.99995	
1180.00	0.66628	0.99989	0.99994	0.99995	0.99995	
1190.00	0.65564	0.99990	0.99994	0.99996	0.99995	
1200.00	0.64929	0.99990	0.99994	0.99996	0.99995	
1210.00	0.65395	0.99991	0.99995	0.99996	0.99996	
1220.00	0.64911	0.99991	0.99995	0.99996	0.99996	
1230.00	0.65650	0.99991	0.99995	0.99996	0.99996	
1240.00	0.65207	0.99992	0.99995	0.99997	0.99996	
1250.00	0.64842	0.99992	0.99996	0.99997	0.99997	
1260.00	0.65403	0.99993	0.99996	0.99997	0.99997	
1270.00	0.64462	0.99993	0.99996	0.99997	0.99997	
1280.00	0.61995	0.99993	0.99996	0.99997	0.99997	
1290.00	0.62491	0.99994	0.99996	0.99997	0.99997	
1300.00	0.63016	0.99994	0.99997	0.99997	0.99997	
1310.00	0.62646	0.99994	0.99997	0.99998	0.99997	
1320.00	0.63460	0.99995	0.99997	0.99998	0.99998	
1330.00	0.63870	0.99995	0.99997	0.99998	0.99998	
1340.00	0.64356	0.99995	0.99997	0.99998	0.99998	
1350.00	0.62683	0.99995	0.99997	0.99998	0.99998	
1360.00	0.62133	0.99996	0.99997	0.99998	0.99998	
1370.00	0.62313	0.99996	0.99998	0.99998	0.99998	
1380.00	0.61777	0.99996	0.99998	0.99998	0.99998	
1390.00	0.61133	0.99996	0.99998	0.99998	0.99998	
1400.00	0.61247	0.99996	0.99998	0.99998	0.99998	
1410.00	0.60987	0.99997	0.99998	0.99999	0.99998	
1420.00	0.61078	0.99997	0.99998	0.99999	0.99999	
1430.00	0.60014	0.99997	0.99998	0.99999	0.99999	
1440.00	0.59720	0.99997	0.99998	0.99999	0.99999	
1450.00	0.59461	0.99997	0.99998	0.99999	0.99999	
1460.00	0.60667	0.99997	0.99998	0.99999	0.99999	
1470.00	0.61405	0.99997	0.99999	0.99999	0.99999	
1480.00	0.61840	0.99998	0.99999	0.99999	0.99999	
1490.00	0.62521	0.99998	0.99999	0.99999	0.99999	
1500.00	0.59088	0.99998	0.99999	0.99999	0.99999	
1510.00	0.59287	0.99998	0.99999	0.99999	0.99999	
1520.00	0.59924	0.99998	0.99999	0.99999	0.99999	
1530.00	0.60870	0.99998	0.99999	0.99999	0.99999	
1540.00	0.60705	0.99998	0.99999	0.99999	0.99999	
1550.00	0.60830	0.99998	0.99999	0.99999	0.99999	
1560.00	0.60264	0.99998	0.99999	0.99999	0.99999	
1570.00	0.59550	0.99998	0.99999	0.99999	0.99999	
1580.00	0.59800	0.99999	0.99999	0.99999	0.99999	
1590.00	0.60309	0.99999	0.99999	0.99999	0.99999	
1600.00	0.59741	0.99999	0.99999	0.99999	0.99999	
1610.00	0.57634	0.99999	0.99999	0.99999	0.99999	
1620.00	0.57735	0.99999	0.99999	1.00000	0.99999	
1630.00	0.57320	0.99999	0.99999	1.00000	1.00000	
1640.00	0.57821	0.99999	0.99999	1.00000	1.00000	
1650.00	0.58514	0.99999	0.99999	1.00000	1.00000	
1660.00	0.59029	0.99999	0.99999	1.00000	1.00000	
1670.00	0.59025	0.99999	0.99999	1.00000	1.00000	
1680.00	0.58804	0.99999	1.00000	1.00000	1.00000	
1690.00	0.57716	0.99999	1.00000	1.00000	1.00000	
1700.00	0.58256	0.99999	1.00000	1.00000	1.00000	
