10.00	0.23226	0.22491	0.22721	0.22669	0.22769	
20.00	0.23231	0.22485	0.22708	0.22676	0.22767	
30.00	0.23210	0.22491	0.22715	0.22658	0.22783	
40.00	0.23201	0.22489	0.22699	0.22643	0.22813	
50.00	0.23227	0.22494	0.22681	0.22639	0.22800	
60.00	0.23248	0.22495	0.22678	0.22624	0.22805	
70.00	0.23254	0.22484	0.22682	0.22655	0.22786	
80.00	0.23232	0.22480	0.22713	0.22645	0.22789	
90.00	0.23245	0.22491	0.22705	0.22652	0.22811	
100.00	0.23261	0.22478	0.22690	0.22644	0.22792	
110.00	0.23263	0.22473	0.22675	0.22691	0.22792	
120.00	0.23280	0.22466	0.22675	0.22693	0.22774	
130.00	0.23258	0.22452	0.22705	0.22681	0.22770	
140.00	0.23248	0.22439	0.22687	0.22678	0.22762	
150.00	0.23252	0.22441	0.22696	0.22667	0.22751	
160.00	0.23252	0.22425	0.22684	0.22649	0.22738	
170.00	0.23233	0.22414	0.22681	0.22663	0.22733	
180.00	0.23227	0.22398	0.22671	0.22659	0.22745	
190.00	0.23233	0.22384	0.22680	0.22652	0.22740	
200.00	0.23252	0.22386	0.22682	0.22648	0.22722	
210.00	0.23262	0.22370	0.22692	0.22636	0.22743	
220.00	0.23302	0.22382	0.22674	0.22618	0.22768	
230.00	0.23290	0.22385	0.22657	0.22622	0.22827	
240.00	0.23303	0.22411	0.22689	0.22613	0.22840	
250.00	0.23293	0.22398	0.22695	0.22599	0.22867	
260.00	0.23289	0.22402	0.22683	0.22598	0.22882	
270.00	0.23300	0.22401	0.22671	0.22583	0.22894	
280.00	0.23290	0.22411	0.22676	0.22566	0.22897	
290.00	0.23303	0.22423	0.22671	0.22549	0.22893	
300.00	0.23314	0.22425	0.22681	0.22535	0.22887	
310.00	0.23315	0.22429	0.22700	0.22519	0.22898	
320.00	0.23334	0.22450	0.22685	0.22526	0.22879	
330.00	0.23318	0.22441	0.22674	0.22530	0.22901	
340.00	0.23296	0.22481	0.22663	0.22529	0.22882	
350.00	0.23282	0.22496	0.22669	0.22580	0.22882	
360.00	0.23271	0.22480	0.22723	0.22612	0.22878	
370.00	0.23268	0.22481	0.22742	0.22609	0.22858	
380.00	0.23298	0.22467	0.22724	0.22617	0.22863	
390.00	0.23281	0.22450	0.22723	0.22610	0.22845	
400.00	0.23272	0.22466	0.22719	0.22693	0.22868	
410.00	0.23294	0.22451	0.22733	0.22688	0.22854	
420.00	0.23289	0.22455	0.22752	0.22682	0.22835	
430.00	0.23292	0.22438	0.22787	0.22684	0.22819	
440.00	0.23305	0.22447	0.22807	0.22675	0.22815	
450.00	0.23324	0.22441	0.22809	0.22673	0.22810	
460.00	0.23342	0.22425	0.22797	0.22661	0.22803	
470.00	0.23322	0.22416	0.22824	0.22689	0.22813	
480.00	0.23314	0.22411	0.22806	0.22671	0.22826	
490.00	0.23300	0.22395	0.22799	0.22684	0.22831	
500.00	0.23344	0.22379	0.22781	0.22676	0.22820	
510.00	0.23564	0.22365	0.22780	0.22659	0.22808	
520.00	0.24279	0.22349	0.22762	0.22641	0.22789	
530.00	0.25229	0.22333	0.22744	0.22623	0.22770	
540.00	0.26219	0.22318	0.22725	0.22606	0.22752	
550.00	0.27620	0.22302	0.22707	0.22589	0.22734	
560.00	0.28398	0.22287	0.22689	0.22571	0.22716	
570.00	0.28737	0.22272	0.22671	0.22554	0.22698	
580.00	0.28969	0.22257	0.22654	0.22537	0.22680	
590.00	0.29297	0.22242	0.22636	0.22521	0.22662	
600.00	0.29548	0.22227	0.22618	0.22504	0.22644	
610.00	0.29850	0.22212	0.22601	0.22487	0.22627	
620.00	0.30192	0.22198	0.22584	0.22476	0.22609	
630.00	0.30498	0.22184	0.22567	0.22459	0.22592	
640.00	0.30823	0.22196	0.22553	0.22452	0.22575	
650.00	0.30900	0.22181	0.22549	0.22435	0.22557	
660.00	0.31114	0.22166	0.22533	0.22419	0.22541	
670.00	0.31312	0.22160	0.22516	0.22403	0.22529	
680.00	0.31650	0.22146	0.22508	0.22400	0.22512	
690.00	0.32131	0.22131	0.22491	0.22384	0.22495	
700.00	0.32549	0.22117	0.22475	0.22368	0.22479	
710.00	0.32909	0.22103	0.22459	0.22352	0.22462	
720.00	0.33197	0.22089	0.22458	0.22337	0.22446	
730.00	0.33652	0.22075	0.22443	0.22334	0.22430	
740.00	0.33920	0.22062	0.22427	0.22318	0.22429	
750.00	0.34219	0.22048	0.22411	0.22315	0.22425	
760.00	0.34667	0.22034	0.22403	0.22299	0.22409	
770.00	0.35037	0.22030	0.22387	0.22284	0.22400	
780.00	0.35356	0.22016	0.22371	0.22269	0.22387	
790.00	0.35696	0.22003	0.22355	0.22254	0.22371	
800.00	0.36440	0.21989	0.22339	0.22239	0.22355	
810.00	0.36880	0.21976	0.22324	0.22224	0.22339	
820.00	0.37585	0.21963	0.22308	0.22209	0.22324	
830.00	0.37950	0.21950	0.22293	0.22194	0.22308	
840.00	0.38288	0.21937	0.22278	0.22180	0.22295	
850.00	0.38692	0.21924	0.22263	0.22165	0.22280	
860.00	0.39058	0.21911	0.22248	0.22151	0.22265	
870.00	0.39199	0.21899	0.22233	0.22137	0.22250	
880.00	0.39507	0.21886	0.22218	0.22132	0.22235	
890.00	0.39874	0.21874	0.22203	0.22118	0.22229	
900.00	0.40444	0.21861	0.22189	0.22104	0.22214	
910.00	0.40997	0.21849	0.22174	0.22090	0.22200	
920.00	0.41450	0.21836	0.22160	0.22076	0.22185	
930.00	0.41925	0.21824	0.22145	0.22062	0.22171	
940.00	0.42530	0.21812	0.22131	0.22048	0.22156	
950.00	0.43090	0.21800	0.22117	0.22035	0.22142	
960.00	0.43616	0.21788	0.22103	0.22021	0.22128	
970.00	0.44126	0.21776	0.22089	0.22008	0.22113	
980.00	0.44581	0.21764	0.22075	0.21994	0.22099	
990.00	0.44939	0.21753	0.22061	0.21981	0.22085	
1000.00	0.45292	0.21741	0.22047	0.21968	0.22072	
1010.00	0.45742	0.21729	0.22034	0.21955	0.22058	
1020.00	0.46149	0.21718	0.22020	0.21942	0.22044	
1030.00	0.46807	0.21707	0.22007	0.21929	0.22030	
1040.00	0.47470	0.21695	0.21994	0.21916	0.22017	
1050.00	0.47895	0.21684	0.21980	0.21903	0.22004	
1060.00	0.48085	0.21673	0.21967	0.21891	0.21990	
1070.00	0.48557	0.21662	0.21954	0.21878	0.21977	
1080.00	0.48850	0.21651	0.21941	0.21866	0.21964	
1090.00	0.49173	0.21640	0.21928	0.21853	0.21951	
1100.00	0.49543	0.21629	0.21915	0.21841	0.21938	
1110.00	0.49985	0.21618	0.21903	0.21829	0.21925	
1120.00	0.50459	0.21607	0.21890	0.21817	0.21912	
1130.00	0.50941	0.21596	0.21877	0.21805	0.21900	
1140.00	0.51278	0.21586	0.21865	0.21793	0.21887	
1150.00	0.51371	0.21575	0.21853	0.21781	0.21874	
1160.00	0.51710	0.21565	0.21840	0.21769	0.21862	
1170.00	0.51735	0.21554	0.21828	0.21757	0.21850	
1180.00	0.51950	0.21544	0.21816	0.21745	0.21837	
1190.00	0.52172	0.21534	0.21804	0.21734	0.21825	
1200.00	0.52532	0.21524	0.21792	0.21722	0.21813	
1210.00	0.53166	0.21514	0.21780	0.21711	0.21801	
1220.00	0.53788	0.21504	0.21768	0.21699	0.21789	
1230.00	0.53965	0.21494	0.21756	0.21688	0.21777	
1240.00	0.54332	0.21484	0.21745	0.21677	0.21765	
1250.00	0.54972	0.21474	0.21733	0.21666	0.21754	
1260.00	0.55507	0.21464	0.21722	0.21655	0.21742	
1270.00	0.56001	0.21454	0.21710	0.21644	0.21730	
1280.00	0.56266	0.21445	0.21699	0.21633	0.21719	
1290.00	0.56499	0.21435	0.21687	0.21622	0.21707	
1300.00	0.56838	0.21425	0.21676	0.21611	0.21696	
1310.00	0.57125	0.21416	0.21665	0.21600	0.21685	
1320.00	0.57760	0.21407	0.21654	0.21590	0.21674	
1330.00	0.58043	0.21397	0.21643	0.21579	0.21662	
1340.00	0.58231	0.21388	0.21632	0.21569	0.21651	
1350.00	0.58459	0.21379	0.21621	0.21558	0.21640	
1360.00	0.58851	0.21370	0.21611	0.21548	0.21630	
1370.00	0.59008	0.21360	0.21600	0.21538	0.21619	
1380.00	0.59273	0.21351	0.21589	0.21528	0.21608	
1390.00	0.59619	0.21342	0.21579	0.21517	0.21597	
1400.00	0.59860	0.21334	0.21568	0.21507	0.21587	
1410.00	0.60125	0.21325	0.21558	0.21497	0.21576	
1420.00	0.60432	0.21316	0.21547	0.21487	0.21566	
1430.00	0.60361	0.21307	0.21537	0.21477	0.21555	
1440.00	0.60785	0.21299	0.21527	0.21468	0.21545	
1450.00	0.60775	0.21290	0.21517	0.21458	0.21535	
1460.00	0.60990	0.21282	0.21507	0.21457	0.21524	
1470.00	0.60966	0.21273	0.21497	0.21447	0.21514	
1480.00	0.60936	0.21265	0.21487	0.21437	0.21504	
1490.00	0.61082	0.21256	0.21477	0.21428	0.21494	
1500.00	0.61487	0.21248	0.21467	0.21418	0.21484	
1510.00	0.61940	0.21240	0.21457	0.21409	0.21474	
1520.00	0.62272	0.21231	0.21448	0.21399	0.21465	
1530.00	0.62474	0.21223	0.21438	0.21390	0.21455	
1540.00	0.62572	0.21215	0.21428	0.21381	0.21445	
1550.00	0.62995	0.21207	0.21419	0.21372	0.21436	
1560.00	0.63476	0.21199	0.21410	0.21363	0.21426	
1570.00	0.63547	0.21191	0.21400	0.21354	0.21417	
1580.00	0.63682	0.21183	0.21391	0.21345	0.21407	
1590.00	0.64175	0.21175	0.21382	0.21336	0.21398	
1600.00	0.64284	0.21167	0.21372	0.21327	0.21389	
1610.00	0.64227	0.21160	0.21363	0.21318	0.21379	
1620.00	0.64436	0.21152	0.21354	0.21309	0.21370	
1630.00	0.64525	0.21144	0.21345	0.21301	0.21361	
1640.00	0.64775	0.21137	0.21336	0.21292	0.21352	
1650.00	0.65109	0.21129	0.21327	0.21283	0.21343	
1660.00	0.65257	0.21122	0.21319	0.21275	0.21334	
1670.00	0.65300	0.21114	0.21310	0.21266	0.21325	
1680.00	0.65336	0.21107	0.21301	0.21258	0.21316	
1690.00	0.65422	0.21099	0.21292	0.21250	0.21308	
1700.00	0.65544	0.21092	0.21284	0.21241	0.21299	
1710.00	0.65680	0.21085	0.21275	0.21233	0.21290	
1720.00	0.66199	0.21078	0.21267	0.21225	0.21282	
1730.00	0.66304	0.21070	0.21258	0.21217	0.21273	
1740.00	0.66286	0.21063	0.21250	0.21209	0.21265	
1750.00	0.66725	0.21056	0.21242	0.21201	0.21256	
1760.00	0.66760	0.21049	0.21234	0.21193	0.21248	
1770.00	0.67062	0.21042	0.21225	0.21185	0.21240	
1780.00	0.67368	0.21035	0.21217	0.21177	0.21232	
1790.00	0.67558	0.21029	0.21209	0.21169	0.21223	
1800.00	0.67700	0.21022	0.21201	0.21161	0.21215	
1810.00	0.67692	0.21015	0.21193	0.21153	0.21207	
1820.00	0.67614	0.21008	0.21185	0.21146	0.21199	
1830.00	0.67636	0.21001	0.21177	0.21138	0.21191	
1840.00	0.67580	0.20995	0.21170	0.21131	0.21183	
1850.00	0.67842	0.20988	0.21162	0.21123	0.21175	
1860.00	0.68184	0.20982	0.21154	0.21116	0.21168	
1870.00	0.68274	0.20975	0.21146	0.21108	0.21160	
1880.00	0.68502	0.20969	0.21139	0.21101	0.21152	
1890.00	0.68468	0.20962	0.21131	0.21094	0.21145	
1900.00	0.68622	0.20956	0.21124	0.21086	0.21137	
1910.00	0.68624	0.20949	0.21116	0.21079	0.21129	
1920.00	0.68745	0.20943	0.21109	0.21072	0.21122	
1930.00	0.68890	0.20937	0.21101	0.21065	0.21114	
1940.00	0.69109	0.20931	0.21094	0.21058	0.21107	
1950.00	0.69143	0.20924	0.21087	0.21051	0.21100	
1960.00	0.69247	0.20918	0.21080	0.21044	0.21092	
1970.00	0.69275	0.20912	0.21072	0.21037	0.21085	
1980.00	0.69674	0.20906	0.21065	0.21030	0.21078	
1990.00	0.69635	0.20900	0.21058	0.21023	0.21071	
2000.00	0.69613	0.20894	0.21051	0.21016	0.21064	
2010.00	0.69620	0.20888	0.21044	0.21010	0.21057	
2020.00	0.69588	0.20882	0.21037	0.21003	0.21050	
2030.00	0.70106	0.20876	0.21030	0.20996	0.21043	
2040.00	0.70064	0.20871	0.21024	0.20990	0.21036	
2050.00	0.70291	0.20865	0.21017	0.20983	0.21029	
